# Parameters of the model
#  mass:		    261.00 u
#  charge:	      1.00 e
#  dipole:	      4.74 D
#  B:		    503.65 MHz
#  omega_rho:	      1.40 MHz
#  omega_z:	      0.13 MHz

# Basis truncation:	|34,4,4;2,2>
# omega_1:	      0.23 MHz
# omega_3/5:	      1.39 MHz
# Basis size:		44064

# Active terms of the Hamiltionian:
# 	Nomal modes:	1
# 	T_rot:      	1
# 	V_qd^{(0)}: 	1
# 	V_qd^{(1)}: 	1
# 	V_dd^{(0)}: 	1

# Results of the diagonalisation

# 100 smallest eigenvalues
 6.690614700 7.682451725 8.674312592 9.681224823 10.713322639 11.829592705 12.752376556 12.863861084 12.893538475 13.743520737 13.874979973 13.887250900 14.914167404 14.918564796 14.944940567 15.665477753 15.800582886 15.837312698 16.843051910 16.886623383 17.030950546 17.799570084 17.911584854 17.934843063 18.427909851 18.944616318 19.083312988 19.163072586 19.168289185 19.198183060 19.670949936 19.911952972 20.088994980 20.095020294 20.144588470 20.168872833 20.692979813 20.776681900 21.089435577 21.119148254 21.129896164 21.234582901 21.879865646 21.984107971 22.060707092 22.101448059 22.187129974 22.219646454 23.018964767 23.053672791 23.115863800 23.178758621 23.293863297 23.343982697 23.686208725 23.854639053 23.897039413 23.987636566 24.335966110 24.423793793 24.426769257 24.933525085 25.086502075 25.123010635 25.206304550 25.209001541 25.279413223 25.279550552 25.340696335 25.375347137 25.723150253 25.726295471 25.812343597 25.915105820 25.999237061 26.112644196 26.202234268 26.268865585 26.408905029 26.459426880 26.555421829 26.841833115 26.866046906 26.905521393 27.082355499 27.240812302 27.311607361 27.365854263 27.421867371 27.492303848 27.761930466 27.793794632 28.045003891 28.092336655 28.171627045 28.198596954 28.249456406 28.389844894 28.502208710 28.541114807

# Ground state and the lowest excitations:
 | 0> = ( 1.0000000, 0.0000000)|   0, 0, 0;0,  0;0,  0> +
        ( 0.0000499,-0.0000000)|   0, 0, 0;0,  0;1,  0> +
        (-0.0000499,-0.0000000)|   0, 0, 0;1,  0;0,  0> +
         ...
 | 1> = ( 1.0000002, 0.0000000)|   1, 0, 0;0,  0;0,  0> +
        (-0.0000499, 0.0000000)|   1, 0, 0;1,  0;0,  0> +
        ( 0.0000499, 0.0000000)|   1, 0, 0;0,  0;1,  0> +
        ( 0.0000036,-0.0000000)|   2, 0, 0;0,  0;0,  0> +
         ...
 | 2> = (-1.0000002, 0.0000000)|   2, 0, 0;0,  0;0,  0> +
        ( 0.0003131, 0.0000000)|   0, 2, 0;0,  0;0,  0> +
        ( 0.0003131,-0.0000000)|   0, 0, 2;0,  0;0,  0> +
        (-0.0000499,-0.0000000)|   2, 0, 0;0,  0;1,  0> +
        ( 0.0000499, 0.0000000)|   2, 0, 0;1,  0;0,  0> +
        ( 0.0000036, 0.0000000)|   1, 0, 0;0,  0;0,  0> +
         ...
 | 3> = (-0.9999795,-0.0000000)|   3, 0, 0;0,  0;0,  0> +
        (-0.0044896, 0.0000000)|   0, 1, 0;0,  0;0,  0> +
        ( 0.0000000, 0.0043485)|   0, 0, 1;0,  0;0,  0> +
        ( 0.0009097, 0.0000000)|   1, 0, 2;0,  0;0,  0> +
        ( 0.0009062,-0.0000000)|   1, 2, 0;0,  0;0,  0> +
        ( 0.0000499, 0.0000000)|   3, 0, 0;1,  0;0,  0> +
        (-0.0000499,-0.0000000)|   3, 0, 0;0,  0;1,  0> +
        ( 0.0000162, 0.0000000)|   4, 0, 0;0,  0;0,  0> +
        ( 0.0000037,-0.0000000)|   0, 2, 0;0,  0;0,  0> +
        (-0.0000029, 0.0000000)|   0, 0, 2;0,  0;0,  0> +
         ...
 | 4> = ( 0.9999915, 0.0000000)|   4, 0, 0;0,  0;0,  0> +
        (-0.0000000,-0.0021454)|   1, 0, 1;0,  0;0,  0> +
        (-0.0021171,-0.0000000)|   1, 1, 0;0,  0;0,  0> +
        ( 0.0015996,-0.0000000)|   1, 0, 2;0,  0;0,  0> +
        (-0.0012731,-0.0000000)|   2, 2, 0;0,  0;0,  0> +
        (-0.0012224, 0.0000000)|   1, 2, 0;0,  0;0,  0> +
        (-0.0011222, 0.0000000)|   2, 0, 2;0,  0;0,  0> +
        ( 0.0004911, 0.0000000)|   0, 2, 2;0,  0;0,  0> +
        (-0.0000820,-0.0000000)|   0, 2, 0;0,  0;0,  0> +
        ( 0.0000819, 0.0000000)|   0, 0, 2;0,  0;0,  0> +
        ( 0.0000499,-0.0000000)|   4, 0, 0;0,  0;1,  0> +
        (-0.0000499, 0.0000000)|   4, 0, 0;1,  0;0,  0> +
        ( 0.0000166, 0.0000000)|   3, 0, 0;0,  0;0,  0> +
        (-0.0000000, 0.0000130)|   0, 0, 1;0,  0;0,  0> +
        (-0.0000130,-0.0000000)|   0, 1, 0;0,  0;0,  0> +
        ( 0.0000000, 0.0000031)|   0, 0, 3;0,  0;0,  0> +
        ( 0.0000021, 0.0000000)|   0, 3, 0;0,  0;0,  0> +
        ( 0.0000013, 0.0000000)|   0, 1, 2;0,  0;0,  0> +
         ...
 | 5> = (-0.9999402,-0.0001608)|   5, 0, 0;0,  0;0,  0> +
        (-0.0000121,-0.0061273)|   2, 0, 1;0,  0;0,  0> +
        (-0.0051449, 0.0000002)|   1, 1, 0;0,  0;0,  0> +
        ( 0.0000002, 0.0051146)|   1, 0, 1;0,  0;0,  0> +
        (-0.0046276,-0.0000080)|   2, 1, 0;0,  0;0,  0> +
        (-0.0000011, 0.0018462)|   0, 1, 1;0,  0;0,  0> +
        (-0.0009820,-0.0000003)|   2, 2, 2;0,  0;0,  0> +
        ( 0.0009431, 0.0000000)|   1, 0, 2;0,  0;0,  0> +
        (-0.0009416,-0.0000000)|   1, 2, 0;0,  0;0,  0> +
        ( 0.0008956, 0.0000002)|   2, 2, 0;0,  0;0,  0> +
        (-0.0000049,-0.0007346)|   0, 0, 3;0,  0;0,  0> +
        ( 0.0004987,-0.0000000)|   0, 2, 2;0,  0;0,  0> +
        ( 0.0000002,-0.0004779)|   0, 2, 1;0,  0;0,  0> +
        (-0.0003479,-0.0000113)|   0, 1, 2;0,  0;0,  0> +
        (-0.0003259, 0.0000018)|   0, 3, 0;0,  0;0,  0> +
        (-0.0001759,-0.0000002)|   2, 0, 2;0,  0;0,  0> +
        (-0.0000998, 0.0000002)|   1, 2, 2;0,  0;0,  0> +
        ( 0.0000578,-0.0000002)|   3, 2, 0;0,  0;0,  0> +
        (-0.0000499,-0.0000000)|   5, 0, 0;0,  0;1,  0> +
        ( 0.0000499, 0.0000000)|   5, 0, 0;1,  0;0,  0> +
        ( 0.0000483, 0.0000002)|   3, 0, 2;0,  0;0,  0> +
        ( 0.0000165, 0.0000000)|   0, 2, 0;0,  0;0,  0> +
        (-0.0000163,-0.0000000)|   0, 0, 2;0,  0;0,  0> +
        (-0.0000132, 0.0000001)|   0, 3, 2;0,  0;0,  0> +
        ( 0.0000002,-0.0000130)|   0, 2, 3;0,  0;0,  0> +
        (-0.0000022,-0.0000000)|   4, 0, 0;0,  0;0,  0> +
         ...
 | 6> = ( 0.9999906, 0.0007567)|   6, 0, 0;0,  0;0,  0> +
        ( 0.0025514,-0.0000046)|   3, 1, 0;0,  0;0,  0> +
        (-0.0000079, 0.0023565)|   3, 0, 1;0,  0;0,  0> +
        (-0.0000019,-0.0015063)|   0, 3, 1;0,  0;0,  0> +
        (-0.0000427, 0.0009317)|   0, 2, 3;0,  0;0,  0> +
        (-0.0008260,-0.0000033)|   3, 0, 2;0,  0;0,  0> +
        ( 0.0008242,-0.0000000)|   1, 2, 2;0,  0;0,  0> +
        (-0.0007526,-0.0000005)|   2, 0, 2;0,  0;0,  0> +
        ( 0.0007506, 0.0000005)|   2, 2, 0;0,  0;0,  0> +
        ( 0.0002121, 0.0006460)|   0, 2, 1;0,  0;0,  0> +
        (-0.0001821,-0.0005567)|   0, 0, 3;0,  0;0,  0> +
        (-0.0005160, 0.0000041)|   3, 2, 0;0,  0;0,  0> +
        ( 0.0004463,-0.0000415)|   0, 3, 0;0,  0;0,  0> +
        (-0.0000023,-0.0004316)|   0, 1, 3;0,  0;0,  0> +
        (-0.0000000,-0.0003161)|   0, 3, 3;0,  0;0,  0> +
        (-0.0000005, 0.0002487)|   1, 0, 3;0,  0;0,  0> +
        ( 0.0000001,-0.0001844)|   0, 1, 1;0,  0;0,  0> +
        ( 0.0001840,-0.0000020)|   4, 0, 2;0,  0;0,  0> +
        ( 0.0001692,-0.0000426)|   0, 3, 2;0,  0;0,  0> +
        ( 0.0001696, 0.0000008)|   1, 3, 0;0,  0;0,  0> +
        ( 0.0001621,-0.0000303)|   0, 1, 2;0,  0;0,  0> +
        ( 0.0001501,-0.0000000)|   0, 2, 2;0,  0;0,  0> +
        ( 0.0001244,-0.0000015)|   1, 1, 2;0,  0;0,  0> +
        (-0.0000905, 0.0000006)|   3, 2, 2;0,  0;0,  0> +
        ( 0.0000027, 0.0000868)|   1, 2, 1;0,  0;0,  0> +
        (-0.0000499,-0.0000000)|   6, 0, 0;1,  0;0,  0> +
        ( 0.0000499, 0.0000000)|   6, 0, 0;0,  0;1,  0> +
        ( 0.0000013, 0.0000497)|   2, 0, 1;0,  0;0,  0> +
        (-0.0000490, 0.0000012)|   2, 1, 0;0,  0;0,  0> +
        ( 0.0000001,-0.0000246)|   1, 1, 1;0,  0;0,  0> +
        ( 0.0000221, 0.0000014)|   4, 2, 0;0,  0;0,  0> +
        (-0.0000172,-0.0000000)|   2, 2, 2;0,  0;0,  0> +
        (-0.0000128, 0.0000000)|   2, 3, 0;0,  0;0,  0> +
        (-0.0000000,-0.0000117)|   2, 0, 3;0,  0;0,  0> +
        ( 0.0000000,-0.0000075)|   2, 2, 1;0,  0;0,  0> +
        (-0.0000056, 0.0000000)|   2, 1, 2;0,  0;0,  0> +
        ( 0.0000000, 0.0000043)|   1, 3, 3;0,  0;0,  0> +
        (-0.0000000,-0.0000022)|   1, 0, 1;0,  0;0,  0> +
        ( 0.0000021,-0.0000000)|   1, 1, 0;0,  0;0,  0> +
        ( 0.0000012, 0.0000000)|   8, 0, 0;0,  0;0,  0> +
        (-0.0000011,-0.0000000)|   4, 1, 0;0,  0;0,  0> +
         ...
 | 7> = ( 0.7291709,-0.0000000)|   0, 1, 0;0,  0;0,  0> +
        (-0.0000000,-0.6842782)|   0, 0, 1;0,  0;0,  0> +
        (-0.0062420, 0.0000000)|   3, 0, 0;0,  0;0,  0> +
        ( 0.0043536,-0.0000000)|   1, 0, 2;0,  0;0,  0> +
        ( 0.0040509, 0.0000000)|   1, 2, 0;0,  0;0,  0> +
        (-0.0000412, 0.0000000)|   0, 0, 2;0,  0;0,  0> +
        ( 0.0000407,-0.0000000)|   0, 2, 0;0,  0;0,  0> +
        (-0.0000364, 0.0000000)|   0, 1, 0;1,  0;0,  0> +
        ( 0.0000364,-0.0000000)|   0, 1, 0;0,  0;1,  0> +
        ( 0.0000000, 0.0000341)|   0, 0, 1;1,  0;0,  0> +
        ( 0.0000000,-0.0000341)|   0, 0, 1;0,  0;1,  0> +
        ( 0.0000163, 0.0000000)|   4, 0, 0;0,  0;0,  0> +
        (-0.0000020,-0.0000000)|   2, 2, 0;0,  0;0,  0> +
        (-0.0000020, 0.0000000)|   2, 0, 2;0,  0;0,  0> +
        (-0.0000015,-0.0000000)|   1, 1, 0;0,  0;0,  0> +
         ...
 | 8> = (-0.0000000,-0.7291964)|   0, 0, 1;0,  0;0,  0> +
        (-0.6843043,-0.0000000)|   0, 1, 0;0,  0;0,  0> +
        ( 0.0001391,-0.0000000)|   1, 0, 2;0,  0;0,  0> +
        ( 0.0001294, 0.0000000)|   1, 2, 0;0,  0;0,  0> +
        (-0.0000986, 0.0000000)|   3, 0, 0;0,  0;0,  0> +
        ( 0.0000000, 0.0000364)|   0, 0, 1;1,  0;0,  0> +
        ( 0.0000000,-0.0000364)|   0, 0, 1;0,  0;1,  0> +
        ( 0.0000341, 0.0000000)|   0, 1, 0;1,  0;0,  0> +
        (-0.0000341,-0.0000000)|   0, 1, 0;0,  0;1,  0> +
        ( 0.0000038,-0.0000000)|   0, 2, 0;0,  0;0,  0> +
        ( 0.0000038, 0.0000000)|   0, 0, 2;0,  0;0,  0> +
         ...
 | 9> = ( 0.9997978, 0.0105788)|   7, 0, 0;0,  0;0,  0> +
        (-0.0111720, 0.0000113)|   4, 1, 0;0,  0;0,  0> +
        (-0.0000515,-0.0101388)|   4, 0, 1;0,  0;0,  0> +
        ( 0.0033375, 0.0000010)|   4, 0, 2;0,  0;0,  0> +
        (-0.0033352,-0.0000016)|   4, 2, 0;0,  0;0,  0> +
        ( 0.0001641, 0.0031305)|   3, 0, 1;0,  0;0,  0> +
        ( 0.0000062,-0.0031291)|   1, 1, 1;0,  0;0,  0> +
        (-0.0030751, 0.0001637)|   3, 1, 0;0,  0;0,  0> +
        (-0.0015575,-0.0000401)|   0, 1, 2;0,  0;0,  0> +
        ( 0.0001612,-0.0014439)|   1, 1, 3;0,  0;0,  0> +
        ( 0.0012674, 0.0000077)|   3, 2, 0;0,  0;0,  0> +
        (-0.0010793, 0.0000102)|   1, 3, 2;0,  0;0,  0> +
        ( 0.0008016,-0.0000088)|   3, 0, 2;0,  0;0,  0> +
        ( 0.0000093,-0.0007370)|   1, 2, 3;0,  0;0,  0> +
        (-0.0001604, 0.0006501)|   1, 3, 1;0,  0;0,  0> +
        ( 0.0000888, 0.0006273)|   0, 0, 3;0,  0;0,  0> +
        ( 0.0000009,-0.0004876)|   1, 0, 3;0,  0;0,  0> +
        (-0.0000001,-0.0004556)|   0, 3, 1;0,  0;0,  0> +
        ( 0.0004033, 0.0000215)|   0, 3, 2;0,  0;0,  0> +
        (-0.0003806,-0.0000021)|   4, 2, 2;0,  0;0,  0> +
        ( 0.0003679, 0.0000024)|   2, 3, 2;0,  0;0,  0> +
        (-0.0000006, 0.0002920)|   2, 2, 3;0,  0;0,  0> +
        (-0.0000088,-0.0002342)|   1, 2, 1;0,  0;0,  0> +
        (-0.0002254,-0.0000057)|   1, 1, 2;0,  0;0,  0> +
        ( 0.0000001, 0.0002119)|   0, 1, 3;0,  0;0,  0> +
        ( 0.0002012,-0.0000000)|   2, 2, 2;0,  0;0,  0> +
        (-0.0000957, 0.0001704)|   0, 2, 1;0,  0;0,  0> +
        (-0.0000000,-0.0001811)|   0, 3, 3;0,  0;0,  0> +
        (-0.0001711, 0.0000005)|   1, 3, 0;0,  0;0,  0> +
        ( 0.0001594, 0.0000000)|   3, 2, 2;0,  0;0,  0> +
        ( 0.0001323, 0.0000564)|   0, 3, 0;0,  0;0,  0> +
        (-0.0000000,-0.0000940)|   1, 3, 3;0,  0;0,  0> +
        (-0.0000711, 0.0000038)|   2, 3, 0;0,  0;0,  0> +
        (-0.0000002, 0.0000647)|   2, 3, 3;0,  0;0,  0> +
        (-0.0000604, 0.0000051)|   2, 1, 2;0,  0;0,  0> +
        (-0.0000499,-0.0000005)|   7, 0, 0;1,  0;0,  0> +
        ( 0.0000499, 0.0000005)|   7, 0, 0;0,  0;1,  0> +
        ( 0.0000105,-0.0000450)|   2, 0, 3;0,  0;0,  0> +
        ( 0.0000215, 0.0000152)|   0, 2, 3;0,  0;0,  0> +
        (-0.0000000,-0.0000243)|   2, 1, 3;0,  0;0,  0> +
        (-0.0000210,-0.0000000)|   1, 2, 2;0,  0;0,  0> +
        (-0.0000002,-0.0000161)|   2, 2, 1;0,  0;0,  0> +
        ( 0.0000002,-0.0000106)|   2, 3, 1;0,  0;0,  0> +
        (-0.0000002, 0.0000056)|   2, 1, 1;0,  0;0,  0> +
        (-0.0000001,-0.0000056)|   2, 0, 1;0,  0;0,  0> +
        ( 0.0000055,-0.0000001)|   2, 1, 0;0,  0;0,  0> +
        (-0.0000027,-0.0000000)|   8, 0, 0;0,  0;0,  0> +
        ( 0.0000000,-0.0000011)|   0, 1, 1;0,  0;0,  0> +
         ...
 |10> = ( 0.0000084,-0.7880858)|   1, 0, 1;0,  0;0,  0> +
        (-0.6155117, 0.0000085)|   1, 1, 0;0,  0;0,  0> +
        (-0.0038746,-0.0000007)|   2, 2, 0;0,  0;0,  0> +
        ( 0.0036947,-0.0000000)|   1, 2, 0;0,  0;0,  0> +
        (-0.0036517, 0.0000000)|   1, 0, 2;0,  0;0,  0> +
        (-0.0031122, 0.0000007)|   2, 0, 2;0,  0;0,  0> +
        (-0.0029919,-0.0000000)|   4, 0, 0;0,  0;0,  0> +
        (-0.0014636,-0.0000000)|   0, 0, 2;0,  0;0,  0> +
        ( 0.0014634, 0.0000000)|   0, 2, 0;0,  0;0,  0> +
        (-0.0008759,-0.0000002)|   5, 0, 0;0,  0;0,  0> +
        ( 0.0004778,-0.0000000)|   0, 2, 2;0,  0;0,  0> +
        ( 0.0002301,-0.0000122)|   2, 1, 0;0,  0;0,  0> +
        ( 0.0000075, 0.0001934)|   2, 0, 1;0,  0;0,  0> +
        ( 0.0001182,-0.0000011)|   1, 2, 2;0,  0;0,  0> +
        (-0.0000955, 0.0000012)|   0, 3, 0;0,  0;0,  0> +
        ( 0.0000010,-0.0000623)|   0, 0, 3;0,  0;0,  0> +
        (-0.0000000, 0.0000393)|   1, 0, 1;1,  0;0,  0> +
        ( 0.0000000,-0.0000393)|   1, 0, 1;0,  0;1,  0> +
        (-0.0000384,-0.0000007)|   0, 1, 2;0,  0;0,  0> +
        (-0.0000307, 0.0000000)|   1, 1, 0;0,  0;1,  0> +
        ( 0.0000307,-0.0000000)|   1, 1, 0;1,  0;0,  0> +
        ( 0.0000002,-0.0000211)|   0, 2, 1;0,  0;0,  0> +
        ( 0.0000000,-0.0000068)|   0, 1, 1;0,  0;0,  0> +
        (-0.0000024, 0.0000000)|   2, 2, 2;0,  0;0,  0> +
         ...
 |11> = (-0.7880831,-0.0000694)|   1, 1, 0;0,  0;0,  0> +
        (-0.0000693, 0.6155100)|   1, 0, 1;0,  0;0,  0> +
        ( 0.0072193, 0.0000013)|   5, 0, 0;0,  0;0,  0> +
        (-0.0040063,-0.0000061)|   2, 0, 2;0,  0;0,  0> +
        (-0.0014347, 0.0001016)|   2, 1, 0;0,  0;0,  0> +
        (-0.0000613,-0.0010752)|   2, 0, 1;0,  0;0,  0> +
        (-0.0009722, 0.0000091)|   1, 2, 2;0,  0;0,  0> +
        ( 0.0007766, 0.0000060)|   2, 2, 0;0,  0;0,  0> +
        ( 0.0005837,-0.0000001)|   1, 0, 2;0,  0;0,  0> +
        (-0.0005787, 0.0000001)|   1, 2, 0;0,  0;0,  0> +
        ( 0.0003593, 0.0000000)|   0, 2, 2;0,  0;0,  0> +
        (-0.0003533, 0.0000000)|   4, 0, 0;0,  0;0,  0> +
        ( 0.0002789,-0.0000097)|   0, 3, 0;0,  0;0,  0> +
        ( 0.0002043,-0.0000000)|   0, 2, 0;0,  0;0,  0> +
        (-0.0002043, 0.0000000)|   0, 0, 2;0,  0;0,  0> +
        (-0.0000015,-0.0001260)|   0, 2, 1;0,  0;0,  0> +
        (-0.0000086,-0.0001094)|   0, 0, 3;0,  0;0,  0> +
        (-0.0000003, 0.0000498)|   0, 1, 1;0,  0;0,  0> +
        ( 0.0000393, 0.0000000)|   1, 1, 0;1,  0;0,  0> +
        (-0.0000393,-0.0000000)|   1, 1, 0;0,  0;1,  0> +
        ( 0.0000000,-0.0000307)|   1, 0, 1;1,  0;0,  0> +
        (-0.0000000, 0.0000307)|   1, 0, 1;0,  0;1,  0> +
        ( 0.0000198,-0.0000000)|   2, 2, 2;0,  0;0,  0> +
        (-0.0000059, 0.0000057)|   0, 1, 2;0,  0;0,  0> +
        ( 0.0000016,-0.0000000)|   0, 0, 1;1, -1;0,  0> +
        ( 0.0000015, 0.0000000)|   3, 0, 2;0,  0;0,  0> +
        ( 0.0000012, 0.0000000)|   3, 2, 0;0,  0;0,  0> +
         ...
 |12> = ( 0.0183337, 0.7697713)|   2, 0, 1;0,  0;0,  0> +
        (-0.6376975, 0.0183803)|   2, 1, 0;0,  0;0,  0> +
        (-0.0000341,-0.0067522)|   0, 1, 1;0,  0;0,  0> +
        (-0.0053055,-0.0000005)|   2, 2, 0;0,  0;0,  0> +
        ( 0.0036202,-0.0000241)|   3, 2, 0;0,  0;0,  0> +
        ( 0.0035379, 0.0000005)|   2, 0, 2;0,  0;0,  0> +
        ( 0.0031036,-0.0000077)|   3, 0, 2;0,  0;0,  0> +
        (-0.0017836, 0.0000126)|   5, 0, 0;0,  0;0,  0> +
        (-0.0013219, 0.0000244)|   0, 3, 0;0,  0;0,  0> +
        ( 0.0000445,-0.0012834)|   0, 0, 3;0,  0;0,  0> +
        ( 0.0010510,-0.0000074)|   2, 2, 2;0,  0;0,  0> +
        (-0.0000208,-0.0009437)|   0, 2, 1;0,  0;0,  0> +
        ( 0.0000103,-0.0009071)|   0, 3, 1;0,  0;0,  0> +
        (-0.0008149, 0.0000141)|   0, 1, 2;0,  0;0,  0> +
        (-0.0000033, 0.0006178)|   0, 1, 3;0,  0;0,  0> +
        (-0.0005805,-0.0000000)|   0, 2, 2;0,  0;0,  0> +
        ( 0.0004569, 0.0000005)|   1, 2, 2;0,  0;0,  0> +
        (-0.0002680,-0.0000000)|   1, 0, 2;0,  0;0,  0> +
        ( 0.0002670, 0.0000000)|   1, 2, 0;0,  0;0,  0> +
        (-0.0001430,-0.0000241)|   0, 3, 2;0,  0;0,  0> +
        ( 0.0000001, 0.0000907)|   0, 3, 3;0,  0;0,  0> +
        (-0.0000598,-0.0000000)|   6, 0, 0;0,  0;0,  0> +
        ( 0.0000522, 0.0000079)|   1, 1, 0;0,  0;0,  0> +
        ( 0.0000463, 0.0000001)|   1, 3, 0;0,  0;0,  0> +
        ( 0.0000000, 0.0000444)|   1, 0, 3;0,  0;0,  0> +
        ( 0.0000009, 0.0000384)|   2, 0, 1;0,  0;1,  0> +
        (-0.0000009,-0.0000384)|   2, 0, 1;1,  0;0,  0> +
        (-0.0000334,-0.0000006)|   0, 2, 3;0,  0;0,  0> +
        (-0.0000001, 0.0000318)|   1, 2, 1;0,  0;0,  0> +
        (-0.0000318, 0.0000009)|   2, 1, 0;0,  0;1,  0> +
        ( 0.0000318,-0.0000009)|   2, 1, 0;1,  0;0,  0> +
        ( 0.0000281,-0.0000001)|   1, 1, 2;0,  0;0,  0> +
        ( 0.0000000, 0.0000256)|   3, 0, 1;0,  0;0,  0> +
        ( 0.0000079,-0.0000221)|   1, 0, 1;0,  0;0,  0> +
        ( 0.0000196, 0.0000002)|   3, 1, 0;0,  0;0,  0> +
        (-0.0000074, 0.0000000)|   4, 2, 0;0,  0;0,  0> +
        (-0.0000063, 0.0000000)|   0, 2, 0;0,  0;0,  0> +
        ( 0.0000063,-0.0000000)|   0, 0, 2;0,  0;0,  0> +
        (-0.0000050,-0.0000001)|   4, 0, 2;0,  0;0,  0> +
        (-0.0000017, 0.0000000)|   4, 0, 0;0,  0;0,  0> +
        (-0.0000000, 0.0000013)|   4, 0, 1;0,  0;0,  0> +
         ...
 |13> = ( 0.9999726, 0.0033314)|   8, 0, 0;0,  0;0,  0> +
        ( 0.0027295, 0.0000008)|   4, 0, 2;0,  0;0,  0> +
        (-0.0022447,-0.0000926)|   4, 1, 0;0,  0;0,  0> +
        (-0.0000893, 0.0022361)|   4, 0, 1;0,  0;0,  0> +
        ( 0.0018338, 0.0000646)|   3, 2, 0;0,  0;0,  0> +
        (-0.0018172,-0.0000639)|   3, 0, 2;0,  0;0,  0> +
        (-0.0016155,-0.0000207)|   5, 0, 2;0,  0;0,  0> +
        (-0.0014162,-0.0000190)|   5, 2, 0;0,  0;0,  0> +
        ( 0.0000032, 0.0013981)|   2, 1, 3;0,  0;0,  0> +
        (-0.0000377, 0.0013383)|   1, 0, 3;0,  0;0,  0> +
        ( 0.0000024,-0.0012483)|   1, 1, 1;0,  0;0,  0> +
        ( 0.0000515,-0.0011554)|   2, 1, 1;0,  0;0,  0> +
        ( 0.0010265, 0.0000002)|   4, 2, 0;0,  0;0,  0> +
        (-0.0000010, 0.0009362)|   1, 2, 1;0,  0;0,  0> +
        (-0.0002667,-0.0007856)|   0, 2, 1;0,  0;0,  0> +
        ( 0.0002290, 0.0007965)|   0, 0, 3;0,  0;0,  0> +
        ( 0.0007154, 0.0001285)|   2, 3, 0;0,  0;0,  0> +
        ( 0.0000148,-0.0007190)|   0, 2, 3;0,  0;0,  0> +
        (-0.0000717,-0.0006766)|   1, 1, 3;0,  0;0,  0> +
        ( 0.0000229, 0.0006529)|   2, 0, 3;0,  0;0,  0> +
        (-0.0005747, 0.0000000)|   4, 2, 2;0,  0;0,  0> +
        (-0.0000134, 0.0005742)|   2, 3, 1;0,  0;0,  0> +
        (-0.0001794,-0.0005140)|   1, 3, 1;0,  0;0,  0> +
        (-0.0005230, 0.0000214)|   0, 1, 2;0,  0;0,  0> +
        (-0.0004542, 0.0000147)|   0, 3, 2;0,  0;0,  0> +
        ( 0.0000112, 0.0004536)|   1, 2, 3;0,  0;0,  0> +
        (-0.0000003,-0.0004297)|   0, 1, 3;0,  0;0,  0> +
        ( 0.0002232, 0.0003226)|   2, 2, 1;0,  0;0,  0> +
        (-0.0000003,-0.0003698)|   0, 3, 1;0,  0;0,  0> +
        ( 0.0000000, 0.0003393)|   1, 3, 3;0,  0;0,  0> +
        (-0.0000032, 0.0002830)|   5, 0, 1;0,  0;0,  0> +
        (-0.0000001, 0.0002710)|   0, 3, 3;0,  0;0,  0> +
        (-0.0000001, 0.0002622)|   3, 3, 3;0,  0;0,  0> +
        ( 0.0000003,-0.0002429)|   2, 2, 3;0,  0;0,  0> +
        ( 0.0002288, 0.0000085)|   5, 1, 0;0,  0;0,  0> +
        (-0.0000104,-0.0001829)|   4, 3, 3;0,  0;0,  0> +
        ( 0.0000016, 0.0001521)|   3, 0, 3;0,  0;0,  0> +
        ( 0.0001486,-0.0000004)|   3, 3, 0;0,  0;0,  0> +
        ( 0.0000010,-0.0001239)|   3, 2, 3;0,  0;0,  0> +
        ( 0.0000715,-0.0000868)|   1, 1, 2;0,  0;0,  0> +
        (-0.0001013,-0.0000000)|   3, 2, 2;0,  0;0,  0> +
        (-0.0000990,-0.0000012)|   3, 3, 2;0,  0;0,  0> +
        ( 0.0000934, 0.0000114)|   1, 3, 0;0,  0;0,  0> +
        ( 0.0000017, 0.0000782)|   3, 2, 1;0,  0;0,  0> +
        ( 0.0000781,-0.0000003)|   3, 1, 2;0,  0;0,  0> +
        ( 0.0000000, 0.0000751)|   2, 3, 3;0,  0;0,  0> +
        (-0.0000382, 0.0000619)|   0, 3, 0;0,  0;0,  0> +
        (-0.0000499,-0.0000002)|   8, 0, 0;1,  0;0,  0> +
        ( 0.0000499, 0.0000002)|   8, 0, 0;0,  0;1,  0> +
        ( 0.0000244, 0.0000426)|   2, 1, 2;0,  0;0,  0> +
        (-0.0000465,-0.0000005)|   5, 2, 2;0,  0;0,  0> +
        ( 0.0000369, 0.0000111)|   1, 3, 2;0,  0;0,  0> +
        (-0.0000185, 0.0000004)|   2, 3, 2;0,  0;0,  0> +
        (-0.0000179, 0.0000000)|   2, 2, 2;0,  0;0,  0> +
        (-0.0000113,-0.0000001)|   7, 0, 0;0,  0;0,  0> +
        ( 0.0000056, 0.0000000)|   1, 2, 2;0,  0;0,  0> +
        (-0.0000001, 0.0000040)|   5, 3, 3;0,  0;0,  0> +
        (-0.0000005,-0.0000029)|   3, 0, 1;0,  0;0,  0> +
        (-0.0000017,-0.0000001)|   9, 0, 0;0,  0;0,  0> +
        (-0.0000017,-0.0000000)|   6, 0, 0;0,  0;0,  0> +
        (-0.0000000,-0.0000011)|   2, 0, 1;0,  0;0,  0> +
         ...
 |14> = ( 0.7700000,-0.0020270)|   2, 1, 0;0,  0;0,  0> +
        (-0.0015128, 0.6379367)|   2, 0, 1;0,  0;0,  0> +
        (-0.0074655,-0.0000018)|   5, 0, 0;0,  0;0,  0> +
        (-0.0061648, 0.0000164)|   2, 2, 0;0,  0;0,  0> +
        (-0.0043469,-0.0000164)|   2, 0, 2;0,  0;0,  0> +
        (-0.0019435,-0.0000000)|   1, 0, 2;0,  0;0,  0> +
        ( 0.0019376, 0.0000000)|   1, 2, 0;0,  0;0,  0> +
        (-0.0014881,-0.0000000)|   0, 2, 2;0,  0;0,  0> +
        (-0.0000825, 0.0014124)|   1, 0, 1;0,  0;0,  0> +
        (-0.0012263,-0.0000830)|   1, 1, 0;0,  0;0,  0> +
        (-0.0009014, 0.0000007)|   0, 3, 0;0,  0;0,  0> +
        ( 0.0000036, 0.0008564)|   0, 1, 1;0,  0;0,  0> +
        (-0.0000063,-0.0005349)|   0, 0, 3;0,  0;0,  0> +
        ( 0.0004153,-0.0000133)|   1, 2, 2;0,  0;0,  0> +
        (-0.0003338, 0.0000067)|   0, 1, 2;0,  0;0,  0> +
        ( 0.0000209,-0.0003316)|   0, 2, 1;0,  0;0,  0> +
        (-0.0003315, 0.0000022)|   3, 2, 0;0,  0;0,  0> +
        (-0.0002856, 0.0000007)|   3, 0, 2;0,  0;0,  0> +
        (-0.0001469, 0.0000007)|   2, 2, 2;0,  0;0,  0> +
        (-0.0000009, 0.0000834)|   0, 3, 1;0,  0;0,  0> +
        ( 0.0000003,-0.0000567)|   0, 1, 3;0,  0;0,  0> +
        ( 0.0000384,-0.0000001)|   2, 1, 0;0,  0;1,  0> +
        (-0.0000384, 0.0000001)|   2, 1, 0;1,  0;0,  0> +
        ( 0.0000001,-0.0000318)|   2, 0, 1;1,  0;0,  0> +
        (-0.0000001, 0.0000318)|   2, 0, 1;0,  0;1,  0> +
        (-0.0000301,-0.0000000)|   0, 2, 0;0,  0;0,  0> +
        ( 0.0000301, 0.0000000)|   0, 0, 2;0,  0;0,  0> +
        ( 0.0000121, 0.0000022)|   0, 3, 2;0,  0;0,  0> +
        (-0.0000000,-0.0000083)|   0, 3, 3;0,  0;0,  0> +
        ( 0.0000080, 0.0000000)|   6, 0, 0;0,  0;0,  0> +
        (-0.0000066, 0.0000000)|   4, 0, 0;0,  0;0,  0> +
        (-0.0000040,-0.0000000)|   1, 3, 0;0,  0;0,  0> +
        (-0.0000000,-0.0000039)|   1, 0, 3;0,  0;0,  0> +
        ( 0.0000031,-0.0000010)|   0, 2, 3;0,  0;0,  0> +
        ( 0.0000000,-0.0000030)|   1, 2, 1;0,  0;0,  0> +
        (-0.0000026,-0.0000000)|   1, 1, 2;0,  0;0,  0> +
        ( 0.0000015,-0.0000000)|   3, 1, 0;0,  0;0,  0> +
         ...
 |15> = ( 0.9949661, 0.0994776)|   9, 0, 0;0,  0;0,  0> +
        (-0.0065248,-0.0003397)|   5, 1, 0;0,  0;0,  0> +
        (-0.0001527, 0.0061529)|   5, 0, 1;0,  0;0,  0> +
        (-0.0017736,-0.0024195)|   5, 0, 2;0,  0;0,  0> +
        (-0.0024322,-0.0000830)|   2, 3, 0;0,  0;0,  0> +
        ( 0.0000430, 0.0023763)|   5, 2, 0;0,  0;0,  0> +
        (-0.0022675,-0.0000020)|   4, 2, 0;0,  0;0,  0> +
        ( 0.0022426, 0.0000015)|   4, 0, 2;0,  0;0,  0> +
        ( 0.0001643,-0.0020637)|   3, 1, 1;0,  0;0,  0> +
        ( 0.0019856, 0.0000815)|   0, 1, 2;0,  0;0,  0> +
        (-0.0000009,-0.0018340)|   0, 1, 3;0,  0;0,  0> +
        (-0.0015904,-0.0000353)|   0, 3, 2;0,  0;0,  0> +
        ( 0.0015896,-0.0000000)|   4, 2, 2;0,  0;0,  0> +
        (-0.0013616,-0.0001065)|   2, 1, 2;0,  0;0,  0> +
        (-0.0012313,-0.0003069)|   1, 1, 2;0,  0;0,  0> +
        (-0.0001659, 0.0010698)|   1, 0, 3;0,  0;0,  0> +
        ( 0.0000615,-0.0010758)|   1, 2, 1;0,  0;0,  0> +
        (-0.0000238,-0.0010585)|   1, 1, 3;0,  0;0,  0> +
        (-0.0000008,-0.0009924)|   0, 3, 1;0,  0;0,  0> +
        ( 0.0009554, 0.0000482)|   3, 1, 2;0,  0;0,  0> +
        (-0.0001300, 0.0009462)|   3, 0, 3;0,  0;0,  0> +
        (-0.0000352,-0.0009516)|   0, 2, 3;0,  0;0,  0> +
        ( 0.0007542, 0.0000002)|   5, 2, 2;0,  0;0,  0> +
        ( 0.0007423,-0.0000259)|   1, 3, 2;0,  0;0,  0> +
        (-0.0007264, 0.0001205)|   6, 1, 0;0,  0;0,  0> +
        ( 0.0006893, 0.0000003)|   3, 2, 2;0,  0;0,  0> +
        ( 0.0000340,-0.0006459)|   2, 3, 1;0,  0;0,  0> +
        ( 0.0003799, 0.0005032)|   2, 2, 1;0,  0;0,  0> +
        (-0.0000000,-0.0006178)|   2, 3, 3;0,  0;0,  0> +
        (-0.0000012,-0.0005703)|   6, 3, 3;0,  0;0,  0> +
        ( 0.0005366, 0.0000323)|   4, 3, 0;0,  0;0,  0> +
        (-0.0000346, 0.0005340)|   4, 0, 3;0,  0;0,  0> +
        (-0.0000098, 0.0005243)|   2, 1, 3;0,  0;0,  0> +
        (-0.0004981,-0.0000516)|   0, 3, 0;0,  0;0,  0> +
        ( 0.0000015,-0.0004961)|   0, 2, 1;0,  0;0,  0> +
        (-0.0002005,-0.0003769)|   1, 3, 1;0,  0;0,  0> +
        (-0.0003745,-0.0001662)|   2, 0, 3;0,  0;0,  0> +
        ( 0.0000272,-0.0003785)|   3, 2, 1;0,  0;0,  0> +
        (-0.0000055,-0.0003624)|   0, 0, 3;0,  0;0,  0> +
        ( 0.0003486, 0.0000455)|   1, 3, 0;0,  0;0,  0> +
        ( 0.0003065,-0.0001485)|   3, 3, 0;0,  0;0,  0> +
        ( 0.0002927, 0.0000182)|   4, 1, 2;0,  0;0,  0> +
        (-0.0000161, 0.0002812)|   4, 2, 1;0,  0;0,  0> +
        ( 0.0002731, 0.0000019)|   2, 3, 2;0,  0;0,  0> +
        ( 0.0000001,-0.0002382)|   4, 3, 3;0,  0;0,  0> +
        (-0.0000252,-0.0002044)|   1, 2, 3;0,  0;0,  0> +
        (-0.0000001,-0.0001933)|   3, 3, 3;0,  0;0,  0> +
        (-0.0000084, 0.0001904)|   2, 1, 1;0,  0;0,  0> +
        ( 0.0000058,-0.0001519)|   3, 1, 3;0,  0;0,  0> +
        ( 0.0001454, 0.0000044)|   4, 3, 2;0,  0;0,  0> +
        (-0.0000000, 0.0001449)|   0, 3, 3;0,  0;0,  0> +
        (-0.0001381, 0.0000027)|   3, 3, 2;0,  0;0,  0> +
        ( 0.0000003,-0.0001339)|   5, 3, 3;0,  0;0,  0> +
        ( 0.0000000, 0.0000886)|   1, 3, 3;0,  0;0,  0> +
        ( 0.0000053, 0.0000637)|   4, 2, 3;0,  0;0,  0> +
        ( 0.0000015,-0.0000505)|   3, 3, 1;0,  0;0,  0> +
        ( 0.0000496, 0.0000050)|   9, 0, 0;0,  0;1,  0> +
        (-0.0000496,-0.0000050)|   9, 0, 0;1,  0;0,  0> +
        ( 0.0000034, 0.0000353)|   3, 2, 3;0,  0;0,  0> +
        ( 0.0000022,-0.0000283)|   6, 0, 1;0,  0;0,  0> +
        (-0.0000190,-0.0000009)|   6, 2, 2;0,  0;0,  0> +
        ( 0.0000015,-0.0000140)|   4, 1, 1;0,  0;0,  0> +
        (-0.0000116,-0.0000001)|   7, 0, 0;0,  0;0,  0> +
        ( 0.0000092, 0.0000001)|   4, 1, 0;0,  0;0,  0> +
        ( 0.0000020, 0.0000085)|   2, 2, 3;0,  0;0,  0> +
        ( 0.0000001,-0.0000081)|   7, 3, 3;0,  0;0,  0> +
        (-0.0000003, 0.0000079)|   1, 1, 1;0,  0;0,  0> +
        (-0.0000069,-0.0000001)|   3, 0, 2;0,  0;0,  0> +
        ( 0.0000000, 0.0000065)|   4, 0, 1;0,  0;0,  0> +
        (-0.0000058,-0.0000011)|   8, 0, 0;0,  0;0,  0> +
        (-0.0000007,-0.0000052)|   3, 0, 1;0,  0;0,  0> +
        (-0.0000046, 0.0000001)|   2, 2, 2;0,  0;0,  0> +
        (-0.0000002, 0.0000021)|   4, 3, 1;0,  0;0,  0> +
        (-0.0000017,-0.0000000)|  10, 0, 0;0,  0;0,  0> +
        ( 0.0000016, 0.0000001)|   6, 2, 0;0,  0;0,  0> +
        ( 0.0000015, 0.0000001)|   6, 0, 2;0,  0;0,  0> +
        (-0.0000012, 0.0000000)|   6, 0, 0;0,  0;0,  0> +
         ...
 |16> = (-0.0008331,-0.7184933)|   3, 0, 1;0,  0;0,  0> +
        (-0.6955070,-0.0004049)|   3, 1, 0;0,  0;0,  0> +
        ( 0.0043660, 0.0000370)|   3, 0, 2;0,  0;0,  0> +
        ( 0.0034725,-0.0000007)|   6, 0, 0;0,  0;0,  0> +
        ( 0.0023834,-0.0000413)|   3, 2, 0;0,  0;0,  0> +
        ( 0.0009268, 0.0000000)|   2, 2, 2;0,  0;0,  0> +
        ( 0.0009024,-0.0000000)|   1, 2, 2;0,  0;0,  0> +
        (-0.0000006, 0.0007390)|   0, 3, 1;0,  0;0,  0> +
        ( 0.0006933, 0.0000470)|   0, 3, 2;0,  0;0,  0> +
        (-0.0000015, 0.0006911)|   0, 1, 3;0,  0;0,  0> +
        ( 0.0005495, 0.0000088)|   4, 2, 0;0,  0;0,  0> +
        (-0.0000015, 0.0004882)|   1, 0, 3;0,  0;0,  0> +
        (-0.0000323,-0.0003251)|   0, 0, 3;0,  0;0,  0> +
        ( 0.0000000, 0.0002921)|   0, 3, 3;0,  0;0,  0> +
        ( 0.0002703,-0.0000006)|   4, 0, 2;0,  0;0,  0> +
        ( 0.0002317,-0.0000094)|   0, 3, 0;0,  0;0,  0> +
        ( 0.0002310, 0.0000022)|   1, 1, 2;0,  0;0,  0> +
        (-0.0001922,-0.0000028)|   4, 1, 0;0,  0;0,  0> +
        ( 0.0001884,-0.0000085)|   1, 3, 0;0,  0;0,  0> +
        ( 0.0000470,-0.0001785)|   0, 2, 3;0,  0;0,  0> +
        ( 0.0000045,-0.0001763)|   4, 0, 1;0,  0;0,  0> +
        (-0.0000040, 0.0001312)|   1, 2, 1;0,  0;0,  0> +
        ( 0.0000405,-0.0000941)|   0, 2, 1;0,  0;0,  0> +
        ( 0.0001014, 0.0000012)|   7, 0, 0;0,  0;0,  0> +
        (-0.0000617, 0.0000011)|   0, 1, 2;0,  0;0,  0> +
        ( 0.0000001,-0.0000479)|   1, 1, 1;0,  0;0,  0> +
        ( 0.0000000, 0.0000358)|   3, 0, 1;1,  0;0,  0> +
        (-0.0000000,-0.0000358)|   3, 0, 1;0,  0;1,  0> +
        ( 0.0000347, 0.0000000)|   3, 1, 0;1,  0;0,  0> +
        (-0.0000347,-0.0000000)|   3, 1, 0;0,  0;1,  0> +
        ( 0.0000218, 0.0000000)|   2, 0, 2;0,  0;0,  0> +
        (-0.0000211,-0.0000000)|   2, 2, 0;0,  0;0,  0> +
        ( 0.0000003, 0.0000084)|   2, 0, 1;0,  0;0,  0> +
        ( 0.0000080,-0.0000002)|   3, 2, 2;0,  0;0,  0> +
        (-0.0000000,-0.0000073)|   1, 3, 3;0,  0;0,  0> +
        (-0.0000070, 0.0000005)|   2, 1, 2;0,  0;0,  0> +
        (-0.0000000, 0.0000065)|   0, 1, 1;0,  0;0,  0> +
        ( 0.0000046,-0.0000001)|   1, 3, 2;0,  0;0,  0> +
        (-0.0000014,-0.0000043)|   2, 2, 1;0,  0;0,  0> +
        ( 0.0000001, 0.0000042)|   2, 3, 3;0,  0;0,  0> +
        ( 0.0000000, 0.0000039)|   1, 2, 3;0,  0;0,  0> +
        (-0.0000036, 0.0000003)|   2, 1, 0;0,  0;0,  0> +
        ( 0.0000025,-0.0000001)|   2, 3, 0;0,  0;0,  0> +
        (-0.0000013,-0.0000018)|   2, 0, 3;0,  0;0,  0> +
         ...
 |17> = ( 0.7174441,-0.0345126)|   3, 1, 0;0,  0;0,  0> +
        (-0.0346180,-0.6944397)|   3, 0, 1;0,  0;0,  0> +
        (-0.0173956,-0.0002402)|   4, 1, 0;0,  0;0,  0> +
        ( 0.0003891,-0.0160881)|   4, 0, 1;0,  0;0,  0> +
        ( 0.0040265, 0.0000518)|   7, 0, 0;0,  0;0,  0> +
        (-0.0034001,-0.0001293)|   3, 0, 2;0,  0;0,  0> +
        (-0.0032114,-0.0000342)|   4, 0, 2;0,  0;0,  0> +
        (-0.0028608, 0.0000370)|   4, 2, 0;0,  0;0,  0> +
        ( 0.0024353, 0.0001310)|   3, 2, 0;0,  0;0,  0> +
        ( 0.0001847,-0.0024108)|   1, 0, 3;0,  0;0,  0> +
        ( 0.0000007,-0.0016808)|   1, 1, 1;0,  0;0,  0> +
        (-0.0015798,-0.0002515)|   0, 1, 2;0,  0;0,  0> +
        (-0.0000161, 0.0013320)|   0, 1, 3;0,  0;0,  0> +
        (-0.0001054,-0.0012680)|   2, 0, 3;0,  0;0,  0> +
        (-0.0000000, 0.0012492)|   0, 3, 3;0,  0;0,  0> +
        (-0.0011122, 0.0000401)|   2, 1, 2;0,  0;0,  0> +
        (-0.0001167,-0.0010275)|   2, 2, 1;0,  0;0,  0> +
        (-0.0009634, 0.0001249)|   1, 3, 0;0,  0;0,  0> +
        (-0.0009478, 0.0000732)|   1, 1, 2;0,  0;0,  0> +
        (-0.0000464,-0.0009444)|   1, 2, 1;0,  0;0,  0> +
        (-0.0009216,-0.0000182)|   2, 3, 0;0,  0;0,  0> +
        ( 0.0009145, 0.0000479)|   0, 3, 0;0,  0;0,  0> +
        ( 0.0008283, 0.0000022)|   3, 2, 2;0,  0;0,  0> +
        ( 0.0001330, 0.0007192)|   0, 2, 1;0,  0;0,  0> +
        (-0.0001746,-0.0004174)|   0, 0, 3;0,  0;0,  0> +
        ( 0.0004470,-0.0000050)|   1, 3, 2;0,  0;0,  0> +
        ( 0.0000029, 0.0003991)|   1, 2, 3;0,  0;0,  0> +
        (-0.0000092, 0.0003579)|   0, 3, 1;0,  0;0,  0> +
        ( 0.0000084, 0.0003527)|   2, 3, 3;0,  0;0,  0> +
        (-0.0000286, 0.0002740)|   0, 2, 3;0,  0;0,  0> +
        (-0.0002569,-0.0000286)|   0, 3, 2;0,  0;0,  0> +
        (-0.0001940,-0.0000025)|   6, 0, 0;0,  0;0,  0> +
        ( 0.0001724,-0.0000001)|   2, 2, 2;0,  0;0,  0> +
        (-0.0001705,-0.0000001)|   1, 2, 2;0,  0;0,  0> +
        ( 0.0000007, 0.0000989)|   1, 3, 3;0,  0;0,  0> +
        ( 0.0000380,-0.0000069)|   4, 2, 2;0,  0;0,  0> +
        ( 0.0000029,-0.0000359)|   1, 1, 3;0,  0;0,  0> +
        ( 0.0000358,-0.0000017)|   3, 1, 0;0,  0;1,  0> +
        (-0.0000358, 0.0000017)|   3, 1, 0;1,  0;0,  0> +
        (-0.0000017,-0.0000346)|   3, 0, 1;0,  0;1,  0> +
        ( 0.0000017, 0.0000346)|   3, 0, 1;1,  0;0,  0> +
        (-0.0000005,-0.0000222)|   2, 2, 3;0,  0;0,  0> +
        (-0.0000205, 0.0000007)|   2, 3, 2;0,  0;0,  0> +
        (-0.0000020, 0.0000177)|   1, 3, 1;0,  0;0,  0> +
        (-0.0000038, 0.0000002)|   2, 1, 0;0,  0;0,  0> +
        ( 0.0000002, 0.0000028)|   2, 0, 1;0,  0;0,  0> +
        ( 0.0000012, 0.0000000)|   1, 1, 0;0,  0;0,  0> +
        ( 0.0000001, 0.0000010)|   0, 1, 1;0,  0;0,  0> +
         ...
 |18> = ( 0.9987729,-0.0014873)|  10, 0, 0;0,  0;0,  0> +
        (-0.0131644, 0.0462753)|   6, 0, 1;0,  0;0,  0> +
        ( 0.0000672,-0.0054518)|   4, 1, 1;0,  0;0,  0> +
        ( 0.0003068,-0.0051194)|   3, 1, 1;0,  0;0,  0> +
        ( 0.0004442,-0.0040800)|   1, 1, 3;0,  0;0,  0> +
        ( 0.0016961, 0.0031267)|   2, 2, 1;0,  0;0,  0> +
        (-0.0005082,-0.0023819)|   2, 0, 3;0,  0;0,  0> +
        ( 0.0021807, 0.0007884)|   5, 2, 0;0,  0;0,  0> +
        (-0.0001904, 0.0020615)|   3, 0, 3;0,  0;0,  0> +
        (-0.0000074,-0.0020227)|   3, 2, 1;0,  0;0,  0> +
        (-0.0004735, 0.0019365)|   1, 3, 1;0,  0;0,  0> +
        (-0.0019531,-0.0000206)|   6, 1, 0;0,  0;0,  0> +
        ( 0.0000464,-0.0018900)|   1, 2, 1;0,  0;0,  0> +
        ( 0.0016132,-0.0008073)|   5, 0, 2;0,  0;0,  0> +
        ( 0.0014115, 0.0000011)|   4, 2, 2;0,  0;0,  0> +
        ( 0.0013243, 0.0003116)|   2, 3, 0;0,  0;0,  0> +
        (-0.0012881, 0.0002881)|   2, 1, 2;0,  0;0,  0> +
        (-0.0000016,-0.0012477)|   2, 1, 3;0,  0;0,  0> +
        (-0.0011807,-0.0002363)|   3, 3, 0;0,  0;0,  0> +
        (-0.0000491, 0.0011472)|   4, 2, 1;0,  0;0,  0> +
        ( 0.0000302,-0.0010158)|   2, 3, 1;0,  0;0,  0> +
        (-0.0000004,-0.0009293)|   3, 1, 3;0,  0;0,  0> +
        ( 0.0008023, 0.0000001)|   5, 2, 2;0,  0;0,  0> +
        ( 0.0007791, 0.0000694)|   3, 1, 2;0,  0;0,  0> +
        (-0.0000676,-0.0005722)|   4, 2, 3;0,  0;0,  0> +
        (-0.0005708, 0.0000163)|   6, 2, 0;0,  0;0,  0> +
        (-0.0005406,-0.0000018)|   4, 3, 0;0,  0;0,  0> +
        ( 0.0000070, 0.0005344)|   1, 2, 3;0,  0;0,  0> +
        (-0.0000766, 0.0005146)|   1, 0, 3;0,  0;0,  0> +
        ( 0.0005060,-0.0000071)|   3, 3, 2;0,  0;0,  0> +
        (-0.0004862,-0.0000023)|   6, 2, 2;0,  0;0,  0> +
        ( 0.0004430,-0.0000417)|   1, 3, 0;0,  0;0,  0> +
        (-0.0000092, 0.0004279)|   5, 2, 3;0,  0;0,  0> +
        ( 0.0003923,-0.0000673)|   4, 3, 2;0,  0;0,  0> +
        ( 0.0003618,-0.0000073)|   5, 3, 2;0,  0;0,  0> +
        ( 0.0003453, 0.0000473)|   4, 1, 2;0,  0;0,  0> +
        ( 0.0000002,-0.0003150)|   2, 3, 3;0,  0;0,  0> +
        (-0.0000027,-0.0002978)|   3, 3, 1;0,  0;0,  0> +
        (-0.0000005,-0.0002886)|   6, 3, 3;0,  0;0,  0> +
        ( 0.0002827, 0.0000064)|   1, 3, 2;0,  0;0,  0> +
        (-0.0000012, 0.0002781)|   7, 3, 3;0,  0;0,  0> +
        (-0.0000013, 0.0002700)|   5, 3, 3;0,  0;0,  0> +
        ( 0.0000164,-0.0002690)|   8, 3, 3;0,  0;0,  0> +
        ( 0.0002348,-0.0000132)|   1, 1, 2;0,  0;0,  0> +
        (-0.0001890,-0.0000000)|   3, 2, 2;0,  0;0,  0> +
        (-0.0001841,-0.0000010)|   2, 3, 2;0,  0;0,  0> +
        (-0.0000000,-0.0001741)|   1, 3, 3;0,  0;0,  0> +
        (-0.0001653, 0.0000253)|   6, 0, 2;0,  0;0,  0> +
        ( 0.0000000,-0.0001240)|   4, 3, 3;0,  0;0,  0> +
        (-0.0000068,-0.0001166)|   3, 2, 3;0,  0;0,  0> +
        ( 0.0001002,-0.0000004)|   6, 3, 2;0,  0;0,  0> +
        ( 0.0000004, 0.0000922)|   6, 2, 3;0,  0;0,  0> +
        (-0.0000096, 0.0000866)|   0, 2, 3;0,  0;0,  0> +
        (-0.0000862,-0.0000096)|   0, 3, 2;0,  0;0,  0> +
        (-0.0000010,-0.0000746)|   2, 2, 3;0,  0;0,  0> +
        ( 0.0000518,-0.0000231)|   4, 0, 3;0,  0;0,  0> +
        ( 0.0000498,-0.0000001)|  10, 0, 0;0,  0;1,  0> +
        (-0.0000498, 0.0000001)|  10, 0, 0;1,  0;0,  0> +
        (-0.0000002,-0.0000337)|   9, 3, 3;0,  0;0,  0> +
        ( 0.0000000, 0.0000335)|   0, 3, 3;0,  0;0,  0> +
        ( 0.0000086, 0.0000313)|   4, 3, 1;0,  0;0,  0> +
        (-0.0000002,-0.0000298)|   3, 3, 3;0,  0;0,  0> +
        (-0.0000013, 0.0000266)|   4, 1, 3;0,  0;0,  0> +
        (-0.0000245,-0.0000020)|   9, 0, 0;0,  0;0,  0> +
        (-0.0000218, 0.0000019)|   7, 1, 0;0,  0;0,  0> +
        ( 0.0000123,-0.0000001)|   4, 1, 0;0,  0;0,  0> +
        ( 0.0000107,-0.0000006)|   0, 1, 2;0,  0;0,  0> +
        ( 0.0000009,-0.0000096)|   4, 0, 1;0,  0;0,  0> +
        (-0.0000081, 0.0000002)|   4, 2, 0;0,  0;0,  0> +
        ( 0.0000077,-0.0000002)|   4, 0, 2;0,  0;0,  0> +
        ( 0.0000076,-0.0000008)|   8, 0, 0;0,  0;0,  0> +
        ( 0.0000005,-0.0000062)|   2, 1, 1;0,  0;0,  0> +
        (-0.0000060,-0.0000000)|   7, 0, 0;0,  0;0,  0> +
        (-0.0000016,-0.0000046)|   7, 0, 1;0,  0;0,  0> +
        (-0.0000001, 0.0000044)|   5, 0, 1;0,  0;0,  0> +
        (-0.0000037,-0.0000002)|   5, 1, 0;0,  0;0,  0> +
        (-0.0000004,-0.0000029)|   0, 2, 1;0,  0;0,  0> +
        (-0.0000027, 0.0000000)|   0, 3, 0;0,  0;0,  0> +
        (-0.0000007, 0.0000023)|   6, 0, 1;0,  0;1,  0> +
        ( 0.0000007,-0.0000023)|   6, 0, 1;1,  0;0,  0> +
        (-0.0000002,-0.0000018)|   0, 0, 3;0,  0;0,  0> +
        ( 0.0000001,-0.0000016)|   1, 1, 1;0,  0;0,  0> +
        (-0.0000016, 0.0000000)|  12, 0, 0;0,  0;0,  0> +
        (-0.0000012, 0.0000001)|  11, 0, 0;0,  0;0,  0> +
        ( 0.0000000,-0.0000010)|   0, 1, 3;0,  0;0,  0> +
         ...
 |19> = (-0.7183450, 0.0010286)|   4, 1, 0;0,  0;0,  0> +
        (-0.0030983,-0.6947485)|   4, 0, 1;0,  0;0,  0> +
        (-0.0000796, 0.0183255)|   1, 1, 1;0,  0;0,  0> +
        (-0.0167752, 0.0011778)|   3, 1, 0;0,  0;0,  0> +
        ( 0.0011768, 0.0165760)|   3, 0, 1;0,  0;0,  0> +
        (-0.0151191,-0.0001588)|   7, 0, 0;0,  0;0,  0> +
        ( 0.0080041, 0.0002744)|   3, 2, 0;0,  0;0,  0> +
        (-0.0077547,-0.0002718)|   3, 0, 2;0,  0;0,  0> +
        (-0.0042235,-0.0001106)|   1, 3, 0;0,  0;0,  0> +
        (-0.0002199, 0.0032553)|   1, 0, 3;0,  0;0,  0> +
        ( 0.0000978,-0.0017635)|   2, 0, 3;0,  0;0,  0> +
        ( 0.0014535, 0.0000001)|   1, 2, 2;0,  0;0,  0> +
        (-0.0003609,-0.0012875)|   0, 2, 1;0,  0;0,  0> +
        ( 0.0000008, 0.0012504)|   0, 3, 1;0,  0;0,  0> +
        (-0.0011798, 0.0000423)|   2, 3, 0;0,  0;0,  0> +
        ( 0.0011783, 0.0000658)|   0, 1, 2;0,  0;0,  0> +
        ( 0.0002916, 0.0009033)|   0, 0, 3;0,  0;0,  0> +
        ( 0.0000078,-0.0009377)|   2, 3, 3;0,  0;0,  0> +
        (-0.0009185,-0.0000192)|   2, 1, 2;0,  0;0,  0> +
        (-0.0008987, 0.0000309)|   4, 2, 0;0,  0;0,  0> +
        ( 0.0000001,-0.0008651)|   0, 1, 3;0,  0;0,  0> +
        (-0.0008342, 0.0000442)|   0, 3, 0;0,  0;0,  0> +
        (-0.0000000,-0.0007563)|   1, 3, 3;0,  0;0,  0> +
        (-0.0007101,-0.0000317)|   4, 0, 2;0,  0;0,  0> +
        ( 0.0000245,-0.0006548)|   2, 2, 1;0,  0;0,  0> +
        (-0.0000451, 0.0005527)|   0, 2, 3;0,  0;0,  0> +
        (-0.0000001, 0.0004896)|   0, 3, 3;0,  0;0,  0> +
        (-0.0003585, 0.0000001)|   2, 2, 2;0,  0;0,  0> +
        ( 0.0002122,-0.0002318)|   1, 2, 1;0,  0;0,  0> +
        ( 0.0000030,-0.0002986)|   1, 2, 3;0,  0;0,  0> +
        (-0.0002890, 0.0000054)|   1, 3, 2;0,  0;0,  0> +
        ( 0.0002724,-0.0000001)|   3, 2, 2;0,  0;0,  0> +
        (-0.0002648,-0.0000453)|   0, 3, 2;0,  0;0,  0> +
        (-0.0000000, 0.0001588)|   2, 2, 3;0,  0;0,  0> +
        ( 0.0001511,-0.0000003)|   2, 3, 2;0,  0;0,  0> +
        (-0.0000644,-0.0000002)|   8, 0, 0;0,  0;0,  0> +
        ( 0.0000535,-0.0000070)|   4, 2, 2;0,  0;0,  0> +
        ( 0.0000004, 0.0000390)|   1, 1, 3;0,  0;0,  0> +
        (-0.0000358, 0.0000001)|   4, 1, 0;0,  0;1,  0> +
        ( 0.0000358,-0.0000001)|   4, 1, 0;1,  0;0,  0> +
        ( 0.0000002, 0.0000347)|   4, 0, 1;1,  0;0,  0> +
        (-0.0000002,-0.0000347)|   4, 0, 1;0,  0;1,  0> +
        (-0.0000166, 0.0000244)|   1, 1, 2;0,  0;0,  0> +
        (-0.0000004,-0.0000124)|   1, 3, 1;0,  0;0,  0> +
        ( 0.0000002,-0.0000038)|   2, 1, 3;0,  0;0,  0> +
        ( 0.0000026,-0.0000001)|   6, 0, 0;0,  0;0,  0> +
        ( 0.0000001,-0.0000026)|   2, 0, 1;0,  0;0,  0> +
        (-0.0000000, 0.0000025)|   5, 0, 1;0,  0;0,  0> +
        (-0.0000022,-0.0000002)|   2, 0, 2;0,  0;0,  0> +
        ( 0.0000021, 0.0000002)|   2, 2, 0;0,  0;0,  0> +
        (-0.0000000, 0.0000012)|   1, 0, 1;0,  0;0,  0> +
        (-0.0000011,-0.0000000)|   1, 1, 0;0,  0;0,  0> +
        ( 0.0000001,-0.0000010)|   2, 3, 1;0,  0;0,  0> +
         ...
 |20> = (-0.0280720, 0.7181913)|   4, 0, 1;0,  0;0,  0> +
        (-0.6946203,-0.0292467)|   4, 1, 0;0,  0;0,  0> +
        ( 0.0000227,-0.0047015)|   1, 1, 1;0,  0;0,  0> +
        (-0.0031749,-0.0000106)|   8, 0, 0;0,  0;0,  0> +
        ( 0.0007361, 0.0021562)|   0, 2, 1;0,  0;0,  0> +
        ( 0.0022591, 0.0000630)|   1, 3, 0;0,  0;0,  0> +
        (-0.0006193,-0.0021573)|   0, 0, 3;0,  0;0,  0> +
        ( 0.0013358,-0.0000305)|   0, 1, 2;0,  0;0,  0> +
        ( 0.0012516, 0.0001606)|   2, 3, 0;0,  0;0,  0> +
        ( 0.0005270, 0.0009633)|   2, 2, 1;0,  0;0,  0> +
        (-0.0009732,-0.0000002)|   3, 2, 2;0,  0;0,  0> +
        (-0.0000003,-0.0009353)|   0, 3, 1;0,  0;0,  0> +
        ( 0.0000894,-0.0008914)|   1, 1, 3;0,  0;0,  0> +
        (-0.0007170,-0.0002967)|   1, 1, 2;0,  0;0,  0> +
        (-0.0001037,-0.0007105)|   2, 0, 3;0,  0;0,  0> +
        (-0.0006684, 0.0000898)|   2, 1, 2;0,  0;0,  0> +
        ( 0.0006592, 0.0000044)|   4, 2, 0;0,  0;0,  0> +
        (-0.0001058, 0.0006464)|   1, 0, 3;0,  0;0,  0> +
        (-0.0006338,-0.0000028)|   4, 0, 2;0,  0;0,  0> +
        ( 0.0006263,-0.0000000)|   2, 2, 2;0,  0;0,  0> +
        (-0.0005620,-0.0000194)|   3, 0, 2;0,  0;0,  0> +
        ( 0.0005576, 0.0000195)|   3, 2, 0;0,  0;0,  0> +
        ( 0.0000000, 0.0005350)|   1, 3, 3;0,  0;0,  0> +
        (-0.0004902,-0.0000189)|   7, 0, 0;0,  0;0,  0> +
        (-0.0000050,-0.0004731)|   2, 2, 3;0,  0;0,  0> +
        (-0.0001271, 0.0004162)|   1, 3, 1;0,  0;0,  0> +
        (-0.0004186,-0.0000004)|   2, 3, 2;0,  0;0,  0> +
        ( 0.0000003,-0.0004017)|   1, 2, 1;0,  0;0,  0> +
        (-0.0003826,-0.0001022)|   3, 1, 0;0,  0;0,  0> +
        (-0.0001010, 0.0003800)|   3, 0, 1;0,  0;0,  0> +
        (-0.0000004, 0.0003869)|   2, 3, 3;0,  0;0,  0> +
        ( 0.0000116,-0.0003310)|   2, 1, 3;0,  0;0,  0> +
        ( 0.0003248,-0.0000040)|   1, 3, 2;0,  0;0,  0> +
        ( 0.0000001, 0.0002884)|   0, 3, 3;0,  0;0,  0> +
        ( 0.0001333,-0.0001744)|   0, 3, 0;0,  0;0,  0> +
        (-0.0000028, 0.0001793)|   1, 2, 3;0,  0;0,  0> +
        (-0.0000002,-0.0001760)|   0, 1, 3;0,  0;0,  0> +
        (-0.0000032, 0.0001673)|   0, 2, 3;0,  0;0,  0> +
        ( 0.0000080,-0.0001442)|   2, 3, 1;0,  0;0,  0> +
        (-0.0001115,-0.0000001)|   1, 2, 2;0,  0;0,  0> +
        ( 0.0001077,-0.0000032)|   0, 3, 2;0,  0;0,  0> +
        ( 0.0000003, 0.0001027)|   2, 1, 1;0,  0;0,  0> +
        (-0.0000900, 0.0000057)|   4, 2, 2;0,  0;0,  0> +
        (-0.0000045, 0.0000502)|   3, 3, 3;0,  0;0,  0> +
        (-0.0000014, 0.0000358)|   4, 0, 1;0,  0;1,  0> +
        ( 0.0000014,-0.0000358)|   4, 0, 1;1,  0;0,  0> +
        (-0.0000347,-0.0000015)|   4, 1, 0;0,  0;1,  0> +
        ( 0.0000347, 0.0000015)|   4, 1, 0;1,  0;0,  0> +
        (-0.0000055, 0.0000000)|   6, 0, 0;0,  0;0,  0> +
        ( 0.0000000,-0.0000045)|   5, 0, 1;0,  0;0,  0> +
        ( 0.0000035, 0.0000001)|   3, 3, 0;0,  0;0,  0> +
        (-0.0000034,-0.0000001)|   5, 1, 0;0,  0;0,  0> +
        (-0.0000001, 0.0000034)|   3, 0, 3;0,  0;0,  0> +
        ( 0.0000032,-0.0000004)|   5, 0, 2;0,  0;0,  0> +
        ( 0.0000016,-0.0000001)|   2, 1, 0;0,  0;0,  0> +
        (-0.0000001, 0.0000013)|   3, 2, 1;0,  0;0,  0> +
        ( 0.0000012, 0.0000001)|   3, 1, 2;0,  0;0,  0> +
         ...
 |21> = ( 0.9877281,-0.1485569)|  11, 0, 0;0,  0;0,  0> +
        (-0.0157849,-0.0443529)|   7, 0, 1;0,  0;0,  0> +
        (-0.0058204, 0.0005756)|   7, 1, 0;0,  0;0,  0> +
        ( 0.0003367,-0.0044505)|   3, 0, 3;0,  0;0,  0> +
        (-0.0000398, 0.0026687)|   4, 1, 1;0,  0;0,  0> +
        (-0.0026634,-0.0000688)|   3, 1, 2;0,  0;0,  0> +
        (-0.0020047,-0.0001963)|   2, 1, 2;0,  0;0,  0> +
        (-0.0003843,-0.0019680)|   1, 3, 1;0,  0;0,  0> +
        ( 0.0000436, 0.0018831)|   3, 2, 1;0,  0;0,  0> +
        (-0.0005699,-0.0016997)|   5, 0, 2;0,  0;0,  0> +
        ( 0.0005592, 0.0016689)|   5, 2, 0;0,  0;0,  0> +
        ( 0.0001188,-0.0014060)|   5, 3, 1;0,  0;0,  0> +
        (-0.0013547,-0.0000718)|   4, 3, 0;0,  0;0,  0> +
        (-0.0002678,-0.0013114)|   1, 1, 3;0,  0;0,  0> +
        ( 0.0000178,-0.0012979)|   2, 2, 3;0,  0;0,  0> +
        ( 0.0012904,-0.0000238)|   5, 3, 0;0,  0;0,  0> +
        (-0.0000137, 0.0012187)|   5, 0, 3;0,  0;0,  0> +
        (-0.0002631, 0.0011227)|   2, 0, 3;0,  0;0,  0> +
        ( 0.0000643,-0.0009927)|   5, 1, 3;0,  0;0,  0> +
        ( 0.0008877,-0.0000038)|   5, 1, 2;0,  0;0,  0> +
        ( 0.0000840,-0.0008823)|   4, 3, 1;0,  0;0,  0> +
        (-0.0001018, 0.0008155)|   4, 1, 3;0,  0;0,  0> +
        (-0.0007960,-0.0000124)|   6, 0, 2;0,  0;0,  0> +
        (-0.0000031, 0.0007775)|   5, 2, 1;0,  0;0,  0> +
        ( 0.0007571, 0.0000176)|   2, 3, 2;0,  0;0,  0> +
        (-0.0006632,-0.0002125)|   4, 1, 2;0,  0;0,  0> +
        (-0.0006617, 0.0000002)|   4, 2, 2;0,  0;0,  0> +
        ( 0.0000036,-0.0006588)|   3, 1, 3;0,  0;0,  0> +
        ( 0.0005606,-0.0000261)|   4, 3, 2;0,  0;0,  0> +
        ( 0.0000000, 0.0005246)|   0, 3, 3;0,  0;0,  0> +
        ( 0.0002989, 0.0004111)|   3, 3, 0;0,  0;0,  0> +
        ( 0.0000043, 0.0004697)|   3, 2, 3;0,  0;0,  0> +
        (-0.0000104,-0.0004660)|   1, 2, 3;0,  0;0,  0> +
        (-0.0000038, 0.0004620)|   2, 1, 3;0,  0;0,  0> +
        ( 0.0000001, 0.0004496)|   4, 3, 3;0,  0;0,  0> +
        ( 0.0000987, 0.0004293)|   2, 2, 1;0,  0;0,  0> +
        ( 0.0000357,-0.0003954)|   5, 2, 3;0,  0;0,  0> +
        ( 0.0003859,-0.0000013)|   7, 2, 2;0,  0;0,  0> +
        ( 0.0000221,-0.0003594)|  11, 3, 3;0,  0;0,  0> +
        (-0.0000001,-0.0003046)|   2, 3, 3;0,  0;0,  0> +
        ( 0.0000009,-0.0002823)|   7, 3, 3;0,  0;0,  0> +
        ( 0.0000005, 0.0002483)|   6, 3, 3;0,  0;0,  0> +
        (-0.0000010, 0.0002472)|   5, 3, 3;0,  0;0,  0> +
        (-0.0002457,-0.0000001)|   3, 2, 2;0,  0;0,  0> +
        (-0.0002371,-0.0000000)|   5, 2, 2;0,  0;0,  0> +
        (-0.0002143,-0.0000936)|   2, 3, 0;0,  0;0,  0> +
        (-0.0001522,-0.0001745)|   4, 0, 3;0,  0;0,  0> +
        ( 0.0001831, 0.0001263)|   8, 2, 2;0,  0;0,  0> +
        (-0.0000182, 0.0002148)|  10, 3, 3;0,  0;0,  0> +
        ( 0.0000027,-0.0002080)|   1, 2, 1;0,  0;0,  0> +
        ( 0.0002033, 0.0000363)|   5, 3, 2;0,  0;0,  0> +
        ( 0.0001957, 0.0000001)|   8, 1, 0;0,  0;0,  0> +
        ( 0.0001916, 0.0000010)|   6, 2, 2;0,  0;0,  0> +
        (-0.0001880,-0.0000138)|   6, 2, 0;0,  0;0,  0> +
        (-0.0000268, 0.0001734)|   4, 2, 3;0,  0;0,  0> +
        ( 0.0001728, 0.0000296)|   1, 1, 2;0,  0;0,  0> +
        (-0.0001734,-0.0000057)|   6, 3, 2;0,  0;0,  0> +
        (-0.0000062,-0.0001694)|   6, 2, 3;0,  0;0,  0> +
        (-0.0000087, 0.0001335)|   3, 1, 1;0,  0;0,  0> +
        ( 0.0000000, 0.0001316)|   1, 3, 3;0,  0;0,  0> +
        ( 0.0000111,-0.0001005)|   0, 2, 3;0,  0;0,  0> +
        ( 0.0000998, 0.0000111)|   0, 3, 2;0,  0;0,  0> +
        (-0.0000702,-0.0000509)|   4, 2, 1;0,  0;0,  0> +
        (-0.0000001,-0.0000866)|   3, 3, 3;0,  0;0,  0> +
        (-0.0000826,-0.0000102)|   1, 3, 2;0,  0;0,  0> +
        ( 0.0000784, 0.0000041)|   3, 3, 2;0,  0;0,  0> +
        ( 0.0000038, 0.0000584)|   2, 3, 1;0,  0;0,  0> +
        ( 0.0000493,-0.0000074)|  11, 0, 0;0,  0;1,  0> +
        (-0.0000493, 0.0000074)|  11, 0, 0;1,  0;0,  0> +
        ( 0.0000125, 0.0000407)|   5, 1, 1;0,  0;0,  0> +
        ( 0.0000412, 0.0000019)|   7, 3, 2;0,  0;0,  0> +
        (-0.0000058, 0.0000391)|   7, 2, 3;0,  0;0,  0> +
        ( 0.0000262,-0.0000001)|  10, 0, 0;0,  0;0,  0> +
        (-0.0000002,-0.0000252)|   9, 3, 3;0,  0;0,  0> +
        ( 0.0000015,-0.0000198)|   8, 3, 3;0,  0;0,  0> +
        (-0.0000186, 0.0000001)|  12, 0, 0;0,  0;0,  0> +
        ( 0.0000135,-0.0000126)|   1, 3, 0;0,  0;0,  0> +
        (-0.0000125, 0.0000123)|   8, 0, 1;0,  0;0,  0> +
        (-0.0000120,-0.0000050)|   3, 3, 1;0,  0;0,  0> +
        ( 0.0000029, 0.0000067)|   1, 0, 3;0,  0;0,  0> +
        ( 0.0000052,-0.0000003)|   5, 1, 0;0,  0;0,  0> +
        ( 0.0000049,-0.0000017)|   6, 1, 0;0,  0;0,  0> +
        (-0.0000049,-0.0000002)|   4, 2, 0;0,  0;0,  0> +
        (-0.0000046,-0.0000014)|   9, 0, 0;0,  0;0,  0> +
        ( 0.0000015,-0.0000045)|   6, 0, 1;0,  0;0,  0> +
        ( 0.0000036, 0.0000002)|   4, 0, 2;0,  0;0,  0> +
        (-0.0000030,-0.0000008)|   8, 0, 0;0,  0;0,  0> +
        (-0.0000026, 0.0000006)|   0, 1, 2;0,  0;0,  0> +
        (-0.0000003,-0.0000024)|   2, 1, 1;0,  0;0,  0> +
        ( 0.0000008, 0.0000022)|   7, 0, 1;1,  0;0,  0> +
        (-0.0000008,-0.0000022)|   7, 0, 1;0,  0;1,  0> +
        (-0.0000016,-0.0000001)|   7, 0, 2;0,  0;0,  0> +
        (-0.0000014, 0.0000001)|   8, 2, 3;0,  0;0,  0> +
        (-0.0000014,-0.0000000)|   7, 0, 0;0,  0;0,  0> +
        ( 0.0000000, 0.0000014)|   0, 1, 3;0,  0;0,  0> +
        ( 0.0000011, 0.0000001)|   4, 1, 0;0,  0;0,  0> +
        (-0.0000011, 0.0000000)|   7, 2, 0;0,  0;0,  0> +
         ...
 |22> = (-0.8345538,-0.0403641)|   5, 1, 0;0,  0;0,  0> +
        (-0.0161555, 0.5487420)|   5, 0, 1;0,  0;0,  0> +
        (-0.0008694, 0.0197860)|   2, 1, 1;0,  0;0,  0> +
        (-0.0088036,-0.0008758)|   9, 0, 0;0,  0;0,  0> +
        (-0.0032271,-0.0000935)|   2, 3, 0;0,  0;0,  0> +
        ( 0.0027321, 0.0000009)|   3, 2, 2;0,  0;0,  0> +
        (-0.0021654,-0.0004851)|   1, 1, 2;0,  0;0,  0> +
        (-0.0001788, 0.0017346)|   1, 0, 3;0,  0;0,  0> +
        ( 0.0012824, 0.0002783)|   5, 2, 0;0,  0;0,  0> +
        ( 0.0012923, 0.0000012)|   4, 2, 0;0,  0;0,  0> +
        ( 0.0000187, 0.0012918)|   1, 2, 1;0,  0;0,  0> +
        ( 0.0000001, 0.0012852)|   1, 3, 3;0,  0;0,  0> +
        (-0.0012755,-0.0000009)|   4, 0, 2;0,  0;0,  0> +
        ( 0.0000026,-0.0012189)|   1, 3, 1;0,  0;0,  0> +
        ( 0.0010378,-0.0002823)|   5, 0, 2;0,  0;0,  0> +
        (-0.0010306,-0.0000216)|   3, 3, 0;0,  0;0,  0> +
        (-0.0001013,-0.0009785)|   2, 0, 3;0,  0;0,  0> +
        ( 0.0000047,-0.0008647)|   3, 0, 3;0,  0;0,  0> +
        (-0.0002166, 0.0007023)|   1, 1, 3;0,  0;0,  0> +
        ( 0.0000000, 0.0007054)|   0, 3, 3;0,  0;0,  0> +
        (-0.0006724, 0.0000159)|   5, 2, 2;0,  0;0,  0> +
        ( 0.0000519,-0.0006649)|   2, 3, 1;0,  0;0,  0> +
        (-0.0006540, 0.0001114)|   1, 3, 0;0,  0;0,  0> +
        (-0.0000386,-0.0006619)|   2, 2, 1;0,  0;0,  0> +
        (-0.0005679, 0.0001119)|   6, 1, 0;0,  0;0,  0> +
        (-0.0000058,-0.0005613)|   3, 2, 1;0,  0;0,  0> +
        ( 0.0005323,-0.0000015)|   3, 3, 2;0,  0;0,  0> +
        ( 0.0000518,-0.0005018)|   0, 2, 3;0,  0;0,  0> +
        ( 0.0004336, 0.0000518)|   0, 3, 2;0,  0;0,  0> +
        ( 0.0004151,-0.0000142)|   1, 3, 2;0,  0;0,  0> +
        (-0.0004036, 0.0000064)|   3, 1, 2;0,  0;0,  0> +
        (-0.0000002, 0.0004022)|   3, 2, 3;0,  0;0,  0> +
        ( 0.0002821,-0.0000377)|   2, 1, 2;0,  0;0,  0> +
        (-0.0002663, 0.0000017)|   4, 3, 2;0,  0;0,  0> +
        ( 0.0000023,-0.0002620)|   4, 2, 3;0,  0;0,  0> +
        ( 0.0000002, 0.0002268)|   0, 3, 1;0,  0;0,  0> +
        ( 0.0000144,-0.0002140)|   3, 1, 1;0,  0;0,  0> +
        (-0.0000162,-0.0002120)|   2, 1, 3;0,  0;0,  0> +
        (-0.0000000,-0.0002103)|   4, 3, 3;0,  0;0,  0> +
        ( 0.0000002, 0.0001812)|   0, 1, 3;0,  0;0,  0> +
        ( 0.0000000,-0.0001494)|   2, 2, 3;0,  0;0,  0> +
        (-0.0000086, 0.0001255)|   5, 3, 3;0,  0;0,  0> +
        (-0.0001055, 0.0000001)|   2, 3, 2;0,  0;0,  0> +
        (-0.0000138,-0.0001040)|   1, 2, 3;0,  0;0,  0> +
        (-0.0000000,-0.0000907)|   2, 3, 3;0,  0;0,  0> +
        (-0.0000004,-0.0000866)|   6, 3, 3;0,  0;0,  0> +
        ( 0.0000002, 0.0000842)|   3, 3, 3;0,  0;0,  0> +
        ( 0.0000650,-0.0000008)|   8, 0, 0;0,  0;0,  0> +
        (-0.0000416,-0.0000020)|   5, 1, 0;0,  0;1,  0> +
        ( 0.0000416, 0.0000020)|   5, 1, 0;1,  0;0,  0> +
        (-0.0000019, 0.0000404)|   4, 0, 3;0,  0;0,  0> +
        ( 0.0000386, 0.0000018)|   4, 3, 0;0,  0;0,  0> +
        ( 0.0000071, 0.0000367)|   0, 2, 1;0,  0;0,  0> +
        ( 0.0000347,-0.0000000)|   2, 2, 2;0,  0;0,  0> +
        ( 0.0000333,-0.0000002)|   4, 2, 2;0,  0;0,  0> +
        (-0.0000305,-0.0000079)|   0, 1, 2;0,  0;0,  0> +
        ( 0.0000008,-0.0000274)|   5, 0, 1;1,  0;0,  0> +
        (-0.0000008, 0.0000274)|   5, 0, 1;0,  0;1,  0> +
        ( 0.0000226, 0.0000009)|   4, 1, 2;0,  0;0,  0> +
        (-0.0000009, 0.0000202)|   4, 2, 1;0,  0;0,  0> +
        ( 0.0000005,-0.0000194)|   6, 0, 1;0,  0;0,  0> +
        (-0.0000081,-0.0000164)|   0, 0, 3;0,  0;0,  0> +
        ( 0.0000001,-0.0000150)|   3, 1, 3;0,  0;0,  0> +
        ( 0.0000128, 0.0000006)|   0, 3, 0;0,  0;0,  0> +
        ( 0.0000002, 0.0000126)|   4, 0, 1;0,  0;0,  0> +
        ( 0.0000111, 0.0000001)|   7, 0, 0;0,  0;0,  0> +
        (-0.0000001, 0.0000105)|   1, 1, 1;0,  0;0,  0> +
        ( 0.0000095,-0.0000001)|   4, 1, 0;0,  0;0,  0> +
        (-0.0000000,-0.0000056)|   3, 3, 1;0,  0;0,  0> +
        (-0.0000001, 0.0000049)|   3, 0, 1;0,  0;0,  0> +
        (-0.0000044,-0.0000001)|   3, 0, 2;0,  0;0,  0> +
        ( 0.0000042, 0.0000001)|   3, 2, 0;0,  0;0,  0> +
        (-0.0000026,-0.0000001)|   6, 2, 2;0,  0;0,  0> +
        (-0.0000021,-0.0000001)|   3, 1, 0;0,  0;0,  0> +
        (-0.0000000,-0.0000016)|   7, 3, 3;0,  0;0,  0> +
        ( 0.0000001,-0.0000014)|   4, 1, 1;0,  0;0,  0> +
        ( 0.0000012, 0.0000000)|   6, 0, 0;0,  0;0,  0> +
         ...
 |23> = ( 0.0046626,-0.8357713)|   5, 0, 1;0,  0;0,  0> +
        (-0.5487519,-0.0134276)|   5, 1, 0;0,  0;0,  0> +
        (-0.0004564, 0.0103915)|   2, 1, 1;0,  0;0,  0> +
        (-0.0031311,-0.0001177)|   1, 3, 0;0,  0;0,  0> +
        ( 0.0029538, 0.0000016)|   4, 0, 2;0,  0;0,  0> +
        (-0.0029362,-0.0000025)|   4, 2, 0;0,  0;0,  0> +
        ( 0.0017513, 0.0004040)|   1, 1, 2;0,  0;0,  0> +
        ( 0.0015517, 0.0000173)|   5, 0, 2;0,  0;0,  0> +
        ( 0.0015420, 0.0001535)|   9, 0, 0;0,  0;0,  0> +
        ( 0.0000702, 0.0014471)|   1, 0, 3;0,  0;0,  0> +
        ( 0.0012261,-0.0000183)|   5, 2, 0;0,  0;0,  0> +
        ( 0.0005613, 0.0010754)|   2, 2, 1;0,  0;0,  0> +
        ( 0.0000783, 0.0011886)|   1, 2, 1;0,  0;0,  0> +
        (-0.0011322,-0.0000223)|   3, 3, 0;0,  0;0,  0> +
        (-0.0000556, 0.0010761)|   1, 1, 3;0,  0;0,  0> +
        ( 0.0000270,-0.0010099)|   3, 0, 3;0,  0;0,  0> +
        ( 0.0009368, 0.0000360)|   0, 1, 2;0,  0;0,  0> +
        (-0.0007723, 0.0000033)|   5, 2, 2;0,  0;0,  0> +
        ( 0.0000379,-0.0006412)|   0, 2, 3;0,  0;0,  0> +
        ( 0.0006174, 0.0000014)|   2, 3, 2;0,  0;0,  0> +
        (-0.0000002,-0.0004995)|   0, 1, 3;0,  0;0,  0> +
        (-0.0000003, 0.0004627)|   4, 3, 3;0,  0;0,  0> +
        (-0.0004440, 0.0000003)|   4, 2, 2;0,  0;0,  0> +
        (-0.0001141,-0.0004160)|   2, 0, 3;0,  0;0,  0> +
        ( 0.0000016, 0.0004201)|   2, 2, 3;0,  0;0,  0> +
        ( 0.0000046,-0.0003904)|   5, 3, 3;0,  0;0,  0> +
        (-0.0000001,-0.0003867)|   3, 3, 3;0,  0;0,  0> +
        ( 0.0003714,-0.0000019)|   8, 0, 0;0,  0;0,  0> +
        ( 0.0003227, 0.0001326)|   2, 3, 0;0,  0;0,  0> +
        ( 0.0003057, 0.0001451)|   2, 1, 2;0,  0;0,  0> +
        ( 0.0000023,-0.0003039)|   2, 1, 3;0,  0;0,  0> +
        (-0.0000000, 0.0002853)|   1, 3, 3;0,  0;0,  0> +
        (-0.0000124,-0.0002746)|   0, 2, 1;0,  0;0,  0> +
        (-0.0002451,-0.0000139)|   3, 1, 2;0,  0;0,  0> +
        (-0.0002427,-0.0000211)|   0, 3, 0;0,  0;0,  0> +
        ( 0.0000001,-0.0002200)|   2, 3, 3;0,  0;0,  0> +
        (-0.0002160,-0.0000000)|   3, 2, 2;0,  0;0,  0> +
        ( 0.0001585,-0.0001184)|   1, 3, 1;0,  0;0,  0> +
        ( 0.0000114,-0.0001928)|   3, 2, 1;0,  0;0,  0> +
        (-0.0001734, 0.0000058)|   1, 3, 2;0,  0;0,  0> +
        ( 0.0000007,-0.0001466)|   2, 3, 1;0,  0;0,  0> +
        ( 0.0000069,-0.0001397)|   0, 0, 3;0,  0;0,  0> +
        (-0.0000000, 0.0001362)|   0, 3, 3;0,  0;0,  0> +
        (-0.0000000, 0.0001102)|   0, 3, 1;0,  0;0,  0> +
        ( 0.0000004,-0.0001052)|   3, 2, 3;0,  0;0,  0> +
        (-0.0000950, 0.0000032)|   3, 3, 2;0,  0;0,  0> +
        ( 0.0000784,-0.0000155)|   6, 1, 0;0,  0;0,  0> +
        ( 0.0000422, 0.0000378)|   0, 3, 2;0,  0;0,  0> +
        ( 0.0000002,-0.0000417)|   5, 0, 1;0,  0;1,  0> +
        (-0.0000002, 0.0000417)|   5, 0, 1;1,  0;0,  0> +
        ( 0.0000057, 0.0000390)|   1, 2, 3;0,  0;0,  0> +
        (-0.0000358, 0.0000000)|   2, 2, 2;0,  0;0,  0> +
        (-0.0000020, 0.0000300)|   3, 1, 1;0,  0;0,  0> +
        ( 0.0000279,-0.0000002)|   4, 3, 2;0,  0;0,  0> +
        (-0.0000274,-0.0000007)|   5, 1, 0;0,  0;1,  0> +
        ( 0.0000274, 0.0000007)|   5, 1, 0;1,  0;0,  0> +
        (-0.0000002, 0.0000257)|   4, 2, 3;0,  0;0,  0> +
        (-0.0000160,-0.0000002)|   7, 0, 0;0,  0;0,  0> +
        (-0.0000000, 0.0000159)|   4, 0, 1;0,  0;0,  0> +
        ( 0.0000001, 0.0000123)|   6, 3, 3;0,  0;0,  0> +
        ( 0.0000095,-0.0000002)|   4, 1, 0;0,  0;0,  0> +
        (-0.0000016, 0.0000082)|   6, 0, 1;0,  0;0,  0> +
        (-0.0000009,-0.0000061)|   3, 0, 1;0,  0;0,  0> +
        ( 0.0000053,-0.0000009)|   3, 1, 0;0,  0;0,  0> +
        ( 0.0000002,-0.0000033)|   4, 0, 3;0,  0;0,  0> +
        (-0.0000029,-0.0000002)|   4, 3, 0;0,  0;0,  0> +
        (-0.0000021,-0.0000001)|   4, 1, 2;0,  0;0,  0> +
        (-0.0000000, 0.0000019)|   3, 1, 3;0,  0;0,  0> +
        ( 0.0000001,-0.0000019)|   4, 2, 1;0,  0;0,  0> +
        (-0.0000016,-0.0000001)|   3, 0, 2;0,  0;0,  0> +
         ...
 |24> = (-0.9998706, 0.0019512)|  12, 0, 0;0,  0;0,  0> +
        (-0.0094910,-0.0001145)|   8, 1, 0;0,  0;0,  0> +
        (-0.0065780, 0.0004845)|   6, 2, 0;0,  0;0,  0> +
        ( 0.0060210,-0.0004459)|   6, 0, 2;0,  0;0,  0> +
        (-0.0017851,-0.0057297)|   5, 1, 1;0,  0;0,  0> +
        ( 0.0012159, 0.0034011)|   7, 0, 1;0,  0;0,  0> +
        ( 0.0032300, 0.0002623)|   7, 0, 2;0,  0;0,  0> +
        ( 0.0019001, 0.0007960)|   4, 1, 2;0,  0;0,  0> +
        ( 0.0019728, 0.0000043)|   7, 2, 0;0,  0;0,  0> +
        ( 0.0002751, 0.0016098)|   1, 3, 1;0,  0;0,  0> +
        (-0.0002324, 0.0013758)|   7, 2, 3;0,  0;0,  0> +
        ( 0.0000360,-0.0013625)|   5, 0, 3;0,  0;0,  0> +
        ( 0.0012532,-0.0000130)|   3, 3, 2;0,  0;0,  0> +
        ( 0.0011664,-0.0000832)|   3, 1, 2;0,  0;0,  0> +
        (-0.0000394,-0.0009858)|   3, 2, 1;0,  0;0,  0> +
        (-0.0009756,-0.0000088)|   5, 3, 0;0,  0;0,  0> +
        (-0.0008725,-0.0002283)|   7, 3, 2;0,  0;0,  0> +
        (-0.0000153, 0.0008735)|   3, 1, 3;0,  0;0,  0> +
        ( 0.0002272, 0.0008258)|   1, 1, 3;0,  0;0,  0> +
        ( 0.0000267,-0.0008399)|   5, 1, 3;0,  0;0,  0> +
        ( 0.0006060,-0.0004858)|   8, 0, 1;0,  0;0,  0> +
        (-0.0007518,-0.0000002)|   5, 2, 2;0,  0;0,  0> +
        (-0.0006890, 0.0000554)|   7, 1, 0;0,  0;0,  0> +
        (-0.0000635, 0.0006798)|   5, 2, 3;0,  0;0,  0> +
        (-0.0006553,-0.0000001)|   4, 2, 2;0,  0;0,  0> +
        (-0.0006536, 0.0000026)|   7, 2, 2;0,  0;0,  0> +
        ( 0.0000091,-0.0006100)|   2, 1, 3;0,  0;0,  0> +
        (-0.0005781,-0.0000072)|   2, 3, 2;0,  0;0,  0> +
        ( 0.0004182,-0.0003451)|   4, 2, 1;0,  0;0,  0> +
        ( 0.0000450,-0.0005332)|   3, 3, 1;0,  0;0,  0> +
        ( 0.0004268, 0.0003075)|   8, 2, 2;0,  0;0,  0> +
        ( 0.0001367,-0.0004479)|   4, 0, 3;0,  0;0,  0> +
        ( 0.0000037, 0.0004668)|   9, 3, 3;0,  0;0,  0> +
        ( 0.0004458,-0.0000367)|   8, 2, 3;0,  0;0,  0> +
        (-0.0004298, 0.0000389)|   5, 1, 2;0,  0;0,  0> +
        (-0.0000168, 0.0004090)|   5, 3, 1;0,  0;0,  0> +
        (-0.0000235, 0.0003894)|   2, 3, 1;0,  0;0,  0> +
        (-0.0003842,-0.0000642)|   5, 3, 2;0,  0;0,  0> +
        (-0.0000000,-0.0003737)|   1, 3, 3;0,  0;0,  0> +
        (-0.0000000,-0.0003128)|   3, 3, 3;0,  0;0,  0> +
        (-0.0000037,-0.0003103)|   1, 2, 3;0,  0;0,  0> +
        (-0.0000054, 0.0003083)|   6, 2, 3;0,  0;0,  0> +
        (-0.0000001,-0.0003075)|   2, 3, 3;0,  0;0,  0> +
        ( 0.0002979,-0.0000728)|   4, 3, 0;0,  0;0,  0> +
        (-0.0000212, 0.0003004)|   4, 3, 1;0,  0;0,  0> +
        (-0.0000074, 0.0002697)|   2, 2, 3;0,  0;0,  0> +
        ( 0.0002218, 0.0000006)|   6, 2, 2;0,  0;0,  0> +
        (-0.0000114,-0.0002056)|   4, 2, 3;0,  0;0,  0> +
        (-0.0000001, 0.0001904)|   4, 3, 3;0,  0;0,  0> +
        (-0.0001683,-0.0000036)|   1, 3, 2;0,  0;0,  0> +
        ( 0.0001660,-0.0000257)|  11, 0, 0;0,  0;0,  0> +
        (-0.0000090, 0.0001638)|  11, 3, 3;0,  0;0,  0> +
        (-0.0001222,-0.0000574)|   3, 3, 0;0,  0;0,  0> +
        (-0.0000420, 0.0001244)|   8, 3, 2;0,  0;0,  0> +
        (-0.0000099, 0.0001309)|   8, 3, 3;0,  0;0,  0> +
        ( 0.0001234,-0.0000348)|   9, 2, 3;0,  0;0,  0> +
        ( 0.0000005,-0.0001220)|   5, 3, 3;0,  0;0,  0> +
        (-0.0000330,-0.0001164)|   9, 3, 2;0,  0;0,  0> +
        (-0.0000846,-0.0000073)|   3, 0, 3;0,  0;0,  0> +
        (-0.0000133, 0.0000819)|   3, 2, 3;0,  0;0,  0> +
        (-0.0000001,-0.0000812)|   6, 3, 3;0,  0;0,  0> +
        ( 0.0000149,-0.0000671)|   4, 1, 3;0,  0;0,  0> +
        (-0.0000682,-0.0000060)|   6, 3, 2;0,  0;0,  0> +
        ( 0.0000050,-0.0000599)|  10, 3, 3;0,  0;0,  0> +
        (-0.0000000, 0.0000586)|   0, 3, 3;0,  0;0,  0> +
        (-0.0000499, 0.0000001)|  12, 0, 0;0,  0;1,  0> +
        ( 0.0000499,-0.0000001)|  12, 0, 0;1,  0;0,  0> +
        (-0.0000446,-0.0000115)|   4, 3, 2;0,  0;0,  0> +
        ( 0.0000001,-0.0000421)|   7, 3, 3;0,  0;0,  0> +
        (-0.0000226,-0.0000346)|  13, 3, 3;0,  0;0,  0> +
        ( 0.0000023,-0.0000390)|  12, 3, 3;0,  0;0,  0> +
        (-0.0000279,-0.0000077)|   5, 2, 1;0,  0;0,  0> +
        ( 0.0000147,-0.0000092)|   9, 2, 2;0,  0;0,  0> +
        (-0.0000007, 0.0000087)|   1, 2, 1;0,  0;0,  0> +
        (-0.0000052,-0.0000054)|   2, 2, 1;0,  0;0,  0> +
        (-0.0000068,-0.0000025)|   2, 1, 2;0,  0;0,  0> +
        ( 0.0000069, 0.0000000)|   6, 3, 0;0,  0;0,  0> +
        (-0.0000065,-0.0000014)|   1, 1, 2;0,  0;0,  0> +
        ( 0.0000060,-0.0000015)|   2, 3, 0;0,  0;0,  0> +
        (-0.0000056, 0.0000005)|  10, 0, 0;0,  0;0,  0> +
        ( 0.0000000, 0.0000055)|   2, 0, 3;0,  0;0,  0> +
        ( 0.0000024, 0.0000040)|   5, 2, 0;0,  0;0,  0> +
        (-0.0000014,-0.0000038)|   5, 0, 2;0,  0;0,  0> +
        ( 0.0000028, 0.0000024)|   9, 1, 0;0,  0;0,  0> +
        (-0.0000007, 0.0000030)|   6, 1, 3;0,  0;0,  0> +
        (-0.0000028,-0.0000003)|   6, 1, 2;0,  0;0,  0> +
        (-0.0000027,-0.0000001)|   0, 1, 2;0,  0;0,  0> +
        ( 0.0000003,-0.0000027)|   0, 2, 3;0,  0;0,  0> +
        ( 0.0000026, 0.0000003)|   0, 3, 2;0,  0;0,  0> +
        (-0.0000001, 0.0000026)|   4, 1, 1;0,  0;0,  0> +
        ( 0.0000023, 0.0000001)|   8, 0, 0;0,  0;0,  0> +
        ( 0.0000004,-0.0000023)|   6, 2, 1;0,  0;0,  0> +
        (-0.0000023,-0.0000000)|   4, 2, 0;0,  0;0,  0> +
        (-0.0000021, 0.0000001)|   9, 0, 1;0,  0;0,  0> +
        ( 0.0000021, 0.0000000)|   4, 0, 2;0,  0;0,  0> +
        ( 0.0000000,-0.0000019)|   1, 0, 3;0,  0;0,  0> +
        ( 0.0000006,-0.0000017)|   6, 0, 1;0,  0;0,  0> +
        ( 0.0000017,-0.0000004)|   6, 1, 0;0,  0;0,  0> +
        ( 0.0000000, 0.0000017)|   5, 0, 1;0,  0;0,  0> +
        ( 0.0000014, 0.0000003)|   9, 0, 0;0,  0;0,  0> +
        (-0.0000004,-0.0000013)|  13, 0, 0;0,  0;0,  0> +
        ( 0.0000003,-0.0000011)|   3, 1, 1;0,  0;0,  0> +
         ...
