# Parameters of the model
#  mass:		    261.00 u
#  charge:	      1.00 e
#  dipole:	      4.74 D
#  B:		    503.65 MHz
#  omega_rho:	      1.40 MHz
#  omega_z:	      0.15 MHz

# Basis truncation:	|34,4,4;2,2>
# omega_1:	      0.25 MHz
# omega_3/5:	      1.39 MHz
# Basis size:		44064

# Active terms of the Hamiltionian:
# 	Nomal modes:	1
# 	T_rot:      	1
# 	V_qd^{(0)}: 	1
# 	V_qd^{(1)}: 	1
# 	V_dd^{(0)}: 	1

# Results of the diagonalisation

# 100 smallest eigenvalues
 6.005878925 7.172786713 7.853627205 9.010875702 9.965004921 11.097806931 11.452489853 11.500477791 12.244414330 12.666085243 12.756588936 13.217343330 13.539689064 13.647999763 13.821147919 14.404019356 14.412132263 14.964873314 15.649477005 15.683473587 15.934528351 16.426633835 16.565704346 16.909454346 16.952148438 17.103279114 17.146299362 17.556430817 17.592060089 17.995136261 18.002056122 18.032356262 18.152973175 18.493591309 18.676326752 18.862022400 18.978519440 19.106824875 19.144155502 19.519504547 19.700136185 20.011182785 20.108234406 20.108848572 20.327087402 20.485126495 20.496034622 20.957056046 21.048547745 21.174657822 21.248401642 21.429010391 21.556648254 22.081838608 22.095991135 22.201305389 22.487411499 22.503557205 22.567426682 22.584352493 22.601915359 22.607372284 22.640398026 23.020429611 23.138278961 23.139511108 23.349847794 23.484327316 23.501228333 23.510709763 23.529478073 23.711738586 23.743923187 23.935895920 24.135536194 24.307104111 24.307550430 24.457687378 24.520479202 24.539415359 24.625724792 24.634115219 24.753099442 24.921083450 25.067295074 25.259176254 25.316627502 25.462524414 25.496740341 25.515262604 25.543153763 25.587509155 25.708312988 25.775594711 25.843597412 26.058406830 26.148654938 26.320770264 26.586692810 26.591077805

# Ground state and the lowest excitations:
 | 0> = ( 1.0000000, 0.0000000)|   0, 0, 0;0,  0;0,  0> +
        (-0.0000582, 0.0000000)|   0, 0, 0;1,  0;0,  0> +
        ( 0.0000582, 0.0000000)|   0, 0, 0;0,  0;1,  0> +
         ...
 | 1> = ( 0.9999983, 0.0000000)|   1, 0, 0;0,  0;0,  0> +
        ( 0.0001669, 0.0000000)|   2, 0, 0;0,  0;0,  0> +
        (-0.0000584,-0.0000000)|   1, 0, 0;1,  0;0,  0> +
        ( 0.0000582,-0.0000000)|   1, 0, 0;0,  0;1,  0> +
        ( 0.0000027,-0.0000000)|   0, 2, 0;0,  0;0,  0> +
        ( 0.0000027, 0.0000000)|   0, 0, 2;0,  0;0,  0> +
        ( 0.0000000, 0.0000019)|   3, 0, 1;0,  0;0,  0> +
        ( 0.0000016, 0.0000000)|   3, 0, 0;0,  0;0,  0> +
        ( 0.0000013, 0.0000000)|   3, 1, 0;0,  0;0,  0> +
        ( 0.0000000, 0.0000012)|   0, 0, 1;0,  0;0,  0> +
         ...
 | 2> = ( 0.9999986, 0.0000000)|   2, 0, 0;0,  0;0,  0> +
        (-0.0012002,-0.0000000)|   0, 0, 2;0,  0;0,  0> +
        (-0.0011999, 0.0000000)|   0, 2, 0;0,  0;0,  0> +
        (-0.0001671,-0.0000000)|   1, 0, 0;0,  0;0,  0> +
        ( 0.0000582,-0.0000000)|   2, 0, 0;0,  0;1,  0> +
        (-0.0000582,-0.0000000)|   2, 0, 0;1,  0;0,  0> +
        ( 0.0000034,-0.0000000)|   0, 1, 0;0,  0;0,  0> +
        ( 0.0000000, 0.0000032)|   0, 0, 1;0,  0;0,  0> +
        (-0.0000019,-0.0000000)|   3, 0, 0;0,  0;0,  0> +
        ( 0.0000015, 0.0000000)|   2, 1, 0;0,  0;0,  0> +
        (-0.0000000,-0.0000014)|   1, 0, 1;0,  0;0,  0> +
        (-0.0000000,-0.0000012)|   3, 0, 1;0,  0;0,  0> +
        ( 0.0000011, 0.0000000)|   4, 1, 0;0,  0;0,  0> +
         ...
 | 3> = (-0.9999857, 0.0000000)|   3, 0, 0;0,  0;0,  0> +
        (-0.0036748, 0.0000000)|   0, 1, 0;0,  0;0,  0> +
        ( 0.0000000, 0.0036324)|   0, 0, 1;0,  0;0,  0> +
        ( 0.0016341,-0.0000000)|   1, 0, 2;0,  0;0,  0> +
        ( 0.0013892, 0.0000000)|   1, 2, 0;0,  0;0,  0> +
        (-0.0000582, 0.0000000)|   3, 0, 0;0,  0;1,  0> +
        ( 0.0000582, 0.0000000)|   3, 0, 0;1,  0;0,  0> +
        ( 0.0000467, 0.0000000)|   0, 0, 2;0,  0;0,  0> +
        (-0.0000467,-0.0000000)|   0, 2, 0;0,  0;0,  0> +
        (-0.0000278,-0.0000000)|   4, 0, 0;0,  0;0,  0> +
        ( 0.0000023, 0.0000000)|   0, 2, 2;0,  0;0,  0> +
        (-0.0000021, 0.0000000)|   2, 0, 0;0,  0;0,  0> +
        ( 0.0000000, 0.0000019)|   1, 0, 1;0,  0;0,  0> +
        ( 0.0000015,-0.0000000)|   1, 0, 0;0,  0;0,  0> +
        ( 0.0000011, 0.0000000)|   1, 1, 0;0,  0;0,  0> +
         ...
 | 4> = (-0.9997820,-0.0000000)|   4, 0, 0;0,  0;0,  0> +
        ( 0.0000000, 0.0143899)|   1, 0, 1;0,  0;0,  0> +
        ( 0.0143866, 0.0000000)|   1, 1, 0;0,  0;0,  0> +
        (-0.0024421,-0.0000000)|   1, 0, 2;0,  0;0,  0> +
        ( 0.0024212, 0.0000000)|   1, 2, 0;0,  0;0,  0> +
        (-0.0023599, 0.0000000)|   2, 2, 0;0,  0;0,  0> +
        (-0.0019502,-0.0000000)|   2, 0, 2;0,  0;0,  0> +
        ( 0.0014800, 0.0000000)|   0, 0, 2;0,  0;0,  0> +
        (-0.0014799,-0.0000000)|   0, 2, 0;0,  0;0,  0> +
        (-0.0002647, 0.0000000)|   0, 2, 2;0,  0;0,  0> +
        ( 0.0000582, 0.0000000)|   4, 0, 0;1,  0;0,  0> +
        (-0.0000582, 0.0000000)|   4, 0, 0;0,  0;1,  0> +
        ( 0.0000405, 0.0000000)|   2, 1, 0;0,  0;0,  0> +
        ( 0.0000000, 0.0000383)|   2, 0, 1;0,  0;0,  0> +
        ( 0.0000268,-0.0000000)|   3, 0, 0;0,  0;0,  0> +
        (-0.0000000, 0.0000085)|   0, 0, 1;0,  0;0,  0> +
        (-0.0000084,-0.0000000)|   0, 1, 0;0,  0;0,  0> +
        (-0.0000000,-0.0000024)|   3, 0, 1;0,  0;0,  0> +
         ...
 | 5> = (-0.9999557,-0.0002793)|   5, 0, 0;0,  0;0,  0> +
        ( 0.0066797, 0.0002202)|   2, 1, 0;0,  0;0,  0> +
        ( 0.0002188,-0.0060795)|   2, 0, 1;0,  0;0,  0> +
        (-0.0000042, 0.0011348)|   0, 1, 1;0,  0;0,  0> +
        ( 0.0010842, 0.0000063)|   3, 2, 0;0,  0;0,  0> +
        ( 0.0009888,-0.0000122)|   3, 0, 2;0,  0;0,  0> +
        ( 0.0000189, 0.0008024)|   0, 2, 1;0,  0;0,  0> +
        ( 0.0005539, 0.0000181)|   4, 1, 0;0,  0;0,  0> +
        ( 0.0000072,-0.0005374)|   0, 0, 3;0,  0;0,  0> +
        (-0.0000011, 0.0004234)|   1, 0, 1;0,  0;0,  0> +
        (-0.0004217,-0.0000011)|   1, 1, 0;0,  0;0,  0> +
        ( 0.0000099, 0.0004168)|   4, 0, 1;0,  0;0,  0> +
        (-0.0003974, 0.0000012)|   2, 2, 2;0,  0;0,  0> +
        (-0.0000019, 0.0003218)|   1, 1, 1;0,  0;0,  0> +
        (-0.0003000, 0.0000000)|   1, 2, 2;0,  0;0,  0> +
        ( 0.0002263, 0.0000020)|   4, 0, 2;0,  0;0,  0> +
        ( 0.0001596,-0.0000020)|   4, 2, 0;0,  0;0,  0> +
        ( 0.0001322, 0.0000010)|   0, 1, 2;0,  0;0,  0> +
        (-0.0000711, 0.0000010)|   3, 1, 0;0,  0;0,  0> +
        ( 0.0000582, 0.0000000)|   5, 0, 0;1,  0;0,  0> +
        (-0.0000582,-0.0000000)|   5, 0, 0;0,  0;1,  0> +
        ( 0.0000549,-0.0000130)|   1, 1, 2;0,  0;0,  0> +
        ( 0.0000507, 0.0000210)|   1, 3, 0;0,  0;0,  0> +
        (-0.0000000,-0.0000524)|   0, 1, 3;0,  0;0,  0> +
        (-0.0000313, 0.0000175)|   0, 3, 0;0,  0;0,  0> +
        ( 0.0000247, 0.0000154)|   1, 0, 3;0,  0;0,  0> +
        (-0.0000237, 0.0000039)|   2, 3, 0;0,  0;0,  0> +
        (-0.0000195,-0.0000073)|   1, 2, 1;0,  0;0,  0> +
        (-0.0000149, 0.0000009)|   2, 1, 2;0,  0;0,  0> +
        ( 0.0000031,-0.0000130)|   2, 0, 3;0,  0;0,  0> +
        ( 0.0000010,-0.0000111)|   3, 0, 1;0,  0;0,  0> +
        (-0.0000093,-0.0000001)|   0, 3, 2;0,  0;0,  0> +
        (-0.0000092, 0.0000000)|   2, 2, 0;0,  0;0,  0> +
        ( 0.0000091,-0.0000000)|   2, 0, 2;0,  0;0,  0> +
        (-0.0000000,-0.0000091)|   0, 2, 3;0,  0;0,  0> +
        (-0.0000044, 0.0000001)|   7, 0, 0;0,  0;0,  0> +
        ( 0.0000043, 0.0000000)|   6, 0, 0;0,  0;0,  0> +
        ( 0.0000022, 0.0000033)|   2, 2, 1;0,  0;0,  0> +
        (-0.0000002, 0.0000023)|   1, 1, 3;0,  0;0,  0> +
        ( 0.0000022, 0.0000000)|   3, 2, 2;0,  0;0,  0> +
        ( 0.0000014, 0.0000002)|   5, 1, 0;0,  0;0,  0> +
        ( 0.0000000,-0.0000014)|   3, 2, 1;0,  0;0,  0> +
        (-0.0000000, 0.0000014)|   2, 3, 3;0,  0;0,  0> +
        (-0.0000013,-0.0000000)|   3, 1, 2;0,  0;0,  0> +
        (-0.0000002,-0.0000011)|   0, 3, 1;0,  0;0,  0> +
        ( 0.0000002, 0.0000011)|   6, 1, 0;0,  0;0,  0> +
        (-0.0000000,-0.0000010)|   3, 0, 3;0,  0;0,  0> +
         ...
 | 6> = (-0.0000000, 0.7248849)|   0, 0, 1;0,  0;0,  0> +
        ( 0.6888745,-0.0000000)|   0, 1, 0;0,  0;0,  0> +
        ( 0.0001016, 0.0000000)|   3, 0, 0;0,  0;0,  0> +
        ( 0.0000000, 0.0000423)|   0, 0, 1;0,  0;1,  0> +
        (-0.0000000,-0.0000422)|   0, 0, 1;1,  0;0,  0> +
        ( 0.0000401, 0.0000000)|   0, 1, 0;0,  0;1,  0> +
        (-0.0000401,-0.0000000)|   0, 1, 0;1,  0;0,  0> +
        (-0.0000236, 0.0000000)|   1, 2, 0;0,  0;0,  0> +
        (-0.0000140,-0.0000000)|   1, 0, 2;0,  0;0,  0> +
        ( 0.0000111,-0.0000000)|   0, 2, 0;0,  0;0,  0> +
        (-0.0000109, 0.0000000)|   0, 0, 2;0,  0;0,  0> +
        (-0.0000000,-0.0000049)|   1, 0, 1;0,  0;0,  0> +
        (-0.0000047,-0.0000000)|   2, 0, 0;0,  0;0,  0> +
        (-0.0000011,-0.0000000)|   2, 1, 0;0,  0;0,  0> +
        (-0.0000000,-0.0000010)|   2, 1, 1;0,  0;0,  0> +
         ...
 | 7> = (-0.7248717, 0.0000000)|   0, 1, 0;0,  0;0,  0> +
        (-0.0000000, 0.6888623)|   0, 0, 1;0,  0;0,  0> +
        ( 0.0051615, 0.0000000)|   3, 0, 0;0,  0;0,  0> +
        (-0.0012505, 0.0000000)|   1, 2, 0;0,  0;0,  0> +
        (-0.0009738,-0.0000000)|   1, 0, 2;0,  0;0,  0> +
        ( 0.0002279, 0.0000000)|   0, 2, 0;0,  0;0,  0> +
        (-0.0002279,-0.0000000)|   0, 0, 2;0,  0;0,  0> +
        (-0.0000000,-0.0000569)|   1, 0, 1;0,  0;0,  0> +
        (-0.0000559,-0.0000000)|   1, 1, 0;0,  0;0,  0> +
        ( 0.0000422, 0.0000000)|   0, 1, 0;1,  0;0,  0> +
        (-0.0000422,-0.0000000)|   0, 1, 0;0,  0;1,  0> +
        (-0.0000000,-0.0000401)|   0, 0, 1;1,  0;0,  0> +
        (-0.0000000, 0.0000401)|   0, 0, 1;0,  0;1,  0> +
        ( 0.0000280,-0.0000000)|   0, 2, 2;0,  0;0,  0> +
        ( 0.0000205,-0.0000000)|   2, 2, 0;0,  0;0,  0> +
        ( 0.0000191, 0.0000000)|   2, 0, 2;0,  0;0,  0> +
        ( 0.0000092, 0.0000000)|   4, 0, 0;0,  0;0,  0> +
        ( 0.0000023, 0.0000000)|   2, 1, 0;0,  0;0,  0> +
        (-0.0000020,-0.0000001)|   4, 1, 0;0,  0;0,  0> +
        (-0.0000000,-0.0000015)|   3, 0, 1;0,  0;0,  0> +
        (-0.0000000,-0.0000013)|   4, 0, 1;0,  0;0,  0> +
         ...
 | 8> = (-0.9977190,-0.0002611)|   6, 0, 0;0,  0;0,  0> +
        (-0.0473347, 0.0000057)|   3, 1, 0;0,  0;0,  0> +
        (-0.0000078,-0.0473261)|   3, 0, 1;0,  0;0,  0> +
        (-0.0048002,-0.0000032)|   4, 0, 2;0,  0;0,  0> +
        (-0.0042941,-0.0000156)|   4, 2, 0;0,  0;0,  0> +
        ( 0.0000636, 0.0023588)|   1, 0, 3;0,  0;0,  0> +
        ( 0.0023063, 0.0000517)|   1, 3, 0;0,  0;0,  0> +
        ( 0.0022581, 0.0002001)|   0, 3, 0;0,  0;0,  0> +
        ( 0.0018640, 0.0001533)|   3, 2, 0;0,  0;0,  0> +
        (-0.0018516,-0.0001531)|   3, 0, 2;0,  0;0,  0> +
        ( 0.0001344,-0.0015386)|   0, 0, 3;0,  0;0,  0> +
        (-0.0015181,-0.0001133)|   0, 1, 2;0,  0;0,  0> +
        ( 0.0000200, 0.0014466)|   1, 2, 1;0,  0;0,  0> +
        ( 0.0012827, 0.0000227)|   1, 1, 2;0,  0;0,  0> +
        (-0.0005776,-0.0002288)|   0, 3, 2;0,  0;0,  0> +
        (-0.0005929,-0.0000213)|   4, 1, 0;0,  0;0,  0> +
        ( 0.0005421,-0.0000021)|   6, 0, 2;0,  0;0,  0> +
        (-0.0002289, 0.0003912)|   0, 2, 3;0,  0;0,  0> +
        (-0.0000124,-0.0004160)|   4, 0, 1;0,  0;0,  0> +
        ( 0.0004138,-0.0000000)|   2, 2, 2;0,  0;0,  0> +
        (-0.0003940, 0.0000321)|   2, 1, 2;0,  0;0,  0> +
        (-0.0000062,-0.0003494)|   2, 1, 1;0,  0;0,  0> +
        (-0.0003284, 0.0000036)|   6, 2, 0;0,  0;0,  0> +
        (-0.0002772,-0.0000028)|   3, 2, 2;0,  0;0,  0> +
        ( 0.0000006, 0.0002701)|   0, 2, 1;0,  0;0,  0> +
        ( 0.0000698, 0.0002436)|   0, 3, 1;0,  0;0,  0> +
        (-0.0000019,-0.0002109)|   4, 2, 1;0,  0;0,  0> +
        ( 0.0000058,-0.0001472)|   3, 1, 1;0,  0;0,  0> +
        (-0.0001329,-0.0000042)|   4, 1, 2;0,  0;0,  0> +
        (-0.0001264,-0.0000005)|   4, 3, 0;0,  0;0,  0> +
        (-0.0000027,-0.0001201)|   4, 0, 3;0,  0;0,  0> +
        ( 0.0000174,-0.0001165)|   2, 0, 3;0,  0;0,  0> +
        (-0.0000008,-0.0001101)|   0, 1, 3;0,  0;0,  0> +
        ( 0.0000004,-0.0000924)|   1, 1, 1;0,  0;0,  0> +
        (-0.0000046, 0.0000891)|   2, 2, 1;0,  0;0,  0> +
        (-0.0000751, 0.0000002)|   5, 0, 2;0,  0;0,  0> +
        (-0.0000007, 0.0000701)|   3, 2, 1;0,  0;0,  0> +
        ( 0.0000697, 0.0000014)|   3, 1, 2;0,  0;0,  0> +
        (-0.0000650, 0.0000001)|   5, 2, 0;0,  0;0,  0> +
        (-0.0000085,-0.0000637)|   1, 3, 1;0,  0;0,  0> +
        ( 0.0000581, 0.0000000)|   6, 0, 0;1,  0;0,  0> +
        (-0.0000581,-0.0000000)|   6, 0, 0;0,  0;1,  0> +
        (-0.0000023,-0.0000283)|   3, 0, 3;0,  0;0,  0> +
        (-0.0000265,-0.0000033)|   3, 3, 0;0,  0;0,  0> +
        (-0.0000001, 0.0000247)|   0, 3, 3;0,  0;0,  0> +
        (-0.0000242, 0.0000014)|   7, 0, 2;0,  0;0,  0> +
        (-0.0000234,-0.0000012)|   7, 2, 0;0,  0;0,  0> +
        ( 0.0000087,-0.0000143)|   1, 1, 3;0,  0;0,  0> +
        (-0.0000001, 0.0000163)|   2, 1, 3;0,  0;0,  0> +
        ( 0.0000151,-0.0000032)|   2, 3, 0;0,  0;0,  0> +
        ( 0.0000082,-0.0000091)|   4, 1, 1;0,  0;0,  0> +
        ( 0.0000076, 0.0000023)|   5, 0, 1;0,  0;0,  0> +
        ( 0.0000022,-0.0000074)|   2, 3, 1;0,  0;0,  0> +
        ( 0.0000057,-0.0000001)|   7, 0, 0;0,  0;0,  0> +
        (-0.0000052,-0.0000003)|   2, 1, 0;0,  0;0,  0> +
        (-0.0000003, 0.0000051)|   2, 0, 1;0,  0;0,  0> +
        (-0.0000041,-0.0000016)|   7, 1, 0;0,  0;0,  0> +
        ( 0.0000004, 0.0000037)|   4, 1, 3;0,  0;0,  0> +
        ( 0.0000001, 0.0000035)|   1, 3, 3;0,  0;0,  0> +
        ( 0.0000000,-0.0000028)|   3, 0, 1;0,  0;1,  0> +
        (-0.0000000, 0.0000028)|   3, 0, 1;1,  0;0,  0> +
        (-0.0000028, 0.0000000)|   3, 1, 0;0,  0;1,  0> +
        ( 0.0000027,-0.0000000)|   3, 1, 0;1,  0;0,  0> +
        (-0.0000024,-0.0000001)|  10, 0, 0;0,  0;0,  0> +
        (-0.0000022, 0.0000010)|   5, 1, 0;0,  0;0,  0> +
        ( 0.0000021,-0.0000004)|  11, 0, 0;0,  0;0,  0> +
        (-0.0000000,-0.0000020)|   2, 3, 3;0,  0;0,  0> +
        ( 0.0000019,-0.0000000)|   9, 0, 0;0,  0;0,  0> +
        ( 0.0000018,-0.0000001)|   5, 2, 2;0,  0;0,  0> +
        ( 0.0000000, 0.0000017)|   1, 2, 3;0,  0;0,  0> +
        (-0.0000017, 0.0000000)|   8, 0, 0;0,  0;0,  0> +
        ( 0.0000016,-0.0000000)|   6, 2, 2;0,  0;0,  0> +
        (-0.0000001, 0.0000016)|   6, 0, 1;0,  0;0,  0> +
        (-0.0000015,-0.0000000)|   5, 0, 0;0,  0;0,  0> +
        ( 0.0000014, 0.0000004)|   7, 0, 1;0,  0;0,  0> +
        (-0.0000000,-0.0000014)|   3, 3, 1;0,  0;0,  0> +
        ( 0.0000014,-0.0000000)|   1, 3, 2;0,  0;0,  0> +
        ( 0.0000000,-0.0000011)|   3, 2, 3;0,  0;0,  0> +
        ( 0.0000002,-0.0000011)|   3, 1, 3;0,  0;0,  0> +
         ...
 | 9> = (-0.7138609, 0.0000042)|   1, 1, 0;0,  0;0,  0> +
        ( 0.0000042,-0.6999860)|   1, 0, 1;0,  0;0,  0> +
        (-0.0203420, 0.0000000)|   4, 0, 0;0,  0;0,  0> +
        (-0.0012805, 0.0000007)|   2, 0, 2;0,  0;0,  0> +
        (-0.0010426,-0.0000007)|   2, 2, 0;0,  0;0,  0> +
        ( 0.0000002, 0.0004752)|   2, 0, 1;0,  0;0,  0> +
        ( 0.0004712,-0.0000006)|   2, 1, 0;0,  0;0,  0> +
        ( 0.0004162,-0.0000000)|   0, 2, 2;0,  0;0,  0> +
        (-0.0004155,-0.0000000)|   0, 0, 2;0,  0;0,  0> +
        ( 0.0004155, 0.0000000)|   0, 2, 0;0,  0;0,  0> +
        (-0.0003858, 0.0000000)|   1, 0, 2;0,  0;0,  0> +
        ( 0.0003715,-0.0000000)|   1, 2, 0;0,  0;0,  0> +
        ( 0.0000000,-0.0000573)|   0, 0, 1;0,  0;0,  0> +
        ( 0.0000548, 0.0000000)|   0, 1, 0;0,  0;0,  0> +
        (-0.0000417,-0.0000000)|   1, 1, 0;0,  0;1,  0> +
        ( 0.0000415,-0.0000000)|   1, 1, 0;1,  0;0,  0> +
        (-0.0000001, 0.0000408)|   1, 0, 1;1,  0;0,  0> +
        (-0.0000000,-0.0000408)|   1, 0, 1;0,  0;1,  0> +
        ( 0.0000381, 0.0000000)|   1, 2, 2;0,  0;0,  0> +
        ( 0.0000002, 0.0000303)|   0, 0, 3;0,  0;0,  0> +
        ( 0.0000291,-0.0000002)|   0, 3, 0;0,  0;0,  0> +
        ( 0.0000134,-0.0000000)|   0, 1, 2;0,  0;0,  0> +
        (-0.0000002, 0.0000131)|   0, 2, 1;0,  0;0,  0> +
        (-0.0000072,-0.0000004)|   4, 1, 0;0,  0;0,  0> +
        ( 0.0000050,-0.0000000)|   5, 0, 0;0,  0;0,  0> +
        (-0.0000003,-0.0000029)|   4, 0, 1;0,  0;0,  0> +
        ( 0.0000028,-0.0000000)|   3, 1, 0;0,  0;0,  0> +
        (-0.0000025, 0.0000000)|   3, 0, 0;0,  0;0,  0> +
        ( 0.0000012, 0.0000000)|   2, 2, 2;0,  0;0,  0> +
        ( 0.0000009,-0.0000007)|  15, 1, 0;0,  0;0,  0> +
        (-0.0000011,-0.0000000)|   4, 0, 0;0,  0;1,  0> +
        ( 0.0000011, 0.0000000)|   4, 0, 0;1,  0;0,  0> +
        (-0.0000000, 0.0000011)|   0, 1, 1;0,  0;0,  0> +
        (-0.0000011, 0.0000000)|   1, 0, 0;0,  0;0,  0> +
         ...
 |10> = ( 0.0005355, 0.7128425)|   1, 0, 1;0,  0;0,  0> +
        (-0.6989401, 0.0005334)|   1, 1, 0;0,  0;0,  0> +
        ( 0.0404947,-0.0000662)|   2, 1, 0;0,  0;0,  0> +
        ( 0.0000398, 0.0402386)|   2, 0, 1;0,  0;0,  0> +
        ( 0.0043067,-0.0000006)|   1, 2, 2;0,  0;0,  0> +
        ( 0.0000032, 0.0038033)|   0, 0, 3;0,  0;0,  0> +
        ( 0.0037611,-0.0000065)|   0, 3, 0;0,  0;0,  0> +
        (-0.0033669,-0.0000093)|   2, 0, 2;0,  0;0,  0> +
        ( 0.0033247, 0.0000093)|   2, 2, 0;0,  0;0,  0> +
        ( 0.0020110, 0.0000066)|   0, 1, 2;0,  0;0,  0> +
        (-0.0000323, 0.0018818)|   0, 2, 1;0,  0;0,  0> +
        ( 0.0006210,-0.0000022)|   5, 0, 0;0,  0;0,  0> +
        ( 0.0002037,-0.0000000)|   4, 0, 0;0,  0;0,  0> +
        (-0.0000019, 0.0001606)|   0, 1, 1;0,  0;0,  0> +
        ( 0.0001504, 0.0000003)|   2, 2, 2;0,  0;0,  0> +
        ( 0.0000424, 0.0000000)|   0, 2, 2;0,  0;0,  0> +
        (-0.0000000, 0.0000415)|   1, 0, 1;0,  0;1,  0> +
        (-0.0000001,-0.0000415)|   1, 0, 1;1,  0;0,  0> +
        (-0.0000407, 0.0000000)|   1, 1, 0;0,  0;1,  0> +
        ( 0.0000407,-0.0000000)|   1, 1, 0;1,  0;0,  0> +
        ( 0.0000183, 0.0000000)|   1, 0, 2;0,  0;0,  0> +
        (-0.0000181,-0.0000000)|   1, 2, 0;0,  0;0,  0> +
        ( 0.0000158, 0.0000005)|   3, 2, 0;0,  0;0,  0> +
        ( 0.0000108,-0.0000001)|   3, 0, 2;0,  0;0,  0> +
        ( 0.0000000, 0.0000029)|   0, 0, 1;0,  0;0,  0> +
        ( 0.0000028, 0.0000000)|   0, 0, 2;0,  0;0,  0> +
        (-0.0000028, 0.0000000)|   0, 2, 0;0,  0;0,  0> +
        (-0.0000025, 0.0000000)|   3, 1, 0;0,  0;0,  0> +
        (-0.0000002, 0.0000025)|   4, 0, 1;0,  0;0,  0> +
        (-0.0000000, 0.0000025)|   0, 1, 3;0,  0;0,  0> +
        ( 0.0000024,-0.0000000)|   2, 1, 0;0,  0;1,  0> +
        (-0.0000024,-0.0000000)|   2, 1, 0;1,  0;0,  0> +
        (-0.0000000,-0.0000023)|   2, 0, 1;1,  0;0,  0> +
        ( 0.0000000, 0.0000023)|   2, 0, 1;0,  0;1,  0> +
        (-0.0000018, 0.0000000)|   0, 0, 1;1,  0;1,  0> +
        ( 0.0000000,-0.0000013)|   3, 0, 1;0,  0;0,  0> +
        ( 0.0000011, 0.0000000)|   0, 1, 0;0,  0;0,  0> +
         ...
 |11> = (-0.9999452, 0.0088127)|   7, 0, 0;0,  0;0,  0> +
        (-0.0042020,-0.0003173)|   4, 1, 0;0,  0;0,  0> +
        (-0.0002436,-0.0019335)|   4, 0, 1;0,  0;0,  0> +
        (-0.0015140, 0.0000043)|   4, 2, 2;0,  0;0,  0> +
        (-0.0012356,-0.0000075)|   0, 1, 2;0,  0;0,  0> +
        ( 0.0011651, 0.0000635)|   4, 2, 0;0,  0;0,  0> +
        (-0.0011267,-0.0000636)|   4, 0, 2;0,  0;0,  0> +
        ( 0.0009480, 0.0003705)|   5, 1, 0;0,  0;0,  0> +
        ( 0.0000066, 0.0007785)|   0, 2, 1;0,  0;0,  0> +
        ( 0.0007485, 0.0000178)|   1, 1, 2;0,  0;0,  0> +
        (-0.0004800, 0.0005340)|   4, 1, 1;0,  0;0,  0> +
        (-0.0000269, 0.0006862)|   3, 1, 1;0,  0;0,  0> +
        (-0.0000067, 0.0006625)|   0, 0, 3;0,  0;0,  0> +
        (-0.0004857,-0.0002509)|   1, 3, 0;0,  0;0,  0> +
        ( 0.0002646, 0.0003076)|   5, 0, 1;0,  0;0,  0> +
        (-0.0003982, 0.0000014)|   0, 3, 0;0,  0;0,  0> +
        ( 0.0000455,-0.0003780)|   1, 1, 3;0,  0;0,  0> +
        ( 0.0003311,-0.0000486)|   2, 3, 0;0,  0;0,  0> +
        (-0.0003076, 0.0000045)|   2, 3, 2;0,  0;0,  0> +
        (-0.0001647, 0.0001897)|   1, 2, 1;0,  0;0,  0> +
        ( 0.0000119, 0.0002452)|   4, 2, 1;0,  0;0,  0> +
        ( 0.0002282,-0.0000001)|   3, 2, 2;0,  0;0,  0> +
        ( 0.0000049, 0.0002261)|   1, 2, 3;0,  0;0,  0> +
        ( 0.0002178,-0.0000168)|   3, 1, 2;0,  0;0,  0> +
        (-0.0000573, 0.0001914)|   2, 3, 1;0,  0;0,  0> +
        (-0.0001447,-0.0001354)|   1, 0, 3;0,  0;0,  0> +
        (-0.0001975,-0.0000095)|   3, 1, 0;0,  0;0,  0> +
        (-0.0000094, 0.0001965)|   3, 0, 1;0,  0;0,  0> +
        (-0.0001441, 0.0001313)|   2, 2, 1;0,  0;0,  0> +
        ( 0.0001907,-0.0000061)|   3, 3, 0;0,  0;0,  0> +
        ( 0.0000171, 0.0001842)|   5, 1, 1;0,  0;0,  0> +
        (-0.0001324, 0.0000924)|   2, 1, 2;0,  0;0,  0> +
        ( 0.0001365,-0.0000850)|   7, 0, 2;0,  0;0,  0> +
        (-0.0000012,-0.0001541)|   2, 1, 1;0,  0;0,  0> +
        ( 0.0001530,-0.0000004)|   5, 2, 0;0,  0;0,  0> +
        ( 0.0001415,-0.0000049)|   8, 0, 2;0,  0;0,  0> +
        ( 0.0000916,-0.0000923)|   2, 0, 3;0,  0;0,  0> +
        ( 0.0001292,-0.0000006)|   6, 0, 2;0,  0;0,  0> +
        (-0.0001139,-0.0000021)|   4, 3, 0;0,  0;0,  0> +
        ( 0.0000765, 0.0000835)|   7, 2, 0;0,  0;0,  0> +
        (-0.0000014, 0.0001067)|   1, 1, 1;0,  0;0,  0> +
        (-0.0000009, 0.0000982)|   2, 3, 3;0,  0;0,  0> +
        ( 0.0000843, 0.0000038)|   8, 2, 0;0,  0;0,  0> +
        (-0.0000792, 0.0000018)|   9, 2, 0;0,  0;0,  0> +
        (-0.0000737, 0.0000001)|   5, 3, 0;0,  0;0,  0> +
        (-0.0000002,-0.0000692)|   5, 0, 3;0,  0;0,  0> +
        ( 0.0000001, 0.0000680)|   0, 3, 3;0,  0;0,  0> +
        ( 0.0000000, 0.0000671)|   1, 3, 3;0,  0;0,  0> +
        ( 0.0000029,-0.0000615)|   2, 1, 3;0,  0;0,  0> +
        (-0.0000613,-0.0000013)|   9, 0, 2;0,  0;0,  0> +
        ( 0.0000443, 0.0000397)|   1, 3, 1;0,  0;0,  0> +
        (-0.0000582, 0.0000005)|   7, 0, 0;0,  0;1,  0> +
        ( 0.0000582,-0.0000006)|   7, 0, 0;1,  0;0,  0> +
        (-0.0000000, 0.0000538)|   3, 3, 1;0,  0;0,  0> +
        ( 0.0000007, 0.0000487)|   2, 2, 3;0,  0;0,  0> +
        ( 0.0000367, 0.0000132)|   0, 3, 2;0,  0;0,  0> +
        (-0.0000002,-0.0000376)|   5, 2, 1;0,  0;0,  0> +
        (-0.0000376, 0.0000002)|   5, 1, 2;0,  0;0,  0> +
        (-0.0000306, 0.0000171)|   4, 1, 2;0,  0;0,  0> +
        ( 0.0000089, 0.0000310)|   0, 3, 1;0,  0;0,  0> +
        ( 0.0000302,-0.0000000)|   5, 0, 2;0,  0;0,  0> +
        ( 0.0000132,-0.0000268)|   0, 2, 3;0,  0;0,  0> +
        ( 0.0000293, 0.0000055)|   1, 3, 2;0,  0;0,  0> +
        (-0.0000068, 0.0000290)|   3, 1, 3;0,  0;0,  0> +
        ( 0.0000009,-0.0000193)|   4, 0, 3;0,  0;0,  0> +
        (-0.0000174, 0.0000001)|   6, 2, 0;0,  0;0,  0> +
        (-0.0000153, 0.0000004)|   9, 0, 0;0,  0;0,  0> +
        (-0.0000134,-0.0000074)|   3, 2, 1;0,  0;0,  0> +
        (-0.0000086,-0.0000023)|   3, 0, 3;0,  0;0,  0> +
        (-0.0000076,-0.0000032)|   7, 1, 0;0,  0;0,  0> +
        (-0.0000015,-0.0000081)|   6, 1, 0;0,  0;0,  0> +
        ( 0.0000004,-0.0000079)|   3, 3, 3;0,  0;0,  0> +
        ( 0.0000070, 0.0000000)|   7, 2, 2;0,  0;0,  0> +
        (-0.0000009, 0.0000056)|   6, 0, 1;0,  0;0,  0> +
        (-0.0000000, 0.0000036)|   3, 2, 3;0,  0;0,  0> +
        ( 0.0000005,-0.0000034)|   7, 1, 1;0,  0;0,  0> +
        (-0.0000033,-0.0000003)|   3, 0, 2;0,  0;0,  0> +
        (-0.0000029, 0.0000008)|   5, 3, 2;0,  0;0,  0> +
        (-0.0000028, 0.0000000)|   6, 2, 2;0,  0;0,  0> +
        ( 0.0000003,-0.0000026)|   6, 2, 1;0,  0;0,  0> +
        (-0.0000003,-0.0000026)|   6, 3, 1;0,  0;0,  0> +
        ( 0.0000025, 0.0000003)|   3, 2, 0;0,  0;0,  0> +
        (-0.0000023, 0.0000000)|   5, 2, 2;0,  0;0,  0> +
        (-0.0000002,-0.0000021)|   4, 1, 3;0,  0;0,  0> +
        ( 0.0000020,-0.0000000)|   9, 2, 2;0,  0;0,  0> +
        (-0.0000017, 0.0000003)|   6, 1, 2;0,  0;0,  0> +
        ( 0.0000017, 0.0000000)|   5, 0, 0;0,  0;0,  0> +
        ( 0.0000005, 0.0000016)|   8, 1, 0;0,  0;0,  0> +
        (-0.0000015, 0.0000001)|   6, 0, 0;0,  0;0,  0> +
        ( 0.0000014,-0.0000004)|   6, 3, 2;0,  0;0,  0> +
        (-0.0000014,-0.0000000)|   3, 3, 2;0,  0;0,  0> +
        (-0.0000008,-0.0000011)|   7, 0, 1;0,  0;0,  0> +
        (-0.0000007, 0.0000012)|   8, 0, 1;0,  0;0,  0> +
        (-0.0000001, 0.0000012)|   6, 0, 3;0,  0;0,  0> +
        (-0.0000002, 0.0000012)|   8, 1, 1;0,  0;0,  0> +
        (-0.0000003, 0.0000011)|   6, 3, 3;0,  0;0,  0> +
        ( 0.0000000, 0.0000012)|  10, 0, 1;0,  0;0,  0> +
        (-0.0000007, 0.0000009)|  20, 0, 0;0,  0;0,  0> +
        (-0.0000005,-0.0000010)|  10, 1, 0;0,  0;0,  0> +
        ( 0.0000004, 0.0000010)|   5, 2, 3;0,  0;0,  0> +
        (-0.0000001, 0.0000011)|   6, 2, 3;0,  0;0,  0> +
        (-0.0000011, 0.0000000)|   8, 2, 2;0,  0;0,  0> +
        (-0.0000003, 0.0000010)|   7, 2, 3;0,  0;0,  0> +
        (-0.0000011,-0.0000000)|  10, 0, 0;0,  0;0,  0> +
         ...
 |12> = (-0.0260144, 0.7151420)|   2, 0, 1;0,  0;0,  0> +
        (-0.6979204,-0.0258792)|   2, 1, 0;0,  0;0,  0> +
        (-0.0090102,-0.0000234)|   5, 0, 0;0,  0;0,  0> +
        (-0.0000166, 0.0071213)|   0, 1, 1;0,  0;0,  0> +
        (-0.0007638,-0.0000091)|   2, 2, 2;0,  0;0,  0> +
        (-0.0000108,-0.0007412)|   0, 1, 3;0,  0;0,  0> +
        ( 0.0000102, 0.0006205)|   0, 3, 3;0,  0;0,  0> +
        ( 0.0000585, 0.0004807)|   0, 2, 1;0,  0;0,  0> +
        ( 0.0003670,-0.0000137)|   1, 1, 0;0,  0;0,  0> +
        (-0.0000137,-0.0003585)|   1, 0, 1;0,  0;0,  0> +
        ( 0.0002627, 0.0000365)|   0, 3, 0;0,  0;0,  0> +
        ( 0.0002621,-0.0000006)|   1, 2, 2;0,  0;0,  0> +
        ( 0.0001752, 0.0000009)|   2, 0, 2;0,  0;0,  0> +
        (-0.0001745,-0.0000009)|   2, 2, 0;0,  0;0,  0> +
        (-0.0000043,-0.0001734)|   0, 0, 3;0,  0;0,  0> +
        ( 0.0001152,-0.0000135)|   0, 1, 2;0,  0;0,  0> +
        (-0.0000975, 0.0000303)|   3, 2, 0;0,  0;0,  0> +
        (-0.0000171, 0.0000875)|   0, 2, 3;0,  0;0,  0> +
        ( 0.0000738, 0.0000060)|   0, 3, 2;0,  0;0,  0> +
        (-0.0000549, 0.0000002)|   3, 1, 0;0,  0;0,  0> +
        ( 0.0000548, 0.0000001)|   4, 0, 2;0,  0;0,  0> +
        ( 0.0000498,-0.0000002)|   4, 2, 0;0,  0;0,  0> +
        (-0.0000485, 0.0000005)|   1, 3, 0;0,  0;0,  0> +
        ( 0.0000000,-0.0000473)|   3, 0, 1;0,  0;0,  0> +
        ( 0.0000016,-0.0000416)|   2, 0, 1;1,  0;0,  0> +
        (-0.0000015, 0.0000416)|   2, 0, 1;0,  0;1,  0> +
        (-0.0000407,-0.0000015)|   2, 1, 0;0,  0;1,  0> +
        ( 0.0000407, 0.0000015)|   2, 1, 0;1,  0;0,  0> +
        (-0.0000001,-0.0000356)|   1, 0, 3;0,  0;0,  0> +
        (-0.0000239, 0.0000001)|   1, 1, 2;0,  0;0,  0> +
        (-0.0000003,-0.0000234)|   1, 2, 1;0,  0;0,  0> +
        ( 0.0000001,-0.0000156)|   1, 1, 1;0,  0;0,  0> +
        ( 0.0000119,-0.0000001)|   6, 0, 0;0,  0;0,  0> +
        (-0.0000014,-0.0000082)|   0, 3, 1;0,  0;0,  0> +
        ( 0.0000044,-0.0000042)|   3, 0, 2;0,  0;0,  0> +
        ( 0.0000052, 0.0000004)|   4, 1, 0;0,  0;0,  0> +
        (-0.0000021,-0.0000000)|   0, 2, 0;0,  0;0,  0> +
        ( 0.0000021, 0.0000000)|   0, 0, 2;0,  0;0,  0> +
        (-0.0000011,-0.0000000)|   0, 1, 0;0,  0;0,  0> +
        (-0.0000011,-0.0000001)|  10, 0, 0;0,  0;0,  0> +
         ...
 |13> = ( 0.7143885, 0.0001473)|   2, 1, 0;0,  0;0,  0> +
        ( 0.0003498, 0.6971527)|   2, 0, 1;0,  0;0,  0> +
        ( 0.0404516, 0.0000168)|   1, 1, 0;0,  0;0,  0> +
        ( 0.0000169,-0.0403035)|   1, 0, 1;0,  0;0,  0> +
        ( 0.0000135, 0.0090870)|   0, 0, 3;0,  0;0,  0> +
        ( 0.0088888,-0.0000130)|   0, 3, 0;0,  0;0,  0> +
        ( 0.0087950, 0.0000057)|   2, 0, 2;0,  0;0,  0> +
        (-0.0087655,-0.0000057)|   2, 2, 0;0,  0;0,  0> +
        ( 0.0047837, 0.0000078)|   0, 1, 2;0,  0;0,  0> +
        (-0.0000319, 0.0044495)|   0, 2, 1;0,  0;0,  0> +
        (-0.0017604,-0.0000005)|   1, 2, 2;0,  0;0,  0> +
        (-0.0000038, 0.0008695)|   0, 1, 1;0,  0;0,  0> +
        ( 0.0005008,-0.0000014)|   5, 0, 0;0,  0;0,  0> +
        ( 0.0003282, 0.0000005)|   2, 2, 2;0,  0;0,  0> +
        ( 0.0001838, 0.0000007)|   3, 2, 0;0,  0;0,  0> +
        ( 0.0001693,-0.0000002)|   3, 0, 2;0,  0;0,  0> +
        ( 0.0000613, 0.0000000)|   4, 0, 0;0,  0;0,  0> +
        ( 0.0000417,-0.0000000)|   2, 1, 0;0,  0;1,  0> +
        (-0.0000416,-0.0000000)|   2, 1, 0;1,  0;0,  0> +
        (-0.0000000,-0.0000406)|   2, 0, 1;1,  0;0,  0> +
        ( 0.0000000, 0.0000406)|   2, 0, 1;0,  0;1,  0> +
        ( 0.0000001, 0.0000104)|   0, 1, 3;0,  0;0,  0> +
        (-0.0000080,-0.0000000)|   1, 2, 0;0,  0;0,  0> +
        ( 0.0000079, 0.0000000)|   1, 0, 2;0,  0;0,  0> +
        (-0.0000001,-0.0000065)|   0, 3, 3;0,  0;0,  0> +
        (-0.0000043, 0.0000000)|   0, 0, 2;0,  0;0,  0> +
        ( 0.0000043, 0.0000000)|   0, 2, 0;0,  0;0,  0> +
        (-0.0000000,-0.0000035)|   3, 0, 1;0,  0;0,  0> +
        ( 0.0000000, 0.0000024)|   1, 0, 1;1,  0;0,  0> +
        (-0.0000000,-0.0000024)|   1, 0, 1;0,  0;1,  0> +
        (-0.0000023,-0.0000000)|   1, 1, 0;1,  0;0,  0> +
        ( 0.0000023,-0.0000000)|   1, 1, 0;0,  0;1,  0> +
        ( 0.0000014,-0.0000000)|   0, 2, 2;0,  0;0,  0> +
        ( 0.0000000,-0.0000014)|   4, 0, 1;0,  0;0,  0> +
        ( 0.0000014,-0.0000000)|   0, 1, 0;0,  0;0,  0> +
        (-0.0000014,-0.0000000)|   4, 1, 0;0,  0;0,  0> +
        (-0.0000002,-0.0000011)|   6, 1, 0;0,  0;0,  0> +
        (-0.0000010,-0.0000000)|   4, 0, 2;0,  0;0,  0> +
         ...
 |14> = ( 0.9998147,-0.0170319)|   8, 0, 0;0,  0;0,  0> +
        ( 0.0036749, 0.0014186)|   5, 1, 0;0,  0;0,  0> +
        (-0.0000707,-0.0038742)|   2, 1, 1;0,  0;0,  0> +
        (-0.0000665, 0.0032859)|   2, 2, 3;0,  0;0,  0> +
        (-0.0029748, 0.0009345)|   1, 1, 2;0,  0;0,  0> +
        (-0.0029038,-0.0000672)|   2, 3, 2;0,  0;0,  0> +
        ( 0.0014987, 0.0020260)|   1, 2, 1;0,  0;0,  0> +
        (-0.0015560, 0.0013677)|   1, 0, 3;0,  0;0,  0> +
        (-0.0000038, 0.0018802)|   2, 1, 3;0,  0;0,  0> +
        ( 0.0009473, 0.0011642)|   5, 0, 1;0,  0;0,  0> +
        (-0.0008081,-0.0012404)|   1, 3, 0;0,  0;0,  0> +
        ( 0.0000550,-0.0014043)|   3, 1, 1;0,  0;0,  0> +
        ( 0.0001926, 0.0009221)|   6, 1, 0;0,  0;0,  0> +
        (-0.0000029,-0.0009369)|   1, 2, 3;0,  0;0,  0> +
        (-0.0001076,-0.0004876)|   6, 1, 1;0,  0;0,  0> +
        (-0.0000020,-0.0004773)|   3, 3, 3;0,  0;0,  0> +
        (-0.0000203,-0.0004332)|   3, 0, 3;0,  0;0,  0> +
        (-0.0000146,-0.0003985)|   3, 2, 1;0,  0;0,  0> +
        ( 0.0003916,-0.0000018)|   6, 0, 2;0,  0;0,  0> +
        (-0.0003483, 0.0000160)|   5, 0, 2;0,  0;0,  0> +
        ( 0.0000616, 0.0003132)|   1, 3, 1;0,  0;0,  0> +
        (-0.0000017,-0.0002854)|   3, 3, 1;0,  0;0,  0> +
        (-0.0002786,-0.0000356)|   4, 1, 0;0,  0;0,  0> +
        (-0.0000293, 0.0002792)|   4, 0, 1;0,  0;0,  0> +
        (-0.0002609, 0.0000925)|   2, 3, 0;0,  0;0,  0> +
        ( 0.0001847,-0.0002055)|   4, 1, 1;0,  0;0,  0> +
        (-0.0002640,-0.0000051)|   1, 3, 2;0,  0;0,  0> +
        ( 0.0000238, 0.0002564)|   5, 1, 1;0,  0;0,  0> +
        (-0.0000036,-0.0002453)|   1, 1, 3;0,  0;0,  0> +
        ( 0.0000676,-0.0002251)|   6, 0, 1;0,  0;0,  0> +
        ( 0.0002296,-0.0000104)|   8, 2, 0;0,  0;0,  0> +
        (-0.0002289, 0.0000143)|   5, 2, 0;0,  0;0,  0> +
        (-0.0002228, 0.0000286)|   2, 1, 2;0,  0;0,  0> +
        ( 0.0000280,-0.0002076)|   7, 1, 1;0,  0;0,  0> +
        ( 0.0002088,-0.0000114)|   4, 3, 0;0,  0;0,  0> +
        (-0.0001947,-0.0000226)|  10, 2, 0;0,  0;0,  0> +
        (-0.0001791, 0.0000745)|   7, 0, 2;0,  0;0,  0> +
        ( 0.0000660, 0.0001593)|   2, 2, 1;0,  0;0,  0> +
        (-0.0001541,-0.0000249)|   5, 1, 2;0,  0;0,  0> +
        (-0.0001440, 0.0000369)|  10, 0, 2;0,  0;0,  0> +
        (-0.0001278,-0.0000727)|   7, 2, 0;0,  0;0,  0> +
        (-0.0000043,-0.0001349)|   4, 0, 3;0,  0;0,  0> +
        ( 0.0001338,-0.0000000)|   4, 2, 2;0,  0;0,  0> +
        (-0.0000162, 0.0001192)|   6, 0, 3;0,  0;0,  0> +
        ( 0.0000989, 0.0000161)|   6, 1, 2;0,  0;0,  0> +
        ( 0.0000742, 0.0000654)|   2, 0, 3;0,  0;0,  0> +
        ( 0.0000258,-0.0000930)|   3, 1, 3;0,  0;0,  0> +
        ( 0.0000010, 0.0000948)|   3, 2, 3;0,  0;0,  0> +
        ( 0.0000935,-0.0000009)|   3, 3, 2;0,  0;0,  0> +
        ( 0.0000926, 0.0000091)|   8, 0, 2;0,  0;0,  0> +
        (-0.0000928,-0.0000047)|   0, 1, 2;0,  0;0,  0> +
        (-0.0000903, 0.0000145)|   5, 3, 0;0,  0;0,  0> +
        (-0.0000751, 0.0000203)|   4, 1, 2;0,  0;0,  0> +
        ( 0.0000000, 0.0000707)|   1, 3, 3;0,  0;0,  0> +
        (-0.0000673, 0.0000129)|   9, 2, 0;0,  0;0,  0> +
        ( 0.0000029,-0.0000633)|   4, 3, 3;0,  0;0,  0> +
        (-0.0000022, 0.0000583)|   0, 2, 1;0,  0;0,  0> +
        (-0.0000582, 0.0000010)|   8, 0, 0;1,  0;0,  0> +
        ( 0.0000582,-0.0000010)|   8, 0, 0;0,  0;1,  0> +
        (-0.0000108, 0.0000566)|   8, 1, 1;0,  0;0,  0> +
        ( 0.0000443, 0.0000302)|   6, 3, 0;0,  0;0,  0> +
        ( 0.0000508,-0.0000134)|   9, 0, 2;0,  0;0,  0> +
        (-0.0000030, 0.0000492)|   0, 0, 3;0,  0;0,  0> +
        (-0.0000131,-0.0000455)|   5, 0, 3;0,  0;0,  0> +
        ( 0.0000285,-0.0000338)|   6, 2, 1;0,  0;0,  0> +
        (-0.0000247,-0.0000266)|   3, 1, 2;0,  0;0,  0> +
        (-0.0000338, 0.0000015)|   9, 1, 1;0,  0;0,  0> +
        ( 0.0000072,-0.0000330)|   4, 2, 1;0,  0;0,  0> +
        ( 0.0000067, 0.0000304)|   2, 3, 1;0,  0;0,  0> +
        ( 0.0000117,-0.0000277)|   0, 2, 3;0,  0;0,  0> +
        ( 0.0000276, 0.0000116)|   0, 3, 2;0,  0;0,  0> +
        (-0.0000293,-0.0000016)|   0, 3, 0;0,  0;0,  0> +
        ( 0.0000260, 0.0000009)|   5, 2, 1;0,  0;0,  0> +
        (-0.0000256, 0.0000007)|   9, 0, 0;0,  0;0,  0> +
        ( 0.0000236, 0.0000010)|   5, 2, 2;0,  0;0,  0> +
        (-0.0000062,-0.0000203)|   4, 3, 1;0,  0;0,  0> +
        (-0.0000184,-0.0000001)|   6, 2, 0;0,  0;0,  0> +
        (-0.0000005, 0.0000167)|   2, 3, 3;0,  0;0,  0> +
        ( 0.0000127, 0.0000001)|   6, 2, 2;0,  0;0,  0> +
        (-0.0000110,-0.0000048)|   7, 1, 0;0,  0;0,  0> +
        (-0.0000118, 0.0000006)|   4, 0, 2;0,  0;0,  0> +
        ( 0.0000114, 0.0000006)|  10, 0, 0;0,  0;0,  0> +
        ( 0.0000105, 0.0000016)|   4, 2, 0;0,  0;0,  0> +
        (-0.0000024,-0.0000098)|   3, 3, 0;0,  0;0,  0> +
        ( 0.0000016,-0.0000067)|   7, 3, 0;0,  0;0,  0> +
        ( 0.0000017, 0.0000066)|  11, 1, 0;0,  0;0,  0> +
        (-0.0000014,-0.0000062)|   0, 3, 1;0,  0;0,  0> +
        (-0.0000054, 0.0000002)|  11, 0, 1;0,  0;0,  0> +
        ( 0.0000054, 0.0000000)|   7, 0, 0;0,  0;0,  0> +
        ( 0.0000026, 0.0000045)|  10, 1, 0;0,  0;0,  0> +
        ( 0.0000046, 0.0000017)|   7, 0, 3;0,  0;0,  0> +
        ( 0.0000043,-0.0000009)|  11, 0, 0;0,  0;0,  0> +
        ( 0.0000017, 0.0000035)|   8, 1, 0;0,  0;0,  0> +
        (-0.0000035,-0.0000002)|   9, 0, 1;0,  0;0,  0> +
        (-0.0000034,-0.0000005)|   8, 3, 0;0,  0;0,  0> +
        (-0.0000024, 0.0000023)|   8, 0, 1;0,  0;0,  0> +
        (-0.0000020,-0.0000022)|   7, 0, 1;0,  0;0,  0> +
        ( 0.0000029, 0.0000000)|   8, 2, 2;0,  0;0,  0> +
        (-0.0000006,-0.0000026)|   4, 1, 3;0,  0;0,  0> +
        ( 0.0000026, 0.0000001)|   4, 3, 2;0,  0;0,  0> +
        ( 0.0000024, 0.0000000)|   9, 2, 2;0,  0;0,  0> +
        ( 0.0000012, 0.0000015)|  15, 0, 0;0,  0;0,  0> +
        (-0.0000002,-0.0000019)|   6, 3, 1;0,  0;0,  0> +
        (-0.0000006, 0.0000017)|   6, 3, 3;0,  0;0,  0> +
        (-0.0000015,-0.0000009)|  12, 0, 0;0,  0;0,  0> +
        ( 0.0000015, 0.0000008)|   7, 3, 2;0,  0;0,  0> +
        (-0.0000008,-0.0000014)|  13, 0, 0;0,  0;0,  0> +
        ( 0.0000001,-0.0000016)|   6, 1, 3;0,  0;0,  0> +
        (-0.0000007, 0.0000015)|   7, 1, 3;0,  0;0,  0> +
        (-0.0000001,-0.0000015)|   4, 2, 3;0,  0;0,  0> +
        (-0.0000015,-0.0000000)|   9, 3, 0;0,  0;0,  0> +
        (-0.0000013,-0.0000006)|   3, 2, 2;0,  0;0,  0> +
        (-0.0000014, 0.0000000)|   0, 1, 0;1,  1;1, -1> +
        (-0.0000013, 0.0000002)|  11, 2, 2;0,  0;0,  0> +
        (-0.0000008, 0.0000011)|   7, 2, 3;0,  0;0,  0> +
        (-0.0000013,-0.0000003)|  10, 2, 2;0,  0;0,  0> +
        (-0.0000000,-0.0000013)|   9, 0, 3;0,  0;0,  0> +
        ( 0.0000005, 0.0000012)|   5, 1, 3;0,  0;0,  0> +
        ( 0.0000007, 0.0000009)|  10, 0, 1;0,  0;0,  0> +
        ( 0.0000004,-0.0000010)|   9, 3, 3;0,  0;0,  0> +
        ( 0.0000010,-0.0000003)|   5, 3, 2;0,  0;0,  0> +
        (-0.0000000, 0.0000010)|   9, 1, 0;0,  0;0,  0> +
         ...
 |15> = ( 0.0191882, 0.7364058)|   3, 0, 1;0,  0;0,  0> +
        (-0.6755859, 0.0191795)|   3, 1, 0;0,  0;0,  0> +
        (-0.0001636, 0.0140889)|   1, 1, 1;0,  0;0,  0> +
        (-0.0132113,-0.0009528)|   4, 1, 0;0,  0;0,  0> +
        (-0.0002840,-0.0121424)|   4, 0, 1;0,  0;0,  0> +
        (-0.0028733,-0.0000022)|   6, 0, 0;0,  0;0,  0> +
        (-0.0024156,-0.0001866)|   3, 2, 0;0,  0;0,  0> +
        ( 0.0024052, 0.0001866)|   3, 0, 2;0,  0;0,  0> +
        ( 0.0019530, 0.0001686)|   2, 3, 0;0,  0;0,  0> +
        ( 0.0002228, 0.0018552)|   2, 0, 3;0,  0;0,  0> +
        ( 0.0002220, 0.0013602)|   2, 2, 1;0,  0;0,  0> +
        ( 0.0003473, 0.0012072)|   0, 3, 1;0,  0;0,  0> +
        ( 0.0012428, 0.0001442)|   0, 1, 2;0,  0;0,  0> +
        ( 0.0010952, 0.0004310)|   1, 3, 0;0,  0;0,  0> +
        ( 0.0010794, 0.0001359)|   2, 1, 2;0,  0;0,  0> +
        ( 0.0000019,-0.0010222)|   1, 3, 3;0,  0;0,  0> +
        ( 0.0000742,-0.0007371)|   0, 2, 1;0,  0;0,  0> +
        (-0.0007185, 0.0000010)|   3, 2, 2;0,  0;0,  0> +
        ( 0.0003877, 0.0004036)|   1, 0, 3;0,  0;0,  0> +
        ( 0.0000632,-0.0004614)|   0, 0, 3;0,  0;0,  0> +
        ( 0.0003550,-0.0000220)|   7, 0, 0;0,  0;0,  0> +
        (-0.0000419, 0.0003327)|   1, 2, 3;0,  0;0,  0> +
        (-0.0002901,-0.0000667)|   4, 2, 0;0,  0;0,  0> +
        ( 0.0001420, 0.0002095)|   1, 2, 1;0,  0;0,  0> +
        (-0.0002273, 0.0000000)|   2, 2, 2;0,  0;0,  0> +
        (-0.0001638, 0.0000735)|   1, 1, 2;0,  0;0,  0> +
        ( 0.0000436,-0.0001661)|   1, 1, 3;0,  0;0,  0> +
        ( 0.0001688, 0.0000227)|   0, 3, 0;0,  0;0,  0> +
        ( 0.0001139,-0.0000815)|   4, 2, 2;0,  0;0,  0> +
        ( 0.0001134,-0.0000788)|   2, 3, 3;0,  0;0,  0> +
        ( 0.0000771, 0.0000595)|   4, 0, 2;0,  0;0,  0> +
        ( 0.0000014, 0.0000734)|   2, 1, 1;0,  0;0,  0> +
        ( 0.0000018,-0.0000725)|   1, 3, 1;0,  0;0,  0> +
        (-0.0000045,-0.0000711)|   0, 1, 3;0,  0;0,  0> +
        ( 0.0000011, 0.0000429)|   3, 0, 1;0,  0;1,  0> +
        (-0.0000011,-0.0000429)|   3, 0, 1;1,  0;0,  0> +
        (-0.0000425, 0.0000006)|   6, 2, 0;0,  0;0,  0> +
        ( 0.0000272,-0.0000316)|   1, 3, 2;0,  0;0,  0> +
        ( 0.0000393,-0.0000011)|   3, 1, 0;1,  0;0,  0> +
        (-0.0000393, 0.0000011)|   3, 1, 0;0,  0;1,  0> +
        (-0.0000319, 0.0000002)|   6, 0, 2;0,  0;0,  0> +
        ( 0.0000318, 0.0000000)|   5, 0, 0;0,  0;0,  0> +
        ( 0.0000301,-0.0000001)|   5, 2, 0;0,  0;0,  0> +
        (-0.0000296, 0.0000000)|   3, 3, 0;0,  0;0,  0> +
        ( 0.0000003,-0.0000243)|   3, 0, 3;0,  0;0,  0> +
        ( 0.0000004,-0.0000189)|   2, 2, 3;0,  0;0,  0> +
        (-0.0000176, 0.0000001)|   0, 3, 2;0,  0;0,  0> +
        ( 0.0000001,-0.0000156)|   0, 2, 3;0,  0;0,  0> +
        (-0.0000129, 0.0000000)|   5, 0, 2;0,  0;0,  0> +
        (-0.0000128,-0.0000003)|   2, 3, 2;0,  0;0,  0> +
        ( 0.0000000, 0.0000118)|   0, 3, 3;0,  0;0,  0> +
        ( 0.0000084, 0.0000000)|   1, 2, 2;0,  0;0,  0> +
        (-0.0000004,-0.0000067)|   3, 2, 1;0,  0;0,  0> +
        (-0.0000065, 0.0000000)|   3, 1, 2;0,  0;0,  0> +
        ( 0.0000032, 0.0000001)|   2, 1, 0;0,  0;0,  0> +
        (-0.0000028,-0.0000000)|   4, 3, 0;0,  0;0,  0> +
        (-0.0000000,-0.0000028)|   4, 0, 3;0,  0;0,  0> +
        (-0.0000000,-0.0000027)|   4, 2, 1;0,  0;0,  0> +
        (-0.0000022,-0.0000000)|   4, 1, 2;0,  0;0,  0> +
        ( 0.0000018, 0.0000009)|   5, 0, 1;0,  0;0,  0> +
        ( 0.0000004,-0.0000016)|   2, 1, 3;0,  0;0,  0> +
        ( 0.0000001,-0.0000014)|   0, 1, 1;0,  0;0,  0> +
        ( 0.0000002,-0.0000013)|   2, 3, 1;0,  0;0,  0> +
        ( 0.0000010, 0.0000007)|   5, 1, 0;0,  0;0,  0> +
        (-0.0000008, 0.0000010)|   4, 1, 1;0,  0;0,  0> +
        (-0.0000013, 0.0000000)|   1, 1, 0;0,  0;0,  0> +
        ( 0.0000011,-0.0000002)|  11, 0, 0;0,  0;0,  0> +
        ( 0.0000000,-0.0000010)|   1, 0, 1;0,  0;0,  0> +
         ...
 |16> = (-0.7352631, 0.0008255)|   3, 1, 0;0,  0;0,  0> +
        ( 0.0008207,-0.6743431)|   3, 0, 1;0,  0;0,  0> +
        ( 0.0669035, 0.0000267)|   6, 0, 0;0,  0;0,  0> +
        ( 0.0000301,-0.0057157)|   1, 0, 3;0,  0;0,  0> +
        (-0.0056627, 0.0000104)|   4, 0, 2;0,  0;0,  0> +
        (-0.0056333, 0.0000494)|   1, 3, 0;0,  0;0,  0> +
        (-0.0054790, 0.0000186)|   4, 2, 0;0,  0;0,  0> +
        ( 0.0000029,-0.0033927)|   1, 2, 1;0,  0;0,  0> +
        (-0.0033511,-0.0000073)|   1, 1, 2;0,  0;0,  0> +
        ( 0.0023623, 0.0002514)|   3, 2, 0;0,  0;0,  0> +
        (-0.0023540,-0.0002510)|   3, 0, 2;0,  0;0,  0> +
        ( 0.0018443, 0.0001623)|   0, 3, 0;0,  0;0,  0> +
        ( 0.0015546,-0.0000110)|   3, 2, 2;0,  0;0,  0> +
        ( 0.0001037,-0.0014687)|   0, 0, 3;0,  0;0,  0> +
        (-0.0000101, 0.0010587)|   1, 1, 1;0,  0;0,  0> +
        (-0.0010444,-0.0001040)|   0, 1, 2;0,  0;0,  0> +
        (-0.0008989,-0.0000534)|   4, 1, 0;0,  0;0,  0> +
        (-0.0000181,-0.0007823)|   4, 0, 1;0,  0;0,  0> +
        (-0.0000024, 0.0003965)|   0, 2, 1;0,  0;0,  0> +
        ( 0.0000953, 0.0003322)|   0, 3, 1;0,  0;0,  0> +
        (-0.0000002,-0.0002744)|   0, 3, 3;0,  0;0,  0> +
        (-0.0000012, 0.0001942)|   0, 1, 3;0,  0;0,  0> +
        ( 0.0001548, 0.0000071)|   2, 3, 0;0,  0;0,  0> +
        ( 0.0000093, 0.0001489)|   2, 0, 3;0,  0;0,  0> +
        (-0.0001041,-0.0000000)|   1, 2, 2;0,  0;0,  0> +
        ( 0.0000097, 0.0000983)|   2, 2, 1;0,  0;0,  0> +
        ( 0.0000909, 0.0000060)|   2, 1, 2;0,  0;0,  0> +
        (-0.0000747, 0.0000000)|   2, 2, 2;0,  0;0,  0> +
        ( 0.0000248,-0.0000705)|   0, 2, 3;0,  0;0,  0> +
        (-0.0000656, 0.0000250)|   0, 3, 2;0,  0;0,  0> +
        ( 0.0000587,-0.0000000)|   5, 0, 0;0,  0;0,  0> +
        ( 0.0000020,-0.0000547)|   2, 0, 1;0,  0;0,  0> +
        ( 0.0000491, 0.0000019)|   2, 1, 0;0,  0;0,  0> +
        ( 0.0000428,-0.0000000)|   3, 1, 0;1,  0;0,  0> +
        (-0.0000428, 0.0000000)|   3, 1, 0;0,  0;1,  0> +
        (-0.0000000, 0.0000393)|   3, 0, 1;1,  0;0,  0> +
        ( 0.0000000,-0.0000393)|   3, 0, 1;0,  0;1,  0> +
        ( 0.0000004,-0.0000304)|   1, 3, 3;0,  0;0,  0> +
        ( 0.0000187,-0.0000010)|   7, 0, 0;0,  0;0,  0> +
        (-0.0000019, 0.0000166)|   1, 2, 3;0,  0;0,  0> +
        ( 0.0000001, 0.0000075)|   2, 1, 1;0,  0;0,  0> +
        ( 0.0000019,-0.0000071)|   1, 1, 3;0,  0;0,  0> +
        ( 0.0000052,-0.0000043)|   2, 3, 3;0,  0;0,  0> +
        ( 0.0000035,-0.0000037)|   4, 2, 2;0,  0;0,  0> +
        (-0.0000041, 0.0000001)|   6, 2, 0;0,  0;0,  0> +
        ( 0.0000039, 0.0000000)|   6, 0, 0;0,  0;1,  0> +
        (-0.0000039,-0.0000000)|   6, 0, 0;1,  0;0,  0> +
        ( 0.0000035,-0.0000015)|   1, 3, 2;0,  0;0,  0> +
        ( 0.0000000,-0.0000033)|   1, 3, 1;0,  0;0,  0> +
        ( 0.0000000,-0.0000031)|   1, 0, 1;0,  0;0,  0> +
        (-0.0000030, 0.0000000)|   6, 0, 2;0,  0;0,  0> +
        ( 0.0000029,-0.0000000)|   5, 2, 0;0,  0;0,  0> +
        (-0.0000028, 0.0000000)|   3, 3, 0;0,  0;0,  0> +
        ( 0.0000000,-0.0000022)|   3, 0, 3;0,  0;0,  0> +
        (-0.0000001, 0.0000021)|   0, 1, 1;0,  0;0,  0> +
        ( 0.0000019, 0.0000000)|   1, 0, 0;0,  0;0,  0> +
        ( 0.0000014,-0.0000000)|   4, 0, 0;0,  0;0,  0> +
        (-0.0000012,-0.0000002)|   5, 1, 0;0,  0;0,  0> +
        (-0.0000012, 0.0000000)|   5, 0, 2;0,  0;0,  0> +
        ( 0.0000000,-0.0000011)|   2, 2, 3;0,  0;0,  0> +
         ...
 |17> = ( 0.9989048,-0.0235032)|   9, 0, 0;0,  0;0,  0> +
        (-0.0314785,-0.0075138)|   5, 0, 1;0,  0;0,  0> +
        ( 0.0186358,-0.0008151)|   5, 1, 0;0,  0;0,  0> +
        (-0.0004660, 0.0111823)|   3, 1, 1;0,  0;0,  0> +
        ( 0.0013120, 0.0073567)|   6, 1, 0;0,  0;0,  0> +
        ( 0.0009175,-0.0061483)|   6, 0, 1;0,  0;0,  0> +
        (-0.0004632, 0.0015365)|   2, 3, 1;0,  0;0,  0> +
        ( 0.0012914,-0.0000062)|   5, 2, 2;0,  0;0,  0> +
        ( 0.0002347, 0.0011462)|   1, 2, 1;0,  0;0,  0> +
        (-0.0001065,-0.0011486)|   5, 1, 1;0,  0;0,  0> +
        (-0.0004060,-0.0008862)|   5, 3, 3;0,  0;0,  0> +
        (-0.0000020,-0.0009300)|   3, 2, 3;0,  0;0,  0> +
        (-0.0008913,-0.0000025)|   3, 1, 2;0,  0;0,  0> +
        ( 0.0005704,-0.0006167)|   1, 0, 3;0,  0;0,  0> +
        ( 0.0000170,-0.0008269)|   3, 2, 1;0,  0;0,  0> +
        ( 0.0000035, 0.0008216)|   3, 3, 1;0,  0;0,  0> +
        (-0.0004173,-0.0006778)|  11, 1, 0;0,  0;0,  0> +
        ( 0.0007718,-0.0000840)|   2, 3, 0;0,  0;0,  0> +
        (-0.0000265,-0.0007418)|   3, 0, 3;0,  0;0,  0> +
        (-0.0007273, 0.0001331)|   2, 1, 2;0,  0;0,  0> +
        (-0.0007193, 0.0000419)|   8, 0, 2;0,  0;0,  0> +
        (-0.0000020, 0.0006647)|   4, 2, 3;0,  0;0,  0> +
        ( 0.0006265,-0.0000031)|   3, 3, 2;0,  0;0,  0> +
        ( 0.0006022, 0.0000020)|   4, 3, 2;0,  0;0,  0> +
        (-0.0004802, 0.0003178)|  11, 0, 1;0,  0;0,  0> +
        ( 0.0005672,-0.0000235)|   4, 3, 0;0,  0;0,  0> +
        ( 0.0000724, 0.0005220)|  10, 0, 1;0,  0;0,  0> +
        (-0.0000040, 0.0005176)|   4, 0, 3;0,  0;0,  0> +
        (-0.0000333, 0.0005135)|   1, 3, 0;0,  0;0,  0> +
        ( 0.0001764,-0.0004389)|   2, 0, 3;0,  0;0,  0> +
        ( 0.0000278, 0.0004227)|   4, 2, 1;0,  0;0,  0> +
        ( 0.0003980,-0.0001056)|   7, 0, 2;0,  0;0,  0> +
        (-0.0004065,-0.0000023)|   2, 3, 2;0,  0;0,  0> +
        (-0.0003878,-0.0000120)|   3, 3, 0;0,  0;0,  0> +
        (-0.0003175, 0.0001509)|   2, 2, 1;0,  0;0,  0> +
        ( 0.0003272, 0.0001020)|   7, 2, 0;0,  0;0,  0> +
        (-0.0000000,-0.0003349)|   1, 3, 3;0,  0;0,  0> +
        (-0.0000189, 0.0003341)|   1, 1, 2;0,  0;0,  0> +
        (-0.0000421, 0.0003091)|   5, 0, 3;0,  0;0,  0> +
        (-0.0002882,-0.0000997)|  10, 0, 2;0,  0;0,  0> +
        (-0.0000816, 0.0002648)|   3, 1, 3;0,  0;0,  0> +
        ( 0.0002752,-0.0000012)|   6, 0, 2;0,  0;0,  0> +
        ( 0.0002475, 0.0001077)|   7, 1, 0;0,  0;0,  0> +
        ( 0.0000624,-0.0002517)|  12, 0, 1;0,  0;0,  0> +
        ( 0.0002385, 0.0000915)|   5, 3, 0;0,  0;0,  0> +
        ( 0.0000481, 0.0002495)|   1, 3, 1;0,  0;0,  0> +
        (-0.0000015,-0.0002443)|   2, 2, 3;0,  0;0,  0> +
        (-0.0000332,-0.0002344)|   5, 3, 1;0,  0;0,  0> +
        ( 0.0002200,-0.0000263)|   9, 0, 2;0,  0;0,  0> +
        ( 0.0000138,-0.0002181)|   2, 1, 3;0,  0;0,  0> +
        (-0.0001808, 0.0001075)|  10, 2, 0;0,  0;0,  0> +
        ( 0.0001379, 0.0001539)|   6, 3, 0;0,  0;0,  0> +
        (-0.0000004, 0.0001999)|   4, 3, 3;0,  0;0,  0> +
        ( 0.0001401,-0.0001376)|   5, 2, 1;0,  0;0,  0> +
        ( 0.0001959, 0.0000045)|  12, 0, 2;0,  0;0,  0> +
        ( 0.0000002, 0.0001943)|   2, 3, 3;0,  0;0,  0> +
        (-0.0001893,-0.0000365)|   8, 2, 0;0,  0;0,  0> +
        (-0.0000614, 0.0001764)|   7, 3, 3;0,  0;0,  0> +
        (-0.0001819, 0.0000018)|   6, 2, 0;0,  0;0,  0> +
        ( 0.0001320,-0.0001173)|   5, 1, 2;0,  0;0,  0> +
        (-0.0001762,-0.0000020)|   5, 0, 2;0,  0;0,  0> +
        ( 0.0001679, 0.0000019)|   5, 2, 0;0,  0;0,  0> +
        (-0.0000309, 0.0001602)|   8, 1, 1;0,  0;0,  0> +
        ( 0.0001030,-0.0001147)|   4, 1, 1;0,  0;0,  0> +
        (-0.0000164,-0.0001456)|   4, 1, 3;0,  0;0,  0> +
        (-0.0000183, 0.0001335)|   6, 0, 3;0,  0;0,  0> +
        (-0.0000083, 0.0001305)|   9, 1, 0;0,  0;0,  0> +
        ( 0.0001291,-0.0000058)|   9, 1, 1;0,  0;0,  0> +
        ( 0.0000145,-0.0001264)|   8, 0, 3;0,  0;0,  0> +
        ( 0.0000192,-0.0001132)|   7, 2, 1;0,  0;0,  0> +
        (-0.0001141,-0.0000057)|   9, 0, 1;0,  0;0,  0> +
        ( 0.0001078, 0.0000099)|   8, 3, 0;0,  0;0,  0> +
        (-0.0000047,-0.0000921)|   5, 1, 3;0,  0;0,  0> +
        (-0.0000195, 0.0000884)|   7, 1, 2;0,  0;0,  0> +
        (-0.0000885, 0.0000013)|   1, 3, 2;0,  0;0,  0> +
        (-0.0000188,-0.0000854)|   6, 1, 1;0,  0;0,  0> +
        ( 0.0000794, 0.0000291)|   4, 1, 2;0,  0;0,  0> +
        (-0.0000824,-0.0000042)|  10, 0, 0;0,  0;0,  0> +
        (-0.0000144, 0.0000789)|   6, 2, 1;0,  0;0,  0> +
        ( 0.0000013, 0.0000801)|   1, 2, 3;0,  0;0,  0> +
        (-0.0000191,-0.0000757)|   1, 1, 3;0,  0;0,  0> +
        ( 0.0000102,-0.0000766)|   7, 1, 1;0,  0;0,  0> +
        ( 0.0000203, 0.0000741)|   4, 3, 1;0,  0;0,  0> +
        (-0.0000764,-0.0000019)|   7, 0, 3;0,  0;0,  0> +
        ( 0.0000633, 0.0000010)|  10, 1, 0;0,  0;0,  0> +
        (-0.0000017,-0.0000626)|   7, 3, 0;0,  0;0,  0> +
        (-0.0000582, 0.0000014)|   9, 0, 0;1,  0;0,  0> +
        ( 0.0000582,-0.0000014)|   9, 0, 0;0,  0;1,  0> +
        (-0.0000569,-0.0000001)|  12, 1, 0;0,  0;0,  0> +
        (-0.0000245,-0.0000488)|   6, 1, 2;0,  0;0,  0> +
        ( 0.0000310, 0.0000423)|   7, 0, 1;0,  0;0,  0> +
        ( 0.0000001, 0.0000516)|   3, 3, 3;0,  0;0,  0> +
        (-0.0000417,-0.0000045)|  12, 2, 0;0,  0;0,  0> +
        (-0.0000104, 0.0000317)|   6, 3, 3;0,  0;0,  0> +
        ( 0.0000333, 0.0000001)|   7, 2, 2;0,  0;0,  0> +
        (-0.0000317,-0.0000039)|  11, 0, 2;0,  0;0,  0> +
        ( 0.0000039,-0.0000314)|   6, 1, 3;0,  0;0,  0> +
        ( 0.0000010, 0.0000305)|   7, 3, 1;0,  0;0,  0> +
        (-0.0000003, 0.0000239)|   9, 2, 0;0,  0;0,  0> +
        (-0.0000180, 0.0000147)|  11, 2, 0;0,  0;0,  0> +
        (-0.0000221,-0.0000000)|   8, 2, 2;0,  0;0,  0> +
        ( 0.0000208,-0.0000035)|  14, 0, 0;0,  0;0,  0> +
        (-0.0000029, 0.0000193)|  10, 1, 1;0,  0;0,  0> +
        (-0.0000022,-0.0000192)|   8, 1, 0;0,  0;0,  0> +
        (-0.0000056,-0.0000177)|  16, 0, 0;0,  0;0,  0> +
        ( 0.0000054,-0.0000159)|   8, 0, 1;0,  0;0,  0> +
        ( 0.0000052,-0.0000143)|   8, 3, 3;0,  0;0,  0> +
        (-0.0000004, 0.0000116)|   7, 1, 3;0,  0;0,  0> +
        ( 0.0000038,-0.0000078)|   6, 2, 2;0,  0;0,  0> +
        ( 0.0000047, 0.0000057)|  15, 0, 0;0,  0;0,  0> +
        (-0.0000068, 0.0000014)|  11, 0, 0;0,  0;0,  0> +
        (-0.0000064,-0.0000000)|   9, 2, 2;0,  0;0,  0> +
        (-0.0000063, 0.0000001)|   4, 2, 2;0,  0;0,  0> +
        (-0.0000011,-0.0000058)|   5, 2, 3;0,  0;0,  0> +
        (-0.0000054, 0.0000010)|   5, 3, 2;0,  0;0,  0> +
        (-0.0000053,-0.0000000)|   9, 3, 0;0,  0;0,  0> +
        (-0.0000003,-0.0000050)|   8, 3, 1;0,  0;0,  0> +
        ( 0.0000012, 0.0000048)|  12, 3, 1;0,  0;0,  0> +
        (-0.0000030,-0.0000020)|   6, 2, 3;0,  0;0,  0> +
        ( 0.0000033, 0.0000000)|   8, 0, 0;0,  0;0,  0> +
        ( 0.0000008, 0.0000031)|   8, 1, 3;0,  0;0,  0> +
        (-0.0000028,-0.0000009)|  12, 2, 2;0,  0;0,  0> +
        ( 0.0000003,-0.0000028)|   6, 3, 2;0,  0;0,  0> +
        (-0.0000028,-0.0000003)|   8, 3, 2;0,  0;0,  0> +
        ( 0.0000001,-0.0000027)|   9, 2, 1;0,  0;0,  0> +
        ( 0.0000001,-0.0000023)|   9, 0, 3;0,  0;0,  0> +
        ( 0.0000011,-0.0000018)|  17, 0, 0;0,  0;0,  0> +
        ( 0.0000009,-0.0000018)|   2, 1, 1;0,  0;0,  0> +
        ( 0.0000009,-0.0000018)|  10, 1, 3;0,  0;0,  0> +
        (-0.0000000,-0.0000020)|  11, 1, 2;0,  0;0,  0> +
        ( 0.0000019, 0.0000005)|   5, 0, 1;1,  0;0,  0> +
        ( 0.0000001,-0.0000019)|  14, 0, 1;0,  0;0,  0> +
        ( 0.0000019, 0.0000000)|  12, 2, 3;0,  0;0,  0> +
        (-0.0000018,-0.0000004)|   5, 0, 1;0,  0;1,  0> +
        (-0.0000018,-0.0000004)|   6, 3, 1;0,  0;0,  0> +
        (-0.0000007, 0.0000017)|  10, 3, 0;0,  0;0,  0> +
        ( 0.0000010, 0.0000014)|   8, 2, 1;0,  0;0,  0> +
        (-0.0000005, 0.0000016)|  11, 1, 3;0,  0;0,  0> +
        (-0.0000015, 0.0000006)|  13, 1, 0;0,  0;0,  0> +
        ( 0.0000014, 0.0000008)|   9, 1, 3;0,  0;0,  0> +
        (-0.0000007,-0.0000014)|  13, 0, 0;0,  0;0,  0> +
        ( 0.0000009, 0.0000012)|  18, 0, 0;0,  0;0,  0> +
        (-0.0000000, 0.0000015)|  13, 0, 2;0,  0;0,  0> +
        (-0.0000014,-0.0000004)|   0, 1, 2;0,  0;0,  0> +
        (-0.0000013, 0.0000001)|  11, 2, 2;0,  0;0,  0> +
        ( 0.0000005,-0.0000012)|  10, 3, 1;0,  0;0,  0> +
        ( 0.0000012, 0.0000001)|  17, 2, 2;0,  0;0,  0> +
        ( 0.0000002,-0.0000011)|  12, 3, 3;0,  0;0,  0> +
        (-0.0000000, 0.0000012)|  11, 3, 2;0,  0;0,  0> +
        ( 0.0000011, 0.0000001)|   9, 3, 2;0,  0;0,  0> +
        (-0.0000011,-0.0000000)|   9, 1, 2;0,  0;0,  0> +
        (-0.0000011, 0.0000001)|   5, 1, 0;1,  0;0,  0> +
        (-0.0000008, 0.0000007)|  13, 2, 3;0,  0;0,  0> +
        ( 0.0000011,-0.0000000)|   5, 1, 0;0,  0;1,  0> +
        ( 0.0000004,-0.0000010)|  19, 0, 0;0,  0;0,  0> +
        (-0.0000010, 0.0000003)|  10, 0, 3;0,  0;0,  0> +
         ...
 |18> = ( 0.7082361, 0.0128076)|   4, 1, 0;0,  0;0,  0> +
        ( 0.0031140, 0.7055746)|   4, 0, 1;0,  0;0,  0> +
        (-0.0130629, 0.0005898)|   3, 1, 0;0,  0;0,  0> +
        ( 0.0005885, 0.0123986)|   3, 0, 1;0,  0;0,  0> +
        (-0.0043488, 0.0000428)|   7, 0, 0;0,  0;0,  0> +
        (-0.0004739, 0.0030542)|   1, 1, 3;0,  0;0,  0> +
        (-0.0000110, 0.0022313)|   2, 3, 3;0,  0;0,  0> +
        (-0.0000198,-0.0020969)|   1, 1, 1;0,  0;0,  0> +
        (-0.0020311, 0.0000182)|   2, 3, 0;0,  0;0,  0> +
        ( 0.0000216,-0.0018355)|   2, 0, 3;0,  0;0,  0> +
        ( 0.0012461,-0.0000206)|   1, 1, 2;0,  0;0,  0> +
        (-0.0012176, 0.0000081)|   2, 1, 2;0,  0;0,  0> +
        ( 0.0011899, 0.0001225)|   4, 0, 2;0,  0;0,  0> +
        ( 0.0010399, 0.0000769)|   3, 2, 0;0,  0;0,  0> +
        (-0.0010356,-0.0000769)|   3, 0, 2;0,  0;0,  0> +
        ( 0.0010380, 0.0000067)|   4, 2, 2;0,  0;0,  0> +
        ( 0.0000058,-0.0010324)|   2, 2, 1;0,  0;0,  0> +
        (-0.0002321, 0.0009664)|   1, 3, 1;0,  0;0,  0> +
        (-0.0009606,-0.0001234)|   4, 2, 0;0,  0;0,  0> +
        ( 0.0009550,-0.0000017)|   0, 1, 2;0,  0;0,  0> +
        (-0.0000046, 0.0009275)|   1, 2, 3;0,  0;0,  0> +
        ( 0.0000328,-0.0008924)|   0, 0, 3;0,  0;0,  0> +
        ( 0.0007904,-0.0000009)|   1, 3, 2;0,  0;0,  0> +
        ( 0.0007530, 0.0000335)|   0, 3, 0;0,  0;0,  0> +
        (-0.0000005,-0.0007147)|   0, 2, 1;0,  0;0,  0> +
        ( 0.0006873, 0.0000002)|   5, 0, 0;0,  0;0,  0> +
        (-0.0006741,-0.0000003)|   6, 0, 0;0,  0;0,  0> +
        (-0.0001313, 0.0005458)|   1, 2, 1;0,  0;0,  0> +
        (-0.0000600, 0.0005533)|   1, 0, 3;0,  0;0,  0> +
        ( 0.0005127,-0.0001263)|   1, 3, 0;0,  0;0,  0> +
        (-0.0000100, 0.0003592)|   2, 2, 3;0,  0;0,  0> +
        ( 0.0003168, 0.0000000)|   2, 2, 2;0,  0;0,  0> +
        ( 0.0002963, 0.0000103)|   2, 3, 2;0,  0;0,  0> +
        (-0.0000000,-0.0002515)|   1, 3, 3;0,  0;0,  0> +
        (-0.0000013,-0.0001099)|   2, 1, 1;0,  0;0,  0> +
        (-0.0000996,-0.0000180)|   0, 3, 2;0,  0;0,  0> +
        (-0.0000623,-0.0000001)|   3, 2, 2;0,  0;0,  0> +
        ( 0.0000002,-0.0000532)|   0, 1, 3;0,  0;0,  0> +
        (-0.0000137,-0.0000497)|   0, 3, 1;0,  0;0,  0> +
        (-0.0000001, 0.0000463)|   0, 3, 3;0,  0;0,  0> +
        ( 0.0000459,-0.0000000)|   3, 3, 0;0,  0;0,  0> +
        (-0.0000412,-0.0000007)|   4, 1, 0;1,  0;0,  0> +
        ( 0.0000412, 0.0000007)|   4, 1, 0;0,  0;1,  0> +
        (-0.0000002,-0.0000411)|   4, 0, 1;1,  0;0,  0> +
        ( 0.0000002, 0.0000411)|   4, 0, 1;0,  0;1,  0> +
        (-0.0000005, 0.0000341)|   3, 0, 3;0,  0;0,  0> +
        ( 0.0000003,-0.0000285)|   2, 1, 3;0,  0;0,  0> +
        ( 0.0000257,-0.0000001)|   5, 0, 2;0,  0;0,  0> +
        (-0.0000181,-0.0000125)|   0, 2, 3;0,  0;0,  0> +
        ( 0.0000185,-0.0000001)|   6, 0, 2;0,  0;0,  0> +
        ( 0.0000185,-0.0000002)|   6, 2, 0;0,  0;0,  0> +
        (-0.0000099, 0.0000000)|   5, 2, 0;0,  0;0,  0> +
        ( 0.0000000,-0.0000066)|   1, 0, 1;0,  0;0,  0> +
        ( 0.0000052,-0.0000003)|   3, 1, 2;0,  0;0,  0> +
        ( 0.0000035,-0.0000001)|   8, 0, 0;0,  0;0,  0> +
        ( 0.0000000, 0.0000034)|   4, 2, 1;0,  0;0,  0> +
        (-0.0000001, 0.0000030)|   2, 0, 1;0,  0;0,  0> +
        (-0.0000030, 0.0000000)|   1, 1, 0;0,  0;0,  0> +
        ( 0.0000030,-0.0000000)|   4, 3, 0;0,  0;0,  0> +
        ( 0.0000006, 0.0000029)|   3, 2, 1;0,  0;0,  0> +
        ( 0.0000000, 0.0000029)|   4, 0, 3;0,  0;0,  0> +
        ( 0.0000006, 0.0000027)|   6, 1, 0;0,  0;0,  0> +
        ( 0.0000023, 0.0000001)|   4, 1, 2;0,  0;0,  0> +
        ( 0.0000022,-0.0000004)|  11, 0, 1;0,  0;0,  0> +
        (-0.0000014,-0.0000006)|   5, 0, 1;0,  0;0,  0> +
        ( 0.0000000, 0.0000014)|   0, 0, 1;0,  0;0,  0> +
        (-0.0000001,-0.0000013)|  11, 1, 0;0,  0;0,  0> +
        (-0.0000012,-0.0000000)|   0, 1, 0;0,  0;0,  0> +
         ...
 |19> = (-0.0807238, 0.7038789)|   4, 0, 1;0,  0;0,  0> +
        (-0.6991008,-0.0961725)|   4, 1, 0;0,  0;0,  0> +
        ( 0.0000074,-0.0061988)|   2, 1, 1;0,  0;0,  0> +
        ( 0.0016243,-0.0001593)|   7, 0, 0;0,  0;0,  0> +
        ( 0.0010855,-0.0000580)|   2, 3, 0;0,  0;0,  0> +
        ( 0.0006105,-0.0004252)|   3, 1, 0;0,  0;0,  0> +
        ( 0.0005219, 0.0004801)|   1, 3, 0;0,  0;0,  0> +
        (-0.0002563,-0.0006530)|   1, 2, 1;0,  0;0,  0> +
        (-0.0004224,-0.0005266)|   3, 0, 1;0,  0;0,  0> +
        ( 0.0000190, 0.0006706)|   2, 0, 3;0,  0;0,  0> +
        ( 0.0000112,-0.0006571)|   2, 1, 3;0,  0;0,  0> +
        ( 0.0006532,-0.0000334)|   2, 1, 2;0,  0;0,  0> +
        ( 0.0001639, 0.0005744)|   0, 3, 1;0,  0;0,  0> +
        ( 0.0004716,-0.0003428)|   1, 0, 3;0,  0;0,  0> +
        ( 0.0005401,-0.0000236)|   0, 1, 2;0,  0;0,  0> +
        ( 0.0004405,-0.0000120)|   2, 3, 2;0,  0;0,  0> +
        ( 0.0004332,-0.0000000)|   3, 2, 2;0,  0;0,  0> +
        (-0.0004151, 0.0000023)|   8, 0, 0;0,  0;0,  0> +
        ( 0.0000135, 0.0004055)|   2, 2, 3;0,  0;0,  0> +
        ( 0.0000435, 0.0003830)|   1, 1, 1;0,  0;0,  0> +
        (-0.0001939, 0.0002709)|   2, 2, 1;0,  0;0,  0> +
        (-0.0000207,-0.0003279)|   0, 2, 1;0,  0;0,  0> +
        ( 0.0003209, 0.0000003)|   3, 3, 0;0,  0;0,  0> +
        ( 0.0002840,-0.0000137)|   4, 2, 2;0,  0;0,  0> +
        (-0.0000256,-0.0002645)|   1, 1, 2;0,  0;0,  0> +
        (-0.0000146,-0.0002485)|   0, 0, 3;0,  0;0,  0> +
        (-0.0000036, 0.0002413)|   3, 0, 3;0,  0;0,  0> +
        (-0.0002390, 0.0000226)|   1, 3, 2;0,  0;0,  0> +
        ( 0.0000001,-0.0001989)|   1, 3, 3;0,  0;0,  0> +
        ( 0.0001888,-0.0000011)|   5, 0, 2;0,  0;0,  0> +
        ( 0.0000126,-0.0001820)|   0, 2, 3;0,  0;0,  0> +
        ( 0.0000222, 0.0001769)|   1, 2, 3;0,  0;0,  0> +
        (-0.0000000,-0.0001680)|   0, 3, 3;0,  0;0,  0> +
        ( 0.0001257,-0.0000130)|   0, 3, 0;0,  0;0,  0> +
        ( 0.0001230,-0.0000007)|   6, 0, 2;0,  0;0,  0> +
        ( 0.0001219, 0.0000000)|   6, 0, 0;0,  0;0,  0> +
        (-0.0001209, 0.0000127)|   0, 3, 2;0,  0;0,  0> +
        ( 0.0001189,-0.0000016)|   6, 2, 0;0,  0;0,  0> +
        ( 0.0000269,-0.0000952)|   2, 3, 3;0,  0;0,  0> +
        (-0.0000961,-0.0000000)|   5, 0, 0;0,  0;0,  0> +
        ( 0.0000372,-0.0000798)|   1, 1, 3;0,  0;0,  0> +
        ( 0.0000828, 0.0000045)|   3, 0, 2;0,  0;0,  0> +
        (-0.0000826,-0.0000045)|   3, 2, 0;0,  0;0,  0> +
        ( 0.0000137, 0.0000742)|   3, 3, 3;0,  0;0,  0> +
        ( 0.0000065, 0.0000519)|   1, 3, 1;0,  0;0,  0> +
        (-0.0000506,-0.0000006)|   5, 2, 0;0,  0;0,  0> +
        ( 0.0000439,-0.0000015)|   3, 1, 2;0,  0;0,  0> +
        ( 0.0000047,-0.0000410)|   4, 0, 1;1,  0;0,  0> +
        (-0.0000047, 0.0000410)|   4, 0, 1;0,  0;1,  0> +
        ( 0.0000407, 0.0000056)|   4, 1, 0;1,  0;0,  0> +
        (-0.0000407,-0.0000056)|   4, 1, 0;0,  0;1,  0> +
        (-0.0000000,-0.0000366)|   2, 3, 1;0,  0;0,  0> +
        (-0.0000359, 0.0000000)|   2, 2, 2;0,  0;0,  0> +
        ( 0.0000040, 0.0000302)|   3, 2, 1;0,  0;0,  0> +
        ( 0.0000182,-0.0000205)|   4, 0, 2;0,  0;0,  0> +
        (-0.0000160, 0.0000205)|   4, 2, 0;0,  0;0,  0> +
        ( 0.0000001, 0.0000221)|   4, 2, 1;0,  0;0,  0> +
        ( 0.0000002, 0.0000199)|   4, 0, 3;0,  0;0,  0> +
        ( 0.0000195, 0.0000000)|   4, 3, 0;0,  0;0,  0> +
        ( 0.0000164, 0.0000002)|   4, 1, 2;0,  0;0,  0> +
        ( 0.0000006,-0.0000052)|   4, 3, 3;0,  0;0,  0> +
        ( 0.0000032,-0.0000036)|   4, 1, 1;0,  0;0,  0> +
        (-0.0000002, 0.0000039)|   3, 1, 1;0,  0;0,  0> +
        ( 0.0000028, 0.0000000)|   1, 1, 0;0,  0;0,  0> +
        (-0.0000000,-0.0000024)|   3, 3, 1;0,  0;0,  0> +
        (-0.0000023,-0.0000001)|   2, 1, 0;0,  0;0,  0> +
        (-0.0000021,-0.0000004)|   0, 1, 3;0,  0;0,  0> +
        (-0.0000021, 0.0000000)|   5, 2, 2;0,  0;0,  0> +
        ( 0.0000002, 0.0000020)|   4, 1, 3;0,  0;0,  0> +
        (-0.0000001, 0.0000015)|   6, 0, 1;0,  0;0,  0> +
        (-0.0000001, 0.0000015)|   2, 0, 1;0,  0;0,  0> +
        ( 0.0000000, 0.0000012)|   1, 0, 1;0,  0;0,  0> +
        (-0.0000004,-0.0000011)|   8, 1, 0;0,  0;0,  0> +
        (-0.0000011, 0.0000000)|   6, 2, 2;0,  0;0,  0> +
         ...
 |20> = (-0.9969132,-0.0517548)|  10, 0, 0;0,  0;0,  0> +
        (-0.0030122, 0.0501662)|   6, 0, 1;0,  0;0,  0> +
        ( 0.0084999, 0.0266448)|   6, 1, 0;0,  0;0,  0> +
        (-0.0012306, 0.0079536)|   3, 1, 3;0,  0;0,  0> +
        (-0.0046307, 0.0000322)|   6, 0, 2;0,  0;0,  0> +
        (-0.0007559,-0.0038765)|   5, 2, 3;0,  0;0,  0> +
        (-0.0035813, 0.0006581)|   5, 3, 2;0,  0;0,  0> +
        (-0.0031041, 0.0000402)|   6, 2, 0;0,  0;0,  0> +
        ( 0.0008533,-0.0028789)|   2, 3, 1;0,  0;0,  0> +
        (-0.0003359,-0.0029511)|   3, 3, 1;0,  0;0,  0> +
        ( 0.0001043, 0.0022926)|   4, 2, 1;0,  0;0,  0> +
        (-0.0020598,-0.0009321)|   7, 0, 1;0,  0;0,  0> +
        ( 0.0020977, 0.0006772)|   7, 1, 0;0,  0;0,  0> +
        ( 0.0002293, 0.0018978)|   4, 1, 3;0,  0;0,  0> +
        (-0.0001615, 0.0010510)|   8, 1, 0;0,  0;0,  0> +
        (-0.0006757, 0.0007730)|   4, 1, 1;0,  0;0,  0> +
        ( 0.0000100, 0.0009650)|   8, 0, 1;0,  0;0,  0> +
        (-0.0008497,-0.0000009)|   4, 3, 2;0,  0;0,  0> +
        (-0.0007992, 0.0000634)|   8, 0, 2;0,  0;0,  0> +
        (-0.0000028, 0.0007741)|   4, 0, 3;0,  0;0,  0> +
        (-0.0001754, 0.0007124)|  12, 0, 1;0,  0;0,  0> +
        (-0.0001480,-0.0006712)|   6, 1, 1;0,  0;0,  0> +
        ( 0.0005668,-0.0003791)|   2, 0, 3;0,  0;0,  0> +
        (-0.0003771,-0.0005513)|  11, 1, 0;0,  0;0,  0> +
        (-0.0005505, 0.0003354)|   7, 0, 2;0,  0;0,  0> +
        (-0.0005517, 0.0003117)|  11, 0, 1;0,  0;0,  0> +
        ( 0.0002072,-0.0005599)|   9, 3, 3;0,  0;0,  0> +
        ( 0.0005295, 0.0002106)|   2, 1, 2;0,  0;0,  0> +
        ( 0.0005526,-0.0000380)|   4, 3, 0;0,  0;0,  0> +
        ( 0.0000473, 0.0004994)|   5, 0, 3;0,  0;0,  0> +
        (-0.0004436, 0.0001746)|   2, 2, 1;0,  0;0,  0> +
        ( 0.0000490, 0.0004581)|   6, 2, 3;0,  0;0,  0> +
        (-0.0003137,-0.0003285)|   7, 2, 0;0,  0;0,  0> +
        (-0.0000823, 0.0004290)|   8, 1, 1;0,  0;0,  0> +
        ( 0.0004299,-0.0000345)|   6, 3, 2;0,  0;0,  0> +
        ( 0.0000004,-0.0004186)|   3, 2, 3;0,  0;0,  0> +
        ( 0.0003735,-0.0000007)|   5, 2, 0;0,  0;0,  0> +
        (-0.0003721, 0.0000007)|   5, 0, 2;0,  0;0,  0> +
        ( 0.0000001, 0.0003712)|   2, 3, 3;0,  0;0,  0> +
        ( 0.0000137,-0.0003686)|  14, 0, 1;0,  0;0,  0> +
        (-0.0000605,-0.0003381)|   1, 2, 1;0,  0;0,  0> +
        ( 0.0002680, 0.0001737)|   4, 1, 2;0,  0;0,  0> +
        (-0.0001883, 0.0001940)|   1, 0, 3;0,  0;0,  0> +
        ( 0.0002649, 0.0000012)|   6, 2, 2;0,  0;0,  0> +
        (-0.0002577,-0.0000266)|   5, 3, 0;0,  0;0,  0> +
        (-0.0000376,-0.0002527)|   3, 2, 1;0,  0;0,  0> +
        ( 0.0002340, 0.0000463)|   5, 1, 2;0,  0;0,  0> +
        ( 0.0000316, 0.0002359)|  10, 0, 1;0,  0;0,  0> +
        ( 0.0000200, 0.0002146)|   5, 1, 1;0,  0;0,  0> +
        ( 0.0002142, 0.0000001)|   3, 3, 2;0,  0;0,  0> +
        ( 0.0000314, 0.0002099)|   5, 3, 1;0,  0;0,  0> +
        ( 0.0002107,-0.0000243)|   3, 1, 2;0,  0;0,  0> +
        (-0.0000620,-0.0001966)|  16, 0, 0;0,  0;0,  0> +
        (-0.0001903,-0.0000356)|   8, 3, 0;0,  0;0,  0> +
        (-0.0000245, 0.0001902)|   2, 3, 0;0,  0;0,  0> +
        (-0.0000280, 0.0001834)|  10, 1, 1;0,  0;0,  0> +
        ( 0.0001792,-0.0000006)|   5, 2, 2;0,  0;0,  0> +
        ( 0.0000326, 0.0001684)|   3, 0, 3;0,  0;0,  0> +
        ( 0.0000045,-0.0001671)|   1, 3, 0;0,  0;0,  0> +
        ( 0.0000346,-0.0001631)|   7, 3, 0;0,  0;0,  0> +
        ( 0.0001408, 0.0000051)|  12, 1, 0;0,  0;0,  0> +
        ( 0.0000501,-0.0001300)|   7, 3, 3;0,  0;0,  0> +
        ( 0.0000308,-0.0001356)|   8, 0, 3;0,  0;0,  0> +
        (-0.0001381, 0.0000063)|   9, 1, 1;0,  0;0,  0> +
        (-0.0000220, 0.0001315)|   6, 2, 1;0,  0;0,  0> +
        ( 0.0000002,-0.0001240)|   4, 3, 3;0,  0;0,  0> +
        (-0.0000509,-0.0001119)|   5, 3, 3;0,  0;0,  0> +
        ( 0.0000409,-0.0001041)|  11, 1, 1;0,  0;0,  0> +
        ( 0.0001088,-0.0000046)|   9, 3, 0;0,  0;0,  0> +
        ( 0.0001084, 0.0000009)|   9, 1, 2;0,  0;0,  0> +
        ( 0.0000976,-0.0000176)|   8, 1, 2;0,  0;0,  0> +
        (-0.0000828, 0.0000534)|  13, 1, 0;0,  0;0,  0> +
        (-0.0000944, 0.0000274)|   3, 3, 0;0,  0;0,  0> +
        (-0.0000059,-0.0000976)|   1, 1, 2;0,  0;0,  0> +
        (-0.0000915,-0.0000159)|   5, 2, 1;0,  0;0,  0> +
        (-0.0000806,-0.0000446)|  14, 1, 0;0,  0;0,  0> +
        ( 0.0000690, 0.0000601)|   8, 2, 1;0,  0;0,  0> +
        ( 0.0000018,-0.0000914)|   2, 2, 3;0,  0;0,  0> +
        ( 0.0000905,-0.0000102)|   9, 2, 0;0,  0;0,  0> +
        (-0.0000075, 0.0000895)|  13, 0, 2;0,  0;0,  0> +
        (-0.0000239, 0.0000836)|   2, 1, 3;0,  0;0,  0> +
        (-0.0000751,-0.0000397)|  10, 0, 2;0,  0;0,  0> +
        (-0.0000005,-0.0000843)|   3, 3, 3;0,  0;0,  0> +
        (-0.0000003,-0.0000807)|   9, 2, 1;0,  0;0,  0> +
        ( 0.0000106,-0.0000787)|   7, 1, 1;0,  0;0,  0> +
        ( 0.0000157,-0.0000765)|   6, 0, 3;0,  0;0,  0> +
        ( 0.0000238,-0.0000709)|   8, 3, 3;0,  0;0,  0> +
        (-0.0000005, 0.0000720)|   5, 1, 3;0,  0;0,  0> +
        ( 0.0000701, 0.0000159)|  10, 2, 2;0,  0;0,  0> +
        ( 0.0000704, 0.0000114)|  11, 0, 2;0,  0;0,  0> +
        ( 0.0000612, 0.0000340)|   7, 0, 3;0,  0;0,  0> +
        ( 0.0000700, 0.0000016)|   2, 3, 2;0,  0;0,  0> +
        ( 0.0000307,-0.0000590)|   8, 2, 0;0,  0;0,  0> +
        (-0.0000659,-0.0000002)|   9, 2, 2;0,  0;0,  0> +
        ( 0.0000145, 0.0000642)|   8, 1, 3;0,  0;0,  0> +
        (-0.0000051,-0.0000654)|   9, 0, 3;0,  0;0,  0> +
        (-0.0000359, 0.0000539)|  10, 3, 0;0,  0;0,  0> +
        ( 0.0000072,-0.0000586)|   7, 2, 1;0,  0;0,  0> +
        (-0.0000581,-0.0000030)|  10, 0, 0;0,  0;1,  0> +
        ( 0.0000580, 0.0000030)|  10, 0, 0;1,  0;0,  0> +
        (-0.0000045,-0.0000575)|   8, 3, 1;0,  0;0,  0> +
        (-0.0000430, 0.0000371)|  13, 0, 1;0,  0;0,  0> +
        ( 0.0000530, 0.0000000)|   8, 2, 2;0,  0;0,  0> +
        (-0.0000307,-0.0000422)|   6, 3, 0;0,  0;0,  0> +
        (-0.0000306, 0.0000401)|  10, 2, 0;0,  0;0,  0> +
        ( 0.0000342,-0.0000333)|  11, 2, 0;0,  0;0,  0> +
        ( 0.0000130,-0.0000433)|   6, 3, 3;0,  0;0,  0> +
        ( 0.0000064,-0.0000447)|   6, 1, 3;0,  0;0,  0> +
        ( 0.0000189, 0.0000400)|  13, 2, 0;0,  0;0,  0> +
        ( 0.0000091, 0.0000381)|  12, 1, 2;0,  0;0,  0> +
        ( 0.0000375,-0.0000084)|   6, 1, 2;0,  0;0,  0> +
        ( 0.0000148,-0.0000330)|   7, 1, 3;0,  0;0,  0> +
        ( 0.0000004, 0.0000304)|  11, 1, 2;0,  0;0,  0> +
        ( 0.0000286, 0.0000007)|  12, 2, 0;0,  0;0,  0> +
        (-0.0000042, 0.0000281)|  10, 0, 3;0,  0;0,  0> +
        ( 0.0000256,-0.0000007)|   9, 0, 0;0,  0;0,  0> +
        ( 0.0000235,-0.0000089)|  10, 1, 0;0,  0;0,  0> +
        ( 0.0000178, 0.0000141)|  10, 2, 1;0,  0;0,  0> +
        ( 0.0000192,-0.0000063)|   4, 3, 1;0,  0;0,  0> +
        ( 0.0000192,-0.0000037)|  15, 2, 0;0,  0;0,  0> +
        ( 0.0000144, 0.0000126)|  12, 2, 1;0,  0;0,  0> +
        (-0.0000182,-0.0000051)|  15, 0, 2;0,  0;0,  0> +
        ( 0.0000120, 0.0000146)|  15, 0, 0;0,  0;0,  0> +
        ( 0.0000006, 0.0000166)|  11, 3, 0;0,  0;0,  0> +
        (-0.0000166, 0.0000001)|   1, 3, 2;0,  0;0,  0> +
        (-0.0000010, 0.0000158)|   9, 1, 0;0,  0;0,  0> +
        (-0.0000153,-0.0000008)|   9, 0, 1;0,  0;0,  0> +
        ( 0.0000002, 0.0000151)|   1, 2, 3;0,  0;0,  0> +
        (-0.0000047, 0.0000138)|   7, 3, 1;0,  0;0,  0> +
        (-0.0000012, 0.0000143)|   6, 3, 1;0,  0;0,  0> +
        ( 0.0000132,-0.0000030)|  10, 1, 2;0,  0;0,  0> +
        (-0.0000003, 0.0000127)|   3, 1, 1;0,  0;0,  0> +
        (-0.0000061, 0.0000107)|   9, 0, 2;0,  0;0,  0> +
        ( 0.0000091,-0.0000016)|  11, 0, 0;0,  0;0,  0> +
        (-0.0000016, 0.0000090)|  12, 3, 3;0,  0;0,  0> +
        ( 0.0000081,-0.0000014)|  14, 0, 0;0,  0;0,  0> +
        (-0.0000009, 0.0000075)|  10, 3, 3;0,  0;0,  0> +
        ( 0.0000075,-0.0000004)|  12, 0, 2;0,  0;0,  0> +
        (-0.0000067, 0.0000007)|   7, 2, 2;0,  0;0,  0> +
        (-0.0000037, 0.0000056)|  12, 0, 3;0,  0;0,  0> +
        ( 0.0000025,-0.0000061)|  12, 3, 0;0,  0;0,  0> +
        (-0.0000006,-0.0000063)|  12, 1, 1;0,  0;0,  0> +
        (-0.0000031, 0.0000050)|  11, 2, 1;0,  0;0,  0> +
        (-0.0000049,-0.0000006)|   8, 3, 2;0,  0;0,  0> +
        (-0.0000036,-0.0000022)|   7, 1, 2;0,  0;0,  0> +
        (-0.0000042,-0.0000001)|   5, 0, 1;0,  0;0,  0> +
        ( 0.0000039, 0.0000004)|   5, 1, 0;0,  0;0,  0> +
        ( 0.0000034, 0.0000020)|   9, 1, 3;0,  0;0,  0> +
        ( 0.0000021,-0.0000032)|  13, 2, 1;0,  0;0,  0> +
        ( 0.0000015,-0.0000033)|  19, 0, 0;0,  0;0,  0> +
        (-0.0000019, 0.0000031)|  17, 0, 0;0,  0;0,  0> +
        (-0.0000006, 0.0000036)|  14, 3, 3;0,  0;0,  0> +
        ( 0.0000008, 0.0000034)|  12, 3, 1;0,  0;0,  0> +
        ( 0.0000012,-0.0000033)|  13, 3, 3;0,  0;0,  0> +
        ( 0.0000025,-0.0000020)|  13, 0, 3;0,  0;0,  0> +
        (-0.0000014,-0.0000026)|  13, 0, 0;0,  0;0,  0> +
        (-0.0000002, 0.0000029)|   6, 0, 1;0,  0;1,  0> +
        ( 0.0000002,-0.0000029)|   6, 0, 1;1,  0;0,  0> +
        (-0.0000020, 0.0000018)|  15, 1, 0;0,  0;0,  0> +
        ( 0.0000008, 0.0000025)|   9, 2, 3;0,  0;0,  0> +
        (-0.0000015, 0.0000020)|  13, 1, 2;0,  0;0,  0> +
        (-0.0000000, 0.0000025)|  12, 3, 2;0,  0;0,  0> +
        (-0.0000025,-0.0000001)|  17, 2, 2;0,  0;0,  0> +
        (-0.0000024,-0.0000003)|  14, 0, 2;0,  0;0,  0> +
        ( 0.0000022,-0.0000008)|  13, 3, 0;0,  0;0,  0> +
        ( 0.0000018,-0.0000012)|   9, 3, 2;0,  0;0,  0> +
        (-0.0000020,-0.0000001)|  11, 2, 3;0,  0;0,  0> +
        ( 0.0000003, 0.0000019)|  11, 0, 3;0,  0;0,  0> +
        (-0.0000003,-0.0000019)|   1, 3, 1;0,  0;0,  0> +
        (-0.0000009, 0.0000017)|   4, 2, 3;0,  0;0,  0> +
        ( 0.0000006,-0.0000017)|   8, 2, 3;0,  0;0,  0> +
        (-0.0000010,-0.0000015)|  18, 0, 0;0,  0;0,  0> +
        ( 0.0000013, 0.0000012)|  12, 0, 0;0,  0;0,  0> +
        ( 0.0000010,-0.0000014)|   9, 3, 1;0,  0;0,  0> +
        (-0.0000017,-0.0000001)|  10, 2, 3;0,  0;0,  0> +
        (-0.0000016, 0.0000002)|  11, 2, 2;0,  0;0,  0> +
        (-0.0000005, 0.0000016)|  11, 1, 3;0,  0;0,  0> +
        ( 0.0000005, 0.0000016)|   6, 1, 0;0,  0;1,  0> +
        (-0.0000005,-0.0000015)|   6, 1, 0;1,  0;0,  0> +
        (-0.0000003,-0.0000014)|  11, 3, 1;0,  0;0,  0> +
        ( 0.0000012, 0.0000000)|   7, 0, 0;0,  0;0,  0> +
        (-0.0000011,-0.0000003)|   0, 1, 2;0,  0;0,  0> +
        (-0.0000011,-0.0000000)|   4, 2, 2;0,  0;0,  0> +
        (-0.0000003, 0.0000010)|  11, 3, 3;0,  0;0,  0> +
        (-0.0000010, 0.0000001)|   8, 0, 0;0,  0;0,  0> +
         ...
 |21> = ( 0.8216961, 0.3446991)|   5, 1, 0;0,  0;0,  0> +
        ( 0.3354324, 0.3055862)|   5, 0, 1;0,  0;0,  0> +
        (-0.0072220, 0.0000320)|   5, 2, 2;0,  0;0,  0> +
        (-0.0041859, 0.0000714)|   8, 0, 0;0,  0;0,  0> +
        ( 0.0026960,-0.0000026)|   5, 2, 0;0,  0;0,  0> +
        ( 0.0000809,-0.0022763)|   3, 1, 1;0,  0;0,  0> +
        (-0.0021479, 0.0000561)|   9, 0, 0;0,  0;0,  0> +
        ( 0.0018675,-0.0000094)|   5, 0, 2;0,  0;0,  0> +
        ( 0.0003434, 0.0016296)|   1, 3, 1;0,  0;0,  0> +
        ( 0.0010885,-0.0000097)|   7, 0, 0;0,  0;0,  0> +
        (-0.0000003, 0.0009594)|   3, 2, 3;0,  0;0,  0> +
        ( 0.0008274,-0.0000862)|   2, 1, 2;0,  0;0,  0> +
        ( 0.0000076,-0.0008178)|   2, 2, 1;0,  0;0,  0> +
        (-0.0000962,-0.0007544)|   1, 1, 3;0,  0;0,  0> +
        ( 0.0007295, 0.0000022)|   3, 3, 2;0,  0;0,  0> +
        (-0.0002231, 0.0006635)|   6, 3, 3;0,  0;0,  0> +
        (-0.0006192,-0.0000624)|   3, 3, 0;0,  0;0,  0> +
        ( 0.0001114, 0.0006017)|   1, 2, 1;0,  0;0,  0> +
        ( 0.0002342, 0.0005207)|   5, 3, 3;0,  0;0,  0> +
        (-0.0000526,-0.0005664)|   5, 1, 1;0,  0;0,  0> +
        ( 0.0004458,-0.0000055)|   6, 2, 0;0,  0;0,  0> +
        ( 0.0002559,-0.0003356)|   1, 0, 3;0,  0;0,  0> +
        (-0.0003879,-0.0001597)|   0, 3, 2;0,  0;0,  0> +
        (-0.0001597, 0.0003853)|   0, 2, 3;0,  0;0,  0> +
        ( 0.0004114,-0.0000022)|   1, 3, 2;0,  0;0,  0> +
        (-0.0000193,-0.0004054)|   3, 0, 3;0,  0;0,  0> +
        (-0.0002404, 0.0002674)|   4, 1, 1;0,  0;0,  0> +
        ( 0.0000005, 0.0003590)|   2, 1, 3;0,  0;0,  0> +
        ( 0.0000650, 0.0003377)|   6, 1, 0;0,  0;0,  0> +
        (-0.0000030, 0.0003075)|   2, 2, 3;0,  0;0,  0> +
        (-0.0000000, 0.0002488)|   1, 3, 3;0,  0;0,  0> +
        (-0.0000650, 0.0002221)|   1, 3, 0;0,  0;0,  0> +
        (-0.0000009,-0.0002153)|   3, 3, 3;0,  0;0,  0> +
        (-0.0001949, 0.0000808)|   2, 0, 3;0,  0;0,  0> +
        (-0.0000438, 0.0002050)|   2, 3, 1;0,  0;0,  0> +
        (-0.0002026, 0.0000028)|   4, 3, 0;0,  0;0,  0> +
        (-0.0000003, 0.0001973)|   4, 3, 3;0,  0;0,  0> +
        ( 0.0000933, 0.0001703)|   1, 1, 2;0,  0;0,  0> +
        ( 0.0000334,-0.0001811)|   6, 0, 1;0,  0;0,  0> +
        (-0.0001653, 0.0000634)|   7, 2, 0;0,  0;0,  0> +
        (-0.0000440,-0.0001612)|   3, 2, 1;0,  0;0,  0> +
        (-0.0000708,-0.0001418)|   2, 3, 0;0,  0;0,  0> +
        ( 0.0001465,-0.0000001)|   9, 2, 0;0,  0;0,  0> +
        ( 0.0001424,-0.0000011)|   9, 0, 2;0,  0;0,  0> +
        (-0.0001186,-0.0000628)|   7, 0, 2;0,  0;0,  0> +
        ( 0.0000002, 0.0001260)|   2, 3, 3;0,  0;0,  0> +
        (-0.0000926, 0.0000132)|   8, 0, 2;0,  0;0,  0> +
        ( 0.0000857,-0.0000128)|   8, 2, 0;0,  0;0,  0> +
        ( 0.0000003,-0.0000812)|   3, 3, 1;0,  0;0,  0> +
        ( 0.0000012,-0.0000684)|   4, 0, 3;0,  0;0,  0> +
        (-0.0000000, 0.0000629)|   5, 0, 3;0,  0;0,  0> +
        (-0.0000559,-0.0000025)|   4, 1, 2;0,  0;0,  0> +
        ( 0.0000550, 0.0000006)|   5, 3, 0;0,  0;0,  0> +
        ( 0.0000000,-0.0000528)|   0, 3, 3;0,  0;0,  0> +
        (-0.0000479,-0.0000201)|   5, 1, 0;1,  0;0,  0> +
        ( 0.0000479, 0.0000200)|   5, 1, 0;0,  0;1,  0> +
        ( 0.0000387,-0.0000025)|   2, 3, 2;0,  0;0,  0> +
        ( 0.0000001, 0.0000349)|   2, 1, 1;0,  0;0,  0> +
        ( 0.0000309,-0.0000012)|   5, 1, 2;0,  0;0,  0> +
        ( 0.0000068,-0.0000280)|   3, 1, 3;0,  0;0,  0> +
        ( 0.0000007, 0.0000285)|   5, 2, 1;0,  0;0,  0> +
        ( 0.0000196, 0.0000178)|   5, 0, 1;0,  0;1,  0> +
        (-0.0000195,-0.0000178)|   5, 0, 1;1,  0;0,  0> +
        ( 0.0000046,-0.0000243)|   8, 1, 1;0,  0;0,  0> +
        ( 0.0000151, 0.0000132)|   3, 1, 2;0,  0;0,  0> +
        (-0.0000136,-0.0000004)|   6, 0, 2;0,  0;0,  0> +
        (-0.0000106, 0.0000071)|   4, 3, 2;0,  0;0,  0> +
        ( 0.0000114,-0.0000001)|   3, 2, 2;0,  0;0,  0> +
        ( 0.0000101, 0.0000004)|   0, 1, 2;0,  0;0,  0> +
        (-0.0000031,-0.0000093)|   1, 2, 3;0,  0;0,  0> +
        (-0.0000094, 0.0000022)|   4, 2, 3;0,  0;0,  0> +
        ( 0.0000006,-0.0000070)|   4, 2, 1;0,  0;0,  0> +
        (-0.0000009, 0.0000067)|   7, 1, 1;0,  0;0,  0> +
        ( 0.0000002,-0.0000064)|   0, 2, 1;0,  0;0,  0> +
        (-0.0000063,-0.0000003)|   4, 2, 2;0,  0;0,  0> +
        ( 0.0000061, 0.0000006)|   4, 1, 0;0,  0;0,  0> +
        ( 0.0000003,-0.0000054)|   0, 0, 3;0,  0;0,  0> +
        ( 0.0000005, 0.0000050)|   6, 0, 3;0,  0;0,  0> +
        (-0.0000049,-0.0000002)|  10, 0, 2;0,  0;0,  0> +
        (-0.0000048, 0.0000005)|  10, 2, 0;0,  0;0,  0> +
        (-0.0000009, 0.0000042)|   6, 2, 1;0,  0;0,  0> +
        (-0.0000037,-0.0000007)|   6, 1, 2;0,  0;0,  0> +
        (-0.0000035, 0.0000007)|  11, 0, 0;0,  0;0,  0> +
        (-0.0000034,-0.0000000)|   9, 2, 2;0,  0;0,  0> +
        (-0.0000011, 0.0000032)|   7, 3, 3;0,  0;0,  0> +
        ( 0.0000033, 0.0000002)|   0, 3, 0;0,  0;0,  0> +
        ( 0.0000012,-0.0000028)|   8, 1, 0;0,  0;0,  0> +
        (-0.0000009,-0.0000029)|   8, 0, 1;0,  0;0,  0> +
        ( 0.0000030,-0.0000001)|   6, 2, 2;0,  0;0,  0> +
        (-0.0000003,-0.0000029)|  10, 0, 1;0,  0;0,  0> +
        ( 0.0000008, 0.0000027)|   4, 3, 1;0,  0;0,  0> +
        ( 0.0000026, 0.0000000)|   7, 2, 2;0,  0;0,  0> +
        ( 0.0000024, 0.0000007)|   7, 1, 0;0,  0;0,  0> +
        (-0.0000002,-0.0000023)|   3, 0, 1;0,  0;0,  0> +
        (-0.0000022,-0.0000001)|   4, 2, 0;0,  0;0,  0> +
        (-0.0000021,-0.0000000)|   8, 2, 2;0,  0;0,  0> +
        (-0.0000021,-0.0000000)|   6, 3, 0;0,  0;0,  0> +
        (-0.0000006, 0.0000020)|   7, 3, 0;0,  0;0,  0> +
        ( 0.0000020,-0.0000001)|   4, 0, 2;0,  0;0,  0> +
        (-0.0000018,-0.0000008)|   7, 0, 1;0,  0;0,  0> +
        ( 0.0000002, 0.0000019)|   6, 3, 1;0,  0;0,  0> +
        ( 0.0000003, 0.0000017)|   5, 3, 1;0,  0;0,  0> +
        (-0.0000014,-0.0000009)|  12, 0, 0;0,  0;0,  0> +
        ( 0.0000017,-0.0000001)|   6, 0, 0;0,  0;0,  0> +
        (-0.0000015,-0.0000006)|   7, 0, 3;0,  0;0,  0> +
        (-0.0000015,-0.0000002)|   3, 2, 0;0,  0;0,  0> +
        ( 0.0000015, 0.0000002)|   3, 0, 2;0,  0;0,  0> +
        ( 0.0000006, 0.0000012)|   4, 0, 1;0,  0;0,  0> +
        ( 0.0000011,-0.0000007)|   6, 3, 2;0,  0;0,  0> +
        (-0.0000007, 0.0000011)|  20, 0, 0;0,  0;0,  0> +
        (-0.0000012,-0.0000000)|   9, 0, 1;0,  0;0,  0> +
        (-0.0000001, 0.0000012)|   9, 1, 0;0,  0;0,  0> +
        ( 0.0000000, 0.0000012)|   1, 0, 1;0,  0;0,  0> +
        ( 0.0000003, 0.0000011)|  10, 1, 0;0,  0;0,  0> +
        (-0.0000009,-0.0000006)|  15, 0, 1;0,  0;0,  0> +
        (-0.0000010,-0.0000001)|  10, 0, 0;0,  0;0,  0> +
         ...
 |22> = ( 0.8636302, 0.2160129)|   5, 0, 1;0,  0;0,  0> +
        (-0.4510939, 0.0437681)|   5, 1, 0;0,  0;0,  0> +
        ( 0.0369300,-0.0010043)|   9, 0, 0;0,  0;0,  0> +
        (-0.0008236, 0.0241752)|   3, 1, 1;0,  0;0,  0> +
        ( 0.0013194, 0.0068798)|   6, 1, 0;0,  0;0,  0> +
        ( 0.0006957,-0.0039423)|   6, 0, 1;0,  0;0,  0> +
        ( 0.0000042,-0.0034066)|   3, 2, 3;0,  0;0,  0> +
        ( 0.0032185,-0.0000103)|   5, 2, 0;0,  0;0,  0> +
        ( 0.0029621, 0.0000008)|   3, 3, 2;0,  0;0,  0> +
        (-0.0000846, 0.0022475)|   3, 2, 1;0,  0;0,  0> +
        ( 0.0022186,-0.0000172)|   3, 1, 2;0,  0;0,  0> +
        (-0.0013233, 0.0012417)|   1, 0, 3;0,  0;0,  0> +
        ( 0.0015655, 0.0000133)|   2, 1, 2;0,  0;0,  0> +
        (-0.0003215,-0.0011992)|   1, 3, 0;0,  0;0,  0> +
        ( 0.0000500,-0.0012305)|   4, 2, 3;0,  0;0,  0> +
        (-0.0000437,-0.0011693)|   1, 2, 1;0,  0;0,  0> +
        ( 0.0003360,-0.0010704)|   2, 3, 1;0,  0;0,  0> +
        (-0.0010198, 0.0002884)|   2, 3, 0;0,  0;0,  0> +
        (-0.0009899,-0.0000213)|   4, 3, 2;0,  0;0,  0> +
        (-0.0008455, 0.0000381)|   3, 3, 0;0,  0;0,  0> +
        ( 0.0000040, 0.0008084)|   3, 3, 1;0,  0;0,  0> +
        ( 0.0000961, 0.0007677)|   3, 0, 3;0,  0;0,  0> +
        ( 0.0000703, 0.0007574)|   5, 1, 1;0,  0;0,  0> +
        ( 0.0005042,-0.0005610)|   4, 1, 1;0,  0;0,  0> +
        ( 0.0000002,-0.0006892)|   4, 0, 3;0,  0;0,  0> +
        ( 0.0006557,-0.0000013)|   4, 2, 2;0,  0;0,  0> +
        (-0.0006475, 0.0000078)|   5, 0, 2;0,  0;0,  0> +
        ( 0.0001893, 0.0005178)|   5, 3, 3;0,  0;0,  0> +
        ( 0.0005498,-0.0000094)|   8, 0, 0;0,  0;0,  0> +
        (-0.0004243,-0.0002646)|   1, 1, 2;0,  0;0,  0> +
        (-0.0000098, 0.0004741)|   2, 1, 3;0,  0;0,  0> +
        ( 0.0003918,-0.0000018)|   6, 0, 2;0,  0;0,  0> +
        ( 0.0003718,-0.0000050)|   1, 3, 2;0,  0;0,  0> +
        ( 0.0003141, 0.0001876)|   2, 0, 3;0,  0;0,  0> +
        (-0.0000050,-0.0003526)|   1, 2, 3;0,  0;0,  0> +
        ( 0.0000595,-0.0003111)|   8, 1, 1;0,  0;0,  0> +
        (-0.0003023, 0.0000015)|   5, 2, 2;0,  0;0,  0> +
        ( 0.0002982,-0.0000108)|   8, 0, 2;0,  0;0,  0> +
        ( 0.0000006, 0.0002726)|   5, 0, 3;0,  0;0,  0> +
        (-0.0000727, 0.0002545)|   3, 1, 3;0,  0;0,  0> +
        (-0.0000500,-0.0002488)|   1, 3, 1;0,  0;0,  0> +
        ( 0.0002316,-0.0000213)|   9, 0, 2;0,  0;0,  0> +
        (-0.0000229,-0.0002136)|   4, 2, 1;0,  0;0,  0> +
        ( 0.0002093, 0.0000097)|   5, 3, 0;0,  0;0,  0> +
        ( 0.0001709, 0.0000084)|   8, 2, 0;0,  0;0,  0> +
        ( 0.0001694,-0.0000106)|   5, 1, 2;0,  0;0,  0> +
        ( 0.0000629,-0.0001490)|   6, 3, 3;0,  0;0,  0> +
        (-0.0000003, 0.0001381)|   2, 3, 3;0,  0;0,  0> +
        (-0.0000324,-0.0001155)|   2, 2, 1;0,  0;0,  0> +
        ( 0.0001140,-0.0000018)|   6, 2, 0;0,  0;0,  0> +
        ( 0.0000367,-0.0001073)|   7, 3, 3;0,  0;0,  0> +
        ( 0.0000053, 0.0001119)|   6, 0, 3;0,  0;0,  0> +
        (-0.0001023, 0.0000010)|   7, 0, 0;0,  0;0,  0> +
        (-0.0000984,-0.0000012)|   2, 3, 2;0,  0;0,  0> +
        ( 0.0000167, 0.0000964)|   1, 1, 3;0,  0;0,  0> +
        ( 0.0000952, 0.0000071)|   4, 1, 2;0,  0;0,  0> +
        ( 0.0000952, 0.0000033)|   6, 2, 2;0,  0;0,  0> +
        (-0.0000660,-0.0000022)|   6, 1, 2;0,  0;0,  0> +
        (-0.0000645, 0.0000060)|  10, 2, 0;0,  0;0,  0> +
        (-0.0000640,-0.0000018)|  10, 0, 2;0,  0;0,  0> +
        ( 0.0000591, 0.0000189)|   9, 2, 0;0,  0;0,  0> +
        ( 0.0000099, 0.0000604)|   5, 2, 1;0,  0;0,  0> +
        ( 0.0000568,-0.0000120)|   7, 0, 2;0,  0;0,  0> +
        ( 0.0000004,-0.0000569)|   4, 3, 3;0,  0;0,  0> +
        ( 0.0000003, 0.0000556)|   3, 3, 3;0,  0;0,  0> +
        (-0.0000503,-0.0000126)|   5, 0, 1;1,  0;0,  0> +
        ( 0.0000503, 0.0000126)|   5, 0, 1;0,  0;1,  0> +
        (-0.0000068, 0.0000499)|   7, 1, 1;0,  0;0,  0> +
        ( 0.0000484, 0.0000114)|   7, 2, 0;0,  0;0,  0> +
        ( 0.0000000, 0.0000440)|   0, 3, 3;0,  0;0,  0> +
        (-0.0000394,-0.0000013)|   6, 3, 0;0,  0;0,  0> +
        ( 0.0000323, 0.0000086)|   4, 3, 0;0,  0;0,  0> +
        ( 0.0000262,-0.0000025)|   5, 1, 0;1,  0;0,  0> +
        (-0.0000262, 0.0000025)|   5, 1, 0;0,  0;1,  0> +
        (-0.0000030,-0.0000243)|   4, 1, 3;0,  0;0,  0> +
        ( 0.0000074,-0.0000216)|   8, 3, 3;0,  0;0,  0> +
        (-0.0000003,-0.0000227)|   2, 2, 3;0,  0;0,  0> +
        (-0.0000044, 0.0000221)|   6, 2, 1;0,  0;0,  0> +
        ( 0.0000185, 0.0000078)|   0, 3, 2;0,  0;0,  0> +
        ( 0.0000078,-0.0000181)|   0, 2, 3;0,  0;0,  0> +
        ( 0.0000000,-0.0000193)|   1, 3, 3;0,  0;0,  0> +
        (-0.0000020,-0.0000091)|   6, 1, 1;0,  0;0,  0> +
        (-0.0000030,-0.0000086)|   4, 3, 1;0,  0;0,  0> +
        ( 0.0000083, 0.0000000)|   8, 2, 2;0,  0;0,  0> +
        (-0.0000013,-0.0000063)|   5, 3, 1;0,  0;0,  0> +
        (-0.0000058,-0.0000016)|   7, 0, 3;0,  0;0,  0> +
        (-0.0000050, 0.0000009)|  11, 0, 1;0,  0;0,  0> +
        (-0.0000016, 0.0000047)|   7, 3, 0;0,  0;0,  0> +
        ( 0.0000023, 0.0000042)|  10, 1, 0;0,  0;0,  0> +
        ( 0.0000046,-0.0000009)|  11, 0, 0;0,  0;0,  0> +
        (-0.0000026,-0.0000032)|  15, 0, 0;0,  0;0,  0> +
        (-0.0000039,-0.0000002)|  10, 0, 0;0,  0;0,  0> +
        ( 0.0000035, 0.0000002)|   6, 0, 0;0,  0;0,  0> +
        ( 0.0000003, 0.0000035)|  11, 1, 0;0,  0;0,  0> +
        (-0.0000029,-0.0000000)|   7, 2, 2;0,  0;0,  0> +
        (-0.0000007,-0.0000027)|   5, 2, 3;0,  0;0,  0> +
        (-0.0000023, 0.0000013)|   6, 3, 2;0,  0;0,  0> +
        ( 0.0000023, 0.0000010)|   7, 1, 0;0,  0;0,  0> +
        (-0.0000022, 0.0000001)|   9, 0, 0;1,  0;0,  0> +
        ( 0.0000022,-0.0000001)|   9, 0, 0;0,  0;1,  0> +
        ( 0.0000018, 0.0000011)|  12, 0, 0;0,  0;0,  0> +
        (-0.0000017,-0.0000008)|   0, 1, 2;0,  0;0,  0> +
        ( 0.0000010,-0.0000014)|   6, 2, 3;0,  0;0,  0> +
        (-0.0000001, 0.0000016)|   3, 0, 1;0,  0;0,  0> +
        ( 0.0000016, 0.0000001)|   9, 0, 1;0,  0;0,  0> +
        (-0.0000015, 0.0000001)|   9, 1, 1;0,  0;0,  0> +
        (-0.0000005, 0.0000014)|  13, 3, 3;0,  0;0,  0> +
        (-0.0000000,-0.0000015)|   9, 0, 3;0,  0;0,  0> +
        (-0.0000015,-0.0000000)|   5, 0, 0;0,  0;0,  0> +
        (-0.0000001, 0.0000014)|   3, 1, 1;0,  0;1,  0> +
        ( 0.0000000,-0.0000014)|   3, 1, 1;1,  0;0,  0> +
        (-0.0000000, 0.0000014)|   4, 0, 1;0,  0;0,  0> +
        ( 0.0000014, 0.0000000)|   9, 2, 2;0,  0;0,  0> +
        (-0.0000008, 0.0000011)|  20, 0, 0;0,  0;0,  0> +
        (-0.0000013, 0.0000000)|   9, 3, 0;0,  0;0,  0> +
        (-0.0000006, 0.0000011)|   9, 3, 1;0,  0;0,  0> +
        ( 0.0000006, 0.0000011)|  13, 0, 0;0,  0;0,  0> +
        ( 0.0000002,-0.0000012)|   8, 0, 3;0,  0;0,  0> +
        (-0.0000006, 0.0000011)|   0, 2, 1;0,  0;0,  0> +
        (-0.0000007, 0.0000009)|   0, 0, 3;0,  0;0,  0> +
        (-0.0000000, 0.0000012)|   4, 0, 2;0,  0;0,  0> +
        ( 0.0000003,-0.0000011)|   7, 2, 3;0,  0;0,  0> +
        (-0.0000004,-0.0000011)|  16, 0, 0;0,  0;0,  0> +
        ( 0.0000011,-0.0000001)|   3, 1, 0;0,  0;0,  0> +
        ( 0.0000003,-0.0000010)|  11, 1, 3;0,  0;0,  0> +
        (-0.0000011,-0.0000000)|   4, 1, 0;0,  0;0,  0> +
        (-0.0000010, 0.0000003)|   2, 1, 1;0,  0;0,  0> +
        (-0.0000010,-0.0000001)|   8, 0, 1;0,  0;0,  0> +
         ...
 |23> = (-0.7071062, 0.0000000)|   0, 0, 2;0,  0;0,  0> +
        (-0.7071062,-0.0000000)|   0, 2, 0;0,  0;0,  0> +
        (-0.0016971,-0.0000000)|   2, 0, 0;0,  0;0,  0> +
        (-0.0000412,-0.0000000)|   0, 2, 0;0,  0;1,  0> +
        ( 0.0000412, 0.0000000)|   0, 2, 0;1,  0;0,  0> +
        ( 0.0000412, 0.0000000)|   0, 0, 2;1,  0;0,  0> +
        (-0.0000412,-0.0000000)|   0, 0, 2;0,  0;1,  0> +
        ( 0.0000040,-0.0000000)|   1, 0, 0;0,  0;0,  0> +
         ...
 |24> = (-0.0001630,-0.9999385)|   0, 1, 1;0,  0;0,  0> +
        (-0.0001691, 0.0056529)|   2, 0, 1;0,  0;0,  0> +
        ( 0.0000877, 0.0046723)|   0, 2, 1;0,  0;0,  0> +
        (-0.0043781,-0.0001741)|   2, 1, 0;0,  0;0,  0> +
        (-0.0035112,-0.0000034)|   2, 2, 0;0,  0;0,  0> +
        ( 0.0034789, 0.0000033)|   2, 0, 2;0,  0;0,  0> +
        ( 0.0029936,-0.0000028)|   3, 2, 0;0,  0;0,  0> +
        ( 0.0026308,-0.0000040)|   3, 0, 2;0,  0;0,  0> +
        (-0.0000598,-0.0021053)|   0, 0, 3;0,  0;0,  0> +
        ( 0.0018943, 0.0000043)|   0, 1, 2;0,  0;0,  0> +
        (-0.0011861, 0.0000040)|   5, 0, 0;0,  0;0,  0> +
        (-0.0010123,-0.0000133)|   0, 3, 0;0,  0;0,  0> +
        ( 0.0007096, 0.0000016)|   2, 2, 2;0,  0;0,  0> +
        (-0.0000003,-0.0006798)|   0, 1, 3;0,  0;0,  0> +
        ( 0.0003090,-0.0000000)|   0, 2, 0;0,  0;0,  0> +
        (-0.0003090, 0.0000000)|   0, 0, 2;0,  0;0,  0> +
        (-0.0002973, 0.0000000)|   0, 2, 2;0,  0;0,  0> +
        ( 0.0000011, 0.0000951)|   1, 0, 1;0,  0;0,  0> +
        (-0.0000949, 0.0000011)|   1, 1, 0;0,  0;0,  0> +
        (-0.0000917, 0.0000000)|   1, 2, 2;0,  0;0,  0> +
        (-0.0000000, 0.0000583)|   0, 1, 1;1,  0;0,  0> +
        (-0.0000000,-0.0000582)|   0, 1, 1;0,  0;1,  0> +
        ( 0.0000248,-0.0000000)|   0, 3, 2;0,  0;0,  0> +
        ( 0.0000001, 0.0000240)|   0, 2, 3;0,  0;0,  0> +
        (-0.0000001,-0.0000113)|   0, 3, 3;0,  0;0,  0> +
        (-0.0000000,-0.0000087)|   0, 3, 1;0,  0;0,  0> +
        (-0.0000059,-0.0000000)|   4, 2, 0;0,  0;0,  0> +
        (-0.0000055, 0.0000000)|   4, 0, 2;0,  0;0,  0> +
        ( 0.0000001, 0.0000053)|   1, 0, 3;0,  0;0,  0> +
        ( 0.0000053, 0.0000000)|   1, 3, 0;0,  0;0,  0> +
        ( 0.0000001, 0.0000033)|   2, 1, 1;0,  0;0,  0> +
        ( 0.0000032,-0.0000000)|   1, 1, 2;0,  0;0,  0> +
        ( 0.0000000,-0.0000029)|   1, 1, 1;0,  0;0,  0> +
        (-0.0000000, 0.0000029)|   1, 2, 1;0,  0;0,  0> +
        (-0.0000001, 0.0000017)|   3, 1, 1;0,  0;0,  0> +
        ( 0.0000001, 0.0000012)|   5, 1, 1;0,  0;0,  0> +
         ...
