# Parameters of the model
#  mass:		    261.00 u
#  charge:	      1.00 e
#  dipole:	      4.74 D
#  B:		    503.65 MHz
#  omega_rho:	      1.40 MHz
#  omega_z:	      0.15 MHz

# Basis truncation:	|34,4,4;2,2>
# omega_1:	      0.26 MHz
# omega_3/5:	      1.39 MHz
# Basis size:		44064

# Active terms of the Hamiltionian:
# 	Nomal modes:	1
# 	T_rot:      	1
# 	V_qd^{(0)}: 	1
# 	V_qd^{(1)}: 	1
# 	V_dd^{(0)}: 	1

# Results of the diagonalisation

# 100 smallest eigenvalues
 5.857405663 6.857168198 7.874427795 8.807723999 9.881167412 10.881974220 11.291282654 11.303362846 11.863207817 12.146938324 12.260239601 12.806910515 13.170575142 13.285077095 14.018516541 14.188975334 14.227821350 14.893995285 15.164771080 15.200309753 15.966778755 15.973806381 16.180112839 16.541299820 16.552373886 16.570535660 16.882957458 17.068035126 17.400506973 17.527896881 17.593065262 17.657196045 17.934852600 18.038875580 18.407457352 18.491235733 18.565711975 18.930734634 18.997880936 19.187389374 19.471530914 19.486581802 19.545219421 19.591739655 19.759239197 20.185884476 20.601270676 20.638277054 20.660568237 20.713363647 21.047588348 21.176406860 21.404060364 21.490659714 21.522100449 21.546752930 21.920032501 22.046520233 22.050642014 22.057981491 22.102815628 22.190876007 22.526689529 22.562419891 22.618984222 22.629947662 22.741359711 22.859874725 22.922578812 22.949541092 22.977861404 23.371860504 23.432245255 23.527191162 23.538276672 23.763248444 23.979072571 24.014518738 24.036060333 24.056995392 24.081159592 24.106533051 24.373605728 24.569152832 24.577671051 24.772054672 24.862472534 24.901094437 24.930259705 25.004943848 25.036849976 25.075799942 25.381071091 25.529472351 25.555032730 25.659490585 25.705076218 25.930364609 25.960586548 26.063758850

# Ground state and the lowest excitations:
 | 0> = ( 1.0000000, 0.0000000)|   0, 0, 0;0,  0;0,  0> +
        ( 0.0000604,-0.0000000)|   0, 0, 0;0,  0;1,  0> +
        (-0.0000604,-0.0000000)|   0, 0, 0;1,  0;0,  0> +
         ...
 | 1> = (-1.0000015, 0.0000000)|   1, 0, 0;0,  0;0,  0> +
        ( 0.0000604, 0.0000000)|   1, 0, 0;1,  0;0,  0> +
        (-0.0000604, 0.0000000)|   1, 0, 0;0,  0;1,  0> +
        ( 0.0000183,-0.0000000)|   2, 0, 0;0,  0;0,  0> +
        ( 0.0000032, 0.0000000)|   4, 0, 0;0,  0;0,  0> +
        (-0.0000012, 0.0000000)|   5, 0, 0;0,  0;0,  0> +
         ...
 | 2> = (-0.9999990,-0.0000000)|   2, 0, 0;0,  0;0,  0> +
        (-0.0002360, 0.0000000)|   0, 0, 2;0,  0;0,  0> +
        (-0.0002349, 0.0000000)|   0, 2, 0;0,  0;0,  0> +
        (-0.0000604,-0.0000000)|   2, 0, 0;0,  0;1,  0> +
        ( 0.0000604,-0.0000000)|   2, 0, 0;1,  0;0,  0> +
        (-0.0000187, 0.0000000)|   1, 0, 0;0,  0;0,  0> +
        (-0.0000057,-0.0000000)|   4, 0, 0;0,  0;0,  0> +
        ( 0.0000000,-0.0000044)|   0, 0, 1;0,  0;0,  0> +
        (-0.0000042, 0.0000000)|   0, 1, 0;0,  0;0,  0> +
        ( 0.0000019, 0.0000000)|   3, 0, 0;0,  0;0,  0> +
        ( 0.0000015,-0.0000000)|   3, 1, 0;0,  0;0,  0> +
        (-0.0000000, 0.0000011)|   3, 0, 1;0,  0;0,  0> +
         ...
 | 3> = (-0.9999723,-0.0000000)|   3, 0, 0;0,  0;0,  0> +
        (-0.0043901, 0.0000000)|   0, 1, 0;0,  0;0,  0> +
        (-0.0000000, 0.0041762)|   0, 0, 1;0,  0;0,  0> +
        ( 0.0028683,-0.0000000)|   0, 2, 0;0,  0;0,  0> +
        (-0.0028683, 0.0000000)|   0, 0, 2;0,  0;0,  0> +
        ( 0.0004148, 0.0000000)|   4, 0, 0;0,  0;0,  0> +
        ( 0.0002184,-0.0000000)|   1, 0, 2;0,  0;0,  0> +
        ( 0.0001804, 0.0000000)|   1, 2, 0;0,  0;0,  0> +
        ( 0.0000604,-0.0000000)|   3, 0, 0;1,  0;0,  0> +
        (-0.0000604,-0.0000000)|   3, 0, 0;0,  0;1,  0> +
        ( 0.0000000, 0.0000066)|   1, 0, 1;0,  0;0,  0> +
        ( 0.0000059, 0.0000000)|   1, 1, 0;0,  0;0,  0> +
        (-0.0000020,-0.0000000)|   2, 0, 0;0,  0;0,  0> +
         ...
 | 4> = ( 0.9998972, 0.0000000)|   4, 0, 0;0,  0;0,  0> +
        ( 0.0000003, 0.0105418)|   1, 0, 1;0,  0;0,  0> +
        ( 0.0095061, 0.0000003)|   1, 1, 0;0,  0;0,  0> +
        ( 0.0007349, 0.0000000)|   1, 2, 0;0,  0;0,  0> +
        ( 0.0006912,-0.0000000)|   2, 0, 2;0,  0;0,  0> +
        ( 0.0005768, 0.0000000)|   0, 2, 2;0,  0;0,  0> +
        (-0.0005711, 0.0000000)|   0, 0, 2;0,  0;0,  0> +
        ( 0.0005711,-0.0000000)|   0, 2, 0;0,  0;0,  0> +
        ( 0.0004181,-0.0000000)|   3, 0, 0;0,  0;0,  0> +
        ( 0.0004089, 0.0000000)|   2, 2, 0;0,  0;0,  0> +
        (-0.0000604, 0.0000000)|   4, 0, 0;1,  0;0,  0> +
        ( 0.0000604, 0.0000000)|   4, 0, 0;0,  0;1,  0> +
        ( 0.0000000, 0.0000248)|   0, 0, 1;0,  0;0,  0> +
        (-0.0000246, 0.0000000)|   0, 1, 0;0,  0;0,  0> +
        (-0.0000166,-0.0000000)|   1, 0, 2;0,  0;0,  0> +
        ( 0.0000128,-0.0000000)|   0, 3, 0;0,  0;0,  0> +
        (-0.0000000, 0.0000120)|   0, 0, 3;0,  0;0,  0> +
        ( 0.0000067,-0.0000000)|   0, 1, 2;0,  0;0,  0> +
        ( 0.0000000, 0.0000064)|   0, 2, 1;0,  0;0,  0> +
        (-0.0000052,-0.0000000)|   2, 0, 0;0,  0;0,  0> +
        ( 0.0000036,-0.0000000)|   1, 0, 0;0,  0;0,  0> +
        ( 0.0000027,-0.0000000)|   5, 0, 0;0,  0;0,  0> +
        (-0.0000027, 0.0000000)|   2, 1, 0;0,  0;0,  0> +
        (-0.0000000,-0.0000018)|   2, 0, 1;0,  0;0,  0> +
        (-0.0000012, 0.0000000)|   6, 0, 0;0,  0;0,  0> +
         ...
 | 5> = (-0.9999736, 0.0003601)|   5, 0, 0;0,  0;0,  0> +
        (-0.0052496,-0.0000045)|   2, 1, 0;0,  0;0,  0> +
        (-0.0027178, 0.0000025)|   2, 2, 0;0,  0;0,  0> +
        ( 0.0025317,-0.0000025)|   2, 0, 2;0,  0;0,  0> +
        (-0.0000036, 0.0014206)|   2, 0, 1;0,  0;0,  0> +
        (-0.0010589, 0.0000010)|   1, 1, 0;0,  0;0,  0> +
        ( 0.0000010, 0.0009999)|   1, 0, 1;0,  0;0,  0> +
        ( 0.0009285,-0.0000054)|   3, 0, 2;0,  0;0,  0> +
        (-0.0007720, 0.0000000)|   1, 0, 2;0,  0;0,  0> +
        ( 0.0007594,-0.0000000)|   1, 2, 0;0,  0;0,  0> +
        ( 0.0007520,-0.0000039)|   3, 2, 0;0,  0;0,  0> +
        (-0.0003611,-0.0000102)|   0, 1, 2;0,  0;0,  0> +
        (-0.0000018,-0.0003574)|   0, 2, 3;0,  0;0,  0> +
        (-0.0003065, 0.0000014)|   0, 3, 2;0,  0;0,  0> +
        ( 0.0002815,-0.0000001)|   1, 2, 2;0,  0;0,  0> +
        (-0.0000166,-0.0001642)|   0, 2, 1;0,  0;0,  0> +
        ( 0.0001639,-0.0000036)|   0, 3, 0;0,  0;0,  0> +
        (-0.0000018, 0.0001315)|   0, 1, 3;0,  0;0,  0> +
        ( 0.0000003, 0.0001175)|   0, 3, 3;0,  0;0,  0> +
        ( 0.0001137, 0.0000000)|   0, 2, 2;0,  0;0,  0> +
        ( 0.0000114,-0.0000978)|   0, 1, 1;0,  0;0,  0> +
        (-0.0000817,-0.0000001)|   2, 2, 2;0,  0;0,  0> +
        ( 0.0000002,-0.0000791)|   0, 0, 3;0,  0;0,  0> +
        ( 0.0000604,-0.0000000)|   5, 0, 0;1,  0;0,  0> +
        (-0.0000604, 0.0000000)|   5, 0, 0;0,  0;1,  0> +
        ( 0.0000002, 0.0000357)|   0, 3, 1;0,  0;0,  0> +
        (-0.0000047,-0.0000000)|   1, 3, 0;0,  0;0,  0> +
        (-0.0000046, 0.0000000)|   6, 0, 0;0,  0;0,  0> +
        ( 0.0000001,-0.0000042)|   1, 0, 3;0,  0;0,  0> +
        (-0.0000022,-0.0000001)|   1, 1, 2;0,  0;0,  0> +
        ( 0.0000000, 0.0000021)|   4, 0, 1;0,  0;0,  0> +
        ( 0.0000017, 0.0000000)|   4, 0, 0;0,  0;0,  0> +
        ( 0.0000017, 0.0000000)|   4, 1, 0;0,  0;0,  0> +
        (-0.0000000,-0.0000016)|   3, 0, 1;0,  0;0,  0> +
        ( 0.0000000,-0.0000016)|   1, 2, 1;0,  0;0,  0> +
        ( 0.0000001, 0.0000014)|   6, 0, 1;0,  0;0,  0> +
        (-0.0000013, 0.0000000)|   3, 0, 0;0,  0;0,  0> +
        ( 0.0000011, 0.0000000)|   1, 0, 0;0,  0;0,  0> +
         ...
 | 6> = ( 0.8307550,-0.0000000)|   0, 1, 0;0,  0;0,  0> +
        ( 0.0000000, 0.5566367)|   0, 0, 1;0,  0;0,  0> +
        (-0.0013222,-0.0000000)|   3, 0, 0;0,  0;0,  0> +
        ( 0.0002617,-0.0000000)|   0, 2, 0;0,  0;0,  0> +
        ( 0.0001656,-0.0000000)|   0, 0, 2;0,  0;0,  0> +
        ( 0.0000898, 0.0000000)|   1, 0, 2;0,  0;0,  0> +
        ( 0.0000728,-0.0000000)|   1, 2, 0;0,  0;0,  0> +
        (-0.0000502,-0.0000000)|   0, 1, 0;1,  0;0,  0> +
        ( 0.0000502, 0.0000000)|   0, 1, 0;0,  0;1,  0> +
        (-0.0000000, 0.0000336)|   0, 0, 1;0,  0;1,  0> +
        ( 0.0000000,-0.0000336)|   0, 0, 1;1,  0;0,  0> +
        ( 0.0000077,-0.0000000)|   1, 1, 0;0,  0;0,  0> +
        ( 0.0000070,-0.0000000)|   4, 0, 0;0,  0;0,  0> +
        (-0.0000061, 0.0000000)|   2, 0, 0;0,  0;0,  0> +
        (-0.0000000, 0.0000025)|   1, 0, 1;0,  0;0,  0> +
        ( 0.0000012,-0.0000000)|   3, 1, 0;0,  0;0,  0> +
         ...
 | 7> = ( 0.0000000,-0.8307456)|   0, 0, 1;0,  0;0,  0> +
        ( 0.5566210, 0.0000000)|   0, 1, 0;0,  0;0,  0> +
        (-0.0059086,-0.0000000)|   3, 0, 0;0,  0;0,  0> +
        (-0.0008671, 0.0000000)|   0, 0, 2;0,  0;0,  0> +
        ( 0.0007716,-0.0000000)|   0, 2, 0;0,  0;0,  0> +
        ( 0.0004409,-0.0000000)|   1, 0, 2;0,  0;0,  0> +
        ( 0.0003610, 0.0000000)|   1, 2, 0;0,  0;0,  0> +
        (-0.0000000, 0.0000502)|   0, 0, 1;1,  0;0,  0> +
        (-0.0000000,-0.0000502)|   0, 0, 1;0,  0;1,  0> +
        ( 0.0000353, 0.0000000)|   4, 0, 0;0,  0;0,  0> +
        ( 0.0000336,-0.0000000)|   0, 1, 0;0,  0;1,  0> +
        (-0.0000336, 0.0000000)|   0, 1, 0;1,  0;0,  0> +
        ( 0.0000000, 0.0000222)|   1, 0, 1;0,  0;0,  0> +
        ( 0.0000162, 0.0000000)|   1, 1, 0;0,  0;0,  0> +
        (-0.0000036,-0.0000000)|   0, 2, 2;0,  0;0,  0> +
        ( 0.0000015,-0.0000000)|   2, 1, 0;0,  0;0,  0> +
        ( 0.0000014, 0.0000000)|   2, 0, 0;0,  0;0,  0> +
        (-0.0000000,-0.0000010)|   2, 0, 1;0,  0;0,  0> +
         ...
 | 8> = ( 0.9998221,-0.0016635)|   6, 0, 0;0,  0;0,  0> +
        (-0.0000014,-0.0123199)|   0, 1, 1;0,  0;0,  0> +
        (-0.0099054,-0.0000138)|   3, 1, 0;0,  0;0,  0> +
        ( 0.0000362,-0.0092896)|   3, 0, 1;0,  0;0,  0> +
        (-0.0023749, 0.0000215)|   3, 0, 2;0,  0;0,  0> +
        ( 0.0022855,-0.0000022)|   2, 0, 2;0,  0;0,  0> +
        (-0.0022816, 0.0000022)|   2, 2, 0;0,  0;0,  0> +
        (-0.0009588,-0.0000006)|   4, 2, 0;0,  0;0,  0> +
        (-0.0009133,-0.0000119)|   4, 0, 2;0,  0;0,  0> +
        ( 0.0008117,-0.0000035)|   3, 2, 2;0,  0;0,  0> +
        (-0.0007707, 0.0000001)|   0, 1, 2;0,  0;0,  0> +
        ( 0.0001383, 0.0005859)|   0, 0, 3;0,  0;0,  0> +
        (-0.0005125,-0.0000204)|   3, 2, 0;0,  0;0,  0> +
        ( 0.0004526, 0.0000973)|   0, 3, 0;0,  0;0,  0> +
        (-0.0000036,-0.0004079)|   0, 3, 1;0,  0;0,  0> +
        ( 0.0000002, 0.0003434)|   2, 0, 1;0,  0;0,  0> +
        (-0.0003223, 0.0000001)|   2, 1, 0;0,  0;0,  0> +
        (-0.0002760,-0.0000001)|   2, 2, 2;0,  0;0,  0> +
        ( 0.0002164, 0.0000116)|   0, 3, 2;0,  0;0,  0> +
        ( 0.0000017,-0.0001762)|   0, 1, 3;0,  0;0,  0> +
        ( 0.0000115,-0.0001700)|   0, 2, 3;0,  0;0,  0> +
        (-0.0000705,-0.0000896)|   0, 2, 1;0,  0;0,  0> +
        (-0.0000699,-0.0000001)|   1, 2, 2;0,  0;0,  0> +
        (-0.0000131, 0.0000684)|   1, 2, 1;0,  0;0,  0> +
        ( 0.0000651,-0.0000000)|   0, 2, 2;0,  0;0,  0> +
        (-0.0000604, 0.0000001)|   6, 0, 0;1,  0;0,  0> +
        ( 0.0000604,-0.0000001)|   6, 0, 0;0,  0;1,  0> +
        ( 0.0000000, 0.0000594)|   0, 3, 3;0,  0;0,  0> +
        ( 0.0000001, 0.0000545)|   1, 3, 3;0,  0;0,  0> +
        ( 0.0000517, 0.0000071)|   1, 3, 0;0,  0;0,  0> +
        (-0.0000328,-0.0000001)|   2, 3, 0;0,  0;0,  0> +
        ( 0.0000306, 0.0000064)|   1, 1, 2;0,  0;0,  0> +
        ( 0.0000001,-0.0000271)|   2, 0, 3;0,  0;0,  0> +
        ( 0.0000077,-0.0000256)|   1, 0, 3;0,  0;0,  0> +
        (-0.0000171,-0.0000000)|   2, 1, 2;0,  0;0,  0> +
        ( 0.0000001, 0.0000160)|   1, 1, 1;0,  0;0,  0> +
        ( 0.0000001,-0.0000150)|   2, 2, 1;0,  0;0,  0> +
        ( 0.0000090,-0.0000001)|   5, 0, 0;0,  0;0,  0> +
        ( 0.0000089,-0.0000000)|   1, 3, 2;0,  0;0,  0> +
        ( 0.0000000, 0.0000088)|   1, 2, 3;0,  0;0,  0> +
        (-0.0000048, 0.0000000)|   1, 0, 2;0,  0;0,  0> +
        ( 0.0000047,-0.0000000)|   1, 2, 0;0,  0;0,  0> +
        ( 0.0000001, 0.0000019)|   6, 0, 1;0,  0;0,  0> +
        (-0.0000016,-0.0000000)|   4, 2, 2;0,  0;0,  0> +
        (-0.0000000, 0.0000012)|   1, 0, 1;0,  0;0,  0> +
         ...
 | 9> = (-0.0008440,-0.7090004)|   1, 0, 1;0,  0;0,  0> +
        ( 0.7050006,-0.0008522)|   1, 1, 0;0,  0;0,  0> +
        ( 0.0000288, 0.0116901)|   2, 0, 1;0,  0;0,  0> +
        ( 0.0116042, 0.0000018)|   2, 1, 0;0,  0;0,  0> +
        (-0.0020274, 0.0000085)|   2, 2, 0;0,  0;0,  0> +
        (-0.0018617,-0.0000007)|   1, 2, 0;0,  0;0,  0> +
        (-0.0018098,-0.0000087)|   2, 0, 2;0,  0;0,  0> +
        (-0.0015015, 0.0000008)|   5, 0, 0;0,  0;0,  0> +
        ( 0.0011595, 0.0000007)|   1, 0, 2;0,  0;0,  0> +
        (-0.0007985,-0.0000073)|   1, 2, 2;0,  0;0,  0> +
        ( 0.0007763,-0.0000004)|   4, 0, 0;0,  0;0,  0> +
        ( 0.0000130, 0.0002395)|   0, 0, 3;0,  0;0,  0> +
        ( 0.0002356, 0.0000100)|   0, 1, 2;0,  0;0,  0> +
        ( 0.0001997, 0.0000243)|   0, 3, 0;0,  0;0,  0> +
        (-0.0000131, 0.0002008)|   0, 2, 1;0,  0;0,  0> +
        (-0.0000542,-0.0000000)|   0, 2, 2;0,  0;0,  0> +
        ( 0.0000001, 0.0000428)|   1, 0, 1;1,  0;0,  0> +
        (-0.0000001,-0.0000428)|   1, 0, 1;0,  0;1,  0> +
        (-0.0000426, 0.0000001)|   1, 1, 0;1,  0;0,  0> +
        ( 0.0000426,-0.0000001)|   1, 1, 0;0,  0;1,  0> +
        ( 0.0000001,-0.0000302)|   0, 1, 1;0,  0;0,  0> +
        ( 0.0000133, 0.0000001)|   2, 2, 2;0,  0;0,  0> +
        ( 0.0000124,-0.0000000)|   3, 0, 2;0,  0;0,  0> +
        ( 0.0000106,-0.0000002)|   3, 2, 0;0,  0;0,  0> +
        (-0.0000066,-0.0000000)|   0, 0, 2;0,  0;0,  0> +
        ( 0.0000066, 0.0000000)|   0, 2, 0;0,  0;0,  0> +
        (-0.0000000,-0.0000051)|   0, 0, 1;0,  0;0,  0> +
        ( 0.0000000, 0.0000014)|   4, 0, 1;0,  0;0,  0> +
        (-0.0000000,-0.0000014)|   0, 2, 3;0,  0;0,  0> +
        (-0.0000012, 0.0000000)|   0, 3, 2;0,  0;0,  0> +
         ...
 |10> = (-0.7090200, 0.0000066)|   1, 1, 0;0,  0;0,  0> +
        ( 0.0000065,-0.7049754)|   1, 0, 1;0,  0;0,  0> +
        ( 0.0141807, 0.0000000)|   4, 0, 0;0,  0;0,  0> +
        (-0.0095171, 0.0000000)|   1, 2, 0;0,  0;0,  0> +
        ( 0.0015230, 0.0000000)|   0, 2, 2;0,  0;0,  0> +
        (-0.0014985,-0.0000001)|   2, 2, 0;0,  0;0,  0> +
        (-0.0012465, 0.0000001)|   2, 0, 2;0,  0;0,  0> +
        ( 0.0009187,-0.0000000)|   1, 0, 2;0,  0;0,  0> +
        (-0.0001730, 0.0000000)|   0, 0, 2;0,  0;0,  0> +
        ( 0.0001729,-0.0000000)|   0, 2, 0;0,  0;0,  0> +
        (-0.0000003,-0.0001388)|   2, 0, 1;0,  0;0,  0> +
        (-0.0001379,-0.0000000)|   2, 1, 0;0,  0;0,  0> +
        (-0.0000980,-0.0000002)|   0, 3, 0;0,  0;0,  0> +
        (-0.0000001,-0.0000896)|   0, 0, 3;0,  0;0,  0> +
        (-0.0000530,-0.0000000)|   0, 1, 2;0,  0;0,  0> +
        ( 0.0000001,-0.0000524)|   0, 2, 1;0,  0;0,  0> +
        (-0.0000428, 0.0000000)|   1, 1, 0;0,  0;1,  0> +
        ( 0.0000428,-0.0000000)|   1, 1, 0;1,  0;0,  0> +
        ( 0.0000000,-0.0000426)|   1, 0, 1;0,  0;1,  0> +
        (-0.0000000, 0.0000426)|   1, 0, 1;1,  0;0,  0> +
        ( 0.0000396,-0.0000000)|   5, 0, 0;0,  0;0,  0> +
        ( 0.0000233, 0.0000000)|   0, 1, 0;0,  0;0,  0> +
        ( 0.0000000,-0.0000205)|   0, 0, 1;0,  0;0,  0> +
        ( 0.0000080, 0.0000001)|   1, 2, 2;0,  0;0,  0> +
        (-0.0000036, 0.0000000)|   3, 0, 0;0,  0;0,  0> +
        (-0.0000016, 0.0000000)|   3, 1, 0;0,  0;0,  0> +
         ...
 |11> = (-0.9999140, 0.0031994)|   7, 0, 0;0,  0;0,  0> +
        ( 0.0000154, 0.0076667)|   4, 0, 1;0,  0;0,  0> +
        ( 0.0076018,-0.0000184)|   4, 1, 0;0,  0;0,  0> +
        (-0.0001148,-0.0058072)|   1, 1, 1;0,  0;0,  0> +
        (-0.0001554, 0.0014953)|   0, 3, 1;0,  0;0,  0> +
        (-0.0013440, 0.0002202)|   4, 0, 2;0,  0;0,  0> +
        ( 0.0001830, 0.0013015)|   1, 2, 1;0,  0;0,  0> +
        (-0.0011907, 0.0003428)|   1, 1, 2;0,  0;0,  0> +
        ( 0.0010944,-0.0002223)|   4, 2, 0;0,  0;0,  0> +
        ( 0.0000178,-0.0010912)|   0, 2, 3;0,  0;0,  0> +
        (-0.0004381,-0.0008403)|   0, 0, 3;0,  0;0,  0> +
        (-0.0009100, 0.0000493)|   1, 3, 0;0,  0;0,  0> +
        (-0.0000284, 0.0008666)|   0, 2, 1;0,  0;0,  0> +
        ( 0.0000000,-0.0006704)|   0, 3, 3;0,  0;0,  0> +
        (-0.0005204, 0.0000026)|   2, 3, 2;0,  0;0,  0> +
        (-0.0004851, 0.0001661)|   1, 3, 2;0,  0;0,  0> +
        ( 0.0003579,-0.0003426)|   0, 3, 0;0,  0;0,  0> +
        ( 0.0001444,-0.0004554)|   1, 0, 3;0,  0;0,  0> +
        (-0.0000299,-0.0004699)|   2, 1, 1;0,  0;0,  0> +
        (-0.0004281, 0.0000000)|   2, 2, 2;0,  0;0,  0> +
        (-0.0004056, 0.0000120)|   3, 2, 0;0,  0;0,  0> +
        ( 0.0004020,-0.0000120)|   3, 0, 2;0,  0;0,  0> +
        ( 0.0000052,-0.0003789)|   2, 2, 3;0,  0;0,  0> +
        (-0.0000000, 0.0003382)|   2, 3, 3;0,  0;0,  0> +
        ( 0.0000743,-0.0003179)|   0, 1, 3;0,  0;0,  0> +
        ( 0.0002648,-0.0000001)|   3, 2, 2;0,  0;0,  0> +
        ( 0.0000230, 0.0002264)|   3, 1, 1;0,  0;0,  0> +
        (-0.0000309,-0.0001942)|   0, 1, 2;0,  0;0,  0> +
        (-0.0001722, 0.0000046)|   3, 1, 0;0,  0;0,  0> +
        ( 0.0001664,-0.0000248)|   1, 2, 3;0,  0;0,  0> +
        ( 0.0000044, 0.0001639)|   3, 0, 1;0,  0;0,  0> +
        ( 0.0000037, 0.0001445)|   1, 1, 3;0,  0;0,  0> +
        (-0.0001261, 0.0000175)|   0, 3, 2;0,  0;0,  0> +
        ( 0.0000010,-0.0001145)|   3, 3, 3;0,  0;0,  0> +
        (-0.0000201, 0.0001001)|   2, 2, 1;0,  0;0,  0> +
        ( 0.0000001, 0.0000697)|   1, 3, 3;0,  0;0,  0> +
        (-0.0000144, 0.0000599)|   2, 0, 3;0,  0;0,  0> +
        (-0.0000604, 0.0000002)|   7, 0, 0;0,  0;1,  0> +
        ( 0.0000604,-0.0000002)|   7, 0, 0;1,  0;0,  0> +
        (-0.0000342,-0.0000265)|   2, 3, 0;0,  0;0,  0> +
        ( 0.0000417,-0.0000000)|   1, 2, 2;0,  0;0,  0> +
        ( 0.0000406,-0.0000009)|   4, 2, 2;0,  0;0,  0> +
        ( 0.0000382,-0.0000003)|   2, 1, 2;0,  0;0,  0> +
        ( 0.0000001, 0.0000219)|   2, 1, 3;0,  0;0,  0> +
        (-0.0000152, 0.0000043)|   1, 3, 1;0,  0;0,  0> +
        ( 0.0000128,-0.0000000)|   5, 0, 2;0,  0;0,  0> +
        ( 0.0000102,-0.0000001)|   5, 2, 0;0,  0;0,  0> +
        ( 0.0000082,-0.0000001)|   8, 0, 0;0,  0;0,  0> +
        ( 0.0000001,-0.0000053)|   2, 3, 1;0,  0;0,  0> +
        ( 0.0000000,-0.0000041)|   3, 0, 3;0,  0;0,  0> +
        (-0.0000040, 0.0000000)|   3, 3, 0;0,  0;0,  0> +
        (-0.0000001, 0.0000026)|   4, 3, 3;0,  0;0,  0> +
        ( 0.0000025,-0.0000000)|   9, 0, 0;0,  0;0,  0> +
        ( 0.0000000,-0.0000023)|   3, 2, 1;0,  0;0,  0> +
        (-0.0000023,-0.0000000)|   3, 1, 2;0,  0;0,  0> +
        ( 0.0000000,-0.0000016)|   0, 1, 1;0,  0;0,  0> +
        (-0.0000001,-0.0000016)|   5, 0, 1;0,  0;0,  0> +
        ( 0.0000000, 0.0000015)|   6, 0, 1;0,  0;0,  0> +
        (-0.0000007, 0.0000010)|   5, 1, 0;0,  0;0,  0> +
         ...
 |12> = ( 0.0001184, 0.7138014)|   2, 0, 1;0,  0;0,  0> +
        ( 0.7001452, 0.0000408)|   2, 1, 0;0,  0;0,  0> +
        (-0.0117537, 0.0000010)|   1, 1, 0;0,  0;0,  0> +
        ( 0.0000010, 0.0115524)|   1, 0, 1;0,  0;0,  0> +
        (-0.0026421, 0.0000012)|   5, 0, 0;0,  0;0,  0> +
        ( 0.0000181, 0.0011991)|   0, 0, 3;0,  0;0,  0> +
        ( 0.0011125, 0.0000246)|   0, 1, 2;0,  0;0,  0> +
        ( 0.0009014, 0.0000090)|   0, 3, 0;0,  0;0,  0> +
        ( 0.0000095, 0.0007973)|   0, 2, 1;0,  0;0,  0> +
        (-0.0007781, 0.0000022)|   2, 0, 2;0,  0;0,  0> +
        ( 0.0006036,-0.0000000)|   1, 0, 2;0,  0;0,  0> +
        (-0.0006026, 0.0000000)|   1, 2, 0;0,  0;0,  0> +
        ( 0.0004939,-0.0000022)|   2, 2, 0;0,  0;0,  0> +
        ( 0.0001666,-0.0000000)|   0, 2, 2;0,  0;0,  0> +
        ( 0.0000016,-0.0000918)|   0, 1, 1;0,  0;0,  0> +
        ( 0.0000525,-0.0000004)|   1, 2, 2;0,  0;0,  0> +
        ( 0.0000507, 0.0000003)|   2, 2, 2;0,  0;0,  0> +
        ( 0.0000000, 0.0000431)|   2, 0, 1;0,  0;1,  0> +
        (-0.0000000,-0.0000431)|   2, 0, 1;1,  0;0,  0> +
        (-0.0000423,-0.0000000)|   2, 1, 0;1,  0;0,  0> +
        ( 0.0000423, 0.0000000)|   2, 1, 0;0,  0;1,  0> +
        ( 0.0000388, 0.0000000)|   3, 0, 2;0,  0;0,  0> +
        ( 0.0000352,-0.0000002)|   3, 2, 0;0,  0;0,  0> +
        (-0.0000178, 0.0000000)|   6, 0, 0;0,  0;0,  0> +
        (-0.0000002,-0.0000162)|   0, 2, 3;0,  0;0,  0> +
        (-0.0000123, 0.0000001)|   0, 3, 2;0,  0;0,  0> +
        (-0.0000001,-0.0000120)|   0, 1, 3;0,  0;0,  0> +
        ( 0.0000000, 0.0000092)|   0, 3, 3;0,  0;0,  0> +
        ( 0.0000000,-0.0000078)|   0, 3, 1;0,  0;0,  0> +
        (-0.0000059,-0.0000000)|   4, 0, 0;0,  0;0,  0> +
        (-0.0000029, 0.0000000)|   3, 1, 0;0,  0;0,  0> +
        ( 0.0000013,-0.0000000)|   4, 1, 0;0,  0;0,  0> +
        ( 0.0000000,-0.0000013)|   3, 0, 1;0,  0;0,  0> +
        (-0.0000000,-0.0000013)|   6, 0, 1;0,  0;0,  0> +
        ( 0.0000001,-0.0000011)|   8, 1, 0;0,  0;0,  0> +
        (-0.0000000, 0.0000011)|   4, 0, 1;0,  0;0,  0> +
        (-0.0000004,-0.0000009)|   8, 0, 1;0,  0;0,  0> +
         ...
 |13> = ( 0.7138755,-0.0020479)|   2, 1, 0;0,  0;0,  0> +
        (-0.0021663,-0.7002350)|   2, 0, 1;0,  0;0,  0> +
        (-0.0047351, 0.0000212)|   5, 0, 0;0,  0;0,  0> +
        (-0.0000998,-0.0028818)|   0, 1, 1;0,  0;0,  0> +
        ( 0.0017591,-0.0000092)|   3, 0, 2;0,  0;0,  0> +
        ( 0.0015395,-0.0000133)|   3, 2, 0;0,  0;0,  0> +
        ( 0.0000044, 0.0013371)|   0, 1, 3;0,  0;0,  0> +
        ( 0.0000123, 0.0011564)|   0, 2, 3;0,  0;0,  0> +
        ( 0.0011553, 0.0000272)|   0, 1, 2;0,  0;0,  0> +
        ( 0.0010072,-0.0000064)|   2, 0, 2;0,  0;0,  0> +
        ( 0.0008533,-0.0000114)|   0, 3, 2;0,  0;0,  0> +
        (-0.0008434, 0.0000166)|   0, 3, 0;0,  0;0,  0> +
        (-0.0008282, 0.0000064)|   2, 2, 0;0,  0;0,  0> +
        (-0.0000050, 0.0008160)|   0, 3, 1;0,  0;0,  0> +
        (-0.0000018,-0.0007334)|   0, 3, 3;0,  0;0,  0> +
        ( 0.0004380,-0.0000007)|   6, 0, 0;0,  0;0,  0> +
        ( 0.0000275, 0.0003344)|   0, 2, 1;0,  0;0,  0> +
        (-0.0002686, 0.0000253)|   2, 2, 2;0,  0;0,  0> +
        (-0.0002158,-0.0000000)|   0, 2, 2;0,  0;0,  0> +
        ( 0.0000165,-0.0001631)|   0, 0, 3;0,  0;0,  0> +
        ( 0.0001575, 0.0000004)|   1, 2, 2;0,  0;0,  0> +
        (-0.0000763, 0.0000142)|   1, 1, 0;0,  0;0,  0> +
        ( 0.0000141, 0.0000733)|   1, 0, 1;0,  0;0,  0> +
        (-0.0000431, 0.0000001)|   2, 1, 0;1,  0;0,  0> +
        ( 0.0000431,-0.0000001)|   2, 1, 0;0,  0;1,  0> +
        (-0.0000001,-0.0000423)|   2, 0, 1;0,  0;1,  0> +
        ( 0.0000001, 0.0000423)|   2, 0, 1;1,  0;0,  0> +
        ( 0.0000225,-0.0000000)|   1, 2, 0;0,  0;0,  0> +
        (-0.0000223, 0.0000000)|   1, 0, 2;0,  0;0,  0> +
        ( 0.0000188, 0.0000006)|   1, 3, 0;0,  0;0,  0> +
        (-0.0000005, 0.0000181)|   1, 0, 3;0,  0;0,  0> +
        ( 0.0000114, 0.0000003)|   1, 1, 2;0,  0;0,  0> +
        ( 0.0000101,-0.0000000)|   3, 1, 0;0,  0;0,  0> +
        (-0.0000001, 0.0000080)|   1, 2, 1;0,  0;0,  0> +
        (-0.0000001, 0.0000074)|   3, 0, 1;0,  0;0,  0> +
        (-0.0000070,-0.0000000)|   4, 2, 0;0,  0;0,  0> +
        (-0.0000069,-0.0000000)|   4, 0, 2;0,  0;0,  0> +
        ( 0.0000000, 0.0000014)|   5, 0, 1;0,  0;0,  0> +
        ( 0.0000000, 0.0000014)|   0, 0, 1;0,  0;0,  0> +
        (-0.0000000,-0.0000011)|   4, 0, 1;0,  0;0,  0> +
        (-0.0000001, 0.0000010)|   7, 0, 1;0,  0;0,  0> +
         ...
 |14> = (-0.9998100, 0.0078104)|   8, 0, 0;0,  0;0,  0> +
        (-0.0001043, 0.0114867)|   5, 0, 1;0,  0;0,  0> +
        (-0.0068175, 0.0001546)|   4, 1, 0;0,  0;0,  0> +
        ( 0.0001577, 0.0067913)|   4, 0, 1;0,  0;0,  0> +
        ( 0.0005909, 0.0058111)|   3, 1, 1;0,  0;0,  0> +
        (-0.0003762, 0.0035976)|   4, 1, 1;0,  0;0,  0> +
        (-0.0005740, 0.0026015)|   0, 2, 1;0,  0;0,  0> +
        ( 0.0001265, 0.0026563)|   6, 0, 1;0,  0;0,  0> +
        (-0.0002318,-0.0025225)|   2, 2, 1;0,  0;0,  0> +
        ( 0.0014327, 0.0006446)|   2, 3, 0;0,  0;0,  0> +
        ( 0.0001516, 0.0014768)|   1, 0, 3;0,  0;0,  0> +
        (-0.0014413, 0.0000547)|   1, 3, 0;0,  0;0,  0> +
        ( 0.0009005,-0.0008606)|   2, 0, 3;0,  0;0,  0> +
        ( 0.0012096, 0.0002118)|   2, 1, 2;0,  0;0,  0> +
        (-0.0010427,-0.0004676)|   0, 1, 2;0,  0;0,  0> +
        (-0.0000666,-0.0011085)|   2, 1, 1;0,  0;0,  0> +
        (-0.0011028,-0.0000068)|   6, 0, 2;0,  0;0,  0> +
        (-0.0010969, 0.0000021)|   5, 0, 2;0,  0;0,  0> +
        (-0.0010713, 0.0000058)|   6, 2, 0;0,  0;0,  0> +
        (-0.0005004,-0.0009162)|   1, 2, 3;0,  0;0,  0> +
        ( 0.0010217, 0.0000521)|   3, 3, 0;0,  0;0,  0> +
        (-0.0009889, 0.0000041)|   5, 2, 0;0,  0;0,  0> +
        (-0.0008369,-0.0003683)|   5, 1, 0;0,  0;0,  0> +
        ( 0.0005791,-0.0005004)|   1, 3, 2;0,  0;0,  0> +
        ( 0.0007047, 0.0000758)|   3, 1, 2;0,  0;0,  0> +
        (-0.0002831,-0.0005942)|   0, 0, 3;0,  0;0,  0> +
        (-0.0004706, 0.0002989)|   1, 1, 2;0,  0;0,  0> +
        (-0.0001342, 0.0005409)|   1, 3, 1;0,  0;0,  0> +
        (-0.0000023,-0.0005259)|   1, 1, 3;0,  0;0,  0> +
        ( 0.0005016,-0.0000052)|   7, 0, 2;0,  0;0,  0> +
        (-0.0000000,-0.0004980)|   0, 3, 3;0,  0;0,  0> +
        (-0.0000002,-0.0004952)|   4, 3, 3;0,  0;0,  0> +
        ( 0.0001414, 0.0004710)|   1, 2, 1;0,  0;0,  0> +
        (-0.0003066,-0.0003450)|   0, 3, 0;0,  0;0,  0> +
        (-0.0004349, 0.0001139)|   4, 2, 0;0,  0;0,  0> +
        ( 0.0004342,-0.0001139)|   4, 0, 2;0,  0;0,  0> +
        ( 0.0000088,-0.0004451)|   0, 2, 3;0,  0;0,  0> +
        ( 0.0004151, 0.0000003)|   3, 2, 2;0,  0;0,  0> +
        (-0.0000479, 0.0004120)|   0, 3, 1;0,  0;0,  0> +
        (-0.0000000, 0.0004143)|   1, 3, 3;0,  0;0,  0> +
        ( 0.0004010, 0.0000058)|   7, 2, 0;0,  0;0,  0> +
        (-0.0000064,-0.0003716)|   2, 2, 3;0,  0;0,  0> +
        ( 0.0003510, 0.0000151)|   3, 3, 2;0,  0;0,  0> +
        (-0.0000052, 0.0003084)|   3, 2, 3;0,  0;0,  0> +
        ( 0.0000091, 0.0002984)|   2, 1, 3;0,  0;0,  0> +
        ( 0.0001729,-0.0002083)|   3, 2, 1;0,  0;0,  0> +
        ( 0.0000229,-0.0002034)|   0, 1, 3;0,  0;0,  0> +
        ( 0.0001979,-0.0000067)|   2, 3, 2;0,  0;0,  0> +
        ( 0.0000003,-0.0001541)|   3, 3, 3;0,  0;0,  0> +
        ( 0.0000557,-0.0001189)|   6, 1, 0;0,  0;0,  0> +
        (-0.0000001, 0.0001046)|   2, 3, 3;0,  0;0,  0> +
        (-0.0001021,-0.0000005)|   4, 2, 2;0,  0;0,  0> +
        (-0.0000604, 0.0000005)|   8, 0, 0;0,  0;1,  0> +
        ( 0.0000604,-0.0000005)|   8, 0, 0;1,  0;0,  0> +
        ( 0.0000226,-0.0000503)|   8, 1, 0;0,  0;0,  0> +
        (-0.0000391,-0.0000381)|   8, 0, 1;0,  0;0,  0> +
        (-0.0000262, 0.0000369)|   3, 0, 3;0,  0;0,  0> +
        ( 0.0000071,-0.0000374)|   2, 3, 1;0,  0;0,  0> +
        ( 0.0000370, 0.0000088)|   0, 3, 2;0,  0;0,  0> +
        (-0.0000245, 0.0000008)|  10, 0, 0;0,  0;0,  0> +
        (-0.0000218, 0.0000003)|   8, 0, 2;0,  0;0,  0> +
        (-0.0000204,-0.0000005)|   8, 2, 0;0,  0;0,  0> +
        ( 0.0000049, 0.0000114)|   4, 1, 3;0,  0;0,  0> +
        (-0.0000114, 0.0000010)|   5, 2, 2;0,  0;0,  0> +
        ( 0.0000008,-0.0000111)|   7, 0, 1;0,  0;0,  0> +
        ( 0.0000001,-0.0000102)|   4, 2, 3;0,  0;0,  0> +
        ( 0.0000009, 0.0000097)|   3, 1, 3;0,  0;0,  0> +
        ( 0.0000082,-0.0000005)|   7, 1, 0;0,  0;0,  0> +
        ( 0.0000031,-0.0000076)|   4, 3, 1;0,  0;0,  0> +
        (-0.0000073,-0.0000011)|   4, 1, 2;0,  0;0,  0> +
        (-0.0000047,-0.0000002)|   4, 3, 2;0,  0;0,  0> +
        ( 0.0000041, 0.0000015)|   4, 3, 0;0,  0;0,  0> +
        (-0.0000014, 0.0000039)|   7, 3, 3;0,  0;0,  0> +
        (-0.0000035,-0.0000001)|   9, 0, 0;0,  0;0,  0> +
        ( 0.0000032,-0.0000001)|   6, 2, 2;0,  0;0,  0> +
        (-0.0000008, 0.0000031)|   1, 1, 1;0,  0;0,  0> +
        ( 0.0000002, 0.0000027)|   5, 1, 1;0,  0;0,  0> +
        (-0.0000001,-0.0000021)|   5, 0, 3;0,  0;0,  0> +
        (-0.0000021,-0.0000000)|   5, 3, 0;0,  0;0,  0> +
        ( 0.0000020,-0.0000000)|   5, 3, 2;0,  0;0,  0> +
        ( 0.0000015, 0.0000013)|   3, 3, 1;0,  0;0,  0> +
        (-0.0000017,-0.0000000)|   0, 1, 0;1,  1;1, -1> +
        ( 0.0000016, 0.0000000)|   8, 2, 2;0,  0;0,  0> +
        ( 0.0000015,-0.0000001)|  11, 0, 0;0,  0;0,  0> +
        (-0.0000015, 0.0000001)|   7, 0, 0;0,  0;0,  0> +
        (-0.0000015, 0.0000000)|   3, 1, 0;0,  0;0,  0> +
        ( 0.0000002, 0.0000014)|   4, 0, 3;0,  0;0,  0> +
        ( 0.0000013, 0.0000003)|   3, 0, 2;0,  0;0,  0> +
        ( 0.0000012,-0.0000000)|   7, 3, 2;0,  0;0,  0> +
        ( 0.0000012, 0.0000000)|   8, 3, 2;0,  0;0,  0> +
        (-0.0000005, 0.0000010)|   4, 2, 1;0,  0;0,  0> +
        ( 0.0000000, 0.0000011)|   8, 2, 3;0,  0;0,  0> +
        (-0.0000011, 0.0000002)|  13, 0, 0;0,  0;0,  0> +
        (-0.0000010,-0.0000001)|   5, 1, 2;0,  0;0,  0> +
        (-0.0000010,-0.0000002)|   3, 2, 0;0,  0;0,  0> +
         ...
 |15> = (-0.7206389, 0.0006254)|   3, 1, 0;0,  0;0,  0> +
        ( 0.0006007,-0.6931497)|   3, 0, 1;0,  0;0,  0> +
        (-0.0135858, 0.0000583)|   6, 0, 0;0,  0;0,  0> +
        ( 0.0045302,-0.0001073)|   3, 2, 0;0,  0;0,  0> +
        (-0.0030129, 0.0001063)|   3, 0, 2;0,  0;0,  0> +
        (-0.0000215, 0.0012682)|   0, 1, 3;0,  0;0,  0> +
        (-0.0010427,-0.0000091)|   3, 2, 2;0,  0;0,  0> +
        (-0.0010083,-0.0000243)|   0, 1, 2;0,  0;0,  0> +
        ( 0.0009938, 0.0000191)|   0, 3, 2;0,  0;0,  0> +
        ( 0.0000032,-0.0008214)|   1, 0, 3;0,  0;0,  0> +
        ( 0.0000187, 0.0007473)|   0, 2, 3;0,  0;0,  0> +
        (-0.0007278, 0.0000029)|   4, 2, 0;0,  0;0,  0> +
        (-0.0007069,-0.0000111)|   4, 0, 2;0,  0;0,  0> +
        ( 0.0006214,-0.0000138)|   0, 3, 0;0,  0;0,  0> +
        (-0.0004950,-0.0000036)|   1, 3, 0;0,  0;0,  0> +
        ( 0.0000445, 0.0003864)|   0, 3, 1;0,  0;0,  0> +
        ( 0.0000027,-0.0003573)|   0, 2, 1;0,  0;0,  0> +
        (-0.0003504, 0.0000172)|   1, 1, 2;0,  0;0,  0> +
        (-0.0003008, 0.0000000)|   1, 2, 2;0,  0;0,  0> +
        (-0.0000109,-0.0002602)|   1, 2, 1;0,  0;0,  0> +
        (-0.0002570,-0.0000000)|   2, 2, 2;0,  0;0,  0> +
        (-0.0000000,-0.0001389)|   0, 3, 3;0,  0;0,  0> +
        (-0.0000014,-0.0000861)|   1, 1, 1;0,  0;0,  0> +
        (-0.0000000,-0.0000787)|   0, 1, 1;0,  0;0,  0> +
        (-0.0000294, 0.0000628)|   0, 0, 3;0,  0;0,  0> +
        (-0.0000435, 0.0000000)|   3, 1, 0;0,  0;1,  0> +
        ( 0.0000435,-0.0000000)|   3, 1, 0;1,  0;0,  0> +
        ( 0.0000000,-0.0000418)|   3, 0, 1;0,  0;1,  0> +
        (-0.0000000, 0.0000418)|   3, 0, 1;1,  0;0,  0> +
        (-0.0000023,-0.0000413)|   2, 0, 3;0,  0;0,  0> +
        (-0.0000320, 0.0000000)|   2, 1, 2;0,  0;0,  0> +
        (-0.0000002,-0.0000263)|   1, 3, 3;0,  0;0,  0> +
        (-0.0000003,-0.0000252)|   2, 2, 1;0,  0;0,  0> +
        (-0.0000225,-0.0000002)|   4, 1, 0;0,  0;0,  0> +
        (-0.0000217,-0.0000038)|   2, 3, 0;0,  0;0,  0> +
        ( 0.0000004,-0.0000155)|   4, 0, 1;0,  0;0,  0> +
        (-0.0000009, 0.0000155)|   2, 3, 3;0,  0;0,  0> +
        (-0.0000001,-0.0000130)|   2, 0, 1;0,  0;0,  0> +
        ( 0.0000091, 0.0000000)|   2, 0, 2;0,  0;0,  0> +
        (-0.0000091,-0.0000000)|   2, 2, 0;0,  0;0,  0> +
        ( 0.0000088,-0.0000001)|   2, 1, 0;0,  0;0,  0> +
        ( 0.0000078, 0.0000003)|   4, 2, 2;0,  0;0,  0> +
        ( 0.0000078,-0.0000000)|   7, 0, 0;0,  0;0,  0> +
        (-0.0000052, 0.0000009)|   1, 3, 2;0,  0;0,  0> +
        (-0.0000040, 0.0000000)|   0, 2, 2;0,  0;0,  0> +
        (-0.0000002,-0.0000027)|   2, 1, 1;0,  0;0,  0> +
        ( 0.0000009,-0.0000022)|   1, 2, 3;0,  0;0,  0> +
        ( 0.0000000,-0.0000023)|   5, 0, 1;0,  0;0,  0> +
        ( 0.0000019, 0.0000000)|   5, 0, 0;0,  0;0,  0> +
        (-0.0000016, 0.0000000)|   2, 0, 0;0,  0;0,  0> +
        ( 0.0000000, 0.0000015)|   1, 0, 1;0,  0;0,  0> +
        (-0.0000012, 0.0000001)|   7, 1, 0;0,  0;0,  0> +
        (-0.0000001, 0.0000012)|   7, 0, 1;0,  0;0,  0> +
        ( 0.0000012, 0.0000000)|   1, 1, 0;0,  0;0,  0> +
        (-0.0000001,-0.0000011)|   6, 0, 1;0,  0;0,  0> +
        (-0.0000000,-0.0000010)|  10, 0, 1;0,  0;0,  0> +
        ( 0.0000007,-0.0000008)|   8, 0, 1;0,  0;0,  0> +
         ...
 |16> = (-0.0191046,-0.7204393)|   3, 0, 1;0,  0;0,  0> +
        ( 0.6929178,-0.0195776)|   3, 1, 0;0,  0;0,  0> +
        ( 0.0054803, 0.0000838)|   4, 0, 2;0,  0;0,  0> +
        ( 0.0053508,-0.0000623)|   4, 2, 0;0,  0;0,  0> +
        ( 0.0000982, 0.0026942)|   1, 0, 3;0,  0;0,  0> +
        ( 0.0000300, 0.0019812)|   1, 1, 1;0,  0;0,  0> +
        ( 0.0000823, 0.0016286)|   2, 0, 3;0,  0;0,  0> +
        (-0.0007069,-0.0012754)|   0, 0, 3;0,  0;0,  0> +
        ( 0.0012655,-0.0000091)|   2, 1, 2;0,  0;0,  0> +
        ( 0.0011879, 0.0001106)|   2, 3, 0;0,  0;0,  0> +
        ( 0.0008841,-0.0004625)|   0, 3, 0;0,  0;0,  0> +
        ( 0.0000172, 0.0009916)|   2, 2, 1;0,  0;0,  0> +
        ( 0.0009841,-0.0000288)|   3, 2, 0;0,  0;0,  0> +
        (-0.0008980, 0.0000286)|   3, 0, 2;0,  0;0,  0> +
        ( 0.0008655, 0.0000003)|   2, 2, 2;0,  0;0,  0> +
        ( 0.0008541,-0.0000054)|   1, 1, 2;0,  0;0,  0> +
        (-0.0000001, 0.0007972)|   0, 3, 3;0,  0;0,  0> +
        ( 0.0007896, 0.0000076)|   4, 1, 0;0,  0;0,  0> +
        ( 0.0000006, 0.0007561)|   0, 2, 3;0,  0;0,  0> +
        ( 0.0007377, 0.0000007)|   0, 3, 2;0,  0;0,  0> +
        ( 0.0001520, 0.0006839)|   1, 2, 1;0,  0;0,  0> +
        ( 0.0006536, 0.0001862)|   1, 3, 0;0,  0;0,  0> +
        ( 0.0000058,-0.0005606)|   1, 3, 3;0,  0;0,  0> +
        (-0.0005036,-0.0000092)|   3, 2, 2;0,  0;0,  0> +
        ( 0.0000283,-0.0004948)|   2, 3, 3;0,  0;0,  0> +
        (-0.0000136, 0.0004918)|   4, 0, 1;0,  0;0,  0> +
        ( 0.0003295, 0.0002949)|   0, 2, 1;0,  0;0,  0> +
        (-0.0000480, 0.0003895)|   0, 3, 1;0,  0;0,  0> +
        ( 0.0003779,-0.0000939)|   0, 1, 2;0,  0;0,  0> +
        ( 0.0000230,-0.0003199)|   0, 1, 3;0,  0;0,  0> +
        (-0.0000266,-0.0002445)|   1, 2, 3;0,  0;0,  0> +
        (-0.0002426, 0.0000006)|   7, 0, 0;0,  0;0,  0> +
        (-0.0001961,-0.0000100)|   4, 2, 2;0,  0;0,  0> +
        ( 0.0001815,-0.0000002)|   6, 0, 0;0,  0;0,  0> +
        (-0.0001457,-0.0000279)|   1, 3, 2;0,  0;0,  0> +
        ( 0.0001284,-0.0000000)|   1, 2, 2;0,  0;0,  0> +
        ( 0.0000051, 0.0000839)|   2, 1, 1;0,  0;0,  0> +
        (-0.0000012,-0.0000435)|   3, 0, 1;0,  0;1,  0> +
        ( 0.0000012, 0.0000435)|   3, 0, 1;1,  0;0,  0> +
        (-0.0000418, 0.0000012)|   3, 1, 0;1,  0;0,  0> +
        ( 0.0000418,-0.0000012)|   3, 1, 0;0,  0;1,  0> +
        (-0.0000008,-0.0000348)|   1, 1, 3;0,  0;0,  0> +
        (-0.0000012,-0.0000067)|   1, 3, 1;0,  0;0,  0> +
        (-0.0000007, 0.0000059)|   2, 2, 3;0,  0;0,  0> +
        ( 0.0000053, 0.0000005)|   2, 3, 2;0,  0;0,  0> +
        ( 0.0000000, 0.0000024)|   2, 0, 1;0,  0;0,  0> +
        (-0.0000000, 0.0000014)|   5, 0, 1;0,  0;0,  0> +
        ( 0.0000000, 0.0000014)|   0, 1, 1;0,  0;0,  0> +
        (-0.0000013, 0.0000001)|   7, 1, 0;0,  0;0,  0> +
         ...
 |17> = ( 0.9998897,-0.0013257)|   9, 0, 0;0,  0;0,  0> +
        ( 0.0004880, 0.0105534)|   6, 0, 1;0,  0;0,  0> +
        (-0.0050319,-0.0000175)|   5, 0, 2;0,  0;0,  0> +
        (-0.0004886,-0.0047966)|   3, 1, 1;0,  0;0,  0> +
        ( 0.0027485,-0.0001894)|   7, 1, 0;0,  0;0,  0> +
        ( 0.0026554, 0.0000287)|   5, 2, 0;0,  0;0,  0> +
        ( 0.0024808, 0.0002033)|   8, 0, 1;0,  0;0,  0> +
        (-0.0019535, 0.0005130)|   8, 1, 0;0,  0;0,  0> +
        (-0.0002209,-0.0016330)|   1, 1, 3;0,  0;0,  0> +
        ( 0.0015126,-0.0001786)|   7, 2, 0;0,  0;0,  0> +
        (-0.0014820,-0.0000700)|   6, 0, 2;0,  0;0,  0> +
        ( 0.0014195, 0.0000552)|   6, 2, 0;0,  0;0,  0> +
        (-0.0014003,-0.0000017)|   4, 2, 2;0,  0;0,  0> +
        (-0.0000003, 0.0013913)|   4, 2, 3;0,  0;0,  0> +
        (-0.0012729, 0.0002192)|   6, 1, 0;0,  0;0,  0> +
        ( 0.0000151, 0.0012117)|   4, 2, 1;0,  0;0,  0> +
        ( 0.0000351, 0.0011314)|   2, 1, 3;0,  0;0,  0> +
        (-0.0011191,-0.0000015)|   4, 3, 2;0,  0;0,  0> +
        (-0.0008672,-0.0006304)|   2, 0, 3;0,  0;0,  0> +
        ( 0.0000193,-0.0009964)|   3, 1, 3;0,  0;0,  0> +
        (-0.0005379, 0.0008146)|   5, 1, 0;0,  0;0,  0> +
        ( 0.0000229,-0.0008988)|   3, 0, 3;0,  0;0,  0> +
        (-0.0007800, 0.0004004)|   1, 1, 2;0,  0;0,  0> +
        (-0.0000032,-0.0008641)|   1, 3, 1;0,  0;0,  0> +
        (-0.0008404, 0.0001690)|   7, 0, 2;0,  0;0,  0> +
        ( 0.0008419, 0.0000610)|   2, 2, 1;0,  0;0,  0> +
        (-0.0001966,-0.0008080)|   1, 2, 3;0,  0;0,  0> +
        ( 0.0000072, 0.0008250)|   6, 1, 1;0,  0;0,  0> +
        (-0.0000001, 0.0007426)|   1, 3, 3;0,  0;0,  0> +
        ( 0.0000079, 0.0007281)|   3, 3, 1;0,  0;0,  0> +
        (-0.0007178,-0.0000958)|   4, 1, 2;0,  0;0,  0> +
        ( 0.0000400, 0.0006962)|   5, 1, 1;0,  0;0,  0> +
        ( 0.0000989,-0.0005719)|   3, 2, 1;0,  0;0,  0> +
        ( 0.0003173,-0.0004793)|   2, 3, 0;0,  0;0,  0> +
        ( 0.0000486, 0.0005528)|   2, 3, 1;0,  0;0,  0> +
        (-0.0005409, 0.0000197)|   8, 0, 2;0,  0;0,  0> +
        ( 0.0004983, 0.0001622)|   2, 1, 2;0,  0;0,  0> +
        (-0.0000717,-0.0005060)|   1, 2, 1;0,  0;0,  0> +
        (-0.0004842,-0.0000239)|   8, 2, 0;0,  0;0,  0> +
        (-0.0000003,-0.0004800)|   4, 3, 3;0,  0;0,  0> +
        ( 0.0000648,-0.0004461)|   7, 0, 1;0,  0;0,  0> +
        (-0.0000466, 0.0004461)|   4, 1, 1;0,  0;0,  0> +
        ( 0.0000003,-0.0004457)|   6, 3, 3;0,  0;0,  0> +
        ( 0.0004075,-0.0001590)|   1, 3, 0;0,  0;0,  0> +
        (-0.0000016, 0.0003782)|   3, 2, 3;0,  0;0,  0> +
        ( 0.0001110, 0.0003294)|   1, 0, 3;0,  0;0,  0> +
        (-0.0001581,-0.0002962)|   8, 1, 1;0,  0;0,  0> +
        ( 0.0003300,-0.0000013)|   3, 3, 2;0,  0;0,  0> +
        (-0.0003284, 0.0000058)|   2, 3, 2;0,  0;0,  0> +
        (-0.0000000, 0.0003184)|   0, 3, 3;0,  0;0,  0> +
        (-0.0000003, 0.0003043)|   2, 3, 3;0,  0;0,  0> +
        (-0.0002230,-0.0001967)|   1, 3, 2;0,  0;0,  0> +
        (-0.0000349,-0.0002604)|   4, 0, 3;0,  0;0,  0> +
        (-0.0002362,-0.0000006)|   5, 2, 2;0,  0;0,  0> +
        ( 0.0001878,-0.0000105)|  12, 0, 0;0,  0;0,  0> +
        ( 0.0000057, 0.0001817)|   2, 2, 3;0,  0;0,  0> +
        (-0.0000933,-0.0001552)|   9, 0, 1;0,  0;0,  0> +
        (-0.0001753, 0.0000282)|   9, 1, 0;0,  0;0,  0> +
        (-0.0001307, 0.0000127)|   3, 1, 2;0,  0;0,  0> +
        (-0.0000963, 0.0000684)|   3, 3, 0;0,  0;0,  0> +
        ( 0.0000068, 0.0001107)|  12, 0, 1;0,  0;0,  0> +
        ( 0.0000914,-0.0000045)|   5, 3, 0;0,  0;0,  0> +
        (-0.0000768, 0.0000316)|   5, 0, 1;0,  0;0,  0> +
        (-0.0000031, 0.0000821)|   5, 0, 3;0,  0;0,  0> +
        (-0.0000002, 0.0000819)|   5, 3, 3;0,  0;0,  0> +
        ( 0.0000630, 0.0000221)|   4, 3, 0;0,  0;0,  0> +
        ( 0.0000626, 0.0000105)|   7, 1, 1;0,  0;0,  0> +
        (-0.0000604, 0.0000001)|   9, 0, 0;1,  0;0,  0> +
        ( 0.0000604,-0.0000001)|   9, 0, 0;0,  0;1,  0> +
        (-0.0000004,-0.0000559)|   3, 3, 3;0,  0;0,  0> +
        (-0.0000169, 0.0000428)|   7, 3, 3;0,  0;0,  0> +
        (-0.0000383, 0.0000075)|  13, 0, 0;0,  0;0,  0> +
        ( 0.0000009, 0.0000387)|  10, 0, 1;0,  0;0,  0> +
        ( 0.0000358,-0.0000009)|   5, 1, 2;0,  0;0,  0> +
        ( 0.0000006, 0.0000306)|   5, 2, 1;0,  0;0,  0> +
        ( 0.0000287,-0.0000004)|  10, 0, 0;0,  0;0,  0> +
        (-0.0000248, 0.0000024)|   6, 2, 2;0,  0;0,  0> +
        ( 0.0000166,-0.0000014)|  11, 0, 0;0,  0;0,  0> +
        (-0.0000164,-0.0000004)|   9, 0, 2;0,  0;0,  0> +
        (-0.0000147, 0.0000004)|   9, 2, 0;0,  0;0,  0> +
        ( 0.0000062, 0.0000125)|   4, 1, 3;0,  0;0,  0> +
        ( 0.0000003, 0.0000108)|   5, 2, 3;0,  0;0,  0> +
        ( 0.0000019,-0.0000081)|   8, 3, 3;0,  0;0,  0> +
        ( 0.0000082, 0.0000000)|   7, 2, 2;0,  0;0,  0> +
        (-0.0000006, 0.0000076)|  10, 1, 0;0,  0;0,  0> +
        (-0.0000065,-0.0000024)|  11, 1, 0;0,  0;0,  0> +
        ( 0.0000068,-0.0000005)|   5, 3, 2;0,  0;0,  0> +
        (-0.0000001,-0.0000066)|  11, 0, 1;0,  0;0,  0> +
        ( 0.0000058, 0.0000024)|  10, 2, 0;0,  0;0,  0> +
        (-0.0000060, 0.0000005)|  16, 0, 0;0,  0;0,  0> +
        ( 0.0000041, 0.0000042)|   0, 2, 1;0,  0;0,  0> +
        (-0.0000001, 0.0000045)|   0, 2, 3;0,  0;0,  0> +
        (-0.0000044,-0.0000001)|  10, 0, 2;0,  0;0,  0> +
        (-0.0000006,-0.0000043)|   5, 1, 3;0,  0;0,  0> +
        ( 0.0000040, 0.0000004)|   6, 3, 2;0,  0;0,  0> +
        ( 0.0000004,-0.0000040)|   6, 2, 3;0,  0;0,  0> +
        ( 0.0000038, 0.0000001)|   8, 0, 0;0,  0;0,  0> +
        (-0.0000015,-0.0000034)|   5, 3, 1;0,  0;0,  0> +
        (-0.0000036,-0.0000001)|   0, 3, 2;0,  0;0,  0> +
        ( 0.0000006, 0.0000034)|   6, 2, 1;0,  0;0,  0> +
        (-0.0000031,-0.0000005)|   9, 2, 2;0,  0;0,  0> +
        ( 0.0000010, 0.0000029)|  10, 3, 3;0,  0;0,  0> +
        (-0.0000030, 0.0000000)|   8, 2, 2;0,  0;0,  0> +
        ( 0.0000028,-0.0000002)|  10, 2, 2;0,  0;0,  0> +
        ( 0.0000003, 0.0000024)|   4, 0, 1;0,  0;0,  0> +
        (-0.0000019, 0.0000011)|   0, 1, 2;0,  0;0,  0> +
        (-0.0000021, 0.0000002)|   7, 3, 2;0,  0;0,  0> +
        (-0.0000020,-0.0000006)|   0, 0, 3;0,  0;0,  0> +
        (-0.0000020, 0.0000004)|   6, 3, 0;0,  0;0,  0> +
        ( 0.0000019,-0.0000006)|  14, 0, 0;0,  0;0,  0> +
        (-0.0000020, 0.0000000)|   9, 3, 2;0,  0;0,  0> +
        ( 0.0000001, 0.0000020)|   7, 2, 3;0,  0;0,  0> +
        ( 0.0000017,-0.0000010)|   4, 3, 1;0,  0;0,  0> +
        (-0.0000013,-0.0000015)|  13, 3, 3;0,  0;0,  0> +
        (-0.0000014,-0.0000014)|  14, 3, 3;0,  0;0,  0> +
        ( 0.0000019, 0.0000001)|   8, 3, 2;0,  0;0,  0> +
        (-0.0000016,-0.0000009)|  15, 0, 0;0,  0;0,  0> +
        ( 0.0000002, 0.0000018)|  10, 2, 3;0,  0;0,  0> +
        ( 0.0000014, 0.0000001)|   4, 1, 0;0,  0;0,  0> +
        (-0.0000012, 0.0000006)|   6, 1, 2;0,  0;0,  0> +
        ( 0.0000006, 0.0000012)|  11, 3, 3;0,  0;0,  0> +
        ( 0.0000002, 0.0000012)|   8, 2, 3;0,  0;0,  0> +
        (-0.0000002, 0.0000012)|  12, 1, 0;0,  0;0,  0> +
        (-0.0000004,-0.0000011)|   6, 1, 3;0,  0;0,  0> +
        (-0.0000010, 0.0000003)|   7, 0, 3;0,  0;0,  0> +
        ( 0.0000010,-0.0000001)|   9, 1, 2;0,  0;0,  0> +
        ( 0.0000005,-0.0000009)|   6, 3, 1;0,  0;0,  0> +
        (-0.0000005, 0.0000009)|   2, 1, 1;0,  0;0,  0> +
         ...
 |18> = (-0.7697552, 0.0160838)|   4, 1, 0;0,  0;0,  0> +
        ( 0.0162291, 0.6378255)|   4, 0, 1;0,  0;0,  0> +
        ( 0.0096040,-0.0000749)|   8, 0, 0;0,  0;0,  0> +
        ( 0.0024157, 0.0001717)|   2, 3, 0;0,  0;0,  0> +
        ( 0.0002311, 0.0020625)|   2, 0, 3;0,  0;0,  0> +
        (-0.0018132, 0.0004759)|   4, 0, 2;0,  0;0,  0> +
        ( 0.0018046,-0.0004799)|   4, 2, 0;0,  0;0,  0> +
        ( 0.0001095, 0.0017151)|   1, 0, 3;0,  0;0,  0> +
        (-0.0000766,-0.0016837)|   1, 2, 1;0,  0;0,  0> +
        (-0.0002083, 0.0015750)|   0, 2, 1;0,  0;0,  0> +
        (-0.0000902,-0.0015759)|   2, 1, 1;0,  0;0,  0> +
        ( 0.0001778,-0.0013960)|   0, 3, 1;0,  0;0,  0> +
        (-0.0013085,-0.0000909)|   1, 3, 0;0,  0;0,  0> +
        ( 0.0012753, 0.0000496)|   2, 1, 2;0,  0;0,  0> +
        (-0.0004706,-0.0009196)|   0, 0, 3;0,  0;0,  0> +
        ( 0.0001029, 0.0010116)|   3, 1, 1;0,  0;0,  0> +
        (-0.0000850, 0.0010066)|   0, 1, 3;0,  0;0,  0> +
        (-0.0009630,-0.0000038)|   7, 0, 0;0,  0;0,  0> +
        (-0.0003584,-0.0008658)|   1, 2, 3;0,  0;0,  0> +
        ( 0.0000156, 0.0007933)|   1, 1, 1;0,  0;0,  0> +
        ( 0.0001004, 0.0007830)|   1, 1, 3;0,  0;0,  0> +
        ( 0.0007484, 0.0000012)|   3, 2, 2;0,  0;0,  0> +
        (-0.0000055, 0.0005922)|   0, 2, 3;0,  0;0,  0> +
        (-0.0003567,-0.0003178)|   0, 1, 2;0,  0;0,  0> +
        (-0.0000472, 0.0004691)|   2, 2, 1;0,  0;0,  0> +
        ( 0.0002160,-0.0004077)|   0, 3, 0;0,  0;0,  0> +
        (-0.0000001, 0.0004517)|   0, 3, 3;0,  0;0,  0> +
        (-0.0003555, 0.0002641)|   1, 1, 2;0,  0;0,  0> +
        ( 0.0002596,-0.0003585)|   1, 3, 2;0,  0;0,  0> +
        (-0.0003077, 0.0000015)|   5, 0, 2;0,  0;0,  0> +
        ( 0.0002991,-0.0000052)|   0, 3, 2;0,  0;0,  0> +
        ( 0.0000077, 0.0002747)|   2, 1, 3;0,  0;0,  0> +
        (-0.0002735,-0.0000022)|   4, 2, 2;0,  0;0,  0> +
        (-0.0002507, 0.0000016)|   5, 2, 0;0,  0;0,  0> +
        ( 0.0000245, 0.0002320)|   1, 3, 1;0,  0;0,  0> +
        ( 0.0000002,-0.0002172)|   1, 3, 3;0,  0;0,  0> +
        ( 0.0000091,-0.0002145)|   3, 3, 3;0,  0;0,  0> +
        ( 0.0001996,-0.0000071)|   3, 1, 0;0,  0;0,  0> +
        (-0.0000070,-0.0001961)|   3, 0, 1;0,  0;0,  0> +
        ( 0.0000090,-0.0001135)|   2, 2, 3;0,  0;0,  0> +
        ( 0.0000012,-0.0001072)|   2, 3, 3;0,  0;0,  0> +
        (-0.0000009,-0.0000754)|   2, 3, 1;0,  0;0,  0> +
        ( 0.0000719,-0.0000070)|   2, 3, 2;0,  0;0,  0> +
        ( 0.0000527, 0.0000001)|   2, 2, 2;0,  0;0,  0> +
        (-0.0000509,-0.0000008)|   3, 3, 0;0,  0;0,  0> +
        (-0.0000465, 0.0000010)|   4, 1, 0;0,  0;1,  0> +
        ( 0.0000465,-0.0000010)|   4, 1, 0;1,  0;0,  0> +
        ( 0.0000004,-0.0000464)|   3, 0, 3;0,  0;0,  0> +
        (-0.0000010,-0.0000385)|   4, 0, 1;1,  0;0,  0> +
        ( 0.0000010, 0.0000385)|   4, 0, 1;0,  0;1,  0> +
        (-0.0000287,-0.0000003)|   3, 1, 2;0,  0;0,  0> +
        (-0.0000006,-0.0000260)|   3, 2, 1;0,  0;0,  0> +
        ( 0.0000243,-0.0000009)|   3, 2, 0;0,  0;0,  0> +
        (-0.0000237, 0.0000010)|   3, 0, 2;0,  0;0,  0> +
        ( 0.0000016,-0.0000157)|   4, 1, 1;0,  0;0,  0> +
        ( 0.0000008,-0.0000156)|   4, 3, 3;0,  0;0,  0> +
        ( 0.0000006,-0.0000141)|   5, 0, 1;0,  0;0,  0> +
        ( 0.0000001,-0.0000060)|   3, 2, 3;0,  0;0,  0> +
        ( 0.0000043,-0.0000031)|   5, 1, 0;0,  0;0,  0> +
        ( 0.0000043,-0.0000000)|   1, 2, 2;0,  0;0,  0> +
        ( 0.0000029, 0.0000001)|   6, 0, 2;0,  0;0,  0> +
        (-0.0000025, 0.0000013)|   6, 1, 0;0,  0;0,  0> +
        ( 0.0000025,-0.0000000)|   9, 0, 0;0,  0;0,  0> +
        (-0.0000021,-0.0000001)|   3, 3, 2;0,  0;0,  0> +
        ( 0.0000019, 0.0000001)|   5, 2, 2;0,  0;0,  0> +
        (-0.0000000,-0.0000012)|   4, 2, 3;0,  0;0,  0> +
        (-0.0000011, 0.0000000)|   4, 3, 2;0,  0;0,  0> +
         ...
 |19> = (-0.0025060,-0.7698765)|   4, 0, 1;0,  0;0,  0> +
        (-0.6379499,-0.0008255)|   4, 1, 0;0,  0;0,  0> +
        (-0.0107763, 0.0000238)|   7, 0, 0;0,  0;0,  0> +
        (-0.0033117,-0.0062716)|   0, 0, 3;0,  0;0,  0> +
        ( 0.0001386, 0.0070412)|   1, 1, 1;0,  0;0,  0> +
        (-0.0050778, 0.0001186)|   1, 3, 0;0,  0;0,  0> +
        ( 0.0041721,-0.0022916)|   0, 3, 0;0,  0;0,  0> +
        (-0.0002264,-0.0036862)|   2, 1, 1;0,  0;0,  0> +
        ( 0.0024833,-0.0006118)|   0, 1, 2;0,  0;0,  0> +
        ( 0.0001294,-0.0019640)|   1, 2, 1;0,  0;0,  0> +
        (-0.0016476, 0.0000087)|   1, 1, 2;0,  0;0,  0> +
        ( 0.0011557, 0.0011575)|   0, 2, 1;0,  0;0,  0> +
        (-0.0014275, 0.0000003)|   4, 2, 2;0,  0;0,  0> +
        ( 0.0000097,-0.0013679)|   0, 1, 3;0,  0;0,  0> +
        ( 0.0012188, 0.0000008)|   2, 2, 2;0,  0;0,  0> +
        (-0.0011927,-0.0000011)|   3, 2, 2;0,  0;0,  0> +
        ( 0.0000646,-0.0010197)|   1, 0, 3;0,  0;0,  0> +
        (-0.0009030, 0.0001321)|   4, 0, 2;0,  0;0,  0> +
        (-0.0008668, 0.0000068)|   8, 0, 0;0,  0;0,  0> +
        ( 0.0006820, 0.0000382)|   2, 3, 0;0,  0;0,  0> +
        ( 0.0000237, 0.0006172)|   2, 0, 3;0,  0;0,  0> +
        ( 0.0006167,-0.0000284)|   3, 1, 0;0,  0;0,  0> +
        (-0.0000280,-0.0005964)|   3, 0, 1;0,  0;0,  0> +
        ( 0.0000240, 0.0005415)|   2, 2, 1;0,  0;0,  0> +
        ( 0.0000163,-0.0005391)|   0, 2, 3;0,  0;0,  0> +
        ( 0.0004690,-0.0000191)|   2, 1, 2;0,  0;0,  0> +
        (-0.0000001,-0.0004525)|   0, 3, 3;0,  0;0,  0> +
        (-0.0000197,-0.0004408)|   0, 3, 1;0,  0;0,  0> +
        ( 0.0003394, 0.0000164)|   0, 3, 2;0,  0;0,  0> +
        (-0.0000348,-0.0003335)|   1, 1, 3;0,  0;0,  0> +
        ( 0.0000000,-0.0002754)|   2, 2, 3;0,  0;0,  0> +
        (-0.0002670, 0.0000005)|   2, 3, 2;0,  0;0,  0> +
        ( 0.0002643,-0.0000089)|   3, 2, 0;0,  0;0,  0> +
        (-0.0002638, 0.0000085)|   3, 0, 2;0,  0;0,  0> +
        (-0.0001823, 0.0000383)|   1, 3, 2;0,  0;0,  0> +
        ( 0.0001068,-0.0001327)|   4, 2, 0;0,  0;0,  0> +
        (-0.0000029, 0.0001604)|   2, 3, 3;0,  0;0,  0> +
        ( 0.0000385,-0.0001205)|   1, 2, 3;0,  0;0,  0> +
        (-0.0000098,-0.0000964)|   3, 1, 1;0,  0;0,  0> +
        (-0.0000173,-0.0000662)|   1, 3, 1;0,  0;0,  0> +
        ( 0.0000498,-0.0000002)|   1, 2, 2;0,  0;0,  0> +
        ( 0.0000002, 0.0000465)|   4, 0, 1;1,  0;0,  0> +
        (-0.0000002,-0.0000465)|   4, 0, 1;0,  0;1,  0> +
        ( 0.0000385, 0.0000000)|   4, 1, 0;1,  0;0,  0> +
        (-0.0000385,-0.0000000)|   4, 1, 0;0,  0;1,  0> +
        ( 0.0000000, 0.0000314)|   1, 3, 3;0,  0;0,  0> +
        (-0.0000009, 0.0000293)|   3, 3, 3;0,  0;0,  0> +
        ( 0.0000246,-0.0000001)|   5, 0, 2;0,  0;0,  0> +
        (-0.0000004,-0.0000201)|   2, 1, 3;0,  0;0,  0> +
        ( 0.0000200,-0.0000001)|   5, 2, 0;0,  0;0,  0> +
        ( 0.0000000, 0.0000063)|   2, 3, 1;0,  0;0,  0> +
        (-0.0000002, 0.0000044)|   4, 3, 3;0,  0;0,  0> +
        ( 0.0000001, 0.0000043)|   0, 1, 1;0,  0;0,  0> +
        ( 0.0000043,-0.0000002)|   6, 0, 0;0,  0;0,  0> +
        ( 0.0000040, 0.0000001)|   3, 3, 0;0,  0;0,  0> +
        (-0.0000000, 0.0000038)|   3, 0, 3;0,  0;0,  0> +
        ( 0.0000023, 0.0000000)|   3, 1, 2;0,  0;0,  0> +
        (-0.0000022,-0.0000002)|   5, 0, 0;0,  0;0,  0> +
        ( 0.0000001, 0.0000020)|   3, 2, 1;0,  0;0,  0> +
        ( 0.0000015,-0.0000001)|   2, 1, 0;0,  0;0,  0> +
        (-0.0000001, 0.0000012)|   4, 1, 1;0,  0;0,  0> +
        ( 0.0000011,-0.0000005)|   6, 1, 0;0,  0;0,  0> +
         ...
 |20> = ( 0.6370110,-0.7662727)|   5, 1, 0;0,  0;0,  0> +
        ( 0.0755624, 0.0268651)|   5, 0, 1;0,  0;0,  0> +
        ( 0.0008284,-0.0194069)|   6, 0, 1;0,  0;0,  0> +
        (-0.0004994, 0.0073055)|   7, 0, 1;0,  0;0,  0> +
        (-0.0051654,-0.0006268)|   3, 3, 0;0,  0;0,  0> +
        (-0.0038838, 0.0001759)|   7, 1, 0;0,  0;0,  0> +
        ( 0.0032642,-0.0017168)|   1, 1, 2;0,  0;0,  0> +
        (-0.0000393, 0.0036148)|   8, 1, 0;0,  0;0,  0> +
        (-0.0022211,-0.0028302)|   2, 0, 3;0,  0;0,  0> +
        ( 0.0033373, 0.0008524)|   2, 1, 2;0,  0;0,  0> +
        (-0.0003289, 0.0031358)|   4, 1, 1;0,  0;0,  0> +
        ( 0.0008958, 0.0029117)|   8, 0, 1;0,  0;0,  0> +
        ( 0.0027510, 0.0004446)|   3, 1, 2;0,  0;0,  0> +
        ( 0.0025565,-0.0001180)|   2, 2, 1;0,  0;0,  0> +
        (-0.0019300, 0.0000165)|   7, 0, 2;0,  0;0,  0> +
        ( 0.0002970, 0.0018914)|   1, 2, 1;0,  0;0,  0> +
        (-0.0003375, 0.0017801)|   3, 2, 1;0,  0;0,  0> +
        (-0.0016287, 0.0006665)|   1, 3, 0;0,  0;0,  0> +
        (-0.0016641,-0.0000976)|   5, 0, 2;0,  0;0,  0> +
        ( 0.0002681,-0.0016022)|   1, 3, 1;0,  0;0,  0> +
        (-0.0014815, 0.0006624)|   6, 1, 0;0,  0;0,  0> +
        (-0.0015994,-0.0000183)|   7, 2, 0;0,  0;0,  0> +
        ( 0.0009895,-0.0012426)|   2, 3, 0;0,  0;0,  0> +
        (-0.0015421,-0.0001020)|   4, 3, 0;0,  0;0,  0> +
        (-0.0004848,-0.0013257)|   1, 0, 3;0,  0;0,  0> +
        ( 0.0013571, 0.0000115)|   5, 2, 2;0,  0;0,  0> +
        (-0.0013507,-0.0000458)|   6, 0, 2;0,  0;0,  0> +
        (-0.0001179,-0.0012967)|   3, 1, 1;0,  0;0,  0> +
        ( 0.0012369, 0.0000287)|   6, 2, 2;0,  0;0,  0> +
        (-0.0000301,-0.0011775)|   2, 3, 1;0,  0;0,  0> +
        ( 0.0011594, 0.0001266)|   9, 0, 0;0,  0;0,  0> +
        (-0.0009837, 0.0005047)|   8, 2, 0;0,  0;0,  0> +
        ( 0.0009959, 0.0001057)|   5, 2, 0;0,  0;0,  0> +
        ( 0.0000114,-0.0009951)|   4, 2, 1;0,  0;0,  0> +
        ( 0.0009201,-0.0000061)|   2, 3, 2;0,  0;0,  0> +
        ( 0.0000082, 0.0008434)|   2, 1, 3;0,  0;0,  0> +
        ( 0.0000901,-0.0008022)|   4, 0, 3;0,  0;0,  0> +
        (-0.0000010,-0.0007718)|   3, 3, 3;0,  0;0,  0> +
        ( 0.0000424, 0.0007202)|   5, 1, 1;0,  0;0,  0> +
        (-0.0001714, 0.0006439)|   3, 0, 3;0,  0;0,  0> +
        (-0.0006437, 0.0000412)|   4, 1, 2;0,  0;0,  0> +
        (-0.0003133,-0.0004871)|   8, 0, 2;0,  0;0,  0> +
        ( 0.0001488,-0.0005564)|   8, 3, 3;0,  0;0,  0> +
        ( 0.0005402, 0.0000401)|   6, 2, 0;0,  0;0,  0> +
        (-0.0001746, 0.0004865)|   7, 3, 3;0,  0;0,  0> +
        ( 0.0005097,-0.0000057)|   5, 3, 2;0,  0;0,  0> +
        ( 0.0000050, 0.0004814)|   5, 2, 3;0,  0;0,  0> +
        (-0.0000000, 0.0004794)|   0, 3, 3;0,  0;0,  0> +
        ( 0.0001962, 0.0004247)|   9, 0, 1;0,  0;0,  0> +
        ( 0.0004472,-0.0000131)|  10, 0, 0;0,  0;0,  0> +
        (-0.0001474,-0.0004217)|   1, 2, 3;0,  0;0,  0> +
        (-0.0000070, 0.0004176)|   2, 2, 3;0,  0;0,  0> +
        (-0.0000013,-0.0003840)|   5, 3, 3;0,  0;0,  0> +
        (-0.0000035,-0.0003799)|   6, 1, 1;0,  0;0,  0> +
        (-0.0000945, 0.0003657)|   1, 1, 3;0,  0;0,  0> +
        ( 0.0000092, 0.0003690)|   3, 3, 1;0,  0;0,  0> +
        (-0.0000167, 0.0003671)|   3, 2, 3;0,  0;0,  0> +
        ( 0.0003321,-0.0001052)|   9, 1, 0;0,  0;0,  0> +
        (-0.0003394,-0.0000168)|   3, 3, 2;0,  0;0,  0> +
        (-0.0002698,-0.0000015)|   4, 2, 2;0,  0;0,  0> +
        ( 0.0000011,-0.0002432)|   6, 3, 3;0,  0;0,  0> +
        ( 0.0000176,-0.0002335)|   3, 1, 3;0,  0;0,  0> +
        ( 0.0001905, 0.0000068)|   0, 3, 2;0,  0;0,  0> +
        ( 0.0000068,-0.0001894)|   0, 2, 3;0,  0;0,  0> +
        (-0.0000039, 0.0001662)|   4, 2, 3;0,  0;0,  0> +
        ( 0.0000110,-0.0001474)|   1, 3, 2;0,  0;0,  0> +
        (-0.0001475, 0.0000080)|  12, 0, 0;0,  0;0,  0> +
        (-0.0000002,-0.0001463)|   4, 3, 3;0,  0;0,  0> +
        ( 0.0001060,-0.0000192)|   4, 3, 2;0,  0;0,  0> +
        ( 0.0000374, 0.0000933)|   4, 1, 3;0,  0;0,  0> +
        ( 0.0000293,-0.0000849)|   4, 3, 1;0,  0;0,  0> +
        ( 0.0000000,-0.0000775)|   1, 3, 3;0,  0;0,  0> +
        (-0.0000009,-0.0000603)|   2, 3, 3;0,  0;0,  0> +
        ( 0.0000385,-0.0000463)|   5, 1, 0;0,  0;1,  0> +
        (-0.0000385, 0.0000463)|   5, 1, 0;1,  0;0,  0> +
        ( 0.0000453,-0.0000052)|   5, 3, 0;0,  0;0,  0> +
        ( 0.0000165, 0.0000000)|   7, 2, 2;0,  0;0,  0> +
        ( 0.0000163,-0.0000006)|   7, 3, 2;0,  0;0,  0> +
        (-0.0000035, 0.0000141)|   5, 0, 3;0,  0;0,  0> +
        ( 0.0000111, 0.0000000)|   8, 2, 2;0,  0;0,  0> +
        ( 0.0000003, 0.0000110)|   7, 2, 3;0,  0;0,  0> +
        (-0.0000096, 0.0000008)|   6, 1, 2;0,  0;0,  0> +
        ( 0.0000069,-0.0000006)|  11, 0, 0;0,  0;0,  0> +
        (-0.0000063, 0.0000001)|   9, 2, 2;0,  0;0,  0> +
        ( 0.0000018,-0.0000059)|   9, 3, 3;0,  0;0,  0> +
        (-0.0000048,-0.0000036)|   0, 2, 1;0,  0;0,  0> +
        (-0.0000052,-0.0000001)|   3, 2, 2;0,  0;0,  0> +
        (-0.0000002, 0.0000050)|   5, 2, 1;0,  0;0,  0> +
        ( 0.0000042, 0.0000025)|   0, 0, 3;0,  0;0,  0> +
        ( 0.0000046, 0.0000016)|   5, 0, 1;0,  0;1,  0> +
        (-0.0000046,-0.0000016)|   5, 0, 1;1,  0;0,  0> +
        ( 0.0000042, 0.0000018)|   5, 1, 2;0,  0;0,  0> +
        ( 0.0000013, 0.0000042)|   2, 1, 1;0,  0;0,  0> +
        ( 0.0000006,-0.0000043)|   6, 2, 1;0,  0;0,  0> +
        (-0.0000039, 0.0000013)|  14, 0, 0;0,  0;0,  0> +
        ( 0.0000018, 0.0000037)|  11, 3, 3;0,  0;0,  0> +
        ( 0.0000003,-0.0000040)|   5, 1, 3;0,  0;0,  0> +
        ( 0.0000032, 0.0000002)|   6, 3, 2;0,  0;0,  0> +
        (-0.0000030, 0.0000009)|   4, 0, 2;0,  0;0,  0> +
        (-0.0000001, 0.0000027)|   6, 2, 3;0,  0;0,  0> +
        (-0.0000002,-0.0000023)|  10, 2, 3;0,  0;0,  0> +
        (-0.0000022,-0.0000004)|   7, 1, 1;0,  0;0,  0> +
        ( 0.0000020,-0.0000002)|   6, 3, 0;0,  0;0,  0> +
        (-0.0000008, 0.0000018)|   0, 3, 0;0,  0;0,  0> +
        ( 0.0000018,-0.0000006)|   3, 2, 0;0,  0;0,  0> +
        (-0.0000019,-0.0000000)|   7, 0, 0;0,  0;0,  0> +
        ( 0.0000018,-0.0000002)|   8, 0, 0;0,  0;0,  0> +
        (-0.0000017, 0.0000006)|   3, 0, 2;0,  0;0,  0> +
        (-0.0000000, 0.0000018)|   6, 0, 3;0,  0;0,  0> +
        (-0.0000006, 0.0000016)|   5, 3, 1;0,  0;0,  0> +
        ( 0.0000000, 0.0000016)|  10, 0, 1;0,  0;0,  0> +
        (-0.0000016,-0.0000001)|   9, 3, 2;0,  0;0,  0> +
        (-0.0000013,-0.0000009)|   1, 1, 1;0,  0;0,  0> +
        (-0.0000010,-0.0000012)|  13, 3, 3;0,  0;0,  0> +
        (-0.0000015, 0.0000000)|  10, 2, 2;0,  0;0,  0> +
        (-0.0000001, 0.0000015)|   8, 2, 3;0,  0;0,  0> +
        (-0.0000001,-0.0000015)|   9, 2, 3;0,  0;0,  0> +
        ( 0.0000014, 0.0000003)|   7, 2, 1;0,  0;0,  0> +
        ( 0.0000004,-0.0000013)|   7, 1, 2;0,  0;0,  0> +
        (-0.0000003, 0.0000012)|   6, 3, 1;0,  0;0,  0> +
        ( 0.0000000,-0.0000012)|   6, 0, 1;0,  0;1,  0> +
        (-0.0000000, 0.0000012)|   6, 0, 1;1,  0;0,  0> +
        ( 0.0000008, 0.0000006)|  12, 3, 3;0,  0;0,  0> +
        (-0.0000003,-0.0000009)|  10, 3, 3;0,  0;0,  0> +
         ...
 |21> = (-0.9992805, 0.0319262)|  10, 0, 0;0,  0;0,  0> +
        ( 0.0126514,-0.0024415)|  13, 0, 0;0,  0;0,  0> +
        ( 0.0006799,-0.0102325)|   7, 0, 1;0,  0;0,  0> +
        ( 0.0007308,-0.0068217)|   4, 1, 1;0,  0;0,  0> +
        ( 0.0040167,-0.0001453)|   7, 1, 0;0,  0;0,  0> +
        (-0.0033533,-0.0002472)|   3, 3, 0;0,  0;0,  0> +
        ( 0.0000507, 0.0031909)|   3, 0, 3;0,  0;0,  0> +
        ( 0.0024317,-0.0016723)|   8, 0, 1;0,  0;0,  0> +
        (-0.0023538,-0.0017589)|   8, 1, 0;0,  0;0,  0> +
        ( 0.0023856,-0.0001125)|   7, 0, 2;0,  0;0,  0> +
        ( 0.0021050, 0.0003543)|   7, 1, 1;0,  0;0,  0> +
        ( 0.0019731,-0.0006039)|   6, 1, 0;0,  0;0,  0> +
        ( 0.0001107, 0.0019006)|   2, 3, 1;0,  0;0,  0> +
        (-0.0001235,-0.0017564)|   3, 1, 3;0,  0;0,  0> +
        ( 0.0016814,-0.0000965)|  12, 0, 0;0,  0;0,  0> +
        (-0.0000359,-0.0014135)|  10, 0, 1;0,  0;0,  0> +
        (-0.0002060, 0.0012303)|   1, 3, 1;0,  0;0,  0> +
        ( 0.0000731,-0.0011947)|   5, 0, 3;0,  0;0,  0> +
        (-0.0010503, 0.0002645)|   8, 2, 0;0,  0;0,  0> +
        (-0.0010669,-0.0000577)|   9, 1, 0;0,  0;0,  0> +
        ( 0.0007690, 0.0006984)|   2, 0, 3;0,  0;0,  0> +
        (-0.0009407,-0.0000013)|   5, 3, 0;0,  0;0,  0> +
        (-0.0008709, 0.0001320)|   6, 1, 2;0,  0;0,  0> +
        ( 0.0000505, 0.0008737)|   5, 1, 1;0,  0;0,  0> +
        (-0.0008422, 0.0000014)|   6, 2, 2;0,  0;0,  0> +
        (-0.0008016,-0.0001504)|   2, 2, 1;0,  0;0,  0> +
        (-0.0007202,-0.0002594)|   8, 0, 2;0,  0;0,  0> +
        ( 0.0007079, 0.0001198)|   7, 2, 0;0,  0;0,  0> +
        (-0.0000222, 0.0007157)|   4, 0, 3;0,  0;0,  0> +
        ( 0.0000011,-0.0006969)|   5, 3, 3;0,  0;0,  0> +
        ( 0.0006747, 0.0000020)|   5, 2, 2;0,  0;0,  0> +
        (-0.0000082, 0.0006722)|  11, 0, 1;0,  0;0,  0> +
        ( 0.0006256,-0.0000245)|   4, 3, 0;0,  0;0,  0> +
        (-0.0002942,-0.0005514)|   8, 1, 1;0,  0;0,  0> +
        ( 0.0006213, 0.0000202)|   5, 3, 2;0,  0;0,  0> +
        (-0.0002245,-0.0005642)|   4, 1, 3;0,  0;0,  0> +
        (-0.0004753,-0.0003641)|   9, 0, 1;0,  0;0,  0> +
        ( 0.0005722,-0.0000084)|   2, 3, 2;0,  0;0,  0> +
        ( 0.0003608,-0.0004374)|   5, 1, 0;0,  0;0,  0> +
        (-0.0003607, 0.0004265)|   2, 3, 0;0,  0;0,  0> +
        (-0.0005282, 0.0001016)|   5, 1, 2;0,  0;0,  0> +
        (-0.0001698, 0.0005004)|   4, 3, 1;0,  0;0,  0> +
        (-0.0004440,-0.0002030)|   2, 1, 2;0,  0;0,  0> +
        ( 0.0000000,-0.0004712)|   1, 3, 3;0,  0;0,  0> +
        (-0.0004652,-0.0000428)|   6, 2, 0;0,  0;0,  0> +
        ( 0.0001524,-0.0004349)|   9, 3, 3;0,  0;0,  0> +
        (-0.0003241, 0.0002930)|   3, 2, 1;0,  0;0,  0> +
        (-0.0003678, 0.0002006)|   3, 1, 2;0,  0;0,  0> +
        (-0.0003823, 0.0000007)|   4, 3, 2;0,  0;0,  0> +
        ( 0.0000011, 0.0003630)|   4, 2, 3;0,  0;0,  0> +
        ( 0.0003454, 0.0000125)|   4, 1, 2;0,  0;0,  0> +
        (-0.0000043, 0.0003430)|   3, 2, 3;0,  0;0,  0> +
        (-0.0003014,-0.0000015)|   5, 2, 0;0,  0;0,  0> +
        ( 0.0000002,-0.0003001)|   2, 3, 3;0,  0;0,  0> +
        ( 0.0000005,-0.0002959)|   3, 3, 3;0,  0;0,  0> +
        ( 0.0000731,-0.0002806)|   1, 1, 3;0,  0;0,  0> +
        ( 0.0002845,-0.0000003)|   5, 0, 2;0,  0;0,  0> +
        (-0.0002742,-0.0000704)|   9, 2, 0;0,  0;0,  0> +
        (-0.0000001,-0.0002822)|   4, 3, 3;0,  0;0,  0> +
        ( 0.0000896,-0.0002533)|   7, 3, 3;0,  0;0,  0> +
        (-0.0000026,-0.0002628)|   6, 1, 1;0,  0;0,  0> +
        (-0.0000073, 0.0002509)|   6, 2, 3;0,  0;0,  0> +
        ( 0.0002252,-0.0000067)|   6, 3, 2;0,  0;0,  0> +
        ( 0.0000771, 0.0002050)|   6, 0, 3;0,  0;0,  0> +
        (-0.0002132, 0.0000430)|   1, 3, 2;0,  0;0,  0> +
        ( 0.0001450, 0.0001431)|   6, 2, 1;0,  0;0,  0> +
        (-0.0001809,-0.0000804)|   3, 3, 1;0,  0;0,  0> +
        ( 0.0000345,-0.0001928)|   5, 2, 3;0,  0;0,  0> +
        ( 0.0000316, 0.0001703)|   2, 1, 3;0,  0;0,  0> +
        ( 0.0001629,-0.0000043)|   3, 3, 2;0,  0;0,  0> +
        (-0.0000084,-0.0001623)|   2, 2, 3;0,  0;0,  0> +
        (-0.0001561,-0.0000358)|   6, 0, 2;0,  0;0,  0> +
        (-0.0001423, 0.0000363)|   6, 3, 0;0,  0;0,  0> +
        ( 0.0000101, 0.0001430)|   4, 2, 1;0,  0;0,  0> +
        ( 0.0000744,-0.0001066)|   6, 0, 1;0,  0;0,  0> +
        (-0.0000996, 0.0000800)|   5, 2, 1;0,  0;0,  0> +
        ( 0.0001170, 0.0000261)|  11, 1, 0;0,  0;0,  0> +
        ( 0.0000430,-0.0000864)|   1, 2, 3;0,  0;0,  0> +
        ( 0.0000882,-0.0000072)|  11, 0, 0;0,  0;0,  0> +
        ( 0.0000194, 0.0000710)|   9, 0, 2;0,  0;0,  0> +
        ( 0.0000603,-0.0000019)|  10, 0, 0;1,  0;0,  0> +
        (-0.0000603, 0.0000019)|  10, 0, 0;0,  0;1,  0> +
        ( 0.0000036, 0.0000588)|  12, 0, 1;0,  0;0,  0> +
        (-0.0000189,-0.0000552)|  10, 3, 3;0,  0;0,  0> +
        (-0.0000138, 0.0000560)|  12, 1, 0;0,  0;0,  0> +
        ( 0.0000131,-0.0000485)|  10, 1, 0;0,  0;0,  0> +
        ( 0.0000427, 0.0000169)|   5, 0, 1;0,  0;0,  0> +
        (-0.0000110, 0.0000432)|   7, 1, 2;0,  0;0,  0> +
        (-0.0000433,-0.0000105)|   7, 2, 1;0,  0;0,  0> +
        (-0.0000000, 0.0000311)|   6, 3, 3;0,  0;0,  0> +
        (-0.0000266,-0.0000143)|  15, 0, 0;0,  0;0,  0> +
        ( 0.0000000, 0.0000254)|  13, 0, 1;0,  0;0,  0> +
        ( 0.0000055,-0.0000237)|   8, 3, 3;0,  0;0,  0> +
        (-0.0000238, 0.0000024)|   7, 0, 3;0,  0;0,  0> +
        ( 0.0000023, 0.0000214)|   7, 3, 0;0,  0;0,  0> +
        (-0.0000007,-0.0000197)|   7, 2, 3;0,  0;0,  0> +
        (-0.0000192,-0.0000001)|   8, 2, 2;0,  0;0,  0> +
        ( 0.0000170,-0.0000084)|   1, 1, 2;0,  0;0,  0> +
        ( 0.0000116, 0.0000125)|   7, 2, 2;0,  0;0,  0> +
        (-0.0000170, 0.0000005)|   7, 3, 2;0,  0;0,  0> +
        ( 0.0000159, 0.0000001)|   9, 0, 0;0,  0;0,  0> +
        ( 0.0000110, 0.0000111)|  11, 2, 2;0,  0;0,  0> +
        (-0.0000060,-0.0000118)|  11, 3, 3;0,  0;0,  0> +
        (-0.0000005,-0.0000118)|   5, 1, 3;0,  0;0,  0> +
        ( 0.0000091, 0.0000065)|  10, 2, 0;0,  0;0,  0> +
        ( 0.0000002, 0.0000103)|   6, 1, 3;0,  0;0,  0> +
        ( 0.0000100, 0.0000002)|   8, 3, 2;0,  0;0,  0> +
        (-0.0000093, 0.0000005)|  10, 2, 2;0,  0;0,  0> +
        (-0.0000026,-0.0000088)|   1, 0, 3;0,  0;0,  0> +
        ( 0.0000013, 0.0000089)|   1, 2, 1;0,  0;0,  0> +
        (-0.0000000, 0.0000086)|   9, 1, 1;0,  0;0,  0> +
        (-0.0000065,-0.0000053)|  12, 3, 3;0,  0;0,  0> +
        (-0.0000061, 0.0000030)|   1, 3, 0;0,  0;0,  0> +
        ( 0.0000044, 0.0000038)|  12, 2, 2;0,  0;0,  0> +
        (-0.0000056,-0.0000001)|  11, 3, 2;0,  0;0,  0> +
        ( 0.0000001, 0.0000055)|   9, 2, 3;0,  0;0,  0> +
        ( 0.0000007, 0.0000052)|   3, 1, 1;0,  0;0,  0> +
        ( 0.0000003, 0.0000048)|   8, 2, 3;0,  0;0,  0> +
        ( 0.0000045, 0.0000010)|  13, 1, 0;0,  0;0,  0> +
        (-0.0000044, 0.0000001)|   9, 3, 2;0,  0;0,  0> +
        (-0.0000043, 0.0000004)|   4, 2, 2;0,  0;0,  0> +
        ( 0.0000003,-0.0000043)|   7, 3, 1;0,  0;0,  0> +
        (-0.0000037, 0.0000018)|  10, 0, 2;0,  0;0,  0> +
        ( 0.0000001, 0.0000041)|   8, 3, 1;0,  0;0,  0> +
        (-0.0000024,-0.0000027)|  14, 2, 2;0,  0;0,  0> +
        (-0.0000025,-0.0000025)|   5, 3, 1;0,  0;0,  0> +
        (-0.0000035, 0.0000003)|  16, 0, 0;0,  0;0,  0> +
        (-0.0000002,-0.0000033)|   7, 1, 3;0,  0;0,  0> +
        ( 0.0000031,-0.0000004)|   8, 1, 2;0,  0;0,  0> +
        (-0.0000028, 0.0000010)|  12, 3, 2;0,  0;0,  0> +
        ( 0.0000018, 0.0000022)|  13, 2, 2;0,  0;0,  0> +
        (-0.0000016,-0.0000024)|   0, 2, 1;0,  0;0,  0> +
        (-0.0000001,-0.0000028)|  12, 2, 3;0,  0;0,  0> +
        (-0.0000024, 0.0000008)|  14, 0, 0;0,  0;0,  0> +
        ( 0.0000020, 0.0000016)|   8, 2, 1;0,  0;0,  0> +
        (-0.0000004,-0.0000024)|   8, 1, 3;0,  0;0,  0> +
        ( 0.0000015, 0.0000017)|  14, 3, 3;0,  0;0,  0> +
        ( 0.0000015, 0.0000016)|  16, 3, 3;0,  0;0,  0> +
        ( 0.0000018, 0.0000010)|  11, 2, 3;0,  0;0,  0> +
        (-0.0000013,-0.0000015)|  19, 3, 3;0,  0;0,  0> +
        (-0.0000010,-0.0000012)|  13, 3, 3;0,  0;0,  0> +
        ( 0.0000010, 0.0000011)|  21, 3, 3;0,  0;0,  0> +
        ( 0.0000009, 0.0000012)|  17, 3, 3;0,  0;0,  0> +
        ( 0.0000011, 0.0000008)|  11, 1, 3;0,  0;0,  0> +
        (-0.0000001, 0.0000013)|  15, 3, 2;0,  0;0,  0> +
        (-0.0000001, 0.0000013)|  13, 3, 2;0,  0;0,  0> +
        (-0.0000013, 0.0000002)|   9, 1, 2;0,  0;0,  0> +
        ( 0.0000012, 0.0000000)|  13, 2, 3;0,  0;0,  0> +
        ( 0.0000011,-0.0000004)|   0, 1, 2;0,  0;0,  0> +
        (-0.0000008,-0.0000009)|  15, 3, 3;0,  0;0,  0> +
        (-0.0000001, 0.0000012)|  10, 1, 3;0,  0;0,  0> +
        (-0.0000004,-0.0000010)|   9, 2, 1;0,  0;0,  0> +
         ...
 |22> = ( 0.0093674,-0.9966512)|   5, 0, 1;0,  0;0,  0> +
        ( 0.0750189, 0.0283782)|   5, 1, 0;0,  0;0,  0> +
        (-0.0115344, 0.0000902)|   8, 0, 0;0,  0;0,  0> +
        ( 0.0024384, 0.0002293)|   2, 1, 2;0,  0;0,  0> +
        ( 0.0022002, 0.0000253)|   5, 2, 2;0,  0;0,  0> +
        ( 0.0019578,-0.0009113)|   1, 1, 2;0,  0;0,  0> +
        (-0.0020929,-0.0001224)|   2, 3, 0;0,  0;0,  0> +
        ( 0.0014020,-0.0004740)|   1, 3, 2;0,  0;0,  0> +
        ( 0.0001568,-0.0013536)|   0, 3, 1;0,  0;0,  0> +
        (-0.0001072,-0.0012737)|   1, 2, 1;0,  0;0,  0> +
        (-0.0001707, 0.0011668)|   2, 2, 1;0,  0;0,  0> +
        ( 0.0000215, 0.0008919)|   2, 1, 3;0,  0;0,  0> +
        ( 0.0008793,-0.0000100)|   5, 0, 2;0,  0;0,  0> +
        (-0.0000842,-0.0008106)|   3, 1, 1;0,  0;0,  0> +
        (-0.0000750, 0.0006463)|   0, 1, 3;0,  0;0,  0> +
        (-0.0006123,-0.0000001)|   3, 2, 2;0,  0;0,  0> +
        (-0.0000559, 0.0004907)|   1, 3, 1;0,  0;0,  0> +
        ( 0.0004845,-0.0000059)|   2, 3, 2;0,  0;0,  0> +
        (-0.0000233,-0.0004823)|   6, 0, 1;0,  0;0,  0> +
        ( 0.0001080,-0.0004669)|   2, 0, 3;0,  0;0,  0> +
        (-0.0004747,-0.0000140)|   1, 2, 3;0,  0;0,  0> +
        (-0.0004583, 0.0000003)|   4, 2, 2;0,  0;0,  0> +
        ( 0.0000305, 0.0004184)|   3, 0, 3;0,  0;0,  0> +
        (-0.0003047,-0.0002836)|   1, 0, 3;0,  0;0,  0> +
        ( 0.0000001, 0.0003639)|   3, 2, 3;0,  0;0,  0> +
        ( 0.0003443,-0.0000000)|   3, 3, 2;0,  0;0,  0> +
        (-0.0003241, 0.0000016)|   4, 3, 2;0,  0;0,  0> +
        (-0.0000375, 0.0002969)|   3, 2, 1;0,  0;0,  0> +
        ( 0.0002762, 0.0000024)|   0, 3, 2;0,  0;0,  0> +
        (-0.0000003,-0.0002730)|   2, 3, 3;0,  0;0,  0> +
        ( 0.0000000,-0.0002588)|   1, 3, 3;0,  0;0,  0> +
        ( 0.0000243,-0.0002328)|   4, 1, 1;0,  0;0,  0> +
        ( 0.0002243, 0.0000520)|   3, 3, 0;0,  0;0,  0> +
        ( 0.0002216, 0.0000051)|   6, 0, 2;0,  0;0,  0> +
        ( 0.0000587, 0.0002095)|   1, 1, 3;0,  0;0,  0> +
        (-0.0000044,-0.0001915)|   4, 2, 3;0,  0;0,  0> +
        (-0.0001038, 0.0001548)|   1, 3, 0;0,  0;0,  0> +
        ( 0.0000022, 0.0001424)|   0, 2, 3;0,  0;0,  0> +
        ( 0.0000000,-0.0001337)|   3, 3, 3;0,  0;0,  0> +
        (-0.0000000, 0.0000796)|   0, 3, 3;0,  0;0,  0> +
        ( 0.0000013, 0.0000691)|   4, 0, 1;0,  0;0,  0> +
        (-0.0000675, 0.0000016)|   4, 1, 0;0,  0;0,  0> +
        ( 0.0000006,-0.0000602)|   5, 0, 1;0,  0;1,  0> +
        (-0.0000006, 0.0000602)|   5, 0, 1;1,  0;0,  0> +
        ( 0.0000575,-0.0000069)|   3, 1, 2;0,  0;0,  0> +
        ( 0.0000565,-0.0000001)|   9, 0, 0;0,  0;0,  0> +
        ( 0.0000106,-0.0000409)|   5, 3, 3;0,  0;0,  0> +
        ( 0.0000414,-0.0000040)|   6, 2, 0;0,  0;0,  0> +
        (-0.0000020,-0.0000383)|   2, 1, 1;0,  0;0,  0> +
        (-0.0000114,-0.0000344)|   5, 2, 0;0,  0;0,  0> +
        (-0.0000218, 0.0000270)|   6, 1, 0;0,  0;0,  0> +
        ( 0.0000001, 0.0000274)|   4, 3, 3;0,  0;0,  0> +
        (-0.0000003,-0.0000252)|   6, 3, 3;0,  0;0,  0> +
        ( 0.0000251,-0.0000006)|   7, 2, 0;0,  0;0,  0> +
        ( 0.0000186,-0.0000145)|   2, 3, 1;0,  0;0,  0> +
        (-0.0000007, 0.0000235)|   3, 1, 3;0,  0;0,  0> +
        (-0.0000062,-0.0000179)|   2, 2, 3;0,  0;0,  0> +
        ( 0.0000001,-0.0000184)|   3, 3, 1;0,  0;0,  0> +
        ( 0.0000180, 0.0000006)|   7, 0, 2;0,  0;0,  0> +
        (-0.0000007,-0.0000115)|   0, 2, 1;0,  0;0,  0> +
        (-0.0000065,-0.0000001)|   7, 0, 0;0,  0;0,  0> +
        (-0.0000057,-0.0000000)|   4, 3, 0;0,  0;0,  0> +
        ( 0.0000053, 0.0000008)|   0, 1, 2;0,  0;0,  0> +
        (-0.0000001,-0.0000052)|   4, 0, 3;0,  0;0,  0> +
        ( 0.0000045, 0.0000017)|   5, 1, 0;0,  0;1,  0> +
        (-0.0000045,-0.0000017)|   5, 1, 0;1,  0;0,  0> +
        (-0.0000018, 0.0000042)|   8, 1, 0;0,  0;0,  0> +
        ( 0.0000032, 0.0000032)|   8, 0, 1;0,  0;0,  0> +
        (-0.0000029, 0.0000002)|   4, 1, 2;0,  0;0,  0> +
        (-0.0000001,-0.0000028)|   4, 2, 1;0,  0;0,  0> +
        ( 0.0000024, 0.0000011)|   9, 1, 0;0,  0;0,  0> +
        ( 0.0000026,-0.0000001)|  10, 0, 0;0,  0;0,  0> +
        ( 0.0000025,-0.0000003)|   3, 1, 0;0,  0;0,  0> +
        ( 0.0000023, 0.0000011)|   0, 3, 0;0,  0;0,  0> +
        ( 0.0000020, 0.0000013)|   0, 0, 3;0,  0;0,  0> +
        (-0.0000002, 0.0000022)|   3, 0, 1;0,  0;0,  0> +
        ( 0.0000019, 0.0000001)|   3, 0, 2;0,  0;0,  0> +
        ( 0.0000007,-0.0000017)|   9, 0, 1;0,  0;0,  0> +
        (-0.0000015,-0.0000001)|   3, 2, 0;0,  0;0,  0> +
        (-0.0000007,-0.0000014)|   4, 1, 3;0,  0;0,  0> +
        ( 0.0000014, 0.0000000)|   2, 1, 0;0,  0;0,  0> +
        ( 0.0000000,-0.0000014)|   2, 0, 1;0,  0;0,  0> +
        (-0.0000014, 0.0000000)|   4, 2, 0;0,  0;0,  0> +
        (-0.0000013, 0.0000002)|   4, 0, 2;0,  0;0,  0> +
        ( 0.0000012,-0.0000000)|   8, 0, 2;0,  0;0,  0> +
        ( 0.0000011, 0.0000001)|   8, 2, 0;0,  0;0,  0> +
        (-0.0000010,-0.0000005)|  11, 1, 0;0,  0;0,  0> +
         ...
 |23> = (-0.0001167,-0.9998782)|   0, 1, 1;0,  0;0,  0> +
        (-0.0123253, 0.0000205)|   6, 0, 0;0,  0;0,  0> +
        (-0.0055997, 0.0000071)|   3, 0, 2;0,  0;0,  0> +
        (-0.0053839,-0.0000044)|   3, 2, 0;0,  0;0,  0> +
        (-0.0025079,-0.0000491)|   0, 1, 2;0,  0;0,  0> +
        (-0.0020958,-0.0000640)|   2, 1, 0;0,  0;0,  0> +
        (-0.0020182, 0.0000021)|   2, 0, 2;0,  0;0,  0> +
        ( 0.0020161,-0.0000021)|   2, 2, 0;0,  0;0,  0> +
        (-0.0000645, 0.0019328)|   2, 0, 1;0,  0;0,  0> +
        (-0.0000677,-0.0017869)|   0, 0, 3;0,  0;0,  0> +
        ( 0.0016716,-0.0000001)|   2, 2, 2;0,  0;0,  0> +
        (-0.0000159,-0.0015501)|   0, 2, 1;0,  0;0,  0> +
        ( 0.0000003,-0.0011907)|   0, 1, 3;0,  0;0,  0> +
        ( 0.0011671, 0.0000001)|   1, 2, 2;0,  0;0,  0> +
        (-0.0007654,-0.0000484)|   0, 3, 0;0,  0;0,  0> +
        ( 0.0000026,-0.0006287)|   0, 3, 1;0,  0;0,  0> +
        ( 0.0002424, 0.0000034)|   0, 3, 2;0,  0;0,  0> +
        ( 0.0000005, 0.0002018)|   0, 3, 3;0,  0;0,  0> +
        (-0.0000033, 0.0001836)|   0, 2, 3;0,  0;0,  0> +
        ( 0.0001730, 0.0000002)|   3, 1, 0;0,  0;0,  0> +
        (-0.0000005, 0.0001647)|   3, 0, 1;0,  0;0,  0> +
        ( 0.0000928,-0.0000111)|   5, 0, 0;0,  0;0,  0> +
        (-0.0000780,-0.0000000)|   0, 2, 2;0,  0;0,  0> +
        ( 0.0000000, 0.0000604)|   0, 1, 1;1,  0;0,  0> +
        (-0.0000000,-0.0000604)|   0, 1, 1;0,  0;1,  0> +
        (-0.0000181, 0.0000000)|   1, 1, 0;0,  0;0,  0> +
        ( 0.0000000, 0.0000179)|   1, 0, 1;0,  0;0,  0> +
        ( 0.0000166, 0.0000001)|   4, 2, 0;0,  0;0,  0> +
        ( 0.0000152, 0.0000001)|   4, 0, 2;0,  0;0,  0> +
        (-0.0000100, 0.0000000)|   3, 2, 2;0,  0;0,  0> +
        (-0.0000094,-0.0000004)|   1, 3, 0;0,  0;0,  0> +
        ( 0.0000001,-0.0000086)|   1, 0, 3;0,  0;0,  0> +
        ( 0.0000001, 0.0000067)|   1, 1, 1;0,  0;0,  0> +
        (-0.0000065,-0.0000002)|   1, 1, 2;0,  0;0,  0> +
        ( 0.0000002,-0.0000054)|   1, 2, 1;0,  0;0,  0> +
        (-0.0000029, 0.0000000)|   1, 2, 0;0,  0;0,  0> +
        ( 0.0000029,-0.0000000)|   1, 0, 2;0,  0;0,  0> +
        ( 0.0000000,-0.0000010)|  11, 0, 1;0,  0;0,  0> +
         ...
 |24> = ( 0.7075651,-0.0000000)|   0, 2, 0;0,  0;0,  0> +
        ( 0.7066508, 0.0000000)|   0, 0, 2;0,  0;0,  0> +
        (-0.0003328,-0.0000000)|   2, 0, 0;0,  0;0,  0> +
        ( 0.0000000,-0.0002238)|   0, 0, 1;0,  0;0,  0> +
        (-0.0002140,-0.0000000)|   0, 1, 0;0,  0;0,  0> +
        ( 0.0000427, 0.0000000)|   0, 2, 0;0,  0;1,  0> +
        (-0.0000427, 0.0000000)|   0, 2, 0;1,  0;0,  0> +
        ( 0.0000427,-0.0000000)|   0, 0, 2;0,  0;1,  0> +
        (-0.0000427,-0.0000000)|   0, 0, 2;1,  0;0,  0> +
        ( 0.0000075,-0.0000000)|   1, 0, 2;0,  0;0,  0> +
        ( 0.0000028,-0.0000000)|   2, 2, 0;0,  0;0,  0> +
        ( 0.0000027,-0.0000000)|   3, 0, 0;0,  0;0,  0> +
        (-0.0000015, 0.0000000)|   2, 0, 2;0,  0;0,  0> +
         ...
