# Parameters of the model
#  mass:		    261.00 u
#  charge:	      1.00 e
#  dipole:	      4.74 D
#  B:		    503.65 MHz
#  omega_rho:	      1.40 MHz
#  omega_z:	      0.16 MHz

# Basis truncation:	|34,4,4;2,2>
# omega_1:	      0.27 MHz
# omega_3/5:	      1.39 MHz
# Basis size:		44064

# Active terms of the Hamiltionian:
# 	Nomal modes:	1
# 	T_rot:      	1
# 	V_qd^{(0)}: 	1
# 	V_qd^{(1)}: 	1
# 	V_dd^{(0)}: 	1

# Results of the diagonalisation

# 100 smallest eigenvalues
 5.648891449 6.651630402 7.619996071 8.646142006 9.699485779 10.645954132 10.758030891 10.834188461 11.722765923 11.780527115 11.881463051 12.533149719 12.728540421 12.764437675 13.640234947 13.690087318 13.802791595 14.677270889 14.895613670 14.969123840 15.630733490 15.832702637 15.849080086 15.938956261 15.941722870 16.025932312 16.581851959 16.826011658 16.855058670 16.890434265 16.904001236 16.958930969 17.622262955 17.814743042 17.835088730 17.899375916 17.938985825 17.940917969 18.557435989 18.620046616 18.926300049 18.963998795 19.034458160 19.210289001 19.394689560 19.702083588 19.717855453 19.952404022 19.960941315 20.005325317 20.656564713 20.839347839 20.851331711 20.859027863 20.888238907 20.937646866 21.067466736 21.073795319 21.107088089 21.114696503 21.588628769 21.673786163 21.930027008 21.996789932 22.011741638 22.013643265 22.096309662 22.158491135 22.186140060 22.222692490 22.856767654 22.873245239 22.958284378 22.976671219 23.017766953 23.095123291 23.139471054 23.153682709 23.184076309 23.253648758 23.270385742 23.295837402 23.773920059 23.881246567 23.977657318 23.986595154 24.053037643 24.071792603 24.157886505 24.296890259 24.604457855 24.770397186 24.800865173 24.866989136 25.065309525 25.073482513 25.077854156 25.166826248 25.178337097 25.219099045

# Ground state and the lowest excitations:
 | 0> = ( 1.0000000, 0.0000000)|   0, 0, 0;0,  0;0,  0> +
        ( 0.0000636,-0.0000000)|   0, 0, 0;0,  0;1,  0> +
        (-0.0000636,-0.0000000)|   0, 0, 0;1,  0;0,  0> +
         ...
 | 1> = (-1.0000006, 0.0000000)|   1, 0, 0;0,  0;0,  0> +
        ( 0.0000636, 0.0000000)|   1, 0, 0;1,  0;0,  0> +
        (-0.0000636, 0.0000000)|   1, 0, 0;0,  0;1,  0> +
        (-0.0000318,-0.0000000)|   2, 0, 0;0,  0;0,  0> +
         ...
 | 2> = ( 0.9999997,-0.0000000)|   2, 0, 0;0,  0;0,  0> +
        ( 0.0001453, 0.0000000)|   0, 0, 2;0,  0;0,  0> +
        (-0.0000636,-0.0000000)|   2, 0, 0;1,  0;0,  0> +
        ( 0.0000636, 0.0000000)|   2, 0, 0;0,  0;1,  0> +
        (-0.0000317, 0.0000000)|   1, 0, 0;0,  0;0,  0> +
        ( 0.0000181, 0.0000000)|   0, 2, 0;0,  0;0,  0> +
         ...
 | 3> = ( 1.0000008,-0.0000000)|   3, 0, 0;0,  0;0,  0> +
        (-0.0000000,-0.0011244)|   0, 0, 1;0,  0;0,  0> +
        ( 0.0004288,-0.0000000)|   1, 0, 2;0,  0;0,  0> +
        (-0.0004251,-0.0000000)|   0, 1, 0;0,  0;0,  0> +
        ( 0.0004149, 0.0000000)|   1, 2, 0;0,  0;0,  0> +
        (-0.0000819,-0.0000000)|   0, 0, 2;0,  0;0,  0> +
        ( 0.0000770,-0.0000000)|   0, 2, 0;0,  0;0,  0> +
        (-0.0000636,-0.0000000)|   3, 0, 0;1,  0;0,  0> +
        ( 0.0000636,-0.0000000)|   3, 0, 0;0,  0;1,  0> +
        ( 0.0000044, 0.0000000)|   4, 0, 0;0,  0;0,  0> +
        ( 0.0000012, 0.0000000)|   0, 2, 2;0,  0;0,  0> +
         ...
 | 4> = (-0.9999958, 0.0000000)|   4, 0, 0;0,  0;0,  0> +
        ( 0.0019048, 0.0000000)|   1, 0, 2;0,  0;0,  0> +
        (-0.0018201,-0.0000000)|   1, 2, 0;0,  0;0,  0> +
        (-0.0010020, 0.0000000)|   0, 1, 0;0,  0;0,  0> +
        ( 0.0000000, 0.0010016)|   0, 0, 1;0,  0;0,  0> +
        ( 0.0008697,-0.0000000)|   2, 0, 2;0,  0;0,  0> +
        ( 0.0008634, 0.0000000)|   2, 2, 0;0,  0;0,  0> +
        (-0.0001333, 0.0000000)|   0, 2, 2;0,  0;0,  0> +
        (-0.0000636,-0.0000000)|   4, 0, 0;0,  0;1,  0> +
        ( 0.0000636, 0.0000000)|   4, 0, 0;1,  0;0,  0> +
        ( 0.0000515, 0.0000000)|   1, 1, 0;0,  0;0,  0> +
        ( 0.0000000, 0.0000482)|   1, 0, 1;0,  0;0,  0> +
        ( 0.0000049, 0.0000000)|   3, 0, 0;0,  0;0,  0> +
        (-0.0000022, 0.0000000)|   0, 0, 2;0,  0;0,  0> +
        ( 0.0000020,-0.0000000)|   0, 2, 0;0,  0;0,  0> +
         ...
 | 5> = (-0.9996665, 0.0000845)|   5, 0, 0;0,  0;0,  0> +
        (-0.0000021, 0.0180072)|   1, 0, 1;0,  0;0,  0> +
        (-0.0177058,-0.0000021)|   1, 1, 0;0,  0;0,  0> +
        (-0.0000336,-0.0042579)|   2, 0, 1;0,  0;0,  0> +
        (-0.0038709,-0.0000308)|   2, 1, 0;0,  0;0,  0> +
        (-0.0009655, 0.0000003)|   2, 0, 2;0,  0;0,  0> +
        (-0.0000155, 0.0006927)|   0, 2, 1;0,  0;0,  0> +
        ( 0.0006866,-0.0000003)|   2, 2, 0;0,  0;0,  0> +
        (-0.0000013, 0.0005552)|   0, 1, 1;0,  0;0,  0> +
        (-0.0004114,-0.0000203)|   3, 2, 0;0,  0;0,  0> +
        ( 0.0003998,-0.0000000)|   0, 2, 2;0,  0;0,  0> +
        (-0.0003847, 0.0000083)|   3, 0, 2;0,  0;0,  0> +
        (-0.0003105,-0.0000100)|   0, 3, 0;0,  0;0,  0> +
        ( 0.0002171,-0.0000000)|   1, 2, 0;0,  0;0,  0> +
        (-0.0002167, 0.0000000)|   1, 0, 2;0,  0;0,  0> +
        (-0.0000257,-0.0001263)|   0, 0, 3;0,  0;0,  0> +
        (-0.0001223,-0.0000005)|   0, 3, 2;0,  0;0,  0> +
        ( 0.0000007,-0.0001123)|   0, 2, 3;0,  0;0,  0> +
        ( 0.0000000,-0.0001057)|   0, 1, 3;0,  0;0,  0> +
        ( 0.0000713,-0.0000428)|   0, 1, 2;0,  0;0,  0> +
        ( 0.0000817,-0.0000000)|   1, 2, 2;0,  0;0,  0> +
        ( 0.0000001, 0.0000743)|   0, 3, 1;0,  0;0,  0> +
        (-0.0000636, 0.0000000)|   5, 0, 0;0,  0;1,  0> +
        ( 0.0000636,-0.0000000)|   5, 0, 0;1,  0;0,  0> +
        ( 0.0000563,-0.0000000)|   2, 2, 2;0,  0;0,  0> +
        (-0.0000018, 0.0000000)|   4, 0, 0;0,  0;0,  0> +
        ( 0.0000000,-0.0000011)|   1, 0, 1;1,  0;0,  0> +
        (-0.0000000, 0.0000011)|   1, 0, 1;0,  0;1,  0> +
        (-0.0000011,-0.0000000)|   1, 1, 0;0,  0;1,  0> +
        ( 0.0000011, 0.0000000)|   1, 1, 0;1,  0;0,  0> +
         ...
 | 6> = (-0.0000000, 0.7084003)|   0, 0, 1;0,  0;0,  0> +
        (-0.7058051, 0.0000000)|   0, 1, 0;0,  0;0,  0> +
        (-0.0018470,-0.0000000)|   0, 0, 2;0,  0;0,  0> +
        ( 0.0018392,-0.0000000)|   0, 2, 0;0,  0;0,  0> +
        ( 0.0014168,-0.0000000)|   4, 0, 0;0,  0;0,  0> +
        (-0.0005849,-0.0000000)|   0, 2, 2;0,  0;0,  0> +
        ( 0.0004967,-0.0000000)|   3, 0, 0;0,  0;0,  0> +
        (-0.0000542, 0.0000000)|   2, 0, 2;0,  0;0,  0> +
        (-0.0000482,-0.0000000)|   2, 2, 0;0,  0;0,  0> +
        ( 0.0000000, 0.0000451)|   0, 0, 1;0,  0;1,  0> +
        (-0.0000000,-0.0000451)|   0, 0, 1;1,  0;0,  0> +
        ( 0.0000449, 0.0000000)|   0, 1, 0;1,  0;0,  0> +
        (-0.0000449, 0.0000000)|   0, 1, 0;0,  0;1,  0> +
        (-0.0000053,-0.0000000)|   1, 1, 0;0,  0;0,  0> +
        (-0.0000027,-0.0000000)|   1, 2, 0;0,  0;0,  0> +
        (-0.0000022,-0.0000000)|   1, 0, 2;0,  0;0,  0> +
        (-0.0000000,-0.0000013)|   1, 0, 1;0,  0;0,  0> +
         ...
 | 7> = ( 0.7084022,-0.0000000)|   0, 1, 0;0,  0;0,  0> +
        ( 0.0000000, 0.7058058)|   0, 0, 1;0,  0;0,  0> +
        ( 0.0010946, 0.0000000)|   3, 0, 0;0,  0;0,  0> +
        ( 0.0004378, 0.0000000)|   0, 2, 0;0,  0;0,  0> +
        ( 0.0003187, 0.0000000)|   0, 0, 2;0,  0;0,  0> +
        ( 0.0000456, 0.0000000)|   1, 0, 2;0,  0;0,  0> +
        (-0.0000451,-0.0000000)|   0, 1, 0;1,  0;0,  0> +
        ( 0.0000451, 0.0000000)|   0, 1, 0;0,  0;1,  0> +
        ( 0.0000000, 0.0000449)|   0, 0, 1;0,  0;1,  0> +
        (-0.0000000,-0.0000449)|   0, 0, 1;1,  0;0,  0> +
        ( 0.0000437,-0.0000000)|   1, 2, 0;0,  0;0,  0> +
        (-0.0000028,-0.0000000)|   4, 0, 0;0,  0;0,  0> +
        ( 0.0000012, 0.0000000)|   6, 0, 0;0,  0;0,  0> +
         ...
 | 8> = (-0.9998341,-0.0039699)|   6, 0, 0;0,  0;0,  0> +
        ( 0.0102112, 0.0005902)|   2, 1, 0;0,  0;0,  0> +
        ( 0.0005956,-0.0101815)|   2, 0, 1;0,  0;0,  0> +
        (-0.0000280, 0.0068772)|   3, 0, 1;0,  0;0,  0> +
        ( 0.0067054, 0.0000016)|   3, 1, 0;0,  0;0,  0> +
        (-0.0026150, 0.0001028)|   3, 2, 0;0,  0;0,  0> +
        ( 0.0017649,-0.0001027)|   3, 0, 2;0,  0;0,  0> +
        ( 0.0000417, 0.0012624)|   0, 2, 1;0,  0;0,  0> +
        ( 0.0010466,-0.0000001)|   2, 0, 2;0,  0;0,  0> +
        (-0.0010257, 0.0000001)|   2, 2, 0;0,  0;0,  0> +
        (-0.0009427,-0.0001747)|   0, 3, 0;0,  0;0,  0> +
        ( 0.0007821, 0.0000002)|   2, 2, 2;0,  0;0,  0> +
        (-0.0000228, 0.0007777)|   0, 2, 3;0,  0;0,  0> +
        (-0.0000207,-0.0005158)|   0, 3, 1;0,  0;0,  0> +
        ( 0.0003814,-0.0000431)|   4, 0, 2;0,  0;0,  0> +
        (-0.0003620, 0.0000000)|   1, 2, 2;0,  0;0,  0> +
        (-0.0002094,-0.0001903)|   0, 0, 3;0,  0;0,  0> +
        (-0.0002587,-0.0000230)|   0, 3, 2;0,  0;0,  0> +
        (-0.0002426, 0.0000008)|   3, 2, 2;0,  0;0,  0> +
        ( 0.0002380, 0.0000000)|   0, 2, 2;0,  0;0,  0> +
        ( 0.0000005,-0.0002336)|   0, 1, 1;0,  0;0,  0> +
        (-0.0000167, 0.0002127)|   0, 1, 3;0,  0;0,  0> +
        (-0.0000080,-0.0001893)|   1, 0, 3;0,  0;0,  0> +
        ( 0.0000001, 0.0001843)|   0, 3, 3;0,  0;0,  0> +
        ( 0.0001767,-0.0000182)|   0, 1, 2;0,  0;0,  0> +
        (-0.0000940,-0.0000000)|   1, 1, 2;0,  0;0,  0> +
        (-0.0000636,-0.0000003)|   6, 0, 0;0,  0;1,  0> +
        ( 0.0000636, 0.0000003)|   6, 0, 0;1,  0;0,  0> +
        ( 0.0000082,-0.0000623)|   1, 2, 1;0,  0;0,  0> +
        (-0.0000000, 0.0000490)|   1, 1, 1;0,  0;0,  0> +
        (-0.0000467,-0.0000108)|   1, 3, 0;0,  0;0,  0> +
        (-0.0000190,-0.0000207)|   4, 2, 0;0,  0;0,  0> +
        ( 0.0000000, 0.0000177)|   1, 3, 3;0,  0;0,  0> +
        (-0.0000000,-0.0000077)|   1, 0, 1;0,  0;0,  0> +
        ( 0.0000076,-0.0000000)|   1, 1, 0;0,  0;0,  0> +
        ( 0.0000027, 0.0000008)|   5, 0, 0;0,  0;0,  0> +
        (-0.0000002,-0.0000017)|   2, 0, 3;0,  0;0,  0> +
        ( 0.0000013, 0.0000000)|   1, 2, 0;0,  0;0,  0> +
        (-0.0000000, 0.0000012)|   0, 0, 1;0,  0;0,  0> +
        (-0.0000012,-0.0000000)|   1, 0, 2;0,  0;0,  0> +
         ...
 | 9> = ( 0.7356036, 0.0000032)|   1, 1, 0;0,  0;0,  0> +
        ( 0.0000032, 0.6774033)|   1, 0, 1;0,  0;0,  0> +
        ( 0.0018394, 0.0000000)|   1, 2, 0;0,  0;0,  0> +
        (-0.0018001,-0.0000000)|   1, 0, 2;0,  0;0,  0> +
        ( 0.0015636, 0.0000002)|   2, 2, 0;0,  0;0,  0> +
        ( 0.0013458,-0.0000002)|   2, 0, 2;0,  0;0,  0> +
        (-0.0008258, 0.0000001)|   5, 0, 0;0,  0;0,  0> +
        ( 0.0000665,-0.0000000)|   4, 0, 0;0,  0;0,  0> +
        (-0.0000524, 0.0000003)|   0, 3, 0;0,  0;0,  0> +
        ( 0.0000002,-0.0000519)|   0, 0, 3;0,  0;0,  0> +
        (-0.0000468,-0.0000000)|   1, 1, 0;1,  0;0,  0> +
        ( 0.0000468, 0.0000000)|   1, 1, 0;0,  0;1,  0> +
        (-0.0000000,-0.0000431)|   1, 0, 1;1,  0;0,  0> +
        ( 0.0000000, 0.0000431)|   1, 0, 1;0,  0;1,  0> +
        (-0.0000310, 0.0000001)|   2, 1, 0;0,  0;0,  0> +
        (-0.0000287,-0.0000004)|   0, 1, 2;0,  0;0,  0> +
        (-0.0000000,-0.0000270)|   0, 2, 1;0,  0;0,  0> +
        ( 0.0000207, 0.0000000)|   0, 2, 2;0,  0;0,  0> +
        (-0.0000011,-0.0000174)|   2, 0, 1;0,  0;0,  0> +
        (-0.0000000,-0.0000056)|   0, 1, 1;0,  0;0,  0> +
        ( 0.0000046, 0.0000001)|   1, 2, 2;0,  0;0,  0> +
        (-0.0000035, 0.0000000)|   0, 1, 0;0,  0;0,  0> +
        ( 0.0000000, 0.0000033)|   0, 0, 1;0,  0;0,  0> +
        (-0.0000029,-0.0000000)|   3, 0, 2;0,  0;0,  0> +
        (-0.0000027,-0.0000000)|   3, 2, 0;0,  0;0,  0> +
        (-0.0000012,-0.0000000)|   2, 2, 2;0,  0;0,  0> +
         ...
 |10> = ( 0.0000785,-0.7353788)|   1, 0, 1;0,  0;0,  0> +
        ( 0.6771629, 0.0000784)|   1, 1, 0;0,  0;0,  0> +
        (-0.0252326, 0.0000022)|   5, 0, 0;0,  0;0,  0> +
        ( 0.0049115, 0.0000040)|   2, 2, 0;0,  0;0,  0> +
        (-0.0014065, 0.0000091)|   0, 3, 0;0,  0;0,  0> +
        ( 0.0000019,-0.0013760)|   0, 0, 3;0,  0;0,  0> +
        (-0.0012230,-0.0000040)|   2, 0, 2;0,  0;0,  0> +
        (-0.0000022,-0.0007874)|   0, 2, 1;0,  0;0,  0> +
        ( 0.0007647,-0.0000000)|   1, 0, 2;0,  0;0,  0> +
        (-0.0007456, 0.0000000)|   1, 2, 0;0,  0;0,  0> +
        (-0.0007453,-0.0000081)|   0, 1, 2;0,  0;0,  0> +
        (-0.0006006, 0.0000015)|   2, 1, 0;0,  0;0,  0> +
        ( 0.0004972,-0.0000001)|   1, 2, 2;0,  0;0,  0> +
        (-0.0003518, 0.0000000)|   0, 2, 2;0,  0;0,  0> +
        (-0.0000006,-0.0002118)|   0, 1, 1;0,  0;0,  0> +
        (-0.0000312,-0.0001491)|   2, 0, 1;0,  0;0,  0> +
        (-0.0000752,-0.0000011)|   3, 0, 2;0,  0;0,  0> +
        (-0.0000725,-0.0000012)|   3, 2, 0;0,  0;0,  0> +
        ( 0.0000000,-0.0000468)|   1, 0, 1;0,  0;1,  0> +
        (-0.0000000, 0.0000468)|   1, 0, 1;1,  0;0,  0> +
        ( 0.0000431, 0.0000000)|   1, 1, 0;0,  0;1,  0> +
        (-0.0000431,-0.0000000)|   1, 1, 0;1,  0;0,  0> +
        (-0.0000345,-0.0000011)|   2, 2, 2;0,  0;0,  0> +
        ( 0.0000052,-0.0000000)|   4, 0, 0;0,  0;0,  0> +
        (-0.0000033,-0.0000000)|   0, 3, 2;0,  0;0,  0> +
        ( 0.0000000,-0.0000030)|   0, 2, 3;0,  0;0,  0> +
        ( 0.0000000,-0.0000029)|   0, 1, 3;0,  0;0,  0> +
        ( 0.0000000, 0.0000020)|   0, 3, 1;0,  0;0,  0> +
        ( 0.0000000, 0.0000018)|   0, 0, 1;0,  0;0,  0> +
        (-0.0000016, 0.0000000)|   5, 0, 0;0,  0;1,  0> +
        ( 0.0000016,-0.0000000)|   5, 0, 0;1,  0;0,  0> +
        (-0.0000015, 0.0000000)|   0, 1, 0;0,  0;0,  0> +
         ...
 |11> = (-0.9997144, 0.0016242)|   7, 0, 0;0,  0;0,  0> +
        (-0.0096758, 0.0126598)|   3, 0, 1;0,  0;0,  0> +
        (-0.0126537,-0.0096551)|   3, 1, 0;0,  0;0,  0> +
        (-0.0044591, 0.0002309)|   4, 2, 0;0,  0;0,  0> +
        (-0.0000013, 0.0035534)|   1, 1, 1;0,  0;0,  0> +
        (-0.0021713,-0.0000741)|   1, 3, 0;0,  0;0,  0> +
        (-0.0012038, 0.0013826)|   0, 0, 3;0,  0;0,  0> +
        ( 0.0017935,-0.0000809)|   3, 2, 0;0,  0;0,  0> +
        (-0.0013834,-0.0006589)|   0, 1, 2;0,  0;0,  0> +
        (-0.0014868, 0.0000190)|   2, 3, 0;0,  0;0,  0> +
        (-0.0014268, 0.0000782)|   3, 0, 2;0,  0;0,  0> +
        ( 0.0000008, 0.0013600)|   4, 0, 1;0,  0;0,  0> +
        (-0.0000093,-0.0013529)|   2, 0, 3;0,  0;0,  0> +
        (-0.0000642,-0.0012601)|   0, 2, 1;0,  0;0,  0> +
        ( 0.0011709, 0.0000599)|   4, 1, 0;0,  0;0,  0> +
        (-0.0000534,-0.0008833)|   1, 2, 1;0,  0;0,  0> +
        (-0.0000801,-0.0008587)|   0, 3, 0;0,  0;0,  0> +
        (-0.0008005, 0.0000055)|   2, 1, 2;0,  0;0,  0> +
        ( 0.0000006,-0.0007788)|   0, 3, 1;0,  0;0,  0> +
        ( 0.0000213,-0.0007699)|   2, 2, 1;0,  0;0,  0> +
        (-0.0007528,-0.0000004)|   2, 2, 2;0,  0;0,  0> +
        (-0.0000836, 0.0006531)|   1, 1, 3;0,  0;0,  0> +
        (-0.0006038,-0.0000050)|   1, 3, 2;0,  0;0,  0> +
        (-0.0006014, 0.0000250)|   1, 1, 2;0,  0;0,  0> +
        ( 0.0005203,-0.0000007)|   4, 2, 2;0,  0;0,  0> +
        (-0.0004883,-0.0000120)|   0, 3, 2;0,  0;0,  0> +
        (-0.0000050, 0.0004639)|   1, 2, 3;0,  0;0,  0> +
        (-0.0004638,-0.0000000)|   1, 2, 2;0,  0;0,  0> +
        ( 0.0000005, 0.0004491)|   1, 3, 3;0,  0;0,  0> +
        ( 0.0003748,-0.0002360)|   4, 0, 2;0,  0;0,  0> +
        (-0.0000120, 0.0004251)|   0, 2, 3;0,  0;0,  0> +
        ( 0.0000207, 0.0003262)|   2, 1, 1;0,  0;0,  0> +
        (-0.0000000, 0.0003027)|   2, 3, 3;0,  0;0,  0> +
        (-0.0000018,-0.0002476)|   2, 2, 3;0,  0;0,  0> +
        (-0.0000291, 0.0002218)|   1, 0, 3;0,  0;0,  0> +
        ( 0.0000048, 0.0001660)|   1, 3, 1;0,  0;0,  0> +
        ( 0.0001421,-0.0000000)|   3, 2, 2;0,  0;0,  0> +
        ( 0.0000001, 0.0001317)|   3, 3, 3;0,  0;0,  0> +
        ( 0.0000006, 0.0000951)|   0, 1, 3;0,  0;0,  0> +
        ( 0.0000000, 0.0000741)|   0, 3, 3;0,  0;0,  0> +
        (-0.0000723,-0.0000052)|   2, 3, 2;0,  0;0,  0> +
        (-0.0000067,-0.0000657)|   2, 1, 3;0,  0;0,  0> +
        (-0.0000636, 0.0000001)|   7, 0, 0;0,  0;1,  0> +
        ( 0.0000636,-0.0000001)|   7, 0, 0;1,  0;0,  0> +
        ( 0.0000003, 0.0000195)|   2, 3, 1;0,  0;0,  0> +
        (-0.0000060, 0.0000014)|   6, 0, 0;0,  0;0,  0> +
        ( 0.0000000, 0.0000014)|   2, 0, 1;0,  0;0,  0> +
        ( 0.0000006,-0.0000008)|   3, 0, 1;1,  0;0,  0> +
        (-0.0000006, 0.0000008)|   3, 0, 1;0,  0;1,  0> +
        ( 0.0000008, 0.0000006)|   3, 1, 0;1,  0;0,  0> +
        (-0.0000008,-0.0000006)|   3, 1, 0;0,  0;1,  0> +
         ...
 |12> = (-0.0412074, 0.7310038)|   2, 0, 1;0,  0;0,  0> +
        (-0.6797266,-0.0408476)|   2, 1, 0;0,  0;0,  0> +
        (-0.0144359,-0.0000574)|   6, 0, 0;0,  0;0,  0> +
        (-0.0030782, 0.0000009)|   2, 0, 2;0,  0;0,  0> +
        ( 0.0029370,-0.0000009)|   2, 2, 0;0,  0;0,  0> +
        ( 0.0000780, 0.0025780)|   0, 2, 1;0,  0;0,  0> +
        (-0.0017356, 0.0000398)|   3, 0, 2;0,  0;0,  0> +
        (-0.0010192,-0.0002052)|   0, 3, 0;0,  0;0,  0> +
        ( 0.0006334,-0.0000874)|   0, 1, 2;0,  0;0,  0> +
        ( 0.0000055, 0.0006216)|   0, 3, 3;0,  0;0,  0> +
        (-0.0004626,-0.0000628)|   5, 0, 0;0,  0;0,  0> +
        ( 0.0004126,-0.0000003)|   1, 2, 2;0,  0;0,  0> +
        (-0.0003504,-0.0000751)|   3, 2, 0;0,  0;0,  0> +
        ( 0.0003363, 0.0000133)|   2, 2, 2;0,  0;0,  0> +
        (-0.0003022, 0.0000327)|   0, 0, 3;0,  0;0,  0> +
        (-0.0000037, 0.0002506)|   0, 3, 1;0,  0;0,  0> +
        ( 0.0002445, 0.0000050)|   0, 3, 2;0,  0;0,  0> +
        ( 0.0000013, 0.0002362)|   1, 0, 1;0,  0;0,  0> +
        (-0.0002294, 0.0000013)|   1, 1, 0;0,  0;0,  0> +
        ( 0.0000043, 0.0002270)|   0, 1, 3;0,  0;0,  0> +
        (-0.0002028, 0.0000031)|   4, 0, 2;0,  0;0,  0> +
        (-0.0001791, 0.0000037)|   4, 2, 0;0,  0;0,  0> +
        (-0.0000073, 0.0001485)|   0, 2, 3;0,  0;0,  0> +
        ( 0.0000000, 0.0001216)|   3, 0, 1;0,  0;0,  0> +
        ( 0.0001199, 0.0000008)|   3, 1, 0;0,  0;0,  0> +
        (-0.0000398, 0.0000736)|   0, 1, 1;0,  0;0,  0> +
        (-0.0000010,-0.0000683)|   1, 0, 3;0,  0;0,  0> +
        ( 0.0000644, 0.0000000)|   0, 2, 2;0,  0;0,  0> +
        (-0.0000541, 0.0000010)|   1, 3, 0;0,  0;0,  0> +
        ( 0.0000026,-0.0000465)|   2, 0, 1;1,  0;0,  0> +
        (-0.0000026, 0.0000465)|   2, 0, 1;0,  0;1,  0> +
        (-0.0000432,-0.0000026)|   2, 1, 0;0,  0;1,  0> +
        ( 0.0000432, 0.0000026)|   2, 1, 0;1,  0;0,  0> +
        (-0.0000005,-0.0000389)|   1, 2, 1;0,  0;0,  0> +
        (-0.0000387, 0.0000008)|   1, 1, 2;0,  0;0,  0> +
        (-0.0000109, 0.0000002)|   3, 2, 2;0,  0;0,  0> +
        ( 0.0000048,-0.0000000)|   1, 0, 2;0,  0;0,  0> +
        (-0.0000046, 0.0000000)|   1, 2, 0;0,  0;0,  0> +
         ...
 |13> = ( 0.7322202, 0.0010998)|   2, 1, 0;0,  0;0,  0> +
        ( 0.0015035, 0.6809975)|   2, 0, 1;0,  0;0,  0> +
        ( 0.0000416, 0.0071419)|   0, 1, 1;0,  0;0,  0> +
        (-0.0057398, 0.0000017)|   5, 0, 0;0,  0;0,  0> +
        ( 0.0016642,-0.0000017)|   2, 2, 0;0,  0;0,  0> +
        (-0.0013612, 0.0000017)|   2, 0, 2;0,  0;0,  0> +
        ( 0.0013207, 0.0000031)|   0, 3, 0;0,  0;0,  0> +
        ( 0.0000041, 0.0012809)|   0, 0, 3;0,  0;0,  0> +
        (-0.0009123,-0.0000000)|   0, 2, 2;0,  0;0,  0> +
        ( 0.0000008, 0.0009060)|   0, 2, 1;0,  0;0,  0> +
        ( 0.0008091, 0.0000045)|   0, 1, 2;0,  0;0,  0> +
        ( 0.0005396, 0.0000021)|   6, 0, 0;0,  0;0,  0> +
        ( 0.0003891, 0.0000095)|   3, 0, 2;0,  0;0,  0> +
        ( 0.0003557, 0.0000102)|   3, 2, 0;0,  0;0,  0> +
        ( 0.0003448, 0.0000119)|   2, 2, 2;0,  0;0,  0> +
        ( 0.0002872, 0.0000161)|   1, 1, 0;0,  0;0,  0> +
        ( 0.0000163,-0.0002696)|   1, 0, 1;0,  0;0,  0> +
        ( 0.0000988,-0.0000000)|   1, 2, 0;0,  0;0,  0> +
        (-0.0000981,-0.0000000)|   1, 0, 2;0,  0;0,  0> +
        ( 0.0000566,-0.0000002)|   1, 2, 2;0,  0;0,  0> +
        ( 0.0000466, 0.0000001)|   2, 1, 0;0,  0;1,  0> +
        (-0.0000466,-0.0000001)|   2, 1, 0;1,  0;0,  0> +
        (-0.0000001,-0.0000433)|   2, 0, 1;1,  0;0,  0> +
        ( 0.0000001, 0.0000433)|   2, 0, 1;0,  0;1,  0> +
        (-0.0000002,-0.0000181)|   0, 3, 3;0,  0;0,  0> +
        ( 0.0000001,-0.0000088)|   0, 3, 1;0,  0;0,  0> +
        (-0.0000055,-0.0000007)|   3, 1, 0;0,  0;0,  0> +
        (-0.0000055,-0.0000001)|   0, 3, 2;0,  0;0,  0> +
        ( 0.0000050,-0.0000001)|   4, 0, 2;0,  0;0,  0> +
        (-0.0000001,-0.0000045)|   0, 1, 3;0,  0;0,  0> +
        ( 0.0000044,-0.0000001)|   4, 2, 0;0,  0;0,  0> +
        (-0.0000007,-0.0000037)|   3, 0, 1;0,  0;0,  0> +
        ( 0.0000002,-0.0000029)|   0, 2, 3;0,  0;0,  0> +
        ( 0.0000000, 0.0000020)|   1, 0, 3;0,  0;0,  0> +
        ( 0.0000018,-0.0000000)|   1, 3, 0;0,  0;0,  0> +
        ( 0.0000014,-0.0000000)|   0, 1, 0;0,  0;0,  0> +
        ( 0.0000012,-0.0000000)|   1, 1, 2;0,  0;0,  0> +
        ( 0.0000000, 0.0000011)|   1, 2, 1;0,  0;0,  0> +
         ...
 |14> = (-0.7082300,-0.0004220)|   3, 1, 0;0,  0;0,  0> +
        (-0.0002017,-0.7058861)|   3, 0, 1;0,  0;0,  0> +
        (-0.0096167,-0.0000189)|   6, 0, 0;0,  0;0,  0> +
        ( 0.0035826, 0.0016681)|   0, 3, 0;0,  0;0,  0> +
        ( 0.0026912,-0.0000220)|   3, 2, 0;0,  0;0,  0> +
        (-0.0022164,-0.0000268)|   4, 0, 2;0,  0;0,  0> +
        ( 0.0018128,-0.0001155)|   0, 0, 3;0,  0;0,  0> +
        ( 0.0017869, 0.0000254)|   3, 0, 2;0,  0;0,  0> +
        ( 0.0000077, 0.0015194)|   0, 3, 1;0,  0;0,  0> +
        ( 0.0000056,-0.0013503)|   0, 2, 3;0,  0;0,  0> +
        ( 0.0000042, 0.0013423)|   1, 0, 3;0,  0;0,  0> +
        (-0.0013172,-0.0000259)|   4, 2, 0;0,  0;0,  0> +
        (-0.0011767,-0.0000099)|   3, 2, 2;0,  0;0,  0> +
        ( 0.0010792,-0.0000083)|   1, 3, 0;0,  0;0,  0> +
        ( 0.0000065,-0.0008493)|   0, 1, 3;0,  0;0,  0> +
        ( 0.0000142, 0.0005046)|   1, 2, 1;0,  0;0,  0> +
        ( 0.0004883, 0.0000001)|   2, 2, 2;0,  0;0,  0> +
        (-0.0004372, 0.0000285)|   0, 2, 1;0,  0;0,  0> +
        ( 0.0004300,-0.0000057)|   1, 1, 2;0,  0;0,  0> +
        (-0.0004016, 0.0000059)|   0, 3, 2;0,  0;0,  0> +
        (-0.0000003,-0.0003402)|   0, 3, 3;0,  0;0,  0> +
        (-0.0001987,-0.0001914)|   0, 1, 2;0,  0;0,  0> +
        (-0.0002084,-0.0000004)|   2, 0, 2;0,  0;0,  0> +
        ( 0.0002079, 0.0000004)|   2, 2, 0;0,  0;0,  0> +
        ( 0.0001798,-0.0000001)|   1, 2, 2;0,  0;0,  0> +
        (-0.0000002,-0.0000891)|   1, 1, 1;0,  0;0,  0> +
        (-0.0000006,-0.0000804)|   1, 3, 3;0,  0;0,  0> +
        ( 0.0000451, 0.0000000)|   3, 1, 0;1,  0;0,  0> +
        (-0.0000451,-0.0000000)|   3, 1, 0;0,  0;1,  0> +
        (-0.0000000,-0.0000449)|   3, 0, 1;0,  0;1,  0> +
        ( 0.0000000, 0.0000449)|   3, 0, 1;1,  0;0,  0> +
        (-0.0000323,-0.0000014)|   2, 1, 0;0,  0;0,  0> +
        ( 0.0000296,-0.0000001)|   7, 0, 0;0,  0;0,  0> +
        (-0.0000013, 0.0000221)|   2, 0, 1;0,  0;0,  0> +
        (-0.0000001, 0.0000067)|   2, 0, 3;0,  0;0,  0> +
        ( 0.0000061, 0.0000000)|   0, 2, 2;0,  0;0,  0> +
        ( 0.0000004, 0.0000035)|   0, 1, 1;0,  0;0,  0> +
        ( 0.0000035,-0.0000000)|   4, 1, 0;0,  0;0,  0> +
        ( 0.0000029, 0.0000001)|   2, 1, 2;0,  0;0,  0> +
        ( 0.0000027, 0.0000001)|   1, 1, 0;0,  0;0,  0> +
        (-0.0000001,-0.0000025)|   1, 2, 3;0,  0;0,  0> +
        (-0.0000022, 0.0000001)|   5, 0, 0;0,  0;0,  0> +
        (-0.0000003, 0.0000021)|   1, 1, 3;0,  0;0,  0> +
        ( 0.0000000, 0.0000021)|   4, 0, 1;0,  0;0,  0> +
        ( 0.0000001,-0.0000020)|   1, 0, 1;0,  0;0,  0> +
        ( 0.0000018, 0.0000001)|   2, 3, 0;0,  0;0,  0> +
        ( 0.0000018,-0.0000001)|   4, 2, 2;0,  0;0,  0> +
        (-0.0000014, 0.0000001)|   1, 3, 2;0,  0;0,  0> +
         ...
 |15> = (-0.9988746,-0.0006079)|   8, 0, 0;0,  0;0,  0> +
        (-0.0022502, 0.0335852)|   4, 0, 1;0,  0;0,  0> +
        (-0.0329634,-0.0022240)|   4, 1, 0;0,  0;0,  0> +
        ( 0.0025112,-0.0003334)|   2, 1, 2;0,  0;0,  0> +
        ( 0.0001122, 0.0018773)|   2, 1, 1;0,  0;0,  0> +
        ( 0.0000376,-0.0015597)|   1, 0, 3;0,  0;0,  0> +
        ( 0.0000004,-0.0015233)|   0, 3, 1;0,  0;0,  0> +
        ( 0.0012505,-0.0000975)|   2, 3, 0;0,  0;0,  0> +
        ( 0.0010789, 0.0000915)|   1, 3, 0;0,  0;0,  0> +
        ( 0.0000004, 0.0010625)|   0, 1, 3;0,  0;0,  0> +
        ( 0.0001374, 0.0009772)|   2, 2, 1;0,  0;0,  0> +
        ( 0.0000988,-0.0009722)|   0, 2, 1;0,  0;0,  0> +
        ( 0.0009438,-0.0000718)|   4, 2, 0;0,  0;0,  0> +
        ( 0.0000000,-0.0008813)|   0, 3, 3;0,  0;0,  0> +
        (-0.0000017,-0.0006840)|   2, 2, 3;0,  0;0,  0> +
        ( 0.0000702,-0.0005951)|   1, 1, 3;0,  0;0,  0> +
        ( 0.0000097,-0.0005854)|   1, 2, 3;0,  0;0,  0> +
        (-0.0003695,-0.0004105)|   2, 0, 3;0,  0;0,  0> +
        (-0.0005357, 0.0000728)|   4, 0, 2;0,  0;0,  0> +
        ( 0.0000016,-0.0004533)|   3, 3, 3;0,  0;0,  0> +
        ( 0.0000016,-0.0004523)|   0, 2, 3;0,  0;0,  0> +
        ( 0.0004269, 0.0000102)|   1, 3, 2;0,  0;0,  0> +
        (-0.0003306, 0.0000015)|   0, 3, 2;0,  0;0,  0> +
        ( 0.0003254,-0.0000344)|   1, 1, 2;0,  0;0,  0> +
        ( 0.0003131,-0.0000017)|   2, 3, 2;0,  0;0,  0> +
        (-0.0000286,-0.0003062)|   2, 1, 3;0,  0;0,  0> +
        ( 0.0002112, 0.0002160)|   0, 1, 2;0,  0;0,  0> +
        (-0.0000881, 0.0002623)|   0, 0, 3;0,  0;0,  0> +
        ( 0.0002541,-0.0000000)|   4, 2, 2;0,  0;0,  0> +
        ( 0.0000020, 0.0002433)|   4, 3, 3;0,  0;0,  0> +
        (-0.0002431,-0.0000001)|   3, 2, 2;0,  0;0,  0> +
        ( 0.0001725,-0.0001555)|   0, 3, 0;0,  0;0,  0> +
        (-0.0002304,-0.0000001)|   2, 2, 2;0,  0;0,  0> +
        (-0.0002023, 0.0000003)|   3, 3, 0;0,  0;0,  0> +
        (-0.0000005,-0.0001894)|   3, 0, 3;0,  0;0,  0> +
        ( 0.0000586, 0.0001591)|   1, 2, 1;0,  0;0,  0> +
        ( 0.0001655, 0.0000000)|   1, 2, 2;0,  0;0,  0> +
        ( 0.0000005,-0.0001317)|   2, 3, 3;0,  0;0,  0> +
        (-0.0000016, 0.0001259)|   3, 2, 3;0,  0;0,  0> +
        ( 0.0001239, 0.0000018)|   3, 3, 2;0,  0;0,  0> +
        ( 0.0000000, 0.0001224)|   1, 3, 3;0,  0;0,  0> +
        (-0.0001104, 0.0000003)|   3, 1, 2;0,  0;0,  0> +
        (-0.0000003,-0.0001081)|   3, 2, 1;0,  0;0,  0> +
        ( 0.0000155,-0.0001058)|   2, 3, 1;0,  0;0,  0> +
        ( 0.0000114, 0.0000895)|   1, 3, 1;0,  0;0,  0> +
        ( 0.0000001, 0.0000827)|   1, 1, 1;0,  0;0,  0> +
        ( 0.0000635, 0.0000000)|   8, 0, 0;1,  0;0,  0> +
        (-0.0000635,-0.0000000)|   8, 0, 0;0,  0;1,  0> +
        (-0.0000568, 0.0000001)|   5, 2, 2;0,  0;0,  0> +
        ( 0.0000249,-0.0000368)|   3, 0, 1;0,  0;0,  0> +
        (-0.0000425, 0.0000013)|   3, 2, 0;0,  0;0,  0> +
        ( 0.0000327, 0.0000249)|   3, 1, 0;0,  0;0,  0> +
        (-0.0000390, 0.0000010)|   5, 0, 2;0,  0;0,  0> +
        ( 0.0000373,-0.0000018)|   3, 0, 2;0,  0;0,  0> +
        (-0.0000249,-0.0000011)|   5, 2, 0;0,  0;0,  0> +
        ( 0.0000027,-0.0000203)|   3, 1, 1;0,  0;0,  0> +
        (-0.0000000,-0.0000044)|   3, 1, 3;0,  0;0,  0> +
        (-0.0000038, 0.0000016)|   5, 3, 3;0,  0;0,  0> +
        (-0.0000033, 0.0000025)|   7, 0, 0;0,  0;0,  0> +
        ( 0.0000001,-0.0000021)|   4, 0, 1;1,  0;0,  0> +
        (-0.0000001, 0.0000021)|   4, 0, 1;0,  0;1,  0> +
        ( 0.0000021, 0.0000001)|   4, 1, 0;1,  0;0,  0> +
        (-0.0000021,-0.0000001)|   4, 1, 0;0,  0;1,  0> +
        (-0.0000000, 0.0000019)|   5, 0, 1;0,  0;0,  0> +
        (-0.0000001, 0.0000019)|   2, 0, 1;0,  0;0,  0> +
        (-0.0000016,-0.0000001)|   2, 1, 0;0,  0;0,  0> +
        (-0.0000015,-0.0000000)|   5, 0, 0;0,  0;0,  0> +
        ( 0.0000000,-0.0000011)|   3, 3, 1;0,  0;0,  0> +
         ...
 |16> = (-0.4292753, 0.5631146)|   3, 0, 1;0,  0;0,  0> +
        (-0.5608736,-0.4283507)|   3, 1, 0;0,  0;0,  0> +
        ( 0.0225450,-0.0000453)|   7, 0, 0;0,  0;0,  0> +
        (-0.0001967, 0.0053793)|   1, 1, 1;0,  0;0,  0> +
        (-0.0000116, 0.0024151)|   4, 0, 1;0,  0;0,  0> +
        (-0.0022941, 0.0000644)|   4, 0, 2;0,  0;0,  0> +
        ( 0.0020896,-0.0000714)|   4, 1, 0;0,  0;0,  0> +
        ( 0.0000014,-0.0017974)|   0, 3, 1;0,  0;0,  0> +
        ( 0.0011934,-0.0001215)|   4, 2, 0;0,  0;0,  0> +
        ( 0.0000014,-0.0009541)|   0, 1, 3;0,  0;0,  0> +
        (-0.0006954,-0.0005431)|   0, 1, 2;0,  0;0,  0> +
        (-0.0008198,-0.0000004)|   2, 2, 2;0,  0;0,  0> +
        (-0.0000575,-0.0005673)|   2, 0, 3;0,  0;0,  0> +
        (-0.0000981, 0.0005588)|   1, 1, 3;0,  0;0,  0> +
        (-0.0000573,-0.0005383)|   1, 0, 3;0,  0;0,  0> +
        (-0.0003566, 0.0003409)|   0, 0, 3;0,  0;0,  0> +
        (-0.0004530, 0.0000720)|   2, 3, 0;0,  0;0,  0> +
        (-0.0003601,-0.0000047)|   2, 1, 2;0,  0;0,  0> +
        ( 0.0003528,-0.0000585)|   1, 3, 0;0,  0;0,  0> +
        ( 0.0003541,-0.0000237)|   4, 2, 2;0,  0;0,  0> +
        ( 0.0000192,-0.0003330)|   1, 3, 3;0,  0;0,  0> +
        (-0.0003243,-0.0000077)|   0, 3, 2;0,  0;0,  0> +
        (-0.0000088,-0.0002893)|   2, 2, 1;0,  0;0,  0> +
        ( 0.0002868,-0.0000072)|   3, 0, 2;0,  0;0,  0> +
        (-0.0002247, 0.0000065)|   3, 2, 0;0,  0;0,  0> +
        ( 0.0002183,-0.0000000)|   1, 2, 2;0,  0;0,  0> +
        (-0.0002074,-0.0000057)|   3, 2, 2;0,  0;0,  0> +
        ( 0.0000091, 0.0001954)|   1, 2, 1;0,  0;0,  0> +
        ( 0.0000000,-0.0001746)|   0, 3, 3;0,  0;0,  0> +
        (-0.0001491, 0.0000669)|   0, 2, 1;0,  0;0,  0> +
        ( 0.0000362,-0.0001567)|   2, 3, 3;0,  0;0,  0> +
        ( 0.0000937,-0.0001288)|   0, 3, 0;0,  0;0,  0> +
        ( 0.0001232, 0.0000657)|   6, 0, 0;0,  0;0,  0> +
        (-0.0000109,-0.0000836)|   1, 2, 3;0,  0;0,  0> +
        ( 0.0000008, 0.0000791)|   2, 2, 3;0,  0;0,  0> +
        ( 0.0000462,-0.0000008)|   2, 3, 2;0,  0;0,  0> +
        (-0.0000273, 0.0000358)|   3, 0, 1;0,  0;1,  0> +
        ( 0.0000273,-0.0000358)|   3, 0, 1;1,  0;0,  0> +
        (-0.0000357,-0.0000272)|   3, 1, 0;0,  0;1,  0> +
        ( 0.0000357, 0.0000272)|   3, 1, 0;1,  0;0,  0> +
        (-0.0000438,-0.0000000)|   8, 0, 0;0,  0;0,  0> +
        (-0.0000038, 0.0000422)|   1, 3, 1;0,  0;0,  0> +
        (-0.0000347, 0.0000189)|   1, 3, 2;0,  0;0,  0> +
        (-0.0000014,-0.0000205)|   2, 1, 1;0,  0;0,  0> +
        (-0.0000079, 0.0000183)|   1, 1, 2;0,  0;0,  0> +
        (-0.0000000,-0.0000163)|   3, 3, 3;0,  0;0,  0> +
        (-0.0000077,-0.0000002)|   0, 2, 3;0,  0;0,  0> +
        ( 0.0000008, 0.0000073)|   2, 1, 3;0,  0;0,  0> +
        (-0.0000026, 0.0000002)|   2, 1, 0;0,  0;0,  0> +
        (-0.0000000,-0.0000022)|   2, 3, 1;0,  0;0,  0> +
        (-0.0000014, 0.0000000)|   7, 0, 0;1,  0;0,  0> +
        ( 0.0000014,-0.0000000)|   7, 0, 0;0,  0;1,  0> +
         ...
 |17> = (-0.9997945, 0.0100776)|   9, 0, 0;0,  0;0,  0> +
        ( 0.0003879,-0.0114584)|   5, 0, 1;0,  0;0,  0> +
        ( 0.0079806, 0.0004961)|   5, 1, 0;0,  0;0,  0> +
        ( 0.0010465,-0.0075050)|   3, 1, 1;0,  0;0,  0> +
        ( 0.0034630, 0.0002920)|   1, 3, 0;0,  0;0,  0> +
        ( 0.0001970,-0.0030628)|   1, 2, 1;0,  0;0,  0> +
        ( 0.0002141, 0.0025857)|   3, 0, 3;0,  0;0,  0> +
        ( 0.0020172,-0.0005943)|   2, 1, 2;0,  0;0,  0> +
        ( 0.0015817, 0.0000015)|   5, 2, 2;0,  0;0,  0> +
        ( 0.0014493,-0.0001388)|   4, 0, 2;0,  0;0,  0> +
        (-0.0012958, 0.0006615)|   2, 3, 0;0,  0;0,  0> +
        ( 0.0014298,-0.0000018)|   4, 2, 2;0,  0;0,  0> +
        (-0.0013694, 0.0001406)|   4, 2, 0;0,  0;0,  0> +
        ( 0.0000629,-0.0013653)|   2, 0, 3;0,  0;0,  0> +
        ( 0.0011783, 0.0006164)|   0, 1, 2;0,  0;0,  0> +
        ( 0.0000152, 0.0011863)|   3, 1, 3;0,  0;0,  0> +
        ( 0.0011341,-0.0000061)|   6, 2, 2;0,  0;0,  0> +
        (-0.0001230, 0.0010766)|   1, 1, 3;0,  0;0,  0> +
        (-0.0009307,-0.0000033)|   1, 3, 2;0,  0;0,  0> +
        ( 0.0000988, 0.0009044)|   2, 1, 3;0,  0;0,  0> +
        ( 0.0004515, 0.0007306)|   2, 2, 1;0,  0;0,  0> +
        ( 0.0008454,-0.0000925)|   1, 1, 2;0,  0;0,  0> +
        ( 0.0008307,-0.0000666)|   3, 1, 2;0,  0;0,  0> +
        (-0.0000016,-0.0006888)|   2, 2, 3;0,  0;0,  0> +
        ( 0.0001280, 0.0006693)|   1, 0, 3;0,  0;0,  0> +
        ( 0.0006803, 0.0000110)|   0, 3, 2;0,  0;0,  0> +
        ( 0.0000097,-0.0006639)|   2, 3, 1;0,  0;0,  0> +
        (-0.0000429,-0.0005840)|   1, 3, 1;0,  0;0,  0> +
        (-0.0000037,-0.0005801)|   1, 2, 3;0,  0;0,  0> +
        (-0.0000084,-0.0005389)|   4, 0, 3;0,  0;0,  0> +
        ( 0.0000037, 0.0004263)|   3, 2, 1;0,  0;0,  0> +
        ( 0.0000001,-0.0004217)|   0, 1, 3;0,  0;0,  0> +
        ( 0.0000005, 0.0004199)|   3, 2, 3;0,  0;0,  0> +
        ( 0.0002679,-0.0003101)|   0, 0, 3;0,  0;0,  0> +
        ( 0.0000000, 0.0003947)|   1, 3, 3;0,  0;0,  0> +
        ( 0.0003663,-0.0000231)|   6, 3, 3;0,  0;0,  0> +
        ( 0.0002139,-0.0002953)|   0, 2, 1;0,  0;0,  0> +
        ( 0.0002679, 0.0002409)|   3, 3, 0;0,  0;0,  0> +
        (-0.0003179, 0.0000059)|   4, 3, 0;0,  0;0,  0> +
        ( 0.0000002, 0.0003136)|   4, 2, 3;0,  0;0,  0> +
        (-0.0000425, 0.0003015)|   4, 1, 3;0,  0;0,  0> +
        (-0.0002922, 0.0000016)|   4, 1, 2;0,  0;0,  0> +
        ( 0.0002888, 0.0000001)|   3, 2, 2;0,  0;0,  0> +
        (-0.0000013,-0.0002879)|   4, 2, 1;0,  0;0,  0> +
        ( 0.0002347,-0.0000938)|   5, 3, 3;0,  0;0,  0> +
        (-0.0000043, 0.0002507)|   3, 3, 1;0,  0;0,  0> +
        ( 0.0000000,-0.0002162)|   0, 3, 3;0,  0;0,  0> +
        ( 0.0002070,-0.0000002)|   4, 3, 2;0,  0;0,  0> +
        (-0.0001993, 0.0000352)|   0, 3, 0;0,  0;0,  0> +
        (-0.0001750, 0.0000002)|   3, 3, 2;0,  0;0,  0> +
        ( 0.0001697, 0.0000112)|   7, 3, 3;0,  0;0,  0> +
        ( 0.0000111,-0.0001599)|   0, 2, 3;0,  0;0,  0> +
        ( 0.0001584,-0.0000018)|   2, 3, 2;0,  0;0,  0> +
        (-0.0000002, 0.0001505)|   2, 3, 3;0,  0;0,  0> +
        (-0.0000004,-0.0001443)|   4, 3, 3;0,  0;0,  0> +
        ( 0.0000001,-0.0001074)|   3, 3, 3;0,  0;0,  0> +
        (-0.0000636, 0.0000006)|   9, 0, 0;0,  0;1,  0> +
        ( 0.0000636,-0.0000006)|   9, 0, 0;1,  0;0,  0> +
        (-0.0000034,-0.0000480)|   2, 1, 1;0,  0;0,  0> +
        ( 0.0000090,-0.0000366)|   6, 0, 1;0,  0;0,  0> +
        ( 0.0000358, 0.0000017)|   4, 1, 0;0,  0;0,  0> +
        ( 0.0000347, 0.0000001)|   2, 2, 2;0,  0;0,  0> +
        (-0.0000169, 0.0000007)|   8, 3, 3;0,  0;0,  0> +
        (-0.0000005, 0.0000167)|   4, 3, 1;0,  0;0,  0> +
        (-0.0000133, 0.0000001)|   6, 1, 0;0,  0;0,  0> +
        ( 0.0000079, 0.0000090)|   5, 2, 0;0,  0;0,  0> +
        ( 0.0000009,-0.0000095)|   4, 0, 1;0,  0;0,  0> +
        ( 0.0000090,-0.0000013)|   5, 0, 2;0,  0;0,  0> +
        ( 0.0000086,-0.0000005)|   6, 2, 0;0,  0;0,  0> +
        ( 0.0000070,-0.0000003)|   6, 0, 2;0,  0;0,  0> +
        ( 0.0000003,-0.0000068)|   1, 1, 1;0,  0;0,  0> +
        ( 0.0000003,-0.0000066)|   0, 3, 1;0,  0;0,  0> +
        (-0.0000013, 0.0000036)|   3, 0, 1;0,  0;0,  0> +
        ( 0.0000029, 0.0000001)|   8, 0, 0;0,  0;0,  0> +
        ( 0.0000022,-0.0000001)|   7, 0, 0;0,  0;0,  0> +
        (-0.0000019, 0.0000009)|   4, 1, 1;0,  0;0,  0> +
        (-0.0000015,-0.0000008)|   3, 1, 0;0,  0;0,  0> +
        ( 0.0000011,-0.0000000)|  10, 0, 0;0,  0;0,  0> +
         ...
 |18> = (-0.0021938, 0.7379669)|   4, 0, 1;0,  0;0,  0> +
        ( 0.6746951,-0.0026275)|   4, 1, 0;0,  0;0,  0> +
        (-0.0000081,-0.0087734)|   1, 1, 1;0,  0;0,  0> +
        (-0.0051967,-0.0025128)|   0, 1, 2;0,  0;0,  0> +
        (-0.0031682, 0.0003356)|   4, 0, 2;0,  0;0,  0> +
        (-0.0017932, 0.0022501)|   0, 0, 3;0,  0;0,  0> +
        ( 0.0025608, 0.0000020)|   8, 0, 0;0,  0;0,  0> +
        ( 0.0001176,-0.0025427)|   1, 0, 3;0,  0;0,  0> +
        (-0.0000018, 0.0024810)|   0, 3, 1;0,  0;0,  0> +
        ( 0.0023025,-0.0003425)|   4, 2, 0;0,  0;0,  0> +
        ( 0.0017846, 0.0013922)|   3, 1, 0;0,  0;0,  0> +
        ( 0.0013966,-0.0017802)|   3, 0, 1;0,  0;0,  0> +
        (-0.0021308, 0.0001060)|   3, 2, 0;0,  0;0,  0> +
        ( 0.0021291,-0.0001093)|   3, 0, 2;0,  0;0,  0> +
        ( 0.0016840,-0.0000438)|   7, 0, 0;0,  0;0,  0> +
        ( 0.0007161,-0.0007816)|   0, 3, 0;0,  0;0,  0> +
        (-0.0007643, 0.0000815)|   0, 2, 1;0,  0;0,  0> +
        (-0.0007170,-0.0000101)|   0, 3, 2;0,  0;0,  0> +
        ( 0.0006720, 0.0000000)|   2, 2, 2;0,  0;0,  0> +
        (-0.0000006, 0.0005643)|   2, 2, 3;0,  0;0,  0> +
        (-0.0000001,-0.0005121)|   1, 3, 3;0,  0;0,  0> +
        (-0.0000014,-0.0004638)|   0, 1, 3;0,  0;0,  0> +
        (-0.0003947,-0.0000607)|   2, 3, 0;0,  0;0,  0> +
        ( 0.0003822,-0.0000012)|   2, 3, 2;0,  0;0,  0> +
        ( 0.0003803,-0.0000076)|   4, 2, 2;0,  0;0,  0> +
        (-0.0000564,-0.0003598)|   2, 0, 3;0,  0;0,  0> +
        (-0.0003430,-0.0000004)|   3, 2, 2;0,  0;0,  0> +
        ( 0.0002953, 0.0001740)|   1, 3, 0;0,  0;0,  0> +
        (-0.0000217, 0.0003287)|   1, 1, 3;0,  0;0,  0> +
        ( 0.0002848,-0.0000001)|   1, 2, 2;0,  0;0,  0> +
        ( 0.0000024, 0.0002770)|   2, 3, 3;0,  0;0,  0> +
        (-0.0002192,-0.0000979)|   1, 1, 2;0,  0;0,  0> +
        ( 0.0000074,-0.0002166)|   2, 2, 1;0,  0;0,  0> +
        ( 0.0000114, 0.0002140)|   1, 2, 1;0,  0;0,  0> +
        ( 0.0000141, 0.0002097)|   2, 1, 1;0,  0;0,  0> +
        ( 0.0001638,-0.0000220)|   2, 1, 2;0,  0;0,  0> +
        ( 0.0000157, 0.0001589)|   2, 1, 3;0,  0;0,  0> +
        ( 0.0000026, 0.0001266)|   1, 2, 3;0,  0;0,  0> +
        ( 0.0000003,-0.0001070)|   3, 3, 3;0,  0;0,  0> +
        (-0.0000104, 0.0000779)|   0, 2, 3;0,  0;0,  0> +
        ( 0.0000001,-0.0000469)|   4, 0, 1;1,  0;0,  0> +
        (-0.0000001, 0.0000469)|   4, 0, 1;0,  0;1,  0> +
        ( 0.0000429,-0.0000002)|   4, 1, 0;0,  0;1,  0> +
        (-0.0000429, 0.0000002)|   4, 1, 0;1,  0;0,  0> +
        ( 0.0000001,-0.0000337)|   0, 3, 3;0,  0;0,  0> +
        (-0.0000010,-0.0000323)|   2, 3, 1;0,  0;0,  0> +
        ( 0.0000011, 0.0000193)|   4, 3, 3;0,  0;0,  0> +
        (-0.0000049,-0.0000127)|   1, 3, 1;0,  0;0,  0> +
        (-0.0000060, 0.0000042)|   1, 3, 2;0,  0;0,  0> +
        ( 0.0000058, 0.0000003)|   6, 0, 0;0,  0;0,  0> +
        (-0.0000001, 0.0000035)|   2, 0, 1;0,  0;0,  0> +
        (-0.0000035,-0.0000001)|   2, 1, 0;0,  0;0,  0> +
        (-0.0000011,-0.0000002)|  11, 0, 0;0,  0;0,  0> +
         ...
 |19> = (-0.7357057,-0.0471547)|   4, 1, 0;0,  0;0,  0> +
        (-0.0477288, 0.6721751)|   4, 0, 1;0,  0;0,  0> +
        ( 0.0470791, 0.0000374)|   8, 0, 0;0,  0;0,  0> +
        (-0.0089731, 0.0005804)|   4, 2, 0;0,  0;0,  0> +
        ( 0.0003249, 0.0055252)|   2, 1, 1;0,  0;0,  0> +
        (-0.0000312, 0.0046196)|   1, 0, 3;0,  0;0,  0> +
        (-0.0005396,-0.0037873)|   2, 0, 3;0,  0;0,  0> +
        (-0.0000114,-0.0037045)|   1, 2, 1;0,  0;0,  0> +
        ( 0.0029994,-0.0005905)|   4, 0, 2;0,  0;0,  0> +
        ( 0.0002560, 0.0026012)|   2, 1, 3;0,  0;0,  0> +
        (-0.0016021,-0.0007560)|   0, 1, 2;0,  0;0,  0> +
        (-0.0015986,-0.0004475)|   2, 3, 0;0,  0;0,  0> +
        (-0.0015712,-0.0001015)|   1, 3, 0;0,  0;0,  0> +
        (-0.0000014,-0.0015437)|   1, 1, 1;0,  0;0,  0> +
        (-0.0000130, 0.0012431)|   1, 2, 3;0,  0;0,  0> +
        (-0.0000001, 0.0011744)|   0, 3, 3;0,  0;0,  0> +
        ( 0.0010289, 0.0005185)|   0, 3, 0;0,  0;0,  0> +
        (-0.0000856,-0.0009702)|   2, 2, 1;0,  0;0,  0> +
        (-0.0008553,-0.0000129)|   1, 3, 2;0,  0;0,  0> +
        (-0.0000001,-0.0008353)|   2, 3, 3;0,  0;0,  0> +
        ( 0.0007617,-0.0002226)|   2, 1, 2;0,  0;0,  0> +
        ( 0.0000166,-0.0007433)|   0, 2, 3;0,  0;0,  0> +
        (-0.0000002, 0.0006740)|   0, 3, 1;0,  0;0,  0> +
        (-0.0006093,-0.0000013)|   4, 2, 2;0,  0;0,  0> +
        (-0.0006087, 0.0000001)|   3, 2, 2;0,  0;0,  0> +
        ( 0.0000047,-0.0005592)|   3, 3, 3;0,  0;0,  0> +
        ( 0.0005003, 0.0000167)|   0, 3, 2;0,  0;0,  0> +
        (-0.0000014,-0.0004585)|   2, 2, 3;0,  0;0,  0> +
        (-0.0000174,-0.0004478)|   2, 3, 1;0,  0;0,  0> +
        ( 0.0000245, 0.0004331)|   4, 3, 3;0,  0;0,  0> +
        ( 0.0004111, 0.0001090)|   1, 1, 2;0,  0;0,  0> +
        ( 0.0000142, 0.0004203)|   1, 3, 1;0,  0;0,  0> +
        ( 0.0000474,-0.0004136)|   1, 1, 3;0,  0;0,  0> +
        (-0.0003842, 0.0000093)|   0, 2, 1;0,  0;0,  0> +
        ( 0.0000001,-0.0003438)|   0, 1, 3;0,  0;0,  0> +
        ( 0.0003045,-0.0001156)|   0, 0, 3;0,  0;0,  0> +
        (-0.0000000,-0.0002458)|   1, 3, 3;0,  0;0,  0> +
        ( 0.0001908,-0.0000000)|   2, 2, 2;0,  0;0,  0> +
        ( 0.0001171,-0.0000000)|   1, 2, 2;0,  0;0,  0> +
        ( 0.0001020, 0.0000553)|   7, 0, 0;0,  0;0,  0> +
        ( 0.0000641, 0.0000039)|   3, 1, 0;0,  0;0,  0> +
        (-0.0000468,-0.0000030)|   4, 1, 0;0,  0;1,  0> +
        ( 0.0000468, 0.0000030)|   4, 1, 0;1,  0;0,  0> +
        ( 0.0000440, 0.0000048)|   2, 3, 2;0,  0;0,  0> +
        ( 0.0000037,-0.0000429)|   3, 0, 1;0,  0;0,  0> +
        ( 0.0000030,-0.0000428)|   4, 0, 1;1,  0;0,  0> +
        (-0.0000030, 0.0000428)|   4, 0, 1;0,  0;1,  0> +
        (-0.0000125,-0.0000003)|   3, 0, 2;0,  0;0,  0> +
        ( 0.0000093,-0.0000001)|   3, 3, 0;0,  0;0,  0> +
        ( 0.0000080, 0.0000017)|   3, 2, 0;0,  0;0,  0> +
        (-0.0000001, 0.0000075)|   3, 0, 3;0,  0;0,  0> +
        (-0.0000000,-0.0000062)|   3, 2, 3;0,  0;0,  0> +
        (-0.0000055,-0.0000002)|   3, 3, 2;0,  0;0,  0> +
        (-0.0000001, 0.0000052)|   3, 2, 1;0,  0;0,  0> +
        ( 0.0000046, 0.0000001)|   3, 1, 2;0,  0;0,  0> +
        ( 0.0000030, 0.0000000)|   8, 0, 0;0,  0;1,  0> +
        (-0.0000030,-0.0000000)|   8, 0, 0;1,  0;0,  0> +
        ( 0.0000000,-0.0000027)|   5, 0, 1;0,  0;0,  0> +
        (-0.0000014,-0.0000003)|   6, 0, 0;0,  0;0,  0> +
        ( 0.0000010, 0.0000000)|   5, 0, 2;0,  0;0,  0> +
        ( 0.0000000,-0.0000010)|   0, 0, 1;0,  0;1,  1> +
         ...
 |20> = (-0.9997659, 0.0034758)|  10, 0, 0;0,  0;0,  0> +
        (-0.0173461,-0.0029584)|   6, 1, 0;0,  0;0,  0> +
        ( 0.0013443,-0.0075597)|   6, 0, 1;0,  0;0,  0> +
        (-0.0035870, 0.0028072)|   5, 2, 0;0,  0;0,  0> +
        (-0.0042273, 0.0003212)|   4, 1, 1;0,  0;0,  0> +
        ( 0.0023876,-0.0019634)|   5, 0, 2;0,  0;0,  0> +
        (-0.0022995,-0.0002443)|   3, 3, 0;0,  0;0,  0> +
        (-0.0021130, 0.0005115)|   3, 1, 2;0,  0;0,  0> +
        (-0.0002827, 0.0020798)|   3, 1, 1;0,  0;0,  0> +
        ( 0.0000655,-0.0019642)|   1, 2, 1;0,  0;0,  0> +
        ( 0.0015522,-0.0001044)|   4, 3, 0;0,  0;0,  0> +
        (-0.0014038, 0.0002470)|   2, 1, 2;0,  0;0,  0> +
        ( 0.0012667, 0.0000444)|   6, 2, 0;0,  0;0,  0> +
        ( 0.0012041,-0.0000028)|   6, 0, 2;0,  0;0,  0> +
        ( 0.0001962,-0.0009928)|   4, 1, 3;0,  0;0,  0> +
        (-0.0004012, 0.0009259)|   3, 2, 1;0,  0;0,  0> +
        ( 0.0009367,-0.0000059)|   1, 1, 2;0,  0;0,  0> +
        (-0.0000950, 0.0008685)|   1, 1, 3;0,  0;0,  0> +
        ( 0.0000255,-0.0008627)|   3, 3, 1;0,  0;0,  0> +
        ( 0.0008200,-0.0000011)|   4, 2, 2;0,  0;0,  0> +
        ( 0.0008031, 0.0000018)|   6, 2, 2;0,  0;0,  0> +
        (-0.0000522,-0.0007692)|   1, 3, 1;0,  0;0,  0> +
        ( 0.0000055, 0.0007382)|   3, 1, 3;0,  0;0,  0> +
        ( 0.0000199,-0.0007248)|   2, 2, 1;0,  0;0,  0> +
        (-0.0007149, 0.0000623)|   2, 3, 0;0,  0;0,  0> +
        ( 0.0002603,-0.0006079)|   3, 0, 3;0,  0;0,  0> +
        (-0.0000012,-0.0006404)|   2, 2, 3;0,  0;0,  0> +
        ( 0.0000056,-0.0006230)|   0, 2, 3;0,  0;0,  0> +
        (-0.0000149, 0.0005498)|   2, 3, 1;0,  0;0,  0> +
        (-0.0005145,-0.0000013)|   5, 2, 2;0,  0;0,  0> +
        (-0.0004714, 0.0000033)|   7, 2, 2;0,  0;0,  0> +
        (-0.0000000,-0.0004708)|   2, 3, 3;0,  0;0,  0> +
        ( 0.0004659,-0.0000203)|   4, 3, 2;0,  0;0,  0> +
        ( 0.0004636,-0.0000005)|   3, 3, 2;0,  0;0,  0> +
        (-0.0004458, 0.0000748)|   4, 1, 2;0,  0;0,  0> +
        ( 0.0004268, 0.0000675)|   1, 3, 0;0,  0;0,  0> +
        ( 0.0000000, 0.0004235)|   0, 3, 3;0,  0;0,  0> +
        ( 0.0001956, 0.0003566)|   2, 0, 3;0,  0;0,  0> +
        ( 0.0000000, 0.0003533)|   1, 3, 3;0,  0;0,  0> +
        (-0.0001840,-0.0002599)|   4, 2, 1;0,  0;0,  0> +
        (-0.0002725,-0.0001511)|   0, 1, 2;0,  0;0,  0> +
        ( 0.0002650,-0.0000979)|   5, 3, 2;0,  0;0,  0> +
        ( 0.0000002,-0.0002619)|   0, 1, 3;0,  0;0,  0> +
        (-0.0000003,-0.0002548)|   4, 3, 3;0,  0;0,  0> +
        ( 0.0002531, 0.0000040)|   1, 3, 2;0,  0;0,  0> +
        (-0.0000007, 0.0002441)|   3, 2, 3;0,  0;0,  0> +
        ( 0.0002235, 0.0000001)|   3, 2, 2;0,  0;0,  0> +
        ( 0.0000475, 0.0002115)|   4, 0, 3;0,  0;0,  0> +
        (-0.0002066, 0.0000056)|   0, 3, 2;0,  0;0,  0> +
        ( 0.0000274, 0.0001990)|   1, 0, 3;0,  0;0,  0> +
        ( 0.0000630, 0.0001853)|   5, 2, 3;0,  0;0,  0> +
        ( 0.0001895,-0.0000120)|   6, 3, 3;0,  0;0,  0> +
        (-0.0000212,-0.0001878)|   4, 2, 3;0,  0;0,  0> +
        ( 0.0000309,-0.0001746)|   6, 2, 3;0,  0;0,  0> +
        ( 0.0000041,-0.0001624)|   1, 2, 3;0,  0;0,  0> +
        (-0.0001419, 0.0000013)|   9, 3, 3;0,  0;0,  0> +
        (-0.0000946, 0.0000998)|   0, 0, 3;0,  0;0,  0> +
        (-0.0001352,-0.0000062)|   6, 3, 2;0,  0;0,  0> +
        ( 0.0001017,-0.0000075)|   8, 3, 3;0,  0;0,  0> +
        (-0.0000942, 0.0000375)|   5, 3, 3;0,  0;0,  0> +
        ( 0.0000003,-0.0000939)|   0, 3, 1;0,  0;0,  0> +
        ( 0.0000867,-0.0000056)|  10, 3, 3;0,  0;0,  0> +
        (-0.0000822,-0.0000010)|   2, 3, 2;0,  0;0,  0> +
        (-0.0000464, 0.0000623)|   0, 2, 1;0,  0;0,  0> +
        (-0.0000118,-0.0000647)|   2, 1, 3;0,  0;0,  0> +
        (-0.0000636, 0.0000002)|  10, 0, 0;0,  0;1,  0> +
        ( 0.0000636,-0.0000002)|  10, 0, 0;1,  0;0,  0> +
        (-0.0000003, 0.0000575)|   3, 3, 3;0,  0;0,  0> +
        ( 0.0000215,-0.0000341)|   0, 3, 0;0,  0;0,  0> +
        (-0.0000401,-0.0000019)|   7, 3, 3;0,  0;0,  0> +
        ( 0.0000255,-0.0000004)|   8, 2, 2;0,  0;0,  0> +
        ( 0.0000068, 0.0000215)|   4, 3, 1;0,  0;0,  0> +
        ( 0.0000192, 0.0000002)|   5, 1, 0;0,  0;0,  0> +
        (-0.0000123, 0.0000004)|   9, 0, 0;0,  0;0,  0> +
        ( 0.0000008, 0.0000109)|   2, 1, 1;0,  0;0,  0> +
        ( 0.0000080,-0.0000004)|   4, 2, 0;0,  0;0,  0> +
        ( 0.0000008, 0.0000063)|   5, 0, 1;0,  0;0,  0> +
        ( 0.0000005,-0.0000059)|   4, 0, 1;0,  0;0,  0> +
        (-0.0000049, 0.0000001)|   4, 0, 2;0,  0;0,  0> +
        (-0.0000046,-0.0000000)|   8, 0, 0;0,  0;0,  0> +
        ( 0.0000040,-0.0000000)|   7, 0, 0;0,  0;0,  0> +
        ( 0.0000035, 0.0000002)|   4, 1, 0;0,  0;0,  0> +
        (-0.0000000, 0.0000018)|   1, 1, 1;0,  0;0,  0> +
        ( 0.0000015, 0.0000007)|   3, 1, 0;0,  0;0,  0> +
        ( 0.0000011, 0.0000002)|   6, 1, 0;1,  0;0,  0> +
        (-0.0000011,-0.0000002)|   6, 1, 0;0,  0;1,  0> +
        (-0.0000011,-0.0000002)|   3, 0, 2;0,  0;0,  0> +
        ( 0.0000010, 0.0000001)|   3, 2, 0;0,  0;0,  0> +
         ...
 |21> = (-0.0241720, 0.9609472)|   5, 0, 1;0,  0;0,  0> +
        (-0.2734297,-0.0308742)|   5, 1, 0;0,  0;0,  0> +
        (-0.0132291, 0.0001175)|   9, 0, 0;0,  0;0,  0> +
        ( 0.0004234, 0.0038476)|   2, 0, 3;0,  0;0,  0> +
        (-0.0036641, 0.0008536)|   2, 1, 2;0,  0;0,  0> +
        ( 0.0028991, 0.0000130)|   3, 3, 0;0,  0;0,  0> +
        (-0.0025120,-0.0013482)|   0, 1, 2;0,  0;0,  0> +
        ( 0.0000302, 0.0028053)|   3, 0, 3;0,  0;0,  0> +
        ( 0.0000721,-0.0026997)|   1, 2, 1;0,  0;0,  0> +
        (-0.0001259,-0.0021079)|   2, 1, 1;0,  0;0,  0> +
        ( 0.0019244,-0.0004629)|   2, 3, 0;0,  0;0,  0> +
        ( 0.0000078, 0.0019493)|   3, 2, 1;0,  0;0,  0> +
        (-0.0018102, 0.0001787)|   4, 0, 2;0,  0;0,  0> +
        ( 0.0017641,-0.0001824)|   4, 2, 0;0,  0;0,  0> +
        ( 0.0016316,-0.0000159)|   3, 1, 2;0,  0;0,  0> +
        (-0.0000001, 0.0015472)|   0, 1, 3;0,  0;0,  0> +
        ( 0.0000299, 0.0015279)|   1, 0, 3;0,  0;0,  0> +
        ( 0.0000687, 0.0014925)|   1, 3, 1;0,  0;0,  0> +
        (-0.0000298,-0.0014876)|   3, 1, 3;0,  0;0,  0> +
        ( 0.0012706,-0.0000010)|   1, 1, 2;0,  0;0,  0> +
        (-0.0011538,-0.0000004)|   3, 2, 2;0,  0;0,  0> +
        (-0.0007442, 0.0008168)|   0, 0, 3;0,  0;0,  0> +
        (-0.0010379, 0.0000008)|   4, 2, 2;0,  0;0,  0> +
        (-0.0001315, 0.0009582)|   1, 1, 3;0,  0;0,  0> +
        (-0.0006631,-0.0004418)|   2, 2, 1;0,  0;0,  0> +
        (-0.0000234, 0.0007561)|   2, 3, 1;0,  0;0,  0> +
        (-0.0004358, 0.0005964)|   0, 2, 1;0,  0;0,  0> +
        ( 0.0006597, 0.0000661)|   1, 3, 0;0,  0;0,  0> +
        ( 0.0006510, 0.0000019)|   5, 2, 2;0,  0;0,  0> +
        (-0.0000005,-0.0006010)|   0, 3, 1;0,  0;0,  0> +
        (-0.0000021, 0.0005675)|   1, 2, 3;0,  0;0,  0> +
        (-0.0000018, 0.0005671)|   3, 3, 3;0,  0;0,  0> +
        (-0.0001622, 0.0004150)|   3, 1, 1;0,  0;0,  0> +
        ( 0.0000001, 0.0004454)|   1, 3, 3;0,  0;0,  0> +
        ( 0.0004419,-0.0000011)|   2, 3, 2;0,  0;0,  0> +
        ( 0.0002877,-0.0002167)|   0, 3, 0;0,  0;0,  0> +
        (-0.0000018,-0.0003295)|   2, 2, 3;0,  0;0,  0> +
        ( 0.0000032,-0.0003259)|   3, 3, 1;0,  0;0,  0> +
        ( 0.0000235, 0.0002973)|   2, 1, 3;0,  0;0,  0> +
        (-0.0002864, 0.0000089)|   6, 3, 3;0,  0;0,  0> +
        ( 0.0002682,-0.0000033)|   1, 3, 2;0,  0;0,  0> +
        ( 0.0000003, 0.0002536)|   4, 3, 3;0,  0;0,  0> +
        ( 0.0002165, 0.0000048)|   0, 3, 2;0,  0;0,  0> +
        (-0.0000000,-0.0001947)|   0, 3, 3;0,  0;0,  0> +
        (-0.0001478,-0.0001001)|   5, 0, 2;0,  0;0,  0> +
        (-0.0000005, 0.0001620)|   2, 3, 3;0,  0;0,  0> +
        ( 0.0001456,-0.0000570)|   5, 3, 3;0,  0;0,  0> +
        (-0.0000102, 0.0001347)|   3, 2, 3;0,  0;0,  0> +
        ( 0.0000048,-0.0001275)|   0, 2, 3;0,  0;0,  0> +
        (-0.0001197, 0.0000013)|   6, 2, 2;0,  0;0,  0> +
        (-0.0000148,-0.0001145)|   4, 2, 3;0,  0;0,  0> +
        (-0.0000214, 0.0001055)|   6, 0, 1;0,  0;0,  0> +
        ( 0.0000632,-0.0000763)|   5, 2, 0;0,  0;0,  0> +
        ( 0.0000869,-0.0000001)|   2, 2, 2;0,  0;0,  0> +
        ( 0.0000015,-0.0000611)|   5, 0, 1;1,  0;0,  0> +
        (-0.0000015, 0.0000611)|   5, 0, 1;0,  0;1,  0> +
        (-0.0000573,-0.0000079)|   4, 3, 2;0,  0;0,  0> +
        ( 0.0000522, 0.0000077)|   6, 1, 0;0,  0;0,  0> +
        ( 0.0000053,-0.0000390)|   4, 1, 3;0,  0;0,  0> +
        (-0.0000383,-0.0000021)|   4, 1, 0;0,  0;0,  0> +
        ( 0.0000159,-0.0000097)|   3, 3, 2;0,  0;0,  0> +
        ( 0.0000009, 0.0000184)|   4, 0, 3;0,  0;0,  0> +
        (-0.0000174,-0.0000020)|   5, 1, 0;0,  0;1,  0> +
        ( 0.0000174, 0.0000020)|   5, 1, 0;1,  0;0,  0> +
        (-0.0000140,-0.0000008)|   4, 3, 0;0,  0;0,  0> +
        (-0.0000096,-0.0000001)|   8, 0, 0;0,  0;0,  0> +
        (-0.0000074, 0.0000001)|   7, 0, 0;0,  0;0,  0> +
        (-0.0000005, 0.0000071)|   4, 0, 1;0,  0;0,  0> +
        ( 0.0000065, 0.0000016)|   3, 1, 0;0,  0;0,  0> +
        (-0.0000003,-0.0000062)|   1, 1, 1;0,  0;0,  0> +
        (-0.0000041,-0.0000017)|   3, 0, 2;0,  0;0,  0> +
        (-0.0000001,-0.0000044)|   4, 2, 1;0,  0;0,  0> +
        ( 0.0000041, 0.0000008)|   3, 2, 0;0,  0;0,  0> +
        ( 0.0000024,-0.0000019)|   3, 0, 1;0,  0;0,  0> +
        ( 0.0000028, 0.0000007)|   7, 3, 3;0,  0;0,  0> +
        ( 0.0000000,-0.0000021)|   4, 3, 1;0,  0;0,  0> +
        ( 0.0000018,-0.0000001)|   4, 1, 2;0,  0;0,  0> +
        ( 0.0000006,-0.0000012)|  13, 0, 0;0,  0;0,  0> +
        ( 0.0000001,-0.0000012)|   7, 0, 1;0,  0;0,  0> +
         ...
 |22> = ( 0.9610343, 0.0220325)|   5, 1, 0;0,  0;0,  0> +
        ( 0.0176983, 0.2746952)|   5, 0, 1;0,  0;0,  0> +
        (-0.0003762,-0.0062171)|   2, 1, 1;0,  0;0,  0> +
        (-0.0001587, 0.0059268)|   1, 2, 1;0,  0;0,  0> +
        ( 0.0045506,-0.0000383)|   9, 0, 0;0,  0;0,  0> +
        ( 0.0040155,-0.0009762)|   2, 1, 2;0,  0;0,  0> +
        (-0.0001206,-0.0035442)|   1, 0, 3;0,  0;0,  0> +
        ( 0.0010405, 0.0022198)|   2, 2, 1;0,  0;0,  0> +
        (-0.0002762, 0.0022687)|   1, 1, 3;0,  0;0,  0> +
        (-0.0012321, 0.0015981)|   2, 3, 0;0,  0;0,  0> +
        ( 0.0001146,-0.0017045)|   3, 1, 1;0,  0;0,  0> +
        ( 0.0014606, 0.0000460)|   1, 1, 2;0,  0;0,  0> +
        ( 0.0011894, 0.0006823)|   0, 1, 2;0,  0;0,  0> +
        (-0.0009862,-0.0002331)|   1, 3, 0;0,  0;0,  0> +
        ( 0.0000007,-0.0009765)|   0, 1, 3;0,  0;0,  0> +
        (-0.0000112, 0.0009296)|   3, 0, 3;0,  0;0,  0> +
        ( 0.0006274,-0.0006347)|   0, 0, 3;0,  0;0,  0> +
        ( 0.0008679,-0.0000012)|   3, 1, 2;0,  0;0,  0> +
        ( 0.0000030, 0.0008511)|   3, 2, 3;0,  0;0,  0> +
        ( 0.0008398, 0.0000049)|   1, 3, 2;0,  0;0,  0> +
        ( 0.0007571, 0.0000026)|   3, 3, 2;0,  0;0,  0> +
        (-0.0007230, 0.0000334)|   6, 3, 3;0,  0;0,  0> +
        ( 0.0000162, 0.0007072)|   3, 2, 1;0,  0;0,  0> +
        ( 0.0000109, 0.0006059)|   3, 1, 3;0,  0;0,  0> +
        (-0.0005921, 0.0000007)|   2, 3, 2;0,  0;0,  0> +
        (-0.0000072, 0.0005738)|   0, 2, 3;0,  0;0,  0> +
        (-0.0005611,-0.0000001)|   3, 2, 2;0,  0;0,  0> +
        (-0.0005501,-0.0000018)|   5, 2, 2;0,  0;0,  0> +
        (-0.0004498, 0.0001803)|   5, 3, 3;0,  0;0,  0> +
        ( 0.0004545,-0.0000157)|   3, 3, 0;0,  0;0,  0> +
        ( 0.0004314, 0.0001331)|   2, 0, 3;0,  0;0,  0> +
        ( 0.0000008,-0.0004069)|   0, 3, 1;0,  0;0,  0> +
        ( 0.0003808, 0.0000002)|   2, 2, 2;0,  0;0,  0> +
        ( 0.0000001, 0.0003585)|   1, 3, 3;0,  0;0,  0> +
        ( 0.0003435,-0.0000729)|   5, 0, 2;0,  0;0,  0> +
        ( 0.0000817, 0.0003314)|   0, 3, 0;0,  0;0,  0> +
        ( 0.0000049, 0.0003306)|   1, 2, 3;0,  0;0,  0> +
        (-0.0000317,-0.0003032)|   2, 1, 3;0,  0;0,  0> +
        ( 0.0000030, 0.0002910)|   4, 2, 3;0,  0;0,  0> +
        ( 0.0001708,-0.0002299)|   0, 2, 1;0,  0;0,  0> +
        (-0.0002833, 0.0000202)|   4, 0, 2;0,  0;0,  0> +
        ( 0.0002838, 0.0000091)|   4, 3, 2;0,  0;0,  0> +
        (-0.0000003,-0.0002570)|   4, 3, 3;0,  0;0,  0> +
        ( 0.0002487,-0.0000201)|   4, 2, 0;0,  0;0,  0> +
        ( 0.0002229, 0.0000166)|   5, 2, 0;0,  0;0,  0> +
        (-0.0000148, 0.0001762)|   1, 3, 1;0,  0;0,  0> +
        (-0.0000015, 0.0001335)|   3, 3, 1;0,  0;0,  0> +
        ( 0.0000059,-0.0001090)|   2, 3, 1;0,  0;0,  0> +
        ( 0.0000015,-0.0000742)|   2, 2, 3;0,  0;0,  0> +
        (-0.0000611,-0.0000014)|   5, 1, 0;1,  0;0,  0> +
        ( 0.0000611, 0.0000014)|   5, 1, 0;0,  0;1,  0> +
        ( 0.0000590,-0.0000006)|   6, 2, 2;0,  0;0,  0> +
        (-0.0000563,-0.0000032)|   4, 1, 0;0,  0;0,  0> +
        ( 0.0000107,-0.0000528)|   6, 0, 1;0,  0;0,  0> +
        (-0.0000047, 0.0000526)|   4, 0, 1;0,  0;0,  0> +
        ( 0.0000483,-0.0000072)|   0, 3, 2;0,  0;0,  0> +
        (-0.0000005, 0.0000445)|   3, 3, 3;0,  0;0,  0> +
        (-0.0000254,-0.0000036)|   6, 1, 0;0,  0;0,  0> +
        ( 0.0000195,-0.0000003)|   4, 2, 2;0,  0;0,  0> +
        (-0.0000025, 0.0000188)|   4, 1, 3;0,  0;0,  0> +
        ( 0.0000011, 0.0000175)|   5, 0, 1;0,  0;1,  0> +
        (-0.0000011,-0.0000175)|   5, 0, 1;1,  0;0,  0> +
        (-0.0000005,-0.0000141)|   4, 0, 3;0,  0;0,  0> +
        (-0.0000137,-0.0000001)|   7, 0, 0;0,  0;0,  0> +
        (-0.0000006,-0.0000135)|   2, 3, 3;0,  0;0,  0> +
        (-0.0000000, 0.0000108)|   0, 3, 3;0,  0;0,  0> +
        ( 0.0000081, 0.0000001)|   8, 0, 0;0,  0;0,  0> +
        (-0.0000034, 0.0000001)|   4, 1, 2;0,  0;0,  0> +
        ( 0.0000015,-0.0000020)|   3, 0, 1;0,  0;0,  0> +
        ( 0.0000014, 0.0000018)|   3, 1, 0;0,  0;0,  0> +
        ( 0.0000000, 0.0000023)|   1, 1, 1;0,  0;0,  0> +
        ( 0.0000018, 0.0000004)|   4, 3, 0;0,  0;0,  0> +
        (-0.0000013,-0.0000002)|   3, 2, 0;0,  0;0,  0> +
        (-0.0000000, 0.0000013)|   3, 0, 2;0,  0;0,  0> +
        (-0.0000011,-0.0000003)|   7, 3, 3;0,  0;0,  0> +
         ...
 |23> = (-0.9636399,-0.0000000)|   0, 2, 0;0,  0;0,  0> +
        (-0.2672022,-0.0000000)|   0, 0, 2;0,  0;0,  0> +
        ( 0.0000000, 0.0012636)|   0, 0, 1;0,  0;0,  0> +
        (-0.0005433,-0.0000000)|   0, 1, 0;0,  0;0,  0> +
        (-0.0000613, 0.0000000)|   0, 2, 0;0,  0;1,  0> +
        ( 0.0000613,-0.0000000)|   0, 2, 0;1,  0;0,  0> +
        ( 0.0000564, 0.0000000)|   2, 0, 0;0,  0;0,  0> +
        ( 0.0000536,-0.0000000)|   3, 0, 0;0,  0;0,  0> +
        ( 0.0000170, 0.0000000)|   0, 0, 2;1,  0;0,  0> +
        (-0.0000170,-0.0000000)|   0, 0, 2;0,  0;1,  0> +
        (-0.0000080,-0.0000000)|   1, 0, 2;0,  0;0,  0> +
        (-0.0000075,-0.0000000)|   1, 2, 0;0,  0;0,  0> +
         ...
 |24> = ( 0.9636391,-0.0000000)|   0, 0, 2;0,  0;0,  0> +
        (-0.2671994,-0.0000000)|   0, 2, 0;0,  0;0,  0> +
        (-0.0017377,-0.0000000)|   0, 1, 0;0,  0;0,  0> +
        ( 0.0000000, 0.0014748)|   0, 0, 1;0,  0;0,  0> +
        (-0.0001352, 0.0000000)|   2, 0, 0;0,  0;0,  0> +
        ( 0.0001002,-0.0000000)|   3, 0, 0;0,  0;0,  0> +
        ( 0.0000613,-0.0000000)|   0, 0, 2;0,  0;1,  0> +
        (-0.0000613, 0.0000000)|   0, 0, 2;1,  0;0,  0> +
        (-0.0000170, 0.0000000)|   0, 2, 0;0,  0;1,  0> +
        ( 0.0000170,-0.0000000)|   0, 2, 0;1,  0;0,  0> +
        (-0.0000146,-0.0000000)|   1, 0, 2;0,  0;0,  0> +
        (-0.0000137,-0.0000000)|   1, 2, 0;0,  0;0,  0> +
        (-0.0000013,-0.0000000)|   0, 2, 2;0,  0;0,  0> +
         ...
