# Parameters of the model
#  mass:		    261.00 u
#  charge:	      1.00 e
#  dipole:	      4.74 D
#  B:		    503.65 MHz
#  omega_rho:	      1.40 MHz
#  omega_z:	      0.16 MHz

# Basis truncation:	|34,4,4;2,2>
# omega_1:	      0.28 MHz
# omega_3/5:	      1.39 MHz
# Basis size:		44064

# Active terms of the Hamiltionian:
# 	Nomal modes:	1
# 	T_rot:      	1
# 	V_qd^{(0)}: 	1
# 	V_qd^{(1)}: 	1
# 	V_dd^{(0)}: 	1

# Results of the diagonalisation

# 100 smallest eigenvalues
 5.518517017 6.523073196 7.522706032 8.496234894 9.586046219 10.466521263 10.561144829 10.574011803 11.527915001 11.575537682 11.578675270 12.514644623 12.518589020 12.690917969 13.560502052 13.628166199 13.731309891 14.520893097 14.529800415 14.805335999 15.527539253 15.533651352 15.573926926 15.581830025 15.583502769 15.603868484 16.511102676 16.536806107 16.546504974 16.571739197 16.579402924 16.617597580 17.353492737 17.390407562 17.485712051 17.569105148 17.570390701 17.614931107 18.513496399 18.572227478 18.594451904 18.604682922 18.620897293 18.700187683 19.565183640 19.577005386 19.630720139 19.631752014 19.667627335 19.708498001 20.225145340 20.367872238 20.440467834 20.478803635 20.545860291 20.590347290 20.639942169 20.686136246 20.698852539 20.717779160 21.290082932 21.488300323 21.552272797 21.585077286 21.590908051 21.626018524 21.652835846 21.675765991 21.714214325 21.773260117 22.162990570 22.427770615 22.521482468 22.580291748 22.620014191 22.642133713 22.645940781 22.686878204 22.705747604 22.853399277 23.152070999 23.347816467 23.416519165 23.453866959 23.460109711 23.471712112 23.480337143 23.544866562 23.631967545 23.800409317 24.524341583 24.539552689 24.578769684 24.607316971 24.699102402 24.707208633 24.716440201 24.738952637 24.752027512 24.839262009

# Ground state and the lowest excitations:
 | 0> = ( 1.0000000, 0.0000000)|   0, 0, 0;0,  0;0,  0> +
        ( 0.0000658,-0.0000000)|   0, 0, 0;0,  0;1,  0> +
        (-0.0000658,-0.0000000)|   0, 0, 0;1,  0;0,  0> +
         ...
 | 1> = (-1.0000006,-0.0000000)|   1, 0, 0;0,  0;0,  0> +
        (-0.0000658, 0.0000000)|   1, 0, 0;0,  0;1,  0> +
        ( 0.0000658,-0.0000000)|   1, 0, 0;1,  0;0,  0> +
        ( 0.0000030,-0.0000000)|   2, 0, 0;0,  0;0,  0> +
        (-0.0000024,-0.0000000)|   3, 0, 0;0,  0;0,  0> +
        ( 0.0000020, 0.0000000)|   5, 0, 0;0,  0;0,  0> +
         ...
 | 2> = (-1.0000013, 0.0000000)|   2, 0, 0;0,  0;0,  0> +
        (-0.0006133,-0.0000000)|   0, 2, 0;0,  0;0,  0> +
        (-0.0006130, 0.0000000)|   0, 0, 2;0,  0;0,  0> +
        (-0.0000658,-0.0000000)|   2, 0, 0;0,  0;1,  0> +
        ( 0.0000658,-0.0000000)|   2, 0, 0;1,  0;0,  0> +
        (-0.0000027,-0.0000000)|   1, 0, 0;0,  0;0,  0> +
        (-0.0000018,-0.0000000)|   6, 0, 0;0,  0;0,  0> +
        (-0.0000015,-0.0000000)|   5, 0, 0;0,  0;0,  0> +
        (-0.0000013,-0.0000000)|   4, 0, 0;0,  0;0,  0> +
        (-0.0000012, 0.0000000)|   0, 1, 0;0,  0;0,  0> +
        (-0.0000011, 0.0000000)|   3, 0, 0;0,  0;0,  0> +
         ...
 | 3> = ( 0.9999819, 0.0000000)|   3, 0, 0;0,  0;0,  0> +
        ( 0.0000000,-0.0032118)|   0, 0, 1;0,  0;0,  0> +
        ( 0.0032001,-0.0000000)|   0, 1, 0;0,  0;0,  0> +
        ( 0.0028208, 0.0000000)|   1, 0, 2;0,  0;0,  0> +
        ( 0.0027182,-0.0000000)|   1, 2, 0;0,  0;0,  0> +
        ( 0.0000658,-0.0000000)|   3, 0, 0;0,  0;1,  0> +
        (-0.0000658,-0.0000000)|   3, 0, 0;1,  0;0,  0> +
        (-0.0000295, 0.0000000)|   1, 1, 0;0,  0;0,  0> +
        ( 0.0000000,-0.0000289)|   1, 0, 1;0,  0;0,  0> +
        (-0.0000168, 0.0000000)|   4, 0, 0;0,  0;0,  0> +
        ( 0.0000030, 0.0000000)|   6, 0, 0;0,  0;0,  0> +
        (-0.0000026,-0.0000000)|   5, 0, 0;0,  0;0,  0> +
        (-0.0000021, 0.0000000)|   0, 2, 0;0,  0;0,  0> +
        ( 0.0000021, 0.0000000)|   0, 0, 2;0,  0;0,  0> +
        (-0.0000021, 0.0000000)|   1, 0, 0;0,  0;0,  0> +
        (-0.0000017,-0.0000000)|   2, 0, 2;0,  0;0,  0> +
        (-0.0000017, 0.0000000)|   2, 2, 0;0,  0;0,  0> +
        ( 0.0000014,-0.0000000)|   0, 2, 2;0,  0;0,  0> +
        (-0.0000012, 0.0000000)|   2, 0, 0;0,  0;0,  0> +
         ...
 | 4> = (-0.9999571, 0.0000000)|   4, 0, 0;0,  0;0,  0> +
        ( 0.0000006,-0.0065936)|   1, 0, 1;0,  0;0,  0> +
        (-0.0064155, 0.0000006)|   1, 1, 0;0,  0;0,  0> +
        ( 0.0008241, 0.0000000)|   0, 0, 2;0,  0;0,  0> +
        (-0.0008241,-0.0000000)|   0, 2, 0;0,  0;0,  0> +
        (-0.0006514, 0.0000000)|   2, 2, 0;0,  0;0,  0> +
        (-0.0005950,-0.0000000)|   2, 0, 2;0,  0;0,  0> +
        ( 0.0003782, 0.0000000)|   1, 0, 2;0,  0;0,  0> +
        ( 0.0002290,-0.0000000)|   1, 2, 0;0,  0;0,  0> +
        ( 0.0002216,-0.0000000)|   0, 1, 0;0,  0;0,  0> +
        (-0.0000000,-0.0002214)|   0, 0, 1;0,  0;0,  0> +
        (-0.0002193,-0.0000000)|   0, 2, 2;0,  0;0,  0> +
        ( 0.0000658,-0.0000000)|   4, 0, 0;1,  0;0,  0> +
        (-0.0000658, 0.0000000)|   4, 0, 0;0,  0;1,  0> +
        (-0.0000201, 0.0000000)|   3, 0, 0;0,  0;0,  0> +
        (-0.0000115,-0.0000000)|   0, 3, 0;0,  0;0,  0> +
        (-0.0000000,-0.0000109)|   0, 0, 3;0,  0;0,  0> +
        (-0.0000073, 0.0000000)|   0, 1, 2;0,  0;0,  0> +
        ( 0.0000000,-0.0000070)|   0, 2, 1;0,  0;0,  0> +
        ( 0.0000024,-0.0000000)|   2, 1, 0;0,  0;0,  0> +
        (-0.0000000,-0.0000013)|   4, 0, 1;0,  0;0,  0> +
        ( 0.0000013,-0.0000000)|   2, 0, 0;0,  0;0,  0> +
        ( 0.0000012,-0.0000000)|   4, 1, 0;0,  0;0,  0> +
        ( 0.0000000, 0.0000011)|   2, 0, 1;0,  0;0,  0> +
         ...
 | 5> = ( 0.9999951, 0.0009406)|   5, 0, 0;0,  0;0,  0> +
        (-0.0014947,-0.0000087)|   2, 2, 0;0,  0;0,  0> +
        ( 0.0014933, 0.0000087)|   2, 0, 2;0,  0;0,  0> +
        (-0.0000130, 0.0007558)|   0, 0, 3;0,  0;0,  0> +
        (-0.0004717, 0.0000057)|   2, 1, 0;0,  0;0,  0> +
        ( 0.0000058, 0.0004667)|   2, 0, 1;0,  0;0,  0> +
        ( 0.0000009,-0.0004569)|   0, 1, 3;0,  0;0,  0> +
        (-0.0004445, 0.0000000)|   1, 2, 2;0,  0;0,  0> +
        ( 0.0000451,-0.0004266)|   0, 2, 1;0,  0;0,  0> +
        (-0.0000012, 0.0003994)|   0, 3, 1;0,  0;0,  0> +
        ( 0.0000000,-0.0003927)|   0, 3, 3;0,  0;0,  0> +
        ( 0.0003639,-0.0000002)|   3, 1, 0;0,  0;0,  0> +
        ( 0.0000003, 0.0003605)|   3, 0, 1;0,  0;0,  0> +
        ( 0.0002761,-0.0000267)|   0, 1, 2;0,  0;0,  0> +
        (-0.0002747,-0.0000002)|   3, 0, 2;0,  0;0,  0> +
        (-0.0002684,-0.0000000)|   2, 2, 2;0,  0;0,  0> +
        (-0.0002001, 0.0000285)|   0, 3, 0;0,  0;0,  0> +
        (-0.0001982, 0.0000007)|   3, 2, 0;0,  0;0,  0> +
        (-0.0001873,-0.0000013)|   1, 3, 0;0,  0;0,  0> +
        (-0.0001561, 0.0000011)|   0, 3, 2;0,  0;0,  0> +
        ( 0.0001509, 0.0000012)|   6, 0, 0;0,  0;0,  0> +
        ( 0.0000001,-0.0001464)|   1, 2, 1;0,  0;0,  0> +
        ( 0.0000006,-0.0001393)|   1, 0, 3;0,  0;0,  0> +
        ( 0.0000012,-0.0001292)|   0, 2, 3;0,  0;0,  0> +
        (-0.0000991, 0.0000000)|   0, 2, 2;0,  0;0,  0> +
        ( 0.0000002, 0.0000757)|   0, 1, 1;0,  0;0,  0> +
        (-0.0000727, 0.0000001)|   1, 1, 2;0,  0;0,  0> +
        (-0.0000658,-0.0000001)|   5, 0, 0;1,  0;0,  0> +
        ( 0.0000658, 0.0000001)|   5, 0, 0;0,  0;1,  0> +
        ( 0.0000142, 0.0000001)|   4, 2, 0;0,  0;0,  0> +
        (-0.0000080, 0.0000000)|   4, 0, 2;0,  0;0,  0> +
        ( 0.0000068, 0.0000001)|   1, 1, 0;0,  0;0,  0> +
        ( 0.0000001,-0.0000066)|   1, 0, 1;0,  0;0,  0> +
        ( 0.0000044, 0.0000001)|   3, 2, 2;0,  0;0,  0> +
        (-0.0000042,-0.0000000)|   7, 0, 0;0,  0;0,  0> +
        ( 0.0000026,-0.0000000)|   3, 0, 0;0,  0;0,  0> +
        (-0.0000019,-0.0000000)|   2, 0, 0;0,  0;0,  0> +
        ( 0.0000018, 0.0000000)|   1, 0, 0;0,  0;0,  0> +
        (-0.0000017,-0.0000004)|   8, 0, 0;0,  0;0,  0> +
         ...
 | 6> = ( 0.0000000,-0.7392403)|   0, 0, 1;0,  0;0,  0> +
        (-0.6734473, 0.0000000)|   0, 1, 0;0,  0;0,  0> +
        (-0.0002187,-0.0000000)|   3, 0, 0;0,  0;0,  0> +
        (-0.0000953,-0.0000000)|   1, 0, 2;0,  0;0,  0> +
        (-0.0000943, 0.0000000)|   1, 2, 0;0,  0;0,  0> +
        (-0.0000000, 0.0000486)|   0, 0, 1;1,  0;0,  0> +
        ( 0.0000000,-0.0000486)|   0, 0, 1;0,  0;1,  0> +
        ( 0.0000443, 0.0000000)|   0, 1, 0;1,  0;0,  0> +
        (-0.0000443, 0.0000000)|   0, 1, 0;0,  0;1,  0> +
        (-0.0000280, 0.0000000)|   0, 2, 0;0,  0;0,  0> +
        ( 0.0000144,-0.0000000)|   4, 0, 0;0,  0;0,  0> +
        (-0.0000104,-0.0000000)|   0, 0, 2;0,  0;0,  0> +
        ( 0.0000034,-0.0000000)|   1, 1, 0;0,  0;0,  0> +
        (-0.0000000,-0.0000015)|   2, 0, 1;0,  0;0,  0> +
        (-0.0000013,-0.0000002)|   3, 1, 0;0,  0;0,  0> +
        ( 0.0000011, 0.0000000)|   7, 0, 0;0,  0;0,  0> +
         ...
 | 7> = ( 0.7392296, 0.0000000)|   0, 1, 0;0,  0;0,  0> +
        ( 0.0000000,-0.6734352)|   0, 0, 1;0,  0;0,  0> +
        (-0.0045166, 0.0000000)|   3, 0, 0;0,  0;0,  0> +
        (-0.0022167,-0.0000000)|   1, 0, 2;0,  0;0,  0> +
        (-0.0021790, 0.0000000)|   1, 2, 0;0,  0;0,  0> +
        ( 0.0003119,-0.0000000)|   4, 0, 0;0,  0;0,  0> +
        ( 0.0002202,-0.0000000)|   0, 0, 2;0,  0;0,  0> +
        (-0.0002185, 0.0000000)|   0, 2, 0;0,  0;0,  0> +
        (-0.0000486,-0.0000000)|   0, 1, 0;1,  0;0,  0> +
        ( 0.0000486,-0.0000000)|   0, 1, 0;0,  0;1,  0> +
        ( 0.0000000, 0.0000443)|   0, 0, 1;1,  0;0,  0> +
        ( 0.0000000,-0.0000443)|   0, 0, 1;0,  0;1,  0> +
        ( 0.0000205, 0.0000000)|   0, 2, 2;0,  0;0,  0> +
        ( 0.0000123,-0.0000000)|   1, 1, 0;0,  0;0,  0> +
        (-0.0000000, 0.0000096)|   1, 0, 1;0,  0;0,  0> +
        (-0.0000056,-0.0000000)|   2, 2, 0;0,  0;0,  0> +
        (-0.0000053, 0.0000000)|   2, 0, 2;0,  0;0,  0> +
        (-0.0000019, 0.0000000)|   2, 1, 0;0,  0;0,  0> +
        ( 0.0000000, 0.0000018)|   2, 0, 1;0,  0;0,  0> +
        ( 0.0000004,-0.0000016)|   3, 0, 1;0,  0;0,  0> +
        (-0.0000012, 0.0000000)|   4, 1, 0;0,  0;0,  0> +
        (-0.0000010, 0.0000003)|   3, 1, 0;0,  0;0,  0> +
         ...
 | 8> = (-0.9998744,-0.0077616)|   6, 0, 0;0,  0;0,  0> +
        ( 0.0103420, 0.0007913)|   3, 1, 0;0,  0;0,  0> +
        ( 0.0007908, 0.0088630)|   3, 0, 1;0,  0;0,  0> +
        (-0.0011274,-0.0000001)|   2, 2, 2;0,  0;0,  0> +
        (-0.0010386,-0.0000014)|   4, 2, 0;0,  0;0,  0> +
        (-0.0010210, 0.0000018)|   4, 0, 2;0,  0;0,  0> +
        (-0.0007133,-0.0000000)|   1, 2, 2;0,  0;0,  0> +
        ( 0.0006464, 0.0000054)|   3, 2, 0;0,  0;0,  0> +
        (-0.0006153,-0.0000078)|   0, 3, 0;0,  0;0,  0> +
        (-0.0000071,-0.0003670)|   0, 2, 1;0,  0;0,  0> +
        (-0.0003081, 0.0000002)|   2, 3, 0;0,  0;0,  0> +
        (-0.0002324,-0.0000055)|   3, 0, 2;0,  0;0,  0> +
        (-0.0000010,-0.0002127)|   2, 0, 3;0,  0;0,  0> +
        (-0.0002065,-0.0000002)|   1, 3, 2;0,  0;0,  0> +
        ( 0.0000003, 0.0002046)|   1, 3, 3;0,  0;0,  0> +
        ( 0.0000002,-0.0001921)|   1, 2, 3;0,  0;0,  0> +
        ( 0.0000235, 0.0001795)|   0, 2, 3;0,  0;0,  0> +
        (-0.0000017,-0.0001783)|   1, 0, 3;0,  0;0,  0> +
        ( 0.0000002,-0.0001496)|   2, 2, 1;0,  0;0,  0> +
        (-0.0001474,-0.0000008)|   2, 0, 2;0,  0;0,  0> +
        ( 0.0001474, 0.0000008)|   2, 2, 0;0,  0;0,  0> +
        (-0.0001453,-0.0000001)|   2, 1, 2;0,  0;0,  0> +
        ( 0.0001432, 0.0000001)|   5, 0, 0;0,  0;0,  0> +
        (-0.0000001,-0.0001236)|   0, 3, 1;0,  0;0,  0> +
        ( 0.0000087, 0.0001085)|   0, 0, 3;0,  0;0,  0> +
        (-0.0000001, 0.0001023)|   0, 1, 3;0,  0;0,  0> +
        (-0.0000925,-0.0000103)|   1, 3, 0;0,  0;0,  0> +
        (-0.0000902, 0.0000001)|   4, 1, 0;0,  0;0,  0> +
        (-0.0000003,-0.0000863)|   4, 0, 1;0,  0;0,  0> +
        (-0.0000658,-0.0000005)|   6, 0, 0;0,  0;1,  0> +
        ( 0.0000658, 0.0000005)|   6, 0, 0;1,  0;0,  0> +
        (-0.0000615,-0.0000000)|   3, 2, 2;0,  0;0,  0> +
        (-0.0000053, 0.0000536)|   1, 2, 1;0,  0;0,  0> +
        (-0.0000442, 0.0000214)|   0, 1, 2;0,  0;0,  0> +
        (-0.0000445, 0.0000099)|   1, 1, 2;0,  0;0,  0> +
        ( 0.0000018, 0.0000422)|   1, 1, 1;0,  0;0,  0> +
        (-0.0000188, 0.0000235)|   0, 3, 2;0,  0;0,  0> +
        (-0.0000000, 0.0000234)|   0, 1, 1;0,  0;0,  0> +
        ( 0.0000000, 0.0000193)|   0, 3, 3;0,  0;0,  0> +
        ( 0.0000125,-0.0000000)|   4, 2, 2;0,  0;0,  0> +
        ( 0.0000037,-0.0000000)|   0, 2, 2;0,  0;0,  0> +
        ( 0.0000029,-0.0000000)|   3, 0, 0;0,  0;0,  0> +
        (-0.0000019, 0.0000000)|   2, 1, 0;0,  0;0,  0> +
        (-0.0000000, 0.0000019)|   2, 0, 1;0,  0;0,  0> +
        ( 0.0000018, 0.0000000)|   7, 0, 0;0,  0;0,  0> +
        ( 0.0000017,-0.0000000)|   2, 0, 0;0,  0;0,  0> +
        ( 0.0000011, 0.0000000)|   2, 3, 2;0,  0;0,  0> +
         ...
 | 9> = (-0.7449053, 0.0001462)|   1, 1, 0;0,  0;0,  0> +
        ( 0.0001456,-0.6670961)|   1, 0, 1;0,  0;0,  0> +
        ( 0.0091748, 0.0000001)|   4, 0, 0;0,  0;0,  0> +
        (-0.0016917, 0.0000000)|   0, 0, 2;0,  0;0,  0> +
        ( 0.0016917,-0.0000000)|   0, 2, 0;0,  0;0,  0> +
        ( 0.0015488,-0.0000048)|   2, 1, 0;0,  0;0,  0> +
        ( 0.0000039, 0.0014239)|   2, 0, 1;0,  0;0,  0> +
        ( 0.0013470,-0.0000000)|   1, 2, 0;0,  0;0,  0> +
        ( 0.0006790,-0.0000034)|   2, 0, 2;0,  0;0,  0> +
        ( 0.0006602, 0.0000034)|   2, 2, 0;0,  0;0,  0> +
        (-0.0006335,-0.0000000)|   0, 2, 2;0,  0;0,  0> +
        (-0.0005741, 0.0000000)|   1, 0, 2;0,  0;0,  0> +
        (-0.0000007,-0.0001199)|   0, 0, 3;0,  0;0,  0> +
        (-0.0001165,-0.0000030)|   0, 3, 0;0,  0;0,  0> +
        (-0.0000721, 0.0000019)|   0, 1, 2;0,  0;0,  0> +
        (-0.0000026,-0.0000619)|   0, 2, 1;0,  0;0,  0> +
        (-0.0000490, 0.0000000)|   1, 1, 0;0,  0;1,  0> +
        ( 0.0000490,-0.0000000)|   1, 1, 0;1,  0;0,  0> +
        ( 0.0000000,-0.0000439)|   1, 0, 1;0,  0;1,  0> +
        (-0.0000000, 0.0000439)|   1, 0, 1;1,  0;0,  0> +
        (-0.0000432, 0.0000000)|   3, 0, 0;0,  0;0,  0> +
        (-0.0000007, 0.0000424)|   0, 1, 1;0,  0;0,  0> +
        (-0.0000000,-0.0000122)|   0, 0, 1;0,  0;0,  0> +
        ( 0.0000091,-0.0000000)|   0, 1, 0;0,  0;0,  0> +
        (-0.0000053,-0.0000001)|   1, 2, 2;0,  0;0,  0> +
        ( 0.0000036, 0.0000001)|   2, 2, 2;0,  0;0,  0> +
        ( 0.0000035,-0.0000001)|   3, 2, 0;0,  0;0,  0> +
        ( 0.0000033, 0.0000001)|   3, 0, 2;0,  0;0,  0> +
        (-0.0000007, 0.0000009)|   3, 0, 1;0,  0;0,  0> +
         ...
 |10> = ( 0.0025414, 0.7445055)|   1, 0, 1;0,  0;0,  0> +
        (-0.6666362, 0.0025523)|   1, 1, 0;0,  0;0,  0> +
        ( 0.0263843,-0.0000833)|   2, 1, 0;0,  0;0,  0> +
        ( 0.0000683, 0.0243244)|   2, 0, 1;0,  0;0,  0> +
        ( 0.0013159,-0.0000000)|   0, 2, 0;0,  0;0,  0> +
        (-0.0013159, 0.0000000)|   0, 0, 2;0,  0;0,  0> +
        (-0.0000119,-0.0008584)|   0, 0, 3;0,  0;0,  0> +
        (-0.0000114, 0.0007607)|   0, 1, 1;0,  0;0,  0> +
        (-0.0007552,-0.0000533)|   0, 3, 0;0,  0;0,  0> +
        (-0.0006341, 0.0000012)|   4, 0, 0;0,  0;0,  0> +
        (-0.0005741, 0.0000001)|   1, 0, 2;0,  0;0,  0> +
        ( 0.0005103,-0.0000001)|   1, 2, 0;0,  0;0,  0> +
        (-0.0004813, 0.0000338)|   0, 1, 2;0,  0;0,  0> +
        (-0.0004710,-0.0000614)|   2, 0, 2;0,  0;0,  0> +
        (-0.0000450,-0.0003350)|   0, 2, 1;0,  0;0,  0> +
        ( 0.0003326,-0.0000000)|   0, 2, 2;0,  0;0,  0> +
        (-0.0001589,-0.0000017)|   1, 2, 2;0,  0;0,  0> +
        ( 0.0001128, 0.0000620)|   2, 2, 0;0,  0;0,  0> +
        ( 0.0000640,-0.0000009)|   3, 2, 0;0,  0;0,  0> +
        ( 0.0000630, 0.0000019)|   2, 2, 2;0,  0;0,  0> +
        ( 0.0000568, 0.0000021)|   3, 0, 2;0,  0;0,  0> +
        ( 0.0000002, 0.0000490)|   1, 0, 1;0,  0;1,  0> +
        (-0.0000002,-0.0000490)|   1, 0, 1;1,  0;0,  0> +
        (-0.0000439, 0.0000002)|   1, 1, 0;0,  0;1,  0> +
        ( 0.0000439,-0.0000002)|   1, 1, 0;1,  0;0,  0> +
        ( 0.0000118,-0.0000000)|   5, 0, 0;0,  0;0,  0> +
        ( 0.0000007,-0.0000044)|   3, 0, 1;0,  0;0,  0> +
        (-0.0000000,-0.0000030)|   0, 0, 1;0,  0;0,  0> +
        (-0.0000028, 0.0000008)|   3, 1, 0;0,  0;0,  0> +
        ( 0.0000024, 0.0000000)|   3, 0, 0;0,  0;0,  0> +
        ( 0.0000018,-0.0000000)|   2, 1, 0;0,  0;1,  0> +
        (-0.0000018, 0.0000000)|   2, 1, 0;1,  0;0,  0> +
        (-0.0000000,-0.0000016)|   2, 0, 1;1,  0;0,  0> +
        ( 0.0000000, 0.0000016)|   2, 0, 1;0,  0;1,  0> +
        (-0.0000011,-0.0000002)|   8, 0, 0;0,  0;0,  0> +
         ...
 |11> = (-0.9493916, 0.0050539)|   2, 1, 0;0,  0;0,  0> +
        ( 0.0050125,-0.3122635)|   2, 0, 1;0,  0;0,  0> +
        (-0.0232165, 0.0000205)|   1, 1, 0;0,  0;0,  0> +
        ( 0.0000204, 0.0230536)|   1, 0, 1;0,  0;0,  0> +
        ( 0.0000021, 0.0046359)|   0, 1, 1;0,  0;0,  0> +
        ( 0.0011432, 0.0000000)|   0, 2, 2;0,  0;0,  0> +
        (-0.0009313, 0.0000140)|   3, 2, 0;0,  0;0,  0> +
        ( 0.0008442,-0.0000022)|   0, 3, 0;0,  0;0,  0> +
        (-0.0000162, 0.0007894)|   0, 2, 1;0,  0;0,  0> +
        (-0.0000021,-0.0006617)|   0, 0, 3;0,  0;0,  0> +
        ( 0.0005063, 0.0000004)|   1, 2, 2;0,  0;0,  0> +
        (-0.0005033, 0.0000023)|   3, 0, 2;0,  0;0,  0> +
        (-0.0004346, 0.0000000)|   1, 2, 0;0,  0;0,  0> +
        ( 0.0004320,-0.0000000)|   1, 0, 2;0,  0;0,  0> +
        (-0.0003120, 0.0000000)|   0, 0, 2;0,  0;0,  0> +
        ( 0.0003120,-0.0000000)|   0, 2, 0;0,  0;0,  0> +
        (-0.0003011, 0.0000008)|   5, 0, 0;0,  0;0,  0> +
        (-0.0002920,-0.0000155)|   0, 1, 2;0,  0;0,  0> +
        (-0.0001431,-0.0000058)|   2, 0, 2;0,  0;0,  0> +
        (-0.0001248, 0.0000058)|   2, 2, 0;0,  0;0,  0> +
        ( 0.0001198,-0.0000053)|   2, 2, 2;0,  0;0,  0> +
        ( 0.0000625,-0.0000003)|   2, 1, 0;1,  0;0,  0> +
        (-0.0000625, 0.0000003)|   2, 1, 0;0,  0;1,  0> +
        ( 0.0000011, 0.0000414)|   0, 3, 1;0,  0;0,  0> +
        (-0.0000003,-0.0000293)|   0, 1, 3;0,  0;0,  0> +
        ( 0.0000266,-0.0000027)|   0, 3, 2;0,  0;0,  0> +
        (-0.0000002, 0.0000261)|   3, 0, 1;0,  0;0,  0> +
        ( 0.0000260,-0.0000001)|   3, 1, 0;0,  0;0,  0> +
        ( 0.0000003,-0.0000205)|   2, 0, 1;0,  0;1,  0> +
        (-0.0000003, 0.0000205)|   2, 0, 1;1,  0;0,  0> +
        (-0.0000162, 0.0000002)|   1, 3, 0;0,  0;0,  0> +
        (-0.0000001,-0.0000142)|   1, 0, 3;0,  0;0,  0> +
        (-0.0000001,-0.0000102)|   1, 2, 1;0,  0;0,  0> +
        (-0.0000083, 0.0000000)|   1, 1, 2;0,  0;0,  0> +
        (-0.0000062, 0.0000000)|   4, 0, 0;0,  0;0,  0> +
        (-0.0000052, 0.0000001)|   0, 2, 3;0,  0;0,  0> +
        ( 0.0000001,-0.0000021)|   0, 3, 3;0,  0;0,  0> +
        (-0.0000000,-0.0000015)|   1, 0, 1;1,  0;0,  0> +
        ( 0.0000000, 0.0000015)|   1, 0, 1;0,  0;1,  0> +
        ( 0.0000015,-0.0000000)|   1, 1, 0;1,  0;0,  0> +
        (-0.0000015, 0.0000000)|   1, 1, 0;0,  0;1,  0> +
         ...
 |12> = (-0.0099387,-0.9495865)|   2, 0, 1;0,  0;0,  0> +
        ( 0.3126849,-0.0099464)|   2, 1, 0;0,  0;0,  0> +
        (-0.0105624,-0.0000042)|   1, 1, 0;0,  0;0,  0> +
        (-0.0000042, 0.0104932)|   1, 0, 1;0,  0;0,  0> +
        ( 0.0000035,-0.0090837)|   0, 1, 1;0,  0;0,  0> +
        ( 0.0018056,-0.0000277)|   3, 2, 0;0,  0;0,  0> +
        (-0.0017766, 0.0000504)|   0, 3, 0;0,  0;0,  0> +
        ( 0.0000795,-0.0016078)|   0, 2, 1;0,  0;0,  0> +
        ( 0.0000045, 0.0012909)|   0, 0, 3;0,  0;0,  0> +
        ( 0.0009632,-0.0000265)|   2, 2, 0;0,  0;0,  0> +
        ( 0.0009585,-0.0000061)|   3, 0, 2;0,  0;0,  0> +
        (-0.0006422, 0.0000265)|   2, 0, 2;0,  0;0,  0> +
        (-0.0006013,-0.0000003)|   1, 2, 2;0,  0;0,  0> +
        ( 0.0005922,-0.0000016)|   5, 0, 0;0,  0;0,  0> +
        ( 0.0005913, 0.0000002)|   0, 1, 2;0,  0;0,  0> +
        (-0.0005135,-0.0000000)|   0, 2, 2;0,  0;0,  0> +
        (-0.0002626, 0.0000095)|   2, 2, 2;0,  0;0,  0> +
        (-0.0002486, 0.0000000)|   1, 2, 0;0,  0;0,  0> +
        ( 0.0002473,-0.0000000)|   1, 0, 2;0,  0;0,  0> +
        ( 0.0001639,-0.0000000)|   0, 2, 0;0,  0;0,  0> +
        (-0.0001638, 0.0000000)|   0, 0, 2;0,  0;0,  0> +
        (-0.0000021,-0.0000819)|   0, 3, 1;0,  0;0,  0> +
        (-0.0000007,-0.0000625)|   2, 0, 1;0,  0;1,  0> +
        ( 0.0000007, 0.0000625)|   2, 0, 1;1,  0;0,  0> +
        ( 0.0000006, 0.0000581)|   0, 1, 3;0,  0;0,  0> +
        ( 0.0000008,-0.0000572)|   3, 0, 1;0,  0;0,  0> +
        (-0.0000558, 0.0000009)|   3, 1, 0;0,  0;0,  0> +
        (-0.0000530, 0.0000053)|   0, 3, 2;0,  0;0,  0> +
        ( 0.0000325,-0.0000003)|   1, 3, 0;0,  0;0,  0> +
        ( 0.0000002, 0.0000281)|   1, 0, 3;0,  0;0,  0> +
        (-0.0000206, 0.0000007)|   2, 1, 0;1,  0;0,  0> +
        ( 0.0000206,-0.0000007)|   2, 1, 0;0,  0;1,  0> +
        ( 0.0000003, 0.0000200)|   1, 2, 1;0,  0;0,  0> +
        ( 0.0000163, 0.0000000)|   1, 1, 2;0,  0;0,  0> +
        ( 0.0000102,-0.0000002)|   0, 2, 3;0,  0;0,  0> +
        (-0.0000002, 0.0000041)|   0, 3, 3;0,  0;0,  0> +
        ( 0.0000027,-0.0000000)|   0, 1, 0;0,  0;0,  0> +
        ( 0.0000021, 0.0000000)|   4, 0, 2;0,  0;0,  0> +
        (-0.0000018, 0.0000000)|   4, 0, 0;0,  0;0,  0> +
        (-0.0000011,-0.0000001)|   6, 1, 0;0,  0;0,  0> +
         ...
 |13> = ( 0.9997307, 0.0054077)|   7, 0, 0;0,  0;0,  0> +
        (-0.0002373,-0.0179991)|   4, 0, 1;0,  0;0,  0> +
        (-0.0002913,-0.0096603)|   1, 1, 1;0,  0;0,  0> +
        ( 0.0075824,-0.0002045)|   4, 1, 0;0,  0;0,  0> +
        ( 0.0026724, 0.0000054)|   4, 0, 2;0,  0;0,  0> +
        ( 0.0023621,-0.0000019)|   4, 2, 0;0,  0;0,  0> +
        ( 0.0000569, 0.0019880)|   2, 1, 1;0,  0;0,  0> +
        (-0.0000534,-0.0019795)|   1, 0, 3;0,  0;0,  0> +
        ( 0.0015408, 0.0000002)|   2, 2, 2;0,  0;0,  0> +
        ( 0.0001044,-0.0011635)|   0, 2, 1;0,  0;0,  0> +
        ( 0.0000091, 0.0011152)|   0, 1, 3;0,  0;0,  0> +
        ( 0.0001327, 0.0008945)|   1, 3, 1;0,  0;0,  0> +
        ( 0.0008888, 0.0000607)|   0, 3, 0;0,  0;0,  0> +
        ( 0.0001353, 0.0007207)|   0, 2, 3;0,  0;0,  0> +
        ( 0.0000175, 0.0007074)|   3, 3, 3;0,  0;0,  0> +
        (-0.0006610,-0.0000081)|   3, 2, 0;0,  0;0,  0> +
        ( 0.0006583, 0.0000077)|   3, 0, 2;0,  0;0,  0> +
        ( 0.0005535,-0.0002619)|   1, 3, 2;0,  0;0,  0> +
        (-0.0005939, 0.0000313)|   1, 3, 0;0,  0;0,  0> +
        (-0.0002608,-0.0005295)|   1, 2, 3;0,  0;0,  0> +
        ( 0.0000164, 0.0005222)|   1, 1, 3;0,  0;0,  0> +
        (-0.0004938, 0.0000182)|   2, 1, 2;0,  0;0,  0> +
        ( 0.0000047,-0.0004824)|   0, 3, 1;0,  0;0,  0> +
        (-0.0004617,-0.0000004)|   3, 2, 2;0,  0;0,  0> +
        (-0.0004039, 0.0001356)|   0, 3, 2;0,  0;0,  0> +
        ( 0.0002933, 0.0003082)|   3, 1, 0;0,  0;0,  0> +
        ( 0.0003055,-0.0002909)|   3, 0, 1;0,  0;0,  0> +
        ( 0.0003875,-0.0000845)|   1, 1, 2;0,  0;0,  0> +
        ( 0.0000028,-0.0003904)|   2, 0, 3;0,  0;0,  0> +
        ( 0.0003881, 0.0000001)|   4, 2, 2;0,  0;0,  0> +
        ( 0.0003586, 0.0000055)|   2, 3, 2;0,  0;0,  0> +
        (-0.0001142,-0.0003159)|   0, 0, 3;0,  0;0,  0> +
        (-0.0000087,-0.0003211)|   2, 2, 1;0,  0;0,  0> +
        (-0.0000003,-0.0002854)|   2, 3, 3;0,  0;0,  0> +
        ( 0.0001785,-0.0001978)|   0, 1, 2;0,  0;0,  0> +
        ( 0.0002419,-0.0000127)|   2, 3, 0;0,  0;0,  0> +
        ( 0.0000609,-0.0001623)|   1, 2, 1;0,  0;0,  0> +
        ( 0.0000064,-0.0001060)|   2, 2, 3;0,  0;0,  0> +
        ( 0.0000000, 0.0000708)|   1, 3, 3;0,  0;0,  0> +
        ( 0.0000658, 0.0000004)|   7, 0, 0;0,  0;1,  0> +
        (-0.0000658,-0.0000004)|   7, 0, 0;1,  0;0,  0> +
        (-0.0000091,-0.0000489)|   2, 1, 3;0,  0;0,  0> +
        ( 0.0000001,-0.0000289)|   4, 3, 3;0,  0;0,  0> +
        (-0.0000274, 0.0000000)|   1, 2, 2;0,  0;0,  0> +
        (-0.0000009, 0.0000261)|   3, 1, 1;0,  0;0,  0> +
        (-0.0000006,-0.0000112)|   5, 0, 1;0,  0;0,  0> +
        (-0.0000000, 0.0000111)|   0, 3, 3;0,  0;0,  0> +
        ( 0.0000075, 0.0000016)|   8, 0, 0;0,  0;0,  0> +
        ( 0.0000073, 0.0000001)|   3, 3, 2;0,  0;0,  0> +
        (-0.0000055,-0.0000001)|   3, 3, 0;0,  0;0,  0> +
        ( 0.0000006, 0.0000047)|   2, 3, 1;0,  0;0,  0> +
        ( 0.0000000,-0.0000038)|   3, 0, 3;0,  0;0,  0> +
        ( 0.0000036, 0.0000000)|   5, 0, 0;0,  0;0,  0> +
        (-0.0000035,-0.0000000)|   3, 1, 2;0,  0;0,  0> +
        (-0.0000034,-0.0000000)|   6, 0, 0;0,  0;0,  0> +
        ( 0.0000000,-0.0000033)|   3, 2, 1;0,  0;0,  0> +
        (-0.0000001, 0.0000023)|   3, 2, 3;0,  0;0,  0> +
        (-0.0000021, 0.0000004)|   5, 1, 0;0,  0;0,  0> +
        (-0.0000014, 0.0000000)|   4, 0, 0;0,  0;0,  0> +
        ( 0.0000012, 0.0000000)|   3, 0, 0;0,  0;0,  0> +
        ( 0.0000000, 0.0000012)|   4, 0, 1;1,  0;0,  0> +
        (-0.0000000,-0.0000012)|   4, 0, 1;0,  0;1,  0> +
        ( 0.0000002,-0.0000011)|   0, 1, 1;0,  0;0,  0> +
         ...
 |14> = ( 0.0009373, 0.7093465)|   3, 0, 1;0,  0;0,  0> +
        ( 0.7046406, 0.0004898)|   3, 1, 0;0,  0;0,  0> +
        ( 0.0135766, 0.0001055)|   6, 0, 0;0,  0;0,  0> +
        (-0.0079527,-0.0000101)|   3, 0, 2;0,  0;0,  0> +
        (-0.0052448, 0.0000143)|   3, 2, 0;0,  0;0,  0> +
        (-0.0031824, 0.0000928)|   0, 1, 2;0,  0;0,  0> +
        ( 0.0000943,-0.0024317)|   0, 0, 3;0,  0;0,  0> +
        ( 0.0020249, 0.0000117)|   2, 2, 0;0,  0;0,  0> +
        (-0.0020247,-0.0000117)|   2, 0, 2;0,  0;0,  0> +
        (-0.0016411, 0.0001051)|   0, 3, 0;0,  0;0,  0> +
        (-0.0009338,-0.0000043)|   3, 2, 2;0,  0;0,  0> +
        (-0.0008692,-0.0000000)|   2, 2, 2;0,  0;0,  0> +
        (-0.0000170,-0.0006446)|   1, 0, 3;0,  0;0,  0> +
        (-0.0006164,-0.0000111)|   1, 3, 0;0,  0;0,  0> +
        ( 0.0005721,-0.0000162)|   4, 0, 2;0,  0;0,  0> +
        ( 0.0001105, 0.0005298)|   0, 2, 1;0,  0;0,  0> +
        (-0.0005088,-0.0000006)|   5, 0, 0;0,  0;0,  0> +
        (-0.0004275, 0.0000764)|   0, 3, 2;0,  0;0,  0> +
        (-0.0000008,-0.0004001)|   1, 2, 1;0,  0;0,  0> +
        ( 0.0000762, 0.0003379)|   0, 2, 3;0,  0;0,  0> +
        (-0.0002810, 0.0000044)|   1, 1, 2;0,  0;0,  0> +
        (-0.0000000, 0.0002342)|   0, 3, 3;0,  0;0,  0> +
        (-0.0002257, 0.0000000)|   0, 2, 2;0,  0;0,  0> +
        ( 0.0002245, 0.0000070)|   4, 2, 0;0,  0;0,  0> +
        (-0.0000002,-0.0002025)|   0, 1, 1;0,  0;0,  0> +
        ( 0.0000063, 0.0001964)|   0, 1, 3;0,  0;0,  0> +
        ( 0.0000031,-0.0000838)|   0, 3, 1;0,  0;0,  0> +
        (-0.0000012,-0.0000766)|   2, 0, 1;0,  0;0,  0> +
        ( 0.0000736,-0.0000011)|   2, 1, 0;0,  0;0,  0> +
        (-0.0000001,-0.0000467)|   3, 0, 1;1,  0;0,  0> +
        ( 0.0000001, 0.0000467)|   3, 0, 1;0,  0;1,  0> +
        (-0.0000464,-0.0000000)|   3, 1, 0;1,  0;0,  0> +
        ( 0.0000464, 0.0000000)|   3, 1, 0;0,  0;1,  0> +
        (-0.0000281,-0.0000000)|   1, 2, 2;0,  0;0,  0> +
        (-0.0000002,-0.0000141)|   1, 1, 1;0,  0;0,  0> +
        ( 0.0000117, 0.0000003)|   4, 1, 0;0,  0;0,  0> +
        ( 0.0000003,-0.0000092)|   2, 0, 3;0,  0;0,  0> +
        (-0.0000004, 0.0000083)|   4, 0, 1;0,  0;0,  0> +
        (-0.0000056,-0.0000000)|   2, 3, 0;0,  0;0,  0> +
        (-0.0000000, 0.0000052)|   1, 3, 3;0,  0;0,  0> +
        (-0.0000039,-0.0000001)|   2, 1, 2;0,  0;0,  0> +
        (-0.0000001,-0.0000038)|   2, 2, 1;0,  0;0,  0> +
        (-0.0000000,-0.0000025)|   0, 0, 1;0,  0;0,  0> +
        (-0.0000000,-0.0000020)|   1, 2, 3;0,  0;0,  0> +
        (-0.0000001,-0.0000016)|   5, 0, 1;0,  0;0,  0> +
        ( 0.0000015, 0.0000001)|   4, 2, 2;0,  0;0,  0> +
        ( 0.0000015,-0.0000001)|  10, 0, 0;0,  0;0,  0> +
        (-0.0000005,-0.0000010)|   6, 0, 1;0,  0;0,  0> +
         ...
 |15> = (-0.4863851,-0.5164051)|   3, 1, 0;0,  0;0,  0> +
        (-0.5120035, 0.4842148)|   3, 0, 1;0,  0;0,  0> +
        ( 0.0001207, 0.0085929)|   1, 1, 1;0,  0;0,  0> +
        (-0.0057391,-0.0002508)|   4, 1, 0;0,  0;0,  0> +
        ( 0.0003498,-0.0040981)|   4, 0, 1;0,  0;0,  0> +
        ( 0.0017790,-0.0000890)|   4, 0, 2;0,  0;0,  0> +
        (-0.0000120, 0.0016682)|   0, 0, 3;0,  0;0,  0> +
        (-0.0015507,-0.0000470)|   6, 0, 0;0,  0;0,  0> +
        (-0.0015498,-0.0000557)|   3, 0, 2;0,  0;0,  0> +
        ( 0.0013727, 0.0000551)|   3, 2, 0;0,  0;0,  0> +
        ( 0.0002440,-0.0010190)|   0, 2, 1;0,  0;0,  0> +
        ( 0.0009658, 0.0001047)|   4, 2, 0;0,  0;0,  0> +
        (-0.0001694,-0.0008453)|   0, 2, 3;0,  0;0,  0> +
        (-0.0007929, 0.0001744)|   0, 3, 0;0,  0;0,  0> +
        (-0.0006698,-0.0000688)|   4, 2, 2;0,  0;0,  0> +
        ( 0.0006476, 0.0000034)|   7, 0, 0;0,  0;0,  0> +
        ( 0.0000321, 0.0005640)|   0, 3, 1;0,  0;0,  0> +
        ( 0.0005265,-0.0001696)|   0, 3, 2;0,  0;0,  0> +
        (-0.0005059,-0.0000772)|   0, 1, 2;0,  0;0,  0> +
        (-0.0000003,-0.0004871)|   0, 3, 3;0,  0;0,  0> +
        (-0.0004366,-0.0000338)|   2, 3, 0;0,  0;0,  0> +
        (-0.0003745,-0.0000191)|   3, 2, 2;0,  0;0,  0> +
        (-0.0003610, 0.0000006)|   2, 1, 2;0,  0;0,  0> +
        (-0.0000309,-0.0003142)|   1, 0, 3;0,  0;0,  0> +
        (-0.0000034,-0.0001928)|   2, 2, 1;0,  0;0,  0> +
        ( 0.0001053,-0.0000384)|   1, 1, 2;0,  0;0,  0> +
        ( 0.0000236,-0.0001025)|   1, 2, 1;0,  0;0,  0> +
        ( 0.0000038,-0.0000886)|   1, 2, 3;0,  0;0,  0> +
        ( 0.0000116,-0.0000702)|   2, 3, 3;0,  0;0,  0> +
        (-0.0000197, 0.0000676)|   2, 0, 3;0,  0;0,  0> +
        ( 0.0000571,-0.0000404)|   0, 1, 3;0,  0;0,  0> +
        (-0.0000694, 0.0000001)|   2, 2, 2;0,  0;0,  0> +
        ( 0.0000320, 0.0000340)|   3, 1, 0;1,  0;0,  0> +
        (-0.0000320,-0.0000340)|   3, 1, 0;0,  0;1,  0> +
        (-0.0000337, 0.0000319)|   3, 0, 1;0,  0;1,  0> +
        ( 0.0000337,-0.0000319)|   3, 0, 1;1,  0;0,  0> +
        (-0.0000432,-0.0000025)|   1, 3, 2;0,  0;0,  0> +
        ( 0.0000012,-0.0000377)|   1, 3, 1;0,  0;0,  0> +
        ( 0.0000014, 0.0000314)|   2, 1, 1;0,  0;0,  0> +
        ( 0.0000149, 0.0000230)|   1, 3, 0;0,  0;0,  0> +
        ( 0.0000218, 0.0000030)|   2, 3, 2;0,  0;0,  0> +
        (-0.0000066,-0.0000205)|   1, 3, 3;0,  0;0,  0> +
        ( 0.0000198, 0.0000000)|   1, 2, 2;0,  0;0,  0> +
        ( 0.0000009,-0.0000108)|   1, 1, 3;0,  0;0,  0> +
        (-0.0000055, 0.0000089)|   2, 2, 3;0,  0;0,  0> +
        (-0.0000044,-0.0000004)|   2, 1, 0;0,  0;0,  0> +
        ( 0.0000001,-0.0000041)|   0, 1, 1;0,  0;0,  0> +
        ( 0.0000004, 0.0000033)|   5, 0, 0;0,  0;0,  0> +
        (-0.0000004, 0.0000033)|   2, 0, 1;0,  0;0,  0> +
        (-0.0000027,-0.0000000)|   2, 0, 2;0,  0;0,  0> +
        ( 0.0000027,-0.0000000)|   2, 2, 0;0,  0;0,  0> +
        (-0.0000020, 0.0000010)|   5, 1, 0;0,  0;0,  0> +
        (-0.0000000, 0.0000016)|   1, 0, 1;0,  0;0,  0> +
        ( 0.0000000,-0.0000014)|   5, 0, 1;0,  0;0,  0> +
        (-0.0000011,-0.0000002)|   8, 0, 0;0,  0;0,  0> +
        ( 0.0000011, 0.0000003)|  11, 0, 0;0,  0;0,  0> +
        ( 0.0000008, 0.0000007)|   6, 0, 1;0,  0;0,  0> +
         ...
 |16> = (-0.9791818,-0.2027616)|   8, 0, 0;0,  0;0,  0> +
        ( 0.0005199, 0.0066986)|   5, 0, 1;0,  0;0,  0> +
        (-0.0002359, 0.0036223)|   1, 2, 1;0,  0;0,  0> +
        (-0.0027138, 0.0001898)|   5, 0, 2;0,  0;0,  0> +
        ( 0.0000554, 0.0024443)|   2, 1, 1;0,  0;0,  0> +
        (-0.0015101,-0.0005295)|   1, 3, 0;0,  0;0,  0> +
        ( 0.0006943,-0.0012365)|   5, 3, 3;0,  0;0,  0> +
        (-0.0013667, 0.0002228)|   1, 1, 2;0,  0;0,  0> +
        ( 0.0002838, 0.0013355)|   1, 1, 3;0,  0;0,  0> +
        (-0.0000121,-0.0012881)|   0, 3, 1;0,  0;0,  0> +
        (-0.0000213,-0.0012805)|   0, 1, 3;0,  0;0,  0> +
        ( 0.0011791, 0.0000142)|   4, 2, 0;0,  0;0,  0> +
        (-0.0011440,-0.0000141)|   4, 0, 2;0,  0;0,  0> +
        ( 0.0000358, 0.0011024)|   2, 0, 3;0,  0;0,  0> +
        (-0.0001802, 0.0009248)|   0, 2, 1;0,  0;0,  0> +
        ( 0.0009358, 0.0000047)|   2, 3, 0;0,  0;0,  0> +
        (-0.0000475, 0.0007580)|   2, 2, 1;0,  0;0,  0> +
        (-0.0007414,-0.0001205)|   0, 3, 0;0,  0;0,  0> +
        ( 0.0007418, 0.0000006)|   3, 2, 2;0,  0;0,  0> +
        ( 0.0007346, 0.0000294)|   5, 1, 0;0,  0;0,  0> +
        (-0.0000274, 0.0007277)|   3, 0, 3;0,  0;0,  0> +
        ( 0.0006794,-0.0000001)|   3, 3, 0;0,  0;0,  0> +
        ( 0.0000005,-0.0006395)|   2, 1, 3;0,  0;0,  0> +
        (-0.0000551,-0.0006085)|   0, 2, 3;0,  0;0,  0> +
        ( 0.0005453, 0.0001636)|   0, 1, 2;0,  0;0,  0> +
        (-0.0005551, 0.0001150)|   1, 3, 2;0,  0;0,  0> +
        (-0.0000543,-0.0004821)|   2, 3, 1;0,  0;0,  0> +
        ( 0.0004614, 0.0000306)|   4, 3, 2;0,  0;0,  0> +
        (-0.0000031,-0.0004430)|   3, 2, 3;0,  0;0,  0> +
        (-0.0002873,-0.0003042)|   5, 2, 0;0,  0;0,  0> +
        (-0.0003757,-0.0000019)|   3, 3, 2;0,  0;0,  0> +
        (-0.0000107, 0.0003695)|   4, 2, 3;0,  0;0,  0> +
        ( 0.0003693, 0.0000007)|   4, 2, 2;0,  0;0,  0> +
        ( 0.0000004, 0.0003565)|   2, 3, 3;0,  0;0,  0> +
        (-0.0002633, 0.0002213)|   1, 0, 3;0,  0;0,  0> +
        ( 0.0000003, 0.0003201)|   4, 3, 3;0,  0;0,  0> +
        (-0.0000003,-0.0003157)|   3, 3, 3;0,  0;0,  0> +
        (-0.0000003, 0.0003148)|   2, 2, 3;0,  0;0,  0> +
        ( 0.0002837,-0.0000075)|   3, 1, 2;0,  0;0,  0> +
        ( 0.0000286, 0.0002649)|   3, 2, 1;0,  0;0,  0> +
        (-0.0002510,-0.0000001)|   2, 2, 2;0,  0;0,  0> +
        (-0.0001003, 0.0001990)|   1, 3, 1;0,  0;0,  0> +
        ( 0.0000000,-0.0002222)|   0, 3, 3;0,  0;0,  0> +
        ( 0.0000001, 0.0002202)|   1, 3, 3;0,  0;0,  0> +
        (-0.0000008, 0.0001673)|   3, 1, 1;0,  0;0,  0> +
        (-0.0001491,-0.0000552)|   0, 3, 2;0,  0;0,  0> +
        (-0.0001541, 0.0000059)|   2, 1, 2;0,  0;0,  0> +
        ( 0.0001438,-0.0000481)|   6, 3, 3;0,  0;0,  0> +
        ( 0.0000787,-0.0001113)|   0, 0, 3;0,  0;0,  0> +
        ( 0.0001135,-0.0000131)|   1, 2, 3;0,  0;0,  0> +
        ( 0.0000958,-0.0000007)|   2, 3, 2;0,  0;0,  0> +
        ( 0.0000644, 0.0000133)|   8, 0, 0;1,  0;0,  0> +
        (-0.0000644,-0.0000133)|   8, 0, 0;0,  0;1,  0> +
        ( 0.0000002, 0.0000235)|   1, 1, 1;0,  0;0,  0> +
        (-0.0000004, 0.0000137)|   3, 1, 3;0,  0;0,  0> +
        (-0.0000108, 0.0000002)|   4, 1, 0;0,  0;0,  0> +
        ( 0.0000004, 0.0000091)|   4, 0, 1;0,  0;0,  0> +
        (-0.0000086,-0.0000010)|   9, 0, 0;0,  0;0,  0> +
        ( 0.0000078,-0.0000000)|   7, 0, 0;0,  0;0,  0> +
        (-0.0000003, 0.0000046)|   4, 0, 3;0,  0;0,  0> +
        ( 0.0000042, 0.0000003)|   4, 3, 0;0,  0;0,  0> +
        (-0.0000002, 0.0000029)|   4, 2, 1;0,  0;0,  0> +
        ( 0.0000017, 0.0000015)|   5, 2, 2;0,  0;0,  0> +
        (-0.0000011, 0.0000018)|   3, 0, 1;0,  0;0,  0> +
        ( 0.0000020, 0.0000000)|   3, 2, 0;0,  0;0,  0> +
        ( 0.0000020, 0.0000003)|   4, 1, 2;0,  0;0,  0> +
        (-0.0000019,-0.0000000)|   5, 0, 0;0,  0;0,  0> +
        (-0.0000001,-0.0000013)|   1, 0, 1;0,  0;0,  0> +
        ( 0.0000000,-0.0000012)|   3, 1, 0;0,  0;0,  0> +
        (-0.0000010,-0.0000003)|  11, 0, 0;0,  0;0,  0> +
         ...
 |17> = ( 0.0016718, 0.7134206)|   4, 0, 1;0,  0;0,  0> +
        ( 0.7006490,-0.0005960)|   4, 1, 0;0,  0;0,  0> +
        ( 0.0075101, 0.0000401)|   7, 0, 0;0,  0;0,  0> +
        (-0.0036181,-0.0033816)|   3, 1, 0;0,  0;0,  0> +
        (-0.0033526, 0.0035841)|   3, 0, 1;0,  0;0,  0> +
        ( 0.0000110,-0.0024484)|   1, 1, 1;0,  0;0,  0> +
        ( 0.0013908, 0.0000492)|   4, 0, 2;0,  0;0,  0> +
        (-0.0012493,-0.0000008)|   3, 2, 2;0,  0;0,  0> +
        (-0.0000001,-0.0009072)|   0, 3, 3;0,  0;0,  0> +
        (-0.0000263, 0.0008573)|   1, 0, 3;0,  0;0,  0> +
        ( 0.0007367,-0.0000250)|   1, 3, 0;0,  0;0,  0> +
        ( 0.0005758, 0.0000135)|   2, 3, 0;0,  0;0,  0> +
        (-0.0005627,-0.0000480)|   4, 2, 0;0,  0;0,  0> +
        ( 0.0000100, 0.0005460)|   1, 2, 1;0,  0;0,  0> +
        ( 0.0000072, 0.0005251)|   0, 1, 3;0,  0;0,  0> +
        (-0.0000119,-0.0005133)|   2, 1, 1;0,  0;0,  0> +
        ( 0.0004755, 0.0000083)|   1, 1, 2;0,  0;0,  0> +
        ( 0.0004530, 0.0000000)|   2, 1, 2;0,  0;0,  0> +
        (-0.0004326, 0.0000000)|   2, 2, 2;0,  0;0,  0> +
        ( 0.0000096, 0.0004255)|   2, 2, 1;0,  0;0,  0> +
        ( 0.0004000, 0.0000045)|   3, 0, 2;0,  0;0,  0> +
        (-0.0003976,-0.0000047)|   3, 2, 0;0,  0;0,  0> +
        ( 0.0000159, 0.0003946)|   2, 0, 3;0,  0;0,  0> +
        ( 0.0000080,-0.0003653)|   2, 3, 3;0,  0;0,  0> +
        (-0.0002826,-0.0000294)|   0, 1, 2;0,  0;0,  0> +
        ( 0.0000317,-0.0002776)|   0, 2, 1;0,  0;0,  0> +
        (-0.0000236,-0.0002657)|   0, 2, 3;0,  0;0,  0> +
        ( 0.0002534, 0.0000174)|   0, 3, 0;0,  0;0,  0> +
        ( 0.0000263, 0.0002246)|   1, 3, 1;0,  0;0,  0> +
        ( 0.0000040, 0.0002104)|   0, 3, 1;0,  0;0,  0> +
        (-0.0001371,-0.0000007)|   6, 0, 0;0,  0;0,  0> +
        ( 0.0000032, 0.0001321)|   1, 1, 3;0,  0;0,  0> +
        ( 0.0001167,-0.0000036)|   1, 3, 2;0,  0;0,  0> +
        ( 0.0001017, 0.0000059)|   2, 3, 2;0,  0;0,  0> +
        (-0.0000085, 0.0000892)|   2, 2, 3;0,  0;0,  0> +
        (-0.0000711,-0.0000236)|   0, 3, 2;0,  0;0,  0> +
        (-0.0000180, 0.0000714)|   0, 0, 3;0,  0;0,  0> +
        (-0.0000001,-0.0000469)|   4, 0, 1;1,  0;0,  0> +
        ( 0.0000001, 0.0000469)|   4, 0, 1;0,  0;1,  0> +
        (-0.0000023, 0.0000462)|   1, 2, 3;0,  0;0,  0> +
        (-0.0000461, 0.0000000)|   4, 1, 0;1,  0;0,  0> +
        ( 0.0000461,-0.0000000)|   4, 1, 0;0,  0;1,  0> +
        (-0.0000000,-0.0000304)|   1, 3, 3;0,  0;0,  0> +
        ( 0.0000019,-0.0000223)|   4, 2, 2;0,  0;0,  0> +
        ( 0.0000005,-0.0000149)|   3, 1, 1;0,  0;0,  0> +
        (-0.0000100, 0.0000000)|   1, 2, 2;0,  0;0,  0> +
        (-0.0000048,-0.0000010)|   8, 0, 0;0,  0;0,  0> +
        ( 0.0000003, 0.0000029)|   3, 3, 3;0,  0;0,  0> +
        (-0.0000025, 0.0000013)|   5, 1, 0;0,  0;0,  0> +
        ( 0.0000002, 0.0000020)|   2, 1, 3;0,  0;0,  0> +
        ( 0.0000004,-0.0000014)|   7, 0, 1;0,  0;0,  0> +
        (-0.0000013, 0.0000000)|   1, 1, 0;0,  0;0,  0> +
        (-0.0000000,-0.0000013)|   0, 0, 1;0,  0;0,  0> +
         ...
 |18> = (-0.9920987,-0.1237283)|   9, 0, 0;0,  0;0,  0> +
        ( 0.0137095,-0.0076006)|   5, 1, 0;0,  0;0,  0> +
        (-0.0047748,-0.0080769)|   6, 0, 1;0,  0;0,  0> +
        ( 0.0051584,-0.0003458)|   5, 0, 2;0,  0;0,  0> +
        (-0.0038740,-0.0020948)|   6, 1, 0;0,  0;0,  0> +
        (-0.0000451, 0.0029462)|   2, 1, 3;0,  0;0,  0> +
        (-0.0029343,-0.0000324)|   3, 1, 2;0,  0;0,  0> +
        ( 0.0006666, 0.0025817)|   1, 1, 3;0,  0;0,  0> +
        (-0.0022704, 0.0012166)|   4, 1, 1;0,  0;0,  0> +
        (-0.0000076,-0.0022203)|   3, 2, 1;0,  0;0,  0> +
        (-0.0010454,-0.0015059)|   5, 0, 1;0,  0;0,  0> +
        (-0.0002518,-0.0016398)|   2, 2, 1;0,  0;0,  0> +
        ( 0.0003476, 0.0013771)|   2, 0, 3;0,  0;0,  0> +
        ( 0.0000115,-0.0012188)|   3, 0, 3;0,  0;0,  0> +
        (-0.0000355, 0.0010308)|   3, 1, 1;0,  0;0,  0> +
        (-0.0004200,-0.0007215)|   1, 3, 1;0,  0;0,  0> +
        (-0.0004612,-0.0006064)|   8, 1, 0;0,  0;0,  0> +
        ( 0.0006761, 0.0000008)|   4, 2, 2;0,  0;0,  0> +
        (-0.0006397, 0.0002074)|   8, 3, 3;0,  0;0,  0> +
        (-0.0000003,-0.0006534)|   1, 3, 3;0,  0;0,  0> +
        (-0.0006258,-0.0000004)|   3, 2, 2;0,  0;0,  0> +
        (-0.0005086,-0.0000737)|   3, 3, 2;0,  0;0,  0> +
        ( 0.0001637, 0.0004203)|   1, 2, 3;0,  0;0,  0> +
        (-0.0000746, 0.0004379)|   3, 2, 3;0,  0;0,  0> +
        (-0.0004135, 0.0001518)|   2, 3, 0;0,  0;0,  0> +
        ( 0.0000129,-0.0004284)|   3, 1, 3;0,  0;0,  0> +
        ( 0.0003886,-0.0001584)|   6, 3, 3;0,  0;0,  0> +
        (-0.0000056,-0.0004012)|   0, 1, 3;0,  0;0,  0> +
        (-0.0003598, 0.0001644)|   1, 3, 2;0,  0;0,  0> +
        (-0.0001898,-0.0003402)|   5, 2, 0;0,  0;0,  0> +
        (-0.0000006,-0.0003804)|   2, 2, 3;0,  0;0,  0> +
        (-0.0003525, 0.0000540)|   4, 3, 2;0,  0;0,  0> +
        (-0.0003418, 0.0000004)|   2, 3, 2;0,  0;0,  0> +
        (-0.0000031, 0.0003378)|   4, 0, 3;0,  0;0,  0> +
        (-0.0001593, 0.0002667)|   5, 3, 3;0,  0;0,  0> +
        (-0.0002313, 0.0001782)|   8, 0, 1;0,  0;0,  0> +
        ( 0.0002864, 0.0000298)|   3, 3, 0;0,  0;0,  0> +
        ( 0.0002801, 0.0000016)|   4, 3, 0;0,  0;0,  0> +
        (-0.0002581, 0.0001065)|   7, 3, 3;0,  0;0,  0> +
        ( 0.0000538, 0.0002512)|   4, 2, 3;0,  0;0,  0> +
        (-0.0000000,-0.0002548)|   0, 3, 3;0,  0;0,  0> +
        ( 0.0000001, 0.0002281)|   4, 3, 3;0,  0;0,  0> +
        (-0.0000031,-0.0002228)|   0, 3, 1;0,  0;0,  0> +
        (-0.0001948,-0.0000108)|   6, 2, 2;0,  0;0,  0> +
        ( 0.0001867,-0.0000062)|   6, 2, 0;0,  0;0,  0> +
        ( 0.0001766, 0.0000033)|   5, 3, 2;0,  0;0,  0> +
        (-0.0000024, 0.0001554)|   4, 2, 1;0,  0;0,  0> +
        ( 0.0001532,-0.0000020)|   4, 1, 2;0,  0;0,  0> +
        (-0.0001457, 0.0000052)|  10, 0, 0;0,  0;0,  0> +
        (-0.0001136,-0.0000836)|   5, 2, 2;0,  0;0,  0> +
        ( 0.0001007, 0.0000073)|   1, 3, 0;0,  0;0,  0> +
        ( 0.0000001, 0.0000996)|   3, 3, 3;0,  0;0,  0> +
        (-0.0000977, 0.0000093)|   1, 1, 2;0,  0;0,  0> +
        (-0.0000330, 0.0000869)|   2, 1, 2;0,  0;0,  0> +
        (-0.0000174, 0.0000889)|   4, 1, 3;0,  0;0,  0> +
        ( 0.0000653, 0.0000081)|   9, 0, 0;1,  0;0,  0> +
        (-0.0000653,-0.0000081)|   9, 0, 0;0,  0;1,  0> +
        ( 0.0000000,-0.0000614)|   2, 3, 3;0,  0;0,  0> +
        ( 0.0000063, 0.0000571)|   5, 2, 3;0,  0;0,  0> +
        ( 0.0000005,-0.0000563)|   4, 3, 1;0,  0;0,  0> +
        (-0.0000543, 0.0000088)|   0, 3, 2;0,  0;0,  0> +
        (-0.0000505, 0.0000067)|   6, 0, 2;0,  0;0,  0> +
        (-0.0000091, 0.0000407)|   7, 0, 1;0,  0;0,  0> +
        (-0.0000020, 0.0000349)|   3, 3, 1;0,  0;0,  0> +
        ( 0.0000025,-0.0000348)|   1, 0, 3;0,  0;0,  0> +
        ( 0.0000082, 0.0000279)|   2, 3, 1;0,  0;0,  0> +
        ( 0.0000259,-0.0000020)|   7, 1, 0;0,  0;0,  0> +
        ( 0.0000178,-0.0000157)|   1, 2, 1;0,  0;0,  0> +
        ( 0.0000088, 0.0000198)|   0, 2, 3;0,  0;0,  0> +
        (-0.0000004, 0.0000076)|   6, 2, 3;0,  0;0,  0> +
        (-0.0000069,-0.0000012)|   8, 0, 0;0,  0;0,  0> +
        ( 0.0000065, 0.0000017)|  11, 0, 0;0,  0;0,  0> +
        ( 0.0000061, 0.0000006)|   6, 3, 2;0,  0;0,  0> +
        ( 0.0000054, 0.0000001)|   4, 2, 0;0,  0;0,  0> +
        (-0.0000000, 0.0000041)|   0, 2, 1;0,  0;0,  0> +
        ( 0.0000000,-0.0000040)|   2, 1, 1;0,  0;0,  0> +
        (-0.0000033, 0.0000001)|   0, 3, 0;0,  0;0,  0> +
        ( 0.0000032, 0.0000002)|   0, 1, 2;0,  0;0,  0> +
        ( 0.0000026,-0.0000019)|   9, 3, 3;0,  0;0,  0> +
        ( 0.0000002,-0.0000023)|   4, 0, 1;0,  0;0,  0> +
        ( 0.0000000, 0.0000017)|   5, 2, 1;0,  0;0,  0> +
        ( 0.0000000, 0.0000017)|   5, 0, 3;0,  0;0,  0> +
        ( 0.0000016,-0.0000000)|   4, 1, 0;0,  0;0,  0> +
        (-0.0000015,-0.0000001)|   4, 0, 2;0,  0;0,  0> +
        ( 0.0000013,-0.0000000)|   8, 2, 2;0,  0;0,  0> +
        ( 0.0000001, 0.0000011)|   7, 2, 3;0,  0;0,  0> +
        ( 0.0000009,-0.0000005)|   5, 1, 0;0,  0;1,  0> +
        (-0.0000009, 0.0000005)|   5, 1, 0;1,  0;0,  0> +
         ...
 |19> = (-0.7132527, 0.0135689)|   4, 1, 0;0,  0;0,  0> +
        ( 0.0143701, 0.7002898)|   4, 0, 1;0,  0;0,  0> +
        ( 0.0180221, 0.0000476)|   7, 0, 0;0,  0;0,  0> +
        ( 0.0002433,-0.0071908)|   3, 1, 1;0,  0;0,  0> +
        ( 0.0044002,-0.0000627)|   2, 3, 0;0,  0;0,  0> +
        (-0.0002034, 0.0043208)|   1, 2, 1;0,  0;0,  0> +
        ( 0.0038831, 0.0000381)|   4, 2, 0;0,  0;0,  0> +
        (-0.0036282, 0.0005207)|   1, 1, 2;0,  0;0,  0> +
        (-0.0033952,-0.0000383)|   4, 0, 2;0,  0;0,  0> +
        (-0.0022063,-0.0007004)|   1, 3, 0;0,  0;0,  0> +
        (-0.0000087, 0.0021835)|   2, 0, 3;0,  0;0,  0> +
        (-0.0000207, 0.0009441)|   2, 1, 1;0,  0;0,  0> +
        ( 0.0005806, 0.0006609)|   3, 1, 0;0,  0;0,  0> +
        ( 0.0006550,-0.0005719)|   3, 0, 1;0,  0;0,  0> +
        ( 0.0000700,-0.0008504)|   0, 2, 1;0,  0;0,  0> +
        (-0.0000146, 0.0008320)|   2, 2, 1;0,  0;0,  0> +
        (-0.0008043,-0.0000003)|   3, 2, 2;0,  0;0,  0> +
        ( 0.0000293, 0.0008027)|   2, 1, 3;0,  0;0,  0> +
        ( 0.0007142,-0.0002689)|   1, 3, 2;0,  0;0,  0> +
        (-0.0006971,-0.0000034)|   2, 3, 2;0,  0;0,  0> +
        ( 0.0006505, 0.0000392)|   0, 3, 0;0,  0;0,  0> +
        ( 0.0006256, 0.0000087)|   4, 2, 2;0,  0;0,  0> +
        ( 0.0000075, 0.0006185)|   0, 1, 3;0,  0;0,  0> +
        (-0.0002676,-0.0004486)|   1, 2, 3;0,  0;0,  0> +
        ( 0.0005107, 0.0000001)|   2, 2, 2;0,  0;0,  0> +
        (-0.0002828, 0.0003123)|   1, 0, 3;0,  0;0,  0> +
        ( 0.0004202,-0.0000092)|   0, 3, 2;0,  0;0,  0> +
        ( 0.0000315, 0.0004053)|   1, 1, 1;0,  0;0,  0> +
        (-0.0003844, 0.0000789)|   2, 1, 2;0,  0;0,  0> +
        (-0.0000092, 0.0003453)|   0, 2, 3;0,  0;0,  0> +
        (-0.0000818,-0.0002137)|   0, 0, 3;0,  0;0,  0> +
        ( 0.0000041, 0.0001930)|   0, 3, 1;0,  0;0,  0> +
        ( 0.0000991,-0.0001390)|   0, 1, 2;0,  0;0,  0> +
        ( 0.0000000,-0.0001654)|   1, 3, 3;0,  0;0,  0> +
        ( 0.0000160,-0.0001059)|   3, 3, 3;0,  0;0,  0> +
        ( 0.0000030, 0.0001064)|   1, 1, 3;0,  0;0,  0> +
        ( 0.0000254, 0.0000934)|   1, 3, 1;0,  0;0,  0> +
        (-0.0000077, 0.0000943)|   2, 2, 3;0,  0;0,  0> +
        (-0.0000008, 0.0000888)|   2, 3, 3;0,  0;0,  0> +
        ( 0.0000022, 0.0000824)|   5, 0, 1;0,  0;0,  0> +
        (-0.0000000, 0.0000812)|   4, 3, 3;0,  0;0,  0> +
        ( 0.0000001, 0.0000613)|   0, 3, 3;0,  0;0,  0> +
        ( 0.0000492,-0.0000211)|   5, 1, 0;0,  0;0,  0> +
        ( 0.0000514, 0.0000106)|   8, 0, 0;0,  0;0,  0> +
        (-0.0000469, 0.0000009)|   4, 1, 0;0,  0;1,  0> +
        ( 0.0000469,-0.0000009)|   4, 1, 0;1,  0;0,  0> +
        (-0.0000009,-0.0000461)|   4, 0, 1;1,  0;0,  0> +
        ( 0.0000009, 0.0000461)|   4, 0, 1;0,  0;1,  0> +
        (-0.0000049,-0.0000420)|   2, 3, 1;0,  0;0,  0> +
        (-0.0000405, 0.0000028)|   5, 0, 2;0,  0;0,  0> +
        ( 0.0000230, 0.0000003)|   3, 1, 2;0,  0;0,  0> +
        (-0.0000185, 0.0000002)|   3, 3, 0;0,  0;0,  0> +
        (-0.0000155,-0.0000011)|   3, 3, 2;0,  0;0,  0> +
        (-0.0000003, 0.0000141)|   3, 2, 1;0,  0;0,  0> +
        (-0.0000006,-0.0000141)|   3, 0, 3;0,  0;0,  0> +
        (-0.0000004, 0.0000097)|   3, 2, 3;0,  0;0,  0> +
        (-0.0000068,-0.0000009)|   9, 0, 0;0,  0;0,  0> +
        (-0.0000039,-0.0000041)|   5, 2, 0;0,  0;0,  0> +
        (-0.0000001,-0.0000056)|   4, 2, 3;0,  0;0,  0> +
        (-0.0000041,-0.0000001)|   4, 3, 2;0,  0;0,  0> +
        ( 0.0000037, 0.0000001)|   6, 0, 0;0,  0;0,  0> +
        ( 0.0000025, 0.0000000)|   4, 3, 0;0,  0;0,  0> +
        ( 0.0000000, 0.0000025)|   4, 0, 3;0,  0;0,  0> +
        ( 0.0000022,-0.0000009)|   6, 3, 3;0,  0;0,  0> +
        ( 0.0000005,-0.0000018)|   7, 0, 1;0,  0;0,  0> +
        (-0.0000000, 0.0000017)|   3, 1, 3;0,  0;0,  0> +
        ( 0.0000015, 0.0000000)|   4, 1, 2;0,  0;0,  0> +
        (-0.0000015, 0.0000000)|   4, 0, 0;0,  0;0,  0> +
        ( 0.0000000, 0.0000013)|   4, 2, 1;0,  0;0,  0> +
        (-0.0000011,-0.0000006)|  13, 0, 0;0,  0;0,  0> +
        ( 0.0000012, 0.0000000)|   7, 0, 0;0,  0;1,  0> +
        (-0.0000012,-0.0000000)|   7, 0, 0;1,  0;0,  0> +
         ...
 |20> = (-0.0002518,-0.9999380)|   0, 1, 1;0,  0;0,  0> +
        (-0.0072253, 0.0001143)|   2, 1, 0;0,  0;0,  0> +
        ( 0.0001197, 0.0071991)|   2, 0, 1;0,  0;0,  0> +
        ( 0.0026362, 0.0000036)|   3, 2, 0;0,  0;0,  0> +
        ( 0.0026084, 0.0000047)|   3, 0, 2;0,  0;0,  0> +
        (-0.0000030,-0.0021903)|   0, 0, 3;0,  0;0,  0> +
        (-0.0007105, 0.0000045)|   2, 2, 2;0,  0;0,  0> +
        (-0.0006737, 0.0000001)|   1, 2, 2;0,  0;0,  0> +
        (-0.0006603,-0.0000068)|   0, 1, 2;0,  0;0,  0> +
        (-0.0005510, 0.0000103)|   1, 1, 0;0,  0;0,  0> +
        ( 0.0000103, 0.0005482)|   1, 0, 1;0,  0;0,  0> +
        ( 0.0005443, 0.0000042)|   2, 0, 2;0,  0;0,  0> +
        (-0.0005068, 0.0000001)|   0, 2, 0;0,  0;0,  0> +
        ( 0.0005068,-0.0000001)|   0, 0, 2;0,  0;0,  0> +
        (-0.0004733,-0.0000042)|   2, 2, 0;0,  0;0,  0> +
        (-0.0000031, 0.0004010)|   0, 2, 1;0,  0;0,  0> +
        (-0.0001818,-0.0000009)|   0, 3, 0;0,  0;0,  0> +
        (-0.0000001,-0.0001228)|   3, 0, 1;0,  0;0,  0> +
        (-0.0001218, 0.0000000)|   3, 1, 0;0,  0;0,  0> +
        ( 0.0000706, 0.0000002)|   5, 0, 0;0,  0;0,  0> +
        ( 0.0000000, 0.0000658)|   0, 1, 1;1,  0;0,  0> +
        (-0.0000000,-0.0000658)|   0, 1, 1;0,  0;1,  0> +
        ( 0.0000472,-0.0000011)|   0, 3, 2;0,  0;0,  0> +
        (-0.0000018, 0.0000370)|   0, 2, 3;0,  0;0,  0> +
        ( 0.0000326, 0.0000000)|   0, 2, 2;0,  0;0,  0> +
        (-0.0000238,-0.0000002)|   6, 0, 0;0,  0;0,  0> +
        ( 0.0000004, 0.0000068)|   0, 3, 1;0,  0;0,  0> +
        (-0.0000000,-0.0000052)|   1, 0, 3;0,  0;0,  0> +
        (-0.0000001,-0.0000051)|   0, 1, 3;0,  0;0,  0> +
        (-0.0000049, 0.0000001)|   1, 3, 0;0,  0;0,  0> +
        (-0.0000025,-0.0000000)|   1, 1, 2;0,  0;0,  0> +
        (-0.0000000,-0.0000021)|   1, 2, 1;0,  0;0,  0> +
        (-0.0000001,-0.0000020)|   1, 1, 1;0,  0;0,  0> +
        ( 0.0000014, 0.0000000)|   4, 2, 0;0,  0;0,  0> +
        ( 0.0000012, 0.0000000)|   1, 2, 0;0,  0;0,  0> +
        (-0.0000010,-0.0000002)|   7, 1, 0;0,  0;0,  0> +
        (-0.0000010,-0.0000000)|   1, 0, 2;0,  0;0,  0> +
         ...
 |21> = (-0.7070417,-0.0000000)|   0, 0, 2;0,  0;0,  0> +
        ( 0.7070417, 0.0000000)|   0, 2, 0;0,  0;0,  0> +
        (-0.0073406, 0.0000000)|   1, 2, 0;0,  0;0,  0> +
        ( 0.0064899,-0.0000000)|   1, 0, 2;0,  0;0,  0> +
        (-0.0061600, 0.0000001)|   2, 0, 2;0,  0;0,  0> +
        (-0.0061566,-0.0000001)|   2, 2, 0;0,  0;0,  0> +
        ( 0.0030074,-0.0000051)|   1, 1, 0;0,  0;0,  0> +
        ( 0.0019248, 0.0000000)|   0, 2, 2;0,  0;0,  0> +
        (-0.0011780,-0.0000000)|   4, 0, 0;0,  0;0,  0> +
        (-0.0000000,-0.0007185)|   0, 1, 1;0,  0;0,  0> +
        (-0.0000000, 0.0003179)|   2, 0, 1;0,  0;0,  0> +
        ( 0.0002978, 0.0000003)|   2, 1, 0;0,  0;0,  0> +
        ( 0.0002201, 0.0000000)|   0, 1, 0;0,  0;0,  0> +
        ( 0.0000000,-0.0002172)|   0, 0, 1;0,  0;0,  0> +
        (-0.0000051, 0.0001785)|   1, 0, 1;0,  0;0,  0> +
        ( 0.0000466, 0.0000000)|   0, 0, 2;1,  0;0,  0> +
        (-0.0000466, 0.0000000)|   0, 0, 2;0,  0;1,  0> +
        (-0.0000464, 0.0000000)|   0, 2, 0;1,  0;0,  0> +
        ( 0.0000464, 0.0000000)|   0, 2, 0;0,  0;1,  0> +
        ( 0.0000112, 0.0000001)|   0, 3, 0;0,  0;0,  0> +
        ( 0.0000000, 0.0000110)|   0, 0, 3;0,  0;0,  0> +
        ( 0.0000065,-0.0000001)|   0, 1, 2;0,  0;0,  0> +
        ( 0.0000001, 0.0000061)|   0, 2, 1;0,  0;0,  0> +
        ( 0.0000033,-0.0000000)|   3, 0, 0;0,  0;0,  0> +
         ...
 |22> = ( 0.8677750,-0.4822523)|   5, 1, 0;0,  0;0,  0> +
        (-0.0664488,-0.0977937)|   5, 0, 1;0,  0;0,  0> +
        ( 0.0156473, 0.0019362)|   9, 0, 0;0,  0;0,  0> +
        (-0.0094327, 0.0005851)|   5, 0, 2;0,  0;0,  0> +
        (-0.0002238, 0.0065456)|   3, 1, 1;0,  0;0,  0> +
        ( 0.0003921, 0.0025059)|   2, 0, 3;0,  0;0,  0> +
        (-0.0017538,-0.0006707)|   6, 1, 0;0,  0;0,  0> +
        (-0.0000012, 0.0016541)|   2, 2, 3;0,  0;0,  0> +
        (-0.0016028, 0.0001637)|   2, 3, 0;0,  0;0,  0> +
        (-0.0000302, 0.0014886)|   4, 0, 3;0,  0;0,  0> +
        (-0.0013817, 0.0000707)|   2, 1, 2;0,  0;0,  0> +
        ( 0.0013203, 0.0000303)|   4, 3, 0;0,  0;0,  0> +
        ( 0.0000279,-0.0013022)|   3, 0, 3;0,  0;0,  0> +
        ( 0.0011993, 0.0000009)|   3, 2, 2;0,  0;0,  0> +
        (-0.0010858, 0.0000227)|   3, 3, 0;0,  0;0,  0> +
        ( 0.0010680, 0.0001632)|   1, 3, 0;0,  0;0,  0> +
        (-0.0010415,-0.0000142)|   3, 1, 2;0,  0;0,  0> +
        (-0.0000006, 0.0009514)|   4, 2, 1;0,  0;0,  0> +
        (-0.0005625,-0.0007041)|   5, 2, 0;0,  0;0,  0> +
        ( 0.0008810, 0.0000587)|   4, 1, 2;0,  0;0,  0> +
        ( 0.0008528,-0.0002038)|   0, 3, 2;0,  0;0,  0> +
        (-0.0002035,-0.0008421)|   0, 2, 3;0,  0;0,  0> +
        ( 0.0008613, 0.0000010)|   4, 2, 2;0,  0;0,  0> +
        (-0.0004432,-0.0006982)|   6, 0, 1;0,  0;0,  0> +
        ( 0.0001267, 0.0007946)|   1, 1, 3;0,  0;0,  0> +
        (-0.0000292,-0.0007994)|   3, 2, 1;0,  0;0,  0> +
        ( 0.0000440,-0.0007574)|   3, 1, 3;0,  0;0,  0> +
        (-0.0006010,-0.0004539)|   5, 2, 2;0,  0;0,  0> +
        ( 0.0000442,-0.0007073)|   1, 0, 3;0,  0;0,  0> +
        (-0.0000964,-0.0006876)|   4, 2, 3;0,  0;0,  0> +
        ( 0.0001943,-0.0005149)|   1, 2, 1;0,  0;0,  0> +
        ( 0.0000136,-0.0005388)|   2, 1, 3;0,  0;0,  0> +
        ( 0.0005348,-0.0000030)|   2, 3, 2;0,  0;0,  0> +
        ( 0.0000221, 0.0005202)|   1, 3, 1;0,  0;0,  0> +
        (-0.0000081,-0.0005073)|   0, 1, 3;0,  0;0,  0> +
        ( 0.0005041, 0.0000281)|   6, 2, 2;0,  0;0,  0> +
        ( 0.0000002, 0.0004837)|   1, 3, 3;0,  0;0,  0> +
        ( 0.0004648, 0.0000618)|   3, 3, 2;0,  0;0,  0> +
        (-0.0000046,-0.0004687)|   0, 3, 1;0,  0;0,  0> +
        ( 0.0000304, 0.0004161)|   2, 3, 1;0,  0;0,  0> +
        ( 0.0003855,-0.0001552)|   1, 3, 2;0,  0;0,  0> +
        (-0.0001545,-0.0003497)|   1, 2, 3;0,  0;0,  0> +
        (-0.0003232,-0.0001951)|   2, 2, 1;0,  0;0,  0> +
        ( 0.0003549,-0.0000844)|   4, 3, 2;0,  0;0,  0> +
        (-0.0002943, 0.0001069)|   7, 3, 3;0,  0;0,  0> +
        (-0.0000003,-0.0003036)|   4, 3, 3;0,  0;0,  0> +
        ( 0.0001464,-0.0002572)|   5, 3, 3;0,  0;0,  0> +
        ( 0.0000625,-0.0002818)|   3, 2, 3;0,  0;0,  0> +
        ( 0.0000000,-0.0001964)|   0, 3, 3;0,  0;0,  0> +
        ( 0.0000001,-0.0001735)|   2, 3, 3;0,  0;0,  0> +
        ( 0.0001518,-0.0000544)|   8, 3, 3;0,  0;0,  0> +
        ( 0.0000001, 0.0001515)|   3, 3, 3;0,  0;0,  0> +
        (-0.0001078,-0.0000120)|   1, 1, 2;0,  0;0,  0> +
        (-0.0000044,-0.0000684)|   4, 1, 3;0,  0;0,  0> +
        (-0.0000571, 0.0000317)|   5, 1, 0;1,  0;0,  0> +
        ( 0.0000571,-0.0000317)|   5, 1, 0;0,  0;1,  0> +
        (-0.0000410, 0.0000066)|   8, 0, 0;0,  0;0,  0> +
        ( 0.0000357, 0.0000144)|   6, 3, 3;0,  0;0,  0> +
        ( 0.0000004,-0.0000312)|   4, 3, 1;0,  0;0,  0> +
        ( 0.0000230, 0.0000000)|   2, 2, 2;0,  0;0,  0> +
        (-0.0000163, 0.0000121)|   3, 3, 1;0,  0;0,  0> +
        (-0.0000004, 0.0000170)|   5, 2, 3;0,  0;0,  0> +
        ( 0.0000001, 0.0000096)|   2, 1, 1;0,  0;0,  0> +
        ( 0.0000002, 0.0000094)|   4, 0, 1;0,  0;0,  0> +
        ( 0.0000044, 0.0000064)|   5, 0, 1;1,  0;0,  0> +
        (-0.0000044,-0.0000064)|   5, 0, 1;0,  0;1,  0> +
        ( 0.0000063, 0.0000001)|   5, 3, 2;0,  0;0,  0> +
        ( 0.0000044,-0.0000003)|   4, 0, 2;0,  0;0,  0> +
        ( 0.0000040, 0.0000006)|   0, 1, 2;0,  0;0,  0> +
        ( 0.0000041,-0.0000001)|  10, 0, 0;0,  0;0,  0> +
        (-0.0000004, 0.0000039)|   0, 2, 1;0,  0;0,  0> +
        (-0.0000034,-0.0000009)|  11, 0, 0;0,  0;0,  0> +
        (-0.0000006,-0.0000032)|   1, 1, 1;0,  0;0,  0> +
        (-0.0000032,-0.0000002)|   0, 3, 0;0,  0;0,  0> +
        (-0.0000029,-0.0000002)|   4, 1, 0;0,  0;0,  0> +
        (-0.0000022, 0.0000012)|   4, 1, 1;0,  0;0,  0> +
        ( 0.0000003,-0.0000014)|   0, 0, 3;0,  0;0,  0> +
        (-0.0000013, 0.0000005)|   4, 2, 0;0,  0;0,  0> +
        (-0.0000005,-0.0000013)|  15, 0, 0;0,  0;0,  0> +
        (-0.0000007,-0.0000012)|   8, 1, 0;0,  0;0,  0> +
        ( 0.0000010, 0.0000001)|   9, 0, 0;0,  0;1,  0> +
        (-0.0000010,-0.0000001)|   9, 0, 0;1,  0;0,  0> +
         ...
 |23> = ( 0.7071065,-0.0000000)|   0, 0, 2;0,  0;0,  0> +
        ( 0.7071064, 0.0000000)|   0, 2, 0;0,  0;0,  0> +
        (-0.0008670,-0.0000000)|   2, 0, 0;0,  0;0,  0> +
        ( 0.0000465, 0.0000000)|   0, 0, 2;0,  0;1,  0> +
        (-0.0000465,-0.0000000)|   0, 0, 2;1,  0;0,  0> +
        ( 0.0000465,-0.0000000)|   0, 2, 0;0,  0;1,  0> +
        (-0.0000465,-0.0000000)|   0, 2, 0;1,  0;0,  0> +
        (-0.0000000,-0.0000194)|   0, 0, 1;0,  0;0,  0> +
        (-0.0000193,-0.0000000)|   0, 1, 0;0,  0;0,  0> +
         ...
 |24> = ( 0.9993423,-0.0348615)|  10, 0, 0;0,  0;0,  0> +
        (-0.0014216,-0.0045909)|   8, 1, 0;0,  0;0,  0> +
        (-0.0029008,-0.0035733)|   5, 2, 0;0,  0;0,  0> +
        ( 0.0032765, 0.0029035)|   8, 0, 1;0,  0;0,  0> +
        (-0.0000270,-0.0034730)|   3, 0, 3;0,  0;0,  0> +
        (-0.0004110,-0.0018261)|   1, 3, 1;0,  0;0,  0> +
        (-0.0000183, 0.0016584)|   4, 0, 3;0,  0;0,  0> +
        (-0.0002123,-0.0014381)|   2, 2, 1;0,  0;0,  0> +
        ( 0.0003362, 0.0014062)|   0, 2, 3;0,  0;0,  0> +
        (-0.0013920, 0.0003366)|   0, 3, 2;0,  0;0,  0> +
        ( 0.0000185,-0.0013246)|   2, 1, 3;0,  0;0,  0> +
        ( 0.0002947, 0.0011298)|   2, 0, 3;0,  0;0,  0> +
        (-0.0000617, 0.0010041)|   3, 2, 3;0,  0;0,  0> +
        (-0.0010042,-0.0000560)|   6, 2, 2;0,  0;0,  0> +
        ( 0.0009223, 0.0000012)|   4, 2, 2;0,  0;0,  0> +
        (-0.0000254,-0.0008529)|   2, 3, 1;0,  0;0,  0> +
        (-0.0000019, 0.0008348)|   2, 2, 3;0,  0;0,  0> +
        (-0.0008319,-0.0000009)|   3, 2, 2;0,  0;0,  0> +
        ( 0.0007928,-0.0000201)|   4, 3, 0;0,  0;0,  0> +
        ( 0.0000003, 0.0007253)|   1, 3, 3;0,  0;0,  0> +
        (-0.0006968, 0.0001182)|   6, 0, 2;0,  0;0,  0> +
        (-0.0000944, 0.0006622)|   4, 2, 1;0,  0;0,  0> +
        ( 0.0002801,-0.0004953)|   4, 3, 1;0,  0;0,  0> +
        ( 0.0005625,-0.0000171)|   7, 2, 2;0,  0;0,  0> +
        (-0.0004868, 0.0002617)|   4, 1, 1;0,  0;0,  0> +
        (-0.0000004,-0.0005060)|   3, 3, 3;0,  0;0,  0> +
        ( 0.0004451,-0.0002145)|   5, 3, 2;0,  0;0,  0> +
        (-0.0001235, 0.0004485)|   7, 0, 1;0,  0;0,  0> +
        ( 0.0002776, 0.0003716)|   1, 1, 3;0,  0;0,  0> +
        ( 0.0004573, 0.0000225)|   5, 0, 2;0,  0;0,  0> +
        ( 0.0000148,-0.0004522)|   3, 1, 3;0,  0;0,  0> +
        (-0.0000001,-0.0004406)|   2, 3, 3;0,  0;0,  0> +
        ( 0.0004345,-0.0000163)|   1, 3, 2;0,  0;0,  0> +
        ( 0.0000220, 0.0003763)|   3, 2, 1;0,  0;0,  0> +
        (-0.0000147, 0.0003639)|   1, 2, 3;0,  0;0,  0> +
        (-0.0003173, 0.0001290)|   2, 3, 0;0,  0;0,  0> +
        ( 0.0002093, 0.0002518)|   6, 0, 1;0,  0;0,  0> +
        (-0.0002727,-0.0000020)|   2, 3, 2;0,  0;0,  0> +
        (-0.0001646,-0.0001939)|   5, 2, 3;0,  0;0,  0> +
        (-0.0002481, 0.0000312)|   6, 2, 0;0,  0;0,  0> +
        ( 0.0002351, 0.0000043)|   7, 2, 0;0,  0;0,  0> +
        ( 0.0002225,-0.0000620)|   3, 3, 2;0,  0;0,  0> +
        (-0.0002268, 0.0000303)|   6, 1, 0;0,  0;0,  0> +
        ( 0.0000071, 0.0002261)|   3, 3, 1;0,  0;0,  0> +
        (-0.0002220,-0.0000050)|   3, 1, 2;0,  0;0,  0> +
        (-0.0001362, 0.0001691)|   4, 1, 3;0,  0;0,  0> +
        (-0.0002129,-0.0000048)|   3, 3, 0;0,  0;0,  0> +
        ( 0.0002030,-0.0000258)|  10, 3, 3;0,  0;0,  0> +
        ( 0.0001966,-0.0000462)|   7, 1, 0;0,  0;0,  0> +
        ( 0.0000002, 0.0001990)|   4, 3, 3;0,  0;0,  0> +
        (-0.0001778,-0.0000157)|   7, 0, 2;0,  0;0,  0> +
        ( 0.0001761,-0.0000134)|   4, 3, 2;0,  0;0,  0> +
        ( 0.0001597,-0.0000517)|   8, 3, 3;0,  0;0,  0> +
        (-0.0000843, 0.0001414)|   5, 1, 1;0,  0;0,  0> +
        (-0.0001318,-0.0000966)|   5, 2, 2;0,  0;0,  0> +
        (-0.0001625,-0.0000041)|   6, 3, 2;0,  0;0,  0> +
        ( 0.0001359,-0.0000887)|   4, 1, 2;0,  0;0,  0> +
        (-0.0000000, 0.0001420)|   0, 3, 3;0,  0;0,  0> +
        ( 0.0000051,-0.0001332)|   6, 2, 3;0,  0;0,  0> +
        (-0.0001296,-0.0000164)|   9, 0, 0;0,  0;0,  0> +
        ( 0.0000382, 0.0000743)|   2, 1, 2;0,  0;0,  0> +
        (-0.0000771, 0.0000315)|   6, 3, 3;0,  0;0,  0> +
        ( 0.0000670,-0.0000168)|  11, 3, 3;0,  0;0,  0> +
        (-0.0000341, 0.0000571)|   5, 3, 3;0,  0;0,  0> +
        (-0.0000610, 0.0000263)|   9, 3, 3;0,  0;0,  0> +
        ( 0.0000658,-0.0000023)|  10, 0, 0;0,  0;1,  0> +
        (-0.0000658, 0.0000023)|  10, 0, 0;1,  0;0,  0> +
        (-0.0000035,-0.0000583)|  12, 0, 0;0,  0;0,  0> +
        ( 0.0000458,-0.0000188)|   7, 3, 3;0,  0;0,  0> +
        (-0.0000138, 0.0000235)|   4, 2, 3;0,  0;0,  0> +
        (-0.0000177,-0.0000034)|   5, 1, 2;0,  0;0,  0> +
        ( 0.0000144, 0.0000026)|   7, 3, 2;0,  0;0,  0> +
        (-0.0000001,-0.0000146)|   0, 1, 3;0,  0;0,  0> +
        ( 0.0000142, 0.0000020)|   1, 3, 0;0,  0;0,  0> +
        ( 0.0000130, 0.0000030)|  11, 0, 0;0,  0;0,  0> +
        (-0.0000107, 0.0000073)|   5, 1, 0;0,  0;0,  0> +
        ( 0.0000005,-0.0000127)|   1, 0, 3;0,  0;0,  0> +
        ( 0.0000121, 0.0000004)|   6, 1, 2;0,  0;0,  0> +
        (-0.0000107, 0.0000002)|   8, 2, 2;0,  0;0,  0> +
        ( 0.0000023,-0.0000100)|   1, 2, 1;0,  0;0,  0> +
        (-0.0000009, 0.0000102)|   3, 1, 1;0,  0;0,  0> +
        (-0.0000009, 0.0000097)|   5, 0, 3;0,  0;0,  0> +
        (-0.0000007,-0.0000095)|   6, 2, 1;0,  0;0,  0> +
        ( 0.0000082,-0.0000030)|   5, 3, 1;0,  0;0,  0> +
        (-0.0000008, 0.0000085)|   6, 0, 3;0,  0;0,  0> +
        ( 0.0000078,-0.0000009)|  12, 3, 3;0,  0;0,  0> +
        (-0.0000002,-0.0000078)|   0, 3, 1;0,  0;0,  0> +
        (-0.0000031,-0.0000059)|   7, 2, 3;0,  0;0,  0> +
        (-0.0000054,-0.0000020)|   5, 3, 0;0,  0;0,  0> +
        (-0.0000015, 0.0000037)|   9, 3, 2;0,  0;0,  0> +
        ( 0.0000036,-0.0000018)|  14, 3, 3;0,  0;0,  0> +
        ( 0.0000011, 0.0000034)|   5, 0, 1;0,  0;0,  0> +
        ( 0.0000034,-0.0000000)|   0, 1, 2;0,  0;0,  0> +
        ( 0.0000001, 0.0000033)|   5, 2, 1;0,  0;0,  0> +
        (-0.0000032,-0.0000010)|   3, 1, 0;0,  0;0,  0> +
        ( 0.0000001, 0.0000029)|   2, 1, 1;0,  0;0,  0> +
        ( 0.0000026, 0.0000013)|  13, 0, 0;0,  0;0,  0> +
        (-0.0000026,-0.0000010)|   9, 2, 3;0,  0;0,  0> +
        ( 0.0000025,-0.0000011)|   6, 3, 0;0,  0;0,  0> +
        ( 0.0000026, 0.0000001)|   4, 2, 0;0,  0;0,  0> +
        (-0.0000002, 0.0000025)|   0, 2, 1;0,  0;0,  0> +
        (-0.0000023,-0.0000003)|   8, 0, 0;0,  0;0,  0> +
        (-0.0000021, 0.0000005)|   5, 1, 3;0,  0;0,  0> +
        (-0.0000021,-0.0000000)|   0, 3, 0;0,  0;0,  0> +
        (-0.0000019,-0.0000002)|   4, 0, 2;0,  0;0,  0> +
        (-0.0000011,-0.0000016)|   3, 0, 1;0,  0;0,  0> +
        ( 0.0000000,-0.0000016)|   8, 2, 3;0,  0;0,  0> +
        (-0.0000010, 0.0000011)|  10, 2, 3;0,  0;0,  0> +
        (-0.0000014,-0.0000001)|   8, 3, 2;0,  0;0,  0> +
        ( 0.0000000,-0.0000013)|   0, 0, 3;0,  0;0,  0> +
        ( 0.0000011,-0.0000005)|  15, 3, 3;0,  0;0,  0> +
        ( 0.0000010, 0.0000001)|   1, 1, 2;0,  0;0,  0> +
         ...
