# Parameters of the model
#  mass:		    261.00 u
#  charge:	      1.00 e
#  dipole:	      4.74 D
#  B:		    503.65 MHz
#  omega_rho:	      1.40 MHz
#  omega_z:	      0.13 MHz

# Basis truncation:	|34,4,4;2,2>
# omega_1:	      0.22 MHz
# omega_3/5:	      1.39 MHz
# Basis size:		44064

# Active terms of the Hamiltionian:
# 	Nomal modes:	1
# 	T_rot:      	1
# 	V_qd^{(0)}: 	1
# 	V_qd^{(1)}: 	1
# 	V_dd^{(0)}: 	1

# Results of the diagonalisation

# 100 smallest eigenvalues
 6.888836861 7.879130840 8.900791168 9.914301872 10.829731941 11.849014282 13.026980400 13.303755760 13.322196007 14.029404640 14.308080673 14.436903000 15.203159332 15.261487961 15.447783470 15.830365181 16.218482971 16.402978897 17.054824829 17.257532120 17.290321350 17.846172333 18.158048630 18.617643356 19.262216568 19.381879807 19.605922699 19.622327805 19.640975952 19.767108917 20.061681747 20.204622269 20.566473007 20.581378937 20.626752853 20.731861115 20.779502869 21.331771851 21.466417313 21.709625244 21.713365555 21.752029419 22.046028137 22.056402206 22.525909424 22.588855743 22.640119553 22.691188812 22.724067688 23.093881607 23.524862289 23.593055725 23.676515579 23.856054306 23.897125244 24.025377274 24.450603485 24.570735931 24.615222931 24.701023102 24.851158142 25.465543747 25.599056244 25.768108368 25.798503876 25.816936493 26.039703369 26.055849075 26.087236404 26.097267151 26.201847076 26.255708694 26.443626404 26.681587219 26.755966187 26.846553802 26.902862549 27.069581985 27.133472443 27.183254242 27.191955566 27.259176254 27.276586533 27.634817123 27.764537811 27.817737579 27.863904953 27.907526016 28.094144821 28.102325439 28.231323242 28.337898254 28.347343445 28.443588257 28.598257065 28.666437149 28.751316071 28.846668243 28.970924377 28.995096207

# Ground state and the lowest excitations:
 | 0> = ( 1.0000000, 0.0000000)|   0, 0, 0;0,  0;0,  0> +
        ( 0.0000478,-0.0000000)|   0, 0, 0;0,  0;1,  0> +
        (-0.0000478,-0.0000000)|   0, 0, 0;1,  0;0,  0> +
         ...
 | 1> = ( 0.9999999,-0.0000000)|   1, 0, 0;0,  0;0,  0> +
        (-0.0000479, 0.0000000)|   1, 0, 0;1,  0;0,  0> +
        ( 0.0000479, 0.0000000)|   1, 0, 0;0,  0;1,  0> +
        ( 0.0000042, 0.0000000)|   2, 0, 0;0,  0;0,  0> +
         ...
 | 2> = (-0.9999994, 0.0000000)|   2, 0, 0;0,  0;0,  0> +
        ( 0.0002741, 0.0000000)|   0, 2, 0;0,  0;0,  0> +
        ( 0.0002741,-0.0000000)|   0, 0, 2;0,  0;0,  0> +
        ( 0.0000478, 0.0000000)|   2, 0, 0;1,  0;0,  0> +
        (-0.0000478, 0.0000000)|   2, 0, 0;0,  0;1,  0> +
        ( 0.0000042,-0.0000000)|   1, 0, 0;0,  0;0,  0> +
         ...
 | 3> = (-0.9999996, 0.0000000)|   3, 0, 0;0,  0;0,  0> +
        ( 0.0000000,-0.0004138)|   0, 0, 1;0,  0;0,  0> +
        ( 0.0003530, 0.0000000)|   1, 2, 0;0,  0;0,  0> +
        ( 0.0003520, 0.0000000)|   0, 1, 0;0,  0;0,  0> +
        ( 0.0001916,-0.0000000)|   1, 0, 2;0,  0;0,  0> +
        (-0.0000478, 0.0000000)|   3, 0, 0;0,  0;1,  0> +
        ( 0.0000478,-0.0000000)|   3, 0, 0;1,  0;0,  0> +
        (-0.0000378,-0.0000000)|   0, 0, 2;0,  0;0,  0> +
        ( 0.0000377, 0.0000000)|   0, 2, 0;0,  0;0,  0> +
        (-0.0000184,-0.0000000)|   4, 0, 0;0,  0;0,  0> +
        (-0.0000022,-0.0000000)|   0, 2, 2;0,  0;0,  0> +
         ...
 | 4> = (-0.9999812,-0.0000000)|   4, 0, 0;0,  0;0,  0> +
        (-0.0000000,-0.0031710)|   1, 0, 1;0,  0;0,  0> +
        (-0.0030924,-0.0000000)|   1, 1, 0;0,  0;0,  0> +
        ( 0.0027103,-0.0000000)|   0, 0, 2;0,  0;0,  0> +
        (-0.0027103, 0.0000000)|   0, 2, 0;0,  0;0,  0> +
        ( 0.0015987,-0.0000000)|   1, 2, 0;0,  0;0,  0> +
        ( 0.0005918, 0.0000000)|   1, 0, 2;0,  0;0,  0> +
        ( 0.0005111,-0.0000000)|   0, 2, 2;0,  0;0,  0> +
        (-0.0000478,-0.0000000)|   4, 0, 0;0,  0;1,  0> +
        ( 0.0000478,-0.0000000)|   4, 0, 0;1,  0;0,  0> +
        ( 0.0000000, 0.0000320)|   0, 0, 1;0,  0;0,  0> +
        (-0.0000319, 0.0000000)|   0, 1, 0;0,  0;0,  0> +
        ( 0.0000189, 0.0000000)|   3, 0, 0;0,  0;0,  0> +
        (-0.0000143,-0.0000000)|   2, 0, 2;0,  0;0,  0> +
        (-0.0000066, 0.0000000)|   2, 2, 0;0,  0;0,  0> +
        ( 0.0000023,-0.0000000)|   5, 0, 0;0,  0;0,  0> +
        ( 0.0000000,-0.0000020)|   0, 0, 3;0,  0;0,  0> +
        (-0.0000018, 0.0000000)|   0, 3, 0;0,  0;0,  0> +
        (-0.0000000,-0.0000014)|   0, 2, 1;0,  0;0,  0> +
        (-0.0000013, 0.0000000)|   0, 1, 2;0,  0;0,  0> +
         ...
 | 5> = ( 0.9999825,-0.0005021)|   5, 0, 0;0,  0;0,  0> +
        ( 0.0000363,-0.0042145)|   2, 0, 1;0,  0;0,  0> +
        (-0.0038974, 0.0000455)|   2, 1, 0;0,  0;0,  0> +
        (-0.0011441, 0.0000553)|   0, 1, 2;0,  0;0,  0> +
        ( 0.0005467,-0.0010059)|   0, 0, 3;0,  0;0,  0> +
        ( 0.0006756, 0.0004894)|   0, 3, 0;0,  0;0,  0> +
        (-0.0006117, 0.0000005)|   2, 2, 0;0,  0;0,  0> +
        ( 0.0003361,-0.0000005)|   2, 0, 2;0,  0;0,  0> +
        (-0.0001958,-0.0000011)|   2, 2, 2;0,  0;0,  0> +
        ( 0.0000001,-0.0001678)|   0, 1, 1;0,  0;0,  0> +
        ( 0.0001641, 0.0000040)|   1, 1, 0;0,  0;0,  0> +
        ( 0.0000040,-0.0001587)|   1, 0, 1;0,  0;0,  0> +
        ( 0.0001518,-0.0000000)|   1, 2, 0;0,  0;0,  0> +
        (-0.0000417, 0.0001426)|   0, 2, 1;0,  0;0,  0> +
        ( 0.0001462, 0.0000001)|   1, 2, 2;0,  0;0,  0> +
        (-0.0001354, 0.0000000)|   1, 0, 2;0,  0;0,  0> +
        ( 0.0001015,-0.0000000)|   0, 2, 2;0,  0;0,  0> +
        ( 0.0001000,-0.0000005)|   3, 0, 2;0,  0;0,  0> +
        ( 0.0000822,-0.0000002)|   3, 2, 0;0,  0;0,  0> +
        ( 0.0000478,-0.0000000)|   5, 0, 0;0,  0;1,  0> +
        (-0.0000478, 0.0000000)|   5, 0, 0;1,  0;0,  0> +
        ( 0.0000000,-0.0000210)|   0, 2, 3;0,  0;0,  0> +
        (-0.0000191,-0.0000001)|   0, 3, 2;0,  0;0,  0> +
        ( 0.0000190,-0.0000000)|   0, 2, 0;0,  0;0,  0> +
        (-0.0000189, 0.0000000)|   0, 0, 2;0,  0;0,  0> +
        (-0.0000000, 0.0000185)|   0, 3, 1;0,  0;0,  0> +
        ( 0.0000023,-0.0000000)|   4, 0, 0;0,  0;0,  0> +
        (-0.0000000,-0.0000017)|   1, 0, 3;0,  0;0,  0> +
        (-0.0000016, 0.0000000)|   1, 3, 0;0,  0;0,  0> +
        (-0.0000000,-0.0000011)|   1, 2, 1;0,  0;0,  0> +
         ...
 | 6> = ( 0.9999860, 0.0000122)|   6, 0, 0;0,  0;0,  0> +
        ( 0.0000686, 0.0020860)|   2, 0, 1;0,  0;0,  0> +
        (-0.0019126, 0.0000662)|   2, 1, 0;0,  0;0,  0> +
        (-0.0000011,-0.0018099)|   0, 1, 1;0,  0;0,  0> +
        (-0.0016606, 0.0000345)|   3, 2, 0;0,  0;0,  0> +
        (-0.0000056,-0.0014779)|   3, 0, 1;0,  0;0,  0> +
        (-0.0000085,-0.0014774)|   1, 0, 3;0,  0;0,  0> +
        (-0.0012801,-0.0000059)|   3, 1, 0;0,  0;0,  0> +
        (-0.0011399,-0.0000133)|   1, 3, 0;0,  0;0,  0> +
        (-0.0001842,-0.0010751)|   0, 0, 3;0,  0;0,  0> +
        ( 0.0010165,-0.0003877)|   0, 2, 1;0,  0;0,  0> +
        (-0.0009856,-0.0001508)|   0, 1, 2;0,  0;0,  0> +
        (-0.0007970, 0.0004899)|   0, 3, 0;0,  0;0,  0> +
        ( 0.0000095,-0.0007479)|   1, 2, 1;0,  0;0,  0> +
        (-0.0007399,-0.0000061)|   1, 1, 2;0,  0;0,  0> +
        (-0.0006768,-0.0000052)|   4, 0, 2;0,  0;0,  0> +
        (-0.0006250,-0.0000036)|   4, 2, 0;0,  0;0,  0> +
        ( 0.0005392,-0.0000002)|   2, 2, 2;0,  0;0,  0> +
        (-0.0003141,-0.0000327)|   3, 0, 2;0,  0;0,  0> +
        (-0.0003126, 0.0000006)|   1, 2, 2;0,  0;0,  0> +
        ( 0.0002943, 0.0000004)|   2, 2, 0;0,  0;0,  0> +
        ( 0.0000001,-0.0002791)|   0, 3, 1;0,  0;0,  0> +
        ( 0.0000000, 0.0002516)|   0, 3, 3;0,  0;0,  0> +
        (-0.0001799, 0.0000020)|   0, 3, 2;0,  0;0,  0> +
        ( 0.0000021, 0.0001150)|   0, 2, 3;0,  0;0,  0> +
        (-0.0000796,-0.0000004)|   2, 0, 2;0,  0;0,  0> +
        ( 0.0000478, 0.0000000)|   6, 0, 0;0,  0;1,  0> +
        (-0.0000478,-0.0000000)|   6, 0, 0;1,  0;0,  0> +
        ( 0.0000290,-0.0000002)|   3, 2, 2;0,  0;0,  0> +
        ( 0.0000014, 0.0000276)|   0, 1, 3;0,  0;0,  0> +
        (-0.0000253,-0.0000000)|   1, 2, 0;0,  0;0,  0> +
        ( 0.0000251, 0.0000000)|   1, 0, 2;0,  0;0,  0> +
        (-0.0000061, 0.0000000)|   0, 2, 2;0,  0;0,  0> +
        (-0.0000009,-0.0000029)|   1, 0, 1;0,  0;0,  0> +
        (-0.0000000, 0.0000029)|   2, 0, 3;0,  0;0,  0> +
        ( 0.0000029,-0.0000001)|   2, 3, 0;0,  0;0,  0> +
        ( 0.0000021, 0.0000000)|   2, 1, 2;0,  0;0,  0> +
        ( 0.0000019,-0.0000009)|   1, 1, 0;0,  0;0,  0> +
        ( 0.0000000, 0.0000018)|   2, 2, 1;0,  0;0,  0> +
        (-0.0000001,-0.0000016)|   1, 1, 1;0,  0;0,  0> +
         ...
 | 7> = (-0.7380389, 0.0000000)|   0, 1, 0;0,  0;0,  0> +
        ( 0.0000000, 0.6747509)|   0, 0, 1;0,  0;0,  0> +
        (-0.0024009,-0.0000000)|   1, 0, 2;0,  0;0,  0> +
        (-0.0022231, 0.0000000)|   1, 2, 0;0,  0;0,  0> +
        (-0.0005400, 0.0000000)|   3, 0, 0;0,  0;0,  0> +
        ( 0.0003855,-0.0000000)|   0, 0, 2;0,  0;0,  0> +
        (-0.0003851, 0.0000000)|   0, 2, 0;0,  0;0,  0> +
        ( 0.0000422,-0.0000000)|   4, 0, 0;0,  0;0,  0> +
        (-0.0000353, 0.0000000)|   0, 1, 0;0,  0;1,  0> +
        ( 0.0000353,-0.0000000)|   0, 1, 0;1,  0;0,  0> +
        (-0.0000000,-0.0000323)|   0, 0, 1;1,  0;0,  0> +
        (-0.0000000, 0.0000323)|   0, 0, 1;0,  0;1,  0> +
        ( 0.0000122,-0.0000000)|   0, 2, 2;0,  0;0,  0> +
        (-0.0000000,-0.0000012)|   1, 0, 1;0,  0;0,  0> +
        ( 0.0000011,-0.0000000)|   2, 0, 2;0,  0;0,  0> +
         ...
 | 8> = ( 0.0000000, 0.7380428)|   0, 0, 1;0,  0;0,  0> +
        ( 0.6747554, 0.0000000)|   0, 1, 0;0,  0;0,  0> +
        (-0.0001079,-0.0000000)|   1, 0, 2;0,  0;0,  0> +
        (-0.0000997, 0.0000000)|   1, 2, 0;0,  0;0,  0> +
        (-0.0000679, 0.0000000)|   3, 0, 0;0,  0;0,  0> +
        (-0.0000000, 0.0000353)|   0, 0, 1;0,  0;1,  0> +
        (-0.0000000,-0.0000353)|   0, 0, 1;1,  0;0,  0> +
        ( 0.0000323, 0.0000000)|   0, 1, 0;0,  0;1,  0> +
        (-0.0000323,-0.0000000)|   0, 1, 0;1,  0;0,  0> +
        (-0.0000159, 0.0000000)|   0, 2, 0;0,  0;0,  0> +
        ( 0.0000049,-0.0000000)|   0, 0, 2;0,  0;0,  0> +
        ( 0.0000019,-0.0000000)|   4, 0, 0;0,  0;0,  0> +
         ...
 | 9> = (-0.9999129, 0.0105254)|   7, 0, 0;0,  0;0,  0> +
        ( 0.0000362,-0.0048982)|   4, 0, 1;0,  0;0,  0> +
        (-0.0044110, 0.0000275)|   4, 1, 0;0,  0;0,  0> +
        ( 0.0022614, 0.0000188)|   3, 1, 0;0,  0;0,  0> +
        ( 0.0000174,-0.0022584)|   3, 0, 1;0,  0;0,  0> +
        (-0.0000555,-0.0010070)|   1, 3, 1;0,  0;0,  0> +
        (-0.0009371, 0.0000189)|   4, 0, 2;0,  0;0,  0> +
        ( 0.0000279, 0.0008476)|   1, 1, 3;0,  0;0,  0> +
        ( 0.0000003,-0.0008336)|   0, 3, 1;0,  0;0,  0> +
        ( 0.0000000,-0.0008118)|   0, 3, 3;0,  0;0,  0> +
        ( 0.0008001,-0.0000008)|   0, 3, 2;0,  0;0,  0> +
        ( 0.0000389, 0.0007862)|   1, 1, 1;0,  0;0,  0> +
        (-0.0006959, 0.0001101)|   0, 2, 1;0,  0;0,  0> +
        ( 0.0006196,-0.0003057)|   0, 0, 3;0,  0;0,  0> +
        ( 0.0006830,-0.0000017)|   1, 3, 0;0,  0;0,  0> +
        (-0.0006593,-0.0000185)|   4, 2, 0;0,  0;0,  0> +
        ( 0.0006373,-0.0000059)|   3, 0, 2;0,  0;0,  0> +
        (-0.0000010, 0.0006215)|   0, 2, 3;0,  0;0,  0> +
        ( 0.0000147,-0.0004533)|   2, 0, 3;0,  0;0,  0> +
        ( 0.0000001, 0.0004254)|   2, 3, 3;0,  0;0,  0> +
        (-0.0001942, 0.0003672)|   0, 1, 2;0,  0;0,  0> +
        (-0.0003760, 0.0000106)|   2, 3, 0;0,  0;0,  0> +
        ( 0.0003493,-0.0000010)|   2, 3, 2;0,  0;0,  0> +
        ( 0.0000114, 0.0003482)|   0, 1, 3;0,  0;0,  0> +
        ( 0.0002854, 0.0000049)|   0, 3, 0;0,  0;0,  0> +
        (-0.0002451, 0.0000116)|   2, 1, 2;0,  0;0,  0> +
        ( 0.0000052,-0.0002250)|   2, 2, 1;0,  0;0,  0> +
        (-0.0000007, 0.0001753)|   2, 2, 3;0,  0;0,  0> +
        ( 0.0000001, 0.0000948)|   0, 1, 1;0,  0;0,  0> +
        (-0.0000000, 0.0000935)|   1, 3, 3;0,  0;0,  0> +
        ( 0.0000175, 0.0000877)|   1, 2, 1;0,  0;0,  0> +
        ( 0.0000610, 0.0000162)|   1, 1, 2;0,  0;0,  0> +
        ( 0.0000597, 0.0000018)|   1, 3, 2;0,  0;0,  0> +
        ( 0.0000478,-0.0000005)|   7, 0, 0;1,  0;0,  0> +
        (-0.0000478, 0.0000005)|   7, 0, 0;0,  0;1,  0> +
        (-0.0000448, 0.0000002)|   2, 2, 2;0,  0;0,  0> +
        (-0.0000043,-0.0000367)|   1, 0, 3;0,  0;0,  0> +
        (-0.0000324, 0.0000063)|   3, 2, 0;0,  0;0,  0> +
        (-0.0000269,-0.0000014)|   4, 2, 2;0,  0;0,  0> +
        ( 0.0000259,-0.0000003)|   1, 2, 2;0,  0;0,  0> +
        ( 0.0000018, 0.0000200)|   1, 2, 3;0,  0;0,  0> +
        (-0.0000186,-0.0000000)|   3, 2, 2;0,  0;0,  0> +
        ( 0.0000003,-0.0000089)|   2, 3, 1;0,  0;0,  0> +
        ( 0.0000041, 0.0000002)|   2, 0, 2;0,  0;0,  0> +
        (-0.0000040,-0.0000002)|   2, 2, 0;0,  0;0,  0> +
        ( 0.0000037,-0.0000010)|   2, 1, 1;0,  0;0,  0> +
        ( 0.0000002, 0.0000026)|   2, 0, 1;0,  0;0,  0> +
        (-0.0000024, 0.0000001)|   2, 1, 0;0,  0;0,  0> +
        (-0.0000003,-0.0000019)|   2, 1, 3;0,  0;0,  0> +
        (-0.0000011,-0.0000000)|   5, 0, 0;0,  0;0,  0> +
         ...
 |10> = (-0.0000027,-0.7120122)|   1, 0, 1;0,  0;0,  0> +
        (-0.7021117,-0.0000027)|   1, 1, 0;0,  0;0,  0> +
        (-0.0061211,-0.0000000)|   1, 0, 2;0,  0;0,  0> +
        ( 0.0044353,-0.0000000)|   4, 0, 0;0,  0;0,  0> +
        ( 0.0036823, 0.0000000)|   1, 2, 0;0,  0;0,  0> +
        (-0.0023361, 0.0000001)|   2, 2, 0;0,  0;0,  0> +
        (-0.0015165,-0.0000001)|   2, 0, 2;0,  0;0,  0> +
        (-0.0007400,-0.0000000)|   0, 2, 0;0,  0;0,  0> +
        ( 0.0007397, 0.0000000)|   0, 0, 2;0,  0;0,  0> +
        ( 0.0005751,-0.0000000)|   0, 2, 2;0,  0;0,  0> +
        ( 0.0001703, 0.0000006)|   2, 1, 0;0,  0;0,  0> +
        ( 0.0000017, 0.0001604)|   2, 0, 1;0,  0;0,  0> +
        ( 0.0000000, 0.0000341)|   1, 0, 1;1,  0;0,  0> +
        (-0.0000000,-0.0000341)|   1, 0, 1;0,  0;1,  0> +
        ( 0.0000336, 0.0000000)|   1, 1, 0;1,  0;0,  0> +
        (-0.0000336,-0.0000000)|   1, 1, 0;0,  0;1,  0> +
        (-0.0000003,-0.0000139)|   0, 2, 1;0,  0;0,  0> +
        (-0.0000000,-0.0000139)|   0, 0, 3;0,  0;0,  0> +
        (-0.0000138,-0.0000001)|   0, 3, 0;0,  0;0,  0> +
        (-0.0000126,-0.0000000)|   0, 1, 2;0,  0;0,  0> +
        (-0.0000090, 0.0000000)|   1, 2, 2;0,  0;0,  0> +
        ( 0.0000000,-0.0000061)|   0, 0, 1;0,  0;0,  0> +
        ( 0.0000060, 0.0000000)|   0, 1, 0;0,  0;0,  0> +
         ...
 |11> = (-0.7116501, 0.0004540)|   1, 1, 0;0,  0;0,  0> +
        ( 0.0004531, 0.7017416)|   1, 0, 1;0,  0;0,  0> +
        (-0.0246456,-0.0001055)|   2, 1, 0;0,  0;0,  0> +
        (-0.0002991,-0.0219572)|   2, 0, 1;0,  0;0,  0> +
        ( 0.0042914,-0.0000008)|   2, 0, 2;0,  0;0,  0> +
        ( 0.0013404, 0.0000002)|   1, 2, 2;0,  0;0,  0> +
        ( 0.0011848, 0.0000012)|   2, 2, 0;0,  0;0,  0> +
        ( 0.0007743,-0.0000001)|   1, 2, 0;0,  0;0,  0> +
        (-0.0007452, 0.0000001)|   1, 0, 2;0,  0;0,  0> +
        ( 0.0007138, 0.0000359)|   0, 3, 0;0,  0;0,  0> +
        ( 0.0000378, 0.0007128)|   0, 2, 1;0,  0;0,  0> +
        ( 0.0000229, 0.0006783)|   0, 0, 3;0,  0;0,  0> +
        (-0.0004809, 0.0000000)|   0, 2, 2;0,  0;0,  0> +
        ( 0.0002457, 0.0000050)|   0, 1, 2;0,  0;0,  0> +
        ( 0.0001262,-0.0000000)|   0, 0, 2;0,  0;0,  0> +
        (-0.0001258, 0.0000000)|   0, 2, 0;0,  0;0,  0> +
        ( 0.0000384,-0.0000053)|   5, 0, 0;0,  0;0,  0> +
        (-0.0000341, 0.0000000)|   1, 1, 0;0,  0;1,  0> +
        ( 0.0000341,-0.0000000)|   1, 1, 0;1,  0;0,  0> +
        (-0.0000000,-0.0000336)|   1, 0, 1;1,  0;0,  0> +
        ( 0.0000000, 0.0000336)|   1, 0, 1;0,  0;1,  0> +
        (-0.0000234, 0.0000000)|   4, 0, 0;0,  0;0,  0> +
        (-0.0000001,-0.0000178)|   0, 1, 1;0,  0;0,  0> +
        ( 0.0000073,-0.0000002)|   3, 0, 2;0,  0;0,  0> +
        ( 0.0000058,-0.0000000)|   3, 2, 0;0,  0;0,  0> +
        (-0.0000052,-0.0000002)|   2, 2, 2;0,  0;0,  0> +
        ( 0.0000041, 0.0000000)|   6, 0, 0;0,  0;0,  0> +
        (-0.0000000, 0.0000031)|   0, 3, 1;0,  0;0,  0> +
        ( 0.0000000,-0.0000023)|   0, 2, 3;0,  0;0,  0> +
        (-0.0000020,-0.0000000)|   0, 3, 2;0,  0;0,  0> +
        (-0.0000012,-0.0000000)|   2, 1, 0;0,  0;1,  0> +
        ( 0.0000012, 0.0000000)|   2, 1, 0;1,  0;0,  0> +
        ( 0.0000000, 0.0000011)|   2, 0, 1;1,  0;0,  0> +
        (-0.0000000,-0.0000011)|   2, 0, 1;0,  0;1,  0> +
         ...
 |12> = ( 0.7151285,-0.0233616)|   2, 1, 0;0,  0;0,  0> +
        (-0.0242755,-0.6981277)|   2, 0, 1;0,  0;0,  0> +
        ( 0.0000222, 0.0062138)|   0, 1, 1;0,  0;0,  0> +
        ( 0.0028428, 0.0000000)|   6, 0, 0;0,  0;0,  0> +
        ( 0.0025446, 0.0000037)|   3, 2, 0;0,  0;0,  0> +
        ( 0.0020175, 0.0000106)|   3, 0, 2;0,  0;0,  0> +
        (-0.0016184, 0.0002330)|   1, 1, 0;0,  0;0,  0> +
        ( 0.0002321, 0.0016106)|   1, 0, 1;0,  0;0,  0> +
        ( 0.0000058,-0.0015116)|   0, 3, 1;0,  0;0,  0> +
        ( 0.0014521, 0.0001104)|   2, 0, 2;0,  0;0,  0> +
        (-0.0013229,-0.0002569)|   0, 3, 0;0,  0;0,  0> +
        (-0.0012687,-0.0001096)|   2, 2, 0;0,  0;0,  0> +
        ( 0.0000013, 0.0009380)|   0, 2, 3;0,  0;0,  0> +
        ( 0.0008187, 0.0000015)|   0, 3, 2;0,  0;0,  0> +
        ( 0.0002749,-0.0005698)|   0, 2, 1;0,  0;0,  0> +
        ( 0.0005742,-0.0000223)|   1, 2, 2;0,  0;0,  0> +
        (-0.0005608,-0.0000046)|   2, 2, 2;0,  0;0,  0> +
        (-0.0004316,-0.0001316)|   0, 0, 3;0,  0;0,  0> +
        ( 0.0001912,-0.0000298)|   0, 1, 2;0,  0;0,  0> +
        (-0.0001520, 0.0000690)|   5, 0, 0;0,  0;0,  0> +
        (-0.0000002, 0.0000684)|   1, 0, 3;0,  0;0,  0> +
        ( 0.0000681, 0.0000002)|   1, 3, 0;0,  0;0,  0> +
        ( 0.0000574, 0.0000000)|   0, 2, 2;0,  0;0,  0> +
        ( 0.0000000, 0.0000409)|   1, 2, 1;0,  0;0,  0> +
        ( 0.0000403, 0.0000002)|   1, 1, 2;0,  0;0,  0> +
        ( 0.0000000, 0.0000384)|   0, 1, 3;0,  0;0,  0> +
        ( 0.0000342,-0.0000011)|   2, 1, 0;0,  0;1,  0> +
        (-0.0000342, 0.0000011)|   2, 1, 0;1,  0;0,  0> +
        ( 0.0000012, 0.0000334)|   2, 0, 1;1,  0;0,  0> +
        (-0.0000012,-0.0000334)|   2, 0, 1;0,  0;1,  0> +
        (-0.0000172, 0.0000001)|   1, 2, 0;0,  0;0,  0> +
        ( 0.0000165,-0.0000001)|   1, 0, 2;0,  0;0,  0> +
        (-0.0000136,-0.0000000)|   3, 1, 0;0,  0;0,  0> +
        ( 0.0000000,-0.0000132)|   3, 0, 1;0,  0;0,  0> +
        (-0.0000092, 0.0000000)|   4, 2, 0;0,  0;0,  0> +
        (-0.0000091,-0.0000000)|   4, 0, 2;0,  0;0,  0> +
        ( 0.0000001, 0.0000021)|   0, 3, 3;0,  0;0,  0> +
         ...
 |13> = (-0.9998795, 0.0002312)|   8, 0, 0;0,  0;0,  0> +
        ( 0.0025549, 0.0109982)|   4, 0, 1;0,  0;0,  0> +
        (-0.0078010, 0.0025791)|   4, 1, 0;0,  0;0,  0> +
        (-0.0002741,-0.0056333)|   1, 1, 1;0,  0;0,  0> +
        (-0.0000410, 0.0013890)|   1, 2, 1;0,  0;0,  0> +
        ( 0.0013773,-0.0000384)|   4, 0, 2;0,  0;0,  0> +
        ( 0.0000635, 0.0011738)|   1, 3, 1;0,  0;0,  0> +
        ( 0.0009250, 0.0000003)|   2, 2, 2;0,  0;0,  0> +
        (-0.0000669, 0.0009046)|   2, 3, 1;0,  0;0,  0> +
        (-0.0009051,-0.0000151)|   2, 3, 0;0,  0;0,  0> +
        (-0.0007772, 0.0001968)|   2, 1, 1;0,  0;0,  0> +
        (-0.0000229,-0.0007294)|   1, 1, 3;0,  0;0,  0> +
        (-0.0006446, 0.0000383)|   4, 2, 0;0,  0;0,  0> +
        ( 0.0005747,-0.0000146)|   2, 3, 2;0,  0;0,  0> +
        ( 0.0005745, 0.0000002)|   3, 2, 2;0,  0;0,  0> +
        (-0.0000004, 0.0005464)|   3, 3, 3;0,  0;0,  0> +
        (-0.0005406, 0.0000045)|   1, 3, 2;0,  0;0,  0> +
        ( 0.0000015, 0.0005271)|   1, 0, 3;0,  0;0,  0> +
        ( 0.0000002,-0.0005074)|   2, 3, 3;0,  0;0,  0> +
        ( 0.0003974, 0.0002970)|   0, 1, 2;0,  0;0,  0> +
        ( 0.0004716,-0.0000073)|   3, 0, 2;0,  0;0,  0> +
        (-0.0003876,-0.0002545)|   0, 3, 0;0,  0;0,  0> +
        (-0.0000000, 0.0004287)|   0, 3, 1;0,  0;0,  0> +
        ( 0.0004127,-0.0000001)|   1, 2, 2;0,  0;0,  0> +
        (-0.0003930, 0.0000306)|   2, 1, 2;0,  0;0,  0> +
        (-0.0003734,-0.0000896)|   0, 2, 1;0,  0;0,  0> +
        ( 0.0003711,-0.0000098)|   5, 2, 0;0,  0;0,  0> +
        (-0.0003586,-0.0000229)|   1, 3, 0;0,  0;0,  0> +
        ( 0.0000175,-0.0003501)|   2, 0, 3;0,  0;0,  0> +
        ( 0.0003377,-0.0000250)|   5, 0, 2;0,  0;0,  0> +
        (-0.0003331, 0.0000080)|   3, 2, 0;0,  0;0,  0> +
        ( 0.0000000,-0.0003262)|   0, 3, 3;0,  0;0,  0> +
        ( 0.0000043,-0.0002598)|   1, 2, 3;0,  0;0,  0> +
        (-0.0002501, 0.0000063)|   1, 1, 2;0,  0;0,  0> +
        ( 0.0001323, 0.0002112)|   0, 0, 3;0,  0;0,  0> +
        ( 0.0002143, 0.0000007)|   4, 2, 2;0,  0;0,  0> +
        (-0.0002036, 0.0000021)|   0, 3, 2;0,  0;0,  0> +
        ( 0.0000021, 0.0002016)|   0, 2, 3;0,  0;0,  0> +
        ( 0.0000056, 0.0002003)|   2, 1, 3;0,  0;0,  0> +
        (-0.0000189, 0.0001533)|   2, 2, 1;0,  0;0,  0> +
        (-0.0000014, 0.0001061)|   4, 3, 3;0,  0;0,  0> +
        (-0.0000139, 0.0000701)|   2, 2, 3;0,  0;0,  0> +
        (-0.0000478, 0.0000000)|   8, 0, 0;0,  0;1,  0> +
        ( 0.0000478,-0.0000000)|   8, 0, 0;1,  0;0,  0> +
        ( 0.0000464, 0.0000004)|   5, 1, 0;0,  0;0,  0> +
        (-0.0000006, 0.0000348)|   5, 0, 1;0,  0;0,  0> +
        (-0.0000006,-0.0000292)|   0, 1, 3;0,  0;0,  0> +
        (-0.0000259, 0.0000020)|   7, 0, 0;0,  0;0,  0> +
        (-0.0000243, 0.0000001)|   3, 3, 0;0,  0;0,  0> +
        (-0.0000000, 0.0000243)|   1, 3, 3;0,  0;0,  0> +
        (-0.0000001,-0.0000222)|   3, 0, 3;0,  0;0,  0> +
        ( 0.0000179,-0.0000000)|   3, 3, 2;0,  0;0,  0> +
        ( 0.0000002, 0.0000133)|   3, 2, 3;0,  0;0,  0> +
        (-0.0000101, 0.0000001)|   3, 1, 2;0,  0;0,  0> +
        ( 0.0000002,-0.0000084)|   3, 2, 1;0,  0;0,  0> +
        (-0.0000022, 0.0000064)|   3, 0, 1;0,  0;0,  0> +
        (-0.0000061,-0.0000023)|   3, 1, 0;0,  0;0,  0> +
        ( 0.0000019,-0.0000000)|   6, 0, 0;0,  0;0,  0> +
         ...
 |14> = (-0.0009078,-0.7151839)|   2, 0, 1;0,  0;0,  0> +
        (-0.6981258,-0.0005703)|   2, 1, 0;0,  0;0,  0> +
        ( 0.0232754, 0.0000804)|   1, 1, 0;0,  0;0,  0> +
        ( 0.0000801,-0.0232661)|   1, 0, 1;0,  0;0,  0> +
        (-0.0057433,-0.0000011)|   5, 0, 0;0,  0;0,  0> +
        (-0.0028880, 0.0000317)|   2, 0, 2;0,  0;0,  0> +
        (-0.0016581, 0.0000028)|   1, 2, 2;0,  0;0,  0> +
        (-0.0016187,-0.0000315)|   2, 2, 0;0,  0;0,  0> +
        ( 0.0000412,-0.0008296)|   0, 0, 3;0,  0;0,  0> +
        (-0.0006518, 0.0000276)|   0, 3, 0;0,  0;0,  0> +
        ( 0.0006280, 0.0000000)|   0, 2, 2;0,  0;0,  0> +
        (-0.0000312,-0.0005670)|   0, 2, 1;0,  0;0,  0> +
        (-0.0004450,-0.0000083)|   0, 1, 2;0,  0;0,  0> +
        ( 0.0001547, 0.0000000)|   6, 0, 0;0,  0;0,  0> +
        (-0.0001166,-0.0000000)|   1, 0, 2;0,  0;0,  0> +
        ( 0.0001125, 0.0000000)|   1, 2, 0;0,  0;0,  0> +
        ( 0.0000001, 0.0000671)|   0, 1, 1;0,  0;0,  0> +
        ( 0.0000455,-0.0000001)|   3, 2, 0;0,  0;0,  0> +
        ( 0.0000389,-0.0000001)|   3, 0, 2;0,  0;0,  0> +
        (-0.0000000,-0.0000342)|   2, 0, 1;0,  0;1,  0> +
        ( 0.0000000, 0.0000342)|   2, 0, 1;1,  0;0,  0> +
        (-0.0000334,-0.0000000)|   2, 1, 0;0,  0;1,  0> +
        ( 0.0000334, 0.0000000)|   2, 1, 0;1,  0;0,  0> +
        ( 0.0000001,-0.0000199)|   0, 3, 1;0,  0;0,  0> +
        (-0.0000142,-0.0000006)|   2, 2, 2;0,  0;0,  0> +
        ( 0.0000000, 0.0000117)|   0, 2, 3;0,  0;0,  0> +
        ( 0.0000101, 0.0000000)|   0, 3, 2;0,  0;0,  0> +
        ( 0.0000089,-0.0000000)|   0, 2, 0;0,  0;0,  0> +
        (-0.0000088, 0.0000000)|   0, 0, 2;0,  0;0,  0> +
        ( 0.0000014, 0.0000000)|   4, 0, 0;0,  0;0,  0> +
        ( 0.0000011, 0.0000000)|   1, 1, 0;0,  0;1,  0> +
        (-0.0000011,-0.0000000)|   1, 1, 0;1,  0;0,  0> +
        (-0.0000000, 0.0000011)|   1, 0, 1;1,  0;0,  0> +
        ( 0.0000000,-0.0000011)|   1, 0, 1;0,  0;1,  0> +
         ...
 |15> = (-0.9995462, 0.0243598)|   9, 0, 0;0,  0;0,  0> +
        (-0.0149925,-0.0003423)|   5, 1, 0;0,  0;0,  0> +
        ( 0.0002341, 0.0059325)|   3, 1, 1;0,  0;0,  0> +
        (-0.0004464, 0.0043703)|   5, 0, 1;0,  0;0,  0> +
        (-0.0027111, 0.0000516)|   2, 1, 2;0,  0;0,  0> +
        (-0.0022592,-0.0001389)|   1, 1, 2;0,  0;0,  0> +
        (-0.0017340, 0.0000268)|   5, 0, 2;0,  0;0,  0> +
        (-0.0015378,-0.0000069)|   5, 2, 0;0,  0;0,  0> +
        ( 0.0014709, 0.0000265)|   3, 3, 0;0,  0;0,  0> +
        (-0.0011027, 0.0008401)|   3, 2, 3;0,  0;0,  0> +
        (-0.0005516,-0.0011048)|   3, 3, 2;0,  0;0,  0> +
        ( 0.0011072, 0.0000723)|   1, 3, 0;0,  0;0,  0> +
        ( 0.0000052,-0.0010901)|   1, 1, 3;0,  0;0,  0> +
        ( 0.0000000,-0.0010714)|   0, 3, 1;0,  0;0,  0> +
        ( 0.0008490,-0.0000079)|   0, 3, 2;0,  0;0,  0> +
        ( 0.0002770,-0.0007798)|   6, 0, 1;0,  0;0,  0> +
        ( 0.0000021, 0.0007902)|   3, 0, 3;0,  0;0,  0> +
        (-0.0000039,-0.0007548)|   4, 2, 3;0,  0;0,  0> +
        ( 0.0000827, 0.0007331)|   2, 2, 1;0,  0;0,  0> +
        (-0.0000080,-0.0007031)|   0, 2, 3;0,  0;0,  0> +
        (-0.0001250,-0.0006570)|   2, 1, 3;0,  0;0,  0> +
        (-0.0000168,-0.0006362)|   0, 1, 2;0,  0;0,  0> +
        (-0.0000001, 0.0006083)|   0, 3, 3;0,  0;0,  0> +
        ( 0.0000164, 0.0005930)|   3, 2, 1;0,  0;0,  0> +
        (-0.0005397, 0.0000073)|   2, 3, 2;0,  0;0,  0> +
        ( 0.0000141, 0.0005071)|   1, 2, 3;0,  0;0,  0> +
        (-0.0000002, 0.0005034)|   2, 3, 3;0,  0;0,  0> +
        ( 0.0004872,-0.0000206)|   3, 1, 2;0,  0;0,  0> +
        (-0.0004632,-0.0000052)|   4, 3, 0;0,  0;0,  0> +
        (-0.0004353,-0.0001560)|   0, 0, 3;0,  0;0,  0> +
        (-0.0000016,-0.0004430)|   4, 0, 3;0,  0;0,  0> +
        (-0.0000000, 0.0004386)|   1, 3, 3;0,  0;0,  0> +
        (-0.0003999,-0.0000007)|   5, 2, 2;0,  0;0,  0> +
        (-0.0003915, 0.0000192)|   2, 3, 0;0,  0;0,  0> +
        ( 0.0000016, 0.0003860)|   6, 3, 3;0,  0;0,  0> +
        (-0.0003833,-0.0000001)|   4, 2, 2;0,  0;0,  0> +
        (-0.0003697, 0.0000140)|   1, 3, 2;0,  0;0,  0> +
        (-0.0003662,-0.0000028)|   4, 3, 2;0,  0;0,  0> +
        ( 0.0000012, 0.0003637)|   4, 3, 3;0,  0;0,  0> +
        (-0.0003247, 0.0000821)|   2, 1, 1;0,  0;0,  0> +
        (-0.0000364,-0.0003317)|   3, 3, 1;0,  0;0,  0> +
        ( 0.0002694,-0.0001297)|   0, 3, 0;0,  0;0,  0> +
        ( 0.0000072,-0.0002669)|   2, 2, 3;0,  0;0,  0> +
        ( 0.0000018,-0.0002607)|   4, 2, 1;0,  0;0,  0> +
        ( 0.0002577, 0.0000001)|   3, 2, 2;0,  0;0,  0> +
        ( 0.0000028,-0.0002545)|   3, 1, 3;0,  0;0,  0> +
        (-0.0002440,-0.0000026)|   4, 1, 2;0,  0;0,  0> +
        (-0.0000717,-0.0002295)|   1, 0, 3;0,  0;0,  0> +
        (-0.0000815, 0.0002015)|   6, 1, 0;0,  0;0,  0> +
        ( 0.0000000,-0.0002172)|   3, 3, 3;0,  0;0,  0> +
        ( 0.0000234,-0.0002147)|   2, 3, 1;0,  0;0,  0> +
        (-0.0001072,-0.0001801)|   0, 2, 1;0,  0;0,  0> +
        (-0.0001746, 0.0000044)|   4, 0, 2;0,  0;0,  0> +
        (-0.0000011,-0.0001717)|   5, 3, 3;0,  0;0,  0> +
        ( 0.0000151,-0.0001456)|   1, 3, 1;0,  0;0,  0> +
        ( 0.0001161, 0.0000385)|   1, 2, 1;0,  0;0,  0> +
        (-0.0001047,-0.0000030)|   6, 2, 2;0,  0;0,  0> +
        ( 0.0000003, 0.0000994)|   2, 0, 3;0,  0;0,  0> +
        ( 0.0000545,-0.0000043)|   4, 2, 0;0,  0;0,  0> +
        (-0.0000498,-0.0000000)|   2, 2, 2;0,  0;0,  0> +
        (-0.0000478, 0.0000012)|   9, 0, 0;0,  0;1,  0> +
        ( 0.0000478,-0.0000012)|   9, 0, 0;1,  0;0,  0> +
        ( 0.0000002, 0.0000369)|   0, 1, 3;0,  0;0,  0> +
        (-0.0000141, 0.0000001)|   3, 0, 2;0,  0;0,  0> +
        ( 0.0000000,-0.0000141)|   1, 1, 1;0,  0;0,  0> +
        ( 0.0000138,-0.0000003)|   3, 2, 0;0,  0;0,  0> +
        ( 0.0000002, 0.0000104)|   7, 3, 3;0,  0;0,  0> +
        ( 0.0000018, 0.0000092)|   4, 0, 1;0,  0;0,  0> +
        (-0.0000040, 0.0000017)|   4, 1, 0;0,  0;0,  0> +
        (-0.0000037, 0.0000000)|   5, 3, 2;0,  0;0,  0> +
        (-0.0000000,-0.0000036)|   5, 2, 3;0,  0;0,  0> +
        ( 0.0000000, 0.0000025)|   0, 1, 1;0,  0;0,  0> +
        ( 0.0000002,-0.0000024)|   4, 3, 1;0,  0;0,  0> +
        ( 0.0000022, 0.0000001)|   3, 1, 0;0,  0;0,  0> +
        ( 0.0000000,-0.0000021)|   3, 0, 1;0,  0;0,  0> +
        (-0.0000018,-0.0000001)|   8, 0, 0;0,  0;0,  0> +
        ( 0.0000014, 0.0000002)|   6, 2, 0;0,  0;0,  0> +
        ( 0.0000001, 0.0000012)|   2, 0, 1;0,  0;0,  0> +
        (-0.0000011,-0.0000000)|   2, 1, 0;0,  0;0,  0> +
        ( 0.0000011, 0.0000001)|   6, 0, 2;0,  0;0,  0> +
        (-0.0000011, 0.0000001)|   6, 0, 0;0,  0;0,  0> +
         ...
 |16> = (-0.0005403,-0.7084216)|   3, 0, 1;0,  0;0,  0> +
        (-0.7057513, 0.0001175)|   3, 1, 0;0,  0;0,  0> +
        (-0.0000031,-0.0050417)|   0, 1, 1;0,  0;0,  0> +
        (-0.0021222, 0.0000255)|   3, 0, 2;0,  0;0,  0> +
        (-0.0013272, 0.0015016)|   0, 0, 3;0,  0;0,  0> +
        (-0.0019609, 0.0000012)|   6, 0, 0;0,  0;0,  0> +
        (-0.0018118,-0.0007116)|   0, 3, 0;0,  0;0,  0> +
        ( 0.0016637,-0.0001632)|   0, 1, 2;0,  0;0,  0> +
        (-0.0000138,-0.0013624)|   1, 0, 3;0,  0;0,  0> +
        (-0.0011955,-0.0000162)|   1, 3, 0;0,  0;0,  0> +
        ( 0.0008977,-0.0005066)|   0, 2, 1;0,  0;0,  0> +
        ( 0.0009953, 0.0000026)|   4, 0, 2;0,  0;0,  0> +
        ( 0.0009811,-0.0000279)|   3, 2, 0;0,  0;0,  0> +
        ( 0.0008779,-0.0000018)|   2, 0, 2;0,  0;0,  0> +
        (-0.0008687, 0.0000018)|   2, 2, 0;0,  0;0,  0> +
        ( 0.0008632, 0.0000032)|   4, 2, 0;0,  0;0,  0> +
        (-0.0007641, 0.0000012)|   1, 1, 2;0,  0;0,  0> +
        ( 0.0000049,-0.0007408)|   1, 2, 1;0,  0;0,  0> +
        ( 0.0004370, 0.0000000)|   2, 2, 2;0,  0;0,  0> +
        (-0.0000000, 0.0003531)|   0, 3, 1;0,  0;0,  0> +
        (-0.0003477, 0.0000027)|   0, 3, 2;0,  0;0,  0> +
        ( 0.0002760, 0.0000005)|   1, 2, 2;0,  0;0,  0> +
        (-0.0002446, 0.0000003)|   3, 2, 2;0,  0;0,  0> +
        ( 0.0000001, 0.0002049)|   0, 3, 3;0,  0;0,  0> +
        (-0.0000063,-0.0001913)|   0, 1, 3;0,  0;0,  0> +
        ( 0.0000029,-0.0001451)|   0, 2, 3;0,  0;0,  0> +
        (-0.0000000,-0.0000339)|   3, 0, 1;0,  0;1,  0> +
        ( 0.0000000, 0.0000339)|   3, 0, 1;1,  0;0,  0> +
        ( 0.0000338,-0.0000000)|   3, 1, 0;1,  0;0,  0> +
        (-0.0000338, 0.0000000)|   3, 1, 0;0,  0;1,  0> +
        (-0.0000013, 0.0000275)|   4, 0, 1;0,  0;0,  0> +
        ( 0.0000253, 0.0000002)|   4, 1, 0;0,  0;0,  0> +
        ( 0.0000013, 0.0000248)|   1, 1, 1;0,  0;0,  0> +
        (-0.0000148, 0.0000001)|   2, 3, 0;0,  0;0,  0> +
        (-0.0000002,-0.0000122)|   2, 0, 1;0,  0;0,  0> +
        ( 0.0000088,-0.0000001)|   2, 1, 0;0,  0;0,  0> +
        ( 0.0000001,-0.0000088)|   2, 2, 1;0,  0;0,  0> +
        (-0.0000001,-0.0000078)|   2, 0, 3;0,  0;0,  0> +
        ( 0.0000077, 0.0000000)|   1, 3, 2;0,  0;0,  0> +
        (-0.0000000, 0.0000075)|   1, 2, 3;0,  0;0,  0> +
        (-0.0000063, 0.0000000)|   2, 1, 2;0,  0;0,  0> +
        ( 0.0000047, 0.0000001)|   5, 0, 0;0,  0;0,  0> +
        (-0.0000042, 0.0000000)|   7, 0, 0;0,  0;0,  0> +
        ( 0.0000027,-0.0000002)|   1, 1, 0;0,  0;0,  0> +
        (-0.0000002,-0.0000016)|   1, 0, 1;0,  0;0,  0> +
         ...
 |17> = (-0.7083756,-0.0056205)|   3, 1, 0;0,  0;0,  0> +
        (-0.0051785, 0.7057328)|   3, 0, 1;0,  0;0,  0> +
        ( 0.0038395,-0.0000558)|   3, 2, 0;0,  0;0,  0> +
        (-0.0002238, 0.0034937)|   4, 0, 1;0,  0;0,  0> +
        ( 0.0032430, 0.0000213)|   4, 1, 0;0,  0;0,  0> +
        (-0.0032253, 0.0000340)|   7, 0, 0;0,  0;0,  0> +
        ( 0.0001825, 0.0031865)|   1, 1, 1;0,  0;0,  0> +
        (-0.0020104,-0.0000026)|   2, 3, 0;0,  0;0,  0> +
        (-0.0000152,-0.0017255)|   1, 0, 3;0,  0;0,  0> +
        ( 0.0016896, 0.0000179)|   4, 0, 2;0,  0;0,  0> +
        ( 0.0016276, 0.0000001)|   4, 2, 0;0,  0;0,  0> +
        (-0.0013876,-0.0000512)|   0, 2, 1;0,  0;0,  0> +
        ( 0.0012972, 0.0000024)|   1, 3, 2;0,  0;0,  0> +
        ( 0.0000001, 0.0012492)|   1, 2, 3;0,  0;0,  0> +
        ( 0.0006599, 0.0010277)|   0, 1, 2;0,  0;0,  0> +
        (-0.0012197, 0.0000503)|   3, 0, 2;0,  0;0,  0> +
        ( 0.0000153,-0.0010979)|   2, 2, 1;0,  0;0,  0> +
        ( 0.0008883, 0.0002019)|   0, 0, 3;0,  0;0,  0> +
        ( 0.0000001,-0.0008949)|   0, 3, 1;0,  0;0,  0> +
        (-0.0008167,-0.0000008)|   3, 2, 2;0,  0;0,  0> +
        (-0.0007820, 0.0000004)|   2, 1, 2;0,  0;0,  0> +
        (-0.0000004,-0.0007798)|   0, 1, 1;0,  0;0,  0> +
        (-0.0000095,-0.0007659)|   2, 0, 3;0,  0;0,  0> +
        (-0.0005613,-0.0005067)|   0, 3, 0;0,  0;0,  0> +
        (-0.0000011,-0.0006475)|   1, 2, 1;0,  0;0,  0> +
        (-0.0006209,-0.0000082)|   1, 1, 2;0,  0;0,  0> +
        ( 0.0000017, 0.0005106)|   0, 2, 3;0,  0;0,  0> +
        (-0.0000001, 0.0004688)|   0, 3, 3;0,  0;0,  0> +
        (-0.0004269,-0.0000188)|   1, 3, 0;0,  0;0,  0> +
        ( 0.0000054, 0.0002822)|   0, 1, 3;0,  0;0,  0> +
        (-0.0001980, 0.0000004)|   2, 2, 2;0,  0;0,  0> +
        ( 0.0001409, 0.0000086)|   6, 0, 0;0,  0;0,  0> +
        (-0.0001102,-0.0000005)|   1, 2, 2;0,  0;0,  0> +
        ( 0.0000104, 0.0001095)|   1, 3, 1;0,  0;0,  0> +
        ( 0.0000843, 0.0000008)|   4, 2, 2;0,  0;0,  0> +
        (-0.0000029,-0.0000767)|   1, 1, 3;0,  0;0,  0> +
        (-0.0000004, 0.0000523)|   2, 3, 3;0,  0;0,  0> +
        ( 0.0000445, 0.0000016)|   0, 3, 2;0,  0;0,  0> +
        ( 0.0000339, 0.0000003)|   3, 1, 0;1,  0;0,  0> +
        (-0.0000339,-0.0000003)|   3, 1, 0;0,  0;1,  0> +
        (-0.0000002, 0.0000338)|   3, 0, 1;0,  0;1,  0> +
        ( 0.0000002,-0.0000338)|   3, 0, 1;1,  0;0,  0> +
        (-0.0000010,-0.0000337)|   1, 3, 3;0,  0;0,  0> +
        (-0.0000001,-0.0000122)|   2, 2, 3;0,  0;0,  0> +
        (-0.0000112, 0.0000001)|   2, 3, 2;0,  0;0,  0> +
        ( 0.0000003, 0.0000038)|   2, 0, 1;0,  0;0,  0> +
        ( 0.0000037, 0.0000003)|   2, 0, 2;0,  0;0,  0> +
        (-0.0000036,-0.0000004)|   2, 2, 0;0,  0;0,  0> +
        (-0.0000035, 0.0000001)|   2, 1, 0;0,  0;0,  0> +
        ( 0.0000031,-0.0000000)|   8, 0, 0;0,  0;0,  0> +
        (-0.0000015, 0.0000005)|   2, 1, 1;0,  0;0,  0> +
         ...
 |18> = ( 0.9998384,-0.0082782)|  10, 0, 0;0,  0;0,  0> +
        ( 0.0046466,-0.0094243)|   6, 0, 1;0,  0;0,  0> +
        ( 0.0057483,-0.0040286)|   6, 1, 0;0,  0;0,  0> +
        ( 0.0048462,-0.0001594)|   2, 1, 2;0,  0;0,  0> +
        (-0.0048127, 0.0000557)|   5, 2, 0;0,  0;0,  0> +
        (-0.0034591,-0.0000033)|   5, 0, 2;0,  0;0,  0> +
        ( 0.0000293, 0.0027385)|   2, 0, 3;0,  0;0,  0> +
        ( 0.0001203,-0.0023632)|   1, 2, 1;0,  0;0,  0> +
        ( 0.0002950,-0.0017275)|   3, 1, 3;0,  0;0,  0> +
        (-0.0015937, 0.0000323)|   1, 3, 2;0,  0;0,  0> +
        ( 0.0015708, 0.0000595)|   2, 3, 0;0,  0;0,  0> +
        ( 0.0015298, 0.0000759)|   1, 3, 0;0,  0;0,  0> +
        ( 0.0015277, 0.0000114)|   6, 0, 2;0,  0;0,  0> +
        ( 0.0014873, 0.0000491)|   6, 2, 0;0,  0;0,  0> +
        (-0.0014000,-0.0000090)|   4, 3, 2;0,  0;0,  0> +
        (-0.0001296,-0.0013047)|   2, 2, 1;0,  0;0,  0> +
        ( 0.0000618,-0.0008572)|   2, 3, 1;0,  0;0,  0> +
        ( 0.0006913, 0.0000001)|   4, 2, 2;0,  0;0,  0> +
        ( 0.0000064, 0.0006783)|   1, 1, 3;0,  0;0,  0> +
        ( 0.0001313, 0.0006410)|   2, 1, 3;0,  0;0,  0> +
        ( 0.0006286,-0.0000005)|   3, 3, 0;0,  0;0,  0> +
        ( 0.0003068, 0.0004448)|   3, 3, 1;0,  0;0,  0> +
        ( 0.0000027, 0.0004953)|   3, 0, 3;0,  0;0,  0> +
        ( 0.0004606,-0.0000991)|   1, 1, 2;0,  0;0,  0> +
        ( 0.0004364, 0.0000028)|   4, 1, 2;0,  0;0,  0> +
        (-0.0000500,-0.0004272)|   1, 0, 3;0,  0;0,  0> +
        ( 0.0004110, 0.0000043)|   4, 3, 0;0,  0;0,  0> +
        ( 0.0000322, 0.0004077)|   1, 2, 3;0,  0;0,  0> +
        ( 0.0000020, 0.0004067)|   5, 3, 3;0,  0;0,  0> +
        (-0.0000299,-0.0004016)|   1, 3, 1;0,  0;0,  0> +
        ( 0.0000061, 0.0004005)|   4, 0, 3;0,  0;0,  0> +
        ( 0.0000199, 0.0003673)|   3, 1, 1;0,  0;0,  0> +
        ( 0.0003346,-0.0000039)|   3, 1, 2;0,  0;0,  0> +
        (-0.0000092,-0.0003317)|   4, 2, 3;0,  0;0,  0> +
        (-0.0000081, 0.0003274)|   3, 2, 1;0,  0;0,  0> +
        (-0.0000000,-0.0003257)|   2, 3, 3;0,  0;0,  0> +
        (-0.0000012, 0.0003161)|   4, 2, 1;0,  0;0,  0> +
        ( 0.0000099, 0.0003011)|   2, 2, 3;0,  0;0,  0> +
        ( 0.0000302,-0.0002882)|   4, 3, 1;0,  0;0,  0> +
        (-0.0001171, 0.0002587)|   3, 2, 3;0,  0;0,  0> +
        ( 0.0000165, 0.0002128)|   4, 1, 1;0,  0;0,  0> +
        ( 0.0000000,-0.0002099)|   0, 3, 3;0,  0;0,  0> +
        ( 0.0002028, 0.0000001)|   3, 2, 2;0,  0;0,  0> +
        ( 0.0000001,-0.0001766)|   3, 3, 3;0,  0;0,  0> +
        ( 0.0001204,-0.0001175)|   3, 3, 2;0,  0;0,  0> +
        ( 0.0000010, 0.0001471)|   5, 2, 3;0,  0;0,  0> +
        (-0.0001313,-0.0000003)|   5, 2, 2;0,  0;0,  0> +
        (-0.0001301, 0.0000001)|   6, 2, 2;0,  0;0,  0> +
        ( 0.0000002,-0.0000904)|   1, 3, 3;0,  0;0,  0> +
        (-0.0000630, 0.0000092)|   2, 3, 2;0,  0;0,  0> +
        ( 0.0000633, 0.0000005)|   5, 3, 2;0,  0;0,  0> +
        ( 0.0000001, 0.0000624)|   7, 3, 3;0,  0;0,  0> +
        (-0.0000555, 0.0000002)|   6, 3, 2;0,  0;0,  0> +
        (-0.0000001,-0.0000511)|   6, 3, 3;0,  0;0,  0> +
        (-0.0000002,-0.0000494)|   6, 2, 3;0,  0;0,  0> +
        ( 0.0000478,-0.0000004)|  10, 0, 0;0,  0;1,  0> +
        (-0.0000478, 0.0000004)|  10, 0, 0;1,  0;0,  0> +
        (-0.0000470, 0.0000005)|   0, 3, 2;0,  0;0,  0> +
        ( 0.0000005, 0.0000437)|   0, 2, 3;0,  0;0,  0> +
        (-0.0000319, 0.0000013)|   4, 2, 0;0,  0;0,  0> +
        ( 0.0000318,-0.0000012)|   4, 0, 2;0,  0;0,  0> +
        ( 0.0000003,-0.0000219)|   5, 0, 1;0,  0;0,  0> +
        ( 0.0000019,-0.0000183)|   8, 3, 3;0,  0;0,  0> +
        (-0.0000010,-0.0000148)|   1, 1, 1;0,  0;0,  0> +
        (-0.0000123, 0.0000030)|   2, 1, 1;0,  0;0,  0> +
        ( 0.0000120, 0.0000001)|   9, 0, 0;0,  0;0,  0> +
        (-0.0000119,-0.0000002)|   8, 0, 0;0,  0;0,  0> +
        (-0.0000003,-0.0000117)|   0, 1, 3;0,  0;0,  0> +
        (-0.0000089, 0.0000003)|   5, 1, 0;0,  0;0,  0> +
        ( 0.0000012,-0.0000087)|   0, 1, 2;0,  0;0,  0> +
        (-0.0000056, 0.0000051)|   4, 1, 3;0,  0;0,  0> +
        ( 0.0000000,-0.0000073)|   4, 3, 3;0,  0;0,  0> +
        (-0.0000055,-0.0000033)|   0, 0, 3;0,  0;0,  0> +
        (-0.0000000, 0.0000061)|   0, 3, 1;0,  0;0,  0> +
        (-0.0000058,-0.0000001)|   3, 1, 0;0,  0;0,  0> +
        (-0.0000001, 0.0000058)|   3, 0, 1;0,  0;0,  0> +
        (-0.0000001, 0.0000042)|   9, 3, 3;0,  0;0,  0> +
        ( 0.0000038,-0.0000013)|   0, 3, 0;0,  0;0,  0> +
        (-0.0000039, 0.0000009)|   4, 1, 0;0,  0;0,  0> +
        ( 0.0000037, 0.0000001)|  11, 0, 0;0,  0;0,  0> +
        (-0.0000015,-0.0000026)|   0, 2, 1;0,  0;0,  0> +
        (-0.0000004, 0.0000014)|   7, 0, 1;0,  0;0,  0> +
        ( 0.0000014,-0.0000004)|   7, 1, 0;0,  0;0,  0> +
        ( 0.0000007, 0.0000011)|   4, 0, 1;0,  0;0,  0> +
         ...
 |19> = (-0.6971177, 0.1870867)|   4, 1, 0;0,  0;0,  0> +
        ( 0.1858822, 0.6664536)|   4, 0, 1;0,  0;0,  0> +
        ( 0.0136992,-0.0000042)|   8, 0, 0;0,  0;0,  0> +
        ( 0.0061206,-0.0001997)|   4, 2, 0;0,  0;0,  0> +
        ( 0.0001057, 0.0047660)|   1, 0, 3;0,  0;0,  0> +
        (-0.0042139, 0.0001936)|   4, 0, 2;0,  0;0,  0> +
        ( 0.0005691, 0.0039920)|   1, 1, 1;0,  0;0,  0> +
        ( 0.0005290, 0.0021546)|   0, 1, 2;0,  0;0,  0> +
        ( 0.0019853, 0.0001251)|   0, 0, 3;0,  0;0,  0> +
        (-0.0019489,-0.0000075)|   1, 3, 0;0,  0;0,  0> +
        (-0.0017484, 0.0003029)|   0, 2, 1;0,  0;0,  0> +
        ( 0.0016662,-0.0003669)|   2, 1, 1;0,  0;0,  0> +
        ( 0.0015069, 0.0000700)|   1, 1, 2;0,  0;0,  0> +
        (-0.0001540, 0.0014881)|   1, 2, 1;0,  0;0,  0> +
        ( 0.0000418, 0.0012457)|   0, 1, 3;0,  0;0,  0> +
        ( 0.0000545, 0.0012084)|   2, 0, 3;0,  0;0,  0> +
        (-0.0010502, 0.0000181)|   3, 0, 2;0,  0;0,  0> +
        ( 0.0010361,-0.0000195)|   3, 2, 0;0,  0;0,  0> +
        (-0.0000546,-0.0006619)|   1, 1, 3;0,  0;0,  0> +
        (-0.0006044,-0.0002697)|   0, 3, 0;0,  0;0,  0> +
        ( 0.0000011,-0.0006561)|   0, 3, 1;0,  0;0,  0> +
        ( 0.0000711, 0.0006108)|   1, 3, 1;0,  0;0,  0> +
        (-0.0005868,-0.0000006)|   3, 2, 2;0,  0;0,  0> +
        ( 0.0000383,-0.0004370)|   2, 3, 1;0,  0;0,  0> +
        ( 0.0004314,-0.0000122)|   2, 1, 2;0,  0;0,  0> +
        ( 0.0000029, 0.0004055)|   0, 2, 3;0,  0;0,  0> +
        ( 0.0000200, 0.0004003)|   2, 2, 3;0,  0;0,  0> +
        ( 0.0003562,-0.0000301)|   2, 3, 2;0,  0;0,  0> +
        ( 0.0003181,-0.0000148)|   2, 3, 0;0,  0;0,  0> +
        ( 0.0002747,-0.0000182)|   1, 3, 2;0,  0;0,  0> +
        (-0.0000096, 0.0002722)|   2, 2, 1;0,  0;0,  0> +
        (-0.0002204, 0.0000412)|   4, 2, 2;0,  0;0,  0> +
        (-0.0001724, 0.0001298)|   7, 0, 0;0,  0;0,  0> +
        ( 0.0000001,-0.0001911)|   0, 3, 3;0,  0;0,  0> +
        (-0.0000080, 0.0001628)|   3, 3, 3;0,  0;0,  0> +
        (-0.0001413, 0.0000027)|   0, 3, 2;0,  0;0,  0> +
        ( 0.0000330,-0.0001271)|   3, 1, 0;0,  0;0,  0> +
        (-0.0001248,-0.0000388)|   3, 0, 1;0,  0;0,  0> +
        (-0.0001238, 0.0000006)|   2, 2, 2;0,  0;0,  0> +
        (-0.0000236, 0.0001041)|   1, 2, 3;0,  0;0,  0> +
        ( 0.0000012, 0.0001001)|   1, 3, 3;0,  0;0,  0> +
        ( 0.0000334,-0.0000090)|   4, 1, 0;1,  0;0,  0> +
        (-0.0000334, 0.0000090)|   4, 1, 0;0,  0;1,  0> +
        ( 0.0000089, 0.0000319)|   4, 0, 1;0,  0;1,  0> +
        (-0.0000089,-0.0000319)|   4, 0, 1;1,  0;0,  0> +
        (-0.0000116,-0.0000301)|   2, 1, 3;0,  0;0,  0> +
        ( 0.0000092,-0.0000222)|   2, 3, 3;0,  0;0,  0> +
        ( 0.0000002,-0.0000128)|   4, 3, 3;0,  0;0,  0> +
        ( 0.0000121,-0.0000001)|   6, 0, 0;0,  0;0,  0> +
        (-0.0000117, 0.0000002)|   5, 0, 2;0,  0;0,  0> +
        (-0.0000112,-0.0000001)|   5, 2, 0;0,  0;0,  0> +
        (-0.0000002, 0.0000070)|   5, 0, 1;0,  0;0,  0> +
        ( 0.0000067,-0.0000000)|   5, 1, 0;0,  0;0,  0> +
        ( 0.0000002, 0.0000011)|   2, 0, 1;0,  0;0,  0> +
        (-0.0000011,-0.0000004)|   1, 2, 2;0,  0;0,  0> +
        (-0.0000011, 0.0000000)|   2, 1, 0;0,  0;0,  0> +
         ...
 |20> = ( 0.0025274, 0.7217931)|   4, 0, 1;0,  0;0,  0> +
        ( 0.6920011, 0.0043342)|   4, 1, 0;0,  0;0,  0> +
        (-0.0065733, 0.0000687)|   7, 0, 0;0,  0;0,  0> +
        ( 0.0006056, 0.0047580)|   1, 1, 1;0,  0;0,  0> +
        ( 0.0034325,-0.0000957)|   3, 1, 0;0,  0;0,  0> +
        (-0.0000958,-0.0033653)|   3, 0, 1;0,  0;0,  0> +
        ( 0.0025348,-0.0000006)|   8, 0, 0;0,  0;0,  0> +
        ( 0.0001478, 0.0022736)|   1, 0, 3;0,  0;0,  0> +
        ( 0.0018383,-0.0000366)|   4, 2, 0;0,  0;0,  0> +
        (-0.0002317, 0.0015550)|   0, 1, 2;0,  0;0,  0> +
        ( 0.0000801, 0.0013026)|   1, 3, 1;0,  0;0,  0> +
        ( 0.0011721, 0.0001975)|   0, 0, 3;0,  0;0,  0> +
        (-0.0011617, 0.0000185)|   3, 0, 2;0,  0;0,  0> +
        ( 0.0011427, 0.0000315)|   4, 0, 2;0,  0;0,  0> +
        ( 0.0010932, 0.0000002)|   3, 2, 2;0,  0;0,  0> +
        ( 0.0010594, 0.0000137)|   4, 2, 2;0,  0;0,  0> +
        ( 0.0009813,-0.0000200)|   3, 2, 0;0,  0;0,  0> +
        (-0.0000158,-0.0009276)|   1, 1, 3;0,  0;0,  0> +
        (-0.0000318,-0.0008847)|   0, 1, 3;0,  0;0,  0> +
        ( 0.0008489, 0.0001076)|   1, 1, 2;0,  0;0,  0> +
        ( 0.0008310,-0.0000075)|   0, 3, 2;0,  0;0,  0> +
        (-0.0007858, 0.0000144)|   1, 3, 0;0,  0;0,  0> +
        ( 0.0005324, 0.0005706)|   0, 2, 1;0,  0;0,  0> +
        (-0.0007800,-0.0000010)|   1, 3, 2;0,  0;0,  0> +
        (-0.0000009,-0.0007737)|   0, 3, 1;0,  0;0,  0> +
        (-0.0001424, 0.0006923)|   1, 2, 1;0,  0;0,  0> +
        (-0.0003931, 0.0005811)|   0, 3, 0;0,  0;0,  0> +
        (-0.0000316, 0.0006347)|   2, 0, 3;0,  0;0,  0> +
        (-0.0000026,-0.0006283)|   1, 2, 3;0,  0;0,  0> +
        (-0.0000073,-0.0005903)|   0, 2, 3;0,  0;0,  0> +
        ( 0.0005836, 0.0000007)|   1, 2, 2;0,  0;0,  0> +
        ( 0.0005320, 0.0000052)|   2, 1, 2;0,  0;0,  0> +
        (-0.0000000, 0.0004941)|   0, 3, 3;0,  0;0,  0> +
        ( 0.0004786,-0.0000298)|   2, 3, 0;0,  0;0,  0> +
        (-0.0000074, 0.0004357)|   2, 3, 3;0,  0;0,  0> +
        ( 0.0000007,-0.0003904)|   1, 3, 3;0,  0;0,  0> +
        (-0.0003671,-0.0000001)|   2, 2, 2;0,  0;0,  0> +
        ( 0.0000006,-0.0000802)|   2, 2, 3;0,  0;0,  0> +
        ( 0.0000340, 0.0000402)|   2, 2, 1;0,  0;0,  0> +
        (-0.0000484,-0.0000005)|   2, 3, 2;0,  0;0,  0> +
        ( 0.0000399,-0.0000088)|   2, 1, 1;0,  0;0,  0> +
        ( 0.0000001, 0.0000345)|   4, 0, 1;0,  0;1,  0> +
        (-0.0000001,-0.0000345)|   4, 0, 1;1,  0;0,  0> +
        ( 0.0000331, 0.0000002)|   4, 1, 0;0,  0;1,  0> +
        (-0.0000331,-0.0000002)|   4, 1, 0;1,  0;0,  0> +
        ( 0.0000063,-0.0000002)|   6, 0, 0;0,  0;0,  0> +
        ( 0.0000002,-0.0000041)|   2, 3, 1;0,  0;0,  0> +
        (-0.0000002, 0.0000025)|   3, 3, 3;0,  0;0,  0> +
        (-0.0000019, 0.0000002)|   2, 1, 0;0,  0;0,  0> +
        (-0.0000014, 0.0000000)|   5, 2, 0;0,  0;0,  0> +
        (-0.0000012, 0.0000001)|   5, 0, 2;0,  0;0,  0> +
        (-0.0000011,-0.0000000)|   5, 0, 0;0,  0;0,  0> +
         ...
 |21> = (-0.9997099,-0.0136873)|  11, 0, 0;0,  0;0,  0> +
        ( 0.0058084,-0.0106238)|   7, 0, 1;0,  0;0,  0> +
        (-0.0108008, 0.0044929)|   7, 1, 0;0,  0;0,  0> +
        (-0.0003468,-0.0064971)|   3, 1, 1;0,  0;0,  0> +
        ( 0.0034925, 0.0003094)|   6, 0, 2;0,  0;0,  0> +
        (-0.0031716, 0.0000479)|   2, 1, 2;0,  0;0,  0> +
        (-0.0024518,-0.0004075)|   6, 2, 0;0,  0;0,  0> +
        (-0.0000842,-0.0020534)|   1, 3, 1;0,  0;0,  0> +
        (-0.0000243, 0.0019565)|   1, 2, 1;0,  0;0,  0> +
        ( 0.0007600, 0.0017632)|   4, 1, 3;0,  0;0,  0> +
        ( 0.0000089,-0.0019115)|   3, 0, 3;0,  0;0,  0> +
        ( 0.0016865, 0.0000345)|   2, 3, 0;0,  0;0,  0> +
        (-0.0000051,-0.0015734)|   6, 2, 3;0,  0;0,  0> +
        (-0.0015231, 0.0000041)|   1, 1, 2;0,  0;0,  0> +
        ( 0.0012989,-0.0000402)|   5, 0, 2;0,  0;0,  0> +
        ( 0.0012056,-0.0000279)|   4, 1, 2;0,  0;0,  0> +
        (-0.0010495, 0.0000034)|   3, 1, 2;0,  0;0,  0> +
        (-0.0001844,-0.0009809)|   2, 1, 3;0,  0;0,  0> +
        (-0.0009081, 0.0000404)|   5, 2, 0;0,  0;0,  0> +
        (-0.0008946, 0.0000060)|   3, 3, 0;0,  0;0,  0> +
        (-0.0000039,-0.0008469)|   3, 2, 1;0,  0;0,  0> +
        (-0.0000285,-0.0008134)|   0, 1, 3;0,  0;0,  0> +
        (-0.0000016, 0.0008009)|   4, 2, 1;0,  0;0,  0> +
        ( 0.0000095,-0.0007497)|   4, 2, 3;0,  0;0,  0> +
        (-0.0000043,-0.0007289)|   8, 3, 3;0,  0;0,  0> +
        ( 0.0001384,-0.0006858)|   4, 3, 1;0,  0;0,  0> +
        (-0.0000036,-0.0006988)|   5, 3, 3;0,  0;0,  0> +
        (-0.0006820, 0.0000020)|   7, 2, 2;0,  0;0,  0> +
        (-0.0005994, 0.0000081)|   1, 3, 2;0,  0;0,  0> +
        ( 0.0005962, 0.0000050)|   5, 3, 2;0,  0;0,  0> +
        (-0.0004136, 0.0004034)|   3, 2, 3;0,  0;0,  0> +
        ( 0.0000055,-0.0005712)|   4, 0, 3;0,  0;0,  0> +
        ( 0.0005322,-0.0000063)|   2, 3, 2;0,  0;0,  0> +
        (-0.0000008,-0.0005106)|   6, 3, 3;0,  0;0,  0> +
        (-0.0003549, 0.0003294)|   6, 1, 0;0,  0;0,  0> +
        (-0.0004765, 0.0000193)|   4, 3, 0;0,  0;0,  0> +
        ( 0.0000448,-0.0004489)|   2, 3, 1;0,  0;0,  0> +
        ( 0.0004419, 0.0000096)|   4, 3, 2;0,  0;0,  0> +
        (-0.0000868,-0.0004144)|   3, 3, 2;0,  0;0,  0> +
        (-0.0001094, 0.0003561)|   3, 1, 3;0,  0;0,  0> +
        (-0.0000011,-0.0003277)|   4, 3, 3;0,  0;0,  0> +
        (-0.0000056, 0.0003182)|   9, 3, 3;0,  0;0,  0> +
        (-0.0000262, 0.0003008)|  10, 3, 3;0,  0;0,  0> +
        (-0.0000062, 0.0002955)|   2, 2, 3;0,  0;0,  0> +
        ( 0.0000045, 0.0002612)|   5, 3, 1;0,  0;0,  0> +
        (-0.0000000, 0.0002594)|   1, 3, 3;0,  0;0,  0> +
        (-0.0001358, 0.0002094)|   6, 0, 1;0,  0;0,  0> +
        ( 0.0002420,-0.0000015)|   0, 3, 2;0,  0;0,  0> +
        ( 0.0001635,-0.0001149)|   2, 2, 1;0,  0;0,  0> +
        (-0.0001138, 0.0001590)|   3, 3, 1;0,  0;0,  0> +
        (-0.0000015,-0.0001917)|   5, 0, 3;0,  0;0,  0> +
        ( 0.0001906,-0.0000029)|   6, 3, 2;0,  0;0,  0> +
        ( 0.0000000,-0.0001767)|   3, 3, 3;0,  0;0,  0> +
        (-0.0001742,-0.0000066)|   5, 3, 0;0,  0;0,  0> +
        ( 0.0000016, 0.0001575)|   4, 1, 1;0,  0;0,  0> +
        (-0.0001478,-0.0000270)|   1, 3, 0;0,  0;0,  0> +
        ( 0.0000406,-0.0001444)|   1, 1, 3;0,  0;0,  0> +
        ( 0.0000015, 0.0001317)|   5, 2, 3;0,  0;0,  0> +
        (-0.0001287,-0.0000084)|   5, 1, 2;0,  0;0,  0> +
        ( 0.0001183, 0.0000000)|   6, 2, 2;0,  0;0,  0> +
        ( 0.0000006,-0.0001137)|   5, 2, 1;0,  0;0,  0> +
        ( 0.0001133, 0.0000000)|   4, 2, 2;0,  0;0,  0> +
        ( 0.0000081,-0.0001059)|   1, 2, 3;0,  0;0,  0> +
        (-0.0000111,-0.0000971)|   1, 0, 3;0,  0;0,  0> +
        (-0.0000331, 0.0000788)|   2, 0, 3;0,  0;0,  0> +
        (-0.0000000,-0.0000723)|   0, 3, 3;0,  0;0,  0> +
        (-0.0000015,-0.0000481)|   0, 2, 3;0,  0;0,  0> +
        (-0.0000478,-0.0000007)|  11, 0, 0;0,  0;1,  0> +
        ( 0.0000478, 0.0000007)|  11, 0, 0;1,  0;0,  0> +
        ( 0.0000001,-0.0000438)|   2, 3, 3;0,  0;0,  0> +
        (-0.0000029, 0.0000356)|   7, 2, 3;0,  0;0,  0> +
        ( 0.0000334, 0.0000024)|   7, 3, 2;0,  0;0,  0> +
        ( 0.0000296,-0.0000004)|  10, 0, 0;0,  0;0,  0> +
        (-0.0000295, 0.0000010)|   9, 0, 0;0,  0;0,  0> +
        ( 0.0000223,-0.0000000)|   5, 2, 2;0,  0;0,  0> +
        (-0.0000008,-0.0000202)|   0, 3, 1;0,  0;0,  0> +
        (-0.0000184,-0.0000000)|   3, 2, 2;0,  0;0,  0> +
        ( 0.0000132,-0.0000000)|   8, 2, 2;0,  0;0,  0> +
        ( 0.0000000, 0.0000126)|   7, 3, 3;0,  0;0,  0> +
        ( 0.0000001, 0.0000117)|   5, 1, 3;0,  0;0,  0> +
        ( 0.0000090,-0.0000024)|   2, 1, 1;0,  0;0,  0> +
        (-0.0000017,-0.0000075)|   0, 1, 2;0,  0;0,  0> +
        (-0.0000013,-0.0000075)|  11, 3, 3;0,  0;0,  0> +
        (-0.0000064,-0.0000001)|   4, 2, 0;0,  0;0,  0> +
        (-0.0000056,-0.0000010)|   0, 0, 3;0,  0;0,  0> +
        ( 0.0000002, 0.0000051)|   1, 1, 1;0,  0;0,  0> +
        ( 0.0000028,-0.0000020)|   0, 3, 0;0,  0;0,  0> +
        ( 0.0000031,-0.0000001)|   4, 0, 2;0,  0;0,  0> +
        ( 0.0000004, 0.0000030)|   4, 0, 1;0,  0;0,  0> +
        (-0.0000013,-0.0000020)|   0, 2, 1;0,  0;0,  0> +
        ( 0.0000023, 0.0000002)|  12, 0, 0;0,  0;0,  0> +
        (-0.0000001, 0.0000022)|   5, 0, 1;0,  0;0,  0> +
        ( 0.0000022, 0.0000000)|   7, 0, 0;0,  0;0,  0> +
        (-0.0000007, 0.0000018)|   8, 0, 1;0,  0;0,  0> +
        (-0.0000018,-0.0000002)|   5, 1, 0;0,  0;0,  0> +
        ( 0.0000018,-0.0000003)|   8, 1, 0;0,  0;0,  0> +
        (-0.0000000, 0.0000017)|   3, 0, 1;0,  0;0,  0> +
        (-0.0000016,-0.0000000)|   3, 1, 0;0,  0;0,  0> +
        (-0.0000012, 0.0000000)|   3, 0, 2;0,  0;0,  0> +
        ( 0.0000011,-0.0000000)|   3, 2, 0;0,  0;0,  0> +
         ...
 |22> = (-0.7281324,-0.0273550)|   5, 1, 0;0,  0;0,  0> +
        (-0.0327118, 0.6838751)|   5, 0, 1;0,  0;0,  0> +
        ( 0.0139119,-0.0003405)|   9, 0, 0;0,  0;0,  0> +
        ( 0.0051132, 0.0003061)|   1, 1, 2;0,  0;0,  0> +
        (-0.0049778, 0.0001881)|   4, 0, 2;0,  0;0,  0> +
        ( 0.0049710,-0.0001901)|   4, 2, 0;0,  0;0,  0> +
        ( 0.0000428,-0.0031403)|   2, 2, 1;0,  0;0,  0> +
        ( 0.0000784, 0.0027853)|   0, 1, 2;0,  0;0,  0> +
        (-0.0021420, 0.0005424)|   2, 1, 1;0,  0;0,  0> +
        ( 0.0019043, 0.0006810)|   0, 0, 3;0,  0;0,  0> +
        ( 0.0001592,-0.0018751)|   2, 3, 1;0,  0;0,  0> +
        ( 0.0000959,-0.0016194)|   1, 0, 3;0,  0;0,  0> +
        (-0.0015401, 0.0000348)|   2, 3, 2;0,  0;0,  0> +
        ( 0.0000327, 0.0014616)|   2, 0, 3;0,  0;0,  0> +
        (-0.0002275,-0.0013100)|   2, 1, 3;0,  0;0,  0> +
        (-0.0011800, 0.0005750)|   0, 3, 0;0,  0;0,  0> +
        ( 0.0000005,-0.0012456)|   3, 0, 3;0,  0;0,  0> +
        ( 0.0000382, 0.0010830)|   0, 1, 3;0,  0;0,  0> +
        (-0.0009998,-0.0002036)|   1, 3, 0;0,  0;0,  0> +
        ( 0.0004839, 0.0007894)|   0, 2, 1;0,  0;0,  0> +
        (-0.0000001, 0.0009047)|   3, 3, 3;0,  0;0,  0> +
        ( 0.0008704,-0.0000122)|   5, 2, 0;0,  0;0,  0> +
        (-0.0000224,-0.0008547)|   1, 3, 1;0,  0;0,  0> +
        (-0.0007873, 0.0000011)|   0, 3, 2;0,  0;0,  0> +
        ( 0.0007470, 0.0001263)|   2, 3, 0;0,  0;0,  0> +
        ( 0.0000182,-0.0007222)|   1, 1, 3;0,  0;0,  0> +
        ( 0.0000026, 0.0007154)|   4, 3, 3;0,  0;0,  0> +
        (-0.0006523,-0.0000000)|   3, 3, 0;0,  0;0,  0> +
        (-0.0006092,-0.0000003)|   4, 2, 2;0,  0;0,  0> +
        (-0.0006000,-0.0000263)|   3, 1, 2;0,  0;0,  0> +
        (-0.0000001,-0.0005404)|   1, 3, 3;0,  0;0,  0> +
        (-0.0005202, 0.0000108)|   1, 3, 2;0,  0;0,  0> +
        ( 0.0000016,-0.0005157)|   0, 2, 3;0,  0;0,  0> +
        ( 0.0000171,-0.0005125)|   3, 2, 1;0,  0;0,  0> +
        ( 0.0004527, 0.0000025)|   4, 3, 2;0,  0;0,  0> +
        ( 0.0000001, 0.0004177)|   0, 3, 3;0,  0;0,  0> +
        ( 0.0000177, 0.0002774)|   3, 1, 1;0,  0;0,  0> +
        ( 0.0002776, 0.0000128)|   5, 2, 2;0,  0;0,  0> +
        (-0.0002777,-0.0000002)|   3, 2, 2;0,  0;0,  0> +
        ( 0.0001044,-0.0002516)|   6, 0, 1;0,  0;0,  0> +
        (-0.0002321, 0.0000780)|   1, 2, 1;0,  0;0,  0> +
        ( 0.0000349,-0.0002365)|   2, 2, 3;0,  0;0,  0> +
        (-0.0000016,-0.0002340)|   6, 3, 3;0,  0;0,  0> +
        ( 0.0000002,-0.0002000)|   2, 3, 3;0,  0;0,  0> +
        ( 0.0000107, 0.0001634)|   1, 2, 3;0,  0;0,  0> +
        ( 0.0000882,-0.0001218)|   2, 1, 2;0,  0;0,  0> +
        ( 0.0000024, 0.0001444)|   4, 2, 3;0,  0;0,  0> +
        ( 0.0001421, 0.0000057)|   5, 0, 2;0,  0;0,  0> +
        ( 0.0000002, 0.0001159)|   3, 3, 1;0,  0;0,  0> +
        (-0.0000012,-0.0001055)|   3, 1, 3;0,  0;0,  0> +
        ( 0.0000015, 0.0000834)|   5, 3, 3;0,  0;0,  0> +
        (-0.0000265, 0.0000612)|   6, 1, 0;0,  0;0,  0> +
        ( 0.0000365,-0.0000381)|   3, 3, 2;0,  0;0,  0> +
        (-0.0000113,-0.0000503)|   4, 0, 1;0,  0;0,  0> +
        (-0.0000365, 0.0000184)|   3, 2, 3;0,  0;0,  0> +
        ( 0.0000348,-0.0000113)|   4, 1, 0;0,  0;0,  0> +
        ( 0.0000348, 0.0000013)|   5, 1, 0;1,  0;0,  0> +
        (-0.0000348,-0.0000013)|   5, 1, 0;0,  0;1,  0> +
        (-0.0000016, 0.0000327)|   5, 0, 1;0,  0;1,  0> +
        ( 0.0000016,-0.0000327)|   5, 0, 1;1,  0;0,  0> +
        ( 0.0000305, 0.0000001)|   2, 2, 2;0,  0;0,  0> +
        (-0.0000236, 0.0000000)|   8, 0, 0;0,  0;0,  0> +
        ( 0.0000003,-0.0000125)|   4, 0, 3;0,  0;0,  0> +
        ( 0.0000010,-0.0000119)|   0, 3, 1;0,  0;0,  0> +
        (-0.0000092,-0.0000003)|   4, 3, 0;0,  0;0,  0> +
        ( 0.0000002,-0.0000073)|   4, 2, 1;0,  0;0,  0> +
        (-0.0000057,-0.0000002)|   4, 1, 2;0,  0;0,  0> +
        (-0.0000025,-0.0000043)|   1, 1, 1;0,  0;0,  0> +
        ( 0.0000000,-0.0000040)|   3, 0, 1;0,  0;0,  0> +
        (-0.0000030,-0.0000000)|   6, 2, 2;0,  0;0,  0> +
        ( 0.0000026,-0.0000001)|   3, 1, 0;0,  0;0,  0> +
        ( 0.0000025,-0.0000002)|   3, 2, 0;0,  0;0,  0> +
        (-0.0000013, 0.0000006)|   3, 0, 2;0,  0;0,  0> +
        ( 0.0000001, 0.0000011)|   0, 1, 1;0,  0;0,  0> +
        (-0.0000005, 0.0000009)|   1, 2, 2;0,  0;0,  0> +
         ...
 |23> = (-0.0014640, 0.7287422)|   5, 0, 1;0,  0;0,  0> +
        ( 0.6845370,-0.0056470)|   5, 1, 0;0,  0;0,  0> +
        ( 0.0138843,-0.0035142)|   2, 1, 1;0,  0;0,  0> +
        (-0.0070785, 0.0001725)|   9, 0, 0;0,  0;0,  0> +
        (-0.0028624,-0.0000119)|   1, 3, 0;0,  0;0,  0> +
        (-0.0001124,-0.0027793)|   0, 1, 2;0,  0;0,  0> +
        (-0.0023680, 0.0000227)|   5, 2, 0;0,  0;0,  0> +
        ( 0.0021426, 0.0000453)|   2, 3, 0;0,  0;0,  0> +
        ( 0.0000481,-0.0021418)|   2, 2, 1;0,  0;0,  0> +
        (-0.0021171, 0.0000020)|   5, 0, 2;0,  0;0,  0> +
        (-0.0019343,-0.0006511)|   0, 0, 3;0,  0;0,  0> +
        ( 0.0001071, 0.0020029)|   1, 0, 3;0,  0;0,  0> +
        ( 0.0011573,-0.0005286)|   0, 3, 0;0,  0;0,  0> +
        (-0.0010585, 0.0000084)|   1, 3, 2;0,  0;0,  0> +
        (-0.0000163,-0.0010362)|   1, 1, 3;0,  0;0,  0> +
        ( 0.0009562, 0.0000004)|   3, 2, 2;0,  0;0,  0> +
        ( 0.0000592, 0.0009321)|   1, 3, 1;0,  0;0,  0> +
        ( 0.0009069,-0.0001196)|   2, 1, 2;0,  0;0,  0> +
        (-0.0003458,-0.0007676)|   0, 2, 1;0,  0;0,  0> +
        ( 0.0000279, 0.0008080)|   0, 1, 3;0,  0;0,  0> +
        (-0.0000000,-0.0006001)|   0, 3, 3;0,  0;0,  0> +
        (-0.0001087, 0.0005344)|   1, 2, 1;0,  0;0,  0> +
        ( 0.0000083,-0.0005444)|   1, 2, 3;0,  0;0,  0> +
        ( 0.0000037, 0.0004791)|   0, 2, 3;0,  0;0,  0> +
        ( 0.0004501,-0.0000161)|   2, 3, 2;0,  0;0,  0> +
        ( 0.0000003, 0.0004492)|   3, 3, 3;0,  0;0,  0> +
        ( 0.0004343,-0.0000003)|   4, 0, 2;0,  0;0,  0> +
        ( 0.0003962, 0.0000011)|   4, 2, 0;0,  0;0,  0> +
        ( 0.0003508, 0.0000780)|   1, 1, 2;0,  0;0,  0> +
        (-0.0000011,-0.0003449)|   4, 3, 3;0,  0;0,  0> +
        ( 0.0003212,-0.0000001)|   2, 2, 2;0,  0;0,  0> +
        (-0.0000488,-0.0003155)|   2, 0, 3;0,  0;0,  0> +
        (-0.0003069,-0.0000054)|   3, 3, 2;0,  0;0,  0> +
        (-0.0002924,-0.0000002)|   4, 2, 2;0,  0;0,  0> +
        (-0.0002790, 0.0000040)|   0, 3, 2;0,  0;0,  0> +
        ( 0.0002686, 0.0000037)|   5, 2, 2;0,  0;0,  0> +
        (-0.0000061,-0.0002254)|   3, 2, 3;0,  0;0,  0> +
        ( 0.0000398, 0.0002169)|   2, 1, 3;0,  0;0,  0> +
        ( 0.0000008,-0.0001545)|   0, 3, 1;0,  0;0,  0> +
        (-0.0000163,-0.0001362)|   2, 2, 3;0,  0;0,  0> +
        ( 0.0000057, 0.0001244)|   1, 1, 1;0,  0;0,  0> +
        (-0.0000002,-0.0000824)|   5, 3, 3;0,  0;0,  0> +
        (-0.0000000, 0.0000794)|   1, 3, 3;0,  0;0,  0> +
        (-0.0000755,-0.0000023)|   3, 3, 0;0,  0;0,  0> +
        ( 0.0000742,-0.0000019)|   3, 0, 2;0,  0;0,  0> +
        (-0.0000703, 0.0000016)|   3, 2, 0;0,  0;0,  0> +
        (-0.0000069, 0.0000651)|   2, 3, 1;0,  0;0,  0> +
        ( 0.0000016,-0.0000552)|   3, 0, 3;0,  0;0,  0> +
        ( 0.0000464,-0.0000010)|   8, 0, 0;0,  0;0,  0> +
        ( 0.0000015, 0.0000396)|   3, 1, 1;0,  0;0,  0> +
        (-0.0000379, 0.0000003)|   3, 1, 2;0,  0;0,  0> +
        ( 0.0000001,-0.0000349)|   5, 0, 1;1,  0;0,  0> +
        (-0.0000001, 0.0000349)|   5, 0, 1;0,  0;1,  0> +
        (-0.0000090,-0.0000329)|   4, 0, 1;0,  0;0,  0> +
        ( 0.0000328,-0.0000003)|   5, 1, 0;0,  0;1,  0> +
        (-0.0000328, 0.0000003)|   5, 1, 0;1,  0;0,  0> +
        ( 0.0000000, 0.0000292)|   2, 3, 3;0,  0;0,  0> +
        ( 0.0000268,-0.0000089)|   4, 1, 0;0,  0;0,  0> +
        (-0.0000010,-0.0000259)|   3, 2, 1;0,  0;0,  0> +
        (-0.0000000, 0.0000079)|   3, 0, 1;0,  0;0,  0> +
        (-0.0000075,-0.0000001)|   3, 1, 0;0,  0;0,  0> +
        ( 0.0000002,-0.0000069)|   4, 2, 3;0,  0;0,  0> +
        (-0.0000003,-0.0000056)|   3, 3, 1;0,  0;0,  0> +
        ( 0.0000017,-0.0000049)|   6, 0, 1;0,  0;0,  0> +
        (-0.0000045,-0.0000000)|   7, 0, 0;0,  0;0,  0> +
        ( 0.0000000, 0.0000033)|   6, 3, 3;0,  0;0,  0> +
        (-0.0000028,-0.0000003)|   4, 3, 2;0,  0;0,  0> +
        ( 0.0000000, 0.0000028)|   3, 1, 3;0,  0;0,  0> +
        (-0.0000025,-0.0000000)|   4, 3, 0;0,  0;0,  0> +
        (-0.0000000,-0.0000025)|   4, 0, 3;0,  0;0,  0> +
        ( 0.0000000,-0.0000015)|   4, 2, 1;0,  0;0,  0> +
        (-0.0000007, 0.0000012)|   6, 1, 0;0,  0;0,  0> +
        (-0.0000013,-0.0000000)|   4, 1, 2;0,  0;0,  0> +
        ( 0.0000007,-0.0000009)|   1, 2, 2;0,  0;0,  0> +
         ...
 |24> = (-0.9934272,-0.1070595)|  12, 0, 0;0,  0;0,  0> +
        ( 0.0187379, 0.0182430)|   7, 1, 0;0,  0;0,  0> +
        ( 0.0242636, 0.0035762)|   7, 0, 1;0,  0;0,  0> +
        ( 0.0054131,-0.0105303)|   8, 0, 1;0,  0;0,  0> +
        ( 0.0000784, 0.0087337)|   4, 1, 1;0,  0;0,  0> +
        (-0.0075088,-0.0002553)|   6, 0, 2;0,  0;0,  0> +
        (-0.0003181, 0.0032675)|   5, 1, 1;0,  0;0,  0> +
        (-0.0031091, 0.0000693)|   6, 2, 0;0,  0;0,  0> +
        (-0.0028115,-0.0004094)|   3, 1, 2;0,  0;0,  0> +
        (-0.0026778,-0.0001652)|   1, 1, 2;0,  0;0,  0> +
        (-0.0000221,-0.0023529)|   5, 3, 1;0,  0;0,  0> +
        (-0.0011009, 0.0017348)|   8, 1, 0;0,  0;0,  0> +
        ( 0.0007857, 0.0018168)|   4, 1, 3;0,  0;0,  0> +
        (-0.0000660, 0.0018366)|   4, 0, 3;0,  0;0,  0> +
        ( 0.0001326,-0.0018129)|   4, 2, 1;0,  0;0,  0> +
        ( 0.0000075, 0.0016912)|   5, 0, 3;0,  0;0,  0> +
        (-0.0000356,-0.0013822)|   1, 3, 1;0,  0;0,  0> +
        (-0.0012078,-0.0000382)|   4, 3, 0;0,  0;0,  0> +
        ( 0.0000250,-0.0011972)|   6, 3, 1;0,  0;0,  0> +
        ( 0.0011824,-0.0000348)|   2, 1, 2;0,  0;0,  0> +
        ( 0.0000291,-0.0011749)|   1, 1, 3;0,  0;0,  0> +
        (-0.0000486, 0.0011544)|   1, 0, 3;0,  0;0,  0> +
        (-0.0010055, 0.0000714)|   3, 3, 0;0,  0;0,  0> +
        (-0.0009863, 0.0000108)|   7, 2, 0;0,  0;0,  0> +
        (-0.0009751,-0.0000246)|   7, 0, 2;0,  0;0,  0> +
        (-0.0009684,-0.0000012)|   6, 3, 2;0,  0;0,  0> +
        (-0.0002582,-0.0008291)|   3, 0, 3;0,  0;0,  0> +
        (-0.0008162,-0.0000002)|   5, 2, 2;0,  0;0,  0> +
        (-0.0001456, 0.0008005)|   3, 3, 1;0,  0;0,  0> +
        ( 0.0008097, 0.0000681)|   7, 3, 2;0,  0;0,  0> +
        (-0.0000802, 0.0007603)|   7, 2, 3;0,  0;0,  0> +
        ( 0.0001657,-0.0007021)|   3, 2, 1;0,  0;0,  0> +
        ( 0.0004639,-0.0005272)|   3, 2, 3;0,  0;0,  0> +
        (-0.0000002, 0.0006258)|   3, 3, 3;0,  0;0,  0> +
        ( 0.0000056,-0.0006251)|   4, 2, 3;0,  0;0,  0> +
        ( 0.0006184, 0.0000871)|   4, 1, 2;0,  0;0,  0> +
        ( 0.0005658, 0.0000941)|   5, 3, 0;0,  0;0,  0> +
        ( 0.0000187, 0.0005467)|   2, 2, 3;0,  0;0,  0> +
        ( 0.0005240, 0.0001196)|   1, 3, 0;0,  0;0,  0> +
        (-0.0005099,-0.0000001)|   4, 2, 2;0,  0;0,  0> +
        (-0.0004923,-0.0000014)|   8, 2, 2;0,  0;0,  0> +
        (-0.0000139,-0.0004918)|   2, 0, 3;0,  0;0,  0> +
        ( 0.0004662,-0.0000157)|   5, 1, 2;0,  0;0,  0> +
        ( 0.0000216, 0.0004649)|   3, 3, 2;0,  0;0,  0> +
        (-0.0000006,-0.0004511)|   6, 3, 3;0,  0;0,  0> +
        ( 0.0001216, 0.0004263)|   5, 2, 1;0,  0;0,  0> +
        (-0.0000059, 0.0004252)|   5, 2, 3;0,  0;0,  0> +
        (-0.0000825,-0.0004140)|   2, 1, 3;0,  0;0,  0> +
        ( 0.0000025, 0.0004186)|   8, 3, 3;0,  0;0,  0> +
        ( 0.0000360,-0.0004161)|  10, 3, 3;0,  0;0,  0> +
        (-0.0003750,-0.0000056)|   5, 3, 2;0,  0;0,  0> +
        ( 0.0000001,-0.0003632)|   2, 3, 3;0,  0;0,  0> +
        (-0.0000023, 0.0003433)|   6, 2, 3;0,  0;0,  0> +
        (-0.0000227, 0.0003392)|   2, 3, 1;0,  0;0,  0> +
        ( 0.0003368, 0.0000001)|   3, 2, 2;0,  0;0,  0> +
        ( 0.0000018, 0.0003332)|   5, 3, 3;0,  0;0,  0> +
        ( 0.0000136, 0.0003278)|   5, 1, 3;0,  0;0,  0> +
        ( 0.0000341, 0.0002989)|  11, 3, 3;0,  0;0,  0> +
        ( 0.0000005, 0.0002770)|   6, 1, 3;0,  0;0,  0> +
        ( 0.0000244,-0.0002723)|  12, 3, 3;0,  0;0,  0> +
        (-0.0000400,-0.0002666)|   2, 2, 1;0,  0;0,  0> +
        ( 0.0000001,-0.0002576)|   1, 3, 3;0,  0;0,  0> +
        ( 0.0001251,-0.0002121)|   1, 2, 1;0,  0;0,  0> +
        (-0.0000000, 0.0002403)|   0, 3, 3;0,  0;0,  0> +
        (-0.0002369, 0.0000001)|   6, 2, 2;0,  0;0,  0> +
        (-0.0001410,-0.0001695)|   3, 1, 3;0,  0;0,  0> +
        ( 0.0000006, 0.0002198)|   7, 3, 3;0,  0;0,  0> +
        ( 0.0001864, 0.0000016)|   7, 2, 2;0,  0;0,  0> +
        ( 0.0000026,-0.0001496)|   9, 3, 3;0,  0;0,  0> +
        ( 0.0000382, 0.0001305)|   4, 3, 1;0,  0;0,  0> +
        (-0.0001204, 0.0000183)|   2, 3, 2;0,  0;0,  0> +
        (-0.0000872, 0.0000349)|   8, 3, 2;0,  0;0,  0> +
        (-0.0000003,-0.0000756)|   4, 3, 3;0,  0;0,  0> +
        ( 0.0000720,-0.0000011)|   1, 3, 2;0,  0;0,  0> +
        (-0.0000475,-0.0000051)|  12, 0, 0;0,  0;1,  0> +
        ( 0.0000475, 0.0000051)|  12, 0, 0;1,  0;0,  0> +
        ( 0.0000005, 0.0000401)|   0, 2, 3;0,  0;0,  0> +
        (-0.0000401, 0.0000005)|   0, 3, 2;0,  0;0,  0> +
        ( 0.0000010,-0.0000343)|  13, 3, 3;0,  0;0,  0> +
        ( 0.0000321,-0.0000014)|   5, 2, 0;0,  0;0,  0> +
        (-0.0000288,-0.0000138)|   2, 3, 0;0,  0;0,  0> +
        (-0.0000312, 0.0000011)|   5, 0, 2;0,  0;0,  0> +
        (-0.0000285,-0.0000030)|  11, 0, 0;0,  0;0,  0> +
        ( 0.0000009, 0.0000250)|   0, 1, 3;0,  0;0,  0> +
        ( 0.0000186,-0.0000004)|   9, 2, 2;0,  0;0,  0> +
        (-0.0000147,-0.0000028)|   9, 3, 2;0,  0;0,  0> +
        ( 0.0000034,-0.0000136)|   9, 2, 3;0,  0;0,  0> +
        (-0.0000054, 0.0000129)|   6, 0, 1;0,  0;0,  0> +
        (-0.0000008,-0.0000127)|   3, 1, 1;0,  0;0,  0> +
        ( 0.0000110, 0.0000055)|   4, 3, 2;0,  0;0,  0> +
        ( 0.0000116,-0.0000002)|  10, 0, 0;0,  0;0,  0> +
        (-0.0000011, 0.0000110)|   1, 2, 3;0,  0;0,  0> +
        (-0.0000057,-0.0000076)|   8, 2, 3;0,  0;0,  0> +
        (-0.0000081,-0.0000003)|   5, 1, 0;0,  0;0,  0> +
        (-0.0000004, 0.0000050)|   5, 0, 1;0,  0;0,  0> +
        ( 0.0000043,-0.0000013)|   2, 1, 1;0,  0;0,  0> +
        (-0.0000043,-0.0000001)|   6, 1, 2;0,  0;0,  0> +
        ( 0.0000038, 0.0000000)|   4, 0, 2;0,  0;0,  0> +
        (-0.0000028, 0.0000018)|   6, 1, 0;0,  0;0,  0> +
        (-0.0000029,-0.0000001)|   4, 2, 0;0,  0;0,  0> +
        ( 0.0000008,-0.0000028)|   0, 1, 2;0,  0;0,  0> +
        (-0.0000020,-0.0000014)|   0, 0, 3;0,  0;0,  0> +
        ( 0.0000022,-0.0000005)|   0, 2, 1;0,  0;0,  0> +
        ( 0.0000008, 0.0000018)|   1, 1, 1;0,  0;0,  0> +
        ( 0.0000011, 0.0000009)|   0, 3, 0;0,  0;0,  0> +
        (-0.0000009,-0.0000009)|   7, 1, 0;1,  0;0,  0> +
        ( 0.0000009, 0.0000009)|   7, 1, 0;0,  0;1,  0> +
        (-0.0000012,-0.0000002)|   7, 0, 1;1,  0;0,  0> +
        ( 0.0000012, 0.0000002)|   7, 0, 1;0,  0;1,  0> +
        ( 0.0000005, 0.0000010)|  13, 0, 0;0,  0;0,  0> +
         ...
