# Parameters of the model
#  mass:		    261.00 u
#  charge:	      1.00 e
#  dipole:	      4.74 D
#  B:		    503.65 MHz
#  omega_rho:	      1.40 MHz
#  omega_z:	      0.14 MHz

# Basis truncation:	|34,4,4;2,2>
# omega_1:	      0.24 MHz
# omega_3/5:	      1.39 MHz
# Basis size:		44064

# Active terms of the Hamiltionian:
# 	Nomal modes:	1
# 	T_rot:      	1
# 	V_qd^{(0)}: 	1
# 	V_qd^{(1)}: 	1
# 	V_dd^{(0)}: 	1

# Results of the diagonalisation

# 100 smallest eigenvalues
 6.244403839 7.176099777 8.313526154 9.348639488 10.294361115 11.359975815 12.101394653 12.137283325 12.255376816 13.020941734 13.098100662 13.118670464 14.043581009 14.119140625 14.142406464 14.797192574 14.861932755 15.118878365 15.888105392 16.061801910 16.276926041 17.005994797 17.017711639 17.316555023 17.758350372 17.774427414 17.827728271 17.965185165 18.161596298 18.263429642 18.673168182 18.717086792 18.818658829 18.994817734 19.081464767 19.365699768 19.703777313 19.719869614 19.739784241 19.864246368 19.966842651 20.272417068 20.741098404 20.821901321 20.932451248 20.987400055 20.999206543 21.369075775 21.697717667 21.742444992 21.774663925 21.788099289 22.359962463 22.461614609 22.583793640 22.649124146 22.773117065 23.098386765 23.106721878 23.354862213 23.437093735 23.472200394 23.489162445 23.577022552 23.590919495 23.790256500 23.812524796 23.900674820 24.175834656 24.436336517 24.490592957 24.494691849 24.539466858 24.553539276 24.634696960 24.740556717 24.749458313 24.844608307 25.106504440 25.470609665 25.511180878 25.518623352 25.525375366 25.555356979 25.737207413 25.748096466 25.867673874 26.092138290 26.257093430 26.302597046 26.419540405 26.509115219 26.587617874 26.633729935 26.780250549 26.902080536 26.906759262 26.947462082 27.104129791 27.230813980

# Ground state and the lowest excitations:
 | 0> = ( 1.0000000, 0.0000000)|   0, 0, 0;0,  0;0,  0> +
        ( 0.0000551, 0.0000000)|   0, 0, 0;0,  0;1,  0> +
        (-0.0000551, 0.0000000)|   0, 0, 0;1,  0;0,  0> +
         ...
 | 1> = ( 1.0000018,-0.0000000)|   1, 0, 0;0,  0;0,  0> +
        (-0.0000562,-0.0000000)|   2, 0, 0;0,  0;0,  0> +
        (-0.0000551,-0.0000000)|   1, 0, 0;1,  0;0,  0> +
        ( 0.0000550,-0.0000000)|   1, 0, 0;0,  0;1,  0> +
        (-0.0000022, 0.0000000)|   6, 0, 0;0,  0;0,  0> +
        (-0.0000012, 0.0000000)|   4, 0, 0;0,  0;0,  0> +
        (-0.0000011, 0.0000000)|   0, 0, 2;0,  0;0,  0> +
        (-0.0000011,-0.0000000)|   3, 0, 0;0,  0;0,  0> +
         ...
 | 2> = ( 1.0000002,-0.0000000)|   2, 0, 0;0,  0;0,  0> +
        (-0.0001738,-0.0000000)|   0, 2, 0;0,  0;0,  0> +
        (-0.0001725, 0.0000000)|   0, 0, 2;0,  0;0,  0> +
        ( 0.0000560, 0.0000000)|   1, 0, 0;0,  0;0,  0> +
        ( 0.0000551, 0.0000000)|   2, 0, 0;0,  0;1,  0> +
        (-0.0000550, 0.0000000)|   2, 0, 0;1,  0;0,  0> +
        (-0.0000252,-0.0000000)|   0, 1, 0;0,  0;0,  0> +
        ( 0.0000000,-0.0000228)|   0, 0, 1;0,  0;0,  0> +
        (-0.0000018,-0.0000000)|   4, 0, 0;0,  0;0,  0> +
        (-0.0000011,-0.0000000)|   3, 0, 0;0,  0;0,  0> +
         ...
 | 3> = (-0.9999894, 0.0000000)|   3, 0, 0;0,  0;0,  0> +
        ( 0.0026088, 0.0000000)|   1, 2, 0;0,  0;0,  0> +
        ( 0.0025805,-0.0000000)|   1, 0, 2;0,  0;0,  0> +
        (-0.0011558, 0.0000000)|   0, 1, 0;0,  0;0,  0> +
        ( 0.0000000, 0.0011157)|   0, 0, 1;0,  0;0,  0> +
        ( 0.0001840,-0.0000000)|   0, 2, 0;0,  0;0,  0> +
        (-0.0001840, 0.0000000)|   0, 0, 2;0,  0;0,  0> +
        ( 0.0000551, 0.0000000)|   3, 0, 0;1,  0;0,  0> +
        (-0.0000549, 0.0000000)|   3, 0, 0;0,  0;1,  0> +
        (-0.0000397, 0.0000000)|   4, 0, 0;0,  0;0,  0> +
        ( 0.0000272,-0.0000000)|   1, 1, 0;0,  0;0,  0> +
        (-0.0000000, 0.0000270)|   1, 0, 1;0,  0;0,  0> +
        ( 0.0000053,-0.0000000)|   5, 0, 0;0,  0;0,  0> +
        (-0.0000024, 0.0000000)|   6, 0, 0;0,  0;0,  0> +
        (-0.0000016, 0.0000000)|   2, 0, 2;0,  0;0,  0> +
        (-0.0000016,-0.0000000)|   2, 2, 0;0,  0;0,  0> +
        (-0.0000013, 0.0000000)|   2, 0, 0;0,  0;0,  0> +
        (-0.0000011,-0.0000000)|   9, 0, 0;0,  0;0,  0> +
         ...
 | 4> = (-0.9999935,-0.0000000)|   4, 0, 0;0,  0;0,  0> +
        ( 0.0011987,-0.0000000)|   1, 1, 0;0,  0;0,  0> +
        (-0.0000000, 0.0010903)|   1, 0, 1;0,  0;0,  0> +
        ( 0.0007623,-0.0000000)|   0, 2, 2;0,  0;0,  0> +
        ( 0.0006686,-0.0000000)|   1, 2, 0;0,  0;0,  0> +
        (-0.0006404, 0.0000000)|   1, 0, 2;0,  0;0,  0> +
        (-0.0004214,-0.0000000)|   2, 2, 0;0,  0;0,  0> +
        (-0.0002679, 0.0000000)|   2, 0, 2;0,  0;0,  0> +
        ( 0.0000627,-0.0000000)|   2, 1, 0;0,  0;0,  0> +
        (-0.0000000, 0.0000604)|   2, 0, 1;0,  0;0,  0> +
        ( 0.0000551,-0.0000000)|   4, 0, 0;1,  0;0,  0> +
        (-0.0000551,-0.0000000)|   4, 0, 0;0,  0;1,  0> +
        ( 0.0000398, 0.0000000)|   3, 0, 0;0,  0;0,  0> +
        (-0.0000052, 0.0000000)|   5, 0, 0;0,  0;0,  0> +
        (-0.0000041,-0.0000001)|   0, 3, 0;0,  0;0,  0> +
        (-0.0000001,-0.0000035)|   0, 0, 3;0,  0;0,  0> +
        (-0.0000000,-0.0000024)|   0, 2, 1;0,  0;0,  0> +
        (-0.0000023, 0.0000000)|   0, 1, 2;0,  0;0,  0> +
        ( 0.0000014,-0.0000000)|   6, 0, 0;0,  0;0,  0> +
        (-0.0000010,-0.0000000)|   1, 0, 0;0,  0;0,  0> +
        (-0.0000010,-0.0000000)|   8, 0, 0;0,  0;0,  0> +
        (-0.0000010, 0.0000000)|   2, 0, 0;0,  0;0,  0> +
         ...
 | 5> = ( 0.9998742,-0.0003677)|   5, 0, 0;0,  0;0,  0> +
        ( 0.0002450, 0.0106460)|   2, 0, 1;0,  0;0,  0> +
        (-0.0105076, 0.0002513)|   2, 1, 0;0,  0;0,  0> +
        ( 0.0040503,-0.0000004)|   2, 2, 2;0,  0;0,  0> +
        (-0.0000028, 0.0021534)|   0, 1, 1;0,  0;0,  0> +
        ( 0.0000225, 0.0007469)|   0, 2, 1;0,  0;0,  0> +
        (-0.0005116,-0.0000067)|   0, 1, 2;0,  0;0,  0> +
        ( 0.0004076, 0.0000000)|   0, 2, 2;0,  0;0,  0> +
        (-0.0003539,-0.0000002)|   3, 0, 2;0,  0;0,  0> +
        ( 0.0003506,-0.0000000)|   2, 0, 2;0,  0;0,  0> +
        (-0.0003078,-0.0000022)|   3, 2, 0;0,  0;0,  0> +
        (-0.0002946, 0.0000000)|   2, 2, 0;0,  0;0,  0> +
        (-0.0000003,-0.0001641)|   0, 1, 3;0,  0;0,  0> +
        (-0.0000285, 0.0000801)|   0, 0, 3;0,  0;0,  0> +
        ( 0.0000817,-0.0000116)|   0, 3, 0;0,  0;0,  0> +
        ( 0.0000091,-0.0000720)|   1, 0, 1;0,  0;0,  0> +
        ( 0.0000714, 0.0000092)|   1, 1, 0;0,  0;0,  0> +
        ( 0.0000612,-0.0000031)|   0, 3, 2;0,  0;0,  0> +
        ( 0.0000550,-0.0000000)|   5, 0, 0;0,  0;1,  0> +
        (-0.0000550, 0.0000000)|   5, 0, 0;1,  0;0,  0> +
        ( 0.0000008, 0.0000451)|   0, 2, 3;0,  0;0,  0> +
        ( 0.0000254, 0.0000000)|   1, 2, 2;0,  0;0,  0> +
        (-0.0000209,-0.0000000)|   3, 1, 0;0,  0;0,  0> +
        ( 0.0000000,-0.0000203)|   3, 0, 1;0,  0;0,  0> +
        (-0.0000139, 0.0000000)|   6, 0, 0;0,  0;0,  0> +
        ( 0.0000075, 0.0000000)|   1, 0, 2;0,  0;0,  0> +
        (-0.0000075, 0.0000000)|   1, 2, 0;0,  0;0,  0> +
        ( 0.0000004, 0.0000066)|   0, 3, 1;0,  0;0,  0> +
        ( 0.0000057,-0.0000000)|   3, 0, 0;0,  0;0,  0> +
        (-0.0000041, 0.0000000)|   4, 0, 0;0,  0;0,  0> +
        (-0.0000026, 0.0000000)|   7, 0, 0;0,  0;0,  0> +
        (-0.0000000,-0.0000015)|   1, 0, 3;0,  0;0,  0> +
        ( 0.0000000, 0.0000013)|   0, 3, 3;0,  0;0,  0> +
        (-0.0000011,-0.0000001)|   1, 3, 0;0,  0;0,  0> +
        ( 0.0000010,-0.0000000)|   2, 0, 0;0,  0;0,  0> +
        ( 0.0000009,-0.0000004)|  11, 0, 0;0,  0;0,  0> +
         ...
 | 6> = (-0.7404727,-0.0000000)|   0, 1, 0;0,  0;0,  0> +
        (-0.0000000, 0.6720709)|   0, 0, 1;0,  0;0,  0> +
        (-0.0026057,-0.0000000)|   1, 2, 0;0,  0;0,  0> +
        (-0.0025471, 0.0000000)|   1, 0, 2;0,  0;0,  0> +
        ( 0.0015941, 0.0000000)|   3, 0, 0;0,  0;0,  0> +
        ( 0.0001527, 0.0000000)|   0, 2, 0;0,  0;0,  0> +
        (-0.0001522,-0.0000000)|   0, 0, 2;0,  0;0,  0> +
        (-0.0000408,-0.0000000)|   0, 1, 0;0,  0;1,  0> +
        ( 0.0000408, 0.0000000)|   0, 1, 0;1,  0;0,  0> +
        ( 0.0000000,-0.0000370)|   0, 0, 1;1,  0;0,  0> +
        (-0.0000000, 0.0000370)|   0, 0, 1;0,  0;1,  0> +
        (-0.0000000,-0.0000303)|   1, 0, 1;0,  0;0,  0> +
        (-0.0000263,-0.0000000)|   1, 1, 0;0,  0;0,  0> +
        ( 0.0000034,-0.0000000)|   0, 2, 2;0,  0;0,  0> +
        (-0.0000031,-0.0000000)|   2, 0, 0;0,  0;0,  0> +
        ( 0.0000000,-0.0000028)|   3, 0, 1;0,  0;0,  0> +
        ( 0.0000014, 0.0000000)|   5, 1, 0;0,  0;0,  0> +
        ( 0.0000012,-0.0000000)|   2, 2, 0;0,  0;0,  0> +
        (-0.0000001,-0.0000010)|   4, 0, 1;0,  0;0,  0> +
         ...
 | 7> = ( 0.0000000, 0.7404771)|   0, 0, 1;0,  0;0,  0> +
        ( 0.6720750,-0.0000000)|   0, 1, 0;0,  0;0,  0> +
        (-0.0001190, 0.0000000)|   1, 2, 0;0,  0;0,  0> +
        (-0.0001162,-0.0000000)|   1, 0, 2;0,  0;0,  0> +
        ( 0.0000489,-0.0000000)|   3, 0, 0;0,  0;0,  0> +
        (-0.0000000, 0.0000408)|   0, 0, 1;0,  0;1,  0> +
        (-0.0000000,-0.0000408)|   0, 0, 1;1,  0;0,  0> +
        (-0.0000370,-0.0000000)|   0, 1, 0;1,  0;0,  0> +
        ( 0.0000370, 0.0000000)|   0, 1, 0;0,  0;1,  0> +
        ( 0.0000341,-0.0000000)|   2, 0, 0;0,  0;0,  0> +
        (-0.0000337, 0.0000000)|   0, 2, 0;0,  0;0,  0> +
        ( 0.0000245,-0.0000000)|   0, 0, 2;0,  0;0,  0> +
        (-0.0000000,-0.0000046)|   1, 0, 1;0,  0;0,  0> +
        (-0.0000044,-0.0000000)|   1, 1, 0;0,  0;0,  0> +
        ( 0.0000039,-0.0000000)|   2, 1, 0;0,  0;0,  0> +
        ( 0.0000001, 0.0000026)|   4, 0, 1;0,  0;0,  0> +
        (-0.0000000, 0.0000024)|   2, 0, 1;0,  0;0,  0> +
        (-0.0000022,-0.0000000)|   3, 1, 0;0,  0;0,  0> +
         ...
 | 8> = (-0.9998824, 0.0000945)|   6, 0, 0;0,  0;0,  0> +
        (-0.0087758, 0.0000044)|   3, 1, 0;0,  0;0,  0> +
        ( 0.0000290,-0.0073754)|   3, 0, 1;0,  0;0,  0> +
        (-0.0069259,-0.0001133)|   3, 0, 2;0,  0;0,  0> +
        ( 0.0057109, 0.0001126)|   3, 2, 0;0,  0;0,  0> +
        ( 0.0018002,-0.0000003)|   1, 3, 0;0,  0;0,  0> +
        (-0.0000047, 0.0017446)|   1, 0, 3;0,  0;0,  0> +
        (-0.0016350, 0.0000051)|   4, 0, 2;0,  0;0,  0> +
        (-0.0014759, 0.0000291)|   0, 1, 2;0,  0;0,  0> +
        (-0.0014415,-0.0000029)|   4, 2, 0;0,  0;0,  0> +
        (-0.0003416, 0.0013769)|   0, 0, 3;0,  0;0,  0> +
        (-0.0000267,-0.0011223)|   0, 2, 1;0,  0;0,  0> +
        ( 0.0010152,-0.0000053)|   1, 1, 2;0,  0;0,  0> +
        (-0.0000034, 0.0009938)|   1, 2, 1;0,  0;0,  0> +
        (-0.0005380,-0.0003740)|   0, 3, 0;0,  0;0,  0> +
        (-0.0006216, 0.0000019)|   3, 2, 2;0,  0;0,  0> +
        ( 0.0000058,-0.0004868)|   0, 3, 1;0,  0;0,  0> +
        (-0.0000514,-0.0003478)|   1, 1, 1;0,  0;0,  0> +
        (-0.0001917, 0.0000001)|   1, 2, 2;0,  0;0,  0> +
        (-0.0000034,-0.0001077)|   4, 0, 1;0,  0;0,  0> +
        ( 0.0001034, 0.0000019)|   0, 3, 2;0,  0;0,  0> +
        ( 0.0000001, 0.0000785)|   0, 3, 3;0,  0;0,  0> +
        (-0.0000551, 0.0000000)|   6, 0, 0;0,  0;1,  0> +
        ( 0.0000549, 0.0000001)|   6, 0, 0;1,  0;0,  0> +
        ( 0.0000005, 0.0000453)|   0, 1, 3;0,  0;0,  0> +
        (-0.0000372,-0.0000033)|   4, 1, 0;0,  0;0,  0> +
        (-0.0000000, 0.0000288)|   1, 3, 3;0,  0;0,  0> +
        (-0.0000144, 0.0000001)|   5, 0, 0;0,  0;0,  0> +
        ( 0.0000129,-0.0000000)|   2, 2, 0;0,  0;0,  0> +
        (-0.0000128, 0.0000000)|   2, 0, 2;0,  0;0,  0> +
        ( 0.0000000,-0.0000121)|   2, 0, 3;0,  0;0,  0> +
        (-0.0000112,-0.0000002)|   2, 3, 0;0,  0;0,  0> +
        ( 0.0000091,-0.0000001)|   2, 2, 2;0,  0;0,  0> +
        ( 0.0000018, 0.0000060)|   0, 2, 3;0,  0;0,  0> +
        ( 0.0000001,-0.0000053)|   2, 2, 1;0,  0;0,  0> +
        (-0.0000046,-0.0000000)|   2, 1, 2;0,  0;0,  0> +
        (-0.0000028, 0.0000000)|   7, 0, 0;0,  0;0,  0> +
        (-0.0000000,-0.0000027)|   1, 2, 3;0,  0;0,  0> +
        (-0.0000026,-0.0000000)|   1, 3, 2;0,  0;0,  0> +
        ( 0.0000024,-0.0000000)|   3, 0, 0;0,  0;0,  0> +
        ( 0.0000023, 0.0000001)|   2, 1, 0;0,  0;0,  0> +
        (-0.0000021,-0.0000000)|   1, 0, 0;0,  0;0,  0> +
        (-0.0000016, 0.0000000)|   4, 0, 0;0,  0;0,  0> +
        (-0.0000001,-0.0000015)|  13, 0, 0;0,  0;0,  0> +
        ( 0.0000000,-0.0000012)|   1, 3, 1;0,  0;0,  0> +
        ( 0.0000012,-0.0000001)|   4, 2, 2;0,  0;0,  0> +
        ( 0.0000000,-0.0000011)|   2, 0, 1;0,  0;0,  0> +
        ( 0.0000000, 0.0000010)|   1, 0, 1;0,  0;0,  0> +
         ...
 | 9> = ( 0.7077647,-0.0004235)|   1, 1, 0;0,  0;0,  0> +
        (-0.0004209,-0.7062670)|   1, 0, 1;0,  0;0,  0> +
        (-0.0002946,-0.0107265)|   2, 0, 1;0,  0;0,  0> +
        (-0.0065394, 0.0000061)|   2, 0, 2;0,  0;0,  0> +
        ( 0.0062591,-0.0000061)|   2, 2, 0;0,  0;0,  0> +
        (-0.0061995,-0.0000029)|   1, 2, 2;0,  0;0,  0> +
        (-0.0000024, 0.0039560)|   0, 1, 1;0,  0;0,  0> +
        ( 0.0019510,-0.0002504)|   2, 1, 0;0,  0;0,  0> +
        (-0.0001885,-0.0000138)|   0, 1, 2;0,  0;0,  0> +
        (-0.0001624, 0.0000026)|   0, 3, 0;0,  0;0,  0> +
        ( 0.0001484, 0.0000000)|   1, 2, 0;0,  0;0,  0> +
        (-0.0001483,-0.0000000)|   1, 0, 2;0,  0;0,  0> +
        (-0.0001437, 0.0000012)|   2, 2, 2;0,  0;0,  0> +
        (-0.0000219,-0.0001100)|   0, 0, 3;0,  0;0,  0> +
        (-0.0000772,-0.0000000)|   0, 2, 2;0,  0;0,  0> +
        ( 0.0000767,-0.0000000)|   4, 0, 0;0,  0;0,  0> +
        ( 0.0000249, 0.0000650)|   0, 2, 1;0,  0;0,  0> +
        ( 0.0000517, 0.0000002)|   3, 0, 2;0,  0;0,  0> +
        ( 0.0000462, 0.0000005)|   3, 2, 0;0,  0;0,  0> +
        (-0.0000390, 0.0000000)|   1, 1, 0;1,  0;0,  0> +
        ( 0.0000390,-0.0000000)|   1, 1, 0;0,  0;1,  0> +
        (-0.0000000, 0.0000389)|   1, 0, 1;1,  0;0,  0> +
        (-0.0000000,-0.0000389)|   1, 0, 1;0,  0;1,  0> +
        ( 0.0000298, 0.0000103)|   5, 0, 0;0,  0;0,  0> +
        (-0.0000077, 0.0000005)|   0, 3, 2;0,  0;0,  0> +
        (-0.0000050, 0.0000000)|   3, 1, 0;0,  0;0,  0> +
        (-0.0000002,-0.0000048)|   0, 2, 3;0,  0;0,  0> +
        ( 0.0000000, 0.0000037)|   3, 0, 1;0,  0;0,  0> +
        (-0.0000035, 0.0000002)|   4, 1, 0;0,  0;0,  0> +
        ( 0.0000015,-0.0000000)|   0, 1, 0;0,  0;0,  0> +
        (-0.0000000,-0.0000015)|   0, 0, 1;0,  0;0,  0> +
         ...
 |10> = ( 0.9999769,-0.0017566)|   7, 0, 0;0,  0;0,  0> +
        ( 0.0056914,-0.0000573)|   4, 0, 2;0,  0;0,  0> +
        (-0.0001119, 0.0017434)|   1, 2, 1;0,  0;0,  0> +
        ( 0.0012286, 0.0008222)|   0, 3, 0;0,  0;0,  0> +
        (-0.0000954,-0.0013000)|   4, 0, 1;0,  0;0,  0> +
        (-0.0011114, 0.0001341)|   1, 1, 2;0,  0;0,  0> +
        (-0.0000027,-0.0009740)|   2, 2, 3;0,  0;0,  0> +
        (-0.0008568,-0.0002788)|   0, 1, 2;0,  0;0,  0> +
        ( 0.0001813,-0.0007390)|   0, 2, 1;0,  0;0,  0> +
        (-0.0006759,-0.0000012)|   2, 3, 2;0,  0;0,  0> +
        ( 0.0005562,-0.0003073)|   0, 0, 3;0,  0;0,  0> +
        ( 0.0000008, 0.0004952)|   0, 1, 3;0,  0;0,  0> +
        (-0.0004601,-0.0000949)|   1, 3, 0;0,  0;0,  0> +
        ( 0.0000104,-0.0004447)|   0, 3, 1;0,  0;0,  0> +
        ( 0.0000246, 0.0004074)|   2, 1, 1;0,  0;0,  0> +
        (-0.0003930, 0.0000538)|   4, 2, 0;0,  0;0,  0> +
        ( 0.0003406, 0.0000061)|   3, 2, 0;0,  0;0,  0> +
        (-0.0003360,-0.0000062)|   3, 0, 2;0,  0;0,  0> +
        ( 0.0000562,-0.0003264)|   1, 0, 3;0,  0;0,  0> +
        (-0.0003155,-0.0000956)|   4, 1, 0;0,  0;0,  0> +
        ( 0.0002705, 0.0000004)|   2, 3, 0;0,  0;0,  0> +
        ( 0.0000001, 0.0002501)|   1, 3, 3;0,  0;0,  0> +
        ( 0.0000015,-0.0002439)|   1, 2, 3;0,  0;0,  0> +
        ( 0.0000106, 0.0002416)|   2, 2, 1;0,  0;0,  0> +
        (-0.0000338,-0.0002237)|   1, 1, 1;0,  0;0,  0> +
        (-0.0002191,-0.0000095)|   0, 3, 2;0,  0;0,  0> +
        (-0.0000086, 0.0002085)|   1, 3, 1;0,  0;0,  0> +
        ( 0.0000016, 0.0001874)|   2, 0, 3;0,  0;0,  0> +
        (-0.0000015,-0.0001758)|   5, 0, 1;0,  0;0,  0> +
        (-0.0001735,-0.0000003)|   5, 1, 0;0,  0;0,  0> +
        (-0.0000096, 0.0001620)|   0, 2, 3;0,  0;0,  0> +
        (-0.0001599, 0.0000000)|   3, 2, 2;0,  0;0,  0> +
        (-0.0001453, 0.0000002)|   2, 2, 2;0,  0;0,  0> +
        (-0.0000000,-0.0001380)|   0, 3, 3;0,  0;0,  0> +
        ( 0.0000002, 0.0001323)|   2, 3, 3;0,  0;0,  0> +
        ( 0.0001151,-0.0000001)|   3, 1, 0;0,  0;0,  0> +
        ( 0.0000002,-0.0001130)|   3, 0, 1;0,  0;0,  0> +
        ( 0.0001034,-0.0000027)|   5, 0, 2;0,  0;0,  0> +
        (-0.0001020, 0.0000029)|   5, 2, 0;0,  0;0,  0> +
        ( 0.0000954,-0.0000003)|   4, 2, 2;0,  0;0,  0> +
        (-0.0000113, 0.0000849)|   1, 1, 3;0,  0;0,  0> +
        (-0.0000551, 0.0000001)|   7, 0, 0;1,  0;0,  0> +
        ( 0.0000551,-0.0000001)|   7, 0, 0;0,  0;1,  0> +
        ( 0.0000007,-0.0000550)|   2, 1, 3;0,  0;0,  0> +
        (-0.0000288, 0.0000019)|   1, 3, 2;0,  0;0,  0> +
        (-0.0000226, 0.0000156)|   2, 1, 2;0,  0;0,  0> +
        ( 0.0000001,-0.0000143)|   2, 3, 1;0,  0;0,  0> +
        (-0.0000092,-0.0000000)|   8, 0, 0;0,  0;0,  0> +
        (-0.0000001, 0.0000085)|   3, 3, 3;0,  0;0,  0> +
        (-0.0000065,-0.0000000)|   6, 0, 0;0,  0;0,  0> +
        ( 0.0000030,-0.0000000)|   5, 0, 0;0,  0;0,  0> +
        ( 0.0000022, 0.0000000)|   9, 0, 0;0,  0;0,  0> +
        ( 0.0000000, 0.0000016)|   3, 0, 3;0,  0;0,  0> +
        ( 0.0000015,-0.0000000)|   3, 3, 0;0,  0;0,  0> +
        (-0.0000014,-0.0000000)|   3, 0, 0;0,  0;0,  0> +
        ( 0.0000014,-0.0000000)|  10, 0, 0;0,  0;0,  0> +
        (-0.0000013, 0.0000005)|  11, 0, 0;0,  0;0,  0> +
         ...
 |11> = (-0.0000008, 0.7078479)|   1, 0, 1;0,  0;0,  0> +
        ( 0.7063513,-0.0000008)|   1, 1, 0;0,  0;0,  0> +
        ( 0.0020498,-0.0000000)|   0, 2, 2;0,  0;0,  0> +
        ( 0.0020304,-0.0000000)|   1, 0, 2;0,  0;0,  0> +
        (-0.0016759, 0.0000000)|   1, 2, 0;0,  0;0,  0> +
        ( 0.0016169,-0.0000000)|   4, 0, 0;0,  0;0,  0> +
        ( 0.0006334, 0.0000000)|   2, 2, 0;0,  0;0,  0> +
        ( 0.0005721,-0.0000000)|   2, 0, 2;0,  0;0,  0> +
        ( 0.0000392, 0.0000000)|   3, 0, 0;0,  0;0,  0> +
        (-0.0000000,-0.0000390)|   1, 0, 1;1,  0;0,  0> +
        (-0.0000000, 0.0000390)|   1, 0, 1;0,  0;1,  0> +
        (-0.0000390, 0.0000000)|   1, 1, 0;1,  0;0,  0> +
        ( 0.0000389,-0.0000000)|   1, 1, 0;0,  0;1,  0> +
        (-0.0000000, 0.0000316)|   0, 0, 1;0,  0;0,  0> +
        (-0.0000261, 0.0000000)|   0, 1, 0;0,  0;0,  0> +
        (-0.0000007,-0.0000192)|   2, 0, 1;0,  0;0,  0> +
        ( 0.0000165, 0.0000001)|   0, 3, 0;0,  0;0,  0> +
        (-0.0000000, 0.0000159)|   0, 0, 3;0,  0;0,  0> +
        ( 0.0000001, 0.0000131)|   0, 2, 1;0,  0;0,  0> +
        ( 0.0000121,-0.0000006)|   2, 1, 0;0,  0;0,  0> +
        (-0.0000109,-0.0000000)|   1, 2, 2;0,  0;0,  0> +
        ( 0.0000093,-0.0000000)|   0, 1, 2;0,  0;0,  0> +
        (-0.0000000, 0.0000066)|   0, 1, 1;0,  0;0,  0> +
        (-0.0000000, 0.0000043)|   3, 0, 1;0,  0;0,  0> +
        ( 0.0000041, 0.0000000)|   3, 1, 0;0,  0;0,  0> +
        (-0.0000003,-0.0000033)|   4, 0, 1;0,  0;0,  0> +
        ( 0.0000023,-0.0000003)|   4, 1, 0;0,  0;0,  0> +
        ( 0.0000017,-0.0000007)|  11, 0, 0;0,  0;0,  0> +
        (-0.0000000,-0.0000017)|   5, 0, 1;0,  0;0,  0> +
        (-0.0000013, 0.0000000)|   5, 1, 0;0,  0;0,  0> +
         ...
 |12> = ( 0.7534562,-0.0135311)|   2, 1, 0;0,  0;0,  0> +
        (-0.0134074,-0.6569231)|   2, 0, 1;0,  0;0,  0> +
        ( 0.0149286, 0.0000602)|   5, 0, 0;0,  0;0,  0> +
        (-0.0001454,-0.0070361)|   0, 2, 1;0,  0;0,  0> +
        ( 0.0064175, 0.0000259)|   0, 1, 2;0,  0;0,  0> +
        (-0.0060520,-0.0001462)|   1, 1, 0;0,  0;0,  0> +
        (-0.0001453, 0.0060096)|   1, 0, 1;0,  0;0,  0> +
        ( 0.0012901, 0.0000087)|   3, 0, 2;0,  0;0,  0> +
        ( 0.0009739, 0.0000207)|   3, 2, 0;0,  0;0,  0> +
        (-0.0005897, 0.0000545)|   0, 3, 2;0,  0;0,  0> +
        ( 0.0000259,-0.0005096)|   0, 1, 3;0,  0;0,  0> +
        (-0.0004761,-0.0000114)|   2, 0, 2;0,  0;0,  0> +
        (-0.0003917,-0.0000000)|   0, 2, 2;0,  0;0,  0> +
        ( 0.0003452,-0.0001390)|   0, 3, 0;0,  0;0,  0> +
        (-0.0000155,-0.0003407)|   0, 2, 3;0,  0;0,  0> +
        ( 0.0001714, 0.0002152)|   0, 1, 1;0,  0;0,  0> +
        (-0.0000397, 0.0001454)|   0, 0, 3;0,  0;0,  0> +
        (-0.0001121,-0.0000008)|   1, 2, 2;0,  0;0,  0> +
        (-0.0000079, 0.0000772)|   0, 3, 1;0,  0;0,  0> +
        ( 0.0000671, 0.0000073)|   2, 2, 2;0,  0;0,  0> +
        ( 0.0000415,-0.0000008)|   2, 1, 0;0,  0;1,  0> +
        (-0.0000415, 0.0000007)|   2, 1, 0;1,  0;0,  0> +
        ( 0.0000007, 0.0000362)|   2, 0, 1;1,  0;0,  0> +
        (-0.0000007,-0.0000361)|   2, 0, 1;0,  0;1,  0> +
        ( 0.0000202, 0.0000000)|   3, 1, 0;0,  0;0,  0> +
        ( 0.0000135, 0.0000000)|   1, 2, 0;0,  0;0,  0> +
        (-0.0000135,-0.0000000)|   1, 0, 2;0,  0;0,  0> +
        ( 0.0000041, 0.0000113)|   2, 2, 0;0,  0;0,  0> +
        ( 0.0000065,-0.0000000)|   4, 0, 0;0,  0;0,  0> +
        (-0.0000000, 0.0000043)|   3, 0, 1;0,  0;0,  0> +
        (-0.0000002, 0.0000042)|   1, 0, 3;0,  0;0,  0> +
        (-0.0000007,-0.0000038)|   0, 3, 3;0,  0;0,  0> +
        ( 0.0000002, 0.0000031)|   4, 0, 1;0,  0;0,  0> +
        (-0.0000029, 0.0000000)|   6, 0, 0;0,  0;0,  0> +
        ( 0.0000021, 0.0000010)|   1, 3, 0;0,  0;0,  0> +
        ( 0.0000001, 0.0000023)|   1, 2, 1;0,  0;0,  0> +
        (-0.0000019,-0.0000012)|   6, 1, 0;0,  0;0,  0> +
        (-0.0000013, 0.0000002)|   4, 2, 0;0,  0;0,  0> +
        ( 0.0000013,-0.0000000)|   4, 0, 2;0,  0;0,  0> +
        ( 0.0000000,-0.0000012)|   0, 0, 1;0,  0;0,  0> +
        (-0.0000011, 0.0000004)|  11, 0, 0;0,  0;0,  0> +
        ( 0.0000011,-0.0000002)|   8, 1, 0;0,  0;0,  0> +
        (-0.0000010, 0.0000002)|   4, 1, 0;0,  0;0,  0> +
        ( 0.0000009, 0.0000004)|   1, 1, 2;0,  0;0,  0> +
         ...
 |13> = (-0.0008428,-0.7536464)|   2, 0, 1;0,  0;0,  0> +
        (-0.6572296,-0.0008712)|   2, 1, 0;0,  0;0,  0> +
        (-0.0048436,-0.0000302)|   1, 1, 0;0,  0;0,  0> +
        (-0.0000300, 0.0048259)|   1, 0, 1;0,  0;0,  0> +
        (-0.0026970,-0.0000002)|   2, 0, 2;0,  0;0,  0> +
        ( 0.0022290, 0.0000002)|   2, 2, 0;0,  0;0,  0> +
        ( 0.0000182,-0.0012494)|   0, 1, 1;0,  0;0,  0> +
        (-0.0011244,-0.0000010)|   1, 2, 2;0,  0;0,  0> +
        ( 0.0011230, 0.0000009)|   5, 0, 0;0,  0;0,  0> +
        (-0.0000281,-0.0008973)|   0, 2, 1;0,  0;0,  0> +
        (-0.0005137,-0.0000368)|   0, 3, 0;0,  0;0,  0> +
        (-0.0000071,-0.0004772)|   0, 0, 3;0,  0;0,  0> +
        (-0.0002087,-0.0000000)|   1, 0, 2;0,  0;0,  0> +
        ( 0.0002052, 0.0000000)|   1, 2, 0;0,  0;0,  0> +
        ( 0.0001516, 0.0000233)|   0, 1, 2;0,  0;0,  0> +
        ( 0.0001063,-0.0000003)|   2, 2, 2;0,  0;0,  0> +
        ( 0.0000894, 0.0000004)|   3, 0, 2;0,  0;0,  0> +
        (-0.0000871,-0.0000000)|   4, 0, 0;0,  0;0,  0> +
        ( 0.0000690, 0.0000012)|   3, 2, 0;0,  0;0,  0> +
        ( 0.0000000, 0.0000416)|   2, 0, 1;1,  0;0,  0> +
        (-0.0000001,-0.0000414)|   2, 0, 1;0,  0;1,  0> +
        (-0.0000407, 0.0000039)|   0, 3, 2;0,  0;0,  0> +
        ( 0.0000018,-0.0000391)|   0, 1, 3;0,  0;0,  0> +
        ( 0.0000362, 0.0000000)|   2, 1, 0;1,  0;0,  0> +
        (-0.0000361,-0.0000000)|   2, 1, 0;0,  0;1,  0> +
        (-0.0000011,-0.0000231)|   0, 2, 3;0,  0;0,  0> +
        (-0.0000067, 0.0000000)|   0, 2, 2;0,  0;0,  0> +
        (-0.0000005, 0.0000055)|   0, 3, 1;0,  0;0,  0> +
        ( 0.0000000, 0.0000031)|   0, 0, 1;0,  0;0,  0> +
        (-0.0000000,-0.0000027)|   3, 0, 1;0,  0;0,  0> +
        ( 0.0000025, 0.0000000)|   0, 1, 0;0,  0;0,  0> +
        ( 0.0000023, 0.0000000)|   3, 1, 0;0,  0;0,  0> +
        (-0.0000002, 0.0000016)|   6, 0, 1;0,  0;0,  0> +
        ( 0.0000000, 0.0000011)|   4, 0, 1;0,  0;0,  0> +
        ( 0.0000011, 0.0000000)|   4, 1, 0;0,  0;0,  0> +
        ( 0.0000010,-0.0000003)|   7, 1, 0;0,  0;0,  0> +
         ...
 |14> = ( 0.9999371, 0.0063922)|   8, 0, 0;0,  0;0,  0> +
        ( 0.0009157,-0.0043168)|   1, 1, 3;0,  0;0,  0> +
        (-0.0037213, 0.0001989)|   2, 3, 2;0,  0;0,  0> +
        (-0.0005623,-0.0032917)|   1, 0, 3;0,  0;0,  0> +
        ( 0.0001923, 0.0032425)|   2, 2, 3;0,  0;0,  0> +
        ( 0.0000847, 0.0025464)|   1, 2, 1;0,  0;0,  0> +
        (-0.0001394,-0.0023072)|   2, 1, 1;0,  0;0,  0> +
        ( 0.0000407, 0.0022150)|   1, 3, 1;0,  0;0,  0> +
        (-0.0013469, 0.0000032)|   2, 1, 2;0,  0;0,  0> +
        ( 0.0012522,-0.0001312)|   1, 3, 0;0,  0;0,  0> +
        ( 0.0000528, 0.0012459)|   2, 2, 1;0,  0;0,  0> +
        ( 0.0009365,-0.0006646)|   1, 1, 2;0,  0;0,  0> +
        ( 0.0009656, 0.0000705)|   2, 3, 0;0,  0;0,  0> +
        ( 0.0007543,-0.0000055)|   5, 2, 0;0,  0;0,  0> +
        ( 0.0000379,-0.0007296)|   2, 0, 3;0,  0;0,  0> +
        (-0.0000003,-0.0006453)|   4, 3, 3;0,  0;0,  0> +
        (-0.0000091,-0.0006331)|   6, 0, 1;0,  0;0,  0> +
        ( 0.0006075, 0.0000054)|   5, 0, 2;0,  0;0,  0> +
        ( 0.0000492, 0.0005831)|   4, 1, 1;0,  0;0,  0> +
        (-0.0004405,-0.0001096)|   6, 1, 0;0,  0;0,  0> +
        ( 0.0004362,-0.0000049)|   4, 0, 2;0,  0;0,  0> +
        (-0.0004352, 0.0000057)|   4, 2, 0;0,  0;0,  0> +
        (-0.0000101, 0.0004346)|   3, 1, 1;0,  0;0,  0> +
        (-0.0000001, 0.0004289)|   2, 1, 3;0,  0;0,  0> +
        (-0.0004129,-0.0000017)|   5, 1, 0;0,  0;0,  0> +
        ( 0.0000125,-0.0004088)|   1, 2, 3;0,  0;0,  0> +
        (-0.0000091, 0.0003662)|   0, 3, 1;0,  0;0,  0> +
        (-0.0000304,-0.0003455)|   4, 0, 1;0,  0;0,  0> +
        ( 0.0003252,-0.0000299)|   4, 1, 0;0,  0;0,  0> +
        ( 0.0003046, 0.0000124)|   1, 3, 2;0,  0;0,  0> +
        (-0.0000036,-0.0002687)|   5, 0, 1;0,  0;0,  0> +
        (-0.0000001, 0.0002672)|   2, 3, 3;0,  0;0,  0> +
        ( 0.0002627, 0.0000057)|   0, 3, 2;0,  0;0,  0> +
        ( 0.0002072, 0.0001580)|   0, 3, 0;0,  0;0,  0> +
        ( 0.0002262,-0.0000028)|   4, 2, 2;0,  0;0,  0> +
        ( 0.0001761,-0.0000002)|   3, 2, 2;0,  0;0,  0> +
        (-0.0000000, 0.0001564)|   0, 3, 3;0,  0;0,  0> +
        (-0.0000002,-0.0001471)|   3, 3, 3;0,  0;0,  0> +
        (-0.0001264,-0.0000552)|   0, 1, 2;0,  0;0,  0> +
        ( 0.0001044,-0.0000710)|   0, 0, 3;0,  0;0,  0> +
        ( 0.0001175,-0.0000185)|   6, 0, 2;0,  0;0,  0> +
        ( 0.0001146, 0.0000177)|   6, 2, 0;0,  0;0,  0> +
        ( 0.0000375,-0.0001093)|   0, 2, 1;0,  0;0,  0> +
        ( 0.0001037, 0.0000006)|   3, 3, 2;0,  0;0,  0> +
        (-0.0000014, 0.0001015)|   3, 2, 3;0,  0;0,  0> +
        ( 0.0000801,-0.0000005)|   3, 1, 2;0,  0;0,  0> +
        ( 0.0000000, 0.0000628)|   1, 3, 3;0,  0;0,  0> +
        ( 0.0000598,-0.0000003)|   5, 2, 2;0,  0;0,  0> +
        ( 0.0000564, 0.0000000)|   7, 2, 0;0,  0;0,  0> +
        (-0.0000551,-0.0000003)|   8, 0, 0;1,  0;0,  0> +
        ( 0.0000550, 0.0000003)|   8, 0, 0;0,  0;1,  0> +
        ( 0.0000544,-0.0000002)|   7, 0, 2;0,  0;0,  0> +
        (-0.0000102, 0.0000498)|   2, 3, 1;0,  0;0,  0> +
        (-0.0000006, 0.0000350)|   3, 2, 1;0,  0;0,  0> +
        ( 0.0000058, 0.0000331)|   0, 2, 3;0,  0;0,  0> +
        (-0.0000321,-0.0000001)|   9, 0, 0;0,  0;0,  0> +
        (-0.0000007, 0.0000272)|   0, 1, 3;0,  0;0,  0> +
        ( 0.0000206,-0.0000003)|   3, 3, 0;0,  0;0,  0> +
        ( 0.0000165,-0.0000000)|   4, 3, 0;0,  0;0,  0> +
        ( 0.0000001, 0.0000153)|   4, 0, 3;0,  0;0,  0> +
        (-0.0000120,-0.0000058)|   7, 0, 1;0,  0;0,  0> +
        (-0.0000001, 0.0000095)|   4, 2, 1;0,  0;0,  0> +
        (-0.0000019, 0.0000087)|   3, 0, 3;0,  0;0,  0> +
        (-0.0000068,-0.0000051)|   7, 1, 0;0,  0;0,  0> +
        ( 0.0000084, 0.0000001)|   4, 1, 2;0,  0;0,  0> +
        (-0.0000047, 0.0000022)|   1, 1, 1;0,  0;0,  0> +
        ( 0.0000000, 0.0000052)|   4, 2, 3;0,  0;0,  0> +
        (-0.0000048,-0.0000000)|   4, 3, 2;0,  0;0,  0> +
        (-0.0000000, 0.0000043)|   3, 1, 3;0,  0;0,  0> +
        ( 0.0000027,-0.0000001)|   7, 0, 0;0,  0;0,  0> +
        (-0.0000023, 0.0000000)|  10, 0, 0;0,  0;0,  0> +
        ( 0.0000001,-0.0000019)|   8, 3, 3;0,  0;0,  0> +
        (-0.0000019, 0.0000000)|   6, 2, 2;0,  0;0,  0> +
        (-0.0000010,-0.0000000)|   4, 0, 0;0,  0;0,  0> +
        ( 0.0000010, 0.0000001)|   3, 0, 2;0,  0;0,  0> +
         ...
 |15> = ( 0.7452319,-0.0001434)|   3, 1, 0;0,  0;0,  0> +
        (-0.0001438,-0.6667300)|   3, 0, 1;0,  0;0,  0> +
        (-0.0041717,-0.0000130)|   4, 1, 0;0,  0;0,  0> +
        (-0.0040601, 0.0000140)|   4, 2, 0;0,  0;0,  0> +
        (-0.0037671,-0.0000073)|   4, 0, 2;0,  0;0,  0> +
        (-0.0000071,-0.0036096)|   4, 0, 1;0,  0;0,  0> +
        ( 0.0031851, 0.0000006)|   3, 2, 2;0,  0;0,  0> +
        ( 0.0027514, 0.0000322)|   3, 0, 2;0,  0;0,  0> +
        (-0.0021727,-0.0000014)|   1, 3, 2;0,  0;0,  0> +
        (-0.0000052,-0.0019938)|   1, 2, 3;0,  0;0,  0> +
        (-0.0019135,-0.0000319)|   3, 2, 0;0,  0;0,  0> +
        (-0.0016436,-0.0000221)|   6, 0, 0;0,  0;0,  0> +
        ( 0.0000778, 0.0006592)|   1, 1, 1;0,  0;0,  0> +
        ( 0.0000126,-0.0006049)|   0, 3, 1;0,  0;0,  0> +
        (-0.0000615,-0.0004593)|   1, 2, 1;0,  0;0,  0> +
        (-0.0000016,-0.0003661)|   1, 0, 3;0,  0;0,  0> +
        ( 0.0000001,-0.0003601)|   1, 3, 3;0,  0;0,  0> +
        (-0.0003370,-0.0000245)|   1, 3, 0;0,  0;0,  0> +
        ( 0.0002944, 0.0000004)|   2, 1, 2;0,  0;0,  0> +
        ( 0.0000056, 0.0002755)|   2, 0, 3;0,  0;0,  0> +
        ( 0.0000052, 0.0002725)|   2, 2, 1;0,  0;0,  0> +
        ( 0.0002469,-0.0000062)|   2, 3, 0;0,  0;0,  0> +
        ( 0.0002000, 0.0000030)|   0, 3, 2;0,  0;0,  0> +
        (-0.0000065, 0.0001721)|   0, 2, 1;0,  0;0,  0> +
        (-0.0001453, 0.0000003)|   7, 0, 0;0,  0;0,  0> +
        ( 0.0000009, 0.0001299)|   0, 1, 3;0,  0;0,  0> +
        (-0.0000000, 0.0001247)|   0, 3, 3;0,  0;0,  0> +
        ( 0.0000955, 0.0000112)|   4, 2, 2;0,  0;0,  0> +
        ( 0.0000031, 0.0000928)|   0, 2, 3;0,  0;0,  0> +
        (-0.0000833,-0.0000120)|   1, 1, 2;0,  0;0,  0> +
        (-0.0000026, 0.0000807)|   1, 3, 1;0,  0;0,  0> +
        (-0.0000554, 0.0000125)|   0, 1, 2;0,  0;0,  0> +
        ( 0.0000563, 0.0000000)|   1, 2, 2;0,  0;0,  0> +
        (-0.0000237, 0.0000406)|   0, 0, 3;0,  0;0,  0> +
        (-0.0000080, 0.0000461)|   1, 1, 3;0,  0;0,  0> +
        (-0.0000412, 0.0000001)|   3, 1, 0;1,  0;0,  0> +
        ( 0.0000410,-0.0000000)|   3, 1, 0;0,  0;1,  0> +
        (-0.0000000, 0.0000367)|   3, 0, 1;1,  0;0,  0> +
        (-0.0000000,-0.0000367)|   3, 0, 1;0,  0;1,  0> +
        (-0.0000073,-0.0000347)|   0, 3, 0;0,  0;0,  0> +
        ( 0.0000006, 0.0000281)|   2, 3, 3;0,  0;0,  0> +
        ( 0.0000277,-0.0000000)|   2, 2, 2;0,  0;0,  0> +
        ( 0.0000002, 0.0000104)|   2, 0, 1;0,  0;0,  0> +
        (-0.0000095, 0.0000000)|   2, 2, 0;0,  0;0,  0> +
        ( 0.0000094,-0.0000000)|   2, 0, 2;0,  0;0,  0> +
        ( 0.0000001, 0.0000072)|   2, 2, 3;0,  0;0,  0> +
        (-0.0000066, 0.0000002)|   2, 1, 0;0,  0;0,  0> +
        ( 0.0000062,-0.0000001)|   2, 3, 2;0,  0;0,  0> +
        ( 0.0000048,-0.0000000)|   1, 1, 0;0,  0;0,  0> +
        (-0.0000045,-0.0000000)|   0, 2, 2;0,  0;0,  0> +
        (-0.0000000,-0.0000043)|   1, 0, 1;0,  0;0,  0> +
        ( 0.0000037, 0.0000001)|   5, 1, 0;0,  0;0,  0> +
        ( 0.0000024, 0.0000000)|   0, 1, 0;0,  0;0,  0> +
        ( 0.0000000,-0.0000023)|   5, 0, 1;0,  0;0,  0> +
        ( 0.0000023, 0.0000000)|   5, 0, 0;0,  0;0,  0> +
        ( 0.0000000,-0.0000022)|   2, 1, 3;0,  0;0,  0> +
        (-0.0000005, 0.0000015)|   6, 0, 1;0,  0;0,  0> +
        (-0.0000011,-0.0000009)|   6, 1, 0;0,  0;0,  0> +
        (-0.0000001,-0.0000014)|   2, 1, 1;0,  0;0,  0> +
         ...
 |16> = ( 0.0003908,-0.7452304)|   3, 0, 1;0,  0;0,  0> +
        (-0.6666961,-0.0003652)|   3, 1, 0;0,  0;0,  0> +
        ( 0.0113757,-0.0000135)|   6, 0, 0;0,  0;0,  0> +
        ( 0.0026377, 0.0000614)|   3, 2, 0;0,  0;0,  0> +
        (-0.0024580,-0.0000616)|   3, 0, 2;0,  0;0,  0> +
        (-0.0000001, 0.0014764)|   0, 3, 3;0,  0;0,  0> +
        ( 0.0002415,-0.0014467)|   0, 0, 3;0,  0;0,  0> +
        ( 0.0008842,-0.0000271)|   0, 1, 2;0,  0;0,  0> +
        ( 0.0008482,-0.0000004)|   2, 2, 0;0,  0;0,  0> +
        (-0.0008441, 0.0000004)|   2, 0, 2;0,  0;0,  0> +
        (-0.0006349,-0.0000035)|   4, 2, 0;0,  0;0,  0> +
        (-0.0005010,-0.0000024)|   1, 3, 0;0,  0;0,  0> +
        (-0.0000184, 0.0004806)|   0, 3, 1;0,  0;0,  0> +
        (-0.0004383, 0.0000019)|   3, 2, 2;0,  0;0,  0> +
        ( 0.0000112,-0.0004243)|   1, 0, 3;0,  0;0,  0> +
        ( 0.0000226, 0.0003960)|   0, 2, 1;0,  0;0,  0> +
        (-0.0003596, 0.0000236)|   4, 0, 2;0,  0;0,  0> +
        (-0.0003257, 0.0000054)|   1, 1, 2;0,  0;0,  0> +
        ( 0.0003102, 0.0000000)|   0, 2, 2;0,  0;0,  0> +
        ( 0.0003040,-0.0000000)|   1, 2, 2;0,  0;0,  0> +
        (-0.0001013, 0.0002704)|   0, 3, 0;0,  0;0,  0> +
        ( 0.0002723, 0.0000076)|   0, 3, 2;0,  0;0,  0> +
        (-0.0000260,-0.0002128)|   1, 2, 1;0,  0;0,  0> +
        (-0.0002014,-0.0000011)|   4, 1, 0;0,  0;0,  0> +
        (-0.0000008,-0.0001805)|   4, 0, 1;0,  0;0,  0> +
        (-0.0001182,-0.0000001)|   1, 3, 2;0,  0;0,  0> +
        (-0.0000003,-0.0001088)|   1, 2, 3;0,  0;0,  0> +
        ( 0.0000076, 0.0000678)|   0, 2, 3;0,  0;0,  0> +
        (-0.0000014,-0.0000680)|   0, 1, 3;0,  0;0,  0> +
        (-0.0000000,-0.0000411)|   3, 0, 1;0,  0;1,  0> +
        ( 0.0000000, 0.0000411)|   3, 0, 1;1,  0;0,  0> +
        (-0.0000000, 0.0000393)|   0, 1, 1;0,  0;0,  0> +
        ( 0.0000047, 0.0000388)|   1, 1, 1;0,  0;0,  0> +
        ( 0.0000368, 0.0000000)|   3, 1, 0;1,  0;0,  0> +
        (-0.0000367,-0.0000000)|   3, 1, 0;0,  0;1,  0> +
        ( 0.0000003, 0.0000284)|   2, 0, 3;0,  0;0,  0> +
        ( 0.0000284,-0.0000003)|   2, 3, 0;0,  0;0,  0> +
        (-0.0000282,-0.0000001)|   5, 0, 0;0,  0;0,  0> +
        ( 0.0000278, 0.0000001)|   2, 1, 2;0,  0;0,  0> +
        ( 0.0000004, 0.0000266)|   2, 2, 1;0,  0;0,  0> +
        (-0.0000000, 0.0000171)|   1, 3, 3;0,  0;0,  0> +
        ( 0.0000138,-0.0000002)|   2, 1, 0;0,  0;0,  0> +
        (-0.0000000, 0.0000103)|   1, 0, 1;0,  0;0,  0> +
        (-0.0000072, 0.0000000)|   7, 0, 0;0,  0;0,  0> +
        (-0.0000001,-0.0000069)|   2, 0, 1;0,  0;0,  0> +
        ( 0.0000061, 0.0000006)|   4, 2, 2;0,  0;0,  0> +
        (-0.0000001, 0.0000039)|   1, 3, 1;0,  0;0,  0> +
        (-0.0000038,-0.0000000)|   1, 1, 0;0,  0;0,  0> +
        (-0.0000000, 0.0000034)|   5, 0, 1;0,  0;0,  0> +
        ( 0.0000020, 0.0000013)|   6, 1, 0;0,  0;0,  0> +
        ( 0.0000023,-0.0000000)|   1, 0, 2;0,  0;0,  0> +
        (-0.0000023, 0.0000000)|   1, 2, 0;0,  0;0,  0> +
        (-0.0000004, 0.0000021)|   1, 1, 3;0,  0;0,  0> +
        ( 0.0000000,-0.0000019)|   0, 0, 1;0,  0;0,  0> +
        ( 0.0000000, 0.0000015)|   2, 3, 3;0,  0;0,  0> +
        ( 0.0000013,-0.0000001)|   7, 0, 1;0,  0;0,  0> +
        (-0.0000006, 0.0000009)|   7, 1, 0;0,  0;0,  0> +
         ...
 |17> = (-0.9991480,-0.0018784)|   9, 0, 0;0,  0;0,  0> +
        ( 0.0317906, 0.0005030)|   5, 1, 0;0,  0;0,  0> +
        ( 0.0002344,-0.0246267)|   5, 0, 1;0,  0;0,  0> +
        ( 0.0001590,-0.0069023)|   3, 1, 1;0,  0;0,  0> +
        ( 0.0027185,-0.0000364)|   5, 0, 2;0,  0;0,  0> +
        (-0.0000246,-0.0022208)|   3, 0, 3;0,  0;0,  0> +
        (-0.0020033,-0.0000450)|   3, 3, 0;0,  0;0,  0> +
        (-0.0001497, 0.0019059)|   2, 0, 3;0,  0;0,  0> +
        (-0.0016301,-0.0000924)|   2, 1, 2;0,  0;0,  0> +
        (-0.0015223,-0.0000853)|   2, 3, 0;0,  0;0,  0> +
        ( 0.0014605,-0.0000141)|   3, 1, 2;0,  0;0,  0> +
        ( 0.0012832, 0.0000136)|   4, 3, 0;0,  0;0,  0> +
        (-0.0000129, 0.0012733)|   4, 0, 3;0,  0;0,  0> +
        (-0.0009950,-0.0004766)|   7, 0, 1;0,  0;0,  0> +
        (-0.0000163,-0.0007767)|   4, 2, 3;0,  0;0,  0> +
        ( 0.0007309, 0.0000100)|   4, 1, 2;0,  0;0,  0> +
        ( 0.0000086,-0.0007258)|   2, 3, 1;0,  0;0,  0> +
        (-0.0000096, 0.0007116)|   4, 2, 1;0,  0;0,  0> +
        (-0.0005656,-0.0004220)|   7, 1, 0;0,  0;0,  0> +
        (-0.0000747,-0.0006720)|   3, 2, 3;0,  0;0,  0> +
        (-0.0000063, 0.0006452)|   1, 3, 1;0,  0;0,  0> +
        (-0.0005654, 0.0000528)|   5, 2, 0;0,  0;0,  0> +
        ( 0.0005617,-0.0000014)|   5, 2, 2;0,  0;0,  0> +
        ( 0.0004658, 0.0002613)|   6, 1, 0;0,  0;0,  0> +
        ( 0.0004667,-0.0001683)|   1, 3, 0;0,  0;0,  0> +
        (-0.0000142,-0.0004654)|   1, 2, 1;0,  0;0,  0> +
        ( 0.0004423, 0.0000132)|   1, 3, 2;0,  0;0,  0> +
        ( 0.0000168, 0.0003605)|   2, 2, 1;0,  0;0,  0> +
        (-0.0003550,-0.0000171)|   4, 3, 2;0,  0;0,  0> +
        (-0.0003464,-0.0000742)|   3, 3, 2;0,  0;0,  0> +
        (-0.0000909,-0.0003339)|   1, 0, 3;0,  0;0,  0> +
        (-0.0000614, 0.0003329)|   3, 2, 1;0,  0;0,  0> +
        ( 0.0000137,-0.0003356)|   1, 2, 3;0,  0;0,  0> +
        ( 0.0000002,-0.0002821)|   6, 3, 3;0,  0;0,  0> +
        ( 0.0002493, 0.0001199)|   1, 1, 2;0,  0;0,  0> +
        ( 0.0002529,-0.0000001)|   3, 2, 2;0,  0;0,  0> +
        (-0.0000118, 0.0002447)|   0, 2, 3;0,  0;0,  0> +
        ( 0.0002413, 0.0000096)|   6, 2, 2;0,  0;0,  0> +
        (-0.0000000,-0.0002408)|   1, 3, 3;0,  0;0,  0> +
        (-0.0002263,-0.0000118)|   0, 3, 2;0,  0;0,  0> +
        ( 0.0000020,-0.0002128)|   2, 1, 3;0,  0;0,  0> +
        (-0.0001740,-0.0001188)|   0, 3, 0;0,  0;0,  0> +
        ( 0.0001708,-0.0000017)|   8, 0, 2;0,  0;0,  0> +
        (-0.0000058,-0.0001704)|   5, 1, 1;0,  0;0,  0> +
        ( 0.0001661, 0.0000005)|   8, 2, 0;0,  0;0,  0> +
        (-0.0000064,-0.0001617)|   3, 1, 3;0,  0;0,  0> +
        (-0.0001580, 0.0000003)|   7, 2, 0;0,  0;0,  0> +
        ( 0.0000002, 0.0001534)|   4, 3, 3;0,  0;0,  0> +
        ( 0.0001453, 0.0000001)|   4, 2, 2;0,  0;0,  0> +
        ( 0.0000121, 0.0001437)|   4, 1, 1;0,  0;0,  0> +
        ( 0.0000208,-0.0001416)|   1, 1, 3;0,  0;0,  0> +
        ( 0.0001240, 0.0000421)|   6, 2, 0;0,  0;0,  0> +
        ( 0.0001179,-0.0000409)|   6, 0, 2;0,  0;0,  0> +
        ( 0.0001216,-0.0000005)|   2, 3, 2;0,  0;0,  0> +
        ( 0.0001028,-0.0000552)|   6, 0, 1;0,  0;0,  0> +
        (-0.0001156, 0.0000001)|   7, 0, 2;0,  0;0,  0> +
        ( 0.0001058, 0.0000393)|   0, 1, 2;0,  0;0,  0> +
        (-0.0000004, 0.0001093)|   2, 2, 3;0,  0;0,  0> +
        (-0.0000812, 0.0000603)|   0, 0, 3;0,  0;0,  0> +
        (-0.0000257, 0.0000911)|   0, 2, 1;0,  0;0,  0> +
        ( 0.0000000,-0.0000867)|   2, 3, 3;0,  0;0,  0> +
        (-0.0000000, 0.0000706)|   0, 3, 3;0,  0;0,  0> +
        ( 0.0000041, 0.0000661)|   2, 1, 1;0,  0;0,  0> +
        ( 0.0000550, 0.0000001)|   9, 0, 0;1,  0;0,  0> +
        (-0.0000550,-0.0000001)|   9, 0, 0;0,  0;1,  0> +
        ( 0.0000000,-0.0000541)|   3, 3, 3;0,  0;0,  0> +
        (-0.0000046,-0.0000308)|   3, 3, 1;0,  0;0,  0> +
        (-0.0000260,-0.0000003)|   8, 0, 0;0,  0;0,  0> +
        (-0.0000011, 0.0000107)|   4, 1, 3;0,  0;0,  0> +
        ( 0.0000005,-0.0000081)|   5, 3, 3;0,  0;0,  0> +
        (-0.0000069, 0.0000028)|  11, 0, 0;0,  0;0,  0> +
        (-0.0000002, 0.0000057)|   0, 3, 1;0,  0;0,  0> +
        (-0.0000051,-0.0000001)|   4, 0, 2;0,  0;0,  0> +
        (-0.0000019,-0.0000046)|   6, 1, 1;0,  0;0,  0> +
        (-0.0000047, 0.0000010)|   8, 1, 0;0,  0;0,  0> +
        ( 0.0000045,-0.0000000)|   7, 0, 0;0,  0;0,  0> +
        (-0.0000043, 0.0000002)|   5, 3, 2;0,  0;0,  0> +
        ( 0.0000041, 0.0000001)|   4, 1, 0;0,  0;0,  0> +
        ( 0.0000040, 0.0000003)|   4, 2, 0;0,  0;0,  0> +
        (-0.0000002,-0.0000036)|   5, 2, 3;0,  0;0,  0> +
        (-0.0000034, 0.0000001)|  10, 0, 0;0,  0;0,  0> +
        ( 0.0000028,-0.0000000)|   7, 2, 2;0,  0;0,  0> +
        ( 0.0000024,-0.0000011)|   4, 3, 1;0,  0;0,  0> +
        ( 0.0000001,-0.0000023)|   8, 3, 3;0,  0;0,  0> +
        (-0.0000001, 0.0000021)|   8, 0, 1;0,  0;0,  0> +
        (-0.0000003, 0.0000019)|   5, 0, 3;0,  0;0,  0> +
        ( 0.0000019,-0.0000003)|   9, 1, 0;0,  0;0,  0> +
        (-0.0000018,-0.0000000)|   5, 1, 0;1,  0;0,  0> +
        ( 0.0000017, 0.0000000)|   5, 1, 0;0,  0;1,  0> +
        ( 0.0000002,-0.0000016)|   6, 0, 3;0,  0;0,  0> +
        ( 0.0000006,-0.0000015)|   1, 1, 1;0,  0;0,  0> +
        (-0.0000001,-0.0000016)|  13, 0, 0;0,  0;0,  0> +
        ( 0.0000001,-0.0000015)|   6, 2, 3;0,  0;0,  0> +
        ( 0.0000013,-0.0000002)|   5, 1, 2;0,  0;0,  0> +
        (-0.0000000, 0.0000013)|   5, 0, 1;1,  0;0,  0> +
        ( 0.0000000,-0.0000013)|   5, 0, 1;0,  0;1,  0> +
        ( 0.0000013,-0.0000000)|   3, 0, 0;0,  0;0,  0> +
        ( 0.0000002, 0.0000012)|   9, 0, 1;0,  0;0,  0> +
        (-0.0000011,-0.0000003)|   6, 3, 0;0,  0;0,  0> +
        ( 0.0000000,-0.0000011)|   6, 2, 1;0,  0;0,  0> +
        ( 0.0000001,-0.0000010)|   7, 3, 3;0,  0;0,  0> +
         ...
 |18> = (-0.0655871,-0.7151597)|   4, 0, 1;0,  0;0,  0> +
        ( 0.6929666,-0.0631154)|   4, 1, 0;0,  0;0,  0> +
        ( 0.0001381, 0.0044672)|   2, 1, 1;0,  0;0,  0> +
        (-0.0033858,-0.0001063)|   1, 3, 2;0,  0;0,  0> +
        (-0.0001112, 0.0029356)|   1, 2, 3;0,  0;0,  0> +
        ( 0.0013785,-0.0000156)|   2, 1, 2;0,  0;0,  0> +
        (-0.0010939,-0.0007077)|   0, 3, 0;0,  0;0,  0> +
        (-0.0012992, 0.0000047)|   2, 3, 2;0,  0;0,  0> +
        ( 0.0000005,-0.0011800)|   2, 2, 3;0,  0;0,  0> +
        (-0.0001614,-0.0009849)|   1, 0, 3;0,  0;0,  0> +
        ( 0.0000225,-0.0009672)|   2, 2, 1;0,  0;0,  0> +
        (-0.0007914,-0.0000131)|   4, 0, 2;0,  0;0,  0> +
        ( 0.0007545, 0.0002322)|   0, 1, 2;0,  0;0,  0> +
        (-0.0007201,-0.0000678)|   7, 0, 0;0,  0;0,  0> +
        ( 0.0000510, 0.0007014)|   1, 2, 1;0,  0;0,  0> +
        (-0.0000169, 0.0006545)|   0, 3, 1;0,  0;0,  0> +
        (-0.0001492, 0.0005912)|   0, 2, 1;0,  0;0,  0> +
        (-0.0004873, 0.0003166)|   0, 0, 3;0,  0;0,  0> +
        (-0.0000651, 0.0005707)|   2, 0, 3;0,  0;0,  0> +
        (-0.0000146, 0.0005471)|   1, 3, 1;0,  0;0,  0> +
        ( 0.0005090, 0.0000083)|   3, 2, 0;0,  0;0,  0> +
        (-0.0000002,-0.0005023)|   1, 3, 3;0,  0;0,  0> +
        (-0.0004656,-0.0000018)|   8, 0, 0;0,  0;0,  0> +
        ( 0.0002894,-0.0003102)|   1, 1, 2;0,  0;0,  0> +
        (-0.0004216,-0.0000082)|   3, 0, 2;0,  0;0,  0> +
        ( 0.0000021, 0.0004107)|   2, 1, 3;0,  0;0,  0> +
        (-0.0004051,-0.0000446)|   2, 3, 0;0,  0;0,  0> +
        (-0.0000912, 0.0003957)|   1, 1, 3;0,  0;0,  0> +
        ( 0.0003647, 0.0000019)|   4, 2, 2;0,  0;0,  0> +
        (-0.0003530, 0.0000146)|   4, 2, 0;0,  0;0,  0> +
        (-0.0000155, 0.0003243)|   0, 2, 3;0,  0;0,  0> +
        (-0.0002949,-0.0000155)|   0, 3, 2;0,  0;0,  0> +
        (-0.0002584, 0.0000001)|   1, 2, 2;0,  0;0,  0> +
        ( 0.0002236,-0.0000288)|   3, 1, 0;0,  0;0,  0> +
        (-0.0000061, 0.0002204)|   2, 3, 1;0,  0;0,  0> +
        (-0.0000288,-0.0002073)|   3, 0, 1;0,  0;0,  0> +
        (-0.0001007,-0.0001806)|   1, 1, 1;0,  0;0,  0> +
        ( 0.0000016, 0.0001417)|   3, 3, 3;0,  0;0,  0> +
        ( 0.0001274,-0.0000002)|   2, 2, 2;0,  0;0,  0> +
        ( 0.0000064,-0.0001195)|   2, 3, 3;0,  0;0,  0> +
        (-0.0000012, 0.0001047)|   0, 1, 3;0,  0;0,  0> +
        ( 0.0000837, 0.0000537)|   1, 3, 0;0,  0;0,  0> +
        ( 0.0000575, 0.0000000)|   6, 0, 0;0,  0;0,  0> +
        ( 0.0000036, 0.0000394)|   4, 0, 1;1,  0;0,  0> +
        (-0.0000036,-0.0000394)|   4, 0, 1;0,  0;1,  0> +
        (-0.0000382, 0.0000035)|   4, 1, 0;1,  0;0,  0> +
        ( 0.0000382,-0.0000035)|   4, 1, 0;0,  0;1,  0> +
        ( 0.0000000, 0.0000179)|   0, 3, 3;0,  0;0,  0> +
        ( 0.0000001,-0.0000139)|   4, 3, 3;0,  0;0,  0> +
        ( 0.0000136,-0.0000001)|   3, 2, 2;0,  0;0,  0> +
        ( 0.0000050, 0.0000035)|   6, 1, 0;0,  0;0,  0> +
        (-0.0000053,-0.0000001)|   5, 2, 0;0,  0;0,  0> +
        (-0.0000053,-0.0000001)|   5, 1, 0;0,  0;0,  0> +
        (-0.0000053, 0.0000000)|   3, 3, 0;0,  0;0,  0> +
        (-0.0000000,-0.0000045)|   3, 0, 3;0,  0;0,  0> +
        ( 0.0000000,-0.0000039)|   3, 2, 1;0,  0;0,  0> +
        (-0.0000033, 0.0000001)|   3, 1, 2;0,  0;0,  0> +
        ( 0.0000015,-0.0000029)|   6, 0, 1;0,  0;0,  0> +
        (-0.0000000,-0.0000032)|   1, 0, 1;0,  0;0,  0> +
        (-0.0000030, 0.0000002)|   5, 0, 2;0,  0;0,  0> +
        (-0.0000000, 0.0000029)|   5, 0, 1;0,  0;0,  0> +
        ( 0.0000022,-0.0000001)|   2, 1, 0;0,  0;0,  0> +
        (-0.0000002,-0.0000018)|   8, 0, 1;0,  0;0,  0> +
        (-0.0000017,-0.0000000)|   1, 1, 0;0,  0;0,  0> +
        ( 0.0000017,-0.0000000)|   0, 1, 0;0,  0;0,  0> +
        ( 0.0000006, 0.0000013)|  16, 0, 0;0,  0;0,  0> +
        ( 0.0000013,-0.0000001)|   8, 1, 0;0,  0;0,  0> +
        ( 0.0000010,-0.0000001)|   9, 1, 0;0,  0;0,  0> +
         ...
 |19> = (-0.7180306,-0.0004988)|   4, 1, 0;0,  0;0,  0> +
        ( 0.0000468,-0.6957164)|   4, 0, 1;0,  0;0,  0> +
        (-0.0026406,-0.0172708)|   1, 1, 1;0,  0;0,  0> +
        ( 0.0001926,-0.0045288)|   1, 2, 1;0,  0;0,  0> +
        (-0.0039240, 0.0000019)|   3, 1, 0;0,  0;0,  0> +
        ( 0.0000016, 0.0038721)|   3, 0, 1;0,  0;0,  0> +
        ( 0.0026495, 0.0017939)|   0, 3, 0;0,  0;0,  0> +
        (-0.0029519,-0.0000273)|   4, 0, 2;0,  0;0,  0> +
        ( 0.0028597,-0.0004469)|   1, 1, 2;0,  0;0,  0> +
        ( 0.0004036,-0.0019052)|   0, 2, 1;0,  0;0,  0> +
        (-0.0017098,-0.0006222)|   0, 1, 2;0,  0;0,  0> +
        ( 0.0000424,-0.0017708)|   2, 0, 3;0,  0;0,  0> +
        (-0.0016845, 0.0000292)|   2, 3, 0;0,  0;0,  0> +
        ( 0.0014761, 0.0000242)|   4, 2, 0;0,  0;0,  0> +
        ( 0.0014196, 0.0002806)|   1, 3, 0;0,  0;0,  0> +
        ( 0.0012010,-0.0005655)|   0, 0, 3;0,  0;0,  0> +
        (-0.0000101,-0.0011301)|   1, 2, 3;0,  0;0,  0> +
        (-0.0011130, 0.0000041)|   7, 0, 0;0,  0;0,  0> +
        (-0.0010625, 0.0000570)|   2, 1, 2;0,  0;0,  0> +
        ( 0.0010305, 0.0000581)|   4, 2, 2;0,  0;0,  0> +
        (-0.0010176,-0.0000053)|   1, 3, 2;0,  0;0,  0> +
        (-0.0000167,-0.0010002)|   2, 2, 1;0,  0;0,  0> +
        ( 0.0007168, 0.0000027)|   3, 2, 0;0,  0;0,  0> +
        ( 0.0006171,-0.0000003)|   3, 2, 2;0,  0;0,  0> +
        ( 0.0000299, 0.0004784)|   1, 3, 1;0,  0;0,  0> +
        (-0.0000099, 0.0004785)|   2, 3, 3;0,  0;0,  0> +
        (-0.0000754, 0.0004416)|   1, 0, 3;0,  0;0,  0> +
        ( 0.0003726,-0.0000030)|   3, 0, 2;0,  0;0,  0> +
        (-0.0000738, 0.0002070)|   1, 1, 3;0,  0;0,  0> +
        (-0.0002043,-0.0000002)|   1, 2, 2;0,  0;0,  0> +
        ( 0.0000002,-0.0001498)|   1, 3, 3;0,  0;0,  0> +
        ( 0.0001207, 0.0000002)|   6, 0, 0;0,  0;0,  0> +
        (-0.0001182, 0.0000004)|   2, 2, 2;0,  0;0,  0> +
        (-0.0000063,-0.0000753)|   2, 2, 3;0,  0;0,  0> +
        (-0.0000738,-0.0000010)|   0, 3, 2;0,  0;0,  0> +
        (-0.0000724, 0.0000037)|   2, 3, 2;0,  0;0,  0> +
        (-0.0000001,-0.0000529)|   0, 1, 3;0,  0;0,  0> +
        (-0.0000396,-0.0000000)|   4, 1, 0;0,  0;1,  0> +
        ( 0.0000395, 0.0000000)|   4, 1, 0;1,  0;0,  0> +
        ( 0.0000000,-0.0000383)|   4, 0, 1;0,  0;1,  0> +
        (-0.0000000, 0.0000383)|   4, 0, 1;1,  0;0,  0> +
        (-0.0000009,-0.0000351)|   0, 2, 3;0,  0;0,  0> +
        (-0.0000002, 0.0000167)|   0, 3, 1;0,  0;0,  0> +
        (-0.0000011,-0.0000139)|   2, 1, 3;0,  0;0,  0> +
        (-0.0000001, 0.0000107)|   0, 3, 3;0,  0;0,  0> +
        ( 0.0000012, 0.0000042)|   2, 1, 1;0,  0;0,  0> +
        (-0.0000031, 0.0000001)|   2, 1, 0;0,  0;0,  0> +
        (-0.0000028, 0.0000001)|   1, 1, 0;0,  0;0,  0> +
        (-0.0000027,-0.0000000)|   5, 1, 0;0,  0;0,  0> +
        ( 0.0000001, 0.0000020)|   1, 0, 1;0,  0;0,  0> +
        ( 0.0000001,-0.0000019)|   2, 3, 1;0,  0;0,  0> +
        (-0.0000000, 0.0000014)|   2, 0, 1;0,  0;0,  0> +
        (-0.0000000, 0.0000013)|   0, 0, 1;0,  0;0,  0> +
        ( 0.0000013,-0.0000000)|   0, 1, 0;0,  0;0,  0> +
        (-0.0000000,-0.0000012)|   5, 0, 1;0,  0;0,  0> +
        ( 0.0000012, 0.0000000)|   8, 0, 0;0,  0;0,  0> +
        (-0.0000011, 0.0000004)|  11, 0, 0;0,  0;0,  0> +
        ( 0.0000011,-0.0000003)|   8, 1, 0;0,  0;0,  0> +
        ( 0.0000001, 0.0000011)|  13, 0, 0;0,  0;0,  0> +
         ...
 |20> = (-0.9995008, 0.0015689)|  10, 0, 0;0,  0;0,  0> +
        (-0.0035293, 0.0222856)|   6, 0, 1;0,  0;0,  0> +
        ( 0.0016900, 0.0200075)|   4, 1, 1;0,  0;0,  0> +
        (-0.0014887,-0.0059062)|   6, 1, 0;0,  0;0,  0> +
        ( 0.0020073, 0.0000679)|   2, 3, 0;0,  0;0,  0> +
        (-0.0019040, 0.0000259)|   6, 0, 2;0,  0;0,  0> +
        ( 0.0000775,-0.0018537)|   8, 3, 3;0,  0;0,  0> +
        (-0.0018044, 0.0000466)|   5, 2, 0;0,  0;0,  0> +
        ( 0.0017677,-0.0000592)|   3, 3, 0;0,  0;0,  0> +
        ( 0.0000005,-0.0017423)|   2, 2, 1;0,  0;0,  0> +
        (-0.0017335,-0.0000909)|   3, 1, 2;0,  0;0,  0> +
        (-0.0016141, 0.0000654)|   6, 2, 0;0,  0;0,  0> +
        ( 0.0014772,-0.0000445)|   5, 0, 2;0,  0;0,  0> +
        ( 0.0000203,-0.0011387)|   5, 2, 3;0,  0;0,  0> +
        ( 0.0000080,-0.0010459)|   3, 1, 3;0,  0;0,  0> +
        (-0.0000798, 0.0010367)|   4, 1, 3;0,  0;0,  0> +
        (-0.0002116, 0.0010114)|   1, 1, 3;0,  0;0,  0> +
        ( 0.0008798,-0.0005142)|   7, 1, 0;0,  0;0,  0> +
        ( 0.0000821,-0.0009907)|   2, 0, 3;0,  0;0,  0> +
        ( 0.0009401, 0.0000132)|   4, 3, 0;0,  0;0,  0> +
        (-0.0000441, 0.0008652)|   3, 3, 1;0,  0;0,  0> +
        ( 0.0007772, 0.0000023)|   6, 3, 2;0,  0;0,  0> +
        (-0.0007765,-0.0000144)|   5, 3, 2;0,  0;0,  0> +
        ( 0.0005459,-0.0004118)|   1, 3, 0;0,  0;0,  0> +
        (-0.0000008,-0.0006672)|   4, 2, 1;0,  0;0,  0> +
        (-0.0000011, 0.0006608)|   4, 2, 3;0,  0;0,  0> +
        (-0.0000019, 0.0006511)|   6, 2, 3;0,  0;0,  0> +
        (-0.0004631, 0.0004436)|   7, 0, 1;0,  0;0,  0> +
        (-0.0000086,-0.0006192)|   1, 3, 1;0,  0;0,  0> +
        (-0.0000068, 0.0005807)|   2, 3, 1;0,  0;0,  0> +
        (-0.0003142, 0.0004713)|   1, 1, 2;0,  0;0,  0> +
        ( 0.0004874,-0.0000379)|   4, 1, 2;0,  0;0,  0> +
        ( 0.0004820, 0.0000226)|   8, 2, 0;0,  0;0,  0> +
        (-0.0004620, 0.0000008)|   4, 2, 2;0,  0;0,  0> +
        ( 0.0000000,-0.0004574)|   6, 3, 3;0,  0;0,  0> +
        (-0.0000028,-0.0003945)|   7, 1, 1;0,  0;0,  0> +
        ( 0.0003692,-0.0000242)|   8, 0, 2;0,  0;0,  0> +
        ( 0.0000002, 0.0003540)|   3, 3, 3;0,  0;0,  0> +
        (-0.0001478, 0.0002824)|   3, 2, 1;0,  0;0,  0> +
        ( 0.0002979,-0.0000007)|   5, 2, 2;0,  0;0,  0> +
        (-0.0001126,-0.0002733)|   6, 1, 1;0,  0;0,  0> +
        (-0.0000619,-0.0002758)|   1, 0, 3;0,  0;0,  0> +
        ( 0.0000013,-0.0002584)|   2, 1, 3;0,  0;0,  0> +
        (-0.0002534, 0.0000492)|   8, 1, 0;0,  0;0,  0> +
        ( 0.0000047,-0.0002481)|   3, 1, 1;0,  0;0,  0> +
        ( 0.0000021, 0.0002394)|   2, 2, 3;0,  0;0,  0> +
        (-0.0000845,-0.0002195)|   3, 2, 3;0,  0;0,  0> +
        (-0.0000092, 0.0002182)|   5, 3, 3;0,  0;0,  0> +
        (-0.0001962, 0.0000002)|   6, 2, 2;0,  0;0,  0> +
        (-0.0001297,-0.0001471)|   1, 2, 1;0,  0;0,  0> +
        ( 0.0000084, 0.0001852)|   8, 0, 1;0,  0;0,  0> +
        (-0.0000250, 0.0001790)|   7, 3, 3;0,  0;0,  0> +
        (-0.0001724,-0.0000003)|   1, 3, 2;0,  0;0,  0> +
        ( 0.0000003, 0.0001587)|   4, 3, 3;0,  0;0,  0> +
        ( 0.0001542, 0.0000022)|   2, 3, 2;0,  0;0,  0> +
        (-0.0000238,-0.0001510)|   3, 0, 3;0,  0;0,  0> +
        ( 0.0000671,-0.0001245)|   4, 3, 1;0,  0;0,  0> +
        (-0.0000008,-0.0001414)|   1, 2, 3;0,  0;0,  0> +
        (-0.0000103,-0.0001369)|   4, 0, 3;0,  0;0,  0> +
        ( 0.0001323,-0.0000028)|   7, 0, 2;0,  0;0,  0> +
        ( 0.0000865,-0.0000838)|   3, 3, 2;0,  0;0,  0> +
        ( 0.0000000,-0.0001191)|   2, 3, 3;0,  0;0,  0> +
        (-0.0001025,-0.0000011)|   4, 3, 2;0,  0;0,  0> +
        (-0.0001025, 0.0000020)|   7, 2, 0;0,  0;0,  0> +
        (-0.0000000,-0.0000804)|   1, 3, 3;0,  0;0,  0> +
        ( 0.0000052,-0.0000587)|   9, 3, 3;0,  0;0,  0> +
        ( 0.0000551,-0.0000001)|  10, 0, 0;1,  0;0,  0> +
        (-0.0000550, 0.0000001)|  10, 0, 0;0,  0;1,  0> +
        (-0.0000006,-0.0000407)|   5, 0, 3;0,  0;0,  0> +
        (-0.0000394, 0.0000001)|   5, 3, 0;0,  0;0,  0> +
        (-0.0000305,-0.0000002)|   7, 2, 2;0,  0;0,  0> +
        (-0.0000284,-0.0000008)|   5, 1, 2;0,  0;0,  0> +
        (-0.0000250, 0.0000099)|  11, 0, 0;0,  0;0,  0> +
        ( 0.0000009, 0.0000256)|   5, 1, 1;0,  0;0,  0> +
        (-0.0000029, 0.0000250)|   2, 1, 2;0,  0;0,  0> +
        (-0.0000007,-0.0000217)|   5, 2, 1;0,  0;0,  0> +
        (-0.0000172,-0.0000025)|  12, 0, 0;0,  0;0,  0> +
        ( 0.0000059, 0.0000061)|   5, 1, 3;0,  0;0,  0> +
        ( 0.0000002, 0.0000079)|   5, 0, 1;0,  0;0,  0> +
        ( 0.0000000,-0.0000059)|   6, 0, 3;0,  0;0,  0> +
        ( 0.0000009, 0.0000055)|   5, 3, 1;0,  0;0,  0> +
        (-0.0000054, 0.0000000)|   9, 2, 0;0,  0;0,  0> +
        ( 0.0000051,-0.0000007)|   9, 1, 0;0,  0;0,  0> +
        (-0.0000051, 0.0000001)|   9, 0, 2;0,  0;0,  0> +
        ( 0.0000050, 0.0000001)|   5, 1, 0;0,  0;0,  0> +
        (-0.0000003,-0.0000046)|  13, 0, 0;0,  0;0,  0> +
        ( 0.0000043, 0.0000002)|   8, 0, 0;0,  0;0,  0> +
        (-0.0000001,-0.0000036)|   6, 1, 3;0,  0;0,  0> +
        ( 0.0000000,-0.0000021)|  10, 2, 3;0,  0;0,  0> +
        ( 0.0000018, 0.0000002)|   8, 0, 3;0,  0;0,  0> +
        (-0.0000000,-0.0000018)|   0, 3, 3;0,  0;0,  0> +
        ( 0.0000014,-0.0000008)|   7, 3, 2;0,  0;0,  0> +
        ( 0.0000007, 0.0000015)|   7, 2, 3;0,  0;0,  0> +
        (-0.0000016,-0.0000005)|   4, 0, 2;0,  0;0,  0> +
        (-0.0000016,-0.0000001)|   8, 2, 2;0,  0;0,  0> +
        ( 0.0000002, 0.0000016)|   9, 0, 1;0,  0;0,  0> +
        ( 0.0000015, 0.0000004)|   4, 2, 0;0,  0;0,  0> +
        ( 0.0000003,-0.0000015)|   8, 3, 0;0,  0;0,  0> +
        ( 0.0000000,-0.0000014)|   0, 2, 3;0,  0;0,  0> +
        ( 0.0000013, 0.0000000)|   0, 3, 2;0,  0;0,  0> +
        ( 0.0000004,-0.0000012)|   6, 3, 0;0,  0;0,  0> +
        (-0.0000000, 0.0000013)|  10, 3, 3;0,  0;0,  0> +
        (-0.0000002, 0.0000012)|   6, 0, 1;0,  0;1,  0> +
        ( 0.0000002,-0.0000012)|   6, 0, 1;1,  0;0,  0> +
        ( 0.0000012,-0.0000001)|   8, 3, 2;0,  0;0,  0> +
        (-0.0000011,-0.0000002)|   9, 0, 0;0,  0;0,  0> +
        ( 0.0000011, 0.0000000)|   7, 0, 0;0,  0;0,  0> +
        ( 0.0000001, 0.0000011)|   4, 1, 1;0,  0;1,  0> +
        (-0.0000001,-0.0000011)|   4, 1, 1;1,  0;0,  0> +
        (-0.0000010,-0.0000003)|  10, 0, 1;0,  0;0,  0> +
        ( 0.0000007,-0.0000008)|   9, 2, 3;0,  0;0,  0> +
        ( 0.0000000, 0.0000010)|   2, 0, 1;0,  0;0,  0> +
         ...
 |21> = ( 0.0015453,-0.9634602)|   5, 0, 1;0,  0;0,  0> +
        ( 0.2653441, 0.0102667)|   5, 1, 0;0,  0;0,  0> +
        ( 0.0322909, 0.0000661)|   9, 0, 0;0,  0;0,  0> +
        ( 0.0002546,-0.0107980)|   3, 1, 1;0,  0;0,  0> +
        ( 0.0043530, 0.0000113)|   5, 0, 2;0,  0;0,  0> +
        ( 0.0002020, 0.0033168)|   2, 1, 1;0,  0;0,  0> +
        (-0.0024292, 0.0000127)|   3, 3, 0;0,  0;0,  0> +
        ( 0.0000364,-0.0023665)|   3, 0, 3;0,  0;0,  0> +
        (-0.0001120,-0.0019712)|   3, 2, 3;0,  0;0,  0> +
        ( 0.0017664, 0.0000322)|   5, 2, 0;0,  0;0,  0> +
        (-0.0015401,-0.0001121)|   3, 3, 2;0,  0;0,  0> +
        ( 0.0001885, 0.0014809)|   1, 2, 1;0,  0;0,  0> +
        (-0.0002271,-0.0014626)|   1, 0, 3;0,  0;0,  0> +
        ( 0.0000149,-0.0013761)|   2, 1, 3;0,  0;0,  0> +
        (-0.0013144,-0.0000147)|   3, 1, 2;0,  0;0,  0> +
        (-0.0000047,-0.0013070)|   3, 2, 1;0,  0;0,  0> +
        (-0.0000327, 0.0012160)|   2, 3, 1;0,  0;0,  0> +
        ( 0.0008469,-0.0008656)|   1, 1, 2;0,  0;0,  0> +
        (-0.0000022,-0.0011673)|   2, 2, 1;0,  0;0,  0> +
        ( 0.0000045,-0.0010412)|   4, 2, 3;0,  0;0,  0> +
        (-0.0009715,-0.0000030)|   4, 3, 2;0,  0;0,  0> +
        ( 0.0008171, 0.0000048)|   5, 2, 2;0,  0;0,  0> +
        ( 0.0000025,-0.0007971)|   6, 3, 3;0,  0;0,  0> +
        ( 0.0000077,-0.0007167)|   1, 3, 1;0,  0;0,  0> +
        ( 0.0000042,-0.0006179)|   3, 1, 3;0,  0;0,  0> +
        ( 0.0000004, 0.0005669)|   3, 3, 3;0,  0;0,  0> +
        (-0.0000106,-0.0005376)|   2, 2, 3;0,  0;0,  0> +
        ( 0.0004434,-0.0000094)|   2, 3, 0;0,  0;0,  0> +
        ( 0.0001191, 0.0003850)|   1, 3, 0;0,  0;0,  0> +
        ( 0.0004010,-0.0000016)|   4, 2, 2;0,  0;0,  0> +
        (-0.0003992,-0.0000135)|   1, 3, 2;0,  0;0,  0> +
        (-0.0000138, 0.0003896)|   1, 2, 3;0,  0;0,  0> +
        (-0.0000312, 0.0003863)|   2, 0, 3;0,  0;0,  0> +
        (-0.0003809,-0.0000354)|   2, 1, 2;0,  0;0,  0> +
        ( 0.0002585,-0.0000002)|   3, 2, 2;0,  0;0,  0> +
        ( 0.0000004, 0.0002486)|   4, 3, 3;0,  0;0,  0> +
        (-0.0000001, 0.0002105)|   2, 3, 3;0,  0;0,  0> +
        (-0.0000060, 0.0001650)|   0, 2, 3;0,  0;0,  0> +
        ( 0.0001463, 0.0000252)|   6, 0, 2;0,  0;0,  0> +
        (-0.0001448,-0.0000009)|   8, 0, 0;0,  0;0,  0> +
        (-0.0000007,-0.0001358)|   3, 3, 1;0,  0;0,  0> +
        (-0.0001327,-0.0000108)|   2, 3, 2;0,  0;0,  0> +
        (-0.0001272, 0.0000002)|   7, 0, 0;0,  0;0,  0> +
        ( 0.0001230,-0.0000304)|   6, 2, 0;0,  0;0,  0> +
        (-0.0000073, 0.0000883)|   1, 1, 3;0,  0;0,  0> +
        (-0.0000028, 0.0000811)|   5, 3, 3;0,  0;0,  0> +
        (-0.0000715,-0.0000379)|   0, 3, 0;0,  0;0,  0> +
        (-0.0000750,-0.0000060)|   0, 3, 2;0,  0;0,  0> +
        ( 0.0000001,-0.0000531)|   5, 0, 1;0,  0;1,  0> +
        (-0.0000001, 0.0000531)|   5, 0, 1;1,  0;0,  0> +
        (-0.0000491,-0.0000007)|   4, 2, 0;0,  0;0,  0> +
        ( 0.0000468, 0.0000013)|   4, 0, 2;0,  0;0,  0> +
        ( 0.0000414, 0.0000105)|   0, 1, 2;0,  0;0,  0> +
        (-0.0000284, 0.0000272)|   0, 0, 3;0,  0;0,  0> +
        (-0.0000060, 0.0000353)|   0, 2, 1;0,  0;0,  0> +
        (-0.0000317,-0.0000006)|   6, 2, 2;0,  0;0,  0> +
        ( 0.0000004,-0.0000291)|   6, 0, 1;0,  0;0,  0> +
        (-0.0000000, 0.0000288)|   1, 3, 3;0,  0;0,  0> +
        ( 0.0000009, 0.0000160)|   4, 0, 3;0,  0;0,  0> +
        (-0.0000146,-0.0000006)|   5, 1, 0;1,  0;0,  0> +
        ( 0.0000146, 0.0000006)|   5, 1, 0;0,  0;1,  0> +
        (-0.0000142, 0.0000013)|   4, 1, 0;0,  0;0,  0> +
        ( 0.0000120,-0.0000009)|   4, 1, 2;0,  0;0,  0> +
        ( 0.0000017, 0.0000105)|   4, 0, 1;0,  0;0,  0> +
        ( 0.0000000, 0.0000088)|   0, 3, 3;0,  0;0,  0> +
        ( 0.0000007, 0.0000077)|   4, 1, 1;0,  0;0,  0> +
        ( 0.0000008, 0.0000073)|   4, 2, 1;0,  0;0,  0> +
        ( 0.0000069,-0.0000006)|   4, 3, 0;0,  0;0,  0> +
        (-0.0000045, 0.0000001)|   3, 1, 0;0,  0;0,  0> +
        (-0.0000031,-0.0000005)|  12, 0, 0;0,  0;0,  0> +
        (-0.0000020, 0.0000025)|   1, 1, 1;0,  0;0,  0> +
        ( 0.0000002,-0.0000030)|   4, 1, 3;0,  0;0,  0> +
        (-0.0000030,-0.0000003)|   6, 1, 0;0,  0;0,  0> +
        (-0.0000000,-0.0000019)|   1, 0, 1;0,  0;0,  0> +
        (-0.0000018, 0.0000000)|   9, 0, 0;1,  0;0,  0> +
        ( 0.0000018,-0.0000000)|   9, 0, 0;0,  0;1,  0> +
        (-0.0000016, 0.0000003)|   8, 1, 0;0,  0;0,  0> +
        (-0.0000015, 0.0000000)|   7, 0, 2;0,  0;0,  0> +
        (-0.0000015,-0.0000000)|   7, 2, 0;0,  0;0,  0> +
        (-0.0000012,-0.0000003)|   7, 0, 1;0,  0;0,  0> +
        ( 0.0000000, 0.0000010)|   2, 0, 1;0,  0;0,  0> +
        ( 0.0000010, 0.0000000)|   0, 1, 0;0,  0;0,  0> +
         ...
 |22> = (-0.9634334,-0.0073588)|   5, 1, 0;0,  0;0,  0> +
        (-0.0078130,-0.2663181)|   5, 0, 1;0,  0;0,  0> +
        (-0.0241614,-0.0000495)|   9, 0, 0;0,  0;0,  0> +
        (-0.0001903, 0.0081250)|   3, 1, 1;0,  0;0,  0> +
        ( 0.0003072, 0.0050412)|   2, 1, 1;0,  0;0,  0> +
        (-0.0042325, 0.0000315)|   5, 0, 2;0,  0;0,  0> +
        (-0.0033489, 0.0000907)|   3, 3, 2;0,  0;0,  0> +
        ( 0.0031287, 0.0000903)|   2, 3, 0;0,  0;0,  0> +
        ( 0.0000936,-0.0029456)|   3, 2, 3;0,  0;0,  0> +
        (-0.0029397, 0.0000040)|   2, 1, 2;0,  0;0,  0> +
        ( 0.0000818,-0.0021471)|   2, 0, 3;0,  0;0,  0> +
        (-0.0019326,-0.0000678)|   5, 2, 0;0,  0;0,  0> +
        (-0.0003525,-0.0016710)|   1, 0, 3;0,  0;0,  0> +
        (-0.0003024, 0.0013220)|   1, 1, 3;0,  0;0,  0> +
        ( 0.0012847,-0.0003320)|   1, 3, 0;0,  0;0,  0> +
        (-0.0000137,-0.0012562)|   2, 3, 1;0,  0;0,  0> +
        (-0.0007222,-0.0004847)|   0, 3, 0;0,  0;0,  0> +
        ( 0.0000014, 0.0008377)|   4, 2, 3;0,  0;0,  0> +
        ( 0.0008346,-0.0000162)|   1, 1, 2;0,  0;0,  0> +
        ( 0.0008064,-0.0000008)|   4, 3, 2;0,  0;0,  0> +
        (-0.0000309, 0.0007946)|   1, 3, 1;0,  0;0,  0> +
        ( 0.0000005, 0.0007702)|   3, 3, 3;0,  0;0,  0> +
        ( 0.0006919,-0.0000004)|   3, 2, 2;0,  0;0,  0> +
        ( 0.0000196,-0.0006841)|   2, 2, 1;0,  0;0,  0> +
        (-0.0000019, 0.0006049)|   6, 3, 3;0,  0;0,  0> +
        ( 0.0000288, 0.0005963)|   2, 2, 3;0,  0;0,  0> +
        (-0.0000329, 0.0005449)|   5, 3, 3;0,  0;0,  0> +
        ( 0.0000159, 0.0005454)|   3, 0, 3;0,  0;0,  0> +
        (-0.0004720,-0.0000031)|   8, 0, 0;0,  0;0,  0> +
        ( 0.0004400, 0.0001589)|   0, 1, 2;0,  0;0,  0> +
        (-0.0000030, 0.0004629)|   3, 1, 3;0,  0;0,  0> +
        (-0.0004441, 0.0000298)|   2, 3, 2;0,  0;0,  0> +
        (-0.0003332, 0.0002495)|   0, 0, 3;0,  0;0,  0> +
        (-0.0001032, 0.0003785)|   0, 2, 1;0,  0;0,  0> +
        ( 0.0000066, 0.0002761)|   2, 1, 3;0,  0;0,  0> +
        ( 0.0002261, 0.0000030)|   1, 3, 2;0,  0;0,  0> +
        ( 0.0002139, 0.0000006)|   4, 2, 2;0,  0;0,  0> +
        (-0.0002130, 0.0000003)|   7, 0, 0;0,  0;0,  0> +
        ( 0.0001859, 0.0000144)|   3, 1, 2;0,  0;0,  0> +
        ( 0.0000145,-0.0001277)|   1, 2, 1;0,  0;0,  0> +
        ( 0.0001279, 0.0000095)|   5, 2, 2;0,  0;0,  0> +
        (-0.0000000, 0.0001189)|   2, 3, 3;0,  0;0,  0> +
        ( 0.0000007, 0.0001027)|   3, 3, 1;0,  0;0,  0> +
        ( 0.0000138, 0.0000980)|   3, 2, 1;0,  0;0,  0> +
        (-0.0000860,-0.0000146)|   6, 0, 2;0,  0;0,  0> +
        (-0.0000724, 0.0000177)|   6, 2, 0;0,  0;0,  0> +
        ( 0.0000000, 0.0000683)|   0, 3, 3;0,  0;0,  0> +
        ( 0.0000531, 0.0000004)|   5, 1, 0;1,  0;0,  0> +
        (-0.0000531,-0.0000004)|   5, 1, 0;0,  0;1,  0> +
        (-0.0000000, 0.0000473)|   1, 3, 3;0,  0;0,  0> +
        ( 0.0000268,-0.0000354)|   3, 3, 0;0,  0;0,  0> +
        ( 0.0000035, 0.0000352)|   1, 2, 3;0,  0;0,  0> +
        (-0.0000343, 0.0000016)|   4, 2, 0;0,  0;0,  0> +
        (-0.0000014, 0.0000338)|   0, 2, 3;0,  0;0,  0> +
        ( 0.0000322,-0.0000007)|   4, 0, 2;0,  0;0,  0> +
        ( 0.0000001, 0.0000315)|   4, 3, 3;0,  0;0,  0> +
        ( 0.0000022, 0.0000308)|   6, 0, 1;0,  0;0,  0> +
        ( 0.0000238, 0.0000004)|   6, 2, 2;0,  0;0,  0> +
        (-0.0000226,-0.0000014)|   0, 3, 2;0,  0;0,  0> +
        ( 0.0000020, 0.0000222)|   4, 0, 1;0,  0;0,  0> +
        ( 0.0000194, 0.0000080)|   6, 1, 0;0,  0;0,  0> +
        (-0.0000004,-0.0000147)|   5, 0, 1;0,  0;1,  0> +
        ( 0.0000004, 0.0000147)|   5, 0, 1;1,  0;0,  0> +
        (-0.0000137, 0.0000019)|   4, 1, 0;0,  0;0,  0> +
        ( 0.0000003,-0.0000138)|   0, 3, 1;0,  0;0,  0> +
        (-0.0000006,-0.0000087)|   4, 0, 3;0,  0;0,  0> +
        (-0.0000063, 0.0000007)|   4, 1, 2;0,  0;0,  0> +
        (-0.0000004,-0.0000051)|   4, 1, 1;0,  0;0,  0> +
        ( 0.0000005, 0.0000034)|   9, 0, 1;0,  0;0,  0> +
        (-0.0000006,-0.0000022)|   4, 2, 1;0,  0;0,  0> +
        (-0.0000002, 0.0000022)|   4, 1, 3;0,  0;0,  0> +
        ( 0.0000000,-0.0000018)|   0, 1, 3;0,  0;0,  0> +
        ( 0.0000011, 0.0000012)|   1, 1, 1;0,  0;0,  0> +
        (-0.0000000,-0.0000014)|   3, 0, 1;0,  0;0,  0> +
        (-0.0000013,-0.0000000)|   9, 0, 0;0,  0;1,  0> +
        (-0.0000013, 0.0000001)|  14, 0, 0;0,  0;0,  0> +
        ( 0.0000013, 0.0000000)|   9, 0, 0;1,  0;0,  0> +
        (-0.0000012,-0.0000000)|   1, 1, 0;0,  0;0,  0> +
        ( 0.0000011, 0.0000002)|  12, 0, 0;0,  0;0,  0> +
        ( 0.0000010,-0.0000000)|   3, 1, 0;0,  0;0,  0> +
        ( 0.0000002, 0.0000010)|   8, 0, 1;0,  0;0,  0> +
         ...
 |23> = (-0.9242519, 0.3796692)|  11, 0, 0;0,  0;0,  0> +
        (-0.0252276, 0.0193108)|   7, 1, 0;0,  0;0,  0> +
        ( 0.0203808,-0.0119336)|   7, 0, 1;0,  0;0,  0> +
        (-0.0030551,-0.0025583)|   6, 0, 2;0,  0;0,  0> +
        (-0.0017382, 0.0028479)|   6, 2, 0;0,  0;0,  0> +
        (-0.0016733,-0.0008479)|   4, 3, 1;0,  0;0,  0> +
        (-0.0000047,-0.0011908)|   3, 1, 3;0,  0;0,  0> +
        (-0.0011485,-0.0000073)|   8, 2, 2;0,  0;0,  0> +
        ( 0.0011221,-0.0000027)|   5, 2, 2;0,  0;0,  0> +
        ( 0.0001534, 0.0010032)|   8, 0, 1;0,  0;0,  0> +
        ( 0.0007166, 0.0006598)|   5, 1, 3;0,  0;0,  0> +
        ( 0.0000184, 0.0008843)|   3, 0, 3;0,  0;0,  0> +
        ( 0.0000979, 0.0008341)|   5, 3, 1;0,  0;0,  0> +
        ( 0.0007358,-0.0003803)|   7, 3, 2;0,  0;0,  0> +
        ( 0.0008094, 0.0000130)|   4, 3, 0;0,  0;0,  0> +
        (-0.0000979,-0.0008001)|   5, 0, 3;0,  0;0,  0> +
        ( 0.0003343, 0.0006969)|   7, 2, 3;0,  0;0,  0> +
        ( 0.0000334,-0.0007359)|   3, 2, 1;0,  0;0,  0> +
        ( 0.0000314, 0.0006323)|   5, 1, 1;0,  0;0,  0> +
        (-0.0005926, 0.0000243)|   5, 3, 0;0,  0;0,  0> +
        ( 0.0000008, 0.0005614)|   4, 3, 3;0,  0;0,  0> +
        (-0.0005313, 0.0000025)|   6, 2, 2;0,  0;0,  0> +
        (-0.0000061,-0.0005116)|   4, 2, 1;0,  0;0,  0> +
        (-0.0000793,-0.0005032)|   8, 2, 3;0,  0;0,  0> +
        (-0.0005053,-0.0000022)|   7, 2, 0;0,  0;0,  0> +
        ( 0.0000055,-0.0004701)|   2, 3, 1;0,  0;0,  0> +
        (-0.0004555, 0.0000266)|   3, 3, 0;0,  0;0,  0> +
        ( 0.0004052,-0.0001996)|   3, 3, 2;0,  0;0,  0> +
        ( 0.0004490, 0.0000028)|   6, 3, 2;0,  0;0,  0> +
        ( 0.0000052, 0.0004201)|   2, 2, 3;0,  0;0,  0> +
        ( 0.0001586, 0.0003852)|   6, 1, 1;0,  0;0,  0> +
        (-0.0004023, 0.0000785)|   8, 3, 2;0,  0;0,  0> +
        (-0.0000564, 0.0004033)|   7, 3, 3;0,  0;0,  0> +
        ( 0.0000316,-0.0003920)|   9, 3, 3;0,  0;0,  0> +
        (-0.0000003,-0.0003838)|   3, 3, 3;0,  0;0,  0> +
        (-0.0002015,-0.0003244)|   3, 2, 3;0,  0;0,  0> +
        ( 0.0000312, 0.0003682)|   4, 0, 3;0,  0;0,  0> +
        (-0.0002700, 0.0002487)|   4, 1, 3;0,  0;0,  0> +
        (-0.0003455, 0.0000004)|   7, 2, 2;0,  0;0,  0> +
        ( 0.0003443, 0.0000232)|   4, 1, 2;0,  0;0,  0> +
        (-0.0003449,-0.0000031)|   7, 0, 2;0,  0;0,  0> +
        (-0.0002965,-0.0000006)|   4, 3, 2;0,  0;0,  0> +
        ( 0.0000031, 0.0002655)|   6, 2, 3;0,  0;0,  0> +
        (-0.0002405,-0.0000466)|   8, 1, 0;0,  0;0,  0> +
        ( 0.0000101,-0.0002390)|   5, 3, 3;0,  0;0,  0> +
        ( 0.0002323, 0.0000044)|   5, 3, 2;0,  0;0,  0> +
        ( 0.0002261, 0.0000051)|   2, 3, 2;0,  0;0,  0> +
        (-0.0000000, 0.0002193)|   0, 3, 3;0,  0;0,  0> +
        (-0.0002012, 0.0000042)|   5, 1, 2;0,  0;0,  0> +
        (-0.0000000, 0.0001931)|   2, 3, 3;0,  0;0,  0> +
        (-0.0000209,-0.0001814)|   5, 2, 1;0,  0;0,  0> +
        (-0.0000029, 0.0001687)|   5, 2, 3;0,  0;0,  0> +
        (-0.0000011,-0.0001567)|   7, 1, 1;0,  0;0,  0> +
        (-0.0000125,-0.0001519)|   4, 1, 1;0,  0;0,  0> +
        (-0.0000007, 0.0001511)|   4, 2, 3;0,  0;0,  0> +
        ( 0.0000253,-0.0001469)|  11, 3, 3;0,  0;0,  0> +
        (-0.0000007,-0.0001371)|  12, 3, 3;0,  0;0,  0> +
        (-0.0000007, 0.0001299)|   2, 1, 3;0,  0;0,  0> +
        (-0.0001095,-0.0000061)|   2, 1, 2;0,  0;0,  0> +
        (-0.0000000, 0.0000999)|   6, 3, 3;0,  0;0,  0> +
        (-0.0000084, 0.0000976)|   2, 0, 3;0,  0;0,  0> +
        ( 0.0000897, 0.0000027)|   8, 2, 0;0,  0;0,  0> +
        ( 0.0000784,-0.0000031)|   8, 0, 2;0,  0;0,  0> +
        (-0.0000713, 0.0000097)|   9, 1, 0;0,  0;0,  0> +
        (-0.0000168,-0.0000640)|   8, 1, 1;0,  0;0,  0> +
        ( 0.0000005,-0.0000605)|  10, 3, 3;0,  0;0,  0> +
        ( 0.0000509,-0.0000209)|  11, 0, 0;1,  0;0,  0> +
        (-0.0000509, 0.0000209)|  11, 0, 0;0,  0;1,  0> +
        (-0.0000057,-0.0000530)|   3, 3, 1;0,  0;0,  0> +
        ( 0.0000021,-0.0000509)|   8, 3, 3;0,  0;0,  0> +
        ( 0.0000011,-0.0000472)|   1, 2, 3;0,  0;0,  0> +
        (-0.0000443,-0.0000042)|   2, 3, 0;0,  0;0,  0> +
        (-0.0000060,-0.0000403)|   9, 0, 1;0,  0;0,  0> +
        ( 0.0000000, 0.0000394)|   1, 3, 3;0,  0;0,  0> +
        (-0.0000336,-0.0000052)|  12, 0, 0;0,  0;0,  0> +
        (-0.0000270, 0.0000199)|   3, 1, 2;0,  0;0,  0> +
        ( 0.0000296,-0.0000000)|   4, 2, 2;0,  0;0,  0> +
        ( 0.0000228, 0.0000164)|   6, 1, 0;0,  0;0,  0> +
        ( 0.0000010, 0.0000183)|   2, 2, 1;0,  0;0,  0> +
        ( 0.0000156, 0.0000011)|   1, 3, 2;0,  0;0,  0> +
        ( 0.0000073,-0.0000125)|   6, 0, 1;0,  0;0,  0> +
        (-0.0000125, 0.0000007)|  10, 0, 0;0,  0;0,  0> +
        (-0.0000119, 0.0000001)|   9, 2, 0;0,  0;0,  0> +
        (-0.0000115, 0.0000001)|   9, 0, 2;0,  0;0,  0> +
        ( 0.0000087,-0.0000005)|  10, 1, 0;0,  0;0,  0> +
        (-0.0000001,-0.0000041)|   6, 1, 3;0,  0;0,  0> +
        (-0.0000037, 0.0000000)|   9, 2, 2;0,  0;0,  0> +
        ( 0.0000027,-0.0000001)|   5, 0, 2;0,  0;0,  0> +
        ( 0.0000023,-0.0000001)|   4, 1, 0;0,  0;0,  0> +
        (-0.0000003,-0.0000022)|   1, 2, 1;0,  0;0,  0> +
        ( 0.0000017,-0.0000012)|   1, 3, 0;0,  0;0,  0> +
        (-0.0000018, 0.0000006)|  10, 0, 1;0,  0;0,  0> +
        ( 0.0000000,-0.0000018)|   1, 3, 1;0,  0;0,  0> +
        (-0.0000014, 0.0000011)|   7, 1, 0;0,  0;1,  0> +
        ( 0.0000002, 0.0000017)|   6, 2, 1;0,  0;0,  0> +
        ( 0.0000014,-0.0000011)|   7, 1, 0;1,  0;0,  0> +
        (-0.0000000, 0.0000015)|  10, 2, 3;0,  0;0,  0> +
        (-0.0000011,-0.0000008)|   0, 3, 0;0,  0;0,  0> +
        (-0.0000000, 0.0000013)|   1, 0, 1;0,  0;0,  0> +
        (-0.0000011, 0.0000007)|   7, 0, 1;1,  0;0,  0> +
        ( 0.0000011,-0.0000007)|   7, 0, 1;0,  0;1,  0> +
        (-0.0000006, 0.0000011)|   6, 1, 2;0,  0;0,  0> +
        (-0.0000001, 0.0000012)|   1, 1, 2;0,  0;0,  0> +
        ( 0.0000011, 0.0000000)|   0, 3, 2;0,  0;0,  0> +
        ( 0.0000000, 0.0000010)|   2, 0, 1;0,  0;0,  0> +
         ...
 |24> = (-0.7072839, 0.0000000)|   0, 2, 0;0,  0;0,  0> +
        ( 0.7069325,-0.0000000)|   0, 0, 2;0,  0;0,  0> +
        (-0.0002725,-0.0000000)|   1, 2, 0;0,  0;0,  0> +
        (-0.0002612,-0.0000000)|   3, 0, 0;0,  0;0,  0> +
        (-0.0002404, 0.0000000)|   1, 0, 2;0,  0;0,  0> +
        (-0.0001866,-0.0000000)|   0, 1, 0;0,  0;0,  0> +
        ( 0.0000000, 0.0001140)|   0, 0, 1;0,  0;0,  0> +
        (-0.0000390, 0.0000000)|   0, 2, 0;0,  0;1,  0> +
        (-0.0000390,-0.0000000)|   0, 0, 2;1,  0;0,  0> +
        ( 0.0000389, 0.0000000)|   0, 2, 0;1,  0;0,  0> +
        ( 0.0000389, 0.0000000)|   0, 0, 2;0,  0;1,  0> +
        (-0.0000001,-0.0000016)|   4, 1, 1;0,  0;0,  0> +
         ...
