# Parameters of the model
#  mass:		    261.00 u
#  charge:	      1.00 e
#  dipole:	      4.74 D
#  B:		    503.65 MHz
#  omega_rho:	      1.40 MHz
#  omega_z:	      0.15 MHz

# Basis truncation:	|34,4,4;2,2>
# omega_1:	      0.26 MHz
# omega_3/5:	      1.39 MHz
# Basis size:		44064

# Active terms of the Hamiltionian:
# 	Nomal modes:	1
# 	T_rot:      	1
# 	V_qd^{(0)}: 	1
# 	V_qd^{(1)}: 	1
# 	V_dd^{(0)}: 	1

# Results of the diagonalisation

# 100 smallest eigenvalues
 5.786083221 6.786376953 7.766888142 8.760667801 9.739030838 10.776538849 11.057242393 11.096304893 11.752049446 12.023126602 12.184339523 12.797269821 13.135482788 13.144056320 13.811454773 13.981342316 14.068383217 14.725744247 15.029222488 15.077164650 15.582531929 16.066797256 16.181341171 16.321781158 16.360000610 16.459920883 16.914548874 17.016580582 17.155435562 17.340246201 17.372140884 17.461309433 17.687822342 17.996009827 18.201059341 18.211933136 18.426593781 18.437082291 18.477266312 19.207599640 19.267913818 19.348079681 19.411878586 19.435146332 19.924451828 20.088756561 20.158800125 20.314323425 20.426343918 20.465106964 20.753444672 21.133861542 21.240566254 21.272808075 21.328725815 21.477527618 21.643817902 21.659626007 21.660652161 21.710689545 21.712480545 21.885742188 22.248254776 22.370328903 22.451620102 22.579311371 22.631868362 22.637744904 22.663949966 22.865932465 22.953212738 23.009441376 23.174051285 23.198194504 23.269702911 23.286708832 23.604145050 23.655302048 23.783451080 23.921667099 24.143037796 24.266008377 24.275503159 24.381441116 24.390695572 24.478961945 24.502159119 24.583587646 24.728342056 24.845809937 24.870719910 25.214797974 25.268930435 25.315540314 25.351932526 25.436241150 25.560693741 25.579679489 25.678825378 25.846586227

# Ground state and the lowest excitations:
 | 0> = ( 1.0000000, 0.0000000)|   0, 0, 0;0,  0;0,  0> +
        ( 0.0000614, 0.0000000)|   0, 0, 0;0,  0;1,  0> +
        (-0.0000614, 0.0000000)|   0, 0, 0;1,  0;0,  0> +
         ...
 | 1> = ( 0.9999987, 0.0000000)|   1, 0, 0;0,  0;0,  0> +
        ( 0.0000614,-0.0000000)|   1, 0, 0;0,  0;1,  0> +
        (-0.0000614,-0.0000000)|   1, 0, 0;1,  0;0,  0> +
        ( 0.0000077,-0.0000000)|   2, 0, 0;0,  0;0,  0> +
        (-0.0000028,-0.0000000)|   4, 0, 0;0,  0;0,  0> +
        ( 0.0000016,-0.0000000)|   3, 0, 0;0,  0;0,  0> +
         ...
 | 2> = ( 0.9999987,-0.0000000)|   2, 0, 0;0,  0;0,  0> +
        ( 0.0005610, 0.0000000)|   0, 0, 2;0,  0;0,  0> +
        ( 0.0005603, 0.0000000)|   0, 2, 0;0,  0;0,  0> +
        ( 0.0000614, 0.0000000)|   2, 0, 0;0,  0;1,  0> +
        (-0.0000614, 0.0000000)|   2, 0, 0;1,  0;0,  0> +
        (-0.0000071, 0.0000000)|   1, 0, 0;0,  0;0,  0> +
        (-0.0000041, 0.0000000)|   3, 0, 0;0,  0;0,  0> +
         ...
 | 3> = ( 0.9999956, 0.0000000)|   3, 0, 0;0,  0;0,  0> +
        (-0.0000000, 0.0023017)|   0, 0, 1;0,  0;0,  0> +
        ( 0.0014791,-0.0000000)|   0, 1, 0;0,  0;0,  0> +
        ( 0.0004103, 0.0000000)|   0, 2, 0;0,  0;0,  0> +
        (-0.0004102, 0.0000000)|   0, 0, 2;0,  0;0,  0> +
        ( 0.0001162,-0.0000000)|   1, 0, 2;0,  0;0,  0> +
        ( 0.0001135, 0.0000000)|   1, 2, 0;0,  0;0,  0> +
        ( 0.0000614,-0.0000000)|   3, 0, 0;0,  0;1,  0> +
        (-0.0000614,-0.0000000)|   3, 0, 0;1,  0;0,  0> +
        ( 0.0000101, 0.0000000)|   4, 0, 0;0,  0;0,  0> +
        ( 0.0000044,-0.0000000)|   2, 0, 0;0,  0;0,  0> +
        (-0.0000016, 0.0000000)|   1, 0, 0;0,  0;0,  0> +
        (-0.0000015, 0.0000000)|   5, 0, 0;0,  0;0,  0> +
        ( 0.0000011,-0.0000000)|   0, 2, 2;0,  0;0,  0> +
         ...
 | 4> = (-0.9999971, 0.0000000)|   4, 0, 0;0,  0;0,  0> +
        (-0.0018262,-0.0000000)|   2, 2, 0;0,  0;0,  0> +
        (-0.0012691, 0.0000000)|   2, 0, 2;0,  0;0,  0> +
        (-0.0002489, 0.0000000)|   0, 2, 2;0,  0;0,  0> +
        ( 0.0002367,-0.0000000)|   1, 2, 0;0,  0;0,  0> +
        (-0.0000001, 0.0001375)|   1, 0, 1;0,  0;0,  0> +
        ( 0.0001264,-0.0000001)|   1, 1, 0;0,  0;0,  0> +
        (-0.0000614,-0.0000000)|   4, 0, 0;0,  0;1,  0> +
        ( 0.0000614,-0.0000000)|   4, 0, 0;1,  0;0,  0> +
        ( 0.0000573, 0.0000000)|   1, 0, 2;0,  0;0,  0> +
        ( 0.0000086,-0.0000000)|   3, 0, 0;0,  0;0,  0> +
        ( 0.0000000,-0.0000081)|   0, 0, 1;0,  0;0,  0> +
        ( 0.0000076, 0.0000000)|   0, 1, 0;0,  0;0,  0> +
        (-0.0000023,-0.0000000)|   1, 0, 0;0,  0;0,  0> +
        ( 0.0000014,-0.0000000)|   6, 0, 0;0,  0;0,  0> +
        ( 0.0000011, 0.0000000)|   9, 0, 0;0,  0;0,  0> +
         ...
 | 5> = (-0.9997410, 0.0010568)|   5, 0, 0;0,  0;0,  0> +
        (-0.0152994,-0.0000785)|   2, 1, 0;0,  0;0,  0> +
        (-0.0000864,-0.0126476)|   2, 0, 1;0,  0;0,  0> +
        ( 0.0007187, 0.0066864)|   1, 0, 1;0,  0;0,  0> +
        (-0.0066642, 0.0007163)|   1, 1, 0;0,  0;0,  0> +
        (-0.0000031,-0.0031913)|   0, 1, 1;0,  0;0,  0> +
        ( 0.0025679,-0.0000001)|   2, 0, 2;0,  0;0,  0> +
        ( 0.0016725,-0.0000055)|   3, 0, 2;0,  0;0,  0> +
        ( 0.0016522, 0.0000464)|   0, 3, 0;0,  0;0,  0> +
        ( 0.0013128, 0.0000127)|   3, 2, 0;0,  0;0,  0> +
        (-0.0011892, 0.0000001)|   1, 0, 2;0,  0;0,  0> +
        ( 0.0011886,-0.0000001)|   1, 2, 0;0,  0;0,  0> +
        (-0.0009332,-0.0000609)|   0, 1, 2;0,  0;0,  0> +
        (-0.0008369, 0.0000001)|   2, 2, 0;0,  0;0,  0> +
        (-0.0000212,-0.0008303)|   0, 0, 3;0,  0;0,  0> +
        ( 0.0007356, 0.0000000)|   0, 2, 2;0,  0;0,  0> +
        ( 0.0000008, 0.0004682)|   0, 3, 1;0,  0;0,  0> +
        ( 0.0000528,-0.0002646)|   0, 2, 1;0,  0;0,  0> +
        (-0.0000893, 0.0000002)|   2, 2, 2;0,  0;0,  0> +
        (-0.0000614, 0.0000001)|   5, 0, 0;0,  0;1,  0> +
        ( 0.0000614,-0.0000001)|   5, 0, 0;1,  0;0,  0> +
        ( 0.0000001, 0.0000219)|   0, 2, 3;0,  0;0,  0> +
        ( 0.0000139,-0.0000002)|   0, 3, 2;0,  0;0,  0> +
        ( 0.0000039,-0.0000000)|   1, 2, 2;0,  0;0,  0> +
        ( 0.0000000, 0.0000036)|   0, 1, 3;0,  0;0,  0> +
        ( 0.0000029, 0.0000000)|   7, 0, 0;0,  0;0,  0> +
        (-0.0000028, 0.0000000)|   6, 0, 0;0,  0;0,  0> +
        (-0.0000026,-0.0000000)|   4, 0, 0;0,  0;0,  0> +
        ( 0.0000020, 0.0000000)|   1, 3, 0;0,  0;0,  0> +
        ( 0.0000018,-0.0000001)|   8, 0, 0;0,  0;0,  0> +
        (-0.0000016, 0.0000000)|   3, 0, 0;0,  0;0,  0> +
        (-0.0000016, 0.0000000)|   4, 0, 2;0,  0;0,  0> +
        (-0.0000000, 0.0000011)|   1, 0, 3;0,  0;0,  0> +
         ...
 | 6> = ( 0.0000000,-0.7781308)|   0, 0, 1;0,  0;0,  0> +
        ( 0.6281010, 0.0000000)|   0, 1, 0;0,  0;0,  0> +
        ( 0.0008613,-0.0000000)|   3, 0, 0;0,  0;0,  0> +
        (-0.0008423, 0.0000000)|   0, 0, 2;0,  0;0,  0> +
        ( 0.0008418,-0.0000000)|   0, 2, 0;0,  0;0,  0> +
        (-0.0005767,-0.0000000)|   1, 0, 2;0,  0;0,  0> +
        (-0.0004530, 0.0000000)|   1, 2, 0;0,  0;0,  0> +
        ( 0.0000000, 0.0000478)|   0, 0, 1;1,  0;0,  0> +
        ( 0.0000000,-0.0000478)|   0, 0, 1;0,  0;1,  0> +
        ( 0.0000386,-0.0000000)|   0, 1, 0;0,  0;1,  0> +
        (-0.0000386, 0.0000000)|   0, 1, 0;1,  0;0,  0> +
        (-0.0000183,-0.0000000)|   0, 2, 2;0,  0;0,  0> +
        ( 0.0000109, 0.0000000)|   4, 0, 0;0,  0;0,  0> +
        ( 0.0000040,-0.0000001)|   1, 1, 0;0,  0;0,  0> +
        (-0.0000030,-0.0000003)|   2, 1, 0;0,  0;0,  0> +
        ( 0.0000030,-0.0000000)|   2, 2, 0;0,  0;0,  0> +
        (-0.0000003, 0.0000027)|   2, 0, 1;0,  0;0,  0> +
        (-0.0000001, 0.0000024)|   1, 0, 1;0,  0;0,  0> +
        ( 0.0000024, 0.0000000)|   2, 0, 2;0,  0;0,  0> +
        ( 0.0000000,-0.0000021)|   3, 0, 1;0,  0;0,  0> +
        (-0.0000013,-0.0000000)|   7, 0, 0;0,  0;0,  0> +
         ...
 | 7> = (-0.7781287,-0.0000000)|   0, 1, 0;0,  0;0,  0> +
        (-0.0000000,-0.6280960)|   0, 0, 1;0,  0;0,  0> +
        ( 0.0025974,-0.0000000)|   3, 0, 0;0,  0;0,  0> +
        (-0.0010608,-0.0000000)|   0, 2, 0;0,  0;0,  0> +
        ( 0.0010593, 0.0000000)|   0, 0, 2;0,  0;0,  0> +
        ( 0.0000812,-0.0000000)|   1, 0, 2;0,  0;0,  0> +
        ( 0.0000675, 0.0000000)|   1, 2, 0;0,  0;0,  0> +
        (-0.0000478,-0.0000000)|   0, 1, 0;0,  0;1,  0> +
        ( 0.0000478, 0.0000000)|   0, 1, 0;1,  0;0,  0> +
        ( 0.0000000, 0.0000386)|   0, 0, 1;1,  0;0,  0> +
        ( 0.0000000,-0.0000386)|   0, 0, 1;0,  0;1,  0> +
        (-0.0000001,-0.0000047)|   1, 0, 1;0,  0;0,  0> +
        (-0.0000026,-0.0000001)|   1, 1, 0;0,  0;0,  0> +
        ( 0.0000020, 0.0000001)|   2, 1, 0;0,  0;0,  0> +
        ( 0.0000019,-0.0000000)|   0, 2, 2;0,  0;0,  0> +
        ( 0.0000012, 0.0000000)|   3, 1, 0;0,  0;0,  0> +
         ...
 | 8> = (-0.9999328, 0.0030829)|   6, 0, 0;0,  0;0,  0> +
        ( 0.0071820,-0.0000254)|   3, 1, 0;0,  0;0,  0> +
        ( 0.0000065, 0.0071343)|   3, 0, 1;0,  0;0,  0> +
        ( 0.0022011,-0.0000176)|   4, 0, 2;0,  0;0,  0> +
        ( 0.0020106,-0.0000250)|   3, 0, 2;0,  0;0,  0> +
        ( 0.0015525,-0.0000072)|   4, 2, 0;0,  0;0,  0> +
        (-0.0000129, 0.0013797)|   1, 0, 3;0,  0;0,  0> +
        ( 0.0012997, 0.0000684)|   0, 3, 0;0,  0;0,  0> +
        (-0.0001626, 0.0012200)|   0, 2, 1;0,  0;0,  0> +
        ( 0.0011157, 0.0000004)|   1, 3, 0;0,  0;0,  0> +
        (-0.0010411, 0.0002803)|   0, 1, 2;0,  0;0,  0> +
        (-0.0000012, 0.0006637)|   1, 2, 1;0,  0;0,  0> +
        ( 0.0006363,-0.0000052)|   1, 1, 2;0,  0;0,  0> +
        ( 0.0004754, 0.0000218)|   3, 2, 0;0,  0;0,  0> +
        ( 0.0003241, 0.0002972)|   0, 0, 3;0,  0;0,  0> +
        ( 0.0000002,-0.0003805)|   0, 3, 1;0,  0;0,  0> +
        (-0.0003345,-0.0000009)|   0, 3, 2;0,  0;0,  0> +
        (-0.0000221, 0.0002575)|   2, 0, 1;0,  0;0,  0> +
        (-0.0002512,-0.0000218)|   2, 1, 0;0,  0;0,  0> +
        ( 0.0001922, 0.0000026)|   3, 2, 2;0,  0;0,  0> +
        ( 0.0001683,-0.0000000)|   0, 2, 2;0,  0;0,  0> +
        (-0.0001581,-0.0000000)|   1, 2, 2;0,  0;0,  0> +
        ( 0.0000010, 0.0001000)|   0, 1, 3;0,  0;0,  0> +
        ( 0.0000001,-0.0000874)|   0, 3, 3;0,  0;0,  0> +
        ( 0.0000614,-0.0000002)|   6, 0, 0;1,  0;0,  0> +
        (-0.0000614, 0.0000002)|   6, 0, 0;0,  0;1,  0> +
        ( 0.0000551, 0.0000000)|   2, 2, 2;0,  0;0,  0> +
        (-0.0000519, 0.0000001)|   2, 0, 2;0,  0;0,  0> +
        ( 0.0000495,-0.0000001)|   2, 2, 0;0,  0;0,  0> +
        (-0.0000009, 0.0000404)|   0, 2, 3;0,  0;0,  0> +
        ( 0.0000003,-0.0000173)|   1, 1, 1;0,  0;0,  0> +
        ( 0.0000000,-0.0000125)|   2, 0, 3;0,  0;0,  0> +
        (-0.0000119, 0.0000001)|   2, 3, 0;0,  0;0,  0> +
        ( 0.0000104, 0.0000000)|   5, 0, 0;0,  0;0,  0> +
        (-0.0000000,-0.0000093)|   1, 3, 3;0,  0;0,  0> +
        ( 0.0000001,-0.0000077)|   2, 2, 1;0,  0;0,  0> +
        ( 0.0000074, 0.0000000)|   7, 0, 0;0,  0;0,  0> +
        (-0.0000072, 0.0000000)|   2, 1, 2;0,  0;0,  0> +
        (-0.0000008,-0.0000057)|   1, 0, 1;0,  0;0,  0> +
        ( 0.0000056,-0.0000008)|   1, 1, 0;0,  0;0,  0> +
        (-0.0000003, 0.0000032)|   0, 1, 1;0,  0;0,  0> +
        ( 0.0000004, 0.0000032)|   1, 3, 1;0,  0;0,  0> +
        ( 0.0000022, 0.0000000)|   1, 0, 2;0,  0;0,  0> +
        (-0.0000021,-0.0000000)|   1, 2, 0;0,  0;0,  0> +
        (-0.0000015, 0.0000000)|   8, 0, 0;0,  0;0,  0> +
        (-0.0000011,-0.0000000)|   4, 0, 0;0,  0;0,  0> +
         ...
 | 9> = (-0.0787611,-0.7033971)|   1, 0, 1;0,  0;0,  0> +
        ( 0.7019696,-0.0784911)|   1, 1, 0;0,  0;0,  0> +
        (-0.0095556, 0.0000453)|   5, 0, 0;0,  0;0,  0> +
        ( 0.0024741, 0.0002789)|   2, 1, 0;0,  0;0,  0> +
        (-0.0001804, 0.0018979)|   2, 0, 1;0,  0;0,  0> +
        (-0.0011523,-0.0000598)|   2, 2, 0;0,  0;0,  0> +
        ( 0.0000162,-0.0009881)|   0, 0, 3;0,  0;0,  0> +
        ( 0.0000781, 0.0007606)|   0, 1, 1;0,  0;0,  0> +
        (-0.0007328,-0.0000508)|   0, 1, 2;0,  0;0,  0> +
        ( 0.0006930, 0.0000609)|   2, 0, 2;0,  0;0,  0> +
        ( 0.0004806,-0.0000113)|   3, 2, 0;0,  0;0,  0> +
        ( 0.0004806,-0.0000000)|   0, 2, 2;0,  0;0,  0> +
        ( 0.0004805,-0.0000107)|   3, 0, 2;0,  0;0,  0> +
        (-0.0004445,-0.0000652)|   0, 3, 0;0,  0;0,  0> +
        ( 0.0000677,-0.0003265)|   0, 2, 1;0,  0;0,  0> +
        ( 0.0001421,-0.0000017)|   1, 2, 2;0,  0;0,  0> +
        (-0.0001392, 0.0000108)|   1, 2, 0;0,  0;0,  0> +
        ( 0.0001391,-0.0000109)|   1, 0, 2;0,  0;0,  0> +
        (-0.0000826,-0.0000100)|   2, 2, 2;0,  0;0,  0> +
        (-0.0000048,-0.0000432)|   1, 0, 1;0,  0;1,  0> +
        ( 0.0000048, 0.0000432)|   1, 0, 1;1,  0;0,  0> +
        ( 0.0000431,-0.0000048)|   1, 1, 0;0,  0;1,  0> +
        (-0.0000431, 0.0000048)|   1, 1, 0;1,  0;0,  0> +
        ( 0.0000005, 0.0000294)|   0, 3, 1;0,  0;0,  0> +
        ( 0.0000083,-0.0000000)|   6, 0, 0;0,  0;0,  0> +
        (-0.0000072, 0.0000011)|   4, 0, 0;0,  0;0,  0> +
        ( 0.0000041, 0.0000000)|   7, 0, 0;0,  0;0,  0> +
        (-0.0000027,-0.0000000)|   3, 1, 0;0,  0;0,  0> +
        (-0.0000000, 0.0000017)|   0, 0, 1;0,  0;0,  0> +
        ( 0.0000000, 0.0000015)|   0, 2, 3;0,  0;0,  0> +
        (-0.0000011,-0.0000000)|   9, 0, 0;0,  0;0,  0> +
        ( 0.0000010,-0.0000000)|   0, 3, 2;0,  0;0,  0> +
         ...
 |10> = ( 0.7078146, 0.0000550)|   1, 1, 0;0,  0;0,  0> +
        ( 0.0000552, 0.7063689)|   1, 0, 1;0,  0;0,  0> +
        (-0.0042545,-0.0000006)|   2, 2, 0;0,  0;0,  0> +
        (-0.0040313, 0.0000006)|   2, 0, 2;0,  0;0,  0> +
        ( 0.0018481,-0.0000001)|   1, 2, 0;0,  0;0,  0> +
        (-0.0018422, 0.0000001)|   1, 0, 2;0,  0;0,  0> +
        ( 0.0006364, 0.0000000)|   0, 2, 2;0,  0;0,  0> +
        ( 0.0001993,-0.0000000)|   4, 0, 0;0,  0;0,  0> +
        ( 0.0000435, 0.0000000)|   1, 1, 0;0,  0;1,  0> +
        (-0.0000435,-0.0000000)|   1, 1, 0;1,  0;0,  0> +
        ( 0.0000000, 0.0000434)|   1, 0, 1;0,  0;1,  0> +
        (-0.0000000,-0.0000434)|   1, 0, 1;1,  0;0,  0> +
        (-0.0000002, 0.0000402)|   2, 0, 1;0,  0;0,  0> +
        (-0.0000003,-0.0000394)|   0, 0, 3;0,  0;0,  0> +
        (-0.0000384, 0.0000004)|   0, 3, 0;0,  0;0,  0> +
        ( 0.0000339,-0.0000005)|   2, 1, 0;0,  0;0,  0> +
        (-0.0000002,-0.0000219)|   0, 2, 1;0,  0;0,  0> +
        (-0.0000206, 0.0000002)|   0, 1, 2;0,  0;0,  0> +
        (-0.0000106, 0.0000001)|   1, 2, 2;0,  0;0,  0> +
        (-0.0000067, 0.0000000)|   0, 1, 0;0,  0;0,  0> +
        (-0.0000001,-0.0000065)|   0, 1, 1;0,  0;0,  0> +
        ( 0.0000031,-0.0000000)|   5, 0, 0;0,  0;0,  0> +
        (-0.0000015, 0.0000003)|  10, 0, 0;0,  0;0,  0> +
        (-0.0000003,-0.0000012)|   4, 0, 1;0,  0;0,  0> +
         ...
 |11> = ( 0.9999529, 0.0059634)|   7, 0, 0;0,  0;0,  0> +
        ( 0.0038081, 0.0000270)|   1, 1, 2;0,  0;0,  0> +
        (-0.0036305, 0.0000696)|   3, 2, 0;0,  0;0,  0> +
        (-0.0021959,-0.0000754)|   4, 0, 2;0,  0;0,  0> +
        ( 0.0021766, 0.0000735)|   4, 2, 0;0,  0;0,  0> +
        ( 0.0000672,-0.0021633)|   4, 0, 1;0,  0;0,  0> +
        (-0.0020064, 0.0000001)|   1, 2, 2;0,  0;0,  0> +
        (-0.0017639,-0.0001385)|   0, 3, 0;0,  0;0,  0> +
        (-0.0015897, 0.0000329)|   4, 1, 0;0,  0;0,  0> +
        ( 0.0007608, 0.0009230)|   1, 0, 3;0,  0;0,  0> +
        ( 0.0011299,-0.0001176)|   0, 1, 2;0,  0;0,  0> +
        (-0.0003189, 0.0007208)|   0, 2, 1;0,  0;0,  0> +
        (-0.0004148, 0.0006674)|   1, 3, 0;0,  0;0,  0> +
        ( 0.0001097, 0.0007363)|   1, 3, 1;0,  0;0,  0> +
        ( 0.0000099, 0.0007236)|   0, 1, 3;0,  0;0,  0> +
        (-0.0005997,-0.0003999)|   2, 3, 0;0,  0;0,  0> +
        ( 0.0000391,-0.0006905)|   1, 2, 3;0,  0;0,  0> +
        (-0.0005274, 0.0002438)|   2, 1, 2;0,  0;0,  0> +
        ( 0.0000429,-0.0005562)|   2, 2, 1;0,  0;0,  0> +
        ( 0.0004434, 0.0000000)|   3, 2, 2;0,  0;0,  0> +
        ( 0.0004030,-0.0000682)|   3, 0, 2;0,  0;0,  0> +
        (-0.0000001, 0.0003570)|   2, 3, 3;0,  0;0,  0> +
        (-0.0003346,-0.0000008)|   3, 1, 0;0,  0;0,  0> +
        (-0.0000009, 0.0002965)|   3, 0, 1;0,  0;0,  0> +
        (-0.0002801,-0.0000209)|   2, 0, 3;0,  0;0,  0> +
        (-0.0000038, 0.0002778)|   1, 1, 1;0,  0;0,  0> +
        (-0.0000013, 0.0002658)|   0, 2, 3;0,  0;0,  0> +
        (-0.0002543,-0.0000014)|   0, 3, 2;0,  0;0,  0> +
        (-0.0002523, 0.0000005)|   4, 2, 2;0,  0;0,  0> +
        (-0.0000001,-0.0002394)|   1, 3, 3;0,  0;0,  0> +
        (-0.0002277, 0.0000383)|   1, 3, 2;0,  0;0,  0> +
        ( 0.0000026, 0.0002182)|   2, 3, 1;0,  0;0,  0> +
        (-0.0000225,-0.0001645)|   0, 0, 3;0,  0;0,  0> +
        (-0.0001362, 0.0000616)|   1, 2, 1;0,  0;0,  0> +
        (-0.0000001,-0.0001260)|   2, 2, 3;0,  0;0,  0> +
        (-0.0000000,-0.0000873)|   0, 3, 3;0,  0;0,  0> +
        (-0.0000870, 0.0000006)|   2, 3, 2;0,  0;0,  0> +
        (-0.0000718,-0.0000001)|   2, 2, 2;0,  0;0,  0> +
        (-0.0000614,-0.0000004)|   7, 0, 0;1,  0;0,  0> +
        ( 0.0000614, 0.0000004)|   7, 0, 0;0,  0;1,  0> +
        (-0.0000016,-0.0000383)|   3, 3, 3;0,  0;0,  0> +
        ( 0.0000117,-0.0000212)|   2, 1, 1;0,  0;0,  0> +
        (-0.0000096,-0.0000189)|   1, 1, 3;0,  0;0,  0> +
        ( 0.0000000,-0.0000135)|   2, 1, 3;0,  0;0,  0> +
        ( 0.0000009,-0.0000129)|   2, 0, 1;0,  0;0,  0> +
        ( 0.0000101, 0.0000009)|   2, 1, 0;0,  0;0,  0> +
        ( 0.0000000,-0.0000087)|   0, 3, 1;0,  0;0,  0> +
        (-0.0000000,-0.0000080)|   0, 1, 1;0,  0;0,  0> +
        ( 0.0000064,-0.0000003)|   6, 0, 0;0,  0;0,  0> +
        ( 0.0000056,-0.0000003)|   8, 0, 0;0,  0;0,  0> +
        (-0.0000053, 0.0000000)|   5, 0, 0;0,  0;0,  0> +
        ( 0.0000032,-0.0000000)|   2, 2, 0;0,  0;0,  0> +
        (-0.0000032, 0.0000000)|   2, 0, 2;0,  0;0,  0> +
        (-0.0000019, 0.0000002)|   1, 1, 0;0,  0;0,  0> +
        ( 0.0000002, 0.0000019)|   1, 0, 1;0,  0;0,  0> +
        ( 0.0000014,-0.0000000)|   0, 1, 0;0,  0;0,  0> +
         ...
 |12> = (-0.7397069,-0.0614104)|   2, 1, 0;0,  0;0,  0> +
        (-0.0621084, 0.6671988)|   2, 0, 1;0,  0;0,  0> +
        (-0.0047692,-0.0000112)|   3, 2, 0;0,  0;0,  0> +
        (-0.0039518,-0.0000142)|   3, 0, 2;0,  0;0,  0> +
        ( 0.0028767, 0.0000359)|   5, 0, 0;0,  0;0,  0> +
        (-0.0011647,-0.0000011)|   2, 2, 0;0,  0;0,  0> +
        ( 0.0000308,-0.0009059)|   0, 1, 1;0,  0;0,  0> +
        ( 0.0008689, 0.0000011)|   2, 0, 2;0,  0;0,  0> +
        ( 0.0007471,-0.0000000)|   0, 2, 2;0,  0;0,  0> +
        ( 0.0000064,-0.0007164)|   0, 3, 1;0,  0;0,  0> +
        ( 0.0004484, 0.0000001)|   1, 0, 2;0,  0;0,  0> +
        (-0.0004481,-0.0000001)|   1, 2, 0;0,  0;0,  0> +
        (-0.0000832,-0.0004191)|   1, 0, 1;0,  0;0,  0> +
        ( 0.0004153,-0.0000829)|   1, 1, 0;0,  0;0,  0> +
        (-0.0003528,-0.0000069)|   2, 2, 2;0,  0;0,  0> +
        ( 0.0003492,-0.0000006)|   6, 0, 0;0,  0;0,  0> +
        (-0.0002558,-0.0000004)|   1, 2, 2;0,  0;0,  0> +
        ( 0.0000021, 0.0002128)|   0, 2, 3;0,  0;0,  0> +
        ( 0.0000648,-0.0001663)|   0, 2, 1;0,  0;0,  0> +
        ( 0.0001738, 0.0000009)|   0, 3, 2;0,  0;0,  0> +
        ( 0.0001683,-0.0000159)|   0, 3, 0;0,  0;0,  0> +
        ( 0.0000046, 0.0001681)|   0, 3, 3;0,  0;0,  0> +
        (-0.0000888,-0.0001137)|   0, 0, 3;0,  0;0,  0> +
        ( 0.0001269,-0.0000591)|   0, 1, 2;0,  0;0,  0> +
        (-0.0000004,-0.0001061)|   3, 0, 1;0,  0;0,  0> +
        (-0.0000903, 0.0000006)|   3, 1, 0;0,  0;0,  0> +
        ( 0.0000812, 0.0000011)|   4, 2, 0;0,  0;0,  0> +
        ( 0.0000654, 0.0000008)|   4, 0, 2;0,  0;0,  0> +
        ( 0.0000455, 0.0000038)|   2, 1, 0;1,  0;0,  0> +
        (-0.0000455,-0.0000038)|   2, 1, 0;0,  0;1,  0> +
        (-0.0000038, 0.0000410)|   2, 0, 1;0,  0;1,  0> +
        ( 0.0000038,-0.0000410)|   2, 0, 1;1,  0;0,  0> +
        (-0.0000009, 0.0000405)|   1, 0, 3;0,  0;0,  0> +
        ( 0.0000311, 0.0000011)|   1, 3, 0;0,  0;0,  0> +
        ( 0.0000253, 0.0000005)|   1, 1, 2;0,  0;0,  0> +
        (-0.0000008, 0.0000239)|   1, 2, 1;0,  0;0,  0> +
        (-0.0000001,-0.0000052)|   0, 1, 3;0,  0;0,  0> +
        (-0.0000042, 0.0000000)|   0, 1, 0;0,  0;0,  0> +
        (-0.0000025, 0.0000005)|  10, 0, 0;0,  0;0,  0> +
        ( 0.0000003, 0.0000011)|   5, 1, 0;0,  0;0,  0> +
         ...
 |13> = ( 0.0035348,-0.7421483)|   2, 0, 1;0,  0;0,  0> +
        (-0.6699132, 0.0035079)|   2, 1, 0;0,  0;0,  0> +
        ( 0.0196151,-0.0000148)|   5, 0, 0;0,  0;0,  0> +
        ( 0.0023013,-0.0004815)|   1, 1, 0;0,  0;0,  0> +
        (-0.0004832,-0.0022250)|   1, 0, 1;0,  0;0,  0> +
        ( 0.0015942, 0.0000005)|   0, 3, 0;0,  0;0,  0> +
        (-0.0000123, 0.0014612)|   0, 0, 3;0,  0;0,  0> +
        ( 0.0000326,-0.0010944)|   0, 1, 1;0,  0;0,  0> +
        ( 0.0000107, 0.0009054)|   0, 2, 1;0,  0;0,  0> +
        ( 0.0007731,-0.0000078)|   0, 1, 2;0,  0;0,  0> +
        ( 0.0007178, 0.0000024)|   2, 0, 2;0,  0;0,  0> +
        ( 0.0004665,-0.0000046)|   3, 2, 0;0,  0;0,  0> +
        ( 0.0004032,-0.0000040)|   3, 0, 2;0,  0;0,  0> +
        ( 0.0003825,-0.0000024)|   2, 2, 0;0,  0;0,  0> +
        (-0.0001689,-0.0000003)|   1, 2, 2;0,  0;0,  0> +
        ( 0.0001550, 0.0000001)|   1, 0, 2;0,  0;0,  0> +
        (-0.0001548,-0.0000001)|   1, 2, 0;0,  0;0,  0> +
        (-0.0000468,-0.0000029)|   2, 2, 2;0,  0;0,  0> +
        ( 0.0000002,-0.0000456)|   2, 0, 1;0,  0;1,  0> +
        (-0.0000002, 0.0000456)|   2, 0, 1;1,  0;0,  0> +
        ( 0.0000412,-0.0000002)|   2, 1, 0;1,  0;0,  0> +
        (-0.0000412, 0.0000002)|   2, 1, 0;0,  0;1,  0> +
        (-0.0000002, 0.0000395)|   0, 3, 1;0,  0;0,  0> +
        (-0.0000188, 0.0000000)|   6, 0, 0;0,  0;0,  0> +
        ( 0.0000000, 0.0000125)|   3, 0, 1;0,  0;0,  0> +
        (-0.0000001,-0.0000119)|   0, 2, 3;0,  0;0,  0> +
        (-0.0000118,-0.0000000)|   0, 2, 2;0,  0;0,  0> +
        ( 0.0000118,-0.0000000)|   3, 1, 0;0,  0;0,  0> +
        (-0.0000098,-0.0000001)|   0, 3, 2;0,  0;0,  0> +
        (-0.0000003,-0.0000094)|   0, 3, 3;0,  0;0,  0> +
        (-0.0000047,-0.0000000)|   4, 2, 0;0,  0;0,  0> +
        (-0.0000039,-0.0000000)|   4, 0, 2;0,  0;0,  0> +
        ( 0.0000001,-0.0000022)|   1, 0, 3;0,  0;0,  0> +
        (-0.0000016,-0.0000001)|   1, 3, 0;0,  0;0,  0> +
        (-0.0000014,-0.0000000)|   1, 1, 2;0,  0;0,  0> +
        ( 0.0000000,-0.0000013)|   1, 2, 1;0,  0;0,  0> +
        ( 0.0000012,-0.0000000)|   5, 0, 0;0,  0;1,  0> +
        (-0.0000012, 0.0000000)|   5, 0, 0;1,  0;0,  0> +
        ( 0.0000012, 0.0000000)|  11, 0, 0;0,  0;0,  0> +
         ...
 |14> = ( 0.9991665,-0.0355886)|   8, 0, 0;0,  0;0,  0> +
        (-0.0042878,-0.0122534)|   4, 0, 1;0,  0;0,  0> +
        ( 0.0121289,-0.0042555)|   4, 1, 0;0,  0;0,  0> +
        (-0.0025206, 0.0060332)|   2, 1, 1;0,  0;0,  0> +
        ( 0.0005513, 0.0024617)|   0, 0, 3;0,  0;0,  0> +
        (-0.0023194, 0.0009909)|   0, 1, 2;0,  0;0,  0> +
        ( 0.0007145,-0.0012200)|   0, 2, 1;0,  0;0,  0> +
        ( 0.0000005,-0.0013908)|   0, 3, 1;0,  0;0,  0> +
        (-0.0012093,-0.0000354)|   4, 2, 0;0,  0;0,  0> +
        ( 0.0005377, 0.0009263)|   2, 3, 0;0,  0;0,  0> +
        (-0.0000148,-0.0010292)|   0, 1, 3;0,  0;0,  0> +
        ( 0.0009705, 0.0000415)|   4, 0, 2;0,  0;0,  0> +
        ( 0.0008411,-0.0003399)|   2, 1, 2;0,  0;0,  0> +
        (-0.0000057,-0.0008999)|   1, 2, 1;0,  0;0,  0> +
        ( 0.0007368, 0.0000004)|   3, 2, 2;0,  0;0,  0> +
        (-0.0005921,-0.0000291)|   2, 3, 2;0,  0;0,  0> +
        ( 0.0001277,-0.0005673)|   1, 0, 3;0,  0;0,  0> +
        ( 0.0003139, 0.0004843)|   2, 2, 1;0,  0;0,  0> +
        (-0.0004185, 0.0003907)|   0, 3, 0;0,  0;0,  0> +
        ( 0.0005480,-0.0000300)|   2, 0, 3;0,  0;0,  0> +
        (-0.0004350,-0.0001839)|   1, 1, 3;0,  0;0,  0> +
        ( 0.0004120, 0.0000007)|   4, 2, 2;0,  0;0,  0> +
        ( 0.0000009,-0.0003053)|   0, 2, 3;0,  0;0,  0> +
        ( 0.0000002,-0.0002653)|   2, 3, 3;0,  0;0,  0> +
        (-0.0002480,-0.0000296)|   1, 3, 2;0,  0;0,  0> +
        ( 0.0000019, 0.0002028)|   2, 3, 1;0,  0;0,  0> +
        (-0.0000140,-0.0002015)|   3, 2, 3;0,  0;0,  0> +
        (-0.0000307, 0.0001974)|   1, 2, 3;0,  0;0,  0> +
        ( 0.0000002, 0.0001970)|   0, 3, 3;0,  0;0,  0> +
        ( 0.0000155, 0.0001681)|   1, 3, 1;0,  0;0,  0> +
        (-0.0000706, 0.0001420)|   1, 1, 2;0,  0;0,  0> +
        (-0.0001456, 0.0000088)|   3, 3, 2;0,  0;0,  0> +
        (-0.0000886,-0.0000002)|   1, 2, 2;0,  0;0,  0> +
        (-0.0000307,-0.0000780)|   2, 2, 3;0,  0;0,  0> +
        ( 0.0000538, 0.0000434)|   1, 3, 0;0,  0;0,  0> +
        ( 0.0000042,-0.0000676)|   3, 0, 3;0,  0;0,  0> +
        ( 0.0000001, 0.0000674)|   3, 3, 3;0,  0;0,  0> +
        ( 0.0000614,-0.0000022)|   8, 0, 0;0,  0;1,  0> +
        (-0.0000614, 0.0000022)|   8, 0, 0;1,  0;0,  0> +
        (-0.0000581,-0.0000052)|   5, 0, 2;0,  0;0,  0> +
        (-0.0000500,-0.0000045)|   3, 3, 0;0,  0;0,  0> +
        (-0.0000002, 0.0000458)|   4, 3, 3;0,  0;0,  0> +
        (-0.0000453,-0.0000020)|   5, 2, 0;0,  0;0,  0> +
        (-0.0000398,-0.0000051)|   3, 1, 2;0,  0;0,  0> +
        ( 0.0000275,-0.0000021)|   5, 2, 2;0,  0;0,  0> +
        (-0.0000015, 0.0000255)|   1, 1, 1;0,  0;0,  0> +
        ( 0.0000171, 0.0000005)|   2, 2, 2;0,  0;0,  0> +
        ( 0.0000026,-0.0000095)|   3, 2, 1;0,  0;0,  0> +
        ( 0.0000084,-0.0000008)|   3, 0, 2;0,  0;0,  0> +
        (-0.0000073, 0.0000009)|   0, 3, 2;0,  0;0,  0> +
        (-0.0000002,-0.0000057)|   5, 3, 3;0,  0;0,  0> +
        (-0.0000010,-0.0000042)|   5, 0, 1;0,  0;0,  0> +
        ( 0.0000005,-0.0000042)|   2, 1, 3;0,  0;0,  0> +
        (-0.0000040,-0.0000013)|   3, 2, 0;0,  0;0,  0> +
        ( 0.0000041, 0.0000003)|   3, 1, 0;0,  0;0,  0> +
        (-0.0000011, 0.0000037)|   7, 0, 0;0,  0;0,  0> +
        ( 0.0000005,-0.0000021)|   3, 0, 1;0,  0;0,  0> +
        ( 0.0000006, 0.0000018)|   3, 1, 1;0,  0;0,  0> +
        (-0.0000017, 0.0000000)|   9, 0, 0;0,  0;0,  0> +
        ( 0.0000001,-0.0000016)|   0, 1, 1;0,  0;0,  0> +
        ( 0.0000001, 0.0000012)|   3, 3, 1;0,  0;0,  0> +
        ( 0.0000005,-0.0000009)|   5, 1, 0;0,  0;0,  0> +
        ( 0.0000000, 0.0000010)|   1, 3, 3;0,  0;0,  0> +
         ...
 |15> = ( 0.0039900,-0.7408590)|   3, 0, 1;0,  0;0,  0> +
        ( 0.6716188, 0.0039451)|   3, 1, 0;0,  0;0,  0> +
        (-0.0025682, 0.0000144)|   3, 2, 0;0,  0;0,  0> +
        (-0.0002954,-0.0017155)|   2, 0, 3;0,  0;0,  0> +
        (-0.0017395,-0.0000103)|   3, 0, 2;0,  0;0,  0> +
        (-0.0015397,-0.0006669)|   2, 3, 0;0,  0;0,  0> +
        (-0.0011001, 0.0003131)|   2, 1, 2;0,  0;0,  0> +
        (-0.0000030,-0.0011057)|   1, 2, 3;0,  0;0,  0> +
        ( 0.0010853,-0.0000097)|   0, 3, 0;0,  0;0,  0> +
        ( 0.0000140,-0.0010797)|   2, 2, 1;0,  0;0,  0> +
        ( 0.0010542, 0.0000480)|   4, 1, 0;0,  0;0,  0> +
        (-0.0000515, 0.0010220)|   4, 0, 1;0,  0;0,  0> +
        (-0.0009318, 0.0000193)|   1, 3, 2;0,  0;0,  0> +
        (-0.0002209,-0.0007694)|   0, 0, 3;0,  0;0,  0> +
        (-0.0005495,-0.0002320)|   0, 1, 2;0,  0;0,  0> +
        (-0.0004635, 0.0000135)|   6, 0, 0;0,  0;0,  0> +
        ( 0.0000421,-0.0004554)|   1, 3, 1;0,  0;0,  0> +
        ( 0.0004526,-0.0000247)|   4, 2, 0;0,  0;0,  0> +
        ( 0.0004491, 0.0000183)|   4, 0, 2;0,  0;0,  0> +
        ( 0.0004405, 0.0000040)|   7, 0, 0;0,  0;0,  0> +
        ( 0.0000023,-0.0003896)|   1, 3, 3;0,  0;0,  0> +
        (-0.0003788,-0.0000456)|   4, 2, 2;0,  0;0,  0> +
        (-0.0003720, 0.0000005)|   3, 2, 2;0,  0;0,  0> +
        ( 0.0000003,-0.0002501)|   0, 3, 1;0,  0;0,  0> +
        ( 0.0001339,-0.0001786)|   0, 2, 1;0,  0;0,  0> +
        ( 0.0002206,-0.0000000)|   1, 2, 2;0,  0;0,  0> +
        (-0.0001649,-0.0001346)|   1, 1, 1;0,  0;0,  0> +
        ( 0.0002088,-0.0000000)|   2, 2, 2;0,  0;0,  0> +
        (-0.0000000,-0.0001862)|   0, 3, 3;0,  0;0,  0> +
        (-0.0000059,-0.0001612)|   0, 1, 3;0,  0;0,  0> +
        (-0.0001244, 0.0000236)|   1, 1, 2;0,  0;0,  0> +
        (-0.0000020, 0.0000829)|   0, 2, 3;0,  0;0,  0> +
        ( 0.0000002,-0.0000455)|   3, 0, 1;0,  0;1,  0> +
        (-0.0000002, 0.0000455)|   3, 0, 1;1,  0;0,  0> +
        (-0.0000427,-0.0000020)|   0, 3, 2;0,  0;0,  0> +
        (-0.0000413,-0.0000002)|   3, 1, 0;1,  0;0,  0> +
        ( 0.0000413, 0.0000002)|   3, 1, 0;0,  0;1,  0> +
        (-0.0000045, 0.0000407)|   2, 3, 3;0,  0;0,  0> +
        ( 0.0000023,-0.0000272)|   2, 0, 1;0,  0;0,  0> +
        ( 0.0000255, 0.0000022)|   2, 1, 0;0,  0;0,  0> +
        ( 0.0000030,-0.0000246)|   1, 3, 0;0,  0;0,  0> +
        ( 0.0000165,-0.0000156)|   1, 2, 1;0,  0;0,  0> +
        (-0.0000156, 0.0000098)|   1, 0, 3;0,  0;0,  0> +
        ( 0.0000028, 0.0000108)|   1, 1, 3;0,  0;0,  0> +
        ( 0.0000002,-0.0000064)|   0, 1, 1;0,  0;0,  0> +
        ( 0.0000009,-0.0000044)|   2, 3, 1;0,  0;0,  0> +
        (-0.0000001, 0.0000042)|   2, 2, 3;0,  0;0,  0> +
        (-0.0000035,-0.0000000)|   9, 0, 0;0,  0;0,  0> +
        (-0.0000032, 0.0000000)|   5, 0, 0;0,  0;0,  0> +
        ( 0.0000026, 0.0000004)|   2, 3, 2;0,  0;0,  0> +
        ( 0.0000020,-0.0000002)|   1, 1, 0;0,  0;0,  0> +
        (-0.0000002,-0.0000017)|   1, 0, 1;0,  0;0,  0> +
        ( 0.0000000, 0.0000014)|   0, 0, 1;0,  0;0,  0> +
        (-0.0000014, 0.0000000)|   2, 0, 2;0,  0;0,  0> +
        ( 0.0000013,-0.0000000)|   2, 2, 0;0,  0;0,  0> +
        ( 0.0000011, 0.0000000)|   0, 2, 2;0,  0;0,  0> +
        (-0.0000011,-0.0000000)|  11, 0, 0;0,  0;0,  0> +
         ...
 |16> = (-0.7408098, 0.0001864)|   3, 1, 0;0,  0;0,  0> +
        (-0.0004971,-0.6715493)|   3, 0, 1;0,  0;0,  0> +
        (-0.0101323, 0.0000129)|   6, 0, 0;0,  0;0,  0> +
        (-0.0062401, 0.0000893)|   3, 2, 0;0,  0;0,  0> +
        (-0.0060582, 0.0000294)|   4, 2, 0;0,  0;0,  0> +
        (-0.0056946, 0.0000079)|   4, 0, 2;0,  0;0,  0> +
        ( 0.0029022, 0.0000549)|   0, 3, 0;0,  0;0,  0> +
        (-0.0011609,-0.0000843)|   3, 0, 2;0,  0;0,  0> +
        ( 0.0009683, 0.0000280)|   1, 3, 0;0,  0;0,  0> +
        ( 0.0000163, 0.0008436)|   1, 0, 3;0,  0;0,  0> +
        (-0.0001241, 0.0006649)|   0, 0, 3;0,  0;0,  0> +
        (-0.0000032, 0.0006195)|   0, 2, 3;0,  0;0,  0> +
        (-0.0000075, 0.0005817)|   1, 2, 1;0,  0;0,  0> +
        ( 0.0000000,-0.0004957)|   0, 3, 3;0,  0;0,  0> +
        ( 0.0004275, 0.0000001)|   1, 1, 2;0,  0;0,  0> +
        ( 0.0000002,-0.0003743)|   0, 3, 1;0,  0;0,  0> +
        ( 0.0003721, 0.0000000)|   2, 2, 2;0,  0;0,  0> +
        ( 0.0002451,-0.0000001)|   1, 2, 2;0,  0;0,  0> +
        ( 0.0001920, 0.0000293)|   0, 2, 1;0,  0;0,  0> +
        (-0.0000416,-0.0001179)|   0, 1, 2;0,  0;0,  0> +
        ( 0.0000109,-0.0001239)|   2, 0, 1;0,  0;0,  0> +
        ( 0.0001144, 0.0000107)|   2, 1, 0;0,  0;0,  0> +
        ( 0.0000015, 0.0001011)|   0, 1, 3;0,  0;0,  0> +
        ( 0.0000923,-0.0000032)|   0, 3, 2;0,  0;0,  0> +
        ( 0.0000063, 0.0000916)|   1, 1, 1;0,  0;0,  0> +
        ( 0.0000150, 0.0000841)|   2, 0, 3;0,  0;0,  0> +
        ( 0.0000750, 0.0000337)|   2, 3, 0;0,  0;0,  0> +
        (-0.0000808, 0.0000002)|   2, 0, 2;0,  0;0,  0> +
        ( 0.0000798,-0.0000002)|   2, 2, 0;0,  0;0,  0> +
        (-0.0000001, 0.0000672)|   1, 3, 3;0,  0;0,  0> +
        (-0.0000667,-0.0000005)|   7, 0, 0;0,  0;0,  0> +
        (-0.0000006, 0.0000551)|   2, 2, 1;0,  0;0,  0> +
        ( 0.0000001, 0.0000542)|   1, 2, 3;0,  0;0,  0> +
        ( 0.0000019,-0.0000538)|   4, 0, 1;0,  0;0,  0> +
        ( 0.0000513,-0.0000161)|   2, 1, 2;0,  0;0,  0> +
        (-0.0000503,-0.0000035)|   4, 1, 0;0,  0;0,  0> +
        ( 0.0000481, 0.0000020)|   3, 2, 2;0,  0;0,  0> +
        (-0.0000455, 0.0000000)|   3, 1, 0;0,  0;1,  0> +
        ( 0.0000455,-0.0000000)|   3, 1, 0;1,  0;0,  0> +
        ( 0.0000447,-0.0000010)|   1, 3, 2;0,  0;0,  0> +
        ( 0.0000000, 0.0000413)|   3, 0, 1;1,  0;0,  0> +
        (-0.0000000,-0.0000413)|   3, 0, 1;0,  0;1,  0> +
        (-0.0000016, 0.0000238)|   1, 3, 1;0,  0;0,  0> +
        ( 0.0000222, 0.0000000)|   0, 2, 2;0,  0;0,  0> +
        ( 0.0000198, 0.0000023)|   4, 2, 2;0,  0;0,  0> +
        ( 0.0000002,-0.0000093)|   0, 1, 1;0,  0;0,  0> +
        (-0.0000053, 0.0000001)|   5, 0, 0;0,  0;0,  0> +
        (-0.0000004,-0.0000029)|   1, 0, 1;0,  0;0,  0> +
        ( 0.0000025,-0.0000004)|   1, 1, 0;0,  0;0,  0> +
        ( 0.0000002,-0.0000022)|   2, 3, 3;0,  0;0,  0> +
        (-0.0000013, 0.0000003)|  10, 0, 0;0,  0;0,  0> +
        (-0.0000012,-0.0000000)|   0, 1, 0;0,  0;0,  0> +
         ...
 |17> = (-0.9995523,-0.0051030)|   9, 0, 0;0,  0;0,  0> +
        (-0.0108710,-0.0223731)|   5, 1, 0;0,  0;0,  0> +
        ( 0.0069851, 0.0066460)|   5, 0, 1;0,  0;0,  0> +
        (-0.0049250, 0.0000521)|   1, 1, 2;0,  0;0,  0> +
        ( 0.0039900, 0.0016583)|   2, 3, 0;0,  0;0,  0> +
        ( 0.0040955,-0.0013055)|   2, 0, 3;0,  0;0,  0> +
        (-0.0029824, 0.0025109)|   2, 1, 2;0,  0;0,  0> +
        (-0.0016444, 0.0027030)|   2, 2, 1;0,  0;0,  0> +
        (-0.0010811,-0.0026334)|   3, 1, 1;0,  0;0,  0> +
        (-0.0027410,-0.0001057)|   5, 0, 2;0,  0;0,  0> +
        (-0.0026494,-0.0001881)|   5, 2, 0;0,  0;0,  0> +
        (-0.0023437,-0.0001295)|   3, 3, 0;0,  0;0,  0> +
        ( 0.0022050, 0.0000224)|   6, 2, 2;0,  0;0,  0> +
        ( 0.0017014,-0.0012484)|   1, 3, 0;0,  0;0,  0> +
        (-0.0015765,-0.0012059)|   1, 0, 3;0,  0;0,  0> +
        (-0.0018967,-0.0000313)|   3, 1, 2;0,  0;0,  0> +
        ( 0.0002084, 0.0018312)|   0, 0, 3;0,  0;0,  0> +
        ( 0.0006915,-0.0015701)|   0, 2, 1;0,  0;0,  0> +
        (-0.0000953, 0.0015308)|   7, 3, 3;0,  0;0,  0> +
        ( 0.0000343,-0.0015264)|   2, 1, 3;0,  0;0,  0> +
        ( 0.0006214, 0.0013831)|   1, 2, 1;0,  0;0,  0> +
        ( 0.0014378, 0.0003192)|   6, 1, 0;0,  0;0,  0> +
        (-0.0012928, 0.0005699)|   0, 1, 2;0,  0;0,  0> +
        (-0.0011670,-0.0000030)|   0, 3, 2;0,  0;0,  0> +
        (-0.0001842,-0.0010662)|   1, 3, 1;0,  0;0,  0> +
        ( 0.0000299,-0.0008905)|   2, 2, 3;0,  0;0,  0> +
        ( 0.0000126, 0.0008171)|   3, 3, 1;0,  0;0,  0> +
        (-0.0003003, 0.0007454)|   6, 0, 1;0,  0;0,  0> +
        (-0.0000933,-0.0007602)|   3, 2, 1;0,  0;0,  0> +
        ( 0.0000089, 0.0007564)|   2, 3, 1;0,  0;0,  0> +
        (-0.0000088,-0.0007459)|   0, 1, 3;0,  0;0,  0> +
        (-0.0006854,-0.0002688)|   1, 1, 3;0,  0;0,  0> +
        (-0.0000796,-0.0006804)|   3, 0, 3;0,  0;0,  0> +
        (-0.0000663, 0.0006281)|   1, 2, 3;0,  0;0,  0> +
        ( 0.0000041,-0.0005177)|   4, 0, 3;0,  0;0,  0> +
        (-0.0005107,-0.0000072)|   4, 3, 0;0,  0;0,  0> +
        (-0.0004642, 0.0000311)|   2, 3, 2;0,  0;0,  0> +
        ( 0.0000072,-0.0004441)|   6, 3, 3;0,  0;0,  0> +
        (-0.0000078,-0.0003584)|   4, 2, 3;0,  0;0,  0> +
        (-0.0003516,-0.0000030)|   4, 1, 2;0,  0;0,  0> +
        (-0.0001786, 0.0002778)|   0, 3, 0;0,  0;0,  0> +
        ( 0.0000005,-0.0003296)|   4, 2, 1;0,  0;0,  0> +
        ( 0.0000004, 0.0003121)|   4, 3, 3;0,  0;0,  0> +
        ( 0.0003045, 0.0000014)|   5, 2, 2;0,  0;0,  0> +
        (-0.0002781,-0.0000599)|   1, 3, 2;0,  0;0,  0> +
        ( 0.0000002,-0.0002546)|   3, 3, 3;0,  0;0,  0> +
        (-0.0000234,-0.0002208)|   3, 2, 3;0,  0;0,  0> +
        ( 0.0001780, 0.0000053)|   4, 2, 2;0,  0;0,  0> +
        (-0.0000003,-0.0001599)|   0, 3, 1;0,  0;0,  0> +
        (-0.0000030,-0.0001498)|   0, 2, 3;0,  0;0,  0> +
        (-0.0001244, 0.0000004)|   2, 2, 2;0,  0;0,  0> +
        ( 0.0000008,-0.0000699)|   3, 1, 3;0,  0;0,  0> +
        ( 0.0000001, 0.0000649)|   0, 3, 3;0,  0;0,  0> +
        (-0.0000614,-0.0000003)|   9, 0, 0;0,  0;1,  0> +
        ( 0.0000614, 0.0000003)|   9, 0, 0;1,  0;0,  0> +
        (-0.0000494,-0.0000125)|   4, 3, 2;0,  0;0,  0> +
        (-0.0000001,-0.0000423)|   5, 3, 3;0,  0;0,  0> +
        ( 0.0000334,-0.0000253)|   3, 3, 2;0,  0;0,  0> +
        ( 0.0000002, 0.0000399)|   1, 3, 3;0,  0;0,  0> +
        (-0.0000397, 0.0000002)|   3, 2, 2;0,  0;0,  0> +
        ( 0.0000298, 0.0000005)|   7, 0, 0;0,  0;0,  0> +
        (-0.0000151, 0.0000203)|   1, 1, 1;0,  0;0,  0> +
        (-0.0000035,-0.0000208)|   4, 0, 1;0,  0;0,  0> +
        ( 0.0000047,-0.0000178)|   4, 3, 1;0,  0;0,  0> +
        (-0.0000179, 0.0000011)|   8, 0, 0;0,  0;0,  0> +
        (-0.0000005,-0.0000171)|   4, 1, 3;0,  0;0,  0> +
        ( 0.0000155, 0.0000003)|   6, 0, 2;0,  0;0,  0> +
        ( 0.0000136, 0.0000001)|   6, 2, 0;0,  0;0,  0> +
        (-0.0000110, 0.0000022)|  10, 0, 0;0,  0;0,  0> +
        (-0.0000047, 0.0000088)|   2, 1, 1;0,  0;0,  0> +
        (-0.0000022, 0.0000066)|   4, 0, 2;0,  0;0,  0> +
        (-0.0000040,-0.0000039)|   4, 1, 0;0,  0;0,  0> +
        ( 0.0000013, 0.0000050)|   2, 3, 3;0,  0;0,  0> +
        (-0.0000001,-0.0000045)|   8, 3, 3;0,  0;0,  0> +
        ( 0.0000013,-0.0000027)|   3, 1, 0;0,  0;0,  0> +
        ( 0.0000027, 0.0000007)|   4, 2, 0;0,  0;0,  0> +
        (-0.0000021,-0.0000015)|   3, 0, 1;0,  0;0,  0> +
        (-0.0000025, 0.0000005)|   6, 0, 0;0,  0;0,  0> +
        ( 0.0000020,-0.0000011)|   3, 0, 2;0,  0;0,  0> +
        ( 0.0000018,-0.0000003)|   5, 3, 2;0,  0;0,  0> +
        ( 0.0000003, 0.0000018)|   5, 2, 3;0,  0;0,  0> +
        (-0.0000007,-0.0000014)|   5, 1, 0;0,  0;1,  0> +
        ( 0.0000007, 0.0000014)|   5, 1, 0;1,  0;0,  0> +
        ( 0.0000002,-0.0000012)|   0, 1, 1;0,  0;0,  0> +
        ( 0.0000001, 0.0000012)|   3, 3, 3;0,  0;1,  0> +
        ( 0.0000001, 0.0000012)|   4, 1, 1;0,  0;0,  0> +
        (-0.0000002,-0.0000010)|   3, 3, 3;1,  0;0,  0> +
         ...
 |18> = (-0.2311123,-0.6752259)|   4, 0, 1;0,  0;0,  0> +
        ( 0.6612846,-0.2294343)|   4, 1, 0;0,  0;0,  0> +
        (-0.0070876, 0.0169893)|   2, 1, 1;0,  0;0,  0> +
        (-0.0183746, 0.0005600)|   8, 0, 0;0,  0;0,  0> +
        (-0.0008243, 0.0033514)|   2, 0, 3;0,  0;0,  0> +
        ( 0.0024854,-0.0011669)|   2, 3, 0;0,  0;0,  0> +
        ( 0.0025302,-0.0003038)|   1, 1, 2;0,  0;0,  0> +
        (-0.0003585,-0.0024356)|   1, 3, 1;0,  0;0,  0> +
        (-0.0019324, 0.0004369)|   1, 3, 0;0,  0;0,  0> +
        ( 0.0008304, 0.0005286)|   2, 1, 2;0,  0;0,  0> +
        (-0.0000174,-0.0009641)|   4, 3, 3;0,  0;0,  0> +
        ( 0.0000411, 0.0008230)|   2, 3, 1;0,  0;0,  0> +
        (-0.0000183, 0.0008066)|   1, 2, 1;0,  0;0,  0> +
        ( 0.0007931,-0.0000027)|   4, 2, 2;0,  0;0,  0> +
        ( 0.0000107, 0.0007566)|   2, 2, 3;0,  0;0,  0> +
        ( 0.0000100, 0.0007434)|   0, 1, 3;0,  0;0,  0> +
        (-0.0000600, 0.0007361)|   2, 2, 1;0,  0;0,  0> +
        ( 0.0006736, 0.0000186)|   2, 3, 2;0,  0;0,  0> +
        (-0.0000006, 0.0006687)|   0, 3, 1;0,  0;0,  0> +
        ( 0.0006573,-0.0000004)|   2, 2, 2;0,  0;0,  0> +
        ( 0.0002740, 0.0004661)|   1, 0, 3;0,  0;0,  0> +
        ( 0.0005224, 0.0000038)|   4, 2, 0;0,  0;0,  0> +
        (-0.0005031,-0.0000000)|   1, 2, 2;0,  0;0,  0> +
        ( 0.0004988, 0.0000085)|   1, 3, 2;0,  0;0,  0> +
        ( 0.0004503,-0.0000055)|   4, 0, 2;0,  0;0,  0> +
        (-0.0003963, 0.0001999)|   7, 0, 0;0,  0;0,  0> +
        ( 0.0000093, 0.0002801)|   1, 2, 3;0,  0;0,  0> +
        (-0.0000006, 0.0002589)|   2, 3, 3;0,  0;0,  0> +
        (-0.0000466, 0.0002272)|   0, 2, 1;0,  0;0,  0> +
        ( 0.0000000, 0.0002023)|   0, 3, 3;0,  0;0,  0> +
        (-0.0001861, 0.0000655)|   0, 1, 2;0,  0;0,  0> +
        (-0.0001650, 0.0000000)|   3, 2, 2;0,  0;0,  0> +
        ( 0.0000938, 0.0000936)|   1, 1, 3;0,  0;0,  0> +
        ( 0.0000075,-0.0001114)|   3, 3, 3;0,  0;0,  0> +
        (-0.0000002, 0.0001066)|   0, 2, 3;0,  0;0,  0> +
        ( 0.0000027,-0.0000822)|   1, 1, 1;0,  0;0,  0> +
        ( 0.0000728, 0.0000148)|   0, 0, 3;0,  0;0,  0> +
        (-0.0000001, 0.0000588)|   1, 3, 3;0,  0;0,  0> +
        (-0.0000027,-0.0000463)|   2, 1, 3;0,  0;0,  0> +
        (-0.0000142,-0.0000415)|   4, 0, 1;0,  0;1,  0> +
        ( 0.0000142, 0.0000415)|   4, 0, 1;1,  0;0,  0> +
        (-0.0000406, 0.0000141)|   4, 1, 0;1,  0;0,  0> +
        ( 0.0000406,-0.0000141)|   4, 1, 0;0,  0;1,  0> +
        (-0.0000400, 0.0000081)|   0, 3, 0;0,  0;0,  0> +
        (-0.0000219,-0.0000022)|   5, 0, 2;0,  0;0,  0> +
        (-0.0000187,-0.0000004)|   5, 2, 0;0,  0;0,  0> +
        (-0.0000142, 0.0000006)|   3, 0, 2;0,  0;0,  0> +
        (-0.0000002, 0.0000135)|   3, 0, 3;0,  0;0,  0> +
        ( 0.0000123,-0.0000007)|   3, 2, 0;0,  0;0,  0> +
        (-0.0000017,-0.0000119)|   3, 2, 3;0,  0;0,  0> +
        ( 0.0000001, 0.0000113)|   3, 2, 1;0,  0;0,  0> +
        ( 0.0000102,-0.0000002)|   0, 3, 2;0,  0;0,  0> +
        ( 0.0000096, 0.0000001)|   3, 3, 0;0,  0;0,  0> +
        ( 0.0000010, 0.0000062)|   5, 0, 1;0,  0;0,  0> +
        ( 0.0000058,-0.0000002)|   3, 1, 2;0,  0;0,  0> +
        ( 0.0000001, 0.0000042)|   5, 1, 0;0,  0;0,  0> +
        ( 0.0000018,-0.0000038)|   3, 0, 1;0,  0;0,  0> +
        (-0.0000033, 0.0000012)|   3, 3, 2;0,  0;0,  0> +
        ( 0.0000027,-0.0000001)|   6, 0, 0;0,  0;0,  0> +
        (-0.0000001, 0.0000020)|   3, 1, 0;0,  0;0,  0> +
        (-0.0000017, 0.0000002)|  12, 0, 0;0,  0;0,  0> +
        ( 0.0000013, 0.0000000)|  11, 0, 0;0,  0;0,  0> +
        ( 0.0000004,-0.0000010)|   2, 1, 1;1,  0;0,  0> +
        (-0.0000004, 0.0000010)|   2, 1, 1;0,  0;1,  0> +
        (-0.0000011, 0.0000000)|   8, 0, 0;0,  0;1,  0> +
        ( 0.0000011,-0.0000000)|   8, 0, 0;1,  0;0,  0> +
        ( 0.0000011, 0.0000001)|   5, 2, 2;0,  0;0,  0> +
        (-0.0000000,-0.0000011)|   1, 0, 1;0,  0;0,  0> +
         ...
 |19> = ( 0.7137647, 0.0049210)|   4, 1, 0;0,  0;0,  0> +
        (-0.0077487, 0.7000226)|   4, 0, 1;0,  0;0,  0> +
        (-0.0003999, 0.0185975)|   1, 1, 1;0,  0;0,  0> +
        (-0.0062195,-0.0001623)|   4, 0, 2;0,  0;0,  0> +
        ( 0.0026313, 0.0000165)|   7, 0, 0;0,  0;0,  0> +
        ( 0.0025002, 0.0001297)|   2, 3, 0;0,  0;0,  0> +
        ( 0.0000758, 0.0024144)|   2, 0, 3;0,  0;0,  0> +
        ( 0.0023291, 0.0001671)|   4, 2, 0;0,  0;0,  0> +
        ( 0.0000265, 0.0015711)|   2, 2, 1;0,  0;0,  0> +
        ( 0.0014887,-0.0000861)|   2, 1, 2;0,  0;0,  0> +
        (-0.0014155, 0.0000163)|   1, 1, 2;0,  0;0,  0> +
        (-0.0010799, 0.0003074)|   0, 1, 2;0,  0;0,  0> +
        (-0.0010978, 0.0000374)|   3, 2, 0;0,  0;0,  0> +
        ( 0.0010719,-0.0000387)|   3, 0, 2;0,  0;0,  0> +
        ( 0.0000363, 0.0010471)|   3, 0, 1;0,  0;0,  0> +
        ( 0.0001554, 0.0010361)|   1, 3, 1;0,  0;0,  0> +
        ( 0.0010327,-0.0000035)|   4, 2, 2;0,  0;0,  0> +
        (-0.0010091, 0.0000366)|   3, 1, 0;0,  0;0,  0> +
        ( 0.0000036,-0.0007662)|   0, 2, 3;0,  0;0,  0> +
        ( 0.0006107,-0.0003907)|   1, 3, 0;0,  0;0,  0> +
        (-0.0000007, 0.0006646)|   0, 3, 1;0,  0;0,  0> +
        ( 0.0005083, 0.0000036)|   0, 3, 2;0,  0;0,  0> +
        ( 0.0004945, 0.0000020)|   1, 3, 2;0,  0;0,  0> +
        ( 0.0000000,-0.0004502)|   1, 3, 3;0,  0;0,  0> +
        ( 0.0000010, 0.0004324)|   1, 2, 3;0,  0;0,  0> +
        ( 0.0002381, 0.0003272)|   0, 0, 3;0,  0;0,  0> +
        (-0.0003800,-0.0000509)|   1, 0, 3;0,  0;0,  0> +
        (-0.0002951, 0.0000002)|   3, 2, 2;0,  0;0,  0> +
        (-0.0002943,-0.0000001)|   1, 2, 2;0,  0;0,  0> +
        (-0.0002851, 0.0000003)|   2, 2, 2;0,  0;0,  0> +
        ( 0.0002217, 0.0001048)|   0, 3, 0;0,  0;0,  0> +
        (-0.0000010,-0.0002450)|   2, 3, 3;0,  0;0,  0> +
        ( 0.0000001, 0.0002255)|   0, 3, 3;0,  0;0,  0> +
        (-0.0000029, 0.0002202)|   1, 2, 1;0,  0;0,  0> +
        ( 0.0000769, 0.0001542)|   0, 2, 1;0,  0;0,  0> +
        (-0.0000044, 0.0001355)|   2, 2, 3;0,  0;0,  0> +
        (-0.0000906, 0.0000027)|   8, 0, 0;0,  0;0,  0> +
        (-0.0000292, 0.0000739)|   2, 1, 1;0,  0;0,  0> +
        ( 0.0000758, 0.0000095)|   2, 3, 2;0,  0;0,  0> +
        ( 0.0000009, 0.0000564)|   0, 1, 3;0,  0;0,  0> +
        (-0.0000439,-0.0000003)|   4, 1, 0;1,  0;0,  0> +
        ( 0.0000439, 0.0000003)|   4, 1, 0;0,  0;1,  0> +
        (-0.0000005, 0.0000430)|   4, 0, 1;0,  0;1,  0> +
        ( 0.0000005,-0.0000430)|   4, 0, 1;1,  0;0,  0> +
        ( 0.0000009, 0.0000364)|   2, 3, 1;0,  0;0,  0> +
        (-0.0000113,-0.0000191)|   1, 1, 3;0,  0;0,  0> +
        (-0.0000005,-0.0000108)|   3, 3, 3;0,  0;0,  0> +
        (-0.0000084,-0.0000001)|   6, 0, 0;0,  0;0,  0> +
        (-0.0000001,-0.0000050)|   4, 3, 3;0,  0;0,  0> +
        (-0.0000000,-0.0000025)|   2, 1, 3;0,  0;0,  0> +
        (-0.0000011,-0.0000016)|   5, 1, 0;0,  0;0,  0> +
        ( 0.0000017, 0.0000000)|   5, 0, 0;0,  0;0,  0> +
        ( 0.0000000,-0.0000011)|   1, 1, 1;1,  0;0,  0> +
        (-0.0000000, 0.0000011)|   1, 1, 1;0,  0;1,  0> +
        ( 0.0000001,-0.0000010)|   2, 0, 1;0,  0;0,  0> +
        ( 0.0000010,-0.0000001)|  12, 0, 0;0,  0;0,  0> +
         ...
 |20> = (-0.9810498, 0.1885472)|  10, 0, 0;0,  0;0,  0> +
        (-0.0179521, 0.0378240)|   6, 0, 1;0,  0;0,  0> +
        (-0.0111232,-0.0037121)|   6, 1, 0;0,  0;0,  0> +
        ( 0.0010520, 0.0043413)|   1, 0, 3;0,  0;0,  0> +
        (-0.0035450,-0.0009254)|   1, 1, 2;0,  0;0,  0> +
        (-0.0023654,-0.0023070)|   1, 2, 1;0,  0;0,  0> +
        ( 0.0004734, 0.0032042)|   4, 1, 1;0,  0;0,  0> +
        (-0.0023756,-0.0015724)|   5, 2, 0;0,  0;0,  0> +
        (-0.0018995, 0.0012687)|   5, 0, 2;0,  0;0,  0> +
        ( 0.0000272, 0.0019386)|   0, 1, 3;0,  0;0,  0> +
        (-0.0019138, 0.0000113)|   3, 1, 2;0,  0;0,  0> +
        (-0.0006963,-0.0017288)|   3, 1, 1;0,  0;0,  0> +
        ( 0.0017304,-0.0000711)|   6, 2, 0;0,  0;0,  0> +
        (-0.0011491, 0.0011675)|   2, 1, 2;0,  0;0,  0> +
        ( 0.0014879, 0.0006209)|   1, 1, 3;0,  0;0,  0> +
        ( 0.0015542, 0.0000040)|   6, 0, 2;0,  0;0,  0> +
        (-0.0014449,-0.0000842)|   3, 3, 0;0,  0;0,  0> +
        ( 0.0009189,-0.0008946)|   2, 3, 0;0,  0;0,  0> +
        (-0.0000630, 0.0010816)|   2, 0, 3;0,  0;0,  0> +
        ( 0.0001712,-0.0010162)|   3, 1, 3;0,  0;0,  0> +
        (-0.0009719, 0.0002234)|   1, 3, 0;0,  0;0,  0> +
        ( 0.0009060,-0.0000003)|   3, 2, 2;0,  0;0,  0> +
        (-0.0001120, 0.0008549)|   2, 2, 3;0,  0;0,  0> +
        (-0.0000541,-0.0008017)|  10, 3, 3;0,  0;0,  0> +
        (-0.0007431,-0.0001111)|   2, 3, 2;0,  0;0,  0> +
        ( 0.0007043, 0.0000021)|   5, 2, 2;0,  0;0,  0> +
        ( 0.0000309, 0.0006597)|   3, 3, 1;0,  0;0,  0> +
        (-0.0006267,-0.0000324)|   7, 2, 2;0,  0;0,  0> +
        (-0.0006217, 0.0000002)|   4, 2, 2;0,  0;0,  0> +
        ( 0.0000000, 0.0006112)|   0, 3, 3;0,  0;0,  0> +
        (-0.0000471, 0.0006013)|   1, 2, 3;0,  0;0,  0> +
        ( 0.0000331, 0.0005494)|   4, 2, 1;0,  0;0,  0> +
        ( 0.0000002, 0.0005485)|   1, 3, 3;0,  0;0,  0> +
        ( 0.0004709,-0.0000184)|   4, 3, 0;0,  0;0,  0> +
        ( 0.0000132, 0.0004413)|   4, 2, 3;0,  0;0,  0> +
        (-0.0000078,-0.0004413)|   3, 2, 1;0,  0;0,  0> +
        (-0.0002678,-0.0002821)|   2, 2, 1;0,  0;0,  0> +
        ( 0.0000108, 0.0003467)|   4, 0, 3;0,  0;0,  0> +
        ( 0.0000005, 0.0003376)|   4, 3, 3;0,  0;0,  0> +
        ( 0.0000020, 0.0002722)|   2, 3, 1;0,  0;0,  0> +
        ( 0.0000052,-0.0002638)|   6, 3, 3;0,  0;0,  0> +
        ( 0.0000062,-0.0002450)|   2, 1, 3;0,  0;0,  0> +
        (-0.0002366, 0.0000215)|   3, 3, 2;0,  0;0,  0> +
        (-0.0002310,-0.0000003)|   0, 3, 2;0,  0;0,  0> +
        ( 0.0000662,-0.0002121)|   4, 3, 1;0,  0;0,  0> +
        (-0.0000169,-0.0002137)|   4, 1, 3;0,  0;0,  0> +
        (-0.0000605, 0.0001851)|   3, 0, 3;0,  0;0,  0> +
        ( 0.0000004, 0.0001932)|   3, 3, 3;0,  0;0,  0> +
        (-0.0001912, 0.0000184)|   5, 3, 2;0,  0;0,  0> +
        ( 0.0000463, 0.0001347)|   1, 3, 1;0,  0;0,  0> +
        (-0.0000003,-0.0001364)|   0, 2, 3;0,  0;0,  0> +
        ( 0.0000001, 0.0001356)|   2, 3, 3;0,  0;0,  0> +
        (-0.0000781,-0.0000459)|   1, 3, 2;0,  0;0,  0> +
        ( 0.0000050,-0.0000901)|   9, 3, 3;0,  0;0,  0> +
        (-0.0000282,-0.0000817)|   5, 1, 0;0,  0;0,  0> +
        (-0.0000029,-0.0000821)|   8, 3, 3;0,  0;0,  0> +
        (-0.0000287, 0.0000743)|   4, 1, 2;0,  0;0,  0> +
        ( 0.0000045,-0.0000754)|   7, 3, 3;0,  0;0,  0> +
        (-0.0000268,-0.0000632)|   5, 2, 3;0,  0;0,  0> +
        ( 0.0000633, 0.0000009)|   9, 0, 0;0,  0;0,  0> +
        ( 0.0000603,-0.0000116)|  10, 0, 0;1,  0;0,  0> +
        (-0.0000603, 0.0000116)|  10, 0, 0;0,  0;1,  0> +
        ( 0.0000528, 0.0000004)|   6, 2, 2;0,  0;0,  0> +
        (-0.0000485, 0.0000004)|   6, 3, 2;0,  0;0,  0> +
        ( 0.0000211,-0.0000321)|   7, 0, 1;0,  0;0,  0> +
        (-0.0000000, 0.0000368)|   5, 3, 3;0,  0;0,  0> +
        ( 0.0000204, 0.0000212)|   5, 0, 1;0,  0;0,  0> +
        ( 0.0000212,-0.0000194)|   3, 2, 3;0,  0;0,  0> +
        ( 0.0000133, 0.0000126)|   4, 3, 2;0,  0;0,  0> +
        (-0.0000153,-0.0000005)|  11, 0, 0;0,  0;0,  0> +
        ( 0.0000147,-0.0000001)|   8, 2, 2;0,  0;0,  0> +
        ( 0.0000050,-0.0000109)|   0, 2, 1;0,  0;0,  0> +
        (-0.0000002,-0.0000117)|   0, 3, 1;0,  0;0,  0> +
        (-0.0000086,-0.0000064)|   7, 1, 0;0,  0;0,  0> +
        (-0.0000019, 0.0000095)|   0, 0, 3;0,  0;0,  0> +
        ( 0.0000047, 0.0000071)|   6, 2, 3;0,  0;0,  0> +
        (-0.0000023, 0.0000068)|   2, 1, 1;0,  0;0,  0> +
        ( 0.0000058, 0.0000000)|   7, 0, 0;0,  0;0,  0> +
        (-0.0000047, 0.0000000)|   0, 1, 2;0,  0;0,  0> +
        (-0.0000045, 0.0000008)|   4, 1, 0;0,  0;0,  0> +
        ( 0.0000033, 0.0000003)|   8, 0, 0;0,  0;0,  0> +
        (-0.0000031, 0.0000000)|   2, 2, 2;0,  0;0,  0> +
        ( 0.0000010,-0.0000028)|   4, 0, 1;0,  0;0,  0> +
        ( 0.0000029, 0.0000001)|   3, 1, 0;0,  0;0,  0> +
        ( 0.0000027,-0.0000002)|   4, 2, 0;0,  0;0,  0> +
        (-0.0000011, 0.0000023)|   6, 0, 1;0,  0;1,  0> +
        ( 0.0000011,-0.0000023)|   6, 0, 1;1,  0;0,  0> +
        ( 0.0000016,-0.0000017)|   4, 0, 2;0,  0;0,  0> +
        ( 0.0000018, 0.0000001)|   2, 1, 0;0,  0;0,  0> +
        ( 0.0000015,-0.0000005)|   3, 2, 0;0,  0;0,  0> +
        ( 0.0000002,-0.0000016)|   2, 0, 1;0,  0;0,  0> +
        (-0.0000014, 0.0000005)|   3, 0, 2;0,  0;0,  0> +
        (-0.0000005,-0.0000013)|   3, 0, 1;0,  0;0,  0> +
        (-0.0000012, 0.0000000)|   1, 1, 0;0,  0;0,  0> +
        ( 0.0000000,-0.0000012)|   1, 0, 1;0,  0;0,  0> +
        (-0.0000011, 0.0000001)|   2, 0, 0;0,  0;1,  1> +
        (-0.0000005, 0.0000010)|   0, 3, 0;0,  0;0,  0> +
        (-0.0000009,-0.0000005)|   1, 1, 1;0,  0;0,  0> +
         ...
 |21> = ( 0.3732216, 0.8511458)|   5, 1, 0;0,  0;0,  0> +
        (-0.2535234,-0.2667397)|   5, 0, 1;0,  0;0,  0> +
        (-0.0266373,-0.0012162)|   9, 0, 0;0,  0;0,  0> +
        ( 0.0054556, 0.0014887)|   6, 1, 0;0,  0;0,  0> +
        (-0.0039362,-0.0000565)|   1, 1, 2;0,  0;0,  0> +
        (-0.0013924, 0.0035321)|   6, 0, 1;0,  0;0,  0> +
        ( 0.0015754, 0.0028102)|   3, 1, 1;0,  0;0,  0> +
        ( 0.0022404,-0.0013058)|   2, 2, 1;0,  0;0,  0> +
        ( 0.0023374,-0.0006972)|   2, 1, 2;0,  0;0,  0> +
        (-0.0008432,-0.0017284)|   1, 2, 1;0,  0;0,  0> +
        (-0.0000245, 0.0018087)|   4, 0, 3;0,  0;0,  0> +
        ( 0.0017828, 0.0000191)|   4, 3, 0;0,  0;0,  0> +
        ( 0.0002352, 0.0017394)|   0, 0, 3;0,  0;0,  0> +
        ( 0.0015559,-0.0004936)|   1, 3, 0;0,  0;0,  0> +
        ( 0.0006254,-0.0014645)|   0, 2, 1;0,  0;0,  0> +
        ( 0.0000826,-0.0015141)|   3, 0, 3;0,  0;0,  0> +
        (-0.0008841, 0.0012134)|   2, 3, 0;0,  0;0,  0> +
        (-0.0012454, 0.0005687)|   0, 1, 2;0,  0;0,  0> +
        ( 0.0012440,-0.0000018)|   6, 2, 2;0,  0;0,  0> +
        (-0.0005568,-0.0008663)|   5, 0, 2;0,  0;0,  0> +
        (-0.0000434, 0.0009646)|   1, 0, 3;0,  0;0,  0> +
        (-0.0000050, 0.0009109)|   0, 2, 3;0,  0;0,  0> +
        (-0.0000842,-0.0008873)|   4, 2, 3;0,  0;0,  0> +
        (-0.0000091, 0.0008779)|   4, 2, 1;0,  0;0,  0> +
        (-0.0001911, 0.0008520)|   5, 2, 0;0,  0;0,  0> +
        ( 0.0008638, 0.0000195)|   4, 1, 2;0,  0;0,  0> +
        (-0.0008596,-0.0000050)|   0, 3, 2;0,  0;0,  0> +
        (-0.0001153,-0.0007914)|   1, 3, 1;0,  0;0,  0> +
        ( 0.0007375,-0.0000046)|   3, 1, 2;0,  0;0,  0> +
        (-0.0005098, 0.0004577)|   2, 0, 3;0,  0;0,  0> +
        ( 0.0006613, 0.0000742)|   2, 3, 2;0,  0;0,  0> +
        (-0.0000072,-0.0006070)|   2, 3, 1;0,  0;0,  0> +
        ( 0.0005233, 0.0000000)|   2, 2, 2;0,  0;0,  0> +
        ( 0.0000757,-0.0004205)|   2, 2, 3;0,  0;0,  0> +
        (-0.0000003,-0.0003974)|   3, 3, 3;0,  0;0,  0> +
        ( 0.0000047, 0.0003653)|   0, 1, 3;0,  0;0,  0> +
        (-0.0000007, 0.0003258)|   0, 3, 1;0,  0;0,  0> +
        (-0.0001751, 0.0002671)|   0, 3, 0;0,  0;0,  0> +
        (-0.0002644, 0.0000862)|   3, 3, 2;0,  0;0,  0> +
        ( 0.0002389, 0.0001226)|   3, 3, 0;0,  0;0,  0> +
        ( 0.0000084,-0.0002275)|   1, 2, 3;0,  0;0,  0> +
        (-0.0000033,-0.0002110)|   8, 3, 3;0,  0;0,  0> +
        ( 0.0002081, 0.0000002)|   3, 2, 2;0,  0;0,  0> +
        ( 0.0000858, 0.0001751)|   3, 2, 3;0,  0;0,  0> +
        ( 0.0000822,-0.0001505)|   3, 2, 1;0,  0;0,  0> +
        (-0.0001636, 0.0000213)|   4, 3, 2;0,  0;0,  0> +
        ( 0.0000141, 0.0001595)|   7, 3, 3;0,  0;0,  0> +
        ( 0.0000606,-0.0001455)|   2, 1, 1;0,  0;0,  0> +
        ( 0.0000001, 0.0001507)|   0, 3, 3;0,  0;0,  0> +
        (-0.0001412,-0.0000015)|   5, 2, 2;0,  0;0,  0> +
        (-0.0000371, 0.0001245)|   4, 3, 1;0,  0;0,  0> +
        ( 0.0000028, 0.0001183)|   4, 1, 3;0,  0;0,  0> +
        ( 0.0000004, 0.0001068)|   5, 3, 3;0,  0;0,  0> +
        (-0.0001050, 0.0000072)|   1, 3, 2;0,  0;0,  0> +
        ( 0.0000001, 0.0000687)|   1, 3, 3;0,  0;0,  0> +
        ( 0.0000000, 0.0000621)|   4, 3, 3;0,  0;0,  0> +
        ( 0.0000229, 0.0000523)|   5, 1, 0;0,  0;1,  0> +
        (-0.0000229,-0.0000523)|   5, 1, 0;1,  0;0,  0> +
        ( 0.0000539, 0.0000071)|   6, 3, 3;0,  0;0,  0> +
        (-0.0000529, 0.0000020)|   6, 2, 0;0,  0;0,  0> +
        (-0.0000506, 0.0000014)|   6, 0, 2;0,  0;0,  0> +
        ( 0.0000050,-0.0000479)|   2, 1, 3;0,  0;0,  0> +
        (-0.0000446,-0.0000047)|   1, 1, 3;0,  0;0,  0> +
        (-0.0000421, 0.0000002)|   4, 2, 0;0,  0;0,  0> +
        ( 0.0000408,-0.0000003)|   4, 2, 2;0,  0;0,  0> +
        ( 0.0000392, 0.0000044)|   4, 0, 2;0,  0;0,  0> +
        ( 0.0000278,-0.0000094)|   3, 3, 1;0,  0;0,  0> +
        ( 0.0000156, 0.0000164)|   5, 0, 1;1,  0;0,  0> +
        (-0.0000156,-0.0000164)|   5, 0, 1;0,  0;1,  0> +
        ( 0.0000182, 0.0000002)|   7, 0, 0;0,  0;0,  0> +
        ( 0.0000031, 0.0000135)|   1, 1, 1;0,  0;0,  0> +
        (-0.0000030,-0.0000128)|   4, 0, 1;0,  0;0,  0> +
        (-0.0000127, 0.0000003)|   8, 0, 0;0,  0;0,  0> +
        (-0.0000019, 0.0000114)|   3, 1, 3;0,  0;0,  0> +
        ( 0.0000093,-0.0000017)|  10, 0, 0;0,  0;0,  0> +
        (-0.0000014,-0.0000069)|   4, 1, 1;0,  0;0,  0> +
        ( 0.0000058,-0.0000030)|   4, 1, 0;0,  0;0,  0> +
        ( 0.0000002,-0.0000017)|   0, 1, 1;0,  0;0,  0> +
        ( 0.0000015,-0.0000008)|  13, 0, 0;0,  0;0,  0> +
        (-0.0000016,-0.0000001)|   9, 0, 0;0,  0;1,  0> +
        ( 0.0000016, 0.0000001)|   9, 0, 0;1,  0;0,  0> +
        (-0.0000005, 0.0000012)|   2, 3, 3;0,  0;0,  0> +
        ( 0.0000007, 0.0000011)|   3, 1, 0;0,  0;0,  0> +
        ( 0.0000012, 0.0000001)|   3, 0, 1;0,  0;0,  0> +
        (-0.0000006, 0.0000008)|   7, 0, 1;0,  0;0,  0> +
         ...
 |22> = (-0.1962664,-0.9087608)|   5, 0, 1;0,  0;0,  0> +
        ( 0.0491956,-0.3648439)|   5, 1, 0;0,  0;0,  0> +
        ( 0.0020117,-0.0048379)|   2, 1, 1;0,  0;0,  0> +
        ( 0.0013016,-0.0032252)|   0, 2, 1;0,  0;0,  0> +
        ( 0.0003446, 0.0033803)|   0, 0, 3;0,  0;0,  0> +
        ( 0.0004748, 0.0030419)|   1, 0, 3;0,  0;0,  0> +
        (-0.0021744, 0.0010097)|   0, 1, 2;0,  0;0,  0> +
        ( 0.0008655, 0.0020259)|   3, 1, 1;0,  0;0,  0> +
        ( 0.0017966,-0.0002178)|   1, 1, 2;0,  0;0,  0> +
        (-0.0002670,-0.0017390)|   1, 3, 1;0,  0;0,  0> +
        (-0.0000226, 0.0014649)|   6, 3, 3;0,  0;0,  0> +
        ( 0.0009775, 0.0009586)|   2, 3, 0;0,  0;0,  0> +
        ( 0.0012410, 0.0003337)|   1, 3, 0;0,  0;0,  0> +
        (-0.0002044,-0.0012291)|   3, 2, 3;0,  0;0,  0> +
        ( 0.0011821, 0.0000009)|   4, 2, 2;0,  0;0,  0> +
        ( 0.0011041,-0.0000161)|   4, 3, 2;0,  0;0,  0> +
        (-0.0004716, 0.0009305)|   1, 2, 1;0,  0;0,  0> +
        ( 0.0000178, 0.0010005)|   4, 2, 3;0,  0;0,  0> +
        ( 0.0008801, 0.0000160)|   1, 3, 2;0,  0;0,  0> +
        (-0.0000128,-0.0008543)|   0, 1, 3;0,  0;0,  0> +
        (-0.0007971,-0.0000223)|   4, 2, 0;0,  0;0,  0> +
        ( 0.0007636,-0.0002015)|   3, 3, 2;0,  0;0,  0> +
        ( 0.0007460, 0.0002399)|   2, 0, 3;0,  0;0,  0> +
        ( 0.0000083,-0.0007569)|   2, 1, 3;0,  0;0,  0> +
        ( 0.0004201, 0.0005843)|   2, 2, 1;0,  0;0,  0> +
        ( 0.0007071, 0.0000510)|   2, 1, 2;0,  0;0,  0> +
        ( 0.0007019, 0.0000302)|   4, 0, 2;0,  0;0,  0> +
        ( 0.0006438, 0.0000294)|   2, 3, 2;0,  0;0,  0> +
        ( 0.0000157, 0.0006345)|   1, 2, 3;0,  0;0,  0> +
        ( 0.0005844, 0.0000007)|   3, 2, 2;0,  0;0,  0> +
        (-0.0002638, 0.0005116)|   0, 3, 0;0,  0;0,  0> +
        (-0.0000011, 0.0005207)|   0, 3, 1;0,  0;0,  0> +
        ( 0.0004932, 0.0000007)|   0, 3, 2;0,  0;0,  0> +
        (-0.0000002, 0.0004868)|   2, 3, 3;0,  0;0,  0> +
        (-0.0003918,-0.0001331)|   1, 1, 3;0,  0;0,  0> +
        ( 0.0003465,-0.0000144)|   5, 2, 0;0,  0;0,  0> +
        ( 0.0000006, 0.0002913)|   0, 2, 3;0,  0;0,  0> +
        ( 0.0002557, 0.0000490)|   5, 0, 2;0,  0;0,  0> +
        (-0.0000051,-0.0002490)|   3, 0, 3;0,  0;0,  0> +
        ( 0.0002242, 0.0000248)|   9, 0, 0;0,  0;0,  0> +
        (-0.0000101,-0.0002079)|   3, 3, 1;0,  0;0,  0> +
        ( 0.0000311, 0.0002031)|   2, 2, 3;0,  0;0,  0> +
        ( 0.0001910, 0.0000005)|   2, 2, 2;0,  0;0,  0> +
        ( 0.0000002, 0.0001755)|   0, 3, 3;0,  0;0,  0> +
        ( 0.0000001, 0.0001516)|   5, 3, 3;0,  0;0,  0> +
        (-0.0000016,-0.0001469)|   2, 3, 1;0,  0;0,  0> +
        (-0.0001372,-0.0000383)|   6, 1, 0;0,  0;0,  0> +
        (-0.0001230,-0.0000045)|   3, 1, 2;0,  0;0,  0> +
        (-0.0001203, 0.0000078)|   3, 3, 0;0,  0;0,  0> +
        ( 0.0000969, 0.0000017)|   5, 2, 2;0,  0;0,  0> +
        ( 0.0000353,-0.0000886)|   6, 0, 1;0,  0;0,  0> +
        ( 0.0000078,-0.0000722)|   3, 2, 1;0,  0;0,  0> +
        (-0.0000211,-0.0000617)|   4, 0, 1;0,  0;0,  0> +
        ( 0.0000596,-0.0000209)|   4, 1, 0;0,  0;0,  0> +
        (-0.0000000,-0.0000598)|   4, 3, 3;0,  0;0,  0> +
        ( 0.0000121, 0.0000558)|   5, 0, 1;1,  0;0,  0> +
        (-0.0000121,-0.0000558)|   5, 0, 1;0,  0;1,  0> +
        ( 0.0000003,-0.0000533)|   4, 0, 3;0,  0;0,  0> +
        (-0.0000512, 0.0000004)|   6, 2, 2;0,  0;0,  0> +
        ( 0.0000001, 0.0000509)|   3, 3, 3;0,  0;0,  0> +
        (-0.0000507,-0.0000003)|   4, 3, 0;0,  0;0,  0> +
        (-0.0000505,-0.0000003)|   1, 2, 2;0,  0;0,  0> +
        (-0.0000020, 0.0000389)|   1, 1, 1;0,  0;0,  0> +
        ( 0.0000000,-0.0000260)|   4, 2, 1;0,  0;0,  0> +
        (-0.0000259,-0.0000003)|   4, 1, 2;0,  0;0,  0> +
        (-0.0000030, 0.0000224)|   5, 1, 0;1,  0;0,  0> +
        ( 0.0000030,-0.0000224)|   5, 1, 0;0,  0;1,  0> +
        ( 0.0000006, 0.0000122)|   3, 1, 3;0,  0;0,  0> +
        ( 0.0000103, 0.0000006)|   3, 1, 0;0,  0;0,  0> +
        ( 0.0000065, 0.0000000)|   6, 0, 0;0,  0;0,  0> +
        ( 0.0000062,-0.0000003)|   8, 0, 0;0,  0;0,  0> +
        ( 0.0000001, 0.0000050)|   8, 3, 3;0,  0;0,  0> +
        ( 0.0000048,-0.0000004)|   3, 0, 2;0,  0;0,  0> +
        (-0.0000038,-0.0000021)|   3, 2, 0;0,  0;0,  0> +
        ( 0.0000032, 0.0000003)|   7, 0, 0;0,  0;0,  0> +
        ( 0.0000005,-0.0000027)|   0, 1, 1;0,  0;0,  0> +
        ( 0.0000007,-0.0000025)|   4, 3, 1;0,  0;0,  0> +
        (-0.0000000,-0.0000023)|   4, 1, 3;0,  0;0,  0> +
        (-0.0000007, 0.0000016)|   7, 3, 3;0,  0;0,  0> +
        (-0.0000016,-0.0000000)|  11, 0, 0;0,  0;0,  0> +
        (-0.0000016,-0.0000000)|   6, 0, 2;0,  0;0,  0> +
        (-0.0000013, 0.0000001)|   6, 2, 0;0,  0;0,  0> +
        (-0.0000011,-0.0000003)|   2, 1, 0;0,  0;0,  0> +
        ( 0.0000007,-0.0000008)|   3, 0, 1;0,  0;0,  0> +
         ...
 |23> = ( 0.7072360,-0.0000000)|   0, 2, 0;0,  0;0,  0> +
        (-0.7069700, 0.0000000)|   0, 0, 2;0,  0;0,  0> +
        (-0.0019166,-0.0000000)|   0, 1, 0;0,  0;0,  0> +
        (-0.0015885,-0.0000000)|   1, 0, 2;0,  0;0,  0> +
        (-0.0015529, 0.0000000)|   1, 2, 0;0,  0;0,  0> +
        (-0.0005769, 0.0000000)|   3, 0, 0;0,  0;0,  0> +
        ( 0.0000435,-0.0000000)|   0, 2, 0;0,  0;1,  0> +
        (-0.0000435, 0.0000000)|   0, 2, 0;1,  0;0,  0> +
        (-0.0000434,-0.0000000)|   0, 0, 2;0,  0;1,  0> +
        ( 0.0000434,-0.0000000)|   0, 0, 2;1,  0;0,  0> +
        (-0.0000000,-0.0000152)|   0, 0, 1;0,  0;0,  0> +
        (-0.0000015,-0.0000000)|   4, 0, 0;0,  0;0,  0> +
        (-0.0000011,-0.0000000)|   0, 2, 2;0,  0;0,  0> +
         ...
 |24> = ( 0.7072392, 0.0000000)|   0, 0, 2;0,  0;0,  0> +
        ( 0.7069732,-0.0000000)|   0, 2, 0;0,  0;0,  0> +
        (-0.0007929,-0.0000000)|   2, 0, 0;0,  0;0,  0> +
        ( 0.0000435,-0.0000000)|   0, 0, 2;0,  0;1,  0> +
        (-0.0000435,-0.0000000)|   0, 0, 2;1,  0;0,  0> +
        ( 0.0000434, 0.0000000)|   0, 2, 0;0,  0;1,  0> +
        (-0.0000434, 0.0000000)|   0, 2, 0;1,  0;0,  0> +
         ...
