# Parameters of the model
#  mass:		    261.00 u
#  charge:	      1.00 e
#  dipole:	      4.74 D
#  B:		    503.65 MHz
#  omega_rho:	      1.40 MHz
#  omega_z:	      0.12 MHz

# Basis truncation:	|34,4,4;2,2>
# omega_1:	      0.21 MHz
# omega_3/5:	      1.39 MHz
# Basis size:		44064

# Active terms of the Hamiltionian:
# 	Nomal modes:	1
# 	T_rot:      	1
# 	V_qd^{(0)}: 	1
# 	V_qd^{(1)}: 	1
# 	V_dd^{(0)}: 	1

# Results of the diagonalisation

# 100 smallest eigenvalues
 7.100000858 8.115060806 9.087551117 10.089920044 11.058565140 12.078870773 13.201261520 13.739503860 13.776046753 14.395655632 14.715115547 14.776870728 15.028623581 15.694076538 15.744209290 16.213941574 16.753475189 16.787366867 17.355926514 17.751911163 17.898605347 18.071254730 18.506208420 18.951417923 19.382194519 19.634428024 19.739334106 19.996912003 20.282415390 20.287315369 20.315402985 20.594041824 20.658981323 21.068902969 21.358909607 21.363056183 21.440254211 21.939361572 22.129665375 22.239690781 22.245531082 22.296178818 22.346462250 22.654073715 22.679639816 23.227197647 23.300010681 23.314519882 23.352737427 23.606021881 23.738554001 23.768993378 24.231477737 24.348989487 24.375602722 24.872549057 24.988132477 25.149600983 25.406423569 25.426074982 25.474863052 25.590225220 25.780294418 26.224058151 26.238624573 26.387647629 26.506032944 26.653858185 26.666740417 26.795169830 26.878961563 26.916734695 26.987833023 27.284856796 27.488115311 27.532276154 27.550508499 27.584793091 27.822528839 27.825647354 27.908905029 27.923822403 27.960477829 27.976890564 28.266227722 28.620552063 28.676523209 28.717809677 28.812894821 28.916604996 28.921367645 28.932264328 29.098941803 29.210500717 29.326370239 29.364879608 29.400300980 29.828155518 29.835498810 29.848644257

# Ground state and the lowest excitations:
 | 0> = ( 1.0000000, 0.0000000)|   0, 0, 0;0,  0;0,  0> +
        ( 0.0000458, 0.0000000)|   0, 0, 0;0,  0;1,  0> +
        (-0.0000458, 0.0000000)|   0, 0, 0;1,  0;0,  0> +
         ...
 | 1> = ( 1.0000007, 0.0000000)|   1, 0, 0;0,  0;0,  0> +
        (-0.0000458,-0.0000000)|   1, 0, 0;1,  0;0,  0> +
        ( 0.0000458,-0.0000000)|   1, 0, 0;0,  0;1,  0> +
        ( 0.0000044, 0.0000000)|   2, 0, 0;0,  0;0,  0> +
         ...
 | 2> = (-1.0000000, 0.0000000)|   2, 0, 0;0,  0;0,  0> +
        (-0.0002817, 0.0000000)|   0, 0, 2;0,  0;0,  0> +
        (-0.0000913,-0.0000000)|   0, 2, 0;0,  0;0,  0> +
        (-0.0000458,-0.0000000)|   2, 0, 0;0,  0;1,  0> +
        ( 0.0000458, 0.0000000)|   2, 0, 0;1,  0;0,  0> +
        ( 0.0000044, 0.0000000)|   1, 0, 0;0,  0;0,  0> +
        ( 0.0000000,-0.0000027)|   0, 0, 1;0,  0;0,  0> +
        (-0.0000026, 0.0000000)|   0, 1, 0;0,  0;0,  0> +
         ...
 | 3> = ( 0.9999999, 0.0000000)|   3, 0, 0;0,  0;0,  0> +
        ( 0.0000000, 0.0007889)|   0, 0, 1;0,  0;0,  0> +
        (-0.0006967, 0.0000000)|   0, 1, 0;0,  0;0,  0> +
        ( 0.0002027, 0.0000000)|   1, 2, 0;0,  0;0,  0> +
        ( 0.0001974,-0.0000000)|   1, 0, 2;0,  0;0,  0> +
        (-0.0000000,-0.0000706)|   1, 0, 1;0,  0;0,  0> +
        (-0.0000700,-0.0000000)|   1, 1, 0;0,  0;0,  0> +
        ( 0.0000458, 0.0000000)|   3, 0, 0;0,  0;1,  0> +
        (-0.0000458,-0.0000000)|   3, 0, 0;1,  0;0,  0> +
        (-0.0000307,-0.0000000)|   4, 0, 0;0,  0;0,  0> +
        ( 0.0000101, 0.0000000)|   0, 2, 0;0,  0;0,  0> +
        (-0.0000101, 0.0000000)|   0, 0, 2;0,  0;0,  0> +
         ...
 | 4> = ( 0.9999753,-0.0000000)|   4, 0, 0;0,  0;0,  0> +
        (-0.0000001, 0.0052356)|   1, 0, 1;0,  0;0,  0> +
        ( 0.0044179,-0.0000001)|   1, 1, 0;0,  0;0,  0> +
        ( 0.0006158,-0.0000000)|   1, 0, 2;0,  0;0,  0> +
        (-0.0004498, 0.0000007)|   2, 1, 0;0,  0;0,  0> +
        ( 0.0000013,-0.0004261)|   2, 0, 1;0,  0;0,  0> +
        ( 0.0004135, 0.0000000)|   1, 2, 0;0,  0;0,  0> +
        ( 0.0003620, 0.0000000)|   2, 2, 0;0,  0;0,  0> +
        (-0.0001736, 0.0000000)|   0, 2, 2;0,  0;0,  0> +
        ( 0.0001434,-0.0000000)|   2, 0, 2;0,  0;0,  0> +
        (-0.0000458, 0.0000000)|   4, 0, 0;1,  0;0,  0> +
        ( 0.0000458,-0.0000000)|   4, 0, 0;0,  0;1,  0> +
        ( 0.0000309, 0.0000000)|   3, 0, 0;0,  0;0,  0> +
        (-0.0000036, 0.0000000)|   0, 1, 0;0,  0;0,  0> +
        ( 0.0000000, 0.0000035)|   0, 0, 1;0,  0;0,  0> +
        (-0.0000000, 0.0000024)|   0, 0, 3;0,  0;0,  0> +
        ( 0.0000023,-0.0000000)|   0, 3, 0;0,  0;0,  0> +
        ( 0.0000000, 0.0000018)|   0, 2, 1;0,  0;0,  0> +
        ( 0.0000011, 0.0000000)|   0, 1, 2;0,  0;0,  0> +
         ...
 | 5> = ( 0.9999847, 0.0002866)|   5, 0, 0;0,  0;0,  0> +
        (-0.0033226, 0.0000045)|   2, 2, 0;0,  0;0,  0> +
        (-0.0026561, 0.0001512)|   2, 1, 0;0,  0;0,  0> +
        ( 0.0001440, 0.0021460)|   2, 0, 1;0,  0;0,  0> +
        ( 0.0017996,-0.0000044)|   2, 0, 2;0,  0;0,  0> +
        (-0.0014051,-0.0000005)|   1, 2, 2;0,  0;0,  0> +
        (-0.0000595,-0.0009553)|   0, 2, 1;0,  0;0,  0> +
        (-0.0000525,-0.0009226)|   0, 0, 3;0,  0;0,  0> +
        (-0.0003805,-0.0000844)|   0, 3, 0;0,  0;0,  0> +
        (-0.0002834,-0.0000023)|   2, 2, 2;0,  0;0,  0> +
        (-0.0002666,-0.0000000)|   1, 0, 2;0,  0;0,  0> +
        ( 0.0002651, 0.0000000)|   1, 2, 0;0,  0;0,  0> +
        (-0.0001407,-0.0000000)|   0, 2, 2;0,  0;0,  0> +
        ( 0.0001191,-0.0000039)|   0, 1, 2;0,  0;0,  0> +
        ( 0.0000694, 0.0000003)|   1, 1, 0;0,  0;0,  0> +
        ( 0.0000003,-0.0000643)|   1, 0, 1;0,  0;0,  0> +
        ( 0.0000458, 0.0000000)|   5, 0, 0;0,  0;1,  0> +
        (-0.0000458,-0.0000000)|   5, 0, 0;1,  0;0,  0> +
        (-0.0000367,-0.0000005)|   3, 0, 2;0,  0;0,  0> +
        (-0.0000338,-0.0000004)|   3, 2, 0;0,  0;0,  0> +
        (-0.0000019,-0.0000321)|   0, 1, 1;0,  0;0,  0> +
        ( 0.0000000,-0.0000051)|   0, 2, 3;0,  0;0,  0> +
        (-0.0000051, 0.0000000)|   0, 3, 2;0,  0;0,  0> +
        ( 0.0000000,-0.0000017)|   0, 1, 3;0,  0;0,  0> +
        ( 0.0000012,-0.0000000)|   4, 0, 0;0,  0;0,  0> +
         ...
 | 6> = ( 0.9999834, 0.0001038)|   6, 0, 0;0,  0;0,  0> +
        ( 0.0000010,-0.0025944)|   0, 1, 1;0,  0;0,  0> +
        (-0.0000151, 0.0019919)|   1, 0, 3;0,  0;0,  0> +
        ( 0.0019431, 0.0000041)|   1, 3, 0;0,  0;0,  0> +
        ( 0.0000021,-0.0019202)|   3, 0, 1;0,  0;0,  0> +
        (-0.0018097, 0.0000036)|   3, 1, 0;0,  0;0,  0> +
        (-0.0000935,-0.0017927)|   0, 2, 1;0,  0;0,  0> +
        ( 0.0014608,-0.0005692)|   0, 1, 2;0,  0;0,  0> +
        ( 0.0011556, 0.0000325)|   3, 0, 2;0,  0;0,  0> +
        ( 0.0011393,-0.0000062)|   1, 1, 2;0,  0;0,  0> +
        ( 0.0000038, 0.0011201)|   1, 2, 1;0,  0;0,  0> +
        ( 0.0000019,-0.0007933)|   0, 1, 3;0,  0;0,  0> +
        ( 0.0006744,-0.0000348)|   3, 2, 0;0,  0;0,  0> +
        (-0.0006067,-0.0000148)|   0, 3, 2;0,  0;0,  0> +
        (-0.0000001,-0.0004271)|   0, 3, 3;0,  0;0,  0> +
        ( 0.0004201,-0.0000009)|   2, 0, 2;0,  0;0,  0> +
        (-0.0004151, 0.0000009)|   2, 2, 0;0,  0;0,  0> +
        (-0.0000678, 0.0003660)|   0, 3, 0;0,  0;0,  0> +
        (-0.0003288,-0.0000005)|   1, 2, 2;0,  0;0,  0> +
        ( 0.0002786, 0.0000001)|   2, 2, 2;0,  0;0,  0> +
        ( 0.0000909, 0.0002340)|   0, 0, 3;0,  0;0,  0> +
        (-0.0002057, 0.0000000)|   0, 2, 2;0,  0;0,  0> +
        ( 0.0001678,-0.0000008)|   4, 0, 2;0,  0;0,  0> +
        ( 0.0001465, 0.0000020)|   4, 2, 0;0,  0;0,  0> +
        ( 0.0001457,-0.0000076)|   2, 1, 0;0,  0;0,  0> +
        (-0.0000072,-0.0001423)|   2, 0, 1;0,  0;0,  0> +
        (-0.0000054,-0.0001377)|   0, 3, 1;0,  0;0,  0> +
        (-0.0000149,-0.0000767)|   0, 2, 3;0,  0;0,  0> +
        (-0.0000458,-0.0000000)|   6, 0, 0;1,  0;0,  0> +
        ( 0.0000458, 0.0000000)|   6, 0, 0;0,  0;1,  0> +
        (-0.0000086, 0.0000002)|   3, 2, 2;0,  0;0,  0> +
        (-0.0000000,-0.0000070)|   2, 0, 3;0,  0;0,  0> +
        (-0.0000069, 0.0000001)|   2, 3, 0;0,  0;0,  0> +
        (-0.0000043, 0.0000001)|   5, 0, 0;0,  0;0,  0> +
        (-0.0000000,-0.0000041)|   2, 2, 1;0,  0;0,  0> +
        (-0.0000036,-0.0000000)|   2, 1, 2;0,  0;0,  0> +
        ( 0.0000001, 0.0000017)|   1, 0, 1;0,  0;0,  0> +
        ( 0.0000016,-0.0000000)|   1, 2, 0;0,  0;0,  0> +
        (-0.0000015,-0.0000000)|   1, 0, 2;0,  0;0,  0> +
        (-0.0000014, 0.0000000)|  10, 0, 0;0,  0;0,  0> +
        ( 0.0000011,-0.0000000)|   8, 0, 0;0,  0;0,  0> +
        (-0.0000011, 0.0000001)|   1, 1, 0;0,  0;0,  0> +
         ...
 | 7> = ( 0.0000000,-0.7155662)|   0, 0, 1;0,  0;0,  0> +
        ( 0.6985378, 0.0000000)|   0, 1, 0;0,  0;0,  0> +
        ( 0.0022174, 0.0000000)|   1, 2, 0;0,  0;0,  0> +
        ( 0.0020488,-0.0000000)|   1, 0, 2;0,  0;0,  0> +
        ( 0.0010505,-0.0000000)|   3, 0, 0;0,  0;0,  0> +
        ( 0.0000000,-0.0002350)|   1, 0, 1;0,  0;0,  0> +
        (-0.0002091, 0.0000000)|   1, 1, 0;0,  0;0,  0> +
        ( 0.0001181,-0.0000000)|   0, 0, 2;0,  0;0,  0> +
        (-0.0001173, 0.0000000)|   0, 2, 0;0,  0;0,  0> +
        (-0.0000000,-0.0000328)|   0, 0, 1;0,  0;1,  0> +
        (-0.0000000, 0.0000328)|   0, 0, 1;1,  0;0,  0> +
        ( 0.0000320,-0.0000000)|   0, 1, 0;0,  0;1,  0> +
        (-0.0000320, 0.0000000)|   0, 1, 0;1,  0;0,  0> +
        (-0.0000094,-0.0000000)|   0, 2, 2;0,  0;0,  0> +
        ( 0.0000051, 0.0000000)|   4, 0, 0;0,  0;0,  0> +
        ( 0.0000041,-0.0000000)|   2, 1, 0;0,  0;0,  0> +
        (-0.0000000, 0.0000038)|   2, 0, 1;0,  0;0,  0> +
        (-0.0000030,-0.0000000)|   2, 2, 0;0,  0;0,  0> +
        (-0.0000025, 0.0000000)|   2, 0, 2;0,  0;0,  0> +
         ...
 | 8> = ( 0.7155686, 0.0000000)|   0, 1, 0;0,  0;0,  0> +
        ( 0.0000000, 0.6985401)|   0, 0, 1;0,  0;0,  0> +
        (-0.0012989,-0.0000000)|   0, 0, 2;0,  0;0,  0> +
        ( 0.0012356, 0.0000000)|   0, 2, 0;0,  0;0,  0> +
        (-0.0000529,-0.0000000)|   3, 0, 0;0,  0;0,  0> +
        (-0.0000328, 0.0000000)|   0, 1, 0;1,  0;0,  0> +
        ( 0.0000328,-0.0000000)|   0, 1, 0;0,  0;1,  0> +
        (-0.0000000, 0.0000320)|   0, 0, 1;0,  0;1,  0> +
        (-0.0000000,-0.0000320)|   0, 0, 1;1,  0;0,  0> +
        ( 0.0000259, 0.0000000)|   1, 2, 0;0,  0;0,  0> +
        ( 0.0000239,-0.0000000)|   1, 0, 2;0,  0;0,  0> +
        (-0.0000035,-0.0000000)|   2, 0, 0;0,  0;0,  0> +
        ( 0.0000000,-0.0000028)|   1, 0, 1;0,  0;0,  0> +
        (-0.0000025, 0.0000000)|   1, 1, 0;0,  0;0,  0> +
         ...
 | 9> = ( 0.9641558, 0.2649273)|   7, 0, 0;0,  0;0,  0> +
        ( 0.0001671, 0.0122802)|   4, 0, 1;0,  0;0,  0> +
        ( 0.0051902, 0.0001684)|   4, 1, 0;0,  0;0,  0> +
        (-0.0000215,-0.0043157)|   1, 1, 1;0,  0;0,  0> +
        (-0.0022076,-0.0002392)|   4, 2, 0;0,  0;0,  0> +
        ( 0.0021298, 0.0002349)|   4, 0, 2;0,  0;0,  0> +
        ( 0.0000699,-0.0013403)|   1, 2, 1;0,  0;0,  0> +
        ( 0.0003014,-0.0012266)|   0, 2, 1;0,  0;0,  0> +
        (-0.0002551, 0.0011060)|   0, 0, 3;0,  0;0,  0> +
        ( 0.0010448,-0.0000163)|   8, 0, 0;0,  0;0,  0> +
        ( 0.0009887,-0.0000539)|   3, 2, 0;0,  0;0,  0> +
        (-0.0009855, 0.0000489)|   3, 0, 2;0,  0;0,  0> +
        ( 0.0000020,-0.0009458)|   1, 2, 3;0,  0;0,  0> +
        ( 0.0000207,-0.0008053)|   2, 0, 3;0,  0;0,  0> +
        (-0.0007430, 0.0000046)|   2, 3, 0;0,  0;0,  0> +
        ( 0.0006310, 0.0001275)|   1, 3, 1;0,  0;0,  0> +
        (-0.0002844,-0.0004777)|   0, 1, 2;0,  0;0,  0> +
        ( 0.0005553,-0.0000001)|   1, 2, 2;0,  0;0,  0> +
        ( 0.0000623,-0.0005409)|   1, 1, 3;0,  0;0,  0> +
        (-0.0000172,-0.0005404)|   2, 2, 1;0,  0;0,  0> +
        ( 0.0005257, 0.0000071)|   4, 2, 2;0,  0;0,  0> +
        ( 0.0005107, 0.0000009)|   1, 3, 2;0,  0;0,  0> +
        (-0.0005003, 0.0000045)|   2, 1, 2;0,  0;0,  0> +
        ( 0.0000001,-0.0004486)|   1, 3, 3;0,  0;0,  0> +
        ( 0.0003384, 0.0000038)|   1, 3, 0;0,  0;0,  0> +
        ( 0.0000000,-0.0003269)|   2, 3, 3;0,  0;0,  0> +
        (-0.0000775,-0.0003169)|   1, 0, 3;0,  0;0,  0> +
        (-0.0002349, 0.0001947)|   0, 3, 0;0,  0;0,  0> +
        (-0.0003015, 0.0000095)|   2, 3, 2;0,  0;0,  0> +
        (-0.0002883,-0.0000065)|   0, 3, 2;0,  0;0,  0> +
        (-0.0000000,-0.0002667)|   0, 3, 3;0,  0;0,  0> +
        ( 0.0000093,-0.0002659)|   0, 1, 3;0,  0;0,  0> +
        (-0.0000458, 0.0002452)|   0, 3, 1;0,  0;0,  0> +
        (-0.0002056,-0.0000736)|   1, 1, 2;0,  0;0,  0> +
        ( 0.0000092,-0.0001482)|   2, 2, 3;0,  0;0,  0> +
        (-0.0000066,-0.0001352)|   0, 2, 3;0,  0;0,  0> +
        ( 0.0000968, 0.0000002)|   2, 2, 2;0,  0;0,  0> +
        (-0.0000019,-0.0000746)|   3, 0, 1;0,  0;0,  0> +
        ( 0.0000745,-0.0000017)|   3, 1, 0;0,  0;0,  0> +
        ( 0.0000442, 0.0000121)|   7, 0, 0;0,  0;1,  0> +
        (-0.0000442,-0.0000121)|   7, 0, 0;1,  0;0,  0> +
        (-0.0000260, 0.0000002)|   3, 2, 2;0,  0;0,  0> +
        (-0.0000033, 0.0000066)|   2, 1, 1;0,  0;0,  0> +
        ( 0.0000032,-0.0000000)|  10, 0, 0;0,  0;0,  0> +
        ( 0.0000026, 0.0000001)|   9, 0, 0;0,  0;0,  0> +
        (-0.0000001,-0.0000020)|   2, 3, 1;0,  0;0,  0> +
        ( 0.0000000,-0.0000018)|   2, 1, 3;0,  0;0,  0> +
        (-0.0000017, 0.0000000)|   5, 2, 0;0,  0;0,  0> +
        ( 0.0000001,-0.0000014)|   2, 0, 1;0,  0;0,  0> +
        ( 0.0000013, 0.0000000)|  11, 0, 0;0,  0;0,  0> +
        (-0.0000011, 0.0000000)|   5, 0, 2;0,  0;0,  0> +
        (-0.0000010,-0.0000000)|   6, 0, 0;0,  0;0,  0> +
         ...
 |10> = (-0.7215713,-0.0001056)|   1, 1, 0;0,  0;0,  0> +
        (-0.0001051, 0.6923012)|   1, 0, 1;0,  0;0,  0> +
        ( 0.0004023,-0.0050368)|   2, 0, 1;0,  0;0,  0> +
        (-0.0044298, 0.0000343)|   2, 1, 0;0,  0;0,  0> +
        (-0.0018475,-0.0000045)|   2, 0, 2;0,  0;0,  0> +
        ( 0.0017027, 0.0000072)|   1, 2, 2;0,  0;0,  0> +
        ( 0.0009350, 0.0000045)|   2, 2, 0;0,  0;0,  0> +
        (-0.0007082,-0.0000000)|   1, 2, 0;0,  0;0,  0> +
        ( 0.0004740, 0.0000000)|   1, 0, 2;0,  0;0,  0> +
        (-0.0004411,-0.0000000)|   4, 0, 0;0,  0;0,  0> +
        (-0.0004306, 0.0000000)|   0, 2, 2;0,  0;0,  0> +
        (-0.0001781, 0.0000564)|   0, 1, 2;0,  0;0,  0> +
        (-0.0001162, 0.0001345)|   0, 2, 1;0,  0;0,  0> +
        ( 0.0000862,-0.0001501)|   0, 3, 0;0,  0;0,  0> +
        ( 0.0001029, 0.0000008)|   5, 0, 0;0,  0;0,  0> +
        (-0.0000500, 0.0000195)|   0, 0, 3;0,  0;0,  0> +
        (-0.0000002,-0.0000438)|   0, 1, 1;0,  0;0,  0> +
        (-0.0000331,-0.0000000)|   1, 1, 0;0,  0;1,  0> +
        ( 0.0000331, 0.0000000)|   1, 1, 0;1,  0;0,  0> +
        (-0.0000000, 0.0000317)|   1, 0, 1;0,  0;1,  0> +
        ( 0.0000000,-0.0000317)|   1, 0, 1;1,  0;0,  0> +
        (-0.0000000,-0.0000088)|   0, 0, 1;0,  0;0,  0> +
        ( 0.0000088,-0.0000000)|   0, 1, 0;0,  0;0,  0> +
        (-0.0000056,-0.0000002)|   2, 2, 2;0,  0;0,  0> +
        (-0.0000016, 0.0000000)|   3, 0, 0;0,  0;0,  0> +
        (-0.0000012,-0.0000001)|   3, 0, 2;0,  0;0,  0> +
         ...
 |11> = ( 0.0000015,-0.7215743)|   1, 0, 1;0,  0;0,  0> +
        (-0.6922921, 0.0000015)|   1, 1, 0;0,  0;0,  0> +
        ( 0.0068349, 0.0000000)|   4, 0, 0;0,  0;0,  0> +
        ( 0.0022598, 0.0000000)|   1, 2, 0;0,  0;0,  0> +
        (-0.0014608, 0.0000020)|   2, 1, 0;0,  0;0,  0> +
        (-0.0000031,-0.0013672)|   2, 0, 1;0,  0;0,  0> +
        (-0.0013063, 0.0000002)|   2, 2, 0;0,  0;0,  0> +
        (-0.0011833,-0.0000000)|   0, 2, 2;0,  0;0,  0> +
        (-0.0010234,-0.0000000)|   1, 0, 2;0,  0;0,  0> +
        (-0.0008056,-0.0000002)|   2, 0, 2;0,  0;0,  0> +
        ( 0.0000000, 0.0002242)|   0, 0, 1;0,  0;0,  0> +
        (-0.0002241, 0.0000000)|   0, 1, 0;0,  0;0,  0> +
        (-0.0000998,-0.0000000)|   3, 0, 0;0,  0;0,  0> +
        (-0.0000345,-0.0000001)|   1, 2, 2;0,  0;0,  0> +
        (-0.0000000, 0.0000331)|   1, 0, 1;1,  0;0,  0> +
        ( 0.0000000,-0.0000331)|   1, 0, 1;0,  0;1,  0> +
        ( 0.0000317,-0.0000000)|   1, 1, 0;1,  0;0,  0> +
        (-0.0000317, 0.0000000)|   1, 1, 0;0,  0;1,  0> +
        (-0.0000159, 0.0000029)|   0, 3, 0;0,  0;0,  0> +
        ( 0.0000009,-0.0000137)|   0, 0, 3;0,  0;0,  0> +
        ( 0.0000024,-0.0000128)|   0, 2, 1;0,  0;0,  0> +
        (-0.0000036,-0.0000011)|   0, 1, 2;0,  0;0,  0> +
        (-0.0000033,-0.0000000)|   5, 0, 0;0,  0;0,  0> +
        (-0.0000028, 0.0000000)|   0, 2, 0;0,  0;0,  0> +
        ( 0.0000023, 0.0000000)|   0, 0, 2;0,  0;0,  0> +
         ...
 |12> = (-0.9998416, 0.0154717)|   8, 0, 0;0,  0;0,  0> +
        ( 0.0000248, 0.0052224)|   1, 1, 1;0,  0;0,  0> +
        ( 0.0020612,-0.0040370)|   2, 1, 1;0,  0;0,  0> +
        (-0.0000784,-0.0033994)|   4, 0, 1;0,  0;0,  0> +
        ( 0.0020381, 0.0000376)|   4, 0, 2;0,  0;0,  0> +
        ( 0.0016749,-0.0000774)|   4, 1, 0;0,  0;0,  0> +
        ( 0.0001486,-0.0013298)|   1, 0, 3;0,  0;0,  0> +
        (-0.0000002, 0.0013142)|   0, 1, 3;0,  0;0,  0> +
        (-0.0012967, 0.0000525)|   1, 3, 0;0,  0;0,  0> +
        ( 0.0012628,-0.0000405)|   4, 2, 0;0,  0;0,  0> +
        (-0.0011183, 0.0000001)|   1, 2, 2;0,  0;0,  0> +
        ( 0.0010619, 0.0002922)|   7, 0, 0;0,  0;0,  0> +
        (-0.0000001, 0.0008315)|   1, 2, 3;0,  0;0,  0> +
        (-0.0001283, 0.0007943)|   1, 2, 1;0,  0;0,  0> +
        ( 0.0000132, 0.0006098)|   0, 2, 1;0,  0;0,  0> +
        (-0.0005433, 0.0002715)|   0, 1, 2;0,  0;0,  0> +
        (-0.0000044, 0.0006007)|   2, 2, 3;0,  0;0,  0> +
        ( 0.0005205,-0.0000270)|   3, 2, 0;0,  0;0,  0> +
        (-0.0005068, 0.0000322)|   1, 1, 2;0,  0;0,  0> +
        (-0.0005039, 0.0000251)|   3, 0, 2;0,  0;0,  0> +
        ( 0.0000074,-0.0004867)|   2, 2, 1;0,  0;0,  0> +
        ( 0.0004117, 0.0000036)|   1, 3, 2;0,  0;0,  0> +
        ( 0.0000000,-0.0004113)|   2, 3, 3;0,  0;0,  0> +
        (-0.0003788,-0.0000104)|   0, 3, 2;0,  0;0,  0> +
        (-0.0003698, 0.0000003)|   4, 2, 2;0,  0;0,  0> +
        (-0.0000001,-0.0003021)|   0, 3, 3;0,  0;0,  0> +
        (-0.0000053, 0.0002917)|   0, 3, 1;0,  0;0,  0> +
        ( 0.0001714,-0.0002111)|   0, 3, 0;0,  0;0,  0> +
        ( 0.0002630,-0.0000002)|   2, 2, 2;0,  0;0,  0> +
        (-0.0002551, 0.0000247)|   2, 1, 2;0,  0;0,  0> +
        ( 0.0002447,-0.0000003)|   3, 2, 2;0,  0;0,  0> +
        ( 0.0000018, 0.0002331)|   4, 3, 3;0,  0;0,  0> +
        (-0.0000617,-0.0002100)|   0, 0, 3;0,  0;0,  0> +
        ( 0.0001906, 0.0000438)|   1, 3, 1;0,  0;0,  0> +
        (-0.0001833,-0.0000038)|   5, 0, 2;0,  0;0,  0> +
        ( 0.0000108,-0.0001821)|   2, 1, 3;0,  0;0,  0> +
        (-0.0000162,-0.0001671)|   2, 3, 1;0,  0;0,  0> +
        ( 0.0000218,-0.0001635)|   2, 0, 3;0,  0;0,  0> +
        (-0.0000104,-0.0001336)|   0, 2, 3;0,  0;0,  0> +
        (-0.0001315,-0.0000233)|   5, 2, 0;0,  0;0,  0> +
        ( 0.0000006,-0.0000711)|   3, 3, 3;0,  0;0,  0> +
        ( 0.0000472,-0.0000027)|   2, 3, 2;0,  0;0,  0> +
        ( 0.0000458,-0.0000007)|   8, 0, 0;1,  0;0,  0> +
        (-0.0000458, 0.0000007)|   8, 0, 0;0,  0;1,  0> +
        (-0.0000413, 0.0000113)|   2, 3, 0;0,  0;0,  0> +
        ( 0.0000188, 0.0000226)|   1, 1, 3;0,  0;0,  0> +
        ( 0.0000225, 0.0000007)|   3, 3, 2;0,  0;0,  0> +
        (-0.0000003, 0.0000206)|   3, 2, 3;0,  0;0,  0> +
        ( 0.0000142,-0.0000042)|   5, 1, 0;0,  0;0,  0> +
        (-0.0000000,-0.0000144)|   1, 3, 3;0,  0;0,  0> +
        ( 0.0000079,-0.0000001)|   6, 0, 0;0,  0;0,  0> +
        ( 0.0000023, 0.0000068)|   5, 0, 1;0,  0;0,  0> +
        (-0.0000042,-0.0000007)|   3, 3, 0;0,  0;0,  0> +
        (-0.0000039, 0.0000000)|   3, 1, 0;0,  0;0,  0> +
        (-0.0000031, 0.0000000)|  10, 0, 0;0,  0;0,  0> +
        (-0.0000001,-0.0000028)|   3, 2, 1;0,  0;0,  0> +
        ( 0.0000025, 0.0000000)|  11, 0, 0;0,  0;0,  0> +
        (-0.0000022,-0.0000001)|   9, 0, 0;0,  0;0,  0> +
        (-0.0000000,-0.0000019)|   3, 0, 1;0,  0;0,  0> +
        (-0.0000000, 0.0000018)|   2, 0, 1;0,  0;0,  0> +
        ( 0.0000014,-0.0000011)|   3, 0, 3;0,  0;0,  0> +
        (-0.0000015,-0.0000007)|   3, 1, 2;0,  0;0,  0> +
        (-0.0000000, 0.0000014)|   0, 1, 1;0,  0;0,  0> +
        (-0.0000012,-0.0000000)|   1, 1, 0;0,  0;0,  0> +
        (-0.0000001, 0.0000012)|   1, 0, 1;0,  0;0,  0> +
        (-0.0000010,-0.0000001)|   5, 0, 0;0,  0;0,  0> +
         ...
 |13> = (-0.7440017, 0.0021086)|   2, 1, 0;0,  0;0,  0> +
        ( 0.0027861,-0.6681274)|   2, 0, 1;0,  0;0,  0> +
        ( 0.0061846,-0.0001684)|   1, 1, 0;0,  0;0,  0> +
        (-0.0001675,-0.0031710)|   1, 0, 1;0,  0;0,  0> +
        ( 0.0014265,-0.0000519)|   2, 0, 2;0,  0;0,  0> +
        (-0.0010941, 0.0000210)|   1, 2, 2;0,  0;0,  0> +
        ( 0.0000018, 0.0009546)|   0, 0, 3;0,  0;0,  0> +
        ( 0.0000770, 0.0007118)|   0, 2, 1;0,  0;0,  0> +
        (-0.0006302,-0.0000001)|   4, 0, 0;0,  0;0,  0> +
        ( 0.0005722, 0.0000592)|   0, 3, 0;0,  0;0,  0> +
        (-0.0005703, 0.0000000)|   1, 2, 0;0,  0;0,  0> +
        (-0.0005474,-0.0000045)|   5, 0, 0;0,  0;0,  0> +
        ( 0.0005384,-0.0000000)|   1, 0, 2;0,  0;0,  0> +
        (-0.0004439, 0.0000522)|   2, 2, 0;0,  0;0,  0> +
        ( 0.0004190,-0.0000189)|   0, 1, 2;0,  0;0,  0> +
        ( 0.0000036,-0.0002775)|   0, 1, 1;0,  0;0,  0> +
        (-0.0002341, 0.0000024)|   3, 0, 2;0,  0;0,  0> +
        (-0.0002169, 0.0000009)|   3, 2, 0;0,  0;0,  0> +
        (-0.0000706, 0.0000000)|   0, 2, 2;0,  0;0,  0> +
        (-0.0000341, 0.0000001)|   2, 1, 0;0,  0;1,  0> +
        ( 0.0000341,-0.0000001)|   2, 1, 0;1,  0;0,  0> +
        (-0.0000322,-0.0000008)|   2, 2, 2;0,  0;0,  0> +
        ( 0.0000001,-0.0000306)|   2, 0, 1;0,  0;1,  0> +
        (-0.0000001, 0.0000306)|   2, 0, 1;1,  0;0,  0> +
        ( 0.0000124, 0.0000000)|   6, 0, 0;0,  0;0,  0> +
        ( 0.0000109, 0.0000002)|   0, 3, 2;0,  0;0,  0> +
        ( 0.0000004, 0.0000087)|   0, 2, 3;0,  0;0,  0> +
        (-0.0000001, 0.0000055)|   0, 3, 3;0,  0;0,  0> +
        ( 0.0000000,-0.0000045)|   0, 0, 1;0,  0;0,  0> +
        ( 0.0000045, 0.0000000)|   0, 1, 0;0,  0;0,  0> +
        ( 0.0000001,-0.0000030)|   1, 0, 3;0,  0;0,  0> +
        (-0.0000028,-0.0000000)|   1, 3, 0;0,  0;0,  0> +
        (-0.0000019,-0.0000000)|   1, 1, 2;0,  0;0,  0> +
        (-0.0000011, 0.0000012)|   0, 1, 3;0,  0;0,  0> +
        ( 0.0000000,-0.0000015)|   1, 2, 1;0,  0;0,  0> +
        ( 0.0000000,-0.0000012)|   3, 0, 1;0,  0;0,  0> +
         ...
 |14> = (-0.0339948,-0.7432016)|   2, 0, 1;0,  0;0,  0> +
        ( 0.6672010,-0.0352042)|   2, 1, 0;0,  0;0,  0> +
        ( 0.0053329,-0.0000405)|   2, 0, 2;0,  0;0,  0> +
        ( 0.0039470,-0.0000421)|   3, 0, 2;0,  0;0,  0> +
        ( 0.0036753,-0.0000186)|   3, 2, 0;0,  0;0,  0> +
        ( 0.0033622, 0.0000426)|   5, 0, 0;0,  0;0,  0> +
        (-0.0000589, 0.0033223)|   0, 1, 1;0,  0;0,  0> +
        (-0.0029330, 0.0000407)|   2, 2, 0;0,  0;0,  0> +
        ( 0.0000681, 0.0018921)|   0, 2, 1;0,  0;0,  0> +
        ( 0.0015472,-0.0001762)|   0, 3, 0;0,  0;0,  0> +
        (-0.0000490, 0.0015555)|   0, 0, 3;0,  0;0,  0> +
        ( 0.0008391,-0.0000000)|   1, 0, 2;0,  0;0,  0> +
        (-0.0008338, 0.0000000)|   1, 2, 0;0,  0;0,  0> +
        ( 0.0005765,-0.0002391)|   1, 1, 0;0,  0;0,  0> +
        (-0.0002376,-0.0005000)|   1, 0, 1;0,  0;0,  0> +
        ( 0.0004763, 0.0000086)|   2, 2, 2;0,  0;0,  0> +
        ( 0.0000789, 0.0002903)|   0, 1, 2;0,  0;0,  0> +
        (-0.0002026,-0.0000002)|   6, 0, 0;0,  0;0,  0> +
        (-0.0001876,-0.0000026)|   0, 3, 2;0,  0;0,  0> +
        (-0.0001598, 0.0000000)|   0, 2, 2;0,  0;0,  0> +
        (-0.0000065,-0.0001522)|   0, 2, 3;0,  0;0,  0> +
        ( 0.0000023,-0.0000894)|   0, 3, 3;0,  0;0,  0> +
        (-0.0000467, 0.0000066)|   1, 2, 2;0,  0;0,  0> +
        (-0.0000017, 0.0000470)|   1, 0, 3;0,  0;0,  0> +
        ( 0.0000436, 0.0000007)|   1, 3, 0;0,  0;0,  0> +
        ( 0.0000016, 0.0000341)|   2, 0, 1;1,  0;0,  0> +
        (-0.0000016,-0.0000341)|   2, 0, 1;0,  0;1,  0> +
        ( 0.0000306,-0.0000016)|   2, 1, 0;0,  0;1,  0> +
        (-0.0000306, 0.0000016)|   2, 1, 0;1,  0;0,  0> +
        ( 0.0000304, 0.0000007)|   1, 1, 2;0,  0;0,  0> +
        (-0.0000007, 0.0000241)|   1, 2, 1;0,  0;0,  0> +
        ( 0.0000180,-0.0000155)|   0, 1, 3;0,  0;0,  0> +
        (-0.0000003, 0.0000207)|   3, 0, 1;0,  0;0,  0> +
        (-0.0000164,-0.0000001)|   4, 0, 0;0,  0;0,  0> +
        ( 0.0000155, 0.0000003)|   3, 1, 0;0,  0;0,  0> +
        (-0.0000083, 0.0000000)|   4, 2, 0;0,  0;0,  0> +
        ( 0.0000029, 0.0000071)|   0, 3, 1;0,  0;0,  0> +
        (-0.0000063,-0.0000001)|   4, 0, 2;0,  0;0,  0> +
         ...
 |15> = (-0.9995673,-0.0282493)|   9, 0, 0;0,  0;0,  0> +
        ( 0.0052633,-0.0005552)|   5, 1, 0;0,  0;0,  0> +
        (-0.0034194,-0.0007163)|   5, 2, 0;0,  0;0,  0> +
        (-0.0021597,-0.0002320)|   4, 0, 2;0,  0;0,  0> +
        ( 0.0021586, 0.0002368)|   4, 2, 0;0,  0;0,  0> +
        (-0.0005527, 0.0010641)|   2, 1, 1;0,  0;0,  0> +
        (-0.0011603,-0.0001984)|   2, 3, 0;0,  0;0,  0> +
        (-0.0011172, 0.0000671)|   2, 1, 2;0,  0;0,  0> +
        ( 0.0003152,-0.0010681)|   1, 0, 3;0,  0;0,  0> +
        (-0.0007778, 0.0007173)|   5, 0, 2;0,  0;0,  0> +
        (-0.0002114, 0.0010334)|   1, 2, 1;0,  0;0,  0> +
        (-0.0001442, 0.0008714)|   0, 3, 1;0,  0;0,  0> +
        ( 0.0000214, 0.0008647)|   2, 3, 1;0,  0;0,  0> +
        (-0.0000075,-0.0008190)|   3, 0, 3;0,  0;0,  0> +
        (-0.0007668, 0.0000012)|   5, 2, 2;0,  0;0,  0> +
        (-0.0005331,-0.0004039)|   6, 3, 3;0,  0;0,  0> +
        (-0.0006525, 0.0000005)|   3, 2, 2;0,  0;0,  0> +
        ( 0.0005756, 0.0002676)|   1, 3, 0;0,  0;0,  0> +
        (-0.0002236, 0.0005898)|   2, 0, 3;0,  0;0,  0> +
        (-0.0005544,-0.0001124)|   5, 0, 1;0,  0;0,  0> +
        (-0.0005656, 0.0000032)|   3, 1, 2;0,  0;0,  0> +
        (-0.0005248,-0.0001293)|   1, 1, 2;0,  0;0,  0> +
        (-0.0005260,-0.0000093)|   3, 3, 0;0,  0;0,  0> +
        (-0.0000028, 0.0004957)|   3, 3, 1;0,  0;0,  0> +
        ( 0.0000433,-0.0004163)|   1, 1, 3;0,  0;0,  0> +
        ( 0.0003973,-0.0000226)|   3, 3, 2;0,  0;0,  0> +
        (-0.0000034, 0.0003500)|   2, 1, 3;0,  0;0,  0> +
        ( 0.0000285,-0.0003169)|   0, 1, 3;0,  0;0,  0> +
        (-0.0000001, 0.0003176)|   2, 3, 3;0,  0;0,  0> +
        ( 0.0000063, 0.0002820)|   2, 2, 3;0,  0;0,  0> +
        (-0.0002701, 0.0000062)|   2, 3, 2;0,  0;0,  0> +
        (-0.0000036,-0.0002551)|   4, 2, 3;0,  0;0,  0> +
        ( 0.0001109, 0.0002148)|   2, 2, 1;0,  0;0,  0> +
        ( 0.0000002,-0.0002393)|   4, 0, 3;0,  0;0,  0> +
        (-0.0002357,-0.0000046)|   4, 3, 2;0,  0;0,  0> +
        ( 0.0000003,-0.0002350)|   5, 3, 3;0,  0;0,  0> +
        (-0.0002324,-0.0000056)|   0, 3, 2;0,  0;0,  0> +
        (-0.0002171,-0.0000014)|   4, 3, 0;0,  0;0,  0> +
        (-0.0000011,-0.0002126)|   3, 1, 1;0,  0;0,  0> +
        (-0.0002124, 0.0000001)|   2, 2, 2;0,  0;0,  0> +
        (-0.0001660, 0.0000004)|   4, 2, 2;0,  0;0,  0> +
        (-0.0000000, 0.0001644)|   3, 3, 3;0,  0;0,  0> +
        ( 0.0000043,-0.0001576)|   3, 1, 3;0,  0;0,  0> +
        (-0.0000244, 0.0001333)|   3, 2, 3;0,  0;0,  0> +
        ( 0.0000006,-0.0001268)|   4, 2, 1;0,  0;0,  0> +
        (-0.0001265,-0.0000015)|   4, 1, 2;0,  0;0,  0> +
        (-0.0000056,-0.0001020)|   0, 2, 3;0,  0;0,  0> +
        (-0.0000039,-0.0000857)|   0, 0, 3;0,  0;0,  0> +
        ( 0.0000735, 0.0000422)|   1, 3, 1;0,  0;0,  0> +
        ( 0.0000627,-0.0000408)|   0, 3, 0;0,  0;0,  0> +
        (-0.0000151, 0.0000610)|   0, 2, 1;0,  0;0,  0> +
        (-0.0000070,-0.0000568)|   3, 2, 1;0,  0;0,  0> +
        ( 0.0000535,-0.0000013)|   6, 2, 2;0,  0;0,  0> +
        (-0.0000211, 0.0000487)|   0, 1, 2;0,  0;0,  0> +
        ( 0.0000458, 0.0000013)|   9, 0, 0;1,  0;0,  0> +
        (-0.0000458,-0.0000013)|   9, 0, 0;0,  0;1,  0> +
        ( 0.0000004, 0.0000435)|   1, 2, 3;0,  0;0,  0> +
        ( 0.0000397, 0.0000000)|   1, 2, 2;0,  0;0,  0> +
        (-0.0000001,-0.0000303)|   4, 3, 3;0,  0;0,  0> +
        ( 0.0000000, 0.0000246)|   0, 3, 3;0,  0;0,  0> +
        (-0.0000157, 0.0000005)|   1, 3, 2;0,  0;0,  0> +
        ( 0.0000113, 0.0000030)|   7, 0, 0;0,  0;0,  0> +
        ( 0.0000105, 0.0000004)|   6, 1, 0;0,  0;0,  0> +
        ( 0.0000001,-0.0000089)|   1, 3, 3;0,  0;0,  0> +
        ( 0.0000071,-0.0000001)|  10, 0, 0;0,  0;0,  0> +
        (-0.0000001, 0.0000052)|   1, 1, 1;0,  0;0,  0> +
        (-0.0000004,-0.0000040)|   4, 0, 1;0,  0;0,  0> +
        ( 0.0000021,-0.0000029)|   6, 0, 1;0,  0;0,  0> +
        (-0.0000030,-0.0000000)|  11, 0, 0;0,  0;0,  0> +
        (-0.0000023,-0.0000001)|   8, 0, 0;0,  0;0,  0> +
        (-0.0000000, 0.0000020)|   4, 1, 3;0,  0;0,  0> +
         ...
 |16> = (-0.7494733, 0.0011026)|   3, 1, 0;0,  0;0,  0> +
        ( 0.0006935,-0.6620103)|   3, 0, 1;0,  0;0,  0> +
        (-0.0032165, 0.0010724)|   0, 3, 0;0,  0;0,  0> +
        (-0.0026386,-0.0000008)|   6, 0, 0;0,  0;0,  0> +
        ( 0.0001924,-0.0015890)|   0, 2, 1;0,  0;0,  0> +
        (-0.0012170, 0.0000323)|   3, 2, 0;0,  0;0,  0> +
        (-0.0000006, 0.0011659)|   1, 0, 3;0,  0;0,  0> +
        ( 0.0011342, 0.0000036)|   1, 3, 0;0,  0;0,  0> +
        (-0.0000427,-0.0010403)|   0, 1, 2;0,  0;0,  0> +
        ( 0.0000049, 0.0007340)|   1, 2, 1;0,  0;0,  0> +
        ( 0.0006102, 0.0000357)|   0, 3, 2;0,  0;0,  0> +
        ( 0.0005767, 0.0000008)|   1, 1, 2;0,  0;0,  0> +
        ( 0.0005072,-0.0000296)|   3, 0, 2;0,  0;0,  0> +
        ( 0.0003599, 0.0003301)|   0, 0, 3;0,  0;0,  0> +
        ( 0.0004726, 0.0000004)|   2, 0, 2;0,  0;0,  0> +
        (-0.0004678,-0.0000004)|   2, 2, 0;0,  0;0,  0> +
        (-0.0004628,-0.0000001)|   1, 2, 2;0,  0;0,  0> +
        ( 0.0004415, 0.0000050)|   4, 2, 0;0,  0;0,  0> +
        ( 0.0003548,-0.0000077)|   4, 0, 2;0,  0;0,  0> +
        (-0.0002577, 0.0000020)|   3, 2, 2;0,  0;0,  0> +
        (-0.0000344, 0.0002511)|   0, 3, 1;0,  0;0,  0> +
        ( 0.0000002,-0.0002351)|   0, 3, 3;0,  0;0,  0> +
        (-0.0001716, 0.0000004)|   2, 2, 2;0,  0;0,  0> +
        ( 0.0000001,-0.0001704)|   0, 1, 1;0,  0;0,  0> +
        ( 0.0001123, 0.0000000)|   0, 2, 2;0,  0;0,  0> +
        ( 0.0000002, 0.0000709)|   1, 2, 3;0,  0;0,  0> +
        ( 0.0000072,-0.0000652)|   0, 1, 3;0,  0;0,  0> +
        ( 0.0000653,-0.0000002)|   1, 3, 2;0,  0;0,  0> +
        ( 0.0000356,-0.0000196)|   0, 2, 3;0,  0;0,  0> +
        (-0.0000344, 0.0000001)|   3, 1, 0;0,  0;1,  0> +
        ( 0.0000344,-0.0000001)|   3, 1, 0;1,  0;0,  0> +
        ( 0.0000000,-0.0000303)|   3, 0, 1;0,  0;1,  0> +
        (-0.0000000, 0.0000303)|   3, 0, 1;1,  0;0,  0> +
        (-0.0000006,-0.0000268)|   4, 0, 1;0,  0;0,  0> +
        ( 0.0000004, 0.0000267)|   1, 3, 3;0,  0;0,  0> +
        (-0.0000013,-0.0000235)|   2, 0, 1;0,  0;0,  0> +
        ( 0.0000215,-0.0000016)|   2, 1, 0;0,  0;0,  0> +
        ( 0.0000151, 0.0000000)|   4, 1, 0;0,  0;0,  0> +
        (-0.0000003,-0.0000099)|   1, 1, 1;0,  0;0,  0> +
        ( 0.0000098,-0.0000005)|   2, 1, 2;0,  0;0,  0> +
        ( 0.0000007, 0.0000094)|   2, 0, 3;0,  0;0,  0> +
        ( 0.0000090,-0.0000001)|   2, 3, 0;0,  0;0,  0> +
        ( 0.0000003, 0.0000067)|   2, 2, 1;0,  0;0,  0> +
        ( 0.0000061, 0.0000017)|   7, 0, 0;0,  0;0,  0> +
        (-0.0000054, 0.0000002)|   5, 0, 0;0,  0;0,  0> +
        (-0.0000027, 0.0000000)|   1, 0, 2;0,  0;0,  0> +
        ( 0.0000024,-0.0000000)|   5, 1, 0;0,  0;0,  0> +
        ( 0.0000023,-0.0000000)|   1, 2, 0;0,  0;0,  0> +
        (-0.0000000, 0.0000022)|   5, 0, 1;0,  0;0,  0> +
        ( 0.0000000, 0.0000022)|   2, 3, 3;0,  0;0,  0> +
        (-0.0000001, 0.0000021)|   1, 0, 1;0,  0;0,  0> +
        (-0.0000019,-0.0000001)|   1, 1, 0;0,  0;0,  0> +
        (-0.0000014, 0.0000002)|   6, 1, 0;0,  0;0,  0> +
         ...
 |17> = ( 0.0173146, 0.7492843)|   3, 0, 1;0,  0;0,  0> +
        (-0.6617960, 0.0169611)|   3, 1, 0;0,  0;0,  0> +
        (-0.0000455, 0.0017117)|   0, 0, 3;0,  0;0,  0> +
        ( 0.0000042, 0.0012275)|   1, 2, 3;0,  0;0,  0> +
        ( 0.0002777,-0.0011701)|   0, 2, 1;0,  0;0,  0> +
        ( 0.0011404,-0.0000033)|   1, 3, 2;0,  0;0,  0> +
        ( 0.0004660,-0.0007961)|   0, 1, 2;0,  0;0,  0> +
        ( 0.0008715,-0.0000478)|   3, 2, 0;0,  0;0,  0> +
        (-0.0004953, 0.0005748)|   0, 3, 0;0,  0;0,  0> +
        (-0.0006669,-0.0000084)|   3, 2, 2;0,  0;0,  0> +
        (-0.0000100,-0.0005532)|   4, 0, 1;0,  0;0,  0> +
        (-0.0005197,-0.0000002)|   1, 2, 2;0,  0;0,  0> +
        ( 0.0000076, 0.0004677)|   1, 3, 3;0,  0;0,  0> +
        ( 0.0000031, 0.0003944)|   1, 0, 3;0,  0;0,  0> +
        (-0.0003647, 0.0000432)|   3, 0, 2;0,  0;0,  0> +
        ( 0.0003042, 0.0000014)|   1, 3, 0;0,  0;0,  0> +
        ( 0.0000341,-0.0002818)|   0, 3, 1;0,  0;0,  0> +
        ( 0.0002824,-0.0000077)|   2, 3, 0;0,  0;0,  0> +
        ( 0.0000125, 0.0002793)|   2, 0, 3;0,  0;0,  0> +
        (-0.0000066, 0.0002388)|   0, 1, 3;0,  0;0,  0> +
        ( 0.0002387,-0.0000043)|   1, 1, 2;0,  0;0,  0> +
        ( 0.0002351,-0.0000066)|   6, 0, 0;0,  0;0,  0> +
        ( 0.0002321,-0.0000165)|   4, 0, 2;0,  0;0,  0> +
        ( 0.0002249,-0.0000091)|   2, 1, 2;0,  0;0,  0> +
        (-0.0000063,-0.0002090)|   1, 1, 1;0,  0;0,  0> +
        ( 0.0000070, 0.0001854)|   2, 2, 1;0,  0;0,  0> +
        (-0.0001689, 0.0000004)|   2, 2, 2;0,  0;0,  0> +
        ( 0.0000001, 0.0001673)|   0, 3, 3;0,  0;0,  0> +
        ( 0.0001217, 0.0000016)|   4, 1, 0;0,  0;0,  0> +
        (-0.0000047, 0.0001081)|   1, 2, 1;0,  0;0,  0> +
        (-0.0001081,-0.0000030)|   0, 3, 2;0,  0;0,  0> +
        ( 0.0001031, 0.0000284)|   7, 0, 0;0,  0;0,  0> +
        (-0.0000000, 0.0000382)|   2, 3, 3;0,  0;0,  0> +
        (-0.0000365,-0.0000033)|   4, 2, 0;0,  0;0,  0> +
        ( 0.0000000, 0.0000349)|   0, 1, 1;0,  0;0,  0> +
        (-0.0000008,-0.0000343)|   3, 0, 1;1,  0;0,  0> +
        ( 0.0000008, 0.0000343)|   3, 0, 1;0,  0;1,  0> +
        (-0.0000303, 0.0000008)|   3, 1, 0;0,  0;1,  0> +
        ( 0.0000303,-0.0000008)|   3, 1, 0;1,  0;0,  0> +
        (-0.0000254, 0.0000006)|   2, 0, 2;0,  0;0,  0> +
        ( 0.0000245,-0.0000006)|   2, 2, 0;0,  0;0,  0> +
        (-0.0000031,-0.0000107)|   0, 2, 3;0,  0;0,  0> +
        (-0.0000086,-0.0000003)|   4, 2, 2;0,  0;0,  0> +
        (-0.0000075,-0.0000000)|   0, 2, 2;0,  0;0,  0> +
        ( 0.0000004, 0.0000053)|   2, 0, 1;0,  0;0,  0> +
        (-0.0000000,-0.0000037)|   2, 2, 3;0,  0;0,  0> +
        (-0.0000036, 0.0000000)|   2, 3, 2;0,  0;0,  0> +
        (-0.0000036, 0.0000002)|   2, 1, 0;0,  0;0,  0> +
        (-0.0000031, 0.0000002)|   5, 1, 0;0,  0;0,  0> +
        (-0.0000027, 0.0000004)|   6, 1, 0;0,  0;0,  0> +
        ( 0.0000024,-0.0000000)|   8, 0, 0;0,  0;0,  0> +
        ( 0.0000001,-0.0000017)|   7, 0, 1;0,  0;0,  0> +
        ( 0.0000002,-0.0000011)|   5, 0, 1;0,  0;0,  0> +
        (-0.0000010,-0.0000004)|   1, 3, 1;0,  0;0,  0> +
         ...
 |18> = ( 0.9996966,-0.0107005)|  10, 0, 0;0,  0;0,  0> +
        (-0.0026136,-0.0184046)|   6, 0, 1;0,  0;0,  0> +
        ( 0.0068601,-0.0004352)|   6, 1, 0;0,  0;0,  0> +
        (-0.0026462, 0.0050903)|   2, 1, 1;0,  0;0,  0> +
        (-0.0000316, 0.0031824)|   3, 1, 1;0,  0;0,  0> +
        ( 0.0027953,-0.0000177)|   6, 0, 2;0,  0;0,  0> +
        ( 0.0026086,-0.0000412)|   6, 2, 0;0,  0;0,  0> +
        ( 0.0025673, 0.0004417)|   1, 1, 2;0,  0;0,  0> +
        (-0.0019968,-0.0007077)|   5, 2, 0;0,  0;0,  0> +
        (-0.0000008,-0.0020841)|   1, 2, 1;0,  0;0,  0> +
        (-0.0017721,-0.0008996)|   2, 3, 0;0,  0;0,  0> +
        (-0.0018256, 0.0007468)|   2, 1, 2;0,  0;0,  0> +
        ( 0.0017507,-0.0000111)|   3, 1, 2;0,  0;0,  0> +
        (-0.0008744, 0.0014318)|   2, 0, 3;0,  0;0,  0> +
        ( 0.0000143, 0.0015265)|   3, 0, 3;0,  0;0,  0> +
        (-0.0000219, 0.0011820)|   4, 1, 3;0,  0;0,  0> +
        ( 0.0000054,-0.0011389)|   0, 1, 3;0,  0;0,  0> +
        ( 0.0001003,-0.0011008)|   1, 0, 3;0,  0;0,  0> +
        ( 0.0006354, 0.0007016)|   5, 0, 2;0,  0;0,  0> +
        (-0.0000210,-0.0009384)|   3, 2, 1;0,  0;0,  0> +
        (-0.0008590, 0.0000011)|   3, 2, 2;0,  0;0,  0> +
        ( 0.0008304,-0.0001535)|   1, 3, 0;0,  0;0,  0> +
        ( 0.0000122, 0.0008001)|   2, 2, 3;0,  0;0,  0> +
        ( 0.0006912, 0.0001013)|   2, 2, 1;0,  0;0,  0> +
        ( 0.0006664,-0.0000027)|   6, 2, 2;0,  0;0,  0> +
        (-0.0006188, 0.0000009)|   4, 2, 2;0,  0;0,  0> +
        (-0.0000595, 0.0005181)|   1, 1, 3;0,  0;0,  0> +
        ( 0.0000232, 0.0004815)|   4, 3, 1;0,  0;0,  0> +
        ( 0.0000013, 0.0004521)|   3, 3, 1;0,  0;0,  0> +
        ( 0.0000012, 0.0004506)|   5, 2, 3;0,  0;0,  0> +
        (-0.0000202, 0.0004472)|   4, 2, 1;0,  0;0,  0> +
        ( 0.0004079, 0.0000066)|   4, 1, 2;0,  0;0,  0> +
        (-0.0000758, 0.0003875)|   8, 3, 3;0,  0;0,  0> +
        ( 0.0000177, 0.0003923)|   4, 1, 1;0,  0;0,  0> +
        ( 0.0000009, 0.0003824)|   1, 2, 3;0,  0;0,  0> +
        (-0.0003723,-0.0000402)|   4, 2, 0;0,  0;0,  0> +
        ( 0.0003731, 0.0000032)|   5, 3, 2;0,  0;0,  0> +
        ( 0.0003668, 0.0000394)|   4, 0, 2;0,  0;0,  0> +
        ( 0.0003682,-0.0000125)|   4, 3, 0;0,  0;0,  0> +
        (-0.0002803,-0.0002094)|   6, 3, 3;0,  0;0,  0> +
        ( 0.0003164,-0.0000010)|   5, 2, 2;0,  0;0,  0> +
        (-0.0000239, 0.0003104)|   2, 1, 3;0,  0;0,  0> +
        (-0.0003009, 0.0000132)|   2, 3, 2;0,  0;0,  0> +
        (-0.0002967,-0.0000151)|   0, 1, 2;0,  0;0,  0> +
        ( 0.0000925,-0.0002408)|   0, 2, 1;0,  0;0,  0> +
        (-0.0001369, 0.0001979)|   0, 0, 3;0,  0;0,  0> +
        (-0.0000462,-0.0002328)|   3, 2, 3;0,  0;0,  0> +
        (-0.0002161,-0.0000873)|   1, 3, 1;0,  0;0,  0> +
        (-0.0000001, 0.0002283)|   0, 3, 3;0,  0;0,  0> +
        ( 0.0000002,-0.0002269)|   2, 3, 3;0,  0;0,  0> +
        ( 0.0000008, 0.0001936)|   4, 2, 3;0,  0;0,  0> +
        ( 0.0001831,-0.0000458)|   3, 3, 2;0,  0;0,  0> +
        ( 0.0000056,-0.0001688)|   2, 3, 1;0,  0;0,  0> +
        (-0.0001665, 0.0000001)|   2, 2, 2;0,  0;0,  0> +
        ( 0.0001559, 0.0000136)|   3, 3, 0;0,  0;0,  0> +
        (-0.0000003, 0.0001493)|   5, 3, 3;0,  0;0,  0> +
        (-0.0000001, 0.0001374)|   1, 3, 3;0,  0;0,  0> +
        ( 0.0001124,-0.0000749)|   0, 3, 0;0,  0;0,  0> +
        ( 0.0000162,-0.0001278)|   3, 1, 3;0,  0;0,  0> +
        (-0.0001119, 0.0000010)|   4, 3, 2;0,  0;0,  0> +
        ( 0.0000000, 0.0001032)|   3, 3, 3;0,  0;0,  0> +
        (-0.0000226,-0.0000777)|   0, 3, 1;0,  0;0,  0> +
        ( 0.0000138, 0.0000731)|   5, 0, 1;0,  0;0,  0> +
        ( 0.0000000, 0.0000719)|   4, 3, 3;0,  0;0,  0> +
        ( 0.0000684, 0.0000018)|   1, 3, 2;0,  0;0,  0> +
        (-0.0000611, 0.0000134)|   5, 1, 0;0,  0;0,  0> +
        (-0.0000033, 0.0000552)|   0, 2, 3;0,  0;0,  0> +
        (-0.0000458, 0.0000005)|  10, 0, 0;1,  0;0,  0> +
        ( 0.0000458,-0.0000005)|  10, 0, 0;0,  0;1,  0> +
        ( 0.0000187, 0.0000385)|   7, 3, 3;0,  0;0,  0> +
        ( 0.0000035, 0.0000353)|   4, 0, 3;0,  0;0,  0> +
        (-0.0000321, 0.0000005)|   8, 0, 0;0,  0;0,  0> +
        (-0.0000224,-0.0000033)|   0, 3, 2;0,  0;0,  0> +
        ( 0.0000206, 0.0000005)|   9, 0, 0;0,  0;0,  0> +
        (-0.0000000,-0.0000094)|   6, 2, 3;0,  0;0,  0> +
        (-0.0000089, 0.0000001)|   6, 3, 2;0,  0;0,  0> +
        (-0.0000002, 0.0000085)|   1, 1, 1;0,  0;0,  0> +
        (-0.0000074,-0.0000021)|   7, 0, 0;0,  0;0,  0> +
        (-0.0000071, 0.0000005)|   4, 1, 0;0,  0;0,  0> +
        (-0.0000042, 0.0000013)|  12, 0, 0;0,  0;0,  0> +
        (-0.0000037, 0.0000001)|   3, 2, 0;0,  0;0,  0> +
        ( 0.0000033,-0.0000001)|   3, 0, 2;0,  0;0,  0> +
        ( 0.0000026, 0.0000000)|  11, 0, 0;0,  0;0,  0> +
        (-0.0000000,-0.0000012)|  15, 0, 0;0,  0;0,  0> +
        ( 0.0000000,-0.0000010)|   3, 0, 1;0,  0;0,  0> +
         ...
 |19> = ( 0.0217398, 0.7354402)|   4, 0, 1;0,  0;0,  0> +
        (-0.6768002, 0.0218977)|   4, 1, 0;0,  0;0,  0> +
        ( 0.0000047,-0.0058323)|   1, 1, 1;0,  0;0,  0> +
        (-0.0053128,-0.0015464)|   7, 0, 0;0,  0;0,  0> +
        (-0.0036707, 0.0000570)|   8, 0, 0;0,  0;0,  0> +
        ( 0.0006323,-0.0031470)|   0, 0, 3;0,  0;0,  0> +
        (-0.0009062, 0.0018959)|   0, 2, 1;0,  0;0,  0> +
        ( 0.0017325, 0.0010450)|   0, 1, 2;0,  0;0,  0> +
        (-0.0018866, 0.0001004)|   3, 2, 0;0,  0;0,  0> +
        ( 0.0017869,-0.0000908)|   3, 0, 2;0,  0;0,  0> +
        ( 0.0000262,-0.0015970)|   2, 2, 1;0,  0;0,  0> +
        (-0.0000720, 0.0015700)|   1, 2, 1;0,  0;0,  0> +
        (-0.0014137,-0.0000718)|   1, 3, 0;0,  0;0,  0> +
        ( 0.0010498,-0.0004940)|   0, 3, 0;0,  0;0,  0> +
        (-0.0008558, 0.0000474)|   2, 1, 2;0,  0;0,  0> +
        ( 0.0004789,-0.0000007)|   2, 2, 2;0,  0;0,  0> +
        (-0.0004616,-0.0001179)|   4, 0, 2;0,  0;0,  0> +
        ( 0.0004116, 0.0001187)|   4, 2, 0;0,  0;0,  0> +
        ( 0.0003691, 0.0000281)|   0, 3, 2;0,  0;0,  0> +
        ( 0.0000249, 0.0003577)|   1, 2, 3;0,  0;0,  0> +
        (-0.0003580, 0.0000143)|   3, 1, 0;0,  0;0,  0> +
        ( 0.0000148, 0.0003509)|   3, 0, 1;0,  0;0,  0> +
        ( 0.0000455,-0.0003254)|   0, 3, 1;0,  0;0,  0> +
        ( 0.0000284,-0.0002957)|   0, 2, 3;0,  0;0,  0> +
        ( 0.0002523,-0.0000304)|   2, 3, 0;0,  0;0,  0> +
        ( 0.0002201, 0.0000685)|   1, 3, 1;0,  0;0,  0> +
        (-0.0000089,-0.0001518)|   0, 1, 3;0,  0;0,  0> +
        ( 0.0000001,-0.0001514)|   1, 3, 3;0,  0;0,  0> +
        (-0.0000137, 0.0001429)|   1, 1, 2;0,  0;0,  0> +
        ( 0.0000116,-0.0001230)|   1, 1, 3;0,  0;0,  0> +
        (-0.0000031, 0.0001191)|   2, 3, 3;0,  0;0,  0> +
        ( 0.0000507,-0.0000894)|   1, 0, 3;0,  0;0,  0> +
        ( 0.0000002,-0.0000907)|   0, 3, 3;0,  0;0,  0> +
        ( 0.0000890, 0.0000073)|   2, 3, 2;0,  0;0,  0> +
        (-0.0000207, 0.0000860)|   2, 0, 3;0,  0;0,  0> +
        (-0.0000113, 0.0000874)|   2, 2, 3;0,  0;0,  0> +
        (-0.0000784, 0.0000000)|   3, 2, 2;0,  0;0,  0> +
        ( 0.0000618, 0.0000179)|   4, 2, 2;0,  0;0,  0> +
        (-0.0000186, 0.0000290)|   2, 1, 1;0,  0;0,  0> +
        ( 0.0000010, 0.0000337)|   4, 0, 1;0,  0;1,  0> +
        (-0.0000010,-0.0000337)|   4, 0, 1;1,  0;0,  0> +
        ( 0.0000310,-0.0000010)|   4, 1, 0;1,  0;0,  0> +
        (-0.0000310, 0.0000010)|   4, 1, 0;0,  0;1,  0> +
        (-0.0000003, 0.0000309)|   3, 3, 3;0,  0;0,  0> +
        (-0.0000123, 0.0000256)|   1, 3, 2;0,  0;0,  0> +
        (-0.0000148, 0.0000002)|   5, 2, 0;0,  0;0,  0> +
        (-0.0000131, 0.0000003)|   5, 0, 2;0,  0;0,  0> +
        ( 0.0000003,-0.0000098)|   2, 1, 3;0,  0;0,  0> +
        (-0.0000007,-0.0000073)|   2, 3, 1;0,  0;0,  0> +
        ( 0.0000006, 0.0000070)|   5, 0, 1;0,  0;0,  0> +
        ( 0.0000000,-0.0000042)|   0, 1, 1;0,  0;0,  0> +
        ( 0.0000026,-0.0000000)|   3, 3, 0;0,  0;0,  0> +
        ( 0.0000025, 0.0000002)|   6, 0, 0;0,  0;0,  0> +
        ( 0.0000023,-0.0000002)|   1, 2, 2;0,  0;0,  0> +
        ( 0.0000000, 0.0000022)|   3, 0, 3;0,  0;0,  0> +
        (-0.0000000, 0.0000017)|   3, 2, 1;0,  0;0,  0> +
        ( 0.0000016, 0.0000000)|   3, 1, 2;0,  0;0,  0> +
        (-0.0000015, 0.0000002)|   6, 1, 0;0,  0;0,  0> +
        ( 0.0000013, 0.0000006)|   5, 1, 0;0,  0;0,  0> +
        ( 0.0000000, 0.0000012)|   4, 3, 3;0,  0;0,  0> +
        (-0.0000010, 0.0000002)|   2, 1, 0;0,  0;0,  0> +
         ...
 |20> = ( 0.7357857,-0.0010016)|   4, 1, 0;0,  0;0,  0> +
        (-0.0009750, 0.6770600)|   4, 0, 1;0,  0;0,  0> +
        (-0.0117264,-0.0032172)|   7, 0, 0;0,  0;0,  0> +
        (-0.0001937,-0.0039378)|   1, 1, 1;0,  0;0,  0> +
        ( 0.0026484,-0.0013362)|   0, 3, 0;0,  0;0,  0> +
        ( 0.0025616,-0.0001317)|   3, 2, 0;0,  0;0,  0> +
        (-0.0023315, 0.0001221)|   3, 0, 2;0,  0;0,  0> +
        ( 0.0001110,-0.0019084)|   0, 2, 1;0,  0;0,  0> +
        ( 0.0000136,-0.0016024)|   0, 1, 3;0,  0;0,  0> +
        (-0.0010016,-0.0009014)|   0, 0, 3;0,  0;0,  0> +
        (-0.0010591, 0.0006887)|   0, 1, 2;0,  0;0,  0> +
        ( 0.0000048,-0.0012496)|   2, 0, 3;0,  0;0,  0> +
        (-0.0011058, 0.0000171)|   8, 0, 0;0,  0;0,  0> +
        ( 0.0009100,-0.0000003)|   1, 2, 2;0,  0;0,  0> +
        (-0.0008177,-0.0000174)|   2, 3, 0;0,  0;0,  0> +
        (-0.0000041, 0.0007777)|   2, 3, 3;0,  0;0,  0> +
        (-0.0000258, 0.0007469)|   0, 2, 3;0,  0;0,  0> +
        (-0.0000638,-0.0007113)|   1, 2, 1;0,  0;0,  0> +
        ( 0.0000027,-0.0006957)|   1, 2, 3;0,  0;0,  0> +
        (-0.0006379,-0.0000029)|   1, 3, 2;0,  0;0,  0> +
        (-0.0006251,-0.0000261)|   2, 1, 2;0,  0;0,  0> +
        ( 0.0000006,-0.0006016)|   2, 2, 1;0,  0;0,  0> +
        (-0.0005454, 0.0000046)|   4, 0, 2;0,  0;0,  0> +
        ( 0.0003706, 0.0000330)|   1, 3, 0;0,  0;0,  0> +
        (-0.0000009, 0.0002787)|   1, 3, 3;0,  0;0,  0> +
        (-0.0002786, 0.0000003)|   3, 2, 2;0,  0;0,  0> +
        (-0.0000003,-0.0002215)|   0, 3, 3;0,  0;0,  0> +
        (-0.0002201,-0.0000042)|   4, 2, 0;0,  0;0,  0> +
        (-0.0002062,-0.0000010)|   3, 1, 0;0,  0;0,  0> +
        (-0.0000013, 0.0002019)|   3, 0, 1;0,  0;0,  0> +
        ( 0.0000128,-0.0001613)|   1, 0, 3;0,  0;0,  0> +
        ( 0.0001449,-0.0000257)|   0, 3, 2;0,  0;0,  0> +
        ( 0.0000825,-0.0001031)|   1, 1, 2;0,  0;0,  0> +
        (-0.0000643, 0.0001021)|   0, 3, 1;0,  0;0,  0> +
        ( 0.0000934,-0.0000054)|   4, 2, 2;0,  0;0,  0> +
        (-0.0000337, 0.0000000)|   4, 1, 0;1,  0;0,  0> +
        ( 0.0000337,-0.0000000)|   4, 1, 0;0,  0;1,  0> +
        ( 0.0000000,-0.0000310)|   4, 0, 1;1,  0;0,  0> +
        (-0.0000000, 0.0000310)|   4, 0, 1;0,  0;1,  0> +
        (-0.0000268,-0.0000001)|   2, 2, 2;0,  0;0,  0> +
        ( 0.0000003,-0.0000116)|   2, 2, 3;0,  0;0,  0> +
        (-0.0000020, 0.0000070)|   1, 1, 3;0,  0;0,  0> +
        ( 0.0000034,-0.0000063)|   2, 1, 1;0,  0;0,  0> +
        (-0.0000001,-0.0000048)|   0, 1, 1;0,  0;0,  0> +
        (-0.0000030,-0.0000002)|   1, 3, 1;0,  0;0,  0> +
        (-0.0000007,-0.0000024)|   2, 0, 2;0,  0;0,  0> +
        ( 0.0000005, 0.0000024)|   2, 2, 0;0,  0;0,  0> +
        (-0.0000019,-0.0000002)|   7, 1, 0;0,  0;0,  0> +
        ( 0.0000000,-0.0000018)|   2, 0, 1;0,  0;0,  0> +
        (-0.0000018, 0.0000002)|   5, 1, 0;0,  0;0,  0> +
        ( 0.0000014, 0.0000003)|   1, 1, 0;0,  0;0,  0> +
        ( 0.0000003,-0.0000014)|   1, 0, 1;0,  0;0,  0> +
        (-0.0000013, 0.0000001)|   2, 1, 0;0,  0;0,  0> +
        ( 0.0000012,-0.0000004)|   2, 3, 2;0,  0;0,  0> +
        ( 0.0000000,-0.0000012)|   3, 3, 3;0,  0;0,  0> +
        ( 0.0000009,-0.0000005)|   9, 1, 0;0,  0;0,  0> +
         ...
 |21> = (-0.9994730,-0.0016912)|  11, 0, 0;0,  0;0,  0> +
        ( 0.0024093,-0.0279034)|   7, 0, 1;0,  0;0,  0> +
        (-0.0140463,-0.0021079)|   7, 1, 0;0,  0;0,  0> +
        ( 0.0043178,-0.0002073)|   6, 2, 0;0,  0;0,  0> +
        (-0.0021050,-0.0005151)|   5, 2, 0;0,  0;0,  0> +
        ( 0.0000228,-0.0021108)|   3, 1, 1;0,  0;0,  0> +
        (-0.0001016,-0.0021065)|   4, 1, 1;0,  0;0,  0> +
        (-0.0018374,-0.0000126)|   4, 1, 2;0,  0;0,  0> +
        ( 0.0000222,-0.0017489)|   4, 2, 1;0,  0;0,  0> +
        ( 0.0000483, 0.0016809)|   6, 2, 3;0,  0;0,  0> +
        (-0.0015788, 0.0004453)|   3, 1, 2;0,  0;0,  0> +
        ( 0.0003848, 0.0015618)|   3, 0, 3;0,  0;0,  0> +
        ( 0.0016037, 0.0000150)|   3, 3, 0;0,  0;0,  0> +
        ( 0.0011821, 0.0005836)|   2, 1, 2;0,  0;0,  0> +
        ( 0.0012505,-0.0000015)|   3, 2, 2;0,  0;0,  0> +
        ( 0.0003965,-0.0011122)|   2, 2, 1;0,  0;0,  0> +
        ( 0.0010482,-0.0003463)|   2, 3, 0;0,  0;0,  0> +
        (-0.0000215,-0.0010807)|   4, 0, 3;0,  0;0,  0> +
        (-0.0002391,-0.0009922)|   2, 0, 3;0,  0;0,  0> +
        ( 0.0009686,-0.0000022)|   5, 2, 2;0,  0;0,  0> +
        (-0.0009576, 0.0000484)|   6, 3, 2;0,  0;0,  0> +
        (-0.0008629, 0.0000032)|   1, 3, 2;0,  0;0,  0> +
        ( 0.0000005,-0.0008618)|   1, 3, 3;0,  0;0,  0> +
        ( 0.0002153, 0.0008200)|   5, 2, 3;0,  0;0,  0> +
        (-0.0007424, 0.0000005)|   4, 2, 2;0,  0;0,  0> +
        (-0.0006946,-0.0001772)|   1, 3, 1;0,  0;0,  0> +
        (-0.0000093,-0.0006957)|   2, 2, 3;0,  0;0,  0> +
        (-0.0006840, 0.0000070)|   5, 3, 0;0,  0;0,  0> +
        (-0.0001751,-0.0006371)|   3, 2, 1;0,  0;0,  0> +
        (-0.0000326,-0.0006330)|   4, 3, 1;0,  0;0,  0> +
        (-0.0000031,-0.0006072)|   5, 0, 3;0,  0;0,  0> +
        (-0.0001696, 0.0005679)|   1, 0, 3;0,  0;0,  0> +
        ( 0.0000000, 0.0005683)|   4, 3, 3;0,  0;0,  0> +
        (-0.0001970, 0.0005138)|   5, 0, 2;0,  0;0,  0> +
        (-0.0004976,-0.0001499)|   1, 3, 0;0,  0;0,  0> +
        (-0.0004384, 0.0000662)|   3, 3, 2;0,  0;0,  0> +
        (-0.0004371, 0.0000038)|   5, 1, 2;0,  0;0,  0> +
        (-0.0004300, 0.0000021)|   4, 3, 0;0,  0;0,  0> +
        (-0.0000032,-0.0003938)|   5, 2, 1;0,  0;0,  0> +
        (-0.0003358,-0.0002050)|   9, 3, 3;0,  0;0,  0> +
        (-0.0000028, 0.0003889)|   3, 3, 1;0,  0;0,  0> +
        ( 0.0003101, 0.0002169)|   5, 3, 2;0,  0;0,  0> +
        ( 0.0001101,-0.0003525)|   1, 2, 1;0,  0;0,  0> +
        (-0.0003572, 0.0000019)|   6, 2, 2;0,  0;0,  0> +
        ( 0.0003276,-0.0000005)|   4, 3, 2;0,  0;0,  0> +
        ( 0.0002267,-0.0002195)|   7, 3, 2;0,  0;0,  0> +
        ( 0.0002171, 0.0002079)|   7, 2, 3;0,  0;0,  0> +
        ( 0.0000001,-0.0002849)|   5, 3, 3;0,  0;0,  0> +
        ( 0.0001124, 0.0002253)|   7, 3, 3;0,  0;0,  0> +
        ( 0.0002305, 0.0000755)|   1, 1, 2;0,  0;0,  0> +
        ( 0.0000100,-0.0002319)|   4, 1, 3;0,  0;0,  0> +
        (-0.0001466, 0.0001588)|   6, 0, 2;0,  0;0,  0> +
        (-0.0000325, 0.0002033)|   0, 3, 1;0,  0;0,  0> +
        (-0.0000190,-0.0002030)|   1, 1, 3;0,  0;0,  0> +
        ( 0.0000000,-0.0001778)|   0, 3, 3;0,  0;0,  0> +
        ( 0.0000675, 0.0001629)|   3, 2, 3;0,  0;0,  0> +
        ( 0.0000001,-0.0001544)|   2, 3, 3;0,  0;0,  0> +
        ( 0.0000159,-0.0001528)|  10, 3, 3;0,  0;0,  0> +
        (-0.0001329, 0.0000026)|   7, 2, 2;0,  0;0,  0> +
        ( 0.0000001,-0.0001289)|   3, 3, 3;0,  0;0,  0> +
        ( 0.0000049,-0.0001224)|   3, 1, 3;0,  0;0,  0> +
        ( 0.0001120,-0.0000094)|   2, 3, 2;0,  0;0,  0> +
        (-0.0000011, 0.0001067)|   4, 2, 3;0,  0;0,  0> +
        ( 0.0000760, 0.0000021)|   8, 1, 0;0,  0;0,  0> +
        (-0.0000079,-0.0000583)|   6, 0, 1;0,  0;0,  0> +
        ( 0.0000105,-0.0000536)|   8, 3, 3;0,  0;0,  0> +
        (-0.0000417,-0.0000314)|   6, 3, 3;0,  0;0,  0> +
        ( 0.0000458, 0.0000001)|  11, 0, 0;1,  0;0,  0> +
        (-0.0000458,-0.0000001)|  11, 0, 0;0,  0;1,  0> +
        (-0.0000083, 0.0000437)|   8, 0, 1;0,  0;0,  0> +
        ( 0.0000064,-0.0000399)|   0, 1, 3;0,  0;0,  0> +
        ( 0.0000059, 0.0000372)|   1, 2, 3;0,  0;0,  0> +
        ( 0.0000367, 0.0000015)|   0, 3, 2;0,  0;0,  0> +
        ( 0.0000296,-0.0000023)|   6, 1, 0;0,  0;0,  0> +
        (-0.0000028, 0.0000255)|   2, 1, 3;0,  0;0,  0> +
        ( 0.0000013,-0.0000176)|   2, 3, 1;0,  0;0,  0> +
        (-0.0000033,-0.0000101)|  11, 3, 3;0,  0;0,  0> +
        (-0.0000082,-0.0000003)|   8, 2, 2;0,  0;0,  0> +
        ( 0.0000052,-0.0000008)|   5, 1, 0;0,  0;0,  0> +
        (-0.0000001, 0.0000044)|   5, 3, 1;0,  0;0,  0> +
        ( 0.0000044, 0.0000002)|   9, 0, 0;0,  0;0,  0> +
        (-0.0000005, 0.0000025)|   2, 1, 1;0,  0;0,  0> +
        ( 0.0000015, 0.0000018)|   0, 2, 3;0,  0;0,  0> +
        ( 0.0000005,-0.0000022)|  13, 0, 0;0,  0;0,  0> +
        (-0.0000010, 0.0000019)|   0, 2, 1;0,  0;0,  0> +
        ( 0.0000021, 0.0000006)|   0, 1, 2;0,  0;0,  0> +
        ( 0.0000012,-0.0000017)|   0, 0, 3;0,  0;0,  0> +
        (-0.0000021, 0.0000000)|   7, 2, 0;0,  0;0,  0> +
        ( 0.0000020,-0.0000001)|   4, 2, 0;0,  0;0,  0> +
        (-0.0000016, 0.0000011)|   8, 3, 2;0,  0;0,  0> +
        ( 0.0000018, 0.0000006)|   7, 0, 0;0,  0;0,  0> +
        (-0.0000010,-0.0000016)|   8, 2, 3;0,  0;0,  0> +
        (-0.0000016, 0.0000001)|   3, 1, 0;0,  0;0,  0> +
        (-0.0000009, 0.0000013)|   5, 0, 1;0,  0;0,  0> +
        (-0.0000015,-0.0000001)|   8, 0, 0;0,  0;0,  0> +
        ( 0.0000001, 0.0000014)|   3, 0, 1;0,  0;0,  0> +
        (-0.0000001, 0.0000013)|   7, 0, 1;1,  0;0,  0> +
        ( 0.0000001,-0.0000013)|   7, 0, 1;0,  0;1,  0> +
        (-0.0000012,-0.0000001)|   7, 0, 2;0,  0;0,  0> +
        (-0.0000011, 0.0000003)|  14, 0, 0;0,  0;0,  0> +
        ( 0.0000007, 0.0000008)|   5, 1, 3;0,  0;0,  0> +
         ...
 |22> = ( 0.1459021, 0.6992982)|   5, 0, 1;0,  0;0,  0> +
        (-0.6848442, 0.1436918)|   5, 1, 0;0,  0;0,  0> +
        (-0.0038299,-0.0001034)|   9, 0, 0;0,  0;0,  0> +
        (-0.0024561,-0.0003488)|   5, 2, 0;0,  0;0,  0> +
        ( 0.0007823,-0.0015080)|   2, 1, 1;0,  0;0,  0> +
        (-0.0000706,-0.0013580)|   1, 2, 1;0,  0;0,  0> +
        ( 0.0001719,-0.0012887)|   1, 0, 3;0,  0;0,  0> +
        (-0.0010914, 0.0003517)|   5, 0, 2;0,  0;0,  0> +
        ( 0.0010492, 0.0001628)|   1, 3, 0;0,  0;0,  0> +
        ( 0.0008652,-0.0000726)|   2, 3, 0;0,  0;0,  0> +
        (-0.0001411, 0.0008540)|   0, 3, 1;0,  0;0,  0> +
        ( 0.0000423,-0.0008411)|   0, 2, 3;0,  0;0,  0> +
        (-0.0008135,-0.0000858)|   4, 0, 2;0,  0;0,  0> +
        ( 0.0008175, 0.0000168)|   0, 1, 2;0,  0;0,  0> +
        ( 0.0007756, 0.0000876)|   4, 2, 0;0,  0;0,  0> +
        ( 0.0000204, 0.0007652)|   2, 1, 3;0,  0;0,  0> +
        ( 0.0007435,-0.0000005)|   4, 2, 2;0,  0;0,  0> +
        (-0.0000000, 0.0007157)|   0, 3, 3;0,  0;0,  0> +
        (-0.0002432, 0.0006253)|   0, 2, 1;0,  0;0,  0> +
        ( 0.0003733,-0.0004964)|   0, 0, 3;0,  0;0,  0> +
        (-0.0005674, 0.0000005)|   3, 2, 2;0,  0;0,  0> +
        (-0.0004979,-0.0001526)|   1, 3, 1;0,  0;0,  0> +
        ( 0.0000002, 0.0004903)|   4, 3, 3;0,  0;0,  0> +
        ( 0.0000282, 0.0004264)|   5, 3, 3;0,  0;0,  0> +
        (-0.0003366, 0.0002235)|   0, 3, 0;0,  0;0,  0> +
        (-0.0003806, 0.0000082)|   3, 3, 2;0,  0;0,  0> +
        (-0.0000517, 0.0003613)|   2, 0, 3;0,  0;0,  0> +
        (-0.0003505, 0.0000768)|   2, 1, 2;0,  0;0,  0> +
        (-0.0000321, 0.0003492)|   4, 2, 3;0,  0;0,  0> +
        (-0.0000005, 0.0003388)|   2, 2, 3;0,  0;0,  0> +
        ( 0.0003349, 0.0000006)|   2, 3, 2;0,  0;0,  0> +
        ( 0.0003185,-0.0000019)|   3, 1, 2;0,  0;0,  0> +
        (-0.0000542, 0.0003068)|   1, 1, 3;0,  0;0,  0> +
        ( 0.0000279,-0.0003014)|   0, 1, 3;0,  0;0,  0> +
        (-0.0003021, 0.0000097)|   5, 2, 2;0,  0;0,  0> +
        (-0.0000002,-0.0002682)|   3, 2, 3;0,  0;0,  0> +
        ( 0.0002388, 0.0000243)|   4, 3, 2;0,  0;0,  0> +
        (-0.0000012,-0.0002380)|   1, 2, 3;0,  0;0,  0> +
        (-0.0001950, 0.0000615)|   3, 3, 0;0,  0;0,  0> +
        ( 0.0000001,-0.0001850)|   3, 3, 3;0,  0;0,  0> +
        ( 0.0000704, 0.0001544)|   3, 1, 1;0,  0;0,  0> +
        ( 0.0000000,-0.0001636)|   2, 3, 3;0,  0;0,  0> +
        ( 0.0001513, 0.0000423)|   0, 3, 2;0,  0;0,  0> +
        (-0.0000376, 0.0001389)|   2, 3, 1;0,  0;0,  0> +
        ( 0.0000394, 0.0001357)|   2, 2, 1;0,  0;0,  0> +
        ( 0.0001250,-0.0000525)|   1, 1, 2;0,  0;0,  0> +
        (-0.0000978, 0.0000010)|  10, 0, 0;0,  0;0,  0> +
        ( 0.0000056,-0.0000728)|   3, 2, 1;0,  0;0,  0> +
        ( 0.0000348, 0.0000191)|   6, 3, 3;0,  0;0,  0> +
        ( 0.0000067, 0.0000321)|   5, 0, 1;0,  0;1,  0> +
        (-0.0000067,-0.0000321)|   5, 0, 1;1,  0;0,  0> +
        ( 0.0000322,-0.0000019)|   1, 3, 2;0,  0;0,  0> +
        (-0.0000314, 0.0000066)|   5, 1, 0;0,  0;1,  0> +
        ( 0.0000314,-0.0000066)|   5, 1, 0;1,  0;0,  0> +
        (-0.0000055, 0.0000180)|   3, 0, 3;0,  0;0,  0> +
        ( 0.0000040,-0.0000184)|   3, 3, 1;0,  0;0,  0> +
        ( 0.0000012, 0.0000124)|   6, 0, 1;0,  0;0,  0> +
        ( 0.0000001, 0.0000102)|   1, 3, 3;0,  0;0,  0> +
        (-0.0000006, 0.0000100)|   1, 1, 1;0,  0;0,  0> +
        ( 0.0000097, 0.0000002)|   4, 3, 0;0,  0;0,  0> +
        (-0.0000003, 0.0000087)|   4, 0, 3;0,  0;0,  0> +
        ( 0.0000083, 0.0000002)|   4, 1, 2;0,  0;0,  0> +
        (-0.0000023,-0.0000060)|   3, 1, 3;0,  0;0,  0> +
        (-0.0000063,-0.0000002)|   6, 1, 0;0,  0;0,  0> +
        ( 0.0000043,-0.0000003)|   4, 1, 0;0,  0;0,  0> +
        (-0.0000040,-0.0000001)|   2, 2, 2;0,  0;0,  0> +
        ( 0.0000038, 0.0000004)|   7, 1, 0;0,  0;0,  0> +
        ( 0.0000035, 0.0000010)|   7, 0, 0;0,  0;0,  0> +
        ( 0.0000033,-0.0000002)|   3, 0, 2;0,  0;0,  0> +
        (-0.0000001,-0.0000030)|   4, 0, 1;0,  0;0,  0> +
        ( 0.0000027,-0.0000003)|   6, 0, 2;0,  0;0,  0> +
        ( 0.0000026, 0.0000000)|   6, 0, 0;0,  0;0,  0> +
        (-0.0000001, 0.0000023)|   4, 2, 1;0,  0;0,  0> +
        (-0.0000002, 0.0000016)|   7, 0, 1;0,  0;0,  0> +
        (-0.0000000,-0.0000013)|   3, 0, 1;0,  0;0,  0> +
        (-0.0000011, 0.0000002)|   3, 2, 0;0,  0;0,  0> +
        ( 0.0000010,-0.0000000)|   1, 2, 2;0,  0;0,  0> +
         ...
 |23> = ( 0.7143241,-0.0016794)|   5, 1, 0;0,  0;0,  0> +
        ( 0.0008620, 0.6997491)|   5, 0, 1;0,  0;0,  0> +
        ( 0.0036709, 0.0001037)|   9, 0, 0;0,  0;0,  0> +
        (-0.0005381, 0.0034909)|   1, 2, 1;0,  0;0,  0> +
        ( 0.0034128, 0.0002891)|   4, 0, 2;0,  0;0,  0> +
        (-0.0024533, 0.0001973)|   2, 3, 0;0,  0;0,  0> +
        ( 0.0002020,-0.0024030)|   2, 0, 3;0,  0;0,  0> +
        (-0.0020132,-0.0002962)|   4, 2, 0;0,  0;0,  0> +
        ( 0.0007705,-0.0018597)|   1, 0, 3;0,  0;0,  0> +
        ( 0.0000085,-0.0019535)|   3, 2, 3;0,  0;0,  0> +
        (-0.0017641,-0.0000087)|   3, 3, 2;0,  0;0,  0> +
        ( 0.0001276,-0.0015077)|   1, 1, 3;0,  0;0,  0> +
        ( 0.0006255,-0.0012010)|   2, 1, 1;0,  0;0,  0> +
        (-0.0001260, 0.0012975)|   2, 2, 1;0,  0;0,  0> +
        ( 0.0012104, 0.0003787)|   1, 3, 0;0,  0;0,  0> +
        ( 0.0000146, 0.0011294)|   3, 0, 3;0,  0;0,  0> +
        ( 0.0010553, 0.0001475)|   1, 1, 2;0,  0;0,  0> +
        ( 0.0010167,-0.0000836)|   0, 1, 2;0,  0;0,  0> +
        ( 0.0009768,-0.0000067)|   3, 3, 0;0,  0;0,  0> +
        ( 0.0009301,-0.0000003)|   4, 2, 2;0,  0;0,  0> +
        (-0.0000008, 0.0008418)|   4, 3, 3;0,  0;0,  0> +
        ( 0.0008344, 0.0000077)|   0, 3, 2;0,  0;0,  0> +
        ( 0.0000455, 0.0008219)|   2, 3, 1;0,  0;0,  0> +
        ( 0.0008111,-0.0000263)|   5, 2, 0;0,  0;0,  0> +
        ( 0.0007597,-0.0001228)|   2, 1, 2;0,  0;0,  0> +
        (-0.0000459, 0.0007385)|   2, 1, 3;0,  0;0,  0> +
        (-0.0000003, 0.0007354)|   3, 3, 3;0,  0;0,  0> +
        ( 0.0007004, 0.0000183)|   5, 0, 2;0,  0;0,  0> +
        (-0.0006881, 0.0000011)|   3, 2, 2;0,  0;0,  0> +
        (-0.0002571, 0.0006186)|   0, 2, 1;0,  0;0,  0> +
        ( 0.0000078, 0.0006536)|   0, 2, 3;0,  0;0,  0> +
        (-0.0005357, 0.0003534)|   0, 3, 0;0,  0;0,  0> +
        ( 0.0004531,-0.0004085)|   0, 0, 3;0,  0;0,  0> +
        (-0.0005832, 0.0000119)|   2, 3, 2;0,  0;0,  0> +
        ( 0.0000034, 0.0005484)|   3, 2, 1;0,  0;0,  0> +
        ( 0.0005418, 0.0000014)|   3, 1, 2;0,  0;0,  0> +
        ( 0.0000125, 0.0005074)|   2, 2, 3;0,  0;0,  0> +
        (-0.0005011, 0.0000032)|   5, 2, 2;0,  0;0,  0> +
        (-0.0004375, 0.0000001)|   2, 2, 2;0,  0;0,  0> +
        (-0.0000012,-0.0003235)|   1, 2, 3;0,  0;0,  0> +
        (-0.0002534, 0.0000123)|   1, 3, 1;0,  0;0,  0> +
        (-0.0000000,-0.0001288)|   2, 3, 3;0,  0;0,  0> +
        ( 0.0000002, 0.0001267)|   0, 3, 3;0,  0;0,  0> +
        ( 0.0000016, 0.0001225)|   0, 1, 3;0,  0;0,  0> +
        (-0.0000962,-0.0000000)|   1, 2, 2;0,  0;0,  0> +
        (-0.0000078, 0.0000737)|   0, 3, 1;0,  0;0,  0> +
        ( 0.0000001,-0.0000698)|   1, 3, 3;0,  0;0,  0> +
        (-0.0000327, 0.0000001)|   5, 1, 0;1,  0;0,  0> +
        ( 0.0000327,-0.0000001)|   5, 1, 0;0,  0;1,  0> +
        (-0.0000000,-0.0000321)|   5, 0, 1;1,  0;0,  0> +
        ( 0.0000000, 0.0000321)|   5, 0, 1;0,  0;1,  0> +
        ( 0.0000271, 0.0000042)|   8, 0, 0;0,  0;0,  0> +
        (-0.0000008, 0.0000218)|   3, 1, 1;0,  0;0,  0> +
        ( 0.0000147,-0.0000001)|   4, 3, 2;0,  0;0,  0> +
        ( 0.0000002, 0.0000137)|   4, 2, 3;0,  0;0,  0> +
        (-0.0000134, 0.0000003)|   3, 2, 0;0,  0;0,  0> +
        ( 0.0000125,-0.0000005)|   3, 0, 2;0,  0;0,  0> +
        (-0.0000099,-0.0000028)|   7, 0, 0;0,  0;0,  0> +
        (-0.0000017,-0.0000101)|   6, 0, 1;0,  0;0,  0> +
        ( 0.0000082, 0.0000003)|   4, 1, 0;0,  0;0,  0> +
        ( 0.0000026, 0.0000066)|   1, 1, 1;0,  0;0,  0> +
        ( 0.0000001, 0.0000067)|   3, 0, 1;0,  0;0,  0> +
        (-0.0000042, 0.0000010)|   6, 1, 0;0,  0;0,  0> +
        (-0.0000038, 0.0000000)|   6, 0, 0;0,  0;0,  0> +
        ( 0.0000002,-0.0000037)|   7, 0, 1;0,  0;0,  0> +
        ( 0.0000036,-0.0000000)|   3, 1, 0;0,  0;0,  0> +
        (-0.0000000,-0.0000030)|   3, 3, 1;0,  0;0,  0> +
        (-0.0000002,-0.0000026)|   4, 0, 1;0,  0;0,  0> +
        ( 0.0000017, 0.0000014)|   6, 3, 3;0,  0;0,  0> +
        ( 0.0000002,-0.0000019)|   1, 3, 2;0,  0;0,  0> +
        (-0.0000002,-0.0000014)|   5, 3, 3;0,  0;0,  0> +
        ( 0.0000014,-0.0000000)|   7, 1, 0;0,  0;0,  0> +
        (-0.0000000,-0.0000013)|   4, 0, 3;0,  0;0,  0> +
        (-0.0000013, 0.0000000)|   4, 3, 0;0,  0;0,  0> +
        ( 0.0000000, 0.0000013)|  15, 0, 0;0,  0;0,  0> +
        (-0.0000000, 0.0000011)|   3, 1, 3;0,  0;0,  0> +
         ...
 |24> = ( 0.9570481,-0.2896376)|  12, 0, 0;0,  0;0,  0> +
        ( 0.0076852, 0.0004794)|   7, 1, 0;0,  0;0,  0> +
        (-0.0002627,-0.0054664)|   4, 1, 1;0,  0;0,  0> +
        ( 0.0000630,-0.0043311)|   7, 0, 1;0,  0;0,  0> +
        (-0.0030633,-0.0001024)|   8, 1, 0;0,  0;0,  0> +
        ( 0.0024231, 0.0000500)|   4, 1, 2;0,  0;0,  0> +
        ( 0.0022906, 0.0000261)|   7, 2, 0;0,  0;0,  0> +
        ( 0.0003684,-0.0019518)|   8, 0, 1;0,  0;0,  0> +
        (-0.0016326,-0.0004470)|   1, 3, 1;0,  0;0,  0> +
        ( 0.0007537, 0.0014161)|   5, 1, 1;0,  0;0,  0> +
        ( 0.0013586,-0.0000027)|   5, 2, 2;0,  0;0,  0> +
        (-0.0013031, 0.0000855)|   6, 0, 2;0,  0;0,  0> +
        ( 0.0012801, 0.0000886)|   7, 0, 2;0,  0;0,  0> +
        ( 0.0012425,-0.0000013)|   3, 3, 0;0,  0;0,  0> +
        (-0.0001283,-0.0011941)|   3, 0, 3;0,  0;0,  0> +
        (-0.0000063, 0.0011879)|   3, 3, 1;0,  0;0,  0> +
        (-0.0000271, 0.0011475)|   5, 3, 1;0,  0;0,  0> +
        ( 0.0000926, 0.0010473)|   3, 2, 1;0,  0;0,  0> +
        (-0.0006341, 0.0007864)|   2, 0, 3;0,  0;0,  0> +
        ( 0.0000511, 0.0009900)|   4, 3, 1;0,  0;0,  0> +
        (-0.0000484,-0.0009240)|   7, 3, 2;0,  0;0,  0> +
        ( 0.0008926,-0.0001925)|   3, 3, 2;0,  0;0,  0> +
        (-0.0009058, 0.0000096)|   4, 3, 0;0,  0;0,  0> +
        (-0.0005622,-0.0006920)|   2, 3, 0;0,  0;0,  0> +
        (-0.0001941,-0.0008472)|   3, 2, 3;0,  0;0,  0> +
        ( 0.0008279,-0.0000847)|   6, 2, 0;0,  0;0,  0> +
        (-0.0004265, 0.0006867)|   2, 1, 2;0,  0;0,  0> +
        (-0.0000035,-0.0008003)|   1, 2, 3;0,  0;0,  0> +
        (-0.0002852, 0.0006604)|   7, 2, 3;0,  0;0,  0> +
        ( 0.0000499, 0.0006126)|   5, 2, 1;0,  0;0,  0> +
        ( 0.0005815, 0.0000486)|   2, 2, 1;0,  0;0,  0> +
        (-0.0005773,-0.0000271)|   8, 2, 2;0,  0;0,  0> +
        (-0.0005717, 0.0000031)|   6, 2, 2;0,  0;0,  0> +
        ( 0.0000720, 0.0005263)|   5, 0, 3;0,  0;0,  0> +
        (-0.0005061,-0.0001210)|   3, 1, 2;0,  0;0,  0> +
        (-0.0004699, 0.0000026)|   4, 3, 2;0,  0;0,  0> +
        (-0.0004586, 0.0000004)|   7, 2, 2;0,  0;0,  0> +
        ( 0.0000025, 0.0004268)|   6, 2, 3;0,  0;0,  0> +
        ( 0.0000000, 0.0004178)|   4, 3, 3;0,  0;0,  0> +
        (-0.0000015,-0.0004044)|   2, 3, 1;0,  0;0,  0> +
        ( 0.0003748, 0.0000018)|   6, 3, 2;0,  0;0,  0> +
        ( 0.0000030, 0.0003512)|   4, 2, 3;0,  0;0,  0> +
        ( 0.0000321,-0.0003149)|  10, 3, 3;0,  0;0,  0> +
        ( 0.0000290,-0.0002647)|  12, 3, 3;0,  0;0,  0> +
        (-0.0002081,-0.0001555)|   6, 3, 3;0,  0;0,  0> +
        ( 0.0001749, 0.0001824)|   5, 1, 3;0,  0;0,  0> +
        (-0.0000749,-0.0002238)|  11, 3, 3;0,  0;0,  0> +
        ( 0.0000002,-0.0002347)|   5, 3, 3;0,  0;0,  0> +
        (-0.0002058, 0.0000900)|   5, 3, 0;0,  0;0,  0> +
        (-0.0000399, 0.0002039)|   8, 3, 3;0,  0;0,  0> +
        ( 0.0000002,-0.0002029)|   3, 3, 3;0,  0;0,  0> +
        ( 0.0000003, 0.0001947)|   2, 2, 3;0,  0;0,  0> +
        (-0.0000817,-0.0001637)|   7, 3, 3;0,  0;0,  0> +
        (-0.0000211, 0.0001760)|   2, 1, 3;0,  0;0,  0> +
        ( 0.0001003, 0.0001406)|   5, 2, 3;0,  0;0,  0> +
        (-0.0000000, 0.0001635)|   0, 3, 3;0,  0;0,  0> +
        ( 0.0001611, 0.0000002)|   2, 3, 2;0,  0;0,  0> +
        (-0.0000951, 0.0001008)|   5, 3, 2;0,  0;0,  0> +
        ( 0.0000422,-0.0001272)|   4, 2, 1;0,  0;0,  0> +
        (-0.0000974, 0.0000872)|   1, 1, 3;0,  0;0,  0> +
        ( 0.0001226, 0.0000189)|   5, 1, 2;0,  0;0,  0> +
        (-0.0000102, 0.0001205)|   0, 2, 3;0,  0;0,  0> +
        (-0.0001203,-0.0000102)|   0, 3, 2;0,  0;0,  0> +
        ( 0.0000941,-0.0000057)|   1, 3, 2;0,  0;0,  0> +
        ( 0.0000228, 0.0000744)|   6, 3, 1;0,  0;0,  0> +
        (-0.0000532, 0.0000193)|   8, 3, 2;0,  0;0,  0> +
        (-0.0000002,-0.0000465)|   6, 0, 3;0,  0;0,  0> +
        ( 0.0000439,-0.0000133)|  12, 0, 0;0,  0;1,  0> +
        (-0.0000439, 0.0000133)|  12, 0, 0;1,  0;0,  0> +
        ( 0.0000369, 0.0000226)|   9, 3, 3;0,  0;0,  0> +
        (-0.0000432, 0.0000005)|   6, 3, 0;0,  0;0,  0> +
        (-0.0000067, 0.0000393)|   4, 1, 3;0,  0;0,  0> +
        (-0.0000314,-0.0000166)|   8, 2, 3;0,  0;0,  0> +
        ( 0.0000345, 0.0000000)|   3, 2, 2;0,  0;0,  0> +
        ( 0.0000082,-0.0000330)|   3, 1, 3;0,  0;0,  0> +
        ( 0.0000002,-0.0000318)|   2, 3, 3;0,  0;0,  0> +
        ( 0.0000251, 0.0000007)|  11, 0, 0;0,  0;0,  0> +
        (-0.0000222, 0.0000002)|   6, 1, 2;0,  0;0,  0> +
        ( 0.0000000, 0.0000208)|   1, 3, 3;0,  0;0,  0> +
        ( 0.0000002,-0.0000208)|   6, 2, 1;0,  0;0,  0> +
        ( 0.0000146,-0.0000100)|   4, 0, 3;0,  0;0,  0> +
        ( 0.0000154, 0.0000003)|   4, 2, 2;0,  0;0,  0> +
        (-0.0000115,-0.0000067)|   5, 2, 0;0,  0;0,  0> +
        ( 0.0000115, 0.0000063)|   5, 0, 2;0,  0;0,  0> +
        (-0.0000033, 0.0000118)|  13, 0, 0;0,  0;0,  0> +
        ( 0.0000021,-0.0000117)|   9, 0, 1;0,  0;0,  0> +
        ( 0.0000079,-0.0000013)|   6, 1, 0;0,  0;0,  0> +
        (-0.0000025,-0.0000059)|   1, 1, 2;0,  0;0,  0> +
        ( 0.0000050,-0.0000006)|   1, 2, 1;0,  0;0,  0> +
        ( 0.0000037, 0.0000031)|   1, 3, 0;0,  0;0,  0> +
        (-0.0000001,-0.0000047)|   3, 1, 1;0,  0;0,  0> +
        ( 0.0000004, 0.0000044)|   6, 1, 3;0,  0;0,  0> +
        (-0.0000032,-0.0000015)|   1, 0, 3;0,  0;0,  0> +
        ( 0.0000007, 0.0000032)|   6, 0, 1;0,  0;0,  0> +
        ( 0.0000031,-0.0000000)|  10, 0, 0;0,  0;0,  0> +
        ( 0.0000019,-0.0000010)|   9, 1, 0;0,  0;0,  0> +
        ( 0.0000018, 0.0000000)|   9, 0, 0;0,  0;0,  0> +
        (-0.0000015, 0.0000007)|   9, 3, 2;0,  0;0,  0> +
        (-0.0000006,-0.0000015)|   9, 2, 3;0,  0;0,  0> +
        ( 0.0000015,-0.0000004)|  14, 0, 0;0,  0;0,  0> +
        ( 0.0000000,-0.0000014)|   6, 1, 1;0,  0;0,  0> +
        ( 0.0000010,-0.0000007)|   5, 1, 0;0,  0;0,  0> +
        (-0.0000011, 0.0000000)|   3, 1, 0;0,  0;0,  0> +
         ...
