# Parameters of the model
#  mass:		    261.00 u
#  charge:	      1.00 e
#  dipole:	      4.74 D
#  B:		    503.65 MHz
#  omega_rho:	      1.40 MHz
#  omega_z:	      0.13 MHz

# Basis truncation:	|34,4,4;2,2>
# omega_1:	      0.23 MHz
# omega_3/5:	      1.39 MHz
# Basis size:		44064

# Active terms of the Hamiltionian:
# 	Nomal modes:	1
# 	T_rot:      	1
# 	V_qd^{(0)}: 	1
# 	V_qd^{(1)}: 	1
# 	V_dd^{(0)}: 	1

# Results of the diagonalisation

# 100 smallest eigenvalues
 6.595989227 7.605558872 8.611021996 9.573765755 10.632195473 11.691846848 12.699239731 12.712574959 12.738084793 13.601171494 13.745252609 13.794407845 14.669619560 14.743661880 14.805612564 15.632505417 15.758473396 15.770654678 16.418590546 16.790307999 16.804002762 17.689556122 17.748392105 17.987880707 18.563220978 18.660606384 18.806566238 18.813903809 18.833618164 18.956985474 19.599891663 19.604654312 19.792049408 19.829698563 19.902933121 20.039093018 20.521633148 20.528091431 20.711145401 20.771505356 20.816387177 20.840536118 21.451614380 21.648382187 21.689426422 21.692287445 21.754949570 21.792846680 22.359268188 22.723045349 22.746160507 22.813560486 22.908002853 22.955936432 23.316728592 23.841709137 23.842220306 23.852710724 23.872507095 23.949823380 24.384908676 24.502754211 24.650260925 24.754777908 24.894992828 24.975376129 25.006397247 25.045316696 25.056085587 25.157421112 25.543838501 25.641052246 25.663757324 25.785898209 25.874422073 25.885433197 26.016597748 26.025629044 26.032701492 26.096572876 26.533430099 26.579568863 26.745004654 26.748733521 26.927371979 26.939283371 26.966224670 26.988077164 27.045179367 27.161382675 27.395130157 27.430213928 27.769222260 27.813798904 27.837991714 27.876890182 27.897377014 27.902635574 28.017236710 28.189163208

# Ground state and the lowest excitations:
 | 0> = ( 1.0000000, 0.0000000)|   0, 0, 0;0,  0;0,  0> +
        ( 0.0000509,-0.0000000)|   0, 0, 0;0,  0;1,  0> +
        (-0.0000509,-0.0000000)|   0, 0, 0;1,  0;0,  0> +
         ...
 | 1> = (-0.9999999,-0.0000000)|   1, 0, 0;0,  0;0,  0> +
        (-0.0000509,-0.0000000)|   1, 0, 0;0,  0;1,  0> +
        ( 0.0000509,-0.0000000)|   1, 0, 0;1,  0;0,  0> +
         ...
 | 2> = ( 0.9999973,-0.0000000)|   2, 0, 0;0,  0;0,  0> +
        (-0.0017344, 0.0000000)|   0, 0, 2;0,  0;0,  0> +
        (-0.0016304, 0.0000000)|   0, 2, 0;0,  0;0,  0> +
        ( 0.0000509, 0.0000000)|   2, 0, 0;0,  0;1,  0> +
        (-0.0000509,-0.0000000)|   2, 0, 0;1,  0;0,  0> +
         ...
 | 3> = ( 0.9999992,-0.0000000)|   3, 0, 0;0,  0;0,  0> +
        ( 0.0008796,-0.0000000)|   0, 2, 0;0,  0;0,  0> +
        (-0.0008788,-0.0000000)|   0, 0, 2;0,  0;0,  0> +
        ( 0.0000000,-0.0001448)|   0, 0, 1;0,  0;0,  0> +
        (-0.0000780,-0.0000000)|   1, 0, 2;0,  0;0,  0> +
        ( 0.0000750, 0.0000000)|   0, 1, 0;0,  0;0,  0> +
        (-0.0000553, 0.0000000)|   1, 2, 0;0,  0;0,  0> +
        (-0.0000509, 0.0000000)|   3, 0, 0;1,  0;0,  0> +
        ( 0.0000509, 0.0000000)|   3, 0, 0;0,  0;1,  0> +
        (-0.0000169, 0.0000000)|   4, 0, 0;0,  0;0,  0> +
         ...
 | 4> = ( 0.9999645,-0.0000000)|   4, 0, 0;0,  0;0,  0> +
        (-0.0000000, 0.0059452)|   1, 0, 1;0,  0;0,  0> +
        ( 0.0059197,-0.0000000)|   1, 1, 0;0,  0;0,  0> +
        ( 0.0010760, 0.0000000)|   1, 0, 2;0,  0;0,  0> +
        ( 0.0003000,-0.0000000)|   2, 0, 2;0,  0;0,  0> +
        ( 0.0002786, 0.0000000)|   2, 2, 0;0,  0;0,  0> +
        (-0.0001657,-0.0000000)|   1, 2, 0;0,  0;0,  0> +
        (-0.0001385, 0.0000000)|   0, 2, 2;0,  0;0,  0> +
        (-0.0000509,-0.0000000)|   4, 0, 0;1,  0;0,  0> +
        ( 0.0000509, 0.0000000)|   4, 0, 0;0,  0;1,  0> +
        ( 0.0000164, 0.0000000)|   3, 0, 0;0,  0;0,  0> +
        ( 0.0000000, 0.0000100)|   0, 0, 1;0,  0;0,  0> +
        (-0.0000099, 0.0000000)|   0, 1, 0;0,  0;0,  0> +
        (-0.0000056, 0.0000000)|   0, 0, 2;0,  0;0,  0> +
        ( 0.0000056,-0.0000000)|   0, 2, 0;0,  0;0,  0> +
        ( 0.0000000, 0.0000041)|   0, 0, 3;0,  0;0,  0> +
        ( 0.0000038, 0.0000000)|   0, 3, 0;0,  0;0,  0> +
        ( 0.0000025, 0.0000000)|   0, 1, 2;0,  0;0,  0> +
        (-0.0000025,-0.0000000)|   5, 0, 0;0,  0;0,  0> +
        ( 0.0000000, 0.0000019)|   0, 2, 1;0,  0;0,  0> +
        ( 0.0000015,-0.0000000)|   2, 1, 0;0,  0;0,  0> +
        (-0.0000000, 0.0000015)|   2, 0, 1;0,  0;0,  0> +
         ...
 | 5> = ( 0.9999683, 0.0001267)|   5, 0, 0;0,  0;0,  0> +
        ( 0.0000031, 0.0064809)|   0, 1, 1;0,  0;0,  0> +
        (-0.0034597,-0.0000171)|   2, 0, 2;0,  0;0,  0> +
        (-0.0016670,-0.0000001)|   2, 2, 2;0,  0;0,  0> +
        ( 0.0000571,-0.0012378)|   2, 0, 1;0,  0;0,  0> +
        (-0.0011240, 0.0000000)|   1, 0, 2;0,  0;0,  0> +
        ( 0.0011221,-0.0000000)|   1, 2, 0;0,  0;0,  0> +
        (-0.0011147, 0.0000104)|   1, 1, 0;0,  0;0,  0> +
        ( 0.0000104, 0.0011123)|   1, 0, 1;0,  0;0,  0> +
        ( 0.0000224, 0.0010483)|   0, 0, 3;0,  0;0,  0> +
        ( 0.0007420, 0.0000170)|   2, 2, 0;0,  0;0,  0> +
        (-0.0000549, 0.0006923)|   0, 2, 1;0,  0;0,  0> +
        ( 0.0006544,-0.0000222)|   0, 1, 2;0,  0;0,  0> +
        ( 0.0005741, 0.0000515)|   2, 1, 0;0,  0;0,  0> +
        ( 0.0002624, 0.0000038)|   0, 3, 0;0,  0;0,  0> +
        (-0.0002311, 0.0000000)|   0, 2, 2;0,  0;0,  0> +
        (-0.0002019, 0.0000000)|   1, 2, 2;0,  0;0,  0> +
        (-0.0001898, 0.0000007)|   3, 0, 2;0,  0;0,  0> +
        (-0.0001478,-0.0000001)|   3, 2, 0;0,  0;0,  0> +
        (-0.0000509,-0.0000000)|   5, 0, 0;1,  0;0,  0> +
        ( 0.0000509, 0.0000000)|   5, 0, 0;0,  0;1,  0> +
        (-0.0000120,-0.0000000)|   0, 3, 2;0,  0;0,  0> +
        ( 0.0000002, 0.0000115)|   0, 1, 3;0,  0;0,  0> +
        ( 0.0000000,-0.0000090)|   0, 2, 3;0,  0;0,  0> +
        ( 0.0000043, 0.0000000)|   4, 0, 0;0,  0;0,  0> +
        ( 0.0000002, 0.0000042)|   0, 3, 1;0,  0;0,  0> +
         ...
 | 6> = (-0.9999215, 0.0016299)|   6, 0, 0;0,  0;0,  0> +
        (-0.0000306,-0.0085799)|   3, 0, 1;0,  0;0,  0> +
        (-0.0083039,-0.0000410)|   3, 1, 0;0,  0;0,  0> +
        ( 0.0018119,-0.0000776)|   3, 2, 0;0,  0;0,  0> +
        (-0.0016317,-0.0000241)|   0, 3, 0;0,  0;0,  0> +
        (-0.0000226, 0.0012718)|   0, 0, 3;0,  0;0,  0> +
        (-0.0007195, 0.0005409)|   0, 3, 1;0,  0;0,  0> +
        (-0.0008418, 0.0000773)|   3, 0, 2;0,  0;0,  0> +
        ( 0.0008424, 0.0000039)|   4, 0, 2;0,  0;0,  0> +
        ( 0.0007634,-0.0000071)|   4, 2, 0;0,  0;0,  0> +
        ( 0.0007220,-0.0000001)|   1, 2, 2;0,  0;0,  0> +
        (-0.0006120, 0.0000243)|   3, 2, 2;0,  0;0,  0> +
        (-0.0000186, 0.0005355)|   0, 2, 3;0,  0;0,  0> +
        ( 0.0004258, 0.0000231)|   0, 1, 2;0,  0;0,  0> +
        ( 0.0000204, 0.0004215)|   0, 2, 1;0,  0;0,  0> +
        (-0.0004084,-0.0000186)|   0, 3, 2;0,  0;0,  0> +
        ( 0.0002495,-0.0002554)|   0, 1, 3;0,  0;0,  0> +
        ( 0.0000014, 0.0001706)|   1, 0, 3;0,  0;0,  0> +
        ( 0.0001387,-0.0000063)|   1, 3, 0;0,  0;0,  0> +
        (-0.0000068, 0.0001005)|   1, 2, 1;0,  0;0,  0> +
        ( 0.0000809, 0.0000028)|   1, 1, 2;0,  0;0,  0> +
        (-0.0000756,-0.0000000)|   2, 2, 2;0,  0;0,  0> +
        ( 0.0000001, 0.0000558)|   0, 3, 3;0,  0;0,  0> +
        ( 0.0000509,-0.0000001)|   6, 0, 0;1,  0;0,  0> +
        (-0.0000509, 0.0000001)|   6, 0, 0;0,  0;1,  0> +
        (-0.0000280,-0.0000006)|   2, 0, 2;0,  0;0,  0> +
        ( 0.0000278, 0.0000005)|   2, 2, 0;0,  0;0,  0> +
        ( 0.0000000,-0.0000267)|   0, 1, 1;0,  0;0,  0> +
        (-0.0000002,-0.0000194)|   2, 2, 1;0,  0;0,  0> +
        (-0.0000007,-0.0000164)|   2, 0, 3;0,  0;0,  0> +
        ( 0.0000147,-0.0000000)|   4, 1, 0;0,  0;0,  0> +
        ( 0.0000013,-0.0000143)|   1, 1, 1;0,  0;0,  0> +
        ( 0.0000000, 0.0000129)|   4, 0, 1;0,  0;0,  0> +
        ( 0.0000104, 0.0000002)|   7, 0, 0;0,  0;0,  0> +
        (-0.0000004,-0.0000085)|   1, 3, 3;0,  0;0,  0> +
        (-0.0000083, 0.0000002)|   2, 1, 2;0,  0;0,  0> +
        (-0.0000075, 0.0000008)|   2, 3, 0;0,  0;0,  0> +
        (-0.0000020,-0.0000000)|   5, 0, 0;0,  0;0,  0> +
         ...
 | 7> = (-0.0000000, 0.7615904)|   0, 0, 1;0,  0;0,  0> +
        (-0.6480525,-0.0000000)|   0, 1, 0;0,  0;0,  0> +
        (-0.0021427, 0.0000000)|   0, 2, 0;0,  0;0,  0> +
        ( 0.0021369,-0.0000000)|   0, 0, 2;0,  0;0,  0> +
        ( 0.0001625,-0.0000000)|   3, 0, 0;0,  0;0,  0> +
        (-0.0001496, 0.0000000)|   1, 2, 0;0,  0;0,  0> +
        (-0.0000878,-0.0000000)|   1, 0, 2;0,  0;0,  0> +
        ( 0.0000000,-0.0000388)|   0, 0, 1;1,  0;0,  0> +
        (-0.0000000, 0.0000388)|   0, 0, 1;0,  0;1,  0> +
        (-0.0000330,-0.0000000)|   0, 1, 0;0,  0;1,  0> +
        ( 0.0000330, 0.0000000)|   0, 1, 0;1,  0;0,  0> +
        (-0.0000140,-0.0000000)|   4, 0, 0;0,  0;0,  0> +
        ( 0.0000113,-0.0000000)|   1, 1, 0;0,  0;0,  0> +
        (-0.0000000, 0.0000083)|   1, 0, 1;0,  0;0,  0> +
        (-0.0000020,-0.0000000)|   0, 2, 2;0,  0;0,  0> +
        (-0.0000015, 0.0000000)|   8, 0, 0;0,  0;0,  0> +
        (-0.0000011, 0.0000000)|   9, 0, 0;0,  0;0,  0> +
         ...
 | 8> = (-0.7615940, 0.0000000)|   0, 1, 0;0,  0;0,  0> +
        ( 0.0000000,-0.6480533)|   0, 0, 1;0,  0;0,  0> +
        ( 0.0003221, 0.0000000)|   0, 2, 0;0,  0;0,  0> +
        (-0.0002935, 0.0000000)|   0, 0, 2;0,  0;0,  0> +
        (-0.0000388,-0.0000000)|   0, 1, 0;0,  0;1,  0> +
        ( 0.0000388, 0.0000000)|   0, 1, 0;1,  0;0,  0> +
        (-0.0000373, 0.0000000)|   3, 0, 0;0,  0;0,  0> +
        (-0.0000000,-0.0000330)|   0, 0, 1;0,  0;1,  0> +
        (-0.0000000, 0.0000330)|   0, 0, 1;1,  0;0,  0> +
        (-0.0000123, 0.0000000)|   1, 2, 0;0,  0;0,  0> +
        (-0.0000072,-0.0000000)|   1, 0, 2;0,  0;0,  0> +
        ( 0.0000000, 0.0000019)|   1, 0, 1;0,  0;0,  0> +
        (-0.0000015, 0.0000000)|   1, 1, 0;0,  0;0,  0> +
        (-0.0000011, 0.0000000)|   4, 0, 0;0,  0;0,  0> +
         ...
 | 9> = (-0.9997442,-0.0188393)|   7, 0, 0;0,  0;0,  0> +
        (-0.0095327,-0.0000732)|   4, 1, 0;0,  0;0,  0> +
        ( 0.0001566,-0.0062171)|   1, 1, 1;0,  0;0,  0> +
        ( 0.0000435, 0.0028991)|   0, 2, 1;0,  0;0,  0> +
        (-0.0000644,-0.0023776)|   4, 0, 1;0,  0;0,  0> +
        ( 0.0000732,-0.0019970)|   0, 0, 3;0,  0;0,  0> +
        (-0.0014144, 0.0000053)|   1, 3, 0;0,  0;0,  0> +
        (-0.0000363,-0.0013262)|   1, 1, 3;0,  0;0,  0> +
        (-0.0011147, 0.0000612)|   3, 0, 2;0,  0;0,  0> +
        (-0.0011052, 0.0000036)|   4, 2, 0;0,  0;0,  0> +
        ( 0.0010064,-0.0000616)|   3, 2, 0;0,  0;0,  0> +
        ( 0.0008920,-0.0000590)|   1, 1, 2;0,  0;0,  0> +
        (-0.0000130,-0.0008723)|   1, 3, 1;0,  0;0,  0> +
        ( 0.0000038,-0.0008297)|   2, 1, 1;0,  0;0,  0> +
        ( 0.0007864,-0.0000034)|   4, 0, 2;0,  0;0,  0> +
        (-0.0006846,-0.0000009)|   4, 2, 2;0,  0;0,  0> +
        ( 0.0005179,-0.0000262)|   3, 1, 0;0,  0;0,  0> +
        (-0.0000268,-0.0005085)|   3, 0, 1;0,  0;0,  0> +
        ( 0.0004721,-0.0000049)|   0, 3, 0;0,  0;0,  0> +
        (-0.0000000, 0.0004550)|   1, 3, 3;0,  0;0,  0> +
        (-0.0000002, 0.0004211)|   2, 3, 3;0,  0;0,  0> +
        ( 0.0001085,-0.0003813)|   0, 1, 3;0,  0;0,  0> +
        (-0.0000155, 0.0003922)|   1, 0, 3;0,  0;0,  0> +
        ( 0.0000051,-0.0003898)|   0, 2, 3;0,  0;0,  0> +
        (-0.0003126, 0.0001344)|   0, 3, 1;0,  0;0,  0> +
        (-0.0002599, 0.0001790)|   0, 1, 2;0,  0;0,  0> +
        (-0.0003067, 0.0000011)|   2, 3, 0;0,  0;0,  0> +
        (-0.0002829,-0.0000160)|   2, 3, 2;0,  0;0,  0> +
        (-0.0000216, 0.0002743)|   1, 2, 1;0,  0;0,  0> +
        ( 0.0000091,-0.0002448)|   2, 0, 3;0,  0;0,  0> +
        (-0.0000131,-0.0002144)|   2, 2, 3;0,  0;0,  0> +
        (-0.0000068,-0.0001688)|   3, 1, 1;0,  0;0,  0> +
        (-0.0001625, 0.0000077)|   2, 1, 2;0,  0;0,  0> +
        (-0.0001615,-0.0000001)|   1, 2, 2;0,  0;0,  0> +
        (-0.0001596, 0.0000097)|   1, 3, 2;0,  0;0,  0> +
        ( 0.0001578,-0.0000000)|   2, 2, 2;0,  0;0,  0> +
        (-0.0001400,-0.0000002)|   3, 2, 2;0,  0;0,  0> +
        (-0.0001380, 0.0000051)|   0, 3, 2;0,  0;0,  0> +
        (-0.0000061,-0.0001367)|   2, 2, 1;0,  0;0,  0> +
        (-0.0001216,-0.0000006)|   5, 1, 0;0,  0;0,  0> +
        (-0.0000015,-0.0001096)|   5, 0, 1;0,  0;0,  0> +
        ( 0.0000000, 0.0000598)|   0, 3, 3;0,  0;0,  0> +
        ( 0.0000097, 0.0000568)|   1, 2, 3;0,  0;0,  0> +
        ( 0.0000509, 0.0000010)|   7, 0, 0;1,  0;0,  0> +
        (-0.0000509,-0.0000010)|   7, 0, 0;0,  0;1,  0> +
        (-0.0000334, 0.0000005)|   8, 0, 0;0,  0;0,  0> +
        (-0.0000090, 0.0000001)|   6, 0, 0;0,  0;0,  0> +
        (-0.0000000,-0.0000083)|   3, 3, 3;0,  0;0,  0> +
        ( 0.0000000, 0.0000038)|   6, 0, 1;0,  0;0,  0> +
        (-0.0000000, 0.0000033)|   2, 3, 1;0,  0;0,  0> +
        ( 0.0000024,-0.0000000)|   5, 2, 0;0,  0;0,  0> +
        ( 0.0000023, 0.0000000)|   5, 0, 2;0,  0;0,  0> +
        ( 0.0000018,-0.0000000)|   6, 1, 0;0,  0;0,  0> +
        ( 0.0000013, 0.0000002)|   5, 0, 0;0,  0;0,  0> +
        (-0.0000011, 0.0000000)|   9, 0, 0;0,  0;0,  0> +
        ( 0.0000010, 0.0000002)|   2, 1, 0;0,  0;0,  0> +
         ...
 |10> = (-0.7111390, 0.0000168)|   1, 1, 0;0,  0;0,  0> +
        ( 0.0000168,-0.7029958)|   1, 0, 1;0,  0;0,  0> +
        ( 0.0083864, 0.0000000)|   4, 0, 0;0,  0;0,  0> +
        ( 0.0026965, 0.0000000)|   1, 0, 2;0,  0;0,  0> +
        ( 0.0010002,-0.0000000)|   1, 2, 0;0,  0;0,  0> +
        ( 0.0006019, 0.0000002)|   2, 2, 0;0,  0;0,  0> +
        (-0.0005790,-0.0000000)|   0, 2, 2;0,  0;0,  0> +
        ( 0.0004760,-0.0000002)|   2, 0, 2;0,  0;0,  0> +
        ( 0.0000000,-0.0000510)|   0, 0, 3;0,  0;0,  0> +
        (-0.0000445, 0.0000001)|   0, 3, 0;0,  0;0,  0> +
        (-0.0000362, 0.0000000)|   1, 1, 0;0,  0;1,  0> +
        ( 0.0000362,-0.0000000)|   1, 1, 0;1,  0;0,  0> +
        ( 0.0000000,-0.0000358)|   1, 0, 1;0,  0;1,  0> +
        (-0.0000000, 0.0000358)|   1, 0, 1;1,  0;0,  0> +
        (-0.0000327, 0.0000001)|   0, 1, 2;0,  0;0,  0> +
        ( 0.0000000,-0.0000279)|   0, 2, 1;0,  0;0,  0> +
        ( 0.0000128,-0.0000017)|   2, 1, 0;0,  0;0,  0> +
        ( 0.0000000, 0.0000109)|   0, 0, 1;0,  0;0,  0> +
        (-0.0000094, 0.0000000)|   0, 1, 0;0,  0;0,  0> +
        (-0.0000077,-0.0000000)|   5, 0, 0;0,  0;0,  0> +
        ( 0.0000001,-0.0000027)|   0, 1, 1;0,  0;0,  0> +
        ( 0.0000026,-0.0000000)|   0, 0, 2;0,  0;0,  0> +
        (-0.0000026, 0.0000000)|   0, 2, 0;0,  0;0,  0> +
        (-0.0000024, 0.0000000)|   1, 2, 2;0,  0;0,  0> +
        ( 0.0000011,-0.0000000)|   9, 0, 0;0,  0;0,  0> +
         ...
 |11> = ( 0.0035609, 0.7110761)|   1, 0, 1;0,  0;0,  0> +
        (-0.7029334, 0.0035535)|   1, 1, 0;0,  0;0,  0> +
        ( 0.0000775,-0.0118996)|   2, 0, 1;0,  0;0,  0> +
        (-0.0086851,-0.0004091)|   2, 1, 0;0,  0;0,  0> +
        (-0.0027952,-0.0000891)|   2, 0, 2;0,  0;0,  0> +
        ( 0.0019353, 0.0000893)|   2, 2, 0;0,  0;0,  0> +
        (-0.0015924,-0.0000068)|   5, 0, 0;0,  0;0,  0> +
        ( 0.0011483, 0.0000154)|   0, 3, 0;0,  0;0,  0> +
        ( 0.0000060, 0.0006356)|   0, 0, 3;0,  0;0,  0> +
        ( 0.0000135,-0.0005582)|   0, 1, 1;0,  0;0,  0> +
        (-0.0005510, 0.0000033)|   1, 2, 2;0,  0;0,  0> +
        (-0.0004622,-0.0000000)|   0, 2, 2;0,  0;0,  0> +
        ( 0.0003346, 0.0000003)|   1, 0, 2;0,  0;0,  0> +
        (-0.0003210,-0.0000003)|   1, 2, 0;0,  0;0,  0> +
        ( 0.0002067, 0.0000136)|   0, 1, 2;0,  0;0,  0> +
        ( 0.0000065, 0.0001848)|   0, 2, 1;0,  0;0,  0> +
        ( 0.0001041, 0.0000003)|   2, 2, 2;0,  0;0,  0> +
        (-0.0000663, 0.0000001)|   4, 0, 0;0,  0;0,  0> +
        ( 0.0000002, 0.0000362)|   1, 0, 1;0,  0;1,  0> +
        (-0.0000002,-0.0000362)|   1, 0, 1;1,  0;0,  0> +
        ( 0.0000358,-0.0000002)|   1, 1, 0;1,  0;0,  0> +
        (-0.0000358, 0.0000002)|   1, 1, 0;0,  0;1,  0> +
        ( 0.0000043,-0.0000003)|   3, 0, 2;0,  0;0,  0> +
        ( 0.0000000, 0.0000037)|   0, 0, 1;0,  0;0,  0> +
         ...
 |12> = (-0.9997966, 0.0136231)|   8, 0, 0;0,  0;0,  0> +
        ( 0.0065482, 0.0003248)|   5, 1, 0;0,  0;0,  0> +
        ( 0.0004204, 0.0063825)|   5, 0, 1;0,  0;0,  0> +
        ( 0.0050753,-0.0000105)|   4, 0, 2;0,  0;0,  0> +
        (-0.0048719, 0.0000155)|   4, 2, 0;0,  0;0,  0> +
        ( 0.0000455,-0.0046346)|   4, 0, 1;0,  0;0,  0> +
        ( 0.0045125, 0.0000447)|   4, 1, 0;0,  0;0,  0> +
        ( 0.0001764, 0.0043957)|   3, 1, 1;0,  0;0,  0> +
        ( 0.0000199,-0.0038620)|   2, 1, 1;0,  0;0,  0> +
        (-0.0000546,-0.0013943)|   1, 3, 1;0,  0;0,  0> +
        ( 0.0010492,-0.0000300)|   2, 3, 0;0,  0;0,  0> +
        (-0.0010364,-0.0000560)|   5, 2, 0;0,  0;0,  0> +
        ( 0.0000028,-0.0009803)|   0, 2, 3;0,  0;0,  0> +
        (-0.0009447,-0.0000172)|   5, 0, 2;0,  0;0,  0> +
        ( 0.0008589, 0.0000045)|   2, 1, 2;0,  0;0,  0> +
        (-0.0008435, 0.0000027)|   0, 3, 2;0,  0;0,  0> +
        ( 0.0008202,-0.0000002)|   3, 2, 2;0,  0;0,  0> +
        ( 0.0000013, 0.0006457)|   6, 0, 1;0,  0;0,  0> +
        ( 0.0000024, 0.0006214)|   3, 2, 3;0,  0;0,  0> +
        ( 0.0005907,-0.0000015)|   3, 3, 2;0,  0;0,  0> +
        (-0.0005417, 0.0000039)|   2, 3, 2;0,  0;0,  0> +
        (-0.0003315, 0.0003484)|   0, 3, 1;0,  0;0,  0> +
        ( 0.0000001, 0.0004690)|   0, 3, 3;0,  0;0,  0> +
        ( 0.0004427, 0.0000008)|   4, 2, 2;0,  0;0,  0> +
        ( 0.0000000, 0.0004364)|   3, 3, 3;0,  0;0,  0> +
        (-0.0003701,-0.0000000)|   2, 2, 2;0,  0;0,  0> +
        ( 0.0003506,-0.0000010)|   6, 1, 0;0,  0;0,  0> +
        ( 0.0000076,-0.0003315)|   1, 0, 3;0,  0;0,  0> +
        ( 0.0000001, 0.0003071)|   1, 3, 3;0,  0;0,  0> +
        ( 0.0000002,-0.0003026)|   2, 3, 3;0,  0;0,  0> +
        (-0.0002442, 0.0000021)|   3, 3, 0;0,  0;0,  0> +
        (-0.0000353,-0.0002399)|   2, 0, 3;0,  0;0,  0> +
        ( 0.0001149, 0.0001889)|   0, 1, 3;0,  0;0,  0> +
        ( 0.0000009,-0.0002153)|   3, 0, 3;0,  0;0,  0> +
        ( 0.0000038, 0.0002151)|   2, 2, 3;0,  0;0,  0> +
        ( 0.0000332,-0.0002064)|   1, 2, 1;0,  0;0,  0> +
        ( 0.0000011, 0.0001748)|   4, 3, 3;0,  0;0,  0> +
        ( 0.0001666,-0.0000180)|   0, 1, 2;0,  0;0,  0> +
        ( 0.0000187,-0.0001563)|   2, 1, 3;0,  0;0,  0> +
        ( 0.0000311, 0.0001531)|   1, 1, 3;0,  0;0,  0> +
        (-0.0001490, 0.0000121)|   1, 3, 0;0,  0;0,  0> +
        (-0.0000011,-0.0001455)|   3, 2, 1;0,  0;0,  0> +
        ( 0.0000001,-0.0001414)|   1, 2, 3;0,  0;0,  0> +
        (-0.0000115,-0.0001398)|   0, 2, 1;0,  0;0,  0> +
        (-0.0000017, 0.0001379)|   7, 0, 1;0,  0;0,  0> +
        ( 0.0001291,-0.0000008)|   5, 2, 2;0,  0;0,  0> +
        (-0.0001221, 0.0000024)|   3, 1, 2;0,  0;0,  0> +
        ( 0.0000096, 0.0001154)|   2, 3, 1;0,  0;0,  0> +
        ( 0.0001055,-0.0000005)|   7, 1, 0;0,  0;0,  0> +
        (-0.0000024, 0.0000879)|   1, 1, 1;0,  0;0,  0> +
        (-0.0000626, 0.0000005)|   1, 3, 2;0,  0;0,  0> +
        (-0.0000509, 0.0000007)|   8, 0, 0;0,  0;1,  0> +
        ( 0.0000509,-0.0000007)|   8, 0, 0;1,  0;0,  0> +
        ( 0.0000454,-0.0000014)|   9, 0, 0;0,  0;0,  0> +
        ( 0.0000186, 0.0000247)|   1, 1, 2;0,  0;0,  0> +
        ( 0.0000015,-0.0000300)|   4, 1, 1;0,  0;0,  0> +
        ( 0.0000141,-0.0000225)|   2, 2, 1;0,  0;0,  0> +
        (-0.0000244, 0.0000012)|   3, 2, 0;0,  0;0,  0> +
        ( 0.0000227,-0.0000011)|   3, 0, 2;0,  0;0,  0> +
        (-0.0000208, 0.0000011)|   0, 3, 0;0,  0;0,  0> +
        ( 0.0000114, 0.0000005)|   7, 0, 0;0,  0;0,  0> +
        ( 0.0000104,-0.0000005)|   3, 1, 0;0,  0;0,  0> +
        (-0.0000096, 0.0000001)|   4, 3, 2;0,  0;0,  0> +
        ( 0.0000000,-0.0000089)|   4, 2, 3;0,  0;0,  0> +
        (-0.0000004,-0.0000083)|   3, 0, 1;0,  0;0,  0> +
        (-0.0000026, 0.0000055)|   0, 0, 3;0,  0;0,  0> +
        ( 0.0000001, 0.0000017)|   5, 3, 3;0,  0;0,  0> +
        ( 0.0000000,-0.0000011)|   4, 0, 3;0,  0;0,  0> +
         ...
 |13> = ( 0.7065902, 0.0944225)|   2, 1, 0;0,  0;0,  0> +
        ( 0.0966982,-0.6945845)|   2, 0, 1;0,  0;0,  0> +
        ( 0.0003937,-0.0014901)|   1, 0, 1;0,  0;0,  0> +
        ( 0.0014871, 0.0003920)|   1, 1, 0;0,  0;0,  0> +
        ( 0.0000008,-0.0015094)|   0, 1, 1;0,  0;0,  0> +
        ( 0.0014568, 0.0000384)|   2, 2, 0;0,  0;0,  0> +
        (-0.0012627,-0.0000972)|   5, 0, 0;0,  0;0,  0> +
        ( 0.0009875,-0.0000469)|   3, 0, 2;0,  0;0,  0> +
        (-0.0008691,-0.0000082)|   0, 3, 2;0,  0;0,  0> +
        ( 0.0007132, 0.0000207)|   2, 2, 2;0,  0;0,  0> +
        (-0.0000028,-0.0007028)|   0, 2, 3;0,  0;0,  0> +
        (-0.0006976, 0.0000494)|   0, 3, 0;0,  0;0,  0> +
        ( 0.0005761,-0.0000018)|   1, 2, 2;0,  0;0,  0> +
        (-0.0003212, 0.0000000)|   0, 2, 2;0,  0;0,  0> +
        (-0.0000428, 0.0002410)|   0, 1, 3;0,  0;0,  0> +
        ( 0.0002210,-0.0000000)|   1, 2, 0;0,  0;0,  0> +
        (-0.0002201, 0.0000000)|   1, 0, 2;0,  0;0,  0> +
        (-0.0000283, 0.0001753)|   0, 3, 1;0,  0;0,  0> +
        ( 0.0000532, 0.0001392)|   0, 0, 3;0,  0;0,  0> +
        ( 0.0000092, 0.0001333)|   0, 2, 1;0,  0;0,  0> +
        ( 0.0000018,-0.0001027)|   0, 3, 3;0,  0;0,  0> +
        ( 0.0000625,-0.0000384)|   2, 0, 2;0,  0;0,  0> +
        (-0.0000473,-0.0000170)|   3, 2, 0;0,  0;0,  0> +
        (-0.0000360,-0.0000048)|   2, 1, 0;1,  0;0,  0> +
        ( 0.0000360, 0.0000048)|   2, 1, 0;0,  0;1,  0> +
        (-0.0000049, 0.0000354)|   2, 0, 1;1,  0;0,  0> +
        ( 0.0000049,-0.0000354)|   2, 0, 1;0,  0;1,  0> +
        ( 0.0000254, 0.0000164)|   0, 1, 2;0,  0;0,  0> +
        (-0.0000010, 0.0000084)|   1, 0, 3;0,  0;0,  0> +
        ( 0.0000046, 0.0000004)|   3, 1, 0;0,  0;0,  0> +
        (-0.0000004, 0.0000042)|   3, 0, 1;0,  0;0,  0> +
        ( 0.0000036, 0.0000015)|   1, 3, 0;0,  0;0,  0> +
        ( 0.0000038, 0.0000003)|   1, 1, 2;0,  0;0,  0> +
        (-0.0000016,-0.0000023)|   1, 2, 1;0,  0;0,  0> +
        (-0.0000019, 0.0000000)|   4, 0, 2;0,  0;0,  0> +
        ( 0.0000011,-0.0000000)|   6, 0, 0;0,  0;0,  0> +
         ...
 |14> = (-0.0018249, 0.7127528)|   2, 0, 1;0,  0;0,  0> +
        ( 0.7012184,-0.0020560)|   2, 1, 0;0,  0;0,  0> +
        ( 0.0002917, 0.0103744)|   1, 0, 1;0,  0;0,  0> +
        (-0.0102346, 0.0002910)|   1, 1, 0;0,  0;0,  0> +
        ( 0.0046193, 0.0000001)|   1, 0, 2;0,  0;0,  0> +
        (-0.0046102,-0.0000001)|   1, 2, 0;0,  0;0,  0> +
        (-0.0025125, 0.0000360)|   2, 2, 0;0,  0;0,  0> +
        ( 0.0011407, 0.0000001)|   0, 3, 0;0,  0;0,  0> +
        ( 0.0011231, 0.0000030)|   1, 2, 2;0,  0;0,  0> +
        ( 0.0000142, 0.0010275)|   0, 0, 3;0,  0;0,  0> +
        ( 0.0007485,-0.0000360)|   2, 0, 2;0,  0;0,  0> +
        ( 0.0004792, 0.0000147)|   0, 1, 2;0,  0;0,  0> +
        (-0.0000107, 0.0004735)|   0, 2, 1;0,  0;0,  0> +
        ( 0.0004699,-0.0000008)|   5, 0, 0;0,  0;0,  0> +
        (-0.0001165,-0.0000000)|   0, 2, 2;0,  0;0,  0> +
        ( 0.0000376,-0.0000002)|   2, 2, 2;0,  0;0,  0> +
        ( 0.0000001,-0.0000363)|   2, 0, 1;1,  0;0,  0> +
        (-0.0000001, 0.0000363)|   2, 0, 1;0,  0;1,  0> +
        ( 0.0000357,-0.0000001)|   2, 1, 0;0,  0;1,  0> +
        (-0.0000357, 0.0000001)|   2, 1, 0;1,  0;0,  0> +
        ( 0.0000166, 0.0000002)|   0, 3, 2;0,  0;0,  0> +
        ( 0.0000099, 0.0000112)|   0, 1, 1;0,  0;0,  0> +
        ( 0.0000000, 0.0000134)|   0, 2, 3;0,  0;0,  0> +
        ( 0.0000098, 0.0000002)|   3, 2, 0;0,  0;0,  0> +
        (-0.0000090, 0.0000008)|   3, 0, 2;0,  0;0,  0> +
        (-0.0000083, 0.0000000)|   4, 0, 0;0,  0;0,  0> +
        ( 0.0000008,-0.0000047)|   0, 1, 3;0,  0;0,  0> +
        ( 0.0000005,-0.0000034)|   0, 3, 1;0,  0;0,  0> +
        (-0.0000000, 0.0000019)|   0, 3, 3;0,  0;0,  0> +
        ( 0.0000017,-0.0000001)|   3, 1, 0;0,  0;0,  0> +
         ...
 |15> = (-0.9992654, 0.0307002)|   9, 0, 0;0,  0;0,  0> +
        ( 0.0121581, 0.0093787)|   5, 0, 1;0,  0;0,  0> +
        (-0.0083533, 0.0108016)|   5, 1, 0;0,  0;0,  0> +
        ( 0.0002909, 0.0073126)|   3, 1, 1;0,  0;0,  0> +
        ( 0.0001222, 0.0038710)|   7, 0, 1;0,  0;0,  0> +
        (-0.0019186, 0.0000422)|   3, 3, 0;0,  0;0,  0> +
        ( 0.0019048,-0.0000483)|   6, 2, 0;0,  0;0,  0> +
        ( 0.0018244, 0.0003352)|   5, 0, 2;0,  0;0,  0> +
        ( 0.0000395,-0.0017378)|   3, 0, 3;0,  0;0,  0> +
        (-0.0016174,-0.0003422)|   5, 2, 0;0,  0;0,  0> +
        (-0.0015691,-0.0001510)|   8, 1, 0;0,  0;0,  0> +
        (-0.0000038,-0.0013216)|   6, 0, 1;0,  0;0,  0> +
        (-0.0012027, 0.0000546)|   6, 0, 2;0,  0;0,  0> +
        (-0.0000208,-0.0011902)|   3, 2, 1;0,  0;0,  0> +
        ( 0.0000257, 0.0011638)|   4, 2, 3;0,  0;0,  0> +
        ( 0.0011314, 0.0002154)|   7, 1, 0;0,  0;0,  0> +
        (-0.0009879,-0.0000305)|   3, 1, 2;0,  0;0,  0> +
        (-0.0009658,-0.0000016)|   4, 2, 2;0,  0;0,  0> +
        ( 0.0000478,-0.0009537)|   4, 1, 1;0,  0;0,  0> +
        (-0.0000165,-0.0008321)|   2, 1, 3;0,  0;0,  0> +
        ( 0.0000067, 0.0007914)|   3, 2, 3;0,  0;0,  0> +
        ( 0.0007700,-0.0000059)|   2, 3, 2;0,  0;0,  0> +
        (-0.0007247, 0.0000056)|   3, 3, 2;0,  0;0,  0> +
        ( 0.0006456, 0.0000000)|   1, 3, 2;0,  0;0,  0> +
        ( 0.0000297, 0.0005251)|   5, 3, 3;0,  0;0,  0> +
        (-0.0004936,-0.0000135)|   2, 1, 2;0,  0;0,  0> +
        (-0.0000172,-0.0004906)|   1, 3, 1;0,  0;0,  0> +
        ( 0.0000105,-0.0004095)|   0, 2, 3;0,  0;0,  0> +
        (-0.0003697, 0.0000096)|   6, 1, 0;0,  0;0,  0> +
        (-0.0000056,-0.0003528)|   2, 2, 3;0,  0;0,  0> +
        ( 0.0003521, 0.0000002)|   5, 2, 2;0,  0;0,  0> +
        ( 0.0000169, 0.0003058)|   2, 0, 3;0,  0;0,  0> +
        (-0.0000038,-0.0003022)|   4, 0, 3;0,  0;0,  0> +
        (-0.0000075, 0.0002902)|   3, 1, 3;0,  0;0,  0> +
        (-0.0002688,-0.0000018)|   4, 1, 2;0,  0;0,  0> +
        (-0.0000062, 0.0002501)|   3, 3, 1;0,  0;0,  0> +
        ( 0.0000009,-0.0002408)|   4, 2, 1;0,  0;0,  0> +
        (-0.0002394, 0.0000031)|   4, 3, 0;0,  0;0,  0> +
        (-0.0000257,-0.0002008)|   2, 2, 1;0,  0;0,  0> +
        (-0.0001927, 0.0000078)|   1, 1, 2;0,  0;0,  0> +
        ( 0.0000012, 0.0001407)|   1, 0, 3;0,  0;0,  0> +
        ( 0.0000001, 0.0001202)|   3, 3, 3;0,  0;0,  0> +
        ( 0.0000013, 0.0001166)|   1, 2, 3;0,  0;0,  0> +
        ( 0.0001115, 0.0000105)|   0, 3, 2;0,  0;0,  0> +
        (-0.0000180, 0.0000982)|   2, 3, 1;0,  0;0,  0> +
        (-0.0000000,-0.0000955)|   1, 3, 3;0,  0;0,  0> +
        (-0.0000900, 0.0000265)|   4, 3, 2;0,  0;0,  0> +
        ( 0.0000787, 0.0000106)|   2, 3, 0;0,  0;0,  0> +
        (-0.0000000, 0.0000786)|   0, 3, 3;0,  0;0,  0> +
        (-0.0000031,-0.0000698)|   7, 3, 3;0,  0;0,  0> +
        (-0.0000671,-0.0000032)|   1, 3, 0;0,  0;0,  0> +
        ( 0.0000003, 0.0000637)|   1, 2, 1;0,  0;0,  0> +
        ( 0.0000509,-0.0000016)|   9, 0, 0;1,  0;0,  0> +
        (-0.0000509, 0.0000016)|   9, 0, 0;0,  0;1,  0> +
        ( 0.0000388,-0.0000292)|   0, 3, 1;0,  0;0,  0> +
        (-0.0000475,-0.0000020)|   5, 3, 2;0,  0;0,  0> +
        ( 0.0000054,-0.0000468)|   5, 2, 3;0,  0;0,  0> +
        ( 0.0000000, 0.0000420)|   4, 3, 3;0,  0;0,  0> +
        ( 0.0000412, 0.0000003)|  10, 0, 0;0,  0;0,  0> +
        (-0.0000392,-0.0000003)|  12, 0, 0;0,  0;0,  0> +
        (-0.0000307,-0.0000120)|   8, 0, 1;0,  0;0,  0> +
        ( 0.0000300, 0.0000005)|   6, 2, 2;0,  0;0,  0> +
        ( 0.0000007, 0.0000296)|   6, 3, 3;0,  0;0,  0> +
        ( 0.0000000,-0.0000241)|   2, 3, 3;0,  0;0,  0> +
        (-0.0000151,-0.0000168)|  11, 0, 0;0,  0;0,  0> +
        (-0.0000002, 0.0000209)|   4, 3, 1;0,  0;0,  0> +
        (-0.0000135, 0.0000114)|   0, 1, 3;0,  0;0,  0> +
        ( 0.0000162, 0.0000000)|   3, 2, 2;0,  0;0,  0> +
        ( 0.0000080,-0.0000018)|   1, 1, 3;0,  0;0,  0> +
        (-0.0000080, 0.0000002)|   7, 0, 2;0,  0;0,  0> +
        ( 0.0000032, 0.0000037)|   5, 1, 1;0,  0;0,  0> +
        ( 0.0000001,-0.0000041)|   5, 0, 3;0,  0;0,  0> +
        (-0.0000034,-0.0000000)|   5, 3, 0;0,  0;0,  0> +
        (-0.0000026,-0.0000017)|   9, 3, 3;0,  0;0,  0> +
        ( 0.0000004,-0.0000029)|   5, 3, 1;0,  0;0,  0> +
        ( 0.0000000, 0.0000028)|   2, 1, 1;0,  0;0,  0> +
        ( 0.0000000, 0.0000027)|   8, 3, 3;0,  0;0,  0> +
        (-0.0000025, 0.0000006)|   7, 2, 0;0,  0;0,  0> +
        (-0.0000014, 0.0000022)|   5, 1, 3;0,  0;0,  0> +
        ( 0.0000025,-0.0000000)|   4, 1, 0;0,  0;0,  0> +
        (-0.0000023,-0.0000001)|   5, 1, 2;0,  0;0,  0> +
        ( 0.0000001,-0.0000022)|   5, 2, 1;0,  0;0,  0> +
        ( 0.0000013, 0.0000016)|  13, 3, 3;0,  0;0,  0> +
        ( 0.0000017,-0.0000002)|   0, 1, 2;0,  0;0,  0> +
        ( 0.0000013,-0.0000000)|   8, 2, 2;0,  0;0,  0> +
        (-0.0000012, 0.0000000)|   6, 0, 0;0,  0;0,  0> +
        ( 0.0000012,-0.0000002)|   8, 0, 0;0,  0;0,  0> +
        (-0.0000001, 0.0000012)|   4, 1, 3;0,  0;0,  0> +
        ( 0.0000011,-0.0000000)|   9, 2, 2;0,  0;0,  0> +
        (-0.0000000,-0.0000011)|   6, 2, 3;0,  0;0,  0> +
        ( 0.0000005,-0.0000010)|   8, 2, 3;0,  0;0,  0> +
        (-0.0000001, 0.0000011)|  12, 3, 3;0,  0;0,  0> +
         ...
 |16> = (-0.7476835, 0.0011832)|   3, 1, 0;0,  0;0,  0> +
        ( 0.0025982,-0.6639209)|   3, 0, 1;0,  0;0,  0> +
        ( 0.0118996,-0.0000174)|   6, 0, 0;0,  0;0,  0> +
        ( 0.0032254, 0.0000340)|   0, 3, 0;0,  0;0,  0> +
        (-0.0000033,-0.0018097)|   1, 0, 3;0,  0;0,  0> +
        ( 0.0000310,-0.0017028)|   0, 0, 3;0,  0;0,  0> +
        ( 0.0015709,-0.0000977)|   3, 2, 0;0,  0;0,  0> +
        (-0.0014005,-0.0000044)|   1, 3, 0;0,  0;0,  0> +
        ( 0.0000378,-0.0010662)|   0, 2, 3;0,  0;0,  0> +
        (-0.0010637, 0.0000049)|   1, 1, 2;0,  0;0,  0> +
        (-0.0000004,-0.0009470)|   1, 2, 1;0,  0;0,  0> +
        (-0.0000002,-0.0007589)|   0, 1, 1;0,  0;0,  0> +
        (-0.0000033,-0.0007389)|   4, 0, 1;0,  0;0,  0> +
        (-0.0006946, 0.0000024)|   4, 1, 0;0,  0;0,  0> +
        (-0.0006680, 0.0000001)|   1, 2, 2;0,  0;0,  0> +
        ( 0.0006668, 0.0000378)|   0, 3, 2;0,  0;0,  0> +
        ( 0.0000124,-0.0005842)|   0, 2, 1;0,  0;0,  0> +
        (-0.0000001,-0.0005596)|   0, 3, 3;0,  0;0,  0> +
        (-0.0005472, 0.0000971)|   3, 0, 2;0,  0;0,  0> +
        ( 0.0005076, 0.0000001)|   2, 2, 2;0,  0;0,  0> +
        ( 0.0004220, 0.0000264)|   4, 0, 2;0,  0;0,  0> +
        (-0.0004182, 0.0000073)|   0, 1, 2;0,  0;0,  0> +
        ( 0.0000452, 0.0003543)|   0, 1, 3;0,  0;0,  0> +
        ( 0.0000051,-0.0002988)|   1, 1, 1;0,  0;0,  0> +
        (-0.0001303, 0.0002333)|   0, 3, 1;0,  0;0,  0> +
        ( 0.0002272, 0.0000163)|   4, 2, 0;0,  0;0,  0> +
        (-0.0001158, 0.0000065)|   3, 2, 2;0,  0;0,  0> +
        (-0.0000981, 0.0000011)|   2, 3, 0;0,  0;0,  0> +
        (-0.0000973,-0.0000013)|   2, 2, 0;0,  0;0,  0> +
        ( 0.0000973, 0.0000013)|   2, 0, 2;0,  0;0,  0> +
        (-0.0000005,-0.0000541)|   2, 0, 3;0,  0;0,  0> +
        (-0.0000464, 0.0000006)|   2, 1, 2;0,  0;0,  0> +
        ( 0.0000004,-0.0000386)|   2, 2, 1;0,  0;0,  0> +
        ( 0.0000381,-0.0000001)|   3, 1, 0;1,  0;0,  0> +
        (-0.0000381, 0.0000001)|   3, 1, 0;0,  0;1,  0> +
        (-0.0000001, 0.0000338)|   3, 0, 1;1,  0;0,  0> +
        ( 0.0000001,-0.0000338)|   3, 0, 1;0,  0;1,  0> +
        (-0.0000335,-0.0000006)|   7, 0, 0;0,  0;0,  0> +
        ( 0.0000327, 0.0000000)|   0, 2, 2;0,  0;0,  0> +
        (-0.0000002, 0.0000256)|   1, 2, 3;0,  0;0,  0> +
        ( 0.0000154, 0.0000002)|   1, 3, 2;0,  0;0,  0> +
        (-0.0000002, 0.0000102)|   1, 3, 3;0,  0;0,  0> +
        ( 0.0000090, 0.0000000)|   4, 2, 2;0,  0;0,  0> +
        ( 0.0000079, 0.0000001)|   5, 0, 0;0,  0;0,  0> +
        ( 0.0000061, 0.0000006)|   2, 1, 0;0,  0;0,  0> +
        ( 0.0000006,-0.0000059)|   2, 0, 1;0,  0;0,  0> +
        ( 0.0000001,-0.0000049)|   2, 3, 3;0,  0;0,  0> +
        (-0.0000000,-0.0000026)|   1, 0, 1;0,  0;0,  0> +
        ( 0.0000001, 0.0000021)|   1, 1, 3;0,  0;0,  0> +
        ( 0.0000000, 0.0000018)|   1, 3, 1;0,  0;0,  0> +
        (-0.0000000,-0.0000016)|   2, 2, 3;0,  0;0,  0> +
        (-0.0000015,-0.0000000)|   2, 3, 2;0,  0;0,  0> +
        ( 0.0000014,-0.0000000)|   1, 1, 0;0,  0;0,  0> +
         ...
 |17> = ( 0.0379309, 0.7466089)|   3, 0, 1;0,  0;0,  0> +
        (-0.6627687, 0.0373240)|   3, 1, 0;0,  0;0,  0> +
        (-0.0000653,-0.0143836)|   4, 0, 1;0,  0;0,  0> +
        (-0.0135156, 0.0000476)|   4, 1, 0;0,  0;0,  0> +
        ( 0.0001025,-0.0059318)|   1, 1, 1;0,  0;0,  0> +
        (-0.0040915, 0.0003771)|   0, 1, 2;0,  0;0,  0> +
        (-0.0026623, 0.0000955)|   3, 2, 0;0,  0;0,  0> +
        ( 0.0025833,-0.0000123)|   4, 0, 2;0,  0;0,  0> +
        ( 0.0022888, 0.0000129)|   1, 3, 0;0,  0;0,  0> +
        (-0.0021276,-0.0000356)|   0, 3, 2;0,  0;0,  0> +
        (-0.0019898, 0.0000153)|   2, 3, 0;0,  0;0,  0> +
        ( 0.0000144, 0.0014192)|   1, 0, 3;0,  0;0,  0> +
        ( 0.0013237,-0.0000176)|   0, 3, 0;0,  0;0,  0> +
        ( 0.0002979, 0.0012631)|   0, 2, 1;0,  0;0,  0> +
        ( 0.0011325,-0.0000947)|   3, 0, 2;0,  0;0,  0> +
        ( 0.0000011,-0.0011298)|   2, 0, 3;0,  0;0,  0> +
        (-0.0009140, 0.0000058)|   2, 1, 2;0,  0;0,  0> +
        (-0.0009102,-0.0000329)|   6, 0, 0;0,  0;0,  0> +
        (-0.0008884, 0.0000002)|   1, 2, 2;0,  0;0,  0> +
        ( 0.0000474, 0.0008118)|   1, 2, 1;0,  0;0,  0> +
        ( 0.0008089,-0.0000081)|   4, 2, 0;0,  0;0,  0> +
        ( 0.0000102,-0.0007184)|   2, 2, 1;0,  0;0,  0> +
        (-0.0005230,-0.0000097)|   7, 0, 0;0,  0;0,  0> +
        ( 0.0005168,-0.0000001)|   2, 2, 2;0,  0;0,  0> +
        (-0.0005098,-0.0000022)|   3, 2, 2;0,  0;0,  0> +
        (-0.0000039, 0.0004739)|   1, 2, 3;0,  0;0,  0> +
        ( 0.0000000, 0.0004624)|   0, 3, 3;0,  0;0,  0> +
        (-0.0000353,-0.0004393)|   0, 2, 3;0,  0;0,  0> +
        ( 0.0004021, 0.0000610)|   1, 1, 2;0,  0;0,  0> +
        ( 0.0002717, 0.0000047)|   1, 3, 2;0,  0;0,  0> +
        (-0.0000015, 0.0002548)|   1, 3, 3;0,  0;0,  0> +
        ( 0.0000278, 0.0002498)|   0, 0, 3;0,  0;0,  0> +
        ( 0.0001747, 0.0000006)|   4, 2, 2;0,  0;0,  0> +
        ( 0.0000011,-0.0000953)|   2, 3, 3;0,  0;0,  0> +
        ( 0.0000386,-0.0000300)|   0, 3, 1;0,  0;0,  0> +
        ( 0.0000013, 0.0000443)|   1, 1, 3;0,  0;0,  0> +
        ( 0.0000001, 0.0000431)|   0, 1, 1;0,  0;0,  0> +
        ( 0.0000005, 0.0000382)|   1, 3, 1;0,  0;0,  0> +
        (-0.0000019,-0.0000380)|   3, 0, 1;1,  0;0,  0> +
        ( 0.0000019, 0.0000380)|   3, 0, 1;0,  0;1,  0> +
        (-0.0000136, 0.0000350)|   0, 1, 3;0,  0;0,  0> +
        ( 0.0000337,-0.0000019)|   3, 1, 0;1,  0;0,  0> +
        (-0.0000337, 0.0000019)|   3, 1, 0;0,  0;1,  0> +
        (-0.0000001,-0.0000315)|   2, 2, 3;0,  0;0,  0> +
        (-0.0000290,-0.0000002)|   2, 3, 2;0,  0;0,  0> +
        ( 0.0000000,-0.0000061)|   2, 1, 1;0,  0;0,  0> +
        ( 0.0000045,-0.0000003)|   2, 2, 0;0,  0;0,  0> +
        (-0.0000044, 0.0000003)|   2, 0, 2;0,  0;0,  0> +
        (-0.0000001, 0.0000037)|   2, 0, 1;0,  0;0,  0> +
        (-0.0000021,-0.0000000)|   0, 2, 2;0,  0;0,  0> +
        ( 0.0000000,-0.0000015)|   1, 0, 1;0,  0;0,  0> +
        ( 0.0000014, 0.0000002)|   5, 0, 0;0,  0;0,  0> +
        (-0.0000013, 0.0000000)|   8, 0, 0;0,  0;0,  0> +
        ( 0.0000013, 0.0000000)|   1, 1, 0;0,  0;0,  0> +
        ( 0.0000008, 0.0000008)|  11, 0, 0;0,  0;0,  0> +
        ( 0.0000011, 0.0000000)|   6, 1, 0;0,  0;0,  0> +
         ...
 |18> = (-0.9998364,-0.0070657)|  10, 0, 0;0,  0;0,  0> +
        ( 0.0012958, 0.0094605)|   7, 0, 1;0,  0;0,  0> +
        (-0.0080459, 0.0018785)|   7, 1, 0;0,  0;0,  0> +
        ( 0.0038626, 0.0007570)|   5, 2, 0;0,  0;0,  0> +
        (-0.0037521,-0.0007405)|   5, 0, 2;0,  0;0,  0> +
        (-0.0036046,-0.0003560)|   8, 1, 0;0,  0;0,  0> +
        (-0.0001757, 0.0036156)|   4, 1, 1;0,  0;0,  0> +
        ( 0.0023504, 0.0025051)|  11, 0, 0;0,  0;0,  0> +
        (-0.0028529,-0.0000527)|   6, 1, 0;0,  0;0,  0> +
        ( 0.0023173, 0.0000317)|   2, 1, 2;0,  0;0,  0> +
        (-0.0000291, 0.0018381)|   6, 0, 1;0,  0;0,  0> +
        (-0.0000200,-0.0017437)|   2, 1, 3;0,  0;0,  0> +
        ( 0.0015800,-0.0000488)|   6, 2, 0;0,  0;0,  0> +
        (-0.0000067,-0.0015310)|   3, 3, 1;0,  0;0,  0> +
        (-0.0000650,-0.0015015)|   1, 3, 1;0,  0;0,  0> +
        ( 0.0014051,-0.0000084)|   3, 3, 0;0,  0;0,  0> +
        ( 0.0013812, 0.0000376)|   3, 1, 2;0,  0;0,  0> +
        (-0.0013265, 0.0000089)|   2, 3, 0;0,  0;0,  0> +
        ( 0.0000110, 0.0012962)|   3, 0, 3;0,  0;0,  0> +
        (-0.0000261, 0.0012173)|   4, 0, 3;0,  0;0,  0> +
        ( 0.0000289,-0.0012154)|   1, 2, 1;0,  0;0,  0> +
        (-0.0012119, 0.0000709)|   6, 0, 2;0,  0;0,  0> +
        (-0.0011706,-0.0000083)|  12, 0, 0;0,  0;0,  0> +
        ( 0.0011638,-0.0000232)|   1, 1, 2;0,  0;0,  0> +
        (-0.0000057,-0.0009965)|   3, 2, 3;0,  0;0,  0> +
        ( 0.0000050, 0.0009566)|   3, 2, 1;0,  0;0,  0> +
        ( 0.0000078, 0.0009411)|   3, 1, 3;0,  0;0,  0> +
        (-0.0009110, 0.0000257)|   4, 3, 2;0,  0;0,  0> +
        (-0.0008558, 0.0000001)|   3, 2, 2;0,  0;0,  0> +
        (-0.0000243, 0.0008459)|   2, 3, 1;0,  0;0,  0> +
        ( 0.0007699,-0.0000002)|   5, 2, 2;0,  0;0,  0> +
        ( 0.0000543, 0.0007451)|   1, 1, 3;0,  0;0,  0> +
        (-0.0005915,-0.0000010)|   4, 2, 2;0,  0;0,  0> +
        (-0.0000024,-0.0005831)|   4, 3, 1;0,  0;0,  0> +
        (-0.0000236, 0.0005821)|   4, 2, 1;0,  0;0,  0> +
        ( 0.0000177, 0.0005373)|   2, 2, 1;0,  0;0,  0> +
        (-0.0005260,-0.0000169)|   0, 3, 2;0,  0;0,  0> +
        (-0.0000001,-0.0005189)|   3, 3, 3;0,  0;0,  0> +
        (-0.0000639, 0.0004403)|   8, 0, 1;0,  0;0,  0> +
        (-0.0004419, 0.0000035)|   2, 3, 2;0,  0;0,  0> +
        ( 0.0004159, 0.0000049)|   6, 2, 2;0,  0;0,  0> +
        ( 0.0003826, 0.0000236)|   1, 3, 0;0,  0;0,  0> +
        ( 0.0000020, 0.0003752)|   8, 3, 3;0,  0;0,  0> +
        (-0.0000066,-0.0003612)|   1, 0, 3;0,  0;0,  0> +
        ( 0.0003490, 0.0000017)|   4, 1, 2;0,  0;0,  0> +
        ( 0.0003282,-0.0000052)|   3, 3, 2;0,  0;0,  0> +
        ( 0.0000252, 0.0003221)|   4, 2, 3;0,  0;0,  0> +
        (-0.0000169, 0.0003114)|   0, 2, 3;0,  0;0,  0> +
        ( 0.0000180,-0.0002676)|   2, 0, 3;0,  0;0,  0> +
        ( 0.0000001, 0.0002395)|   4, 3, 3;0,  0;0,  0> +
        (-0.0000018,-0.0002162)|   6, 3, 3;0,  0;0,  0> +
        ( 0.0000034, 0.0002010)|   2, 2, 3;0,  0;0,  0> +
        (-0.0000001,-0.0001623)|   1, 3, 3;0,  0;0,  0> +
        ( 0.0000000, 0.0001567)|   0, 3, 3;0,  0;0,  0> +
        (-0.0001413,-0.0000377)|   4, 3, 0;0,  0;0,  0> +
        (-0.0000072,-0.0001269)|   5, 3, 3;0,  0;0,  0> +
        ( 0.0000666, 0.0000731)|   5, 1, 1;0,  0;0,  0> +
        ( 0.0000042, 0.0000987)|   7, 3, 3;0,  0;0,  0> +
        (-0.0000136, 0.0000858)|   5, 2, 3;0,  0;0,  0> +
        ( 0.0000001,-0.0000679)|   1, 2, 3;0,  0;0,  0> +
        ( 0.0000016, 0.0000616)|   9, 0, 1;0,  0;0,  0> +
        ( 0.0000509, 0.0000004)|  10, 0, 0;1,  0;0,  0> +
        (-0.0000509,-0.0000004)|  10, 0, 0;0,  0;1,  0> +
        ( 0.0000006,-0.0000457)|   6, 2, 3;0,  0;0,  0> +
        ( 0.0000409,-0.0000034)|   5, 3, 2;0,  0;0,  0> +
        (-0.0000022,-0.0000361)|   3, 1, 1;0,  0;0,  0> +
        (-0.0000360, 0.0000003)|   1, 3, 2;0,  0;0,  0> +
        (-0.0000000, 0.0000360)|   2, 3, 3;0,  0;0,  0> +
        (-0.0000359,-0.0000001)|   6, 3, 2;0,  0;0,  0> +
        ( 0.0000006,-0.0000326)|   5, 0, 3;0,  0;0,  0> +
        (-0.0000307, 0.0000010)|   9, 0, 0;0,  0;0,  0> +
        (-0.0000253, 0.0000006)|   7, 0, 2;0,  0;0,  0> +
        (-0.0000246, 0.0000003)|   5, 3, 0;0,  0;0,  0> +
        (-0.0000176,-0.0000110)|   9, 3, 3;0,  0;0,  0> +
        ( 0.0000010,-0.0000183)|   5, 3, 1;0,  0;0,  0> +
        ( 0.0000008,-0.0000174)|   5, 2, 1;0,  0;0,  0> +
        (-0.0000168,-0.0000006)|   5, 1, 2;0,  0;0,  0> +
        (-0.0000093,-0.0000090)|   5, 0, 1;0,  0;0,  0> +
        ( 0.0000123,-0.0000008)|   9, 1, 0;0,  0;0,  0> +
        ( 0.0000002,-0.0000105)|   4, 1, 3;0,  0;0,  0> +
        ( 0.0000050,-0.0000091)|   5, 1, 0;0,  0;0,  0> +
        ( 0.0000014, 0.0000101)|  13, 0, 0;0,  0;0,  0> +
        (-0.0000078, 0.0000020)|   7, 2, 0;0,  0;0,  0> +
        (-0.0000042,-0.0000044)|  11, 3, 3;0,  0;0,  0> +
        ( 0.0000038, 0.0000046)|  13, 3, 3;0,  0;0,  0> +
        ( 0.0000057,-0.0000001)|   8, 2, 2;0,  0;0,  0> +
        ( 0.0000053,-0.0000015)|   7, 3, 2;0,  0;0,  0> +
        ( 0.0000054,-0.0000001)|   7, 2, 2;0,  0;0,  0> +
        (-0.0000021, 0.0000046)|   7, 2, 3;0,  0;0,  0> +
        (-0.0000042, 0.0000021)|   5, 1, 3;0,  0;0,  0> +
        (-0.0000035, 0.0000028)|   0, 3, 1;0,  0;0,  0> +
        (-0.0000001, 0.0000041)|   2, 1, 1;0,  0;0,  0> +
        ( 0.0000002, 0.0000036)|   0, 2, 1;0,  0;0,  0> +
        (-0.0000031, 0.0000003)|   0, 1, 2;0,  0;0,  0> +
        (-0.0000002, 0.0000025)|  12, 3, 3;0,  0;0,  0> +
        (-0.0000001, 0.0000023)|  10, 3, 3;0,  0;0,  0> +
        ( 0.0000023,-0.0000001)|   9, 2, 2;0,  0;0,  0> +
        ( 0.0000009,-0.0000019)|   8, 2, 3;0,  0;0,  0> +
        (-0.0000001,-0.0000020)|   6, 1, 3;0,  0;0,  0> +
        ( 0.0000019, 0.0000001)|   4, 1, 0;0,  0;0,  0> +
        (-0.0000002,-0.0000016)|   3, 0, 1;0,  0;0,  0> +
        ( 0.0000015,-0.0000001)|   8, 0, 0;0,  0;0,  0> +
        ( 0.0000015, 0.0000001)|   4, 2, 0;0,  0;0,  0> +
        ( 0.0000015, 0.0000000)|   7, 0, 0;0,  0;0,  0> +
        ( 0.0000001,-0.0000014)|   4, 0, 1;0,  0;0,  0> +
        ( 0.0000012,-0.0000004)|   0, 1, 3;0,  0;0,  0> +
        ( 0.0000011,-0.0000001)|   4, 0, 2;0,  0;0,  0> +
         ...
 |19> = (-0.0011202, 0.7565118)|   4, 0, 1;0,  0;0,  0> +
        ( 0.6534859, 0.0000151)|   4, 1, 0;0,  0;0,  0> +
        ( 0.0006799, 0.0140238)|   3, 0, 1;0,  0;0,  0> +
        (-0.0137880, 0.0006680)|   3, 1, 0;0,  0;0,  0> +
        ( 0.0002621,-0.0095992)|   1, 1, 1;0,  0;0,  0> +
        (-0.0079648,-0.0001537)|   7, 0, 0;0,  0;0,  0> +
        (-0.0064132, 0.0000294)|   4, 2, 0;0,  0;0,  0> +
        ( 0.0049373,-0.0000263)|   4, 0, 2;0,  0;0,  0> +
        (-0.0028962, 0.0001659)|   3, 0, 2;0,  0;0,  0> +
        ( 0.0028649,-0.0001668)|   3, 2, 0;0,  0;0,  0> +
        ( 0.0016826,-0.0000498)|   0, 1, 2;0,  0;0,  0> +
        ( 0.0016020,-0.0000068)|   4, 2, 2;0,  0;0,  0> +
        ( 0.0013668,-0.0007566)|   0, 3, 1;0,  0;0,  0> +
        ( 0.0000301,-0.0013930)|   0, 0, 3;0,  0;0,  0> +
        ( 0.0013044,-0.0000111)|   1, 3, 0;0,  0;0,  0> +
        (-0.0012723, 0.0000596)|   1, 1, 2;0,  0;0,  0> +
        (-0.0004738, 0.0011809)|   0, 1, 3;0,  0;0,  0> +
        (-0.0012712,-0.0000001)|   1, 2, 2;0,  0;0,  0> +
        (-0.0000947, 0.0011036)|   0, 2, 1;0,  0;0,  0> +
        ( 0.0000267,-0.0008460)|   1, 0, 3;0,  0;0,  0> +
        (-0.0000146, 0.0005302)|   0, 2, 3;0,  0;0,  0> +
        ( 0.0000002, 0.0005291)|   1, 3, 3;0,  0;0,  0> +
        (-0.0005222, 0.0000004)|   3, 2, 2;0,  0;0,  0> +
        (-0.0005024, 0.0000068)|   8, 0, 0;0,  0;0,  0> +
        (-0.0000086,-0.0004644)|   1, 2, 1;0,  0;0,  0> +
        ( 0.0000135, 0.0003819)|   1, 1, 3;0,  0;0,  0> +
        ( 0.0003157,-0.0000021)|   2, 3, 0;0,  0;0,  0> +
        (-0.0000016,-0.0003090)|   2, 2, 3;0,  0;0,  0> +
        (-0.0002759, 0.0000010)|   2, 3, 2;0,  0;0,  0> +
        ( 0.0002620,-0.0000028)|   2, 1, 2;0,  0;0,  0> +
        (-0.0000013, 0.0002545)|   2, 0, 3;0,  0;0,  0> +
        ( 0.0000057, 0.0002426)|   1, 3, 1;0,  0;0,  0> +
        (-0.0002170, 0.0000041)|   0, 3, 0;0,  0;0,  0> +
        (-0.0001890,-0.0000145)|   0, 3, 2;0,  0;0,  0> +
        (-0.0001772, 0.0000000)|   2, 2, 2;0,  0;0,  0> +
        (-0.0000000, 0.0001682)|   0, 3, 3;0,  0;0,  0> +
        ( 0.0000042,-0.0001190)|   1, 2, 3;0,  0;0,  0> +
        (-0.0001164, 0.0000046)|   1, 3, 2;0,  0;0,  0> +
        (-0.0000014, 0.0000776)|   2, 1, 1;0,  0;0,  0> +
        ( 0.0000062, 0.0000728)|   2, 2, 1;0,  0;0,  0> +
        ( 0.0000040,-0.0000556)|   2, 3, 3;0,  0;0,  0> +
        ( 0.0000006, 0.0000474)|   2, 3, 1;0,  0;0,  0> +
        (-0.0000001, 0.0000385)|   4, 0, 1;0,  0;1,  0> +
        ( 0.0000001,-0.0000385)|   4, 0, 1;1,  0;0,  0> +
        ( 0.0000333, 0.0000000)|   4, 1, 0;0,  0;1,  0> +
        (-0.0000333,-0.0000000)|   4, 1, 0;1,  0;0,  0> +
        ( 0.0000000,-0.0000291)|   3, 3, 3;0,  0;0,  0> +
        ( 0.0000003,-0.0000280)|   2, 1, 3;0,  0;0,  0> +
        ( 0.0000180,-0.0000008)|   6, 0, 0;0,  0;0,  0> +
        ( 0.0000041, 0.0000005)|   2, 1, 0;0,  0;0,  0> +
        (-0.0000022, 0.0000011)|   5, 1, 0;0,  0;0,  0> +
        ( 0.0000001, 0.0000017)|   3, 1, 1;0,  0;0,  0> +
        ( 0.0000013,-0.0000000)|   5, 2, 0;0,  0;0,  0> +
        (-0.0000013, 0.0000001)|   5, 0, 0;0,  0;0,  0> +
        ( 0.0000012,-0.0000003)|   5, 0, 1;0,  0;0,  0> +
        ( 0.0000004,-0.0000011)|   2, 0, 1;0,  0;0,  0> +
         ...
 |20> = (-0.7566272,-0.0069551)|   4, 1, 0;0,  0;0,  0> +
        (-0.0069597, 0.6536724)|   4, 0, 1;0,  0;0,  0> +
        (-0.0064593, 0.0000880)|   8, 0, 0;0,  0;0,  0> +
        ( 0.0056532, 0.0000588)|   7, 0, 0;0,  0;0,  0> +
        (-0.0041361, 0.0000153)|   4, 0, 2;0,  0;0,  0> +
        (-0.0026174, 0.0000647)|   1, 1, 2;0,  0;0,  0> +
        ( 0.0000228,-0.0026146)|   1, 0, 3;0,  0;0,  0> +
        ( 0.0000011,-0.0018441)|   1, 2, 1;0,  0;0,  0> +
        (-0.0000474,-0.0017297)|   1, 1, 3;0,  0;0,  0> +
        (-0.0000298,-0.0016186)|   1, 3, 1;0,  0;0,  0> +
        (-0.0001054,-0.0015212)|   0, 2, 1;0,  0;0,  0> +
        ( 0.0013991,-0.0001776)|   0, 1, 2;0,  0;0,  0> +
        (-0.0000243,-0.0013486)|   2, 0, 3;0,  0;0,  0> +
        (-0.0000734,-0.0012502)|   0, 1, 3;0,  0;0,  0> +
        (-0.0011955,-0.0000134)|   1, 3, 0;0,  0;0,  0> +
        ( 0.0000036,-0.0010998)|   2, 2, 3;0,  0;0,  0> +
        ( 0.0010747, 0.0000002)|   2, 2, 2;0,  0;0,  0> +
        ( 0.0000202,-0.0010070)|   2, 2, 1;0,  0;0,  0> +
        (-0.0009340,-0.0000189)|   4, 2, 0;0,  0;0,  0> +
        (-0.0007941, 0.0000130)|   2, 3, 2;0,  0;0,  0> +
        ( 0.0007671, 0.0000068)|   1, 3, 2;0,  0;0,  0> +
        ( 0.0002116,-0.0006138)|   0, 3, 1;0,  0;0,  0> +
        (-0.0000064, 0.0006123)|   0, 2, 3;0,  0;0,  0> +
        ( 0.0005624,-0.0000386)|   3, 1, 0;0,  0;0,  0> +
        (-0.0000395,-0.0005589)|   3, 0, 1;0,  0;0,  0> +
        (-0.0005381,-0.0000045)|   4, 2, 2;0,  0;0,  0> +
        ( 0.0000065, 0.0005369)|   2, 3, 1;0,  0;0,  0> +
        (-0.0000065, 0.0004184)|   1, 1, 1;0,  0;0,  0> +
        ( 0.0000070,-0.0003622)|   1, 2, 3;0,  0;0,  0> +
        ( 0.0000000,-0.0003575)|   3, 3, 3;0,  0;0,  0> +
        ( 0.0000034,-0.0003139)|   2, 1, 3;0,  0;0,  0> +
        (-0.0000019, 0.0003112)|   2, 3, 3;0,  0;0,  0> +
        (-0.0003087,-0.0000082)|   2, 3, 0;0,  0;0,  0> +
        ( 0.0002958,-0.0000063)|   0, 3, 2;0,  0;0,  0> +
        (-0.0000304, 0.0002683)|   0, 0, 3;0,  0;0,  0> +
        ( 0.0002411, 0.0000000)|   3, 2, 2;0,  0;0,  0> +
        (-0.0001964, 0.0000112)|   0, 3, 0;0,  0;0,  0> +
        (-0.0000143, 0.0001163)|   2, 1, 1;0,  0;0,  0> +
        ( 0.0000845,-0.0000000)|   1, 2, 2;0,  0;0,  0> +
        (-0.0000776,-0.0000134)|   2, 1, 2;0,  0;0,  0> +
        (-0.0000703, 0.0000048)|   3, 2, 0;0,  0;0,  0> +
        ( 0.0000699,-0.0000047)|   3, 0, 2;0,  0;0,  0> +
        (-0.0000385,-0.0000004)|   4, 1, 0;0,  0;1,  0> +
        ( 0.0000385, 0.0000004)|   4, 1, 0;1,  0;0,  0> +
        (-0.0000004, 0.0000333)|   4, 0, 1;0,  0;1,  0> +
        ( 0.0000004,-0.0000333)|   4, 0, 1;1,  0;0,  0> +
        (-0.0000000, 0.0000212)|   0, 3, 3;0,  0;0,  0> +
        ( 0.0000007, 0.0000168)|   3, 1, 1;0,  0;0,  0> +
        (-0.0000137, 0.0000015)|   5, 1, 0;0,  0;0,  0> +
        ( 0.0000111,-0.0000005)|   5, 2, 0;0,  0;0,  0> +
        ( 0.0000017,-0.0000101)|   5, 0, 1;0,  0;0,  0> +
        ( 0.0000075,-0.0000003)|   5, 0, 2;0,  0;0,  0> +
        (-0.0000075,-0.0000000)|   6, 0, 0;0,  0;0,  0> +
        ( 0.0000000, 0.0000047)|   3, 2, 3;0,  0;0,  0> +
        ( 0.0000045,-0.0000000)|   3, 3, 2;0,  0;0,  0> +
        ( 0.0000000, 0.0000032)|   4, 3, 3;0,  0;0,  0> +
        (-0.0000023,-0.0000000)|   6, 1, 0;0,  0;0,  0> +
        ( 0.0000000, 0.0000022)|   3, 0, 3;0,  0;0,  0> +
        ( 0.0000002, 0.0000021)|   1, 3, 3;0,  0;0,  0> +
        ( 0.0000021,-0.0000001)|   5, 0, 0;0,  0;0,  0> +
        ( 0.0000017, 0.0000000)|   3, 3, 0;0,  0;0,  0> +
        (-0.0000001,-0.0000015)|   0, 1, 1;0,  0;0,  0> +
        (-0.0000000, 0.0000012)|   3, 2, 1;0,  0;0,  0> +
         ...
 |21> = ( 0.6824709, 0.7292217)|  11, 0, 0;0,  0;0,  0> +
        (-0.0375904,-0.0002642)|  12, 0, 0;0,  0;0,  0> +
        (-0.0225021, 0.0046500)|   7, 1, 0;0,  0;0,  0> +
        ( 0.0032702, 0.0170496)|   7, 0, 1;0,  0;0,  0> +
        ( 0.0103396, 0.0011409)|   8, 1, 0;0,  0;0,  0> +
        ( 0.0000937,-0.0073337)|   8, 0, 1;0,  0;0,  0> +
        ( 0.0037738, 0.0000269)|  10, 0, 0;0,  0;0,  0> +
        ( 0.0000381,-0.0032600)|   5, 3, 1;0,  0;0,  0> +
        ( 0.0000243, 0.0026279)|   2, 1, 3;0,  0;0,  0> +
        (-0.0015929,-0.0017405)|   5, 1, 1;0,  0;0,  0> +
        (-0.0021641, 0.0000814)|   6, 2, 0;0,  0;0,  0> +
        ( 0.0017820, 0.0001670)|   4, 1, 2;0,  0;0,  0> +
        (-0.0000131, 0.0017207)|   3, 3, 1;0,  0;0,  0> +
        ( 0.0000312,-0.0014895)|   2, 3, 1;0,  0;0,  0> +
        (-0.0000303,-0.0012509)|   5, 0, 3;0,  0;0,  0> +
        (-0.0000307,-0.0011215)|   5, 1, 3;0,  0;0,  0> +
        (-0.0010722,-0.0000656)|   4, 3, 0;0,  0;0,  0> +
        ( 0.0001969,-0.0009637)|   3, 2, 1;0,  0;0,  0> +
        (-0.0009463, 0.0000570)|   5, 3, 0;0,  0;0,  0> +
        (-0.0001255,-0.0008905)|  13, 0, 0;0,  0;0,  0> +
        ( 0.0001924,-0.0008753)|   4, 0, 3;0,  0;0,  0> +
        ( 0.0008866,-0.0000004)|   5, 2, 2;0,  0;0,  0> +
        ( 0.0007992, 0.0000056)|   6, 0, 2;0,  0;0,  0> +
        (-0.0000355, 0.0007834)|   3, 1, 3;0,  0;0,  0> +
        (-0.0000011,-0.0007781)|   5, 2, 1;0,  0;0,  0> +
        (-0.0002828,-0.0006691)|   4, 2, 1;0,  0;0,  0> +
        (-0.0000338,-0.0006428)|   4, 1, 3;0,  0;0,  0> +
        (-0.0000024, 0.0006341)|   4, 3, 1;0,  0;0,  0> +
        (-0.0006327, 0.0000010)|   1, 3, 2;0,  0;0,  0> +
        ( 0.0005125, 0.0003441)|   9, 3, 3;0,  0;0,  0> +
        ( 0.0000042, 0.0005941)|   3, 2, 3;0,  0;0,  0> +
        ( 0.0005940, 0.0000010)|   4, 2, 2;0,  0;0,  0> +
        (-0.0000009,-0.0005788)|   1, 2, 3;0,  0;0,  0> +
        (-0.0000001, 0.0005069)|   4, 3, 3;0,  0;0,  0> +
        ( 0.0004381,-0.0002465)|   3, 3, 0;0,  0;0,  0> +
        (-0.0003519, 0.0002639)|   5, 3, 2;0,  0;0,  0> +
        ( 0.0000070,-0.0004101)|  10, 3, 3;0,  0;0,  0> +
        (-0.0003866, 0.0000037)|   3, 3, 2;0,  0;0,  0> +
        ( 0.0003586,-0.0000037)|   4, 3, 2;0,  0;0,  0> +
        (-0.0003541,-0.0000020)|   5, 1, 2;0,  0;0,  0> +
        (-0.0000256, 0.0003223)|   7, 2, 3;0,  0;0,  0> +
        ( 0.0000060,-0.0003178)|   6, 2, 3;0,  0;0,  0> +
        ( 0.0000158,-0.0003172)|   4, 1, 1;0,  0;0,  0> +
        (-0.0003092, 0.0000301)|   3, 0, 3;0,  0;0,  0> +
        ( 0.0002807, 0.0001285)|   5, 2, 3;0,  0;0,  0> +
        (-0.0000120,-0.0002795)|   7, 3, 3;0,  0;0,  0> +
        (-0.0002738, 0.0000022)|   2, 3, 2;0,  0;0,  0> +
        ( 0.0000001, 0.0002688)|   3, 3, 3;0,  0;0,  0> +
        (-0.0000053,-0.0002674)|   9, 0, 1;0,  0;0,  0> +
        ( 0.0000053, 0.0002404)|   1, 3, 1;0,  0;0,  0> +
        ( 0.0002307,-0.0000015)|   7, 3, 2;0,  0;0,  0> +
        ( 0.0002287,-0.0000059)|   8, 2, 2;0,  0;0,  0> +
        ( 0.0000085,-0.0002161)|   0, 2, 3;0,  0;0,  0> +
        ( 0.0000022, 0.0002123)|   2, 2, 3;0,  0;0,  0> +
        ( 0.0001177, 0.0001697)|  11, 3, 3;0,  0;0,  0> +
        ( 0.0002043, 0.0000085)|   0, 3, 2;0,  0;0,  0> +
        (-0.0000037, 0.0001897)|   4, 2, 3;0,  0;0,  0> +
        ( 0.0000034, 0.0001820)|   1, 1, 3;0,  0;0,  0> +
        (-0.0000000, 0.0001385)|   2, 3, 3;0,  0;0,  0> +
        (-0.0000965, 0.0000863)|   3, 1, 2;0,  0;0,  0> +
        (-0.0001168,-0.0000015)|   6, 2, 2;0,  0;0,  0> +
        (-0.0000000,-0.0001150)|   0, 3, 3;0,  0;0,  0> +
        (-0.0000008,-0.0000987)|   6, 3, 3;0,  0;0,  0> +
        ( 0.0000771,-0.0000000)|   3, 2, 2;0,  0;0,  0> +
        (-0.0000698, 0.0000028)|   7, 0, 2;0,  0;0,  0> +
        ( 0.0000000, 0.0000563)|   1, 3, 3;0,  0;0,  0> +
        ( 0.0000530, 0.0000007)|   2, 1, 2;0,  0;0,  0> +
        ( 0.0000347, 0.0000371)|  11, 0, 0;0,  0;1,  0> +
        (-0.0000347,-0.0000371)|  11, 0, 0;1,  0;0,  0> +
        (-0.0000384, 0.0000086)|   7, 2, 0;0,  0;0,  0> +
        (-0.0000377, 0.0000077)|   6, 3, 2;0,  0;0,  0> +
        (-0.0000056,-0.0000349)|   2, 2, 1;0,  0;0,  0> +
        (-0.0000352, 0.0000006)|   2, 3, 0;0,  0;0,  0> +
        (-0.0000291,-0.0000043)|   5, 2, 0;0,  0;0,  0> +
        (-0.0000258, 0.0000103)|   9, 1, 0;0,  0;0,  0> +
        (-0.0000277, 0.0000011)|   9, 2, 2;0,  0;0,  0> +
        (-0.0000002,-0.0000259)|   8, 3, 3;0,  0;0,  0> +
        (-0.0000233,-0.0000099)|   8, 3, 2;0,  0;0,  0> +
        ( 0.0000041, 0.0000246)|   2, 0, 3;0,  0;0,  0> +
        (-0.0000213,-0.0000000)|   7, 2, 2;0,  0;0,  0> +
        (-0.0000010,-0.0000196)|   5, 3, 3;0,  0;0,  0> +
        ( 0.0000097, 0.0000118)|  13, 3, 3;0,  0;0,  0> +
        ( 0.0000000,-0.0000152)|   6, 0, 1;0,  0;0,  0> +
        ( 0.0000138, 0.0000042)|   5, 0, 2;0,  0;0,  0> +
        ( 0.0000012, 0.0000115)|   9, 2, 3;0,  0;0,  0> +
        ( 0.0000102, 0.0000005)|   6, 1, 0;0,  0;0,  0> +
        (-0.0000008, 0.0000080)|  12, 3, 3;0,  0;0,  0> +
        (-0.0000001,-0.0000078)|   3, 1, 1;0,  0;0,  0> +
        ( 0.0000034, 0.0000053)|   8, 2, 3;0,  0;0,  0> +
        ( 0.0000001,-0.0000055)|   2, 1, 1;0,  0;0,  0> +
        (-0.0000000, 0.0000044)|   1, 0, 3;0,  0;0,  0> +
        ( 0.0000004, 0.0000043)|   6, 1, 3;0,  0;0,  0> +
        (-0.0000039, 0.0000001)|   8, 2, 0;0,  0;0,  0> +
        (-0.0000000, 0.0000036)|   6, 1, 1;0,  0;0,  0> +
        (-0.0000033, 0.0000001)|   8, 0, 2;0,  0;0,  0> +
        (-0.0000003,-0.0000030)|   1, 2, 1;0,  0;0,  0> +
        (-0.0000029,-0.0000000)|   4, 1, 0;0,  0;0,  0> +
        (-0.0000028,-0.0000001)|   1, 3, 0;0,  0;0,  0> +
        (-0.0000020, 0.0000014)|   5, 1, 0;0,  0;0,  0> +
        (-0.0000020,-0.0000001)|  12, 0, 0;0,  0;1,  0> +
        ( 0.0000020, 0.0000001)|  12, 0, 0;1,  0;0,  0> +
        ( 0.0000016, 0.0000003)|   5, 0, 1;0,  0;0,  0> +
        (-0.0000002, 0.0000015)|   6, 3, 1;0,  0;0,  0> +
        ( 0.0000012,-0.0000008)|   0, 3, 1;0,  0;0,  0> +
        ( 0.0000001, 0.0000014)|   6, 2, 1;0,  0;0,  0> +
        ( 0.0000014,-0.0000000)|   3, 1, 0;0,  0;0,  0> +
        (-0.0000013, 0.0000001)|   6, 3, 0;0,  0;0,  0> +
        (-0.0000000, 0.0000013)|   4, 0, 1;0,  0;0,  0> +
        (-0.0000011, 0.0000002)|   7, 1, 0;0,  0;1,  0> +
        ( 0.0000011,-0.0000002)|   7, 1, 0;1,  0;0,  0> +
        (-0.0000011, 0.0000001)|   9, 0, 0;0,  0;0,  0> +
         ...
 |22> = ( 0.5901828, 0.4557503)|   5, 0, 1;0,  0;0,  0> +
        (-0.4055829, 0.5243125)|   5, 1, 0;0,  0;0,  0> +
        (-0.0001703,-0.0534713)|   6, 0, 1;0,  0;0,  0> +
        (-0.0330272, 0.0000410)|   6, 1, 0;0,  0;0,  0> +
        ( 0.0204883,-0.0006208)|   9, 0, 0;0,  0;0,  0> +
        (-0.0005630,-0.0104642)|   3, 1, 1;0,  0;0,  0> +
        ( 0.0055118, 0.0003706)|   5, 2, 0;0,  0;0,  0> +
        ( 0.0000530,-0.0036985)|   1, 0, 3;0,  0;0,  0> +
        (-0.0001578,-0.0033921)|   2, 0, 3;0,  0;0,  0> +
        ( 0.0032510, 0.0000427)|   2, 1, 2;0,  0;0,  0> +
        ( 0.0000786, 0.0028800)|   1, 2, 1;0,  0;0,  0> +
        ( 0.0018110,-0.0003435)|   5, 0, 2;0,  0;0,  0> +
        ( 0.0017934, 0.0000294)|   1, 1, 2;0,  0;0,  0> +
        ( 0.0017461,-0.0001136)|   2, 3, 0;0,  0;0,  0> +
        (-0.0012245, 0.0000145)|   5, 2, 2;0,  0;0,  0> +
        ( 0.0010278, 0.0000806)|   1, 3, 0;0,  0;0,  0> +
        ( 0.0009450, 0.0000243)|   0, 3, 2;0,  0;0,  0> +
        ( 0.0000100,-0.0008801)|   7, 0, 1;0,  0;0,  0> +
        ( 0.0008694, 0.0000014)|   4, 2, 2;0,  0;0,  0> +
        (-0.0000383,-0.0008325)|   1, 1, 3;0,  0;0,  0> +
        (-0.0008068,-0.0000001)|   3, 2, 2;0,  0;0,  0> +
        ( 0.0000428, 0.0007742)|   5, 3, 3;0,  0;0,  0> +
        ( 0.0007691,-0.0000156)|   3, 3, 2;0,  0;0,  0> +
        (-0.0006670, 0.0000022)|   7, 1, 0;0,  0;0,  0> +
        ( 0.0000044, 0.0006324)|   2, 2, 3;0,  0;0,  0> +
        ( 0.0000019, 0.0006243)|   2, 3, 1;0,  0;0,  0> +
        (-0.0004267, 0.0004319)|   0, 3, 1;0,  0;0,  0> +
        ( 0.0005887, 0.0000001)|   2, 2, 2;0,  0;0,  0> +
        ( 0.0005775,-0.0000171)|   8, 0, 0;0,  0;0,  0> +
        ( 0.0000054,-0.0004806)|   3, 2, 3;0,  0;0,  0> +
        ( 0.0001265, 0.0004565)|   2, 2, 1;0,  0;0,  0> +
        ( 0.0003580, 0.0000008)|   4, 3, 0;0,  0;0,  0> +
        ( 0.0000013, 0.0003572)|   4, 0, 3;0,  0;0,  0> +
        ( 0.0000005,-0.0003412)|   2, 1, 3;0,  0;0,  0> +
        (-0.0000090,-0.0003232)|   4, 2, 3;0,  0;0,  0> +
        ( 0.0003195,-0.0000049)|   4, 3, 2;0,  0;0,  0> +
        (-0.0003019, 0.0000611)|   3, 3, 0;0,  0;0,  0> +
        ( 0.0000244, 0.0002737)|   1, 3, 1;0,  0;0,  0> +
        (-0.0000064, 0.0002622)|   3, 1, 3;0,  0;0,  0> +
        (-0.0000003,-0.0002610)|   4, 3, 3;0,  0;0,  0> +
        ( 0.0000243,-0.0002544)|   0, 2, 3;0,  0;0,  0> +
        ( 0.0001480, 0.0001970)|   0, 1, 3;0,  0;0,  0> +
        ( 0.0000120,-0.0002406)|   4, 1, 1;0,  0;0,  0> +
        ( 0.0002344,-0.0000007)|   4, 1, 2;0,  0;0,  0> +
        ( 0.0000007, 0.0002311)|   4, 2, 1;0,  0;0,  0> +
        (-0.0002102, 0.0000042)|   2, 3, 2;0,  0;0,  0> +
        ( 0.0000001, 0.0001863)|   1, 3, 3;0,  0;0,  0> +
        (-0.0000043, 0.0001778)|   3, 3, 1;0,  0;0,  0> +
        (-0.0000189,-0.0001709)|   6, 3, 3;0,  0;0,  0> +
        (-0.0000001,-0.0001704)|   3, 3, 3;0,  0;0,  0> +
        ( 0.0001308, 0.0000215)|   3, 0, 3;0,  0;0,  0> +
        (-0.0000002, 0.0001139)|   1, 2, 3;0,  0;0,  0> +
        ( 0.0000000,-0.0001006)|   2, 3, 3;0,  0;0,  0> +
        (-0.0000592,-0.0000722)|   3, 1, 2;0,  0;0,  0> +
        ( 0.0000000, 0.0000933)|   0, 3, 3;0,  0;0,  0> +
        (-0.0000442,-0.0000002)|   1, 3, 2;0,  0;0,  0> +
        ( 0.0000017, 0.0000385)|   7, 3, 3;0,  0;0,  0> +
        (-0.0000300,-0.0000232)|   5, 0, 1;1,  0;0,  0> +
        ( 0.0000300, 0.0000232)|   5, 0, 1;0,  0;1,  0> +
        ( 0.0000206,-0.0000267)|   5, 1, 0;1,  0;0,  0> +
        (-0.0000206, 0.0000267)|   5, 1, 0;0,  0;1,  0> +
        (-0.0000023, 0.0000260)|   5, 2, 3;0,  0;0,  0> +
        ( 0.0000254, 0.0000016)|   5, 3, 2;0,  0;0,  0> +
        (-0.0000049, 0.0000173)|   3, 2, 1;0,  0;0,  0> +
        ( 0.0000001,-0.0000123)|   2, 1, 1;0,  0;0,  0> +
        (-0.0000109,-0.0000002)|   6, 2, 2;0,  0;0,  0> +
        ( 0.0000085,-0.0000002)|   6, 2, 0;0,  0;0,  0> +
        ( 0.0000056, 0.0000001)|   4, 2, 0;0,  0;0,  0> +
        (-0.0000054, 0.0000003)|   6, 0, 2;0,  0;0,  0> +
        ( 0.0000004,-0.0000046)|   0, 2, 1;0,  0;0,  0> +
        (-0.0000043,-0.0000001)|   4, 0, 2;0,  0;0,  0> +
        ( 0.0000002, 0.0000037)|   3, 0, 1;0,  0;0,  0> +
        (-0.0000034,-0.0000000)|  10, 0, 0;0,  0;0,  0> +
        ( 0.0000002,-0.0000033)|   4, 0, 1;0,  0;0,  0> +
        ( 0.0000000, 0.0000027)|   6, 0, 1;1,  0;0,  0> +
        (-0.0000000,-0.0000027)|   6, 0, 1;0,  0;1,  0> +
        (-0.0000001, 0.0000024)|   0, 0, 3;0,  0;0,  0> +
        ( 0.0000000, 0.0000022)|   1, 1, 1;0,  0;0,  0> +
        ( 0.0000000,-0.0000018)|   4, 3, 1;0,  0;0,  0> +
        (-0.0000018, 0.0000002)|   3, 1, 0;0,  0;0,  0> +
        ( 0.0000017, 0.0000000)|   6, 1, 0;1,  0;0,  0> +
        (-0.0000017,-0.0000000)|   6, 1, 0;0,  0;1,  0> +
        (-0.0000016, 0.0000002)|   4, 1, 0;0,  0;0,  0> +
        ( 0.0000015, 0.0000004)|   0, 1, 2;0,  0;0,  0> +
        ( 0.0000012,-0.0000000)|   5, 0, 0;0,  0;0,  0> +
        ( 0.0000009, 0.0000006)|   9, 3, 3;0,  0;0,  0> +
        ( 0.0000011, 0.0000000)|   3, 2, 0;0,  0;0,  0> +
        (-0.0000010, 0.0000000)|   9, 0, 0;1,  0;0,  0> +
        ( 0.0000010,-0.0000000)|   9, 0, 0;0,  0;1,  0> +
        ( 0.0000000, 0.0000010)|   6, 2, 3;0,  0;0,  0> +
         ...
 |23> = (-0.7472810, 0.0021633)|   5, 1, 0;0,  0;0,  0> +
        (-0.0024717,-0.6642991)|   5, 0, 1;0,  0;0,  0> +
        ( 0.0000626,-0.0122680)|   2, 1, 1;0,  0;0,  0> +
        (-0.0090778, 0.0001171)|   8, 0, 0;0,  0;0,  0> +
        (-0.0000427, 0.0030449)|   1, 0, 3;0,  0;0,  0> +
        ( 0.0022103, 0.0000110)|   2, 1, 2;0,  0;0,  0> +
        ( 0.0019179,-0.0000463)|   2, 3, 0;0,  0;0,  0> +
        (-0.0018044,-0.0000452)|   1, 3, 0;0,  0;0,  0> +
        (-0.0000346,-0.0016394)|   1, 2, 1;0,  0;0,  0> +
        ( 0.0000686, 0.0011042)|   2, 2, 1;0,  0;0,  0> +
        ( 0.0009380,-0.0000697)|   5, 0, 2;0,  0;0,  0> +
        (-0.0009271,-0.0000097)|   3, 3, 0;0,  0;0,  0> +
        (-0.0000075,-0.0009181)|   2, 2, 3;0,  0;0,  0> +
        (-0.0006670, 0.0006179)|   0, 3, 1;0,  0;0,  0> +
        ( 0.0000309,-0.0008633)|   3, 0, 3;0,  0;0,  0> +
        (-0.0008356,-0.0000026)|   5, 2, 2;0,  0;0,  0> +
        ( 0.0000137, 0.0007832)|   2, 3, 1;0,  0;0,  0> +
        ( 0.0000324, 0.0007693)|   1, 1, 3;0,  0;0,  0> +
        (-0.0006703,-0.0000003)|   1, 3, 2;0,  0;0,  0> +
        ( 0.0006652,-0.0000072)|   2, 3, 2;0,  0;0,  0> +
        (-0.0000789,-0.0006284)|   2, 0, 3;0,  0;0,  0> +
        (-0.0006205, 0.0000270)|   3, 1, 2;0,  0;0,  0> +
        (-0.0006194,-0.0000317)|   1, 1, 2;0,  0;0,  0> +
        ( 0.0005699, 0.0000715)|   5, 2, 0;0,  0;0,  0> +
        (-0.0000269,-0.0004970)|   3, 2, 1;0,  0;0,  0> +
        ( 0.0000001, 0.0004241)|   3, 3, 3;0,  0;0,  0> +
        ( 0.0003544,-0.0000009)|   4, 0, 2;0,  0;0,  0> +
        (-0.0003510, 0.0000010)|   4, 2, 0;0,  0;0,  0> +
        ( 0.0000114, 0.0002939)|   3, 1, 1;0,  0;0,  0> +
        ( 0.0002313, 0.0001415)|   0, 1, 3;0,  0;0,  0> +
        (-0.0000018,-0.0002646)|   1, 2, 3;0,  0;0,  0> +
        ( 0.0002505,-0.0000291)|   0, 1, 2;0,  0;0,  0> +
        (-0.0002447,-0.0000000)|   2, 2, 2;0,  0;0,  0> +
        (-0.0000184,-0.0002282)|   0, 2, 1;0,  0;0,  0> +
        (-0.0000001,-0.0002044)|   4, 3, 3;0,  0;0,  0> +
        ( 0.0001746, 0.0000033)|   7, 0, 0;0,  0;0,  0> +
        ( 0.0001440, 0.0000002)|   4, 2, 2;0,  0;0,  0> +
        (-0.0000171,-0.0001427)|   1, 3, 1;0,  0;0,  0> +
        ( 0.0000001,-0.0001276)|   1, 3, 3;0,  0;0,  0> +
        ( 0.0000937,-0.0000018)|   3, 3, 2;0,  0;0,  0> +
        (-0.0000000,-0.0000770)|   2, 3, 3;0,  0;0,  0> +
        (-0.0000023, 0.0000683)|   3, 2, 3;0,  0;0,  0> +
        ( 0.0000000,-0.0000588)|   0, 3, 3;0,  0;0,  0> +
        (-0.0000554,-0.0000002)|   3, 2, 2;0,  0;0,  0> +
        ( 0.0000007,-0.0000505)|   4, 0, 1;0,  0;0,  0> +
        ( 0.0000499, 0.0000006)|   4, 1, 0;0,  0;0,  0> +
        ( 0.0000398, 0.0000005)|   0, 3, 2;0,  0;0,  0> +
        (-0.0000380, 0.0000001)|   5, 1, 0;0,  0;1,  0> +
        ( 0.0000380,-0.0000001)|   5, 1, 0;1,  0;0,  0> +
        (-0.0000350, 0.0000019)|   0, 3, 0;0,  0;0,  0> +
        (-0.0000000,-0.0000342)|   6, 0, 1;0,  0;0,  0> +
        (-0.0000001,-0.0000338)|   5, 0, 1;0,  0;1,  0> +
        ( 0.0000001, 0.0000338)|   5, 0, 1;1,  0;0,  0> +
        (-0.0000043, 0.0000224)|   0, 0, 3;0,  0;0,  0> +
        ( 0.0000005, 0.0000177)|   0, 2, 3;0,  0;0,  0> +
        ( 0.0000137, 0.0000111)|   2, 1, 3;0,  0;0,  0> +
        (-0.0000161, 0.0000000)|   6, 1, 0;0,  0;0,  0> +
        ( 0.0000120,-0.0000004)|   9, 0, 0;0,  0;0,  0> +
        (-0.0000009,-0.0000099)|   5, 3, 3;0,  0;0,  0> +
        (-0.0000057, 0.0000003)|   3, 1, 0;0,  0;0,  0> +
        ( 0.0000003, 0.0000051)|   3, 0, 1;0,  0;0,  0> +
        (-0.0000043,-0.0000001)|   4, 3, 2;0,  0;0,  0> +
        (-0.0000001, 0.0000037)|   3, 1, 3;0,  0;0,  0> +
        ( 0.0000001,-0.0000032)|   1, 1, 1;0,  0;0,  0> +
        (-0.0000001,-0.0000030)|   4, 2, 3;0,  0;0,  0> +
        (-0.0000001, 0.0000023)|   3, 3, 1;0,  0;0,  0> +
        (-0.0000018, 0.0000001)|   7, 1, 0;0,  0;0,  0> +
        ( 0.0000001,-0.0000017)|   7, 0, 1;0,  0;0,  0> +
        ( 0.0000002, 0.0000015)|   4, 0, 3;0,  0;0,  0> +
        ( 0.0000013, 0.0000001)|   3, 0, 2;0,  0;0,  0> +
        ( 0.0000013,-0.0000000)|   1, 2, 2;0,  0;0,  0> +
        ( 0.0000011, 0.0000000)|   6, 0, 0;0,  0;0,  0> +
         ...
 |24> = (-0.0023187,-0.8475063)|   6, 0, 1;0,  0;0,  0> +
        (-0.5262654, 0.0003930)|   6, 1, 0;0,  0;0,  0> +
        (-0.0373238,-0.0288282)|   5, 0, 1;0,  0;0,  0> +
        ( 0.0257077,-0.0331599)|   5, 1, 0;0,  0;0,  0> +
        (-0.0009689,-0.0243353)|   3, 1, 1;0,  0;0,  0> +
        ( 0.0066093, 0.0011706)|   5, 2, 0;0,  0;0,  0> +
        (-0.0051592,-0.0011428)|   5, 0, 2;0,  0;0,  0> +
        (-0.0044357, 0.0001074)|   2, 3, 0;0,  0;0,  0> +
        ( 0.0043981, 0.0000393)|   2, 1, 2;0,  0;0,  0> +
        ( 0.0000494,-0.0040420)|   7, 0, 1;0,  0;0,  0> +
        (-0.0031010, 0.0000149)|   7, 1, 0;0,  0;0,  0> +
        ( 0.0000256, 0.0030346)|   3, 2, 1;0,  0;0,  0> +
        ( 0.0026498,-0.0001043)|   4, 3, 2;0,  0;0,  0> +
        (-0.0001006,-0.0021839)|   4, 2, 3;0,  0;0,  0> +
        ( 0.0002232, 0.0019926)|   2, 0, 3;0,  0;0,  0> +
        ( 0.0018538,-0.0000014)|   4, 3, 0;0,  0;0,  0> +
        ( 0.0001400, 0.0018396)|   3, 0, 3;0,  0;0,  0> +
        (-0.0000005, 0.0018100)|   4, 0, 3;0,  0;0,  0> +
        (-0.0014387, 0.0000302)|   1, 1, 2;0,  0;0,  0> +
        (-0.0000399,-0.0014003)|   1, 1, 3;0,  0;0,  0> +
        (-0.0000034, 0.0013012)|   1, 0, 3;0,  0;0,  0> +
        (-0.0009473, 0.0008358)|   0, 3, 1;0,  0;0,  0> +
        (-0.0000009, 0.0012462)|   4, 2, 1;0,  0;0,  0> +
        ( 0.0012107, 0.0000017)|   4, 1, 2;0,  0;0,  0> +
        ( 0.0000302,-0.0011886)|   3, 1, 3;0,  0;0,  0> +
        ( 0.0011564,-0.0000004)|   3, 2, 2;0,  0;0,  0> +
        ( 0.0000070, 0.0009997)|   2, 2, 3;0,  0;0,  0> +
        (-0.0009297, 0.0002008)|   3, 3, 0;0,  0;0,  0> +
        (-0.0000106,-0.0009510)|   1, 3, 1;0,  0;0,  0> +
        (-0.0008817, 0.0000128)|   8, 0, 0;0,  0;0,  0> +
        ( 0.0000002, 0.0007114)|   3, 3, 3;0,  0;0,  0> +
        (-0.0005540,-0.0000026)|   0, 3, 2;0,  0;0,  0> +
        (-0.0005392,-0.0000337)|   1, 3, 0;0,  0;0,  0> +
        (-0.0000000, 0.0005229)|   1, 2, 3;0,  0;0,  0> +
        ( 0.0000180,-0.0004874)|   3, 3, 1;0,  0;0,  0> +
        (-0.0000253,-0.0004442)|   5, 3, 3;0,  0;0,  0> +
        (-0.0000025,-0.0004207)|   0, 2, 3;0,  0;0,  0> +
        ( 0.0003785,-0.0000003)|   3, 3, 2;0,  0;0,  0> +
        ( 0.0003284, 0.0000792)|   0, 1, 3;0,  0;0,  0> +
        (-0.0003305, 0.0000068)|   2, 3, 2;0,  0;0,  0> +
        ( 0.0000142, 0.0003171)|   7, 3, 3;0,  0;0,  0> +
        (-0.0000000, 0.0002785)|   4, 3, 3;0,  0;0,  0> +
        ( 0.0002527,-0.0000622)|   3, 1, 2;0,  0;0,  0> +
        (-0.0000176, 0.0002174)|   5, 2, 3;0,  0;0,  0> +
        (-0.0002126, 0.0000105)|   9, 0, 0;0,  0;0,  0> +
        ( 0.0002106, 0.0000141)|   5, 3, 2;0,  0;0,  0> +
        (-0.0001730,-0.0000818)|   2, 2, 1;0,  0;0,  0> +
        ( 0.0001882, 0.0000003)|   4, 2, 2;0,  0;0,  0> +
        ( 0.0001826, 0.0000000)|   2, 2, 2;0,  0;0,  0> +
        (-0.0000030,-0.0001472)|   2, 1, 3;0,  0;0,  0> +
        (-0.0000000, 0.0001443)|   1, 3, 3;0,  0;0,  0> +
        ( 0.0000068,-0.0001356)|   4, 1, 1;0,  0;0,  0> +
        ( 0.0000000,-0.0001340)|   2, 3, 3;0,  0;0,  0> +
        (-0.0000224, 0.0001134)|   1, 2, 1;0,  0;0,  0> +
        ( 0.0001072,-0.0000010)|   1, 3, 2;0,  0;0,  0> +
        (-0.0000987,-0.0000009)|   5, 2, 2;0,  0;0,  0> +
        (-0.0000015, 0.0000731)|   3, 2, 3;0,  0;0,  0> +
        (-0.0000728,-0.0000014)|   6, 2, 2;0,  0;0,  0> +
        (-0.0000029, 0.0000451)|   2, 3, 1;0,  0;0,  0> +
        (-0.0000001,-0.0000431)|   6, 0, 1;0,  0;1,  0> +
        ( 0.0000001, 0.0000431)|   6, 0, 1;1,  0;0,  0> +
        ( 0.0000001,-0.0000379)|   0, 3, 3;0,  0;0,  0> +
        ( 0.0000342,-0.0000008)|   6, 2, 0;0,  0;0,  0> +
        ( 0.0000268,-0.0000000)|   6, 1, 0;1,  0;0,  0> +
        (-0.0000268, 0.0000000)|   6, 1, 0;0,  0;1,  0> +
        (-0.0000239, 0.0000013)|   6, 0, 2;0,  0;0,  0> +
        (-0.0000005, 0.0000177)|   6, 3, 3;0,  0;0,  0> +
        (-0.0000077, 0.0000008)|   0, 1, 2;0,  0;0,  0> +
        ( 0.0000074, 0.0000001)|   4, 1, 0;0,  0;0,  0> +
        ( 0.0000003, 0.0000066)|   0, 2, 1;0,  0;0,  0> +
        ( 0.0000001, 0.0000064)|   4, 3, 1;0,  0;0,  0> +
        ( 0.0000042, 0.0000028)|   9, 3, 3;0,  0;0,  0> +
        (-0.0000047,-0.0000000)|  10, 0, 0;0,  0;0,  0> +
        ( 0.0000000, 0.0000044)|   6, 2, 3;0,  0;0,  0> +
        ( 0.0000001,-0.0000041)|   2, 1, 1;0,  0;0,  0> +
        ( 0.0000039,-0.0000000)|   6, 3, 2;0,  0;0,  0> +
        ( 0.0000001,-0.0000032)|   1, 1, 1;0,  0;0,  0> +
        ( 0.0000032, 0.0000000)|   7, 0, 0;0,  0;0,  0> +
        ( 0.0000025,-0.0000001)|   3, 1, 0;0,  0;0,  0> +
        ( 0.0000019, 0.0000014)|   5, 0, 1;1,  0;0,  0> +
        (-0.0000019,-0.0000014)|   5, 0, 1;0,  0;1,  0> +
        (-0.0000013, 0.0000017)|   5, 1, 0;1,  0;0,  0> +
        ( 0.0000013,-0.0000017)|   5, 1, 0;0,  0;1,  0> +
        (-0.0000001,-0.0000021)|   3, 0, 1;0,  0;0,  0> +
        (-0.0000019, 0.0000001)|   4, 2, 0;0,  0;0,  0> +
        ( 0.0000019, 0.0000001)|   4, 0, 2;0,  0;0,  0> +
        ( 0.0000001,-0.0000019)|   4, 0, 1;0,  0;0,  0> +
        ( 0.0000000, 0.0000016)|   8, 0, 1;0,  0;0,  0> +
        ( 0.0000000, 0.0000012)|   3, 1, 1;1,  0;0,  0> +
        (-0.0000000,-0.0000012)|   3, 1, 1;0,  0;1,  0> +
        (-0.0000007,-0.0000008)|  11, 0, 0;0,  0;0,  0> +
        ( 0.0000010, 0.0000000)|   0, 3, 0;0,  0;0,  0> +
        (-0.0000010, 0.0000002)|   3, 0, 2;0,  0;0,  0> +
         ...
