# Parameters of the model
#  mass:		    261.00 u
#  charge:	      1.00 e
#  dipole:	      4.74 D
#  B:		    503.65 MHz
#  omega_rho:	      1.40 MHz
#  omega_z:	      0.16 MHz

# Basis truncation:	|34,4,4;2,2>
# omega_1:	      0.27 MHz
# omega_3/5:	      1.39 MHz
# Basis size:		44064

# Active terms of the Hamiltionian:
# 	Nomal modes:	1
# 	T_rot:      	1
# 	V_qd^{(0)}: 	1
# 	V_qd^{(1)}: 	1
# 	V_dd^{(0)}: 	1

# Results of the diagonalisation

# 100 smallest eigenvalues
 5.582884789 6.598008156 7.576698303 8.557608604 9.660251617 10.530829430 10.642861366 10.671884537 11.637397766 11.667078018 11.710848808 12.523904800 12.559207916 12.615375519 13.598363876 13.668926239 13.737644196 14.470766068 14.693488121 14.712718964 15.601216316 15.662653923 15.702164650 15.741827011 15.744164467 15.816151619 16.608190536 16.617424011 16.677722931 16.713155746 16.736568451 16.753156662 17.463909149 17.627822876 17.725696564 17.752466202 17.762569427 17.834579468 18.516229630 18.647001266 18.684791565 18.701126099 18.788972855 18.807621002 19.179109573 19.551330566 19.682468414 19.727199554 19.749929428 19.769544601 20.649553299 20.657157898 20.676879883 20.767791748 20.776643753 20.800502777 20.857152939 20.858329773 20.885227203 20.951377869 21.533130646 21.680583954 21.734806061 21.745519638 21.825839996 21.851636887 21.865337372 21.883632660 21.945596695 21.967222214 22.510541916 22.575344086 22.578685760 22.720117569 22.741777420 22.758554459 22.805103302 22.863698959 22.867223740 22.981475830 23.537445068 23.612754822 23.686370850 23.792888641 23.802646637 23.843318939 23.848405838 23.985603333 24.007007599 24.093347549 24.532503128 24.646551132 24.692785263 24.743366241 24.790657043 24.857898712 24.882005692 24.900535583 24.932409286 24.981924057

# Ground state and the lowest excitations:
 | 0> = ( 1.0000000, 0.0000000)|   0, 0, 0;0,  0;0,  0> +
        ( 0.0000647,-0.0000000)|   0, 0, 0;0,  0;1,  0> +
        (-0.0000647,-0.0000000)|   0, 0, 0;1,  0;0,  0> +
         ...
 | 1> = (-1.0000001,-0.0000000)|   1, 0, 0;0,  0;0,  0> +
        ( 0.0000975, 0.0000000)|   2, 0, 0;0,  0;0,  0> +
        ( 0.0000647,-0.0000000)|   1, 0, 0;1,  0;0,  0> +
        (-0.0000647,-0.0000000)|   1, 0, 0;0,  0;1,  0> +
        (-0.0000015,-0.0000000)|   3, 0, 0;0,  0;0,  0> +
        ( 0.0000011, 0.0000001)|   8, 0, 0;0,  0;0,  0> +
         ...
 | 2> = ( 0.9999993, 0.0000000)|   2, 0, 0;0,  0;0,  0> +
        (-0.0005798, 0.0000000)|   0, 2, 0;0,  0;0,  0> +
        (-0.0004523,-0.0000000)|   0, 0, 2;0,  0;0,  0> +
        ( 0.0000968, 0.0000000)|   1, 0, 0;0,  0;0,  0> +
        ( 0.0000647, 0.0000000)|   2, 0, 0;0,  0;1,  0> +
        (-0.0000647, 0.0000000)|   2, 0, 0;1,  0;0,  0> +
        ( 0.0000000, 0.0000058)|   0, 0, 1;0,  0;0,  0> +
        ( 0.0000053, 0.0000000)|   0, 1, 0;0,  0;0,  0> +
         ...
 | 3> = ( 0.9999736, 0.0000000)|   3, 0, 0;0,  0;0,  0> +
        ( 0.0000000,-0.0050748)|   0, 0, 1;0,  0;0,  0> +
        ( 0.0049455, 0.0000000)|   0, 1, 0;0,  0;0,  0> +
        (-0.0002456,-0.0000000)|   1, 2, 0;0,  0;0,  0> +
        (-0.0002209, 0.0000000)|   1, 0, 2;0,  0;0,  0> +
        ( 0.0000915, 0.0000000)|   0, 0, 2;0,  0;0,  0> +
        (-0.0000913,-0.0000000)|   0, 2, 0;0,  0;0,  0> +
        ( 0.0000647,-0.0000000)|   3, 0, 0;0,  0;1,  0> +
        (-0.0000647, 0.0000000)|   3, 0, 0;1,  0;0,  0> +
        (-0.0000424,-0.0000000)|   4, 0, 0;0,  0;0,  0> +
        ( 0.0000041,-0.0000000)|   1, 1, 0;0,  0;0,  0> +
        (-0.0000000, 0.0000039)|   1, 0, 1;0,  0;0,  0> +
        (-0.0000016, 0.0000000)|   1, 0, 0;0,  0;0,  0> +
        (-0.0000014,-0.0000000)|   6, 0, 0;0,  0;0,  0> +
         ...
 | 4> = ( 0.9999666, 0.0000000)|   4, 0, 0;0,  0;0,  0> +
        ( 0.0057540,-0.0000000)|   1, 1, 0;0,  0;0,  0> +
        (-0.0000000, 0.0054655)|   1, 0, 1;0,  0;0,  0> +
        (-0.0007818, 0.0000000)|   1, 2, 0;0,  0;0,  0> +
        (-0.0007501,-0.0000000)|   0, 2, 2;0,  0;0,  0> +
        ( 0.0005246,-0.0000000)|   1, 0, 2;0,  0;0,  0> +
        (-0.0004829, 0.0000000)|   2, 2, 0;0,  0;0,  0> +
        (-0.0002047,-0.0000000)|   2, 0, 2;0,  0;0,  0> +
        ( 0.0000647, 0.0000000)|   4, 0, 0;0,  0;1,  0> +
        (-0.0000647,-0.0000000)|   4, 0, 0;1,  0;0,  0> +
        ( 0.0000429, 0.0000000)|   3, 0, 0;0,  0;0,  0> +
        ( 0.0000226, 0.0000004)|   2, 1, 0;0,  0;0,  0> +
        ( 0.0000000, 0.0000187)|   0, 0, 1;0,  0;0,  0> +
        (-0.0000185,-0.0000000)|   0, 1, 0;0,  0;0,  0> +
        (-0.0000000, 0.0000174)|   0, 0, 3;0,  0;0,  0> +
        ( 0.0000169, 0.0000000)|   0, 3, 0;0,  0;0,  0> +
        (-0.0000000, 0.0000103)|   0, 2, 1;0,  0;0,  0> +
        ( 0.0000102,-0.0000000)|   0, 1, 2;0,  0;0,  0> +
        ( 0.0000004, 0.0000020)|   2, 0, 1;0,  0;0,  0> +
        ( 0.0000019, 0.0000000)|   6, 0, 0;0,  0;0,  0> +
        ( 0.0000014,-0.0000001)|   9, 0, 0;0,  0;0,  0> +
        (-0.0000013,-0.0000001)|   8, 0, 0;0,  0;0,  0> +
         ...
 | 5> = (-0.9997529, 0.0001241)|   5, 0, 0;0,  0;0,  0> +
        ( 0.0005278,-0.0143911)|   2, 0, 1;0,  0;0,  0> +
        ( 0.0139989, 0.0005198)|   2, 1, 0;0,  0;0,  0> +
        (-0.0079234, 0.0000788)|   3, 1, 0;0,  0;0,  0> +
        ( 0.0000033,-0.0035947)|   0, 1, 1;0,  0;0,  0> +
        ( 0.0021991, 0.0000317)|   2, 0, 2;0,  0;0,  0> +
        (-0.0021970,-0.0000317)|   2, 2, 0;0,  0;0,  0> +
        ( 0.0000246,-0.0016735)|   0, 0, 3;0,  0;0,  0> +
        (-0.0013405, 0.0000383)|   0, 3, 0;0,  0;0,  0> +
        (-0.0010444,-0.0000306)|   0, 1, 2;0,  0;0,  0> +
        (-0.0000059,-0.0008878)|   0, 2, 1;0,  0;0,  0> +
        ( 0.0000030, 0.0004794)|   0, 3, 3;0,  0;0,  0> +
        ( 0.0003242, 0.0000085)|   3, 2, 0;0,  0;0,  0> +
        (-0.0003074, 0.0000074)|   0, 3, 2;0,  0;0,  0> +
        (-0.0000103,-0.0003047)|   0, 2, 3;0,  0;0,  0> +
        (-0.0002676,-0.0000001)|   1, 2, 2;0,  0;0,  0> +
        (-0.0001978, 0.0000004)|   1, 3, 0;0,  0;0,  0> +
        ( 0.0000019,-0.0001816)|   1, 0, 3;0,  0;0,  0> +
        (-0.0000030,-0.0001733)|   0, 3, 1;0,  0;0,  0> +
        (-0.0001033, 0.0000001)|   2, 2, 2;0,  0;0,  0> +
        (-0.0001026, 0.0000001)|   1, 1, 2;0,  0;0,  0> +
        (-0.0000080,-0.0000970)|   0, 1, 3;0,  0;0,  0> +
        (-0.0000009,-0.0000944)|   1, 2, 1;0,  0;0,  0> +
        ( 0.0000781,-0.0000467)|   3, 0, 1;0,  0;0,  0> +
        ( 0.0000002,-0.0000733)|   1, 1, 1;0,  0;0,  0> +
        (-0.0000647, 0.0000000)|   5, 0, 0;0,  0;1,  0> +
        ( 0.0000647,-0.0000000)|   5, 0, 0;1,  0;0,  0> +
        ( 0.0000600,-0.0000002)|   1, 1, 0;0,  0;0,  0> +
        (-0.0000002,-0.0000593)|   1, 0, 1;0,  0;0,  0> +
        ( 0.0000529, 0.0000002)|   6, 0, 0;0,  0;0,  0> +
        (-0.0000005, 0.0000401)|   2, 1, 1;0,  0;0,  0> +
        (-0.0000383,-0.0000004)|   4, 0, 2;0,  0;0,  0> +
        (-0.0000355, 0.0000006)|   4, 2, 0;0,  0;0,  0> +
        ( 0.0000183,-0.0000021)|   3, 0, 2;0,  0;0,  0> +
        ( 0.0000005, 0.0000109)|   2, 0, 3;0,  0;0,  0> +
        ( 0.0000096,-0.0000029)|   2, 3, 0;0,  0;0,  0> +
        ( 0.0000087,-0.0000007)|   4, 1, 0;0,  0;0,  0> +
        ( 0.0000077, 0.0000001)|   1, 0, 2;0,  0;0,  0> +
        (-0.0000027, 0.0000072)|   2, 2, 1;0,  0;0,  0> +
        (-0.0000076,-0.0000001)|   1, 2, 0;0,  0;0,  0> +
        ( 0.0000006, 0.0000074)|   4, 0, 1;0,  0;0,  0> +
        ( 0.0000056, 0.0000024)|   2, 1, 2;0,  0;0,  0> +
        ( 0.0000049, 0.0000000)|   0, 2, 2;0,  0;0,  0> +
        (-0.0000036, 0.0000000)|   3, 2, 2;0,  0;0,  0> +
        ( 0.0000000, 0.0000029)|   1, 3, 3;0,  0;0,  0> +
        (-0.0000024,-0.0000004)|   4, 2, 2;0,  0;0,  0> +
        ( 0.0000005,-0.0000023)|   1, 3, 1;0,  0;0,  0> +
        (-0.0000020,-0.0000001)|   1, 3, 2;0,  0;0,  0> +
        (-0.0000015,-0.0000000)|   7, 0, 0;0,  0;0,  0> +
        ( 0.0000006,-0.0000013)|   2, 3, 3;0,  0;0,  0> +
        (-0.0000011, 0.0000000)|  10, 0, 0;0,  0;0,  0> +
         ...
 | 6> = (-0.0000000,-0.7218907)|   0, 0, 1;0,  0;0,  0> +
        (-0.6920062,-0.0000000)|   0, 1, 0;0,  0;0,  0> +
        (-0.0013667, 0.0000000)|   0, 2, 0;0,  0;0,  0> +
        ( 0.0005283, 0.0000000)|   0, 0, 2;0,  0;0,  0> +
        (-0.0002413, 0.0000000)|   3, 0, 0;0,  0;0,  0> +
        (-0.0000000, 0.0000467)|   0, 0, 1;1,  0;0,  0> +
        ( 0.0000000,-0.0000467)|   0, 0, 1;0,  0;1,  0> +
        (-0.0000448,-0.0000000)|   0, 1, 0;0,  0;1,  0> +
        ( 0.0000448,-0.0000000)|   0, 1, 0;1,  0;0,  0> +
        (-0.0000319, 0.0000000)|   1, 2, 0;0,  0;0,  0> +
        (-0.0000290,-0.0000000)|   1, 0, 2;0,  0;0,  0> +
        ( 0.0000071,-0.0000000)|   2, 0, 0;0,  0;0,  0> +
        ( 0.0000000, 0.0000018)|   1, 0, 1;0,  0;0,  0> +
        ( 0.0000000,-0.0000015)|   2, 0, 1;0,  0;0,  0> +
        (-0.0000003,-0.0000011)|   5, 0, 1;0,  0;0,  0> +
        (-0.0000010,-0.0000000)|   4, 1, 0;0,  0;0,  0> +
         ...
 | 7> = (-0.7218725,-0.0000000)|   0, 1, 0;0,  0;0,  0> +
        (-0.0000000, 0.6919865)|   0, 0, 1;0,  0;0,  0> +
        ( 0.0070820, 0.0000000)|   3, 0, 0;0,  0;0,  0> +
        ( 0.0014856,-0.0000000)|   1, 2, 0;0,  0;0,  0> +
        ( 0.0013585, 0.0000000)|   1, 0, 2;0,  0;0,  0> +
        (-0.0002187, 0.0000000)|   0, 2, 0;0,  0;0,  0> +
        ( 0.0001993, 0.0000000)|   0, 0, 2;0,  0;0,  0> +
        (-0.0000467, 0.0000000)|   0, 1, 0;0,  0;1,  0> +
        ( 0.0000467,-0.0000000)|   0, 1, 0;1,  0;0,  0> +
        (-0.0000000,-0.0000448)|   0, 0, 1;1,  0;0,  0> +
        (-0.0000000, 0.0000448)|   0, 0, 1;0,  0;1,  0> +
        (-0.0000263,-0.0000000)|   4, 0, 0;0,  0;0,  0> +
        ( 0.0000168,-0.0000000)|   1, 1, 0;0,  0;0,  0> +
        (-0.0000000, 0.0000145)|   1, 0, 1;0,  0;0,  0> +
        (-0.0000054,-0.0000000)|   0, 2, 2;0,  0;0,  0> +
        ( 0.0000000, 0.0000016)|   3, 0, 1;0,  0;0,  0> +
        (-0.0000012,-0.0000000)|   2, 2, 0;0,  0;0,  0> +
         ...
 | 8> = (-0.7116186, 0.0008367)|   1, 1, 0;0,  0;0,  0> +
        ( 0.0008421, 0.7022501)|   1, 0, 1;0,  0;0,  0> +
        ( 0.0000060, 0.0148697)|   2, 0, 1;0,  0;0,  0> +
        ( 0.0125430,-0.0000880)|   2, 1, 0;0,  0;0,  0> +
        ( 0.0054556,-0.0000000)|   1, 0, 2;0,  0;0,  0> +
        (-0.0054248, 0.0000000)|   1, 2, 0;0,  0;0,  0> +
        ( 0.0023326, 0.0000006)|   2, 0, 2;0,  0;0,  0> +
        ( 0.0019019,-0.0000007)|   2, 2, 0;0,  0;0,  0> +
        ( 0.0003853,-0.0000023)|   1, 2, 2;0,  0;0,  0> +
        (-0.0000002, 0.0002784)|   0, 2, 1;0,  0;0,  0> +
        ( 0.0002505,-0.0000002)|   4, 0, 0;0,  0;0,  0> +
        (-0.0002351,-0.0000000)|   0, 2, 2;0,  0;0,  0> +
        ( 0.0001681, 0.0000151)|   0, 1, 2;0,  0;0,  0> +
        (-0.0001226, 0.0000000)|   5, 0, 0;0,  0;0,  0> +
        ( 0.0000720, 0.0000000)|   2, 2, 2;0,  0;0,  0> +
        ( 0.0000693,-0.0000047)|   0, 3, 0;0,  0;0,  0> +
        (-0.0000001, 0.0000527)|   0, 1, 1;0,  0;0,  0> +
        ( 0.0000509, 0.0000005)|   3, 2, 0;0,  0;0,  0> +
        ( 0.0000460,-0.0000001)|   1, 1, 0;1,  0;0,  0> +
        (-0.0000460, 0.0000001)|   1, 1, 0;0,  0;1,  0> +
        ( 0.0000001, 0.0000454)|   1, 0, 1;0,  0;1,  0> +
        (-0.0000001,-0.0000454)|   1, 0, 1;1,  0;0,  0> +
        ( 0.0000440, 0.0000004)|   3, 0, 2;0,  0;0,  0> +
        (-0.0000094,-0.0000357)|   0, 0, 3;0,  0;0,  0> +
        ( 0.0000001, 0.0000073)|   0, 3, 1;0,  0;0,  0> +
        ( 0.0000000,-0.0000034)|   0, 2, 3;0,  0;0,  0> +
        (-0.0000033,-0.0000000)|   0, 3, 2;0,  0;0,  0> +
        ( 0.0000000, 0.0000025)|   0, 0, 1;0,  0;0,  0> +
        ( 0.0000000, 0.0000022)|   0, 1, 3;0,  0;0,  0> +
        ( 0.0000015,-0.0000001)|  12, 0, 0;0,  0;0,  0> +
        ( 0.0000015,-0.0000000)|   3, 1, 0;0,  0;0,  0> +
        (-0.0000014, 0.0000000)|   0, 1, 0;0,  0;0,  0> +
        (-0.0000000, 0.0000013)|   3, 0, 1;0,  0;0,  0> +
         ...
 | 9> = ( 0.9998818, 0.0028492)|   6, 0, 0;0,  0;0,  0> +
        (-0.0001705,-0.0113446)|   3, 0, 1;0,  0;0,  0> +
        ( 0.0039062,-0.0000652)|   4, 2, 0;0,  0;0,  0> +
        ( 0.0038961,-0.0001639)|   3, 1, 0;0,  0;0,  0> +
        ( 0.0036696, 0.0000590)|   4, 0, 2;0,  0;0,  0> +
        (-0.0036481, 0.0000227)|   3, 0, 2;0,  0;0,  0> +
        ( 0.0000288, 0.0032367)|   4, 0, 1;0,  0;0,  0> +
        ( 0.0031974,-0.0000367)|   4, 1, 0;0,  0;0,  0> +
        ( 0.0028087,-0.0000233)|   3, 2, 0;0,  0;0,  0> +
        ( 0.0019802,-0.0000014)|   3, 2, 2;0,  0;0,  0> +
        ( 0.0014405,-0.0001174)|   1, 3, 0;0,  0;0,  0> +
        ( 0.0012927,-0.0000784)|   1, 1, 2;0,  0;0,  0> +
        ( 0.0000167,-0.0012354)|   2, 1, 1;0,  0;0,  0> +
        ( 0.0001463, 0.0011378)|   1, 2, 1;0,  0;0,  0> +
        ( 0.0007810, 0.0000221)|   0, 1, 2;0,  0;0,  0> +
        ( 0.0000000, 0.0007691)|   0, 3, 3;0,  0;0,  0> +
        ( 0.0000004, 0.0006256)|   1, 3, 3;0,  0;0,  0> +
        ( 0.0000088,-0.0006124)|   0, 1, 3;0,  0;0,  0> +
        (-0.0006057,-0.0000522)|   0, 3, 0;0,  0;0,  0> +
        ( 0.0005774, 0.0000000)|   1, 2, 2;0,  0;0,  0> +
        (-0.0002471, 0.0003242)|   1, 0, 3;0,  0;0,  0> +
        (-0.0000396, 0.0003230)|   0, 0, 3;0,  0;0,  0> +
        ( 0.0000015,-0.0003053)|   1, 1, 1;0,  0;0,  0> +
        ( 0.0000199, 0.0002928)|   0, 2, 3;0,  0;0,  0> +
        ( 0.0000002,-0.0002876)|   0, 2, 1;0,  0;0,  0> +
        ( 0.0001739, 0.0000120)|   2, 3, 0;0,  0;0,  0> +
        ( 0.0000020, 0.0001635)|   2, 0, 3;0,  0;0,  0> +
        (-0.0001291,-0.0000000)|   2, 2, 2;0,  0;0,  0> +
        (-0.0000026, 0.0001035)|   0, 3, 1;0,  0;0,  0> +
        ( 0.0000921,-0.0000079)|   2, 1, 2;0,  0;0,  0> +
        (-0.0000880, 0.0000200)|   0, 3, 2;0,  0;0,  0> +
        ( 0.0000089, 0.0000829)|   2, 2, 1;0,  0;0,  0> +
        (-0.0000647,-0.0000002)|   6, 0, 0;1,  0;0,  0> +
        ( 0.0000647, 0.0000002)|   6, 0, 0;0,  0;1,  0> +
        ( 0.0000245,-0.0000000)|   1, 3, 2;0,  0;0,  0> +
        ( 0.0000005, 0.0000230)|   1, 2, 3;0,  0;0,  0> +
        ( 0.0000222, 0.0000000)|   5, 0, 0;0,  0;0,  0> +
        ( 0.0000001, 0.0000139)|   0, 1, 1;0,  0;0,  0> +
        (-0.0000062, 0.0000002)|   2, 3, 2;0,  0;0,  0> +
        (-0.0000051,-0.0000001)|   2, 2, 0;0,  0;0,  0> +
        ( 0.0000051, 0.0000001)|   2, 0, 2;0,  0;0,  0> +
        (-0.0000002, 0.0000042)|   2, 0, 1;0,  0;0,  0> +
        (-0.0000032,-0.0000002)|   2, 1, 0;0,  0;0,  0> +
        ( 0.0000001, 0.0000027)|   2, 1, 3;0,  0;0,  0> +
        (-0.0000014, 0.0000023)|   2, 3, 3;0,  0;0,  0> +
        (-0.0000023, 0.0000010)|   4, 2, 2;0,  0;0,  0> +
        (-0.0000021, 0.0000000)|   4, 0, 0;0,  0;0,  0> +
        (-0.0000007,-0.0000015)|   5, 0, 1;0,  0;0,  0> +
        ( 0.0000016,-0.0000003)|   5, 1, 0;0,  0;0,  0> +
        (-0.0000013, 0.0000009)|   1, 3, 1;0,  0;0,  0> +
        ( 0.0000014,-0.0000000)|   3, 0, 0;0,  0;0,  0> +
        (-0.0000006, 0.0000012)|   1, 1, 3;0,  0;0,  0> +
        (-0.0000000,-0.0000014)|   3, 0, 3;0,  0;0,  0> +
        ( 0.0000012, 0.0000001)|   8, 0, 0;0,  0;0,  0> +
         ...
 |10> = (-0.0000082,-0.7117249)|   1, 0, 1;0,  0;0,  0> +
        (-0.7023975,-0.0000082)|   1, 1, 0;0,  0;0,  0> +
        ( 0.0079341, 0.0000000)|   4, 0, 0;0,  0;0,  0> +
        ( 0.0033498,-0.0000000)|   1, 2, 0;0,  0;0,  0> +
        (-0.0020961, 0.0000000)|   1, 0, 2;0,  0;0,  0> +
        (-0.0017411,-0.0000004)|   2, 2, 0;0,  0;0,  0> +
        (-0.0015133, 0.0000004)|   2, 0, 2;0,  0;0,  0> +
        ( 0.0001826, 0.0000023)|   2, 1, 0;0,  0;0,  0> +
        (-0.0001532, 0.0000000)|   0, 2, 2;0,  0;0,  0> +
        ( 0.0000001,-0.0001090)|   0, 0, 3;0,  0;0,  0> +
        (-0.0001068, 0.0000000)|   0, 3, 0;0,  0;0,  0> +
        ( 0.0000014, 0.0000799)|   2, 0, 1;0,  0;0,  0> +
        (-0.0000000,-0.0000684)|   0, 2, 1;0,  0;0,  0> +
        (-0.0000665,-0.0000001)|   0, 1, 2;0,  0;0,  0> +
        (-0.0000000,-0.0000461)|   1, 0, 1;0,  0;1,  0> +
        ( 0.0000000, 0.0000461)|   1, 0, 1;1,  0;0,  0> +
        (-0.0000454,-0.0000000)|   1, 1, 0;0,  0;1,  0> +
        ( 0.0000454, 0.0000000)|   1, 1, 0;1,  0;0,  0> +
        (-0.0000166,-0.0000000)|   0, 1, 0;0,  0;0,  0> +
        (-0.0000000, 0.0000121)|   0, 0, 1;0,  0;0,  0> +
        ( 0.0000065, 0.0000000)|   3, 0, 0;0,  0;0,  0> +
        ( 0.0000024,-0.0000000)|   5, 0, 0;0,  0;0,  0> +
        (-0.0000022,-0.0000001)|   8, 0, 0;0,  0;0,  0> +
        (-0.0000013, 0.0000002)|  13, 0, 0;0,  0;0,  0> +
        ( 0.0000010, 0.0000000)|   4, 1, 0;0,  0;0,  0> +
         ...
 |11> = (-0.9999132,-0.0070956)|   7, 0, 0;0,  0;0,  0> +
        (-0.0001106, 0.0075636)|   2, 1, 1;0,  0;0,  0> +
        (-0.0032143, 0.0001382)|   4, 2, 0;0,  0;0,  0> +
        ( 0.0014385,-0.0027799)|   2, 2, 1;0,  0;0,  0> +
        (-0.0005083,-0.0029162)|   1, 0, 3;0,  0;0,  0> +
        ( 0.0018951, 0.0016066)|   2, 3, 0;0,  0;0,  0> +
        ( 0.0022690,-0.0000501)|   4, 1, 0;0,  0;0,  0> +
        (-0.0020197,-0.0004316)|   1, 1, 2;0,  0;0,  0> +
        (-0.0000146, 0.0020238)|   1, 1, 1;0,  0;0,  0> +
        (-0.0000010,-0.0019947)|   0, 3, 1;0,  0;0,  0> +
        (-0.0016881,-0.0001360)|   4, 0, 2;0,  0;0,  0> +
        (-0.0007534,-0.0014326)|   2, 1, 2;0,  0;0,  0> +
        ( 0.0013426,-0.0003684)|   1, 3, 0;0,  0;0,  0> +
        (-0.0000593, 0.0013569)|   2, 0, 3;0,  0;0,  0> +
        (-0.0011867,-0.0000002)|   2, 2, 2;0,  0;0,  0> +
        ( 0.0000101,-0.0010641)|   3, 3, 3;0,  0;0,  0> +
        (-0.0009146,-0.0000132)|   0, 1, 2;0,  0;0,  0> +
        (-0.0000155, 0.0008176)|   4, 0, 1;0,  0;0,  0> +
        ( 0.0000028,-0.0007863)|   0, 1, 3;0,  0;0,  0> +
        (-0.0001929,-0.0005188)|   1, 2, 1;0,  0;0,  0> +
        ( 0.0000044, 0.0005485)|   0, 2, 1;0,  0;0,  0> +
        (-0.0000162,-0.0003874)|   1, 3, 1;0,  0;0,  0> +
        ( 0.0003351,-0.0000065)|   1, 3, 2;0,  0;0,  0> +
        ( 0.0000158, 0.0003303)|   2, 1, 3;0,  0;0,  0> +
        ( 0.0003236,-0.0000599)|   5, 2, 0;0,  0;0,  0> +
        (-0.0000000,-0.0002957)|   0, 3, 3;0,  0;0,  0> +
        ( 0.0002351,-0.0000017)|   3, 0, 2;0,  0;0,  0> +
        (-0.0002349, 0.0000019)|   3, 2, 0;0,  0;0,  0> +
        (-0.0002304, 0.0000002)|   3, 2, 2;0,  0;0,  0> +
        ( 0.0001580, 0.0000216)|   5, 0, 2;0,  0;0,  0> +
        (-0.0000048,-0.0001583)|   0, 2, 3;0,  0;0,  0> +
        ( 0.0000009,-0.0001526)|   2, 3, 3;0,  0;0,  0> +
        ( 0.0001399, 0.0000347)|   0, 3, 0;0,  0;0,  0> +
        (-0.0001424,-0.0000001)|   4, 2, 2;0,  0;0,  0> +
        (-0.0000110, 0.0001215)|   2, 3, 1;0,  0;0,  0> +
        (-0.0000079,-0.0001090)|   1, 2, 3;0,  0;0,  0> +
        (-0.0000633, 0.0000815)|   1, 1, 3;0,  0;0,  0> +
        (-0.0000995,-0.0000061)|   8, 0, 0;0,  0;0,  0> +
        ( 0.0000001,-0.0000812)|   1, 3, 3;0,  0;0,  0> +
        ( 0.0000246, 0.0000714)|   0, 0, 3;0,  0;0,  0> +
        (-0.0000730,-0.0000088)|   2, 3, 2;0,  0;0,  0> +
        (-0.0000078,-0.0000693)|   2, 2, 3;0,  0;0,  0> +
        (-0.0000647,-0.0000005)|   7, 0, 0;0,  0;1,  0> +
        ( 0.0000647, 0.0000005)|   7, 0, 0;1,  0;0,  0> +
        (-0.0000621,-0.0000048)|   0, 3, 2;0,  0;0,  0> +
        (-0.0000152,-0.0000464)|   3, 1, 1;0,  0;0,  0> +
        ( 0.0000228, 0.0000001)|   6, 0, 0;0,  0;0,  0> +
        ( 0.0000000,-0.0000184)|   3, 0, 3;0,  0;0,  0> +
        ( 0.0000149, 0.0000012)|   3, 1, 0;0,  0;0,  0> +
        ( 0.0000135,-0.0000021)|   5, 1, 0;0,  0;0,  0> +
        (-0.0000133, 0.0000001)|   3, 3, 0;0,  0;0,  0> +
        (-0.0000003,-0.0000112)|   3, 2, 1;0,  0;0,  0> +
        (-0.0000047,-0.0000100)|   5, 0, 1;0,  0;0,  0> +
        ( 0.0000014,-0.0000107)|   3, 0, 1;0,  0;0,  0> +
        (-0.0000105, 0.0000000)|   3, 1, 2;0,  0;0,  0> +
        ( 0.0000068, 0.0000001)|   6, 2, 0;0,  0;0,  0> +
        ( 0.0000057,-0.0000006)|   6, 0, 2;0,  0;0,  0> +
        (-0.0000037, 0.0000000)|   5, 2, 2;0,  0;0,  0> +
        ( 0.0000001, 0.0000033)|   4, 3, 3;0,  0;0,  0> +
        (-0.0000026,-0.0000014)|   6, 1, 0;0,  0;0,  0> +
        (-0.0000018, 0.0000011)|   6, 0, 1;0,  0;0,  0> +
        (-0.0000000,-0.0000021)|   0, 1, 1;0,  0;0,  0> +
        ( 0.0000020,-0.0000000)|   5, 0, 0;0,  0;0,  0> +
        (-0.0000019, 0.0000001)|   9, 0, 0;0,  0;0,  0> +
        (-0.0000015,-0.0000000)|   1, 2, 2;0,  0;0,  0> +
        ( 0.0000015,-0.0000000)|  10, 0, 0;0,  0;0,  0> +
        ( 0.0000009, 0.0000006)|  11, 0, 0;0,  0;0,  0> +
         ...
 |12> = ( 0.7234401, 0.0255858)|   2, 1, 0;0,  0;0,  0> +
        ( 0.0259816,-0.6890706)|   2, 0, 1;0,  0;0,  0> +
        ( 0.0200786,-0.0000098)|   5, 0, 0;0,  0;0,  0> +
        (-0.0045628, 0.0000160)|   3, 2, 0;0,  0;0,  0> +
        (-0.0045127,-0.0000506)|   2, 2, 0;0,  0;0,  0> +
        (-0.0043461, 0.0000307)|   3, 0, 2;0,  0;0,  0> +
        ( 0.0036731, 0.0000506)|   2, 0, 2;0,  0;0,  0> +
        ( 0.0000875, 0.0028873)|   0, 1, 1;0,  0;0,  0> +
        ( 0.0010348, 0.0000006)|   0, 3, 2;0,  0;0,  0> +
        (-0.0000024, 0.0010295)|   0, 2, 3;0,  0;0,  0> +
        (-0.0010146, 0.0000001)|   1, 0, 2;0,  0;0,  0> +
        ( 0.0010020,-0.0000001)|   1, 2, 0;0,  0;0,  0> +
        (-0.0000031, 0.0008941)|   1, 0, 1;0,  0;0,  0> +
        ( 0.0008205, 0.0000102)|   0, 3, 0;0,  0;0,  0> +
        (-0.0007866,-0.0000033)|   1, 1, 0;0,  0;0,  0> +
        ( 0.0006684,-0.0000002)|   1, 2, 2;0,  0;0,  0> +
        ( 0.0000100, 0.0006318)|   0, 0, 3;0,  0;0,  0> +
        (-0.0000037, 0.0006310)|   0, 2, 1;0,  0;0,  0> +
        (-0.0000205, 0.0004158)|   0, 3, 1;0,  0;0,  0> +
        (-0.0003576, 0.0000174)|   2, 2, 2;0,  0;0,  0> +
        ( 0.0003127,-0.0000059)|   0, 1, 2;0,  0;0,  0> +
        (-0.0000046, 0.0001639)|   0, 1, 3;0,  0;0,  0> +
        ( 0.0000008,-0.0001312)|   0, 3, 3;0,  0;0,  0> +
        (-0.0000721, 0.0000002)|   3, 1, 0;0,  0;0,  0> +
        ( 0.0000468, 0.0000017)|   2, 1, 0;0,  0;1,  0> +
        (-0.0000468,-0.0000017)|   2, 1, 0;1,  0;0,  0> +
        ( 0.0000003,-0.0000451)|   3, 0, 1;0,  0;0,  0> +
        ( 0.0000017,-0.0000446)|   2, 0, 1;0,  0;1,  0> +
        (-0.0000017, 0.0000446)|   2, 0, 1;1,  0;0,  0> +
        (-0.0000417, 0.0000000)|   0, 2, 2;0,  0;0,  0> +
        ( 0.0000001,-0.0000409)|   1, 0, 3;0,  0;0,  0> +
        (-0.0000393,-0.0000001)|   1, 3, 0;0,  0;0,  0> +
        (-0.0000220, 0.0000000)|   1, 1, 2;0,  0;0,  0> +
        ( 0.0000001,-0.0000213)|   1, 2, 1;0,  0;0,  0> +
        (-0.0000155,-0.0000000)|   4, 0, 0;0,  0;0,  0> +
        ( 0.0000098, 0.0000000)|   4, 0, 2;0,  0;0,  0> +
        ( 0.0000085, 0.0000000)|   4, 2, 0;0,  0;0,  0> +
        ( 0.0000029, 0.0000000)|   4, 1, 0;0,  0;0,  0> +
        ( 0.0000001,-0.0000020)|   4, 0, 1;0,  0;0,  0> +
        ( 0.0000013,-0.0000000)|   5, 0, 0;0,  0;1,  0> +
        (-0.0000013, 0.0000000)|   5, 0, 0;1,  0;0,  0> +
        ( 0.0000012, 0.0000000)|   6, 0, 0;0,  0;0,  0> +
        ( 0.0000011,-0.0000000)|   0, 1, 0;0,  0;0,  0> +
        ( 0.0000003,-0.0000010)|   9, 0, 1;0,  0;0,  0> +
         ...
 |13> = (-0.0007442, 0.7239019)|   2, 0, 1;0,  0;0,  0> +
        ( 0.6896147,-0.0008998)|   2, 1, 0;0,  0;0,  0> +
        ( 0.0139397, 0.0000294)|   1, 1, 0;0,  0;0,  0> +
        ( 0.0000297,-0.0134772)|   1, 0, 1;0,  0;0,  0> +
        (-0.0029048,-0.0000000)|   1, 0, 2;0,  0;0,  0> +
        ( 0.0027942, 0.0000000)|   1, 2, 0;0,  0;0,  0> +
        (-0.0010546,-0.0000010)|   1, 2, 2;0,  0;0,  0> +
        (-0.0007603, 0.0000003)|   5, 0, 0;0,  0;0,  0> +
        (-0.0007277,-0.0000000)|   0, 2, 2;0,  0;0,  0> +
        ( 0.0000346,-0.0006192)|   0, 0, 3;0,  0;0,  0> +
        ( 0.0003786,-0.0000120)|   2, 0, 2;0,  0;0,  0> +
        (-0.0003772, 0.0000096)|   0, 3, 0;0,  0;0,  0> +
        (-0.0002826, 0.0000120)|   2, 2, 0;0,  0;0,  0> +
        (-0.0000329, 0.0002606)|   0, 2, 1;0,  0;0,  0> +
        ( 0.0002374, 0.0000003)|   3, 2, 0;0,  0;0,  0> +
        ( 0.0002155,-0.0000002)|   3, 0, 2;0,  0;0,  0> +
        ( 0.0001662,-0.0000004)|   2, 2, 2;0,  0;0,  0> +
        ( 0.0000000,-0.0000468)|   2, 0, 1;1,  0;0,  0> +
        (-0.0000000, 0.0000468)|   2, 0, 1;0,  0;1,  0> +
        (-0.0000446, 0.0000001)|   2, 1, 0;1,  0;0,  0> +
        ( 0.0000446,-0.0000001)|   2, 1, 0;0,  0;1,  0> +
        (-0.0000366,-0.0000000)|   0, 3, 2;0,  0;0,  0> +
        ( 0.0000001,-0.0000364)|   0, 2, 3;0,  0;0,  0> +
        (-0.0000206,-0.0000000)|   4, 0, 0;0,  0;0,  0> +
        (-0.0000084, 0.0000098)|   0, 1, 2;0,  0;0,  0> +
        ( 0.0000000, 0.0000105)|   3, 0, 1;0,  0;0,  0> +
        ( 0.0000093, 0.0000000)|   3, 1, 0;0,  0;0,  0> +
        ( 0.0000007, 0.0000053)|   0, 3, 1;0,  0;0,  0> +
        (-0.0000000, 0.0000048)|   0, 3, 3;0,  0;0,  0> +
        (-0.0000028,-0.0000027)|   0, 1, 1;0,  0;0,  0> +
        (-0.0000031,-0.0000000)|   4, 1, 0;0,  0;0,  0> +
        ( 0.0000008, 0.0000020)|   5, 0, 1;0,  0;0,  0> +
        ( 0.0000000,-0.0000013)|   0, 0, 1;0,  0;0,  0> +
        (-0.0000011,-0.0000000)|   0, 1, 0;0,  0;0,  0> +
        ( 0.0000011,-0.0000000)|   1, 3, 0;0,  0;0,  0> +
        (-0.0000000, 0.0000010)|   1, 0, 3;0,  0;0,  0> +
         ...
 |14> = (-0.0143195,-0.7214770)|   3, 0, 1;0,  0;0,  0> +
        ( 0.6920253,-0.0140837)|   3, 1, 0;0,  0;0,  0> +
        (-0.0108912,-0.0000506)|   6, 0, 0;0,  0;0,  0> +
        (-0.0054559, 0.0000007)|   5, 0, 0;0,  0;0,  0> +
        (-0.0000799,-0.0018179)|   2, 0, 3;0,  0;0,  0> +
        (-0.0017172, 0.0000096)|   3, 0, 2;0,  0;0,  0> +
        ( 0.0000002, 0.0016757)|   0, 1, 1;0,  0;0,  0> +
        (-0.0015484, 0.0004823)|   2, 3, 0;0,  0;0,  0> +
        ( 0.0004263,-0.0011889)|   2, 2, 1;0,  0;0,  0> +
        (-0.0009124,-0.0003722)|   2, 1, 2;0,  0;0,  0> +
        (-0.0008687, 0.0001184)|   4, 1, 0;0,  0;0,  0> +
        ( 0.0000119, 0.0008694)|   0, 2, 1;0,  0;0,  0> +
        (-0.0007498,-0.0000001)|   2, 2, 2;0,  0;0,  0> +
        ( 0.0007209,-0.0001352)|   4, 2, 0;0,  0;0,  0> +
        (-0.0001069,-0.0006974)|   4, 0, 1;0,  0;0,  0> +
        ( 0.0007021,-0.0000095)|   3, 2, 0;0,  0;0,  0> +
        ( 0.0000760,-0.0006685)|   0, 0, 3;0,  0;0,  0> +
        ( 0.0005573, 0.0000106)|   3, 2, 2;0,  0;0,  0> +
        (-0.0000034,-0.0005564)|   1, 3, 3;0,  0;0,  0> +
        (-0.0005536, 0.0000096)|   0, 1, 2;0,  0;0,  0> +
        (-0.0001200,-0.0005185)|   1, 0, 3;0,  0;0,  0> +
        ( 0.0000078,-0.0004362)|   0, 1, 3;0,  0;0,  0> +
        (-0.0000864, 0.0003896)|   1, 3, 1;0,  0;0,  0> +
        (-0.0000023,-0.0003612)|   0, 3, 1;0,  0;0,  0> +
        ( 0.0003499, 0.0000117)|   1, 3, 2;0,  0;0,  0> +
        ( 0.0003265, 0.0000726)|   4, 2, 2;0,  0;0,  0> +
        (-0.0002987,-0.0000462)|   1, 3, 0;0,  0;0,  0> +
        ( 0.0000768,-0.0002636)|   1, 2, 1;0,  0;0,  0> +
        ( 0.0002674,-0.0000000)|   1, 2, 2;0,  0;0,  0> +
        (-0.0001094, 0.0002247)|   2, 3, 3;0,  0;0,  0> +
        (-0.0002017,-0.0000456)|   1, 1, 2;0,  0;0,  0> +
        ( 0.0001715, 0.0000773)|   0, 3, 0;0,  0;0,  0> +
        ( 0.0000247, 0.0001796)|   1, 2, 3;0,  0;0,  0> +
        (-0.0001650,-0.0000024)|   2, 2, 0;0,  0;0,  0> +
        ( 0.0001643, 0.0000024)|   2, 0, 2;0,  0;0,  0> +
        (-0.0000000,-0.0001357)|   0, 3, 3;0,  0;0,  0> +
        ( 0.0000636, 0.0001112)|   4, 0, 2;0,  0;0,  0> +
        ( 0.0000135, 0.0001180)|   1, 1, 1;0,  0;0,  0> +
        ( 0.0000080, 0.0001155)|   0, 2, 3;0,  0;0,  0> +
        ( 0.0000822, 0.0000029)|   2, 1, 0;0,  0;0,  0> +
        ( 0.0000029,-0.0000821)|   2, 0, 1;0,  0;0,  0> +
        ( 0.0000009, 0.0000467)|   3, 0, 1;1,  0;0,  0> +
        (-0.0000009,-0.0000467)|   3, 0, 1;0,  0;1,  0> +
        ( 0.0000448,-0.0000009)|   3, 1, 0;0,  0;1,  0> +
        (-0.0000448, 0.0000009)|   3, 1, 0;1,  0;0,  0> +
        ( 0.0000373,-0.0000201)|   1, 1, 3;0,  0;0,  0> +
        (-0.0000397, 0.0000081)|   0, 3, 2;0,  0;0,  0> +
        ( 0.0000185, 0.0000000)|   0, 2, 2;0,  0;0,  0> +
        ( 0.0000174, 0.0000003)|   7, 0, 0;0,  0;0,  0> +
        ( 0.0000047,-0.0000141)|   2, 2, 3;0,  0;0,  0> +
        (-0.0000137,-0.0000016)|   2, 3, 2;0,  0;0,  0> +
        (-0.0000067,-0.0000015)|   2, 1, 1;0,  0;0,  0> +
        (-0.0000023,-0.0000001)|   6, 1, 0;0,  0;0,  0> +
        (-0.0000019,-0.0000004)|   6, 0, 1;0,  0;0,  0> +
        ( 0.0000011, 0.0000000)|   1, 1, 0;0,  0;0,  0> +
        (-0.0000002, 0.0000010)|   2, 1, 3;0,  0;0,  0> +
         ...
 |15> = (-0.9980780,-0.0615929)|   8, 0, 0;0,  0;0,  0> +
        (-0.0000706, 0.0034886)|   4, 0, 1;0,  0;0,  0> +
        (-0.0033532,-0.0000644)|   4, 1, 0;0,  0;0,  0> +
        ( 0.0000415,-0.0030467)|   2, 1, 1;0,  0;0,  0> +
        ( 0.0015462, 0.0003142)|   2, 3, 0;0,  0;0,  0> +
        (-0.0013409,-0.0000512)|   1, 1, 2;0,  0;0,  0> +
        (-0.0010703,-0.0005329)|   2, 1, 2;0,  0;0,  0> +
        (-0.0011402, 0.0002216)|   4, 2, 0;0,  0;0,  0> +
        ( 0.0011202,-0.0002203)|   4, 0, 2;0,  0;0,  0> +
        (-0.0003601, 0.0010794)|   2, 0, 3;0,  0;0,  0> +
        (-0.0003320,-0.0010099)|   3, 1, 1;0,  0;0,  0> +
        (-0.0010138,-0.0000629)|   5, 0, 2;0,  0;0,  0> +
        (-0.0005108, 0.0007378)|   1, 1, 3;0,  0;0,  0> +
        ( 0.0002397, 0.0008378)|   1, 0, 3;0,  0;0,  0> +
        ( 0.0006227, 0.0005824)|   2, 2, 1;0,  0;0,  0> +
        ( 0.0007307,-0.0000679)|   5, 1, 0;0,  0;0,  0> +
        (-0.0003324,-0.0005433)|   1, 2, 1;0,  0;0,  0> +
        ( 0.0005736,-0.0000248)|   3, 3, 0;0,  0;0,  0> +
        ( 0.0000006, 0.0005175)|   4, 3, 3;0,  0;0,  0> +
        (-0.0000008,-0.0005135)|   3, 3, 3;0,  0;0,  0> +
        ( 0.0000000,-0.0004927)|   0, 3, 3;0,  0;0,  0> +
        ( 0.0000073,-0.0004685)|   0, 1, 3;0,  0;0,  0> +
        ( 0.0004366,-0.0000013)|   4, 2, 2;0,  0;0,  0> +
        (-0.0003212, 0.0000222)|   5, 2, 0;0,  0;0,  0> +
        (-0.0003057,-0.0000041)|   6, 2, 0;0,  0;0,  0> +
        ( 0.0002867,-0.0000142)|   3, 1, 2;0,  0;0,  0> +
        ( 0.0000378, 0.0002672)|   3, 0, 3;0,  0;0,  0> +
        ( 0.0000001, 0.0002612)|   1, 3, 3;0,  0;0,  0> +
        (-0.0000044,-0.0002490)|   0, 2, 3;0,  0;0,  0> +
        (-0.0002405, 0.0000271)|   6, 0, 2;0,  0;0,  0> +
        ( 0.0002294, 0.0000765)|   1, 3, 0;0,  0;0,  0> +
        (-0.0002284, 0.0000007)|   1, 3, 2;0,  0;0,  0> +
        (-0.0000064,-0.0002282)|   2, 2, 3;0,  0;0,  0> +
        ( 0.0000320, 0.0002076)|   5, 0, 1;0,  0;0,  0> +
        (-0.0001651,-0.0000045)|   0, 3, 2;0,  0;0,  0> +
        ( 0.0000200,-0.0001560)|   1, 3, 1;0,  0;0,  0> +
        ( 0.0001516,-0.0000001)|   3, 2, 2;0,  0;0,  0> +
        ( 0.0000126,-0.0001498)|   2, 3, 1;0,  0;0,  0> +
        (-0.0000021, 0.0001317)|   0, 3, 1;0,  0;0,  0> +
        ( 0.0000189, 0.0001181)|   3, 2, 1;0,  0;0,  0> +
        ( 0.0000012,-0.0001169)|   5, 3, 3;0,  0;0,  0> +
        ( 0.0000087, 0.0001090)|   3, 2, 3;0,  0;0,  0> +
        ( 0.0000805, 0.0000001)|   7, 0, 0;0,  0;0,  0> +
        ( 0.0000202, 0.0000703)|   4, 1, 1;0,  0;0,  0> +
        (-0.0000646,-0.0000040)|   8, 0, 0;0,  0;1,  0> +
        ( 0.0000646, 0.0000040)|   8, 0, 0;1,  0;0,  0> +
        ( 0.0000011,-0.0000621)|   2, 1, 3;0,  0;0,  0> +
        ( 0.0000009, 0.0000606)|   2, 3, 3;0,  0;0,  0> +
        ( 0.0000604,-0.0000029)|   3, 3, 2;0,  0;0,  0> +
        ( 0.0000395,-0.0000023)|   0, 3, 0;0,  0;0,  0> +
        (-0.0000020,-0.0000355)|   0, 0, 3;0,  0;0,  0> +
        (-0.0000030,-0.0000319)|   0, 2, 1;0,  0;0,  0> +
        (-0.0000026,-0.0000254)|   1, 1, 1;0,  0;0,  0> +
        ( 0.0000250,-0.0000025)|   0, 1, 2;0,  0;0,  0> +
        ( 0.0000154,-0.0000065)|   2, 3, 2;0,  0;0,  0> +
        (-0.0000148, 0.0000001)|   5, 2, 2;0,  0;0,  0> +
        (-0.0000133,-0.0000000)|   2, 2, 2;0,  0;0,  0> +
        ( 0.0000101,-0.0000005)|   9, 0, 0;0,  0;0,  0> +
        ( 0.0000084, 0.0000043)|   6, 1, 0;0,  0;0,  0> +
        ( 0.0000062,-0.0000031)|   6, 0, 1;0,  0;0,  0> +
        (-0.0000000,-0.0000061)|   4, 0, 3;0,  0;0,  0> +
        (-0.0000050,-0.0000001)|   4, 3, 2;0,  0;0,  0> +
        ( 0.0000002,-0.0000041)|   4, 2, 3;0,  0;0,  0> +
        (-0.0000033,-0.0000001)|   4, 3, 0;0,  0;0,  0> +
        ( 0.0000032, 0.0000008)|   3, 1, 0;0,  0;0,  0> +
        ( 0.0000002, 0.0000027)|   1, 2, 3;0,  0;0,  0> +
        ( 0.0000008,-0.0000023)|   3, 0, 1;0,  0;0,  0> +
        (-0.0000018,-0.0000014)|  11, 0, 0;0,  0;0,  0> +
        ( 0.0000022,-0.0000000)|  10, 0, 0;0,  0;0,  0> +
        (-0.0000003,-0.0000017)|   3, 1, 3;0,  0;0,  0> +
        (-0.0000000,-0.0000016)|   6, 3, 3;0,  0;0,  0> +
        ( 0.0000013, 0.0000000)|   2, 1, 0;0,  0;0,  0> +
        (-0.0000013, 0.0000003)|   3, 0, 2;0,  0;0,  0> +
        (-0.0000012,-0.0000000)|   1, 0, 0;0,  0;0,  0> +
        (-0.0000000, 0.0000011)|   1, 0, 1;0,  0;0,  0> +
        ( 0.0000003,-0.0000011)|   3, 3, 1;0,  0;0,  0> +
        ( 0.0000011, 0.0000000)|   1, 1, 0;0,  0;0,  0> +
        (-0.0000011, 0.0000000)|   4, 0, 0;0,  0;0,  0> +
        (-0.0000010, 0.0000000)|   6, 2, 2;0,  0;0,  0> +
         ...
 |16> = (-0.7215888, 0.0003483)|   3, 1, 0;0,  0;0,  0> +
        ( 0.0000148,-0.6921337)|   3, 0, 1;0,  0;0,  0> +
        (-0.0000012,-0.0135146)|   0, 1, 1;0,  0;0,  0> +
        ( 0.0057914,-0.0000008)|   5, 0, 0;0,  0;0,  0> +
        (-0.0050484,-0.0000157)|   6, 0, 0;0,  0;0,  0> +
        ( 0.0028581,-0.0000148)|   3, 2, 0;0,  0;0,  0> +
        ( 0.0000264,-0.0014315)|   0, 1, 3;0,  0;0,  0> +
        ( 0.0014280, 0.0000205)|   2, 2, 0;0,  0;0,  0> +
        (-0.0014230,-0.0000206)|   2, 0, 2;0,  0;0,  0> +
        (-0.0000290, 0.0013098)|   0, 2, 1;0,  0;0,  0> +
        (-0.0007905, 0.0000141)|   3, 0, 2;0,  0;0,  0> +
        ( 0.0000411,-0.0007588)|   0, 0, 3;0,  0;0,  0> +
        (-0.0000513,-0.0006203)|   0, 2, 3;0,  0;0,  0> +
        ( 0.0006178,-0.0000000)|   1, 2, 2;0,  0;0,  0> +
        ( 0.0006052, 0.0000001)|   2, 2, 2;0,  0;0,  0> +
        ( 0.0005485,-0.0000515)|   0, 3, 2;0,  0;0,  0> +
        (-0.0005103, 0.0000016)|   4, 2, 0;0,  0;0,  0> +
        (-0.0003693,-0.0000018)|   4, 0, 2;0,  0;0,  0> +
        (-0.0002320,-0.0000017)|   0, 1, 2;0,  0;0,  0> +
        (-0.0002273, 0.0000000)|   0, 2, 2;0,  0;0,  0> +
        (-0.0000000, 0.0001345)|   0, 3, 3;0,  0;0,  0> +
        (-0.0001301, 0.0000144)|   3, 2, 2;0,  0;0,  0> +
        ( 0.0000033,-0.0001154)|   1, 0, 3;0,  0;0,  0> +
        (-0.0000028, 0.0001098)|   2, 0, 1;0,  0;0,  0> +
        ( 0.0001058, 0.0000002)|   1, 3, 0;0,  0;0,  0> +
        (-0.0000885,-0.0000027)|   2, 1, 0;0,  0;0,  0> +
        ( 0.0000762, 0.0000258)|   0, 3, 0;0,  0;0,  0> +
        ( 0.0000569,-0.0000045)|   1, 1, 2;0,  0;0,  0> +
        (-0.0000075,-0.0000546)|   0, 3, 1;0,  0;0,  0> +
        ( 0.0000467,-0.0000000)|   3, 1, 0;1,  0;0,  0> +
        (-0.0000467, 0.0000000)|   3, 1, 0;0,  0;1,  0> +
        (-0.0000000, 0.0000448)|   3, 0, 1;1,  0;0,  0> +
        ( 0.0000000,-0.0000448)|   3, 0, 1;0,  0;1,  0> +
        (-0.0000000,-0.0000362)|   1, 3, 3;0,  0;0,  0> +
        ( 0.0000001,-0.0000322)|   1, 1, 1;0,  0;0,  0> +
        ( 0.0000009, 0.0000250)|   2, 0, 3;0,  0;0,  0> +
        ( 0.0000213,-0.0000064)|   2, 3, 0;0,  0;0,  0> +
        (-0.0000055, 0.0000152)|   2, 2, 1;0,  0;0,  0> +
        ( 0.0000121, 0.0000048)|   2, 1, 2;0,  0;0,  0> +
        ( 0.0000100,-0.0000014)|   4, 1, 0;0,  0;0,  0> +
        ( 0.0000012, 0.0000089)|   4, 0, 1;0,  0;0,  0> +
        ( 0.0000052,-0.0000065)|   1, 2, 1;0,  0;0,  0> +
        ( 0.0000011,-0.0000053)|   1, 3, 1;0,  0;0,  0> +
        (-0.0000049,-0.0000001)|   1, 0, 2;0,  0;0,  0> +
        ( 0.0000049, 0.0000001)|   1, 2, 0;0,  0;0,  0> +
        ( 0.0000016, 0.0000039)|   5, 0, 1;0,  0;0,  0> +
        (-0.0000041,-0.0000009)|   4, 2, 2;0,  0;0,  0> +
        ( 0.0000014,-0.0000028)|   2, 3, 3;0,  0;0,  0> +
        (-0.0000024, 0.0000005)|   5, 1, 0;0,  0;0,  0> +
        (-0.0000021,-0.0000001)|   1, 3, 2;0,  0;0,  0> +
        ( 0.0000015, 0.0000013)|   6, 1, 0;0,  0;0,  0> +
        (-0.0000019, 0.0000000)|   1, 1, 0;0,  0;0,  0> +
        ( 0.0000000, 0.0000017)|   1, 0, 1;0,  0;0,  0> +
        ( 0.0000009,-0.0000012)|   6, 0, 1;0,  0;0,  0> +
        ( 0.0000001, 0.0000012)|   2, 1, 1;0,  0;0,  0> +
         ...
 |17> = (-0.9982442, 0.0538296)|   9, 0, 0;0,  0;0,  0> +
        ( 0.0066849, 0.0187265)|   5, 0, 1;0,  0;0,  0> +
        (-0.0028971,-0.0087891)|   3, 1, 1;0,  0;0,  0> +
        ( 0.0069444, 0.0004318)|   5, 1, 0;0,  0;0,  0> +
        (-0.0002552,-0.0043297)|   1, 3, 1;0,  0;0,  0> +
        ( 0.0018259,-0.0025576)|   5, 1, 1;0,  0;0,  0> +
        ( 0.0028615, 0.0000689)|   3, 3, 0;0,  0;0,  0> +
        (-0.0024018, 0.0000180)|   6, 2, 2;0,  0;0,  0> +
        ( 0.0020223, 0.0001703)|   2, 1, 2;0,  0;0,  0> +
        (-0.0012899,-0.0013189)|   2, 0, 3;0,  0;0,  0> +
        (-0.0017555,-0.0001990)|   6, 2, 0;0,  0;0,  0> +
        (-0.0002965,-0.0017069)|   3, 2, 1;0,  0;0,  0> +
        ( 0.0012918, 0.0011111)|   6, 1, 0;0,  0;0,  0> +
        (-0.0016420,-0.0000652)|   5, 0, 2;0,  0;0,  0> +
        ( 0.0005004,-0.0014986)|   2, 2, 1;0,  0;0,  0> +
        (-0.0004226,-0.0014728)|   4, 1, 1;0,  0;0,  0> +
        ( 0.0000275, 0.0015072)|   4, 0, 3;0,  0;0,  0> +
        ( 0.0002911,-0.0014672)|   3, 0, 3;0,  0;0,  0> +
        ( 0.0010213,-0.0010889)|   2, 3, 0;0,  0;0,  0> +
        ( 0.0011332,-0.0008798)|   6, 0, 1;0,  0;0,  0> +
        ( 0.0012755,-0.0000096)|   4, 3, 0;0,  0;0,  0> +
        ( 0.0009012,-0.0000009)|   1, 3, 2;0,  0;0,  0> +
        ( 0.0000000,-0.0008080)|   0, 3, 3;0,  0;0,  0> +
        ( 0.0008017,-0.0000258)|   4, 1, 2;0,  0;0,  0> +
        ( 0.0000066, 0.0007570)|   4, 2, 1;0,  0;0,  0> +
        ( 0.0006924,-0.0002644)|   7, 1, 0;0,  0;0,  0> +
        ( 0.0006842,-0.0002069)|   5, 2, 0;0,  0;0,  0> +
        ( 0.0006482,-0.0000006)|   4, 3, 2;0,  0;0,  0> +
        (-0.0001605,-0.0006105)|   1, 0, 3;0,  0;0,  0> +
        ( 0.0005215, 0.0001645)|   6, 0, 2;0,  0;0,  0> +
        (-0.0000010, 0.0005425)|   1, 2, 3;0,  0;0,  0> +
        ( 0.0000187, 0.0005133)|   2, 1, 3;0,  0;0,  0> +
        (-0.0003847, 0.0003357)|   7, 0, 1;0,  0;0,  0> +
        (-0.0000010, 0.0004921)|   6, 3, 3;0,  0;0,  0> +
        ( 0.0004846, 0.0000232)|   1, 1, 2;0,  0;0,  0> +
        (-0.0000186, 0.0004289)|   3, 2, 3;0,  0;0,  0> +
        ( 0.0003900,-0.0000002)|   3, 2, 2;0,  0;0,  0> +
        ( 0.0000190,-0.0003805)|   2, 3, 1;0,  0;0,  0> +
        (-0.0003617, 0.0000079)|   5, 2, 2;0,  0;0,  0> +
        ( 0.0002641,-0.0000121)|   2, 3, 2;0,  0;0,  0> +
        ( 0.0002484,-0.0000646)|   1, 3, 0;0,  0;0,  0> +
        ( 0.0000059,-0.0002538)|   1, 1, 3;0,  0;0,  0> +
        ( 0.0001885, 0.0001406)|   1, 2, 1;0,  0;0,  0> +
        (-0.0000120,-0.0002216)|   2, 2, 3;0,  0;0,  0> +
        (-0.0000181,-0.0001949)|   0, 2, 3;0,  0;0,  0> +
        (-0.0000522, 0.0001769)|   3, 3, 1;0,  0;0,  0> +
        ( 0.0000046, 0.0001612)|   4, 3, 1;0,  0;0,  0> +
        ( 0.0001534,-0.0000182)|   0, 3, 2;0,  0;0,  0> +
        ( 0.0000000, 0.0001435)|   1, 3, 3;0,  0;0,  0> +
        (-0.0001336,-0.0000073)|   7, 0, 2;0,  0;0,  0> +
        (-0.0001207,-0.0000030)|   7, 2, 0;0,  0;0,  0> +
        ( 0.0000002, 0.0001161)|   2, 3, 3;0,  0;0,  0> +
        (-0.0000461, 0.0000880)|   3, 1, 2;0,  0;0,  0> +
        (-0.0000012, 0.0000900)|   4, 2, 3;0,  0;0,  0> +
        (-0.0000001,-0.0000763)|   5, 3, 3;0,  0;0,  0> +
        ( 0.0000746,-0.0000004)|   4, 2, 2;0,  0;0,  0> +
        ( 0.0000664,-0.0000191)|   3, 3, 2;0,  0;0,  0> +
        (-0.0000646, 0.0000035)|   9, 0, 0;0,  0;1,  0> +
        ( 0.0000646,-0.0000035)|   9, 0, 0;1,  0;0,  0> +
        (-0.0000052,-0.0000416)|   8, 3, 3;0,  0;0,  0> +
        ( 0.0000284, 0.0000281)|   8, 1, 0;0,  0;0,  0> +
        ( 0.0000294, 0.0000216)|  11, 0, 0;0,  0;0,  0> +
        (-0.0000091,-0.0000338)|   4, 1, 3;0,  0;0,  0> +
        ( 0.0000018,-0.0000345)|   5, 2, 3;0,  0;0,  0> +
        (-0.0000321,-0.0000020)|   5, 3, 2;0,  0;0,  0> +
        (-0.0000003, 0.0000290)|   7, 3, 3;0,  0;0,  0> +
        (-0.0000043,-0.0000256)|   8, 0, 1;0,  0;0,  0> +
        (-0.0000063,-0.0000205)|   3, 1, 3;0,  0;0,  0> +
        (-0.0000176, 0.0000004)|  10, 0, 0;0,  0;0,  0> +
        (-0.0000164, 0.0000033)|   4, 0, 2;0,  0;0,  0> +
        (-0.0000140, 0.0000008)|   5, 3, 0;0,  0;0,  0> +
        ( 0.0000126,-0.0000033)|   4, 2, 0;0,  0;0,  0> +
        (-0.0000003, 0.0000094)|   4, 3, 3;0,  0;0,  0> +
        ( 0.0000091,-0.0000001)|   7, 2, 2;0,  0;0,  0> +
        ( 0.0000086, 0.0000001)|   8, 0, 0;0,  0;0,  0> +
        ( 0.0000002, 0.0000086)|   5, 2, 1;0,  0;0,  0> +
        (-0.0000068, 0.0000018)|   0, 3, 0;0,  0;0,  0> +
        ( 0.0000064, 0.0000002)|   7, 0, 0;0,  0;0,  0> +
        ( 0.0000008, 0.0000063)|   2, 1, 1;0,  0;0,  0> +
        ( 0.0000064, 0.0000001)|  10, 2, 3;0,  0;0,  0> +
        ( 0.0000063,-0.0000002)|  12, 0, 0;0,  0;0,  0> +
        ( 0.0000016, 0.0000061)|   0, 0, 3;0,  0;0,  0> +
        ( 0.0000000,-0.0000056)|  10, 3, 2;0,  0;0,  0> +
        ( 0.0000055,-0.0000001)|   8, 2, 2;0,  0;0,  0> +
        ( 0.0000016, 0.0000052)|   0, 2, 1;0,  0;0,  0> +
        (-0.0000004,-0.0000052)|   4, 0, 1;0,  0;0,  0> +
        ( 0.0000001,-0.0000047)|   6, 2, 3;0,  0;0,  0> +
        ( 0.0000047, 0.0000001)|   6, 3, 2;0,  0;0,  0> +
        (-0.0000040, 0.0000012)|   0, 1, 2;0,  0;0,  0> +
        (-0.0000037,-0.0000001)|   9, 2, 2;0,  0;0,  0> +
        ( 0.0000009, 0.0000029)|   1, 1, 1;0,  0;0,  0> +
        (-0.0000001,-0.0000029)|   3, 3, 3;0,  0;0,  0> +
        ( 0.0000015, 0.0000023)|   5, 0, 3;0,  0;0,  0> +
        ( 0.0000022, 0.0000012)|  14, 3, 3;0,  0;0,  0> +
        ( 0.0000021, 0.0000003)|   5, 1, 2;0,  0;0,  0> +
        (-0.0000003,-0.0000019)|   5, 1, 3;0,  0;0,  0> +
        ( 0.0000003,-0.0000016)|   5, 3, 1;0,  0;0,  0> +
        (-0.0000000, 0.0000016)|   9, 2, 3;0,  0;0,  0> +
        ( 0.0000016,-0.0000000)|   8, 3, 2;0,  0;0,  0> +
        ( 0.0000016, 0.0000000)|   4, 0, 0;0,  0;0,  0> +
        (-0.0000004,-0.0000012)|   5, 0, 1;1,  0;0,  0> +
        ( 0.0000004, 0.0000012)|   5, 0, 1;0,  0;1,  0> +
        ( 0.0000000, 0.0000013)|  11, 3, 3;0,  0;0,  0> +
        ( 0.0000012,-0.0000000)|   9, 3, 2;0,  0;0,  0> +
        (-0.0000000, 0.0000012)|   6, 3, 1;0,  0;0,  0> +
        ( 0.0000000,-0.0000011)|  13, 3, 3;0,  0;0,  0> +
         ...
 |18> = ( 0.0142972,-0.7339755)|   4, 0, 1;0,  0;0,  0> +
        ( 0.6788512, 0.0132769)|   4, 1, 0;0,  0;0,  0> +
        (-0.0048336,-0.0002968)|   8, 0, 0;0,  0;0,  0> +
        (-0.0000096, 0.0030918)|   2, 1, 1;0,  0;0,  0> +
        ( 0.0029826,-0.0002112)|   1, 3, 0;0,  0;0,  0> +
        ( 0.0023805,-0.0003123)|   4, 0, 2;0,  0;0,  0> +
        (-0.0020706,-0.0000004)|   2, 2, 2;0,  0;0,  0> +
        ( 0.0000676, 0.0014814)|   1, 3, 1;0,  0;0,  0> +
        (-0.0012529,-0.0004199)|   1, 1, 2;0,  0;0,  0> +
        ( 0.0011148,-0.0000003)|   3, 2, 2;0,  0;0,  0> +
        (-0.0009856, 0.0003138)|   4, 2, 0;0,  0;0,  0> +
        ( 0.0009695, 0.0000705)|   7, 0, 0;0,  0;0,  0> +
        ( 0.0000512, 0.0009648)|   0, 2, 1;0,  0;0,  0> +
        (-0.0009380, 0.0000397)|   0, 1, 2;0,  0;0,  0> +
        (-0.0009020, 0.0000356)|   0, 3, 0;0,  0;0,  0> +
        ( 0.0000289, 0.0008865)|   0, 0, 3;0,  0;0,  0> +
        (-0.0000004, 0.0008215)|   0, 3, 1;0,  0;0,  0> +
        (-0.0004425, 0.0004551)|   1, 2, 1;0,  0;0,  0> +
        ( 0.0000001,-0.0005344)|   0, 3, 3;0,  0;0,  0> +
        (-0.0000026, 0.0004914)|   1, 1, 1;0,  0;0,  0> +
        ( 0.0004757,-0.0000008)|   0, 3, 2;0,  0;0,  0> +
        (-0.0000010, 0.0004610)|   0, 2, 3;0,  0;0,  0> +
        (-0.0002005, 0.0003578)|   1, 0, 3;0,  0;0,  0> +
        (-0.0000175, 0.0003227)|   4, 3, 3;0,  0;0,  0> +
        (-0.0000032,-0.0003083)|   1, 2, 3;0,  0;0,  0> +
        ( 0.0001992,-0.0002117)|   1, 1, 3;0,  0;0,  0> +
        (-0.0000043, 0.0002596)|   3, 3, 3;0,  0;0,  0> +
        ( 0.0000080, 0.0002278)|   2, 1, 3;0,  0;0,  0> +
        (-0.0000147, 0.0002156)|   2, 2, 3;0,  0;0,  0> +
        (-0.0001968,-0.0000332)|   2, 3, 0;0,  0;0,  0> +
        ( 0.0001983, 0.0000007)|   6, 0, 0;0,  0;0,  0> +
        (-0.0000270,-0.0001836)|   2, 0, 3;0,  0;0,  0> +
        (-0.0000493,-0.0001665)|   2, 2, 1;0,  0;0,  0> +
        ( 0.0000011,-0.0001726)|   2, 3, 3;0,  0;0,  0> +
        ( 0.0001679,-0.0000031)|   1, 3, 2;0,  0;0,  0> +
        (-0.0001457,-0.0000162)|   2, 3, 2;0,  0;0,  0> +
        ( 0.0000001, 0.0001296)|   1, 3, 3;0,  0;0,  0> +
        (-0.0000039, 0.0001124)|   2, 3, 1;0,  0;0,  0> +
        ( 0.0000016, 0.0001105)|   0, 1, 3;0,  0;0,  0> +
        ( 0.0000988,-0.0000012)|   4, 2, 2;0,  0;0,  0> +
        ( 0.0000542,-0.0000392)|   2, 1, 2;0,  0;0,  0> +
        ( 0.0000016,-0.0000575)|   3, 0, 1;0,  0;0,  0> +
        ( 0.0000525, 0.0000013)|   3, 1, 0;0,  0;0,  0> +
        (-0.0000009, 0.0000475)|   4, 0, 1;1,  0;0,  0> +
        ( 0.0000009,-0.0000475)|   4, 0, 1;0,  0;1,  0> +
        ( 0.0000002,-0.0000439)|   3, 0, 3;0,  0;0,  0> +
        (-0.0000439,-0.0000009)|   4, 1, 0;1,  0;0,  0> +
        ( 0.0000439, 0.0000009)|   4, 1, 0;0,  0;1,  0> +
        (-0.0000304, 0.0000001)|   3, 3, 0;0,  0;0,  0> +
        (-0.0000000,-0.0000187)|   3, 2, 1;0,  0;0,  0> +
        (-0.0000175,-0.0000003)|   3, 1, 2;0,  0;0,  0> +
        ( 0.0000167,-0.0000019)|   5, 1, 0;0,  0;0,  0> +
        (-0.0000162,-0.0000001)|   3, 2, 0;0,  0;0,  0> +
        (-0.0000132,-0.0000000)|   1, 2, 2;0,  0;0,  0> +
        ( 0.0000129, 0.0000000)|   3, 0, 2;0,  0;0,  0> +
        (-0.0000039,-0.0000122)|   3, 1, 1;0,  0;0,  0> +
        (-0.0000019,-0.0000085)|   3, 2, 3;0,  0;0,  0> +
        ( 0.0000071, 0.0000016)|   3, 3, 2;0,  0;0,  0> +
        ( 0.0000059,-0.0000011)|   5, 2, 0;0,  0;0,  0> +
        (-0.0000001, 0.0000053)|   2, 0, 1;0,  0;0,  0> +
        (-0.0000039, 0.0000000)|   5, 2, 2;0,  0;0,  0> +
        ( 0.0000034, 0.0000004)|   5, 0, 2;0,  0;0,  0> +
        (-0.0000021,-0.0000002)|   2, 1, 0;0,  0;0,  0> +
        ( 0.0000018,-0.0000001)|  12, 0, 0;0,  0;0,  0> +
        (-0.0000001, 0.0000017)|   0, 1, 1;0,  0;0,  0> +
        (-0.0000008,-0.0000013)|   6, 1, 0;0,  0;0,  0> +
        (-0.0000004, 0.0000014)|   6, 0, 1;0,  0;0,  0> +
        ( 0.0000011, 0.0000008)|  11, 0, 0;0,  0;0,  0> +
        (-0.0000014, 0.0000001)|   9, 0, 0;0,  0;0,  0> +
        (-0.0000013, 0.0000002)|  13, 0, 0;0,  0;0,  0> +
        (-0.0000011, 0.0000002)|   5, 0, 1;0,  0;0,  0> +
        (-0.0000011, 0.0000000)|   5, 0, 0;0,  0;0,  0> +
        (-0.0000011,-0.0000000)|   4, 3, 2;0,  0;0,  0> +
         ...
 |19> = (-0.7340062, 0.0077838)|   4, 1, 0;0,  0;0,  0> +
        (-0.0072528,-0.6788904)|   4, 0, 1;0,  0;0,  0> +
        (-0.0000063,-0.0116719)|   1, 1, 1;0,  0;0,  0> +
        ( 0.0045625, 0.0000129)|   6, 0, 0;0,  0;0,  0> +
        ( 0.0030158, 0.0001395)|   0, 1, 2;0,  0;0,  0> +
        (-0.0029646,-0.0001616)|   0, 3, 0;0,  0;0,  0> +
        (-0.0029112, 0.0000205)|   3, 2, 0;0,  0;0,  0> +
        ( 0.0027857,-0.0001475)|   1, 3, 0;0,  0;0,  0> +
        ( 0.0027612,-0.0000209)|   3, 0, 2;0,  0;0,  0> +
        ( 0.0000390,-0.0025347)|   2, 1, 1;0,  0;0,  0> +
        (-0.0022656,-0.0000185)|   7, 0, 0;0,  0;0,  0> +
        (-0.0001166, 0.0017716)|   0, 0, 3;0,  0;0,  0> +
        ( 0.0016795,-0.0000815)|   1, 1, 2;0,  0;0,  0> +
        ( 0.0001910, 0.0014360)|   1, 2, 1;0,  0;0,  0> +
        (-0.0003065, 0.0011095)|   1, 0, 3;0,  0;0,  0> +
        ( 0.0000615,-0.0009484)|   0, 2, 1;0,  0;0,  0> +
        (-0.0008834,-0.0000096)|   4, 2, 0;0,  0;0,  0> +
        ( 0.0000343, 0.0008624)|   1, 3, 1;0,  0;0,  0> +
        ( 0.0008399, 0.0000030)|   2, 3, 2;0,  0;0,  0> +
        (-0.0000039, 0.0008235)|   2, 2, 3;0,  0;0,  0> +
        (-0.0007871, 0.0000083)|   4, 0, 2;0,  0;0,  0> +
        (-0.0007652,-0.0000887)|   3, 1, 0;0,  0;0,  0> +
        (-0.0007406, 0.0000002)|   1, 2, 2;0,  0;0,  0> +
        (-0.0000903, 0.0007257)|   3, 0, 1;0,  0;0,  0> +
        ( 0.0007286, 0.0000021)|   4, 2, 2;0,  0;0,  0> +
        (-0.0004868,-0.0000046)|   2, 3, 0;0,  0;0,  0> +
        (-0.0000052,-0.0004533)|   2, 0, 3;0,  0;0,  0> +
        ( 0.0000012,-0.0004047)|   0, 3, 1;0,  0;0,  0> +
        (-0.0003127,-0.0000038)|   2, 1, 2;0,  0;0,  0> +
        ( 0.0000093,-0.0003090)|   2, 2, 1;0,  0;0,  0> +
        ( 0.0000003,-0.0002210)|   0, 3, 3;0,  0;0,  0> +
        (-0.0000045, 0.0001789)|   0, 1, 3;0,  0;0,  0> +
        (-0.0000031, 0.0001572)|   1, 2, 3;0,  0;0,  0> +
        (-0.0001526, 0.0000001)|   3, 2, 2;0,  0;0,  0> +
        ( 0.0001474, 0.0000000)|   2, 2, 2;0,  0;0,  0> +
        ( 0.0000977, 0.0000060)|   8, 0, 0;0,  0;0,  0> +
        (-0.0000957,-0.0000031)|   1, 3, 2;0,  0;0,  0> +
        (-0.0000069,-0.0000900)|   0, 2, 3;0,  0;0,  0> +
        ( 0.0000585,-0.0000623)|   1, 1, 3;0,  0;0,  0> +
        (-0.0000076,-0.0000478)|   2, 3, 3;0,  0;0,  0> +
        ( 0.0000475,-0.0000005)|   4, 1, 0;1,  0;0,  0> +
        (-0.0000475, 0.0000005)|   4, 1, 0;0,  0;1,  0> +
        ( 0.0000456,-0.0000066)|   0, 3, 2;0,  0;0,  0> +
        (-0.0000005,-0.0000439)|   4, 0, 1;0,  0;1,  0> +
        ( 0.0000005, 0.0000439)|   4, 0, 1;1,  0;0,  0> +
        ( 0.0000000,-0.0000172)|   1, 3, 3;0,  0;0,  0> +
        (-0.0000074, 0.0000002)|   5, 0, 0;0,  0;0,  0> +
        ( 0.0000073,-0.0000009)|   5, 1, 0;0,  0;0,  0> +
        ( 0.0000003,-0.0000051)|   4, 3, 3;0,  0;0,  0> +
        (-0.0000002,-0.0000040)|   3, 3, 3;0,  0;0,  0> +
        ( 0.0000001,-0.0000026)|   2, 0, 1;0,  0;0,  0> +
        (-0.0000014,-0.0000021)|   5, 0, 1;0,  0;0,  0> +
        (-0.0000001, 0.0000019)|   0, 1, 1;0,  0;0,  0> +
        (-0.0000002, 0.0000014)|   2, 1, 3;0,  0;0,  0> +
        (-0.0000013, 0.0000000)|   2, 2, 0;0,  0;0,  0> +
        ( 0.0000013,-0.0000000)|   2, 0, 2;0,  0;0,  0> +
        ( 0.0000013,-0.0000001)|   9, 0, 0;0,  0;0,  0> +
        ( 0.0000013,-0.0000000)|  12, 0, 0;0,  0;0,  0> +
        (-0.0000000,-0.0000010)|   3, 0, 3;0,  0;0,  0> +
         ...
 |20> = (-0.0000857,-0.9998443)|   0, 1, 1;0,  0;0,  0> +
        ( 0.0109226,-0.0000285)|   3, 1, 0;0,  0;0,  0> +
        (-0.0000244, 0.0081383)|   3, 0, 1;0,  0;0,  0> +
        (-0.0072964,-0.0000028)|   3, 2, 0;0,  0;0,  0> +
        (-0.0068504,-0.0000255)|   3, 0, 2;0,  0;0,  0> +
        ( 0.0035655,-0.0000022)|   5, 0, 0;0,  0;0,  0> +
        ( 0.0019889, 0.0001312)|   2, 1, 0;0,  0;0,  0> +
        ( 0.0001333,-0.0018910)|   2, 0, 1;0,  0;0,  0> +
        ( 0.0000107, 0.0013959)|   0, 3, 1;0,  0;0,  0> +
        (-0.0008863, 0.0000006)|   0, 3, 2;0,  0;0,  0> +
        ( 0.0000020,-0.0008639)|   0, 2, 3;0,  0;0,  0> +
        (-0.0008091,-0.0000000)|   1, 2, 2;0,  0;0,  0> +
        ( 0.0007986, 0.0000122)|   2, 0, 2;0,  0;0,  0> +
        ( 0.0000087, 0.0007984)|   0, 2, 1;0,  0;0,  0> +
        (-0.0007821,-0.0000122)|   2, 2, 0;0,  0;0,  0> +
        ( 0.0000637,-0.0007357)|   0, 0, 3;0,  0;0,  0> +
        (-0.0005688, 0.0000004)|   2, 2, 2;0,  0;0,  0> +
        ( 0.0000015, 0.0004055)|   0, 1, 3;0,  0;0,  0> +
        ( 0.0003803,-0.0000000)|   0, 2, 2;0,  0;0,  0> +
        (-0.0003393, 0.0000478)|   0, 3, 0;0,  0;0,  0> +
        ( 0.0002493, 0.0000360)|   0, 1, 2;0,  0;0,  0> +
        (-0.0000005, 0.0001259)|   0, 3, 3;0,  0;0,  0> +
        ( 0.0000000, 0.0000647)|   0, 1, 1;1,  0;0,  0> +
        (-0.0000000,-0.0000647)|   0, 1, 1;0,  0;1,  0> +
        ( 0.0000597, 0.0000002)|   6, 0, 0;0,  0;0,  0> +
        (-0.0000000, 0.0000403)|   1, 0, 1;0,  0;0,  0> +
        (-0.0000397,-0.0000000)|   1, 1, 0;0,  0;0,  0> +
        (-0.0000003, 0.0000175)|   1, 0, 3;0,  0;0,  0> +
        ( 0.0000171, 0.0000000)|   1, 0, 2;0,  0;0,  0> +
        (-0.0000171,-0.0000000)|   1, 2, 0;0,  0;0,  0> +
        ( 0.0000142,-0.0000000)|   1, 3, 0;0,  0;0,  0> +
        ( 0.0000000, 0.0000078)|   1, 2, 1;0,  0;0,  0> +
        ( 0.0000075,-0.0000000)|   1, 1, 2;0,  0;0,  0> +
        ( 0.0000059,-0.0000003)|   4, 2, 0;0,  0;0,  0> +
        (-0.0000002,-0.0000035)|   2, 0, 3;0,  0;0,  0> +
        ( 0.0000000,-0.0000032)|   1, 1, 1;0,  0;0,  0> +
        (-0.0000029, 0.0000009)|   2, 3, 0;0,  0;0,  0> +
        ( 0.0000030, 0.0000002)|   4, 0, 2;0,  0;0,  0> +
        ( 0.0000026,-0.0000002)|   3, 2, 2;0,  0;0,  0> +
        ( 0.0000008,-0.0000020)|   2, 2, 1;0,  0;0,  0> +
        (-0.0000021,-0.0000007)|   2, 1, 2;0,  0;0,  0> +
        ( 0.0000020,-0.0000001)|  12, 0, 0;0,  0;0,  0> +
        (-0.0000017,-0.0000000)|   7, 0, 1;0,  0;0,  0> +
        (-0.0000015, 0.0000002)|   4, 1, 0;0,  0;0,  0> +
        (-0.0000002,-0.0000012)|   4, 0, 1;0,  0;0,  0> +
        ( 0.0000006,-0.0000010)|   7, 1, 0;0,  0;0,  0> +
         ...
 |21> = ( 0.8535347,-0.1219718)|   5, 1, 0;0,  0;0,  0> +
        (-0.2265029,-0.4529182)|   5, 0, 1;0,  0;0,  0> +
        ( 0.0029724,-0.0058609)|   1, 2, 1;0,  0;0,  0> +
        (-0.0052302, 0.0012352)|   5, 2, 0;0,  0;0,  0> +
        ( 0.0035553, 0.0028280)|   1, 1, 2;0,  0;0,  0> +
        (-0.0040897, 0.0002197)|   9, 0, 0;0,  0;0,  0> +
        ( 0.0040557,-0.0000337)|   5, 0, 2;0,  0;0,  0> +
        (-0.0009029,-0.0030409)|   3, 1, 1;0,  0;0,  0> +
        (-0.0015561,-0.0014033)|   2, 0, 3;0,  0;0,  0> +
        ( 0.0005363,-0.0017859)|   2, 3, 0;0,  0;0,  0> +
        ( 0.0006445, 0.0017116)|   1, 0, 3;0,  0;0,  0> +
        ( 0.0016671,-0.0000416)|   5, 2, 2;0,  0;0,  0> +
        (-0.0001220, 0.0014682)|   2, 3, 1;0,  0;0,  0> +
        ( 0.0006981,-0.0010407)|   1, 1, 3;0,  0;0,  0> +
        (-0.0000044, 0.0010072)|   2, 2, 1;0,  0;0,  0> +
        (-0.0009749, 0.0000775)|   6, 0, 2;0,  0;0,  0> +
        (-0.0008897, 0.0000136)|   6, 2, 0;0,  0;0,  0> +
        (-0.0008275, 0.0000010)|   4, 2, 2;0,  0;0,  0> +
        (-0.0003812, 0.0007212)|   1, 3, 0;0,  0;0,  0> +
        ( 0.0002236, 0.0007788)|   4, 1, 1;0,  0;0,  0> +
        (-0.0000247,-0.0007204)|   2, 2, 3;0,  0;0,  0> +
        ( 0.0005326, 0.0004230)|   2, 1, 2;0,  0;0,  0> +
        ( 0.0000000, 0.0006426)|   1, 3, 3;0,  0;0,  0> +
        (-0.0000106, 0.0006150)|   2, 1, 3;0,  0;0,  0> +
        ( 0.0005951,-0.0000019)|   1, 3, 2;0,  0;0,  0> +
        ( 0.0005277, 0.0000338)|   8, 0, 0;0,  0;0,  0> +
        ( 0.0004006, 0.0002445)|   6, 1, 0;0,  0;0,  0> +
        (-0.0000066, 0.0004017)|   0, 1, 3;0,  0;0,  0> +
        ( 0.0002814,-0.0002013)|   6, 0, 1;0,  0;0,  0> +
        ( 0.0000001, 0.0003147)|   4, 3, 3;0,  0;0,  0> +
        ( 0.0002986,-0.0000040)|   3, 3, 2;0,  0;0,  0> +
        (-0.0000265,-0.0002836)|   0, 2, 3;0,  0;0,  0> +
        ( 0.0002619,-0.0000251)|   2, 3, 2;0,  0;0,  0> +
        (-0.0000537,-0.0002366)|   1, 3, 1;0,  0;0,  0> +
        (-0.0000048, 0.0002411)|   3, 2, 3;0,  0;0,  0> +
        ( 0.0000002, 0.0002374)|   3, 3, 3;0,  0;0,  0> +
        ( 0.0002281,-0.0000266)|   0, 3, 2;0,  0;0,  0> +
        (-0.0000018,-0.0002236)|   6, 3, 3;0,  0;0,  0> +
        (-0.0002002,-0.0000001)|   3, 2, 2;0,  0;0,  0> +
        (-0.0000016,-0.0001866)|   1, 2, 3;0,  0;0,  0> +
        (-0.0001729, 0.0000425)|   3, 3, 0;0,  0;0,  0> +
        (-0.0001180,-0.0000133)|   4, 3, 2;0,  0;0,  0> +
        ( 0.0000019,-0.0001161)|   0, 3, 1;0,  0;0,  0> +
        (-0.0000013, 0.0001146)|   5, 3, 3;0,  0;0,  0> +
        ( 0.0000245,-0.0001071)|   3, 2, 1;0,  0;0,  0> +
        (-0.0000000,-0.0000670)|   0, 3, 3;0,  0;0,  0> +
        (-0.0000609,-0.0000019)|   3, 1, 2;0,  0;0,  0> +
        ( 0.0000552,-0.0000079)|   5, 1, 0;0,  0;1,  0> +
        (-0.0000552, 0.0000079)|   5, 1, 0;1,  0;0,  0> +
        ( 0.0000287,-0.0000349)|   3, 0, 3;0,  0;0,  0> +
        ( 0.0000008,-0.0000408)|   4, 2, 3;0,  0;0,  0> +
        (-0.0000147,-0.0000293)|   5, 0, 1;0,  0;1,  0> +
        ( 0.0000147, 0.0000293)|   5, 0, 1;1,  0;0,  0> +
        (-0.0000274, 0.0000000)|   4, 3, 0;0,  0;0,  0> +
        ( 0.0000004,-0.0000251)|   4, 2, 1;0,  0;0,  0> +
        ( 0.0000003,-0.0000238)|   4, 0, 3;0,  0;0,  0> +
        ( 0.0000031, 0.0000209)|   3, 3, 1;0,  0;0,  0> +
        (-0.0000202, 0.0000001)|   4, 1, 2;0,  0;0,  0> +
        ( 0.0000189,-0.0000043)|   4, 2, 0;0,  0;0,  0> +
        (-0.0000161, 0.0000040)|   4, 0, 2;0,  0;0,  0> +
        (-0.0000113,-0.0000001)|   6, 2, 2;0,  0;0,  0> +
        (-0.0000099, 0.0000003)|  10, 0, 0;0,  0;0,  0> +
        (-0.0000094,-0.0000008)|   0, 3, 0;0,  0;0,  0> +
        (-0.0000002, 0.0000083)|   0, 0, 3;0,  0;0,  0> +
        ( 0.0000013, 0.0000072)|   0, 2, 1;0,  0;0,  0> +
        ( 0.0000006, 0.0000071)|   3, 1, 3;0,  0;0,  0> +
        (-0.0000053, 0.0000023)|   0, 1, 2;0,  0;0,  0> +
        (-0.0000031, 0.0000043)|   5, 1, 1;0,  0;0,  0> +
        (-0.0000010, 0.0000046)|   4, 0, 1;0,  0;0,  0> +
        ( 0.0000013,-0.0000040)|   2, 1, 1;0,  0;0,  0> +
        (-0.0000035,-0.0000003)|   7, 1, 0;0,  0;0,  0> +
        (-0.0000035, 0.0000001)|  12, 0, 0;0,  0;0,  0> +
        ( 0.0000016, 0.0000030)|   1, 1, 1;0,  0;0,  0> +
        (-0.0000002,-0.0000029)|   3, 0, 1;0,  0;0,  0> +
        (-0.0000027, 0.0000001)|   7, 0, 0;0,  0;0,  0> +
        (-0.0000025, 0.0000003)|   3, 1, 0;0,  0;0,  0> +
        (-0.0000024,-0.0000000)|   2, 2, 2;0,  0;0,  0> +
        ( 0.0000000,-0.0000024)|   4, 3, 1;0,  0;0,  0> +
        (-0.0000006,-0.0000022)|   7, 0, 1;0,  0;0,  0> +
        ( 0.0000003, 0.0000023)|   2, 3, 3;0,  0;0,  0> +
        ( 0.0000021,-0.0000003)|   4, 1, 0;0,  0;0,  0> +
        (-0.0000005,-0.0000015)|   4, 1, 3;0,  0;0,  0> +
        (-0.0000001,-0.0000014)|  10, 3, 3;0,  0;0,  0> +
        ( 0.0000012, 0.0000000)|   6, 3, 2;0,  0;0,  0> +
        ( 0.0000000, 0.0000012)|   6, 2, 3;0,  0;0,  0> +
        (-0.0000011,-0.0000001)|   5, 3, 2;0,  0;0,  0> +
         ...
 |22> = ( 0.9996353,-0.0229314)|  10, 0, 0;0,  0;0,  0> +
        (-0.0082251,-0.0015007)|   7, 0, 1;0,  0;0,  0> +
        ( 0.0007635,-0.0051170)|   7, 1, 0;0,  0;0,  0> +
        ( 0.0001880,-0.0043349)|   4, 0, 3;0,  0;0,  0> +
        (-0.0011494,-0.0040055)|   4, 1, 1;0,  0;0,  0> +
        (-0.0028239,-0.0005158)|   8, 0, 1;0,  0;0,  0> +
        (-0.0003607, 0.0025955)|   6, 1, 1;0,  0;0,  0> +
        (-0.0025719, 0.0003609)|   4, 3, 0;0,  0;0,  0> +
        ( 0.0024976,-0.0000979)|   6, 0, 2;0,  0;0,  0> +
        ( 0.0024981, 0.0000802)|   5, 0, 2;0,  0;0,  0> +
        (-0.0002135, 0.0023413)|   8, 1, 0;0,  0;0,  0> +
        (-0.0023345,-0.0002190)|   4, 1, 2;0,  0;0,  0> +
        ( 0.0022306, 0.0000160)|   3, 3, 0;0,  0;0,  0> +
        (-0.0017132, 0.0000017)|   7, 2, 2;0,  0;0,  0> +
        (-0.0008709,-0.0013969)|   6, 0, 1;0,  0;0,  0> +
        (-0.0002695,-0.0015040)|   3, 1, 3;0,  0;0,  0> +
        (-0.0002150,-0.0013046)|   3, 2, 1;0,  0;0,  0> +
        (-0.0006330, 0.0010264)|   6, 1, 0;0,  0;0,  0> +
        ( 0.0002124,-0.0010999)|   3, 0, 3;0,  0;0,  0> +
        (-0.0009228, 0.0002984)|   5, 2, 0;0,  0;0,  0> +
        ( 0.0000430, 0.0008933)|   4, 2, 1;0,  0;0,  0> +
        (-0.0008533, 0.0000207)|   2, 3, 2;0,  0;0,  0> +
        ( 0.0002593, 0.0007667)|   4, 1, 3;0,  0;0,  0> +
        ( 0.0007406, 0.0000002)|   6, 2, 2;0,  0;0,  0> +
        (-0.0000516, 0.0007346)|   3, 2, 3;0,  0;0,  0> +
        ( 0.0000428,-0.0006874)|   5, 2, 3;0,  0;0,  0> +
        (-0.0006873, 0.0000441)|   7, 0, 2;0,  0;0,  0> +
        (-0.0006664, 0.0000023)|   1, 3, 2;0,  0;0,  0> +
        ( 0.0006359,-0.0001760)|   6, 2, 0;0,  0;0,  0> +
        (-0.0000130,-0.0006533)|   2, 1, 3;0,  0;0,  0> +
        (-0.0000443,-0.0006227)|  10, 3, 3;0,  0;0,  0> +
        ( 0.0006128,-0.0000095)|   5, 2, 2;0,  0;0,  0> +
        (-0.0005660, 0.0001272)|   3, 1, 2;0,  0;0,  0> +
        ( 0.0000016,-0.0005625)|   6, 3, 3;0,  0;0,  0> +
        ( 0.0005024,-0.0000726)|   7, 2, 0;0,  0;0,  0> +
        (-0.0001472, 0.0004759)|   3, 3, 1;0,  0;0,  0> +
        (-0.0002523, 0.0003740)|   1, 1, 3;0,  0;0,  0> +
        ( 0.0000024, 0.0004134)|   1, 2, 3;0,  0;0,  0> +
        (-0.0000006,-0.0003882)|   3, 3, 3;0,  0;0,  0> +
        (-0.0000005,-0.0003683)|   5, 3, 3;0,  0;0,  0> +
        (-0.0003671,-0.0000008)|   4, 3, 2;0,  0;0,  0> +
        (-0.0003388, 0.0000007)|   4, 2, 2;0,  0;0,  0> +
        (-0.0002050,-0.0001912)|   2, 0, 3;0,  0;0,  0> +
        ( 0.0001968, 0.0001463)|  11, 0, 0;0,  0;0,  0> +
        ( 0.0000007,-0.0002439)|   4, 2, 3;0,  0;0,  0> +
        (-0.0002326,-0.0000520)|   3, 3, 2;0,  0;0,  0> +
        ( 0.0001442,-0.0001767)|   2, 3, 0;0,  0;0,  0> +
        ( 0.0001242,-0.0001750)|   5, 1, 1;0,  0;0,  0> +
        (-0.0002103, 0.0000219)|   0, 3, 2;0,  0;0,  0> +
        ( 0.0000218, 0.0002081)|   0, 2, 3;0,  0;0,  0> +
        ( 0.0002060, 0.0000218)|   2, 1, 2;0,  0;0,  0> +
        (-0.0000032, 0.0001833)|   7, 3, 3;0,  0;0,  0> +
        (-0.0000002,-0.0001791)|   9, 3, 3;0,  0;0,  0> +
        (-0.0000090, 0.0001613)|   6, 2, 3;0,  0;0,  0> +
        (-0.0000000, 0.0001541)|   0, 3, 3;0,  0;0,  0> +
        ( 0.0000681,-0.0001285)|   2, 2, 1;0,  0;0,  0> +
        (-0.0001421,-0.0000096)|   5, 3, 2;0,  0;0,  0> +
        ( 0.0000153,-0.0001319)|   4, 3, 1;0,  0;0,  0> +
        (-0.0000067,-0.0001262)|   8, 3, 3;0,  0;0,  0> +
        ( 0.0000191,-0.0001132)|   2, 3, 1;0,  0;0,  0> +
        (-0.0000000,-0.0001115)|   1, 3, 3;0,  0;0,  0> +
        ( 0.0000001,-0.0000848)|   2, 3, 3;0,  0;0,  0> +
        ( 0.0000001, 0.0000804)|   4, 3, 3;0,  0;0,  0> +
        ( 0.0000706,-0.0000091)|   6, 3, 2;0,  0;0,  0> +
        ( 0.0000199,-0.0000646)|   2, 2, 3;0,  0;0,  0> +
        (-0.0000647, 0.0000015)|  10, 0, 0;1,  0;0,  0> +
        ( 0.0000647,-0.0000015)|  10, 0, 0;0,  0;1,  0> +
        ( 0.0000260,-0.0000502)|   9, 0, 1;0,  0;0,  0> +
        ( 0.0000546, 0.0000002)|   8, 0, 2;0,  0;0,  0> +
        (-0.0000249, 0.0000399)|   9, 1, 0;0,  0;0,  0> +
        ( 0.0000468, 0.0000011)|   8, 2, 0;0,  0;0,  0> +
        ( 0.0000163, 0.0000403)|   1, 3, 1;0,  0;0,  0> +
        ( 0.0000313,-0.0000002)|   8, 2, 2;0,  0;0,  0> +
        (-0.0000181, 0.0000009)|   7, 3, 2;0,  0;0,  0> +
        (-0.0000013,-0.0000159)|   7, 2, 3;0,  0;0,  0> +
        (-0.0000127, 0.0000001)|   9, 0, 0;0,  0;0,  0> +
        (-0.0000122, 0.0000025)|  13, 0, 0;0,  0;0,  0> +
        ( 0.0000098,-0.0000002)|  12, 0, 0;0,  0;0,  0> +
        (-0.0000029,-0.0000093)|   5, 2, 1;0,  0;0,  0> +
        ( 0.0000001, 0.0000081)|  11, 3, 3;0,  0;0,  0> +
        ( 0.0000067, 0.0000034)|   5, 1, 2;0,  0;0,  0> +
        ( 0.0000069, 0.0000028)|   5, 3, 0;0,  0;0,  0> +
        ( 0.0000029,-0.0000049)|   1, 2, 1;0,  0;0,  0> +
        (-0.0000053, 0.0000022)|  11, 2, 2;0,  0;0,  0> +
        ( 0.0000047, 0.0000020)|   1, 1, 2;0,  0;0,  0> +
        (-0.0000032, 0.0000030)|   5, 0, 3;0,  0;0,  0> +
        (-0.0000041,-0.0000001)|   6, 3, 0;0,  0;0,  0> +
        (-0.0000017,-0.0000032)|  11, 2, 3;0,  0;0,  0> +
        (-0.0000036, 0.0000000)|   3, 2, 2;0,  0;0,  0> +
        ( 0.0000027,-0.0000021)|  11, 3, 2;0,  0;0,  0> +
        ( 0.0000008, 0.0000031)|   6, 3, 1;0,  0;0,  0> +
        (-0.0000005, 0.0000032)|   6, 0, 3;0,  0;0,  0> +
        ( 0.0000032, 0.0000001)|   7, 3, 1;0,  0;0,  0> +
        ( 0.0000025, 0.0000019)|  12, 3, 3;0,  0;0,  0> +
        (-0.0000001, 0.0000031)|   8, 2, 3;0,  0;0,  0> +
        (-0.0000026,-0.0000014)|  14, 3, 3;0,  0;0,  0> +
        (-0.0000011,-0.0000026)|   3, 1, 1;0,  0;0,  0> +
        (-0.0000027, 0.0000004)|   4, 2, 0;0,  0;0,  0> +
        ( 0.0000024,-0.0000000)|   9, 3, 2;0,  0;0,  0> +
        ( 0.0000003,-0.0000024)|   6, 1, 3;0,  0;0,  0> +
        (-0.0000018,-0.0000014)|  18, 3, 3;0,  0;0,  0> +
        (-0.0000009,-0.0000022)|   5, 0, 1;0,  0;0,  0> +
        ( 0.0000004, 0.0000022)|   5, 3, 1;0,  0;0,  0> +
        (-0.0000022,-0.0000002)|  10, 2, 3;0,  0;0,  0> +
        ( 0.0000021,-0.0000004)|   4, 0, 2;0,  0;0,  0> +
        ( 0.0000021, 0.0000000)|   7, 2, 1;0,  0;0,  0> +
        ( 0.0000002,-0.0000020)|   2, 1, 1;0,  0;0,  0> +
        ( 0.0000018,-0.0000005)|  12, 2, 3;0,  0;0,  0> +
        (-0.0000000, 0.0000018)|  13, 3, 3;0,  0;0,  0> +
        (-0.0000000,-0.0000016)|   7, 1, 2;0,  0;0,  0> +
        (-0.0000013, 0.0000008)|  10, 1, 0;0,  0;0,  0> +
        ( 0.0000003, 0.0000015)|   1, 3, 0;0,  0;0,  0> +
        ( 0.0000006,-0.0000013)|   6, 1, 2;0,  0;0,  0> +
        (-0.0000013, 0.0000003)|   0, 3, 0;0,  0;0,  0> +
        ( 0.0000004, 0.0000011)|  12, 3, 2;0,  0;0,  0> +
        ( 0.0000012,-0.0000000)|   7, 0, 0;0,  0;0,  0> +
        ( 0.0000012, 0.0000001)|  12, 2, 2;0,  0;0,  0> +
        ( 0.0000003, 0.0000011)|   0, 0, 3;0,  0;0,  0> +
        ( 0.0000003, 0.0000010)|   0, 2, 1;0,  0;0,  0> +
        (-0.0000010, 0.0000000)|   1, 1, 0;0,  0;0,  0> +
         ...
 |23> = (-0.9981811, 0.0000000)|   0, 2, 0;0,  0;0,  0> +
        ( 0.0602503,-0.0000000)|   0, 0, 2;0,  0;0,  0> +
        ( 0.0011320, 0.0000000)|   0, 1, 0;0,  0;0,  0> +
        ( 0.0000000, 0.0008490)|   0, 0, 1;0,  0;0,  0> +
        (-0.0005511,-0.0000000)|   2, 0, 0;0,  0;0,  0> +
        (-0.0000980,-0.0000000)|   3, 0, 0;0,  0;0,  0> +
        (-0.0000646,-0.0000000)|   0, 2, 0;0,  0;1,  0> +
        ( 0.0000646,-0.0000000)|   0, 2, 0;1,  0;0,  0> +
        (-0.0000076, 0.0000000)|   1, 2, 0;0,  0;0,  0> +
        (-0.0000039, 0.0000000)|   0, 0, 2;1,  0;0,  0> +
        ( 0.0000039, 0.0000000)|   0, 0, 2;0,  0;1,  0> +
        ( 0.0000021, 0.0000000)|   2, 2, 0;0,  0;0,  0> +
        ( 0.0000000,-0.0000020)|   2, 1, 1;0,  0;0,  0> +
        ( 0.0000014,-0.0000000)|   1, 0, 2;0,  0;0,  0> +
        (-0.0000013, 0.0000004)|   7, 1, 0;0,  0;0,  0> +
        ( 0.0000012,-0.0000000)|   2, 0, 2;0,  0;0,  0> +
         ...
 |24> = ( 0.9981817, 0.0000000)|   0, 0, 2;0,  0;0,  0> +
        ( 0.0602465, 0.0000000)|   0, 2, 0;0,  0;0,  0> +
        ( 0.0004860,-0.0000000)|   2, 0, 0;0,  0;0,  0> +
        ( 0.0004417, 0.0000000)|   0, 1, 0;0,  0;0,  0> +
        ( 0.0000000, 0.0001933)|   0, 0, 1;0,  0;0,  0> +
        (-0.0000870, 0.0000000)|   3, 0, 0;0,  0;0,  0> +
        ( 0.0000646,-0.0000000)|   0, 0, 2;0,  0;1,  0> +
        (-0.0000646,-0.0000000)|   0, 0, 2;1,  0;0,  0> +
        (-0.0000039, 0.0000000)|   0, 2, 0;1,  0;0,  0> +
        ( 0.0000039,-0.0000000)|   0, 2, 0;0,  0;1,  0> +
        (-0.0000032,-0.0000000)|   1, 0, 2;0,  0;0,  0> +
        ( 0.0000013, 0.0000000)|   2, 2, 0;0,  0;0,  0> +
        ( 0.0000004, 0.0000012)|   3, 1, 1;0,  0;0,  0> +
        ( 0.0000012,-0.0000000)|   2, 0, 2;0,  0;0,  0> +
         ...
