p1140
p1140
p1140
p1140
p1140
p1140
p1140
p1140
p1140
p1140
p1140
p1140
p1140
p1140
p1140
p1140
p1140
p1140
p1140
p1140
p1140
p1140
p1140
p1140
# Parameters of the model
#  mass:		  261.0000 u
#  charge:	    1.0000 e
#  dipole:	   4.74500 D
#  B:		    503.65 MHz
#  omega_rho:	    1.4000 MHz
#  omega_z:	  0.105000 MHz

# omega_1:	  0.181865 MHz
# omega_3/5:	   1.39606 MHz

# Basis truncation:	|32,4,4;2,2>
# Basis size:		41472

# Active terms of the Hamiltionian:
# 	Nomal modes:	1
# 	T_rot:      	1
# 	V_qd^{(0)}: 	1
# 	V_qd^{(1)}: 	1
# 	V_dd^{(0)}: 	1

# Results of the diagonalisation
# 100 smallest eigenvalues
 8.176316316 9.176316316 10.176316316 11.176316316 12.176316316 13.176316316 14.176316316 15.176316316 15.852638738 15.852638738 16.176316316 16.852638738 16.852638738 17.176316315 17.852638738 17.852638738 18.176316316 18.852638738 18.852638738 19.176316316 19.852638739 19.852638739 20.176316317 20.852638738 20.852638738 21.176316316 21.852638738 21.852638738 22.176316316 22.852638738 22.852638738 23.176316316 23.528961160 23.528961160 23.528961160 23.852638738 23.852638738 24.176316316 24.528961160 24.528961160 24.528961160 24.852638737 24.852638738 25.176316317 25.528961160 25.528961160 25.528961160 25.852638737 25.852638737 26.176316315 26.528961160 26.528961160 26.528961160 26.852638738 26.852638738 27.176316315 27.528961160 27.528961160 27.528961160 27.852638737 27.852638738 28.176316316 28.528961160 28.528961160 28.528961160 28.852638737 28.852638738 29.176316316 29.528961160 29.528961160 29.528961161 29.852638738 29.852638738 30.176316316 30.528961160 30.528961160 30.528961160 30.852638737 30.852638738 31.176316315 31.205283582 31.205283582 31.205283582 31.205283582 31.528961160 31.528961160 31.528961160 31.852638737 31.852638738 32.176316316 32.205283582 32.205283582 32.205283582 32.205283582 32.528961160 32.528961160 32.528961161 32.852638737 32.852638738 33.176316317

# Ground state and the lowest excitations:
 |    0> = ( 1.0000000, 0.0000000)|   0, 0, 0;0,  0;0,  0> +
            ...
 |    1> = (-1.0000000,-0.0000000)|   1, 0, 0;0,  0;0,  0> +
            ...
 |    2> = ( 1.0000000,-0.0000000)|   2, 0, 0;0,  0;0,  0> +
            ...
 |    3> = ( 1.0000000, 0.0000000)|   3, 0, 0;0,  0;0,  0> +
            ...
 |    4> = ( 1.0000000, 0.0000000)|   4, 0, 0;0,  0;0,  0> +
            ...
 |    5> = (-1.0000000, 0.0000000)|   5, 0, 0;0,  0;0,  0> +
            ...
 |    6> = ( 1.0000000, 0.0000000)|   6, 0, 0;0,  0;0,  0> +
            ...
 |    7> = (-1.0000000, 0.0000000)|   7, 0, 0;0,  0;0,  0> +
            ...
 |    8> = ( 0.0000000, 0.7522386)|   0, 0, 1;0,  0;0,  0> +
           (-0.6588909, 0.0000000)|   0, 1, 0;0,  0;0,  0> +
            ...
 |    9> = (-0.7522386, 0.0000000)|   0, 1, 0;0,  0;0,  0> +
           ( 0.0000000,-0.6588909)|   0, 0, 1;0,  0;0,  0> +
            ...
 |   10> = (-1.0000000,-0.0000000)|   8, 0, 0;0,  0;0,  0> +
            ...
 |   11> = (-0.7099325, 0.0000026)|   1, 1, 0;0,  0;0,  0> +
           ( 0.0000026,-0.7042698)|   1, 0, 1;0,  0;0,  0> +
            ...
 |   12> = (-0.0006560,-0.7099322)|   1, 0, 1;0,  0;0,  0> +
           ( 0.7042695,-0.0006560)|   1, 1, 0;0,  0;0,  0> +
            ...
 |   13> = (-1.0000000,-0.0000000)|   9, 0, 0;0,  0;0,  0> +
            ...
 |   14> = (-0.7235071,-0.0135094)|   2, 1, 0;0,  0;0,  0> +
           (-0.0135095, 0.6900525)|   2, 0, 1;0,  0;0,  0> +
            ...
 |   15> = (-0.0003197, 0.7236332)|   2, 0, 1;0,  0;0,  0> +
           ( 0.6901846,-0.0003197)|   2, 1, 0;0,  0;0,  0> +
            ...
 |   16> = (-1.0000000, 0.0000000)|  10, 0, 0;0,  0;0,  0> +
            ...
 |   17> = ( 0.9067258, 0.0000395)|   3, 1, 0;0,  0;0,  0> +
           ( 0.0000395, 0.4217208)|   3, 0, 1;0,  0;0,  0> +
            ...
 |   18> = (-0.0001082, 0.9067257)|   3, 0, 1;0,  0;0,  0> +
           (-0.4217208,-0.0001082)|   3, 1, 0;0,  0;0,  0> +
            ...
 |   19> = (-1.0000000,-0.0000000)|  11, 0, 0;0,  0;0,  0> +
            ...
 |   20> = ( 0.0000058, 0.7233780)|   4, 0, 1;0,  0;0,  0> +
           ( 0.6904523, 0.0000058)|   4, 1, 0;0,  0;0,  0> +
            ...
 |   21> = (-0.7233779, 0.0002503)|   4, 1, 0;0,  0;0,  0> +
           ( 0.0002503, 0.6904522)|   4, 0, 1;0,  0;0,  0> +
            ...
 |   22> = ( 1.0000000,-0.0000000)|  12, 0, 0;0,  0;0,  0> +
            ...
 |   23> = (-0.7104936, 0.0004870)|   5, 1, 0;0,  0;0,  0> +
           ( 0.0004870,-0.7037034)|   5, 0, 1;0,  0;0,  0> +
            ...
 |   24> = (-0.1004956,-0.7033505)|   5, 0, 1;0,  0;0,  0> +
           ( 0.6964909,-0.1004946)|   5, 1, 0;0,  0;0,  0> +
            ...
 # The upper part of the spectrum
 # Eigenvalues first: 512	 last: 562
 34809.029946076 34809.029946076 34809.029946886 34809.029946886 34809.029948418 34809.029950039 34810.029946076 34810.029946077 34810.029946886 34810.029946887 34810.029948418 34810.029950039 34811.029946076 34811.029946076 34811.029946886 34811.029946887 34811.029948418 34811.029950039 34812.029946076 34812.029946076 34812.029946886 34812.029946886 34812.029948418 34812.029950039 34813.029946076 34813.029946076 34813.029946886 34813.029946887 34813.029948418 34813.029950039 34814.029946076 34814.029946076 34814.029946886 34814.029946887 34814.029948418 34814.029950039 34815.029946076 34815.029946076 34815.029946886 34815.029946887 34815.029948418 34815.029950039 34816.029946076 34816.029946076 34816.029946887 34816.029946887 34816.029948418 34816.029950039 34816.706268498 34816.706268498

# Excited states :
 |  511> = ( 0.0001010, 1.0000000)|  31, 3, 3;0,  0;0,  0> +
            ...
 |  512> = ( 0.6209763,-0.3380430)|   0, 0, 0;0,  0;1,  1> +
           (-0.6205526, 0.3380770)|   0, 0, 0;1,  1;0,  0> +
           ( 0.0191559, 0.0000195)|   0, 0, 0;1, -1;0,  0> +
           (-0.0191523,-0.0000132)|   0, 0, 0;0,  0;1, -1> +
            ...
 |  513> = (-0.7069295,-0.0000009)|   0, 0, 0;1, -1;0,  0> +
           ( 0.7067651,-0.0000007)|   0, 0, 0;0,  0;1, -1> +
           ( 0.0168158,-0.0091738)|   0, 0, 0;0,  0;1,  1> +
           (-0.0168113, 0.0091764)|   0, 0, 0;1,  1;0,  0> +
           (-0.0000176, 0.0000007)|   0, 0, 0;0,  0;1,  0> +
           (-0.0000155, 0.0000007)|   0, 0, 0;1,  0;0,  0> +
            ...
 |  514> = (-0.7010120,-0.0900533)|   0, 0, 0;1,  1;0,  0> +
           (-0.7006297,-0.0902382)|   0, 0, 0;0,  0;1,  1> +
           ( 0.0269041,-0.0000012)|   0, 0, 0;1, -1;0,  0> +
           ( 0.0269036,-0.0000039)|   0, 0, 0;0,  0;1, -1> +
           ( 0.0000119, 0.0000015)|   0, 0, 0;1,  0;0,  0> +
           ( 0.0000118, 0.0000015)|   0, 0, 0;0,  0;1,  0> +
            ...
 |  515> = (-0.7066770,-0.0000006)|   0, 0, 0;0,  0;1, -1> +
           (-0.7065125,-0.0000022)|   0, 0, 0;1, -1;0,  0> +
           (-0.0266891,-0.0034288)|   0, 0, 0;1,  1;0,  0> +
           (-0.0266783,-0.0034410)|   0, 0, 0;0,  0;1,  1> +
           (-0.0000327, 0.0000011)|   0, 0, 0;1,  0;0,  0> +
           (-0.0000301, 0.0000011)|   0, 0, 0;0,  0;1,  0> +
            ...
 |  516> = ( 0.7071079, 0.0000008)|   0, 0, 0;1,  0;0,  0> +
           ( 0.7071057, 0.0000008)|   0, 0, 0;0,  0;1,  0> +
           (-0.0000482,-0.0000017)|   0, 0, 0;1, -1;0,  0> +
           ( 0.0000176,-0.0000008)|   0, 0, 0;0,  0;1,  1> +
           (-0.0000154,-0.0000003)|   0, 0, 0;0,  0;1, -1> +
            ...
 |  517> = ( 0.7071079, 0.0000000)|   0, 0, 0;0,  0;1,  0> +
           (-0.7071057, 0.0000000)|   0, 0, 0;1,  0;0,  0> +
           (-0.0000132,-0.0000000)|   0, 0, 0;1,  0;1,  0> +
           (-0.0000132, 0.0000000)|   0, 0, 0;0,  0;0,  0> +
            ...
 |  518> = (-0.6275434,-0.0000000)|   1, 0, 0;0,  0;1, -1> +
           ( 0.6273571,-0.0000001)|   1, 0, 0;1, -1;0,  0> +
           ( 0.3261203,-0.0000001)|   1, 0, 0;1,  1;0,  0> +
           (-0.3259723,-0.0000001)|   1, 0, 0;0,  0;1,  1> +
            ...
 |  519> = (-0.6276921, 0.0000233)|   1, 0, 0;0,  0;1,  1> +
           ( 0.6272082,-0.0000469)|   1, 0, 0;1,  1;0,  0> +
           (-0.3262436, 0.0000075)|   1, 0, 0;1, -1;0,  0> +
           ( 0.3258490,-0.0000290)|   1, 0, 0;0,  0;1, -1> +
            ...
 |  520> = ( 0.5269267, 0.0001661)|   1, 0, 0;1, -1;0,  0> +
           ( 0.5267026, 0.0001660)|   1, 0, 0;0,  0;1, -1> +
           (-0.4717053, 0.0001829)|   1, 0, 0;0,  0;1,  1> +
           (-0.4716213, 0.0001828)|   1, 0, 0;1,  1;0,  0> +
            ...
 |  521> = (-0.5264961,-0.0251109)|   1, 0, 0;1,  1;0,  0> +
           (-0.5259355,-0.0251124)|   1, 0, 0;0,  0;1,  1> +
           (-0.4712490,-0.0228131)|   1, 0, 0;0,  0;1, -1> +
           (-0.4709734,-0.0228146)|   1, 0, 0;1, -1;0,  0> +
            ...
 |  522> = ( 0.7071084, 0.0000000)|   1, 0, 0;0,  0;1,  0> +
           ( 0.7071052, 0.0000000)|   1, 0, 0;1,  0;0,  0> +
            ...
 |  523> = ( 0.7071084, 0.0000000)|   1, 0, 0;1,  0;0,  0> +
           (-0.7071052, 0.0000000)|   1, 0, 0;0,  0;1,  0> +
           ( 0.0000132, 0.0000000)|   1, 0, 0;1,  0;1,  0> +
           ( 0.0000132,-0.0000000)|   1, 0, 0;0,  0;0,  0> +
            ...
 |  524> = ( 0.7053924,-0.0509259)|   2, 0, 0;0,  0;1,  1> +
           (-0.7051497, 0.0509121)|   2, 0, 0;1,  1;0,  0> +
            ...
 |  525> = (-0.7072888, 0.0000001)|   2, 0, 0;0,  0;1, -1> +
           ( 0.7069247, 0.0000002)|   2, 0, 0;1, -1;0,  0> +
           (-0.0000104, 0.0000002)|   2, 0, 0;1,  1;0,  0> +
            ...
 |  526> = ( 0.7058096,-0.0447743)|   2, 0, 0;1,  1;0,  0> +
           ( 0.7055672,-0.0447552)|   2, 0, 0;0,  0;1,  1> +
            ...
 |  527> = ( 0.7072888, 0.0000004)|   2, 0, 0;1, -1;0,  0> +
           ( 0.7069247, 0.0000002)|   2, 0, 0;0,  0;1, -1> +
            ...
 |  528> = (-0.7071079, 0.0000000)|   2, 0, 0;1,  0;0,  0> +
           (-0.7071057, 0.0000000)|   2, 0, 0;0,  0;1,  0> +
            ...
 |  529> = (-0.7071079, 0.0000000)|   2, 0, 0;0,  0;1,  0> +
           ( 0.7071057, 0.0000000)|   2, 0, 0;1,  0;0,  0> +
           ( 0.0000132,-0.0000000)|   2, 0, 0;1,  0;1,  0> +
           ( 0.0000132, 0.0000000)|   2, 0, 0;0,  0;0,  0> +
            ...
 |  530> = (-0.7072339, 0.0000032)|   3, 0, 0;1, -1;0,  0> +
           ( 0.7069786,-0.0000031)|   3, 0, 0;0,  0;1, -1> +
           ( 0.0008514,-0.0000009)|   3, 0, 0;1,  1;0,  0> +
           (-0.0008495, 0.0000009)|   3, 0, 0;0,  0;1,  1> +
            ...
 |  531> = (-0.7012113,-0.0911551)|   3, 0, 0;1,  1;0,  0> +
           ( 0.7012006, 0.0911578)|   3, 0, 0;0,  0;1,  1> +
           (-0.0008432,-0.0001105)|   3, 0, 0;1, -1;0,  0> +
           ( 0.0008432, 0.0001105)|   3, 0, 0;0,  0;1, -1> +
            ...
 |  532> = (-0.7072339,-0.0000022)|   3, 0, 0;0,  0;1, -1> +
           (-0.7069785,-0.0000021)|   3, 0, 0;1, -1;0,  0> +
           ( 0.0008680,-0.0000001)|   3, 0, 0;0,  0;1,  1> +
           ( 0.0008677,-0.0000001)|   3, 0, 0;1,  1;0,  0> +
            ...
 |  533> = ( 0.7071112, 0.0005366)|   3, 0, 0;0,  0;1,  1> +
           ( 0.7071009, 0.0005325)|   3, 0, 0;1,  1;0,  0> +
           ( 0.0008686, 0.0000008)|   3, 0, 0;1, -1;0,  0> +
           ( 0.0008671, 0.0000008)|   3, 0, 0;0,  0;1, -1> +
            ...
 |  534> = ( 0.7071085,-0.0000809)|   3, 0, 0;1,  0;0,  0> +
           ( 0.7071050,-0.0000809)|   3, 0, 0;0,  0;1,  0> +
            ...
 |  535> = ( 0.7071085,-0.0000000)|   3, 0, 0;0,  0;1,  0> +
           (-0.7071050,-0.0000000)|   3, 0, 0;1,  0;0,  0> +
           (-0.0000132,-0.0000000)|   3, 0, 0;1,  0;1,  0> +
           (-0.0000132, 0.0000000)|   3, 0, 0;0,  0;0,  0> +
            ...
 |  536> = ( 0.7072235,-0.0000023)|   4, 0, 0;1, -1;0,  0> +
           (-0.7069900, 0.0000022)|   4, 0, 0;0,  0;1, -1> +
           (-0.0000203, 0.0000000)|   4, 0, 0;1,  1;0,  0> +
           ( 0.0000203,-0.0000000)|   4, 0, 0;0,  0;1,  1> +
            ...
 |  537> = ( 0.7067425,-0.0325781)|   4, 0, 0;1,  1;0,  0> +
           (-0.7059668, 0.0326263)|   4, 0, 0;0,  0;1,  1> +
           ( 0.0000205,-0.0000009)|   4, 0, 0;1, -1;0,  0> +
           (-0.0000201, 0.0000009)|   4, 0, 0;0,  0;1, -1> +
            ...
 |  538> = (-0.7072235, 0.0000035)|   4, 0, 0;0,  0;1, -1> +
           (-0.7069900, 0.0000037)|   4, 0, 0;1, -1;0,  0> +
           ( 0.0000205,-0.0000000)|   4, 0, 0;1,  1;0,  0> +
           ( 0.0000202, 0.0000000)|   4, 0, 0;0,  0;1,  1> +
            ...
 |  539> = ( 0.7058817, 0.0477218)|   4, 0, 0;0,  0;1,  1> +
           ( 0.7051051, 0.0477533)|   4, 0, 0;1,  1;0,  0> +
           ( 0.0000203, 0.0000014)|   4, 0, 0;0,  0;1, -1> +
           ( 0.0000203, 0.0000014)|   4, 0, 0;1, -1;0,  0> +
            ...
 |  540> = ( 0.6874264, 0.1656682)|   4, 0, 0;1,  0;0,  0> +
           ( 0.6874249, 0.1656682)|   4, 0, 0;0,  0;1,  0> +
            ...
 |  541> = (-0.7071075,-0.0000002)|   4, 0, 0;0,  0;1,  0> +
           ( 0.7071061,-0.0000002)|   4, 0, 0;1,  0;0,  0> +
           ( 0.0000132, 0.0000000)|   4, 0, 0;1,  0;1,  0> +
           ( 0.0000132, 0.0000000)|   4, 0, 0;0,  0;0,  0> +
            ...
 |  542> = (-0.7064952, 0.0357175)|   5, 0, 0;0,  0;1,  1> +
           ( 0.7059119,-0.0357207)|   5, 0, 0;1,  1;0,  0> +
           (-0.0007667, 0.0000407)|   5, 0, 0;0,  0;1, -1> +
           ( 0.0007662,-0.0000407)|   5, 0, 0;1, -1;0,  0> +
            ...
 |  543> = (-0.7072281, 0.0000029)|   5, 0, 0;0,  0;1, -1> +
           ( 0.7069846,-0.0000029)|   5, 0, 0;1, -1;0,  0> +
           ( 0.0007686, 0.0000019)|   5, 0, 0;0,  0;1,  1> +
           (-0.0007665,-0.0000019)|   5, 0, 0;1,  1;0,  0> +
            ...
 |  544> = (-0.7073559,-0.0076716)|   5, 0, 0;1,  1;0,  0> +
           (-0.7067732,-0.0076979)|   5, 0, 0;0,  0;1,  1> +
           (-0.0007607,-0.0000086)|   5, 0, 0;0,  0;1, -1> +
           (-0.0007594,-0.0000085)|   5, 0, 0;1, -1;0,  0> +
            ...
 |  545> = ( 0.7072281, 0.0000034)|   5, 0, 0;1, -1;0,  0> +
           ( 0.7069846, 0.0000033)|   5, 0, 0;0,  0;1, -1> +
           (-0.0007603, 0.0000003)|   5, 0, 0;1,  1;0,  0> +
           (-0.0007599, 0.0000003)|   5, 0, 0;0,  0;1,  1> +
            ...
 |  546> = (-0.7071148,-0.0000665)|   5, 0, 0;0,  0;1,  0> +
           (-0.7070987,-0.0000665)|   5, 0, 0;1,  0;0,  0> +
            ...
 |  547> = ( 0.7071148, 0.0000000)|   5, 0, 0;1,  0;0,  0> +
           (-0.7070988, 0.0000000)|   5, 0, 0;0,  0;1,  0> +
           ( 0.0000132,-0.0000000)|   5, 0, 0;1,  0;1,  0> +
           ( 0.0000132,-0.0000000)|   5, 0, 0;0,  0;0,  0> +
            ...
 |  548> = (-0.6147308, 0.3501575)|   6, 0, 0;0,  0;1,  1> +
           ( 0.6142331,-0.3495904)|   6, 0, 0;1,  1;0,  0> +
           ( 0.0000018, 0.0000472)|   6, 0, 0;1, -1;0,  0> +
           (-0.0000019,-0.0000472)|   6, 0, 0;0,  0;1, -1> +
            ...
 |  549> = ( 0.7071099,-0.0000164)|   6, 0, 0;1, -1;0,  0> +
           (-0.7071036, 0.0000162)|   6, 0, 0;0,  0;1, -1> +
           ( 0.0000217, 0.0000420)|   6, 0, 0;1,  1;0,  0> +
           (-0.0000218,-0.0000418)|   6, 0, 0;0,  0;1,  1> +
            ...
 |  550> = (-0.4796722, 0.5200181)|   6, 0, 0;1,  1;0,  0> +
           (-0.4790075, 0.5196610)|   6, 0, 0;0,  0;1,  1> +
           (-0.0000348, 0.0000326)|   6, 0, 0;1, -1;0,  0> +
           (-0.0000345, 0.0000327)|   6, 0, 0;0,  0;1, -1> +
            ...
 |  551> = (-0.7071099, 0.0000420)|   6, 0, 0;0,  0;1, -1> +
           (-0.7071036, 0.0000422)|   6, 0, 0;1, -1;0,  0> +
           ( 0.0000475,-0.0000033)|   6, 0, 0;0,  0;1,  1> +
           ( 0.0000475,-0.0000033)|   6, 0, 0;1,  1;0,  0> +
            ...
 |  552> = ( 0.0103103,-0.7070395)|   6, 0, 0;0,  0;1,  0> +
           ( 0.0103101,-0.7070237)|   6, 0, 0;1,  0;0,  0> +
            ...
 |  553> = ( 0.7071147, 0.0000960)|   6, 0, 0;1,  0;0,  0> +
           (-0.7070989,-0.0000961)|   6, 0, 0;0,  0;1,  0> +
           ( 0.0000132, 0.0000000)|   6, 0, 0;1,  0;1,  0> +
           ( 0.0000132, 0.0000000)|   6, 0, 0;0,  0;0,  0> +
            ...
 |  554> = (-0.5824500, 0.0977707)|   7, 0, 0;0,  0;1,  1> +
           ( 0.5823977,-0.0977614)|   7, 0, 0;1,  1;0,  0> +
           ( 0.3888941, 0.0064126)|   7, 0, 0;1, -1;0,  0> +
           (-0.3887508,-0.0064440)|   7, 0, 0;0,  0;1, -1> +
            ...
 |  555> = ( 0.5904749,-0.0111776)|   7, 0, 0;1, -1;0,  0> +
           (-0.5904587, 0.0111586)|   7, 0, 0;0,  0;1, -1> +
           ( 0.3809988,-0.0779415)|   7, 0, 0;0,  0;1,  1> +
           (-0.3809771, 0.0779098)|   7, 0, 0;1,  1;0,  0> +
            ...
 |  556> = ( 0.4535961,-0.4670073)|   7, 0, 0;1,  1;0,  0> +
           ( 0.4535648,-0.4670178)|   7, 0, 0;0,  0;1,  1> +
           ( 0.1127046,-0.2519274)|   7, 0, 0;0,  0;1, -1> +
           ( 0.1126706,-0.2519198)|   7, 0, 0;1, -1;0,  0> +
            ...
 |  557> = (-0.6213362, 0.1945169)|   7, 0, 0;0,  0;1, -1> +
           (-0.6212414, 0.1945138)|   7, 0, 0;1, -1;0,  0> +
           ( 0.2757365, 0.0128922)|   7, 0, 0;1,  1;0,  0> +
           ( 0.2756162, 0.0129181)|   7, 0, 0;0,  0;1,  1> +
            ...
 |  558> = ( 0.7071393,-0.0012915)|   7, 0, 0;0,  0;1,  0> +
           ( 0.7070719,-0.0012916)|   7, 0, 0;1,  0;0,  0> +
            ...
 |  559> = (-0.7071405,-0.0001812)|   7, 0, 0;1,  0;0,  0> +
           ( 0.7070730, 0.0001813)|   7, 0, 0;0,  0;1,  0> +
           (-0.0000132,-0.0000000)|   7, 0, 0;1,  0;1,  0> +
           (-0.0000132,-0.0000000)|   7, 0, 0;0,  0;0,  0> +
            ...
 |  560> = (-0.1460491, 0.5634860)|   0, 0, 1;0,  0;1,  1> +
           ( 0.1460462,-0.5634053)|   0, 0, 1;1,  1;0,  0> +
           (-0.2143495,-0.2058380)|   0, 1, 0;0,  0;1,  1> +
           ( 0.2142497, 0.2058132)|   0, 1, 0;1,  1;0,  0> +
           (-0.0459673,-0.2441103)|   0, 0, 1;0,  0;1, -1> +
           ( 0.0459584, 0.2439922)|   0, 0, 1;1, -1;0,  0> +
           (-0.1051073, 0.0138117)|   0, 1, 0;1, -1;0,  0> +
           ( 0.1050936,-0.0138184)|   0, 1, 0;0,  0;1, -1> +
           ( 0.0000018,-0.0000182)|   0, 0, 1;1,  0;0,  0> +
            ...
 |  561> = (-0.0000000, 0.3535931)|   0, 0, 1;0,  0;1, -1> +
           ( 0.0000000,-0.3535929)|   0, 0, 1;1, -1;0,  0> +
           (-0.3535675, 0.0000000)|   0, 1, 0;1,  1;0,  0> +
           ( 0.0000000,-0.3535671)|   0, 0, 1;1,  1;0,  0> +
           ( 0.3535670,-0.0000000)|   0, 1, 0;0,  0;1,  1> +
           (-0.0000000, 0.3535667)|   0, 0, 1;0,  0;1,  1> +
           ( 0.3534875, 0.0000000)|   0, 1, 0;1, -1;0,  0> +
           (-0.3534854,-0.0000000)|   0, 1, 0;0,  0;1, -1> +
            ...
