p1900
p1900
p1900
p1900
p1900
p1900
p1900
p1900
p1900
p1900
p1900
p1900
p1900
p1900
p1900
p1900
p1900
p1900
p1900
p1900
p1900
p1900
p1900
p1900
# Parameters of the model
#  mass:		  261.0000 u
#  charge:	    1.0000 e
#  dipole:	   4.74500 D
#  B:		    503.65 MHz
#  omega_rho:	    1.4000 MHz
#  omega_z:	  0.161500 MHz

# omega_1:	  0.279726 MHz
# omega_3/5:	   1.39065 MHz

# Basis truncation:	|32,4,4;2,2>
# Basis size:		41472

# Active terms of the Hamiltionian:
# 	Nomal modes:	1
# 	T_rot:      	1
# 	V_qd^{(0)}: 	1
# 	V_qd^{(1)}: 	1
# 	V_dd^{(0)}: 	1

# Results of the diagonalisation
# 100 smallest eigenvalues
 5.471469193 6.471469193 7.471469193 8.471469193 9.471469193 10.442950900 10.442950900 10.471469193 11.442950900 11.442950900 11.471469193 12.442950900 12.442950900 12.471469193 13.442950900 13.442950900 13.471469193 14.442950900 14.442950900 14.471469193 15.414432606 15.414432607 15.414432607 15.442950900 15.442950900 15.471469193 16.414432607 16.414432607 16.414432607 16.442950900 16.442950900 16.471469193 17.414432607 17.414432607 17.414432607 17.442950900 17.442950900 17.471469193 18.414432607 18.414432607 18.414432607 18.442950900 18.442950900 18.471469193 19.414432607 19.414432607 19.414432607 19.442950900 19.442950900 19.471469192 20.385914314 20.385914314 20.385914314 20.385914314 20.414432607 20.414432607 20.414432607 20.442950900 20.442950901 20.471469193 21.385914314 21.385914314 21.385914314 21.385914314 21.414432606 21.414432607 21.414432607 21.442950899 21.442950900 21.471469193 22.385914313 22.385914314 22.385914314 22.385914314 22.414432607 22.414432607 22.414432607 22.442950900 22.442950900 22.471469193 23.385914314 23.385914314 23.385914314 23.385914315 23.414432606 23.414432607 23.414432607 23.442950899 23.442950900 23.471469193 24.385914314 24.385914314 24.385914314 24.385914314 24.414432606 24.414432606 24.414432607 24.442950899 24.442950900 24.471469193

# Ground state and the lowest excitations:
 |    0> = ( 1.0000000, 0.0000000)|   0, 0, 0;0,  0;0,  0> +
           ( 0.0000166, 0.0000000)|   0, 0, 0;0,  0;1,  0> +
           (-0.0000166, 0.0000000)|   0, 0, 0;1,  0;0,  0> +
            ...
 |    1> = (-1.0000000, 0.0000000)|   1, 0, 0;0,  0;0,  0> +
           ( 0.0000166,-0.0000000)|   1, 0, 0;1,  0;0,  0> +
           (-0.0000166,-0.0000000)|   1, 0, 0;0,  0;1,  0> +
            ...
 |    2> = ( 1.0000000, 0.0000000)|   2, 0, 0;0,  0;0,  0> +
           (-0.0000166,-0.0000000)|   2, 0, 0;1,  0;0,  0> +
           ( 0.0000166,-0.0000000)|   2, 0, 0;0,  0;1,  0> +
            ...
 |    3> = (-1.0000000,-0.0000000)|   3, 0, 0;0,  0;0,  0> +
           (-0.0000166,-0.0000000)|   3, 0, 0;0,  0;1,  0> +
           ( 0.0000166,-0.0000000)|   3, 0, 0;1,  0;0,  0> +
            ...
 |    4> = (-1.0000000, 0.0000000)|   4, 0, 0;0,  0;0,  0> +
           ( 0.0000166, 0.0000000)|   4, 0, 0;1,  0;0,  0> +
           (-0.0000166, 0.0000000)|   4, 0, 0;0,  0;1,  0> +
            ...
 |    5> = ( 0.0000025, 0.7157253)|   0, 0, 1;0,  0;0,  0> +
           (-0.6983819, 0.0000025)|   0, 1, 0;0,  0;0,  0> +
           (-0.0000000,-0.0000119)|   0, 0, 1;1,  0;0,  0> +
           ( 0.0000000, 0.0000119)|   0, 0, 1;0,  0;1,  0> +
           (-0.0000116, 0.0000000)|   0, 1, 0;0,  0;1,  0> +
           ( 0.0000116,-0.0000000)|   0, 1, 0;1,  0;0,  0> +
            ...
 |    6> = ( 0.7157253,-0.0000000)|   0, 1, 0;0,  0;0,  0> +
           (-0.0000000, 0.6983819)|   0, 0, 1;0,  0;0,  0> +
           ( 0.0000119,-0.0000000)|   0, 1, 0;0,  0;1,  0> +
           (-0.0000119, 0.0000000)|   0, 1, 0;1,  0;0,  0> +
           (-0.0000000, 0.0000116)|   0, 0, 1;0,  0;1,  0> +
           ( 0.0000000,-0.0000116)|   0, 0, 1;1,  0;0,  0> +
            ...
 |    7> = (-1.0000000, 0.0000000)|   5, 0, 0;0,  0;0,  0> +
           (-0.0000166,-0.0000000)|   5, 0, 0;0,  0;1,  0> +
           ( 0.0000166,-0.0000000)|   5, 0, 0;1,  0;0,  0> +
            ...
 |    8> = ( 0.7163163, 0.0002759)|   1, 1, 0;0,  0;0,  0> +
           ( 0.0002759, 0.6977756)|   1, 0, 1;0,  0;0,  0> +
           ( 0.0000119, 0.0000000)|   1, 1, 0;0,  0;1,  0> +
           (-0.0000119,-0.0000000)|   1, 1, 0;1,  0;0,  0> +
           (-0.0000000,-0.0000116)|   1, 0, 1;1,  0;0,  0> +
           ( 0.0000000, 0.0000116)|   1, 0, 1;0,  0;1,  0> +
            ...
 |    9> = ( 0.0210148,-0.7160080)|   1, 0, 1;0,  0;0,  0> +
           ( 0.6974591, 0.0210153)|   1, 1, 0;0,  0;0,  0> +
           ( 0.0000003,-0.0000119)|   1, 0, 1;0,  0;1,  0> +
           (-0.0000003, 0.0000119)|   1, 0, 1;1,  0;0,  0> +
           ( 0.0000116, 0.0000003)|   1, 1, 0;0,  0;1,  0> +
           (-0.0000116,-0.0000003)|   1, 1, 0;1,  0;0,  0> +
            ...
 |   10> = ( 1.0000000, 0.0000000)|   6, 0, 0;0,  0;0,  0> +
           (-0.0000166,-0.0000000)|   6, 0, 0;1,  0;0,  0> +
           ( 0.0000166, 0.0000000)|   6, 0, 0;0,  0;1,  0> +
            ...
 |   11> = (-0.7215581,-0.0000452)|   2, 1, 0;0,  0;0,  0> +
           (-0.0000452,-0.6923539)|   2, 0, 1;0,  0;0,  0> +
           ( 0.0000120, 0.0000000)|   2, 1, 0;1,  0;0,  0> +
           (-0.0000120,-0.0000000)|   2, 1, 0;0,  0;1,  0> +
           ( 0.0000000, 0.0000115)|   2, 0, 1;1,  0;0,  0> +
           (-0.0000000,-0.0000115)|   2, 0, 1;0,  0;1,  0> +
            ...
 |   12> = (-0.0021883, 0.7215548)|   2, 0, 1;0,  0;0,  0> +
           (-0.6923504,-0.0021883)|   2, 1, 0;0,  0;0,  0> +
           ( 0.0000000,-0.0000120)|   2, 0, 1;1,  0;0,  0> +
           (-0.0000000, 0.0000120)|   2, 0, 1;0,  0;1,  0> +
           (-0.0000115,-0.0000000)|   2, 1, 0;0,  0;1,  0> +
           ( 0.0000115, 0.0000000)|   2, 1, 0;1,  0;0,  0> +
            ...
 |   13> = ( 1.0000000, 0.0000000)|   7, 0, 0;0,  0;0,  0> +
           (-0.0000166,-0.0000000)|   7, 0, 0;1,  0;0,  0> +
           ( 0.0000166, 0.0000000)|   7, 0, 0;0,  0;1,  0> +
            ...
 |   14> = ( 0.0000206, 0.7118502)|   3, 0, 1;0,  0;0,  0> +
           ( 0.7023313, 0.0000206)|   3, 1, 0;0,  0;0,  0> +
           (-0.0000000,-0.0000118)|   3, 0, 1;1,  0;0,  0> +
           ( 0.0000000, 0.0000118)|   3, 0, 1;0,  0;1,  0> +
           ( 0.0000117, 0.0000000)|   3, 1, 0;0,  0;1,  0> +
           (-0.0000117,-0.0000000)|   3, 1, 0;1,  0;0,  0> +
            ...
 |   15> = ( 0.7118437,-0.0030571)|   3, 1, 0;0,  0;0,  0> +
           (-0.0030570,-0.7023246)|   3, 0, 1;0,  0;0,  0> +
           (-0.0000118, 0.0000001)|   3, 1, 0;1,  0;0,  0> +
           ( 0.0000118,-0.0000001)|   3, 1, 0;0,  0;1,  0> +
           ( 0.0000001, 0.0000117)|   3, 0, 1;1,  0;0,  0> +
           (-0.0000001,-0.0000117)|   3, 0, 1;0,  0;1,  0> +
            ...
 |   16> = (-1.0000000,-0.0000000)|   8, 0, 0;0,  0;0,  0> +
           (-0.0000166,-0.0000000)|   8, 0, 0;0,  0;1,  0> +
           ( 0.0000166, 0.0000000)|   8, 0, 0;1,  0;0,  0> +
            ...
 |   17> = (-0.7139818, 0.0236532)|   4, 1, 0;0,  0;0,  0> +
           ( 0.0236529, 0.6993647)|   4, 0, 1;0,  0;0,  0> +
           ( 0.0000119,-0.0000004)|   4, 1, 0;1,  0;0,  0> +
           (-0.0000119, 0.0000004)|   4, 1, 0;0,  0;1,  0> +
           ( 0.0000004, 0.0000116)|   4, 0, 1;0,  0;1,  0> +
           (-0.0000004,-0.0000116)|   4, 0, 1;1,  0;0,  0> +
            ...
 |   18> = ( 0.0002443, 0.7143735)|   4, 0, 1;0,  0;0,  0> +
           ( 0.6997646, 0.0002443)|   4, 1, 0;0,  0;0,  0> +
           (-0.0000000,-0.0000119)|   4, 0, 1;1,  0;0,  0> +
           ( 0.0000000, 0.0000119)|   4, 0, 1;0,  0;1,  0> +
           (-0.0000116,-0.0000000)|   4, 1, 0;1,  0;0,  0> +
           ( 0.0000116, 0.0000000)|   4, 1, 0;0,  0;1,  0> +
            ...
 |   19> = ( 1.0000000,-0.0000000)|   9, 0, 0;0,  0;0,  0> +
           ( 0.0000166,-0.0000000)|   9, 0, 0;0,  0;1,  0> +
           (-0.0000166, 0.0000000)|   9, 0, 0;1,  0;0,  0> +
            ...
 |   20> = ( 0.7071070,-0.0000000)|   0, 2, 0;0,  0;0,  0> +
           (-0.7071066, 0.0000000)|   0, 0, 2;0,  0;0,  0> +
           (-0.0000118, 0.0000000)|   0, 2, 0;1,  0;0,  0> +
           ( 0.0000118, 0.0000000)|   0, 2, 0;0,  0;1,  0> +
           ( 0.0000118,-0.0000000)|   0, 0, 2;1,  0;0,  0> +
           (-0.0000118,-0.0000000)|   0, 0, 2;0,  0;1,  0> +
            ...
 |   21> = (-0.0000047, 1.0000000)|   0, 1, 1;0,  0;0,  0> +
           ( 0.0000000,-0.0000166)|   0, 1, 1;1,  0;0,  0> +
           (-0.0000000, 0.0000166)|   0, 1, 1;0,  0;1,  0> +
            ...
 |   22> = ( 0.7071070,-0.0000000)|   0, 0, 2;0,  0;0,  0> +
           ( 0.7071066, 0.0000000)|   0, 2, 0;0,  0;0,  0> +
           ( 0.0000118,-0.0000000)|   0, 0, 2;0,  0;1,  0> +
           (-0.0000118,-0.0000000)|   0, 0, 2;1,  0;0,  0> +
           (-0.0000118, 0.0000000)|   0, 2, 0;1,  0;0,  0> +
           ( 0.0000118, 0.0000000)|   0, 2, 0;0,  0;1,  0> +
            ...
 |   23> = (-0.0002647, 0.7138844)|   5, 0, 1;0,  0;0,  0> +
           ( 0.7002635,-0.0002647)|   5, 1, 0;0,  0;0,  0> +
           (-0.0000000, 0.0000119)|   5, 0, 1;0,  0;1,  0> +
           ( 0.0000000,-0.0000119)|   5, 0, 1;1,  0;0,  0> +
           ( 0.0000116,-0.0000000)|   5, 1, 0;0,  0;1,  0> +
           (-0.0000116, 0.0000000)|   5, 1, 0;1,  0;0,  0> +
            ...
 |   24> = (-0.7133553,-0.0274810)|   5, 1, 0;0,  0;0,  0> +
           (-0.0274806, 0.6997241)|   5, 0, 1;0,  0;0,  0> +
           (-0.0000119,-0.0000005)|   5, 1, 0;0,  0;1,  0> +
           ( 0.0000119, 0.0000005)|   5, 1, 0;1,  0;0,  0> +
           ( 0.0000005,-0.0000116)|   5, 0, 1;1,  0;0,  0> +
           (-0.0000005, 0.0000116)|   5, 0, 1;0,  0;1,  0> +
            ...
 # The upper part of the spectrum
 # Eigenvalues first: 512	 last: 562
 22631.413460213 22631.413460213 22631.413461459 22631.413461459 22631.413465220 22631.413467714 22632.413460213 22632.413460213 22632.413461459 22632.413461459 22632.413465220 22632.413467713 22633.413460212 22633.413460213 22633.413461459 22633.413461460 22633.413465221 22633.413467713 22634.413460213 22634.413460213 22634.413461459 22634.413461459 22634.413465220 22634.413467714 22635.413460212 22635.413460213 22635.413461459 22635.413461459 22635.413465221 22635.413467714 22636.384941919 22636.384941919 22636.384941920 22636.384941920 22636.384943166 22636.384943166 22636.384943166 22636.384943167 22636.384946927 22636.384946928 22636.384949420 22636.384949420 22636.413460213 22636.413460213 22636.413461459 22636.413461460 22636.413465221 22636.413467713 22637.384941919 22637.384941919

# Excited states :
 |  511> = (-0.0070193,-0.9999754)|  31, 3, 3;0,  0;0,  0> +
           ( 0.0000001, 0.0000166)|  31, 3, 3;1,  0;0,  0> +
           (-0.0000001,-0.0000166)|  31, 3, 3;0,  0;1,  0> +
            ...
 |  512> = (-0.6138946, 0.0000001)|   0, 0, 0;0,  0;1, -1> +
           ( 0.6138748, 0.0000000)|   0, 0, 0;1, -1;0,  0> +
           ( 0.3509090,-0.0038204)|   0, 0, 0;0,  0;1,  1> +
           (-0.3508915, 0.0038197)|   0, 0, 0;1,  1;0,  0> +
           ( 0.0000102,-0.0000000)|   0, 0, 0;1,  0;1, -1> +
           ( 0.0000102, 0.0000000)|   0, 0, 0;1, -1;1,  0> +
            ...
 |  513> = (-0.6138492, 0.0066829)|   0, 0, 0;0,  0;1,  1> +
           ( 0.6138474,-0.0066820)|   0, 0, 0;1,  1;0,  0> +
           ( 0.3509259,-0.0000001)|   0, 0, 0;1, -1;0,  0> +
           (-0.3509162,-0.0000002)|   0, 0, 0;0,  0;1, -1> +
           ( 0.0000102,-0.0000001)|   0, 0, 0;1,  0;1,  1> +
           ( 0.0000102,-0.0000001)|   0, 0, 0;1,  1;1,  0> +
            ...
 |  514> = ( 0.6563884, 0.0066747)|   0, 0, 0;1,  1;0,  0> +
           ( 0.6563721, 0.0066736)|   0, 0, 0;0,  0;1,  1> +
           (-0.2629165,-0.0000005)|   0, 0, 0;1, -1;0,  0> +
           (-0.2628986,-0.0000002)|   0, 0, 0;0,  0;1, -1> +
           ( 0.0000109, 0.0000001)|   0, 0, 0;1,  1;1,  0> +
           (-0.0000109,-0.0000001)|   0, 0, 0;1,  0;1,  1> +
            ...
 |  515> = ( 0.6564173,-0.0000002)|   0, 0, 0;1, -1;0,  0> +
           ( 0.6564111,-0.0000001)|   0, 0, 0;0,  0;1, -1> +
           ( 0.2629006, 0.0026726)|   0, 0, 0;0,  0;1,  1> +
           ( 0.2628874, 0.0026728)|   0, 0, 0;1,  1;0,  0> +
           ( 0.0000109,-0.0000000)|   0, 0, 0;1, -1;1,  0> +
           (-0.0000109, 0.0000000)|   0, 0, 0;1,  0;1, -1> +
            ...
 |  516> = ( 0.7071052, 0.0014988)|   0, 0, 0;1,  0;0,  0> +
           ( 0.7071052, 0.0014988)|   0, 0, 0;0,  0;1,  0> +
            ...
 |  517> = (-0.7071068, 0.0000000)|   0, 0, 0;1,  0;0,  0> +
           ( 0.7071068, 0.0000000)|   0, 0, 0;0,  0;1,  0> +
           (-0.0000235, 0.0000000)|   0, 0, 0;1,  0;1,  0> +
           (-0.0000235, 0.0000000)|   0, 0, 0;0,  0;0,  0> +
            ...
 |  518> = ( 0.6534883, 0.1152495)|   1, 0, 0;1,  1;0,  0> +
           (-0.6533504,-0.1152411)|   1, 0, 0;0,  0;1,  1> +
           (-0.2407659,-0.0424624)|   1, 0, 0;1, -1;0,  0> +
           ( 0.2407265, 0.0424601)|   1, 0, 0;0,  0;1, -1> +
           ( 0.0000109, 0.0000019)|   1, 0, 0;1,  1;1,  0> +
           ( 0.0000109, 0.0000019)|   1, 0, 0;1,  0;1,  1> +
            ...
 |  519> = (-0.6635572,-0.0000001)|   1, 0, 0;0,  0;1, -1> +
           ( 0.6634519, 0.0000001)|   1, 0, 0;1, -1;0,  0> +
           (-0.2444773, 0.0000002)|   1, 0, 0;0,  0;1,  1> +
           ( 0.2444468,-0.0000002)|   1, 0, 0;1,  1;0,  0> +
           ( 0.0000110, 0.0000000)|   1, 0, 0;1,  0;1, -1> +
           ( 0.0000110, 0.0000000)|   1, 0, 0;1, -1;1,  0> +
            ...
 |  520> = ( 0.6761474, 0.0400222)|   1, 0, 0;0,  0;1,  1> +
           ( 0.6760143, 0.0399989)|   1, 0, 0;1,  1;0,  0> +
           (-0.2029267,-0.0120174)|   1, 0, 0;0,  0;1, -1> +
           (-0.2028788,-0.0120089)|   1, 0, 0;1, -1;0,  0> +
           (-0.0000112,-0.0000007)|   1, 0, 0;1,  0;1,  1> +
           ( 0.0000112, 0.0000007)|   1, 0, 0;1,  1;1,  0> +
            ...
 |  521> = (-0.6773155,-0.0000015)|   1, 0, 0;1, -1;0,  0> +
           (-0.6772119,-0.0000015)|   1, 0, 0;0,  0;1, -1> +
           (-0.2032761, 0.0000050)|   1, 0, 0;1,  1;0,  0> +
           (-0.2032400, 0.0000049)|   1, 0, 0;0,  0;1,  1> +
           (-0.0000113,-0.0000000)|   1, 0, 0;1, -1;1,  0> +
           ( 0.0000113, 0.0000000)|   1, 0, 0;1,  0;1, -1> +
            ...
 |  522> = (-0.7071070,-0.0000000)|   1, 0, 0;1,  0;0,  0> +
           (-0.7071066,-0.0000000)|   1, 0, 0;0,  0;1,  0> +
            ...
 |  523> = ( 0.7071070,-0.0000000)|   1, 0, 0;0,  0;1,  0> +
           (-0.7071066,-0.0000000)|   1, 0, 0;1,  0;0,  0> +
           (-0.0000235, 0.0000000)|   1, 0, 0;1,  0;1,  0> +
           (-0.0000235, 0.0000000)|   1, 0, 0;0,  0;0,  0> +
            ...
 |  524> = ( 0.7068778,-0.0215323)|   2, 0, 0;1,  1;0,  0> +
           (-0.7066795, 0.0215457)|   2, 0, 0;0,  0;1,  1> +
           ( 0.0000118,-0.0000004)|   2, 0, 0;1,  1;1,  0> +
           ( 0.0000118,-0.0000004)|   2, 0, 0;1,  0;1,  1> +
            ...
 |  525> = ( 0.7071221, 0.0000000)|   2, 0, 0;0,  0;1, -1> +
           (-0.7070915,-0.0000000)|   2, 0, 0;1, -1;0,  0> +
           (-0.0000118,-0.0000000)|   2, 0, 0;1,  0;1, -1> +
           (-0.0000118,-0.0000000)|   2, 0, 0;1, -1;1,  0> +
            ...
 |  526> = ( 0.7071221, 0.0000000)|   2, 0, 0;1, -1;0,  0> +
           ( 0.7070915, 0.0000000)|   2, 0, 0;0,  0;1, -1> +
           ( 0.0000118, 0.0000000)|   2, 0, 0;1, -1;1,  0> +
           (-0.0000118,-0.0000000)|   2, 0, 0;1,  0;1, -1> +
            ...
 |  527> = ( 0.7055484, 0.0483873)|   2, 0, 0;0,  0;1,  1> +
           ( 0.7053497, 0.0483931)|   2, 0, 0;1,  1;0,  0> +
           (-0.0000117,-0.0000008)|   2, 0, 0;1,  0;1,  1> +
           ( 0.0000117, 0.0000008)|   2, 0, 0;1,  1;1,  0> +
            ...
 |  528> = ( 0.7071092, 0.0000000)|   2, 0, 0;0,  0;1,  0> +
           ( 0.7071044, 0.0000000)|   2, 0, 0;1,  0;0,  0> +
            ...
 |  529> = ( 0.7071092, 0.0000000)|   2, 0, 0;1,  0;0,  0> +
           (-0.7071044, 0.0000000)|   2, 0, 0;0,  0;1,  0> +
           ( 0.0000235,-0.0000000)|   2, 0, 0;1,  0;1,  0> +
           ( 0.0000235,-0.0000000)|   2, 0, 0;0,  0;0,  0> +
            ...
 |  530> = ( 0.7071149, 0.0000001)|   3, 0, 0;0,  0;1, -1> +
           (-0.7070986,-0.0000001)|   3, 0, 0;1, -1;0,  0> +
           ( 0.0002297, 0.0000000)|   3, 0, 0;0,  0;1,  1> +
           (-0.0002297,-0.0000000)|   3, 0, 0;1,  1;0,  0> +
           (-0.0000118,-0.0000000)|   3, 0, 0;1,  0;1, -1> +
           (-0.0000118,-0.0000000)|   3, 0, 0;1, -1;1,  0> +
            ...
 |  531> = ( 0.7070797,-0.0091269)|   3, 0, 0;0,  0;1,  1> +
           (-0.7070160, 0.0091250)|   3, 0, 0;1,  1;0,  0> +
           (-0.0002297, 0.0000030)|   3, 0, 0;0,  0;1, -1> +
           ( 0.0002296,-0.0000030)|   3, 0, 0;1, -1;0,  0> +
           (-0.0000118, 0.0000002)|   3, 0, 0;1,  0;1,  1> +
           (-0.0000118, 0.0000002)|   3, 0, 0;1,  1;1,  0> +
            ...
 |  532> = (-0.7065638, 0.0285056)|   3, 0, 0;1,  1;0,  0> +
           (-0.7065001, 0.0285041)|   3, 0, 0;0,  0;1,  1> +
           ( 0.0002276,-0.0000093)|   3, 0, 0;1, -1;0,  0> +
           ( 0.0002276,-0.0000093)|   3, 0, 0;0,  0;1, -1> +
           (-0.0000117, 0.0000005)|   3, 0, 0;1,  1;1,  0> +
           ( 0.0000117,-0.0000005)|   3, 0, 0;1,  0;1,  1> +
            ...
 |  533> = ( 0.7071149, 0.0000001)|   3, 0, 0;1, -1;0,  0> +
           ( 0.7070986, 0.0000001)|   3, 0, 0;0,  0;1, -1> +
           ( 0.0002277, 0.0000001)|   3, 0, 0;1,  1;0,  0> +
           ( 0.0002277, 0.0000001)|   3, 0, 0;0,  0;1,  1> +
           ( 0.0000118, 0.0000000)|   3, 0, 0;1, -1;1,  0> +
           (-0.0000118,-0.0000000)|   3, 0, 0;1,  0;1, -1> +
            ...
 |  534> = (-0.7069935,-0.0126587)|   3, 0, 0;1,  0;0,  0> +
           (-0.7069934,-0.0126587)|   3, 0, 0;0,  0;1,  0> +
            ...
 |  535> = ( 0.7071068, 0.0000000)|   3, 0, 0;0,  0;1,  0> +
           (-0.7071067, 0.0000000)|   3, 0, 0;1,  0;0,  0> +
           (-0.0000235,-0.0000000)|   3, 0, 0;1,  0;1,  0> +
           (-0.0000235, 0.0000000)|   3, 0, 0;0,  0;0,  0> +
            ...
 |  536> = (-0.7071080,-0.0000001)|   4, 0, 0;0,  0;1, -1> +
           ( 0.7071056,-0.0000000)|   4, 0, 0;1, -1;0,  0> +
           ( 0.0000377,-0.0000000)|   4, 0, 0;1,  1;0,  0> +
           (-0.0000371,-0.0000000)|   4, 0, 0;0,  0;1,  1> +
           ( 0.0000118, 0.0000000)|   4, 0, 0;1,  0;1, -1> +
           ( 0.0000118,-0.0000000)|   4, 0, 0;1, -1;1,  0> +
            ...
 |  537> = (-0.7059240, 0.0425660)|   4, 0, 0;0,  0;1,  1> +
           ( 0.7057261,-0.0425461)|   4, 0, 0;1,  1;0,  0> +
           ( 0.0000374,-0.0000023)|   4, 0, 0;0,  0;1, -1> +
           (-0.0000373, 0.0000023)|   4, 0, 0;1, -1;0,  0> +
           ( 0.0000117,-0.0000007)|   4, 0, 0;1,  0;1,  1> +
           ( 0.0000117,-0.0000007)|   4, 0, 0;1,  1;1,  0> +
            ...
 |  538> = ( 0.7071080,-0.0000000)|   4, 0, 0;1, -1;0,  0> +
           ( 0.7071056, 0.0000001)|   4, 0, 0;0,  0;1, -1> +
           ( 0.0000377,-0.0000000)|   4, 0, 0;0,  0;1,  1> +
           ( 0.0000377,-0.0000000)|   4, 0, 0;1,  1;0,  0> +
           ( 0.0000118,-0.0000000)|   4, 0, 0;1, -1;1,  0> +
           (-0.0000118,-0.0000000)|   4, 0, 0;1,  0;1, -1> +
            ...
 |  539> = (-0.7033582, 0.0736730)|   4, 0, 0;1,  1;0,  0> +
           (-0.7031598, 0.0736602)|   4, 0, 0;0,  0;1,  1> +
           ( 0.0000378,-0.0000039)|   4, 0, 0;1, -1;0,  0> +
           ( 0.0000372,-0.0000039)|   4, 0, 0;0,  0;1, -1> +
           (-0.0000117, 0.0000012)|   4, 0, 0;1,  1;1,  0> +
           ( 0.0000117,-0.0000012)|   4, 0, 0;1,  0;1,  1> +
            ...
 |  540> = ( 0.7071065, 0.0016379)|   4, 0, 0;0,  0;1,  0> +
           ( 0.7071033, 0.0016379)|   4, 0, 0;1,  0;0,  0> +
            ...
 |  541> = ( 0.7071084, 0.0000000)|   4, 0, 0;1,  0;0,  0> +
           (-0.7071052, 0.0000000)|   4, 0, 0;0,  0;1,  0> +
           ( 0.0000235,-0.0000000)|   4, 0, 0;1,  0;1,  0> +
           ( 0.0000235, 0.0000000)|   4, 0, 0;0,  0;0,  0> +
            ...
 |  542> = ( 0.5961234,-0.0000737)|   0, 1, 0;0,  0;1, -1> +
           (-0.5960782, 0.0000737)|   0, 1, 0;1, -1;0,  0> +
           (-0.0001266, 0.3316088)|   0, 0, 1;0,  0;1, -1> +
           ( 0.0001264,-0.3315923)|   0, 0, 1;1, -1;0,  0> +
           (-0.1627287,-0.0000527)|   0, 1, 0;1,  1;0,  0> +
           ( 0.1627286, 0.0000526)|   0, 1, 0;0,  0;1,  1> +
           (-0.0002530,-0.0906946)|   0, 0, 1;1,  1;0,  0> +
           ( 0.0002527, 0.0906803)|   0, 0, 1;0,  0;1,  1> +
            ...
 |  543> = (-0.0000012, 0.3560651)|   0, 0, 1;0,  0;1, -1> +
           ( 0.0000012,-0.3560651)|   0, 0, 1;1, -1;0,  0> +
           ( 0.3549062, 0.0000005)|   0, 1, 0;0,  0;1,  1> +
           (-0.3549061,-0.0000005)|   0, 1, 0;1,  1;0,  0> +
           (-0.0000024,-0.3543343)|   0, 0, 1;1,  1;0,  0> +
           ( 0.0000024, 0.3543343)|   0, 0, 1;0,  0;1,  1> +
           ( 0.3488646, 0.0000007)|   0, 1, 0;1, -1;0,  0> +
           (-0.3488645,-0.0000007)|   0, 1, 0;0,  0;1, -1> +
            ...
 |  544> = ( 0.0010436, 0.5131349)|   0, 0, 1;0,  0;1, -1> +
           (-0.0010521,-0.5129893)|   0, 0, 1;1, -1;0,  0> +
           (-0.3470113,-0.0004604)|   0, 1, 0;0,  0;1,  1> +
           ( 0.3469795, 0.0004623)|   0, 1, 0;1,  1;0,  0> +
           ( 0.0021203, 0.3094209)|   0, 0, 1;1,  1;0,  0> +
           (-0.0021243,-0.3093897)|   0, 0, 1;0,  0;1,  1> +
           (-0.1436259, 0.0006118)|   0, 1, 0;0,  0;1, -1> +
           ( 0.1435929,-0.0006145)|   0, 1, 0;1, -1;0,  0> +
            ...
 |  545> = (-0.0785966, 0.5141595)|   0, 0, 1;1,  1;0,  0> +
           ( 0.0785912,-0.5140618)|   0, 0, 1;0,  0;1,  1> +
           (-0.4708720,-0.0737844)|   0, 1, 0;1,  1;0,  0> +
           ( 0.4708519, 0.0737830)|   0, 1, 0;0,  0;1,  1> +
           (-0.0478493,-0.0068100)|   0, 1, 0;0,  0;1, -1> +
           ( 0.0477950, 0.0068077)|   0, 1, 0;1, -1;0,  0> +
           (-0.0020024, 0.0046581)|   0, 0, 1;1, -1;0,  0> +
           ( 0.0019949,-0.0044887)|   0, 0, 1;0,  0;1, -1> +
            ...
 |  546> = (-0.0034132,-0.6849968)|   0, 0, 1;0,  0;1,  1> +
           (-0.0034208,-0.6849477)|   0, 0, 1;1,  1;0,  0> +
           (-0.1272323, 0.0063410)|   0, 1, 0;0,  0;1, -1> +
           (-0.1272201, 0.0063422)|   0, 1, 0;1, -1;0,  0> +
           ( 0.0134041, 0.1017074)|   0, 0, 1;0,  0;1, -1> +
           ( 0.0134050, 0.1017071)|   0, 0, 1;1, -1;0,  0> +
           ( 0.0608757, 0.0186298)|   0, 1, 0;0,  0;1,  1> +
           ( 0.0608391, 0.0186243)|   0, 1, 0;1,  1;0,  0> +
           ( 0.0000001, 0.0000114)|   0, 0, 1;1,  0;1,  1> +
           (-0.0000001,-0.0000114)|   0, 0, 1;1,  1;1,  0> +
            ...
 |  547> = ( 0.5678204, 0.0073284)|   0, 1, 0;1, -1;0,  0> +
           ( 0.5677605, 0.0073267)|   0, 1, 0;0,  0;1, -1> +
           ( 0.0261521,-0.3862698)|   0, 0, 1;1, -1;0,  0> +
           ( 0.0261539,-0.3862013)|   0, 0, 1;0,  0;1, -1> +
           ( 0.0190691,-0.1583407)|   0, 0, 1;0,  0;1,  1> +
           ( 0.0190507,-0.1581703)|   0, 0, 1;1,  1;0,  0> +
           ( 0.0475503,-0.0055885)|   0, 1, 0;0,  0;1,  1> +
           ( 0.0475079,-0.0056070)|   0, 1, 0;1,  1;0,  0> +
           (-0.0000031, 0.0000099)|   0, 0, 1;1,  0;0,  0> +
            ...
 |  548> = (-0.0183244, 0.5781141)|   0, 0, 1;1, -1;0,  0> +
           (-0.0183256, 0.5780212)|   0, 0, 1;0,  0;1, -1> +
           ( 0.4014653,-0.0051405)|   0, 1, 0;1, -1;0,  0> +
           ( 0.4014610,-0.0051393)|   0, 1, 0;0,  0;1, -1> +
           (-0.0639031, 0.0038690)|   0, 1, 0;0,  0;1,  1> +
           (-0.0638716, 0.0038818)|   0, 1, 0;1,  1;0,  0> +
           (-0.0133327, 0.0054159)|   0, 0, 1;0,  0;1,  1> +
           (-0.0133199, 0.0052954)|   0, 0, 1;1,  1;0,  0> +
            ...
 |  549> = ( 0.6114850,-0.3400826)|   0, 1, 0;1,  1;0,  0> +
           ( 0.6114744,-0.3400792)|   0, 1, 0;0,  0;1,  1> +
           ( 0.0471362, 0.0544550)|   0, 0, 1;1,  1;0,  0> +
           ( 0.0471336, 0.0544541)|   0, 0, 1;0,  0;1,  1> +
           ( 0.0222333, 0.0679886)|   0, 0, 1;0,  0;1, -1> +
           ( 0.0222287, 0.0679798)|   0, 0, 1;1, -1;0,  0> +
           ( 0.0044179,-0.0107238)|   0, 1, 0;1, -1;0,  0> +
           ( 0.0044152,-0.0107223)|   0, 1, 0;0,  0;1, -1> +
           ( 0.0000102,-0.0000057)|   0, 1, 0;1,  1;1,  0> +
           (-0.0000102, 0.0000057)|   0, 1, 0;1,  0;1,  1> +
            ...
 |  550> = (-0.5392800, 0.0206664)|   0, 1, 0;1,  0;0,  0> +
           (-0.5392692, 0.0206644)|   0, 1, 0;0,  0;1,  0> +
           (-0.1255512, 0.4393212)|   0, 0, 1;1,  0;0,  0> +
           (-0.1255462, 0.4392990)|   0, 0, 1;0,  0;1,  0> +
            ...
 |  551> = ( 0.1687781,-0.5126074)|   0, 0, 1;1,  0;0,  0> +
           ( 0.1687752,-0.5125923)|   0, 0, 1;0,  0;1,  0> +
           (-0.4569001,-0.0006444)|   0, 1, 0;1,  0;0,  0> +
           (-0.4568951,-0.0006428)|   0, 1, 0;0,  0;1,  0> +
           ( 0.0000005,-0.0000104)|   0, 0, 1;0,  0;1, -1> +
            ...
 |  552> = (-0.6318934, 0.0182388)|   0, 1, 0;0,  0;1,  0> +
           ( 0.6318864,-0.0182388)|   0, 1, 0;1,  0;0,  0> +
           ( 0.0964334,-0.3018043)|   0, 0, 1;0,  0;1,  0> +
           (-0.0964315, 0.3017957)|   0, 0, 1;1,  0;0,  0> +
           ( 0.0000210,-0.0000006)|   0, 1, 0;1,  0;1,  0> +
           ( 0.0000210,-0.0000006)|   0, 1, 0;0,  0;0,  0> +
           (-0.0000032, 0.0000100)|   0, 0, 1;1,  0;1,  0> +
           (-0.0000032, 0.0000100)|   0, 0, 1;0,  0;0,  0> +
            ...
 |  553> = (-0.1334216, 0.6179256)|   0, 0, 1;0,  0;1,  0> +
           ( 0.1334134,-0.6179018)|   0, 0, 1;1,  0;0,  0> +
           (-0.3143469, 0.0396512)|   0, 1, 0;0,  0;1,  0> +
           ( 0.3143352,-0.0396498)|   0, 1, 0;1,  0;0,  0> +
           ( 0.0000044,-0.0000206)|   0, 0, 1;1,  0;1,  0> +
           ( 0.0000044,-0.0000206)|   0, 0, 1;0,  0;0,  0> +
           ( 0.0000105,-0.0000013)|   0, 1, 0;1,  0;1,  0> +
           ( 0.0000105,-0.0000013)|   0, 1, 0;0,  0;0,  0> +
            ...
 |  554> = ( 0.7070869, 0.0011101)|   5, 0, 0;0,  0;1, -1> +
           (-0.7069683,-0.0011100)|   5, 0, 0;1, -1;0,  0> +
           (-0.0105074, 0.0005904)|   5, 0, 0;0,  0;1,  1> +
           ( 0.0105058,-0.0005900)|   5, 0, 0;1,  1;0,  0> +
           (-0.0000118,-0.0000000)|   5, 0, 0;1,  0;1, -1> +
           (-0.0000118,-0.0000000)|   5, 0, 0;1, -1;1,  0> +
            ...
 |  555> = ( 0.6692874, 0.2279471)|   5, 0, 0;1,  1;0,  0> +
           (-0.6692546,-0.2279720)|   5, 0, 0;0,  0;1,  1> +
           ( 0.0097491, 0.0039614)|   5, 0, 0;1, -1;0,  0> +
           (-0.0097488,-0.0039617)|   5, 0, 0;0,  0;1, -1> +
           ( 0.0000111, 0.0000038)|   5, 0, 0;1,  1;1,  0> +
           ( 0.0000111, 0.0000038)|   5, 0, 0;1,  0;1,  1> +
            ...
 |  556> = ( 0.7071162,-0.0003137)|   5, 0, 0;1, -1;0,  0> +
           ( 0.7069977,-0.0003137)|   5, 0, 0;0,  0;1, -1> +
           (-0.0083898, 0.0000901)|   5, 0, 0;1,  1;0,  0> +
           (-0.0083882, 0.0000900)|   5, 0, 0;0,  0;1,  1> +
           ( 0.0000118,-0.0000000)|   5, 0, 0;1, -1;1,  0> +
           (-0.0000118, 0.0000000)|   5, 0, 0;1,  0;1, -1> +
            ...
 |  557> = (-0.3874639, 0.5914539)|   5, 0, 0;0,  0;1,  1> +
           (-0.3874227, 0.5914533)|   5, 0, 0;1,  1;0,  0> +
           (-0.0046697, 0.0069701)|   5, 0, 0;0,  0;1, -1> +
           (-0.0046686, 0.0069701)|   5, 0, 0;1, -1;0,  0> +
           ( 0.0000064,-0.0000098)|   5, 0, 0;1,  0;1,  1> +
           (-0.0000064, 0.0000098)|   5, 0, 0;1,  1;1,  0> +
            ...
 |  558> = (-0.7071057,-0.0015139)|   5, 0, 0;1,  0;0,  0> +
           (-0.7071046,-0.0015139)|   5, 0, 0;0,  0;1,  0> +
            ...
 |  559> = ( 0.7071073,-0.0000001)|   5, 0, 0;0,  0;1,  0> +
           (-0.7071062, 0.0000002)|   5, 0, 0;1,  0;0,  0> +
           (-0.0000235, 0.0000000)|   5, 0, 0;1,  0;1,  0> +
           (-0.0000235, 0.0000000)|   5, 0, 0;0,  0;0,  0> +
            ...
 |  560> = ( 0.0000000, 0.3536527)|   1, 0, 1;0,  0;1,  1> +
           (-0.0000000,-0.3536522)|   1, 0, 1;1,  1;0,  0> +
           (-0.3536520,-0.0000000)|   1, 1, 0;0,  0;1, -1> +
           ( 0.3536517, 0.0000000)|   1, 1, 0;1, -1;0,  0> +
           ( 0.3535444, 0.0000000)|   1, 1, 0;0,  0;1,  1> +
           (-0.3535440,-0.0000000)|   1, 1, 0;1,  1;0,  0> +
           ( 0.0000000, 0.3533657)|   1, 0, 1;0,  0;1, -1> +
           (-0.0000000,-0.3533642)|   1, 0, 1;1, -1;0,  0> +
            ...
 |  561> = (-0.0029431, 0.4713107)|   1, 0, 1;1,  1;0,  0> +
           ( 0.0029436,-0.4712968)|   1, 0, 1;0,  0;1,  1> +
           ( 0.0007728, 0.4628116)|   1, 0, 1;0,  0;1, -1> +
           (-0.0007729,-0.4627981)|   1, 0, 1;1, -1;0,  0> +
           (-0.1828470,-0.0019930)|   1, 1, 0;1,  1;0,  0> +
           ( 0.1828143, 0.0019922)|   1, 1, 0;0,  0;1,  1> +
           (-0.1739128, 0.0017228)|   1, 1, 0;1, -1;0,  0> +
           ( 0.1738869,-0.0017244)|   1, 1, 0;0,  0;1, -1> +
            ...
