p0595
p0595
p0595
p0595
p0595
p0595
p0595
p0595
p0595
p0595
p0595
p0595
p0595
p0595
p0595
p0595
p0595
p0595
p0595
p0595
p0595
p0595
p0595
p0595
# Parameters of the model
#  mass:		  261.0000 u
#  charge:	    1.0000 e
#  dipole:	   4.74500 D
#  B:		    503.65 MHz
#  omega_rho:	    1.4000 MHz
#  omega_z:	  0.100000 MHz

# omega_1:	  0.173205 MHz
# omega_3/5:	   1.39642 MHz

# Basis truncation:	|32,4,4;2,2>
# Basis size:		41472

# Active terms of the Hamiltionian:
# 	Nomal modes:	1
# 	T_rot:      	1
# 	V_qd^{(0)}: 	1
# 	V_qd^{(1)}: 	1
# 	V_dd^{(0)}: 	1

# Results of the diagonalisation
# 100 smallest eigenvalues
 8.562252119 9.562252119 10.562252119 11.562252119 12.562252119 13.562252119 14.562252119 15.562252119 16.562252119 16.624509867 16.624509868 17.562252119 17.624509868 17.624509868 18.562252119 18.624509867 18.624509868 19.562252119 19.624509867 19.624509868 20.562252119 20.624509867 20.624509868 21.562252119 21.624509868 21.624509868 22.562252119 22.624509868 22.624509868 23.562252120 23.624509867 23.624509868 24.562252119 24.624509867 24.624509868 24.686767616 24.686767616 24.686767616 25.562252119 25.624509868 25.624509868 25.686767615 25.686767616 25.686767616 26.562252119 26.624509867 26.624509867 26.686767616 26.686767616 26.686767616 27.562252120 27.624509867 27.624509868 27.686767616 27.686767616 27.686767616 28.562252120 28.624509867 28.624509867 28.686767615 28.686767616 28.686767616 29.562252118 29.624509867 29.624509867 29.686767616 29.686767616 29.686767617 30.562252119 30.624509867 30.624509868 30.686767616 30.686767616 30.686767616 31.562252119 31.624509867 31.624509867 31.686767615 31.686767616 31.686767616 32.562252120 32.624509867 32.624509868 32.686767615 32.686767616 32.686767616 32.749025364 32.749025364 32.749025364 32.749025364 33.562252119 33.624509867 33.624509868 33.686767616 33.686767616 33.686767616 33.749025364 33.749025364 33.749025364 33.749025365

# Ground state and the lowest excitations:
 |    0> = ( 1.0000000, 0.0000000)|   0, 0, 0;0,  0;0,  0> +
            ...
 |    1> = ( 1.0000000,-0.0000000)|   1, 0, 0;0,  0;0,  0> +
            ...
 |    2> = ( 1.0000000, 0.0000000)|   2, 0, 0;0,  0;0,  0> +
            ...
 |    3> = ( 1.0000000,-0.0000000)|   3, 0, 0;0,  0;0,  0> +
            ...
 |    4> = (-1.0000000,-0.0000000)|   4, 0, 0;0,  0;0,  0> +
            ...
 |    5> = ( 1.0000000, 0.0000000)|   5, 0, 0;0,  0;0,  0> +
            ...
 |    6> = ( 1.0000000, 0.0000000)|   6, 0, 0;0,  0;0,  0> +
            ...
 |    7> = (-1.0000000,-0.0000000)|   7, 0, 0;0,  0;0,  0> +
            ...
 |    8> = ( 1.0000000, 0.0000000)|   8, 0, 0;0,  0;0,  0> +
            ...
 |    9> = (-0.0000000, 0.7138198)|   0, 0, 1;0,  0;0,  0> +
           ( 0.7003294,-0.0000000)|   0, 1, 0;0,  0;0,  0> +
            ...
 |   10> = ( 0.7138198, 0.0000000)|   0, 1, 0;0,  0;0,  0> +
           ( 0.0000000,-0.7003294)|   0, 0, 1;0,  0;0,  0> +
            ...
 |   11> = ( 1.0000000,-0.0000000)|   9, 0, 0;0,  0;0,  0> +
            ...
 |   12> = ( 0.0017029, 0.7260646)|   1, 0, 1;0,  0;0,  0> +
           (-0.6876223, 0.0017029)|   1, 1, 0;0,  0;0,  0> +
            ...
 |   13> = (-0.7260666, 0.0000463)|   1, 1, 0;0,  0;0,  0> +
           ( 0.0000463,-0.6876244)|   1, 0, 1;0,  0;0,  0> +
            ...
 |   14> = ( 1.0000000, 0.0000000)|  10, 0, 0;0,  0;0,  0> +
            ...
 |   15> = (-0.0057642, 0.7202223)|   2, 0, 1;0,  0;0,  0> +
           (-0.6936954,-0.0057642)|   2, 1, 0;0,  0;0,  0> +
            ...
 |   16> = ( 0.7202454, 0.0001081)|   2, 1, 0;0,  0;0,  0> +
           ( 0.0001081, 0.6937194)|   2, 0, 1;0,  0;0,  0> +
            ...
 |   17> = (-1.0000000,-0.0000000)|  11, 0, 0;0,  0;0,  0> +
            ...
 |   18> = (-0.0000310, 0.7092070)|   3, 0, 1;0,  0;0,  0> +
           ( 0.7050003,-0.0000310)|   3, 1, 0;0,  0;0,  0> +
            ...
 |   19> = (-0.7091306,-0.0104106)|   3, 1, 0;0,  0;0,  0> +
           (-0.0104106, 0.7049234)|   3, 0, 1;0,  0;0,  0> +
            ...
 |   20> = ( 1.0000000, 0.0000000)|  12, 0, 0;0,  0;0,  0> +
            ...
 |   21> = ( 0.0107192, 0.7165190)|   4, 0, 1;0,  0;0,  0> +
           (-0.6974028, 0.0107192)|   4, 1, 0;0,  0;0,  0> +
            ...
 |   22> = (-0.7165992, 0.0001449)|   4, 1, 0;0,  0;0,  0> +
           ( 0.0001449,-0.6974852)|   4, 0, 1;0,  0;0,  0> +
            ...
 |   23> = (-1.0000000, 0.0000000)|  13, 0, 0;0,  0;0,  0> +
            ...
 |   24> = (-0.0001523, 0.7152693)|   5, 0, 1;0,  0;0,  0> +
           ( 0.6988489,-0.0001523)|   5, 1, 0;0,  0;0,  0> +
            ...
 # The upper part of the spectrum
 # Eigenvalues first: 512	 last: 562
 36549.458563133 36549.458563133 36549.458563905 36549.458563905 36549.458565280 36549.458566824 36550.458563133 36550.458563133 36550.458563905 36550.458563905 36550.458565280 36550.458566824 36551.458563133 36551.458563133 36551.458563904 36551.458563905 36551.458565280 36551.458566824 36552.458563133 36552.458563133 36552.458563905 36552.458563905 36552.458565280 36552.458566824 36553.458563133 36553.458563133 36553.458563904 36553.458563905 36553.458565280 36553.458566824 36554.458563133 36554.458563133 36554.458563905 36554.458563905 36554.458565280 36554.458566824 36555.458563133 36555.458563134 36555.458563904 36555.458563905 36555.458565280 36555.458566824 36556.458563133 36556.458563133 36556.458563904 36556.458563905 36556.458565279 36556.458566824 36557.458563132 36557.458563132

# Excited states :
 |  511> = (-0.0007103,-0.9999997)|  31, 3, 3;0,  0;0,  0> +
            ...
 |  512> = (-0.7069164,-0.0000000)|   0, 0, 0;1, -1;0,  0> +
           ( 0.7069139,-0.0000001)|   0, 0, 0;0,  0;1, -1> +
           (-0.0163904, 0.0015647)|   0, 0, 0;1,  1;0,  0> +
           ( 0.0163846,-0.0015665)|   0, 0, 0;0,  0;1,  1> +
           (-0.0000106, 0.0000001)|   0, 0, 0;1,  0;0,  0> +
            ...
 |  513> = ( 0.7038630,-0.0671887)|   0, 0, 0;1,  1;0,  0> +
           (-0.7035651, 0.0672072)|   0, 0, 0;0,  0;1,  1> +
           (-0.0164721, 0.0000008)|   0, 0, 0;1, -1;0,  0> +
           ( 0.0164521, 0.0000024)|   0, 0, 0;0,  0;1, -1> +
            ...
 |  514> = (-0.7069734,-0.0000000)|   0, 0, 0;0,  0;1, -1> +
           (-0.7069705,-0.0000001)|   0, 0, 0;1, -1;0,  0> +
           (-0.0137506,-0.0013459)|   0, 0, 0;1,  1;0,  0> +
           (-0.0137363,-0.0013443)|   0, 0, 0;0,  0;1,  1> +
           ( 0.0000172, 0.0000002)|   0, 0, 0;1,  0;0,  0> +
           ( 0.0000141, 0.0000002)|   0, 0, 0;0,  0;1,  0> +
            ...
 |  515> = (-0.7037747,-0.0686960)|   0, 0, 0;0,  0;1,  1> +
           (-0.7034764,-0.0687139)|   0, 0, 0;1,  1;0,  0> +
           ( 0.0138096,-0.0000024)|   0, 0, 0;0,  0;1, -1> +
           ( 0.0138086,-0.0000039)|   0, 0, 0;1, -1;0,  0> +
           (-0.0000163,-0.0000019)|   0, 0, 0;1,  0;0,  0> +
           (-0.0000163,-0.0000019)|   0, 0, 0;0,  0;1,  0> +
            ...
 |  516> = ( 0.7071067, 0.0004302)|   0, 0, 0;0,  0;1,  0> +
           ( 0.7071066, 0.0004302)|   0, 0, 0;1,  0;0,  0> +
           ( 0.0000255,-0.0000001)|   0, 0, 0;0,  0;1, -1> +
           (-0.0000211, 0.0000002)|   0, 0, 0;0,  0;1,  1> +
           (-0.0000111, 0.0000004)|   0, 0, 0;1,  1;0,  0> +
            ...
 |  517> = (-0.7071068,-0.0000000)|   0, 0, 0;1,  0;0,  0> +
           ( 0.7071068,-0.0000000)|   0, 0, 0;0,  0;1,  0> +
           (-0.0000124, 0.0000000)|   0, 0, 0;1,  0;1,  0> +
           (-0.0000124, 0.0000000)|   0, 0, 0;0,  0;0,  0> +
            ...
 |  518> = (-0.6816267, 0.0059927)|   1, 0, 0;0,  0;1,  1> +
           ( 0.6814087,-0.0059921)|   1, 0, 0;1,  1;0,  0> +
           (-0.1884122, 0.0018001)|   1, 0, 0;0,  0;1, -1> +
           ( 0.1883874,-0.0018001)|   1, 0, 0;1, -1;0,  0> +
            ...
 |  519> = (-0.6815877, 0.0000400)|   1, 0, 0;1, -1;0,  0> +
           ( 0.6815004,-0.0000399)|   1, 0, 0;0,  0;1, -1> +
           (-0.1884107,-0.0001325)|   1, 0, 0;0,  0;1,  1> +
           ( 0.1884059, 0.0001325)|   1, 0, 0;1,  1;0,  0> +
            ...
 |  520> = ( 0.7062033,-0.0021592)|   1, 0, 0;1,  1;0,  0> +
           ( 0.7059897,-0.0021573)|   1, 0, 0;0,  0;1,  1> +
           ( 0.0377477,-0.0001942)|   1, 0, 0;1, -1;0,  0> +
           ( 0.0376985,-0.0001938)|   1, 0, 0;0,  0;1, -1> +
            ...
 |  521> = ( 0.7061399,-0.0000070)|   1, 0, 0;0,  0;1, -1> +
           ( 0.7060597,-0.0000072)|   1, 0, 0;1, -1;0,  0> +
           (-0.0377414,-0.0000783)|   1, 0, 0;0,  0;1,  1> +
           (-0.0377056,-0.0000784)|   1, 0, 0;1,  1;0,  0> +
            ...
 |  522> = (-0.7071074, 0.0000000)|   1, 0, 0;1,  0;0,  0> +
           (-0.7071061, 0.0000000)|   1, 0, 0;0,  0;1,  0> +
            ...
 |  523> = (-0.7071074, 0.0000000)|   1, 0, 0;0,  0;1,  0> +
           ( 0.7071061, 0.0000000)|   1, 0, 0;1,  0;0,  0> +
           ( 0.0000124, 0.0000000)|   1, 0, 0;1,  0;1,  0> +
           ( 0.0000124,-0.0000000)|   1, 0, 0;0,  0;0,  0> +
            ...
 |  524> = ( 0.7071292, 0.0034596)|   2, 0, 0;1,  1;0,  0> +
           (-0.7070675,-0.0034595)|   2, 0, 0;0,  0;1,  1> +
           ( 0.0000205, 0.0000001)|   2, 0, 0;0,  0;1, -1> +
           (-0.0000182,-0.0000001)|   2, 0, 0;1, -1;0,  0> +
            ...
 |  525> = ( 0.7072032,-0.0000003)|   2, 0, 0;1, -1;0,  0> +
           (-0.7070103,-0.0000000)|   2, 0, 0;0,  0;1, -1> +
           ( 0.0000193,-0.0000000)|   2, 0, 0;1,  1;0,  0> +
           (-0.0000193, 0.0000000)|   2, 0, 0;0,  0;1,  1> +
            ...
 |  526> = ( 0.7071354, 0.0017940)|   2, 0, 0;0,  0;1,  1> +
           ( 0.7070736, 0.0017936)|   2, 0, 0;1,  1;0,  0> +
           (-0.0000178,-0.0000000)|   2, 0, 0;0,  0;1, -1> +
           (-0.0000178,-0.0000000)|   2, 0, 0;1, -1;0,  0> +
            ...
 |  527> = (-0.7072032, 0.0000002)|   2, 0, 0;0,  0;1, -1> +
           (-0.7070103, 0.0000005)|   2, 0, 0;1, -1;0,  0> +
           (-0.0000189,-0.0000000)|   2, 0, 0;0,  0;1,  1> +
           (-0.0000167, 0.0000000)|   2, 0, 0;1,  1;0,  0> +
            ...
 |  528> = (-0.7071084, 0.0000000)|   2, 0, 0;0,  0;1,  0> +
           (-0.7071052, 0.0000000)|   2, 0, 0;1,  0;0,  0> +
            ...
 |  529> = ( 0.7071084,-0.0000000)|   2, 0, 0;1,  0;0,  0> +
           (-0.7071052,-0.0000000)|   2, 0, 0;0,  0;1,  0> +
           ( 0.0000124,-0.0000000)|   2, 0, 0;1,  0;1,  0> +
           ( 0.0000124, 0.0000000)|   2, 0, 0;0,  0;0,  0> +
            ...
 |  530> = (-0.7072199, 0.0000001)|   3, 0, 0;0,  0;1, -1> +
           ( 0.7069936,-0.0000003)|   3, 0, 0;1, -1;0,  0> +
           (-0.0001353, 0.0000002)|   3, 0, 0;1,  1;0,  0> +
           ( 0.0001348,-0.0000002)|   3, 0, 0;0,  0;1,  1> +
            ...
 |  531> = (-0.6989529,-0.1076150)|   3, 0, 0;1,  1;0,  0> +
           ( 0.6987856, 0.1076220)|   3, 0, 0;0,  0;1,  1> +
           (-0.0001335,-0.0000207)|   3, 0, 0;1, -1;0,  0> +
           ( 0.0001334, 0.0000207)|   3, 0, 0;0,  0;1, -1> +
            ...
 |  532> = (-0.7072199, 0.0000006)|   3, 0, 0;1, -1;0,  0> +
           (-0.7069936, 0.0000004)|   3, 0, 0;0,  0;1, -1> +
           ( 0.0001244,-0.0000001)|   3, 0, 0;1,  1;0,  0> +
           ( 0.0001244,-0.0000001)|   3, 0, 0;0,  0;1,  1> +
            ...
 |  533> = ( 0.7067093,-0.0260417)|   3, 0, 0;0,  0;1,  1> +
           ( 0.7065439,-0.0260680)|   3, 0, 0;1,  1;0,  0> +
           ( 0.0001246,-0.0000044)|   3, 0, 0;1, -1;0,  0> +
           ( 0.0001241,-0.0000044)|   3, 0, 0;0,  0;1, -1> +
            ...
 |  534> = ( 0.7071075,-0.0000063)|   3, 0, 0;1,  0;0,  0> +
           ( 0.7071061,-0.0000063)|   3, 0, 0;0,  0;1,  0> +
            ...
 |  535> = ( 0.7071075,-0.0000000)|   3, 0, 0;0,  0;1,  0> +
           (-0.7071061,-0.0000000)|   3, 0, 0;1,  0;0,  0> +
           (-0.0000124,-0.0000000)|   3, 0, 0;1,  0;1,  0> +
           (-0.0000124, 0.0000000)|   3, 0, 0;0,  0;0,  0> +
            ...
 |  536> = ( 0.7071892, 0.0000005)|   4, 0, 0;1, -1;0,  0> +
           (-0.7070244,-0.0000004)|   4, 0, 0;0,  0;1, -1> +
            ...
 |  537> = ( 0.7049904, 0.0552702)|   4, 0, 0;1,  1;0,  0> +
           (-0.7049009,-0.0552130)|   4, 0, 0;0,  0;1,  1> +
            ...
 |  538> = (-0.6021915,-0.3707177)|   4, 0, 0;0,  0;1,  1> +
           (-0.6020855,-0.3707112)|   4, 0, 0;1,  1;0,  0> +
            ...
 |  539> = ( 0.7071892, 0.0000008)|   4, 0, 0;0,  0;1, -1> +
           ( 0.7070244, 0.0000009)|   4, 0, 0;1, -1;0,  0> +
            ...
 |  540> = ( 0.6833332,-0.1818124)|   4, 0, 0;1,  0;0,  0> +
           ( 0.6833331,-0.1818125)|   4, 0, 0;0,  0;1,  0> +
            ...
 |  541> = ( 0.7071068,-0.0000000)|   4, 0, 0;0,  0;1,  0> +
           (-0.7071067,-0.0000000)|   4, 0, 0;1,  0;0,  0> +
           (-0.0000124, 0.0000000)|   4, 0, 0;0,  0;0,  0> +
           (-0.0000124, 0.0000000)|   4, 0, 0;1,  0;1,  0> +
            ...
 |  542> = ( 0.7073343,-0.0000019)|   5, 0, 0;0,  0;1, -1> +
           (-0.7068792, 0.0000021)|   5, 0, 0;1, -1;0,  0> +
           (-0.0001267, 0.0000007)|   5, 0, 0;0,  0;1,  1> +
           ( 0.0001264,-0.0000007)|   5, 0, 0;1,  1;0,  0> +
            ...
 |  543> = (-0.7024748,-0.0811268)|   5, 0, 0;0,  0;1,  1> +
           ( 0.7023989, 0.0811373)|   5, 0, 0;1,  1;0,  0> +
           (-0.0001256,-0.0000152)|   5, 0, 0;0,  0;1, -1> +
           ( 0.0001256, 0.0000152)|   5, 0, 0;1, -1;0,  0> +
            ...
 |  544> = (-0.7073343, 0.0000006)|   5, 0, 0;1, -1;0,  0> +
           (-0.7068792, 0.0000004)|   5, 0, 0;0,  0;1, -1> +
           ( 0.0001062,-0.0000002)|   5, 0, 0;1,  1;0,  0> +
           ( 0.0001061,-0.0000002)|   5, 0, 0;0,  0;1,  1> +
            ...
 |  545> = (-0.7057371, 0.0445831)|   5, 0, 0;1,  1;0,  0> +
           (-0.7056618, 0.0445975)|   5, 0, 0;0,  0;1,  1> +
           (-0.0001061, 0.0000064)|   5, 0, 0;0,  0;1, -1> +
           (-0.0001058, 0.0000064)|   5, 0, 0;1, -1;0,  0> +
            ...
 |  546> = ( 0.7071034, 0.0024442)|   5, 0, 0;0,  0;1,  0> +
           ( 0.7071017, 0.0024442)|   5, 0, 0;1,  0;0,  0> +
            ...
 |  547> = ( 0.7071076, 0.0000000)|   5, 0, 0;1,  0;0,  0> +
           (-0.7071059, 0.0000000)|   5, 0, 0;0,  0;1,  0> +
           ( 0.0000124,-0.0000000)|   5, 0, 0;1,  0;1,  0> +
           ( 0.0000124,-0.0000000)|   5, 0, 0;0,  0;0,  0> +
            ...
 |  548> = (-0.7071508,-0.0000078)|   6, 0, 0;1, -1;0,  0> +
           ( 0.7070628, 0.0000081)|   6, 0, 0;0,  0;1, -1> +
           (-0.0001776, 0.0000049)|   6, 0, 0;0,  0;1,  1> +
           ( 0.0001775,-0.0000050)|   6, 0, 0;1,  1;0,  0> +
            ...
 |  549> = ( 0.7049046,-0.0561327)|   6, 0, 0;1,  1;0,  0> +
           (-0.7048445, 0.0561489)|   6, 0, 0;0,  0;1,  1> +
           ( 0.0001774,-0.0000092)|   6, 0, 0;1, -1;0,  0> +
           (-0.0001774, 0.0000092)|   6, 0, 0;0,  0;1, -1> +
            ...
 |  550> = ( 0.7071508,-0.0000006)|   6, 0, 0;0,  0;1, -1> +
           ( 0.7070628,-0.0000009)|   6, 0, 0;1, -1;0,  0> +
           (-0.0001230, 0.0000004)|   6, 0, 0;0,  0;1,  1> +
           (-0.0001230, 0.0000004)|   6, 0, 0;1,  1;0,  0> +
            ...
 |  551> = (-0.3392343,-0.6204527)|   6, 0, 0;0,  0;1,  1> +
           (-0.3391878,-0.6204113)|   6, 0, 0;1,  1;0,  0> +
           (-0.0000587,-0.0001081)|   6, 0, 0;0,  0;1, -1> +
           (-0.0000587,-0.0001081)|   6, 0, 0;1, -1;0,  0> +
            ...
 |  552> = (-0.6311920,-0.3187504)|   6, 0, 0;0,  0;1,  0> +
           (-0.6311855,-0.3187470)|   6, 0, 0;1,  0;0,  0> +
            ...
 |  553> = (-0.7071104,-0.0000360)|   6, 0, 0;1,  0;0,  0> +
           ( 0.7071031, 0.0000361)|   6, 0, 0;0,  0;1,  0> +
           (-0.0000124,-0.0000000)|   6, 0, 0;1,  0;1,  0> +
           (-0.0000124,-0.0000000)|   6, 0, 0;0,  0;0,  0> +
            ...
 |  554> = ( 0.2382168,-0.4584231)|   7, 0, 0;0,  0;1, -1> +
           (-0.2377693, 0.4584108)|   7, 0, 0;1, -1;0,  0> +
           ( 0.4773209, 0.0733968)|   7, 0, 0;0,  0;1,  1> +
           (-0.4773100,-0.0733423)|   7, 0, 0;1,  1;0,  0> +
            ...
 |  555> = (-0.4821166,-0.1853690)|   7, 0, 0;0,  0;1,  1> +
           ( 0.4820025, 0.1856047)|   7, 0, 0;1,  1;0,  0> +
           (-0.3088519, 0.3713215)|   7, 0, 0;1, -1;0,  0> +
           ( 0.3086639,-0.3713271)|   7, 0, 0;0,  0;1, -1> +
            ...
 |  556> = (-0.3296593, 0.6122499)|   7, 0, 0;0,  0;1,  1> +
           (-0.3297267, 0.6122021)|   7, 0, 0;1,  1;0,  0> +
           ( 0.1248679,-0.0302564)|   7, 0, 0;1, -1;0,  0> +
           ( 0.1247068,-0.0300746)|   7, 0, 0;0,  0;1, -1> +
            ...
 |  557> = (-0.6953695,-0.0031640)|   7, 0, 0;1, -1;0,  0> +
           (-0.6953247,-0.0033261)|   7, 0, 0;0,  0;1, -1> +
           (-0.0863942, 0.0951077)|   7, 0, 0;1,  1;0,  0> +
           (-0.0859469, 0.0952233)|   7, 0, 0;0,  0;1,  1> +
            ...
 |  558> = ( 0.7070531, 0.0108320)|   7, 0, 0;1,  0;0,  0> +
           ( 0.7069945, 0.0108319)|   7, 0, 0;0,  0;1,  0> +
            ...
 |  559> = (-0.7071358, 0.0006134)|   7, 0, 0;0,  0;1,  0> +
           ( 0.7070772,-0.0006142)|   7, 0, 0;1,  0;0,  0> +
           ( 0.0000124,-0.0000000)|   7, 0, 0;1,  0;1,  0> +
           ( 0.0000124,-0.0000000)|   7, 0, 0;0,  0;0,  0> +
            ...
 |  560> = ( 0.6633176,-0.0721867)|   8, 0, 0;1,  1;0,  0> +
           (-0.6628084, 0.0721700)|   8, 0, 0;0,  0;1,  1> +
           ( 0.1934792,-0.1330646)|   8, 0, 0;1, -1;0,  0> +
           (-0.1934963, 0.1330195)|   8, 0, 0;0,  0;1, -1> +
            ...
 |  561> = ( 0.6619745,-0.0857910)|   8, 0, 0;0,  0;1, -1> +
           (-0.6609043, 0.0857896)|   8, 0, 0;1, -1;0,  0> +
           (-0.2193530,-0.0838677)|   8, 0, 0;0,  0;1,  1> +
           ( 0.2193475, 0.0837410)|   8, 0, 0;1,  1;0,  0> +
            ...
