p1700
p1700
p1700
p1700
p1700
p1700
p1700
p1700
p1700
p1700
p1700
p1700
p1700
p1700
p1700
p1700
p1700
p1700
p1700
p1700
p1700
p1700
p1700
p1700
# Parameters of the model
#  mass:		  261.0000 u
#  charge:	    1.0000 e
#  dipole:	   4.74500 D
#  B:		    503.65 MHz
#  omega_rho:	    1.4000 MHz
#  omega_z:	  0.126000 MHz

# omega_1:	  0.218238 MHz
# omega_3/5:	   1.39432 MHz

# Basis truncation:	|32,4,4;2,2>
# Basis size:		41472

# Active terms of the Hamiltionian:
# 	Nomal modes:	1
# 	T_rot:      	1
# 	V_qd^{(0)}: 	1
# 	V_qd^{(1)}: 	1
# 	V_dd^{(0)}: 	1

# Results of the diagonalisation
# 100 smallest eigenvalues
 6.888961130 7.888961130 8.888961129 9.888961130 10.888961129 11.888961130 12.888961130 13.277930533 13.277930533 13.888961130 14.277930533 14.277930534 14.888961129 15.277930533 15.277930533 15.888961129 16.277930533 16.277930533 16.888961129 17.277930533 17.277930533 17.888961129 18.277930533 18.277930534 18.888961130 19.277930533 19.277930533 19.666899937 19.666899937 19.666899937 19.888961129 20.277930533 20.277930534 20.666899937 20.666899937 20.666899937 20.888961129 21.277930533 21.277930533 21.666899937 21.666899937 21.666899938 21.888961129 22.277930533 22.277930534 22.666899937 22.666899937 22.666899937 22.888961129 23.277930533 23.277930533 23.666899937 23.666899937 23.666899937 23.888961129 24.277930533 24.277930534 24.666899937 24.666899937 24.666899938 24.888961130 25.277930533 25.277930533 25.666899937 25.666899937 25.666899937 25.888961129 26.055869340 26.055869341 26.055869341 26.055869341 26.277930533 26.277930534 26.666899937 26.666899937 26.666899937 26.888961129 27.055869341 27.055869341 27.055869341 27.055869341 27.277930533 27.277930533 27.666899937 27.666899937 27.666899937 27.888961129 28.055869341 28.055869341 28.055869341 28.055869341 28.277930533 28.277930533 28.666899936 28.666899937 28.666899937 28.888961129 29.055869341 29.055869341 29.055869341

# Ground state and the lowest excitations:
 |    0> = ( 1.0000000, 0.0000000)|   0, 0, 0;0,  0;0,  0> +
           (-0.0000119, 0.0000000)|   0, 0, 0;1,  0;0,  0> +
           ( 0.0000119, 0.0000000)|   0, 0, 0;0,  0;1,  0> +
            ...
 |    1> = (-1.0000000, 0.0000000)|   1, 0, 0;0,  0;0,  0> +
           (-0.0000119, 0.0000000)|   1, 0, 0;0,  0;1,  0> +
           ( 0.0000119,-0.0000000)|   1, 0, 0;1,  0;0,  0> +
            ...
 |    2> = ( 1.0000000,-0.0000000)|   2, 0, 0;0,  0;0,  0> +
           (-0.0000119, 0.0000000)|   2, 0, 0;1,  0;0,  0> +
           ( 0.0000119, 0.0000000)|   2, 0, 0;0,  0;1,  0> +
            ...
 |    3> = (-1.0000000,-0.0000000)|   3, 0, 0;0,  0;0,  0> +
           (-0.0000119,-0.0000000)|   3, 0, 0;0,  0;1,  0> +
           ( 0.0000119,-0.0000000)|   3, 0, 0;1,  0;0,  0> +
            ...
 |    4> = (-1.0000000,-0.0000000)|   4, 0, 0;0,  0;0,  0> +
           ( 0.0000119,-0.0000000)|   4, 0, 0;1,  0;0,  0> +
           (-0.0000119,-0.0000000)|   4, 0, 0;0,  0;1,  0> +
            ...
 |    5> = ( 1.0000000, 0.0000000)|   5, 0, 0;0,  0;0,  0> +
           (-0.0000119,-0.0000000)|   5, 0, 0;1,  0;0,  0> +
           ( 0.0000119,-0.0000000)|   5, 0, 0;0,  0;1,  0> +
            ...
 |    6> = ( 1.0000000,-0.0000000)|   6, 0, 0;0,  0;0,  0> +
           ( 0.0000119,-0.0000000)|   6, 0, 0;0,  0;1,  0> +
           (-0.0000119, 0.0000000)|   6, 0, 0;1,  0;0,  0> +
            ...
 |    7> = (-0.7125036,-0.0000000)|   0, 1, 0;0,  0;0,  0> +
           (-0.0000000,-0.7016684)|   0, 0, 1;0,  0;0,  0> +
            ...
 |    8> = (-0.0000000, 0.7125036)|   0, 0, 1;0,  0;0,  0> +
           (-0.7016684,-0.0000000)|   0, 1, 0;0,  0;0,  0> +
            ...
 |    9> = (-1.0000000,-0.0000000)|   7, 0, 0;0,  0;0,  0> +
           ( 0.0000119, 0.0000000)|   7, 0, 0;1,  0;0,  0> +
           (-0.0000119,-0.0000000)|   7, 0, 0;0,  0;1,  0> +
            ...
 |   10> = (-0.0025320, 0.7132709)|   1, 0, 1;0,  0;0,  0> +
           (-0.7008793,-0.0025320)|   1, 1, 0;0,  0;0,  0> +
            ...
 |   11> = (-0.7132754,-0.0000222)|   1, 1, 0;0,  0;0,  0> +
           (-0.0000222,-0.7008839)|   1, 0, 1;0,  0;0,  0> +
            ...
 |   12> = ( 1.0000000, 0.0000000)|   8, 0, 0;0,  0;0,  0> +
           ( 0.0000119, 0.0000000)|   8, 0, 0;0,  0;1,  0> +
           (-0.0000119,-0.0000000)|   8, 0, 0;1,  0;0,  0> +
            ...
 |   13> = (-0.0000053,-0.7083488)|   2, 0, 1;0,  0;0,  0> +
           (-0.7058626,-0.0000053)|   2, 1, 0;0,  0;0,  0> +
            ...
 |   14> = (-0.7083424, 0.0030142)|   2, 1, 0;0,  0;0,  0> +
           ( 0.0030142, 0.7058561)|   2, 0, 1;0,  0;0,  0> +
            ...
 |   15> = (-1.0000000, 0.0000000)|   9, 0, 0;0,  0;0,  0> +
           ( 0.0000119,-0.0000000)|   9, 0, 0;1,  0;0,  0> +
           (-0.0000119, 0.0000000)|   9, 0, 0;0,  0;1,  0> +
            ...
 |   16> = ( 0.0013931, 0.9108451)|   3, 0, 1;0,  0;0,  0> +
           (-0.4127436, 0.0013931)|   3, 1, 0;0,  0;0,  0> +
           ( 0.0000000, 0.0000109)|   3, 0, 1;0,  0;1,  0> +
           (-0.0000000,-0.0000109)|   3, 0, 1;1,  0;0,  0> +
            ...
 |   17> = ( 0.9108460,-0.0005242)|   3, 1, 0;0,  0;0,  0> +
           (-0.0005242, 0.4127456)|   3, 0, 1;0,  0;0,  0> +
           (-0.0000109, 0.0000000)|   3, 1, 0;1,  0;0,  0> +
           ( 0.0000109,-0.0000000)|   3, 1, 0;0,  0;1,  0> +
            ...
 |   18> = ( 1.0000000, 0.0000000)|  10, 0, 0;0,  0;0,  0> +
           ( 0.0000119, 0.0000000)|  10, 0, 0;0,  0;1,  0> +
           (-0.0000119,-0.0000000)|  10, 0, 0;1,  0;0,  0> +
            ...
 |   19> = (-0.7102255, 0.0000340)|   4, 1, 0;0,  0;0,  0> +
           ( 0.0000340,-0.7039742)|   4, 0, 1;0,  0;0,  0> +
            ...
 |   20> = (-0.0076939,-0.7101838)|   4, 0, 1;0,  0;0,  0> +
           ( 0.7039322,-0.0076938)|   4, 1, 0;0,  0;0,  0> +
            ...
 |   21> = ( 1.0000000,-0.0000000)|  11, 0, 0;0,  0;0,  0> +
           ( 0.0000119,-0.0000000)|  11, 0, 0;0,  0;1,  0> +
           (-0.0000119, 0.0000000)|  11, 0, 0;1,  0;0,  0> +
            ...
 |   22> = (-0.0000848,-0.7074338)|   5, 0, 1;0,  0;0,  0> +
           (-0.7067796,-0.0000848)|   5, 1, 0;0,  0;0,  0> +
            ...
 |   23> = ( 0.6849450,-0.1769547)|   5, 1, 0;0,  0;0,  0> +
           (-0.1769551,-0.6842692)|   5, 0, 1;0,  0;0,  0> +
            ...
 |   24> = ( 1.0000000,-0.0000000)|  12, 0, 0;0,  0;0,  0> +
           ( 0.0000119,-0.0000000)|  12, 0, 0;0,  0;1,  0> +
           (-0.0000119, 0.0000000)|  12, 0, 0;1,  0;0,  0> +
            ...
 # The upper part of the spectrum
 # Eigenvalues first: 512	 last: 562
 29007.600320230 29007.600320230 29007.600321202 29007.600321202 29007.600323466 29007.600325412 29008.600320229 29008.600320229 29008.600321202 29008.600321202 29008.600323467 29008.600325412 29009.600320229 29009.600320230 29009.600321202 29009.600321202 29009.600323466 29009.600325411 29010.600320229 29010.600320229 29010.600321202 29010.600321202 29010.600323466 29010.600325412 29011.600320229 29011.600320229 29011.600321202 29011.600321202 29011.600323466 29011.600325411 29012.600320229 29012.600320230 29012.600321202 29012.600321203 29012.600323466 29012.600325412 29013.600320229 29013.600320229 29013.600321202 29013.600321202 29013.600323466 29013.600325412 29013.989289633 29013.989289633 29013.989289634 29013.989289634 29013.989290605 29013.989290605 29013.989290606 29013.989290606

# Excited states :
 |  511> = ( 0.0022863, 0.9999974)|  31, 3, 3;0,  0;0,  0> +
           ( 0.0000000, 0.0000119)|  31, 3, 3;0,  0;1,  0> +
           (-0.0000000,-0.0000119)|  31, 3, 3;1,  0;0,  0> +
            ...
 |  512> = (-0.6426326, 0.0120841)|   0, 0, 0;0,  0;1,  1> +
           ( 0.6423262,-0.0120947)|   0, 0, 0;1,  1;0,  0> +
           ( 0.2951140, 0.0000003)|   0, 0, 0;0,  0;1, -1> +
           (-0.2950522,-0.0000005)|   0, 0, 0;1, -1;0,  0> +
           (-0.0000146, 0.0000000)|   0, 0, 0;1,  0;0,  0> +
           (-0.0000135, 0.0000000)|   0, 0, 0;0,  0;1,  0> +
            ...
 |  513> = (-0.6426554, 0.0000001)|   0, 0, 0;0,  0;1, -1> +
           ( 0.6425309,-0.0000002)|   0, 0, 0;1, -1;0,  0> +
           (-0.2950975, 0.0055495)|   0, 0, 0;0,  0;1,  1> +
           ( 0.2949642,-0.0055545)|   0, 0, 0;1,  1;0,  0> +
            ...
 |  514> = ( 0.7067830, 0.0259750)|   0, 0, 0;1,  1;0,  0> +
           ( 0.7064488, 0.0259807)|   0, 0, 0;0,  0;1,  1> +
           (-0.0043709, 0.0000003)|   0, 0, 0;1, -1;0,  0> +
           (-0.0043633, 0.0000007)|   0, 0, 0;0,  0;1, -1> +
            ...
 |  515> = ( 0.7071627, 0.0000000)|   0, 0, 0;1, -1;0,  0> +
           ( 0.7070239, 0.0000000)|   0, 0, 0;0,  0;1, -1> +
           ( 0.0043652, 0.0001610)|   0, 0, 0;0,  0;1,  1> +
           ( 0.0043631, 0.0001608)|   0, 0, 0;1,  1;0,  0> +
            ...
 |  516> = (-0.7071065,-0.0006572)|   0, 0, 0;1,  0;0,  0> +
           (-0.7071065,-0.0006572)|   0, 0, 0;0,  0;1,  0> +
           ( 0.0000232,-0.0000001)|   0, 0, 0;0,  0;1,  1> +
            ...
 |  517> = ( 0.7071068, 0.0000000)|   0, 0, 0;0,  0;1,  0> +
           (-0.7071068, 0.0000000)|   0, 0, 0;1,  0;0,  0> +
           (-0.0000169, 0.0000000)|   0, 0, 0;1,  0;1,  0> +
           (-0.0000169, 0.0000000)|   0, 0, 0;0,  0;0,  0> +
            ...
 |  518> = ( 0.6991145,-0.0012796)|   1, 0, 0;1, -1;0,  0> +
           (-0.6990471, 0.0012780)|   1, 0, 0;0,  0;1, -1> +
           (-0.1063141,-0.0020566)|   1, 0, 0;0,  0;1,  1> +
           ( 0.1061025, 0.0020555)|   1, 0, 0;1,  1;0,  0> +
            ...
 |  519> = ( 0.6990711,-0.0047863)|   1, 0, 0;1,  1;0,  0> +
           (-0.6990600, 0.0047885)|   1, 0, 0;0,  0;1,  1> +
           ( 0.1062753,-0.0029761)|   1, 0, 0;0,  0;1, -1> +
           (-0.1060976, 0.0029791)|   1, 0, 0;1, -1;0,  0> +
            ...
 |  520> = ( 0.6449373, 0.0159664)|   1, 0, 0;1, -1;0,  0> +
           ( 0.6448874, 0.0159668)|   1, 0, 0;0,  0;1, -1> +
           ( 0.2893621, 0.0122170)|   1, 0, 0;0,  0;1,  1> +
           ( 0.2892010, 0.0122177)|   1, 0, 0;1,  1;0,  0> +
            ...
 |  521> = ( 0.6451511, 0.0028786)|   1, 0, 0;1,  1;0,  0> +
           ( 0.6450560, 0.0028786)|   1, 0, 0;0,  0;1,  1> +
           (-0.2896194, 0.0037620)|   1, 0, 0;0,  0;1, -1> +
           (-0.2894106, 0.0037620)|   1, 0, 0;1, -1;0,  0> +
            ...
 |  522> = ( 0.7071077,-0.0000000)|   1, 0, 0;0,  0;1,  0> +
           ( 0.7071059,-0.0000000)|   1, 0, 0;1,  0;0,  0> +
            ...
 |  523> = ( 0.7071077,-0.0000000)|   1, 0, 0;1,  0;0,  0> +
           (-0.7071059,-0.0000000)|   1, 0, 0;0,  0;1,  0> +
           ( 0.0000169, 0.0000000)|   1, 0, 0;1,  0;1,  0> +
           ( 0.0000169,-0.0000000)|   1, 0, 0;0,  0;0,  0> +
            ...
 |  524> = (-0.7066834,-0.0245504)|   2, 0, 0;0,  0;1,  1> +
           ( 0.7066769, 0.0245676)|   2, 0, 0;1,  1;0,  0> +
           (-0.0000211,-0.0000007)|   2, 0, 0;0,  0;1, -1> +
           ( 0.0000211, 0.0000007)|   2, 0, 0;1, -1;0,  0> +
            ...
 |  525> = (-0.7071485,-0.0000001)|   2, 0, 0;0,  0;1, -1> +
           ( 0.7070651,-0.0000002)|   2, 0, 0;1, -1;0,  0> +
           (-0.0000211, 0.0000000)|   2, 0, 0;1,  1;0,  0> +
           ( 0.0000211, 0.0000000)|   2, 0, 0;0,  0;1,  1> +
            ...
 |  526> = (-0.5286193, 0.4696443)|   2, 0, 0;1,  1;0,  0> +
           (-0.5286033, 0.4696535)|   2, 0, 0;0,  0;1,  1> +
           (-0.0000151, 0.0000135)|   2, 0, 0;1, -1;0,  0> +
           (-0.0000151, 0.0000135)|   2, 0, 0;0,  0;1, -1> +
            ...
 |  527> = (-0.7071485, 0.0000004)|   2, 0, 0;1, -1;0,  0> +
           (-0.7070651, 0.0000001)|   2, 0, 0;0,  0;1, -1> +
           ( 0.0000203, 0.0000000)|   2, 0, 0;1,  1;0,  0> +
           ( 0.0000203, 0.0000000)|   2, 0, 0;0,  0;1,  1> +
            ...
 |  528> = ( 0.7071072,-0.0000000)|   2, 0, 0;1,  0;0,  0> +
           ( 0.7071063,-0.0000000)|   2, 0, 0;0,  0;1,  0> +
            ...
 |  529> = (-0.7071072, 0.0000000)|   2, 0, 0;0,  0;1,  0> +
           ( 0.7071063, 0.0000000)|   2, 0, 0;1,  0;0,  0> +
           ( 0.0000169, 0.0000000)|   2, 0, 0;1,  0;1,  0> +
           ( 0.0000169, 0.0000000)|   2, 0, 0;0,  0;0,  0> +
            ...
 |  530> = ( 0.7071953, 0.0000000)|   3, 0, 0;1, -1;0,  0> +
           (-0.7070182,-0.0000000)|   3, 0, 0;0,  0;1, -1> +
           ( 0.0000511, 0.0000000)|   3, 0, 0;1,  1;0,  0> +
           (-0.0000511,-0.0000000)|   3, 0, 0;0,  0;1,  1> +
            ...
 |  531> = (-0.7072413,-0.0022891)|   3, 0, 0;1,  1;0,  0> +
           ( 0.7069647, 0.0023098)|   3, 0, 0;0,  0;1,  1> +
           ( 0.0000511, 0.0000002)|   3, 0, 0;1, -1;0,  0> +
           (-0.0000511,-0.0000002)|   3, 0, 0;0,  0;1, -1> +
            ...
 |  532> = (-0.7058164, 0.0449305)|   3, 0, 0;0,  0;1,  1> +
           (-0.7055390, 0.0449344)|   3, 0, 0;1,  1;0,  0> +
           ( 0.0000507,-0.0000032)|   3, 0, 0;0,  0;1, -1> +
           ( 0.0000507,-0.0000032)|   3, 0, 0;1, -1;0,  0> +
            ...
 |  533> = (-0.7071953,-0.0000001)|   3, 0, 0;0,  0;1, -1> +
           (-0.7070182,-0.0000001)|   3, 0, 0;1, -1;0,  0> +
           (-0.0000508, 0.0000000)|   3, 0, 0;0,  0;1,  1> +
           (-0.0000508, 0.0000000)|   3, 0, 0;1,  1;0,  0> +
            ...
 |  534> = ( 0.7071070, 0.0002888)|   3, 0, 0;1,  0;0,  0> +
           ( 0.7071064, 0.0002888)|   3, 0, 0;0,  0;1,  0> +
            ...
 |  535> = ( 0.7071071, 0.0000000)|   3, 0, 0;0,  0;1,  0> +
           (-0.7071065, 0.0000000)|   3, 0, 0;1,  0;0,  0> +
           (-0.0000169,-0.0000000)|   3, 0, 0;1,  0;1,  0> +
           (-0.0000169,-0.0000000)|   3, 0, 0;0,  0;0,  0> +
            ...
 |  536> = (-0.7072315,-0.0000001)|   4, 0, 0;0,  0;1, -1> +
           ( 0.7069820, 0.0000001)|   4, 0, 0;1, -1;0,  0> +
           (-0.0000362,-0.0000000)|   4, 0, 0;1,  1;0,  0> +
           ( 0.0000362, 0.0000000)|   4, 0, 0;0,  0;1,  1> +
            ...
 |  537> = (-0.7071520,-0.0004882)|   4, 0, 0;1,  1;0,  0> +
           ( 0.7070612, 0.0004853)|   4, 0, 0;0,  0;1,  1> +
           (-0.0000362,-0.0000000)|   4, 0, 0;1, -1;0,  0> +
           ( 0.0000362, 0.0000000)|   4, 0, 0;0,  0;1, -1> +
            ...
 |  538> = (-0.7072315,-0.0000001)|   4, 0, 0;1, -1;0,  0> +
           (-0.7069820,-0.0000001)|   4, 0, 0;0,  0;1, -1> +
           ( 0.0000360,-0.0000000)|   4, 0, 0;1,  1;0,  0> +
           ( 0.0000359,-0.0000000)|   4, 0, 0;0,  0;1,  1> +
            ...
 |  539> = ( 0.7069910, 0.0150991)|   4, 0, 0;0,  0;1,  1> +
           ( 0.7069001, 0.0150999)|   4, 0, 0;1,  1;0,  0> +
           ( 0.0000360, 0.0000008)|   4, 0, 0;1, -1;0,  0> +
           ( 0.0000359, 0.0000008)|   4, 0, 0;0,  0;1, -1> +
            ...
 |  540> = (-0.7070958, 0.0043254)|   4, 0, 0;1,  0;0,  0> +
           (-0.7070913, 0.0043254)|   4, 0, 0;0,  0;1,  0> +
            ...
 |  541> = (-0.7071091, 0.0000000)|   4, 0, 0;0,  0;1,  0> +
           ( 0.7071045, 0.0000000)|   4, 0, 0;1,  0;0,  0> +
           ( 0.0000169, 0.0000000)|   4, 0, 0;1,  0;1,  0> +
           ( 0.0000169, 0.0000000)|   4, 0, 0;0,  0;0,  0> +
            ...
 |  542> = ( 0.6760593,-0.2084206)|   5, 0, 0;0,  0;1,  1> +
           (-0.6753130, 0.2084636)|   5, 0, 0;1,  1;0,  0> +
           (-0.0000336, 0.0000110)|   5, 0, 0;0,  0;1, -1> +
           ( 0.0000336,-0.0000110)|   5, 0, 0;1, -1;0,  0> +
            ...
 |  543> = ( 0.7072288,-0.0000012)|   5, 0, 0;1, -1;0,  0> +
           (-0.7069847, 0.0000013)|   5, 0, 0;0,  0;1, -1> +
           (-0.0000353,-0.0000006)|   5, 0, 0;0,  0;1,  1> +
           ( 0.0000353, 0.0000006)|   5, 0, 0;1,  1;0,  0> +
            ...
 |  544> = ( 0.7072288,-0.0000000)|   5, 0, 0;0,  0;1, -1> +
           ( 0.7069847, 0.0000000)|   5, 0, 0;1, -1;0,  0> +
           ( 0.0000342, 0.0000001)|   5, 0, 0;0,  0;1,  1> +
           ( 0.0000342, 0.0000001)|   5, 0, 0;1,  1;0,  0> +
            ...
 |  545> = ( 0.7065090, 0.0366118)|   5, 0, 0;1,  1;0,  0> +
           ( 0.7057958, 0.0368362)|   5, 0, 0;0,  0;1,  1> +
           (-0.0000342,-0.0000017)|   5, 0, 0;1, -1;0,  0> +
           (-0.0000341,-0.0000017)|   5, 0, 0;0,  0;1, -1> +
            ...
 |  546> = ( 0.7071084, 0.0000694)|   5, 0, 0;1,  0;0,  0> +
           ( 0.7071051, 0.0000694)|   5, 0, 0;0,  0;1,  0> +
            ...
 |  547> = ( 0.7071084, 0.0000000)|   5, 0, 0;0,  0;1,  0> +
           (-0.7071051, 0.0000000)|   5, 0, 0;1,  0;0,  0> +
           (-0.0000169,-0.0000000)|   5, 0, 0;1,  0;1,  0> +
           (-0.0000169,-0.0000000)|   5, 0, 0;0,  0;0,  0> +
            ...
 |  548> = (-0.7072122,-0.0000633)|   6, 0, 0;0,  0;1, -1> +
           ( 0.7070004, 0.0000630)|   6, 0, 0;1, -1;0,  0> +
           ( 0.0007320, 0.0003242)|   6, 0, 0;0,  0;1,  1> +
           (-0.0007320,-0.0003242)|   6, 0, 0;1,  1;0,  0> +
            ...
 |  549> = (-0.2285021,-0.6691860)|   6, 0, 0;0,  0;1,  1> +
           ( 0.2284886, 0.6691551)|   6, 0, 0;1,  1;0,  0> +
           (-0.0005433,-0.0005880)|   6, 0, 0;0,  0;1, -1> +
           ( 0.0005433, 0.0005880)|   6, 0, 0;1, -1;0,  0> +
            ...
 |  550> = (-0.5325160, 0.4652424)|   6, 0, 0;1,  1;0,  0> +
           (-0.5324888, 0.4652224)|   6, 0, 0;0,  0;1,  1> +
           (-0.0002038, 0.0000898)|   6, 0, 0;1, -1;0,  0> +
           (-0.0002038, 0.0000897)|   6, 0, 0;0,  0;1, -1> +
            ...
 |  551> = (-0.7072125,-0.0004167)|   6, 0, 0;1, -1;0,  0> +
           (-0.7070007,-0.0004169)|   6, 0, 0;0,  0;1, -1> +
           ( 0.0002127,-0.0000663)|   6, 0, 0;1,  1;0,  0> +
           ( 0.0002124,-0.0000664)|   6, 0, 0;0,  0;1,  1> +
            ...
 |  552> = ( 0.7071587,-0.0000276)|   6, 0, 0;0,  0;1,  0> +
           ( 0.7070549,-0.0000276)|   6, 0, 0;1,  0;0,  0> +
            ...
 |  553> = (-0.7071586, 0.0001891)|   6, 0, 0;1,  0;0,  0> +
           ( 0.7070549,-0.0001891)|   6, 0, 0;0,  0;1,  0> +
           (-0.0000169, 0.0000000)|   6, 0, 0;1,  0;1,  0> +
           (-0.0000169, 0.0000000)|   6, 0, 0;0,  0;0,  0> +
            ...
 |  554> = (-0.0002385, 0.4183961)|   0, 0, 1;1, -1;0,  0> +
           ( 0.0002417,-0.4183829)|   0, 0, 1;0,  0;1, -1> +
           ( 0.0026432, 0.3612360)|   0, 0, 1;0,  0;1,  1> +
           (-0.0026509,-0.3611725)|   0, 0, 1;1,  1;0,  0> +
           (-0.3388564,-0.0026778)|   0, 1, 0;0,  0;1, -1> +
           ( 0.3388204, 0.0026826)|   0, 1, 0;1, -1;0,  0> +
           ( 0.2822440,-0.0002079)|   0, 1, 0;1,  1;0,  0> +
           (-0.2822236, 0.0002060)|   0, 1, 0;0,  0;1,  1> +
            ...
 |  555> = ( 0.0000008,-0.3537022)|   0, 0, 1;0,  0;1,  1> +
           (-0.0000008, 0.3536997)|   0, 0, 1;1,  1;0,  0> +
           ( 0.3536947,-0.0000008)|   0, 1, 0;0,  0;1, -1> +
           (-0.3536925, 0.0000008)|   0, 1, 0;1, -1;0,  0> +
           (-0.3534368, 0.0000000)|   0, 1, 0;0,  0;1,  1> +
           ( 0.3534355,-0.0000000)|   0, 1, 0;1,  1;0,  0> +
           ( 0.0000000,-0.3533836)|   0, 0, 1;0,  0;1, -1> +
           (-0.0000000, 0.3533818)|   0, 0, 1;1, -1;0,  0> +
            ...
 |  556> = ( 0.1901673,-0.4125376)|   0, 1, 0;0,  0;1,  1> +
           (-0.1901979, 0.4124805)|   0, 1, 0;1,  1;0,  0> +
           ( 0.3468702, 0.1538376)|   0, 0, 1;1, -1;0,  0> +
           (-0.3469013,-0.1537479)|   0, 0, 1;0,  0;1, -1> +
           ( 0.2563821,-0.1350994)|   0, 0, 1;1,  1;0,  0> +
           (-0.2562931, 0.1349148)|   0, 0, 1;0,  0;1,  1> +
           (-0.1714702,-0.1907646)|   0, 1, 0;1, -1;0,  0> +
           ( 0.1713249, 0.1906640)|   0, 1, 0;0,  0;1, -1> +
            ...
 |  557> = (-0.2326711, 0.3744549)|   0, 1, 0;1, -1;0,  0> +
           ( 0.2326367,-0.3744250)|   0, 1, 0;0,  0;1, -1> +
           (-0.3620792,-0.1714261)|   0, 0, 1;1,  1;0,  0> +
           ( 0.3620744, 0.1714126)|   0, 0, 1;0,  0;1,  1> +
           ( 0.2980529,-0.0163077)|   0, 1, 0;0,  0;1,  1> +
           (-0.2980256, 0.0163360)|   0, 1, 0;1,  1;0,  0> +
           (-0.0039623,-0.2368101)|   0, 0, 1;0,  0;1, -1> +
           ( 0.0039552, 0.2367856)|   0, 0, 1;1, -1;0,  0> +
           (-0.0000260, 0.0000294)|   0, 0, 1;1,  0;0,  0> +
           ( 0.0000191, 0.0000340)|   0, 0, 1;0,  0;1,  0> +
            ...
 |  558> = (-0.4991669,-0.4278434)|   0, 1, 0;1,  1;0,  0> +
           (-0.4991196,-0.4278126)|   0, 1, 0;0,  0;1,  1> +
           (-0.1913165, 0.1400612)|   0, 0, 1;1,  1;0,  0> +
           (-0.1912975, 0.1400389)|   0, 0, 1;0,  0;1,  1> +
           (-0.0795724,-0.0259221)|   0, 1, 0;0,  0;1, -1> +
           (-0.0795640,-0.0259120)|   0, 1, 0;1, -1;0,  0> +
           (-0.0141547, 0.0663791)|   0, 0, 1;1, -1;0,  0> +
           (-0.0141329, 0.0663458)|   0, 0, 1;0,  0;1, -1> +
           (-0.0000276, 0.0000026)|   0, 1, 0;0,  0;1,  0> +
           ( 0.0000200, 0.0000070)|   0, 1, 0;1,  0;0,  0> +
            ...
 |  559> = (-0.5149008,-0.2528049)|   0, 1, 0;0,  0;1, -1> +
           (-0.5148204,-0.2527513)|   0, 1, 0;1, -1;0,  0> +
           ( 0.1837217,-0.2229371)|   0, 0, 1;0,  0;1,  1> +
           ( 0.1836547,-0.2228736)|   0, 0, 1;1,  1;0,  0> +
           ( 0.0565510,-0.2822640)|   0, 0, 1;1, -1;0,  0> +
           ( 0.0566287,-0.2822181)|   0, 0, 1;0,  0;1, -1> +
           (-0.0680311,-0.0103089)|   0, 1, 0;0,  0;1,  1> +
           (-0.0679683,-0.0104001)|   0, 1, 0;1,  1;0,  0> +
            ...
 |  560> = ( 0.0361728,-0.5284260)|   0, 0, 1;1,  1;0,  0> +
           ( 0.0362002,-0.5283985)|   0, 0, 1;0,  0;1,  1> +
           ( 0.3669695,-0.0229153)|   0, 1, 0;1, -1;0,  0> +
           ( 0.3669162,-0.0229362)|   0, 1, 0;0,  0;1, -1> +
           (-0.2471840, 0.0093261)|   0, 1, 0;0,  0;1,  1> +
           (-0.2471511, 0.0092874)|   0, 1, 0;1,  1;0,  0> +
           (-0.0134431,-0.1514758)|   0, 0, 1;0,  0;1, -1> +
           (-0.0134753,-0.1514356)|   0, 0, 1;1, -1;0,  0> +
            ...
 |  561> = ( 0.0439279,-0.6224880)|   0, 0, 1;0,  0;1, -1> +
           ( 0.0440313,-0.6224687)|   0, 0, 1;1, -1;0,  0> +
           (-0.1186230, 0.2564779)|   0, 0, 1;0,  0;1,  1> +
           (-0.1185460, 0.2564283)|   0, 0, 1;1,  1;0,  0> +
           ( 0.1522911, 0.0752817)|   0, 1, 0;0,  0;1, -1> +
           ( 0.1522297, 0.0752258)|   0, 1, 0;1, -1;0,  0> +
           ( 0.0313475,-0.0305251)|   0, 1, 0;0,  0;1,  1> +
           ( 0.0313140,-0.0304008)|   0, 1, 0;1,  1;0,  0> +
           ( 0.0000097,-0.0000131)|   0, 0, 1;1,  0;0,  0> +
           (-0.0000061,-0.0000128)|   0, 0, 1;0,  0;1,  0> +
            ...
