p1695
p1695
p1695
p1695
p1695
p1695
p1695
p1695
p1695
p1695
p1695
p1695
p1695
p1695
p1695
p1695
p1695
p1695
p1695
p1695
p1695
p1695
p1695
p1695
# Parameters of the model
#  mass:		  261.0000 u
#  charge:	    1.0000 e
#  dipole:	   4.74500 D
#  B:		    503.65 MHz
#  omega_rho:	    1.4000 MHz
#  omega_z:	  0.114000 MHz

# omega_1:	  0.197454 MHz
# omega_3/5:	   1.39535 MHz

# Basis truncation:	|32,4,4;2,2>
# Basis size:		41472

# Active terms of the Hamiltionian:
# 	Nomal modes:	1
# 	T_rot:      	1
# 	V_qd^{(0)}: 	1
# 	V_qd^{(1)}: 	1
# 	V_dd^{(0)}: 	1

# Results of the diagonalisation
# 100 smallest eigenvalues
 7.566713962 8.566713962 9.566713962 10.566713962 11.566713962 12.566713962 13.566713962 14.566713962 14.633434927 14.633434927 15.566713962 15.633434926 15.633434927 16.566713962 16.633434927 16.633434927 17.566713962 17.633434927 17.633434927 18.566713962 18.633434927 18.633434927 19.566713962 19.633434926 19.633434928 20.566713962 20.633434926 20.633434927 21.566713961 21.633434926 21.633434927 21.700155891 21.700155892 21.700155892 22.566713961 22.633434926 22.633434926 22.700155891 22.700155892 22.700155892 23.566713962 23.633434926 23.633434927 23.700155891 23.700155891 23.700155891 24.566713962 24.633434926 24.633434927 24.700155891 24.700155892 24.700155892 25.566713962 25.633434926 25.633434927 25.700155891 25.700155892 25.700155892 26.566713962 26.633434926 26.633434927 26.700155891 26.700155891 26.700155891 27.566713961 27.633434927 27.633434927 27.700155892 27.700155892 27.700155892 28.566713961 28.633434926 28.633434926 28.700155891 28.700155891 28.700155892 28.766876856 28.766876856 28.766876856 28.766876856 29.566713962 29.633434926 29.633434927 29.700155891 29.700155892 29.700155892 29.766876856 29.766876856 29.766876856 29.766876856 30.566713961 30.633434927 30.633434927 30.700155891 30.700155891 30.700155892 30.766876855 30.766876856 30.766876856 30.766876857

# Ground state and the lowest excitations:
 |    0> = ( 1.0000000, 0.0000000)|   0, 0, 0;0,  0;0,  0> +
           (-0.0000105, 0.0000000)|   0, 0, 0;1,  0;0,  0> +
           ( 0.0000105, 0.0000000)|   0, 0, 0;0,  0;1,  0> +
            ...
 |    1> = ( 1.0000000, 0.0000000)|   1, 0, 0;0,  0;0,  0> +
           (-0.0000105, 0.0000000)|   1, 0, 0;1,  0;0,  0> +
           ( 0.0000105, 0.0000000)|   1, 0, 0;0,  0;1,  0> +
            ...
 |    2> = (-1.0000000,-0.0000000)|   2, 0, 0;0,  0;0,  0> +
           (-0.0000105, 0.0000000)|   2, 0, 0;0,  0;1,  0> +
           ( 0.0000105, 0.0000000)|   2, 0, 0;1,  0;0,  0> +
            ...
 |    3> = ( 1.0000000,-0.0000000)|   3, 0, 0;0,  0;0,  0> +
           (-0.0000105, 0.0000000)|   3, 0, 0;1,  0;0,  0> +
           ( 0.0000105, 0.0000000)|   3, 0, 0;0,  0;1,  0> +
            ...
 |    4> = ( 1.0000000,-0.0000000)|   4, 0, 0;0,  0;0,  0> +
           ( 0.0000105,-0.0000000)|   4, 0, 0;0,  0;1,  0> +
           (-0.0000105,-0.0000000)|   4, 0, 0;1,  0;0,  0> +
            ...
 |    5> = (-1.0000000,-0.0000000)|   5, 0, 0;0,  0;0,  0> +
           (-0.0000105,-0.0000000)|   5, 0, 0;0,  0;1,  0> +
           ( 0.0000105,-0.0000000)|   5, 0, 0;1,  0;0,  0> +
            ...
 |    6> = (-1.0000000, 0.0000000)|   6, 0, 0;0,  0;0,  0> +
           (-0.0000105, 0.0000000)|   6, 0, 0;0,  0;1,  0> +
           ( 0.0000105,-0.0000000)|   6, 0, 0;1,  0;0,  0> +
            ...
 |    7> = (-1.0000000,-0.0000000)|   7, 0, 0;0,  0;0,  0> +
           (-0.0000105,-0.0000000)|   7, 0, 0;0,  0;1,  0> +
           ( 0.0000105, 0.0000000)|   7, 0, 0;1,  0;0,  0> +
            ...
 |    8> = ( 0.7080710, 0.0000000)|   0, 1, 0;0,  0;0,  0> +
           ( 0.0000000, 0.7061412)|   0, 0, 1;0,  0;0,  0> +
            ...
 |    9> = ( 0.0000001,-0.7080710)|   0, 0, 1;0,  0;0,  0> +
           ( 0.7061412, 0.0000001)|   0, 1, 0;0,  0;0,  0> +
            ...
 |   10> = ( 1.0000000, 0.0000000)|   8, 0, 0;0,  0;0,  0> +
           (-0.0000105,-0.0000000)|   8, 0, 0;1,  0;0,  0> +
           ( 0.0000105, 0.0000000)|   8, 0, 0;0,  0;1,  0> +
            ...
 |   11> = (-0.7405609, 0.0013141)|   1, 1, 0;0,  0;0,  0> +
           ( 0.0013141, 0.6719867)|   1, 0, 1;0,  0;0,  0> +
            ...
 |   12> = (-0.0000638,-0.7405621)|   1, 0, 1;0,  0;0,  0> +
           (-0.6719879,-0.0000638)|   1, 1, 0;0,  0;0,  0> +
            ...
 |   13> = (-1.0000000,-0.0000000)|   9, 0, 0;0,  0;0,  0> +
           (-0.0000105,-0.0000000)|   9, 0, 0;0,  0;1,  0> +
           ( 0.0000105, 0.0000000)|   9, 0, 0;1,  0;0,  0> +
            ...
 |   14> = ( 0.0000861,-0.7251167)|   2, 0, 1;0,  0;0,  0> +
           (-0.6886260, 0.0000861)|   2, 1, 0;0,  0;0,  0> +
            ...
 |   15> = ( 0.7251090, 0.0033378)|   2, 1, 0;0,  0;0,  0> +
           ( 0.0033378,-0.6886179)|   2, 0, 1;0,  0;0,  0> +
            ...
 |   16> = ( 1.0000000, 0.0000000)|  10, 0, 0;0,  0;0,  0> +
           (-0.0000105,-0.0000000)|  10, 0, 0;1,  0;0,  0> +
           ( 0.0000105, 0.0000000)|  10, 0, 0;0,  0;1,  0> +
            ...
 |   17> = (-0.7260574,-0.0062178)|   3, 1, 0;0,  0;0,  0> +
           (-0.0062178, 0.6875779)|   3, 0, 1;0,  0;0,  0> +
            ...
 |   18> = (-0.0001692, 0.7260840)|   3, 0, 1;0,  0;0,  0> +
           ( 0.6876060,-0.0001692)|   3, 1, 0;0,  0;0,  0> +
            ...
 |   19> = (-1.0000000, 0.0000000)|  11, 0, 0;0,  0;0,  0> +
           ( 0.0000105,-0.0000000)|  11, 0, 0;1,  0;0,  0> +
           (-0.0000105, 0.0000000)|  11, 0, 0;0,  0;1,  0> +
            ...
 |   20> = (-0.7074328,-0.0000429)|   4, 1, 0;0,  0;0,  0> +
           (-0.0000429,-0.7067806)|   4, 0, 1;0,  0;0,  0> +
            ...
 |   21> = (-0.0911770, 0.7015326)|   4, 0, 1;0,  0;0,  0> +
           (-0.7008747,-0.0911780)|   4, 1, 0;0,  0;0,  0> +
            ...
 |   22> = ( 1.0000000, 0.0000000)|  12, 0, 0;0,  0;0,  0> +
           ( 0.0000105, 0.0000000)|  12, 0, 0;0,  0;1,  0> +
           (-0.0000105,-0.0000000)|  12, 0, 0;1,  0;0,  0> +
            ...
 |   23> = ( 0.0000523, 0.7097478)|   5, 0, 1;0,  0;0,  0> +
           ( 0.7044558, 0.0000523)|   5, 1, 0;0,  0;0,  0> +
            ...
 |   24> = ( 0.7096096,-0.0140050)|   5, 1, 0;0,  0;0,  0> +
           (-0.0140049,-0.7043166)|   5, 0, 1;0,  0;0,  0> +
            ...
 # The upper part of the spectrum
 # Eigenvalues first: 512	 last: 562
 32060.984531262 32060.984531262 32060.984532142 32060.984532142 32060.984533973 32060.984535733 32061.984531262 32061.984531262 32061.984532141 32061.984532142 32061.984533973 32061.984535733 32062.984531262 32062.984531262 32062.984532142 32062.984532142 32062.984533973 32062.984535733 32063.984531262 32063.984531262 32063.984532142 32063.984532142 32063.984533973 32063.984535733 32064.984531262 32064.984531262 32064.984532142 32064.984532142 32064.984533973 32064.984535733 32065.984531262 32065.984531262 32065.984532141 32065.984532142 32065.984533973 32065.984535733 32066.984531261 32066.984531262 32066.984532141 32066.984532142 32066.984533973 32066.984535733 32067.984531261 32067.984531262 32067.984532141 32067.984532142 32067.984533973 32067.984535733 32068.051252226 32068.051252227

# Excited states :
 |  511> = ( 0.0000767, 1.0000000)|  31, 3, 3;0,  0;0,  0> +
           (-0.0000000,-0.0000105)|  31, 3, 3;1,  0;0,  0> +
           ( 0.0000000, 0.0000105)|  31, 3, 3;0,  0;1,  0> +
            ...
 |  512> = (-0.7069441,-0.0000002)|   0, 0, 0;1, -1;0,  0> +
           ( 0.7067614, 0.0000000)|   0, 0, 0;0,  0;1, -1> +
           ( 0.0189445,-0.0006646)|   0, 0, 0;0,  0;1,  1> +
           (-0.0189344, 0.0006641)|   0, 0, 0;1,  1;0,  0> +
           (-0.0000122, 0.0000001)|   0, 0, 0;0,  0;1,  0> +
           (-0.0000104, 0.0000001)|   0, 0, 0;1,  0;0,  0> +
            ...
 |  513> = (-0.7064543, 0.0248808)|   0, 0, 0;1,  1;0,  0> +
           ( 0.7063751,-0.0248834)|   0, 0, 0;0,  0;1,  1> +
           ( 0.0189626,-0.0000033)|   0, 0, 0;1, -1;0,  0> +
           (-0.0189395, 0.0000022)|   0, 0, 0;0,  0;1, -1> +
            ...
 |  514> = ( 0.7071572, 0.0000000)|   0, 0, 0;0,  0;1, -1> +
           ( 0.7069741, 0.0000002)|   0, 0, 0;1, -1;0,  0> +
           ( 0.0076266, 0.0003902)|   0, 0, 0;1,  1;0,  0> +
           ( 0.0076092, 0.0003897)|   0, 0, 0;0,  0;1,  1> +
            ...
 |  515> = (-0.7061674,-0.0364046)|   0, 0, 0;0,  0;1,  1> +
           (-0.7060882,-0.0364060)|   0, 0, 0;1,  1;0,  0> +
           ( 0.0076350, 0.0000033)|   0, 0, 0;0,  0;1, -1> +
           ( 0.0076208, 0.0000023)|   0, 0, 0;1, -1;0,  0> +
            ...
 |  516> = (-0.7071078,-0.0000001)|   0, 0, 0;1,  0;0,  0> +
           (-0.7071057,-0.0000001)|   0, 0, 0;0,  0;1,  0> +
           ( 0.0000122, 0.0000002)|   0, 0, 0;1, -1;0,  0> +
           (-0.0000106, 0.0000000)|   0, 0, 0;0,  0;1, -1> +
            ...
 |  517> = ( 0.7071078, 0.0000000)|   0, 0, 0;0,  0;1,  0> +
           (-0.7071057, 0.0000000)|   0, 0, 0;1,  0;0,  0> +
           (-0.0000148, 0.0000000)|   0, 0, 0;1,  0;1,  0> +
           (-0.0000148, 0.0000000)|   0, 0, 0;0,  0;0,  0> +
            ...
 |  518> = (-0.5754195,-0.0018494)|   1, 0, 0;0,  0;1,  1> +
           ( 0.5753851, 0.0018495)|   1, 0, 0;1,  1;0,  0> +
           (-0.4110120,-0.0013212)|   1, 0, 0;1, -1;0,  0> +
           ( 0.4109540, 0.0013207)|   1, 0, 0;0,  0;1, -1> +
            ...
 |  519> = (-0.5754519, 0.0000001)|   1, 0, 0;0,  0;1, -1> +
           ( 0.5753586,-0.0000000)|   1, 0, 0;1, -1;0,  0> +
           ( 0.4110474,-0.0000000)|   1, 0, 0;1,  1;0,  0> +
           (-0.4109229,-0.0000001)|   1, 0, 0;0,  0;1,  1> +
            ...
 |  520> = (-0.6205992, 0.0023889)|   1, 0, 0;0,  0;1, -1> +
           (-0.6205781, 0.0023887)|   1, 0, 0;1, -1;0,  0> +
           (-0.3389468, 0.0014281)|   1, 0, 0;1,  1;0,  0> +
           (-0.3388790, 0.0014277)|   1, 0, 0;0,  0;1,  1> +
            ...
 |  521> = (-0.6206370, 0.0000557)|   1, 0, 0;0,  0;1,  1> +
           (-0.6205495, 0.0000556)|   1, 0, 0;1,  1;0,  0> +
           ( 0.3389792, 0.0000931)|   1, 0, 0;1, -1;0,  0> +
           ( 0.3388526, 0.0000928)|   1, 0, 0;0,  0;1, -1> +
            ...
 |  522> = ( 0.7071087, 0.0000000)|   1, 0, 0;0,  0;1,  0> +
           ( 0.7071049, 0.0000000)|   1, 0, 0;1,  0;0,  0> +
            ...
 |  523> = (-0.7071087,-0.0000000)|   1, 0, 0;1,  0;0,  0> +
           ( 0.7071049,-0.0000000)|   1, 0, 0;0,  0;1,  0> +
           (-0.0000148, 0.0000000)|   1, 0, 0;1,  0;1,  0> +
           (-0.0000148, 0.0000000)|   1, 0, 0;0,  0;0,  0> +
            ...
 |  524> = ( 0.5652109,-0.4249007)|   2, 0, 0;1,  1;0,  0> +
           (-0.5651982, 0.4249083)|   2, 0, 0;0,  0;1,  1> +
           (-0.0000146, 0.0000110)|   2, 0, 0;0,  0;1, -1> +
           ( 0.0000146,-0.0000110)|   2, 0, 0;1, -1;0,  0> +
            ...
 |  525> = (-0.7072270,-0.0000000)|   2, 0, 0;0,  0;1, -1> +
           ( 0.7069865,-0.0000007)|   2, 0, 0;1, -1;0,  0> +
           (-0.0000183,-0.0000000)|   2, 0, 0;1,  1;0,  0> +
           ( 0.0000183,-0.0000000)|   2, 0, 0;0,  0;1,  1> +
            ...
 |  526> = ( 0.7067913, 0.0212139)|   2, 0, 0;0,  0;1,  1> +
           ( 0.7067853, 0.0212274)|   2, 0, 0;1,  1;0,  0> +
           ( 0.0000207, 0.0000006)|   2, 0, 0;1, -1;0,  0> +
           ( 0.0000206, 0.0000006)|   2, 0, 0;0,  0;1, -1> +
            ...
 |  527> = (-0.7072270, 0.0000013)|   2, 0, 0;1, -1;0,  0> +
           (-0.7069865, 0.0000006)|   2, 0, 0;0,  0;1, -1> +
           ( 0.0000206,-0.0000000)|   2, 0, 0;1,  1;0,  0> +
           ( 0.0000206,-0.0000000)|   2, 0, 0;0,  0;1,  1> +
            ...
 |  528> = (-0.7071088, 0.0000001)|   2, 0, 0;0,  0;1,  0> +
           (-0.7071047, 0.0000001)|   2, 0, 0;1,  0;0,  0> +
            ...
 |  529> = (-0.7071088, 0.0000000)|   2, 0, 0;1,  0;0,  0> +
           ( 0.7071047, 0.0000000)|   2, 0, 0;0,  0;1,  0> +
           (-0.0000148,-0.0000000)|   2, 0, 0;1,  0;1,  0> +
           (-0.0000148,-0.0000000)|   2, 0, 0;0,  0;0,  0> +
            ...
 |  530> = (-0.7073199, 0.0067198)|   3, 0, 0;1,  1;0,  0> +
           ( 0.7068291,-0.0067280)|   3, 0, 0;0,  0;1,  1> +
           (-0.0006470, 0.0000058)|   3, 0, 0;1, -1;0,  0> +
           ( 0.0006466,-0.0000058)|   3, 0, 0;0,  0;1, -1> +
            ...
 |  531> = ( 0.7071612,-0.0000004)|   3, 0, 0;0,  0;1, -1> +
           (-0.7070517, 0.0000004)|   3, 0, 0;1, -1;0,  0> +
           (-0.0006468, 0.0000004)|   3, 0, 0;0,  0;1,  1> +
           ( 0.0006468,-0.0000004)|   3, 0, 0;1,  1;0,  0> +
            ...
 |  532> = ( 0.7071612,-0.0000000)|   3, 0, 0;1, -1;0,  0> +
           ( 0.7070517,-0.0000001)|   3, 0, 0;0,  0;1, -1> +
           (-0.0006370, 0.0000002)|   3, 0, 0;1,  1;0,  0> +
           (-0.0006369, 0.0000002)|   3, 0, 0;0,  0;1,  1> +
            ...
 |  533> = ( 0.7072527, 0.0118373)|   3, 0, 0;0,  0;1,  1> +
           ( 0.7067619, 0.0118420)|   3, 0, 0;1,  1;0,  0> +
           ( 0.0006370, 0.0000109)|   3, 0, 0;0,  0;1, -1> +
           ( 0.0006366, 0.0000109)|   3, 0, 0;1, -1;0,  0> +
            ...
 |  534> = ( 0.7071084,-0.0000760)|   3, 0, 0;1,  0;0,  0> +
           ( 0.7071052,-0.0000760)|   3, 0, 0;0,  0;1,  0> +
            ...
 |  535> = ( 0.7071084,-0.0000000)|   3, 0, 0;0,  0;1,  0> +
           (-0.7071052,-0.0000000)|   3, 0, 0;1,  0;0,  0> +
           (-0.0000148,-0.0000000)|   3, 0, 0;1,  0;1,  0> +
           (-0.0000148,-0.0000000)|   3, 0, 0;0,  0;0,  0> +
            ...
 |  536> = (-0.7070770, 0.0092390)|   4, 0, 0;0,  0;1,  1> +
           ( 0.7070158,-0.0092397)|   4, 0, 0;1,  1;0,  0> +
           ( 0.0000260,-0.0000003)|   4, 0, 0;0,  0;1, -1> +
           (-0.0000260, 0.0000003)|   4, 0, 0;1, -1;0,  0> +
            ...
 |  537> = (-0.7071083,-0.0000000)|   4, 0, 0;0,  0;1, -1> +
           ( 0.7071053, 0.0000001)|   4, 0, 0;1, -1;0,  0> +
           (-0.0000261,-0.0000000)|   4, 0, 0;0,  0;1,  1> +
           ( 0.0000259,-0.0000000)|   4, 0, 0;1,  1;0,  0> +
            ...
 |  538> = (-0.7069892,-0.0144791)|   4, 0, 0;1,  1;0,  0> +
           (-0.7069279,-0.0144793)|   4, 0, 0;0,  0;1,  1> +
           ( 0.0000259, 0.0000005)|   4, 0, 0;0,  0;1, -1> +
           ( 0.0000256, 0.0000005)|   4, 0, 0;1, -1;0,  0> +
            ...
 |  539> = (-0.7071083,-0.0000001)|   4, 0, 0;1, -1;0,  0> +
           (-0.7071053,-0.0000001)|   4, 0, 0;0,  0;1, -1> +
           (-0.0000258, 0.0000000)|   4, 0, 0;1,  1;0,  0> +
           (-0.0000258, 0.0000000)|   4, 0, 0;0,  0;1,  1> +
            ...
 |  540> = (-0.6993217, 0.1046446)|   4, 0, 0;1,  0;0,  0> +
           (-0.6993198, 0.1046446)|   4, 0, 0;0,  0;1,  0> +
            ...
 |  541> = (-0.7071077, 0.0000001)|   4, 0, 0;0,  0;1,  0> +
           ( 0.7071059, 0.0000001)|   4, 0, 0;1,  0;0,  0> +
           ( 0.0000148, 0.0000000)|   4, 0, 0;1,  0;1,  0> +
           ( 0.0000148, 0.0000000)|   4, 0, 0;0,  0;0,  0> +
            ...
 |  542> = (-0.7073701,-0.0000006)|   5, 0, 0;0,  0;1, -1> +
           ( 0.7068429, 0.0000006)|   5, 0, 0;1, -1;0,  0> +
           ( 0.0005804, 0.0000004)|   5, 0, 0;0,  0;1,  1> +
           (-0.0005795,-0.0000003)|   5, 0, 0;1,  1;0,  0> +
            ...
 |  543> = (-0.7064286, 0.0335371)|   5, 0, 0;0,  0;1,  1> +
           ( 0.7061905,-0.0335882)|   5, 0, 0;1,  1;0,  0> +
           (-0.0005793, 0.0000279)|   5, 0, 0;0,  0;1, -1> +
           ( 0.0005792,-0.0000279)|   5, 0, 0;1, -1;0,  0> +
            ...
 |  544> = ( 0.6938616, 0.1368293)|   5, 0, 0;1,  1;0,  0> +
           ( 0.6936185, 0.1368449)|   5, 0, 0;0,  0;1,  1> +
           ( 0.0005602, 0.0001115)|   5, 0, 0;0,  0;1, -1> +
           ( 0.0005599, 0.0001115)|   5, 0, 0;1, -1;0,  0> +
            ...
 |  545> = ( 0.7073701,-0.0000010)|   5, 0, 0;1, -1;0,  0> +
           ( 0.7068429,-0.0000010)|   5, 0, 0;0,  0;1, -1> +
           (-0.0005713, 0.0000010)|   5, 0, 0;1,  1;0,  0> +
           (-0.0005708, 0.0000010)|   5, 0, 0;0,  0;1,  1> +
            ...
 |  546> = (-0.7071114,-0.0006265)|   5, 0, 0;1,  0;0,  0> +
           (-0.7071016,-0.0006265)|   5, 0, 0;0,  0;1,  0> +
            ...
 |  547> = (-0.7071117,-0.0000000)|   5, 0, 0;0,  0;1,  0> +
           ( 0.7071019,-0.0000000)|   5, 0, 0;1,  0;0,  0> +
           ( 0.0000148, 0.0000000)|   5, 0, 0;1,  0;1,  0> +
           ( 0.0000148, 0.0000000)|   5, 0, 0;0,  0;0,  0> +
            ...
 |  548> = ( 0.6945054,-0.1341702)|   6, 0, 0;1,  1;0,  0> +
           (-0.6940739, 0.1338733)|   6, 0, 0;0,  0;1,  1> +
           (-0.0000615,-0.0000200)|   6, 0, 0;1, -1;0,  0> +
           ( 0.0000614, 0.0000201)|   6, 0, 0;0,  0;1, -1> +
            ...
 |  549> = ( 0.7073288,-0.0000483)|   6, 0, 0;0,  0;1, -1> +
           (-0.7068847, 0.0000483)|   6, 0, 0;1, -1;0,  0> +
           (-0.0000567, 0.0000315)|   6, 0, 0;1,  1;0,  0> +
           ( 0.0000563,-0.0000312)|   6, 0, 0;0,  0;1,  1> +
            ...
 |  550> = ( 0.5904236,-0.3895374)|   6, 0, 0;0,  0;1,  1> +
           ( 0.5899075,-0.3894481)|   6, 0, 0;1,  1;0,  0> +
           (-0.0001213, 0.0000411)|   6, 0, 0;1, -1;0,  0> +
           (-0.0001207, 0.0000411)|   6, 0, 0;0,  0;1, -1> +
            ...
 |  551> = (-0.7073288,-0.0000268)|   6, 0, 0;1, -1;0,  0> +
           (-0.7068847,-0.0000268)|   6, 0, 0;0,  0;1, -1> +
           (-0.0001237, 0.0000323)|   6, 0, 0;1,  1;0,  0> +
           (-0.0001237, 0.0000323)|   6, 0, 0;0,  0;1,  1> +
            ...
 |  552> = (-0.7071117,-0.0005508)|   6, 0, 0;0,  0;1,  0> +
           (-0.7071015,-0.0005507)|   6, 0, 0;1,  0;0,  0> +
            ...
 |  553> = (-0.7071110, 0.0011366)|   6, 0, 0;1,  0;0,  0> +
           ( 0.7071008,-0.0011364)|   6, 0, 0;0,  0;1,  0> +
           (-0.0000148, 0.0000000)|   6, 0, 0;1,  0;1,  0> +
           (-0.0000148, 0.0000000)|   6, 0, 0;0,  0;0,  0> +
            ...
 |  554> = ( 0.5183293,-0.3926121)|   7, 0, 0;1, -1;0,  0> +
           (-0.5179854, 0.3926921)|   7, 0, 0;0,  0;1, -1> +
           ( 0.0553455, 0.2727644)|   7, 0, 0;0,  0;1,  1> +
           (-0.0552909,-0.2723122)|   7, 0, 0;1,  1;0,  0> +
            ...
 |  555> = (-0.1717141,-0.6270796)|   7, 0, 0;0,  0;1,  1> +
           ( 0.1717389, 0.6269902)|   7, 0, 0;1,  1;0,  0> +
           ( 0.2099764,-0.1823990)|   7, 0, 0;1, -1;0,  0> +
           (-0.2098077, 0.1824714)|   7, 0, 0;0,  0;1, -1> +
            ...
 |  556> = ( 0.0853792, 0.5804662)|   7, 0, 0;1,  1;0,  0> +
           ( 0.0853265, 0.5802749)|   7, 0, 0;0,  0;1,  1> +
           ( 0.3871458, 0.0783641)|   7, 0, 0;0,  0;1, -1> +
           ( 0.3867216, 0.0786992)|   7, 0, 0;1, -1;0,  0> +
            ...
 |  557> = ( 0.5091011, 0.2914828)|   7, 0, 0;0,  0;1, -1> +
           ( 0.5090047, 0.2915444)|   7, 0, 0;1, -1;0,  0> +
           ( 0.0682612,-0.3889575)|   7, 0, 0;1,  1;0,  0> +
           ( 0.0683006,-0.3887896)|   7, 0, 0;0,  0;1,  1> +
            ...
 |  558> = (-0.7071457, 0.0030714)|   7, 0, 0;0,  0;1,  0> +
           (-0.7070545, 0.0030719)|   7, 0, 0;1,  0;0,  0> +
            ...
 |  559> = ( 0.7071469, 0.0027929)|   7, 0, 0;1,  0;0,  0> +
           (-0.7070557,-0.0027934)|   7, 0, 0;0,  0;1,  0> +
           ( 0.0000148, 0.0000001)|   7, 0, 0;1,  0;1,  0> +
           ( 0.0000148, 0.0000001)|   7, 0, 0;0,  0;0,  0> +
            ...
 |  560> = ( 0.5040163, 0.2645031)|   0, 1, 0;0,  0;1,  1> +
           (-0.5038432,-0.2645091)|   0, 1, 0;1,  1;0,  0> +
           ( 0.3556417, 0.1823070)|   0, 1, 0;0,  0;1, -1> +
           (-0.3555191,-0.1822397)|   0, 1, 0;1, -1;0,  0> +
           ( 0.0534949,-0.1036709)|   0, 0, 1;0,  0;1, -1> +
           (-0.0535172, 0.1036429)|   0, 0, 1;1, -1;0,  0> +
           ( 0.0287205,-0.0447043)|   0, 0, 1;0,  0;1,  1> +
           (-0.0287329, 0.0446806)|   0, 0, 1;1,  1;0,  0> +
           (-0.0000141,-0.0000109)|   0, 1, 0;1,  0;0,  0> +
           ( 0.0000024,-0.0000173)|   0, 0, 1;0,  0;1,  0> +
           (-0.0000031, 0.0000155)|   0, 0, 1;1,  0;0,  0> +
           ( 0.0000101, 0.0000104)|   0, 1, 0;0,  0;1,  0> +
            ...
 |  561> = ( 0.0000000, 0.3536471)|   0, 0, 1;0,  0;1, -1> +
           (-0.0000000,-0.3536457)|   0, 0, 1;1, -1;0,  0> +
           ( 0.3535354,-0.0000000)|   0, 1, 0;0,  0;1,  1> +
           (-0.3535347, 0.0000000)|   0, 1, 0;1,  1;0,  0> +
           (-0.0000000, 0.3535291)|   0, 0, 1;0,  0;1,  1> +
           ( 0.0000000,-0.3535284)|   0, 0, 1;1,  1;0,  0> +
           (-0.3535036, 0.0000000)|   0, 1, 0;0,  0;1, -1> +
           ( 0.3535031,-0.0000000)|   0, 1, 0;1, -1;0,  0> +
            ...
