p1811
p1811
p1811
p1811
p1811
p1811
p1811
p1811
p1811
p1811
p1811
p1811
p1811
p1811
p1811
p1811
p1811
p1811
p1811
p1811
p1811
p1811
p1811
p1811
# Parameters of the model
#  mass:		  261.0000 u
#  charge:	    1.0000 e
#  dipole:	   4.74500 D
#  B:		    503.65 MHz
#  omega_rho:	    1.4000 MHz
#  omega_z:	  0.080000 MHz

# omega_1:	  0.138564 MHz
# omega_3/5:	   1.39771 MHz

# Basis truncation:	|32,4,4;2,2>
# Basis size:		41472

# Active terms of the Hamiltionian:
# 	Nomal modes:	1
# 	T_rot:      	1
# 	V_qd^{(0)}: 	1
# 	V_qd^{(1)}: 	1
# 	V_dd^{(0)}: 	1

# Results of the diagonalisation
# 100 smallest eigenvalues
 10.587116620 11.587116619 12.587116620 13.587116620 14.587116621 15.587116620 16.587116620 17.587116619 18.587116620 19.587116620 20.587116620 20.674237121 20.674237121 21.587116620 21.674237121 21.674237121 22.587116620 22.674237121 22.674237122 23.587116621 23.674237121 23.674237122 24.587116620 24.674237121 24.674237121 25.587116621 25.674237121 25.674237121 26.587116621 26.674237121 26.674237122 27.587116621 27.674237121 27.674237122 28.587116621 28.674237120 28.674237121 29.587116620 29.674237121 29.674237121 30.587116619 30.674237120 30.674237121 30.761357622 30.761357622 30.761357622 31.587116621 31.674237121 31.674237122 31.761357622 31.761357622 31.761357622 32.587116621 32.674237121 32.674237122 32.761357622 32.761357622 32.761357622 33.587116620 33.674237120 33.674237121 33.761357621 33.761357622 33.761357622 34.587116619 34.674237120 34.674237120 34.761357622 34.761357622 34.761357622 35.587116620 35.674237120 35.674237121 35.761357622 35.761357623 35.761357623 36.587116620 36.674237120 36.674237123 36.761357622 36.761357622 36.761357622 37.587116619 37.674237120 37.674237123 37.761357622 37.761357622 37.761357623 38.587116620 38.674237121 38.674237123 38.761357621 38.761357622 38.761357622 39.587116621 39.674237120 39.674237121 39.761357622 39.761357622 39.761357623

# Ground state and the lowest excitations:
 |    0> = ( 1.0000000, 0.0000000)|   0, 0, 0;0,  0;0,  0> +
            ...
 |    1> = ( 1.0000000, 0.0000000)|   1, 0, 0;0,  0;0,  0> +
            ...
 |    2> = ( 1.0000000,-0.0000000)|   2, 0, 0;0,  0;0,  0> +
            ...
 |    3> = (-1.0000000, 0.0000000)|   3, 0, 0;0,  0;0,  0> +
            ...
 |    4> = (-1.0000000,-0.0000000)|   4, 0, 0;0,  0;0,  0> +
            ...
 |    5> = ( 1.0000000, 0.0000000)|   5, 0, 0;0,  0;0,  0> +
            ...
 |    6> = ( 1.0000000,-0.0000000)|   6, 0, 0;0,  0;0,  0> +
            ...
 |    7> = (-1.0000000, 0.0000000)|   7, 0, 0;0,  0;0,  0> +
            ...
 |    8> = ( 1.0000000,-0.0000000)|   8, 0, 0;0,  0;0,  0> +
            ...
 |    9> = (-1.0000000,-0.0000000)|   9, 0, 0;0,  0;0,  0> +
            ...
 |   10> = ( 1.0000000, 0.0000000)|  10, 0, 0;0,  0;0,  0> +
            ...
 |   11> = (-0.0000000, 0.8217393)|   0, 0, 1;0,  0;0,  0> +
           ( 0.5698636,-0.0000000)|   0, 1, 0;0,  0;0,  0> +
            ...
 |   12> = ( 0.8217393, 0.0000000)|   0, 1, 0;0,  0;0,  0> +
           ( 0.0000000,-0.5698636)|   0, 0, 1;0,  0;0,  0> +
            ...
 |   13> = ( 1.0000000, 0.0000002)|  11, 0, 0;0,  0;0,  0> +
            ...
 |   14> = ( 0.7200046, 0.0055512)|   1, 1, 0;0,  0;0,  0> +
           ( 0.0055512,-0.6939249)|   1, 0, 1;0,  0;0,  0> +
            ...
 |   15> = (-0.0001024, 0.7200260)|   1, 0, 1;0,  0;0,  0> +
           ( 0.6939471,-0.0001024)|   1, 1, 0;0,  0;0,  0> +
            ...
 |   16> = (-1.0000000,-0.0000000)|  12, 0, 0;0,  0;0,  0> +
            ...
 |   17> = ( 0.7240881, 0.0026030)|   2, 1, 0;0,  0;0,  0> +
           ( 0.0026030,-0.6896976)|   2, 0, 1;0,  0;0,  0> +
            ...
 |   18> = (-0.0000633, 0.7240928)|   2, 0, 1;0,  0;0,  0> +
           ( 0.6897025,-0.0000633)|   2, 1, 0;0,  0;0,  0> +
            ...
 |   19> = (-1.0000000, 0.0000000)|  13, 0, 0;0,  0;0,  0> +
            ...
 |   20> = (-0.7159370, 0.0046839)|   3, 1, 0;0,  0;0,  0> +
           ( 0.0046839, 0.6981334)|   3, 0, 1;0,  0;0,  0> +
            ...
 |   21> = ( 0.0000590, 0.7159523)|   3, 0, 1;0,  0;0,  0> +
           ( 0.6981492, 0.0000590)|   3, 1, 0;0,  0;0,  0> +
            ...
 |   22> = ( 1.0000000, 0.0000000)|  14, 0, 0;0,  0;0,  0> +
            ...
 |   23> = ( 0.7139222,-0.0020634)|   4, 1, 0;0,  0;0,  0> +
           (-0.0020634, 0.7002190)|   4, 0, 1;0,  0;0,  0> +
            ...
 |   24> = ( 0.2039073, 0.6841863)|   4, 0, 1;0,  0;0,  0> +
           (-0.6698752, 0.2039071)|   4, 1, 0;0,  0;0,  0> +
            ...
 # The upper part of the spectrum
 # Eigenvalues first: 512	 last: 562
 45686.707504457 45686.707504457 45686.707505074 45686.707505074 45686.707505894 45686.707507129 45687.707504456 45687.707504457 45687.707505074 45687.707505074 45687.707505894 45687.707507129 45688.707504456 45688.707504457 45688.707505074 45688.707505074 45688.707505894 45688.707507129 45689.707504455 45689.707504456 45689.707505074 45689.707505074 45689.707505894 45689.707507129 45690.707504456 45690.707504457 45690.707505074 45690.707505074 45690.707505894 45690.707507129 45691.707504456 45691.707504457 45691.707505074 45691.707505075 45691.707505893 45691.707507129 45692.707504457 45692.707504457 45692.707505074 45692.707505074 45692.707505894 45692.707507129 45693.707504457 45693.707504457 45693.707505074 45693.707505074 45693.707505894 45693.707507129 45694.707504457 45694.707504457

# Excited states :
 |  511> = (-0.0003294,-0.9999999)|  31, 3, 3;0,  0;0,  0> +
            ...
 |  512> = (-0.6867212,-0.0000001)|   0, 0, 0;0,  0;1, -1> +
           ( 0.6867010,-0.0000001)|   0, 0, 0;1, -1;0,  0> +
           (-0.1688020,-0.0014127)|   0, 0, 0;0,  0;1,  1> +
           ( 0.1683971, 0.0014181)|   0, 0, 0;1,  1;0,  0> +
           (-0.0000541, 0.0000001)|   0, 0, 0;0,  0;1,  0> +
           (-0.0000452, 0.0000001)|   0, 0, 0;1,  0;0,  0> +
            ...
 |  513> = (-0.6874811,-0.0057534)|   0, 0, 0;0,  0;1,  1> +
           ( 0.6858918, 0.0057754)|   0, 0, 0;1,  1;0,  0> +
           (-0.1686158,-0.0000003)|   0, 0, 0;1, -1;0,  0> +
           ( 0.1685954,-0.0000006)|   0, 0, 0;0,  0;1, -1> +
            ...
 |  514> = (-0.7027953, 0.0120072)|   0, 0, 0;1,  1;0,  0> +
           (-0.7011638, 0.0120154)|   0, 0, 0;0,  0;1,  1> +
           (-0.0841494, 0.0000011)|   0, 0, 0;1, -1;0,  0> +
           (-0.0841335, 0.0000008)|   0, 0, 0;0,  0;1, -1> +
            ...
 |  515> = ( 0.7020892, 0.0000002)|   0, 0, 0;1, -1;0,  0> +
           ( 0.7020763, 0.0000001)|   0, 0, 0;0,  0;1, -1> +
           (-0.0842144, 0.0014377)|   0, 0, 0;1,  1;0,  0> +
           (-0.0840438, 0.0014394)|   0, 0, 0;0,  0;1,  1> +
           (-0.0000353, 0.0000001)|   0, 0, 0;1,  0;0,  0> +
           (-0.0000234, 0.0000001)|   0, 0, 0;0,  0;1,  0> +
            ...
 |  516> = (-0.7071083,-0.0000001)|   0, 0, 0;0,  0;1,  0> +
           (-0.7071053,-0.0000001)|   0, 0, 0;1,  0;0,  0> +
           (-0.0000786, 0.0000001)|   0, 0, 0;1, -1;0,  0> +
           ( 0.0000199, 0.0000000)|   0, 0, 0;0,  0;1, -1> +
            ...
 |  517> = (-0.7071083,-0.0000000)|   0, 0, 0;1,  0;0,  0> +
           ( 0.7071053,-0.0000000)|   0, 0, 0;0,  0;1,  0> +
           (-0.0000106, 0.0000000)|   0, 0, 0;0,  0;1, -1> +
            ...
 |  518> = ( 0.7059628, 0.0000007)|   1, 0, 0;1, -1;0,  0> +
           (-0.7058787, 0.0000062)|   1, 0, 0;0,  0;1, -1> +
           (-0.0409532,-0.0000495)|   1, 0, 0;1,  1;0,  0> +
           ( 0.0409216, 0.0000487)|   1, 0, 0;0,  0;1,  1> +
            ...
 |  519> = ( 0.6961717,-0.1201963)|   1, 0, 0;1,  1;0,  0> +
           (-0.6950549, 0.1201866)|   1, 0, 0;0,  0;1,  1> +
           ( 0.0404938,-0.0070172)|   1, 0, 0;1, -1;0,  0> +
           (-0.0401689, 0.0070201)|   1, 0, 0;0,  0;1, -1> +
            ...
 |  520> = ( 0.7048640, 0.0012891)|   1, 0, 0;0,  0;1,  1> +
           ( 0.7037379, 0.0014715)|   1, 0, 0;1,  1;0,  0> +
           ( 0.0629313, 0.0004367)|   1, 0, 0;0,  0;1, -1> +
           ( 0.0628901, 0.0004472)|   1, 0, 0;1, -1;0,  0> +
            ...
 |  521> = ( 0.7043521, 0.0001266)|   1, 0, 0;0,  0;1, -1> +
           ( 0.7042529, 0.0001360)|   1, 0, 0;1, -1;0,  0> +
           (-0.0630191, 0.0003274)|   1, 0, 0;1,  1;0,  0> +
           (-0.0628041, 0.0002865)|   1, 0, 0;0,  0;1,  1> +
            ...
 |  522> = ( 0.7071069,-0.0000000)|   1, 0, 0;1,  0;0,  0> +
           ( 0.7071067,-0.0000000)|   1, 0, 0;0,  0;1,  0> +
            ...
 |  523> = ( 0.7071069,-0.0000000)|   1, 0, 0;0,  0;1,  0> +
           (-0.7071067,-0.0000000)|   1, 0, 0;1,  0;0,  0> +
            ...
 |  524> = ( 0.7071642, 0.0000004)|   2, 0, 0;0,  0;1, -1> +
           (-0.7070494,-0.0000016)|   2, 0, 0;1, -1;0,  0> +
           ( 0.0000370, 0.0000000)|   2, 0, 0;0,  0;1,  1> +
           (-0.0000341, 0.0000000)|   2, 0, 0;1,  1;0,  0> +
            ...
 |  525> = (-0.6902272, 0.1536970)|   2, 0, 0;0,  0;1,  1> +
           ( 0.6901787,-0.1536787)|   2, 0, 0;1,  1;0,  0> +
           (-0.0000347, 0.0000077)|   2, 0, 0;1, -1;0,  0> +
           ( 0.0000347,-0.0000077)|   2, 0, 0;0,  0;1, -1> +
            ...
 |  526> = (-0.7071206,-0.0040950)|   2, 0, 0;1,  1;0,  0> +
           (-0.7070693,-0.0040873)|   2, 0, 0;0,  0;1,  1> +
           ( 0.0000399, 0.0000002)|   2, 0, 0;0,  0;1, -1> +
           ( 0.0000370, 0.0000002)|   2, 0, 0;1, -1;0,  0> +
            ...
 |  527> = ( 0.7071642, 0.0000021)|   2, 0, 0;1, -1;0,  0> +
           ( 0.7070494, 0.0000009)|   2, 0, 0;0,  0;1, -1> +
           ( 0.0000385, 0.0000000)|   2, 0, 0;1,  1;0,  0> +
           ( 0.0000384, 0.0000000)|   2, 0, 0;0,  0;1,  1> +
            ...
 |  528> = ( 0.7071098, 0.0000002)|   2, 0, 0;1,  0;0,  0> +
           ( 0.7071038, 0.0000002)|   2, 0, 0;0,  0;1,  0> +
            ...
 |  529> = ( 0.7071098, 0.0000000)|   2, 0, 0;0,  0;1,  0> +
           (-0.7071038, 0.0000000)|   2, 0, 0;1,  0;0,  0> +
            ...
 |  530> = (-0.7037678, 0.0690066)|   3, 0, 0;0,  0;1,  1> +
           ( 0.7036946,-0.0690142)|   3, 0, 0;1,  1;0,  0> +
           (-0.0000344, 0.0000033)|   3, 0, 0;0,  0;1, -1> +
           ( 0.0000344,-0.0000033)|   3, 0, 0;1, -1;0,  0> +
            ...
 |  531> = ( 0.7072324, 0.0000000)|   3, 0, 0;0,  0;1, -1> +
           (-0.7069812, 0.0000014)|   3, 0, 0;1, -1;0,  0> +
           (-0.0000346, 0.0000001)|   3, 0, 0;0,  0;1,  1> +
           ( 0.0000345,-0.0000001)|   3, 0, 0;1,  1;0,  0> +
            ...
 |  532> = ( 0.7071402, 0.0019214)|   3, 0, 0;1,  1;0,  0> +
           ( 0.7070681, 0.0019359)|   3, 0, 0;0,  0;1,  1> +
           ( 0.0000199,-0.0000004)|   3, 0, 0;0,  0;1, -1> +
           ( 0.0000198,-0.0000004)|   3, 0, 0;1, -1;0,  0> +
            ...
 |  533> = ( 0.7072324,-0.0000010)|   3, 0, 0;1, -1;0,  0> +
           ( 0.7069812, 0.0000004)|   3, 0, 0;0,  0;1, -1> +
           (-0.0000199,-0.0000005)|   3, 0, 0;1,  1;0,  0> +
           (-0.0000198,-0.0000005)|   3, 0, 0;0,  0;1,  1> +
            ...
 |  534> = ( 0.7071101,-0.0001338)|   3, 0, 0;1,  0;0,  0> +
           ( 0.7071034,-0.0001338)|   3, 0, 0;0,  0;1,  0> +
            ...
 |  535> = ( 0.7071101,-0.0000000)|   3, 0, 0;0,  0;1,  0> +
           (-0.7071035,-0.0000000)|   3, 0, 0;1,  0;0,  0> +
            ...
 |  536> = (-0.7071683, 0.0000004)|   4, 0, 0;1, -1;0,  0> +
           ( 0.7070453,-0.0000003)|   4, 0, 0;0,  0;1, -1> +
            ...
 |  537> = ( 0.7072687, 0.0054247)|   4, 0, 0;0,  0;1,  1> +
           (-0.7069032,-0.0054247)|   4, 0, 0;1,  1;0,  0> +
            ...
 |  538> = ( 0.7071683,-0.0000007)|   4, 0, 0;0,  0;1, -1> +
           ( 0.7070453,-0.0000008)|   4, 0, 0;1, -1;0,  0> +
            ...
 |  539> = ( 0.7072894, 0.0001850)|   4, 0, 0;1,  1;0,  0> +
           ( 0.7069240, 0.0001820)|   4, 0, 0;0,  0;1,  1> +
            ...
 |  540> = (-0.7067217, 0.0234881)|   4, 0, 0;0,  0;1,  0> +
           (-0.7067114, 0.0234881)|   4, 0, 0;1,  0;0,  0> +
            ...
 |  541> = (-0.7071119, 0.0000002)|   4, 0, 0;1,  0;0,  0> +
           ( 0.7071016, 0.0000002)|   4, 0, 0;0,  0;1,  0> +
            ...
 |  542> = (-0.7073505, 0.0000084)|   5, 0, 0;0,  0;1, -1> +
           ( 0.7068629,-0.0000095)|   5, 0, 0;1, -1;0,  0> +
           ( 0.0000625, 0.0000027)|   5, 0, 0;0,  0;1,  1> +
           (-0.0000623,-0.0000027)|   5, 0, 0;1,  1;0,  0> +
            ...
 |  543> = ( 0.7042990, 0.0704893)|   5, 0, 0;0,  0;1,  1> +
           (-0.7028866,-0.0703177)|   5, 0, 0;1,  1;0,  0> +
           ( 0.0000624, 0.0000035)|   5, 0, 0;0,  0;1, -1> +
           (-0.0000623,-0.0000035)|   5, 0, 0;1, -1;0,  0> +
            ...
 |  544> = (-0.7073505, 0.0000267)|   5, 0, 0;1, -1;0,  0> +
           (-0.7068629, 0.0000257)|   5, 0, 0;0,  0;1, -1> +
           ( 0.0000496, 0.0000039)|   5, 0, 0;1,  1;0,  0> +
           ( 0.0000496, 0.0000039)|   5, 0, 0;0,  0;1,  1> +
            ...
 |  545> = ( 0.7027500, 0.0845478)|   5, 0, 0;1,  1;0,  0> +
           ( 0.7013341, 0.0844078)|   5, 0, 0;0,  0;1,  1> +
           ( 0.0000498, 0.0000021)|   5, 0, 0;0,  0;1, -1> +
           ( 0.0000497, 0.0000021)|   5, 0, 0;1, -1;0,  0> +
            ...
 |  546> = (-0.7071027,-0.0028003)|   5, 0, 0;0,  0;1,  0> +
           (-0.7070998,-0.0028003)|   5, 0, 0;1,  0;0,  0> +
            ...
 |  547> = ( 0.7071082, 0.0000000)|   5, 0, 0;1,  0;0,  0> +
           (-0.7071054, 0.0000000)|   5, 0, 0;0,  0;1,  0> +
            ...
 |  548> = (-0.7071241, 0.0000037)|   6, 0, 0;1, -1;0,  0> +
           ( 0.7070895,-0.0000039)|   6, 0, 0;0,  0;1, -1> +
           (-0.0000181,-0.0000003)|   6, 0, 0;1,  1;0,  0> +
           ( 0.0000174, 0.0000004)|   6, 0, 0;0,  0;1,  1> +
            ...
 |  549> = ( 0.7028331,-0.0783194)|   6, 0, 0;1,  1;0,  0> +
           (-0.7026808, 0.0783034)|   6, 0, 0;0,  0;1,  1> +
           ( 0.0000176,-0.0000023)|   6, 0, 0;0,  0;1, -1> +
           (-0.0000176, 0.0000023)|   6, 0, 0;1, -1;0,  0> +
            ...
 |  550> = ( 0.7016784,-0.0880664)|   6, 0, 0;0,  0;1,  1> +
           ( 0.7015266,-0.0880465)|   6, 0, 0;1,  1;0,  0> +
           ( 0.0000130,-0.0000014)|   6, 0, 0;0,  0;1, -1> +
           ( 0.0000123,-0.0000014)|   6, 0, 0;1, -1;0,  0> +
            ...
 |  551> = ( 0.7071241,-0.0000026)|   6, 0, 0;0,  0;1, -1> +
           ( 0.7070895,-0.0000023)|   6, 0, 0;1, -1;0,  0> +
           (-0.0000127, 0.0000002)|   6, 0, 0;0,  0;1,  1> +
           (-0.0000127, 0.0000002)|   6, 0, 0;1,  1;0,  0> +
            ...
 |  552> = ( 0.7070326, 0.0105668)|   6, 0, 0;0,  0;1,  0> +
           ( 0.7070230, 0.0105667)|   6, 0, 0;1,  0;0,  0> +
            ...
 |  553> = ( 0.7071116, 0.0000287)|   6, 0, 0;1,  0;0,  0> +
           (-0.7071020,-0.0000287)|   6, 0, 0;0,  0;1,  0> +
            ...
 |  554> = (-0.0913896,-0.6821506)|   7, 0, 0;0,  0;1,  1> +
           ( 0.0914185, 0.6821214)|   7, 0, 0;1,  1;0,  0> +
           ( 0.0759455,-0.1434227)|   7, 0, 0;0,  0;1, -1> +
           (-0.0759461, 0.1434082)|   7, 0, 0;1, -1;0,  0> +
            ...
 |  555> = (-0.6820135, 0.0925094)|   7, 0, 0;0,  0;1, -1> +
           ( 0.6819617,-0.0925009)|   7, 0, 0;1, -1;0,  0> +
           (-0.1181886, 0.1112176)|   7, 0, 0;1,  1;0,  0> +
           ( 0.1181770,-0.1112105)|   7, 0, 0;0,  0;1,  1> +
            ...
 |  556> = ( 0.0406667,-0.7041075)|   7, 0, 0;1,  1;0,  0> +
           ( 0.0406962,-0.7040840)|   7, 0, 0;0,  0;1,  1> +
           (-0.0255834,-0.0440540)|   7, 0, 0;1, -1;0,  0> +
           (-0.0255855,-0.0440296)|   7, 0, 0;0,  0;1, -1> +
            ...
 |  557> = ( 0.6561716,-0.2586151)|   7, 0, 0;1, -1;0,  0> +
           ( 0.6561218,-0.2585977)|   7, 0, 0;0,  0;1, -1> +
           (-0.0498320,-0.0105479)|   7, 0, 0;0,  0;1,  1> +
           (-0.0498283,-0.0105425)|   7, 0, 0;1,  1;0,  0> +
            ...
 |  558> = (-0.7068176,-0.0207579)|   7, 0, 0;0,  0;1,  0> +
           (-0.7067865,-0.0207569)|   7, 0, 0;1,  0;0,  0> +
            ...
 |  559> = ( 0.7071218,-0.0008690)|   7, 0, 0;1,  0;0,  0> +
           (-0.7070906, 0.0008688)|   7, 0, 0;0,  0;1,  0> +
            ...
 |  560> = (-0.7069467, 0.0049721)|   8, 0, 0;0,  0;1, -1> +
           ( 0.7069032,-0.0049717)|   8, 0, 0;1, -1;0,  0> +
           ( 0.0052138,-0.0143240)|   8, 0, 0;1,  1;0,  0> +
           (-0.0052144, 0.0143222)|   8, 0, 0;0,  0;1,  1> +
            ...
 |  561> = (-0.1234739,-0.6961101)|   8, 0, 0;1,  1;0,  0> +
           ( 0.1234250, 0.6960507)|   8, 0, 0;0,  0;1,  1> +
           ( 0.0131388,-0.0077287)|   8, 0, 0;0,  0;1, -1> +
           (-0.0131382, 0.0077267)|   8, 0, 0;1, -1;0,  0> +
            ...
