p1515
p1515
p1515
p1515
p1515
p1515
p1515
p1515
p1515
p1515
p1515
p1515
p1515
p1515
p1515
p1515
p1515
p1515
p1515
p1515
p1515
p1515
p1515
p1515
# Parameters of the model
#  mass:		  261.0000 u
#  charge:	    1.0000 e
#  dipole:	   4.74500 D
#  B:		    503.65 MHz
#  omega_rho:	    1.4000 MHz
#  omega_z:	  0.150000 MHz

# omega_1:	  0.259808 MHz
# omega_3/5:	   1.39194 MHz

# Basis truncation:	|32,4,4;2,2>
# Basis size:		41472

# Active terms of the Hamiltionian:
# 	Nomal modes:	1
# 	T_rot:      	1
# 	V_qd^{(0)}: 	1
# 	V_qd^{(1)}: 	1
# 	V_dd^{(0)}: 	1

# Results of the diagonalisation
# 100 smallest eigenvalues
 5.857572692 6.857572692 7.857572692 8.857572692 9.857572692 10.857572692 11.215156448 11.215156448 11.857572692 12.215156448 12.215156448 12.857572692 13.215156448 13.215156448 13.857572692 14.215156448 14.215156448 14.857572692 15.215156448 15.215156448 15.857572692 16.215156448 16.215156448 16.572740204 16.572740204 16.572740205 16.857572692 17.215156448 17.215156448 17.572740204 17.572740204 17.572740204 17.857572692 18.215156448 18.215156448 18.572740204 18.572740204 18.572740204 18.857572692 19.215156448 19.215156448 19.572740204 19.572740204 19.572740204 19.857572692 20.215156448 20.215156448 20.572740204 20.572740204 20.572740204 20.857572692 21.215156447 21.215156448 21.572740204 21.572740204 21.572740204 21.857572692 21.930323960 21.930323960 21.930323960 21.930323961 22.215156447 22.215156448 22.572740204 22.572740204 22.572740204 22.857572691 22.930323960 22.930323960 22.930323961 22.930323961 23.215156447 23.215156447 23.572740204 23.572740204 23.572740204 23.857572691 23.930323960 23.930323960 23.930323961 23.930323961 24.215156448 24.215156448 24.572740204 24.572740204 24.572740204 24.857572691 24.930323960 24.930323960 24.930323961 24.930323961 25.215156447 25.215156448 25.572740204 25.572740204 25.572740204 25.857572692 25.930323960 25.930323960 25.930323960

# Ground state and the lowest excitations:
 |    0> = ( 1.0000000, 0.0000000)|   0, 0, 0;0,  0;0,  0> +
           ( 0.0000151, 0.0000000)|   0, 0, 0;0,  0;1,  0> +
           (-0.0000151, 0.0000000)|   0, 0, 0;1,  0;0,  0> +
            ...
 |    1> = ( 1.0000000,-0.0000000)|   1, 0, 0;0,  0;0,  0> +
           (-0.0000151, 0.0000000)|   1, 0, 0;1,  0;0,  0> +
           ( 0.0000151, 0.0000000)|   1, 0, 0;0,  0;1,  0> +
            ...
 |    2> = ( 1.0000000, 0.0000000)|   2, 0, 0;0,  0;0,  0> +
           ( 0.0000151,-0.0000000)|   2, 0, 0;0,  0;1,  0> +
           (-0.0000151,-0.0000000)|   2, 0, 0;1,  0;0,  0> +
            ...
 |    3> = (-1.0000000, 0.0000000)|   3, 0, 0;0,  0;0,  0> +
           ( 0.0000151, 0.0000000)|   3, 0, 0;1,  0;0,  0> +
           (-0.0000151, 0.0000000)|   3, 0, 0;0,  0;1,  0> +
            ...
 |    4> = ( 1.0000000,-0.0000000)|   4, 0, 0;0,  0;0,  0> +
           (-0.0000151, 0.0000000)|   4, 0, 0;1,  0;0,  0> +
           ( 0.0000151,-0.0000000)|   4, 0, 0;0,  0;1,  0> +
            ...
 |    5> = ( 1.0000000, 0.0000000)|   5, 0, 0;0,  0;0,  0> +
           (-0.0000151,-0.0000000)|   5, 0, 0;1,  0;0,  0> +
           ( 0.0000151, 0.0000000)|   5, 0, 0;0,  0;1,  0> +
            ...
 |    6> = ( 0.7076278,-0.0000000)|   0, 1, 0;0,  0;0,  0> +
           (-0.0000000, 0.7065854)|   0, 0, 1;0,  0;0,  0> +
           (-0.0000107, 0.0000000)|   0, 1, 0;1,  0;0,  0> +
           ( 0.0000107,-0.0000000)|   0, 1, 0;0,  0;1,  0> +
           (-0.0000000, 0.0000106)|   0, 0, 1;0,  0;1,  0> +
           ( 0.0000000,-0.0000106)|   0, 0, 1;1,  0;0,  0> +
            ...
 |    7> = (-0.0000034,-0.7076278)|   0, 0, 1;0,  0;0,  0> +
           ( 0.7065854,-0.0000034)|   0, 1, 0;0,  0;0,  0> +
           ( 0.0000000, 0.0000107)|   0, 0, 1;1,  0;0,  0> +
           (-0.0000000,-0.0000107)|   0, 0, 1;0,  0;1,  0> +
           (-0.0000106, 0.0000000)|   0, 1, 0;1,  0;0,  0> +
           ( 0.0000106,-0.0000000)|   0, 1, 0;0,  0;1,  0> +
            ...
 |    8> = ( 1.0000000, 0.0000000)|   6, 0, 0;0,  0;0,  0> +
           ( 0.0000151, 0.0000000)|   6, 0, 0;0,  0;1,  0> +
           (-0.0000151,-0.0000000)|   6, 0, 0;1,  0;0,  0> +
            ...
 |    9> = ( 0.7286840, 0.0056268)|   1, 1, 0;0,  0;0,  0> +
           ( 0.0056272,-0.6848038)|   1, 0, 1;0,  0;0,  0> +
           ( 0.0000110, 0.0000001)|   1, 1, 0;0,  0;1,  0> +
           (-0.0000110,-0.0000001)|   1, 1, 0;1,  0;0,  0> +
           ( 0.0000001,-0.0000103)|   1, 0, 1;0,  0;1,  0> +
           (-0.0000001, 0.0000103)|   1, 0, 1;1,  0;0,  0> +
            ...
 |   10> = ( 0.0001749,-0.7287057)|   1, 0, 1;0,  0;0,  0> +
           (-0.6848269, 0.0001748)|   1, 1, 0;0,  0;0,  0> +
           ( 0.0000000,-0.0000110)|   1, 0, 1;0,  0;1,  0> +
           (-0.0000000, 0.0000110)|   1, 0, 1;1,  0;0,  0> +
           (-0.0000103, 0.0000000)|   1, 1, 0;0,  0;1,  0> +
           ( 0.0000103,-0.0000000)|   1, 1, 0;1,  0;0,  0> +
            ...
 |   11> = (-1.0000000, 0.0000000)|   7, 0, 0;0,  0;0,  0> +
           (-0.0000151, 0.0000000)|   7, 0, 0;0,  0;1,  0> +
           ( 0.0000151,-0.0000000)|   7, 0, 0;1,  0;0,  0> +
            ...
 |   12> = (-0.9751603, 0.0162312)|   2, 1, 0;0,  0;0,  0> +
           ( 0.0162321, 0.2203075)|   2, 0, 1;0,  0;0,  0> +
           ( 0.0000147,-0.0000002)|   2, 1, 0;1,  0;0,  0> +
           (-0.0000147, 0.0000002)|   2, 1, 0;0,  0;1,  0> +
            ...
 |   13> = (-0.0102463,-0.9752416)|   2, 0, 1;0,  0;0,  0> +
           (-0.2206670,-0.0102457)|   2, 1, 0;0,  0;0,  0> +
           ( 0.0000002, 0.0000147)|   2, 0, 1;1,  0;0,  0> +
           (-0.0000002,-0.0000147)|   2, 0, 1;0,  0;1,  0> +
            ...
 |   14> = ( 1.0000000,-0.0000000)|   8, 0, 0;0,  0;0,  0> +
           (-0.0000151, 0.0000000)|   8, 0, 0;1,  0;0,  0> +
           ( 0.0000151,-0.0000000)|   8, 0, 0;0,  0;1,  0> +
            ...
 |   15> = ( 0.8441111, 0.0048159)|   3, 1, 0;0,  0;0,  0> +
           ( 0.0048161,-0.5361251)|   3, 0, 1;0,  0;0,  0> +
           ( 0.0000127, 0.0000001)|   3, 1, 0;0,  0;1,  0> +
           (-0.0000127,-0.0000001)|   3, 1, 0;1,  0;0,  0> +
            ...
 |   16> = (-0.0010748, 0.8441241)|   3, 0, 1;0,  0;0,  0> +
           ( 0.5361457,-0.0010747)|   3, 1, 0;0,  0;0,  0> +
           ( 0.0000000,-0.0000127)|   3, 0, 1;1,  0;0,  0> +
           (-0.0000000, 0.0000127)|   3, 0, 1;0,  0;1,  0> +
            ...
 |   17> = ( 1.0000000, 0.0000000)|   9, 0, 0;0,  0;0,  0> +
           (-0.0000151,-0.0000000)|   9, 0, 0;1,  0;0,  0> +
           ( 0.0000151, 0.0000000)|   9, 0, 0;0,  0;1,  0> +
            ...
 |   18> = ( 0.7438400, 0.0023304)|   4, 1, 0;0,  0;0,  0> +
           ( 0.0023305, 0.6683496)|   4, 0, 1;0,  0;0,  0> +
           ( 0.0000112, 0.0000000)|   4, 1, 0;0,  0;1,  0> +
           (-0.0000112,-0.0000000)|   4, 1, 0;1,  0;0,  0> +
           (-0.0000000,-0.0000101)|   4, 0, 1;1,  0;0,  0> +
           ( 0.0000000, 0.0000101)|   4, 0, 1;0,  0;1,  0> +
            ...
 |   19> = (-0.0435325, 0.7425687)|   4, 0, 1;0,  0;0,  0> +
           (-0.6669346,-0.0435305)|   4, 1, 0;0,  0;0,  0> +
           ( 0.0000007,-0.0000112)|   4, 0, 1;1,  0;0,  0> +
           (-0.0000007, 0.0000112)|   4, 0, 1;0,  0;1,  0> +
           ( 0.0000101, 0.0000007)|   4, 1, 0;1,  0;0,  0> +
           (-0.0000101,-0.0000007)|   4, 1, 0;0,  0;1,  0> +
            ...
 |   20> = ( 1.0000000,-0.0000000)|  10, 0, 0;0,  0;0,  0> +
           ( 0.0000151,-0.0000000)|  10, 0, 0;0,  0;1,  0> +
           (-0.0000151, 0.0000000)|  10, 0, 0;1,  0;0,  0> +
            ...
 |   21> = ( 0.0000686,-0.7130357)|   5, 0, 1;0,  0;0,  0> +
           (-0.7011277, 0.0000686)|   5, 1, 0;0,  0;0,  0> +
           ( 0.0000000,-0.0000107)|   5, 0, 1;0,  0;1,  0> +
           (-0.0000000, 0.0000107)|   5, 0, 1;1,  0;0,  0> +
           ( 0.0000106,-0.0000000)|   5, 1, 0;1,  0;0,  0> +
           (-0.0000106, 0.0000000)|   5, 1, 0;0,  0;1,  0> +
            ...
 |   22> = (-0.7129894,-0.0081278)|   5, 1, 0;0,  0;0,  0> +
           (-0.0081281, 0.7010806)|   5, 0, 1;0,  0;0,  0> +
           ( 0.0000107, 0.0000001)|   5, 1, 0;1,  0;0,  0> +
           (-0.0000107,-0.0000001)|   5, 1, 0;0,  0;1,  0> +
           ( 0.0000001,-0.0000106)|   5, 0, 1;1,  0;0,  0> +
           (-0.0000001, 0.0000106)|   5, 0, 1;0,  0;1,  0> +
            ...
 |   23> = (-0.7071076,-0.0000000)|   0, 0, 2;0,  0;0,  0> +
           (-0.7071060, 0.0000000)|   0, 2, 0;0,  0;0,  0> +
           ( 0.0000107, 0.0000000)|   0, 0, 2;1,  0;0,  0> +
           (-0.0000107, 0.0000000)|   0, 0, 2;0,  0;1,  0> +
           ( 0.0000107,-0.0000000)|   0, 2, 0;1,  0;0,  0> +
           (-0.0000107,-0.0000000)|   0, 2, 0;0,  0;1,  0> +
            ...
 |   24> = ( 0.7071076, 0.0000000)|   0, 2, 0;0,  0;0,  0> +
           (-0.7071060,-0.0000000)|   0, 0, 2;0,  0;0,  0> +
           ( 0.0000107,-0.0000000)|   0, 2, 0;0,  0;1,  0> +
           (-0.0000107,-0.0000000)|   0, 2, 0;1,  0;0,  0> +
           ( 0.0000107, 0.0000000)|   0, 0, 2;1,  0;0,  0> +
           (-0.0000107, 0.0000000)|   0, 0, 2;0,  0;1,  0> +
            ...
 # The upper part of the spectrum
 # Eigenvalues first: 512	 last: 562
 24366.455115605 24366.455115605 24366.455116763 24366.455116763 24366.455120005 24366.455122321 24367.455115605 24367.455115605 24367.455116763 24367.455116763 24367.455120005 24367.455122321 24368.455115605 24368.455115605 24368.455116763 24368.455116763 24368.455120005 24368.455122321 24369.455115605 24369.455115605 24369.455116763 24369.455116763 24369.455120005 24369.455122321 24370.455115605 24370.455115605 24370.455116763 24370.455116763 24370.455120005 24370.455122321 24371.455115605 24371.455115605 24371.455116763 24371.455116763 24371.455120005 24371.455122321 24371.812699361 24371.812699361 24371.812699362 24371.812699362 24371.812700519 24371.812700519 24371.812700519 24371.812700519 24371.812703761 24371.812703761 24371.812706077 24371.812706077 24372.455115605 24372.455115605

# Excited states :
 |  511> = ( 0.0013901, 0.9999990)|  31, 3, 3;0,  0;0,  0> +
           ( 0.0000000, 0.0000151)|  31, 3, 3;0,  0;1,  0> +
           (-0.0000000,-0.0000151)|  31, 3, 3;1,  0;0,  0> +
            ...
 |  512> = (-0.5256316, 0.4730436)|   0, 0, 0;1,  1;0,  0> +
           ( 0.5255301,-0.4730318)|   0, 0, 0;0,  0;1,  1> +
           ( 0.0001544,-0.0001384)|   0, 0, 0;0,  0;1, -1> +
           (-0.0001497, 0.0001354)|   0, 0, 0;1, -1;0,  0> +
           (-0.0000079, 0.0000071)|   0, 0, 0;1,  1;1,  0> +
           (-0.0000079, 0.0000071)|   0, 0, 0;1,  0;1,  1> +
            ...
 |  513> = ( 0.7071360, 0.0000000)|   0, 0, 0;0,  0;1, -1> +
           (-0.7070775, 0.0000001)|   0, 0, 0;1, -1;0,  0> +
           (-0.0002082,-0.0000001)|   0, 0, 0;0,  0;1,  1> +
           ( 0.0002010,-0.0000000)|   0, 0, 0;1,  1;0,  0> +
           (-0.0000107,-0.0000000)|   0, 0, 0;1,  0;1, -1> +
           (-0.0000107, 0.0000000)|   0, 0, 0;1, -1;1,  0> +
            ...
 |  514> = ( 0.7070641,-0.0000009)|   0, 0, 0;1, -1;0,  0> +
           ( 0.7070055,-0.0000009)|   0, 0, 0;0,  0;1, -1> +
           (-0.0096893,-0.0028157)|   0, 0, 0;0,  0;1,  1> +
           (-0.0096824,-0.0028171)|   0, 0, 0;1,  1;0,  0> +
           ( 0.0000184, 0.0000000)|   0, 0, 0;0,  0;1,  0> +
           ( 0.0000178, 0.0000000)|   0, 0, 0;1,  0;0,  0> +
           ( 0.0000107,-0.0000000)|   0, 0, 0;1, -1;1,  0> +
           (-0.0000107, 0.0000000)|   0, 0, 0;1,  0;1, -1> +
            ...
 |  515> = ( 0.6777976, 0.2013641)|   0, 0, 0;0,  0;1,  1> +
           ( 0.6777010, 0.2013970)|   0, 0, 0;1,  1;0,  0> +
           ( 0.0100899, 0.0000600)|   0, 0, 0;0,  0;1, -1> +
           ( 0.0100837, 0.0000581)|   0, 0, 0;1, -1;0,  0> +
           (-0.0000102,-0.0000030)|   0, 0, 0;1,  0;1,  1> +
           ( 0.0000102, 0.0000030)|   0, 0, 0;1,  1;1,  0> +
            ...
 |  516> = (-0.7071076, 0.0000000)|   0, 0, 0;0,  0;1,  0> +
           (-0.7071060, 0.0000000)|   0, 0, 0;1,  0;0,  0> +
           ( 0.0000276,-0.0000000)|   0, 0, 0;0,  0;1, -1> +
            ...
 |  517> = ( 0.7071076,-0.0000000)|   0, 0, 0;1,  0;0,  0> +
           (-0.7071060,-0.0000000)|   0, 0, 0;0,  0;1,  0> +
           ( 0.0000213,-0.0000000)|   0, 0, 0;1,  0;1,  0> +
           ( 0.0000213, 0.0000000)|   0, 0, 0;0,  0;0,  0> +
            ...
 |  518> = ( 0.5564498,-0.0156315)|   1, 0, 0;0,  0;1, -1> +
           (-0.5563410, 0.0156272)|   1, 0, 0;1, -1;0,  0> +
           (-0.4360006, 0.0104588)|   1, 0, 0;1,  1;0,  0> +
           ( 0.4359410,-0.0104571)|   1, 0, 0;0,  0;1,  1> +
            ...
 |  519> = ( 0.5566587, 0.0007849)|   1, 0, 0;1,  1;0,  0> +
           (-0.5565699,-0.0007848)|   1, 0, 0;0,  0;1,  1> +
           ( 0.4361213,-0.0011731)|   1, 0, 0;0,  0;1, -1> +
           (-0.4360679, 0.0011729)|   1, 0, 0;1, -1;0,  0> +
            ...
 |  520> = ( 0.6636055,-0.0005777)|   1, 0, 0;0,  0;1,  1> +
           ( 0.6635141,-0.0005774)|   1, 0, 0;1,  1;0,  0> +
           ( 0.2443320, 0.0013153)|   1, 0, 0;1, -1;0,  0> +
           ( 0.2442837, 0.0013150)|   1, 0, 0;0,  0;1, -1> +
           (-0.0000100, 0.0000000)|   1, 0, 0;1,  0;1,  1> +
            ...
 |  521> = (-0.6632656, 0.0215116)|   1, 0, 0;1, -1;0,  0> +
           (-0.6631570, 0.0215092)|   1, 0, 0;0,  0;1, -1> +
           ( 0.2441589,-0.0094472)|   1, 0, 0;0,  0;1,  1> +
           ( 0.2440985,-0.0094459)|   1, 0, 0;1,  1;0,  0> +
           (-0.0000100, 0.0000003)|   1, 0, 0;1, -1;1,  0> +
            ...
 |  522> = ( 0.7071069,-0.0000000)|   1, 0, 0;1,  0;0,  0> +
           ( 0.7071067,-0.0000000)|   1, 0, 0;0,  0;1,  0> +
            ...
 |  523> = ( 0.7071069,-0.0000000)|   1, 0, 0;0,  0;1,  0> +
           (-0.7071067, 0.0000000)|   1, 0, 0;1,  0;0,  0> +
           (-0.0000213,-0.0000000)|   1, 0, 0;1,  0;1,  0> +
           (-0.0000213, 0.0000000)|   1, 0, 0;0,  0;0,  0> +
            ...
 |  524> = (-0.7071822,-0.0000001)|   2, 0, 0;0,  0;1, -1> +
           ( 0.7070313, 0.0000000)|   2, 0, 0;1, -1;0,  0> +
           (-0.0001087,-0.0000000)|   2, 0, 0;0,  0;1,  1> +
           ( 0.0001084, 0.0000000)|   2, 0, 0;1,  1;0,  0> +
           ( 0.0000107, 0.0000000)|   2, 0, 0;1,  0;1, -1> +
           ( 0.0000107, 0.0000000)|   2, 0, 0;1, -1;1,  0> +
            ...
 |  525> = (-0.7071315, 0.0015364)|   2, 0, 0;1,  1;0,  0> +
           ( 0.7070787,-0.0015364)|   2, 0, 0;0,  0;1,  1> +
           ( 0.0001086,-0.0000002)|   2, 0, 0;1, -1;0,  0> +
           (-0.0001086, 0.0000002)|   2, 0, 0;0,  0;1, -1> +
           (-0.0000107, 0.0000000)|   2, 0, 0;1,  1;1,  0> +
           (-0.0000107, 0.0000000)|   2, 0, 0;1,  0;1,  1> +
            ...
 |  526> = (-0.7071822,-0.0000000)|   2, 0, 0;1, -1;0,  0> +
           (-0.7070313,-0.0000001)|   2, 0, 0;0,  0;1, -1> +
           (-0.0000993,-0.0000000)|   2, 0, 0;1,  1;0,  0> +
           (-0.0000992,-0.0000000)|   2, 0, 0;0,  0;1,  1> +
           (-0.0000107,-0.0000000)|   2, 0, 0;1, -1;1,  0> +
           ( 0.0000107, 0.0000000)|   2, 0, 0;1,  0;1, -1> +
            ...
 |  527> = (-0.7071330, 0.0005499)|   2, 0, 0;0,  0;1,  1> +
           (-0.7070802, 0.0005498)|   2, 0, 0;1,  1;0,  0> +
           ( 0.0000994,-0.0000001)|   2, 0, 0;0,  0;1, -1> +
           ( 0.0000991,-0.0000001)|   2, 0, 0;1, -1;0,  0> +
           ( 0.0000107,-0.0000000)|   2, 0, 0;1,  0;1,  1> +
           (-0.0000107, 0.0000000)|   2, 0, 0;1,  1;1,  0> +
            ...
 |  528> = (-0.7071083,-0.0000001)|   2, 0, 0;1,  0;0,  0> +
           (-0.7071052,-0.0000001)|   2, 0, 0;0,  0;1,  0> +
            ...
 |  529> = (-0.7071083,-0.0000000)|   2, 0, 0;0,  0;1,  0> +
           ( 0.7071052,-0.0000000)|   2, 0, 0;1,  0;0,  0> +
           ( 0.0000213,-0.0000000)|   2, 0, 0;1,  0;1,  0> +
           ( 0.0000213,-0.0000000)|   2, 0, 0;0,  0;0,  0> +
            ...
 |  530> = (-0.7071505,-0.0000014)|   3, 0, 0;0,  0;1, -1> +
           ( 0.7070418, 0.0000014)|   3, 0, 0;1, -1;0,  0> +
           (-0.0038856, 0.0000008)|   3, 0, 0;0,  0;1,  1> +
           ( 0.0038850,-0.0000008)|   3, 0, 0;1,  1;0,  0> +
           ( 0.0000107, 0.0000000)|   3, 0, 0;1,  0;1, -1> +
           ( 0.0000107, 0.0000000)|   3, 0, 0;1, -1;1,  0> +
            ...
 |  531> = ( 0.7070789, 0.0050063)|   3, 0, 0;1,  1;0,  0> +
           (-0.7070778,-0.0050065)|   3, 0, 0;0,  0;1,  1> +
           ( 0.0038852, 0.0000283)|   3, 0, 0;0,  0;1, -1> +
           (-0.0038852,-0.0000283)|   3, 0, 0;1, -1;0,  0> +
           ( 0.0000107, 0.0000001)|   3, 0, 0;1,  1;1,  0> +
           ( 0.0000107, 0.0000001)|   3, 0, 0;1,  0;1,  1> +
            ...
 |  532> = ( 0.7069843, 0.0127638)|   3, 0, 0;0,  0;1,  1> +
           ( 0.7069832, 0.0127636)|   3, 0, 0;1,  1;0,  0> +
           (-0.0033253,-0.0000652)|   3, 0, 0;0,  0;1, -1> +
           (-0.0033252,-0.0000651)|   3, 0, 0;1, -1;0,  0> +
           (-0.0000107,-0.0000002)|   3, 0, 0;1,  0;1,  1> +
           ( 0.0000107, 0.0000002)|   3, 0, 0;1,  1;1,  0> +
            ...
 |  533> = ( 0.7071533,-0.0000015)|   3, 0, 0;1, -1;0,  0> +
           ( 0.7070446,-0.0000015)|   3, 0, 0;0,  0;1, -1> +
           ( 0.0033262,-0.0000051)|   3, 0, 0;1,  1;0,  0> +
           ( 0.0033257,-0.0000051)|   3, 0, 0;0,  0;1,  1> +
           ( 0.0000107,-0.0000000)|   3, 0, 0;1, -1;1,  0> +
           (-0.0000107, 0.0000000)|   3, 0, 0;1,  0;1, -1> +
            ...
 |  534> = ( 0.7071094, 0.0007291)|   3, 0, 0;0,  0;1,  0> +
           ( 0.7071034, 0.0007291)|   3, 0, 0;1,  0;0,  0> +
            ...
 |  535> = ( 0.7071097, 0.0000000)|   3, 0, 0;1,  0;0,  0> +
           (-0.7071038, 0.0000000)|   3, 0, 0;0,  0;1,  0> +
           ( 0.0000213, 0.0000000)|   3, 0, 0;1,  0;1,  0> +
           ( 0.0000213,-0.0000000)|   3, 0, 0;0,  0;0,  0> +
            ...
 |  536> = ( 0.7071076, 0.0000003)|   4, 0, 0;1, -1;0,  0> +
           (-0.7071060,-0.0000002)|   4, 0, 0;0,  0;1, -1> +
           (-0.0000884,-0.0000000)|   4, 0, 0;1,  1;0,  0> +
           ( 0.0000883, 0.0000000)|   4, 0, 0;0,  0;1,  1> +
           ( 0.0000107, 0.0000000)|   4, 0, 0;1, -1;1,  0> +
           ( 0.0000107, 0.0000000)|   4, 0, 0;1,  0;1, -1> +
            ...
 |  537> = ( 0.7071696, 0.0035731)|   4, 0, 0;0,  0;1,  1> +
           (-0.7070258,-0.0035751)|   4, 0, 0;1,  1;0,  0> +
           ( 0.0000884, 0.0000004)|   4, 0, 0;0,  0;1, -1> +
           (-0.0000884,-0.0000004)|   4, 0, 0;1, -1;0,  0> +
           (-0.0000107,-0.0000001)|   4, 0, 0;1,  0;1,  1> +
           (-0.0000107,-0.0000001)|   4, 0, 0;1,  1;1,  0> +
            ...
 |  538> = ( 0.7070792,-0.0118584)|   4, 0, 0;1,  1;0,  0> +
           ( 0.7069354,-0.0118587)|   4, 0, 0;0,  0;1,  1> +
           ( 0.0000817,-0.0000014)|   4, 0, 0;1, -1;0,  0> +
           ( 0.0000815,-0.0000014)|   4, 0, 0;0,  0;1, -1> +
           ( 0.0000107,-0.0000002)|   4, 0, 0;1,  1;1,  0> +
           (-0.0000107, 0.0000002)|   4, 0, 0;1,  0;1,  1> +
            ...
 |  539> = (-0.7071076,-0.0000003)|   4, 0, 0;0,  0;1, -1> +
           (-0.7071060,-0.0000004)|   4, 0, 0;1, -1;0,  0> +
           ( 0.0000816,-0.0000000)|   4, 0, 0;1,  1;0,  0> +
           ( 0.0000816,-0.0000000)|   4, 0, 0;0,  0;1,  1> +
           ( 0.0000107, 0.0000000)|   4, 0, 0;1,  0;1, -1> +
           (-0.0000107,-0.0000000)|   4, 0, 0;1, -1;1,  0> +
            ...
 |  540> = (-0.7044658, 0.0610653)|   4, 0, 0;1,  0;0,  0> +
           (-0.7044643, 0.0610653)|   4, 0, 0;0,  0;1,  0> +
            ...
 |  541> = (-0.7071075, 0.0000001)|   4, 0, 0;0,  0;1,  0> +
           ( 0.7071061, 0.0000001)|   4, 0, 0;1,  0;0,  0> +
           ( 0.0000213,-0.0000000)|   4, 0, 0;1,  0;1,  0> +
           ( 0.0000213,-0.0000000)|   4, 0, 0;0,  0;0,  0> +
            ...
 |  542> = (-0.7070280, 0.0009044)|   5, 0, 0;1,  1;0,  0> +
           ( 0.7069711,-0.0009034)|   5, 0, 0;0,  0;1,  1> +
           ( 0.0122813,-0.0000138)|   5, 0, 0;1, -1;0,  0> +
           (-0.0122797, 0.0000138)|   5, 0, 0;0,  0;1, -1> +
           (-0.0000107, 0.0000000)|   5, 0, 0;1,  1;1,  0> +
           (-0.0000107, 0.0000000)|   5, 0, 0;1,  0;1,  1> +
            ...
 |  543> = (-0.7070082,-0.0000011)|   5, 0, 0;0,  0;1, -1> +
           ( 0.7069920, 0.0000011)|   5, 0, 0;1, -1;0,  0> +
           (-0.0122806, 0.0000019)|   5, 0, 0;0,  0;1,  1> +
           ( 0.0122804,-0.0000019)|   5, 0, 0;1,  1;0,  0> +
           ( 0.0000107, 0.0000000)|   5, 0, 0;1,  0;1, -1> +
           ( 0.0000107, 0.0000000)|   5, 0, 0;1, -1;1,  0> +
            ...
 |  544> = ( 0.7069280,-0.0113403)|   5, 0, 0;0,  0;1,  1> +
           ( 0.7068710,-0.0113404)|   5, 0, 0;1,  1;0,  0> +
           (-0.0128241, 0.0001968)|   5, 0, 0;0,  0;1, -1> +
           (-0.0128231, 0.0001968)|   5, 0, 0;1, -1;0,  0> +
           (-0.0000107, 0.0000002)|   5, 0, 0;1,  0;1,  1> +
           ( 0.0000107,-0.0000002)|   5, 0, 0;1,  1;1,  0> +
            ...
 |  545> = (-0.7069986, 0.0000043)|   5, 0, 0;1, -1;0,  0> +
           (-0.7069824, 0.0000043)|   5, 0, 0;0,  0;1, -1> +
           (-0.0128255, 0.0000090)|   5, 0, 0;1,  1;0,  0> +
           (-0.0128246, 0.0000090)|   5, 0, 0;0,  0;1,  1> +
           (-0.0000107, 0.0000000)|   5, 0, 0;1, -1;1,  0> +
           ( 0.0000107,-0.0000000)|   5, 0, 0;1,  0;1, -1> +
            ...
 |  546> = (-0.7070939, 0.0044075)|   5, 0, 0;0,  0;1,  0> +
           (-0.7070922, 0.0044075)|   5, 0, 0;1,  0;0,  0> +
            ...
 |  547> = (-0.7071076, 0.0000000)|   5, 0, 0;1,  0;0,  0> +
           ( 0.7071060, 0.0000000)|   5, 0, 0;0,  0;1,  0> +
           (-0.0000213, 0.0000000)|   5, 0, 0;1,  0;1,  0> +
           (-0.0000213, 0.0000000)|   5, 0, 0;0,  0;0,  0> +
            ...
 |  548> = ( 0.0000000, 0.3536165)|   0, 0, 1;1,  1;0,  0> +
           (-0.0000000,-0.3536157)|   0, 0, 1;0,  0;1,  1> +
           ( 0.3536141, 0.0000000)|   0, 1, 0;1,  1;0,  0> +
           (-0.3536134,-0.0000000)|   0, 1, 0;0,  0;1,  1> +
           (-0.3535292, 0.0000000)|   0, 1, 0;1, -1;0,  0> +
           ( 0.3535280,-0.0000000)|   0, 1, 0;0,  0;1, -1> +
           (-0.0000000, 0.3534554)|   0, 0, 1;1, -1;0,  0> +
           ( 0.0000000,-0.3534547)|   0, 0, 1;0,  0;1, -1> +
            ...
 |  549> = (-0.0008620, 0.5279917)|   0, 0, 1;0,  0;1, -1> +
           ( 0.0008629,-0.5279731)|   0, 0, 1;1, -1;0,  0> +
           ( 0.0011823,-0.3331918)|   0, 0, 1;0,  0;1,  1> +
           (-0.0011822, 0.3331544)|   0, 0, 1;1,  1;0,  0> +
           (-0.3109379, 0.0019665)|   0, 1, 0;0,  0;1,  1> +
           ( 0.3109172,-0.0019665)|   0, 1, 0;1,  1;0,  0> +
           ( 0.1164012,-0.0016470)|   0, 1, 0;1, -1;0,  0> +
           (-0.1163697, 0.0016464)|   0, 1, 0;0,  0;1, -1> +
            ...
 |  550> = ( 0.5754366, 0.0649295)|   0, 1, 0;0,  0;1, -1> +
           (-0.5753954,-0.0649368)|   0, 1, 0;1, -1;0,  0> +
           (-0.0341913, 0.2931885)|   0, 0, 1;0,  0;1, -1> +
           ( 0.0342006,-0.2930210)|   0, 0, 1;1, -1;0,  0> +
           ( 0.2681981, 0.0653776)|   0, 1, 0;0,  0;1,  1> +
           (-0.2681875,-0.0653741)|   0, 1, 0;1,  1;0,  0> +
           (-0.0346358,-0.0141465)|   0, 0, 1;1,  1;0,  0> +
           ( 0.0346414, 0.0140762)|   0, 0, 1;0,  0;1,  1> +
           (-0.0000022, 0.0000217)|   0, 0, 1;0,  0;1,  0> +
            ...
 |  551> = ( 0.1063160,-0.5012817)|   0, 0, 1;0,  0;1,  1> +
           (-0.1063316, 0.5012077)|   0, 0, 1;1,  1;0,  0> +
           ( 0.4357050, 0.1107412)|   0, 1, 0;0,  0;1,  1> +
           (-0.4356409,-0.1107553)|   0, 1, 0;1,  1;0,  0> +
           ( 0.1616028,-0.0059432)|   0, 1, 0;1, -1;0,  0> +
           (-0.1615938, 0.0059469)|   0, 1, 0;0,  0;1, -1> +
           ( 0.0015191, 0.0960471)|   0, 0, 1;1, -1;0,  0> +
           (-0.0015220,-0.0960077)|   0, 0, 1;0,  0;1, -1> +
           ( 0.0000001, 0.0000143)|   0, 0, 1;0,  0;1,  0> +
           ( 0.0000010, 0.0000117)|   0, 0, 1;1,  0;0,  0> +
            ...
 |  552> = ( 0.0327502, 0.6425995)|   0, 0, 1;1, -1;0,  0> +
           ( 0.0327593, 0.6425057)|   0, 0, 1;0,  0;1, -1> +
           ( 0.2270115,-0.0219802)|   0, 1, 0;1, -1;0,  0> +
           ( 0.2268813,-0.0219986)|   0, 1, 0;0,  0;1, -1> +
           ( 0.0097946,-0.1738948)|   0, 0, 1;1,  1;0,  0> +
           ( 0.0097760,-0.1738384)|   0, 0, 1;0,  0;1,  1> +
           ( 0.0609729, 0.0052762)|   0, 1, 0;1,  1;0,  0> +
           ( 0.0608802, 0.0052483)|   0, 1, 0;0,  0;1,  1> +
           ( 0.0000021,-0.0000107)|   0, 0, 1;1,  0;0,  0> +
            ...
 |  553> = (-0.4841925, 0.0012905)|   0, 1, 0;0,  0;1, -1> +
           (-0.4841863, 0.0012899)|   0, 1, 0;1, -1;0,  0> +
           (-0.0023499, 0.3355139)|   0, 0, 1;1,  1;0,  0> +
           (-0.0023500, 0.3354951)|   0, 0, 1;0,  0;1,  1> +
           ( 0.3147502,-0.0028455)|   0, 1, 0;1,  1;0,  0> +
           ( 0.3147329,-0.0028452)|   0, 1, 0;0,  0;1,  1> +
           (-0.0026521, 0.2322080)|   0, 0, 1;0,  0;1, -1> +
           (-0.0026518, 0.2321746)|   0, 0, 1;1, -1;0,  0> +
            ...
 |  554> = ( 0.1152259, 0.5062936)|   0, 0, 1;1,  1;0,  0> +
           ( 0.1152386, 0.5062287)|   0, 0, 1;0,  0;1,  1> +
           (-0.4083096, 0.1596063)|   0, 1, 0;1,  1;0,  0> +
           (-0.4082504, 0.1596174)|   0, 1, 0;0,  0;1,  1> +
           ( 0.1407129,-0.0125801)|   0, 1, 0;1, -1;0,  0> +
           ( 0.1407068,-0.0125830)|   0, 1, 0;0,  0;1, -1> +
           ( 0.0638197, 0.1192568)|   0, 0, 1;0,  0;1, -1> +
           ( 0.0638184, 0.1192571)|   0, 0, 1;1, -1;0,  0> +
            ...
 |  555> = (-0.3270537,-0.3131440)|   0, 1, 0;1,  1;0,  0> +
           (-0.3270473,-0.3131446)|   0, 1, 0;0,  0;1,  1> +
           (-0.2842744,-0.3358728)|   0, 1, 0;0,  0;1, -1> +
           (-0.2842615,-0.3358563)|   0, 1, 0;1, -1;0,  0> +
           ( 0.2494167,-0.1591203)|   0, 0, 1;0,  0;1,  1> +
           ( 0.2494171,-0.1591141)|   0, 0, 1;1,  1;0,  0> +
           (-0.0862306, 0.0800319)|   0, 0, 1;1, -1;0,  0> +
           (-0.0862142, 0.0800187)|   0, 0, 1;0,  0;1, -1> +
            ...
 |  556> = (-0.2829137, 0.6478453)|   0, 1, 0;0,  0;1,  0> +
           (-0.2828484, 0.6478685)|   0, 1, 0;1,  0;0,  0> +
           (-0.0148886,-0.0061733)|   0, 0, 1;1,  0;0,  0> +
           (-0.0148860,-0.0061766)|   0, 0, 1;0,  0;1,  0> +
            ...
 |  557> = ( 0.0496746, 0.7052742)|   0, 0, 1;0,  0;1,  0> +
           ( 0.0497361, 0.7050727)|   0, 0, 1;1,  0;0,  0> +
           (-0.0160999, 0.0008351)|   0, 1, 0;0,  0;1,  0> +
           (-0.0160910, 0.0008359)|   0, 1, 0;1,  0;0,  0> +
           ( 0.0000144, 0.0000028)|   0, 1, 0;1,  1;0,  0> +
           (-0.0000118,-0.0000031)|   0, 1, 0;0,  0;1,  1> +
           ( 0.0000022,-0.0000106)|   0, 0, 1;1,  1;0,  0> +
            ...
 |  558> = (-0.6694733,-0.2158320)|   0, 1, 0;1,  0;0,  0> +
           ( 0.6694478, 0.2158963)|   0, 1, 0;0,  0;1,  0> +
           ( 0.0312582,-0.0651845)|   0, 0, 1;1,  0;0,  0> +
           (-0.0312593, 0.0651713)|   0, 0, 1;0,  0;1,  0> +
           (-0.0000202,-0.0000065)|   0, 1, 0;1,  0;1,  0> +
           (-0.0000202,-0.0000065)|   0, 1, 0;0,  0;0,  0> +
            ...
 |  559> = (-0.2169010, 0.6692285)|   0, 0, 1;1,  0;0,  0> +
           ( 0.2169121,-0.6690185)|   0, 0, 1;0,  0;1,  0> +
           (-0.0711443,-0.0128124)|   0, 1, 0;1,  0;0,  0> +
           ( 0.0711381, 0.0128153)|   0, 1, 0;0,  0;1,  0> +
           (-0.0000065, 0.0000202)|   0, 0, 1;1,  0;1,  0> +
           (-0.0000065, 0.0000202)|   0, 0, 1;0,  0;0,  0> +
           (-0.0000004, 0.0000117)|   0, 0, 1;0,  0;1, -1> +
           ( 0.0000105, 0.0000005)|   0, 1, 0;0,  0;1, -1> +
            ...
 |  560> = ( 0.6787681, 0.1983249)|   6, 0, 0;1,  1;0,  0> +
           (-0.6786856,-0.1983054)|   6, 0, 0;0,  0;1,  1> +
           (-0.0009808,-0.0000023)|   6, 0, 0;0,  0;1, -1> +
           ( 0.0009808, 0.0000023)|   6, 0, 0;1, -1;0,  0> +
           ( 0.0000102, 0.0000030)|   6, 0, 0;1,  1;1,  0> +
           ( 0.0000102, 0.0000030)|   6, 0, 0;1,  0;1,  1> +
            ...
 |  561> = ( 0.7072544,-0.0006659)|   6, 0, 0;0,  0;1, -1> +
           (-0.7069571, 0.0006659)|   6, 0, 0;1, -1;0,  0> +
           ( 0.0009425, 0.0002720)|   6, 0, 0;1,  1;0,  0> +
           (-0.0009421,-0.0002719)|   6, 0, 0;0,  0;1,  1> +
           (-0.0000107, 0.0000000)|   6, 0, 0;1,  0;1, -1> +
           (-0.0000107, 0.0000000)|   6, 0, 0;1, -1;1,  0> +
            ...
