p0696
p0696
p0696
p0696
p0696
p0696
p0696
p0696
p0696
p0696
p0696
p0696
p0696
p0696
p0696
p0696
p0696
p0696
p0696
p0696
p0696
p0696
p0696
p0696
# Parameters of the model
#  mass:		  261.0000 u
#  charge:	    1.0000 e
#  dipole:	   4.74500 D
#  B:		    503.65 MHz
#  omega_rho:	    1.4000 MHz
#  omega_z:	  0.040000 MHz

# omega_1:	  0.069282 MHz
# omega_3/5:	   1.39943 MHz

# Basis truncation:	|32,4,4;2,2>
# Basis size:		41472

# Active terms of the Hamiltionian:
# 	Nomal modes:	1
# 	T_rot:      	1
# 	V_qd^{(0)}: 	1
# 	V_qd^{(1)}: 	1
# 	V_dd^{(0)}: 	1

# Results of the diagonalisation
# 100 smallest eigenvalues
 20.699008654 21.699008656 22.699008654 23.699008655 24.699008655 25.699008655 26.699008654 27.699008654 28.699008654 29.699008656 30.699008655 31.699008655 32.699008655 33.699008653 34.699008655 35.699008654 36.699008655 37.699008654 38.699008654 39.699008654 40.699008654 40.898018531 40.898018531 41.699008655 41.898018531 41.898018532 42.699008656 42.898018530 42.898018530 43.699008651 43.898018532 43.898018533 44.699008654 44.898018530 44.898018531 45.699008653 45.898018531 45.898018532 46.699008656 46.898018530 46.898018531 47.699008652 47.898018530 47.898018531 48.699008651 48.898018530 48.898018531 49.699008653 49.898018530 49.898018531 50.699008656 50.898018530 50.898018532 51.699008653 51.898018531 51.898018533 52.898018530 52.898018532 53.898018531 53.898018533 54.898018531 54.898018534 55.898018530 55.898018531 56.898018529 56.898018531 57.898018530 57.898018533 58.898018530 58.898018532 59.898018529 59.898018532 60.898018531 60.898018531 61.097028407 61.097028407 61.097028408 61.898018531 61.898018533 62.097028407 62.097028408 62.097028408 62.898018530 62.898018531 63.097028407 63.097028408 63.097028408 63.898018531 63.898018531 64.097028407 64.097028407 64.097028408 64.898018529 64.898018530 65.097028408 65.097028408 65.097028408 65.898018531 65.898018533 66.097028406

# Ground state and the lowest excitations:
 |    0> = ( 1.0000000, 0.0000000)|   0, 0, 0;0,  0;0,  0> +
            ...
 |    1> = (-1.0000000,-0.0000000)|   1, 0, 0;0,  0;0,  0> +
            ...
 |    2> = ( 1.0000000,-0.0000000)|   2, 0, 0;0,  0;0,  0> +
            ...
 |    3> = (-1.0000000, 0.0000000)|   3, 0, 0;0,  0;0,  0> +
            ...
 |    4> = ( 1.0000000,-0.0000000)|   4, 0, 0;0,  0;0,  0> +
            ...
 |    5> = ( 1.0000000,-0.0000000)|   5, 0, 0;0,  0;0,  0> +
            ...
 |    6> = (-1.0000000, 0.0000000)|   6, 0, 0;0,  0;0,  0> +
            ...
 |    7> = ( 1.0000000, 0.0000000)|   7, 0, 0;0,  0;0,  0> +
            ...
 |    8> = ( 1.0000000,-0.0000000)|   8, 0, 0;0,  0;0,  0> +
            ...
 |    9> = (-1.0000000, 0.0000000)|   9, 0, 0;0,  0;0,  0> +
            ...
 |   10> = ( 1.0000000,-0.0000000)|  10, 0, 0;0,  0;0,  0> +
            ...
 |   11> = (-1.0000000, 0.0000000)|  11, 0, 0;0,  0;0,  0> +
            ...
 |   12> = (-1.0000000,-0.0000000)|  12, 0, 0;0,  0;0,  0> +
            ...
 |   13> = (-1.0000000, 0.0000000)|  13, 0, 0;0,  0;0,  0> +
            ...
 |   14> = ( 1.0000000, 0.0000000)|  14, 0, 0;0,  0;0,  0> +
            ...
 |   15> = (-1.0000000,-0.0000000)|  15, 0, 0;0,  0;0,  0> +
            ...
 |   16> = ( 1.0000000, 0.0000000)|  16, 0, 0;0,  0;0,  0> +
            ...
 |   17> = ( 1.0000000,-0.0000000)|  17, 0, 0;0,  0;0,  0> +
            ...
 |   18> = (-1.0000000,-0.0000000)|  18, 0, 0;0,  0;0,  0> +
            ...
 |   19> = ( 1.0000000,-0.0000042)|  19, 0, 0;0,  0;0,  0> +
            ...
 |   20> = ( 0.9999908, 0.0042954)|  20, 0, 0;0,  0;0,  0> +
            ...
 |   21> = ( 0.0000000, 0.7110907)|   0, 0, 1;0,  0;0,  0> +
           ( 0.7031003, 0.0000000)|   0, 1, 0;0,  0;0,  0> +
            ...
 |   22> = (-0.7110907, 0.0000000)|   0, 1, 0;0,  0;0,  0> +
           ( 0.0000000, 0.7031003)|   0, 0, 1;0,  0;0,  0> +
            ...
 |   23> = ( 0.9999694,-0.0078235)|  21, 0, 0;0,  0;0,  0> +
            ...
 |   24> = ( 0.0151850, 0.7072686)|   1, 0, 1;0,  0;0,  0> +
           (-0.7066187, 0.0151851)|   1, 1, 0;0,  0;0,  0> +
            ...
 # The upper part of the spectrum
 # Eigenvalues first: 512	 last: 562
 91372.939782502 91372.939782502 91372.939782810 91372.939782811 91372.939782897 91372.939783515 91373.939782501 91373.939782501 91373.939782811 91373.939782811 91373.939782897 91373.939783515 91374.939782502 91374.939782504 91374.939782809 91374.939782810 91374.939782898 91374.939783515 91375.939782501 91375.939782501 91375.939782810 91375.939782810 91375.939782897 91375.939783515 91376.939782501 91376.939782501 91376.939782810 91376.939782811 91376.939782898 91376.939783514 91377.939782500 91377.939782502 91377.939782810 91377.939782811 91377.939782898 91377.939783515 91378.939782502 91378.939782503 91378.939782810 91378.939782811 91378.939782897 91378.939783515 91379.939782501 91379.939782502 91379.939782808 91379.939782809 91379.939782896 91379.939783514 91380.939782500 91380.939782501

# Excited states :
 |  511> = ( 0.0000147,-1.0000000)|  31, 3, 3;0,  0;0,  0> +
            ...
 |  512> = ( 0.7074035,-0.0028103)|   0, 0, 0;1,  1;0,  0> +
           (-0.7067987, 0.0028291)|   0, 0, 0;0,  0;1,  1> +
           (-0.0001066, 0.0000029)|   0, 0, 0;1, -1;0,  0> +
           ( 0.0000319, 0.0000020)|   0, 0, 0;1,  0;0,  0> +
           ( 0.0000319, 0.0000020)|   0, 0, 0;0,  0;1,  0> +
           ( 0.0000275, 0.0000017)|   0, 0, 0;0,  0;1, -1> +
            ...
 |  513> = (-0.7072790,-0.0000032)|   0, 0, 0;1, -1;0,  0> +
           ( 0.7069345,-0.0000020)|   0, 0, 0;0,  0;1, -1> +
           (-0.0001930,-0.0000026)|   0, 0, 0;0,  0;1,  0> +
           (-0.0001837,-0.0000026)|   0, 0, 0;1,  0;0,  0> +
           (-0.0000795, 0.0000007)|   0, 0, 0;1,  1;0,  0> +
           ( 0.0000546, 0.0000013)|   0, 0, 0;0,  0;1,  1> +
            ...
 |  514> = ( 0.7072624, 0.0000093)|   0, 0, 0;0,  0;1, -1> +
           ( 0.7069157, 0.0000146)|   0, 0, 0;1, -1;0,  0> +
           ( 0.0044339, 0.0000119)|   0, 0, 0;1,  0;0,  0> +
           ( 0.0044205, 0.0000119)|   0, 0, 0;0,  0;1,  0> +
           (-0.0023790, 0.0000393)|   0, 0, 0;0,  0;1,  1> +
           (-0.0022983, 0.0000434)|   0, 0, 0;1,  1;0,  0> +
            ...
 |  515> = ( 0.7072901,-0.0127511)|   0, 0, 0;0,  0;1,  1> +
           ( 0.7066861,-0.0127191)|   0, 0, 0;1,  1;0,  0> +
           ( 0.0023541, 0.0000000)|   0, 0, 0;0,  0;1, -1> +
           ( 0.0023281,-0.0000015)|   0, 0, 0;1, -1;0,  0> +
           (-0.0003203, 0.0000006)|   0, 0, 0;0,  0;1,  0> +
           (-0.0003202, 0.0000006)|   0, 0, 0;1,  0;0,  0> +
            ...
 |  516> = ( 0.7070989, 0.0000117)|   0, 0, 0;0,  0;1,  0> +
           ( 0.7070867, 0.0000117)|   0, 0, 0;1,  0;0,  0> +
           (-0.0046134, 0.0000144)|   0, 0, 0;1, -1;0,  0> +
           (-0.0042389, 0.0000092)|   0, 0, 0;0,  0;1, -1> +
           ( 0.0003671,-0.0000076)|   0, 0, 0;0,  0;1,  1> +
           ( 0.0003025,-0.0000033)|   0, 0, 0;1,  1;0,  0> +
            ...
 |  517> = (-0.7071128,-0.0000000)|   0, 0, 0;1,  0;0,  0> +
           ( 0.7071007,-0.0000000)|   0, 0, 0;0,  0;1,  0> +
           ( 0.0000114,-0.0000000)|   0, 0, 0;0,  0;1, -1> +
            ...
 |  518> = ( 0.7078849,-0.0000014)|   1, 0, 0;0,  0;1,  1> +
           (-0.7059788,-0.0000022)|   1, 0, 0;1,  1;0,  0> +
           (-0.0157151, 0.0000002)|   1, 0, 0;0,  0;1, -1> +
           ( 0.0156825,-0.0000002)|   1, 0, 0;1, -1;0,  0> +
            ...
 |  519> = (-0.6203706,-0.3393570)|   1, 0, 0;0,  0;1, -1> +
           ( 0.6200216, 0.3392014)|   1, 0, 0;1, -1;0,  0> +
           ( 0.0137739, 0.0075357)|   1, 0, 0;1,  1;0,  0> +
           (-0.0137712,-0.0075334)|   1, 0, 0;0,  0;1,  1> +
            ...
 |  520> = (-0.7078314,-0.0000099)|   1, 0, 0;1,  1;0,  0> +
           (-0.7059259,-0.0000064)|   1, 0, 0;0,  0;1,  1> +
           ( 0.0179629,-0.0000005)|   1, 0, 0;1, -1;0,  0> +
           ( 0.0179075,-0.0000006)|   1, 0, 0;0,  0;1, -1> +
            ...
 |  521> = ( 0.7070693,-0.0001906)|   1, 0, 0;1, -1;0,  0> +
           ( 0.7066891,-0.0002215)|   1, 0, 0;0,  0;1, -1> +
           ( 0.0179473,-0.0000041)|   1, 0, 0;1,  1;0,  0> +
           ( 0.0179231,-0.0000048)|   1, 0, 0;0,  0;1,  1> +
            ...
 |  522> = ( 0.7071081, 0.0000000)|   1, 0, 0;0,  0;1,  0> +
           ( 0.7071054, 0.0000000)|   1, 0, 0;1,  0;0,  0> +
            ...
 |  523> = (-0.7071081,-0.0000000)|   1, 0, 0;1,  0;0,  0> +
           ( 0.7071054,-0.0000000)|   1, 0, 0;0,  0;1,  0> +
            ...
 |  524> = ( 0.7076592,-0.0000029)|   2, 0, 0;1, -1;0,  0> +
           (-0.7065539, 0.0000022)|   2, 0, 0;0,  0;1, -1> +
           (-0.0000604, 0.0000000)|   2, 0, 0;0,  0;1,  1> +
           ( 0.0000596, 0.0000000)|   2, 0, 0;1,  1;0,  0> +
            ...
 |  525> = ( 0.7085473, 0.0143773)|   2, 0, 0;0,  0;1,  1> +
           (-0.7053669,-0.0145407)|   2, 0, 0;1,  1;0,  0> +
           (-0.0000602,-0.0000012)|   2, 0, 0;0,  0;1, -1> +
           ( 0.0000598, 0.0000012)|   2, 0, 0;1, -1;0,  0> +
            ...
 |  526> = (-0.7078577, 0.0344031)|   2, 0, 0;1,  1;0,  0> +
           (-0.7046739, 0.0344765)|   2, 0, 0;0,  0;1,  1> +
           ( 0.0000552,-0.0000029)|   2, 0, 0;0,  0;1, -1> +
           ( 0.0000546,-0.0000029)|   2, 0, 0;1, -1;0,  0> +
            ...
 |  527> = ( 0.7076592,-0.0000204)|   2, 0, 0;0,  0;1, -1> +
           ( 0.7065539,-0.0000211)|   2, 0, 0;1, -1;0,  0> +
           ( 0.0000551, 0.0000002)|   2, 0, 0;0,  0;1,  1> +
           ( 0.0000549, 0.0000002)|   2, 0, 0;1,  1;0,  0> +
            ...
 |  528> = ( 0.7071176,-0.0000000)|   2, 0, 0;0,  0;1,  0> +
           ( 0.7070960,-0.0000000)|   2, 0, 0;1,  0;0,  0> +
            ...
 |  529> = (-0.7071176, 0.0000000)|   2, 0, 0;1,  0;0,  0> +
           ( 0.7070960, 0.0000000)|   2, 0, 0;0,  0;1,  0> +
            ...
 |  530> = ( 0.7096074, 0.0015345)|   3, 0, 0;1,  1;0,  0> +
           (-0.7045885,-0.0015192)|   3, 0, 0;0,  0;1,  1> +
           ( 0.0019763, 0.0000523)|   3, 0, 0;1, -1;0,  0> +
           (-0.0019390,-0.0000519)|   3, 0, 0;0,  0;1, -1> +
            ...
 |  531> = ( 0.7071720,-0.0000902)|   3, 0, 0;1, -1;0,  0> +
           (-0.7070361, 0.0000933)|   3, 0, 0;0,  0;1, -1> +
           (-0.0019672, 0.0000482)|   3, 0, 0;1,  1;0,  0> +
           ( 0.0019483,-0.0000482)|   3, 0, 0;0,  0;1,  1> +
            ...
 |  532> = ( 0.7071580, 0.0003331)|   3, 0, 0;0,  0;1, -1> +
           ( 0.7070221, 0.0003361)|   3, 0, 0;1, -1;0,  0> +
           (-0.0048542, 0.0000431)|   3, 0, 0;1,  1;0,  0> +
           (-0.0048517, 0.0000431)|   3, 0, 0;0,  0;1,  1> +
            ...
 |  533> = (-0.7095950,-0.0005820)|   3, 0, 0;0,  0;1,  1> +
           (-0.7045759,-0.0005823)|   3, 0, 0;1,  1;0,  0> +
           (-0.0048548,-0.0000492)|   3, 0, 0;1, -1;0,  0> +
           (-0.0048508,-0.0000495)|   3, 0, 0;0,  0;1, -1> +
            ...
 |  534> = ( 0.7071214, 0.0000324)|   3, 0, 0;0,  0;1,  0> +
           ( 0.7070922, 0.0000324)|   3, 0, 0;1,  0;0,  0> +
            ...
 |  535> = ( 0.7071214, 0.0000000)|   3, 0, 0;1,  0;0,  0> +
           (-0.7070922, 0.0000000)|   3, 0, 0;0,  0;1,  0> +
            ...
 |  536> = ( 0.7074308, 0.0000009)|   4, 0, 0;0,  0;1, -1> +
           (-0.7067826,-0.0000004)|   4, 0, 0;1, -1;0,  0> +
           ( 0.0000335, 0.0000000)|   4, 0, 0;0,  0;1,  1> +
           (-0.0000329,-0.0000000)|   4, 0, 0;1,  1;0,  0> +
            ...
 |  537> = (-0.7072896,-0.0054003)|   4, 0, 0;1,  1;0,  0> +
           ( 0.7068826, 0.0054068)|   4, 0, 0;0,  0;1,  1> +
           ( 0.0000332, 0.0000002)|   4, 0, 0;1, -1;0,  0> +
           (-0.0000332,-0.0000002)|   4, 0, 0;0,  0;1, -1> +
            ...
 |  538> = (-0.7074308,-0.0000020)|   4, 0, 0;1, -1;0,  0> +
           (-0.7067826,-0.0000024)|   4, 0, 0;0,  0;1, -1> +
           (-0.0000330, 0.0000000)|   4, 0, 0;1,  1;0,  0> +
           (-0.0000330, 0.0000000)|   4, 0, 0;0,  0;1,  1> +
            ...
 |  539> = ( 0.7072387,-0.0100586)|   4, 0, 0;0,  0;1,  1> +
           ( 0.7068316,-0.0100625)|   4, 0, 0;1,  1;0,  0> +
           (-0.0000333, 0.0000005)|   4, 0, 0;0,  0;1, -1> +
           (-0.0000326, 0.0000005)|   4, 0, 0;1, -1;0,  0> +
            ...
 |  540> = ( 0.7071372, 0.0011913)|   4, 0, 0;1,  0;0,  0> +
           ( 0.7070743, 0.0011913)|   4, 0, 0;0,  0;1,  0> +
            ...
 |  541> = ( 0.7071382, 0.0000001)|   4, 0, 0;0,  0;1,  0> +
           (-0.7070753, 0.0000001)|   4, 0, 0;1,  0;0,  0> +
            ...
 |  542> = ( 0.7076265, 0.0004037)|   5, 0, 0;0,  0;1, -1> +
           (-0.7065817,-0.0004048)|   5, 0, 0;1, -1;0,  0> +
           (-0.0018007, 0.0002899)|   5, 0, 0;0,  0;1,  1> +
           ( 0.0017999,-0.0002897)|   5, 0, 0;1,  1;0,  0> +
            ...
 |  543> = (-0.7036574, 0.0933618)|   5, 0, 0;1,  1;0,  0> +
           ( 0.6982338,-0.0928047)|   5, 0, 0;0,  0;1,  1> +
           (-0.0018302,-0.0000519)|   5, 0, 0;1, -1;0,  0> +
           ( 0.0018153, 0.0000509)|   5, 0, 0;0,  0;1, -1> +
            ...
 |  544> = (-0.7076240, 0.0014695)|   5, 0, 0;1, -1;0,  0> +
           (-0.7065792, 0.0014691)|   5, 0, 0;0,  0;1, -1> +
           ( 0.0021848,-0.0003538)|   5, 0, 0;1,  1;0,  0> +
           ( 0.0021842,-0.0003536)|   5, 0, 0;0,  0;1,  1> +
            ...
 |  545> = (-0.7055010, 0.0782109)|   5, 0, 0;0,  0;1,  1> +
           (-0.7001022, 0.0774502)|   5, 0, 0;1,  1;0,  0> +
           (-0.0022162,-0.0001066)|   5, 0, 0;0,  0;1, -1> +
           (-0.0022046,-0.0001064)|   5, 0, 0;1, -1;0,  0> +
            ...
 |  546> = ( 0.7071285,-0.0002826)|   5, 0, 0;0,  0;1,  0> +
           ( 0.7070849,-0.0002826)|   5, 0, 0;1,  0;0,  0> +
            ...
 |  547> = ( 0.7071286,-0.0000000)|   5, 0, 0;1,  0;0,  0> +
           (-0.7070850,-0.0000000)|   5, 0, 0;0,  0;1,  0> +
            ...
 |  548> = ( 0.5643868,-0.4273812)|   6, 0, 0;0,  0;1,  1> +
           (-0.5623672, 0.4272657)|   6, 0, 0;1,  1;0,  0> +
            ...
 |  549> = ( 0.7074480, 0.0000424)|   6, 0, 0;1, -1;0,  0> +
           (-0.7067654,-0.0000433)|   6, 0, 0;0,  0;1, -1> +
            ...
 |  550> = (-0.7026628, 0.0863255)|   6, 0, 0;1,  1;0,  0> +
           (-0.7011330, 0.0850020)|   6, 0, 0;0,  0;1,  1> +
           ( 0.0000640, 0.0000439)|   6, 0, 0;0,  0;1, -1> +
           ( 0.0000640, 0.0000438)|   6, 0, 0;1, -1;0,  0> +
            ...
 |  551> = (-0.7074480,-0.0000673)|   6, 0, 0;0,  0;1, -1> +
           (-0.7067654,-0.0000663)|   6, 0, 0;1, -1;0,  0> +
           (-0.0000582, 0.0000513)|   6, 0, 0;1,  1;0,  0> +
           (-0.0000582, 0.0000513)|   6, 0, 0;0,  0;1,  1> +
            ...
 |  552> = (-0.7071453,-0.0016717)|   6, 0, 0;0,  0;1,  0> +
           (-0.7070643,-0.0016713)|   6, 0, 0;1,  0;0,  0> +
            ...
 |  553> = (-0.7071471, 0.0004553)|   6, 0, 0;1,  0;0,  0> +
           ( 0.7070662,-0.0004550)|   6, 0, 0;0,  0;1,  0> +
            ...
 |  554> = (-0.6488844,-0.0294281)|   7, 0, 0;1,  1;0,  0> +
           ( 0.6487533, 0.0293729)|   7, 0, 0;0,  0;1,  1> +
           ( 0.2794993, 0.0131201)|   7, 0, 0;1, -1;0,  0> +
           (-0.2790667,-0.0130038)|   7, 0, 0;0,  0;1, -1> +
            ...
 |  555> = ( 0.6427049,-0.0972233)|   7, 0, 0;0,  0;1, -1> +
           (-0.6415330, 0.0978426)|   7, 0, 0;1, -1;0,  0> +
           ( 0.2772027,-0.0424017)|   7, 0, 0;0,  0;1,  1> +
           (-0.2755095, 0.0423729)|   7, 0, 0;1,  1;0,  0> +
            ...
 |  556> = (-0.5527461, 0.0138825)|   7, 0, 0;1,  1;0,  0> +
           (-0.5517538, 0.0138103)|   7, 0, 0;0,  0;1,  1> +
           (-0.4062294,-0.1746257)|   7, 0, 0;1, -1;0,  0> +
           (-0.4043572,-0.1750280)|   7, 0, 0;0,  0;1, -1> +
            ...
 |  557> = ( 0.5421813, 0.1064449)|   7, 0, 0;0,  0;1, -1> +
           ( 0.5419687, 0.1064129)|   7, 0, 0;1, -1;0,  0> +
           (-0.4290893, 0.1042903)|   7, 0, 0;0,  0;1,  1> +
           (-0.4287197, 0.1042138)|   7, 0, 0;1,  1;0,  0> +
            ...
 |  558> = (-0.7072214,-0.0005190)|   7, 0, 0;0,  0;1,  0> +
           (-0.7069917,-0.0005191)|   7, 0, 0;1,  0;0,  0> +
            ...
 |  559> = (-0.7072216, 0.0001055)|   7, 0, 0;1,  0;0,  0> +
           ( 0.7069919,-0.0001057)|   7, 0, 0;0,  0;1,  0> +
            ...
 |  560> = (-0.6799957,-0.0613207)|   8, 0, 0;1, -1;0,  0> +
           ( 0.6797207, 0.0613089)|   8, 0, 0;0,  0;1, -1> +
           (-0.1843614,-0.0078813)|   8, 0, 0;1,  1;0,  0> +
           ( 0.1842643, 0.0078815)|   8, 0, 0;0,  0;1,  1> +
            ...
 |  561> = (-0.6778661,-0.0928010)|   8, 0, 0;0,  0;1,  1> +
           ( 0.6746837, 0.0928498)|   8, 0, 0;1,  1;0,  0> +
           (-0.1814467,-0.0336815)|   8, 0, 0;1, -1;0,  0> +
           ( 0.1813124, 0.0336860)|   8, 0, 0;0,  0;1, -1> +
            ...
