p1520
p1520
p1520
p1520
p1520
p1520
p1520
p1520
p1520
p1520
p1520
p1520
p1520
p1520
p1520
p1520
p1520
p1520
p1520
p1520
p1520
p1520
p1520
p1520
# Parameters of the model
#  mass:		  261.0000 u
#  charge:	    1.0000 e
#  dipole:	   4.74500 D
#  B:		    503.65 MHz
#  omega_rho:	    1.4000 MHz
#  omega_z:	  0.162000 MHz

# omega_1:	  0.280592 MHz
# omega_3/5:	   1.39060 MHz

# Basis truncation:	|32,4,4;2,2>
# Basis size:		41472

# Active terms of the Hamiltionian:
# 	Nomal modes:	1
# 	T_rot:      	1
# 	V_qd^{(0)}: 	1
# 	V_qd^{(1)}: 	1
# 	V_dd^{(0)}: 	1

# Results of the diagonalisation
# 100 smallest eigenvalues
 5.455917783 6.455917783 7.455917783 8.455917783 9.455917783 10.411848144 10.411848144 10.455917783 11.411848144 11.411848144 11.455917783 12.411848144 12.411848144 12.455917783 13.411848144 13.411848144 13.455917782 14.411848144 14.411848144 14.455917783 15.367778505 15.367778505 15.367778506 15.411848144 15.411848144 15.455917782 16.367778505 16.367778505 16.367778505 16.411848144 16.411848144 16.455917783 17.367778505 17.367778505 17.367778505 17.411848144 17.411848144 17.455917782 18.367778505 18.367778505 18.367778505 18.411848144 18.411848144 18.455917783 19.367778505 19.367778505 19.367778505 19.411848144 19.411848144 19.455917783 20.323708866 20.323708866 20.323708866 20.323708866 20.367778505 20.367778505 20.367778505 20.411848144 20.411848144 20.455917782 21.323708866 21.323708866 21.323708866 21.323708867 21.367778505 21.367778505 21.367778505 21.411848143 21.411848144 21.455917783 22.323708866 22.323708866 22.323708867 22.323708867 22.367778505 22.367778505 22.367778505 22.411848144 22.411848144 22.455917782 23.323708866 23.323708866 23.323708866 23.323708867 23.367778505 23.367778505 23.367778505 23.411848144 23.411848144 23.455917783 24.323708866 24.323708866 24.323708866 24.323708867 24.367778505 24.367778505 24.367778505 24.411848144 24.411848144 24.455917782

# Ground state and the lowest excitations:
 |    0> = ( 1.0000000, 0.0000000)|   0, 0, 0;0,  0;0,  0> +
           ( 0.0000167,-0.0000000)|   0, 0, 0;0,  0;1,  0> +
           (-0.0000167,-0.0000000)|   0, 0, 0;1,  0;0,  0> +
            ...
 |    1> = (-1.0000000, 0.0000000)|   1, 0, 0;0,  0;0,  0> +
           (-0.0000167,-0.0000000)|   1, 0, 0;0,  0;1,  0> +
           ( 0.0000167,-0.0000000)|   1, 0, 0;1,  0;0,  0> +
            ...
 |    2> = (-1.0000000, 0.0000000)|   2, 0, 0;0,  0;0,  0> +
           (-0.0000167, 0.0000000)|   2, 0, 0;0,  0;1,  0> +
           ( 0.0000167, 0.0000000)|   2, 0, 0;1,  0;0,  0> +
            ...
 |    3> = (-1.0000000,-0.0000000)|   3, 0, 0;0,  0;0,  0> +
           ( 0.0000167, 0.0000000)|   3, 0, 0;1,  0;0,  0> +
           (-0.0000167, 0.0000000)|   3, 0, 0;0,  0;1,  0> +
            ...
 |    4> = ( 1.0000000, 0.0000000)|   4, 0, 0;0,  0;0,  0> +
           (-0.0000167, 0.0000000)|   4, 0, 0;1,  0;0,  0> +
           ( 0.0000167, 0.0000000)|   4, 0, 0;0,  0;1,  0> +
            ...
 |    5> = (-0.7174943, 0.0000020)|   0, 1, 0;0,  0;0,  0> +
           ( 0.0000020, 0.6965644)|   0, 0, 1;0,  0;0,  0> +
           ( 0.0000120,-0.0000000)|   0, 1, 0;1,  0;0,  0> +
           (-0.0000120, 0.0000000)|   0, 1, 0;0,  0;1,  0> +
           (-0.0000000,-0.0000116)|   0, 0, 1;1,  0;0,  0> +
           ( 0.0000000, 0.0000116)|   0, 0, 1;0,  0;1,  0> +
            ...
 |    6> = (-0.0000000,-0.7174943)|   0, 0, 1;0,  0;0,  0> +
           (-0.6965644,-0.0000000)|   0, 1, 0;0,  0;0,  0> +
           (-0.0000000,-0.0000120)|   0, 0, 1;0,  0;1,  0> +
           ( 0.0000000, 0.0000120)|   0, 0, 1;1,  0;0,  0> +
           ( 0.0000116, 0.0000000)|   0, 1, 0;1,  0;0,  0> +
           (-0.0000116,-0.0000000)|   0, 1, 0;0,  0;1,  0> +
            ...
 |    7> = (-1.0000000, 0.0000000)|   5, 0, 0;0,  0;0,  0> +
           ( 0.0000167,-0.0000000)|   5, 0, 0;1,  0;0,  0> +
           (-0.0000167,-0.0000000)|   5, 0, 0;0,  0;1,  0> +
            ...
 |    8> = ( 0.0203129, 0.7494106)|   1, 0, 1;0,  0;0,  0> +
           (-0.6614821, 0.0203117)|   1, 1, 0;0,  0;0,  0> +
           ( 0.0000003, 0.0000125)|   1, 0, 1;0,  0;1,  0> +
           (-0.0000003,-0.0000125)|   1, 0, 1;1,  0;0,  0> +
           (-0.0000110, 0.0000003)|   1, 1, 0;0,  0;1,  0> +
           ( 0.0000110,-0.0000003)|   1, 1, 0;1,  0;0,  0> +
            ...
 |    9> = (-0.7496848, 0.0012647)|   1, 1, 0;0,  0;0,  0> +
           ( 0.0012648,-0.6617926)|   1, 0, 1;0,  0;0,  0> +
           (-0.0000125, 0.0000000)|   1, 1, 0;0,  0;1,  0> +
           ( 0.0000125,-0.0000000)|   1, 1, 0;1,  0;0,  0> +
           ( 0.0000000,-0.0000111)|   1, 0, 1;0,  0;1,  0> +
           (-0.0000000, 0.0000111)|   1, 0, 1;1,  0;0,  0> +
            ...
 |   10> = (-1.0000000,-0.0000000)|   6, 0, 0;0,  0;0,  0> +
           (-0.0000167,-0.0000000)|   6, 0, 0;0,  0;1,  0> +
           ( 0.0000167, 0.0000000)|   6, 0, 0;1,  0;0,  0> +
            ...
 |   11> = ( 0.7118005,-0.0249013)|   2, 1, 0;0,  0;0,  0> +
           (-0.0249024,-0.7014983)|   2, 0, 1;0,  0;0,  0> +
           ( 0.0000119,-0.0000004)|   2, 1, 0;0,  0;1,  0> +
           (-0.0000119, 0.0000004)|   2, 1, 0;1,  0;0,  0> +
           ( 0.0000004, 0.0000117)|   2, 0, 1;1,  0;0,  0> +
           (-0.0000004,-0.0000117)|   2, 0, 1;0,  0;1,  0> +
            ...
 |   12> = (-0.0001820,-0.7122359)|   2, 0, 1;0,  0;0,  0> +
           (-0.7019402,-0.0001820)|   2, 1, 0;0,  0;0,  0> +
           ( 0.0000000, 0.0000119)|   2, 0, 1;1,  0;0,  0> +
           (-0.0000000,-0.0000119)|   2, 0, 1;0,  0;1,  0> +
           ( 0.0000117, 0.0000000)|   2, 1, 0;1,  0;0,  0> +
           (-0.0000117,-0.0000000)|   2, 1, 0;0,  0;1,  0> +
            ...
 |   13> = (-1.0000000,-0.0000000)|   7, 0, 0;0,  0;0,  0> +
           ( 0.0000167, 0.0000000)|   7, 0, 0;1,  0;0,  0> +
           (-0.0000167,-0.0000000)|   7, 0, 0;0,  0;1,  0> +
            ...
 |   14> = (-0.0000111, 0.7115429)|   3, 0, 1;0,  0;0,  0> +
           ( 0.7026427,-0.0000111)|   3, 1, 0;0,  0;0,  0> +
           (-0.0000000, 0.0000119)|   3, 0, 1;0,  0;1,  0> +
           ( 0.0000000,-0.0000119)|   3, 0, 1;1,  0;0,  0> +
           ( 0.0000117,-0.0000000)|   3, 1, 0;0,  0;1,  0> +
           (-0.0000117, 0.0000000)|   3, 1, 0;1,  0;0,  0> +
            ...
 |   15> = (-0.7115407,-0.0017520)|   3, 1, 0;0,  0;0,  0> +
           (-0.0017521, 0.7026405)|   3, 0, 1;0,  0;0,  0> +
           (-0.0000119,-0.0000000)|   3, 1, 0;0,  0;1,  0> +
           ( 0.0000119, 0.0000000)|   3, 1, 0;1,  0;0,  0> +
           (-0.0000000, 0.0000117)|   3, 0, 1;0,  0;1,  0> +
           ( 0.0000000,-0.0000117)|   3, 0, 1;1,  0;0,  0> +
            ...
 |   16> = (-1.0000000,-0.0000000)|   8, 0, 0;0,  0;0,  0> +
           ( 0.0000167, 0.0000000)|   8, 0, 0;1,  0;0,  0> +
           (-0.0000167,-0.0000000)|   8, 0, 0;0,  0;1,  0> +
            ...
 |   17> = (-0.7105126, 0.0000029)|   4, 1, 0;0,  0;0,  0> +
           ( 0.0000029,-0.7036845)|   4, 0, 1;0,  0;0,  0> +
           (-0.0000119, 0.0000000)|   4, 1, 0;0,  0;1,  0> +
           ( 0.0000119,-0.0000000)|   4, 1, 0;1,  0;0,  0> +
           (-0.0000000, 0.0000118)|   4, 0, 1;1,  0;0,  0> +
           ( 0.0000000,-0.0000118)|   4, 0, 1;0,  0;1,  0> +
            ...
 |   18> = ( 0.0006107, 0.7105123)|   4, 0, 1;0,  0;0,  0> +
           (-0.7036842, 0.0006106)|   4, 1, 0;0,  0;0,  0> +
           ( 0.0000000, 0.0000119)|   4, 0, 1;0,  0;1,  0> +
           (-0.0000000,-0.0000119)|   4, 0, 1;1,  0;0,  0> +
           (-0.0000118, 0.0000000)|   4, 1, 0;0,  0;1,  0> +
           ( 0.0000118,-0.0000000)|   4, 1, 0;1,  0;0,  0> +
            ...
 |   19> = (-1.0000000,-0.0000000)|   9, 0, 0;0,  0;0,  0> +
           (-0.0000167,-0.0000000)|   9, 0, 0;0,  0;1,  0> +
           ( 0.0000167, 0.0000000)|   9, 0, 0;1,  0;0,  0> +
            ...
 |   20> = (-0.7071069, 0.0000000)|   0, 0, 2;0,  0;0,  0> +
           (-0.7071066,-0.0000000)|   0, 2, 0;0,  0;0,  0> +
           (-0.0000118,-0.0000000)|   0, 0, 2;0,  0;1,  0> +
           ( 0.0000118,-0.0000000)|   0, 0, 2;1,  0;0,  0> +
           ( 0.0000118,-0.0000000)|   0, 2, 0;1,  0;0,  0> +
           (-0.0000118,-0.0000000)|   0, 2, 0;0,  0;1,  0> +
            ...
 |   21> = (-0.0000099,-1.0000000)|   0, 1, 1;0,  0;0,  0> +
           (-0.0000000,-0.0000167)|   0, 1, 1;0,  0;1,  0> +
           ( 0.0000000, 0.0000167)|   0, 1, 1;1,  0;0,  0> +
            ...
 |   22> = (-0.7071069,-0.0000000)|   0, 2, 0;0,  0;0,  0> +
           ( 0.7071066, 0.0000000)|   0, 0, 2;0,  0;0,  0> +
           ( 0.0000118, 0.0000000)|   0, 2, 0;1,  0;0,  0> +
           (-0.0000118, 0.0000000)|   0, 2, 0;0,  0;1,  0> +
           ( 0.0000118, 0.0000000)|   0, 0, 2;0,  0;1,  0> +
           (-0.0000118, 0.0000000)|   0, 0, 2;1,  0;0,  0> +
            ...
 |   23> = (-0.0000940, 0.7101599)|   5, 0, 1;0,  0;0,  0> +
           ( 0.7040404,-0.0000940)|   5, 1, 0;0,  0;0,  0> +
           ( 0.0000000,-0.0000119)|   5, 0, 1;1,  0;0,  0> +
           (-0.0000000, 0.0000119)|   5, 0, 1;0,  0;1,  0> +
           ( 0.0000118,-0.0000000)|   5, 1, 0;0,  0;1,  0> +
           (-0.0000118, 0.0000000)|   5, 1, 0;1,  0;0,  0> +
            ...
 |   24> = (-0.7098302,-0.0216355)|   5, 1, 0;0,  0;0,  0> +
           (-0.0216361, 0.7037079)|   5, 0, 1;0,  0;0,  0> +
           (-0.0000119,-0.0000004)|   5, 1, 0;0,  0;1,  0> +
           ( 0.0000119, 0.0000004)|   5, 1, 0;1,  0;0,  0> +
           ( 0.0000004,-0.0000118)|   5, 0, 1;1,  0;0,  0> +
           (-0.0000004, 0.0000118)|   5, 0, 1;0,  0;1,  0> +
            ...
 # The upper part of the spectrum
 # Eigenvalues first: 512	 last: 562
 22561.564754541 22561.564754541 22561.564755792 22561.564755792 22561.564759576 22561.564762077 22562.564754541 22562.564754541 22562.564755792 22562.564755792 22562.564759576 22562.564762077 22563.564754541 22563.564754541 22563.564755792 22563.564755792 22563.564759576 22563.564762077 22564.564754541 22564.564754542 22564.564755792 22564.564755792 22564.564759576 22564.564762077 22565.564754541 22565.564754541 22565.564755791 22565.564755792 22565.564759576 22565.564762077 22566.520684902 22566.520684902 22566.520684903 22566.520684903 22566.520686153 22566.520686153 22566.520686153 22566.520686153 22566.520689937 22566.520689938 22566.520692438 22566.520692439 22566.564754541 22566.564754542 22566.564755791 22566.564755791 22566.564759576 22566.564762077 22567.520684902 22567.520684902

# Excited states :
 |  511> = (-0.0000932,-1.0000000)|  31, 3, 3;0,  0;0,  0> +
           ( 0.0000000, 0.0000167)|  31, 3, 3;1,  0;0,  0> +
           (-0.0000000,-0.0000167)|  31, 3, 3;0,  0;1,  0> +
            ...
 |  512> = ( 0.6935516,-0.0000019)|   0, 0, 0;0,  0;1, -1> +
           (-0.6935180, 0.0000025)|   0, 0, 0;1, -1;0,  0> +
           (-0.1374120,-0.0115200)|   0, 0, 0;0,  0;1,  1> +
           ( 0.1373737, 0.0115180)|   0, 0, 0;1,  1;0,  0> +
           (-0.0000116, 0.0000000)|   0, 0, 0;1,  0;1, -1> +
           (-0.0000116, 0.0000000)|   0, 0, 0;1, -1;1,  0> +
            ...
 |  513> = ( 0.6911477, 0.0580027)|   0, 0, 0;0,  0;1,  1> +
           (-0.6910626,-0.0580003)|   0, 0, 0;1,  1;0,  0> +
           (-0.1378811,-0.0000128)|   0, 0, 0;1, -1;0,  0> +
           ( 0.1378687, 0.0000098)|   0, 0, 0;0,  0;1, -1> +
           (-0.0000115,-0.0000010)|   0, 0, 0;1,  0;1,  1> +
           (-0.0000115,-0.0000010)|   0, 0, 0;1,  1;1,  0> +
            ...
 |  514> = ( 0.7015246, 0.0000007)|   0, 0, 0;1, -1;0,  0> +
           ( 0.7014917, 0.0000011)|   0, 0, 0;0,  0;1, -1> +
           (-0.0885676, 0.0066877)|   0, 0, 0;1,  1;0,  0> +
           (-0.0885374, 0.0066860)|   0, 0, 0;0,  0;1,  1> +
           ( 0.0000117, 0.0000000)|   0, 0, 0;1, -1;1,  0> +
           (-0.0000117,-0.0000000)|   0, 0, 0;1,  0;1, -1> +
            ...
 |  515> = (-0.6995561, 0.0528827)|   0, 0, 0;1,  1;0,  0> +
           (-0.6994682, 0.0528809)|   0, 0, 0;0,  0;1,  1> +
           (-0.0888130, 0.0000089)|   0, 0, 0;0,  0;1, -1> +
           (-0.0887962, 0.0000058)|   0, 0, 0;1, -1;0,  0> +
           (-0.0000117, 0.0000009)|   0, 0, 0;1,  1;1,  0> +
           ( 0.0000117,-0.0000009)|   0, 0, 0;1,  0;1,  1> +
            ...
 |  516> = (-0.7071068,-0.0000030)|   0, 0, 0;1,  0;0,  0> +
           (-0.7071068,-0.0000030)|   0, 0, 0;0,  0;1,  0> +
            ...
 |  517> = ( 0.7071068, 0.0000000)|   0, 0, 0;0,  0;1,  0> +
           (-0.7071068, 0.0000000)|   0, 0, 0;1,  0;0,  0> +
           (-0.0000236,-0.0000000)|   0, 0, 0;1,  0;1,  0> +
           (-0.0000236, 0.0000000)|   0, 0, 0;0,  0;0,  0> +
            ...
 |  518> = ( 0.5746569, 0.0002039)|   1, 0, 0;1, -1;0,  0> +
           (-0.5746030,-0.0002038)|   1, 0, 0;0,  0;1, -1> +
           (-0.4120698, 0.0002095)|   1, 0, 0;1,  1;0,  0> +
           ( 0.4120668,-0.0002095)|   1, 0, 0;0,  0;1,  1> +
            ...
 |  519> = (-0.5746366,-0.0013890)|   1, 0, 0;0,  0;1,  1> +
           ( 0.5746201, 0.0013893)|   1, 0, 0;1,  1;0,  0> +
           (-0.4120674,-0.0013519)|   1, 0, 0;0,  0;1, -1> +
           ( 0.4120649, 0.0013518)|   1, 0, 0;1, -1;0,  0> +
            ...
 |  520> = ( 0.6703956,-0.0000299)|   1, 0, 0;0,  0;1, -1> +
           ( 0.6703593,-0.0000299)|   1, 0, 0;1, -1;0,  0> +
           ( 0.2249491, 0.0000948)|   1, 0, 0;1,  1;0,  0> +
           ( 0.2249136, 0.0000948)|   1, 0, 0;0,  0;1,  1> +
           (-0.0000112, 0.0000000)|   1, 0, 0;1,  0;1, -1> +
           ( 0.0000112,-0.0000000)|   1, 0, 0;1, -1;1,  0> +
            ...
 |  521> = ( 0.6703580, 0.0051268)|   1, 0, 0;1,  1;0,  0> +
           ( 0.6703576, 0.0051265)|   1, 0, 0;0,  0;1,  1> +
           (-0.2249380,-0.0016155)|   1, 0, 0;0,  0;1, -1> +
           (-0.2249131,-0.0016151)|   1, 0, 0;1, -1;0,  0> +
           ( 0.0000112, 0.0000001)|   1, 0, 0;1,  1;1,  0> +
           (-0.0000112,-0.0000001)|   1, 0, 0;1,  0;1,  1> +
            ...
 |  522> = ( 0.7071069, 0.0000000)|   1, 0, 0;1,  0;0,  0> +
           ( 0.7071067, 0.0000000)|   1, 0, 0;0,  0;1,  0> +
            ...
 |  523> = ( 0.7071069, 0.0000000)|   1, 0, 0;0,  0;1,  0> +
           (-0.7071067, 0.0000000)|   1, 0, 0;1,  0;0,  0> +
           (-0.0000236,-0.0000000)|   1, 0, 0;1,  0;1,  0> +
           (-0.0000236,-0.0000000)|   1, 0, 0;0,  0;0,  0> +
            ...
 |  524> = ( 0.7071110,-0.0061263)|   2, 0, 0;1,  1;0,  0> +
           (-0.7070495, 0.0061270)|   2, 0, 0;0,  0;1,  1> +
           (-0.0000349, 0.0000003)|   2, 0, 0;1, -1;0,  0> +
           ( 0.0000349,-0.0000003)|   2, 0, 0;0,  0;1, -1> +
           ( 0.0000118,-0.0000001)|   2, 0, 0;1,  1;1,  0> +
           ( 0.0000118,-0.0000001)|   2, 0, 0;1,  0;1,  1> +
            ...
 |  525> = (-0.7071183, 0.0000000)|   2, 0, 0;0,  0;1, -1> +
           ( 0.7070952,-0.0000001)|   2, 0, 0;1, -1;0,  0> +
           ( 0.0000362, 0.0000000)|   2, 0, 0;1,  1;0,  0> +
           (-0.0000335, 0.0000000)|   2, 0, 0;0,  0;1,  1> +
           ( 0.0000118,-0.0000000)|   2, 0, 0;1,  0;1, -1> +
           ( 0.0000118,-0.0000000)|   2, 0, 0;1, -1;1,  0> +
            ...
 |  526> = (-0.7070442,-0.0114846)|   2, 0, 0;0,  0;1,  1> +
           (-0.7069828,-0.0114848)|   2, 0, 0;1,  1;0,  0> +
           ( 0.0000426, 0.0000007)|   2, 0, 0;1, -1;0,  0> +
           ( 0.0000399, 0.0000007)|   2, 0, 0;0,  0;1, -1> +
           ( 0.0000118, 0.0000002)|   2, 0, 0;1,  0;1,  1> +
           (-0.0000118,-0.0000002)|   2, 0, 0;1,  1;1,  0> +
            ...
 |  527> = ( 0.7071183,-0.0000002)|   2, 0, 0;1, -1;0,  0> +
           ( 0.7070952,-0.0000001)|   2, 0, 0;0,  0;1, -1> +
           ( 0.0000412, 0.0000000)|   2, 0, 0;1,  1;0,  0> +
           ( 0.0000412, 0.0000000)|   2, 0, 0;0,  0;1,  1> +
           ( 0.0000118,-0.0000000)|   2, 0, 0;1, -1;1,  0> +
           (-0.0000118, 0.0000000)|   2, 0, 0;1,  0;1, -1> +
            ...
 |  528> = (-0.7071081, 0.0000000)|   2, 0, 0;0,  0;1,  0> +
           (-0.7071054, 0.0000000)|   2, 0, 0;1,  0;0,  0> +
            ...
 |  529> = ( 0.7071081,-0.0000000)|   2, 0, 0;1,  0;0,  0> +
           (-0.7071054,-0.0000000)|   2, 0, 0;0,  0;1,  0> +
           ( 0.0000236, 0.0000000)|   2, 0, 0;1,  0;1,  0> +
           ( 0.0000236,-0.0000000)|   2, 0, 0;0,  0;0,  0> +
            ...
 |  530> = ( 0.7071327, 0.0000000)|   3, 0, 0;0,  0;1, -1> +
           (-0.7070805,-0.0000000)|   3, 0, 0;1, -1;0,  0> +
           (-0.0004812, 0.0000000)|   3, 0, 0;1,  1;0,  0> +
           ( 0.0004812,-0.0000000)|   3, 0, 0;0,  0;1,  1> +
           (-0.0000118,-0.0000000)|   3, 0, 0;1,  0;1, -1> +
           (-0.0000118,-0.0000000)|   3, 0, 0;1, -1;1,  0> +
            ...
 |  531> = ( 0.7071144,-0.0033650)|   3, 0, 0;0,  0;1,  1> +
           (-0.7070828, 0.0033642)|   3, 0, 0;1,  1;0,  0> +
           (-0.0004812, 0.0000023)|   3, 0, 0;0,  0;1, -1> +
           ( 0.0004812,-0.0000023)|   3, 0, 0;1, -1;0,  0> +
           (-0.0000118, 0.0000001)|   3, 0, 0;1,  0;1,  1> +
           (-0.0000118, 0.0000001)|   3, 0, 0;1,  1;1,  0> +
            ...
 |  532> = ( 0.7071328, 0.0000001)|   3, 0, 0;1, -1;0,  0> +
           ( 0.7070805, 0.0000000)|   3, 0, 0;0,  0;1, -1> +
           ( 0.0004630, 0.0000003)|   3, 0, 0;1,  1;0,  0> +
           ( 0.0004629, 0.0000003)|   3, 0, 0;0,  0;1,  1> +
           ( 0.0000118, 0.0000000)|   3, 0, 0;1, -1;1,  0> +
           (-0.0000118,-0.0000000)|   3, 0, 0;1,  0;1, -1> +
            ...
 |  533> = ( 0.7064211,-0.0314856)|   3, 0, 0;1,  1;0,  0> +
           ( 0.7063895,-0.0314848)|   3, 0, 0;0,  0;1,  1> +
           (-0.0004626, 0.0000209)|   3, 0, 0;1, -1;0,  0> +
           (-0.0004625, 0.0000209)|   3, 0, 0;0,  0;1, -1> +
           ( 0.0000118,-0.0000005)|   3, 0, 0;1,  1;1,  0> +
           (-0.0000118, 0.0000005)|   3, 0, 0;1,  0;1,  1> +
            ...
 |  534> = ( 0.7067934, 0.0210537)|   3, 0, 0;0,  0;1,  0> +
           ( 0.7067932, 0.0210537)|   3, 0, 0;1,  0;0,  0> +
            ...
 |  535> = ( 0.7071069, 0.0000000)|   3, 0, 0;1,  0;0,  0> +
           (-0.7071067, 0.0000000)|   3, 0, 0;0,  0;1,  0> +
           ( 0.0000236,-0.0000000)|   3, 0, 0;1,  0;1,  0> +
           ( 0.0000236,-0.0000000)|   3, 0, 0;0,  0;0,  0> +
            ...
 |  536> = (-0.7054606,-0.0493212)|   4, 0, 0;0,  0;1,  1> +
           ( 0.7053090, 0.0493143)|   4, 0, 0;1,  1;0,  0> +
           (-0.0001567,-0.0000109)|   4, 0, 0;0,  0;1, -1> +
           ( 0.0001561, 0.0000109)|   4, 0, 0;1, -1;0,  0> +
           ( 0.0000118, 0.0000008)|   4, 0, 0;1,  0;1,  1> +
           ( 0.0000118, 0.0000008)|   4, 0, 0;1,  1;1,  0> +
            ...
 |  537> = ( 0.7071913,-0.0000002)|   4, 0, 0;0,  0;1, -1> +
           (-0.7070222, 0.0000002)|   4, 0, 0;1, -1;0,  0> +
           (-0.0001568,-0.0000000)|   4, 0, 0;0,  0;1,  1> +
           ( 0.0001568, 0.0000000)|   4, 0, 0;1,  1;0,  0> +
           (-0.0000118, 0.0000000)|   4, 0, 0;1,  0;1, -1> +
           (-0.0000118, 0.0000000)|   4, 0, 0;1, -1;1,  0> +
            ...
 |  538> = ( 0.7065751, 0.0293057)|   4, 0, 0;1,  1;0,  0> +
           ( 0.7064237, 0.0292957)|   4, 0, 0;0,  0;1,  1> +
           ( 0.0001558, 0.0000065)|   4, 0, 0;1, -1;0,  0> +
           ( 0.0001558, 0.0000065)|   4, 0, 0;0,  0;1, -1> +
           ( 0.0000118, 0.0000005)|   4, 0, 0;1,  1;1,  0> +
           (-0.0000118,-0.0000005)|   4, 0, 0;1,  0;1,  1> +
            ...
 |  539> = (-0.7071913, 0.0000003)|   4, 0, 0;1, -1;0,  0> +
           (-0.7070222, 0.0000003)|   4, 0, 0;0,  0;1, -1> +
           ( 0.0001562, 0.0000000)|   4, 0, 0;0,  0;1,  1> +
           ( 0.0001557,-0.0000000)|   4, 0, 0;1,  1;0,  0> +
           (-0.0000118, 0.0000000)|   4, 0, 0;1, -1;1,  0> +
           ( 0.0000118,-0.0000000)|   4, 0, 0;1,  0;1, -1> +
            ...
 |  540> = (-0.7070084, 0.0118077)|   4, 0, 0;1,  0;0,  0> +
           (-0.7070080, 0.0118077)|   4, 0, 0;0,  0;1,  0> +
            ...
 |  541> = (-0.7071069, 0.0000000)|   4, 0, 0;0,  0;1,  0> +
           ( 0.7071066, 0.0000000)|   4, 0, 0;1,  0;0,  0> +
           ( 0.0000236,-0.0000000)|   4, 0, 0;1,  0;1,  0> +
           ( 0.0000236,-0.0000000)|   4, 0, 0;0,  0;0,  0> +
            ...
 |  542> = (-0.5074551,-0.2258374)|   0, 1, 0;1,  1;0,  0> +
           ( 0.5074349, 0.2258286)|   0, 1, 0;0,  0;1,  1> +
           ( 0.3060619,-0.0483677)|   0, 1, 0;0,  0;1, -1> +
           (-0.3060410, 0.0483799)|   0, 1, 0;1, -1;0,  0> +
           (-0.2433829, 0.1873902)|   0, 0, 1;1,  1;0,  0> +
           ( 0.2433730,-0.1873731)|   0, 0, 1;0,  0;1,  1> +
           (-0.0308305, 0.0140176)|   0, 0, 1;1, -1;0,  0> +
           ( 0.0308273,-0.0140128)|   0, 0, 1;0,  0;1, -1> +
            ...
 |  543> = (-0.0000000,-0.3535816)|   0, 0, 1;0,  0;1, -1> +
           ( 0.0000000, 0.3535811)|   0, 0, 1;1, -1;0,  0> +
           (-0.3535465,-0.0000000)|   0, 1, 0;0,  0;1,  1> +
           ( 0.3535464, 0.0000000)|   0, 1, 0;1,  1;0,  0> +
           ( 0.3535442, 0.0000000)|   0, 1, 0;0,  0;1, -1> +
           (-0.3535441,-0.0000000)|   0, 1, 0;1, -1;0,  0> +
           (-0.0000000,-0.3535416)|   0, 0, 1;0,  0;1,  1> +
           ( 0.0000000, 0.3535416)|   0, 0, 1;1,  1;0,  0> +
            ...
 |  544> = (-0.0015327, 0.6103343)|   0, 0, 1;0,  0;1, -1> +
           ( 0.0015335,-0.6103330)|   0, 0, 1;1, -1;0,  0> +
           ( 0.0121012, 0.2479054)|   0, 0, 1;1,  1;0,  0> +
           (-0.0121007,-0.2479028)|   0, 0, 1;0,  0;1,  1> +
           (-0.1864721,-0.0024021)|   0, 1, 0;1, -1;0,  0> +
           ( 0.1864674, 0.0024008)|   0, 1, 0;0,  0;1, -1> +
           ( 0.1760281, 0.0112340)|   0, 1, 0;1,  1;0,  0> +
           (-0.1760213,-0.0112312)|   0, 1, 0;0,  0;1,  1> +
           ( 0.0000000,-0.0000102)|   0, 0, 1;1,  0;1, -1> +
           ( 0.0000000,-0.0000102)|   0, 0, 1;1, -1;1,  0> +
            ...
 |  545> = (-0.2720759,-0.4125494)|   0, 1, 0;1, -1;0,  0> +
           ( 0.2720896, 0.4125404)|   0, 1, 0;0,  0;1, -1> +
           ( 0.4560731,-0.1051722)|   0, 0, 1;1,  1;0,  0> +
           (-0.4560646, 0.1051794)|   0, 0, 1;0,  0;1,  1> +
           ( 0.1703973,-0.0797379)|   0, 1, 0;0,  0;1,  1> +
           (-0.1703924, 0.0797445)|   0, 1, 0;1,  1;0,  0> +
           ( 0.0362182, 0.0034882)|   0, 0, 1;1, -1;0,  0> +
           (-0.0362163,-0.0034876)|   0, 0, 1;0,  0;1, -1> +
            ...
 |  546> = ( 0.4623982, 0.1526701)|   0, 1, 0;0,  0;1,  1> +
           ( 0.4623840, 0.1526636)|   0, 1, 0;1,  1;0,  0> +
           ( 0.0058105, 0.3635475)|   0, 0, 1;1,  1;0,  0> +
           ( 0.0058182, 0.3635424)|   0, 0, 1;0,  0;1,  1> +
           (-0.2866600,-0.0462649)|   0, 1, 0;1, -1;0,  0> +
           (-0.2866584,-0.0462665)|   0, 1, 0;0,  0;1, -1> +
           ( 0.0397709,-0.2116469)|   0, 0, 1;0,  0;1, -1> +
           ( 0.0397705,-0.2116395)|   0, 0, 1;1, -1;0,  0> +
           ( 0.0000003, 0.0000157)|   0, 0, 1;0,  0;1,  0> +
            ...
 |  547> = ( 0.4011150, 0.4342914)|   0, 0, 1;0,  0;1,  1> +
           ( 0.4011032, 0.4342786)|   0, 0, 1;1,  1;0,  0> +
           (-0.2788006, 0.0646278)|   0, 1, 0;0,  0;1,  1> +
           (-0.2787778, 0.0646087)|   0, 1, 0;1,  1;0,  0> +
           ( 0.1490022,-0.2114306)|   0, 1, 0;1, -1;0,  0> +
           ( 0.1489949,-0.2114260)|   0, 1, 0;0,  0;1, -1> +
           ( 0.0082415, 0.0404822)|   0, 0, 1;0,  0;1, -1> +
           ( 0.0082388, 0.0404796)|   0, 0, 1;1, -1;0,  0> +
           ( 0.0000020, 0.0000157)|   0, 0, 1;0,  0;1,  0> +
            ...
 |  548> = ( 0.0014979, 0.6716269)|   0, 0, 1;1, -1;0,  0> +
           ( 0.0014980, 0.6716231)|   0, 0, 1;0,  0;1, -1> +
           ( 0.1628912, 0.0058659)|   0, 1, 0;0,  0;1,  1> +
           ( 0.1628893, 0.0058650)|   0, 1, 0;1,  1;0,  0> +
           (-0.1243928,-0.0015210)|   0, 1, 0;0,  0;1, -1> +
           (-0.1243925,-0.0015210)|   0, 1, 0;1, -1;0,  0> +
           ( 0.0000972, 0.0829104)|   0, 0, 1;0,  0;1,  1> +
           ( 0.0000963, 0.0829099)|   0, 0, 1;1,  1;0,  0> +
           ( 0.0000000, 0.0000112)|   0, 0, 1;1, -1;1,  0> +
           (-0.0000000,-0.0000112)|   0, 0, 1;1,  0;1, -1> +
            ...
 |  549> = (-0.5402017,-0.2036965)|   0, 1, 0;1, -1;0,  0> +
           (-0.5401996,-0.2036897)|   0, 1, 0;0,  0;1, -1> +
           (-0.3044949,-0.2484068)|   0, 1, 0;1,  1;0,  0> +
           (-0.3044837,-0.2484109)|   0, 1, 0;0,  0;1,  1> +
           (-0.1036893, 0.0261642)|   0, 0, 1;0,  0;1,  1> +
           (-0.1036792, 0.0261722)|   0, 0, 1;1,  1;0,  0> +
           (-0.0083438,-0.0276924)|   0, 0, 1;0,  0;1, -1> +
           (-0.0083429,-0.0276913)|   0, 0, 1;1, -1;0,  0> +
            ...
 |  550> = ( 0.0550420,-0.7015128)|   0, 0, 1;0,  0;1,  0> +
           ( 0.0550447,-0.7014965)|   0, 0, 1;1,  0;0,  0> +
           (-0.0696104,-0.0040071)|   0, 1, 0;1,  0;0,  0> +
           (-0.0696075,-0.0040078)|   0, 1, 0;0,  0;1,  0> +
           ( 0.0000102, 0.0000056)|   0, 1, 0;0,  0;1,  1> +
           ( 0.0000064, 0.0000086)|   0, 0, 1;0,  0;1,  1> +
           ( 0.0000008, 0.0000105)|   0, 0, 1;1,  1;0,  0> +
            ...
 |  551> = ( 0.5566905, 0.4304276)|   0, 1, 0;1,  0;0,  0> +
           ( 0.5566195, 0.4304412)|   0, 1, 0;0,  0;1,  0> +
           ( 0.0437859,-0.0542643)|   0, 0, 1;0,  0;1,  0> +
           ( 0.0437913,-0.0542535)|   0, 0, 1;1,  0;0,  0> +
            ...
 |  552> = ( 0.0948976, 0.6873571)|   0, 0, 1;1,  0;0,  0> +
           (-0.0948993,-0.6873408)|   0, 0, 1;0,  0;1,  0> +
           ( 0.1361818,-0.0008995)|   0, 1, 0;0,  0;1,  0> +
           (-0.1361775, 0.0009003)|   0, 1, 0;1,  0;0,  0> +
           ( 0.0000032, 0.0000230)|   0, 0, 1;1,  0;1,  0> +
           ( 0.0000032, 0.0000230)|   0, 0, 1;0,  0;0,  0> +
           ( 0.0000060, 0.0000094)|   0, 0, 1;1,  1;0,  0> +
           ( 0.0000052, 0.0000088)|   0, 0, 1;0,  0;1,  1> +
            ...
 |  553> = ( 0.6931834,-0.0313727)|   0, 1, 0;0,  0;1,  0> +
           (-0.6931331, 0.0314254)|   0, 1, 0;1,  0;0,  0> +
           (-0.0238230,-0.1340849)|   0, 0, 1;1,  0;0,  0> +
           ( 0.0238277, 0.1340797)|   0, 0, 1;0,  0;1,  0> +
           (-0.0000231, 0.0000010)|   0, 1, 0;1,  0;1,  0> +
           (-0.0000231, 0.0000010)|   0, 1, 0;0,  0;0,  0> +
            ...
 |  554> = (-0.7071024, 0.0003150)|   5, 0, 0;1, -1;0,  0> +
           ( 0.7070254,-0.0003150)|   5, 0, 0;0,  0;1, -1> +
           ( 0.0077810, 0.0000281)|   5, 0, 0;1,  1;0,  0> +
           (-0.0077798,-0.0000281)|   5, 0, 0;0,  0;1,  1> +
           (-0.0000118, 0.0000000)|   5, 0, 0;1, -1;1,  0> +
           (-0.0000118, 0.0000000)|   5, 0, 0;1,  0;1, -1> +
            ...
 |  555> = ( 0.6894034, 0.1570663)|   5, 0, 0;0,  0;1,  1> +
           (-0.6893936,-0.1570621)|   5, 0, 0;1,  1;0,  0> +
           ( 0.0075931, 0.0016976)|   5, 0, 0;0,  0;1, -1> +
           (-0.0075928,-0.0016975)|   5, 0, 0;1, -1;0,  0> +
           (-0.0000115,-0.0000026)|   5, 0, 0;1,  0;1,  1> +
           (-0.0000115,-0.0000026)|   5, 0, 0;1,  1;1,  0> +
            ...
 |  556> = ( 0.7071116,-0.0001082)|   5, 0, 0;0,  0;1, -1> +
           ( 0.7070346,-0.0001082)|   5, 0, 0;1, -1;0,  0> +
           (-0.0069016, 0.0000103)|   5, 0, 0;0,  0;1,  1> +
           (-0.0069006, 0.0000103)|   5, 0, 0;1,  1;0,  0> +
           (-0.0000118, 0.0000000)|   5, 0, 0;1,  0;1, -1> +
           ( 0.0000118,-0.0000000)|   5, 0, 0;1, -1;1,  0> +
            ...
 |  557> = ( 0.7070571, 0.0054845)|   5, 0, 0;1,  1;0,  0> +
           ( 0.7070466, 0.0054863)|   5, 0, 0;0,  0;1,  1> +
           ( 0.0069011, 0.0000628)|   5, 0, 0;1, -1;0,  0> +
           ( 0.0069005, 0.0000628)|   5, 0, 0;0,  0;1, -1> +
           ( 0.0000118, 0.0000001)|   5, 0, 0;1,  1;1,  0> +
           (-0.0000118,-0.0000001)|   5, 0, 0;1,  0;1,  1> +
            ...
 |  558> = ( 0.7070876,-0.0053492)|   5, 0, 0;0,  0;1,  0> +
           ( 0.7070855,-0.0053493)|   5, 0, 0;1,  0;0,  0> +
            ...
 |  559> = (-0.7071079, 0.0000001)|   5, 0, 0;1,  0;0,  0> +
           ( 0.7071057,-0.0000000)|   5, 0, 0;0,  0;1,  0> +
           (-0.0000236, 0.0000000)|   5, 0, 0;1,  0;1,  0> +
           (-0.0000236, 0.0000000)|   5, 0, 0;0,  0;0,  0> +
            ...
 |  560> = (-0.3264909,-0.3009799)|   1, 1, 0;1,  1;0,  0> +
           ( 0.3264567, 0.3009655)|   1, 1, 0;0,  0;1,  1> +
           (-0.2559433, 0.2756617)|   1, 0, 1;1,  1;0,  0> +
           ( 0.2559434,-0.2756501)|   1, 0, 1;0,  0;1,  1> +
           (-0.2164770, 0.2301070)|   1, 0, 1;1, -1;0,  0> +
           ( 0.2164724,-0.2300790)|   1, 0, 1;0,  0;1, -1> +
           (-0.1792726,-0.1714545)|   1, 1, 0;0,  0;1, -1> +
           ( 0.1792775, 0.1714362)|   1, 1, 0;1, -1;0,  0> +
            ...
 |  561> = (-0.5175756, 0.0290588)|   1, 1, 0;0,  0;1, -1> +
           ( 0.5175443,-0.0290593)|   1, 1, 0;1, -1;0,  0> +
           ( 0.3735791,-0.0249230)|   1, 1, 0;1,  1;0,  0> +
           (-0.3735702, 0.0249241)|   1, 1, 0;0,  0;1,  1> +
           (-0.0123726,-0.2726071)|   1, 0, 1;0,  0;1, -1> +
           ( 0.0123723, 0.2725800)|   1, 0, 1;1, -1;0,  0> +
           (-0.0082378,-0.1287720)|   1, 0, 1;1,  1;0,  0> +
           ( 0.0082360, 0.1287538)|   1, 0, 1;0,  0;1,  1> +
           ( 0.0000121,-0.0000001)|   1, 1, 0;0,  0;1,  0> +
           (-0.0000000, 0.0000105)|   1, 0, 1;0,  0;1,  0> +
            ...
