p1108
p1108
p1108
p1108
p1108
p1108
p1108
p1108
p1108
p1108
p1108
p1108
p1108
p1108
p1108
p1108
p1108
p1108
p1108
p1108
p1108
p1108
p1108
p1108
# Parameters of the model
#  mass:		  261.0000 u
#  charge:	    1.0000 e
#  dipole:	   4.74500 D
#  B:		    503.65 MHz
#  omega_rho:	    1.4000 MHz
#  omega_z:	  0.161000 MHz

# omega_1:	  0.278860 MHz
# omega_3/5:	   1.39071 MHz

# Basis truncation:	|32,4,4;2,2>
# Basis size:		41472

# Active terms of the Hamiltionian:
# 	Nomal modes:	1
# 	T_rot:      	1
# 	V_qd^{(0)}: 	1
# 	V_qd^{(1)}: 	1
# 	V_dd^{(0)}: 	1

# Results of the diagonalisation
# 100 smallest eigenvalues
 5.487116542 6.487116542 7.487116542 8.487116542 9.487116542 10.474245534 10.474245534 10.487116542 11.474245534 11.474245534 11.487116542 12.474245533 12.474245534 12.487116542 13.474245534 13.474245534 13.487116542 14.474245533 14.474245534 14.487116542 15.461374525 15.461374525 15.461374525 15.474245533 15.474245533 15.487116542 16.461374525 16.461374525 16.461374525 16.474245533 16.474245533 16.487116542 17.461374525 17.461374525 17.461374525 17.474245533 17.474245534 17.487116542 18.461374525 18.461374525 18.461374525 18.474245533 18.474245533 18.487116542 19.461374525 19.461374525 19.461374525 19.474245533 19.474245533 19.487116542 20.448503516 20.448503516 20.448503516 20.448503517 20.461374525 20.461374525 20.461374525 20.474245533 20.474245534 20.487116542 21.448503516 21.448503516 21.448503516 21.448503517 21.461374525 21.461374525 21.461374525 21.474245534 21.474245534 21.487116542 22.448503516 22.448503516 22.448503516 22.448503516 22.461374524 22.461374525 22.461374525 22.474245533 22.474245533 22.487116541 23.448503516 23.448503516 23.448503516 23.448503516 23.461374525 23.461374525 23.461374525 23.474245533 23.474245534 23.487116542 24.448503516 24.448503516 24.448503516 24.448503517 24.461374525 24.461374525 24.461374525 24.474245533 24.474245533 24.487116541

# Ground state and the lowest excitations:
 |    0> = ( 1.0000000, 0.0000000)|   0, 0, 0;0,  0;0,  0> +
           ( 0.0000166, 0.0000000)|   0, 0, 0;0,  0;1,  0> +
           (-0.0000166, 0.0000000)|   0, 0, 0;1,  0;0,  0> +
            ...
 |    1> = (-1.0000000, 0.0000000)|   1, 0, 0;0,  0;0,  0> +
           ( 0.0000166, 0.0000000)|   1, 0, 0;1,  0;0,  0> +
           (-0.0000166, 0.0000000)|   1, 0, 0;0,  0;1,  0> +
            ...
 |    2> = (-1.0000000, 0.0000000)|   2, 0, 0;0,  0;0,  0> +
           (-0.0000166, 0.0000000)|   2, 0, 0;0,  0;1,  0> +
           ( 0.0000166, 0.0000000)|   2, 0, 0;1,  0;0,  0> +
            ...
 |    3> = (-1.0000000, 0.0000000)|   3, 0, 0;0,  0;0,  0> +
           ( 0.0000166, 0.0000000)|   3, 0, 0;1,  0;0,  0> +
           (-0.0000166, 0.0000000)|   3, 0, 0;0,  0;1,  0> +
            ...
 |    4> = (-1.0000000,-0.0000000)|   4, 0, 0;0,  0;0,  0> +
           ( 0.0000166, 0.0000000)|   4, 0, 0;1,  0;0,  0> +
           (-0.0000166, 0.0000000)|   4, 0, 0;0,  0;1,  0> +
            ...
 |    5> = ( 0.0000305,-0.7100953)|   0, 0, 1;0,  0;0,  0> +
           ( 0.7041055, 0.0000305)|   0, 1, 0;0,  0;0,  0> +
           ( 0.0000000,-0.0000118)|   0, 0, 1;0,  0;1,  0> +
           (-0.0000000, 0.0000118)|   0, 0, 1;1,  0;0,  0> +
           (-0.0000117,-0.0000000)|   0, 1, 0;1,  0;0,  0> +
           ( 0.0000117, 0.0000000)|   0, 1, 0;0,  0;1,  0> +
            ...
 |    6> = (-0.7100953,-0.0000001)|   0, 1, 0;0,  0;0,  0> +
           (-0.0000001,-0.7041055)|   0, 0, 1;0,  0;0,  0> +
           (-0.0000118,-0.0000000)|   0, 1, 0;0,  0;1,  0> +
           ( 0.0000118, 0.0000000)|   0, 1, 0;1,  0;0,  0> +
           ( 0.0000000, 0.0000117)|   0, 0, 1;1,  0;0,  0> +
           (-0.0000000,-0.0000117)|   0, 0, 1;0,  0;1,  0> +
            ...
 |    7> = (-1.0000000,-0.0000000)|   5, 0, 0;0,  0;0,  0> +
           (-0.0000166,-0.0000000)|   5, 0, 0;0,  0;1,  0> +
           ( 0.0000166, 0.0000000)|   5, 0, 0;1,  0;0,  0> +
            ...
 |    8> = ( 0.7459703, 0.0081074)|   1, 1, 0;0,  0;0,  0> +
           ( 0.0081072,-0.6658805)|   1, 0, 1;0,  0;0,  0> +
           (-0.0000124,-0.0000001)|   1, 1, 0;1,  0;0,  0> +
           ( 0.0000124, 0.0000001)|   1, 1, 0;0,  0;1,  0> +
           ( 0.0000001,-0.0000110)|   1, 0, 1;0,  0;1,  0> +
           (-0.0000001, 0.0000110)|   1, 0, 1;1,  0;0,  0> +
            ...
 |    9> = ( 0.0004597,-0.7460142)|   1, 0, 1;0,  0;0,  0> +
           (-0.6659297, 0.0004598)|   1, 1, 0;0,  0;0,  0> +
           ( 0.0000000,-0.0000124)|   1, 0, 1;0,  0;1,  0> +
           (-0.0000000, 0.0000124)|   1, 0, 1;1,  0;0,  0> +
           (-0.0000110, 0.0000000)|   1, 1, 0;0,  0;1,  0> +
           ( 0.0000110,-0.0000000)|   1, 1, 0;1,  0;0,  0> +
            ...
 |   10> = ( 1.0000000,-0.0000000)|   6, 0, 0;0,  0;0,  0> +
           (-0.0000166, 0.0000000)|   6, 0, 0;1,  0;0,  0> +
           ( 0.0000166,-0.0000000)|   6, 0, 0;0,  0;1,  0> +
            ...
 |   11> = ( 0.7091457, 0.0000429)|   2, 1, 0;0,  0;0,  0> +
           ( 0.0000429, 0.7050620)|   2, 0, 1;0,  0;0,  0> +
           (-0.0000117,-0.0000000)|   2, 1, 0;1,  0;0,  0> +
           ( 0.0000117, 0.0000000)|   2, 1, 0;0,  0;1,  0> +
           ( 0.0000000, 0.0000117)|   2, 0, 1;0,  0;1,  0> +
           (-0.0000000,-0.0000117)|   2, 0, 1;1,  0;0,  0> +
            ...
 |   12> = ( 0.0147794,-0.7089917)|   2, 0, 1;0,  0;0,  0> +
           ( 0.7049070, 0.0147798)|   2, 1, 0;0,  0;0,  0> +
           (-0.0000002, 0.0000117)|   2, 0, 1;1,  0;0,  0> +
           ( 0.0000002,-0.0000117)|   2, 0, 1;0,  0;1,  0> +
           (-0.0000117,-0.0000002)|   2, 1, 0;1,  0;0,  0> +
           ( 0.0000117, 0.0000002)|   2, 1, 0;0,  0;1,  0> +
            ...
 |   13> = ( 1.0000000, 0.0000000)|   7, 0, 0;0,  0;0,  0> +
           ( 0.0000166, 0.0000000)|   7, 0, 0;0,  0;1,  0> +
           (-0.0000166,-0.0000000)|   7, 0, 0;1,  0;0,  0> +
            ...
 |   14> = ( 0.0000642, 0.7168417)|   3, 0, 1;0,  0;0,  0> +
           ( 0.6972360, 0.0000642)|   3, 1, 0;0,  0;0,  0> +
           (-0.0000000,-0.0000119)|   3, 0, 1;1,  0;0,  0> +
           ( 0.0000000, 0.0000119)|   3, 0, 1;0,  0;1,  0> +
           ( 0.0000115, 0.0000000)|   3, 1, 0;0,  0;1,  0> +
           (-0.0000115,-0.0000000)|   3, 1, 0;1,  0;0,  0> +
            ...
 |   15> = (-0.7168267, 0.0046313)|   3, 1, 0;0,  0;0,  0> +
           ( 0.0046312, 0.6972206)|   3, 0, 1;0,  0;0,  0> +
           (-0.0000119, 0.0000001)|   3, 1, 0;0,  0;1,  0> +
           ( 0.0000119,-0.0000001)|   3, 1, 0;1,  0;0,  0> +
           ( 0.0000001, 0.0000115)|   3, 0, 1;0,  0;1,  0> +
           (-0.0000001,-0.0000115)|   3, 0, 1;1,  0;0,  0> +
            ...
 |   16> = ( 1.0000000,-0.0000000)|   8, 0, 0;0,  0;0,  0> +
           ( 0.0000166,-0.0000000)|   8, 0, 0;0,  0;1,  0> +
           (-0.0000166, 0.0000000)|   8, 0, 0;1,  0;0,  0> +
            ...
 |   17> = (-0.7036827,-0.0726475)|   4, 1, 0;0,  0;0,  0> +
           (-0.0726460, 0.7030474)|   4, 0, 1;0,  0;0,  0> +
           ( 0.0000117, 0.0000012)|   4, 1, 0;1,  0;0,  0> +
           (-0.0000117,-0.0000012)|   4, 1, 0;0,  0;1,  0> +
           ( 0.0000012,-0.0000116)|   4, 0, 1;1,  0;0,  0> +
           (-0.0000012, 0.0000116)|   4, 0, 1;0,  0;1,  0> +
            ...
 |   18> = ( 0.0000319,-0.7074227)|   4, 0, 1;0,  0;0,  0> +
           (-0.7067907, 0.0000319)|   4, 1, 0;0,  0;0,  0> +
           ( 0.0000000,-0.0000117)|   4, 0, 1;0,  0;1,  0> +
           (-0.0000000, 0.0000117)|   4, 0, 1;1,  0;0,  0> +
           (-0.0000117, 0.0000000)|   4, 1, 0;0,  0;1,  0> +
           ( 0.0000117,-0.0000000)|   4, 1, 0;1,  0;0,  0> +
            ...
 |   19> = (-1.0000000, 0.0000000)|   9, 0, 0;0,  0;0,  0> +
           (-0.0000166, 0.0000000)|   9, 0, 0;0,  0;1,  0> +
           ( 0.0000166,-0.0000000)|   9, 0, 0;1,  0;0,  0> +
            ...
 |   20> = (-0.7071068,-0.0000000)|   0, 0, 2;0,  0;0,  0> +
           ( 0.7071067, 0.0000000)|   0, 2, 0;0,  0;0,  0> +
           (-0.0000117,-0.0000000)|   0, 0, 2;0,  0;1,  0> +
           ( 0.0000117,-0.0000000)|   0, 0, 2;1,  0;0,  0> +
           (-0.0000117, 0.0000000)|   0, 2, 0;1,  0;0,  0> +
           ( 0.0000117, 0.0000000)|   0, 2, 0;0,  0;1,  0> +
            ...
 |   21> = (-0.0126027, 0.9999206)|   0, 1, 1;0,  0;0,  0> +
           (-0.0000002, 0.0000166)|   0, 1, 1;0,  0;1,  0> +
           ( 0.0000002,-0.0000166)|   0, 1, 1;1,  0;0,  0> +
            ...
 |   22> = ( 0.7071068, 0.0000000)|   0, 2, 0;0,  0;0,  0> +
           ( 0.7071067,-0.0000000)|   0, 0, 2;0,  0;0,  0> +
           ( 0.0000117, 0.0000000)|   0, 2, 0;0,  0;1,  0> +
           (-0.0000117, 0.0000000)|   0, 2, 0;1,  0;0,  0> +
           (-0.0000117,-0.0000000)|   0, 0, 2;1,  0;0,  0> +
           ( 0.0000117,-0.0000000)|   0, 0, 2;0,  0;1,  0> +
            ...
 |   23> = (-0.0000956,-0.8360496)|   5, 0, 1;0,  0;0,  0> +
           (-0.5486539,-0.0000956)|   5, 1, 0;0,  0;0,  0> +
           (-0.0000000,-0.0000138)|   5, 0, 1;0,  0;1,  0> +
           ( 0.0000000, 0.0000138)|   5, 0, 1;1,  0;0,  0> +
            ...
 |   24> = ( 0.8360495,-0.0004608)|   5, 1, 0;0,  0;0,  0> +
           (-0.0004608,-0.5486537)|   5, 0, 1;0,  0;0,  0> +
           ( 0.0000138,-0.0000000)|   5, 1, 0;0,  0;1,  0> +
           (-0.0000138, 0.0000000)|   5, 1, 0;1,  0;0,  0> +
            ...
 # The upper part of the spectrum
 # Eigenvalues first: 512	 last: 562
 22701.696008123 22701.696008123 22701.696009365 22701.696009365 22701.696013103 22701.696015589 22702.696008122 22702.696008122 22702.696009365 22702.696009365 22702.696013103 22702.696015589 22703.696008122 22703.696008123 22703.696009365 22703.696009365 22703.696013103 22703.696015589 22704.696008122 22704.696008122 22704.696009365 22704.696009365 22704.696013103 22704.696015588 22705.696008122 22705.696008122 22705.696009365 22705.696009365 22705.696013103 22705.696015589 22706.683137114 22706.683137114 22706.683137114 22706.683137114 22706.683138357 22706.683138357 22706.683138357 22706.683138357 22706.683142095 22706.683142095 22706.683144580 22706.683144580 22706.696008122 22706.696008122 22706.696009365 22706.696009365 22706.696013103 22706.696015589 22707.683137114 22707.683137114

# Excited states :
 |  511> = (-0.0001607,-1.0000000)|  31, 3, 3;0,  0;0,  0> +
           (-0.0000000,-0.0000166)|  31, 3, 3;0,  0;1,  0> +
           ( 0.0000000, 0.0000166)|  31, 3, 3;1,  0;0,  0> +
            ...
 |  512> = ( 0.7068650,-0.0000001)|   0, 0, 0;1, -1;0,  0> +
           (-0.7068646, 0.0000001)|   0, 0, 0;0,  0;1, -1> +
           (-0.0183816,-0.0020915)|   0, 0, 0;0,  0;1,  1> +
           ( 0.0183765, 0.0020914)|   0, 0, 0;1,  1;0,  0> +
           ( 0.0000117,-0.0000000)|   0, 0, 0;1, -1;1,  0> +
           ( 0.0000117,-0.0000000)|   0, 0, 0;1,  0;1, -1> +
           (-0.0000108, 0.0000000)|   0, 0, 0;1,  0;0,  0> +
            ...
 |  513> = (-0.7023759,-0.0801066)|   0, 0, 0;1,  1;0,  0> +
           ( 0.7022474, 0.0800957)|   0, 0, 0;0,  0;1,  1> +
           (-0.0184996,-0.0000046)|   0, 0, 0;0,  0;1, -1> +
           ( 0.0184957, 0.0000048)|   0, 0, 0;1, -1;0,  0> +
           (-0.0000116,-0.0000013)|   0, 0, 0;1,  1;1,  0> +
           (-0.0000116,-0.0000013)|   0, 0, 0;1,  0;1,  1> +
            ...
 |  514> = ( 0.7068365, 0.0000001)|   0, 0, 0;0,  0;1, -1> +
           ( 0.7068360, 0.0000001)|   0, 0, 0;1, -1;0,  0> +
           (-0.0195072,-0.0014274)|   0, 0, 0;1,  1;0,  0> +
           (-0.0195069,-0.0014272)|   0, 0, 0;0,  0;1,  1> +
           (-0.0000135, 0.0000000)|   0, 0, 0;0,  0;1,  0> +
           (-0.0000117,-0.0000000)|   0, 0, 0;1,  0;1, -1> +
           ( 0.0000117, 0.0000000)|   0, 0, 0;1, -1;1,  0> +
           (-0.0000106, 0.0000000)|   0, 0, 0;1,  0;0,  0> +
            ...
 |  515> = ( 0.7050236, 0.0514802)|   0, 0, 0;0,  0;1,  1> +
           ( 0.7048954, 0.0514671)|   0, 0, 0;1,  1;0,  0> +
           ( 0.0195634,-0.0000028)|   0, 0, 0;1, -1;0,  0> +
           ( 0.0195550,-0.0000030)|   0, 0, 0;0,  0;1, -1> +
           (-0.0000117,-0.0000009)|   0, 0, 0;1,  0;1,  1> +
           ( 0.0000117, 0.0000009)|   0, 0, 0;1,  1;1,  0> +
            ...
 |  516> = (-0.7071071, 0.0000001)|   0, 0, 0;1,  0;0,  0> +
           (-0.7071064, 0.0000001)|   0, 0, 0;0,  0;1,  0> +
           (-0.0000215,-0.0000001)|   0, 0, 0;1, -1;0,  0> +
            ...
 |  517> = (-0.7071071, 0.0000000)|   0, 0, 0;0,  0;1,  0> +
           ( 0.7071064, 0.0000000)|   0, 0, 0;1,  0;0,  0> +
           ( 0.0000234,-0.0000000)|   0, 0, 0;1,  0;1,  0> +
           ( 0.0000234, 0.0000000)|   0, 0, 0;0,  0;0,  0> +
            ...
 |  518> = (-0.7039820, 0.0231897)|   1, 0, 0;1, -1;0,  0> +
           ( 0.7037925,-0.0231838)|   1, 0, 0;0,  0;1, -1> +
           ( 0.0632810,-0.0020846)|   1, 0, 0;1,  1;0,  0> +
           (-0.0632221, 0.0020827)|   1, 0, 0;0,  0;1,  1> +
           (-0.0000117, 0.0000004)|   1, 0, 0;1, -1;1,  0> +
           (-0.0000117, 0.0000004)|   1, 0, 0;1,  0;1, -1> +
            ...
 |  519> = ( 0.7043238,-0.0000000)|   1, 0, 0;0,  0;1,  1> +
           (-0.7042143, 0.0000000)|   1, 0, 0;1,  1;0,  0> +
           ( 0.0633063, 0.0000000)|   1, 0, 0;0,  0;1, -1> +
           (-0.0632655,-0.0000001)|   1, 0, 0;1, -1;0,  0> +
           (-0.0000117, 0.0000000)|   1, 0, 0;1,  0;1,  1> +
           (-0.0000117, 0.0000000)|   1, 0, 0;1,  1;1,  0> +
            ...
 |  520> = ( 0.6779568,-0.0206277)|   1, 0, 0;0,  0;1, -1> +
           ( 0.6777600,-0.0206213)|   1, 0, 0;1, -1;0,  0> +
           (-0.2001271, 0.0060745)|   1, 0, 0;0,  0;1,  1> +
           (-0.2001012, 0.0060737)|   1, 0, 0;1,  1;0,  0> +
           (-0.0000112, 0.0000003)|   1, 0, 0;1,  0;1, -1> +
           ( 0.0000112,-0.0000003)|   1, 0, 0;1, -1;1,  0> +
            ...
 |  521> = (-0.6782301,-0.0000039)|   1, 0, 0;1,  1;0,  0> +
           (-0.6781142,-0.0000039)|   1, 0, 0;0,  0;1,  1> +
           (-0.2002130, 0.0000133)|   1, 0, 0;1, -1;0,  0> +
           (-0.2001997, 0.0000134)|   1, 0, 0;0,  0;1, -1> +
           (-0.0000112,-0.0000000)|   1, 0, 0;1,  1;1,  0> +
           ( 0.0000112, 0.0000000)|   1, 0, 0;1,  0;1,  1> +
            ...
 |  522> = (-0.7071071,-0.0000000)|   1, 0, 0;0,  0;1,  0> +
           (-0.7071065,-0.0000000)|   1, 0, 0;1,  0;0,  0> +
            ...
 |  523> = (-0.7071071,-0.0000000)|   1, 0, 0;1,  0;0,  0> +
           ( 0.7071065,-0.0000000)|   1, 0, 0;0,  0;1,  0> +
           (-0.0000234, 0.0000000)|   1, 0, 0;1,  0;1,  0> +
           (-0.0000234, 0.0000000)|   1, 0, 0;0,  0;0,  0> +
            ...
 |  524> = ( 0.7063875, 0.0340954)|   2, 0, 0;1,  1;0,  0> +
           (-0.7061789,-0.0341388)|   2, 0, 0;0,  0;1,  1> +
           (-0.0000344,-0.0000016)|   2, 0, 0;1, -1;0,  0> +
           ( 0.0000344, 0.0000016)|   2, 0, 0;0,  0;1, -1> +
           ( 0.0000117, 0.0000006)|   2, 0, 0;1,  1;1,  0> +
           ( 0.0000117, 0.0000006)|   2, 0, 0;1,  0;1,  1> +
            ...
 |  525> = (-0.7071277, 0.0000000)|   2, 0, 0;0,  0;1, -1> +
           ( 0.7070859,-0.0000000)|   2, 0, 0;1, -1;0,  0> +
           ( 0.0000345, 0.0000000)|   2, 0, 0;1,  1;0,  0> +
           (-0.0000345,-0.0000000)|   2, 0, 0;0,  0;1,  1> +
           ( 0.0000117,-0.0000000)|   2, 0, 0;1,  0;1, -1> +
           ( 0.0000117,-0.0000000)|   2, 0, 0;1, -1;1,  0> +
            ...
 |  526> = ( 0.7071277,-0.0000000)|   2, 0, 0;1, -1;0,  0> +
           ( 0.7070859,-0.0000001)|   2, 0, 0;0,  0;1, -1> +
           ( 0.0000306, 0.0000005)|   2, 0, 0;1,  1;0,  0> +
           ( 0.0000306, 0.0000005)|   2, 0, 0;0,  0;1,  1> +
           ( 0.0000117,-0.0000000)|   2, 0, 0;1, -1;1,  0> +
           (-0.0000117, 0.0000000)|   2, 0, 0;1,  0;1, -1> +
            ...
 |  527> = (-0.6889971, 0.1594643)|   2, 0, 0;0,  0;1,  1> +
           (-0.6887841, 0.1594698)|   2, 0, 0;1,  1;0,  0> +
           ( 0.0000297,-0.0000073)|   2, 0, 0;0,  0;1, -1> +
           ( 0.0000297,-0.0000073)|   2, 0, 0;1, -1;0,  0> +
           ( 0.0000114,-0.0000026)|   2, 0, 0;1,  0;1,  1> +
           (-0.0000114, 0.0000026)|   2, 0, 0;1,  1;1,  0> +
            ...
 |  528> = ( 0.7071076, 0.0000000)|   2, 0, 0;0,  0;1,  0> +
           ( 0.7071060, 0.0000000)|   2, 0, 0;1,  0;0,  0> +
            ...
 |  529> = (-0.7071076,-0.0000000)|   2, 0, 0;1,  0;0,  0> +
           ( 0.7071060,-0.0000000)|   2, 0, 0;0,  0;1,  0> +
           (-0.0000234,-0.0000000)|   2, 0, 0;1,  0;1,  0> +
           (-0.0000234, 0.0000000)|   2, 0, 0;0,  0;0,  0> +
            ...
 |  530> = ( 0.6951182, 0.1304006)|   3, 0, 0;0,  0;1,  1> +
           (-0.6948385,-0.1303998)|   3, 0, 0;1,  1;0,  0> +
           (-0.0009161,-0.0001718)|   3, 0, 0;0,  0;1, -1> +
           ( 0.0009157, 0.0001718)|   3, 0, 0;1, -1;0,  0> +
           (-0.0000115,-0.0000022)|   3, 0, 0;1,  0;1,  1> +
           (-0.0000115,-0.0000022)|   3, 0, 0;1,  1;1,  0> +
            ...
 |  531> = ( 0.7071710, 0.0000001)|   3, 0, 0;0,  0;1, -1> +
           (-0.7070413,-0.0000000)|   3, 0, 0;1, -1;0,  0> +
           ( 0.0009322, 0.0000000)|   3, 0, 0;0,  0;1,  1> +
           (-0.0009316,-0.0000000)|   3, 0, 0;1,  1;0,  0> +
           (-0.0000117,-0.0000000)|   3, 0, 0;1,  0;1, -1> +
           (-0.0000117,-0.0000000)|   3, 0, 0;1, -1;1,  0> +
            ...
 |  532> = (-0.7072168,-0.0061681)|   3, 0, 0;1,  1;0,  0> +
           (-0.7069422,-0.0061149)|   3, 0, 0;0,  0;1,  1> +
           ( 0.0009201, 0.0000080)|   3, 0, 0;0,  0;1, -1> +
           ( 0.0009201, 0.0000081)|   3, 0, 0;1, -1;0,  0> +
           (-0.0000117,-0.0000001)|   3, 0, 0;1,  1;1,  0> +
           ( 0.0000117, 0.0000001)|   3, 0, 0;1,  0;1,  1> +
            ...
 |  533> = ( 0.7071711,-0.0000000)|   3, 0, 0;1, -1;0,  0> +
           ( 0.7070413, 0.0000001)|   3, 0, 0;0,  0;1, -1> +
           ( 0.0009202,-0.0000000)|   3, 0, 0;1,  1;0,  0> +
           ( 0.0009200,-0.0000000)|   3, 0, 0;0,  0;1,  1> +
           ( 0.0000117,-0.0000000)|   3, 0, 0;1, -1;1,  0> +
           (-0.0000117,-0.0000000)|   3, 0, 0;1,  0;1, -1> +
            ...
 |  534> = (-0.7071075, 0.0002049)|   3, 0, 0;1,  0;0,  0> +
           (-0.7071060, 0.0002049)|   3, 0, 0;0,  0;1,  0> +
            ...
 |  535> = (-0.7071076, 0.0000000)|   3, 0, 0;0,  0;1,  0> +
           ( 0.7071060, 0.0000000)|   3, 0, 0;1,  0;0,  0> +
           ( 0.0000234,-0.0000000)|   3, 0, 0;1,  0;1,  0> +
           ( 0.0000234, 0.0000000)|   3, 0, 0;0,  0;0,  0> +
            ...
 |  536> = ( 0.7069041, 0.0191041)|   4, 0, 0;0,  0;1,  1> +
           (-0.7067933,-0.0191038)|   4, 0, 0;1,  1;0,  0> +
           (-0.0001150,-0.0000031)|   4, 0, 0;0,  0;1, -1> +
           ( 0.0001150, 0.0000031)|   4, 0, 0;1, -1;0,  0> +
           (-0.0000117,-0.0000003)|   4, 0, 0;1,  0;1,  1> +
           (-0.0000117,-0.0000003)|   4, 0, 0;1,  1;1,  0> +
            ...
 |  537> = (-0.7072074, 0.0000010)|   4, 0, 0;0,  0;1, -1> +
           ( 0.7070062,-0.0000011)|   4, 0, 0;1, -1;0,  0> +
           (-0.0001151,-0.0000000)|   4, 0, 0;0,  0;1,  1> +
           ( 0.0001150,-0.0000000)|   4, 0, 0;1,  1;0,  0> +
           ( 0.0000117,-0.0000000)|   4, 0, 0;1,  0;1, -1> +
           ( 0.0000117,-0.0000000)|   4, 0, 0;1, -1;1,  0> +
            ...
 |  538> = ( 0.7071489, 0.0043325)|   4, 0, 0;1,  1;0,  0> +
           ( 0.7070381, 0.0043291)|   4, 0, 0;0,  0;1,  1> +
           (-0.0001208,-0.0000007)|   4, 0, 0;0,  0;1, -1> +
           (-0.0001207,-0.0000007)|   4, 0, 0;1, -1;0,  0> +
           ( 0.0000117, 0.0000001)|   4, 0, 0;1,  1;1,  0> +
           (-0.0000117,-0.0000001)|   4, 0, 0;1,  0;1,  1> +
            ...
 |  539> = ( 0.7072074,-0.0000015)|   4, 0, 0;1, -1;0,  0> +
           ( 0.7070062,-0.0000014)|   4, 0, 0;0,  0;1, -1> +
           ( 0.0001208, 0.0000000)|   4, 0, 0;1,  1;0,  0> +
           ( 0.0001208, 0.0000000)|   4, 0, 0;0,  0;1,  1> +
           ( 0.0000117,-0.0000000)|   4, 0, 0;1, -1;1,  0> +
           (-0.0000117, 0.0000000)|   4, 0, 0;1,  0;1, -1> +
            ...
 |  540> = (-0.6469631,-0.2853749)|   4, 0, 0;0,  0;1,  0> +
           (-0.6469630,-0.2853748)|   4, 0, 0;1,  0;0,  0> +
            ...
 |  541> = ( 0.7071068,-0.0000000)|   4, 0, 0;1,  0;0,  0> +
           (-0.7071067,-0.0000000)|   4, 0, 0;0,  0;1,  0> +
           ( 0.0000234,-0.0000000)|   4, 0, 0;1,  0;1,  0> +
           ( 0.0000234,-0.0000000)|   4, 0, 0;0,  0;0,  0> +
            ...
 |  542> = ( 0.4308115,-0.1139260)|   0, 1, 0;1, -1;0,  0> +
           (-0.4308014, 0.1139235)|   0, 1, 0;0,  0;1, -1> +
           ( 0.0983048, 0.3708153)|   0, 0, 1;1, -1;0,  0> +
           (-0.0983060,-0.3708103)|   0, 0, 1;0,  0;1, -1> +
           ( 0.0140619, 0.3059260)|   0, 0, 1;1,  1;0,  0> +
           (-0.0140578,-0.3058950)|   0, 0, 1;0,  0;1,  1> +
           (-0.2459310,-0.0015594)|   0, 1, 0;1,  1;0,  0> +
           ( 0.2459208, 0.0015598)|   0, 1, 0;0,  0;1,  1> +
            ...
 |  543> = ( 0.0012108, 0.4139316)|   0, 0, 1;1, -1;0,  0> +
           (-0.0012118,-0.4139159)|   0, 0, 1;0,  0;1, -1> +
           (-0.0026909, 0.3691807)|   0, 0, 1;0,  0;1,  1> +
           ( 0.0026915,-0.3690947)|   0, 0, 1;1,  1;0,  0> +
           ( 0.3333328,-0.0024772)|   0, 1, 0;0,  0;1,  1> +
           (-0.3332348, 0.0024767)|   0, 1, 0;1,  1;0,  0> +
           (-0.2851729,-0.0014260)|   0, 1, 0;1, -1;0,  0> +
           ( 0.2851237, 0.0014250)|   0, 1, 0;0,  0;1, -1> +
            ...
 |  544> = (-0.0000012,-0.3545174)|   0, 0, 1;0,  0;1, -1> +
           ( 0.0000012, 0.3545170)|   0, 0, 1;1, -1;0,  0> +
           ( 0.3542531, 0.0000014)|   0, 1, 0;0,  0;1, -1> +
           (-0.3542527,-0.0000014)|   0, 1, 0;1, -1;0,  0> +
           (-0.3527258,-0.0000016)|   0, 1, 0;0,  0;1,  1> +
           ( 0.3527250, 0.0000016)|   0, 1, 0;1,  1;0,  0> +
           (-0.0000018,-0.3527144)|   0, 0, 1;0,  0;1,  1> +
           ( 0.0000018, 0.3527137)|   0, 0, 1;1,  1;0,  0> +
            ...
 |  545> = (-0.4489103,-0.0502326)|   0, 1, 0;1,  1;0,  0> +
           ( 0.4488539, 0.0502348)|   0, 1, 0;0,  0;1,  1> +
           ( 0.0550429,-0.3775142)|   0, 0, 1;0,  0;1,  1> +
           (-0.0550465, 0.3775066)|   0, 0, 1;1,  1;0,  0> +
           (-0.3059107, 0.0323127)|   0, 1, 0;1, -1;0,  0> +
           ( 0.3058941,-0.0323092)|   0, 1, 0;0,  0;1, -1> +
           ( 0.0275021, 0.2347220)|   0, 0, 1;0,  0;1, -1> +
           (-0.0274977,-0.2345791)|   0, 0, 1;1, -1;0,  0> +
           ( 0.0000008,-0.0000140)|   0, 0, 1;0,  0;1,  0> +
            ...
 |  546> = (-0.4805915, 0.0017923)|   0, 1, 0;1,  1;0,  0> +
           (-0.4805326, 0.0017905)|   0, 1, 0;0,  0;1,  1> +
           (-0.0020215,-0.4407870)|   0, 0, 1;1,  1;0,  0> +
           (-0.0020235,-0.4407080)|   0, 0, 1;0,  0;1,  1> +
           ( 0.2556445, 0.0033836)|   0, 1, 0;0,  0;1, -1> +
           ( 0.2556021, 0.0033820)|   0, 1, 0;1, -1;0,  0> +
           ( 0.0040831,-0.0971184)|   0, 0, 1;0,  0;1, -1> +
           ( 0.0040845,-0.0970261)|   0, 0, 1;1, -1;0,  0> +
            ...
 |  547> = ( 0.0292119, 0.6786311)|   0, 0, 1;1, -1;0,  0> +
           ( 0.0292061, 0.6785790)|   0, 0, 1;0,  0;1, -1> +
           (-0.0145132,-0.1628565)|   0, 0, 1;1,  1;0,  0> +
           (-0.0145228,-0.1627788)|   0, 0, 1;0,  0;1,  1> +
           (-0.0982508, 0.0236907)|   0, 1, 0;0,  0;1, -1> +
           (-0.0981873, 0.0236837)|   0, 1, 0;1, -1;0,  0> +
           (-0.0395156, 0.0124712)|   0, 1, 0;0,  0;1,  1> +
           (-0.0394262, 0.0124795)|   0, 1, 0;1,  1;0,  0> +
           ( 0.0000005, 0.0000112)|   0, 0, 1;1, -1;1,  0> +
           (-0.0000005,-0.0000112)|   0, 0, 1;1,  0;1, -1> +
            ...
 |  548> = (-0.0003314,-0.5046515)|   0, 0, 1;0,  0;1,  1> +
           (-0.0003355,-0.5046090)|   0, 0, 1;1,  1;0,  0> +
           ( 0.4867159,-0.0060015)|   0, 1, 0;0,  0;1,  1> +
           ( 0.4866740,-0.0060056)|   0, 1, 0;1,  1;0,  0> +
           (-0.0007981,-0.0907708)|   0, 0, 1;1, -1;0,  0> +
           (-0.0007981,-0.0907676)|   0, 0, 1;0,  0;1, -1> +
           ( 0.0105894,-0.0094002)|   0, 1, 0;0,  0;1, -1> +
           ( 0.0105868,-0.0094001)|   0, 1, 0;1, -1;0,  0> +
            ...
 |  549> = ( 0.6490083,-0.0550584)|   0, 1, 0;0,  0;1, -1> +
           ( 0.6489986,-0.0550563)|   0, 1, 0;1, -1;0,  0> +
           ( 0.1727488,-0.0243682)|   0, 1, 0;1,  1;0,  0> +
           ( 0.1727446,-0.0243700)|   0, 1, 0;0,  0;1,  1> +
           ( 0.0127328, 0.1555762)|   0, 0, 1;0,  0;1,  1> +
           ( 0.0127343, 0.1555716)|   0, 0, 1;1,  1;0,  0> +
           (-0.0105002, 0.1444080)|   0, 0, 1;0,  0;1, -1> +
           (-0.0105020, 0.1443988)|   0, 0, 1;1, -1;0,  0> +
           (-0.0000107, 0.0000009)|   0, 1, 0;1,  0;1, -1> +
           ( 0.0000107,-0.0000009)|   0, 1, 0;1, -1;1,  0> +
            ...
 |  550> = (-0.6606022,-0.2487336)|   0, 1, 0;1,  0;0,  0> +
           (-0.6605854,-0.2487449)|   0, 1, 0;0,  0;1,  0> +
           ( 0.0266932,-0.0321381)|   0, 0, 1;1,  0;0,  0> +
           ( 0.0266892,-0.0321182)|   0, 0, 1;0,  0;1,  0> +
            ...
 |  551> = (-0.1622504,-0.6869844)|   0, 0, 1;0,  0;1,  0> +
           (-0.1622649,-0.6869557)|   0, 0, 1;1,  0;0,  0> +
           ( 0.0352893,-0.0223650)|   0, 1, 0;0,  0;1,  0> +
           ( 0.0352636,-0.0223657)|   0, 1, 0;1,  0;0,  0> +
            ...
 |  552> = ( 0.1897675,-0.5347590)|   0, 0, 1;1,  0;0,  0> +
           (-0.1897810, 0.5347207)|   0, 0, 1;0,  0;1,  0> +
           ( 0.4216621,-0.0156165)|   0, 1, 0;1,  0;0,  0> +
           (-0.4216532, 0.0156133)|   0, 1, 0;0,  0;1,  0> +
           ( 0.0000063,-0.0000177)|   0, 0, 1;1,  0;1,  0> +
           ( 0.0000063,-0.0000177)|   0, 0, 1;0,  0;0,  0> +
           ( 0.0000140,-0.0000005)|   0, 1, 0;1,  0;1,  0> +
           ( 0.0000140,-0.0000005)|   0, 1, 0;0,  0;0,  0> +
            ...
 |  553> = (-0.5509783, 0.1356283)|   0, 1, 0;0,  0;1,  0> +
           ( 0.5509546,-0.1356424)|   0, 1, 0;1,  0;0,  0> +
           ( 0.0574859,-0.4180140)|   0, 0, 1;0,  0;1,  0> +
           (-0.0574844, 0.4180110)|   0, 0, 1;1,  0;0,  0> +
           ( 0.0000182,-0.0000045)|   0, 1, 0;1,  0;1,  0> +
           ( 0.0000182,-0.0000045)|   0, 1, 0;0,  0;0,  0> +
           (-0.0000019, 0.0000138)|   0, 0, 1;1,  0;1,  0> +
           (-0.0000019, 0.0000138)|   0, 0, 1;0,  0;0,  0> +
            ...
 |  554> = ( 0.7059809, 0.0373041)|   5, 0, 0;1, -1;0,  0> +
           (-0.7059553,-0.0373047)|   5, 0, 0;0,  0;1, -1> +
           ( 0.0131184, 0.0067376)|   5, 0, 0;0,  0;1,  1> +
           (-0.0131126,-0.0067364)|   5, 0, 0;1,  1;0,  0> +
           ( 0.0000117, 0.0000006)|   5, 0, 0;1, -1;1,  0> +
           ( 0.0000117, 0.0000006)|   5, 0, 0;1,  0;1, -1> +
            ...
 |  555> = ( 0.7024962,-0.0795859)|   5, 0, 0;1,  1;0,  0> +
           (-0.7024216, 0.0795887)|   5, 0, 0;0,  0;1,  1> +
           ( 0.0126909,-0.0075110)|   5, 0, 0;1, -1;0,  0> +
           (-0.0126846, 0.0075123)|   5, 0, 0;0,  0;1, -1> +
           ( 0.0000116,-0.0000013)|   5, 0, 0;1,  1;1,  0> +
           ( 0.0000116,-0.0000013)|   5, 0, 0;1,  0;1,  1> +
            ...
 |  556> = (-0.7013045, 0.0041885)|   5, 0, 0;0,  0;1, -1> +
           (-0.7012800, 0.0041904)|   5, 0, 0;1, -1;0,  0> +
           ( 0.0903814,-0.0017655)|   5, 0, 0;0,  0;1,  1> +
           ( 0.0903776,-0.0017661)|   5, 0, 0;1,  1;0,  0> +
           ( 0.0000116,-0.0000001)|   5, 0, 0;1,  0;1, -1> +
           (-0.0000116, 0.0000001)|   5, 0, 0;1, -1;1,  0> +
            ...
 |  557> = (-0.6947521,-0.0959153)|   5, 0, 0;0,  0;1,  1> +
           (-0.6946774,-0.0959165)|   5, 0, 0;1,  1;0,  0> +
           (-0.0893767,-0.0135766)|   5, 0, 0;0,  0;1, -1> +
           (-0.0893661,-0.0135766)|   5, 0, 0;1, -1;0,  0> +
           ( 0.0000115, 0.0000016)|   5, 0, 0;1,  0;1,  1> +
           (-0.0000115,-0.0000016)|   5, 0, 0;1,  1;1,  0> +
            ...
 |  558> = (-0.7071071, 0.0000971)|   5, 0, 0;1,  0;0,  0> +
           (-0.7071065, 0.0000971)|   5, 0, 0;0,  0;1,  0> +
            ...
 |  559> = ( 0.7071071, 0.0000004)|   5, 0, 0;0,  0;1,  0> +
           (-0.7071065,-0.0000003)|   5, 0, 0;1,  0;0,  0> +
           (-0.0000234,-0.0000000)|   5, 0, 0;1,  0;1,  0> +
           (-0.0000234,-0.0000000)|   5, 0, 0;0,  0;0,  0> +
            ...
 |  560> = ( 0.0010975, 0.4787033)|   1, 0, 1;0,  0;1, -1> +
           (-0.0010978,-0.4786372)|   1, 0, 1;1, -1;0,  0> +
           (-0.4409130,-0.0002051)|   1, 1, 0;0,  0;1,  1> +
           ( 0.4408817, 0.0002053)|   1, 1, 0;1,  1;0,  0> +
           ( 0.2144338, 0.0002104)|   1, 1, 0;0,  0;1, -1> +
           (-0.2143993,-0.0002100)|   1, 1, 0;1, -1;0,  0> +
           (-0.0015129, 0.1746852)|   1, 0, 1;0,  0;1,  1> +
           ( 0.0015131,-0.1746359)|   1, 0, 1;1,  1;0,  0> +
            ...
 |  561> = ( 0.0000002,-0.3541518)|   1, 0, 1;0,  0;1, -1> +
           (-0.0000002, 0.3541507)|   1, 0, 1;1, -1;0,  0> +
           (-0.0000002,-0.3538849)|   1, 0, 1;0,  0;1,  1> +
           ( 0.0000002, 0.3538837)|   1, 0, 1;1,  1;0,  0> +
           (-0.3533200, 0.0000002)|   1, 1, 0;1, -1;0,  0> +
           ( 0.3533193,-0.0000002)|   1, 1, 0;0,  0;1, -1> +
           ( 0.3528576, 0.0000002)|   1, 1, 0;1,  1;0,  0> +
           (-0.3528564,-0.0000002)|   1, 1, 0;0,  0;1,  1> +
            ...
