p1516
p1516
p1516
p1516
p1516
p1516
p1516
p1516
p1516
p1516
p1516
p1516
p1516
p1516
p1516
p1516
p1516
p1516
p1516
p1516
p1516
p1516
p1516
p1516
# Parameters of the model
#  mass:		  261.0000 u
#  charge:	    1.0000 e
#  dipole:	   4.74500 D
#  B:		    503.65 MHz
#  omega_rho:	    1.4000 MHz
#  omega_z:	  0.152000 MHz

# omega_1:	  0.263272 MHz
# omega_3/5:	   1.39172 MHz

# Basis truncation:	|32,4,4;2,2>
# Basis size:		41472

# Active terms of the Hamiltionian:
# 	Nomal modes:	1
# 	T_rot:      	1
# 	V_qd^{(0)}: 	1
# 	V_qd^{(1)}: 	1
# 	V_dd^{(0)}: 	1

# Results of the diagonalisation
# 100 smallest eigenvalues
 5.786253754 6.786253754 7.786253754 8.786253754 9.786253754 10.786253754 11.072518819 11.072518819 11.786253754 12.072518819 12.072518819 12.786253754 13.072518819 13.072518819 13.786253754 14.072518819 14.072518819 14.786253754 15.072518819 15.072518819 15.786253754 16.072518819 16.072518819 16.358783884 16.358783884 16.358783884 16.786253754 17.072518819 17.072518819 17.358783884 17.358783884 17.358783884 17.786253754 18.072518819 18.072518819 18.358783884 18.358783884 18.358783884 18.786253753 19.072518818 19.072518819 19.358783884 19.358783884 19.358783884 19.786253753 20.072518819 20.072518819 20.358783884 20.358783884 20.358783884 20.786253754 21.072518818 21.072518819 21.358783884 21.358783884 21.358783884 21.645048949 21.645048949 21.645048949 21.645048950 21.786253754 22.072518818 22.072518820 22.358783884 22.358783884 22.358783884 22.645048949 22.645048949 22.645048949 22.645048949 22.786253754 23.072518819 23.072518819 23.358783884 23.358783884 23.358783884 23.645048949 23.645048949 23.645048949 23.645048949 23.786253753 24.072518819 24.072518819 24.358783884 24.358783884 24.358783884 24.645048949 24.645048949 24.645048949 24.645048949 24.786253753 25.072518819 25.072518819 25.358783884 25.358783884 25.358783884 25.645048949 25.645048949 25.645048949 25.645048949

# Ground state and the lowest excitations:
 |    0> = ( 1.0000000, 0.0000000)|   0, 0, 0;0,  0;0,  0> +
           (-0.0000153, 0.0000000)|   0, 0, 0;1,  0;0,  0> +
           ( 0.0000153, 0.0000000)|   0, 0, 0;0,  0;1,  0> +
            ...
 |    1> = (-1.0000000, 0.0000000)|   1, 0, 0;0,  0;0,  0> +
           (-0.0000153,-0.0000000)|   1, 0, 0;0,  0;1,  0> +
           ( 0.0000153,-0.0000000)|   1, 0, 0;1,  0;0,  0> +
            ...
 |    2> = ( 1.0000000,-0.0000000)|   2, 0, 0;0,  0;0,  0> +
           ( 0.0000153,-0.0000000)|   2, 0, 0;0,  0;1,  0> +
           (-0.0000153,-0.0000000)|   2, 0, 0;1,  0;0,  0> +
            ...
 |    3> = (-1.0000000,-0.0000000)|   3, 0, 0;0,  0;0,  0> +
           (-0.0000153, 0.0000000)|   3, 0, 0;0,  0;1,  0> +
           ( 0.0000153, 0.0000000)|   3, 0, 0;1,  0;0,  0> +
            ...
 |    4> = (-1.0000000,-0.0000000)|   4, 0, 0;0,  0;0,  0> +
           (-0.0000153,-0.0000000)|   4, 0, 0;0,  0;1,  0> +
           ( 0.0000153, 0.0000000)|   4, 0, 0;1,  0;0,  0> +
            ...
 |    5> = ( 1.0000000, 0.0000000)|   5, 0, 0;0,  0;0,  0> +
           (-0.0000153,-0.0000000)|   5, 0, 0;1,  0;0,  0> +
           ( 0.0000153, 0.0000000)|   5, 0, 0;0,  0;1,  0> +
            ...
 |    6> = ( 0.7157116,-0.0000000)|   0, 1, 0;0,  0;0,  0> +
           (-0.0000000, 0.6983960)|   0, 0, 1;0,  0;0,  0> +
           (-0.0000110, 0.0000000)|   0, 1, 0;1,  0;0,  0> +
           ( 0.0000110,-0.0000000)|   0, 1, 0;0,  0;1,  0> +
           (-0.0000000, 0.0000107)|   0, 0, 1;0,  0;1,  0> +
           ( 0.0000000,-0.0000107)|   0, 0, 1;1,  0;0,  0> +
            ...
 |    7> = (-0.0000005,-0.7157116)|   0, 0, 1;0,  0;0,  0> +
           ( 0.6983960,-0.0000005)|   0, 1, 0;0,  0;0,  0> +
           ( 0.0000000, 0.0000110)|   0, 0, 1;1,  0;0,  0> +
           (-0.0000000,-0.0000110)|   0, 0, 1;0,  0;1,  0> +
           ( 0.0000107,-0.0000000)|   0, 1, 0;0,  0;1,  0> +
           (-0.0000107, 0.0000000)|   0, 1, 0;1,  0;0,  0> +
            ...
 |    8> = ( 1.0000000, 0.0000000)|   6, 0, 0;0,  0;0,  0> +
           ( 0.0000153, 0.0000000)|   6, 0, 0;0,  0;1,  0> +
           (-0.0000153,-0.0000000)|   6, 0, 0;1,  0;0,  0> +
            ...
 |    9> = (-0.0022468,-0.7848499)|   1, 0, 1;0,  0;0,  0> +
           (-0.6196778,-0.0022465)|   1, 1, 0;0,  0;0,  0> +
           (-0.0000000,-0.0000120)|   1, 0, 1;0,  0;1,  0> +
           ( 0.0000000, 0.0000120)|   1, 0, 1;1,  0;0,  0> +
            ...
 |   10> = ( 0.7846210,-0.0190881)|   1, 1, 0;0,  0;0,  0> +
           (-0.0190900,-0.6193877)|   1, 0, 1;0,  0;0,  0> +
           ( 0.0000120,-0.0000003)|   1, 1, 0;0,  0;1,  0> +
           (-0.0000120, 0.0000003)|   1, 1, 0;1,  0;0,  0> +
            ...
 |   11> = ( 1.0000000, 0.0000000)|   7, 0, 0;0,  0;0,  0> +
           ( 0.0000153, 0.0000000)|   7, 0, 0;0,  0;1,  0> +
           (-0.0000153,-0.0000000)|   7, 0, 0;1,  0;0,  0> +
            ...
 |   12> = ( 0.0001608, 0.7109218)|   2, 0, 1;0,  0;0,  0> +
           ( 0.7032710, 0.0001608)|   2, 1, 0;0,  0;0,  0> +
           (-0.0000000,-0.0000109)|   2, 0, 1;1,  0;0,  0> +
           ( 0.0000000, 0.0000109)|   2, 0, 1;0,  0;1,  0> +
           ( 0.0000108, 0.0000000)|   2, 1, 0;0,  0;1,  0> +
           (-0.0000108,-0.0000000)|   2, 1, 0;1,  0;0,  0> +
            ...
 |   13> = (-0.7103105, 0.0294770)|   2, 1, 0;0,  0;0,  0> +
           ( 0.0294794, 0.7026529)|   2, 0, 1;0,  0;0,  0> +
           ( 0.0000109,-0.0000005)|   2, 1, 0;1,  0;0,  0> +
           (-0.0000109, 0.0000005)|   2, 1, 0;0,  0;1,  0> +
           (-0.0000005,-0.0000108)|   2, 0, 1;1,  0;0,  0> +
           ( 0.0000005, 0.0000108)|   2, 0, 1;0,  0;1,  0> +
            ...
 |   14> = ( 1.0000000, 0.0000000)|   8, 0, 0;0,  0;0,  0> +
           ( 0.0000153, 0.0000000)|   8, 0, 0;0,  0;1,  0> +
           (-0.0000153,-0.0000000)|   8, 0, 0;1,  0;0,  0> +
            ...
 |   15> = (-0.0040887,-0.7209116)|   3, 0, 1;0,  0;0,  0> +
           ( 0.6930030,-0.0040884)|   3, 1, 0;0,  0;0,  0> +
           (-0.0000001,-0.0000111)|   3, 0, 1;0,  0;1,  0> +
           ( 0.0000001, 0.0000111)|   3, 0, 1;1,  0;0,  0> +
           (-0.0000106, 0.0000001)|   3, 1, 0;1,  0;0,  0> +
           ( 0.0000106,-0.0000001)|   3, 1, 0;0,  0;1,  0> +
            ...
 |   16> = (-0.7209231, 0.0000806)|   3, 1, 0;0,  0;0,  0> +
           ( 0.0000806,-0.6930150)|   3, 0, 1;0,  0;0,  0> +
           (-0.0000111, 0.0000000)|   3, 1, 0;0,  0;1,  0> +
           ( 0.0000111,-0.0000000)|   3, 1, 0;1,  0;0,  0> +
           ( 0.0000000,-0.0000106)|   3, 0, 1;0,  0;1,  0> +
           (-0.0000000, 0.0000106)|   3, 0, 1;1,  0;0,  0> +
            ...
 |   17> = ( 1.0000000, 0.0000000)|   9, 0, 0;0,  0;0,  0> +
           (-0.0000153,-0.0000000)|   9, 0, 0;1,  0;0,  0> +
           ( 0.0000153, 0.0000000)|   9, 0, 0;0,  0;1,  0> +
            ...
 |   18> = ( 0.0002776,-0.7607772)|   4, 0, 1;0,  0;0,  0> +
           (-0.6490131, 0.0002776)|   4, 1, 0;0,  0;0,  0> +
           (-0.0000000, 0.0000117)|   4, 0, 1;1,  0;0,  0> +
           ( 0.0000000,-0.0000117)|   4, 0, 1;0,  0;1,  0> +
            ...
 |   19> = ( 0.7607692, 0.0035002)|   4, 1, 0;0,  0;0,  0> +
           ( 0.0035004,-0.6490037)|   4, 0, 1;0,  0;0,  0> +
           (-0.0000117,-0.0000001)|   4, 1, 0;1,  0;0,  0> +
           ( 0.0000117, 0.0000001)|   4, 1, 0;0,  0;1,  0> +
            ...
 |   20> = ( 1.0000000,-0.0000000)|  10, 0, 0;0,  0;0,  0> +
           ( 0.0000153,-0.0000000)|  10, 0, 0;0,  0;1,  0> +
           (-0.0000153, 0.0000000)|  10, 0, 0;1,  0;0,  0> +
            ...
 |   21> = (-0.7117398,-0.0019396)|   5, 1, 0;0,  0;0,  0> +
           (-0.0019397,-0.7024378)|   5, 0, 1;0,  0;0,  0> +
           ( 0.0000109, 0.0000000)|   5, 1, 0;1,  0;0,  0> +
           (-0.0000109,-0.0000000)|   5, 1, 0;0,  0;1,  0> +
           ( 0.0000000, 0.0000108)|   5, 0, 1;1,  0;0,  0> +
           (-0.0000000,-0.0000108)|   5, 0, 1;0,  0;1,  0> +
            ...
 |   22> = ( 0.2731448,-0.6572437)|   5, 0, 1;0,  0;0,  0> +
           ( 0.6471652, 0.2731297)|   5, 1, 0;0,  0;0,  0> +
           ( 0.0000042,-0.0000101)|   5, 0, 1;0,  0;1,  0> +
           (-0.0000042, 0.0000101)|   5, 0, 1;1,  0;0,  0> +
           ( 0.0000099, 0.0000042)|   5, 1, 0;0,  0;1,  0> +
           (-0.0000099,-0.0000042)|   5, 1, 0;1,  0;0,  0> +
            ...
 |   23> = ( 0.7071070,-0.0000000)|   0, 0, 2;0,  0;0,  0> +
           (-0.7071066, 0.0000000)|   0, 2, 0;0,  0;0,  0> +
           ( 0.0000108, 0.0000000)|   0, 0, 2;0,  0;1,  0> +
           (-0.0000108,-0.0000000)|   0, 0, 2;1,  0;0,  0> +
           (-0.0000108,-0.0000000)|   0, 2, 0;0,  0;1,  0> +
           ( 0.0000108, 0.0000000)|   0, 2, 0;1,  0;0,  0> +
            ...
 |   24> = (-0.0000031,-1.0000000)|   0, 1, 1;0,  0;0,  0> +
           (-0.0000000,-0.0000153)|   0, 1, 1;0,  0;1,  0> +
           ( 0.0000000, 0.0000153)|   0, 1, 1;1,  0;0,  0> +
            ...
 # The upper part of the spectrum
 # Eigenvalues first: 512	 last: 562
 24045.849618593 24045.849618593 24045.849619766 24045.849619766 24045.849623096 24045.849625443 24046.849618592 24046.849618593 24046.849619766 24046.849619766 24046.849623096 24046.849625443 24047.849618593 24047.849618593 24047.849619766 24047.849619766 24047.849623096 24047.849625443 24048.849618593 24048.849618593 24048.849619766 24048.849619766 24048.849623096 24048.849625443 24049.849618593 24049.849618593 24049.849619766 24049.849619766 24049.849623096 24049.849625443 24050.849618593 24050.849618593 24050.849619766 24050.849619766 24050.849623096 24050.849625443 24051.135883658 24051.135883658 24051.135883658 24051.135883658 24051.135884831 24051.135884831 24051.135884831 24051.135884832 24051.135888162 24051.135888162 24051.135890508 24051.135890508 24051.849618592 24051.849618593

# Excited states :
 |  511> = (-0.0015579,-0.9999988)|  31, 3, 3;0,  0;0,  0> +
           ( 0.0000000, 0.0000153)|  31, 3, 3;1,  0;0,  0> +
           (-0.0000000,-0.0000153)|  31, 3, 3;0,  0;1,  0> +
            ...
 |  512> = (-0.7062612, 0.0000040)|   0, 0, 0;1, -1;0,  0> +
           ( 0.7061364,-0.0000045)|   0, 0, 0;0,  0;1, -1> +
           ( 0.0312584,-0.0175000)|   0, 0, 0;0,  0;1,  1> +
           (-0.0312628, 0.0174867)|   0, 0, 0;1,  1;0,  0> +
           (-0.0000108, 0.0000000)|   0, 0, 0;1, -1;1,  0> +
           (-0.0000108, 0.0000000)|   0, 0, 0;1,  0;1, -1> +
            ...
 |  513> = (-0.6171866, 0.3433490)|   0, 0, 0;1,  1;0,  0> +
           ( 0.6169533,-0.3435029)|   0, 0, 0;0,  0;1,  1> +
           ( 0.0358293, 0.0000780)|   0, 0, 0;1, -1;0,  0> +
           (-0.0358152,-0.0000885)|   0, 0, 0;0,  0;1, -1> +
           (-0.0000095, 0.0000053)|   0, 0, 0;1,  1;1,  0> +
           (-0.0000095, 0.0000053)|   0, 0, 0;1,  0;1,  1> +
            ...
 |  514> = (-0.7067142,-0.0000030)|   0, 0, 0;0,  0;1, -1> +
           (-0.7065890,-0.0000033)|   0, 0, 0;1, -1;0,  0> +
           (-0.0226467,-0.0114404)|   0, 0, 0;1,  1;0,  0> +
           (-0.0226430,-0.0114291)|   0, 0, 0;0,  0;1,  1> +
           ( 0.0000108, 0.0000000)|   0, 0, 0;1,  0;1, -1> +
           (-0.0000108,-0.0000000)|   0, 0, 0;1, -1;1,  0> +
            ...
 |  515> = (-0.6319815,-0.3163021)|   0, 0, 0;0,  0;1,  1> +
           (-0.6317550,-0.3164662)|   0, 0, 0;1,  1;0,  0> +
           ( 0.0253724,-0.0000818)|   0, 0, 0;0,  0;1, -1> +
           ( 0.0253636,-0.0000901)|   0, 0, 0;1, -1;0,  0> +
           ( 0.0000097, 0.0000049)|   0, 0, 0;1,  0;1,  1> +
           (-0.0000097,-0.0000049)|   0, 0, 0;1,  1;1,  0> +
            ...
 |  516> = (-0.7071066, 0.0004721)|   0, 0, 0;0,  0;1,  0> +
           (-0.7071066, 0.0004721)|   0, 0, 0;1,  0;0,  0> +
            ...
 |  517> = ( 0.7071068,-0.0000000)|   0, 0, 0;1,  0;0,  0> +
           (-0.7071068,-0.0000000)|   0, 0, 0;0,  0;1,  0> +
           ( 0.0000217,-0.0000000)|   0, 0, 0;1,  0;1,  0> +
           ( 0.0000217, 0.0000000)|   0, 0, 0;0,  0;0,  0> +
            ...
 |  518> = ( 0.6744846,-0.0119983)|   1, 0, 0;1, -1;0,  0> +
           (-0.6744426, 0.0119975)|   1, 0, 0;0,  0;1, -1> +
           (-0.2120255, 0.0037718)|   1, 0, 0;0,  0;1,  1> +
           ( 0.2119585,-0.0037704)|   1, 0, 0;1,  1;0,  0> +
           ( 0.0000103,-0.0000002)|   1, 0, 0;1, -1;1,  0> +
           ( 0.0000103,-0.0000002)|   1, 0, 0;1,  0;1, -1> +
            ...
 |  519> = ( 0.6745987,-0.0000001)|   1, 0, 0;0,  0;1,  1> +
           (-0.6745420,-0.0000001)|   1, 0, 0;1,  1;0,  0> +
           ( 0.2121188, 0.0000001)|   1, 0, 0;1, -1;0,  0> +
           (-0.2119324,-0.0000000)|   1, 0, 0;0,  0;1, -1> +
           (-0.0000103, 0.0000000)|   1, 0, 0;1,  0;1,  1> +
           (-0.0000103,-0.0000000)|   1, 0, 0;1,  1;1,  0> +
            ...
 |  520> = ( 0.6457726,-0.0110764)|   1, 0, 0;1,  1;0,  0> +
           ( 0.6457720,-0.0110766)|   1, 0, 0;0,  0;1,  1> +
           (-0.2878501, 0.0046190)|   1, 0, 0;0,  0;1, -1> +
           (-0.2877682, 0.0046178)|   1, 0, 0;1, -1;0,  0> +
            ...
 |  521> = ( 0.6459015, 0.0001119)|   1, 0, 0;0,  0;1, -1> +
           ( 0.6458330, 0.0001118)|   1, 0, 0;1, -1;0,  0> +
           ( 0.2879367,-0.0002683)|   1, 0, 0;1,  1;0,  0> +
           ( 0.2877556,-0.0002683)|   1, 0, 0;0,  0;1,  1> +
            ...
 |  522> = (-0.7071069, 0.0000000)|   1, 0, 0;0,  0;1,  0> +
           (-0.7071066, 0.0000000)|   1, 0, 0;1,  0;0,  0> +
            ...
 |  523> = (-0.7071069,-0.0000000)|   1, 0, 0;1,  0;0,  0> +
           ( 0.7071066,-0.0000000)|   1, 0, 0;0,  0;1,  0> +
           (-0.0000217,-0.0000000)|   1, 0, 0;1,  0;1,  0> +
           (-0.0000217,-0.0000000)|   1, 0, 0;0,  0;0,  0> +
            ...
 |  524> = (-0.7071300, 0.0074933)|   2, 0, 0;1,  1;0,  0> +
           ( 0.7070042,-0.0074918)|   2, 0, 0;0,  0;1,  1> +
           (-0.0000273, 0.0000003)|   2, 0, 0;1, -1;0,  0> +
           ( 0.0000273,-0.0000003)|   2, 0, 0;0,  0;1, -1> +
           (-0.0000108, 0.0000001)|   2, 0, 0;1,  1;1,  0> +
           (-0.0000108, 0.0000001)|   2, 0, 0;1,  0;1,  1> +
            ...
 |  525> = ( 0.7072205,-0.0000000)|   2, 0, 0;1, -1;0,  0> +
           (-0.7069930,-0.0000000)|   2, 0, 0;0,  0;1, -1> +
           ( 0.0000285,-0.0000000)|   2, 0, 0;0,  0;1,  1> +
           (-0.0000260,-0.0000000)|   2, 0, 0;1,  1;0,  0> +
           ( 0.0000108,-0.0000000)|   2, 0, 0;1, -1;1,  0> +
           ( 0.0000108, 0.0000000)|   2, 0, 0;1,  0;1, -1> +
            ...
 |  526> = (-0.7072205,-0.0000000)|   2, 0, 0;0,  0;1, -1> +
           (-0.7069930, 0.0000000)|   2, 0, 0;1, -1;0,  0> +
           ( 0.0000271,-0.0000000)|   2, 0, 0;0,  0;1,  1> +
           ( 0.0000271,-0.0000000)|   2, 0, 0;1,  1;0,  0> +
           ( 0.0000108, 0.0000000)|   2, 0, 0;1,  0;1, -1> +
           (-0.0000108, 0.0000000)|   2, 0, 0;1, -1;1,  0> +
            ...
 |  527> = (-0.7071153, 0.0087657)|   2, 0, 0;0,  0;1,  1> +
           (-0.7069896, 0.0087642)|   2, 0, 0;1,  1;0,  0> +
           (-0.0000284, 0.0000003)|   2, 0, 0;0,  0;1, -1> +
           (-0.0000259, 0.0000003)|   2, 0, 0;1, -1;0,  0> +
           ( 0.0000108,-0.0000001)|   2, 0, 0;1,  0;1,  1> +
           (-0.0000108, 0.0000001)|   2, 0, 0;1,  1;1,  0> +
            ...
 |  528> = (-0.7071078, 0.0000000)|   2, 0, 0;1,  0;0,  0> +
           (-0.7071057, 0.0000000)|   2, 0, 0;0,  0;1,  0> +
            ...
 |  529> = (-0.7071078, 0.0000000)|   2, 0, 0;0,  0;1,  0> +
           ( 0.7071057, 0.0000000)|   2, 0, 0;1,  0;0,  0> +
           ( 0.0000217, 0.0000000)|   2, 0, 0;1,  0;1,  0> +
           ( 0.0000217,-0.0000000)|   2, 0, 0;0,  0;0,  0> +
            ...
 |  530> = ( 0.7072677,-0.0039875)|   3, 0, 0;1,  1;0,  0> +
           (-0.7069215, 0.0039754)|   3, 0, 0;0,  0;1,  1> +
           (-0.0011313, 0.0000069)|   3, 0, 0;1, -1;0,  0> +
           ( 0.0011308,-0.0000069)|   3, 0, 0;0,  0;1, -1> +
           ( 0.0000108,-0.0000001)|   3, 0, 0;1,  1;1,  0> +
           ( 0.0000108,-0.0000001)|   3, 0, 0;1,  0;1,  1> +
            ...
 |  531> = (-0.7071864,-0.0000003)|   3, 0, 0;0,  0;1, -1> +
           ( 0.7070254, 0.0000003)|   3, 0, 0;1, -1;0,  0> +
           (-0.0011314,-0.0000005)|   3, 0, 0;0,  0;1,  1> +
           ( 0.0011307, 0.0000005)|   3, 0, 0;1,  1;0,  0> +
           ( 0.0000108, 0.0000000)|   3, 0, 0;1,  0;1, -1> +
           ( 0.0000108, 0.0000000)|   3, 0, 0;1, -1;1,  0> +
            ...
 |  532> = (-0.7068436, 0.0247826)|   3, 0, 0;0,  0;1,  1> +
           (-0.7064972, 0.0247807)|   3, 0, 0;1,  1;0,  0> +
           ( 0.0016698,-0.0000371)|   3, 0, 0;0,  0;1, -1> +
           ( 0.0016689,-0.0000371)|   3, 0, 0;1, -1;0,  0> +
           ( 0.0000108,-0.0000004)|   3, 0, 0;1,  0;1,  1> +
           (-0.0000108, 0.0000004)|   3, 0, 0;1,  1;1,  0> +
            ...
 |  533> = ( 0.7071853, 0.0000005)|   3, 0, 0;1, -1;0,  0> +
           ( 0.7070243, 0.0000005)|   3, 0, 0;0,  0;1, -1> +
           ( 0.0016696,-0.0000215)|   3, 0, 0;0,  0;1,  1> +
           ( 0.0016696,-0.0000215)|   3, 0, 0;1,  1;0,  0> +
           ( 0.0000108, 0.0000000)|   3, 0, 0;1, -1;1,  0> +
           (-0.0000108,-0.0000000)|   3, 0, 0;1,  0;1, -1> +
            ...
 |  534> = (-0.7071066, 0.0016113)|   3, 0, 0;1,  0;0,  0> +
           (-0.7071033, 0.0016113)|   3, 0, 0;0,  0;1,  0> +
            ...
 |  535> = (-0.7071084, 0.0000000)|   3, 0, 0;0,  0;1,  0> +
           ( 0.7071052, 0.0000000)|   3, 0, 0;1,  0;0,  0> +
           ( 0.0000217,-0.0000000)|   3, 0, 0;1,  0;1,  0> +
           ( 0.0000217,-0.0000000)|   3, 0, 0;0,  0;0,  0> +
            ...
 |  536> = ( 0.2516429, 0.6608188)|   4, 0, 0;1,  1;0,  0> +
           (-0.2515175,-0.6608579)|   4, 0, 0;0,  0;1,  1> +
           (-0.0001022,-0.0002680)|   4, 0, 0;0,  0;1, -1> +
           ( 0.0001023, 0.0002680)|   4, 0, 0;1, -1;0,  0> +
           ( 0.0000039, 0.0000101)|   4, 0, 0;1,  1;1,  0> +
           ( 0.0000039, 0.0000101)|   4, 0, 0;1,  0;1,  1> +
            ...
 |  537> = ( 0.7071759, 0.0000000)|   4, 0, 0;1, -1;0,  0> +
           (-0.7070376, 0.0000001)|   4, 0, 0;0,  0;1, -1> +
           ( 0.0002869, 0.0000002)|   4, 0, 0;0,  0;1,  1> +
           (-0.0002867,-0.0000003)|   4, 0, 0;1,  1;0,  0> +
           ( 0.0000108, 0.0000000)|   4, 0, 0;1, -1;1,  0> +
           ( 0.0000108,-0.0000000)|   4, 0, 0;1,  0;1, -1> +
            ...
 |  538> = (-0.7071759, 0.0000001)|   4, 0, 0;0,  0;1, -1> +
           (-0.7070376,-0.0000000)|   4, 0, 0;1, -1;0,  0> +
           ( 0.0002855,-0.0000001)|   4, 0, 0;0,  0;1,  1> +
           ( 0.0002854,-0.0000001)|   4, 0, 0;1,  1;0,  0> +
           ( 0.0000108,-0.0000000)|   4, 0, 0;1,  0;1, -1> +
           (-0.0000108,-0.0000000)|   4, 0, 0;1, -1;1,  0> +
            ...
 |  539> = (-0.6786757, 0.1985069)|   4, 0, 0;0,  0;1,  1> +
           (-0.6786311, 0.1986304)|   4, 0, 0;1,  1;0,  0> +
           (-0.0002741, 0.0000800)|   4, 0, 0;0,  0;1, -1> +
           (-0.0002738, 0.0000801)|   4, 0, 0;1, -1;0,  0> +
           ( 0.0000104,-0.0000030)|   4, 0, 0;1,  0;1,  1> +
           (-0.0000104, 0.0000030)|   4, 0, 0;1,  1;1,  0> +
            ...
 |  540> = (-0.7071098, 0.0011422)|   4, 0, 0;1,  0;0,  0> +
           (-0.7071019, 0.0011422)|   4, 0, 0;0,  0;1,  0> +
            ...
 |  541> = ( 0.7071107,-0.0000000)|   4, 0, 0;0,  0;1,  0> +
           (-0.7071028,-0.0000000)|   4, 0, 0;1,  0;0,  0> +
           (-0.0000217, 0.0000000)|   4, 0, 0;1,  0;1,  0> +
           (-0.0000217, 0.0000000)|   4, 0, 0;0,  0;0,  0> +
            ...
 |  542> = (-0.7071283,-0.0000096)|   5, 0, 0;1, -1;0,  0> +
           ( 0.7070693, 0.0000096)|   5, 0, 0;0,  0;1, -1> +
           (-0.0033561,-0.0000436)|   5, 0, 0;1,  1;0,  0> +
           ( 0.0033516, 0.0000439)|   5, 0, 0;0,  0;1,  1> +
           (-0.0000108,-0.0000000)|   5, 0, 0;1, -1;1,  0> +
           (-0.0000108,-0.0000000)|   5, 0, 0;1,  0;1, -1> +
            ...
 |  543> = ( 0.7063090, 0.0347248)|   5, 0, 0;0,  0;1,  1> +
           (-0.7061818,-0.0347346)|   5, 0, 0;1,  1;0,  0> +
           (-0.0033523,-0.0001210)|   5, 0, 0;0,  0;1, -1> +
           ( 0.0033516, 0.0001211)|   5, 0, 0;1, -1;0,  0> +
           (-0.0000108,-0.0000005)|   5, 0, 0;1,  0;1,  1> +
           (-0.0000108,-0.0000005)|   5, 0, 0;1,  1;1,  0> +
            ...
 |  544> = (-0.7071303,-0.0000320)|   5, 0, 0;0,  0;1, -1> +
           (-0.7070713,-0.0000320)|   5, 0, 0;1, -1;0,  0> +
           (-0.0029109,-0.0000312)|   5, 0, 0;0,  0;1,  1> +
           (-0.0029105,-0.0000312)|   5, 0, 0;1,  1;0,  0> +
           ( 0.0000108, 0.0000000)|   5, 0, 0;1,  0;1, -1> +
           (-0.0000108,-0.0000000)|   5, 0, 0;1, -1;1,  0> +
            ...
 |  545> = ( 0.7048697,-0.0569180)|   5, 0, 0;1,  1;0,  0> +
           ( 0.7047423,-0.0569238)|   5, 0, 0;0,  0;1,  1> +
           (-0.0029012, 0.0002653)|   5, 0, 0;1, -1;0,  0> +
           (-0.0028964, 0.0002653)|   5, 0, 0;0,  0;1, -1> +
           ( 0.0000108,-0.0000009)|   5, 0, 0;1,  1;1,  0> +
           (-0.0000108, 0.0000009)|   5, 0, 0;1,  0;1,  1> +
            ...
 |  546> = ( 0.7069705, 0.0139119)|   5, 0, 0;1,  0;0,  0> +
           ( 0.7069693, 0.0139120)|   5, 0, 0;0,  0;1,  0> +
            ...
 |  547> = ( 0.7071074, 0.0000001)|   5, 0, 0;0,  0;1,  0> +
           (-0.7071062, 0.0000000)|   5, 0, 0;1,  0;0,  0> +
           (-0.0000217,-0.0000000)|   5, 0, 0;1,  0;1,  0> +
           (-0.0000217,-0.0000000)|   5, 0, 0;0,  0;0,  0> +
            ...
 |  548> = (-0.0041914,-0.5171100)|   0, 0, 1;0,  0;1,  1> +
           ( 0.0041920, 0.5170661)|   0, 0, 1;1,  1;0,  0> +
           ( 0.4731626,-0.0028563)|   0, 1, 0;0,  0;1,  1> +
           (-0.4731391, 0.0028548)|   0, 1, 0;1,  1;0,  0> +
           (-0.0019892, 0.0841976)|   0, 0, 1;0,  0;1, -1> +
           ( 0.0019933,-0.0841883)|   0, 0, 1;1, -1;0,  0> +
           (-0.0402402,-0.0033271)|   0, 1, 0;1, -1;0,  0> +
           ( 0.0402347, 0.0033277)|   0, 1, 0;0,  0;1, -1> +
            ...
 |  549> = (-0.0002775,-0.4955023)|   0, 0, 1;1, -1;0,  0> +
           ( 0.0002772, 0.4955002)|   0, 0, 1;0,  0;1, -1> +
           ( 0.3822933,-0.0002782)|   0, 1, 0;1,  1;0,  0> +
           (-0.3822766, 0.0002785)|   0, 1, 0;0,  0;1,  1> +
           (-0.0004690, 0.2823133)|   0, 0, 1;1,  1;0,  0> +
           ( 0.0004682,-0.2822919)|   0, 0, 1;0,  0;1,  1> +
           ( 0.1692542, 0.0004673)|   0, 1, 0;1, -1;0,  0> +
           (-0.1692211,-0.0004678)|   0, 1, 0;0,  0;1, -1> +
            ...
 |  550> = ( 0.0000000, 0.3535901)|   0, 0, 1;1,  1;0,  0> +
           (-0.0000000,-0.3535898)|   0, 0, 1;0,  0;1,  1> +
           ( 0.3535882, 0.0000000)|   0, 1, 0;1,  1;0,  0> +
           (-0.3535879,-0.0000000)|   0, 1, 0;0,  0;1,  1> +
           ( 0.3535372, 0.0000000)|   0, 1, 0;0,  0;1, -1> +
           (-0.3535365,-0.0000000)|   0, 1, 0;1, -1;0,  0> +
           (-0.0000000,-0.3534986)|   0, 0, 1;0,  0;1, -1> +
           ( 0.0000000, 0.3534986)|   0, 0, 1;1, -1;0,  0> +
            ...
 |  551> = ( 0.5871344, 0.0041262)|   0, 1, 0;1, -1;0,  0> +
           (-0.5871278,-0.0041301)|   0, 1, 0;0,  0;1, -1> +
           ( 0.0023167,-0.3499181)|   0, 0, 1;0,  0;1, -1> +
           (-0.0023357, 0.3498512)|   0, 0, 1;1, -1;0,  0> +
           ( 0.0019536, 0.1669722)|   0, 0, 1;1,  1;0,  0> +
           (-0.0019544,-0.1669604)|   0, 0, 1;0,  0;1,  1> +
           (-0.0702961,-0.0037517)|   0, 1, 0;0,  0;1,  1> +
           ( 0.0702693, 0.0037602)|   0, 1, 0;1,  1;0,  0> +
            ...
 |  552> = ( 0.1805204, 0.4311987)|   0, 0, 1;1, -1;0,  0> +
           ( 0.1805159, 0.4311654)|   0, 0, 1;0,  0;1, -1> +
           ( 0.3729477,-0.1988492)|   0, 1, 0;1,  1;0,  0> +
           ( 0.3729353,-0.1988487)|   0, 1, 0;0,  0;1,  1> +
           (-0.2301337, 0.1159331)|   0, 1, 0;0,  0;1, -1> +
           (-0.2300819, 0.1159281)|   0, 1, 0;1, -1;0,  0> +
           ( 0.0747191, 0.1757772)|   0, 0, 1;1,  1;0,  0> +
           ( 0.0747192, 0.1757710)|   0, 0, 1;0,  0;1,  1> +
           ( 0.0000064,-0.0000196)|   0, 1, 0;1,  0;0,  0> +
           ( 0.0000019, 0.0000183)|   0, 1, 0;0,  0;1,  0> +
            ...
 |  553> = ( 0.3703215,-0.3300784)|   0, 1, 0;1,  1;0,  0> +
           ( 0.3703077,-0.3300636)|   0, 1, 0;0,  0;1,  1> +
           (-0.2318844,-0.3178384)|   0, 0, 1;1, -1;0,  0> +
           (-0.2318853,-0.3178337)|   0, 0, 1;0,  0;1, -1> +
           (-0.1852916,-0.2262027)|   0, 0, 1;1,  1;0,  0> +
           (-0.1852759,-0.2261839)|   0, 0, 1;0,  0;1,  1> +
           (-0.0843204, 0.0807915)|   0, 1, 0;1, -1;0,  0> +
           (-0.0843107, 0.0807915)|   0, 1, 0;0,  0;1, -1> +
            ...
 |  554> = (-0.6023288,-0.0018367)|   0, 1, 0;0,  0;1, -1> +
           (-0.6023176,-0.0018367)|   0, 1, 0;1, -1;0,  0> +
           (-0.2743383,-0.0000100)|   0, 1, 0;0,  0;1,  1> +
           (-0.2743075,-0.0000104)|   0, 1, 0;1,  1;0,  0> +
           (-0.0047072,-0.2482455)|   0, 0, 1;0,  0;1,  1> +
           (-0.0047076,-0.2482362)|   0, 0, 1;1,  1;0,  0> +
           ( 0.0025375, 0.0172825)|   0, 0, 1;0,  0;1, -1> +
           ( 0.0025375, 0.0172551)|   0, 0, 1;1, -1;0,  0> +
            ...
 |  555> = ( 0.1724201, 0.5354076)|   0, 0, 1;1,  1;0,  0> +
           ( 0.1724147, 0.5353932)|   0, 0, 1;0,  0;1,  1> +
           (-0.0962556,-0.3422604)|   0, 0, 1;1, -1;0,  0> +
           (-0.0962547,-0.3422398)|   0, 0, 1;0,  0;1, -1> +
           (-0.2296177, 0.0667999)|   0, 1, 0;1, -1;0,  0> +
           (-0.2295796, 0.0667957)|   0, 1, 0;0,  0;1, -1> +
           (-0.0062293, 0.0015311)|   0, 1, 0;1,  1;0,  0> +
           (-0.0061975, 0.0015224)|   0, 1, 0;0,  0;1,  1> +
           (-0.0000098,-0.0000728)|   0, 0, 1;1,  0;0,  0> +
           (-0.0000117,-0.0000661)|   0, 0, 1;0,  0;1,  0> +
            ...
 |  556> = ( 0.6701539,-0.2243918)|   0, 1, 0;1,  0;0,  0> +
           ( 0.6701489,-0.2242521)|   0, 1, 0;0,  0;1,  0> +
           (-0.0111968,-0.0212512)|   0, 0, 1;1,  0;0,  0> +
           (-0.0111854,-0.0212484)|   0, 0, 1;0,  0;1,  0> +
            ...
 |  557> = ( 0.1083030, 0.6983731)|   0, 0, 1;1,  0;0,  0> +
           ( 0.1083008, 0.6983286)|   0, 0, 1;0,  0;1,  0> +
           ( 0.0240167, 0.0001897)|   0, 1, 0;1,  0;0,  0> +
           ( 0.0240149, 0.0001883)|   0, 1, 0;0,  0;1,  0> +
           ( 0.0000164, 0.0000593)|   0, 0, 1;1,  1;0,  0> +
           ( 0.0000173, 0.0000463)|   0, 0, 1;0,  0;1,  1> +
           (-0.0000101,-0.0000387)|   0, 0, 1;0,  0;1, -1> +
           (-0.0000099,-0.0000355)|   0, 0, 1;1, -1;0,  0> +
           (-0.0000214, 0.0000070)|   0, 1, 0;0,  0;1, -1> +
           (-0.0000174, 0.0000065)|   0, 1, 0;1, -1;0,  0> +
            ...
 |  558> = (-0.0459713, 0.7039502)|   0, 1, 0;0,  0;1,  0> +
           ( 0.0458372,-0.7039097)|   0, 1, 0;1,  0;0,  0> +
           ( 0.0470025, 0.0129017)|   0, 0, 1;0,  0;1,  0> +
           (-0.0469990,-0.0128953)|   0, 0, 1;1,  0;0,  0> +
           ( 0.0000014,-0.0000216)|   0, 1, 0;1,  0;1,  0> +
           ( 0.0000014,-0.0000216)|   0, 1, 0;0,  0;0,  0> +
           (-0.0000065,-0.0000132)|   0, 0, 1;0,  0;1, -1> +
           (-0.0000069,-0.0000130)|   0, 0, 1;1, -1;0,  0> +
            ...
 |  559> = (-0.1420537, 0.6909968)|   0, 0, 1;0,  0;1,  0> +
           ( 0.1420494,-0.6909524)|   0, 0, 1;1,  0;0,  0> +
           ( 0.0487388, 0.0000010)|   0, 1, 0;0,  0;1,  0> +
           (-0.0487382,-0.0000026)|   0, 1, 0;1,  0;0,  0> +
           ( 0.0000044,-0.0000212)|   0, 0, 1;1,  0;1,  0> +
           ( 0.0000044,-0.0000212)|   0, 0, 1;0,  0;0,  0> +
            ...
 |  560> = ( 0.7066968,-0.0287096)|   6, 0, 0;1,  1;0,  0> +
           (-0.7063493, 0.0287246)|   6, 0, 0;0,  0;1,  1> +
           (-0.0006834, 0.0000203)|   6, 0, 0;1, -1;0,  0> +
           ( 0.0006831,-0.0000203)|   6, 0, 0;0,  0;1, -1> +
           ( 0.0000108,-0.0000004)|   6, 0, 0;1,  1;1,  0> +
           ( 0.0000108,-0.0000004)|   6, 0, 0;1,  0;1,  1> +
            ...
 |  561> = (-0.7071806, 0.0000207)|   6, 0, 0;1, -1;0,  0> +
           ( 0.7070323,-0.0000206)|   6, 0, 0;0,  0;1, -1> +
           (-0.0006837, 0.0000074)|   6, 0, 0;1,  1;0,  0> +
           ( 0.0006833,-0.0000075)|   6, 0, 0;0,  0;1,  1> +
           (-0.0000108, 0.0000000)|   6, 0, 0;1, -1;1,  0> +
           (-0.0000108, 0.0000000)|   6, 0, 0;1,  0;1, -1> +
            ...
