p1517
p1517
p1517
p1517
p1517
p1517
p1517
p1517
p1517
p1517
p1517
p1517
p1517
p1517
p1517
p1517
p1517
p1517
p1517
p1517
p1517
p1517
p1517
p1517
# Parameters of the model
#  mass:		  261.0000 u
#  charge:	    1.0000 e
#  dipole:	   4.74500 D
#  B:		    503.65 MHz
#  omega_rho:	    1.4000 MHz
#  omega_z:	  0.154000 MHz

# omega_1:	  0.266736 MHz
# omega_3/5:	   1.39150 MHz

# Basis truncation:	|32,4,4;2,2>
# Basis size:		41472

# Active terms of the Hamiltionian:
# 	Nomal modes:	1
# 	T_rot:      	1
# 	V_qd^{(0)}: 	1
# 	V_qd^{(1)}: 	1
# 	V_dd^{(0)}: 	1

# Results of the diagonalisation
# 100 smallest eigenvalues
 5.716776344 6.716776344 7.716776344 8.716776343 9.716776343 10.716776344 10.933564247 10.933564248 11.716776343 11.933564247 11.933564248 12.716776343 12.933564247 12.933564247 13.716776344 13.933564247 13.933564247 14.716776344 14.933564247 14.933564247 15.716776343 15.933564247 15.933564248 16.150352151 16.150352151 16.150352151 16.716776343 16.933564247 16.933564247 17.150352151 17.150352151 17.150352152 17.716776344 17.933564247 17.933564247 18.150352151 18.150352151 18.150352152 18.716776343 18.933564247 18.933564248 19.150352151 19.150352151 19.150352151 19.716776343 19.933564247 19.933564248 20.150352151 20.150352151 20.150352151 20.716776343 20.933564247 20.933564247 21.150352151 21.150352151 21.150352151 21.367140055 21.367140055 21.367140055 21.367140055 21.716776343 21.933564247 21.933564247 22.150352151 22.150352151 22.150352151 22.367140055 22.367140055 22.367140055 22.367140055 22.716776343 22.933564247 22.933564247 23.150352150 23.150352151 23.150352151 23.367140055 23.367140055 23.367140055 23.367140055 23.716776343 23.933564247 23.933564247 24.150352150 24.150352151 24.150352151 24.367140055 24.367140055 24.367140055 24.367140055 24.716776344 24.933564247 24.933564247 25.150352151 25.150352151 25.150352151 25.367140054 25.367140055 25.367140055 25.367140055

# Ground state and the lowest excitations:
 |    0> = ( 1.0000000, 0.0000000)|   0, 0, 0;0,  0;0,  0> +
           ( 0.0000156,-0.0000000)|   0, 0, 0;0,  0;1,  0> +
           (-0.0000156,-0.0000000)|   0, 0, 0;1,  0;0,  0> +
            ...
 |    1> = (-1.0000000, 0.0000000)|   1, 0, 0;0,  0;0,  0> +
           (-0.0000156, 0.0000000)|   1, 0, 0;0,  0;1,  0> +
           ( 0.0000156, 0.0000000)|   1, 0, 0;1,  0;0,  0> +
            ...
 |    2> = ( 1.0000000,-0.0000000)|   2, 0, 0;0,  0;0,  0> +
           (-0.0000156,-0.0000000)|   2, 0, 0;1,  0;0,  0> +
           ( 0.0000156,-0.0000000)|   2, 0, 0;0,  0;1,  0> +
            ...
 |    3> = (-1.0000000, 0.0000000)|   3, 0, 0;0,  0;0,  0> +
           (-0.0000156, 0.0000000)|   3, 0, 0;0,  0;1,  0> +
           ( 0.0000156, 0.0000000)|   3, 0, 0;1,  0;0,  0> +
            ...
 |    4> = ( 1.0000000,-0.0000000)|   4, 0, 0;0,  0;0,  0> +
           ( 0.0000156,-0.0000000)|   4, 0, 0;0,  0;1,  0> +
           (-0.0000156,-0.0000000)|   4, 0, 0;1,  0;0,  0> +
            ...
 |    5> = (-1.0000000, 0.0000000)|   5, 0, 0;0,  0;0,  0> +
           (-0.0000156,-0.0000000)|   5, 0, 0;0,  0;1,  0> +
           ( 0.0000156,-0.0000000)|   5, 0, 0;1,  0;0,  0> +
            ...
 |    6> = ( 0.0000024, 0.7106892)|   0, 0, 1;0,  0;0,  0> +
           (-0.7035061, 0.0000024)|   0, 1, 0;0,  0;0,  0> +
           ( 0.0000000, 0.0000111)|   0, 0, 1;0,  0;1,  0> +
           (-0.0000000,-0.0000111)|   0, 0, 1;1,  0;0,  0> +
           ( 0.0000110,-0.0000000)|   0, 1, 0;1,  0;0,  0> +
           (-0.0000110, 0.0000000)|   0, 1, 0;0,  0;1,  0> +
            ...
 |    7> = (-0.7106892, 0.0000000)|   0, 1, 0;0,  0;0,  0> +
           ( 0.0000000,-0.7035061)|   0, 0, 1;0,  0;0,  0> +
           ( 0.0000111,-0.0000000)|   0, 1, 0;1,  0;0,  0> +
           (-0.0000111, 0.0000000)|   0, 1, 0;0,  0;1,  0> +
           ( 0.0000000,-0.0000110)|   0, 0, 1;0,  0;1,  0> +
           (-0.0000000, 0.0000110)|   0, 0, 1;1,  0;0,  0> +
            ...
 |    8> = ( 1.0000000, 0.0000000)|   6, 0, 0;0,  0;0,  0> +
           (-0.0000156,-0.0000000)|   6, 0, 0;1,  0;0,  0> +
           ( 0.0000156, 0.0000000)|   6, 0, 0;0,  0;1,  0> +
            ...
 |    9> = ( 0.7097226, 0.0002529)|   1, 1, 0;0,  0;0,  0> +
           ( 0.0002530, 0.7044812)|   1, 0, 1;0,  0;0,  0> +
           (-0.0000111,-0.0000000)|   1, 1, 0;1,  0;0,  0> +
           ( 0.0000111, 0.0000000)|   1, 1, 0;0,  0;1,  0> +
           ( 0.0000000, 0.0000110)|   1, 0, 1;0,  0;1,  0> +
           (-0.0000000,-0.0000110)|   1, 0, 1;1,  0;0,  0> +
            ...
 |   10> = (-0.0725269, 0.7060071)|   1, 0, 1;0,  0;0,  0> +
           (-0.7007415,-0.0724927)|   1, 1, 0;0,  0;0,  0> +
           (-0.0000011, 0.0000110)|   1, 0, 1;0,  0;1,  0> +
           ( 0.0000011,-0.0000110)|   1, 0, 1;1,  0;0,  0> +
           ( 0.0000109, 0.0000011)|   1, 1, 0;1,  0;0,  0> +
           (-0.0000109,-0.0000011)|   1, 1, 0;0,  0;1,  0> +
            ...
 |   11> = (-1.0000000,-0.0000000)|   7, 0, 0;0,  0;0,  0> +
           (-0.0000156,-0.0000000)|   7, 0, 0;0,  0;1,  0> +
           ( 0.0000156, 0.0000000)|   7, 0, 0;1,  0;0,  0> +
            ...
 |   12> = (-0.7236036,-0.0033546)|   2, 1, 0;0,  0;0,  0> +
           (-0.0033559, 0.6901995)|   2, 0, 1;0,  0;0,  0> +
           ( 0.0000113, 0.0000001)|   2, 1, 0;1,  0;0,  0> +
           (-0.0000113,-0.0000001)|   2, 1, 0;0,  0;1,  0> +
           (-0.0000001, 0.0000108)|   2, 0, 1;0,  0;1,  0> +
           ( 0.0000001,-0.0000108)|   2, 0, 1;1,  0;0,  0> +
            ...
 |   13> = ( 0.0000799,-0.7236114)|   2, 0, 1;0,  0;0,  0> +
           (-0.6902076, 0.0000799)|   2, 1, 0;0,  0;0,  0> +
           (-0.0000000, 0.0000113)|   2, 0, 1;1,  0;0,  0> +
           ( 0.0000000,-0.0000113)|   2, 0, 1;0,  0;1,  0> +
           ( 0.0000108,-0.0000000)|   2, 1, 0;1,  0;0,  0> +
           (-0.0000108, 0.0000000)|   2, 1, 0;0,  0;1,  0> +
            ...
 |   14> = ( 1.0000000, 0.0000000)|   8, 0, 0;0,  0;0,  0> +
           (-0.0000156,-0.0000000)|   8, 0, 0;1,  0;0,  0> +
           ( 0.0000156, 0.0000000)|   8, 0, 0;0,  0;1,  0> +
            ...
 |   15> = (-0.7223151,-0.0003380)|   3, 1, 0;0,  0;0,  0> +
           (-0.0003381, 0.6915639)|   3, 0, 1;0,  0;0,  0> +
           ( 0.0000113, 0.0000000)|   3, 1, 0;1,  0;0,  0> +
           (-0.0000113,-0.0000000)|   3, 1, 0;0,  0;1,  0> +
           ( 0.0000000,-0.0000108)|   3, 0, 1;1,  0;0,  0> +
           (-0.0000000, 0.0000108)|   3, 0, 1;0,  0;1,  0> +
            ...
 |   16> = (-0.0000074, 0.7223152)|   3, 0, 1;0,  0;0,  0> +
           ( 0.6915640,-0.0000074)|   3, 1, 0;0,  0;0,  0> +
           ( 0.0000000,-0.0000113)|   3, 0, 1;1,  0;0,  0> +
           (-0.0000000, 0.0000113)|   3, 0, 1;0,  0;1,  0> +
           (-0.0000108, 0.0000000)|   3, 1, 0;1,  0;0,  0> +
           ( 0.0000108,-0.0000000)|   3, 1, 0;0,  0;1,  0> +
            ...
 |   17> = ( 1.0000000, 0.0000000)|   9, 0, 0;0,  0;0,  0> +
           (-0.0000156,-0.0000000)|   9, 0, 0;1,  0;0,  0> +
           ( 0.0000156, 0.0000000)|   9, 0, 0;0,  0;1,  0> +
            ...
 |   18> = ( 0.0000136, 0.7101034)|   4, 0, 1;0,  0;0,  0> +
           ( 0.7040974, 0.0000136)|   4, 1, 0;0,  0;0,  0> +
           (-0.0000000,-0.0000111)|   4, 0, 1;1,  0;0,  0> +
           ( 0.0000000, 0.0000111)|   4, 0, 1;0,  0;1,  0> +
           ( 0.0000110, 0.0000000)|   4, 1, 0;0,  0;1,  0> +
           (-0.0000110,-0.0000000)|   4, 1, 0;1,  0;0,  0> +
            ...
 |   19> = (-0.7100966, 0.0031072)|   4, 1, 0;0,  0;0,  0> +
           ( 0.0031081, 0.7040905)|   4, 0, 1;0,  0;0,  0> +
           ( 0.0000111,-0.0000000)|   4, 1, 0;1,  0;0,  0> +
           (-0.0000111, 0.0000000)|   4, 1, 0;0,  0;1,  0> +
           ( 0.0000000, 0.0000110)|   4, 0, 1;0,  0;1,  0> +
           (-0.0000000,-0.0000110)|   4, 0, 1;1,  0;0,  0> +
            ...
 |   20> = (-1.0000000,-0.0000000)|  10, 0, 0;0,  0;0,  0> +
           (-0.0000156,-0.0000000)|  10, 0, 0;0,  0;1,  0> +
           ( 0.0000156, 0.0000000)|  10, 0, 0;1,  0;0,  0> +
            ...
 |   21> = ( 0.0000191,-0.7138981)|   5, 0, 1;0,  0;0,  0> +
           (-0.7002496, 0.0000191)|   5, 1, 0;0,  0;0,  0> +
           (-0.0000000, 0.0000111)|   5, 0, 1;1,  0;0,  0> +
           ( 0.0000000,-0.0000111)|   5, 0, 1;0,  0;1,  0> +
           (-0.0000109, 0.0000000)|   5, 1, 0;0,  0;1,  0> +
           ( 0.0000109,-0.0000000)|   5, 1, 0;1,  0;0,  0> +
            ...
 |   22> = ( 0.7138954, 0.0019495)|   5, 1, 0;0,  0;0,  0> +
           ( 0.0019500,-0.7002469)|   5, 0, 1;0,  0;0,  0> +
           (-0.0000111,-0.0000000)|   5, 1, 0;1,  0;0,  0> +
           ( 0.0000111, 0.0000000)|   5, 1, 0;0,  0;1,  0> +
           (-0.0000000, 0.0000109)|   5, 0, 1;1,  0;0,  0> +
           ( 0.0000000,-0.0000109)|   5, 0, 1;0,  0;1,  0> +
            ...
 |   23> = ( 0.7071068,-0.0000000)|   0, 0, 2;0,  0;0,  0> +
           ( 0.7071068, 0.0000000)|   0, 2, 0;0,  0;0,  0> +
           (-0.0000110,-0.0000000)|   0, 0, 2;1,  0;0,  0> +
           ( 0.0000110,-0.0000000)|   0, 0, 2;0,  0;1,  0> +
           ( 0.0000110,-0.0000000)|   0, 2, 0;0,  0;1,  0> +
           (-0.0000110,-0.0000000)|   0, 2, 0;1,  0;0,  0> +
            ...
 |   24> = ( 0.0001862,-1.0000000)|   0, 1, 1;0,  0;0,  0> +
           ( 0.0000000,-0.0000156)|   0, 1, 1;0,  0;1,  0> +
           (-0.0000000, 0.0000156)|   0, 1, 1;1,  0;0,  0> +
            ...
 # The upper part of the spectrum
 # Eigenvalues first: 512	 last: 562
 23733.571526178 23733.571526178 23733.571527367 23733.571527367 23733.571530786 23733.571533163 23734.571526178 23734.571526178 23734.571527367 23734.571527367 23734.571530786 23734.571533163 23735.571526178 23735.571526178 23735.571527367 23735.571527367 23735.571530786 23735.571533163 23736.571526178 23736.571526179 23736.571527367 23736.571527367 23736.571530786 23736.571533163 23737.571526178 23737.571526178 23737.571527367 23737.571527367 23737.571530786 23737.571533163 23738.571526178 23738.571526178 23738.571527367 23738.571527367 23738.571530786 23738.571533163 23738.788314082 23738.788314082 23738.788314082 23738.788314082 23738.788315270 23738.788315271 23738.788315271 23738.788315271 23738.788318690 23738.788318690 23738.788321067 23738.788321067 23739.571526178 23739.571526178

# Excited states :
 |  511> = ( 0.0010790, 0.9999994)|  31, 3, 3;0,  0;0,  0> +
           (-0.0000000,-0.0000156)|  31, 3, 3;1,  0;0,  0> +
           ( 0.0000000, 0.0000156)|  31, 3, 3;0,  0;1,  0> +
            ...
 |  512> = ( 0.6551834, 0.2603123)|   0, 0, 0;1,  1;0,  0> +
           (-0.6551455,-0.2603257)|   0, 0, 0;0,  0;1,  1> +
           (-0.0547128,-0.0003872)|   0, 0, 0;0,  0;1, -1> +
           ( 0.0547123, 0.0003903)|   0, 0, 0;1, -1;0,  0> +
           ( 0.0000102, 0.0000041)|   0, 0, 0;1,  1;1,  0> +
           ( 0.0000102, 0.0000041)|   0, 0, 0;1,  0;1,  1> +
            ...
 |  513> = ( 0.7049908,-0.0000301)|   0, 0, 0;0,  0;1, -1> +
           (-0.7049828, 0.0000259)|   0, 0, 0;1, -1;0,  0> +
           ( 0.0509975, 0.0198425)|   0, 0, 0;1,  1;0,  0> +
           (-0.0509830,-0.0198365)|   0, 0, 0;0,  0;1,  1> +
           (-0.0000110, 0.0000000)|   0, 0, 0;1,  0;1, -1> +
           (-0.0000110, 0.0000000)|   0, 0, 0;1, -1;1,  0> +
            ...
 |  514> = ( 0.6614208,-0.2398563)|   0, 0, 0;0,  0;1,  1> +
           ( 0.6613826,-0.2398706)|   0, 0, 0;1,  1;0,  0> +
           (-0.0708073,-0.0003584)|   0, 0, 0;0,  0;1, -1> +
           (-0.0707997,-0.0003693)|   0, 0, 0;1, -1;0,  0> +
           (-0.0000103, 0.0000037)|   0, 0, 0;1,  0;1,  1> +
           ( 0.0000103,-0.0000037)|   0, 0, 0;1,  1;1,  0> +
            ...
 |  515> = (-0.7035574, 0.0000325)|   0, 0, 0;1, -1;0,  0> +
           (-0.7035485, 0.0000358)|   0, 0, 0;0,  0;1, -1> +
           (-0.0664388, 0.0244850)|   0, 0, 0;0,  0;1,  1> +
           (-0.0664338, 0.0244838)|   0, 0, 0;1,  1;0,  0> +
           (-0.0000110, 0.0000000)|   0, 0, 0;1, -1;1,  0> +
           ( 0.0000110,-0.0000000)|   0, 0, 0;1,  0;1, -1> +
            ...
 |  516> = (-0.7071075,-0.0000000)|   0, 0, 0;0,  0;1,  0> +
           (-0.7071060,-0.0000000)|   0, 0, 0;1,  0;0,  0> +
            ...
 |  517> = (-0.7071075,-0.0000000)|   0, 0, 0;1,  0;0,  0> +
           ( 0.7071060,-0.0000000)|   0, 0, 0;0,  0;1,  0> +
           (-0.0000221, 0.0000000)|   0, 0, 0;1,  0;1,  0> +
           (-0.0000221, 0.0000000)|   0, 0, 0;0,  0;0,  0> +
            ...
 |  518> = (-0.6876035,-0.0031207)|   1, 0, 0;0,  0;1,  1> +
           ( 0.6875612, 0.0031209)|   1, 0, 0;1,  1;0,  0> +
           ( 0.1649974, 0.0006841)|   1, 0, 0;0,  0;1, -1> +
           (-0.1649739,-0.0006840)|   1, 0, 0;1, -1;0,  0> +
           ( 0.0000107, 0.0000000)|   1, 0, 0;1,  0;1,  1> +
           ( 0.0000107, 0.0000000)|   1, 0, 0;1,  1;1,  0> +
            ...
 |  519> = (-0.6876160, 0.0000135)|   1, 0, 0;0,  0;1, -1> +
           ( 0.6875630,-0.0000135)|   1, 0, 0;1, -1;0,  0> +
           (-0.1649969,-0.0000615)|   1, 0, 0;0,  0;1,  1> +
           ( 0.1649772, 0.0000616)|   1, 0, 0;1,  1;0,  0> +
           ( 0.0000107,-0.0000000)|   1, 0, 0;1,  0;1, -1> +
           ( 0.0000107,-0.0000000)|   1, 0, 0;1, -1;1,  0> +
            ...
 |  520> = (-0.6461688, 0.0019381)|   1, 0, 0;1,  1;0,  0> +
           (-0.6461228, 0.0019384)|   1, 0, 0;0,  0;1,  1> +
           ( 0.2872208,-0.0005762)|   1, 0, 0;1, -1;0,  0> +
           ( 0.2872061,-0.0005763)|   1, 0, 0;0,  0;1, -1> +
           (-0.0000101, 0.0000000)|   1, 0, 0;1,  1;1,  0> +
           ( 0.0000101,-0.0000000)|   1, 0, 0;1,  0;1,  1> +
            ...
 |  521> = (-0.6461766,-0.0000749)|   1, 0, 0;1, -1;0,  0> +
           (-0.6461207,-0.0000749)|   1, 0, 0;0,  0;1, -1> +
           (-0.2872184, 0.0002520)|   1, 0, 0;1,  1;0,  0> +
           (-0.2872094, 0.0002520)|   1, 0, 0;0,  0;1,  1> +
           (-0.0000101,-0.0000000)|   1, 0, 0;1, -1;1,  0> +
           ( 0.0000101, 0.0000000)|   1, 0, 0;1,  0;1, -1> +
            ...
 |  522> = (-0.7071069,-0.0000000)|   1, 0, 0;0,  0;1,  0> +
           (-0.7071067,-0.0000000)|   1, 0, 0;1,  0;0,  0> +
            ...
 |  523> = ( 0.7071069, 0.0000000)|   1, 0, 0;1,  0;0,  0> +
           (-0.7071067, 0.0000000)|   1, 0, 0;0,  0;1,  0> +
           ( 0.0000221, 0.0000000)|   1, 0, 0;1,  0;1,  0> +
           ( 0.0000221, 0.0000000)|   1, 0, 0;0,  0;0,  0> +
            ...
 |  524> = (-0.7071285,-0.0000002)|   2, 0, 0;0,  0;1, -1> +
           ( 0.7070849, 0.0000002)|   2, 0, 0;1, -1;0,  0> +
           ( 0.0004097,-0.0000000)|   2, 0, 0;1,  1;0,  0> +
           (-0.0004092,-0.0000000)|   2, 0, 0;0,  0;1,  1> +
           ( 0.0000110, 0.0000000)|   2, 0, 0;1,  0;1, -1> +
           ( 0.0000110, 0.0000000)|   2, 0, 0;1, -1;1,  0> +
            ...
 |  525> = (-0.7037877,-0.0688976)|   2, 0, 0;0,  0;1,  1> +
           ( 0.7036960, 0.0689022)|   2, 0, 0;1,  1;0,  0> +
           ( 0.0004075, 0.0000399)|   2, 0, 0;0,  0;1, -1> +
           (-0.0004075,-0.0000399)|   2, 0, 0;1, -1;0,  0> +
           ( 0.0000110, 0.0000011)|   2, 0, 0;1,  0;1,  1> +
           ( 0.0000110, 0.0000011)|   2, 0, 0;1,  1;1,  0> +
            ...
 |  526> = ( 0.7071285, 0.0000002)|   2, 0, 0;1, -1;0,  0> +
           ( 0.7070849, 0.0000002)|   2, 0, 0;0,  0;1, -1> +
           ( 0.0003574, 0.0000000)|   2, 0, 0;1,  1;0,  0> +
           ( 0.0003574, 0.0000000)|   2, 0, 0;0,  0;1,  1> +
           ( 0.0000110, 0.0000000)|   2, 0, 0;1, -1;1,  0> +
           (-0.0000110,-0.0000000)|   2, 0, 0;1,  0;1, -1> +
            ...
 |  527> = ( 0.7067024,-0.0252138)|   2, 0, 0;1,  1;0,  0> +
           ( 0.7066112,-0.0252240)|   2, 0, 0;0,  0;1,  1> +
           (-0.0003575, 0.0000128)|   2, 0, 0;1, -1;0,  0> +
           (-0.0003568, 0.0000128)|   2, 0, 0;0,  0;1, -1> +
           ( 0.0000110,-0.0000004)|   2, 0, 0;1,  1;1,  0> +
           (-0.0000110, 0.0000004)|   2, 0, 0;1,  0;1,  1> +
            ...
 |  528> = ( 0.7071078, 0.0000010)|   2, 0, 0;1,  0;0,  0> +
           ( 0.7071058, 0.0000010)|   2, 0, 0;0,  0;1,  0> +
            ...
 |  529> = (-0.7071078,-0.0000000)|   2, 0, 0;0,  0;1,  0> +
           ( 0.7071058,-0.0000000)|   2, 0, 0;1,  0;0,  0> +
           ( 0.0000221, 0.0000000)|   2, 0, 0;1,  0;1,  0> +
           ( 0.0000221, 0.0000000)|   2, 0, 0;0,  0;0,  0> +
            ...
 |  530> = (-0.7071297, 0.0000001)|   3, 0, 0;1, -1;0,  0> +
           ( 0.7070780,-0.0000001)|   3, 0, 0;0,  0;1, -1> +
           (-0.0020419, 0.0000001)|   3, 0, 0;1,  1;0,  0> +
           ( 0.0020416,-0.0000001)|   3, 0, 0;0,  0;1,  1> +
           (-0.0000110, 0.0000000)|   3, 0, 0;1, -1;1,  0> +
           (-0.0000110, 0.0000000)|   3, 0, 0;1,  0;1, -1> +
            ...
 |  531> = (-0.7071434,-0.0037659)|   3, 0, 0;0,  0;1,  1> +
           ( 0.7070442, 0.0037663)|   3, 0, 0;1,  1;0,  0> +
           ( 0.0020419, 0.0000110)|   3, 0, 0;0,  0;1, -1> +
           (-0.0020415,-0.0000110)|   3, 0, 0;1, -1;0,  0> +
           ( 0.0000110, 0.0000001)|   3, 0, 0;1,  0;1,  1> +
           ( 0.0000110, 0.0000001)|   3, 0, 0;1,  1;1,  0> +
            ...
 |  532> = ( 0.7071298, 0.0000000)|   3, 0, 0;0,  0;1, -1> +
           ( 0.7070781, 0.0000000)|   3, 0, 0;1, -1;0,  0> +
           ( 0.0020031, 0.0000003)|   3, 0, 0;0,  0;1,  1> +
           ( 0.0020028, 0.0000003)|   3, 0, 0;1,  1;0,  0> +
           (-0.0000110,-0.0000000)|   3, 0, 0;1,  0;1, -1> +
           ( 0.0000110, 0.0000000)|   3, 0, 0;1, -1;1,  0> +
            ...
 |  533> = ( 0.7071475,-0.0029252)|   3, 0, 0;1,  1;0,  0> +
           ( 0.7070483,-0.0029257)|   3, 0, 0;0,  0;1,  1> +
           (-0.0020031, 0.0000086)|   3, 0, 0;1, -1;0,  0> +
           (-0.0020028, 0.0000086)|   3, 0, 0;0,  0;1, -1> +
           ( 0.0000110,-0.0000000)|   3, 0, 0;1,  1;1,  0> +
           (-0.0000110, 0.0000000)|   3, 0, 0;1,  0;1,  1> +
            ...
 |  534> = ( 0.7070958,-0.0039594)|   3, 0, 0;1,  0;0,  0> +
           ( 0.7070956,-0.0039594)|   3, 0, 0;0,  0;1,  0> +
            ...
 |  535> = ( 0.7071069,-0.0000000)|   3, 0, 0;0,  0;1,  0> +
           (-0.7071067,-0.0000000)|   3, 0, 0;1,  0;0,  0> +
           (-0.0000221, 0.0000000)|   3, 0, 0;1,  0;1,  0> +
           (-0.0000221, 0.0000000)|   3, 0, 0;0,  0;0,  0> +
            ...
 |  536> = (-0.7061830, 0.0368118)|   4, 0, 0;1,  1;0,  0> +
           ( 0.7061120,-0.0368084)|   4, 0, 0;0,  0;1,  1> +
           (-0.0008728, 0.0000459)|   4, 0, 0;1, -1;0,  0> +
           ( 0.0008728,-0.0000459)|   4, 0, 0;0,  0;1, -1> +
           (-0.0000110, 0.0000006)|   4, 0, 0;1,  1;1,  0> +
           (-0.0000110, 0.0000006)|   4, 0, 0;1,  0;1,  1> +
            ...
 |  537> = ( 0.7072321, 0.0000003)|   4, 0, 0;1, -1;0,  0> +
           (-0.7069804,-0.0000002)|   4, 0, 0;0,  0;1, -1> +
           (-0.0008742,-0.0000004)|   4, 0, 0;1,  1;0,  0> +
           ( 0.0008738, 0.0000004)|   4, 0, 0;0,  0;1,  1> +
           ( 0.0000110, 0.0000000)|   4, 0, 0;1, -1;1,  0> +
           ( 0.0000110, 0.0000000)|   4, 0, 0;1,  0;1, -1> +
            ...
 |  538> = (-0.7072321,-0.0000004)|   4, 0, 0;0,  0;1, -1> +
           (-0.7069804,-0.0000005)|   4, 0, 0;1, -1;0,  0> +
           ( 0.0008703, 0.0000009)|   4, 0, 0;0,  0;1,  1> +
           ( 0.0008700, 0.0000009)|   4, 0, 0;1,  1;0,  0> +
           ( 0.0000110, 0.0000000)|   4, 0, 0;1,  0;1, -1> +
           (-0.0000110,-0.0000000)|   4, 0, 0;1, -1;1,  0> +
            ...
 |  539> = ( 0.7061949,-0.0365828)|   4, 0, 0;0,  0;1,  1> +
           ( 0.7061239,-0.0365789)|   4, 0, 0;1,  1;0,  0> +
           ( 0.0008690,-0.0000459)|   4, 0, 0;1, -1;0,  0> +
           ( 0.0008689,-0.0000459)|   4, 0, 0;0,  0;1, -1> +
           (-0.0000110, 0.0000006)|   4, 0, 0;1,  0;1,  1> +
           ( 0.0000110,-0.0000006)|   4, 0, 0;1,  1;1,  0> +
            ...
 |  540> = (-0.7060833, 0.0380385)|   4, 0, 0;0,  0;1,  0> +
           (-0.7060825, 0.0380385)|   4, 0, 0;1,  0;0,  0> +
            ...
 |  541> = (-0.7071072, 0.0000000)|   4, 0, 0;1,  0;0,  0> +
           ( 0.7071064, 0.0000000)|   4, 0, 0;0,  0;1,  0> +
           (-0.0000221, 0.0000000)|   4, 0, 0;1,  0;1,  0> +
           (-0.0000221, 0.0000000)|   4, 0, 0;0,  0;0,  0> +
            ...
 |  542> = (-0.7070725,-0.0053613)|   5, 0, 0;1,  1;0,  0> +
           ( 0.7070534, 0.0053638)|   5, 0, 0;0,  0;1,  1> +
           ( 0.0057626,-0.0000204)|   5, 0, 0;1, -1;0,  0> +
           (-0.0057624, 0.0000203)|   5, 0, 0;0,  0;1, -1> +
           (-0.0000110,-0.0000001)|   5, 0, 0;1,  1;1,  0> +
           (-0.0000110,-0.0000001)|   5, 0, 0;1,  0;1,  1> +
            ...
 |  543> = ( 0.7071425, 0.0000993)|   5, 0, 0;0,  0;1, -1> +
           (-0.7070241,-0.0000992)|   5, 0, 0;1, -1;0,  0> +
           ( 0.0057627, 0.0000649)|   5, 0, 0;0,  0;1,  1> +
           (-0.0057617,-0.0000649)|   5, 0, 0;1,  1;0,  0> +
           (-0.0000110,-0.0000000)|   5, 0, 0;1,  0;1, -1> +
           (-0.0000110,-0.0000000)|   5, 0, 0;1, -1;1,  0> +
            ...
 |  544> = (-0.6944994, 0.1328530)|   5, 0, 0;0,  0;1,  1> +
           (-0.6944802, 0.1328520)|   5, 0, 0;1,  1;0,  0> +
           ( 0.0057421,-0.0010708)|   5, 0, 0;0,  0;1, -1> +
           ( 0.0057419,-0.0010708)|   5, 0, 0;1, -1;0,  0> +
           ( 0.0000108,-0.0000021)|   5, 0, 0;1,  0;1,  1> +
           (-0.0000108, 0.0000021)|   5, 0, 0;1,  1;1,  0> +
            ...
 |  545> = (-0.7071419, 0.0000042)|   5, 0, 0;1, -1;0,  0> +
           (-0.7070235, 0.0000042)|   5, 0, 0;0,  0;1, -1> +
           (-0.0058414, 0.0000272)|   5, 0, 0;1,  1;0,  0> +
           (-0.0058404, 0.0000272)|   5, 0, 0;0,  0;1,  1> +
           (-0.0000110, 0.0000000)|   5, 0, 0;1, -1;1,  0> +
           ( 0.0000110,-0.0000000)|   5, 0, 0;1,  0;1, -1> +
            ...
 |  546> = ( 0.7071053, 0.0021281)|   5, 0, 0;0,  0;1,  0> +
           ( 0.7071019, 0.0021281)|   5, 0, 0;1,  0;0,  0> +
            ...
 |  547> = (-0.7071085,-0.0000000)|   5, 0, 0;1,  0;0,  0> +
           ( 0.7071051, 0.0000000)|   5, 0, 0;0,  0;1,  0> +
           (-0.0000221,-0.0000000)|   5, 0, 0;1,  0;1,  0> +
           (-0.0000221,-0.0000000)|   5, 0, 0;0,  0;0,  0> +
            ...
 |  548> = (-0.0056774,-0.4920658)|   0, 0, 1;1,  1;0,  0> +
           ( 0.0056711, 0.4920432)|   0, 0, 1;0,  0;1,  1> +
           (-0.3778779,-0.0210587)|   0, 1, 0;0,  0;1,  1> +
           ( 0.3778598, 0.0210522)|   0, 1, 0;1,  1;0,  0> +
           (-0.2836242,-0.0374648)|   0, 1, 0;1, -1;0,  0> +
           ( 0.2835132, 0.0374646)|   0, 1, 0;0,  0;1, -1> +
           ( 0.0641955,-0.1694271)|   0, 0, 1;1, -1;0,  0> +
           (-0.0641932, 0.1693131)|   0, 0, 1;0,  0;1, -1> +
            ...
 |  549> = (-0.4682394,-0.0078571)|   0, 1, 0;0,  0;1,  1> +
           ( 0.4682316, 0.0078557)|   0, 1, 0;1,  1;0,  0> +
           ( 0.4304868,-0.0149203)|   0, 1, 0;1, -1;0,  0> +
           (-0.4304754, 0.0149209)|   0, 1, 0;0,  0;1, -1> +
           ( 0.0261465,-0.2355211)|   0, 0, 1;1, -1;0,  0> +
           (-0.0261481, 0.2354946)|   0, 0, 1;0,  0;1, -1> +
           ( 0.0033705,-0.1974898)|   0, 0, 1;0,  0;1,  1> +
           (-0.0033702, 0.1974692)|   0, 0, 1;1,  1;0,  0> +
            ...
 |  550> = ( 0.1193241,-0.5213815)|   0, 0, 1;1, -1;0,  0> +
           (-0.1193242, 0.5213555)|   0, 0, 1;0,  0;1, -1> +
           (-0.3211057,-0.0679051)|   0, 1, 0;1, -1;0,  0> +
           ( 0.3210976, 0.0679051)|   0, 1, 0;0,  0;1, -1> +
           (-0.0159603, 0.3058939)|   0, 0, 1;1,  1;0,  0> +
           ( 0.0159586,-0.3058686)|   0, 0, 1;0,  0;1,  1> +
           (-0.1055761, 0.0354569)|   0, 1, 0;1,  1;0,  0> +
           ( 0.1055528,-0.0354622)|   0, 1, 0;0,  0;1,  1> +
            ...
 |  551> = (-0.3536445,-0.0000001)|   0, 1, 0;1,  1;0,  0> +
           ( 0.3536443, 0.0000001)|   0, 1, 0;0,  0;1,  1> +
           ( 0.0000000,-0.3535855)|   0, 0, 1;1,  1;0,  0> +
           (-0.0000000, 0.3535852)|   0, 0, 1;0,  0;1,  1> +
           (-0.0000003,-0.3535279)|   0, 0, 1;1, -1;0,  0> +
           ( 0.0000003, 0.3535276)|   0, 0, 1;0,  0;1, -1> +
           ( 0.3534563, 0.0000001)|   0, 1, 0;1, -1;0,  0> +
           (-0.3534558,-0.0000001)|   0, 1, 0;0,  0;1, -1> +
            ...
 |  552> = (-0.0166561, 0.5543673)|   0, 0, 1;0,  0;1, -1> +
           (-0.0166342, 0.5543031)|   0, 0, 1;1, -1;0,  0> +
           ( 0.4126587, 0.0003605)|   0, 1, 0;0,  0;1, -1> +
           ( 0.4125900, 0.0003491)|   0, 1, 0;1, -1;0,  0> +
           ( 0.0484215,-0.1017225)|   0, 0, 1;1,  1;0,  0> +
           ( 0.0484261,-0.1016326)|   0, 0, 1;0,  0;1,  1> +
           ( 0.0893265, 0.0390108)|   0, 1, 0;1,  1;0,  0> +
           ( 0.0892410, 0.0390049)|   0, 1, 0;0,  0;1,  1> +
            ...
 |  553> = ( 0.0136845,-0.6319932)|   0, 0, 1;0,  0;1,  1> +
           ( 0.0136865,-0.6319507)|   0, 0, 1;1,  1;0,  0> +
           (-0.2934706, 0.0192775)|   0, 1, 0;0,  0;1, -1> +
           (-0.2934674, 0.0192772)|   0, 1, 0;1, -1;0,  0> +
           (-0.0474168, 0.0925226)|   0, 0, 1;0,  0;1, -1> +
           (-0.0474165, 0.0925203)|   0, 0, 1;1, -1;0,  0> +
           ( 0.0532301,-0.0169859)|   0, 1, 0;0,  0;1,  1> +
           ( 0.0531932,-0.0169838)|   0, 1, 0;1,  1;0,  0> +
           ( 0.0000032,-0.0000100)|   0, 0, 1;1,  0;0,  0> +
           (-0.0000027, 0.0000097)|   0, 0, 1;0,  0;1,  0> +
            ...
 |  554> = (-0.4725826, 0.0004757)|   0, 1, 0;0,  0;1, -1> +
           (-0.4725652, 0.0004749)|   0, 1, 0;1, -1;0,  0> +
           (-0.0013256, 0.3675190)|   0, 0, 1;0,  0;1, -1> +
           (-0.0013242, 0.3675035)|   0, 0, 1;1, -1;0,  0> +
           ( 0.0005314, 0.2932513)|   0, 0, 1;1,  1;0,  0> +
           ( 0.0005315, 0.2932407)|   0, 0, 1;0,  0;1,  1> +
           ( 0.2358360,-0.0004031)|   0, 1, 0;1,  1;0,  0> +
           ( 0.2358152,-0.0004036)|   0, 1, 0;0,  0;1,  1> +
            ...
 |  555> = (-0.5849453,-0.2993567)|   0, 1, 0;0,  0;1,  1> +
           (-0.5849406,-0.2993575)|   0, 1, 0;1,  1;0,  0> +
           (-0.0766016, 0.2017308)|   0, 0, 1;1, -1;0,  0> +
           (-0.0765960, 0.2017202)|   0, 0, 1;0,  0;1, -1> +
           (-0.1087190,-0.0900044)|   0, 1, 0;0,  0;1, -1> +
           (-0.1087095,-0.0899979)|   0, 1, 0;1, -1;0,  0> +
           (-0.0011662, 0.0417896)|   0, 0, 1;0,  0;1,  1> +
           (-0.0011680, 0.0417839)|   0, 0, 1;1,  1;0,  0> +
           ( 0.0000221,-0.0000111)|   0, 0, 1;0,  0;1,  0> +
           ( 0.0000216,-0.0000107)|   0, 0, 1;1,  0;0,  0> +
           ( 0.0000090,-0.0000068)|   0, 1, 0;0,  0;1,  0> +
           ( 0.0000073,-0.0000078)|   0, 1, 0;1,  0;0,  0> +
           ( 0.0000091, 0.0000047)|   0, 1, 0;1,  0;1,  1> +
           (-0.0000091,-0.0000047)|   0, 1, 0;1,  1;1,  0> +
            ...
 |  556> = ( 0.6613720,-0.0002286)|   0, 1, 0;0,  0;1,  0> +
           ( 0.6613423,-0.0002289)|   0, 1, 0;1,  0;0,  0> +
           (-0.2350930,-0.0856666)|   0, 0, 1;0,  0;1,  0> +
           (-0.2350852,-0.0856785)|   0, 0, 1;1,  0;0,  0> +
            ...
 |  557> = ( 0.5908802,-0.2971022)|   0, 0, 1;0,  0;1,  0> +
           ( 0.5908605,-0.2970881)|   0, 0, 1;1,  0;0,  0> +
           ( 0.1714973,-0.1822034)|   0, 1, 0;0,  0;1,  0> +
           ( 0.1714719,-0.1822122)|   0, 1, 0;1,  0;0,  0> +
           ( 0.0000226, 0.0000113)|   0, 1, 0;1,  1;0,  0> +
           ( 0.0000225, 0.0000114)|   0, 1, 0;0,  0;1,  1> +
            ...
 |  558> = ( 0.1552844,-0.5931712)|   0, 0, 1;1,  0;0,  0> +
           (-0.1552764, 0.5931638)|   0, 0, 1;0,  0;1,  0> +
           (-0.3519651,-0.0130444)|   0, 1, 0;1,  0;0,  0> +
           ( 0.3519387, 0.0130446)|   0, 1, 0;0,  0;1,  0> +
           ( 0.0000048,-0.0000185)|   0, 0, 1;1,  0;1,  0> +
           ( 0.0000048,-0.0000185)|   0, 0, 1;0,  0;0,  0> +
           (-0.0000004, 0.0000139)|   0, 0, 1;1,  1;0,  0> +
           (-0.0000110,-0.0000004)|   0, 1, 0;1,  0;1,  0> +
           (-0.0000110,-0.0000004)|   0, 1, 0;0,  0;0,  0> +
            ...
 |  559> = (-0.5424772,-0.2858168)|   0, 1, 0;1,  0;0,  0> +
           ( 0.5424538, 0.2858155)|   0, 1, 0;0,  0;1,  0> +
           (-0.2279541, 0.2684926)|   0, 0, 1;1,  0;0,  0> +
           ( 0.2279288,-0.2684730)|   0, 0, 1;0,  0;1,  0> +
           (-0.0000169,-0.0000089)|   0, 1, 0;1,  0;1,  0> +
           (-0.0000169,-0.0000089)|   0, 1, 0;0,  0;0,  0> +
           (-0.0000071, 0.0000084)|   0, 0, 1;1,  0;1,  0> +
           (-0.0000071, 0.0000084)|   0, 0, 1;0,  0;0,  0> +
            ...
 |  560> = ( 0.7071172,-0.0049882)|   6, 0, 0;1,  1;0,  0> +
           (-0.7070254, 0.0049911)|   6, 0, 0;0,  0;1,  1> +
           ( 0.0050309,-0.0000352)|   6, 0, 0;0,  0;1, -1> +
           (-0.0050298, 0.0000352)|   6, 0, 0;1, -1;0,  0> +
           ( 0.0000110,-0.0000001)|   6, 0, 0;1,  1;1,  0> +
           ( 0.0000110,-0.0000001)|   6, 0, 0;1,  0;1,  1> +
            ...
 |  561> = (-0.7071318, 0.0000772)|   6, 0, 0;1, -1;0,  0> +
           ( 0.7070459,-0.0000773)|   6, 0, 0;0,  0;1, -1> +
           (-0.0050306, 0.0000008)|   6, 0, 0;1,  1;0,  0> +
           ( 0.0050303,-0.0000008)|   6, 0, 0;0,  0;1,  1> +
           (-0.0000110, 0.0000000)|   6, 0, 0;1, -1;1,  0> +
           (-0.0000110, 0.0000000)|   6, 0, 0;1,  0;1, -1> +
            ...
