p1669
p1669
p1669
p1669
p1669
p1669
p1669
p1669
p1669
p1669
p1669
p1669
p1669
p1669
p1669
p1669
p1669
p1669
p1669
p1669
p1669
p1669
p1669
p1669
# Parameters of the model
#  mass:		  261.0000 u
#  charge:	    1.0000 e
#  dipole:	   4.74500 D
#  B:		    503.65 MHz
#  omega_rho:	    1.4000 MHz
#  omega_z:	  0.198000 MHz

# omega_1:	  0.342946 MHz
# omega_3/5:	   1.38593 MHz

# Basis truncation:	|32,4,4;2,2>
# Basis size:		41472

# Active terms of the Hamiltionian:
# 	Nomal modes:	1
# 	T_rot:      	1
# 	V_qd^{(0)}: 	1
# 	V_qd^{(1)}: 	1
# 	V_dd^{(0)}: 	1

# Results of the diagonalisation
# 100 smallest eigenvalues
 4.541223922 5.541223922 6.541223922 7.541223922 8.541223922 8.582465417 8.582465417 9.541223921 9.582465417 9.582465418 10.541223922 10.582465417 10.582465417 11.541223921 11.582465417 11.582465417 12.541223921 12.582465417 12.582465417 12.623706913 12.623706913 12.623706913 13.541223921 13.582465417 13.582465417 13.623706913 13.623706913 13.623706913 14.541223921 14.582465417 14.582465417 14.623706913 14.623706913 14.623706913 15.541223921 15.582465417 15.582465417 15.623706913 15.623706913 15.623706913 16.541223921 16.582465417 16.582465417 16.623706913 16.623706913 16.623706913 16.664948409 16.664948409 16.664948409 16.664948409 17.541223921 17.582465417 17.582465417 17.623706913 17.623706913 17.623706913 17.664948409 17.664948409 17.664948409 17.664948409 18.541223921 18.582465417 18.582465417 18.623706913 18.623706913 18.623706913 18.664948409 18.664948409 18.664948409 18.664948409 19.541223921 19.582465417 19.582465417 19.623706913 19.623706913 19.623706913 19.664948408 19.664948409 19.664948409 19.664948409 20.541223920 20.582465416 20.582465417 20.623706913 20.623706913 20.623706913 20.664948408 20.664948408 20.664948409 20.664948409 20.706189904 20.706189904 20.706189905 21.541223921 21.582465417 21.582465417 21.623706913 21.623706913 21.623706913 21.664948408

# Ground state and the lowest excitations:
 |    0> = ( 1.0000000, 0.0000000)|   0, 0, 0;0,  0;0,  0> +
           ( 0.0000218,-0.0000000)|   0, 0, 0;0,  0;1,  0> +
           (-0.0000218,-0.0000000)|   0, 0, 0;1,  0;0,  0> +
            ...
 |    1> = (-1.0000000,-0.0000000)|   1, 0, 0;0,  0;0,  0> +
           ( 0.0000218, 0.0000000)|   1, 0, 0;1,  0;0,  0> +
           (-0.0000218, 0.0000000)|   1, 0, 0;0,  0;1,  0> +
            ...
 |    2> = ( 1.0000000, 0.0000000)|   2, 0, 0;0,  0;0,  0> +
           ( 0.0000218,-0.0000000)|   2, 0, 0;0,  0;1,  0> +
           (-0.0000218,-0.0000000)|   2, 0, 0;1,  0;0,  0> +
            ...
 |    3> = ( 1.0000000, 0.0000000)|   3, 0, 0;0,  0;0,  0> +
           (-0.0000218,-0.0000000)|   3, 0, 0;1,  0;0,  0> +
           ( 0.0000218,-0.0000000)|   3, 0, 0;0,  0;1,  0> +
            ...
 |    4> = ( 1.0000000, 0.0000000)|   4, 0, 0;0,  0;0,  0> +
           ( 0.0000218,-0.0000000)|   4, 0, 0;0,  0;1,  0> +
           (-0.0000218, 0.0000000)|   4, 0, 0;1,  0;0,  0> +
            ...
 |    5> = ( 0.0000002, 0.7890012)|   0, 0, 1;0,  0;0,  0> +
           ( 0.6143917, 0.0000002)|   0, 1, 0;0,  0;0,  0> +
           (-0.0000000,-0.0000172)|   0, 0, 1;1,  0;0,  0> +
           ( 0.0000000, 0.0000172)|   0, 0, 1;0,  0;1,  0> +
           (-0.0000134,-0.0000000)|   0, 1, 0;1,  0;0,  0> +
           ( 0.0000134, 0.0000000)|   0, 1, 0;0,  0;1,  0> +
            ...
 |    6> = ( 0.7890012,-0.0000020)|   0, 1, 0;0,  0;0,  0> +
           (-0.0000020,-0.6143917)|   0, 0, 1;0,  0;0,  0> +
           (-0.0000172, 0.0000000)|   0, 1, 0;1,  0;0,  0> +
           ( 0.0000172,-0.0000000)|   0, 1, 0;0,  0;1,  0> +
           ( 0.0000000, 0.0000134)|   0, 0, 1;1,  0;0,  0> +
           (-0.0000000,-0.0000134)|   0, 0, 1;0,  0;1,  0> +
            ...
 |    7> = (-1.0000000,-0.0000000)|   5, 0, 0;0,  0;0,  0> +
           (-0.0000218, 0.0000000)|   5, 0, 0;0,  0;1,  0> +
           ( 0.0000218,-0.0000000)|   5, 0, 0;1,  0;0,  0> +
            ...
 |    8> = (-0.0673353, 0.7066377)|   1, 0, 1;0,  0;0,  0> +
           (-0.7011383,-0.0673363)|   1, 1, 0;0,  0;0,  0> +
           (-0.0000015, 0.0000154)|   1, 0, 1;0,  0;1,  0> +
           ( 0.0000015,-0.0000154)|   1, 0, 1;1,  0;0,  0> +
           (-0.0000153,-0.0000015)|   1, 1, 0;0,  0;1,  0> +
           ( 0.0000153, 0.0000015)|   1, 1, 0;1,  0;0,  0> +
            ...
 |    9> = ( 0.7098386, 0.0002623)|   1, 1, 0;0,  0;0,  0> +
           ( 0.0002623, 0.7043643)|   1, 0, 1;0,  0;0,  0> +
           ( 0.0000155, 0.0000000)|   1, 1, 0;0,  0;1,  0> +
           (-0.0000155,-0.0000000)|   1, 1, 0;1,  0;0,  0> +
           ( 0.0000000, 0.0000154)|   1, 0, 1;0,  0;1,  0> +
           (-0.0000000,-0.0000154)|   1, 0, 1;1,  0;0,  0> +
            ...
 |   10> = ( 1.0000000, 0.0000000)|   6, 0, 0;0,  0;0,  0> +
           (-0.0000218,-0.0000000)|   6, 0, 0;1,  0;0,  0> +
           ( 0.0000218, 0.0000000)|   6, 0, 0;0,  0;1,  0> +
            ...
 |   11> = (-0.0277964,-0.7638130)|   2, 0, 1;0,  0;0,  0> +
           ( 0.6442394,-0.0277966)|   2, 1, 0;0,  0;0,  0> +
           ( 0.0000006, 0.0000167)|   2, 0, 1;1,  0;0,  0> +
           (-0.0000006,-0.0000167)|   2, 0, 1;0,  0;1,  0> +
           ( 0.0000141,-0.0000006)|   2, 1, 0;0,  0;1,  0> +
           (-0.0000141, 0.0000006)|   2, 1, 0;1,  0;0,  0> +
            ...
 |   12> = ( 0.7643150,-0.0023588)|   2, 1, 0;0,  0;0,  0> +
           (-0.0023588, 0.6448345)|   2, 0, 1;0,  0;0,  0> +
           ( 0.0000167,-0.0000001)|   2, 1, 0;0,  0;1,  0> +
           (-0.0000167, 0.0000001)|   2, 1, 0;1,  0;0,  0> +
           ( 0.0000001,-0.0000141)|   2, 0, 1;1,  0;0,  0> +
           (-0.0000001, 0.0000141)|   2, 0, 1;0,  0;1,  0> +
            ...
 |   13> = (-1.0000000, 0.0000000)|   7, 0, 0;0,  0;0,  0> +
           (-0.0000218, 0.0000000)|   7, 0, 0;0,  0;1,  0> +
           ( 0.0000218,-0.0000000)|   7, 0, 0;1,  0;0,  0> +
            ...
 |   14> = (-0.7157134, 0.0008185)|   3, 1, 0;0,  0;0,  0> +
           ( 0.0008185,-0.6983931)|   3, 0, 1;0,  0;0,  0> +
           (-0.0000156, 0.0000000)|   3, 1, 0;0,  0;1,  0> +
           ( 0.0000156,-0.0000000)|   3, 1, 0;1,  0;0,  0> +
           (-0.0000000, 0.0000152)|   3, 0, 1;1,  0;0,  0> +
           ( 0.0000000,-0.0000152)|   3, 0, 1;0,  0;1,  0> +
            ...
 |   15> = ( 0.0665155, 0.7126164)|   3, 0, 1;0,  0;0,  0> +
           (-0.6952188, 0.0665158)|   3, 1, 0;0,  0;0,  0> +
           ( 0.0000015, 0.0000155)|   3, 0, 1;0,  0;1,  0> +
           (-0.0000015,-0.0000155)|   3, 0, 1;1,  0;0,  0> +
           ( 0.0000152,-0.0000015)|   3, 1, 0;1,  0;0,  0> +
           (-0.0000152, 0.0000015)|   3, 1, 0;0,  0;1,  0> +
            ...
 |   16> = (-1.0000000, 0.0000000)|   8, 0, 0;0,  0;0,  0> +
           ( 0.0000218,-0.0000000)|   8, 0, 0;1,  0;0,  0> +
           (-0.0000218, 0.0000000)|   8, 0, 0;0,  0;1,  0> +
            ...
 |   17> = ( 0.7392671,-0.0131969)|   4, 1, 0;0,  0;0,  0> +
           (-0.0131969,-0.6731537)|   4, 0, 1;0,  0;0,  0> +
           (-0.0000161, 0.0000003)|   4, 1, 0;1,  0;0,  0> +
           ( 0.0000161,-0.0000003)|   4, 1, 0;0,  0;1,  0> +
           ( 0.0000003, 0.0000147)|   4, 0, 1;1,  0;0,  0> +
           (-0.0000003,-0.0000147)|   4, 0, 1;0,  0;1,  0> +
            ...
 |   18> = (-0.0006176,-0.7393846)|   4, 0, 1;0,  0;0,  0> +
           (-0.6732828,-0.0006176)|   4, 1, 0;0,  0;0,  0> +
           ( 0.0000000, 0.0000161)|   4, 0, 1;1,  0;0,  0> +
           (-0.0000000,-0.0000161)|   4, 0, 1;0,  0;1,  0> +
           ( 0.0000147, 0.0000000)|   4, 1, 0;1,  0;0,  0> +
           (-0.0000147,-0.0000000)|   4, 1, 0;0,  0;1,  0> +
            ...
 |   19> = (-0.0000368,-1.0000000)|   0, 1, 1;0,  0;0,  0> +
           ( 0.0000000, 0.0000218)|   0, 1, 1;1,  0;0,  0> +
           (-0.0000000,-0.0000218)|   0, 1, 1;0,  0;1,  0> +
            ...
 |   20> = ( 0.7071069, 0.0000000)|   0, 2, 0;0,  0;0,  0> +
           (-0.7071066,-0.0000000)|   0, 0, 2;0,  0;0,  0> +
           ( 0.0000154,-0.0000000)|   0, 2, 0;0,  0;1,  0> +
           (-0.0000154,-0.0000000)|   0, 2, 0;1,  0;0,  0> +
           (-0.0000154, 0.0000000)|   0, 0, 2;0,  0;1,  0> +
           ( 0.0000154,-0.0000000)|   0, 0, 2;1,  0;0,  0> +
            ...
 |   21> = ( 0.7071069,-0.0000000)|   0, 0, 2;0,  0;0,  0> +
           ( 0.7071066, 0.0000000)|   0, 2, 0;0,  0;0,  0> +
           ( 0.0000154,-0.0000000)|   0, 0, 2;0,  0;1,  0> +
           (-0.0000154, 0.0000000)|   0, 0, 2;1,  0;0,  0> +
           ( 0.0000154, 0.0000000)|   0, 2, 0;0,  0;1,  0> +
           (-0.0000154, 0.0000000)|   0, 2, 0;1,  0;0,  0> +
            ...
 |   22> = (-1.0000000,-0.0000000)|   9, 0, 0;0,  0;0,  0> +
           ( 0.0000218, 0.0000000)|   9, 0, 0;1,  0;0,  0> +
           (-0.0000218,-0.0000000)|   9, 0, 0;0,  0;1,  0> +
            ...
 |   23> = (-0.0000130, 0.7156316)|   5, 0, 1;0,  0;0,  0> +
           ( 0.6984779,-0.0000130)|   5, 1, 0;0,  0;0,  0> +
           (-0.0000000, 0.0000156)|   5, 0, 1;0,  0;1,  0> +
           ( 0.0000000,-0.0000156)|   5, 0, 1;1,  0;0,  0> +
           (-0.0000152, 0.0000000)|   5, 1, 0;1,  0;0,  0> +
           ( 0.0000152,-0.0000000)|   5, 1, 0;0,  0;1,  0> +
            ...
 |   24> = ( 0.7156308, 0.0010745)|   5, 1, 0;0,  0;0,  0> +
           ( 0.0010745,-0.6984771)|   5, 0, 1;0,  0;0,  0> +
           ( 0.0000156, 0.0000000)|   5, 1, 0;0,  0;1,  0> +
           (-0.0000156,-0.0000000)|   5, 1, 0;1,  0;0,  0> +
           (-0.0000000, 0.0000152)|   5, 0, 1;1,  0;0,  0> +
           ( 0.0000000,-0.0000152)|   5, 0, 1;0,  0;1,  0> +
            ...
 # The upper part of the spectrum
 # Eigenvalues first: 512	 last: 562
 18459.539365384 18459.539365384 18459.539366912 18459.539366912 18459.539372528 18459.539375585 18460.539365384 18460.539365384 18460.539366912 18460.539366912 18460.539372528 18460.539375585 18461.539365384 18461.539365384 18461.539366912 18461.539366912 18461.539372528 18461.539375585 18462.539365384 18462.539365384 18462.539366912 18462.539366912 18462.539372528 18462.539375585 18463.539365384 18463.539365384 18463.539366912 18463.539366912 18463.539372528 18463.539375585 18463.580606879 18463.580606880 18463.580606880 18463.580606880 18463.580608408 18463.580608408 18463.580608408 18463.580608408 18463.580614024 18463.580614024 18463.580617081 18463.580617081 18464.539365384 18464.539365384 18464.539366912 18464.539366912 18464.539372528 18464.539375585 18464.580606880 18464.580606880

# Excited states :
 |  511> = (-0.0011967,-0.9999993)|  31, 3, 3;0,  0;0,  0> +
           ( 0.0000000, 0.0000218)|  31, 3, 3;1,  0;0,  0> +
           (-0.0000000,-0.0000218)|  31, 3, 3;0,  0;1,  0> +
            ...
 |  512> = ( 0.6976718,-0.0000159)|   0, 0, 0;1, -1;0,  0> +
           (-0.6976302, 0.0000155)|   0, 0, 0;0,  0;1, -1> +
           ( 0.1131122, 0.0221071)|   0, 0, 0;1,  1;0,  0> +
           (-0.1131120,-0.0221074)|   0, 0, 0;0,  0;1,  1> +
           ( 0.0000152,-0.0000000)|   0, 0, 0;1, -1;1,  0> +
           ( 0.0000152,-0.0000000)|   0, 0, 0;1,  0;1, -1> +
            ...
 |  513> = ( 0.6845998, 0.1344066)|   0, 0, 0;1,  1;0,  0> +
           (-0.6845646,-0.1343991)|   0, 0, 0;0,  0;1,  1> +
           (-0.1152570,-0.0000966)|   0, 0, 0;1, -1;0,  0> +
           ( 0.1152474, 0.0000942)|   0, 0, 0;0,  0;1, -1> +
           ( 0.0000149, 0.0000029)|   0, 0, 0;1,  1;1,  0> +
           ( 0.0000149, 0.0000029)|   0, 0, 0;1,  0;1,  1> +
            ...
 |  514> = ( 0.7071232, 0.0000018)|   0, 0, 0;0,  0;1, -1> +
           ( 0.7070806, 0.0000018)|   0, 0, 0;1, -1;0,  0> +
           (-0.0000212,-0.0026309)|   0, 0, 0;1,  1;0,  0> +
           (-0.0000243,-0.0026292)|   0, 0, 0;0,  0;1,  1> +
           (-0.0000154,-0.0000000)|   0, 0, 0;1,  0;1, -1> +
           ( 0.0000154, 0.0000000)|   0, 0, 0;1, -1;1,  0> +
            ...
 |  515> = ( 0.1364288, 0.6938339)|   0, 0, 0;0,  0;1,  1> +
           ( 0.1364214, 0.6937990)|   0, 0, 0;1,  1;0,  0> +
           ( 0.0025862,-0.0004825)|   0, 0, 0;1, -1;0,  0> +
           ( 0.0025839,-0.0004877)|   0, 0, 0;0,  0;1, -1> +
           (-0.0000030,-0.0000151)|   0, 0, 0;1,  0;1,  1> +
           ( 0.0000030, 0.0000151)|   0, 0, 0;1,  1;1,  0> +
            ...
 |  516> = ( 0.7071067,-0.0002235)|   0, 0, 0;1,  0;0,  0> +
           ( 0.7071067,-0.0002235)|   0, 0, 0;0,  0;1,  0> +
            ...
 |  517> = (-0.7071068, 0.0000000)|   0, 0, 0;0,  0;1,  0> +
           ( 0.7071068, 0.0000000)|   0, 0, 0;1,  0;0,  0> +
           ( 0.0000309, 0.0000000)|   0, 0, 0;1,  0;1,  0> +
           ( 0.0000309, 0.0000000)|   0, 0, 0;0,  0;0,  0> +
            ...
 |  518> = (-0.6854453, 0.0018124)|   1, 0, 0;1,  1;0,  0> +
           ( 0.6853517,-0.0018004)|   1, 0, 0;0,  0;1,  1> +
           ( 0.1738604,-0.0004816)|   1, 0, 0;0,  0;1, -1> +
           (-0.1738485, 0.0004800)|   1, 0, 0;1, -1;0,  0> +
           (-0.0000150, 0.0000000)|   1, 0, 0;1,  1;1,  0> +
           (-0.0000150, 0.0000000)|   1, 0, 0;1,  0;1,  1> +
            ...
 |  519> = ( 0.6854211,-0.0000056)|   1, 0, 0;0,  0;1, -1> +
           (-0.6853807, 0.0000056)|   1, 0, 0;1, -1;0,  0> +
           ( 0.1738568, 0.0000212)|   1, 0, 0;1,  1;0,  0> +
           (-0.1738534,-0.0000212)|   1, 0, 0;0,  0;1,  1> +
           (-0.0000150, 0.0000000)|   1, 0, 0;1,  0;1, -1> +
           (-0.0000150, 0.0000000)|   1, 0, 0;1, -1;1,  0> +
            ...
 |  520> = (-0.6960048, 0.0840001)|   1, 0, 0;0,  0;1,  1> +
           (-0.6959131, 0.0840006)|   1, 0, 0;1,  1;0,  0> +
           ( 0.0919642,-0.0114015)|   1, 0, 0;1, -1;0,  0> +
           ( 0.0919389,-0.0114014)|   1, 0, 0;0,  0;1, -1> +
           ( 0.0000152,-0.0000018)|   1, 0, 0;1,  0;1,  1> +
           (-0.0000152, 0.0000018)|   1, 0, 0;1,  1;1,  0> +
            ...
 |  521> = (-0.7010295, 0.0000401)|   1, 0, 0;1, -1;0,  0> +
           (-0.7009904, 0.0000401)|   1, 0, 0;0,  0;1, -1> +
           (-0.0926604,-0.0002956)|   1, 0, 0;0,  0;1,  1> +
           (-0.0926501,-0.0002956)|   1, 0, 0;1,  1;0,  0> +
           (-0.0000153, 0.0000000)|   1, 0, 0;1, -1;1,  0> +
           ( 0.0000153,-0.0000000)|   1, 0, 0;1,  0;1, -1> +
            ...
 |  522> = ( 0.7071068, 0.0000000)|   1, 0, 0;1,  0;0,  0> +
           ( 0.7071067, 0.0000000)|   1, 0, 0;0,  0;1,  0> +
            ...
 |  523> = ( 0.7071068,-0.0000000)|   1, 0, 0;0,  0;1,  0> +
           (-0.7071067,-0.0000000)|   1, 0, 0;1,  0;0,  0> +
           (-0.0000309,-0.0000000)|   1, 0, 0;1,  0;1,  0> +
           (-0.0000309,-0.0000000)|   1, 0, 0;0,  0;0,  0> +
            ...
 |  524> = ( 0.7071197, 0.0000000)|   2, 0, 0;1, -1;0,  0> +
           (-0.7070938,-0.0000000)|   2, 0, 0;0,  0;1, -1> +
           (-0.0001042, 0.0000000)|   2, 0, 0;1,  1;0,  0> +
           ( 0.0001031, 0.0000000)|   2, 0, 0;0,  0;1,  1> +
           ( 0.0000154, 0.0000000)|   2, 0, 0;1, -1;1,  0> +
           ( 0.0000154, 0.0000000)|   2, 0, 0;1,  0;1, -1> +
            ...
 |  525> = (-0.7068190, 0.0222067)|   2, 0, 0;0,  0;1,  1> +
           ( 0.7066971,-0.0222038)|   2, 0, 0;1,  1;0,  0> +
           (-0.0001036, 0.0000033)|   2, 0, 0;0,  0;1, -1> +
           ( 0.0001036,-0.0000033)|   2, 0, 0;1, -1;0,  0> +
           ( 0.0000154,-0.0000005)|   2, 0, 0;1,  0;1,  1> +
           ( 0.0000154,-0.0000005)|   2, 0, 0;1,  1;1,  0> +
            ...
 |  526> = ( 0.7071197, 0.0000000)|   2, 0, 0;0,  0;1, -1> +
           ( 0.7070938, 0.0000000)|   2, 0, 0;1, -1;0,  0> +
           (-0.0000910,-0.0000000)|   2, 0, 0;0,  0;1,  1> +
           (-0.0000910,-0.0000000)|   2, 0, 0;1,  1;0,  0> +
           (-0.0000154,-0.0000000)|   2, 0, 0;1,  0;1, -1> +
           ( 0.0000154, 0.0000000)|   2, 0, 0;1, -1;1,  0> +
            ...
 |  527> = ( 0.7069562,-0.0172961)|   2, 0, 0;1,  1;0,  0> +
           ( 0.7068343,-0.0172922)|   2, 0, 0;0,  0;1,  1> +
           ( 0.0000916,-0.0000022)|   2, 0, 0;1, -1;0,  0> +
           ( 0.0000904,-0.0000022)|   2, 0, 0;0,  0;1, -1> +
           ( 0.0000154,-0.0000004)|   2, 0, 0;1,  1;1,  0> +
           (-0.0000154, 0.0000004)|   2, 0, 0;1,  0;1,  1> +
            ...
 |  528> = (-0.7071072, 0.0000002)|   2, 0, 0;0,  0;1,  0> +
           (-0.7071063, 0.0000002)|   2, 0, 0;1,  0;0,  0> +
            ...
 |  529> = ( 0.7071072,-0.0000000)|   2, 0, 0;1,  0;0,  0> +
           (-0.7071063,-0.0000000)|   2, 0, 0;0,  0;1,  0> +
           ( 0.0000309,-0.0000000)|   2, 0, 0;1,  0;1,  0> +
           ( 0.0000309,-0.0000000)|   2, 0, 0;0,  0;0,  0> +
            ...
 |  530> = ( 0.7071153,-0.0000000)|   3, 0, 0;0,  0;1, -1> +
           (-0.7070962, 0.0000000)|   3, 0, 0;1, -1;0,  0> +
           (-0.0012101,-0.0000000)|   3, 0, 0;1,  1;0,  0> +
           ( 0.0012088, 0.0000000)|   3, 0, 0;0,  0;1,  1> +
           (-0.0000154, 0.0000000)|   3, 0, 0;1,  0;1, -1> +
           (-0.0000154, 0.0000000)|   3, 0, 0;1, -1;1,  0> +
            ...
 |  531> = ( 0.7063447,-0.0330397)|   3, 0, 0;0,  0;1,  1> +
           (-0.7063222, 0.0330400)|   3, 0, 0;1,  1;0,  0> +
           (-0.0012082, 0.0000565)|   3, 0, 0;0,  0;1, -1> +
           ( 0.0012081,-0.0000565)|   3, 0, 0;1, -1;0,  0> +
           (-0.0000154, 0.0000007)|   3, 0, 0;1,  0;1,  1> +
           (-0.0000154, 0.0000007)|   3, 0, 0;1,  1;1,  0> +
            ...
 |  532> = ( 0.7071154, 0.0000001)|   3, 0, 0;1, -1;0,  0> +
           ( 0.7070962, 0.0000001)|   3, 0, 0;0,  0;1, -1> +
           ( 0.0011758,-0.0000005)|   3, 0, 0;1,  1;0,  0> +
           ( 0.0011757,-0.0000005)|   3, 0, 0;0,  0;1,  1> +
           ( 0.0000154, 0.0000000)|   3, 0, 0;1, -1;1,  0> +
           (-0.0000154,-0.0000000)|   3, 0, 0;1,  0;1, -1> +
            ...
 |  533> = (-0.7068465,-0.0195598)|   3, 0, 0;1,  1;0,  0> +
           (-0.7068240,-0.0195605)|   3, 0, 0;0,  0;1,  1> +
           ( 0.0011760, 0.0000330)|   3, 0, 0;1, -1;0,  0> +
           ( 0.0011746, 0.0000330)|   3, 0, 0;0,  0;1, -1> +
           (-0.0000154,-0.0000004)|   3, 0, 0;1,  1;1,  0> +
           ( 0.0000154, 0.0000004)|   3, 0, 0;1,  0;1,  1> +
            ...
 |  534> = ( 0.7071071, 0.0007114)|   3, 0, 0;0,  0;1,  0> +
           ( 0.7071058, 0.0007114)|   3, 0, 0;1,  0;0,  0> +
            ...
 |  535> = ( 0.7071074, 0.0000000)|   3, 0, 0;1,  0;0,  0> +
           (-0.7071061, 0.0000000)|   3, 0, 0;0,  0;1,  0> +
           ( 0.0000309,-0.0000000)|   3, 0, 0;1,  0;1,  0> +
           ( 0.0000309, 0.0000000)|   3, 0, 0;0,  0;0,  0> +
            ...
 |  536> = ( 0.7067946,-0.0153414)|   4, 0, 0;1,  1;0,  0> +
           (-0.7067843, 0.0153411)|   4, 0, 0;0,  0;1,  1> +
           (-0.0146023, 0.0003169)|   4, 0, 0;1, -1;0,  0> +
           ( 0.0146018,-0.0003169)|   4, 0, 0;0,  0;1, -1> +
           ( 0.0000154,-0.0000003)|   4, 0, 0;1,  1;1,  0> +
           ( 0.0000154,-0.0000003)|   4, 0, 0;1,  0;1,  1> +
            ...
 |  537> = (-0.7070489, 0.0000000)|   4, 0, 0;1, -1;0,  0> +
           ( 0.7068629,-0.0000000)|   4, 0, 0;0,  0;1, -1> +
           (-0.0146072, 0.0000000)|   4, 0, 0;1,  1;0,  0> +
           ( 0.0146038,-0.0000000)|   4, 0, 0;0,  0;1,  1> +
           (-0.0000154, 0.0000000)|   4, 0, 0;1, -1;1,  0> +
           (-0.0000154, 0.0000000)|   4, 0, 0;1,  0;1, -1> +
            ...
 |  538> = ( 0.7070837,-0.0000003)|   4, 0, 0;0,  0;1, -1> +
           ( 0.7068977,-0.0000003)|   4, 0, 0;1, -1;0,  0> +
           ( 0.0128137, 0.0000135)|   4, 0, 0;0,  0;1,  1> +
           ( 0.0128101, 0.0000135)|   4, 0, 0;1,  1;0,  0> +
           (-0.0000154, 0.0000000)|   4, 0, 0;1,  0;1, -1> +
           ( 0.0000154,-0.0000000)|   4, 0, 0;1, -1;1,  0> +
            ...
 |  539> = (-0.7068307, 0.0152814)|   4, 0, 0;0,  0;1,  1> +
           (-0.7068203, 0.0152812)|   4, 0, 0;1,  1;0,  0> +
           ( 0.0128087,-0.0002904)|   4, 0, 0;0,  0;1, -1> +
           ( 0.0128086,-0.0002904)|   4, 0, 0;1, -1;0,  0> +
           ( 0.0000154,-0.0000003)|   4, 0, 0;1,  0;1,  1> +
           (-0.0000154, 0.0000003)|   4, 0, 0;1,  1;1,  0> +
            ...
 |  540> = (-0.7071069,-0.0007107)|   4, 0, 0;1,  0;0,  0> +
           (-0.7071060,-0.0007107)|   4, 0, 0;0,  0;1,  0> +
            ...
 |  541> = (-0.7071072, 0.0000000)|   4, 0, 0;0,  0;1,  0> +
           ( 0.7071063,-0.0000000)|   4, 0, 0;1,  0;0,  0> +
           ( 0.0000309,-0.0000000)|   4, 0, 0;1,  0;1,  0> +
           ( 0.0000309,-0.0000000)|   4, 0, 0;0,  0;0,  0> +
            ...
 |  542> = ( 0.4935143,-0.0739117)|   0, 0, 1;1,  1;0,  0> +
           (-0.4934917, 0.0739299)|   0, 0, 1;0,  0;1,  1> +
           ( 0.2378156, 0.3943462)|   0, 1, 0;0,  0;1, -1> +
           (-0.2377963,-0.3943461)|   0, 1, 0;1, -1;0,  0> +
           (-0.1386771, 0.1337171)|   0, 1, 0;1,  1;0,  0> +
           ( 0.1386157,-0.1336897)|   0, 1, 0;0,  0;1,  1> +
           ( 0.0345500,-0.0252354)|   0, 0, 1;1, -1;0,  0> +
           (-0.0345430, 0.0252439)|   0, 0, 1;0,  0;1, -1> +
           ( 0.0000108,-0.0000016)|   0, 0, 1;1,  1;1,  0> +
           ( 0.0000108,-0.0000016)|   0, 0, 1;1,  0;1,  1> +
           (-0.0000052,-0.0000086)|   0, 1, 0;1,  0;1, -1> +
           (-0.0000052,-0.0000086)|   0, 1, 0;1, -1;1,  0> +
            ...
 |  543> = ( 0.0013946,-0.5935334)|   0, 0, 1;1, -1;0,  0> +
           (-0.0013959, 0.5935141)|   0, 0, 1;0,  0;1, -1> +
           ( 0.3022477, 0.0029470)|   0, 1, 0;1,  1;0,  0> +
           (-0.3022418,-0.0029466)|   0, 1, 0;0,  0;1,  1> +
           ( 0.0168433, 0.2063520)|   0, 0, 1;1,  1;0,  0> +
           (-0.0168427,-0.2063453)|   0, 0, 1;0,  0;1,  1> +
           ( 0.1152076, 0.0152917)|   0, 1, 0;0,  0;1, -1> +
           (-0.1151811,-0.0152912)|   0, 1, 0;1, -1;0,  0> +
           ( 0.0000000,-0.0000130)|   0, 0, 1;1, -1;1,  0> +
           ( 0.0000000,-0.0000130)|   0, 0, 1;1,  0;1, -1> +
            ...
 |  544> = ( 0.4951942, 0.0269434)|   0, 1, 0;0,  0;1,  1> +
           (-0.4951767,-0.0269490)|   0, 1, 0;1,  1;0,  0> +
           (-0.3657397, 0.1450258)|   0, 1, 0;1, -1;0,  0> +
           ( 0.3657387,-0.1450244)|   0, 1, 0;0,  0;1, -1> +
           (-0.1587136, 0.2520036)|   0, 0, 1;1,  1;0,  0> +
           ( 0.1587141,-0.2519915)|   0, 0, 1;0,  0;1,  1> +
           ( 0.0132571, 0.1019893)|   0, 0, 1;0,  0;1, -1> +
           (-0.0132578,-0.1019639)|   0, 0, 1;1, -1;0,  0> +
           (-0.0000012,-0.0000110)|   0, 0, 1;1,  0;0,  0> +
           (-0.0000108,-0.0000006)|   0, 1, 0;1,  0;1,  1> +
           (-0.0000108,-0.0000006)|   0, 1, 0;1,  1;1,  0> +
            ...
 |  545> = (-0.0001631,-0.3678615)|   0, 0, 1;0,  0;1, -1> +
           ( 0.0001631, 0.3678614)|   0, 0, 1;1, -1;0,  0> +
           (-0.3544082,-0.0003291)|   0, 1, 0;0,  0;1,  1> +
           ( 0.3544081, 0.0003292)|   0, 1, 0;1,  1;0,  0> +
           ( 0.3458833, 0.0017835)|   0, 1, 0;0,  0;1, -1> +
           (-0.3458832,-0.0017835)|   0, 1, 0;1, -1;0,  0> +
           (-0.0019496,-0.3455871)|   0, 0, 1;0,  0;1,  1> +
           ( 0.0019496, 0.3455870)|   0, 0, 1;1,  1;0,  0> +
            ...
 |  546> = (-0.5688895,-0.1850221)|   0, 0, 1;1,  1;0,  0> +
           (-0.5688862,-0.1850203)|   0, 0, 1;0,  0;1,  1> +
           ( 0.1612926,-0.2464025)|   0, 1, 0;0,  0;1, -1> +
           ( 0.1612845,-0.2463933)|   0, 1, 0;1, -1;0,  0> +
           (-0.2291192, 0.0085977)|   0, 1, 0;1,  1;0,  0> +
           (-0.2291133, 0.0085913)|   0, 1, 0;0,  0;1,  1> +
           ( 0.0531947,-0.0031837)|   0, 0, 1;1, -1;0,  0> +
           ( 0.0531942,-0.0031833)|   0, 0, 1;0,  0;1, -1> +
           (-0.0000124,-0.0000040)|   0, 0, 1;1,  1;1,  0> +
           ( 0.0000124, 0.0000040)|   0, 0, 1;1,  0;1,  1> +
            ...
 |  547> = ( 0.5892553,-0.0107488)|   0, 1, 0;1, -1;0,  0> +
           ( 0.5892420,-0.0107489)|   0, 1, 0;0,  0;1, -1> +
           (-0.0045648, 0.2610671)|   0, 0, 1;0,  0;1,  1> +
           (-0.0045655, 0.2610558)|   0, 0, 1;1,  1;0,  0> +
           ( 0.2303571, 0.0066736)|   0, 1, 0;1,  1;0,  0> +
           ( 0.2303543, 0.0066740)|   0, 1, 0;0,  0;1,  1> +
           ( 0.0243790, 0.1754923)|   0, 0, 1;1, -1;0,  0> +
           ( 0.0243788, 0.1754717)|   0, 0, 1;0,  0;1, -1> +
           ( 0.0000129,-0.0000002)|   0, 1, 0;1, -1;1,  0> +
           (-0.0000129, 0.0000002)|   0, 1, 0;1,  0;1, -1> +
            ...
 |  548> = ( 0.0470893, 0.6808553)|   0, 0, 1;0,  0;1, -1> +
           ( 0.0470898, 0.6808369)|   0, 0, 1;1, -1;0,  0> +
           (-0.1723472,-0.0206207)|   0, 1, 0;0,  0;1, -1> +
           (-0.1723407,-0.0206201)|   0, 1, 0;1, -1;0,  0> +
           (-0.0574960, 0.0130707)|   0, 1, 0;0,  0;1,  1> +
           (-0.0574661, 0.0130701)|   0, 1, 0;1,  1;0,  0> +
           (-0.0082965,-0.0236612)|   0, 0, 1;1,  1;0,  0> +
           (-0.0082947,-0.0236569)|   0, 0, 1;0,  0;1,  1> +
           (-0.0000010,-0.0000149)|   0, 0, 1;1,  0;1, -1> +
           ( 0.0000010, 0.0000149)|   0, 0, 1;1, -1;1,  0> +
           ( 0.0000021, 0.0000120)|   0, 0, 1;0,  0;1,  0> +
            ...
 |  549> = ( 0.6057551,-0.1546454)|   0, 1, 0;0,  0;1,  1> +
           ( 0.6057500,-0.1546282)|   0, 1, 0;1,  1;0,  0> +
           (-0.2439950,-0.1175216)|   0, 0, 1;0,  0;1,  1> +
           (-0.2439371,-0.1175262)|   0, 0, 1;1,  1;0,  0> +
           (-0.1852583,-0.0387347)|   0, 1, 0;1, -1;0,  0> +
           (-0.1852458,-0.0386900)|   0, 1, 0;0,  0;1, -1> +
           (-0.0014954,-0.0009076)|   0, 0, 1;0,  0;1, -1> +
           (-0.0014913,-0.0009104)|   0, 0, 1;1, -1;0,  0> +
           (-0.0000132, 0.0000034)|   0, 1, 0;1,  0;1,  1> +
           ( 0.0000132,-0.0000034)|   0, 1, 0;1,  1;1,  0> +
            ...
 |  550> = (-0.7012343,-0.0441347)|   0, 1, 0;0,  0;1,  0> +
           (-0.7012049,-0.0441407)|   0, 1, 0;1,  0;0,  0> +
           (-0.0213452,-0.0767322)|   0, 0, 1;0,  0;1,  0> +
           (-0.0213460,-0.0767259)|   0, 0, 1;1,  0;0,  0> +
            ...
 |  551> = (-0.2150315,-0.6688943)|   0, 0, 1;0,  0;1,  0> +
           (-0.2150225,-0.6688956)|   0, 0, 1;1,  0;0,  0> +
           ( 0.0796224, 0.0018443)|   0, 1, 0;1,  0;0,  0> +
           ( 0.0796205, 0.0018448)|   0, 1, 0;0,  0;1,  0> +
           ( 0.0000013, 0.0000118)|   0, 0, 1;1, -1;0,  0> +
           ( 0.0000009, 0.0000104)|   0, 0, 1;0,  0;1, -1> +
            ...
 |  552> = (-0.2206955, 0.6709542)|   0, 0, 1;1,  0;0,  0> +
           ( 0.2206867,-0.6709551)|   0, 0, 1;0,  0;1,  0> +
           ( 0.0331251, 0.0042657)|   0, 1, 0;0,  0;1,  0> +
           (-0.0331198,-0.0042655)|   0, 1, 0;1,  0;0,  0> +
           (-0.0000096, 0.0000293)|   0, 0, 1;1,  0;1,  0> +
           (-0.0000096, 0.0000293)|   0, 0, 1;0,  0;0,  0> +
            ...
 |  553> = (-0.7039435, 0.0580404)|   0, 1, 0;1,  0;0,  0> +
           ( 0.7039141,-0.0580458)|   0, 1, 0;0,  0;1,  0> +
           ( 0.0035806,-0.0332061)|   0, 0, 1;1,  0;0,  0> +
           (-0.0035809, 0.0332009)|   0, 0, 1;0,  0;1,  0> +
           (-0.0000307, 0.0000025)|   0, 1, 0;1,  0;1,  0> +
           (-0.0000307, 0.0000025)|   0, 1, 0;0,  0;0,  0> +
            ...
 |  554> = (-0.7071768,-0.0064392)|   5, 0, 0;1,  1;0,  0> +
           ( 0.7069774, 0.0064433)|   5, 0, 0;0,  0;1,  1> +
           (-0.0006971,-0.0000326)|   5, 0, 0;1, -1;0,  0> +
           ( 0.0006969, 0.0000326)|   5, 0, 0;0,  0;1, -1> +
           (-0.0000154,-0.0000001)|   5, 0, 0;1,  1;1,  0> +
           (-0.0000154,-0.0000001)|   5, 0, 0;1,  0;1,  1> +
            ...
 |  555> = ( 0.7071653, 0.0000037)|   5, 0, 0;1, -1;0,  0> +
           (-0.7070475,-0.0000041)|   5, 0, 0;0,  0;1, -1> +
           ( 0.0006976,-0.0000263)|   5, 0, 0;0,  0;1,  1> +
           (-0.0006970, 0.0000263)|   5, 0, 0;1,  1;0,  0> +
           ( 0.0000154, 0.0000000)|   5, 0, 0;1, -1;1,  0> +
           ( 0.0000154, 0.0000000)|   5, 0, 0;1,  0;1, -1> +
            ...
 |  556> = (-0.7071650, 0.0000274)|   5, 0, 0;0,  0;1, -1> +
           (-0.7070472, 0.0000278)|   5, 0, 0;1, -1;0,  0> +
           ( 0.0009882, 0.0000099)|   5, 0, 0;0,  0;1,  1> +
           ( 0.0009880, 0.0000099)|   5, 0, 0;1,  1;0,  0> +
           ( 0.0000154,-0.0000000)|   5, 0, 0;1,  0;1, -1> +
           (-0.0000154, 0.0000000)|   5, 0, 0;1, -1;1,  0> +
            ...
 |  557> = ( 0.7069633,-0.0185177)|   5, 0, 0;0,  0;1,  1> +
           ( 0.7067638,-0.0185184)|   5, 0, 0;1,  1;0,  0> +
           ( 0.0009880,-0.0000358)|   5, 0, 0;0,  0;1, -1> +
           ( 0.0009870,-0.0000358)|   5, 0, 0;1, -1;0,  0> +
           (-0.0000154, 0.0000004)|   5, 0, 0;1,  0;1,  1> +
           ( 0.0000154,-0.0000004)|   5, 0, 0;1,  1;1,  0> +
            ...
 |  558> = (-0.7071068, 0.0009163)|   5, 0, 0;1,  0;0,  0> +
           (-0.7071056, 0.0009163)|   5, 0, 0;0,  0;1,  0> +
            ...
 |  559> = (-0.7071074,-0.0000000)|   5, 0, 0;0,  0;1,  0> +
           ( 0.7071062, 0.0000000)|   5, 0, 0;1,  0;0,  0> +
           ( 0.0000309, 0.0000000)|   5, 0, 0;1,  0;1,  0> +
           ( 0.0000309, 0.0000000)|   5, 0, 0;0,  0;0,  0> +
            ...
 |  560> = ( 0.0579918,-0.5440924)|   1, 0, 1;0,  0;1, -1> +
           (-0.0579905, 0.5440748)|   1, 0, 1;1, -1;0,  0> +
           (-0.3220259,-0.0343390)|   1, 1, 0;0,  0;1, -1> +
           ( 0.3220157, 0.0343389)|   1, 1, 0;1, -1;0,  0> +
           ( 0.2985506, 0.0274186)|   1, 1, 0;0,  0;1,  1> +
           (-0.2985342,-0.0274177)|   1, 1, 0;1,  1;0,  0> +
           (-0.0037661, 0.0764236)|   1, 0, 1;1,  1;0,  0> +
           ( 0.0037657,-0.0764160)|   1, 0, 1;0,  0;1,  1> +
           (-0.0000013, 0.0000119)|   1, 0, 1;1,  0;1, -1> +
           (-0.0000013, 0.0000119)|   1, 0, 1;1, -1;1,  0> +
            ...
 |  561> = ( 0.0217120, 0.5317339)|   1, 0, 1;1,  1;0,  0> +
           (-0.0217140,-0.5317126)|   1, 0, 1;0,  0;1,  1> +
           (-0.3913627, 0.0164823)|   1, 1, 0;1,  1;0,  0> +
           ( 0.3913469,-0.0164801)|   1, 1, 0;0,  0;1,  1> +
           ( 0.0048940, 0.2338192)|   1, 0, 1;0,  0;1, -1> +
           (-0.0048956,-0.2338062)|   1, 0, 1;1, -1;0,  0> +
           ( 0.0931609, 0.0003380)|   1, 1, 0;0,  0;1, -1> +
           (-0.0931323,-0.0003361)|   1, 1, 0;1, -1;0,  0> +
           ( 0.0000005, 0.0000116)|   1, 0, 1;1,  1;1,  0> +
           ( 0.0000005, 0.0000116)|   1, 0, 1;1,  0;1,  1> +
            ...
