p0601
p0601
p0601
p0601
p0601
p0601
p0601
p0601
p0601
p0601
p0601
p0601
p0601
p0601
p0601
p0601
p0601
p0601
p0601
p0601
p0601
p0601
p0601
p0601
# Parameters of the model
#  mass:		  261.0000 u
#  charge:	    1.0000 e
#  dipole:	   4.74500 D
#  B:		    503.65 MHz
#  omega_rho:	    1.4000 MHz
#  omega_z:	  0.160000 MHz

# omega_1:	  0.277128 MHz
# omega_3/5:	   1.39083 MHz

# Basis truncation:	|32,4,4;2,2>
# Basis size:		41472

# Active terms of the Hamiltionian:
# 	Nomal modes:	1
# 	T_rot:      	1
# 	V_qd^{(0)}: 	1
# 	V_qd^{(1)}: 	1
# 	V_dd^{(0)}: 	1

# Results of the diagonalisation
# 100 smallest eigenvalues
 5.518702654 6.518702654 7.518702654 8.518702654 9.518702654 10.518702654 10.537417629 10.537417629 11.518702654 11.537417629 11.537417629 12.518702654 12.537417629 12.537417630 13.518702654 13.537417629 13.537417629 14.518702654 14.537417629 14.537417629 15.518702654 15.537417629 15.537417630 15.556132604 15.556132604 15.556132605 16.518702654 16.537417629 16.537417630 16.556132604 16.556132604 16.556132604 17.518702654 17.537417629 17.537417630 17.556132604 17.556132604 17.556132605 18.518702654 18.537417629 18.537417629 18.556132604 18.556132604 18.556132605 19.518702654 19.537417629 19.537417629 19.556132604 19.556132604 19.556132604 20.518702654 20.537417629 20.537417629 20.556132604 20.556132604 20.556132605 20.574847579 20.574847579 20.574847579 20.574847580 21.518702654 21.537417629 21.537417629 21.556132603 21.556132604 21.556132604 21.574847579 21.574847580 21.574847580 21.574847580 22.518702654 22.537417629 22.537417629 22.556132604 22.556132604 22.556132605 22.574847579 22.574847579 22.574847579 22.574847579 23.518702654 23.537417628 23.537417629 23.556132604 23.556132604 23.556132604 23.574847579 23.574847579 23.574847579 23.574847579 24.518702654 24.537417629 24.537417629 24.556132604 24.556132604 24.556132604 24.574847579 24.574847579 24.574847579 24.574847580

# Ground state and the lowest excitations:
 |    0> = ( 1.0000000, 0.0000000)|   0, 0, 0;0,  0;0,  0> +
           ( 0.0000164, 0.0000000)|   0, 0, 0;0,  0;1,  0> +
           (-0.0000164, 0.0000000)|   0, 0, 0;1,  0;0,  0> +
            ...
 |    1> = ( 1.0000000,-0.0000000)|   1, 0, 0;0,  0;0,  0> +
           ( 0.0000164, 0.0000000)|   1, 0, 0;0,  0;1,  0> +
           (-0.0000164, 0.0000000)|   1, 0, 0;1,  0;0,  0> +
            ...
 |    2> = ( 1.0000000, 0.0000000)|   2, 0, 0;0,  0;0,  0> +
           (-0.0000164, 0.0000000)|   2, 0, 0;1,  0;0,  0> +
           ( 0.0000164, 0.0000000)|   2, 0, 0;0,  0;1,  0> +
            ...
 |    3> = ( 1.0000000, 0.0000000)|   3, 0, 0;0,  0;0,  0> +
           ( 0.0000164, 0.0000000)|   3, 0, 0;0,  0;1,  0> +
           (-0.0000164, 0.0000000)|   3, 0, 0;1,  0;0,  0> +
            ...
 |    4> = (-1.0000000,-0.0000000)|   4, 0, 0;0,  0;0,  0> +
           (-0.0000164, 0.0000000)|   4, 0, 0;0,  0;1,  0> +
           ( 0.0000164, 0.0000000)|   4, 0, 0;1,  0;0,  0> +
            ...
 |    5> = (-1.0000000, 0.0000000)|   5, 0, 0;0,  0;0,  0> +
           (-0.0000164, 0.0000000)|   5, 0, 0;0,  0;1,  0> +
           ( 0.0000164,-0.0000000)|   5, 0, 0;1,  0;0,  0> +
            ...
 |    6> = (-0.0000011, 0.7273985)|   0, 0, 1;0,  0;0,  0> +
           ( 0.6862153,-0.0000011)|   0, 1, 0;0,  0;0,  0> +
           (-0.0000000, 0.0000119)|   0, 0, 1;0,  0;1,  0> +
           ( 0.0000000,-0.0000119)|   0, 0, 1;1,  0;0,  0> +
           ( 0.0000113,-0.0000000)|   0, 1, 0;0,  0;1,  0> +
           (-0.0000113, 0.0000000)|   0, 1, 0;1,  0;0,  0> +
            ...
 |    7> = (-0.7273985,-0.0000382)|   0, 1, 0;0,  0;0,  0> +
           (-0.0000381, 0.6862153)|   0, 0, 1;0,  0;0,  0> +
           (-0.0000119,-0.0000000)|   0, 1, 0;0,  0;1,  0> +
           ( 0.0000119, 0.0000000)|   0, 1, 0;1,  0;0,  0> +
           (-0.0000000, 0.0000113)|   0, 0, 1;0,  0;1,  0> +
           ( 0.0000000,-0.0000113)|   0, 0, 1;1,  0;0,  0> +
            ...
 |    8> = ( 1.0000000,-0.0000000)|   6, 0, 0;0,  0;0,  0> +
           ( 0.0000164,-0.0000000)|   6, 0, 0;0,  0;1,  0> +
           (-0.0000164, 0.0000000)|   6, 0, 0;1,  0;0,  0> +
            ...
 |    9> = ( 0.7311526, 0.0001709)|   1, 1, 0;0,  0;0,  0> +
           ( 0.0001708, 0.6822140)|   1, 0, 1;0,  0;0,  0> +
           ( 0.0000120, 0.0000000)|   1, 1, 0;0,  0;1,  0> +
           (-0.0000120,-0.0000000)|   1, 1, 0;1,  0;0,  0> +
           (-0.0000000,-0.0000112)|   1, 0, 1;1,  0;0,  0> +
           ( 0.0000000, 0.0000112)|   1, 0, 1;0,  0;1,  0> +
            ...
 |   10> = (-0.0048991, 0.7311362)|   1, 0, 1;0,  0;0,  0> +
           (-0.6821964,-0.0049015)|   1, 1, 0;0,  0;0,  0> +
           (-0.0000001, 0.0000120)|   1, 0, 1;0,  0;1,  0> +
           ( 0.0000001,-0.0000120)|   1, 0, 1;1,  0;0,  0> +
           (-0.0000112,-0.0000001)|   1, 1, 0;0,  0;1,  0> +
           ( 0.0000112, 0.0000001)|   1, 1, 0;1,  0;0,  0> +
            ...
 |   11> = (-1.0000000,-0.0000000)|   7, 0, 0;0,  0;0,  0> +
           (-0.0000164,-0.0000000)|   7, 0, 0;0,  0;1,  0> +
           ( 0.0000164, 0.0000000)|   7, 0, 0;1,  0;0,  0> +
            ...
 |   12> = ( 0.0000531,-0.7075997)|   2, 0, 1;0,  0;0,  0> +
           (-0.7066135, 0.0000531)|   2, 1, 0;0,  0;0,  0> +
           ( 0.0000000,-0.0000116)|   2, 0, 1;0,  0;1,  0> +
           (-0.0000000, 0.0000116)|   2, 0, 1;1,  0;0,  0> +
           ( 0.0000116,-0.0000000)|   2, 1, 0;1,  0;0,  0> +
           (-0.0000116, 0.0000000)|   2, 1, 0;0,  0;1,  0> +
            ...
 |   13> = ( 0.7011821, 0.0950844)|   2, 1, 0;0,  0;0,  0> +
           ( 0.0950571,-0.7001906)|   2, 0, 1;0,  0;0,  0> +
           (-0.0000115,-0.0000016)|   2, 1, 0;1,  0;0,  0> +
           ( 0.0000115, 0.0000016)|   2, 1, 0;0,  0;1,  0> +
           ( 0.0000016,-0.0000115)|   2, 0, 1;0,  0;1,  0> +
           (-0.0000016, 0.0000115)|   2, 0, 1;1,  0;0,  0> +
            ...
 |   14> = (-1.0000000,-0.0000000)|   8, 0, 0;0,  0;0,  0> +
           ( 0.0000164, 0.0000000)|   8, 0, 0;1,  0;0,  0> +
           (-0.0000164,-0.0000000)|   8, 0, 0;0,  0;1,  0> +
            ...
 |   15> = ( 0.7321924, 0.0013753)|   3, 1, 0;0,  0;0,  0> +
           ( 0.0013750,-0.6810950)|   3, 0, 1;0,  0;0,  0> +
           ( 0.0000120, 0.0000000)|   3, 1, 0;0,  0;1,  0> +
           (-0.0000120,-0.0000000)|   3, 1, 0;1,  0;0,  0> +
           (-0.0000000, 0.0000112)|   3, 0, 1;1,  0;0,  0> +
           ( 0.0000000,-0.0000112)|   3, 0, 1;0,  0;1,  0> +
            ...
 |   16> = ( 0.0000496,-0.7321937)|   3, 0, 1;0,  0;0,  0> +
           (-0.6810964, 0.0000496)|   3, 1, 0;0,  0;0,  0> +
           ( 0.0000000,-0.0000120)|   3, 0, 1;0,  0;1,  0> +
           (-0.0000000, 0.0000120)|   3, 0, 1;1,  0;0,  0> +
           (-0.0000112, 0.0000000)|   3, 1, 0;0,  0;1,  0> +
           ( 0.0000112,-0.0000000)|   3, 1, 0;1,  0;0,  0> +
            ...
 |   17> = ( 1.0000000, 0.0000000)|   9, 0, 0;0,  0;0,  0> +
           ( 0.0000164, 0.0000000)|   9, 0, 0;0,  0;1,  0> +
           (-0.0000164,-0.0000000)|   9, 0, 0;1,  0;0,  0> +
            ...
 |   18> = (-0.0030367,-0.7133704)|   4, 0, 1;0,  0;0,  0> +
           ( 0.7007740,-0.0030370)|   4, 1, 0;0,  0;0,  0> +
           ( 0.0000000, 0.0000117)|   4, 0, 1;1,  0;0,  0> +
           (-0.0000000,-0.0000117)|   4, 0, 1;0,  0;1,  0> +
           ( 0.0000115,-0.0000000)|   4, 1, 0;0,  0;1,  0> +
           (-0.0000115, 0.0000000)|   4, 1, 0;1,  0;0,  0> +
            ...
 |   19> = ( 0.7133768,-0.0000272)|   4, 1, 0;0,  0;0,  0> +
           (-0.0000272, 0.7007806)|   4, 0, 1;0,  0;0,  0> +
           (-0.0000117, 0.0000000)|   4, 1, 0;1,  0;0,  0> +
           ( 0.0000117,-0.0000000)|   4, 1, 0;0,  0;1,  0> +
           (-0.0000000, 0.0000115)|   4, 0, 1;0,  0;1,  0> +
           ( 0.0000000,-0.0000115)|   4, 0, 1;1,  0;0,  0> +
            ...
 |   20> = (-1.0000000,-0.0000000)|  10, 0, 0;0,  0;0,  0> +
           ( 0.0000164, 0.0000000)|  10, 0, 0;1,  0;0,  0> +
           (-0.0000164,-0.0000000)|  10, 0, 0;0,  0;1,  0> +
            ...
 |   21> = (-0.7089288, 0.0114111)|   5, 1, 0;0,  0;0,  0> +
           ( 0.0114088, 0.7050954)|   5, 0, 1;0,  0;0,  0> +
           ( 0.0000116,-0.0000002)|   5, 1, 0;1,  0;0,  0> +
           (-0.0000116, 0.0000002)|   5, 1, 0;0,  0;1,  0> +
           (-0.0000002,-0.0000116)|   5, 0, 1;1,  0;0,  0> +
           ( 0.0000002, 0.0000116)|   5, 0, 1;0,  0;1,  0> +
            ...
 |   22> = (-0.0000298,-0.7090207)|   5, 0, 1;0,  0;0,  0> +
           (-0.7051877,-0.0000298)|   5, 1, 0;0,  0;0,  0> +
           (-0.0000000,-0.0000116)|   5, 0, 1;0,  0;1,  0> +
           ( 0.0000000, 0.0000116)|   5, 0, 1;1,  0;0,  0> +
           ( 0.0000116, 0.0000000)|   5, 1, 0;1,  0;0,  0> +
           (-0.0000116,-0.0000000)|   5, 1, 0;0,  0;1,  0> +
            ...
 |   23> = ( 0.7071068, 0.0000000)|   0, 0, 2;0,  0;0,  0> +
           (-0.7071068,-0.0000000)|   0, 2, 0;0,  0;0,  0> +
           ( 0.0000116, 0.0000000)|   0, 0, 2;0,  0;1,  0> +
           (-0.0000116,-0.0000000)|   0, 0, 2;1,  0;0,  0> +
           (-0.0000116,-0.0000000)|   0, 2, 0;0,  0;1,  0> +
           ( 0.0000116, 0.0000000)|   0, 2, 0;1,  0;0,  0> +
            ...
 |   24> = ( 0.7071068, 0.0000000)|   0, 2, 0;0,  0;0,  0> +
           ( 0.7071068,-0.0000000)|   0, 0, 2;0,  0;0,  0> +
           (-0.0000116,-0.0000000)|   0, 2, 0;1,  0;0,  0> +
           ( 0.0000116, 0.0000000)|   0, 2, 0;0,  0;1,  0> +
           (-0.0000116, 0.0000000)|   0, 0, 2;1,  0;0,  0> +
           ( 0.0000116,-0.0000000)|   0, 0, 2;0,  0;1,  0> +
            ...
 # The upper part of the spectrum
 # Eigenvalues first: 512	 last: 562
 22843.578899743 22843.578899743 22843.578900978 22843.578900978 22843.578904669 22843.578907139 22844.578899742 22844.578899743 22844.578900977 22844.578900978 22844.578904669 22844.578907139 22845.578899743 22845.578899743 22845.578900977 22845.578900978 22845.578904669 22845.578907139 22846.578899743 22846.578899743 22846.578900978 22846.578900978 22846.578904669 22846.578907139 22847.578899742 22847.578899743 22847.578900977 22847.578900978 22847.578904669 22847.578907139 22848.578899742 22848.578899743 22848.578900977 22848.578900978 22848.578904670 22848.578907139 22848.597614718 22848.597614718 22848.597614718 22848.597614718 22848.597615952 22848.597615952 22848.597615953 22848.597615953 22848.597619644 22848.597619644 22848.597622114 22848.597622114 22849.578899742 22849.578899742

# Excited states :
 |  511> = ( 0.0005808, 0.9999998)|  31, 3, 3;0,  0;0,  0> +
           (-0.0000000,-0.0000164)|  31, 3, 3;1,  0;0,  0> +
           ( 0.0000000, 0.0000164)|  31, 3, 3;0,  0;1,  0> +
            ...
 |  512> = (-0.6997257,-0.0009482)|   0, 0, 0;1, -1;0,  0> +
           ( 0.6996330, 0.0009482)|   0, 0, 0;0,  0;1, -1> +
           ( 0.0114386, 0.1015771)|   0, 0, 0;0,  0;1,  1> +
           (-0.0114366,-0.1015693)|   0, 0, 0;1,  1;0,  0> +
           (-0.0000115,-0.0000000)|   0, 0, 0;1, -1;1,  0> +
           (-0.0000115,-0.0000000)|   0, 0, 0;1,  0;1, -1> +
            ...
 |  513> = ( 0.1228132, 0.6888219)|   0, 0, 0;1,  1;0,  0> +
           (-0.1228095,-0.6888130)|   0, 0, 0;0,  0;1,  1> +
           (-0.1020156, 0.0064308)|   0, 0, 0;1, -1;0,  0> +
           ( 0.1020098,-0.0064298)|   0, 0, 0;0,  0;1, -1> +
           ( 0.0000020, 0.0000113)|   0, 0, 0;1,  1;1,  0> +
           ( 0.0000020, 0.0000113)|   0, 0, 0;1,  0;1,  1> +
            ...
 |  514> = (-0.7038191, 0.0006380)|   0, 0, 0;0,  0;1, -1> +
           (-0.7037260, 0.0006382)|   0, 0, 0;1, -1;0,  0> +
           ( 0.0055206, 0.0683650)|   0, 0, 0;1,  1;0,  0> +
           ( 0.0055190, 0.0683584)|   0, 0, 0;0,  0;1,  1> +
           ( 0.0000116,-0.0000000)|   0, 0, 0;1,  0;1, -1> +
           (-0.0000116, 0.0000000)|   0, 0, 0;1, -1;1,  0> +
            ...
 |  515> = ( 0.0114392,-0.7036843)|   0, 0, 0;0,  0;1,  1> +
           ( 0.0114373,-0.7036755)|   0, 0, 0;1,  1;0,  0> +
           (-0.0682689,-0.0065691)|   0, 0, 0;1, -1;0,  0> +
           (-0.0682690,-0.0065674)|   0, 0, 0;0,  0;1, -1> +
           (-0.0000002, 0.0000116)|   0, 0, 0;1,  0;1,  1> +
           ( 0.0000002,-0.0000116)|   0, 0, 0;1,  1;1,  0> +
            ...
 |  516> = (-0.7071068, 0.0000523)|   0, 0, 0;0,  0;1,  0> +
           (-0.7071068, 0.0000523)|   0, 0, 0;1,  0;0,  0> +
            ...
 |  517> = ( 0.7071068,-0.0000000)|   0, 0, 0;1,  0;0,  0> +
           (-0.7071068,-0.0000000)|   0, 0, 0;0,  0;1,  0> +
           ( 0.0000232, 0.0000000)|   0, 0, 0;1,  0;1,  0> +
           ( 0.0000232, 0.0000000)|   0, 0, 0;0,  0;0,  0> +
            ...
 |  518> = (-0.5901815, 0.1082490)|   1, 0, 0;0,  0;1, -1> +
           ( 0.5901553,-0.1082487)|   1, 0, 0;1, -1;0,  0> +
           ( 0.3680129,-0.0675003)|   1, 0, 0;0,  0;1,  1> +
           (-0.3679958, 0.0675005)|   1, 0, 0;1,  1;0,  0> +
            ...
 |  519> = (-0.6000303, 0.0000004)|   1, 0, 0;1,  1;0,  0> +
           ( 0.5999973,-0.0000004)|   1, 0, 0;0,  0;1,  1> +
           (-0.3741534,-0.0000006)|   1, 0, 0;1, -1;0,  0> +
           ( 0.3741339, 0.0000007)|   1, 0, 0;0,  0;1, -1> +
            ...
 |  520> = ( 0.6129667,-0.0063707)|   1, 0, 0;1, -1;0,  0> +
           ( 0.6129409,-0.0063657)|   1, 0, 0;0,  0;1, -1> +
           (-0.3524740, 0.0038778)|   1, 0, 0;1,  1;0,  0> +
           (-0.3524574, 0.0038747)|   1, 0, 0;0,  0;1,  1> +
           ( 0.0000101,-0.0000001)|   1, 0, 0;1, -1;1,  0> +
           (-0.0000101, 0.0000001)|   1, 0, 0;1,  0;1, -1> +
            ...
 |  521> = (-0.6130027, 0.0000965)|   1, 0, 0;0,  0;1,  1> +
           (-0.6129710, 0.0000968)|   1, 0, 0;1,  1;0,  0> +
           (-0.3524978,-0.0001585)|   1, 0, 0;0,  0;1, -1> +
           (-0.3524761,-0.0001590)|   1, 0, 0;1, -1;0,  0> +
           ( 0.0000101,-0.0000000)|   1, 0, 0;1,  0;1,  1> +
           (-0.0000101, 0.0000000)|   1, 0, 0;1,  1;1,  0> +
            ...
 |  522> = (-0.7071070, 0.0000000)|   1, 0, 0;0,  0;1,  0> +
           (-0.7071066, 0.0000000)|   1, 0, 0;1,  0;0,  0> +
            ...
 |  523> = (-0.7071070, 0.0000000)|   1, 0, 0;1,  0;0,  0> +
           ( 0.7071066, 0.0000000)|   1, 0, 0;0,  0;1,  0> +
           (-0.0000232,-0.0000000)|   1, 0, 0;1,  0;1,  0> +
           (-0.0000232,-0.0000000)|   1, 0, 0;0,  0;0,  0> +
            ...
 |  524> = (-0.7071063,-0.0000000)|   2, 0, 0;1, -1;0,  0> +
           ( 0.7071054, 0.0000001)|   2, 0, 0;0,  0;1, -1> +
           ( 0.0011462,-0.0000000)|   2, 0, 0;0,  0;1,  1> +
           (-0.0011462,-0.0000000)|   2, 0, 0;1,  1;0,  0> +
           (-0.0000116,-0.0000000)|   2, 0, 0;1, -1;1,  0> +
           (-0.0000116,-0.0000000)|   2, 0, 0;1,  0;1, -1> +
            ...
 |  525> = ( 0.7071021, 0.0032659)|   2, 0, 0;1,  1;0,  0> +
           (-0.7070945,-0.0032677)|   2, 0, 0;0,  0;1,  1> +
           ( 0.0011462, 0.0000053)|   2, 0, 0;0,  0;1, -1> +
           (-0.0011462,-0.0000053)|   2, 0, 0;1, -1;0,  0> +
           ( 0.0000116, 0.0000001)|   2, 0, 0;1,  1;1,  0> +
           ( 0.0000116, 0.0000001)|   2, 0, 0;1,  0;1,  1> +
            ...
 |  526> = ( 0.7071060, 0.0000001)|   2, 0, 0;0,  0;1, -1> +
           ( 0.7071052, 0.0000001)|   2, 0, 0;1, -1;0,  0> +
           ( 0.0012855, 0.0000001)|   2, 0, 0;0,  0;1,  1> +
           ( 0.0012855, 0.0000001)|   2, 0, 0;1,  1;0,  0> +
           (-0.0000116,-0.0000000)|   2, 0, 0;1,  0;1, -1> +
           ( 0.0000116, 0.0000000)|   2, 0, 0;1, -1;1,  0> +
            ...
 |  527> = (-0.7046784, 0.0585848)|   2, 0, 0;0,  0;1,  1> +
           (-0.7046706, 0.0585861)|   2, 0, 0;1,  1;0,  0> +
           ( 0.0012811,-0.0001066)|   2, 0, 0;0,  0;1, -1> +
           ( 0.0012810,-0.0001066)|   2, 0, 0;1, -1;0,  0> +
           ( 0.0000116,-0.0000010)|   2, 0, 0;1,  0;1,  1> +
           (-0.0000116, 0.0000010)|   2, 0, 0;1,  1;1,  0> +
            ...
 |  528> = ( 0.7071078,-0.0000000)|   2, 0, 0;1,  0;0,  0> +
           ( 0.7071058,-0.0000000)|   2, 0, 0;0,  0;1,  0> +
            ...
 |  529> = (-0.7071078, 0.0000000)|   2, 0, 0;0,  0;1,  0> +
           ( 0.7071058, 0.0000000)|   2, 0, 0;1,  0;0,  0> +
           ( 0.0000232, 0.0000000)|   2, 0, 0;1,  0;1,  0> +
           ( 0.0000232,-0.0000000)|   2, 0, 0;0,  0;0,  0> +
            ...
 |  530> = ( 0.7063895,-0.0000014)|   3, 0, 0;1, -1;0,  0> +
           (-0.7062793, 0.0000013)|   3, 0, 0;0,  0;1, -1> +
           (-0.0330436, 0.0000015)|   3, 0, 0;1,  1;0,  0> +
           ( 0.0330378,-0.0000015)|   3, 0, 0;0,  0;1,  1> +
           ( 0.0000116,-0.0000000)|   3, 0, 0;1, -1;1,  0> +
           ( 0.0000116,-0.0000000)|   3, 0, 0;1,  0;1, -1> +
            ...
 |  531> = (-0.7061127, 0.0213724)|   3, 0, 0;1,  1;0,  0> +
           ( 0.7059091,-0.0213754)|   3, 0, 0;0,  0;1,  1> +
           (-0.0330300, 0.0009983)|   3, 0, 0;1, -1;0,  0> +
           ( 0.0330213,-0.0009984)|   3, 0, 0;0,  0;1, -1> +
           (-0.0000116, 0.0000004)|   3, 0, 0;1,  1;1,  0> +
           (-0.0000116, 0.0000004)|   3, 0, 0;1,  0;1,  1> +
            ...
 |  532> = (-0.7063681, 0.0000044)|   3, 0, 0;0,  0;1, -1> +
           (-0.7062579, 0.0000044)|   3, 0, 0;1, -1;0,  0> +
           ( 0.0334983,-0.0000011)|   3, 0, 0;0,  0;1,  1> +
           ( 0.0334921,-0.0000011)|   3, 0, 0;1,  1;0,  0> +
           ( 0.0000116,-0.0000000)|   3, 0, 0;1,  0;1, -1> +
           (-0.0000116, 0.0000000)|   3, 0, 0;1, -1;1,  0> +
            ...
 |  533> = (-0.7063709,-0.0078694)|   3, 0, 0;0,  0;1,  1> +
           (-0.7061674,-0.0078763)|   3, 0, 0;1,  1;0,  0> +
           (-0.0334976,-0.0003741)|   3, 0, 0;0,  0;1, -1> +
           (-0.0334886,-0.0003744)|   3, 0, 0;1, -1;0,  0> +
           ( 0.0000116, 0.0000001)|   3, 0, 0;1,  0;1,  1> +
           (-0.0000116,-0.0000001)|   3, 0, 0;1,  1;1,  0> +
            ...
 |  534> = (-0.7071093,-0.0000008)|   3, 0, 0;0,  0;1,  0> +
           (-0.7071043,-0.0000008)|   3, 0, 0;1,  0;0,  0> +
            ...
 |  535> = (-0.7071093,-0.0000000)|   3, 0, 0;1,  0;0,  0> +
           ( 0.7071043,-0.0000000)|   3, 0, 0;0,  0;1,  0> +
           (-0.0000232,-0.0000000)|   3, 0, 0;1,  0;1,  0> +
           (-0.0000232, 0.0000000)|   3, 0, 0;0,  0;0,  0> +
            ...
 |  536> = ( 0.7070931,-0.0000001)|   4, 0, 0;1, -1;0,  0> +
           (-0.7070484, 0.0000002)|   4, 0, 0;0,  0;1, -1> +
           (-0.0071411,-0.0000000)|   4, 0, 0;1,  1;0,  0> +
           ( 0.0071406, 0.0000000)|   4, 0, 0;0,  0;1,  1> +
           ( 0.0000116,-0.0000000)|   4, 0, 0;1, -1;1,  0> +
           ( 0.0000116,-0.0000000)|   4, 0, 0;1,  0;1, -1> +
            ...
 |  537> = (-0.7054788,-0.0479689)|   4, 0, 0;0,  0;1,  1> +
           ( 0.7054044, 0.0479711)|   4, 0, 0;1,  1;0,  0> +
           (-0.0071247,-0.0004844)|   4, 0, 0;0,  0;1, -1> +
           ( 0.0071241, 0.0004845)|   4, 0, 0;1, -1;0,  0> +
           ( 0.0000116, 0.0000008)|   4, 0, 0;1,  0;1,  1> +
           ( 0.0000116, 0.0000008)|   4, 0, 0;1,  1;1,  0> +
            ...
 |  538> = (-0.7070956, 0.0000003)|   4, 0, 0;0,  0;1, -1> +
           (-0.7070509, 0.0000001)|   4, 0, 0;1, -1;0,  0> +
           ( 0.0068846, 0.0000083)|   4, 0, 0;0,  0;1,  1> +
           ( 0.0068843, 0.0000083)|   4, 0, 0;1,  1;0,  0> +
           ( 0.0000116,-0.0000000)|   4, 0, 0;1,  0;1, -1> +
           (-0.0000116, 0.0000000)|   4, 0, 0;1, -1;1,  0> +
            ...
 |  539> = (-0.7067453, 0.0227175)|   4, 0, 0;1,  1;0,  0> +
           (-0.7066710, 0.0227224)|   4, 0, 0;0,  0;1,  1> +
           (-0.0068810, 0.0002295)|   4, 0, 0;1, -1;0,  0> +
           (-0.0068802, 0.0002295)|   4, 0, 0;0,  0;1, -1> +
           (-0.0000116, 0.0000004)|   4, 0, 0;1,  1;1,  0> +
           ( 0.0000116,-0.0000004)|   4, 0, 0;1,  0;1,  1> +
            ...
 |  540> = ( 0.7034606, 0.0717193)|   4, 0, 0;1,  0;0,  0> +
           ( 0.7034599, 0.0717193)|   4, 0, 0;0,  0;1,  0> +
            ...
 |  541> = (-0.7071071,-0.0000000)|   4, 0, 0;0,  0;1,  0> +
           ( 0.7071065,-0.0000000)|   4, 0, 0;1,  0;0,  0> +
           ( 0.0000232, 0.0000000)|   4, 0, 0;1,  0;1,  0> +
           ( 0.0000232,-0.0000000)|   4, 0, 0;0,  0;0,  0> +
            ...
 |  542> = (-0.5649578,-0.0237849)|   5, 0, 0;0,  0;1,  1> +
           ( 0.5649001, 0.0237855)|   5, 0, 0;1,  1;0,  0> +
           (-0.4237691,-0.0270408)|   5, 0, 0;0,  0;1, -1> +
           ( 0.4237175, 0.0270406)|   5, 0, 0;1, -1;0,  0> +
            ...
 |  543> = ( 0.5654185, 0.0067868)|   5, 0, 0;1, -1;0,  0> +
           (-0.5653589,-0.0067859)|   5, 0, 0;0,  0;1, -1> +
           (-0.4246013, 0.0040962)|   5, 0, 0;1,  1;0,  0> +
           ( 0.4245695,-0.0040960)|   5, 0, 0;0,  0;1,  1> +
            ...
 |  544> = ( 0.5603794,-0.0137015)|   5, 0, 0;1,  1;0,  0> +
           ( 0.5603111,-0.0137028)|   5, 0, 0;0,  0;1,  1> +
           ( 0.4310572,-0.0055842)|   5, 0, 0;1, -1;0,  0> +
           ( 0.4310199,-0.0055869)|   5, 0, 0;0,  0;1, -1> +
            ...
 |  545> = (-0.5605013,-0.0063914)|   5, 0, 0;0,  0;1, -1> +
           (-0.5604514,-0.0063910)|   5, 0, 0;1, -1;0,  0> +
           ( 0.4310971,-0.0000381)|   5, 0, 0;0,  0;1,  1> +
           ( 0.4310524,-0.0000378)|   5, 0, 0;1,  1;0,  0> +
            ...
 |  546> = (-0.7071069,-0.0003334)|   5, 0, 0;1,  0;0,  0> +
           (-0.7071065,-0.0003334)|   5, 0, 0;0,  0;1,  0> +
            ...
 |  547> = ( 0.7071070, 0.0000000)|   5, 0, 0;0,  0;1,  0> +
           (-0.7071066,-0.0000000)|   5, 0, 0;1,  0;0,  0> +
           (-0.0000232,-0.0000000)|   5, 0, 0;1,  0;1,  0> +
           (-0.0000232,-0.0000000)|   5, 0, 0;0,  0;0,  0> +
            ...
 |  548> = (-0.4512030,-0.0014992)|   0, 1, 0;0,  0;1,  1> +
           ( 0.4511925, 0.0014981)|   0, 1, 0;1,  1;0,  0> +
           (-0.4138510, 0.0052712)|   0, 1, 0;0,  0;1, -1> +
           ( 0.4138408,-0.0052736)|   0, 1, 0;1, -1;0,  0> +
           (-0.0079664, 0.2685117)|   0, 0, 1;0,  0;1, -1> +
           ( 0.0079696,-0.2684732)|   0, 0, 1;1, -1;0,  0> +
           ( 0.0011979,-0.2301571)|   0, 0, 1;0,  0;1,  1> +
           (-0.0011959, 0.2301426)|   0, 0, 1;1,  1;0,  0> +
            ...
 |  549> = ( 0.3538532,-0.0000002)|   0, 1, 0;1,  1;0,  0> +
           (-0.3538531, 0.0000002)|   0, 1, 0;0,  0;1,  1> +
           (-0.0000005, 0.3537272)|   0, 0, 1;1,  1;0,  0> +
           ( 0.0000005,-0.3537270)|   0, 0, 1;0,  0;1,  1> +
           (-0.0000009,-0.3534084)|   0, 0, 1;0,  0;1, -1> +
           ( 0.0000009, 0.3534081)|   0, 0, 1;1, -1;0,  0> +
           ( 0.3532247, 0.0000005)|   0, 1, 0;0,  0;1, -1> +
           (-0.3532245,-0.0000005)|   0, 1, 0;1, -1;0,  0> +
            ...
 |  550> = ( 0.3208059,-0.4505693)|   0, 0, 1;0,  0;1,  1> +
           (-0.3207843, 0.4504998)|   0, 0, 1;1,  1;0,  0> +
           (-0.3379716,-0.2172295)|   0, 1, 0;1,  1;0,  0> +
           ( 0.3379360, 0.2172312)|   0, 1, 0;0,  0;1,  1> +
           (-0.1329255,-0.0063001)|   0, 0, 1;0,  0;1, -1> +
           ( 0.1329240, 0.0062488)|   0, 0, 1;1, -1;0,  0> +
           ( 0.1189045,-0.0293457)|   0, 1, 0;1, -1;0,  0> +
           (-0.1188933, 0.0293743)|   0, 1, 0;0,  0;1, -1> +
           (-0.0000044,-0.0000165)|   0, 0, 1;1,  0;0,  0> +
            ...
 |  551> = (-0.1078088, 0.5231062)|   0, 0, 1;0,  0;1, -1> +
           ( 0.1078256,-0.5230639)|   0, 0, 1;1, -1;0,  0> +
           ( 0.4318034, 0.0501222)|   0, 1, 0;0,  0;1, -1> +
           (-0.4317353,-0.0501259)|   0, 1, 0;1, -1;0,  0> +
           ( 0.1251391,-0.0189194)|   0, 0, 1;0,  0;1,  1> +
           (-0.1251215, 0.0189371)|   0, 0, 1;1,  1;0,  0> +
           (-0.0725166, 0.0674343)|   0, 1, 0;0,  0;1,  1> +
           ( 0.0724892,-0.0674399)|   0, 1, 0;1,  1;0,  0> +
            ...
 |  552> = (-0.1878928, 0.4010708)|   0, 0, 1;1,  1;0,  0> +
           (-0.1878498, 0.4010101)|   0, 0, 1;0,  0;1,  1> +
           ( 0.3561199,-0.0406619)|   0, 1, 0;0,  0;1,  1> +
           ( 0.3560740,-0.0406915)|   0, 1, 0;1,  1;0,  0> +
           (-0.2854184,-0.1996782)|   0, 1, 0;1, -1;0,  0> +
           (-0.2854191,-0.1996738)|   0, 1, 0;0,  0;1, -1> +
           ( 0.0098179, 0.2323439)|   0, 0, 1;0,  0;1, -1> +
           ( 0.0098357, 0.2323298)|   0, 0, 1;1, -1;0,  0> +
           (-0.0000186,-0.0000020)|   0, 1, 0;1,  0;0,  0> +
           (-0.0000016,-0.0000107)|   0, 0, 1;1,  0;0,  0> +
            ...
 |  553> = (-0.3122328,-0.4678196)|   0, 1, 0;0,  0;1,  1> +
           (-0.3122288,-0.4678221)|   0, 1, 0;1,  1;0,  0> +
           (-0.3612198, 0.0210201)|   0, 0, 1;1,  1;0,  0> +
           (-0.3612147, 0.0210247)|   0, 0, 1;0,  0;1,  1> +
           (-0.0116993,-0.1916436)|   0, 1, 0;0,  0;1, -1> +
           (-0.0116975,-0.1916406)|   0, 1, 0;1, -1;0,  0> +
           ( 0.0554096,-0.1131471)|   0, 0, 1;0,  0;1, -1> +
           ( 0.0554091,-0.1131447)|   0, 0, 1;1, -1;0,  0> +
           ( 0.0000353, 0.0000056)|   0, 1, 0;1,  0;0,  0> +
           ( 0.0000243, 0.0000060)|   0, 1, 0;0,  0;1,  0> +
           ( 0.0000004, 0.0000115)|   0, 0, 1;1,  0;0,  0> +
            ...
 |  554> = ( 0.0083129, 0.5371811)|   0, 0, 1;1, -1;0,  0> +
           ( 0.0083148, 0.5371597)|   0, 0, 1;0,  0;1, -1> +
           ( 0.0062997,-0.3168989)|   0, 0, 1;1,  1;0,  0> +
           ( 0.0062980,-0.3168871)|   0, 0, 1;0,  0;1,  1> +
           (-0.2628680,-0.0051855)|   0, 1, 0;1, -1;0,  0> +
           (-0.2628475,-0.0051865)|   0, 1, 0;0,  0;1, -1> +
           (-0.2044369,-0.0029051)|   0, 1, 0;1,  1;0,  0> +
           (-0.2044077,-0.0029058)|   0, 1, 0;0,  0;1,  1> +
            ...
 |  555> = ( 0.5174543,-0.0703532)|   0, 1, 0;1, -1;0,  0> +
           ( 0.5174004,-0.0703581)|   0, 1, 0;0,  0;1, -1> +
           ( 0.1128094, 0.3587854)|   0, 0, 1;1, -1;0,  0> +
           ( 0.1128180, 0.3587179)|   0, 0, 1;0,  0;1, -1> +
           ( 0.0854887, 0.2553182)|   0, 0, 1;1,  1;0,  0> +
           ( 0.0854876, 0.2552972)|   0, 0, 1;0,  0;1,  1> +
           (-0.1088531,-0.0394203)|   0, 1, 0;1,  1;0,  0> +
           (-0.1088184,-0.0394178)|   0, 1, 0;0,  0;1,  1> +
            ...
 |  556> = ( 0.6721840, 0.1045957)|   0, 1, 0;0,  0;1,  0> +
           ( 0.6721405, 0.1045910)|   0, 1, 0;1,  0;0,  0> +
           ( 0.0472731, 0.1871514)|   0, 0, 1;0,  0;1,  0> +
           ( 0.0472771, 0.1871381)|   0, 0, 1;1,  0;0,  0> +
           ( 0.0000237, 0.0000202)|   0, 1, 0;0,  0;1,  1> +
           ( 0.0000206, 0.0000186)|   0, 1, 0;1,  1;0,  0> +
           ( 0.0000134, 0.0000044)|   0, 0, 1;0,  0;1,  1> +
           ( 0.0000111, 0.0000083)|   0, 0, 1;1,  1;0,  0> +
           (-0.0000020, 0.0000100)|   0, 0, 1;1, -1;0,  0> +
            ...
 |  557> = ( 0.2720002, 0.6235229)|   0, 0, 1;0,  0;1,  0> +
           ( 0.2720131, 0.6234804)|   0, 0, 1;1,  0;0,  0> +
           (-0.1930368, 0.0018454)|   0, 1, 0;0,  0;1,  0> +
           (-0.1929927, 0.0018455)|   0, 1, 0;1,  0;0,  0> +
           (-0.0000077, 0.0000075)|   0, 0, 1;1,  1;0,  0> +
            ...
 |  558> = ( 0.6991277,-0.0128332)|   0, 1, 0;1,  0;0,  0> +
           (-0.6990740, 0.0128343)|   0, 1, 0;0,  0;1,  0> +
           ( 0.0046691,-0.1052318)|   0, 0, 1;0,  0;1,  0> +
           (-0.0046782, 0.1052102)|   0, 0, 1;1,  0;0,  0> +
           ( 0.0000230,-0.0000004)|   0, 1, 0;1,  0;1,  0> +
           ( 0.0000230,-0.0000004)|   0, 1, 0;0,  0;0,  0> +
            ...
 |  559> = ( 0.0836708,-0.6942142)|   0, 0, 1;1,  0;0,  0> +
           (-0.0836973, 0.6941714)|   0, 0, 1;0,  0;1,  0> +
           ( 0.1051556, 0.0060234)|   0, 1, 0;1,  0;0,  0> +
           (-0.1051490,-0.0060247)|   0, 1, 0;0,  0;1,  0> +
           ( 0.0000027,-0.0000228)|   0, 0, 1;1,  0;1,  0> +
           ( 0.0000027,-0.0000228)|   0, 0, 1;0,  0;0,  0> +
            ...
 |  560> = ( 0.7070789, 0.0095771)|   6, 0, 0;1,  1;0,  0> +
           (-0.7067536,-0.0095892)|   6, 0, 0;0,  0;1,  1> +
           (-0.0133251, 0.0002323)|   6, 0, 0;1, -1;0,  0> +
           ( 0.0133228,-0.0002323)|   6, 0, 0;0,  0;1, -1> +
           ( 0.0000116, 0.0000002)|   6, 0, 0;1,  1;1,  0> +
           ( 0.0000116, 0.0000002)|   6, 0, 0;1,  0;1,  1> +
            ...
 |  561> = ( 0.7071119, 0.0008427)|   6, 0, 0;1, -1;0,  0> +
           (-0.7068495,-0.0008431)|   6, 0, 0;0,  0;1, -1> +
           ( 0.0133199, 0.0004287)|   6, 0, 0;1,  1;0,  0> +
           (-0.0133183,-0.0004288)|   6, 0, 0;0,  0;1,  1> +
           ( 0.0000116, 0.0000000)|   6, 0, 0;1, -1;1,  0> +
           ( 0.0000116, 0.0000000)|   6, 0, 0;1,  0;1, -1> +
            ...
