p1707
p1707
p1707
p1707
p1707
p1707
p1707
p1707
p1707
p1707
p1707
p1707
p1707
p1707
p1707
p1707
p1707
p1707
p1707
p1707
p1707
p1707
p1707
p1707
# Parameters of the model
#  mass:		  261.0000 u
#  charge:	    1.0000 e
#  dipole:	   4.74500 D
#  B:		    503.65 MHz
#  omega_rho:	    1.4000 MHz
#  omega_z:	  0.138000 MHz

# omega_1:	  0.239023 MHz
# omega_3/5:	   1.39318 MHz

# Basis truncation:	|32,4,4;2,2>
# Basis size:		41472

# Active terms of the Hamiltionian:
# 	Nomal modes:	1
# 	T_rot:      	1
# 	V_qd^{(0)}: 	1
# 	V_qd^{(1)}: 	1
# 	V_dd^{(0)}: 	1

# Results of the diagonalisation
# 100 smallest eigenvalues
 6.328642437 7.328642437 8.328642437 9.328642437 10.328642437 11.328642437 12.157294503 12.157294503 12.328642437 13.157294503 13.157294503 13.328642437 14.157294503 14.157294503 14.328642437 15.157294503 15.157294503 15.328642437 16.157294503 16.157294503 16.328642437 17.157294503 17.157294503 17.328642437 17.985946569 17.985946569 17.985946569 18.157294503 18.157294503 18.328642437 18.985946569 18.985946569 18.985946569 19.157294503 19.157294503 19.328642437 19.985946569 19.985946569 19.985946569 20.157294503 20.157294503 20.328642436 20.985946569 20.985946569 20.985946569 21.157294503 21.157294503 21.328642437 21.985946569 21.985946569 21.985946569 22.157294503 22.157294503 22.328642436 22.985946569 22.985946569 22.985946569 23.157294503 23.157294503 23.328642438 23.814598635 23.814598635 23.814598635 23.814598635 23.985946569 23.985946569 23.985946569 24.157294503 24.157294503 24.328642437 24.814598635 24.814598635 24.814598635 24.814598635 24.985946569 24.985946569 24.985946569 25.157294502 25.157294504 25.328642437 25.814598635 25.814598635 25.814598635 25.814598635 25.985946569 25.985946569 25.985946569 26.157294502 26.157294503 26.328642436 26.814598634 26.814598635 26.814598635 26.814598635 26.985946568 26.985946569 26.985946569 27.157294503 27.157294503 27.328642437

# Ground state and the lowest excitations:
 |    0> = ( 1.0000000, 0.0000000)|   0, 0, 0;0,  0;0,  0> +
           ( 0.0000135, 0.0000000)|   0, 0, 0;0,  0;1,  0> +
           (-0.0000135, 0.0000000)|   0, 0, 0;1,  0;0,  0> +
            ...
 |    1> = (-1.0000000,-0.0000000)|   1, 0, 0;0,  0;0,  0> +
           (-0.0000135,-0.0000000)|   1, 0, 0;0,  0;1,  0> +
           ( 0.0000135,-0.0000000)|   1, 0, 0;1,  0;0,  0> +
            ...
 |    2> = ( 1.0000000,-0.0000000)|   2, 0, 0;0,  0;0,  0> +
           (-0.0000135,-0.0000000)|   2, 0, 0;1,  0;0,  0> +
           ( 0.0000135,-0.0000000)|   2, 0, 0;0,  0;1,  0> +
            ...
 |    3> = ( 1.0000000,-0.0000000)|   3, 0, 0;0,  0;0,  0> +
           (-0.0000135,-0.0000000)|   3, 0, 0;1,  0;0,  0> +
           ( 0.0000135,-0.0000000)|   3, 0, 0;0,  0;1,  0> +
            ...
 |    4> = (-1.0000000,-0.0000000)|   4, 0, 0;0,  0;0,  0> +
           (-0.0000135,-0.0000000)|   4, 0, 0;0,  0;1,  0> +
           ( 0.0000135, 0.0000000)|   4, 0, 0;1,  0;0,  0> +
            ...
 |    5> = (-1.0000000,-0.0000000)|   5, 0, 0;0,  0;0,  0> +
           (-0.0000135, 0.0000000)|   5, 0, 0;0,  0;1,  0> +
           ( 0.0000135,-0.0000000)|   5, 0, 0;1,  0;0,  0> +
            ...
 |    6> = ( 0.0000000,-0.7141208)|   0, 0, 1;0,  0;0,  0> +
           (-0.7000225, 0.0000000)|   0, 1, 0;0,  0;0,  0> +
            ...
 |    7> = (-0.7141208,-0.0000002)|   0, 1, 0;0,  0;0,  0> +
           (-0.0000002, 0.7000225)|   0, 0, 1;0,  0;0,  0> +
            ...
 |    8> = ( 1.0000000,-0.0000000)|   6, 0, 0;0,  0;0,  0> +
           ( 0.0000135,-0.0000000)|   6, 0, 0;0,  0;1,  0> +
           (-0.0000135, 0.0000000)|   6, 0, 0;1,  0;0,  0> +
            ...
 |    9> = ( 0.0070598,-0.8253758)|   1, 0, 1;0,  0;0,  0> +
           ( 0.5644954, 0.0070600)|   1, 1, 0;0,  0;0,  0> +
           (-0.0000001, 0.0000111)|   1, 0, 1;1,  0;0,  0> +
           ( 0.0000001,-0.0000111)|   1, 0, 1;0,  0;1,  0> +
            ...
 |   10> = (-0.8254050,-0.0013252)|   1, 1, 0;0,  0;0,  0> +
           (-0.0013252,-0.5645380)|   1, 0, 1;0,  0;0,  0> +
           ( 0.0000111, 0.0000000)|   1, 1, 0;1,  0;0,  0> +
           (-0.0000111,-0.0000000)|   1, 1, 0;0,  0;1,  0> +
            ...
 |   11> = ( 1.0000000, 0.0000000)|   7, 0, 0;0,  0;0,  0> +
           ( 0.0000135, 0.0000000)|   7, 0, 0;0,  0;1,  0> +
           (-0.0000135,-0.0000000)|   7, 0, 0;1,  0;0,  0> +
            ...
 |   12> = (-0.7168668,-0.0097811)|   2, 1, 0;0,  0;0,  0> +
           (-0.0097808, 0.6970729)|   2, 0, 1;0,  0;0,  0> +
            ...
 |   13> = (-0.0001368, 0.7169335)|   2, 0, 1;0,  0;0,  0> +
           ( 0.6971415,-0.0001368)|   2, 1, 0;0,  0;0,  0> +
            ...
 |   14> = ( 1.0000000, 0.0000000)|   8, 0, 0;0,  0;0,  0> +
           ( 0.0000135, 0.0000000)|   8, 0, 0;0,  0;1,  0> +
           (-0.0000135,-0.0000000)|   8, 0, 0;1,  0;0,  0> +
            ...
 |   15> = ( 0.0000212,-0.7083652)|   3, 0, 1;0,  0;0,  0> +
           (-0.7058461, 0.0000212)|   3, 1, 0;0,  0;0,  0> +
            ...
 |   16> = ( 0.7082642, 0.0119605)|   3, 1, 0;0,  0;0,  0> +
           ( 0.0119602,-0.7057448)|   3, 0, 1;0,  0;0,  0> +
            ...
 |   17> = ( 1.0000000, 0.0000000)|   9, 0, 0;0,  0;0,  0> +
           ( 0.0000135, 0.0000000)|   9, 0, 0;0,  0;1,  0> +
           (-0.0000135,-0.0000000)|   9, 0, 0;1,  0;0,  0> +
            ...
 |   18> = (-0.0058857, 0.9401106)|   4, 0, 1;0,  0;0,  0> +
           (-0.3407678,-0.0058858)|   4, 1, 0;0,  0;0,  0> +
           (-0.0000001, 0.0000127)|   4, 0, 1;0,  0;1,  0> +
           ( 0.0000001,-0.0000127)|   4, 0, 1;1,  0;0,  0> +
            ...
 |   19> = (-0.9401250,-0.0027540)|   4, 1, 0;0,  0;0,  0> +
           (-0.0027540,-0.3408075)|   4, 0, 1;0,  0;0,  0> +
           (-0.0000127,-0.0000000)|   4, 1, 0;0,  0;1,  0> +
           ( 0.0000127, 0.0000000)|   4, 1, 0;1,  0;0,  0> +
            ...
 |   20> = (-1.0000000, 0.0000000)|  10, 0, 0;0,  0;0,  0> +
           (-0.0000135, 0.0000000)|  10, 0, 0;0,  0;1,  0> +
           ( 0.0000135,-0.0000000)|  10, 0, 0;1,  0;0,  0> +
            ...
 |   21> = ( 0.7161998, 0.0000528)|   5, 1, 0;0,  0;0,  0> +
           ( 0.0000528, 0.6978953)|   5, 0, 1;0,  0;0,  0> +
            ...
 |   22> = ( 0.0040761,-0.7161882)|   5, 0, 1;0,  0;0,  0> +
           ( 0.6978834, 0.0040762)|   5, 1, 0;0,  0;0,  0> +
            ...
 |   23> = ( 1.0000000, 0.0000000)|  11, 0, 0;0,  0;0,  0> +
           ( 0.0000135, 0.0000000)|  11, 0, 0;0,  0;1,  0> +
           (-0.0000135,-0.0000000)|  11, 0, 0;1,  0;0,  0> +
            ...
 |   24> = (-0.7071069,-0.0000000)|   0, 0, 2;0,  0;0,  0> +
           ( 0.7071066, 0.0000000)|   0, 2, 0;0,  0;0,  0> +
            ...
 # The upper part of the spectrum
 # Eigenvalues first: 512	 last: 562
 26485.239014426 26485.239014427 26485.239015492 26485.239015492 26485.239018227 26485.239020357 26486.239014427 26486.239014427 26486.239015492 26486.239015492 26486.239018227 26486.239020357 26487.239014427 26487.239014427 26487.239015492 26487.239015492 26487.239018227 26487.239020357 26488.239014427 26488.239014427 26488.239015491 26488.239015492 26488.239018227 26488.239020357 26489.239014426 26489.239014427 26489.239015492 26489.239015492 26489.239018227 26489.239020357 26490.239014426 26490.239014427 26490.239015492 26490.239015492 26490.239018227 26490.239020357 26491.067666492 26491.067666492 26491.067666492 26491.067666493 26491.067667558 26491.067667558 26491.067667558 26491.067667559 26491.067670293 26491.067670293 26491.067672423 26491.067672423 26491.239014426 26491.239014427

# Excited states :
 |  511> = (-0.0002464, 1.0000000)|  31, 3, 3;0,  0;0,  0> +
           (-0.0000000, 0.0000135)|  31, 3, 3;0,  0;1,  0> +
           ( 0.0000000,-0.0000135)|  31, 3, 3;1,  0;0,  0> +
            ...
 |  512> = ( 0.6632723, 0.2431627)|   0, 0, 0;0,  0;1,  1> +
           (-0.6631169,-0.2432221)|   0, 0, 0;1,  1;0,  0> +
           ( 0.0321001, 0.0000253)|   0, 0, 0;1, -1;0,  0> +
           (-0.0320973,-0.0000280)|   0, 0, 0;0,  0;1, -1> +
            ...
 |  513> = (-0.7064063, 0.0000011)|   0, 0, 0;1, -1;0,  0> +
           ( 0.7063495,-0.0000013)|   0, 0, 0;0,  0;1, -1> +
           (-0.0301472,-0.0110285)|   0, 0, 0;1,  1;0,  0> +
           ( 0.0301440, 0.0110232)|   0, 0, 0;0,  0;1,  1> +
            ...
 |  514> = (-0.6175850, 0.3442431)|   0, 0, 0;1,  1;0,  0> +
           (-0.6174225, 0.3442776)|   0, 0, 0;0,  0;1,  1> +
           ( 0.0131908,-0.0000469)|   0, 0, 0;1, -1;0,  0> +
           ( 0.0131841,-0.0000396)|   0, 0, 0;0,  0;1, -1> +
            ...
 |  515> = (-0.7070123,-0.0000007)|   0, 0, 0;0,  0;1, -1> +
           (-0.7069553,-0.0000009)|   0, 0, 0;1, -1;0,  0> +
           (-0.0115406, 0.0063821)|   0, 0, 0;1,  1;0,  0> +
           (-0.0115383, 0.0063854)|   0, 0, 0;0,  0;1,  1> +
            ...
 |  516> = ( 0.7071064, 0.0007113)|   0, 0, 0;1,  0;0,  0> +
           ( 0.7071064, 0.0007113)|   0, 0, 0;0,  0;1,  0> +
            ...
 |  517> = (-0.7071068,-0.0000000)|   0, 0, 0;0,  0;1,  0> +
           ( 0.7071068,-0.0000000)|   0, 0, 0;1,  0;0,  0> +
           ( 0.0000191,-0.0000000)|   0, 0, 0;1,  0;1,  0> +
           ( 0.0000191, 0.0000000)|   0, 0, 0;0,  0;0,  0> +
            ...
 |  518> = (-0.5212493, 0.0001975)|   1, 0, 0;1, -1;0,  0> +
           ( 0.5212335,-0.0001976)|   1, 0, 0;0,  0;1, -1> +
           (-0.4778428,-0.0002355)|   1, 0, 0;0,  0;1,  1> +
           ( 0.4777875, 0.0002355)|   1, 0, 0;1,  1;0,  0> +
            ...
 |  519> = ( 0.5212467, 0.0053563)|   1, 0, 0;1,  1;0,  0> +
           (-0.5211811,-0.0053561)|   1, 0, 0;0,  0;1,  1> +
           (-0.4778858,-0.0044940)|   1, 0, 0;0,  0;1, -1> +
           ( 0.4777024, 0.0044928)|   1, 0, 0;1, -1;0,  0> +
            ...
 |  520> = ( 0.5034567, 0.0030666)|   1, 0, 0;1, -1;0,  0> +
           ( 0.5033172, 0.0030654)|   1, 0, 0;0,  0;1, -1> +
           (-0.4966341,-0.0014836)|   1, 0, 0;0,  0;1,  1> +
           (-0.4965225,-0.0014824)|   1, 0, 0;1,  1;0,  0> +
            ...
 |  521> = (-0.5034433, 0.0005046)|   1, 0, 0;1,  1;0,  0> +
           (-0.5033487, 0.0005049)|   1, 0, 0;0,  0;1,  1> +
           (-0.4965885,-0.0010438)|   1, 0, 0;1, -1;0,  0> +
           (-0.4965702,-0.0010435)|   1, 0, 0;0,  0;1, -1> +
            ...
 |  522> = (-0.7071071,-0.0000000)|   1, 0, 0;1,  0;0,  0> +
           (-0.7071064,-0.0000000)|   1, 0, 0;0,  0;1,  0> +
            ...
 |  523> = ( 0.7071071, 0.0000000)|   1, 0, 0;0,  0;1,  0> +
           (-0.7071064, 0.0000000)|   1, 0, 0;1,  0;0,  0> +
           (-0.0000191,-0.0000000)|   1, 0, 0;1,  0;1,  0> +
           (-0.0000191,-0.0000000)|   1, 0, 0;0,  0;0,  0> +
            ...
 |  524> = ( 0.7071034, 0.0069474)|   2, 0, 0;0,  0;1,  1> +
           (-0.7070419,-0.0069470)|   2, 0, 0;1,  1;0,  0> +
           ( 0.0001303, 0.0000013)|   2, 0, 0;0,  0;1, -1> +
           (-0.0001302,-0.0000013)|   2, 0, 0;1, -1;0,  0> +
            ...
 |  525> = (-0.7071325, 0.0000000)|   2, 0, 0;0,  0;1, -1> +
           ( 0.7070810, 0.0000001)|   2, 0, 0;1, -1;0,  0> +
           (-0.0001303, 0.0000000)|   2, 0, 0;1,  1;0,  0> +
           ( 0.0001303,-0.0000000)|   2, 0, 0;0,  0;1,  1> +
            ...
 |  526> = ( 0.7071141, 0.0057503)|   2, 0, 0;1,  1;0,  0> +
           ( 0.7070527, 0.0057496)|   2, 0, 0;0,  0;1,  1> +
           ( 0.0001362, 0.0000011)|   2, 0, 0;1, -1;0,  0> +
           ( 0.0001362, 0.0000011)|   2, 0, 0;0,  0;1, -1> +
            ...
 |  527> = ( 0.7071325, 0.0000002)|   2, 0, 0;1, -1;0,  0> +
           ( 0.7070810, 0.0000001)|   2, 0, 0;0,  0;1, -1> +
           (-0.0001362,-0.0000000)|   2, 0, 0;1,  1;0,  0> +
           (-0.0001362,-0.0000000)|   2, 0, 0;0,  0;1,  1> +
            ...
 |  528> = ( 0.7071097,-0.0000000)|   2, 0, 0;0,  0;1,  0> +
           ( 0.7071038,-0.0000000)|   2, 0, 0;1,  0;0,  0> +
            ...
 |  529> = (-0.7071097, 0.0000000)|   2, 0, 0;1,  0;0,  0> +
           ( 0.7071038, 0.0000000)|   2, 0, 0;0,  0;1,  0> +
           (-0.0000191,-0.0000000)|   2, 0, 0;1,  0;1,  0> +
           (-0.0000191,-0.0000000)|   2, 0, 0;0,  0;0,  0> +
            ...
 |  530> = ( 0.7072097, 0.0000003)|   3, 0, 0;1, -1;0,  0> +
           (-0.7070030,-0.0000002)|   3, 0, 0;0,  0;1, -1> +
           (-0.0007805,-0.0000000)|   3, 0, 0;1,  1;0,  0> +
           ( 0.0007801, 0.0000000)|   3, 0, 0;0,  0;1,  1> +
            ...
 |  531> = ( 0.7072151, 0.0005071)|   3, 0, 0;1,  1;0,  0> +
           (-0.7069972,-0.0005100)|   3, 0, 0;0,  0;1,  1> +
           ( 0.0007804, 0.0000005)|   3, 0, 0;1, -1;0,  0> +
           (-0.0007802,-0.0000005)|   3, 0, 0;0,  0;1, -1> +
            ...
 |  532> = ( 0.7071244,-0.0113364)|   3, 0, 0;0,  0;1,  1> +
           ( 0.7069065,-0.0113360)|   3, 0, 0;1,  1;0,  0> +
           ( 0.0008096,-0.0000130)|   3, 0, 0;0,  0;1, -1> +
           ( 0.0008096,-0.0000130)|   3, 0, 0;1, -1;0,  0> +
            ...
 |  533> = ( 0.7072096, 0.0000002)|   3, 0, 0;0,  0;1, -1> +
           ( 0.7070030, 0.0000002)|   3, 0, 0;1, -1;0,  0> +
           (-0.0008098, 0.0000000)|   3, 0, 0;0,  0;1,  1> +
           (-0.0008096, 0.0000000)|   3, 0, 0;1,  1;0,  0> +
            ...
 |  534> = (-0.7071084,-0.0000469)|   3, 0, 0;0,  0;1,  0> +
           (-0.7071052,-0.0000469)|   3, 0, 0;1,  0;0,  0> +
            ...
 |  535> = (-0.7071084,-0.0000000)|   3, 0, 0;1,  0;0,  0> +
           ( 0.7071052,-0.0000000)|   3, 0, 0;0,  0;1,  0> +
           (-0.0000191,-0.0000000)|   3, 0, 0;1,  0;1,  0> +
           (-0.0000191,-0.0000000)|   3, 0, 0;0,  0;0,  0> +
            ...
 |  536> = ( 0.7071824,-0.0000000)|   4, 0, 0;0,  0;1, -1> +
           (-0.7070311, 0.0000000)|   4, 0, 0;1, -1;0,  0> +
           (-0.0001003,-0.0000000)|   4, 0, 0;0,  0;1,  1> +
           ( 0.0001003, 0.0000000)|   4, 0, 0;1,  1;0,  0> +
            ...
 |  537> = (-0.7071774, 0.0004745)|   4, 0, 0;1,  1;0,  0> +
           ( 0.7070358,-0.0004738)|   4, 0, 0;0,  0;1,  1> +
           (-0.0001003, 0.0000001)|   4, 0, 0;1, -1;0,  0> +
           ( 0.0001003,-0.0000001)|   4, 0, 0;0,  0;1, -1> +
            ...
 |  538> = (-0.7071696, 0.0033693)|   4, 0, 0;0,  0;1,  1> +
           (-0.7070279, 0.0033693)|   4, 0, 0;1,  1;0,  0> +
           (-0.0001006, 0.0000005)|   4, 0, 0;0,  0;1, -1> +
           (-0.0001006, 0.0000005)|   4, 0, 0;1, -1;0,  0> +
            ...
 |  539> = ( 0.7071824, 0.0000000)|   4, 0, 0;1, -1;0,  0> +
           ( 0.7070311,-0.0000000)|   4, 0, 0;0,  0;1, -1> +
           (-0.0001006,-0.0000000)|   4, 0, 0;1,  1;0,  0> +
           (-0.0001006,-0.0000000)|   4, 0, 0;0,  0;1,  1> +
            ...
 |  540> = ( 0.7070376,-0.0100964)|   4, 0, 0;1,  0;0,  0> +
           ( 0.7070318,-0.0100964)|   4, 0, 0;0,  0;1,  0> +
            ...
 |  541> = (-0.7071097, 0.0000000)|   4, 0, 0;0,  0;1,  0> +
           ( 0.7071039, 0.0000000)|   4, 0, 0;1,  0;0,  0> +
           ( 0.0000191, 0.0000000)|   4, 0, 0;1,  0;1,  0> +
           ( 0.0000191, 0.0000000)|   4, 0, 0;0,  0;0,  0> +
            ...
 |  542> = (-0.7072755,-0.0000009)|   5, 0, 0;0,  0;1, -1> +
           ( 0.7069353, 0.0000008)|   5, 0, 0;1, -1;0,  0> +
           ( 0.0013949,-0.0000003)|   5, 0, 0;0,  0;1,  1> +
           (-0.0013943, 0.0000003)|   5, 0, 0;1,  1;0,  0> +
            ...
 |  543> = (-0.7071379, 0.0045207)|   5, 0, 0;0,  0;1,  1> +
           ( 0.7070440,-0.0045225)|   5, 0, 0;1,  1;0,  0> +
           ( 0.0013948,-0.0000086)|   5, 0, 0;1, -1;0,  0> +
           (-0.0013943, 0.0000086)|   5, 0, 0;0,  0;1, -1> +
            ...
 |  544> = ( 0.7072754,-0.0000031)|   5, 0, 0;1, -1;0,  0> +
           ( 0.7069353,-0.0000030)|   5, 0, 0;0,  0;1, -1> +
           (-0.0014019, 0.0000001)|   5, 0, 0;1,  1;0,  0> +
           (-0.0014006, 0.0000001)|   5, 0, 0;0,  0;1,  1> +
            ...
 |  545> = ( 0.7070141, 0.0139776)|   5, 0, 0;1,  1;0,  0> +
           ( 0.7069203, 0.0139782)|   5, 0, 0;0,  0;1,  1> +
           ( 0.0014011, 0.0000278)|   5, 0, 0;1, -1;0,  0> +
           ( 0.0014008, 0.0000278)|   5, 0, 0;0,  0;1, -1> +
            ...
 |  546> = ( 0.7071085,-0.0003100)|   5, 0, 0;0,  0;1,  0> +
           ( 0.7071050,-0.0003100)|   5, 0, 0;1,  0;0,  0> +
            ...
 |  547> = (-0.7071085,-0.0000000)|   5, 0, 0;1,  0;0,  0> +
           ( 0.7071050, 0.0000000)|   5, 0, 0;0,  0;1,  0> +
           (-0.0000191,-0.0000000)|   5, 0, 0;1,  0;1,  0> +
           (-0.0000191,-0.0000000)|   5, 0, 0;0,  0;0,  0> +
            ...
 |  548> = ( 0.5800712,-0.0636648)|   0, 1, 0;1, -1;0,  0> +
           (-0.5800694, 0.0636642)|   0, 1, 0;0,  0;1, -1> +
           (-0.3634100, 0.0152605)|   0, 1, 0;0,  0;1,  1> +
           ( 0.3633506,-0.0152556)|   0, 1, 0;1,  1;0,  0> +
           ( 0.0191809, 0.1436180)|   0, 0, 1;1, -1;0,  0> +
           (-0.0191832,-0.1436177)|   0, 0, 1;0,  0;1, -1> +
           ( 0.0292258, 0.0730792)|   0, 0, 1;1,  1;0,  0> +
           (-0.0292228,-0.0730597)|   0, 0, 1;0,  0;1,  1> +
           ( 0.0000000, 0.0000125)|   0, 0, 1;1,  0;0,  0> +
           (-0.0000002, 0.0000100)|   0, 0, 1;0,  0;1,  0> +
            ...
 |  549> = ( 0.0000000,-0.3535685)|   0, 0, 1;0,  0;1,  1> +
           (-0.0000000, 0.3535683)|   0, 0, 1;1,  1;0,  0> +
           (-0.3535666,-0.0000000)|   0, 1, 0;0,  0;1,  1> +
           ( 0.3535664, 0.0000000)|   0, 1, 0;1,  1;0,  0> +
           (-0.3535548, 0.0000000)|   0, 1, 0;1, -1;0,  0> +
           ( 0.3535544,-0.0000000)|   0, 1, 0;0,  0;1, -1> +
           (-0.0000000, 0.3535240)|   0, 0, 1;1, -1;0,  0> +
           ( 0.0000000,-0.3535240)|   0, 0, 1;0,  0;1, -1> +
            ...
 |  550> = ( 0.0007144, 0.5903325)|   0, 0, 1;0,  0;1, -1> +
           (-0.0007144,-0.5902755)|   0, 0, 1;1, -1;0,  0> +
           ( 0.0010430,-0.2971573)|   0, 0, 1;0,  0;1,  1> +
           (-0.0010421, 0.2971191)|   0, 0, 1;1,  1;0,  0> +
           (-0.2473047,-0.0006213)|   0, 1, 0;0,  0;1,  1> +
           ( 0.2472355, 0.0006214)|   0, 1, 0;1,  1;0,  0> +
           (-0.0458574, 0.0023785)|   0, 1, 0;1, -1;0,  0> +
           ( 0.0457920,-0.0023780)|   0, 1, 0;0,  0;1, -1> +
            ...
 |  551> = (-0.0647543,-0.5256655)|   0, 0, 1;0,  0;1,  1> +
           ( 0.0647537, 0.5256401)|   0, 0, 1;1,  1;0,  0> +
           ( 0.4247471,-0.0343799)|   0, 1, 0;0,  0;1,  1> +
           (-0.4246949, 0.0343761)|   0, 1, 0;1,  1;0,  0> +
           (-0.1738460, 0.0462510)|   0, 1, 0;0,  0;1, -1> +
           ( 0.1738310,-0.0462489)|   0, 1, 0;1, -1;0,  0> +
           (-0.0158759,-0.0729290)|   0, 0, 1;0,  0;1, -1> +
           ( 0.0158721, 0.0728845)|   0, 0, 1;1, -1;0,  0> +
           ( 0.0000002,-0.0000287)|   0, 0, 1;1,  0;0,  0> +
            ...
 |  552> = ( 0.0004413,-0.6539759)|   0, 0, 1;1, -1;0,  0> +
           ( 0.0004415,-0.6539009)|   0, 0, 1;0,  0;1, -1> +
           ( 0.2332060,-0.0021130)|   0, 1, 0;1,  1;0,  0> +
           ( 0.2331350,-0.0021116)|   0, 1, 0;0,  0;1,  1> +
           (-0.0156960, 0.1202323)|   0, 0, 1;0,  0;1,  1> +
           (-0.0156971, 0.1202312)|   0, 0, 1;1,  1;0,  0> +
           ( 0.0569198,-0.0070572)|   0, 1, 0;0,  0;1, -1> +
           ( 0.0569142,-0.0070573)|   0, 1, 0;1, -1;0,  0> +
           (-0.0000022, 0.0000548)|   0, 0, 1;0,  0;1,  0> +
           (-0.0000037, 0.0000335)|   0, 0, 1;1,  0;0,  0> +
            ...
 |  553> = (-0.5578503,-0.0026425)|   0, 1, 0;1, -1;0,  0> +
           (-0.5578400,-0.0026432)|   0, 1, 0;0,  0;1, -1> +
           (-0.2823983,-0.0007573)|   0, 1, 0;1,  1;0,  0> +
           (-0.2823711,-0.0007570)|   0, 1, 0;0,  0;1,  1> +
           (-0.0058410,-0.2644892)|   0, 0, 1;1,  1;0,  0> +
           (-0.0058403,-0.2644450)|   0, 0, 1;0,  0;1,  1> +
           ( 0.0001441,-0.1977245)|   0, 0, 1;0,  0;1, -1> +
           ( 0.0001438,-0.1976645)|   0, 0, 1;1, -1;0,  0> +
           (-0.0000007, 0.0000139)|   0, 0, 1;0,  0;1,  0> +
            ...
 |  554> = (-0.5751025,-0.0251535)|   0, 1, 0;1,  1;0,  0> +
           (-0.5750379,-0.0251514)|   0, 1, 0;0,  0;1,  1> +
           ( 0.0308692, 0.3477948)|   0, 0, 1;1,  1;0,  0> +
           ( 0.0308687, 0.3477681)|   0, 0, 1;0,  0;1,  1> +
           ( 0.1708958, 0.0309521)|   0, 1, 0;0,  0;1, -1> +
           ( 0.1708608, 0.0309488)|   0, 1, 0;1, -1;0,  0> +
           ( 0.0203969,-0.1272153)|   0, 0, 1;0,  0;1, -1> +
           ( 0.0203977,-0.1272124)|   0, 0, 1;1, -1;0,  0> +
            ...
 |  555> = ( 0.2285929,-0.4910844)|   0, 0, 1;1,  1;0,  0> +
           ( 0.2285945,-0.4910787)|   0, 0, 1;0,  0;1,  1> +
           ( 0.3418049, 0.1962788)|   0, 1, 0;0,  0;1, -1> +
           ( 0.3418037, 0.1962765)|   0, 1, 0;1, -1;0,  0> +
           (-0.1393320,-0.1230193)|   0, 1, 0;0,  0;1,  1> +
           (-0.1393265,-0.1230236)|   0, 1, 0;1,  1;0,  0> +
           ( 0.0538631,-0.1173912)|   0, 0, 1;1, -1;0,  0> +
           ( 0.0538635,-0.1173901)|   0, 0, 1;0,  0;1, -1> +
           ( 0.0000105,-0.0000019)|   0, 1, 0;0,  0;1,  0> +
            ...
 |  556> = (-0.0194841, 0.7066913)|   0, 0, 1;0,  0;1,  0> +
           (-0.0194908, 0.7066242)|   0, 0, 1;1,  0;0,  0> +
           (-0.0159733, 0.0001460)|   0, 1, 0;0,  0;1,  0> +
           (-0.0159668, 0.0001464)|   0, 1, 0;1,  0;0,  0> +
           ( 0.0000014, 0.0000486)|   0, 0, 1;0,  0;1, -1> +
           ( 0.0000017, 0.0000408)|   0, 0, 1;1, -1;0,  0> +
           (-0.0000235, 0.0000013)|   0, 1, 0;1,  1;0,  0> +
           (-0.0000013,-0.0000182)|   0, 0, 1;0,  0;1,  1> +
           ( 0.0000010, 0.0000108)|   0, 0, 1;1,  1;0,  0> +
            ...
 |  557> = ( 0.6995817, 0.1019049)|   0, 1, 0;1,  0;0,  0> +
           ( 0.6995047, 0.1019017)|   0, 1, 0;0,  0;1,  0> +
           (-0.0028810, 0.0157121)|   0, 0, 1;1,  0;0,  0> +
           (-0.0028808, 0.0157053)|   0, 0, 1;0,  0;1,  0> +
            ...
 |  558> = ( 0.0185451, 0.7039417)|   0, 0, 1;1,  0;0,  0> +
           (-0.0185518,-0.7038743)|   0, 0, 1;0,  0;1,  0> +
           (-0.0645721, 0.0000047)|   0, 1, 0;1,  0;0,  0> +
           ( 0.0645709,-0.0000047)|   0, 1, 0;0,  0;1,  0> +
           ( 0.0000005, 0.0000190)|   0, 0, 1;1,  0;1,  0> +
           ( 0.0000005, 0.0000190)|   0, 0, 1;0,  0;0,  0> +
           ( 0.0000003,-0.0000129)|   0, 0, 1;0,  0;1, -1> +
            ...
 |  559> = (-0.7038158, 0.0229788)|   0, 1, 0;0,  0;1,  0> +
           ( 0.7037387,-0.0229843)|   0, 1, 0;1,  0;0,  0> +
           (-0.0038024,-0.0644605)|   0, 0, 1;0,  0;1,  0> +
           ( 0.0038017, 0.0644584)|   0, 0, 1;1,  0;0,  0> +
           ( 0.0000190,-0.0000006)|   0, 1, 0;1,  0;1,  0> +
           ( 0.0000190,-0.0000006)|   0, 1, 0;0,  0;0,  0> +
           ( 0.0000036,-0.0000096)|   0, 0, 1;0,  0;1,  1> +
            ...
 |  560> = (-0.7068325, 0.0229071)|   6, 0, 0;1,  1;0,  0> +
           ( 0.7066410,-0.0228114)|   6, 0, 0;0,  0;1,  1> +
           (-0.0007581,-0.0001703)|   6, 0, 0;0,  0;1, -1> +
           ( 0.0007562, 0.0001702)|   6, 0, 0;1, -1;0,  0> +
            ...
 |  561> = ( 0.7072485,-0.0001605)|   6, 0, 0;1, -1;0,  0> +
           (-0.7069641, 0.0001606)|   6, 0, 0;0,  0;1, -1> +
           ( 0.0007513,-0.0001948)|   6, 0, 0;1,  1;0,  0> +
           (-0.0007510, 0.0001948)|   6, 0, 0;0,  0;1,  1> +
            ...
