p1710
p1710
p1710
p1710
p1710
p1710
p1710
p1710
p1710
p1710
p1710
p1710
p1710
p1710
p1710
p1710
p1710
p1710
p1710
p1710
p1710
p1710
p1710
p1710
# Parameters of the model
#  mass:		  261.0000 u
#  charge:	    1.0000 e
#  dipole:	   4.74500 D
#  B:		    503.65 MHz
#  omega_rho:	    1.4000 MHz
#  omega_z:	  0.144000 MHz

# omega_1:	  0.249415 MHz
# omega_3/5:	   1.39257 MHz

# Basis truncation:	|32,4,4;2,2>
# Basis size:		41472

# Active terms of the Hamiltionian:
# 	Nomal modes:	1
# 	T_rot:      	1
# 	V_qd^{(0)}: 	1
# 	V_qd^{(1)}: 	1
# 	V_dd^{(0)}: 	1

# Results of the diagonalisation
# 100 smallest eigenvalues
 6.083346030 7.083346030 8.083346030 9.083346030 10.083346030 11.083346030 11.666702396 11.666702396 12.083346030 12.666702396 12.666702396 13.083346029 13.666702396 13.666702396 14.083346030 14.666702396 14.666702396 15.083346030 15.666702396 15.666702396 16.083346030 16.666702395 16.666702396 17.083346029 17.250058762 17.250058762 17.250058762 17.666702396 17.666702396 18.083346029 18.250058762 18.250058763 18.250058763 18.666702396 18.666702396 19.083346029 19.250058762 19.250058762 19.250058762 19.666702396 19.666702396 20.083346029 20.250058762 20.250058762 20.250058763 20.666702396 20.666702396 21.083346030 21.250058762 21.250058762 21.250058763 21.666702396 21.666702396 22.083346030 22.250058762 22.250058762 22.250058762 22.666702395 22.666702396 22.833415129 22.833415129 22.833415129 22.833415129 23.083346030 23.250058762 23.250058763 23.250058763 23.666702396 23.666702396 23.833415128 23.833415128 23.833415129 23.833415129 24.083346030 24.250058762 24.250058762 24.250058762 24.666702396 24.666702396 24.833415128 24.833415129 24.833415129 24.833415129 25.083346029 25.250058762 25.250058762 25.250058762 25.666702395 25.666702396 25.833415128 25.833415129 25.833415129 25.833415129 26.083346029 26.250058762 26.250058763 26.250058763 26.666702395 26.666702397 26.833415128

# Ground state and the lowest excitations:
 |    0> = ( 1.0000000, 0.0000000)|   0, 0, 0;0,  0;0,  0> +
           ( 0.0000143,-0.0000000)|   0, 0, 0;0,  0;1,  0> +
           (-0.0000143,-0.0000000)|   0, 0, 0;1,  0;0,  0> +
            ...
 |    1> = ( 1.0000000, 0.0000000)|   1, 0, 0;0,  0;0,  0> +
           ( 0.0000143,-0.0000000)|   1, 0, 0;0,  0;1,  0> +
           (-0.0000143,-0.0000000)|   1, 0, 0;1,  0;0,  0> +
            ...
 |    2> = ( 1.0000000, 0.0000000)|   2, 0, 0;0,  0;0,  0> +
           ( 0.0000143,-0.0000000)|   2, 0, 0;0,  0;1,  0> +
           (-0.0000143,-0.0000000)|   2, 0, 0;1,  0;0,  0> +
            ...
 |    3> = ( 1.0000000, 0.0000000)|   3, 0, 0;0,  0;0,  0> +
           (-0.0000143,-0.0000000)|   3, 0, 0;1,  0;0,  0> +
           ( 0.0000143,-0.0000000)|   3, 0, 0;0,  0;1,  0> +
            ...
 |    4> = ( 1.0000000,-0.0000000)|   4, 0, 0;0,  0;0,  0> +
           ( 0.0000143,-0.0000000)|   4, 0, 0;0,  0;1,  0> +
           (-0.0000143, 0.0000000)|   4, 0, 0;1,  0;0,  0> +
            ...
 |    5> = (-1.0000000,-0.0000000)|   5, 0, 0;0,  0;0,  0> +
           (-0.0000143,-0.0000000)|   5, 0, 0;0,  0;1,  0> +
           ( 0.0000143, 0.0000000)|   5, 0, 0;1,  0;0,  0> +
            ...
 |    6> = (-0.7094292,-0.0000262)|   0, 1, 0;0,  0;0,  0> +
           (-0.0000262, 0.7047767)|   0, 0, 1;0,  0;0,  0> +
           (-0.0000101,-0.0000000)|   0, 1, 0;0,  0;1,  0> +
           ( 0.0000101, 0.0000000)|   0, 1, 0;1,  0;0,  0> +
           (-0.0000000, 0.0000101)|   0, 0, 1;0,  0;1,  0> +
           ( 0.0000000,-0.0000101)|   0, 0, 1;1,  0;0,  0> +
            ...
 |    7> = ( 0.0000001,-0.7094292)|   0, 0, 1;0,  0;0,  0> +
           (-0.7047767, 0.0000001)|   0, 1, 0;0,  0;0,  0> +
           ( 0.0000000,-0.0000101)|   0, 0, 1;0,  0;1,  0> +
           (-0.0000000, 0.0000101)|   0, 0, 1;1,  0;0,  0> +
           (-0.0000101, 0.0000000)|   0, 1, 0;0,  0;1,  0> +
           ( 0.0000101,-0.0000000)|   0, 1, 0;1,  0;0,  0> +
            ...
 |    8> = ( 1.0000000, 0.0000000)|   6, 0, 0;0,  0;0,  0> +
           (-0.0000143,-0.0000000)|   6, 0, 0;1,  0;0,  0> +
           ( 0.0000143, 0.0000000)|   6, 0, 0;0,  0;1,  0> +
            ...
 |    9> = ( 0.7337563, 0.0153111)|   1, 1, 0;0,  0;0,  0> +
           ( 0.0153052,-0.6790677)|   1, 0, 1;0,  0;0,  0> +
           ( 0.0000105, 0.0000002)|   1, 1, 0;0,  0;1,  0> +
           (-0.0000105,-0.0000002)|   1, 1, 0;1,  0;0,  0> +
            ...
 |   10> = (-0.0005894, 0.7339158)|   1, 0, 1;0,  0;0,  0> +
           ( 0.6792400,-0.0005896)|   1, 1, 0;0,  0;0,  0> +
           ( 0.0000000,-0.0000105)|   1, 0, 1;1,  0;0,  0> +
           (-0.0000000, 0.0000105)|   1, 0, 1;0,  0;1,  0> +
            ...
 |   11> = ( 1.0000000,-0.0000000)|   7, 0, 0;0,  0;0,  0> +
           ( 0.0000143,-0.0000000)|   7, 0, 0;0,  0;1,  0> +
           (-0.0000143, 0.0000000)|   7, 0, 0;1,  0;0,  0> +
            ...
 |   12> = ( 0.0015314, 0.7212057)|   2, 0, 1;0,  0;0,  0> +
           ( 0.6927176, 0.0015318)|   2, 1, 0;0,  0;0,  0> +
           (-0.0000000,-0.0000103)|   2, 0, 1;1,  0;0,  0> +
           ( 0.0000000, 0.0000103)|   2, 0, 1;0,  0;1,  0> +
            ...
 |   13> = (-0.7171783, 0.0761263)|   2, 1, 0;0,  0;0,  0> +
           ( 0.0761045, 0.6885261)|   2, 0, 1;0,  0;0,  0> +
           (-0.0000102, 0.0000011)|   2, 1, 0;0,  0;1,  0> +
           ( 0.0000102,-0.0000011)|   2, 1, 0;1,  0;0,  0> +
            ...
 |   14> = ( 1.0000000,-0.0000000)|   8, 0, 0;0,  0;0,  0> +
           ( 0.0000143,-0.0000000)|   8, 0, 0;0,  0;1,  0> +
           (-0.0000143, 0.0000000)|   8, 0, 0;1,  0;0,  0> +
            ...
 |   15> = (-0.0000063, 0.7094967)|   3, 0, 1;0,  0;0,  0> +
           ( 0.7047088,-0.0000063)|   3, 1, 0;0,  0;0,  0> +
           (-0.0000000, 0.0000101)|   3, 0, 1;0,  0;1,  0> +
           ( 0.0000000,-0.0000101)|   3, 0, 1;1,  0;0,  0> +
           (-0.0000101, 0.0000000)|   3, 1, 0;1,  0;0,  0> +
           ( 0.0000101,-0.0000000)|   3, 1, 0;0,  0;1,  0> +
            ...
 |   16> = (-0.7094940,-0.0019377)|   3, 1, 0;0,  0;0,  0> +
           (-0.0019372, 0.7047061)|   3, 0, 1;0,  0;0,  0> +
           ( 0.0000101, 0.0000000)|   3, 1, 0;1,  0;0,  0> +
           (-0.0000101,-0.0000000)|   3, 1, 0;0,  0;1,  0> +
           (-0.0000000, 0.0000101)|   3, 0, 1;0,  0;1,  0> +
           ( 0.0000000,-0.0000101)|   3, 0, 1;1,  0;0,  0> +
            ...
 |   17> = ( 1.0000000,-0.0000000)|   9, 0, 0;0,  0;0,  0> +
           (-0.0000143, 0.0000000)|   9, 0, 0;1,  0;0,  0> +
           ( 0.0000143,-0.0000000)|   9, 0, 0;0,  0;1,  0> +
            ...
 |   18> = (-0.7119175,-0.0000387)|   4, 1, 0;0,  0;0,  0> +
           (-0.0000387,-0.7022631)|   4, 0, 1;0,  0;0,  0> +
           (-0.0000102,-0.0000000)|   4, 1, 0;0,  0;1,  0> +
           ( 0.0000102, 0.0000000)|   4, 1, 0;1,  0;0,  0> +
           (-0.0000000,-0.0000100)|   4, 0, 1;0,  0;1,  0> +
           ( 0.0000000, 0.0000100)|   4, 0, 1;1,  0;0,  0> +
            ...
 |   19> = ( 0.0056033,-0.7118955)|   4, 0, 1;0,  0;0,  0> +
           ( 0.7022407, 0.0056042)|   4, 1, 0;0,  0;0,  0> +
           ( 0.0000001,-0.0000102)|   4, 0, 1;0,  0;1,  0> +
           (-0.0000001, 0.0000102)|   4, 0, 1;1,  0;0,  0> +
           ( 0.0000100, 0.0000001)|   4, 1, 0;0,  0;1,  0> +
           (-0.0000100,-0.0000001)|   4, 1, 0;1,  0;0,  0> +
            ...
 |   20> = (-1.0000000,-0.0000000)|  10, 0, 0;0,  0;0,  0> +
           (-0.0000143,-0.0000000)|  10, 0, 0;0,  0;1,  0> +
           ( 0.0000143, 0.0000000)|  10, 0, 0;1,  0;0,  0> +
            ...
 |   21> = ( 0.7088842, 0.0186712)|   5, 1, 0;0,  0;0,  0> +
           ( 0.0186686,-0.7048305)|   5, 0, 1;0,  0;0,  0> +
           ( 0.0000101, 0.0000003)|   5, 1, 0;0,  0;1,  0> +
           (-0.0000101,-0.0000003)|   5, 1, 0;1,  0;0,  0> +
           (-0.0000003, 0.0000101)|   5, 0, 1;1,  0;0,  0> +
           ( 0.0000003,-0.0000101)|   5, 0, 1;0,  0;1,  0> +
            ...
 |   22> = (-0.0000522, 0.7091300)|   5, 0, 1;0,  0;0,  0> +
           ( 0.7050777,-0.0000522)|   5, 1, 0;0,  0;0,  0> +
           (-0.0000000, 0.0000101)|   5, 0, 1;0,  0;1,  0> +
           ( 0.0000000,-0.0000101)|   5, 0, 1;1,  0;0,  0> +
           (-0.0000101, 0.0000000)|   5, 1, 0;1,  0;0,  0> +
           ( 0.0000101,-0.0000000)|   5, 1, 0;0,  0;1,  0> +
            ...
 |   23> = (-1.0000000, 0.0000000)|  11, 0, 0;0,  0;0,  0> +
           (-0.0000143, 0.0000000)|  11, 0, 0;0,  0;1,  0> +
           ( 0.0000143,-0.0000000)|  11, 0, 0;1,  0;0,  0> +
            ...
 |   24> = (-0.0000014, 1.0000000)|   0, 1, 1;0,  0;0,  0> +
           ( 0.0000000,-0.0000143)|   0, 1, 1;1,  0;0,  0> +
           (-0.0000000, 0.0000143)|   0, 1, 1;0,  0;1,  0> +
            ...
 # The upper part of the spectrum
 # Eigenvalues first: 512	 last: 562
 25381.705786196 25381.705786196 25381.705787307 25381.705787307 25381.705790291 25381.705792514 25382.705786195 25382.705786196 25382.705787307 25382.705787307 25382.705790291 25382.705792514 25383.705786196 25383.705786196 25383.705787307 25383.705787307 25383.705790291 25383.705792514 25384.705786196 25384.705786196 25384.705787307 25384.705787307 25384.705790291 25384.705792514 25385.705786196 25385.705786196 25385.705787307 25385.705787307 25385.705790291 25385.705792514 25386.705786195 25386.705786196 25386.705787307 25386.705787307 25386.705790291 25386.705792514 25387.289142562 25387.289142562 25387.289142562 25387.289142562 25387.289143673 25387.289143674 25387.289143674 25387.289143674 25387.289146658 25387.289146658 25387.289148881 25387.289148881 25387.705786196 25387.705786196

# Excited states :
 |  511> = ( 0.0028738, 0.9999959)|  31, 3, 3;0,  0;0,  0> +
           ( 0.0000000, 0.0000143)|  31, 3, 3;0,  0;1,  0> +
           (-0.0000000,-0.0000143)|  31, 3, 3;1,  0;0,  0> +
            ...
 |  512> = ( 0.6908545, 0.1419135)|   0, 0, 0;1,  1;0,  0> +
           (-0.6908452,-0.1419077)|   0, 0, 0;0,  0;1,  1> +
           ( 0.0508826, 0.0000330)|   0, 0, 0;0,  0;1, -1> +
           (-0.0508587,-0.0000326)|   0, 0, 0;1, -1;0,  0> +
           ( 0.0000099, 0.0000020)|   0, 0, 0;1,  1;1,  0> +
           ( 0.0000099, 0.0000020)|   0, 0, 0;1,  0;1,  1> +
            ...
 |  513> = (-0.7053194, 0.0000022)|   0, 0, 0;0,  0;1, -1> +
           ( 0.7052297,-0.0000034)|   0, 0, 0;1, -1;0,  0> +
           ( 0.0498410, 0.0102035)|   0, 0, 0;1,  1;0,  0> +
           (-0.0498328,-0.0102036)|   0, 0, 0;0,  0;1,  1> +
           ( 0.0000101,-0.0000000)|   0, 0, 0;1,  0;1, -1> +
           ( 0.0000101,-0.0000000)|   0, 0, 0;1, -1;1,  0> +
            ...
 |  514> = ( 0.7055806, 0.0382263)|   0, 0, 0;0,  0;1,  1> +
           ( 0.7055689, 0.0382293)|   0, 0, 0;1,  1;0,  0> +
           ( 0.0265138,-0.0000090)|   0, 0, 0;0,  0;1, -1> +
           ( 0.0265097,-0.0000101)|   0, 0, 0;1, -1;0,  0> +
           (-0.0000101,-0.0000005)|   0, 0, 0;1,  0;1,  1> +
           ( 0.0000101, 0.0000005)|   0, 0, 0;1,  1;1,  0> +
            ...
 |  515> = ( 0.7066553,-0.0000011)|   0, 0, 0;1, -1;0,  0> +
           ( 0.7065639, 0.0000001)|   0, 0, 0;0,  0;1, -1> +
           (-0.0264807,-0.0014455)|   0, 0, 0;1,  1;0,  0> +
           (-0.0264641,-0.0014422)|   0, 0, 0;0,  0;1,  1> +
           ( 0.0000101,-0.0000000)|   0, 0, 0;1, -1;1,  0> +
           (-0.0000101,-0.0000000)|   0, 0, 0;1,  0;1, -1> +
            ...
 |  516> = (-0.7071076, 0.0000000)|   0, 0, 0;1,  0;0,  0> +
           (-0.7071060, 0.0000000)|   0, 0, 0;0,  0;1,  0> +
            ...
 |  517> = ( 0.7071076,-0.0000000)|   0, 0, 0;0,  0;1,  0> +
           (-0.7071060,-0.0000000)|   0, 0, 0;1,  0;0,  0> +
           (-0.0000202, 0.0000000)|   0, 0, 0;1,  0;1,  0> +
           (-0.0000202, 0.0000000)|   0, 0, 0;0,  0;0,  0> +
            ...
 |  518> = (-0.5583364, 0.0523767)|   1, 0, 0;1, -1;0,  0> +
           ( 0.5583270,-0.0523653)|   1, 0, 0;0,  0;1, -1> +
           ( 0.4288461,-0.0402316)|   1, 0, 0;1,  1;0,  0> +
           (-0.4288368, 0.0402170)|   1, 0, 0;0,  0;1,  1> +
            ...
 |  519> = ( 0.5607912, 0.0000003)|   1, 0, 0;0,  0;1,  1> +
           (-0.5607738,-0.0000003)|   1, 0, 0;1,  1;0,  0> +
           ( 0.4307355,-0.0000004)|   1, 0, 0;0,  0;1, -1> +
           (-0.4307122, 0.0000004)|   1, 0, 0;1, -1;0,  0> +
            ...
 |  520> = ( 0.5062088, 0.2568401)|   1, 0, 0;0,  0;1,  1> +
           ( 0.5062056, 0.2568267)|   1, 0, 0;1,  1;0,  0> +
           (-0.3762585,-0.1903296)|   1, 0, 0;0,  0;1, -1> +
           (-0.3762542,-0.1903121)|   1, 0, 0;1, -1;0,  0> +
            ...
 |  521> = ( 0.5676426,-0.0002472)|   1, 0, 0;1, -1;0,  0> +
           ( 0.5676266,-0.0002470)|   1, 0, 0;0,  0;1, -1> +
           ( 0.4216646, 0.0003335)|   1, 0, 0;1,  1;0,  0> +
           ( 0.4216403, 0.0003333)|   1, 0, 0;0,  0;1,  1> +
            ...
 |  522> = (-0.7071072,-0.0000000)|   1, 0, 0;0,  0;1,  0> +
           (-0.7071064,-0.0000000)|   1, 0, 0;1,  0;0,  0> +
            ...
 |  523> = ( 0.7071072, 0.0000000)|   1, 0, 0;1,  0;0,  0> +
           (-0.7071064, 0.0000000)|   1, 0, 0;0,  0;1,  0> +
           ( 0.0000202, 0.0000000)|   1, 0, 0;1,  0;1,  0> +
           ( 0.0000202, 0.0000000)|   1, 0, 0;0,  0;0,  0> +
            ...
 |  524> = (-0.7072052,-0.0062694)|   2, 0, 0;0,  0;1,  1> +
           ( 0.7069497, 0.0062704)|   2, 0, 0;1,  1;0,  0> +
           (-0.0014662,-0.0000131)|   2, 0, 0;0,  0;1, -1> +
           ( 0.0014656, 0.0000131)|   2, 0, 0;1, -1;0,  0> +
           ( 0.0000101, 0.0000001)|   2, 0, 0;1,  0;1,  1> +
           ( 0.0000101, 0.0000001)|   2, 0, 0;1,  1;1,  0> +
            ...
 |  525> = (-0.7071413, 0.0000000)|   2, 0, 0;1, -1;0,  0> +
           ( 0.7070692,-0.0000000)|   2, 0, 0;0,  0;1, -1> +
           ( 0.0014660,-0.0000001)|   2, 0, 0;1,  1;0,  0> +
           (-0.0014659, 0.0000001)|   2, 0, 0;0,  0;1,  1> +
           (-0.0000101, 0.0000000)|   2, 0, 0;1, -1;1,  0> +
           (-0.0000101, 0.0000000)|   2, 0, 0;1,  0;1, -1> +
            ...
 |  526> = ( 0.7072284,-0.0025702)|   2, 0, 0;1,  1;0,  0> +
           ( 0.7069729,-0.0025725)|   2, 0, 0;0,  0;1,  1> +
           ( 0.0014271,-0.0000052)|   2, 0, 0;1, -1;0,  0> +
           ( 0.0014265,-0.0000052)|   2, 0, 0;0,  0;1, -1> +
           ( 0.0000101,-0.0000000)|   2, 0, 0;1,  1;1,  0> +
           (-0.0000101, 0.0000000)|   2, 0, 0;1,  0;1,  1> +
            ...
 |  527> = (-0.7071414, 0.0000001)|   2, 0, 0;0,  0;1, -1> +
           (-0.7070693, 0.0000001)|   2, 0, 0;1, -1;0,  0> +
           ( 0.0014269, 0.0000000)|   2, 0, 0;0,  0;1,  1> +
           ( 0.0014267, 0.0000000)|   2, 0, 0;1,  1;0,  0> +
           ( 0.0000101,-0.0000000)|   2, 0, 0;1,  0;1, -1> +
           (-0.0000101, 0.0000000)|   2, 0, 0;1, -1;1,  0> +
            ...
 |  528> = (-0.7071074,-0.0000009)|   2, 0, 0;1,  0;0,  0> +
           (-0.7071061,-0.0000009)|   2, 0, 0;0,  0;1,  0> +
            ...
 |  529> = (-0.7071074,-0.0000000)|   2, 0, 0;0,  0;1,  0> +
           ( 0.7071061,-0.0000000)|   2, 0, 0;1,  0;0,  0> +
           ( 0.0000202,-0.0000000)|   2, 0, 0;1,  0;1,  0> +
           ( 0.0000202,-0.0000000)|   2, 0, 0;0,  0;0,  0> +
            ...
 |  530> = ( 0.7068788,-0.0000012)|   3, 0, 0;0,  0;1, -1> +
           (-0.7067027, 0.0000013)|   3, 0, 0;1, -1;0,  0> +
           (-0.0211406,-0.0000016)|   3, 0, 0;0,  0;1,  1> +
           ( 0.0211345, 0.0000016)|   3, 0, 0;1,  1;0,  0> +
           (-0.0000101, 0.0000000)|   3, 0, 0;1,  0;1, -1> +
           (-0.0000101, 0.0000000)|   3, 0, 0;1, -1;1,  0> +
            ...
 |  531> = (-0.7067676,-0.0074312)|   3, 0, 0;1,  1;0,  0> +
           ( 0.7067359, 0.0074304)|   3, 0, 0;0,  0;1,  1> +
           (-0.0211370,-0.0002206)|   3, 0, 0;1, -1;0,  0> +
           ( 0.0211358, 0.0002205)|   3, 0, 0;0,  0;1, -1> +
           (-0.0000101,-0.0000001)|   3, 0, 0;1,  1;1,  0> +
           (-0.0000101,-0.0000001)|   3, 0, 0;1,  0;1,  1> +
            ...
 |  532> = ( 0.7063380, 0.0254927)|   3, 0, 0;0,  0;1,  1> +
           ( 0.7063063, 0.0254920)|   3, 0, 0;1,  1;0,  0> +
           ( 0.0214162, 0.0007649)|   3, 0, 0;0,  0;1, -1> +
           ( 0.0214145, 0.0007648)|   3, 0, 0;1, -1;0,  0> +
           (-0.0000101,-0.0000004)|   3, 0, 0;1,  0;1,  1> +
           ( 0.0000101, 0.0000004)|   3, 0, 0;1,  1;1,  0> +
            ...
 |  533> = ( 0.7068700, 0.0000013)|   3, 0, 0;1, -1;0,  0> +
           ( 0.7066939, 0.0000013)|   3, 0, 0;0,  0;1, -1> +
           (-0.0214317,-0.0000081)|   3, 0, 0;1,  1;0,  0> +
           (-0.0214263,-0.0000081)|   3, 0, 0;0,  0;1,  1> +
           ( 0.0000101, 0.0000000)|   3, 0, 0;1, -1;1,  0> +
           (-0.0000101,-0.0000000)|   3, 0, 0;1,  0;1, -1> +
            ...
 |  534> = (-0.7071081,-0.0008386)|   3, 0, 0;0,  0;1,  0> +
           (-0.7071045,-0.0008386)|   3, 0, 0;1,  0;0,  0> +
            ...
 |  535> = ( 0.7071086, 0.0000000)|   3, 0, 0;1,  0;0,  0> +
           (-0.7071050, 0.0000000)|   3, 0, 0;0,  0;1,  0> +
           ( 0.0000202,-0.0000000)|   3, 0, 0;1,  0;1,  0> +
           ( 0.0000202,-0.0000000)|   3, 0, 0;0,  0;0,  0> +
            ...
 |  536> = (-0.7072527,-0.0000006)|   4, 0, 0;1, -1;0,  0> +
           ( 0.7069562, 0.0000005)|   4, 0, 0;0,  0;1, -1> +
           ( 0.0018027, 0.0000000)|   4, 0, 0;1,  1;0,  0> +
           (-0.0018019,-0.0000000)|   4, 0, 0;0,  0;1,  1> +
           (-0.0000101,-0.0000000)|   4, 0, 0;1, -1;1,  0> +
           (-0.0000101,-0.0000000)|   4, 0, 0;1,  0;1, -1> +
            ...
 |  537> = (-0.7071020,-0.0057347)|   4, 0, 0;1,  1;0,  0> +
           ( 0.7070605, 0.0057335)|   4, 0, 0;0,  0;1,  1> +
           (-0.0018024,-0.0000146)|   4, 0, 0;1, -1;0,  0> +
           ( 0.0018022, 0.0000146)|   4, 0, 0;0,  0;1, -1> +
           (-0.0000101,-0.0000001)|   4, 0, 0;1,  1;1,  0> +
           (-0.0000101,-0.0000001)|   4, 0, 0;1,  0;1,  1> +
            ...
 |  538> = ( 0.7072513, 0.0000007)|   4, 0, 0;0,  0;1, -1> +
           ( 0.7069547, 0.0000008)|   4, 0, 0;1, -1;0,  0> +
           (-0.0023079,-0.0000083)|   4, 0, 0;0,  0;1,  1> +
           (-0.0023072,-0.0000083)|   4, 0, 0;1,  1;0,  0> +
           (-0.0000101,-0.0000000)|   4, 0, 0;1,  0;1, -1> +
           ( 0.0000101, 0.0000000)|   4, 0, 0;1, -1;1,  0> +
            ...
 |  539> = ( 0.7070138, 0.0124716)|   4, 0, 0;0,  0;1,  1> +
           ( 0.7069722, 0.0124716)|   4, 0, 0;1,  1;0,  0> +
           ( 0.0023074, 0.0000324)|   4, 0, 0;0,  0;1, -1> +
           ( 0.0023072, 0.0000324)|   4, 0, 0;1, -1;0,  0> +
           (-0.0000101,-0.0000002)|   4, 0, 0;1,  0;1,  1> +
           ( 0.0000101, 0.0000002)|   4, 0, 0;1,  1;1,  0> +
            ...
 |  540> = (-0.6905248, 0.1522366)|   4, 0, 0;0,  0;1,  0> +
           (-0.6905241, 0.1522366)|   4, 0, 0;1,  0;0,  0> +
            ...
 |  541> = (-0.7071071, 0.0000001)|   4, 0, 0;1,  0;0,  0> +
           ( 0.7071064, 0.0000001)|   4, 0, 0;0,  0;1,  0> +
           (-0.0000202,-0.0000000)|   4, 0, 0;1,  0;1,  0> +
           (-0.0000202,-0.0000000)|   4, 0, 0;0,  0;0,  0> +
            ...
 |  542> = ( 0.7059211, 0.0058714)|   5, 0, 0;0,  0;1,  1> +
           (-0.7054720,-0.0058722)|   5, 0, 0;1,  1;0,  0> +
           ( 0.0442610, 0.0003667)|   5, 0, 0;0,  0;1, -1> +
           (-0.0442312,-0.0003667)|   5, 0, 0;1, -1;0,  0> +
           (-0.0000101,-0.0000001)|   5, 0, 0;1,  0;1,  1> +
           (-0.0000101,-0.0000001)|   5, 0, 0;1,  1;1,  0> +
            ...
 |  543> = (-0.7057226, 0.0000014)|   5, 0, 0;1, -1;0,  0> +
           ( 0.7057194,-0.0000015)|   5, 0, 0;0,  0;1, -1> +
           ( 0.0442480, 0.0000014)|   5, 0, 0;1,  1;0,  0> +
           (-0.0442472,-0.0000014)|   5, 0, 0;0,  0;1,  1> +
           (-0.0000101, 0.0000000)|   5, 0, 0;1, -1;1,  0> +
           (-0.0000101, 0.0000000)|   5, 0, 0;1,  0;1, -1> +
            ...
 |  544> = (-0.7067834, 0.0000104)|   5, 0, 0;0,  0;1, -1> +
           (-0.7067811, 0.0000103)|   5, 0, 0;1, -1;0,  0> +
           ( 0.0214293, 0.0000339)|   5, 0, 0;0,  0;1,  1> +
           ( 0.0214129, 0.0000338)|   5, 0, 0;1,  1;0,  0> +
           ( 0.0000101,-0.0000000)|   5, 0, 0;1,  0;1, -1> +
           (-0.0000101, 0.0000000)|   5, 0, 0;1, -1;1,  0> +
            ...
 |  545> = (-0.7070059, 0.0010354)|   5, 0, 0;1,  1;0,  0> +
           (-0.7065570, 0.0010392)|   5, 0, 0;0,  0;1,  1> +
           (-0.0214354, 0.0000654)|   5, 0, 0;1, -1;0,  0> +
           (-0.0214066, 0.0000657)|   5, 0, 0;0,  0;1, -1> +
           (-0.0000101, 0.0000000)|   5, 0, 0;1,  1;1,  0> +
           ( 0.0000101,-0.0000000)|   5, 0, 0;1,  0;1,  1> +
            ...
 |  546> = ( 0.7070888,-0.0052827)|   5, 0, 0;1,  0;0,  0> +
           ( 0.7070853,-0.0052827)|   5, 0, 0;0,  0;1,  0> +
            ...
 |  547> = (-0.7071085, 0.0000000)|   5, 0, 0;0,  0;1,  0> +
           ( 0.7071050, 0.0000000)|   5, 0, 0;1,  0;0,  0> +
           ( 0.0000202, 0.0000000)|   5, 0, 0;1,  0;1,  0> +
           ( 0.0000202, 0.0000000)|   5, 0, 0;0,  0;0,  0> +
            ...
 |  548> = (-0.5381679, 0.0987535)|   0, 1, 0;1, -1;0,  0> +
           ( 0.5381497,-0.0987511)|   0, 1, 0;0,  0;1, -1> +
           (-0.0494949,-0.4272747)|   0, 0, 1;1, -1;0,  0> +
           ( 0.0494895, 0.4272301)|   0, 0, 1;0,  0;1, -1> +
           (-0.0300486,-0.1195665)|   0, 0, 1;1,  1;0,  0> +
           ( 0.0300463, 0.1195332)|   0, 0, 1;0,  0;1,  1> +
           ( 0.0086513, 0.0192129)|   0, 1, 0;1,  1;0,  0> +
           (-0.0086520,-0.0192124)|   0, 1, 0;0,  0;1,  1> +
            ...
 |  549> = ( 0.0000000,-0.3535697)|   0, 0, 1;1, -1;0,  0> +
           (-0.0000000, 0.3535695)|   0, 0, 1;0,  0;1, -1> +
           ( 0.3535601,-0.0000000)|   0, 1, 0;0,  0;1,  1> +
           (-0.3535600, 0.0000000)|   0, 1, 0;1,  1;0,  0> +
           ( 0.3535556,-0.0000000)|   0, 1, 0;1, -1;0,  0> +
           (-0.3535550, 0.0000000)|   0, 1, 0;0,  0;1, -1> +
           ( 0.0000000,-0.3535288)|   0, 0, 1;1,  1;0,  0> +
           (-0.0000000, 0.3535284)|   0, 0, 1;0,  0;1,  1> +
            ...
 |  550> = (-0.0061380,-0.5230032)|   0, 0, 1;0,  0;1,  1> +
           ( 0.0061390, 0.5229924)|   0, 0, 1;1,  1;0,  0> +
           ( 0.0073315,-0.4147735)|   0, 0, 1;1, -1;0,  0> +
           (-0.0073296, 0.4147396)|   0, 0, 1;0,  0;1, -1> +
           ( 0.2084986,-0.0259148)|   0, 1, 0;1, -1;0,  0> +
           (-0.2084928, 0.0259137)|   0, 1, 0;0,  0;1, -1> +
           (-0.1003135, 0.0124451)|   0, 1, 0;0,  0;1,  1> +
           ( 0.1003052,-0.0124453)|   0, 1, 0;1,  1;0,  0> +
            ...
 |  551> = ( 0.6032268,-0.0212852)|   0, 1, 0;1,  1;0,  0> +
           (-0.6032249, 0.0212860)|   0, 1, 0;0,  0;1,  1> +
           ( 0.0036450,-0.2936823)|   0, 0, 1;1,  1;0,  0> +
           (-0.0036453, 0.2936670)|   0, 0, 1;0,  0;1,  1> +
           (-0.1757248, 0.0247491)|   0, 1, 0;0,  0;1, -1> +
           ( 0.1757134,-0.0247496)|   0, 1, 0;1, -1;0,  0> +
           (-0.0001805,-0.1338695)|   0, 0, 1;1, -1;0,  0> +
           ( 0.0001824, 0.1338442)|   0, 0, 1;0,  0;1, -1> +
           ( 0.0000003,-0.0000112)|   0, 0, 1;0,  0;1,  0> +
            ...
 |  552> = (-0.4784881,-0.0510268)|   0, 1, 0;0,  0;1,  1> +
           (-0.4784669,-0.0510256)|   0, 1, 0;1,  1;0,  0> +
           ( 0.3379465, 0.0359763)|   0, 1, 0;0,  0;1, -1> +
           ( 0.3379248, 0.0359743)|   0, 1, 0;1, -1;0,  0> +
           (-0.0398064, 0.2982522)|   0, 0, 1;0,  0;1, -1> +
           (-0.0398038, 0.2982183)|   0, 0, 1;1, -1;0,  0> +
           (-0.0225278, 0.2488512)|   0, 0, 1;0,  0;1,  1> +
           (-0.0225272, 0.2488421)|   0, 0, 1;1,  1;0,  0> +
            ...
 |  553> = ( 0.5753169,-0.0013427)|   0, 1, 0;1, -1;0,  0> +
           ( 0.5753131,-0.0013425)|   0, 1, 0;0,  0;1, -1> +
           ( 0.0022415,-0.3227434)|   0, 0, 1;1,  1;0,  0> +
           ( 0.0022413,-0.3227343)|   0, 0, 1;0,  0;1,  1> +
           ( 0.0004115,-0.2382853)|   0, 0, 1;0,  0;1, -1> +
           ( 0.0004118,-0.2382626)|   0, 0, 1;1, -1;0,  0> +
           ( 0.0898361,-0.0010295)|   0, 1, 0;0,  0;1,  1> +
           ( 0.0898280,-0.0010293)|   0, 1, 0;1,  1;0,  0> +
            ...
 |  554> = (-0.0027794, 0.5696106)|   0, 0, 1;0,  0;1, -1> +
           (-0.0027780, 0.5695841)|   0, 0, 1;1, -1;0,  0> +
           (-0.0214234,-0.3908681)|   0, 0, 1;0,  0;1,  1> +
           (-0.0214230,-0.3908588)|   0, 0, 1;1,  1;0,  0> +
           ( 0.1484481, 0.0091090)|   0, 1, 0;1,  1;0,  0> +
           ( 0.1484349, 0.0091099)|   0, 1, 0;0,  0;1,  1> +
           (-0.0064047, 0.0126123)|   0, 1, 0;0,  0;1, -1> +
           (-0.0064090, 0.0126095)|   0, 1, 0;1, -1;0,  0> +
           ( 0.0000005,-0.0000219)|   0, 0, 1;1,  0;0,  0> +
           ( 0.0000004,-0.0000158)|   0, 0, 1;0,  0;1,  0> +
            ...
 |  555> = (-0.4876953,-0.0207093)|   0, 1, 0;1,  1;0,  0> +
           (-0.4876775,-0.0207082)|   0, 1, 0;0,  0;1,  1> +
           ( 0.0013620,-0.4244614)|   0, 0, 1;0,  0;1,  1> +
           ( 0.0013619,-0.4244613)|   0, 0, 1;1,  1;0,  0> +
           (-0.2308619,-0.0048156)|   0, 1, 0;0,  0;1, -1> +
           (-0.2308430,-0.0048155)|   0, 1, 0;1, -1;0,  0> +
           ( 0.0252781,-0.1661774)|   0, 0, 1;0,  0;1, -1> +
           ( 0.0252770,-0.1661408)|   0, 0, 1;1, -1;0,  0> +
            ...
 |  556> = ( 0.0225271,-0.7002530)|   0, 0, 1;1,  0;0,  0> +
           ( 0.0225303,-0.7001953)|   0, 0, 1;0,  0;1,  0> +
           ( 0.0957006,-0.0050685)|   0, 1, 0;0,  0;1,  0> +
           ( 0.0956409,-0.0050690)|   0, 1, 0;1,  0;0,  0> +
           ( 0.0000002,-0.0000218)|   0, 0, 1;0,  0;1, -1> +
           (-0.0000145,-0.0000003)|   0, 1, 0;1,  1;0,  0> +
            ...
 |  557> = ( 0.5916273,-0.3752809)|   0, 1, 0;1,  0;0,  0> +
           ( 0.5915571,-0.3752924)|   0, 1, 0;0,  0;1,  0> +
           ( 0.0442615, 0.0850158)|   0, 0, 1;0,  0;1,  0> +
           ( 0.0442561, 0.0849223)|   0, 0, 1;1,  0;0,  0> +
            ...
 |  558> = (-0.5836758,-0.0017414)|   0, 1, 0;0,  0;1,  0> +
           ( 0.5835901, 0.0018075)|   0, 1, 0;1,  0;0,  0> +
           (-0.0197549,-0.3987367)|   0, 0, 1;1,  0;0,  0> +
           ( 0.0197470, 0.3987075)|   0, 0, 1;0,  0;1,  0> +
           ( 0.0000167, 0.0000001)|   0, 1, 0;1,  0;1,  0> +
           ( 0.0000167, 0.0000001)|   0, 1, 0;0,  0;0,  0> +
           (-0.0000006,-0.0000114)|   0, 0, 1;1,  0;1,  0> +
           (-0.0000006,-0.0000114)|   0, 0, 1;0,  0;0,  0> +
            ...
 |  559> = ( 0.0312637, 0.5828355)|   0, 0, 1;0,  0;1,  0> +
           (-0.0312676,-0.5827597)|   0, 0, 1;1,  0;0,  0> +
           (-0.3992338, 0.0004309)|   0, 1, 0;1,  0;0,  0> +
           ( 0.3991877,-0.0004160)|   0, 1, 0;0,  0;1,  0> +
           (-0.0000009,-0.0000166)|   0, 0, 1;1,  0;1,  0> +
           (-0.0000009,-0.0000166)|   0, 0, 1;0,  0;0,  0> +
           (-0.0000114, 0.0000000)|   0, 1, 0;1,  0;1,  0> +
           (-0.0000114, 0.0000000)|   0, 1, 0;0,  0;0,  0> +
            ...
 |  560> = ( 0.7072429,-0.0013579)|   6, 0, 0;1, -1;0,  0> +
           (-0.7069433, 0.0013579)|   6, 0, 0;0,  0;1, -1> +
           ( 0.0041789,-0.0002426)|   6, 0, 0;1,  1;0,  0> +
           (-0.0041766, 0.0002426)|   6, 0, 0;0,  0;1,  1> +
           ( 0.0000101,-0.0000000)|   6, 0, 0;1, -1;1,  0> +
           ( 0.0000101,-0.0000000)|   6, 0, 0;1,  0;1, -1> +
            ...
 |  561> = ( 0.7068475,-0.0191199)|   6, 0, 0;0,  0;1,  1> +
           (-0.7068241, 0.0191242)|   6, 0, 0;1,  1;0,  0> +
           (-0.0041833,-0.0001215)|   6, 0, 0;0,  0;1, -1> +
           ( 0.0041828, 0.0001215)|   6, 0, 0;1, -1;0,  0> +
           (-0.0000101, 0.0000003)|   6, 0, 0;1,  0;1,  1> +
           (-0.0000101, 0.0000003)|   6, 0, 0;1,  1;1,  0> +
            ...
