p1521
p1521
p1521
p1521
p1521
p1521
p1521
p1521
p1521
p1521
p1521
p1521
p1521
p1521
p1521
p1521
p1521
p1521
p1521
p1521
p1521
p1521
p1521
p1521
# Parameters of the model
#  mass:		  261.0000 u
#  charge:	    1.0000 e
#  dipole:	   4.74500 D
#  B:		    503.65 MHz
#  omega_rho:	    1.4000 MHz
#  omega_z:	  0.164000 MHz

# omega_1:	  0.284056 MHz
# omega_3/5:	   1.39036 MHz

# Basis truncation:	|32,4,4;2,2>
# Basis size:		41472

# Active terms of the Hamiltionian:
# 	Nomal modes:	1
# 	T_rot:      	1
# 	V_qd^{(0)}: 	1
# 	V_qd^{(1)}: 	1
# 	V_dd^{(0)}: 	1

# Results of the diagonalisation
# 100 smallest eigenvalues
 5.394653978 6.394653977 7.394653977 8.394653978 9.394653977 10.289320793 10.289320793 10.394653977 11.289320793 11.289320793 11.394653977 12.289320793 12.289320793 12.394653977 13.289320793 13.289320793 13.394653977 14.289320793 14.289320793 14.394653977 15.183987609 15.183987609 15.183987609 15.289320793 15.289320793 15.394653977 16.183987609 16.183987609 16.183987609 16.289320793 16.289320793 16.394653977 17.183987609 17.183987609 17.183987609 17.289320793 17.289320793 17.394653977 18.183987609 18.183987609 18.183987609 18.289320793 18.289320793 18.394653977 19.183987608 19.183987609 19.183987609 19.289320793 19.289320793 19.394653977 20.078654424 20.078654425 20.078654425 20.078654425 20.183987608 20.183987609 20.183987609 20.289320793 20.289320793 20.394653978 21.078654424 21.078654424 21.078654424 21.078654425 21.183987608 21.183987608 21.183987609 21.289320792 21.289320793 21.394653977 22.078654424 22.078654424 22.078654424 22.078654425 22.183987608 22.183987608 22.183987609 22.289320793 22.289320793 22.394653977 23.078654424 23.078654424 23.078654424 23.078654425 23.183987608 23.183987608 23.183987609 23.289320792 23.289320793 23.394653977 24.078654424 24.078654424 24.078654424 24.078654424 24.183987608 24.183987608 24.183987609 24.289320792 24.289320793 24.394653977

# Ground state and the lowest excitations:
 |    0> = ( 1.0000000, 0.0000000)|   0, 0, 0;0,  0;0,  0> +
           ( 0.0000170,-0.0000000)|   0, 0, 0;0,  0;1,  0> +
           (-0.0000170,-0.0000000)|   0, 0, 0;1,  0;0,  0> +
            ...
 |    1> = (-1.0000000, 0.0000000)|   1, 0, 0;0,  0;0,  0> +
           ( 0.0000170, 0.0000000)|   1, 0, 0;1,  0;0,  0> +
           (-0.0000170, 0.0000000)|   1, 0, 0;0,  0;1,  0> +
            ...
 |    2> = ( 1.0000000,-0.0000000)|   2, 0, 0;0,  0;0,  0> +
           (-0.0000170,-0.0000000)|   2, 0, 0;1,  0;0,  0> +
           ( 0.0000170,-0.0000000)|   2, 0, 0;0,  0;1,  0> +
            ...
 |    3> = (-1.0000000, 0.0000000)|   3, 0, 0;0,  0;0,  0> +
           ( 0.0000170,-0.0000000)|   3, 0, 0;1,  0;0,  0> +
           (-0.0000170,-0.0000000)|   3, 0, 0;0,  0;1,  0> +
            ...
 |    4> = (-1.0000000,-0.0000000)|   4, 0, 0;0,  0;0,  0> +
           ( 0.0000170,-0.0000000)|   4, 0, 0;1,  0;0,  0> +
           (-0.0000170,-0.0000000)|   4, 0, 0;0,  0;1,  0> +
            ...
 |    5> = (-0.0000003, 0.7090430)|   0, 0, 1;0,  0;0,  0> +
           ( 0.7051653,-0.0000003)|   0, 1, 0;0,  0;0,  0> +
           (-0.0000000, 0.0000120)|   0, 0, 1;0,  0;1,  0> +
           ( 0.0000000,-0.0000120)|   0, 0, 1;1,  0;0,  0> +
           (-0.0000120, 0.0000000)|   0, 1, 0;1,  0;0,  0> +
           ( 0.0000120,-0.0000000)|   0, 1, 0;0,  0;1,  0> +
            ...
 |    6> = (-0.7090430,-0.0001116)|   0, 1, 0;0,  0;0,  0> +
           (-0.0001116, 0.7051652)|   0, 0, 1;0,  0;0,  0> +
           (-0.0000120,-0.0000000)|   0, 1, 0;0,  0;1,  0> +
           ( 0.0000120, 0.0000000)|   0, 1, 0;1,  0;0,  0> +
           (-0.0000000, 0.0000120)|   0, 0, 1;0,  0;1,  0> +
           ( 0.0000000,-0.0000120)|   0, 0, 1;1,  0;0,  0> +
            ...
 |    7> = ( 1.0000000, 0.0000000)|   5, 0, 0;0,  0;0,  0> +
           ( 0.0000170, 0.0000000)|   5, 0, 0;0,  0;1,  0> +
           (-0.0000170,-0.0000000)|   5, 0, 0;1,  0;0,  0> +
            ...
 |    8> = (-0.0007584, 0.7180470)|   1, 0, 1;0,  0;0,  0> +
           ( 0.6959937,-0.0007584)|   1, 1, 0;0,  0;0,  0> +
           (-0.0000000, 0.0000122)|   1, 0, 1;0,  0;1,  0> +
           ( 0.0000000,-0.0000122)|   1, 0, 1;1,  0;0,  0> +
           (-0.0000118, 0.0000000)|   1, 1, 0;1,  0;0,  0> +
           ( 0.0000118,-0.0000000)|   1, 1, 0;0,  0;1,  0> +
            ...
 |    9> = ( 0.7164041, 0.0485515)|   1, 1, 0;0,  0;0,  0> +
           ( 0.0485503,-0.6942987)|   1, 0, 1;0,  0;0,  0> +
           (-0.0000122,-0.0000008)|   1, 1, 0;1,  0;0,  0> +
           ( 0.0000122, 0.0000008)|   1, 1, 0;0,  0;1,  0> +
           (-0.0000008, 0.0000118)|   1, 0, 1;1,  0;0,  0> +
           ( 0.0000008,-0.0000118)|   1, 0, 1;0,  0;1,  0> +
            ...
 |   10> = ( 1.0000000,-0.0000000)|   6, 0, 0;0,  0;0,  0> +
           (-0.0000170, 0.0000000)|   6, 0, 0;1,  0;0,  0> +
           ( 0.0000170,-0.0000000)|   6, 0, 0;0,  0;1,  0> +
            ...
 |   11> = ( 0.0006196, 0.8039310)|   2, 0, 1;0,  0;0,  0> +
           ( 0.5947219, 0.0006196)|   2, 1, 0;0,  0;0,  0> +
           (-0.0000000,-0.0000136)|   2, 0, 1;1,  0;0,  0> +
           ( 0.0000000, 0.0000136)|   2, 0, 1;0,  0;1,  0> +
           ( 0.0000101, 0.0000000)|   2, 1, 0;0,  0;1,  0> +
           (-0.0000101,-0.0000000)|   2, 1, 0;1,  0;0,  0> +
            ...
 |   12> = (-0.8039206, 0.0041429)|   2, 1, 0;0,  0;0,  0> +
           ( 0.0041428, 0.5947078)|   2, 0, 1;0,  0;0,  0> +
           ( 0.0000136,-0.0000001)|   2, 1, 0;1,  0;0,  0> +
           (-0.0000136, 0.0000001)|   2, 1, 0;0,  0;1,  0> +
           (-0.0000001,-0.0000101)|   2, 0, 1;1,  0;0,  0> +
           ( 0.0000001, 0.0000101)|   2, 0, 1;0,  0;1,  0> +
            ...
 |   13> = ( 1.0000000,-0.0000000)|   7, 0, 0;0,  0;0,  0> +
           ( 0.0000170,-0.0000000)|   7, 0, 0;0,  0;1,  0> +
           (-0.0000170, 0.0000000)|   7, 0, 0;1,  0;0,  0> +
            ...
 |   14> = (-0.0000746, 0.7090592)|   3, 0, 1;0,  0;0,  0> +
           ( 0.7051489,-0.0000746)|   3, 1, 0;0,  0;0,  0> +
           ( 0.0000000,-0.0000120)|   3, 0, 1;1,  0;0,  0> +
           (-0.0000000, 0.0000120)|   3, 0, 1;0,  0;1,  0> +
           (-0.0000120, 0.0000000)|   3, 1, 0;1,  0;0,  0> +
           ( 0.0000120,-0.0000000)|   3, 1, 0;0,  0;1,  0> +
            ...
 |   15> = ( 0.7085413, 0.0270964)|   3, 1, 0;0,  0;0,  0> +
           ( 0.0270957,-0.7046281)|   3, 0, 1;0,  0;0,  0> +
           (-0.0000120,-0.0000005)|   3, 1, 0;1,  0;0,  0> +
           ( 0.0000120, 0.0000005)|   3, 1, 0;0,  0;1,  0> +
           ( 0.0000005,-0.0000120)|   3, 0, 1;0,  0;1,  0> +
           (-0.0000005, 0.0000120)|   3, 0, 1;1,  0;0,  0> +
            ...
 |   16> = ( 1.0000000,-0.0000000)|   8, 0, 0;0,  0;0,  0> +
           ( 0.0000170,-0.0000000)|   8, 0, 0;0,  0;1,  0> +
           (-0.0000170, 0.0000000)|   8, 0, 0;1,  0;0,  0> +
            ...
 |   17> = (-0.7093252, 0.0003983)|   4, 1, 0;0,  0;0,  0> +
           ( 0.0003983,-0.7048811)|   4, 0, 1;0,  0;0,  0> +
           (-0.0000120, 0.0000000)|   4, 1, 0;0,  0;1,  0> +
           ( 0.0000120,-0.0000000)|   4, 1, 0;1,  0;0,  0> +
           ( 0.0000000,-0.0000120)|   4, 0, 1;0,  0;1,  0> +
           (-0.0000000, 0.0000120)|   4, 0, 1;1,  0;0,  0> +
            ...
 |   18> = ( 0.1242637, 0.6983559)|   4, 0, 1;0,  0;0,  0> +
           (-0.6938410, 0.1242670)|   4, 1, 0;0,  0;0,  0> +
           ( 0.0000021, 0.0000119)|   4, 0, 1;0,  0;1,  0> +
           (-0.0000021,-0.0000119)|   4, 0, 1;1,  0;0,  0> +
           ( 0.0000118,-0.0000021)|   4, 1, 0;1,  0;0,  0> +
           (-0.0000118, 0.0000021)|   4, 1, 0;0,  0;1,  0> +
            ...
 |   19> = (-1.0000000, 0.0000000)|   9, 0, 0;0,  0;0,  0> +
           (-0.0000170, 0.0000000)|   9, 0, 0;0,  0;1,  0> +
           ( 0.0000170,-0.0000000)|   9, 0, 0;1,  0;0,  0> +
            ...
 |   20> = ( 0.7071068, 0.0000000)|   0, 0, 2;0,  0;0,  0> +
           (-0.7071067,-0.0000000)|   0, 2, 0;0,  0;0,  0> +
           ( 0.0000120,-0.0000000)|   0, 0, 2;0,  0;1,  0> +
           (-0.0000120,-0.0000000)|   0, 0, 2;1,  0;0,  0> +
           (-0.0000120,-0.0000000)|   0, 2, 0;0,  0;1,  0> +
           ( 0.0000120,-0.0000000)|   0, 2, 0;1,  0;0,  0> +
            ...
 |   21> = (-0.7071068,-0.0000000)|   0, 2, 0;0,  0;0,  0> +
           (-0.7071067, 0.0000000)|   0, 0, 2;0,  0;0,  0> +
           ( 0.0000120,-0.0000000)|   0, 2, 0;1,  0;0,  0> +
           (-0.0000120,-0.0000000)|   0, 2, 0;0,  0;1,  0> +
           ( 0.0000120,-0.0000000)|   0, 0, 2;1,  0;0,  0> +
           (-0.0000120,-0.0000000)|   0, 0, 2;0,  0;1,  0> +
            ...
 |   22> = (-0.0000332, 1.0000000)|   0, 1, 1;0,  0;0,  0> +
           (-0.0000000, 0.0000170)|   0, 1, 1;0,  0;1,  0> +
           ( 0.0000000,-0.0000170)|   0, 1, 1;1,  0;0,  0> +
            ...
 |   23> = (-0.0146050, 0.7092735)|   5, 0, 1;0,  0;0,  0> +
           (-0.7046308,-0.0146054)|   5, 1, 0;0,  0;0,  0> +
           (-0.0000002, 0.0000120)|   5, 0, 1;0,  0;1,  0> +
           ( 0.0000002,-0.0000120)|   5, 0, 1;1,  0;0,  0> +
           (-0.0000120,-0.0000002)|   5, 1, 0;0,  0;1,  0> +
           ( 0.0000120, 0.0000002)|   5, 1, 0;1,  0;0,  0> +
            ...
 |   24> = (-0.7094238,-0.0000481)|   5, 1, 0;0,  0;0,  0> +
           (-0.0000481,-0.7047821)|   5, 0, 1;0,  0;0,  0> +
           (-0.0000120,-0.0000000)|   5, 1, 0;0,  0;1,  0> +
           ( 0.0000120, 0.0000000)|   5, 1, 0;1,  0;0,  0> +
           (-0.0000000,-0.0000120)|   5, 0, 1;0,  0;1,  0> +
           ( 0.0000000, 0.0000120)|   5, 0, 1;1,  0;0,  0> +
            ...
 # The upper part of the spectrum
 # Eigenvalues first: 512	 last: 562
 22286.428992856 22286.428992856 22286.428994122 22286.428994122 22286.428998000 22286.429000532 22287.428992856 22287.428992856 22287.428994122 22287.428994122 22287.428998000 22287.429000532 22288.428992856 22288.428992856 22288.428994122 22288.428994122 22288.428998000 22288.429000532 22289.428992856 22289.428992856 22289.428994122 22289.428994122 22289.428998000 22289.429000532 22290.428992856 22290.428992856 22290.428994122 22290.428994122 22290.428998000 22290.429000532 22291.323659671 22291.323659671 22291.323659672 22291.323659672 22291.323660937 22291.323660937 22291.323660938 22291.323660938 22291.323664816 22291.323664816 22291.323667347 22291.323667348 22291.428992856 22291.428992856 22291.428994121 22291.428994122 22291.428998000 22291.429000532 22292.323659671 22292.323659672

# Excited states :
 |  511> = (-0.0007091, 0.9999997)|  31, 3, 3;0,  0;0,  0> +
           (-0.0000000, 0.0000170)|  31, 3, 3;0,  0;1,  0> +
           ( 0.0000000,-0.0000170)|  31, 3, 3;1,  0;0,  0> +
            ...
 |  512> = ( 0.6982170,-0.0000282)|   0, 0, 0;1, -1;0,  0> +
           (-0.6982000, 0.0000272)|   0, 0, 0;0,  0;1, -1> +
           ( 0.1016064, 0.0467107)|   0, 0, 0;1,  1;0,  0> +
           (-0.1015925,-0.0467232)|   0, 0, 0;0,  0;1,  1> +
           ( 0.0000119,-0.0000000)|   0, 0, 0;1, -1;1,  0> +
           ( 0.0000119,-0.0000000)|   0, 0, 0;1,  0;1, -1> +
            ...
 |  513> = ( 0.6339564, 0.2926709)|   0, 0, 0;1,  1;0,  0> +
           (-0.6338348,-0.2927230)|   0, 0, 0;0,  0;1,  1> +
           (-0.1118292,-0.0001764)|   0, 0, 0;1, -1;0,  0> +
           ( 0.1118213, 0.0001705)|   0, 0, 0;0,  0;1, -1> +
           ( 0.0000108, 0.0000050)|   0, 0, 0;1,  1;1,  0> +
           ( 0.0000108, 0.0000050)|   0, 0, 0;1,  0;1,  1> +
            ...
 |  514> = (-0.7068708,-0.0000064)|   0, 0, 0;0,  0;1, -1> +
           (-0.7068529,-0.0000062)|   0, 0, 0;1, -1;0,  0> +
           (-0.0150501, 0.0109490)|   0, 0, 0;1,  1;0,  0> +
           (-0.0150464, 0.0109450)|   0, 0, 0;0,  0;1,  1> +
           ( 0.0000120, 0.0000000)|   0, 0, 0;1,  0;1, -1> +
           (-0.0000120,-0.0000000)|   0, 0, 0;1, -1;1,  0> +
            ...
 |  515> = ( 0.5661816,-0.4232669)|   0, 0, 0;0,  0;1,  1> +
           ( 0.5660508,-0.4232936)|   0, 0, 0;1,  1;0,  0> +
           (-0.0186084, 0.0002469)|   0, 0, 0;0,  0;1, -1> +
           (-0.0186060, 0.0002404)|   0, 0, 0;1, -1;0,  0> +
           (-0.0000096, 0.0000072)|   0, 0, 0;1,  0;1,  1> +
           ( 0.0000096,-0.0000072)|   0, 0, 0;1,  1;1,  0> +
            ...
 |  516> = ( 0.7071065,-0.0006838)|   0, 0, 0;1,  0;0,  0> +
           ( 0.7071065,-0.0006838)|   0, 0, 0;0,  0;1,  0> +
           ( 0.0000130, 0.0000001)|   0, 0, 0;0,  0;1, -1> +
            ...
 |  517> = (-0.7071068, 0.0000000)|   0, 0, 0;0,  0;1,  0> +
           ( 0.7071068, 0.0000000)|   0, 0, 0;1,  0;0,  0> +
           ( 0.0000240, 0.0000000)|   0, 0, 0;1,  0;1,  0> +
           ( 0.0000240, 0.0000000)|   0, 0, 0;0,  0;0,  0> +
            ...
 |  518> = ( 0.5500863,-0.0223629)|   1, 0, 0;0,  0;1, -1> +
           (-0.5500682, 0.0223626)|   1, 0, 0;1, -1;0,  0> +
           (-0.4434075, 0.0180257)|   1, 0, 0;0,  0;1,  1> +
           ( 0.4433620,-0.0180247)|   1, 0, 0;1,  1;0,  0> +
            ...
 |  519> = ( 0.5505363, 0.0000000)|   1, 0, 0;1,  1;0,  0> +
           (-0.5505270,-0.0000001)|   1, 0, 0;0,  0;1,  1> +
           ( 0.4437588,-0.0000001)|   1, 0, 0;1, -1;0,  0> +
           (-0.4437431, 0.0000001)|   1, 0, 0;0,  0;1, -1> +
            ...
 |  520> = (-0.6208391, 0.0136668)|   1, 0, 0;1,  1;0,  0> +
           (-0.6208091, 0.0136655)|   1, 0, 0;0,  0;1,  1> +
           ( 0.3381533,-0.0074780)|   1, 0, 0;1, -1;0,  0> +
           ( 0.3381151,-0.0074764)|   1, 0, 0;0,  0;1, -1> +
           (-0.0000105, 0.0000002)|   1, 0, 0;1,  1;1,  0> +
           ( 0.0000105,-0.0000002)|   1, 0, 0;1,  0;1,  1> +
            ...
 |  521> = (-0.6209825, 0.0000143)|   1, 0, 0;0,  0;1, -1> +
           (-0.6209665, 0.0000143)|   1, 0, 0;1, -1;0,  0> +
           (-0.3382221,-0.0000261)|   1, 0, 0;0,  0;1,  1> +
           (-0.3382116,-0.0000261)|   1, 0, 0;1,  1;0,  0> +
           ( 0.0000105,-0.0000000)|   1, 0, 0;1,  0;1, -1> +
           (-0.0000105, 0.0000000)|   1, 0, 0;1, -1;1,  0> +
            ...
 |  522> = ( 0.7071069,-0.0000000)|   1, 0, 0;1,  0;0,  0> +
           ( 0.7071067,-0.0000000)|   1, 0, 0;0,  0;1,  0> +
            ...
 |  523> = ( 0.7071069,-0.0000000)|   1, 0, 0;0,  0;1,  0> +
           (-0.7071067,-0.0000000)|   1, 0, 0;1,  0;0,  0> +
           (-0.0000240, 0.0000000)|   1, 0, 0;1,  0;1,  0> +
           (-0.0000240,-0.0000000)|   1, 0, 0;0,  0;0,  0> +
            ...
 |  524> = ( 0.7071236, 0.0000024)|   2, 0, 0;1,  1;0,  0> +
           (-0.7070899,-0.0000029)|   2, 0, 0;0,  0;1,  1> +
           ( 0.0002116, 0.0000000)|   2, 0, 0;1, -1;0,  0> +
           (-0.0002116,-0.0000000)|   2, 0, 0;0,  0;1, -1> +
           ( 0.0000120, 0.0000000)|   2, 0, 0;1,  1;1,  0> +
           ( 0.0000120, 0.0000000)|   2, 0, 0;1,  0;1,  1> +
            ...
 |  525> = (-0.7071926, 0.0000000)|   2, 0, 0;0,  0;1, -1> +
           ( 0.7070209,-0.0000000)|   2, 0, 0;1, -1;0,  0> +
           ( 0.0002119,-0.0000000)|   2, 0, 0;0,  0;1,  1> +
           (-0.0002112,-0.0000000)|   2, 0, 0;1,  1;0,  0> +
           ( 0.0000120,-0.0000000)|   2, 0, 0;1,  0;1, -1> +
           ( 0.0000120,-0.0000000)|   2, 0, 0;1, -1;1,  0> +
            ...
 |  526> = ( 0.7070454,-0.0105106)|   2, 0, 0;0,  0;1,  1> +
           ( 0.7070118,-0.0105107)|   2, 0, 0;1,  1;0,  0> +
           ( 0.0002141,-0.0000033)|   2, 0, 0;0,  0;1, -1> +
           ( 0.0002134,-0.0000033)|   2, 0, 0;1, -1;0,  0> +
           (-0.0000120, 0.0000002)|   2, 0, 0;1,  0;1,  1> +
           ( 0.0000120,-0.0000002)|   2, 0, 0;1,  1;1,  0> +
            ...
 |  527> = (-0.7071926, 0.0000001)|   2, 0, 0;1, -1;0,  0> +
           (-0.7070209, 0.0000000)|   2, 0, 0;0,  0;1, -1> +
           ( 0.0002138, 0.0000001)|   2, 0, 0;1,  1;0,  0> +
           ( 0.0002137, 0.0000001)|   2, 0, 0;0,  0;1,  1> +
           (-0.0000120, 0.0000000)|   2, 0, 0;1, -1;1,  0> +
           ( 0.0000120,-0.0000000)|   2, 0, 0;1,  0;1, -1> +
            ...
 |  528> = ( 0.7071074,-0.0000003)|   2, 0, 0;0,  0;1,  0> +
           ( 0.7071062,-0.0000003)|   2, 0, 0;1,  0;0,  0> +
            ...
 |  529> = (-0.7071074, 0.0000000)|   2, 0, 0;1,  0;0,  0> +
           ( 0.7071062, 0.0000000)|   2, 0, 0;0,  0;1,  0> +
           (-0.0000240,-0.0000000)|   2, 0, 0;1,  0;1,  0> +
           (-0.0000240,-0.0000000)|   2, 0, 0;0,  0;0,  0> +
            ...
 |  530> = (-0.7069293, 0.0204692)|   3, 0, 0;0,  0;1,  1> +
           ( 0.7066867,-0.0204677)|   3, 0, 0;1,  1;0,  0> +
           ( 0.0018643,-0.0000542)|   3, 0, 0;0,  0;1, -1> +
           (-0.0018638, 0.0000542)|   3, 0, 0;1, -1;0,  0> +
           ( 0.0000120,-0.0000003)|   3, 0, 0;1,  0;1,  1> +
           ( 0.0000120,-0.0000003)|   3, 0, 0;1,  1;1,  0> +
            ...
 |  531> = ( 0.7072187,-0.0000000)|   3, 0, 0;1, -1;0,  0> +
           (-0.7069899, 0.0000000)|   3, 0, 0;0,  0;1, -1> +
           ( 0.0018652, 0.0000002)|   3, 0, 0;1,  1;0,  0> +
           (-0.0018645,-0.0000002)|   3, 0, 0;0,  0;1,  1> +
           ( 0.0000120,-0.0000000)|   3, 0, 0;1, -1;1,  0> +
           ( 0.0000120,-0.0000000)|   3, 0, 0;1,  0;1, -1> +
            ...
 |  532> = (-0.7072187,-0.0000003)|   3, 0, 0;0,  0;1, -1> +
           (-0.7069898,-0.0000003)|   3, 0, 0;1, -1;0,  0> +
           (-0.0018866, 0.0000002)|   3, 0, 0;0,  0;1,  1> +
           (-0.0018861, 0.0000002)|   3, 0, 0;1,  1;0,  0> +
           ( 0.0000120, 0.0000000)|   3, 0, 0;1,  0;1, -1> +
           (-0.0000120,-0.0000000)|   3, 0, 0;1, -1;1,  0> +
            ...
 |  533> = ( 0.7072185,-0.0031493)|   3, 0, 0;1,  1;0,  0> +
           ( 0.7069760,-0.0031426)|   3, 0, 0;0,  0;1,  1> +
           (-0.0018867, 0.0000082)|   3, 0, 0;1, -1;0,  0> +
           (-0.0018860, 0.0000082)|   3, 0, 0;0,  0;1, -1> +
           ( 0.0000120,-0.0000001)|   3, 0, 0;1,  1;1,  0> +
           (-0.0000120, 0.0000001)|   3, 0, 0;1,  0;1,  1> +
            ...
 |  534> = (-0.7070965,-0.0038530)|   3, 0, 0;1,  0;0,  0> +
           (-0.7070961,-0.0038530)|   3, 0, 0;0,  0;1,  0> +
            ...
 |  535> = (-0.7071070,-0.0000000)|   3, 0, 0;0,  0;1,  0> +
           ( 0.7071066,-0.0000000)|   3, 0, 0;1,  0;0,  0> +
           ( 0.0000240, 0.0000000)|   3, 0, 0;1,  0;1,  0> +
           ( 0.0000240,-0.0000000)|   3, 0, 0;0,  0;0,  0> +
            ...
 |  536> = (-0.7071559,-0.0000000)|   4, 0, 0;0,  0;1, -1> +
           ( 0.7070577,-0.0000000)|   4, 0, 0;1, -1;0,  0> +
           ( 0.0001972, 0.0000000)|   4, 0, 0;1,  1;0,  0> +
           (-0.0001970, 0.0000000)|   4, 0, 0;0,  0;1,  1> +
           ( 0.0000120, 0.0000000)|   4, 0, 0;1,  0;1, -1> +
           ( 0.0000120,-0.0000000)|   4, 0, 0;1, -1;1,  0> +
            ...
 |  537> = (-0.7018631, 0.0863329)|   4, 0, 0;0,  0;1,  1> +
           ( 0.7017702,-0.0863326)|   4, 0, 0;1,  1;0,  0> +
           ( 0.0001956,-0.0000241)|   4, 0, 0;0,  0;1, -1> +
           (-0.0001956, 0.0000241)|   4, 0, 0;1, -1;0,  0> +
           ( 0.0000119,-0.0000015)|   4, 0, 0;1,  0;1,  1> +
           ( 0.0000119,-0.0000015)|   4, 0, 0;1,  1;1,  0> +
            ...
 |  538> = ( 0.7070381, 0.0127378)|   4, 0, 0;1,  1;0,  0> +
           ( 0.7069457, 0.0127472)|   4, 0, 0;0,  0;1,  1> +
           (-0.0001970,-0.0000035)|   4, 0, 0;1, -1;0,  0> +
           (-0.0001968,-0.0000035)|   4, 0, 0;0,  0;1, -1> +
           ( 0.0000120, 0.0000002)|   4, 0, 0;1,  1;1,  0> +
           (-0.0000120,-0.0000002)|   4, 0, 0;1,  0;1,  1> +
            ...
 |  539> = ( 0.7071559,-0.0000001)|   4, 0, 0;1, -1;0,  0> +
           ( 0.7070577,-0.0000000)|   4, 0, 0;0,  0;1, -1> +
           ( 0.0001969, 0.0000000)|   4, 0, 0;1,  1;0,  0> +
           ( 0.0001969, 0.0000000)|   4, 0, 0;0,  0;1,  1> +
           ( 0.0000120,-0.0000000)|   4, 0, 0;1, -1;1,  0> +
           (-0.0000120, 0.0000000)|   4, 0, 0;1,  0;1, -1> +
            ...
 |  540> = (-0.7070555, 0.0085465)|   4, 0, 0;0,  0;1,  0> +
           (-0.7070547, 0.0085465)|   4, 0, 0;1,  0;0,  0> +
            ...
 |  541> = (-0.7071072, 0.0000000)|   4, 0, 0;1,  0;0,  0> +
           ( 0.7071064, 0.0000000)|   4, 0, 0;0,  0;1,  0> +
           (-0.0000240,-0.0000000)|   4, 0, 0;1,  0;1,  0> +
           (-0.0000240,-0.0000000)|   4, 0, 0;0,  0;0,  0> +
            ...
 |  542> = (-0.5062140, 0.0157813)|   0, 1, 0;0,  0;1,  1> +
           ( 0.5062052,-0.0157806)|   0, 1, 0;1,  1;0,  0> +
           ( 0.0006265, 0.4001199)|   0, 0, 1;0,  0;1, -1> +
           (-0.0006243,-0.4001159)|   0, 0, 1;1, -1;0,  0> +
           (-0.0065780,-0.2500989)|   0, 0, 1;1,  1;0,  0> +
           ( 0.0065787, 0.2500919)|   0, 0, 1;0,  0;1,  1> +
           (-0.1440281,-0.0085781)|   0, 1, 0;1, -1;0,  0> +
           ( 0.1440240, 0.0085763)|   0, 1, 0;0,  0;1, -1> +
           ( 0.0000002,-0.0000106)|   0, 0, 1;0,  0;1,  0> +
            ...
 |  543> = ( 0.0000000, 0.3536826)|   0, 0, 1;1,  1;0,  0> +
           (-0.0000000,-0.3536824)|   0, 0, 1;0,  0;1,  1> +
           ( 0.3535655, 0.0000000)|   0, 1, 0;1,  1;0,  0> +
           (-0.3535651,-0.0000000)|   0, 1, 0;0,  0;1,  1> +
           (-0.3534836, 0.0000000)|   0, 1, 0;1, -1;0,  0> +
           ( 0.3534833,-0.0000000)|   0, 1, 0;0,  0;1, -1> +
           ( 0.0000000, 0.3534824)|   0, 0, 1;1, -1;0,  0> +
           (-0.0000000,-0.3534821)|   0, 0, 1;0,  0;1, -1> +
            ...
 |  544> = (-0.5769118, 0.0081519)|   0, 1, 0;0,  0;1, -1> +
           ( 0.5769078,-0.0081524)|   0, 1, 0;1, -1;0,  0> +
           (-0.3437449, 0.0172818)|   0, 1, 0;0,  0;1,  1> +
           ( 0.3437389,-0.0172857)|   0, 1, 0;1,  1;0,  0> +
           (-0.0019397, 0.2200960)|   0, 0, 1;1, -1;0,  0> +
           ( 0.0019361,-0.2200235)|   0, 0, 1;0,  0;1, -1> +
           ( 0.0071924,-0.0130432)|   0, 0, 1;0,  0;1,  1> +
           (-0.0071950, 0.0130008)|   0, 0, 1;1,  1;0,  0> +
           (-0.0000001, 0.0000123)|   0, 0, 1;0,  0;1,  0> +
            ...
 |  545> = ( 0.0015563, 0.5586721)|   0, 0, 1;1,  1;0,  0> +
           (-0.0015542,-0.5586353)|   0, 0, 1;0,  0;1,  1> +
           ( 0.0005079,-0.4080862)|   0, 0, 1;1, -1;0,  0> +
           (-0.0005062, 0.4080639)|   0, 0, 1;0,  0;1, -1> +
           (-0.1460844,-0.0016765)|   0, 1, 0;0,  0;1, -1> +
           ( 0.1460673, 0.0016762)|   0, 1, 0;1, -1;0,  0> +
           ( 0.0048357,-0.0037377)|   0, 1, 0;0,  0;1,  1> +
           (-0.0047997, 0.0037396)|   0, 1, 0;1,  1;0,  0> +
            ...
 |  546> = (-0.5847981,-0.2023535)|   0, 1, 0;1, -1;0,  0> +
           (-0.5847952,-0.2023536)|   0, 1, 0;0,  0;1, -1> +
           (-0.2677461,-0.0816742)|   0, 1, 0;1,  1;0,  0> +
           (-0.2677365,-0.0816735)|   0, 1, 0;0,  0;1,  1> +
           ( 0.0652441,-0.1615414)|   0, 0, 1;0,  0;1,  1> +
           ( 0.0652426,-0.1615344)|   0, 0, 1;1,  1;0,  0> +
           ( 0.0393812,-0.0825095)|   0, 0, 1;1, -1;0,  0> +
           ( 0.0393805,-0.0825092)|   0, 0, 1;0,  0;1, -1> +
           (-0.0000099,-0.0000034)|   0, 1, 0;1, -1;1,  0> +
           ( 0.0000099, 0.0000034)|   0, 1, 0;1,  0;1, -1> +
            ...
 |  547> = ( 0.5286180, 0.0030155)|   0, 1, 0;1,  1;0,  0> +
           ( 0.5286168, 0.0030157)|   0, 1, 0;0,  0;1,  1> +
           (-0.3384340,-0.0013769)|   0, 1, 0;1, -1;0,  0> +
           (-0.3384201,-0.0013763)|   0, 1, 0;0,  0;1, -1> +
           ( 0.0047228, 0.2389003)|   0, 0, 1;0,  0;1,  1> +
           ( 0.0047226, 0.2388658)|   0, 0, 1;1,  1;0,  0> +
           ( 0.0030442, 0.2211948)|   0, 0, 1;1, -1;0,  0> +
           ( 0.0030436, 0.2211767)|   0, 0, 1;0,  0;1, -1> +
            ...
 |  548> = (-0.0194618, 0.6585808)|   0, 0, 1;0,  0;1, -1> +
           (-0.0194645, 0.6585367)|   0, 0, 1;1, -1;0,  0> +
           (-0.0289086,-0.1856160)|   0, 0, 1;0,  0;1,  1> +
           (-0.0289075,-0.1855833)|   0, 0, 1;1,  1;0,  0> +
           (-0.1709121,-0.0188614)|   0, 1, 0;1,  1;0,  0> +
           (-0.1708676,-0.0188638)|   0, 1, 0;0,  0;1,  1> +
           ( 0.0317253, 0.0086455)|   0, 1, 0;0,  0;1, -1> +
           ( 0.0316697, 0.0086494)|   0, 1, 0;1, -1;0,  0> +
           ( 0.0000003,-0.0000112)|   0, 0, 1;1,  0;1, -1> +
           (-0.0000003, 0.0000112)|   0, 0, 1;1, -1;1,  0> +
           ( 0.0000001,-0.0000102)|   0, 0, 1;0,  0;1,  0> +
            ...
 |  549> = ( 0.0288804,-0.6135558)|   0, 0, 1;0,  0;1,  1> +
           ( 0.0288801,-0.6135456)|   0, 0, 1;1,  1;0,  0> +
           ( 0.3344731, 0.0277765)|   0, 1, 0;0,  0;1,  1> +
           ( 0.3344599, 0.0277770)|   0, 1, 0;1,  1;0,  0> +
           ( 0.0387792,-0.0844274)|   0, 0, 1;1, -1;0,  0> +
           ( 0.0387769,-0.0844131)|   0, 0, 1;0,  0;1, -1> +
           ( 0.0352409,-0.0145005)|   0, 1, 0;0,  0;1, -1> +
           ( 0.0352237,-0.0145019)|   0, 1, 0;1, -1;0,  0> +
           ( 0.0000151,-0.0000186)|   0, 1, 0;1,  0;0,  0> +
           (-0.0000062,-0.0000120)|   0, 1, 0;0,  0;1,  0> +
           (-0.0000005, 0.0000104)|   0, 0, 1;1,  0;1,  1> +
           ( 0.0000005,-0.0000104)|   0, 0, 1;1,  1;1,  0> +
            ...
 |  550> = (-0.0143829, 0.7055468)|   0, 0, 1;1,  0;0,  0> +
           (-0.0143829, 0.7055205)|   0, 0, 1;0,  0;1,  0> +
           ( 0.0448943, 0.0001493)|   0, 1, 0;1,  0;0,  0> +
           ( 0.0448917, 0.0001494)|   0, 1, 0;0,  0;1,  0> +
           (-0.0000003, 0.0000143)|   0, 0, 1;0,  0;1, -1> +
            ...
 |  551> = (-0.2077551, 0.6744301)|   0, 1, 0;0,  0;1,  0> +
           (-0.2076767, 0.6744046)|   0, 1, 0;1,  0;0,  0> +
           ( 0.0426744, 0.0139487)|   0, 0, 1;0,  0;1,  0> +
           ( 0.0426711, 0.0139394)|   0, 0, 1;1,  0;0,  0> +
           ( 0.0000009,-0.0000156)|   0, 0, 1;0,  0;1,  1> +
           ( 0.0000124, 0.0000010)|   0, 1, 0;0,  0;1,  1> +
           ( 0.0000009,-0.0000116)|   0, 0, 1;1,  1;0,  0> +
            ...
 |  552> = (-0.0008230, 0.7014107)|   0, 0, 1;0,  0;1,  0> +
           ( 0.0008225,-0.7013843)|   0, 0, 1;1,  0;0,  0> +
           ( 0.0896711,-0.0002304)|   0, 1, 0;0,  0;1,  0> +
           (-0.0896696, 0.0002311)|   0, 1, 0;1,  0;0,  0> +
           ( 0.0000000,-0.0000238)|   0, 0, 1;1,  0;1,  0> +
           ( 0.0000000,-0.0000238)|   0, 0, 1;0,  0;0,  0> +
            ...
 |  553> = ( 0.6697585,-0.2083656)|   0, 1, 0;1,  0;0,  0> +
           (-0.6697330, 0.2082867)|   0, 1, 0;0,  0;1,  0> +
           (-0.0263150,-0.0857237)|   0, 0, 1;1,  0;0,  0> +
           ( 0.0263103, 0.0857227)|   0, 0, 1;0,  0;1,  0> +
           ( 0.0000227,-0.0000071)|   0, 1, 0;1,  0;1,  0> +
           ( 0.0000227,-0.0000071)|   0, 1, 0;0,  0;0,  0> +
            ...
 |  554> = (-0.7069384, 0.0001535)|   5, 0, 0;1, -1;0,  0> +
           ( 0.7067878,-0.0001535)|   5, 0, 0;0,  0;1, -1> +
           ( 0.0185643, 0.0000218)|   5, 0, 0;1,  1;0,  0> +
           (-0.0185608,-0.0000218)|   5, 0, 0;0,  0;1,  1> +
           (-0.0000120, 0.0000000)|   5, 0, 0;1, -1;1,  0> +
           (-0.0000120, 0.0000000)|   5, 0, 0;1,  0;1, -1> +
            ...
 |  555> = ( 0.7070367, 0.0004347)|   5, 0, 0;1,  1;0,  0> +
           (-0.7066892,-0.0004322)|   5, 0, 0;0,  0;1,  1> +
           ( 0.0185677,-0.0000144)|   5, 0, 0;1, -1;0,  0> +
           (-0.0185574, 0.0000145)|   5, 0, 0;0,  0;1, -1> +
           ( 0.0000120, 0.0000000)|   5, 0, 0;1,  1;1,  0> +
           ( 0.0000120, 0.0000000)|   5, 0, 0;1,  0;1,  1> +
            ...
 |  556> = (-0.7069490,-0.0000764)|   5, 0, 0;0,  0;1, -1> +
           (-0.7067983,-0.0000764)|   5, 0, 0;1, -1;0,  0> +
           ( 0.0181572,-0.0000218)|   5, 0, 0;0,  0;1,  1> +
           ( 0.0181546,-0.0000218)|   5, 0, 0;1,  1;0,  0> +
           ( 0.0000120, 0.0000000)|   5, 0, 0;1,  0;1, -1> +
           (-0.0000120,-0.0000000)|   5, 0, 0;1, -1;1,  0> +
            ...
 |  557> = (-0.7070263,-0.0054638)|   5, 0, 0;0,  0;1,  1> +
           (-0.7066788,-0.0054633)|   5, 0, 0;1,  1;0,  0> +
           (-0.0181599,-0.0001641)|   5, 0, 0;0,  0;1, -1> +
           (-0.0181504,-0.0001641)|   5, 0, 0;1, -1;0,  0> +
           ( 0.0000120, 0.0000001)|   5, 0, 0;1,  0;1,  1> +
           (-0.0000120,-0.0000001)|   5, 0, 0;1,  1;1,  0> +
            ...
 |  558> = (-0.7070120, 0.0116394)|   5, 0, 0;0,  0;1,  0> +
           (-0.7070100, 0.0116393)|   5, 0, 0;1,  0;0,  0> +
            ...
 |  559> = (-0.7071078,-0.0000000)|   5, 0, 0;1,  0;0,  0> +
           ( 0.7071058,-0.0000000)|   5, 0, 0;0,  0;1,  0> +
           (-0.0000240,-0.0000000)|   5, 0, 0;1,  0;1,  0> +
           (-0.0000240,-0.0000000)|   5, 0, 0;0,  0;0,  0> +
            ...
 |  560> = ( 0.3841635,-0.0105930)|   1, 1, 0;1, -1;0,  0> +
           (-0.3841372, 0.0105941)|   1, 1, 0;0,  0;1, -1> +
           ( 0.0146570, 0.3679026)|   1, 0, 1;1, -1;0,  0> +
           (-0.0146626,-0.3678892)|   1, 0, 1;0,  0;1, -1> +
           ( 0.3368749,-0.0133710)|   1, 1, 0;1,  1;0,  0> +
           (-0.3368575, 0.0133669)|   1, 1, 0;0,  0;1,  1> +
           ( 0.0174361, 0.3206236)|   1, 0, 1;0,  0;1,  1> +
           (-0.0174344,-0.3206016)|   1, 0, 1;1,  1;0,  0> +
           ( 0.0000101, 0.0000005)|   1, 1, 0;1,  0;0,  0> +
            ...
 |  561> = ( 0.4671803, 0.0013047)|   1, 1, 0;0,  0;1,  1> +
           (-0.4671652,-0.0013054)|   1, 1, 0;1,  1;0,  0> +
           (-0.0013785,-0.4631766)|   1, 0, 1;0,  0;1, -1> +
           ( 0.0013774, 0.4631709)|   1, 0, 1;1, -1;0,  0> +
           ( 0.1853855,-0.0010509)|   1, 1, 0;0,  0;1, -1> +
           (-0.1853732, 0.0010512)|   1, 1, 0;1, -1;0,  0> +
           (-0.0037339,-0.1812174)|   1, 0, 1;1,  1;0,  0> +
           ( 0.0037341, 0.1811945)|   1, 0, 1;0,  0;1,  1> +
            ...
