p1529
p1529
p1529
p1529
p1529
p1529
p1529
p1529
p1529
p1529
p1529
p1529
p1529
p1529
p1529
p1529
p1529
p1529
p1529
p1529
p1529
p1529
p1529
p1529
# Parameters of the model
#  mass:		  261.0000 u
#  charge:	    1.0000 e
#  dipole:	   4.74500 D
#  B:		    503.65 MHz
#  omega_rho:	    1.4000 MHz
#  omega_z:	  0.184000 MHz

# omega_1:	  0.318697 MHz
# omega_3/5:	   1.38786 MHz

# Basis truncation:	|32,4,4;2,2>
# Basis size:		41472

# Active terms of the Hamiltionian:
# 	Nomal modes:	1
# 	T_rot:      	1
# 	V_qd^{(0)}: 	1
# 	V_qd^{(1)}: 	1
# 	V_dd^{(0)}: 	1

# Results of the diagonalisation
# 100 smallest eigenvalues
 4.854761500 5.854761500 6.854761500 7.854761500 8.854761500 9.209538553 9.209538553 9.854761500 10.209538552 10.209538553 10.854761500 11.209538552 11.209538553 11.854761500 12.209538552 12.209538553 12.854761500 13.209538552 13.209538553 13.564315605 13.564315605 13.564315605 13.854761500 14.209538552 14.209538552 14.564315605 14.564315605 14.564315605 14.854761500 15.209538552 15.209538552 15.564315605 15.564315605 15.564315605 15.854761500 16.209538552 16.209538552 16.564315605 16.564315605 16.564315605 16.854761500 17.209538552 17.209538552 17.564315605 17.564315605 17.564315605 17.854761499 17.919092657 17.919092657 17.919092657 17.919092658 18.209538552 18.209538552 18.564315604 18.564315605 18.564315605 18.854761500 18.919092657 18.919092657 18.919092657 18.919092657 19.209538552 19.209538552 19.564315605 19.564315605 19.564315605 19.854761499 19.919092657 19.919092657 19.919092657 19.919092657 20.209538552 20.209538552 20.564315604 20.564315605 20.564315605 20.854761500 20.919092657 20.919092657 20.919092657 20.919092657 21.209538552 21.209538553 21.564315604 21.564315605 21.564315605 21.854761499 21.919092657 21.919092657 21.919092657 21.919092657 22.209538552 22.209538552 22.273869710 22.273869710 22.273869710 22.564315604 22.564315604 22.564315605 22.854761500

# Ground state and the lowest excitations:
 |    0> = ( 1.0000000, 0.0000000)|   0, 0, 0;0,  0;0,  0> +
           ( 0.0000198, 0.0000000)|   0, 0, 0;0,  0;1,  0> +
           (-0.0000198, 0.0000000)|   0, 0, 0;1,  0;0,  0> +
            ...
 |    1> = ( 1.0000000, 0.0000000)|   1, 0, 0;0,  0;0,  0> +
           (-0.0000198,-0.0000000)|   1, 0, 0;1,  0;0,  0> +
           ( 0.0000198,-0.0000000)|   1, 0, 0;0,  0;1,  0> +
            ...
 |    2> = ( 1.0000000,-0.0000000)|   2, 0, 0;0,  0;0,  0> +
           (-0.0000198, 0.0000000)|   2, 0, 0;1,  0;0,  0> +
           ( 0.0000198, 0.0000000)|   2, 0, 0;0,  0;1,  0> +
            ...
 |    3> = ( 1.0000000,-0.0000000)|   3, 0, 0;0,  0;0,  0> +
           (-0.0000198, 0.0000000)|   3, 0, 0;1,  0;0,  0> +
           ( 0.0000198, 0.0000000)|   3, 0, 0;0,  0;1,  0> +
            ...
 |    4> = (-1.0000000, 0.0000000)|   4, 0, 0;0,  0;0,  0> +
           ( 0.0000198,-0.0000000)|   4, 0, 0;1,  0;0,  0> +
           (-0.0000198, 0.0000000)|   4, 0, 0;0,  0;1,  0> +
            ...
 |    5> = (-0.0000016,-0.7151677)|   0, 0, 1;0,  0;0,  0> +
           ( 0.6989529,-0.0000016)|   0, 1, 0;0,  0;0,  0> +
           ( 0.0000000, 0.0000142)|   0, 0, 1;1,  0;0,  0> +
           (-0.0000000,-0.0000142)|   0, 0, 1;0,  0;1,  0> +
           (-0.0000138, 0.0000000)|   0, 1, 0;1,  0;0,  0> +
           ( 0.0000138,-0.0000000)|   0, 1, 0;0,  0;1,  0> +
            ...
 |    6> = ( 0.7151677,-0.0000000)|   0, 1, 0;0,  0;0,  0> +
           (-0.0000000, 0.6989529)|   0, 0, 1;0,  0;0,  0> +
           ( 0.0000142,-0.0000000)|   0, 1, 0;0,  0;1,  0> +
           (-0.0000142, 0.0000000)|   0, 1, 0;1,  0;0,  0> +
           (-0.0000000, 0.0000138)|   0, 0, 1;0,  0;1,  0> +
           ( 0.0000000,-0.0000138)|   0, 0, 1;1,  0;0,  0> +
            ...
 |    7> = (-1.0000000,-0.0000000)|   5, 0, 0;0,  0;0,  0> +
           ( 0.0000198, 0.0000000)|   5, 0, 0;1,  0;0,  0> +
           (-0.0000198,-0.0000000)|   5, 0, 0;0,  0;1,  0> +
            ...
 |    8> = ( 0.7092483, 0.0002327)|   1, 1, 0;0,  0;0,  0> +
           ( 0.0002327, 0.7049587)|   1, 0, 1;0,  0;0,  0> +
           (-0.0000140,-0.0000000)|   1, 1, 0;1,  0;0,  0> +
           ( 0.0000140, 0.0000000)|   1, 1, 0;0,  0;1,  0> +
           (-0.0000000,-0.0000139)|   1, 0, 1;1,  0;0,  0> +
           ( 0.0000000, 0.0000139)|   1, 0, 1;0,  0;1,  0> +
            ...
 |    9> = (-0.0758176, 0.7051843)|   1, 0, 1;0,  0;0,  0> +
           (-0.7008695,-0.0758204)|   1, 1, 0;0,  0;0,  0> +
           (-0.0000015, 0.0000140)|   1, 0, 1;0,  0;1,  0> +
           ( 0.0000015,-0.0000140)|   1, 0, 1;1,  0;0,  0> +
           (-0.0000139,-0.0000015)|   1, 1, 0;0,  0;1,  0> +
           ( 0.0000139, 0.0000015)|   1, 1, 0;1,  0;0,  0> +
            ...
 |   10> = ( 1.0000000, 0.0000000)|   6, 0, 0;0,  0;0,  0> +
           ( 0.0000198, 0.0000000)|   6, 0, 0;0,  0;1,  0> +
           (-0.0000198,-0.0000000)|   6, 0, 0;1,  0;0,  0> +
            ...
 |   11> = ( 0.0001997,-0.7175662)|   2, 0, 1;0,  0;0,  0> +
           (-0.6964903, 0.0001997)|   2, 1, 0;0,  0;0,  0> +
           ( 0.0000000,-0.0000142)|   2, 0, 1;0,  0;1,  0> +
           (-0.0000000, 0.0000142)|   2, 0, 1;1,  0;0,  0> +
           (-0.0000138, 0.0000000)|   2, 1, 0;0,  0;1,  0> +
           ( 0.0000138,-0.0000000)|   2, 1, 0;1,  0;0,  0> +
            ...
 |   12> = ( 0.7174409, 0.0134105)|   2, 1, 0;0,  0;0,  0> +
           ( 0.0134101,-0.6963612)|   2, 0, 1;0,  0;0,  0> +
           (-0.0000142,-0.0000003)|   2, 1, 0;1,  0;0,  0> +
           ( 0.0000142, 0.0000003)|   2, 1, 0;0,  0;1,  0> +
           (-0.0000003, 0.0000138)|   2, 0, 1;1,  0;0,  0> +
           ( 0.0000003,-0.0000138)|   2, 0, 1;0,  0;1,  0> +
            ...
 |   13> = ( 1.0000000, 0.0000000)|   7, 0, 0;0,  0;0,  0> +
           ( 0.0000198, 0.0000000)|   7, 0, 0;0,  0;1,  0> +
           (-0.0000198,-0.0000000)|   7, 0, 0;1,  0;0,  0> +
            ...
 |   14> = (-0.7125002, 0.0040609)|   3, 1, 0;0,  0;0,  0> +
           ( 0.0040608, 0.7016484)|   3, 0, 1;0,  0;0,  0> +
           ( 0.0000141,-0.0000001)|   3, 1, 0;1,  0;0,  0> +
           (-0.0000141, 0.0000001)|   3, 1, 0;0,  0;1,  0> +
           ( 0.0000001, 0.0000139)|   3, 0, 1;0,  0;1,  0> +
           (-0.0000001,-0.0000139)|   3, 0, 1;1,  0;0,  0> +
            ...
 |   15> = (-0.0000311,-0.7125118)|   3, 0, 1;0,  0;0,  0> +
           (-0.7016601,-0.0000311)|   3, 1, 0;0,  0;0,  0> +
           ( 0.0000000, 0.0000141)|   3, 0, 1;1,  0;0,  0> +
           (-0.0000000,-0.0000141)|   3, 0, 1;0,  0;1,  0> +
           (-0.0000139,-0.0000000)|   3, 1, 0;0,  0;1,  0> +
           ( 0.0000139, 0.0000000)|   3, 1, 0;1,  0;0,  0> +
            ...
 |   16> = ( 1.0000000,-0.0000000)|   8, 0, 0;0,  0;0,  0> +
           ( 0.0000198,-0.0000000)|   8, 0, 0;0,  0;1,  0> +
           (-0.0000198, 0.0000000)|   8, 0, 0;1,  0;0,  0> +
            ...
 |   17> = ( 0.0000982,-0.7103516)|   4, 0, 1;0,  0;0,  0> +
           (-0.7038470, 0.0000982)|   4, 1, 0;0,  0;0,  0> +
           ( 0.0000000,-0.0000141)|   4, 0, 1;0,  0;1,  0> +
           (-0.0000000, 0.0000141)|   4, 0, 1;1,  0;0,  0> +
           ( 0.0000139,-0.0000000)|   4, 1, 0;1,  0;0,  0> +
           (-0.0000139, 0.0000000)|   4, 1, 0;0,  0;1,  0> +
            ...
 |   18> = (-0.7100295,-0.0213892)|   4, 1, 0;0,  0;0,  0> +
           (-0.0213887, 0.7035220)|   4, 0, 1;0,  0;0,  0> +
           (-0.0000140,-0.0000004)|   4, 1, 0;0,  0;1,  0> +
           ( 0.0000140, 0.0000004)|   4, 1, 0;1,  0;0,  0> +
           ( 0.0000004,-0.0000139)|   4, 0, 1;1,  0;0,  0> +
           (-0.0000004, 0.0000139)|   4, 0, 1;0,  0;1,  0> +
            ...
 |   19> = ( 0.7071069,-0.0000000)|   0, 2, 0;0,  0;0,  0> +
           (-0.7071067, 0.0000000)|   0, 0, 2;0,  0;0,  0> +
           (-0.0000140, 0.0000000)|   0, 2, 0;1,  0;0,  0> +
           ( 0.0000140, 0.0000000)|   0, 2, 0;0,  0;1,  0> +
           ( 0.0000140, 0.0000000)|   0, 0, 2;1,  0;0,  0> +
           (-0.0000140, 0.0000000)|   0, 0, 2;0,  0;1,  0> +
            ...
 |   20> = ( 0.7071069,-0.0000000)|   0, 0, 2;0,  0;0,  0> +
           ( 0.7071067, 0.0000000)|   0, 2, 0;0,  0;0,  0> +
           ( 0.0000140,-0.0000000)|   0, 0, 2;0,  0;1,  0> +
           (-0.0000140,-0.0000000)|   0, 0, 2;1,  0;0,  0> +
           (-0.0000140,-0.0000000)|   0, 2, 0;1,  0;0,  0> +
           ( 0.0000140,-0.0000000)|   0, 2, 0;0,  0;1,  0> +
            ...
 |   21> = ( 0.0000021, 1.0000000)|   0, 1, 1;0,  0;0,  0> +
           (-0.0000000,-0.0000198)|   0, 1, 1;1,  0;0,  0> +
           ( 0.0000000, 0.0000198)|   0, 1, 1;0,  0;1,  0> +
            ...
 |   22> = (-1.0000000, 0.0000000)|   9, 0, 0;0,  0;0,  0> +
           (-0.0000198, 0.0000000)|   9, 0, 0;0,  0;1,  0> +
           ( 0.0000198,-0.0000000)|   9, 0, 0;1,  0;0,  0> +
            ...
 |   23> = (-0.7161883,-0.0005760)|   5, 1, 0;0,  0;0,  0> +
           (-0.0005760,-0.6979066)|   5, 0, 1;0,  0;0,  0> +
           (-0.0000142,-0.0000000)|   5, 1, 0;0,  0;1,  0> +
           ( 0.0000142, 0.0000000)|   5, 1, 0;1,  0;0,  0> +
           ( 0.0000000, 0.0000138)|   5, 0, 1;1,  0;0,  0> +
           (-0.0000000,-0.0000138)|   5, 0, 1;0,  0;1,  0> +
            ...
 |   24> = ( 0.0444279,-0.7148092)|   5, 0, 1;0,  0;0,  0> +
           ( 0.6964912, 0.0444289)|   5, 1, 0;0,  0;0,  0> +
           (-0.0000009, 0.0000141)|   5, 0, 1;1,  0;0,  0> +
           ( 0.0000009,-0.0000141)|   5, 0, 1;0,  0;1,  0> +
           (-0.0000138,-0.0000009)|   5, 1, 0;1,  0;0,  0> +
           ( 0.0000138, 0.0000009)|   5, 1, 0;0,  0;1,  0> +
            ...
 # The upper part of the spectrum
 # Eigenvalues first: 512	 last: 562
 19864.037543097 19864.037543097 19864.037544517 19864.037544518 19864.037549386 19864.037552226 19865.037543097 19865.037543097 19865.037544517 19865.037544517 19865.037549386 19865.037552226 19866.037543097 19866.037543097 19866.037544517 19866.037544517 19866.037549385 19866.037552226 19867.037543097 19867.037543097 19867.037544517 19867.037544517 19867.037549386 19867.037552226 19868.037543097 19868.037543097 19868.037544517 19868.037544517 19868.037549386 19868.037552226 19868.392320149 19868.392320149 19868.392320150 19868.392320150 19868.392321570 19868.392321570 19868.392321570 19868.392321570 19868.392326438 19868.392326438 19868.392329278 19868.392329278 19869.037543097 19869.037543097 19869.037544517 19869.037544518 19869.037549385 19869.037552226 19869.392320149 19869.392320149

# Excited states :
 |  511> = (-0.0006218,-0.9999998)|  31, 3, 3;0,  0;0,  0> +
           ( 0.0000000, 0.0000198)|  31, 3, 3;1,  0;0,  0> +
           (-0.0000000,-0.0000198)|  31, 3, 3;0,  0;1,  0> +
            ...
 |  512> = (-0.7030273, 0.0000003)|   0, 0, 0;0,  0;1, -1> +
           ( 0.7030050,-0.0000003)|   0, 0, 0;1, -1;0,  0> +
           (-0.0757391,-0.0056589)|   0, 0, 0;0,  0;1,  1> +
           ( 0.0757381, 0.0056581)|   0, 0, 0;1,  1;0,  0> +
           ( 0.0000139,-0.0000000)|   0, 0, 0;1,  0;1, -1> +
           ( 0.0000139,-0.0000000)|   0, 0, 0;1, -1;1,  0> +
            ...
 |  513> = (-0.7010839,-0.0524033)|   0, 0, 0;0,  0;1,  1> +
           ( 0.7010369, 0.0524000)|   0, 0, 0;1,  1;0,  0> +
           ( 0.0759510, 0.0000024)|   0, 0, 0;0,  0;1, -1> +
           (-0.0759484,-0.0000028)|   0, 0, 0;1, -1;0,  0> +
           ( 0.0000139, 0.0000010)|   0, 0, 0;1,  0;1,  1> +
           ( 0.0000139, 0.0000010)|   0, 0, 0;1,  1;1,  0> +
            ...
 |  514> = ( 0.7023626, 0.0000003)|   0, 0, 0;1, -1;0,  0> +
           ( 0.7023399, 0.0000003)|   0, 0, 0;0,  0;1, -1> +
           (-0.0816914,-0.0054497)|   0, 0, 0;1,  1;0,  0> +
           (-0.0816859,-0.0054489)|   0, 0, 0;0,  0;1,  1> +
           ( 0.0000139, 0.0000000)|   0, 0, 0;1, -1;1,  0> +
           (-0.0000139,-0.0000000)|   0, 0, 0;1,  0;1, -1> +
            ...
 |  515> = (-0.7008184,-0.0467285)|   0, 0, 0;1,  1;0,  0> +
           (-0.7007719,-0.0467253)|   0, 0, 0;0,  0;1,  1> +
           (-0.0818709, 0.0000022)|   0, 0, 0;0,  0;1, -1> +
           (-0.0818695, 0.0000029)|   0, 0, 0;1, -1;0,  0> +
           (-0.0000139,-0.0000009)|   0, 0, 0;1,  1;1,  0> +
           ( 0.0000139, 0.0000009)|   0, 0, 0;1,  0;1,  1> +
            ...
 |  516> = ( 0.7071068, 0.0001125)|   0, 0, 0;1,  0;0,  0> +
           ( 0.7071068, 0.0001125)|   0, 0, 0;0,  0;1,  0> +
            ...
 |  517> = (-0.7071068,-0.0000000)|   0, 0, 0;0,  0;1,  0> +
           ( 0.7071068,-0.0000000)|   0, 0, 0;1,  0;0,  0> +
           ( 0.0000280,-0.0000000)|   0, 0, 0;1,  0;1,  0> +
           ( 0.0000280, 0.0000000)|   0, 0, 0;0,  0;0,  0> +
            ...
 |  518> = (-0.7026719,-0.0000001)|   1, 0, 0;0,  0;1, -1> +
           ( 0.7026592, 0.0000001)|   1, 0, 0;1, -1;0,  0> +
           (-0.0791276, 0.0000008)|   1, 0, 0;1,  1;0,  0> +
           ( 0.0791267,-0.0000008)|   1, 0, 0;0,  0;1,  1> +
           ( 0.0000139, 0.0000000)|   1, 0, 0;1,  0;1, -1> +
           ( 0.0000139, 0.0000000)|   1, 0, 0;1, -1;1,  0> +
            ...
 |  519> = ( 0.7027424,-0.0019105)|   1, 0, 0;0,  0;1,  1> +
           (-0.7025835, 0.0019083)|   1, 0, 0;1,  1;0,  0> +
           (-0.0791600, 0.0002146)|   1, 0, 0;1, -1;0,  0> +
           ( 0.0790937,-0.0002137)|   1, 0, 0;0,  0;1, -1> +
           (-0.0000139, 0.0000000)|   1, 0, 0;1,  0;1,  1> +
           (-0.0000139, 0.0000000)|   1, 0, 0;1,  1;1,  0> +
            ...
 |  520> = (-0.5987915, 0.0088853)|   1, 0, 0;1,  1;0,  0> +
           (-0.5986221, 0.0088847)|   1, 0, 0;0,  0;1,  1> +
           ( 0.3761136,-0.0038399)|   1, 0, 0;0,  0;1, -1> +
           ( 0.3761005,-0.0038398)|   1, 0, 0;1, -1;0,  0> +
           (-0.0000118, 0.0000002)|   1, 0, 0;1,  1;1,  0> +
           ( 0.0000118,-0.0000002)|   1, 0, 0;1,  0;1,  1> +
            ...
 |  521> = (-0.5987796,-0.0005919)|   1, 0, 0;1, -1;0,  0> +
           (-0.5987652,-0.0005919)|   1, 0, 0;0,  0;1, -1> +
           (-0.3761376, 0.0013697)|   1, 0, 0;1,  1;0,  0> +
           (-0.3761107, 0.0013697)|   1, 0, 0;0,  0;1,  1> +
           (-0.0000118,-0.0000000)|   1, 0, 0;1, -1;1,  0> +
           ( 0.0000118, 0.0000000)|   1, 0, 0;1,  0;1, -1> +
            ...
 |  522> = ( 0.7071071,-0.0000000)|   1, 0, 0;0,  0;1,  0> +
           ( 0.7071065,-0.0000000)|   1, 0, 0;1,  0;0,  0> +
            ...
 |  523> = (-0.7071071, 0.0000000)|   1, 0, 0;1,  0;0,  0> +
           ( 0.7071065, 0.0000000)|   1, 0, 0;0,  0;1,  0> +
           (-0.0000280, 0.0000000)|   1, 0, 0;1,  0;1,  0> +
           (-0.0000280, 0.0000000)|   1, 0, 0;0,  0;0,  0> +
            ...
 |  524> = ( 0.7001360, 0.0991930)|   2, 0, 0;0,  0;1,  1> +
           (-0.7000934,-0.0991949)|   2, 0, 0;1,  1;0,  0> +
           ( 0.0000381, 0.0000054)|   2, 0, 0;1, -1;0,  0> +
           (-0.0000373,-0.0000054)|   2, 0, 0;0,  0;1, -1> +
           (-0.0000139,-0.0000020)|   2, 0, 0;1,  0;1,  1> +
           (-0.0000139,-0.0000020)|   2, 0, 0;1,  1;1,  0> +
            ...
 |  525> = (-0.7071533, 0.0000000)|   2, 0, 0;0,  0;1, -1> +
           ( 0.7070603, 0.0000001)|   2, 0, 0;1, -1;0,  0> +
           (-0.0000381, 0.0000000)|   2, 0, 0;0,  0;1,  1> +
           ( 0.0000381,-0.0000000)|   2, 0, 0;1,  1;0,  0> +
           ( 0.0000140,-0.0000000)|   2, 0, 0;1,  0;1, -1> +
           ( 0.0000140, 0.0000000)|   2, 0, 0;1, -1;1,  0> +
            ...
 |  526> = ( 0.7070868,-0.0076099)|   2, 0, 0;1,  1;0,  0> +
           ( 0.7070448,-0.0076173)|   2, 0, 0;0,  0;1,  1> +
           (-0.0000337, 0.0000004)|   2, 0, 0;1, -1;0,  0> +
           (-0.0000337, 0.0000004)|   2, 0, 0;0,  0;1, -1> +
           ( 0.0000140,-0.0000002)|   2, 0, 0;1,  1;1,  0> +
           (-0.0000140, 0.0000002)|   2, 0, 0;1,  0;1,  1> +
            ...
 |  527> = (-0.7071533,-0.0000002)|   2, 0, 0;1, -1;0,  0> +
           (-0.7070603,-0.0000000)|   2, 0, 0;0,  0;1, -1> +
           (-0.0000341,-0.0000001)|   2, 0, 0;1,  1;0,  0> +
           (-0.0000333, 0.0000001)|   2, 0, 0;0,  0;1,  1> +
           (-0.0000140,-0.0000000)|   2, 0, 0;1, -1;1,  0> +
           ( 0.0000140, 0.0000000)|   2, 0, 0;1,  0;1, -1> +
            ...
 |  528> = (-0.7071072,-0.0000009)|   2, 0, 0;0,  0;1,  0> +
           (-0.7071063,-0.0000009)|   2, 0, 0;1,  0;0,  0> +
            ...
 |  529> = (-0.7071072,-0.0000000)|   2, 0, 0;1,  0;0,  0> +
           ( 0.7071063,-0.0000000)|   2, 0, 0;0,  0;1,  0> +
           (-0.0000280, 0.0000000)|   2, 0, 0;1,  0;1,  0> +
           (-0.0000280, 0.0000000)|   2, 0, 0;0,  0;0,  0> +
            ...
 |  530> = (-0.7071192,-0.0008391)|   3, 0, 0;1,  1;0,  0> +
           ( 0.7070933, 0.0008395)|   3, 0, 0;0,  0;1,  1> +
           ( 0.0001889, 0.0000002)|   3, 0, 0;1, -1;0,  0> +
           (-0.0001889,-0.0000002)|   3, 0, 0;0,  0;1, -1> +
           (-0.0000140,-0.0000000)|   3, 0, 0;1,  1;1,  0> +
           (-0.0000140,-0.0000000)|   3, 0, 0;1,  0;1,  1> +
            ...
 |  531> = ( 0.7071314,-0.0000001)|   3, 0, 0;0,  0;1, -1> +
           (-0.7070821, 0.0000001)|   3, 0, 0;1, -1;0,  0> +
           (-0.0001893, 0.0000000)|   3, 0, 0;1,  1;0,  0> +
           ( 0.0001885, 0.0000000)|   3, 0, 0;0,  0;1,  1> +
           (-0.0000140, 0.0000000)|   3, 0, 0;1,  0;1, -1> +
           (-0.0000140, 0.0000000)|   3, 0, 0;1, -1;1,  0> +
            ...
 |  532> = (-0.7058831, 0.0418005)|   3, 0, 0;0,  0;1,  1> +
           (-0.7058572, 0.0417994)|   3, 0, 0;1,  1;0,  0> +
           ( 0.0001883,-0.0000111)|   3, 0, 0;1, -1;0,  0> +
           ( 0.0001874,-0.0000111)|   3, 0, 0;0,  0;1, -1> +
           ( 0.0000140,-0.0000008)|   3, 0, 0;1,  0;1,  1> +
           (-0.0000140, 0.0000008)|   3, 0, 0;1,  1;1,  0> +
            ...
 |  533> = (-0.7071314,-0.0000001)|   3, 0, 0;1, -1;0,  0> +
           (-0.7070821,-0.0000001)|   3, 0, 0;0,  0;1, -1> +
           (-0.0001882, 0.0000000)|   3, 0, 0;1,  1;0,  0> +
           (-0.0001882, 0.0000000)|   3, 0, 0;0,  0;1,  1> +
           (-0.0000140,-0.0000000)|   3, 0, 0;1, -1;1,  0> +
           ( 0.0000140, 0.0000000)|   3, 0, 0;1,  0;1, -1> +
            ...
 |  534> = ( 0.7071041, 0.0021280)|   3, 0, 0;1,  0;0,  0> +
           ( 0.7071031, 0.0021280)|   3, 0, 0;0,  0;1,  0> +
            ...
 |  535> = ( 0.7071073, 0.0000000)|   3, 0, 0;0,  0;1,  0> +
           (-0.7071063, 0.0000000)|   3, 0, 0;1,  0;0,  0> +
           (-0.0000280,-0.0000000)|   3, 0, 0;1,  0;1,  0> +
           (-0.0000280,-0.0000000)|   3, 0, 0;0,  0;0,  0> +
            ...
 |  536> = (-0.7069794,-0.0140249)|   4, 0, 0;0,  0;1,  1> +
           ( 0.7069558, 0.0140249)|   4, 0, 0;1,  1;0,  0> +
           ( 0.0002795, 0.0000055)|   4, 0, 0;0,  0;1, -1> +
           (-0.0002795,-0.0000055)|   4, 0, 0;1, -1;0,  0> +
           ( 0.0000140, 0.0000003)|   4, 0, 0;1,  0;1,  1> +
           ( 0.0000140, 0.0000003)|   4, 0, 0;1,  1;1,  0> +
            ...
 |  537> = ( 0.7071766, 0.0000000)|   4, 0, 0;1, -1;0,  0> +
           (-0.7070369,-0.0000000)|   4, 0, 0;0,  0;1, -1> +
           (-0.0002797, 0.0000000)|   4, 0, 0;0,  0;1,  1> +
           ( 0.0002795, 0.0000000)|   4, 0, 0;1,  1;0,  0> +
           ( 0.0000140, 0.0000000)|   4, 0, 0;1, -1;1,  0> +
           ( 0.0000140, 0.0000000)|   4, 0, 0;1,  0;1, -1> +
            ...
 |  538> = ( 0.7070949,-0.0057834)|   4, 0, 0;1,  1;0,  0> +
           ( 0.7070712,-0.0057837)|   4, 0, 0;0,  0;1,  1> +
           (-0.0003276, 0.0000023)|   4, 0, 0;0,  0;1, -1> +
           (-0.0003274, 0.0000023)|   4, 0, 0;1, -1;0,  0> +
           ( 0.0000140,-0.0000001)|   4, 0, 0;1,  1;1,  0> +
           (-0.0000140, 0.0000001)|   4, 0, 0;1,  0;1,  1> +
            ...
 |  539> = (-0.7071766,-0.0000000)|   4, 0, 0;0,  0;1, -1> +
           (-0.7070369,-0.0000000)|   4, 0, 0;1, -1;0,  0> +
           (-0.0003275, 0.0000004)|   4, 0, 0;0,  0;1,  1> +
           (-0.0003275, 0.0000004)|   4, 0, 0;1,  1;0,  0> +
           ( 0.0000140, 0.0000000)|   4, 0, 0;1,  0;1, -1> +
           (-0.0000140,-0.0000000)|   4, 0, 0;1, -1;1,  0> +
            ...
 |  540> = (-0.7071083, 0.0010421)|   4, 0, 0;1,  0;0,  0> +
           (-0.7071037, 0.0010421)|   4, 0, 0;0,  0;1,  0> +
            ...
 |  541> = (-0.7071090, 0.0000000)|   4, 0, 0;0,  0;1,  0> +
           ( 0.7071045, 0.0000000)|   4, 0, 0;1,  0;0,  0> +
           ( 0.0000280,-0.0000000)|   4, 0, 0;1,  0;1,  0> +
           ( 0.0000280,-0.0000000)|   4, 0, 0;0,  0;0,  0> +
            ...
 |  542> = ( 0.4319180, 0.0537150)|   0, 1, 0;0,  0;1, -1> +
           (-0.4319155,-0.0537129)|   0, 1, 0;1, -1;0,  0> +
           (-0.4304083,-0.0615925)|   0, 1, 0;1,  1;0,  0> +
           ( 0.4303726, 0.0615921)|   0, 1, 0;0,  0;1,  1> +
           ( 0.0290951,-0.2450227)|   0, 0, 1;1, -1;0,  0> +
           (-0.0290910, 0.2450095)|   0, 0, 1;0,  0;1, -1> +
           (-0.0369734, 0.2435068)|   0, 0, 1;1,  1;0,  0> +
           ( 0.0369695,-0.2434718)|   0, 0, 1;0,  0;1,  1> +
            ...
 |  543> = (-0.0043467, 0.3756804)|   0, 0, 1;1, -1;0,  0> +
           ( 0.0043451,-0.3756599)|   0, 0, 1;0,  0;1, -1> +
           (-0.3660517,-0.0124256)|   0, 1, 0;1,  1;0,  0> +
           ( 0.3660393, 0.0124249)|   0, 1, 0;0,  0;1,  1> +
           ( 0.3398549, 0.0036050)|   0, 1, 0;1, -1;0,  0> +
           (-0.3398415,-0.0036005)|   0, 1, 0;0,  0;1, -1> +
           (-0.0116833, 0.3302625)|   0, 0, 1;1,  1;0,  0> +
           ( 0.0116810,-0.3302315)|   0, 0, 1;0,  0;1,  1> +
           (-0.0000005,-0.0000140)|   0, 0, 1;0,  0;1,  0> +
            ...
 |  544> = ( 0.0000000,-0.3536019)|   0, 0, 1;0,  0;1,  1> +
           (-0.0000000, 0.3536013)|   0, 0, 1;1,  1;0,  0> +
           (-0.3535866, 0.0000000)|   0, 1, 0;0,  0;1,  1> +
           ( 0.3535859,-0.0000000)|   0, 1, 0;1,  1;0,  0> +
           ( 0.3535281,-0.0000000)|   0, 1, 0;0,  0;1, -1> +
           (-0.3535275, 0.0000000)|   0, 1, 0;1, -1;0,  0> +
           ( 0.0000000,-0.3534982)|   0, 0, 1;0,  0;1, -1> +
           (-0.0000000, 0.3534975)|   0, 0, 1;1, -1;0,  0> +
            ...
 |  545> = ( 0.0015762,-0.4529034)|   0, 0, 1;0,  0;1,  1> +
           (-0.0015757, 0.4528778)|   0, 0, 1;1,  1;0,  0> +
           (-0.0007137,-0.4159666)|   0, 0, 1;1, -1;0,  0> +
           ( 0.0007134, 0.4159289)|   0, 0, 1;0,  0;1, -1> +
           ( 0.2647226, 0.0006796)|   0, 1, 0;1, -1;0,  0> +
           (-0.2646944,-0.0006793)|   0, 1, 0;0,  0;1, -1> +
           (-0.2276228, 0.0016102)|   0, 1, 0;0,  0;1,  1> +
           ( 0.2275735,-0.0016099)|   0, 1, 0;1,  1;0,  0> +
            ...
 |  546> = ( 0.5860934,-0.0050017)|   0, 1, 0;0,  0;1, -1> +
           ( 0.5860815,-0.0050018)|   0, 1, 0;1, -1;0,  0> +
           ( 0.3846819, 0.0141501)|   0, 1, 0;0,  0;1,  1> +
           ( 0.3846764, 0.0141454)|   0, 1, 0;1,  1;0,  0> +
           ( 0.0133511, 0.0898961)|   0, 0, 1;0,  0;1, -1> +
           ( 0.0133507, 0.0898812)|   0, 0, 1;1, -1;0,  0> +
           ( 0.0044934,-0.0044696)|   0, 0, 1;0,  0;1,  1> +
           ( 0.0044893,-0.0044611)|   0, 0, 1;1,  1;0,  0> +
           (-0.0000116, 0.0000001)|   0, 1, 0;1,  0;1, -1> +
           ( 0.0000116,-0.0000001)|   0, 1, 0;1, -1;1,  0> +
            ...
 |  547> = ( 0.1848300,-0.5293243)|   0, 0, 1;0,  0;1,  1> +
           ( 0.1848118,-0.5292901)|   0, 0, 1;1,  1;0,  0> +
           ( 0.2682304, 0.2133861)|   0, 1, 0;0,  0;1,  1> +
           ( 0.2681926, 0.2133678)|   0, 1, 0;1,  1;0,  0> +
           (-0.1952166,-0.1098984)|   0, 1, 0;1, -1;0,  0> +
           (-0.1952110,-0.1098961)|   0, 1, 0;0,  0;1, -1> +
           ( 0.1307696, 0.0303590)|   0, 0, 1;1, -1;0,  0> +
           ( 0.1307674, 0.0303609)|   0, 0, 1;0,  0;1, -1> +
           (-0.0000130,-0.0000033)|   0, 1, 0;1,  0;0,  0> +
           ( 0.0000119,-0.0000000)|   0, 1, 0;0,  0;1,  0> +
           (-0.0000037, 0.0000105)|   0, 0, 1;1,  0;1,  1> +
           ( 0.0000037,-0.0000105)|   0, 0, 1;1,  1;1,  0> +
            ...
 |  548> = ( 0.5269257, 0.1862086)|   0, 0, 1;0,  0;1, -1> +
           ( 0.5269176, 0.1862086)|   0, 0, 1;1, -1;0,  0> +
           (-0.1795672, 0.2494626)|   0, 1, 0;0,  0;1,  1> +
           (-0.1795561, 0.2494663)|   0, 1, 0;1,  1;0,  0> +
           (-0.2787430, 0.0449436)|   0, 0, 1;1,  1;0,  0> +
           (-0.2787409, 0.0449547)|   0, 0, 1;0,  0;1,  1> +
           ( 0.0729791,-0.0903486)|   0, 1, 0;0,  0;1, -1> +
           ( 0.0729791,-0.0903348)|   0, 1, 0;1, -1;0,  0> +
           (-0.0000104,-0.0000037)|   0, 0, 1;1,  0;1, -1> +
           ( 0.0000104, 0.0000037)|   0, 0, 1;1, -1;1,  0> +
            ...
 |  549> = ( 0.0000427, 0.4017720)|   0, 0, 1;0,  0;1, -1> +
           ( 0.0000428, 0.4017194)|   0, 0, 1;1, -1;0,  0> +
           ( 0.3740166, 0.0004662)|   0, 1, 0;1,  1;0,  0> +
           ( 0.3739929, 0.0004660)|   0, 1, 0;0,  0;1,  1> +
           ( 0.0007756, 0.3254708)|   0, 0, 1;1,  1;0,  0> +
           ( 0.0007754, 0.3254267)|   0, 0, 1;0,  0;1,  1> +
           (-0.3046421,-0.0003229)|   0, 1, 0;0,  0;1, -1> +
           (-0.3046297,-0.0003230)|   0, 1, 0;1, -1;0,  0> +
            ...
 |  550> = ( 0.3091768, 0.6356659)|   0, 1, 0;1,  0;0,  0> +
           ( 0.3091261, 0.6356528)|   0, 1, 0;0,  0;1,  0> +
           (-0.0157893, 0.0106485)|   0, 0, 1;1,  0;0,  0> +
           (-0.0157871, 0.0106437)|   0, 0, 1;0,  0;1,  0> +
            ...
 |  551> = ( 0.1172294, 0.6970775)|   0, 0, 1;1,  0;0,  0> +
           ( 0.1172280, 0.6970456)|   0, 0, 1;0,  0;1,  0> +
           (-0.0190377, 0.0004953)|   0, 1, 0;1,  0;0,  0> +
           (-0.0190340, 0.0004952)|   0, 1, 0;0,  0;1,  0> +
            ...
 |  552> = (-0.6978698,-0.0831703)|   0, 1, 0;0,  0;1,  0> +
           ( 0.6978406, 0.0831264)|   0, 1, 0;1,  0;0,  0> +
           ( 0.0141613,-0.0767074)|   0, 0, 1;0,  0;1,  0> +
           (-0.0141600, 0.0767066)|   0, 0, 1;1,  0;0,  0> +
           ( 0.0000276, 0.0000033)|   0, 1, 0;1,  0;1,  0> +
           ( 0.0000276, 0.0000033)|   0, 1, 0;0,  0;0,  0> +
           ( 0.0000045,-0.0000104)|   0, 0, 1;1,  1;0,  0> +
           ( 0.0000048,-0.0000094)|   0, 0, 1;0,  0;1,  1> +
            ...
 |  553> = (-0.0544687, 0.7006933)|   0, 0, 1;0,  0;1,  0> +
           ( 0.0544703,-0.7006612)|   0, 0, 1;1,  0;0,  0> +
           (-0.0779963,-0.0010627)|   0, 1, 0;0,  0;1,  0> +
           ( 0.0779955, 0.0010619)|   0, 1, 0;1,  0;0,  0> +
           ( 0.0000022,-0.0000277)|   0, 0, 1;1,  0;1,  0> +
           ( 0.0000022,-0.0000277)|   0, 0, 1;0,  0;0,  0> +
            ...
 |  554> = ( 0.7072592,-0.0000044)|   5, 0, 0;1, -1;0,  0> +
           (-0.7069543, 0.0000044)|   5, 0, 0;0,  0;1, -1> +
           (-0.0002734, 0.0000030)|   5, 0, 0;1,  1;0,  0> +
           ( 0.0002722,-0.0000030)|   5, 0, 0;0,  0;1,  1> +
           ( 0.0000140,-0.0000000)|   5, 0, 0;1, -1;1,  0> +
           ( 0.0000140,-0.0000000)|   5, 0, 0;1,  0;1, -1> +
            ...
 |  555> = (-0.6999522,-0.1005528)|   5, 0, 0;0,  0;1,  1> +
           ( 0.6998903, 0.1005455)|   5, 0, 0;1,  1;0,  0> +
           (-0.0002696,-0.0000418)|   5, 0, 0;0,  0;1, -1> +
           ( 0.0002696, 0.0000418)|   5, 0, 0;1, -1;0,  0> +
           ( 0.0000139, 0.0000020)|   5, 0, 0;1,  0;1,  1> +
           ( 0.0000138, 0.0000020)|   5, 0, 0;1,  1;1,  0> +
            ...
 |  556> = (-0.7072592, 0.0000036)|   5, 0, 0;0,  0;1, -1> +
           (-0.7069542, 0.0000035)|   5, 0, 0;1, -1;0,  0> +
           ( 0.0003117,-0.0000007)|   5, 0, 0;0,  0;1,  1> +
           ( 0.0003116,-0.0000007)|   5, 0, 0;1,  1;0,  0> +
           ( 0.0000140,-0.0000000)|   5, 0, 0;1,  0;1, -1> +
           (-0.0000140, 0.0000000)|   5, 0, 0;1, -1;1,  0> +
            ...
 |  557> = ( 0.7051212, 0.0533673)|   5, 0, 0;1,  1;0,  0> +
           ( 0.7050592, 0.0533610)|   5, 0, 0;0,  0;1,  1> +
           ( 0.0003112, 0.0000242)|   5, 0, 0;1, -1;0,  0> +
           ( 0.0003101, 0.0000242)|   5, 0, 0;0,  0;1, -1> +
           ( 0.0000140, 0.0000011)|   5, 0, 0;1,  1;1,  0> +
           (-0.0000140,-0.0000011)|   5, 0, 0;1,  0;1,  1> +
            ...
 |  558> = ( 0.7052923,-0.0506347)|   5, 0, 0;0,  0;1,  0> +
           ( 0.7052907,-0.0506347)|   5, 0, 0;1,  0;0,  0> +
            ...
 |  559> = (-0.7071076, 0.0000001)|   5, 0, 0;1,  0;0,  0> +
           ( 0.7071060, 0.0000001)|   5, 0, 0;0,  0;1,  0> +
           (-0.0000280, 0.0000000)|   5, 0, 0;1,  0;1,  0> +
           (-0.0000280, 0.0000000)|   5, 0, 0;0,  0;0,  0> +
            ...
 |  560> = (-0.4986901, 0.1071439)|   1, 1, 0;1,  1;0,  0> +
           ( 0.4986807,-0.1071370)|   1, 1, 0;0,  0;1,  1> +
           (-0.4182688, 0.1103304)|   1, 1, 0;1, -1;0,  0> +
           ( 0.4182264,-0.1103253)|   1, 1, 0;0,  0;1, -1> +
           (-0.0236029,-0.1954999)|   1, 0, 1;0,  0;1,  1> +
           ( 0.0236247, 0.1954844)|   1, 0, 1;1,  1;0,  0> +
           ( 0.0268066, 0.1150838)|   1, 0, 1;0,  0;1, -1> +
           (-0.0267958,-0.1150240)|   1, 0, 1;1, -1;0,  0> +
           ( 0.0000016,-0.0000117)|   1, 0, 1;1,  0;0,  0> +
           ( 0.0000113, 0.0000024)|   1, 1, 0;1,  0;0,  0> +
           (-0.0000099, 0.0000021)|   1, 1, 0;1,  1;1,  0> +
           (-0.0000099, 0.0000021)|   1, 1, 0;1,  0;1,  1> +
            ...
 |  561> = ( 0.0000000,-0.3538060)|   1, 0, 1;0,  0;1, -1> +
           (-0.0000000, 0.3538054)|   1, 0, 1;1, -1;0,  0> +
           (-0.3535095, 0.0000000)|   1, 1, 0;1, -1;0,  0> +
           ( 0.3535081,-0.0000000)|   1, 1, 0;0,  0;1, -1> +
           ( 0.0000000, 0.3534728)|   1, 0, 1;1,  1;0,  0> +
           (-0.0000000,-0.3534724)|   1, 0, 1;0,  0;1,  1> +
           ( 0.3534271, 0.0000000)|   1, 1, 0;1,  1;0,  0> +
           (-0.3534258,-0.0000000)|   1, 1, 0;0,  0;1,  1> +
            ...
