p1668
p1668
p1668
p1668
p1668
p1668
p1668
p1668
p1668
p1668
p1668
p1668
p1668
p1668
p1668
p1668
p1668
p1668
p1668
p1668
p1668
p1668
p1668
p1668
# Parameters of the model
#  mass:		  261.0000 u
#  charge:	    1.0000 e
#  dipole:	   4.74500 D
#  B:		    503.65 MHz
#  omega_rho:	    1.4000 MHz
#  omega_z:	  0.196000 MHz

# omega_1:	  0.339482 MHz
# omega_3/5:	   1.38621 MHz

# Basis truncation:	|32,4,4;2,2>
# Basis size:		41472

# Active terms of the Hamiltionian:
# 	Nomal modes:	1
# 	T_rot:      	1
# 	V_qd^{(0)}: 	1
# 	V_qd^{(1)}: 	1
# 	V_dd^{(0)}: 	1

# Results of the diagonalisation
# 100 smallest eigenvalues
 4.583298700 5.583298700 6.583298700 7.583298700 8.583298700 8.666614679 8.666614680 9.583298700 9.666614680 9.666614680 10.583298700 10.666614679 10.666614680 11.583298700 11.666614680 11.666614680 12.583298700 12.666614679 12.666614680 12.749930659 12.749930659 12.749930659 13.583298700 13.666614679 13.666614679 13.749930659 13.749930659 13.749930659 14.583298700 14.666614679 14.666614679 14.749930659 14.749930659 14.749930659 15.583298700 15.666614679 15.666614679 15.749930659 15.749930659 15.749930659 16.583298700 16.666614679 16.666614679 16.749930659 16.749930659 16.749930659 16.833246638 16.833246638 16.833246639 16.833246639 17.583298699 17.666614679 17.666614679 17.749930659 17.749930659 17.749930659 17.833246638 17.833246638 17.833246638 17.833246639 18.583298700 18.666614679 18.666614680 18.749930659 18.749930659 18.749930659 18.833246638 18.833246638 18.833246638 18.833246639 19.583298699 19.666614679 19.666614679 19.749930659 19.749930659 19.749930659 19.833246638 19.833246638 19.833246638 19.833246638 20.583298700 20.666614679 20.666614679 20.749930659 20.749930659 20.749930659 20.833246638 20.833246638 20.833246638 20.833246638 20.916562618 20.916562618 20.916562618 21.583298699 21.666614679 21.666614679 21.749930658 21.749930659 21.749930659 21.833246638

# Ground state and the lowest excitations:
 |    0> = ( 1.0000000, 0.0000000)|   0, 0, 0;0,  0;0,  0> +
           (-0.0000215,-0.0000000)|   0, 0, 0;1,  0;0,  0> +
           ( 0.0000215,-0.0000000)|   0, 0, 0;0,  0;1,  0> +
            ...
 |    1> = ( 1.0000000, 0.0000000)|   1, 0, 0;0,  0;0,  0> +
           ( 0.0000215,-0.0000000)|   1, 0, 0;0,  0;1,  0> +
           (-0.0000215,-0.0000000)|   1, 0, 0;1,  0;0,  0> +
            ...
 |    2> = ( 1.0000000,-0.0000000)|   2, 0, 0;0,  0;0,  0> +
           (-0.0000215,-0.0000000)|   2, 0, 0;1,  0;0,  0> +
           ( 0.0000215,-0.0000000)|   2, 0, 0;0,  0;1,  0> +
            ...
 |    3> = (-1.0000000, 0.0000000)|   3, 0, 0;0,  0;0,  0> +
           (-0.0000215, 0.0000000)|   3, 0, 0;0,  0;1,  0> +
           ( 0.0000215, 0.0000000)|   3, 0, 0;1,  0;0,  0> +
            ...
 |    4> = (-1.0000000, 0.0000000)|   4, 0, 0;0,  0;0,  0> +
           (-0.0000215,-0.0000000)|   4, 0, 0;0,  0;1,  0> +
           ( 0.0000215, 0.0000000)|   4, 0, 0;1,  0;0,  0> +
            ...
 |    5> = (-0.0000322, 0.7128273)|   0, 0, 1;0,  0;0,  0> +
           (-0.7013396,-0.0000322)|   0, 1, 0;0,  0;0,  0> +
           (-0.0000000, 0.0000153)|   0, 0, 1;0,  0;1,  0> +
           ( 0.0000000,-0.0000153)|   0, 0, 1;1,  0;0,  0> +
           (-0.0000151,-0.0000000)|   0, 1, 0;0,  0;1,  0> +
           ( 0.0000151, 0.0000000)|   0, 1, 0;1,  0;0,  0> +
            ...
 |    6> = (-0.7128273,-0.0000003)|   0, 1, 0;0,  0;0,  0> +
           (-0.0000003,-0.7013396)|   0, 0, 1;0,  0;0,  0> +
           (-0.0000153,-0.0000000)|   0, 1, 0;0,  0;1,  0> +
           ( 0.0000153, 0.0000000)|   0, 1, 0;1,  0;0,  0> +
           ( 0.0000000, 0.0000151)|   0, 0, 1;1,  0;0,  0> +
           (-0.0000000,-0.0000151)|   0, 0, 1;0,  0;1,  0> +
            ...
 |    7> = (-1.0000000, 0.0000000)|   5, 0, 0;0,  0;0,  0> +
           (-0.0000215,-0.0000000)|   5, 0, 0;0,  0;1,  0> +
           ( 0.0000215, 0.0000000)|   5, 0, 0;1,  0;0,  0> +
            ...
 |    8> = (-0.0000617, 0.7107838)|   1, 0, 1;0,  0;0,  0> +
           ( 0.7034105,-0.0000617)|   1, 1, 0;0,  0;0,  0> +
           (-0.0000000, 0.0000153)|   1, 0, 1;0,  0;1,  0> +
           ( 0.0000000,-0.0000153)|   1, 0, 1;1,  0;0,  0> +
           ( 0.0000151,-0.0000000)|   1, 1, 0;0,  0;1,  0> +
           (-0.0000151, 0.0000000)|   1, 1, 0;1,  0;0,  0> +
            ...
 |    9> = (-0.7106892,-0.0115939)|   1, 1, 0;0,  0;0,  0> +
           (-0.0115963, 0.7033150)|   1, 0, 1;0,  0;0,  0> +
           ( 0.0000153, 0.0000002)|   1, 1, 0;1,  0;0,  0> +
           (-0.0000153,-0.0000002)|   1, 1, 0;0,  0;1,  0> +
           (-0.0000002, 0.0000151)|   1, 0, 1;0,  0;1,  0> +
           ( 0.0000002,-0.0000151)|   1, 0, 1;1,  0;0,  0> +
            ...
 |   10> = ( 1.0000000,-0.0000000)|   6, 0, 0;0,  0;0,  0> +
           ( 0.0000215,-0.0000000)|   6, 0, 0;0,  0;1,  0> +
           (-0.0000215, 0.0000000)|   6, 0, 0;1,  0;0,  0> +
            ...
 |   11> = (-0.7203038,-0.0037521)|   2, 1, 0;0,  0;0,  0> +
           (-0.0037520, 0.6936384)|   2, 0, 1;0,  0;0,  0> +
           (-0.0000155,-0.0000001)|   2, 1, 0;0,  0;1,  0> +
           ( 0.0000155, 0.0000001)|   2, 1, 0;1,  0;0,  0> +
           ( 0.0000001,-0.0000149)|   2, 0, 1;1,  0;0,  0> +
           (-0.0000001, 0.0000149)|   2, 0, 1;0,  0;1,  0> +
            ...
 |   12> = ( 0.0000707,-0.7203136)|   2, 0, 1;0,  0;0,  0> +
           (-0.6936486, 0.0000707)|   2, 1, 0;0,  0;0,  0> +
           ( 0.0000000,-0.0000155)|   2, 0, 1;0,  0;1,  0> +
           (-0.0000000, 0.0000155)|   2, 0, 1;1,  0;0,  0> +
           (-0.0000149, 0.0000000)|   2, 1, 0;0,  0;1,  0> +
           ( 0.0000149,-0.0000000)|   2, 1, 0;1,  0;0,  0> +
            ...
 |   13> = (-1.0000000,-0.0000000)|   7, 0, 0;0,  0;0,  0> +
           (-0.0000215,-0.0000000)|   7, 0, 0;0,  0;1,  0> +
           ( 0.0000215, 0.0000000)|   7, 0, 0;1,  0;0,  0> +
            ...
 |   14> = ( 0.0006726, 0.8911317)|   3, 0, 1;0,  0;0,  0> +
           (-0.4537438, 0.0006725)|   3, 1, 0;0,  0;0,  0> +
           (-0.0000000,-0.0000192)|   3, 0, 1;1,  0;0,  0> +
           ( 0.0000000, 0.0000192)|   3, 0, 1;0,  0;1,  0> +
            ...
 |   15> = (-0.8911319, 0.0002187)|   3, 1, 0;0,  0;0,  0> +
           ( 0.0002187,-0.4537442)|   3, 0, 1;0,  0;0,  0> +
           (-0.0000192, 0.0000000)|   3, 1, 0;0,  0;1,  0> +
           ( 0.0000192,-0.0000000)|   3, 1, 0;1,  0;0,  0> +
            ...
 |   16> = ( 1.0000000, 0.0000000)|   8, 0, 0;0,  0;0,  0> +
           ( 0.0000215, 0.0000000)|   8, 0, 0;0,  0;1,  0> +
           (-0.0000215,-0.0000000)|   8, 0, 0;1,  0;0,  0> +
            ...
 |   17> = (-0.0043207,-0.7146931)|   4, 0, 1;0,  0;0,  0> +
           ( 0.6994115,-0.0043209)|   4, 1, 0;0,  0;0,  0> +
           ( 0.0000001, 0.0000154)|   4, 0, 1;1,  0;0,  0> +
           (-0.0000001,-0.0000154)|   4, 0, 1;0,  0;1,  0> +
           (-0.0000151, 0.0000001)|   4, 1, 0;1,  0;0,  0> +
           ( 0.0000151,-0.0000001)|   4, 1, 0;0,  0;1,  0> +
            ...
 |   18> = ( 0.7147061,-0.0000468)|   4, 1, 0;0,  0;0,  0> +
           (-0.0000468, 0.6994249)|   4, 0, 1;0,  0;0,  0> +
           (-0.0000154, 0.0000000)|   4, 1, 0;1,  0;0,  0> +
           ( 0.0000154,-0.0000000)|   4, 1, 0;0,  0;1,  0> +
           (-0.0000000, 0.0000151)|   4, 0, 1;0,  0;1,  0> +
           ( 0.0000000,-0.0000151)|   4, 0, 1;1,  0;0,  0> +
            ...
 |   19> = ( 0.7071177,-0.0000000)|   0, 0, 2;0,  0;0,  0> +
           ( 0.7070959, 0.0000000)|   0, 2, 0;0,  0;0,  0> +
           (-0.0000152, 0.0000000)|   0, 0, 2;1,  0;0,  0> +
           ( 0.0000152,-0.0000000)|   0, 0, 2;0,  0;1,  0> +
           (-0.0000152,-0.0000000)|   0, 2, 0;1,  0;0,  0> +
           ( 0.0000152,-0.0000000)|   0, 2, 0;0,  0;1,  0> +
            ...
 |   20> = ( 0.7071177,-0.0000000)|   0, 2, 0;0,  0;0,  0> +
           (-0.7070959, 0.0000000)|   0, 0, 2;0,  0;0,  0> +
           (-0.0000152, 0.0000000)|   0, 2, 0;1,  0;0,  0> +
           ( 0.0000152, 0.0000000)|   0, 2, 0;0,  0;1,  0> +
           ( 0.0000152,-0.0000000)|   0, 0, 2;1,  0;0,  0> +
           (-0.0000152, 0.0000000)|   0, 0, 2;0,  0;1,  0> +
            ...
 |   21> = (-0.0000140,-1.0000000)|   0, 1, 1;0,  0;0,  0> +
           (-0.0000000,-0.0000215)|   0, 1, 1;0,  0;1,  0> +
           ( 0.0000000, 0.0000215)|   0, 1, 1;1,  0;0,  0> +
            ...
 |   22> = ( 1.0000000, 0.0000000)|   9, 0, 0;0,  0;0,  0> +
           ( 0.0000215, 0.0000000)|   9, 0, 0;0,  0;1,  0> +
           (-0.0000215,-0.0000000)|   9, 0, 0;1,  0;0,  0> +
            ...
 |   23> = ( 0.7115072, 0.0002561)|   5, 1, 0;0,  0;0,  0> +
           ( 0.0002561, 0.7026787)|   5, 0, 1;0,  0;0,  0> +
           (-0.0000153,-0.0000000)|   5, 1, 0;1,  0;0,  0> +
           ( 0.0000153, 0.0000000)|   5, 1, 0;0,  0;1,  0> +
           (-0.0000000,-0.0000151)|   5, 0, 1;1,  0;0,  0> +
           ( 0.0000000, 0.0000151)|   5, 0, 1;0,  0;1,  0> +
            ...
 |   24> = ( 0.0412136,-0.7103126)|   5, 0, 1;0,  0;0,  0> +
           ( 0.7014693, 0.0412103)|   5, 1, 0;0,  0;0,  0> +
           (-0.0000009, 0.0000153)|   5, 0, 1;1,  0;0,  0> +
           ( 0.0000009,-0.0000153)|   5, 0, 1;0,  0;1,  0> +
           (-0.0000151,-0.0000009)|   5, 1, 0;1,  0;0,  0> +
           ( 0.0000151, 0.0000009)|   5, 1, 0;0,  0;1,  0> +
            ...
 # The upper part of the spectrum
 # Eigenvalues first: 512	 last: 562
 18647.897747578 18647.897747578 18647.897749091 18647.897749091 18647.897754597 18647.897757623 18648.897747578 18648.897747578 18648.897749091 18648.897749091 18648.897754597 18648.897757623 18649.897747578 18649.897747578 18649.897749091 18649.897749091 18649.897754597 18649.897757623 18650.897747578 18650.897747578 18650.897749091 18650.897749091 18650.897754597 18650.897757623 18651.897747578 18651.897747578 18651.897749091 18651.897749091 18651.897754597 18651.897757623 18651.981063557 18651.981063557 18651.981063557 18651.981063558 18651.981065070 18651.981065070 18651.981065070 18651.981065070 18651.981070577 18651.981070577 18651.981073602 18651.981073602 18652.897747578 18652.897747578 18652.897749091 18652.897749091 18652.897754597 18652.897757623 18652.981063557 18652.981063557

# Excited states :
 |  511> = (-0.0019796,-0.9999980)|  31, 3, 3;0,  0;0,  0> +
           (-0.0000000,-0.0000215)|  31, 3, 3;0,  0;1,  0> +
           ( 0.0000000, 0.0000215)|  31, 3, 3;1,  0;0,  0> +
            ...
 |  512> = ( 0.7070053, 0.0000003)|   0, 0, 0;1, -1;0,  0> +
           (-0.7069775,-0.0000000)|   0, 0, 0;0,  0;1, -1> +
           ( 0.0127751,-0.0002465)|   0, 0, 0;1,  1;0,  0> +
           (-0.0127689, 0.0002468)|   0, 0, 0;0,  0;1,  1> +
           ( 0.0000152, 0.0000000)|   0, 0, 0;1, -1;1,  0> +
           ( 0.0000152, 0.0000000)|   0, 0, 0;1,  0;1, -1> +
            ...
 |  513> = (-0.7068574, 0.0139065)|   0, 0, 0;1,  1;0,  0> +
           ( 0.7068518,-0.0139064)|   0, 0, 0;0,  0;1,  1> +
           ( 0.0127752,-0.0000050)|   0, 0, 0;1, -1;0,  0> +
           (-0.0127735, 0.0000043)|   0, 0, 0;0,  0;1, -1> +
           (-0.0000152, 0.0000003)|   0, 0, 0;1,  1;1,  0> +
           (-0.0000152, 0.0000003)|   0, 0, 0;1,  0;1,  1> +
            ...
 |  514> = (-0.7069907, 0.0000002)|   0, 0, 0;0,  0;1, -1> +
           (-0.7069631,-0.0000001)|   0, 0, 0;1, -1;0,  0> +
           ( 0.0135353,-0.0007018)|   0, 0, 0;0,  0;1,  1> +
           ( 0.0135340,-0.0007025)|   0, 0, 0;1,  1;0,  0> +
           ( 0.0000152,-0.0000000)|   0, 0, 0;1,  0;1, -1> +
           (-0.0000152,-0.0000000)|   0, 0, 0;1, -1;1,  0> +
            ...
 |  515> = ( 0.7060610,-0.0360292)|   0, 0, 0;0,  0;1,  1> +
           ( 0.7060554,-0.0360289)|   0, 0, 0;1,  1;0,  0> +
           ( 0.0135562, 0.0000112)|   0, 0, 0;0,  0;1, -1> +
           ( 0.0135495, 0.0000118)|   0, 0, 0;1, -1;0,  0> +
           (-0.0000152, 0.0000008)|   0, 0, 0;1,  0;1,  1> +
           ( 0.0000152,-0.0000008)|   0, 0, 0;1,  1;1,  0> +
            ...
 |  516> = (-0.7071071,-0.0000000)|   0, 0, 0;0,  0;1,  0> +
           (-0.7071065,-0.0000000)|   0, 0, 0;1,  0;0,  0> +
           (-0.0000121, 0.0000000)|   0, 0, 0;0,  0;1, -1> +
            ...
 |  517> = ( 0.7071071, 0.0000000)|   0, 0, 0;1,  0;0,  0> +
           (-0.7071065, 0.0000000)|   0, 0, 0;0,  0;1,  0> +
           ( 0.0000304,-0.0000000)|   0, 0, 0;1,  0;1,  0> +
           ( 0.0000304, 0.0000000)|   0, 0, 0;0,  0;0,  0> +
            ...
 |  518> = ( 0.6834932, 0.0192999)|   1, 0, 0;0,  0;1,  1> +
           (-0.6834468,-0.0192960)|   1, 0, 0;1,  1;0,  0> +
           ( 0.1802075, 0.0050889)|   1, 0, 0;0,  0;1, -1> +
           (-0.1801836,-0.0050871)|   1, 0, 0;1, -1;0,  0> +
           (-0.0000147,-0.0000004)|   1, 0, 0;1,  0;1,  1> +
           (-0.0000147,-0.0000004)|   1, 0, 0;1,  1;1,  0> +
            ...
 |  519> = ( 0.6837479, 0.0000000)|   1, 0, 0;1, -1;0,  0> +
           (-0.6837370,-0.0000000)|   1, 0, 0;0,  0;1, -1> +
           (-0.1802690, 0.0000001)|   1, 0, 0;1,  1;0,  0> +
           ( 0.1802656,-0.0000001)|   1, 0, 0;0,  0;1,  1> +
           ( 0.0000147, 0.0000000)|   1, 0, 0;1, -1;1,  0> +
           ( 0.0000147, 0.0000000)|   1, 0, 0;1,  0;1, -1> +
            ...
 |  520> = (-0.6409022,-0.0000317)|   1, 0, 0;0,  0;1, -1> +
           (-0.6408917,-0.0000318)|   1, 0, 0;1, -1;0,  0> +
           ( 0.2987517,-0.0000678)|   1, 0, 0;0,  0;1,  1> +
           ( 0.2987468,-0.0000679)|   1, 0, 0;1,  1;0,  0> +
           ( 0.0000138, 0.0000000)|   1, 0, 0;1,  0;1, -1> +
           (-0.0000138,-0.0000000)|   1, 0, 0;1, -1;1,  0> +
            ...
 |  521> = (-0.6387762,-0.0524069)|   1, 0, 0;1,  1;0,  0> +
           (-0.6387252,-0.0524054)|   1, 0, 0;0,  0;1,  1> +
           (-0.2977479,-0.0245113)|   1, 0, 0;1, -1;0,  0> +
           (-0.2977361,-0.0245110)|   1, 0, 0;0,  0;1, -1> +
           (-0.0000138,-0.0000011)|   1, 0, 0;1,  1;1,  0> +
           ( 0.0000137, 0.0000011)|   1, 0, 0;1,  0;1,  1> +
            ...
 |  522> = (-0.7071070, 0.0000000)|   1, 0, 0;0,  0;1,  0> +
           (-0.7071066, 0.0000000)|   1, 0, 0;1,  0;0,  0> +
            ...
 |  523> = (-0.7071070, 0.0000000)|   1, 0, 0;1,  0;0,  0> +
           ( 0.7071066, 0.0000000)|   1, 0, 0;0,  0;1,  0> +
           (-0.0000304, 0.0000000)|   1, 0, 0;1,  0;1,  0> +
           (-0.0000304, 0.0000000)|   1, 0, 0;0,  0;0,  0> +
            ...
 |  524> = ( 0.7071232,-0.0000000)|   2, 0, 0;0,  0;1, -1> +
           (-0.7070904, 0.0000000)|   2, 0, 0;1, -1;0,  0> +
           (-0.0000281,-0.0000000)|   2, 0, 0;0,  0;1,  1> +
           ( 0.0000281, 0.0000000)|   2, 0, 0;1,  1;0,  0> +
           (-0.0000152, 0.0000000)|   2, 0, 0;1,  0;1, -1> +
           (-0.0000152, 0.0000000)|   2, 0, 0;1, -1;1,  0> +
            ...
 |  525> = ( 0.7070931, 0.0048993)|   2, 0, 0;0,  0;1,  1> +
           (-0.7070865,-0.0048993)|   2, 0, 0;1,  1;0,  0> +
           ( 0.0000281, 0.0000002)|   2, 0, 0;0,  0;1, -1> +
           (-0.0000281,-0.0000002)|   2, 0, 0;1, -1;0,  0> +
           (-0.0000152,-0.0000001)|   2, 0, 0;1,  0;1,  1> +
           (-0.0000152,-0.0000001)|   2, 0, 0;1,  1;1,  0> +
            ...
 |  526> = (-0.7071054,-0.0025634)|   2, 0, 0;1,  1;0,  0> +
           (-0.7070989,-0.0025634)|   2, 0, 0;0,  0;1,  1> +
           (-0.0000333,-0.0000001)|   2, 0, 0;0,  0;1, -1> +
           (-0.0000333,-0.0000001)|   2, 0, 0;1, -1;0,  0> +
           (-0.0000152,-0.0000001)|   2, 0, 0;1,  1;1,  0> +
           ( 0.0000152, 0.0000001)|   2, 0, 0;1,  0;1,  1> +
            ...
 |  527> = ( 0.7071232,-0.0000000)|   2, 0, 0;1, -1;0,  0> +
           ( 0.7070904,-0.0000000)|   2, 0, 0;0,  0;1, -1> +
           (-0.0000333, 0.0000000)|   2, 0, 0;1,  1;0,  0> +
           (-0.0000333, 0.0000000)|   2, 0, 0;0,  0;1,  1> +
           ( 0.0000152,-0.0000000)|   2, 0, 0;1, -1;1,  0> +
           (-0.0000152, 0.0000000)|   2, 0, 0;1,  0;1, -1> +
            ...
 |  528> = (-0.7071072,-0.0000001)|   2, 0, 0;0,  0;1,  0> +
           (-0.7071063,-0.0000001)|   2, 0, 0;1,  0;0,  0> +
            ...
 |  529> = ( 0.7071072, 0.0000000)|   2, 0, 0;1,  0;0,  0> +
           (-0.7071063, 0.0000000)|   2, 0, 0;0,  0;1,  0> +
           ( 0.0000304,-0.0000000)|   2, 0, 0;1,  0;1,  0> +
           ( 0.0000304, 0.0000000)|   2, 0, 0;0,  0;0,  0> +
            ...
 |  530> = ( 0.7071339,-0.0056228)|   3, 0, 0;0,  0;1,  1> +
           (-0.7070257, 0.0056231)|   3, 0, 0;1,  1;0,  0> +
           ( 0.0025605,-0.0000137)|   3, 0, 0;0,  0;1, -1> +
           (-0.0025603, 0.0000137)|   3, 0, 0;1, -1;0,  0> +
           (-0.0000152, 0.0000001)|   3, 0, 0;1,  0;1,  1> +
           (-0.0000152, 0.0000001)|   3, 0, 0;1,  1;1,  0> +
            ...
 |  531> = (-0.7071059, 0.0000001)|   3, 0, 0;0,  0;1, -1> +
           ( 0.7070984,-0.0000001)|   3, 0, 0;1, -1;0,  0> +
           ( 0.0025606,-0.0000067)|   3, 0, 0;0,  0;1,  1> +
           (-0.0025603, 0.0000067)|   3, 0, 0;1,  1;0,  0> +
           ( 0.0000152,-0.0000000)|   3, 0, 0;1,  0;1, -1> +
           ( 0.0000152,-0.0000000)|   3, 0, 0;1, -1;1,  0> +
            ...
 |  532> = (-0.7071580,-0.0011463)|   3, 0, 0;1,  1;0,  0> +
           (-0.7070499,-0.0011472)|   3, 0, 0;0,  0;1,  1> +
           (-0.0016269,-0.0000027)|   3, 0, 0;1, -1;0,  0> +
           (-0.0016268,-0.0000027)|   3, 0, 0;0,  0;1, -1> +
           (-0.0000152,-0.0000000)|   3, 0, 0;1,  1;1,  0> +
           ( 0.0000152, 0.0000000)|   3, 0, 0;1,  0;1,  1> +
            ...
 |  533> = ( 0.7071087,-0.0000000)|   3, 0, 0;1, -1;0,  0> +
           ( 0.7071011,-0.0000000)|   3, 0, 0;0,  0;1, -1> +
           (-0.0016269, 0.0000001)|   3, 0, 0;1,  1;0,  0> +
           (-0.0016268, 0.0000001)|   3, 0, 0;0,  0;1,  1> +
           ( 0.0000152,-0.0000000)|   3, 0, 0;1, -1;1,  0> +
           (-0.0000152, 0.0000000)|   3, 0, 0;1,  0;1, -1> +
            ...
 |  534> = (-0.7071063,-0.0010939)|   3, 0, 0;0,  0;1,  0> +
           (-0.7071056,-0.0010939)|   3, 0, 0;1,  0;0,  0> +
            ...
 |  535> = (-0.7071071,-0.0000000)|   3, 0, 0;1,  0;0,  0> +
           ( 0.7071064,-0.0000000)|   3, 0, 0;0,  0;1,  0> +
           (-0.0000304, 0.0000000)|   3, 0, 0;1,  0;1,  0> +
           (-0.0000304, 0.0000000)|   3, 0, 0;0,  0;0,  0> +
            ...
 |  536> = ( 0.7071128, 0.0000000)|   4, 0, 0;1, -1;0,  0> +
           (-0.7071001,-0.0000000)|   4, 0, 0;0,  0;1, -1> +
           ( 0.0007126, 0.0000000)|   4, 0, 0;1,  1;0,  0> +
           (-0.0007125,-0.0000000)|   4, 0, 0;0,  0;1,  1> +
           ( 0.0000152, 0.0000000)|   4, 0, 0;1, -1;1,  0> +
           ( 0.0000152, 0.0000000)|   4, 0, 0;1,  0;1, -1> +
            ...
 |  537> = (-0.7065347, 0.0291704)|   4, 0, 0;1,  1;0,  0> +
           ( 0.7064743,-0.0291684)|   4, 0, 0;0,  0;1,  1> +
           ( 0.0007120,-0.0000294)|   4, 0, 0;1, -1;0,  0> +
           (-0.0007119, 0.0000294)|   4, 0, 0;0,  0;1, -1> +
           (-0.0000152, 0.0000006)|   4, 0, 0;1,  1;1,  0> +
           (-0.0000152, 0.0000006)|   4, 0, 0;1,  0;1,  1> +
            ...
 |  538> = ( 0.7071128, 0.0000000)|   4, 0, 0;0,  0;1, -1> +
           ( 0.7071000, 0.0000000)|   4, 0, 0;1, -1;0,  0> +
           ( 0.0007432,-0.0000000)|   4, 0, 0;0,  0;1,  1> +
           ( 0.0007432,-0.0000000)|   4, 0, 0;1,  1;0,  0> +
           (-0.0000152,-0.0000000)|   4, 0, 0;1,  0;1, -1> +
           ( 0.0000152, 0.0000000)|   4, 0, 0;1, -1;1,  0> +
            ...
 |  539> = (-0.7069234, 0.0173619)|   4, 0, 0;0,  0;1,  1> +
           (-0.7068630, 0.0173600)|   4, 0, 0;1,  1;0,  0> +
           ( 0.0007430,-0.0000182)|   4, 0, 0;0,  0;1, -1> +
           ( 0.0007429,-0.0000182)|   4, 0, 0;1, -1;0,  0> +
           ( 0.0000152,-0.0000004)|   4, 0, 0;1,  0;1,  1> +
           (-0.0000152, 0.0000004)|   4, 0, 0;1,  1;1,  0> +
            ...
 |  540> = ( 0.7070611, 0.0081015)|   4, 0, 0;0,  0;1,  0> +
           ( 0.7070596, 0.0081015)|   4, 0, 0;1,  0;0,  0> +
            ...
 |  541> = (-0.7071075,-0.0000000)|   4, 0, 0;1,  0;0,  0> +
           ( 0.7071061,-0.0000000)|   4, 0, 0;0,  0;1,  0> +
           (-0.0000304,-0.0000000)|   4, 0, 0;1,  0;1,  0> +
           (-0.0000304,-0.0000000)|   4, 0, 0;0,  0;0,  0> +
            ...
 |  542> = (-0.5014652,-0.0406846)|   0, 1, 0;0,  0;1, -1> +
           ( 0.5013921, 0.0406855)|   0, 1, 0;1, -1;0,  0> +
           ( 0.0248479, 0.4411661)|   0, 0, 1;1, -1;0,  0> +
           (-0.0248442,-0.4411621)|   0, 0, 1;0,  0;1, -1> +
           ( 0.1699505, 0.0984552)|   0, 1, 0;1,  1;0,  0> +
           (-0.1698763,-0.0984563)|   0, 1, 0;0,  0;1,  1> +
           (-0.0329229, 0.1096578)|   0, 0, 1;0,  0;1,  1> +
           ( 0.0329264,-0.1096398)|   0, 0, 1;1,  1;0,  0> +
           ( 0.0000108, 0.0000009)|   0, 1, 0;1,  0;1, -1> +
           ( 0.0000108, 0.0000009)|   0, 1, 0;1, -1;1,  0> +
            ...
 |  543> = ( 0.0001407,-0.5708742)|   0, 0, 1;0,  0;1,  1> +
           (-0.0001408, 0.5708675)|   0, 0, 1;1,  1;0,  0> +
           (-0.3371584,-0.0020020)|   0, 1, 0;0,  0;1, -1> +
           ( 0.3371382, 0.0020027)|   0, 1, 0;1, -1;0,  0> +
           (-0.0032149,-0.2455303)|   0, 0, 1;1, -1;0,  0> +
           ( 0.0032132, 0.2455244)|   0, 0, 1;0,  0;1, -1> +
           (-0.0117391, 0.0013528)|   0, 1, 0;0,  0;1,  1> +
           ( 0.0117260,-0.0013522)|   0, 1, 0;1,  1;0,  0> +
           (-0.0000000, 0.0000123)|   0, 0, 1;1,  0;1,  1> +
           (-0.0000000, 0.0000123)|   0, 0, 1;1,  1;1,  0> +
            ...
 |  544> = (-0.0000000,-0.3535830)|   0, 0, 1;0,  0;1,  1> +
           ( 0.0000000, 0.3535828)|   0, 0, 1;1,  1;0,  0> +
           (-0.3535532,-0.0000000)|   0, 1, 0;0,  0;1,  1> +
           ( 0.3535530, 0.0000000)|   0, 1, 0;1,  1;0,  0> +
           ( 0.0000000, 0.3535415)|   0, 0, 1;1, -1;0,  0> +
           (-0.0000000,-0.3535412)|   0, 0, 1;0,  0;1, -1> +
           (-0.3535364,-0.0000000)|   0, 1, 0;1, -1;0,  0> +
           ( 0.3535361, 0.0000000)|   0, 1, 0;0,  0;1, -1> +
            ...
 |  545> = (-0.5779201, 0.0480692)|   0, 1, 0;0,  0;1,  1> +
           ( 0.5779107,-0.0480650)|   0, 1, 0;1,  1;0,  0> +
           (-0.1102235,-0.3276345)|   0, 0, 1;1, -1;0,  0> +
           ( 0.1102172, 0.3275690)|   0, 0, 1;0,  0;1, -1> +
           (-0.0054335,-0.1896235)|   0, 0, 1;1,  1;0,  0> +
           ( 0.0054287, 0.1895822)|   0, 0, 1;0,  0;1,  1> +
           (-0.0607206,-0.0675855)|   0, 1, 0;0,  0;1, -1> +
           ( 0.0606965, 0.0675832)|   0, 1, 0;1, -1;0,  0> +
           ( 0.0000124,-0.0000010)|   0, 1, 0;1,  0;1,  1> +
           ( 0.0000124,-0.0000010)|   0, 1, 0;1,  1;1,  0> +
            ...
 |  546> = ( 0.0224166, 0.5373730)|   0, 0, 1;0,  0;1, -1> +
           ( 0.0224086, 0.5373123)|   0, 0, 1;1, -1;0,  0> +
           (-0.0010716, 0.3710712)|   0, 0, 1;0,  0;1,  1> +
           (-0.0010732, 0.3710670)|   0, 0, 1;1,  1;0,  0> +
           ( 0.2509222,-0.0182097)|   0, 1, 0;1,  1;0,  0> +
           ( 0.2508639,-0.0182044)|   0, 1, 0;0,  0;1,  1> +
           ( 0.0987021,-0.0068547)|   0, 1, 0;0,  0;1, -1> +
           ( 0.0986955,-0.0068504)|   0, 1, 0;1, -1;0,  0> +
           (-0.0000005,-0.0000116)|   0, 0, 1;1,  0;1, -1> +
           ( 0.0000005, 0.0000116)|   0, 0, 1;1, -1;1,  0> +
            ...
 |  547> = ( 0.4966221,-0.0459631)|   0, 1, 0;0,  0;1,  1> +
           ( 0.4965786,-0.0459690)|   0, 1, 0;1,  1;0,  0> +
           (-0.4834410, 0.0581435)|   0, 1, 0;1, -1;0,  0> +
           (-0.4833643, 0.0581433)|   0, 1, 0;0,  0;1, -1> +
           (-0.0124187,-0.0968854)|   0, 0, 1;1, -1;0,  0> +
           (-0.0124146,-0.0968351)|   0, 0, 1;0,  0;1, -1> +
           ( 0.0121509,-0.0673338)|   0, 0, 1;0,  0;1,  1> +
           ( 0.0121490,-0.0673168)|   0, 0, 1;1,  1;0,  0> +
           (-0.0000107, 0.0000010)|   0, 1, 0;1,  0;1,  1> +
           ( 0.0000107,-0.0000010)|   0, 1, 0;1,  1;1,  0> +
           (-0.0000104, 0.0000013)|   0, 1, 0;1, -1;1,  0> +
           ( 0.0000104,-0.0000013)|   0, 1, 0;1,  0;1, -1> +
            ...
 |  548> = ( 0.1302915, 0.5252563)|   0, 0, 1;0,  0;1,  1> +
           ( 0.1302906, 0.5252505)|   0, 0, 1;1,  1;0,  0> +
           (-0.2974162, 0.0964006)|   0, 1, 0;1, -1;0,  0> +
           (-0.2973995, 0.0963966)|   0, 1, 0;0,  0;1, -1> +
           (-0.2636024, 0.0611031)|   0, 1, 0;1,  1;0,  0> +
           (-0.2635987, 0.0611009)|   0, 1, 0;0,  0;1,  1> +
           (-0.0649671,-0.1787482)|   0, 0, 1;1, -1;0,  0> +
           (-0.0649660,-0.1787410)|   0, 0, 1;0,  0;1, -1> +
           (-0.0000028,-0.0000113)|   0, 0, 1;1,  0;1,  1> +
           ( 0.0000028, 0.0000113)|   0, 0, 1;1,  1;1,  0> +
            ...
 |  549> = ( 0.0010666, 0.4062685)|   0, 0, 1;1, -1;0,  0> +
           ( 0.0010662, 0.4062661)|   0, 0, 1;0,  0;1, -1> +
           (-0.3942206,-0.0014051)|   0, 1, 0;1, -1;0,  0> +
           (-0.3942126,-0.0014049)|   0, 1, 0;0,  0;1, -1> +
           (-0.3387902, 0.0000781)|   0, 1, 0;0,  0;1,  1> +
           (-0.3387869, 0.0000783)|   0, 1, 0;1,  1;0,  0> +
           (-0.0004943,-0.2544856)|   0, 0, 1;1,  1;0,  0> +
           (-0.0004942,-0.2544707)|   0, 0, 1;0,  0;1,  1> +
            ...
 |  550> = (-0.5783039, 0.0702195)|   0, 1, 0;1,  0;0,  0> +
           (-0.5782704, 0.0702239)|   0, 1, 0;0,  0;1,  0> +
           ( 0.1625866, 0.3663788)|   0, 0, 1;1,  0;0,  0> +
           ( 0.1625765, 0.3663423)|   0, 0, 1;0,  0;1,  0> +
            ...
 |  551> = (-0.1930209,-0.5496447)|   0, 0, 1;0,  0;1,  0> +
           (-0.1930047,-0.5496154)|   0, 0, 1;1,  0;0,  0> +
           (-0.4005069, 0.0163853)|   0, 1, 0;0,  0;1,  0> +
           (-0.4004535, 0.0163837)|   0, 1, 0;1,  0;0,  0> +
            ...
 |  552> = (-0.5717677, 0.0084333)|   0, 1, 0;1,  0;0,  0> +
           ( 0.5717365,-0.0084321)|   0, 1, 0;0,  0;1,  0> +
           (-0.1968861,-0.3664515)|   0, 0, 1;1,  0;0,  0> +
           ( 0.1968690, 0.3663995)|   0, 0, 1;0,  0;1,  0> +
           (-0.0000246, 0.0000004)|   0, 1, 0;1,  0;1,  0> +
           (-0.0000246, 0.0000004)|   0, 1, 0;0,  0;0,  0> +
           (-0.0000085,-0.0000158)|   0, 0, 1;1,  0;1,  0> +
           (-0.0000085,-0.0000158)|   0, 0, 1;0,  0;0,  0> +
            ...
 |  553> = (-0.1613716,-0.5485882)|   0, 0, 1;0,  0;1,  0> +
           ( 0.1613600, 0.5485584)|   0, 0, 1;1,  0;0,  0> +
           ( 0.4083268, 0.0794552)|   0, 1, 0;0,  0;1,  0> +
           (-0.4082879,-0.0794600)|   0, 1, 0;1,  0;0,  0> +
           ( 0.0000069, 0.0000236)|   0, 0, 1;1,  0;1,  0> +
           ( 0.0000069, 0.0000236)|   0, 0, 1;0,  0;0,  0> +
           (-0.0000176,-0.0000034)|   0, 1, 0;1,  0;1,  0> +
           (-0.0000176,-0.0000034)|   0, 1, 0;0,  0;0,  0> +
            ...
 |  554> = ( 0.7071092, 0.0000206)|   5, 0, 0;0,  0;1, -1> +
           (-0.7071016,-0.0000205)|   5, 0, 0;1, -1;0,  0> +
           ( 0.0013906, 0.0000044)|   5, 0, 0;0,  0;1,  1> +
           (-0.0013899,-0.0000044)|   5, 0, 0;1,  1;0,  0> +
           (-0.0000152,-0.0000000)|   5, 0, 0;1,  0;1, -1> +
           (-0.0000152,-0.0000000)|   5, 0, 0;1, -1;1,  0> +
            ...
 |  555> = ( 0.4451197, 0.5494313)|   5, 0, 0;0,  0;1,  1> +
           (-0.4451142,-0.5494207)|   5, 0, 0;1,  1;0,  0> +
           ( 0.0008786, 0.0010775)|   5, 0, 0;1, -1;0,  0> +
           (-0.0008785,-0.0010774)|   5, 0, 0;0,  0;1, -1> +
           (-0.0000096,-0.0000118)|   5, 0, 0;1,  0;1,  1> +
           (-0.0000096,-0.0000118)|   5, 0, 0;1,  1;1,  0> +
            ...
 |  556> = (-0.7068994,-0.0171308)|   5, 0, 0;1,  1;0,  0> +
           (-0.7068877,-0.0171330)|   5, 0, 0;0,  0;1,  1> +
           (-0.0028404, 0.0000114)|   5, 0, 0;1, -1;0,  0> +
           (-0.0028397, 0.0000114)|   5, 0, 0;0,  0;1, -1> +
           (-0.0000152,-0.0000004)|   5, 0, 0;1,  1;1,  0> +
           ( 0.0000152, 0.0000004)|   5, 0, 0;1,  0;1,  1> +
            ...
 |  557> = (-0.7071049, 0.0000186)|   5, 0, 0;1, -1;0,  0> +
           (-0.7070973, 0.0000185)|   5, 0, 0;0,  0;1, -1> +
           ( 0.0028390, 0.0000801)|   5, 0, 0;1,  1;0,  0> +
           ( 0.0028390, 0.0000801)|   5, 0, 0;0,  0;1,  1> +
           (-0.0000152, 0.0000000)|   5, 0, 0;1, -1;1,  0> +
           ( 0.0000152,-0.0000000)|   5, 0, 0;1,  0;1, -1> +
            ...
 |  558> = (-0.7071026,-0.0026234)|   5, 0, 0;1,  0;0,  0> +
           (-0.7071013,-0.0026234)|   5, 0, 0;0,  0;1,  0> +
            ...
 |  559> = (-0.7071074,-0.0000000)|   5, 0, 0;0,  0;1,  0> +
           ( 0.7071061, 0.0000000)|   5, 0, 0;1,  0;0,  0> +
           ( 0.0000304, 0.0000000)|   5, 0, 0;1,  0;1,  0> +
           ( 0.0000304, 0.0000000)|   5, 0, 0;0,  0;0,  0> +
            ...
 |  560> = ( 0.0000002,-0.3548056)|   1, 0, 1;0,  0;1,  1> +
           (-0.0000002, 0.3548053)|   1, 0, 1;1,  1;0,  0> +
           (-0.0000002,-0.3536490)|   1, 0, 1;0,  0;1, -1> +
           ( 0.0000002, 0.3536481)|   1, 0, 1;1, -1;0,  0> +
           ( 0.3535137,-0.0000002)|   1, 1, 0;1,  1;0,  0> +
           (-0.3535136, 0.0000002)|   1, 1, 0;0,  0;1,  1> +
           ( 0.3522418, 0.0000002)|   1, 1, 0;0,  0;1, -1> +
           (-0.3522408,-0.0000002)|   1, 1, 0;1, -1;0,  0> +
            ...
 |  561> = ( 0.4063925, 0.1183038)|   1, 1, 0;1,  1;0,  0> +
           (-0.4063869,-0.1183122)|   1, 1, 0;0,  0;1,  1> +
           ( 0.0855359,-0.3508975)|   1, 0, 1;1,  1;0,  0> +
           (-0.0855320, 0.3508446)|   1, 0, 1;0,  0;1,  1> +
           (-0.3277165,-0.0814701)|   1, 1, 0;0,  0;1, -1> +
           ( 0.3275935, 0.0814688)|   1, 1, 0;1, -1;0,  0> +
           ( 0.0486954,-0.2721953)|   1, 0, 1;0,  0;1, -1> +
           (-0.0486955, 0.2720758)|   1, 0, 1;1, -1;0,  0> +
            ...
