p0719
p0719
p0719
p0719
p0719
p0719
p0719
p0719
p0719
p0719
p0719
p0719
p0719
p0719
p0719
p0719
p0719
p0719
p0719
p0719
p0719
p0719
p0719
p0719
# Parameters of the model
#  mass:		  261.0000 u
#  charge:	    1.0000 e
#  dipole:	   4.74500 D
#  B:		    503.65 MHz
#  omega_rho:	    1.4000 MHz
#  omega_z:	  0.159000 MHz

# omega_1:	  0.275396 MHz
# omega_3/5:	   1.39094 MHz

# Basis truncation:	|32,4,4;2,2>
# Basis size:		41472

# Active terms of the Hamiltionian:
# 	Nomal modes:	1
# 	T_rot:      	1
# 	V_qd^{(0)}: 	1
# 	V_qd^{(1)}: 	1
# 	V_dd^{(0)}: 	1

# Results of the diagonalisation
# 100 smallest eigenvalues
 5.550683429 6.550683429 7.550683429 8.550683429 9.550683429 10.550683429 10.601379050 10.601379050 11.550683429 11.601379050 11.601379050 12.550683429 12.601379050 12.601379050 13.550683428 13.601379050 13.601379050 14.550683429 14.601379050 14.601379050 15.550683428 15.601379050 15.601379050 15.652074671 15.652074671 15.652074672 16.550683428 16.601379049 16.601379050 16.652074671 16.652074671 16.652074671 17.550683428 17.601379050 17.601379050 17.652074671 17.652074671 17.652074671 18.550683428 18.601379050 18.601379050 18.652074671 18.652074671 18.652074671 19.550683428 19.601379049 19.601379050 19.652074671 19.652074671 19.652074671 20.550683429 20.601379050 20.601379050 20.652074671 20.652074671 20.652074671 20.702770292 20.702770292 20.702770293 20.702770293 21.550683429 21.601379050 21.601379050 21.652074671 21.652074671 21.652074671 21.702770292 21.702770292 21.702770292 21.702770293 22.550683428 22.601379049 22.601379050 22.652074671 22.652074671 22.652074671 22.702770292 22.702770292 22.702770292 22.702770292 23.550683429 23.601379050 23.601379050 23.652074671 23.652074671 23.652074671 23.702770292 23.702770292 23.702770292 23.702770293 24.550683428 24.601379050 24.601379050 24.652074671 24.652074671 24.652074671 24.702770292 24.702770292 24.702770293 24.702770293

# Ground state and the lowest excitations:
 |    0> = ( 1.0000000, 0.0000000)|   0, 0, 0;0,  0;0,  0> +
           (-0.0000163, 0.0000000)|   0, 0, 0;1,  0;0,  0> +
           ( 0.0000163, 0.0000000)|   0, 0, 0;0,  0;1,  0> +
            ...
 |    1> = (-1.0000000,-0.0000000)|   1, 0, 0;0,  0;0,  0> +
           (-0.0000163,-0.0000000)|   1, 0, 0;0,  0;1,  0> +
           ( 0.0000163,-0.0000000)|   1, 0, 0;1,  0;0,  0> +
            ...
 |    2> = ( 1.0000000, 0.0000000)|   2, 0, 0;0,  0;0,  0> +
           ( 0.0000163, 0.0000000)|   2, 0, 0;0,  0;1,  0> +
           (-0.0000163, 0.0000000)|   2, 0, 0;1,  0;0,  0> +
            ...
 |    3> = ( 1.0000000,-0.0000000)|   3, 0, 0;0,  0;0,  0> +
           ( 0.0000163,-0.0000000)|   3, 0, 0;0,  0;1,  0> +
           (-0.0000163,-0.0000000)|   3, 0, 0;1,  0;0,  0> +
            ...
 |    4> = (-1.0000000,-0.0000000)|   4, 0, 0;0,  0;0,  0> +
           (-0.0000163,-0.0000000)|   4, 0, 0;0,  0;1,  0> +
           ( 0.0000163,-0.0000000)|   4, 0, 0;1,  0;0,  0> +
            ...
 |    5> = (-1.0000000, 0.0000000)|   5, 0, 0;0,  0;0,  0> +
           (-0.0000163, 0.0000000)|   5, 0, 0;0,  0;1,  0> +
           ( 0.0000163,-0.0000000)|   5, 0, 0;1,  0;0,  0> +
            ...
 |    6> = ( 0.0000001, 0.7081553)|   0, 0, 1;0,  0;0,  0> +
           ( 0.7060567, 0.0000001)|   0, 1, 0;0,  0;0,  0> +
           (-0.0000000,-0.0000115)|   0, 0, 1;1,  0;0,  0> +
           ( 0.0000000, 0.0000115)|   0, 0, 1;0,  0;1,  0> +
           ( 0.0000115, 0.0000000)|   0, 1, 0;0,  0;1,  0> +
           (-0.0000115,-0.0000000)|   0, 1, 0;1,  0;0,  0> +
            ...
 |    7> = (-0.7081553, 0.0000925)|   0, 1, 0;0,  0;0,  0> +
           ( 0.0000925, 0.7060567)|   0, 0, 1;0,  0;0,  0> +
           ( 0.0000115,-0.0000000)|   0, 1, 0;1,  0;0,  0> +
           (-0.0000115, 0.0000000)|   0, 1, 0;0,  0;1,  0> +
           (-0.0000000,-0.0000115)|   0, 0, 1;1,  0;0,  0> +
           ( 0.0000000, 0.0000115)|   0, 0, 1;0,  0;1,  0> +
            ...
 |    8> = ( 1.0000000, 0.0000000)|   6, 0, 0;0,  0;0,  0> +
           ( 0.0000163, 0.0000000)|   6, 0, 0;0,  0;1,  0> +
           (-0.0000163,-0.0000000)|   6, 0, 0;1,  0;0,  0> +
            ...
 |    9> = ( 0.7227536, 0.0043131)|   1, 1, 0;0,  0;0,  0> +
           ( 0.0043133,-0.6910789)|   1, 0, 1;0,  0;0,  0> +
           ( 0.0000118, 0.0000001)|   1, 1, 0;0,  0;1,  0> +
           (-0.0000118,-0.0000001)|   1, 1, 0;1,  0;0,  0> +
           ( 0.0000001,-0.0000113)|   1, 0, 1;0,  0;1,  0> +
           (-0.0000001, 0.0000113)|   1, 0, 1;1,  0;0,  0> +
            ...
 |   10> = (-0.0000968, 0.7227664)|   1, 0, 1;0,  0;0,  0> +
           ( 0.6910924,-0.0000968)|   1, 1, 0;0,  0;0,  0> +
           ( 0.0000000,-0.0000118)|   1, 0, 1;1,  0;0,  0> +
           (-0.0000000, 0.0000118)|   1, 0, 1;0,  0;1,  0> +
           ( 0.0000113,-0.0000000)|   1, 1, 0;0,  0;1,  0> +
           (-0.0000113, 0.0000000)|   1, 1, 0;1,  0;0,  0> +
            ...
 |   11> = (-1.0000000,-0.0000000)|   7, 0, 0;0,  0;0,  0> +
           ( 0.0000163, 0.0000000)|   7, 0, 0;1,  0;0,  0> +
           (-0.0000163,-0.0000000)|   7, 0, 0;0,  0;1,  0> +
            ...
 |   12> = ( 0.9969433, 0.0048559)|   2, 1, 0;0,  0;0,  0> +
           ( 0.0048562,-0.0778263)|   2, 0, 1;0,  0;0,  0> +
           (-0.0000162,-0.0000001)|   2, 1, 0;1,  0;0,  0> +
           ( 0.0000162, 0.0000001)|   2, 1, 0;0,  0;1,  0> +
            ...
 |   13> = ( 0.0041529,-0.9969465)|   2, 0, 1;0,  0;0,  0> +
           (-0.0778670, 0.0041527)|   2, 1, 0;0,  0;0,  0> +
           (-0.0000001, 0.0000162)|   2, 0, 1;1,  0;0,  0> +
           ( 0.0000001,-0.0000162)|   2, 0, 1;0,  0;1,  0> +
            ...
 |   14> = (-1.0000000,-0.0000000)|   8, 0, 0;0,  0;0,  0> +
           (-0.0000163,-0.0000000)|   8, 0, 0;0,  0;1,  0> +
           ( 0.0000163, 0.0000000)|   8, 0, 0;1,  0;0,  0> +
            ...
 |   15> = ( 0.7096489, 0.0000256)|   3, 1, 0;0,  0;0,  0> +
           ( 0.0000256, 0.7045555)|   3, 0, 1;0,  0;0,  0> +
           ( 0.0000116, 0.0000000)|   3, 1, 0;0,  0;1,  0> +
           (-0.0000116,-0.0000000)|   3, 1, 0;1,  0;0,  0> +
           ( 0.0000000, 0.0000115)|   3, 0, 1;0,  0;1,  0> +
           (-0.0000000,-0.0000115)|   3, 0, 1;1,  0;0,  0> +
            ...
 |   16> = ( 0.0071443,-0.7096129)|   3, 0, 1;0,  0;0,  0> +
           ( 0.7045193, 0.0071441)|   3, 1, 0;0,  0;0,  0> +
           (-0.0000001, 0.0000116)|   3, 0, 1;1,  0;0,  0> +
           ( 0.0000001,-0.0000116)|   3, 0, 1;0,  0;1,  0> +
           ( 0.0000115, 0.0000001)|   3, 1, 0;0,  0;1,  0> +
           (-0.0000115,-0.0000001)|   3, 1, 0;1,  0;0,  0> +
            ...
 |   17> = ( 1.0000000,-0.0000000)|   9, 0, 0;0,  0;0,  0> +
           ( 0.0000163,-0.0000000)|   9, 0, 0;0,  0;1,  0> +
           (-0.0000163, 0.0000000)|   9, 0, 0;1,  0;0,  0> +
            ...
 |   18> = (-0.3708105, 0.6021863)|   4, 1, 0;0,  0;0,  0> +
           ( 0.6022036, 0.3704349)|   4, 0, 1;0,  0;0,  0> +
           ( 0.0000060,-0.0000098)|   4, 1, 0;1,  0;0,  0> +
           (-0.0000060, 0.0000098)|   4, 1, 0;0,  0;1,  0> +
           (-0.0000098,-0.0000060)|   4, 0, 1;1,  0;0,  0> +
           ( 0.0000098, 0.0000060)|   4, 0, 1;0,  0;1,  0> +
            ...
 |   19> = (-0.0001645,-0.7071978)|   4, 0, 1;0,  0;0,  0> +
           (-0.7070157,-0.0001645)|   4, 1, 0;0,  0;0,  0> +
           ( 0.0000000, 0.0000115)|   4, 0, 1;1,  0;0,  0> +
           (-0.0000000,-0.0000115)|   4, 0, 1;0,  0;1,  0> +
           (-0.0000115,-0.0000000)|   4, 1, 0;0,  0;1,  0> +
           ( 0.0000115, 0.0000000)|   4, 1, 0;1,  0;0,  0> +
            ...
 |   20> = (-1.0000000, 0.0000000)|  10, 0, 0;0,  0;0,  0> +
           ( 0.0000163,-0.0000000)|  10, 0, 0;1,  0;0,  0> +
           (-0.0000163, 0.0000000)|  10, 0, 0;0,  0;1,  0> +
            ...
 |   21> = ( 0.7427884, 0.0001668)|   5, 1, 0;0,  0;0,  0> +
           ( 0.0001668, 0.6695262)|   5, 0, 1;0,  0;0,  0> +
           ( 0.0000121, 0.0000000)|   5, 1, 0;0,  0;1,  0> +
           (-0.0000121,-0.0000000)|   5, 1, 0;1,  0;0,  0> +
           ( 0.0000000, 0.0000109)|   5, 0, 1;0,  0;1,  0> +
           (-0.0000000,-0.0000109)|   5, 0, 1;1,  0;0,  0> +
            ...
 |   22> = ( 0.0032159,-0.7427815)|   5, 0, 1;0,  0;0,  0> +
           ( 0.6695185, 0.0032159)|   5, 1, 0;0,  0;0,  0> +
           (-0.0000001, 0.0000121)|   5, 0, 1;1,  0;0,  0> +
           ( 0.0000001,-0.0000121)|   5, 0, 1;0,  0;1,  0> +
           ( 0.0000109, 0.0000001)|   5, 1, 0;0,  0;1,  0> +
           (-0.0000109,-0.0000001)|   5, 1, 0;1,  0;0,  0> +
            ...
 |   23> = ( 0.0000098,-1.0000000)|   0, 1, 1;0,  0;0,  0> +
           ( 0.0000000,-0.0000163)|   0, 1, 1;0,  0;1,  0> +
           (-0.0000000, 0.0000163)|   0, 1, 1;1,  0;0,  0> +
            ...
 |   24> = ( 0.7071069,-0.0000000)|   0, 2, 0;0,  0;0,  0> +
           ( 0.7071066, 0.0000000)|   0, 0, 2;0,  0;0,  0> +
           ( 0.0000115, 0.0000000)|   0, 2, 0;0,  0;1,  0> +
           (-0.0000115, 0.0000000)|   0, 2, 0;1,  0;0,  0> +
           ( 0.0000115, 0.0000000)|   0, 0, 2;0,  0;1,  0> +
           (-0.0000115,-0.0000000)|   0, 0, 2;1,  0;0,  0> +
            ...
 # The upper part of the spectrum
 # Eigenvalues first: 512	 last: 562
 22987.246479177 22987.246479177 22987.246480404 22987.246480404 22987.246484050 22987.246486504 22988.246479177 22988.246479177 22988.246480404 22988.246480404 22988.246484049 22988.246486504 22989.246479176 22989.246479176 22989.246480403 22989.246480404 22989.246484050 22989.246486504 22990.246479176 22990.246479177 22990.246480404 22990.246480404 22990.246484050 22990.246486504 22991.246479176 22991.246479176 22991.246480403 22991.246480404 22991.246484049 22991.246486504 22992.246479176 22992.246479176 22992.246480404 22992.246480404 22992.246484050 22992.246486504 22992.297174798 22992.297174798 22992.297174798 22992.297174798 22992.297176025 22992.297176025 22992.297176025 22992.297176025 22992.297179670 22992.297179671 22992.297182125 22992.297182126 22993.246479176 22993.246479177

# Excited states :
 |  511> = (-0.0006508, 0.9999998)|  31, 3, 3;0,  0;0,  0> +
           (-0.0000000, 0.0000163)|  31, 3, 3;0,  0;1,  0> +
           ( 0.0000000,-0.0000163)|  31, 3, 3;1,  0;0,  0> +
            ...
 |  512> = (-0.7063096,-0.0000001)|   0, 0, 0;0,  0;1, -1> +
           ( 0.7062825, 0.0000003)|   0, 0, 0;1, -1;0,  0> +
           ( 0.0332110,-0.0066009)|   0, 0, 0;0,  0;1,  1> +
           (-0.0331917, 0.0065988)|   0, 0, 0;1,  1;0,  0> +
           ( 0.0000157,-0.0000000)|   0, 0, 0;0,  0;1,  0> +
           ( 0.0000153,-0.0000000)|   0, 0, 0;1,  0;0,  0> +
           ( 0.0000115, 0.0000000)|   0, 0, 0;1,  0;1, -1> +
           ( 0.0000115, 0.0000000)|   0, 0, 0;1, -1;1,  0> +
            ...
 |  513> = ( 0.6928321,-0.1377974)|   0, 0, 0;0,  0;1,  1> +
           (-0.6926134, 0.1378057)|   0, 0, 0;1,  1;0,  0> +
           (-0.0338546, 0.0000063)|   0, 0, 0;1, -1;0,  0> +
           ( 0.0338473,-0.0000031)|   0, 0, 0;0,  0;1, -1> +
           (-0.0000113, 0.0000022)|   0, 0, 0;1,  0;1,  1> +
           (-0.0000113, 0.0000022)|   0, 0, 0;1,  1;1,  0> +
            ...
 |  514> = (-0.6995513,-0.0477511)|   0, 0, 0;1,  1;0,  0> +
           (-0.6993355,-0.0477867)|   0, 0, 0;0,  0;1,  1> +
           ( 0.0921857, 0.0000025)|   0, 0, 0;1, -1;0,  0> +
           ( 0.0921737,-0.0000007)|   0, 0, 0;0,  0;1, -1> +
           (-0.0000114,-0.0000008)|   0, 0, 0;1,  1;1,  0> +
           ( 0.0000114, 0.0000008)|   0, 0, 0;1,  0;1,  1> +
            ...
 |  515> = ( 0.7010854,-0.0000003)|   0, 0, 0;1, -1;0,  0> +
           ( 0.7010600, 0.0000001)|   0, 0, 0;0,  0;1, -1> +
           ( 0.0919752, 0.0062769)|   0, 0, 0;1,  1;0,  0> +
           ( 0.0919559, 0.0062830)|   0, 0, 0;0,  0;1,  1> +
           ( 0.0000114,-0.0000000)|   0, 0, 0;1, -1;1,  0> +
           (-0.0000114,-0.0000000)|   0, 0, 0;1,  0;1, -1> +
            ...
 |  516> = ( 0.7071072, 0.0000000)|   0, 0, 0;0,  0;1,  0> +
           ( 0.7071064, 0.0000000)|   0, 0, 0;1,  0;0,  0> +
           (-0.0000169, 0.0000000)|   0, 0, 0;1, -1;0,  0> +
           ( 0.0000143, 0.0000000)|   0, 0, 0;0,  0;1, -1> +
            ...
 |  517> = (-0.7071072,-0.0000000)|   0, 0, 0;1,  0;0,  0> +
           ( 0.7071064,-0.0000000)|   0, 0, 0;0,  0;1,  0> +
           (-0.0000230, 0.0000000)|   0, 0, 0;1,  0;1,  0> +
           (-0.0000230, 0.0000000)|   0, 0, 0;0,  0;0,  0> +
            ...
 |  518> = ( 0.6106078, 0.0002408)|   1, 0, 0;1,  1;0,  0> +
           (-0.6104778,-0.0002408)|   1, 0, 0;0,  0;1,  1> +
           ( 0.3567758,-0.0003963)|   1, 0, 0;1, -1;0,  0> +
           (-0.3566309, 0.0003962)|   1, 0, 0;0,  0;1, -1> +
            ...
 |  519> = ( 0.6101540, 0.0228775)|   1, 0, 0;0,  0;1, -1> +
           (-0.6100742,-0.0228778)|   1, 0, 0;1, -1;0,  0> +
           (-0.3564806,-0.0139027)|   1, 0, 0;0,  0;1,  1> +
           ( 0.3563844, 0.0139025)|   1, 0, 0;1,  1;0,  0> +
            ...
 |  520> = (-0.5145139, 0.0004782)|   1, 0, 0;0,  0;1, -1> +
           (-0.5144089, 0.0004781)|   1, 0, 0;1, -1;0,  0> +
           (-0.4851892,-0.0004873)|   1, 0, 0;0,  0;1,  1> +
           (-0.4850252,-0.0004873)|   1, 0, 0;1,  1;0,  0> +
            ...
 |  521> = ( 0.5139148,-0.0244310)|   1, 0, 0;1,  1;0,  0> +
           ( 0.5138477,-0.0244301)|   1, 0, 0;0,  0;1,  1> +
           (-0.4845673, 0.0239741)|   1, 0, 0;1, -1;0,  0> +
           (-0.4844620, 0.0239732)|   1, 0, 0;0,  0;1, -1> +
            ...
 |  522> = (-0.7071071, 0.0000000)|   1, 0, 0;1,  0;0,  0> +
           (-0.7071065, 0.0000000)|   1, 0, 0;0,  0;1,  0> +
            ...
 |  523> = (-0.7071071, 0.0000000)|   1, 0, 0;0,  0;1,  0> +
           ( 0.7071065, 0.0000000)|   1, 0, 0;1,  0;0,  0> +
           ( 0.0000230,-0.0000000)|   1, 0, 0;1,  0;1,  0> +
           ( 0.0000230,-0.0000000)|   1, 0, 0;0,  0;0,  0> +
            ...
 |  524> = (-0.7071685, 0.0000000)|   2, 0, 0;1, -1;0,  0> +
           ( 0.7070451, 0.0000000)|   2, 0, 0;0,  0;1, -1> +
           ( 0.0000871,-0.0000000)|   2, 0, 0;0,  0;1,  1> +
           (-0.0000870,-0.0000000)|   2, 0, 0;1,  1;0,  0> +
           (-0.0000115, 0.0000000)|   2, 0, 0;1, -1;1,  0> +
           (-0.0000115,-0.0000000)|   2, 0, 0;1,  0;1, -1> +
            ...
 |  525> = ( 0.7072205,-0.0033081)|   2, 0, 0;1,  1;0,  0> +
           (-0.7069776, 0.0032990)|   2, 0, 0;0,  0;1,  1> +
           (-0.0000870, 0.0000004)|   2, 0, 0;1, -1;0,  0> +
           ( 0.0000870,-0.0000004)|   2, 0, 0;0,  0;1, -1> +
           ( 0.0000115,-0.0000001)|   2, 0, 0;1,  1;1,  0> +
           ( 0.0000115,-0.0000001)|   2, 0, 0;1,  0;1,  1> +
            ...
 |  526> = (-0.7071685, 0.0000000)|   2, 0, 0;0,  0;1, -1> +
           (-0.7070451, 0.0000000)|   2, 0, 0;1, -1;0,  0> +
           (-0.0000743,-0.0000003)|   2, 0, 0;0,  0;1,  1> +
           (-0.0000742,-0.0000003)|   2, 0, 0;1,  1;0,  0> +
           ( 0.0000115,-0.0000000)|   2, 0, 0;1,  0;1, -1> +
           (-0.0000115, 0.0000000)|   2, 0, 0;1, -1;1,  0> +
            ...
 |  527> = ( 0.7066816,-0.0278002)|   2, 0, 0;0,  0;1,  1> +
           ( 0.7064386,-0.0277987)|   2, 0, 0;1,  1;0,  0> +
           (-0.0000743, 0.0000032)|   2, 0, 0;0,  0;1, -1> +
           (-0.0000741, 0.0000032)|   2, 0, 0;1, -1;0,  0> +
           (-0.0000115, 0.0000005)|   2, 0, 0;1,  0;1,  1> +
           ( 0.0000115,-0.0000005)|   2, 0, 0;1,  1;1,  0> +
            ...
 |  528> = ( 0.7071068,-0.0000011)|   2, 0, 0;0,  0;1,  0> +
           ( 0.7071067,-0.0000011)|   2, 0, 0;1,  0;0,  0> +
            ...
 |  529> = (-0.7071068, 0.0000000)|   2, 0, 0;1,  0;0,  0> +
           ( 0.7071067, 0.0000000)|   2, 0, 0;0,  0;1,  0> +
           (-0.0000230,-0.0000000)|   2, 0, 0;1,  0;1,  0> +
           (-0.0000230, 0.0000000)|   2, 0, 0;0,  0;0,  0> +
            ...
 |  530> = ( 0.6996740,-0.1022561)|   3, 0, 0;1,  1;0,  0> +
           (-0.6996693, 0.1022567)|   3, 0, 0;0,  0;1,  1> +
           (-0.0017711, 0.0002588)|   3, 0, 0;1, -1;0,  0> +
           ( 0.0017711,-0.0002588)|   3, 0, 0;0,  0;1, -1> +
           ( 0.0000114,-0.0000017)|   3, 0, 0;1,  1;1,  0> +
           ( 0.0000114,-0.0000017)|   3, 0, 0;1,  0;1,  1> +
            ...
 |  531> = ( 0.7071307,-0.0000008)|   3, 0, 0;1, -1;0,  0> +
           (-0.7070784, 0.0000009)|   3, 0, 0;0,  0;1, -1> +
           (-0.0017901, 0.0000000)|   3, 0, 0;0,  0;1,  1> +
           ( 0.0017896,-0.0000000)|   3, 0, 0;1,  1;0,  0> +
           ( 0.0000115,-0.0000000)|   3, 0, 0;1, -1;1,  0> +
           ( 0.0000115,-0.0000000)|   3, 0, 0;1,  0;1, -1> +
            ...
 |  532> = (-0.7070924, 0.0043272)|   3, 0, 0;0,  0;1,  1> +
           (-0.7070879, 0.0043259)|   3, 0, 0;1,  1;0,  0> +
           ( 0.0021834,-0.0000118)|   3, 0, 0;0,  0;1, -1> +
           ( 0.0021828,-0.0000118)|   3, 0, 0;1, -1;0,  0> +
           ( 0.0000115,-0.0000001)|   3, 0, 0;1,  0;1,  1> +
           (-0.0000115, 0.0000001)|   3, 0, 0;1,  1;1,  0> +
            ...
 |  533> = (-0.7071296, 0.0000004)|   3, 0, 0;0,  0;1, -1> +
           (-0.7070773, 0.0000003)|   3, 0, 0;1, -1;0,  0> +
           (-0.0021832, 0.0000015)|   3, 0, 0;0,  0;1,  1> +
           (-0.0021831, 0.0000015)|   3, 0, 0;1,  1;0,  0> +
           ( 0.0000115,-0.0000000)|   3, 0, 0;1,  0;1, -1> +
           (-0.0000115, 0.0000000)|   3, 0, 0;1, -1;1,  0> +
            ...
 |  534> = (-0.7071044,-0.0021161)|   3, 0, 0;0,  0;1,  0> +
           (-0.7071028,-0.0021161)|   3, 0, 0;1,  0;0,  0> +
            ...
 |  535> = (-0.7071076,-0.0000000)|   3, 0, 0;1,  0;0,  0> +
           ( 0.7071060,-0.0000000)|   3, 0, 0;0,  0;1,  0> +
           (-0.0000230,-0.0000000)|   3, 0, 0;1,  0;1,  0> +
           (-0.0000230,-0.0000000)|   3, 0, 0;0,  0;0,  0> +
            ...
 |  536> = (-0.7071444,-0.0000000)|   4, 0, 0;1, -1;0,  0> +
           ( 0.7070691,-0.0000000)|   4, 0, 0;0,  0;1, -1> +
           (-0.0000640,-0.0000002)|   4, 0, 0;1,  1;0,  0> +
           ( 0.0000621,-0.0000002)|   4, 0, 0;0,  0;1,  1> +
           (-0.0000115,-0.0000000)|   4, 0, 0;1, -1;1,  0> +
           (-0.0000115, 0.0000000)|   4, 0, 0;1,  0;1, -1> +
            ...
 |  537> = ( 0.7070647, 0.0120756)|   4, 0, 0;0,  0;1,  1> +
           (-0.7069429,-0.0120622)|   4, 0, 0;1,  1;0,  0> +
           (-0.0000631,-0.0000011)|   4, 0, 0;0,  0;1, -1> +
           ( 0.0000631, 0.0000011)|   4, 0, 0;1, -1;0,  0> +
           (-0.0000115,-0.0000002)|   4, 0, 0;1,  0;1,  1> +
           (-0.0000115,-0.0000002)|   4, 0, 0;1,  1;1,  0> +
            ...
 |  538> = ( 0.7071444, 0.0000000)|   4, 0, 0;0,  0;1, -1> +
           ( 0.7070691, 0.0000001)|   4, 0, 0;1, -1;0,  0> +
           ( 0.0000625,-0.0000001)|   4, 0, 0;0,  0;1,  1> +
           ( 0.0000625,-0.0000001)|   4, 0, 0;1,  1;0,  0> +
           (-0.0000115,-0.0000000)|   4, 0, 0;1,  0;1, -1> +
           ( 0.0000115, 0.0000000)|   4, 0, 0;1, -1;1,  0> +
            ...
 |  539> = ( 0.6969516, 0.1197694)|   4, 0, 0;1,  1;0,  0> +
           ( 0.6968295, 0.1197598)|   4, 0, 0;0,  0;1,  1> +
           (-0.0000626,-0.0000107)|   4, 0, 0;1, -1;0,  0> +
           (-0.0000606,-0.0000107)|   4, 0, 0;0,  0;1, -1> +
           ( 0.0000114, 0.0000020)|   4, 0, 0;1,  1;1,  0> +
           (-0.0000113,-0.0000020)|   4, 0, 0;1,  0;1,  1> +
            ...
 |  540> = ( 0.7063660, 0.0323927)|   4, 0, 0;0,  0;1,  0> +
           ( 0.7063629, 0.0323927)|   4, 0, 0;1,  0;0,  0> +
            ...
 |  541> = ( 0.7071084, 0.0000001)|   4, 0, 0;1,  0;0,  0> +
           (-0.7071052, 0.0000001)|   4, 0, 0;0,  0;1,  0> +
           ( 0.0000230,-0.0000000)|   4, 0, 0;1,  0;1,  0> +
           ( 0.0000230,-0.0000000)|   4, 0, 0;0,  0;0,  0> +
            ...
 |  542> = (-0.7016927, 0.0817081)|   5, 0, 0;1,  1;0,  0> +
           ( 0.7014539,-0.0817154)|   5, 0, 0;0,  0;1,  1> +
           ( 0.0333223,-0.0028239)|   5, 0, 0;1, -1;0,  0> +
           (-0.0333135, 0.0028243)|   5, 0, 0;0,  0;1, -1> +
           (-0.0000114, 0.0000013)|   5, 0, 0;1,  1;1,  0> +
           (-0.0000114, 0.0000013)|   5, 0, 0;1,  0;1,  1> +
            ...
 |  543> = ( 0.7063308,-0.0022313)|   5, 0, 0;0,  0;1, -1> +
           (-0.7062936, 0.0022315)|   5, 0, 0;1, -1;0,  0> +
           ( 0.0334182,-0.0011549)|   5, 0, 0;0,  0;1,  1> +
           (-0.0334167, 0.0011549)|   5, 0, 0;1,  1;0,  0> +
           (-0.0000115, 0.0000000)|   5, 0, 0;1,  0;1, -1> +
           (-0.0000115, 0.0000000)|   5, 0, 0;1, -1;1,  0> +
            ...
 |  544> = (-0.7066277,-0.0027385)|   5, 0, 0;1, -1;0,  0> +
           (-0.7065905,-0.0027387)|   5, 0, 0;0,  0;1, -1> +
           (-0.0263853, 0.0000563)|   5, 0, 0;1,  1;0,  0> +
           (-0.0263837, 0.0000562)|   5, 0, 0;0,  0;1,  1> +
           (-0.0000115,-0.0000000)|   5, 0, 0;1, -1;1,  0> +
           ( 0.0000115, 0.0000000)|   5, 0, 0;1,  0;1, -1> +
            ...
 |  545> = ( 0.7066882, 0.0079143)|   5, 0, 0;0,  0;1,  1> +
           ( 0.7064515, 0.0079466)|   5, 0, 0;1,  1;0,  0> +
           (-0.0263864,-0.0004541)|   5, 0, 0;0,  0;1, -1> +
           (-0.0263750,-0.0004552)|   5, 0, 0;1, -1;0,  0> +
           (-0.0000115,-0.0000001)|   5, 0, 0;1,  0;1,  1> +
           ( 0.0000115, 0.0000001)|   5, 0, 0;1,  1;1,  0> +
            ...
 |  546> = ( 0.7070887, 0.0054530)|   5, 0, 0;0,  0;1,  0> +
           ( 0.7070828, 0.0054529)|   5, 0, 0;1,  0;0,  0> +
            ...
 |  547> = ( 0.7071098, 0.0000000)|   5, 0, 0;1,  0;0,  0> +
           (-0.7071038,-0.0000001)|   5, 0, 0;0,  0;1,  0> +
           ( 0.0000230, 0.0000000)|   5, 0, 0;1,  0;1,  0> +
           ( 0.0000230, 0.0000000)|   5, 0, 0;0,  0;0,  0> +
            ...
 |  548> = (-0.0013296, 0.4467038)|   0, 0, 1;0,  0;1, -1> +
           ( 0.0013326,-0.4466698)|   0, 0, 1;1, -1;0,  0> +
           ( 0.3567707,-0.0010659)|   0, 1, 0;1,  1;0,  0> +
           (-0.3567702, 0.0010681)|   0, 1, 0;0,  0;1,  1> +
           ( 0.0001950, 0.3357545)|   0, 0, 1;1,  1;0,  0> +
           (-0.0001947,-0.3356858)|   0, 0, 1;0,  0;1,  1> +
           ( 0.2459059,-0.0025924)|   0, 1, 0;1, -1;0,  0> +
           (-0.2458991, 0.0025934)|   0, 1, 0;0,  0;1, -1> +
            ...
 |  549> = (-0.5587595, 0.0112912)|   0, 1, 0;1, -1;0,  0> +
           ( 0.5586831,-0.0112960)|   0, 1, 0;0,  0;1, -1> +
           (-0.0058000,-0.4183307)|   0, 0, 1;1, -1;0,  0> +
           ( 0.0057929, 0.4182725)|   0, 0, 1;0,  0;1, -1> +
           ( 0.1077547,-0.0044400)|   0, 1, 0;0,  0;1,  1> +
           (-0.1076569, 0.0044342)|   0, 1, 0;1,  1;0,  0> +
           (-0.0010600,-0.0328032)|   0, 0, 1;1,  1;0,  0> +
           ( 0.0010600, 0.0326717)|   0, 0, 1;0,  0;1,  1> +
           ( 0.0000014,-0.0000163)|   0, 0, 1;0,  0;1,  0> +
            ...
 |  550> = ( 0.1570561,-0.4863554)|   0, 0, 1;1,  1;0,  0> +
           (-0.1570513, 0.4863461)|   0, 0, 1;0,  0;1,  1> +
           (-0.4625656,-0.1487159)|   0, 1, 0;0,  0;1,  1> +
           ( 0.4625537, 0.1487112)|   0, 1, 0;1,  1;0,  0> +
           (-0.0446172,-0.0156416)|   0, 1, 0;1, -1;0,  0> +
           ( 0.0445839, 0.0156310)|   0, 1, 0;0,  0;1, -1> +
           (-0.0072988, 0.0208102)|   0, 0, 1;0,  0;1, -1> +
           ( 0.0072934,-0.0208088)|   0, 0, 1;1, -1;0,  0> +
            ...
 |  551> = (-0.3535768,-0.0000000)|   0, 1, 0;1,  1;0,  0> +
           ( 0.0000000,-0.3535765)|   0, 0, 1;1,  1;0,  0> +
           ( 0.3535762, 0.0000000)|   0, 1, 0;0,  0;1,  1> +
           (-0.0000000, 0.3535760)|   0, 0, 1;0,  0;1,  1> +
           ( 0.3535457,-0.0000000)|   0, 1, 0;1, -1;0,  0> +
           (-0.3535454, 0.0000000)|   0, 1, 0;0,  0;1, -1> +
           ( 0.0000000,-0.3535154)|   0, 0, 1;1, -1;0,  0> +
           (-0.0000000, 0.3535152)|   0, 0, 1;0,  0;1, -1> +
            ...
 |  552> = ( 0.4309571, 0.0858778)|   0, 1, 0;1, -1;0,  0> +
           ( 0.4309320, 0.0858710)|   0, 1, 0;0,  0;1, -1> +
           ( 0.3877231, 0.0753628)|   0, 1, 0;1,  1;0,  0> +
           ( 0.3876990, 0.0753554)|   0, 1, 0;0,  0;1,  1> +
           (-0.0003292, 0.2875163)|   0, 0, 1;1, -1;0,  0> +
           (-0.0003258, 0.2875032)|   0, 0, 1;0,  0;1, -1> +
           ( 0.0254846,-0.2600103)|   0, 0, 1;1,  1;0,  0> +
           ( 0.0254807,-0.2599981)|   0, 0, 1;0,  0;1,  1> +
            ...
 |  553> = (-0.0001194,-0.4438508)|   0, 0, 1;0,  0;1,  1> +
           (-0.0001192,-0.4438254)|   0, 0, 1;1,  1;0,  0> +
           (-0.4386757,-0.0002170)|   0, 1, 0;0,  0;1,  1> +
           (-0.4386485,-0.0002170)|   0, 1, 0;1,  1;0,  0> +
           ( 0.2627396, 0.0009439)|   0, 1, 0;1, -1;0,  0> +
           ( 0.2627143, 0.0009443)|   0, 1, 0;0,  0;1, -1> +
           (-0.0015859,-0.2038617)|   0, 0, 1;1, -1;0,  0> +
           (-0.0015861,-0.2038362)|   0, 0, 1;0,  0;1, -1> +
            ...
 |  554> = ( 0.0077476, 0.4552447)|   0, 0, 1;0,  0;1,  1> +
           ( 0.0077473, 0.4551937)|   0, 0, 1;1,  1;0,  0> +
           ( 0.4162555, 0.0014504)|   0, 1, 0;0,  0;1, -1> +
           ( 0.4160879, 0.0014580)|   0, 1, 0;1, -1;0,  0> +
           (-0.2941271, 0.0211210)|   0, 1, 0;1,  1;0,  0> +
           (-0.2940850, 0.0211179)|   0, 1, 0;0,  0;1,  1> +
           ( 0.0305970, 0.1778966)|   0, 0, 1;0,  0;1, -1> +
           ( 0.0305928, 0.1778221)|   0, 0, 1;1, -1;0,  0> +
           ( 0.0000027,-0.0000168)|   0, 0, 1;1,  0;0,  0> +
           ( 0.0000021,-0.0000168)|   0, 0, 1;0,  0;1,  0> +
            ...
 |  555> = (-0.0311221,-0.5850192)|   0, 0, 1;0,  0;1, -1> +
           (-0.0311232,-0.5850108)|   0, 0, 1;1, -1;0,  0> +
           ( 0.2494082, 0.0498616)|   0, 1, 0;1, -1;0,  0> +
           ( 0.2493862, 0.0498586)|   0, 1, 0;0,  0;1, -1> +
           ( 0.2537599, 0.0156239)|   0, 1, 0;1,  1;0,  0> +
           ( 0.2537364, 0.0156242)|   0, 1, 0;0,  0;1,  1> +
           (-0.0014167, 0.1657446)|   0, 0, 1;0,  0;1,  1> +
           (-0.0014189, 0.1657347)|   0, 0, 1;1,  1;0,  0> +
           ( 0.0000118,-0.0000001)|   0, 1, 0;0,  0;1,  0> +
            ...
 |  556> = ( 0.2277545,-0.6686000)|   0, 1, 0;0,  0;1,  0> +
           ( 0.2278304,-0.6685655)|   0, 1, 0;1,  0;0,  0> +
           ( 0.0301855, 0.0140315)|   0, 0, 1;1,  0;0,  0> +
           ( 0.0301874, 0.0140042)|   0, 0, 1;0,  0;1,  0> +
            ...
 |  557> = ( 0.1182436,-0.6964469)|   0, 0, 1;0,  0;1,  0> +
           ( 0.1182516,-0.6962624)|   0, 0, 1;1,  0;0,  0> +
           ( 0.0332462, 0.0020562)|   0, 1, 0;0,  0;1,  0> +
           ( 0.0331915, 0.0020572)|   0, 1, 0;1,  0;0,  0> +
           (-0.0000187, 0.0000000)|   0, 1, 0;0,  0;1, -1> +
           ( 0.0000000,-0.0000164)|   0, 0, 1;0,  0;1, -1> +
           ( 0.0000008,-0.0000137)|   0, 0, 1;0,  0;1,  1> +
            ...
 |  558> = ( 0.6755217, 0.0315558)|   0, 1, 0;1,  0;0,  0> +
           (-0.6755197,-0.0314684)|   0, 1, 0;0,  0;1,  0> +
           ( 0.0023835, 0.2065753)|   0, 0, 1;1,  0;0,  0> +
           (-0.0023862,-0.2065737)|   0, 0, 1;0,  0;1,  0> +
           ( 0.0000220, 0.0000010)|   0, 1, 0;1,  0;1,  0> +
           ( 0.0000220, 0.0000010)|   0, 1, 0;0,  0;0,  0> +
            ...
 |  559> = ( 0.0433034, 0.6749614)|   0, 0, 1;1,  0;0,  0> +
           (-0.0433323,-0.6747716)|   0, 0, 1;0,  0;1,  0> +
           (-0.2065930, 0.0012277)|   0, 1, 0;1,  0;0,  0> +
           ( 0.2065763,-0.0012267)|   0, 1, 0;0,  0;1,  0> +
           ( 0.0000014, 0.0000220)|   0, 0, 1;1,  0;1,  0> +
           ( 0.0000014, 0.0000220)|   0, 0, 1;0,  0;0,  0> +
            ...
 |  560> = (-0.7071877, 0.0001347)|   6, 0, 0;1, -1;0,  0> +
           ( 0.7070259,-0.0001348)|   6, 0, 0;0,  0;1, -1> +
           ( 0.0000386,-0.0000121)|   6, 0, 0;1,  1;0,  0> +
           (-0.0000374, 0.0000122)|   6, 0, 0;0,  0;1,  1> +
           (-0.0000115, 0.0000000)|   6, 0, 0;1, -1;1,  0> +
           (-0.0000115, 0.0000000)|   6, 0, 0;1,  0;1, -1> +
            ...
 |  561> = ( 0.3905369,-0.5895186)|   6, 0, 0;1,  1;0,  0> +
           (-0.3904179, 0.5895104)|   6, 0, 0;0,  0;1,  1> +
           ( 0.0000311,-0.0000250)|   6, 0, 0;1, -1;0,  0> +
           (-0.0000311, 0.0000250)|   6, 0, 0;0,  0;1, -1> +
           ( 0.0000064,-0.0000096)|   6, 0, 0;1,  1;1,  0> +
           ( 0.0000064,-0.0000096)|   6, 0, 0;1,  0;1,  1> +
            ...
