p1704
p1704
p1704
p1704
p1704
p1704
p1704
p1704
p1704
p1704
p1704
p1704
p1704
p1704
p1704
p1704
p1704
p1704
p1704
p1704
p1704
p1704
p1704
p1704
# Parameters of the model
#  mass:		  261.0000 u
#  charge:	    1.0000 e
#  dipole:	   4.74500 D
#  B:		    503.65 MHz
#  omega_rho:	    1.4000 MHz
#  omega_z:	  0.132000 MHz

# omega_1:	  0.228631 MHz
# omega_3/5:	   1.39376 MHz

# Basis truncation:	|32,4,4;2,2>
# Basis size:		41472

# Active terms of the Hamiltionian:
# 	Nomal modes:	1
# 	T_rot:      	1
# 	V_qd^{(0)}: 	1
# 	V_qd^{(1)}: 	1
# 	V_dd^{(0)}: 	1

# Results of the diagonalisation
# 100 smallest eigenvalues
 6.596124303 7.596124303 8.596124303 9.596124303 10.596124303 11.596124303 12.596124303 12.692257547 12.692257547 13.596124302 13.692257546 13.692257547 14.596124303 14.692257547 14.692257547 15.596124303 15.692257547 15.692257547 16.596124303 16.692257547 16.692257547 17.596124302 17.692257546 17.692257547 18.596124303 18.692257546 18.692257547 18.788390790 18.788390791 18.788390791 19.596124303 19.692257546 19.692257546 19.788390790 19.788390790 19.788390791 20.596124303 20.692257547 20.692257547 20.788390790 20.788390790 20.788390791 21.596124303 21.692257546 21.692257546 21.788390790 21.788390791 21.788390791 22.596124303 22.692257546 22.692257546 22.788390790 22.788390790 22.788390791 23.596124303 23.692257546 23.692257547 23.788390790 23.788390790 23.788390791 24.596124303 24.692257547 24.692257547 24.788390790 24.788390790 24.788390791 24.884524034 24.884524034 24.884524034 24.884524035 25.596124303 25.692257546 25.692257547 25.788390790 25.788390791 25.788390791 25.884524034 25.884524034 25.884524035 25.884524035 26.596124302 26.692257546 26.692257547 26.788390790 26.788390790 26.788390790 26.884524034 26.884524034 26.884524034 26.884524035 27.596124303 27.692257546 27.692257547 27.788390790 27.788390790 27.788390791 27.884524034 27.884524034 27.884524034 27.884524034

# Ground state and the lowest excitations:
 |    0> = ( 1.0000000, 0.0000000)|   0, 0, 0;0,  0;0,  0> +
           ( 0.0000127,-0.0000000)|   0, 0, 0;0,  0;1,  0> +
           (-0.0000127,-0.0000000)|   0, 0, 0;1,  0;0,  0> +
            ...
 |    1> = ( 1.0000000,-0.0000000)|   1, 0, 0;0,  0;0,  0> +
           ( 0.0000127, 0.0000000)|   1, 0, 0;0,  0;1,  0> +
           (-0.0000127, 0.0000000)|   1, 0, 0;1,  0;0,  0> +
            ...
 |    2> = ( 1.0000000,-0.0000000)|   2, 0, 0;0,  0;0,  0> +
           (-0.0000127,-0.0000000)|   2, 0, 0;1,  0;0,  0> +
           ( 0.0000127,-0.0000000)|   2, 0, 0;0,  0;1,  0> +
            ...
 |    3> = (-1.0000000,-0.0000000)|   3, 0, 0;0,  0;0,  0> +
           (-0.0000127, 0.0000000)|   3, 0, 0;0,  0;1,  0> +
           ( 0.0000127, 0.0000000)|   3, 0, 0;1,  0;0,  0> +
            ...
 |    4> = ( 1.0000000, 0.0000000)|   4, 0, 0;0,  0;0,  0> +
           (-0.0000127, 0.0000000)|   4, 0, 0;1,  0;0,  0> +
           ( 0.0000127,-0.0000000)|   4, 0, 0;0,  0;1,  0> +
            ...
 |    5> = ( 1.0000000,-0.0000000)|   5, 0, 0;0,  0;0,  0> +
           (-0.0000127,-0.0000000)|   5, 0, 0;1,  0;0,  0> +
           ( 0.0000127, 0.0000000)|   5, 0, 0;0,  0;1,  0> +
            ...
 |    6> = ( 1.0000000,-0.0000000)|   6, 0, 0;0,  0;0,  0> +
           (-0.0000127, 0.0000000)|   6, 0, 0;1,  0;0,  0> +
           ( 0.0000127,-0.0000000)|   6, 0, 0;0,  0;1,  0> +
            ...
 |    7> = ( 0.0000004,-0.7379586)|   0, 0, 1;0,  0;0,  0> +
           ( 0.6748459, 0.0000004)|   0, 1, 0;0,  0;0,  0> +
            ...
 |    8> = (-0.7379586,-0.0000000)|   0, 1, 0;0,  0;0,  0> +
           (-0.0000000,-0.6748459)|   0, 0, 1;0,  0;0,  0> +
            ...
 |    9> = ( 1.0000000, 0.0000000)|   7, 0, 0;0,  0;0,  0> +
           ( 0.0000127, 0.0000000)|   7, 0, 0;0,  0;1,  0> +
           (-0.0000127,-0.0000000)|   7, 0, 0;1,  0;0,  0> +
            ...
 |   10> = ( 0.0088208, 0.7131911)|   1, 0, 1;0,  0;0,  0> +
           (-0.7008587, 0.0088199)|   1, 1, 0;0,  0;0,  0> +
            ...
 |   11> = (-0.7132456, 0.0000765)|   1, 1, 0;0,  0;0,  0> +
           ( 0.0000765,-0.7009142)|   1, 0, 1;0,  0;0,  0> +
            ...
 |   12> = ( 1.0000000, 0.0000000)|   8, 0, 0;0,  0;0,  0> +
           ( 0.0000127, 0.0000000)|   8, 0, 0;0,  0;1,  0> +
           (-0.0000127,-0.0000000)|   8, 0, 0;1,  0;0,  0> +
            ...
 |   13> = ( 0.7216075,-0.0000173)|   2, 1, 0;0,  0;0,  0> +
           (-0.0000173, 0.6923024)|   2, 0, 1;0,  0;0,  0> +
            ...
 |   14> = ( 0.0008374, 0.7216071)|   2, 0, 1;0,  0;0,  0> +
           (-0.6923019, 0.0008373)|   2, 1, 0;0,  0;0,  0> +
            ...
 |   15> = (-1.0000000,-0.0000000)|   9, 0, 0;0,  0;0,  0> +
           ( 0.0000127, 0.0000000)|   9, 0, 0;1,  0;0,  0> +
           (-0.0000127,-0.0000000)|   9, 0, 0;0,  0;1,  0> +
            ...
 |   16> = (-0.7234637,-0.0101804)|   3, 1, 0;0,  0;0,  0> +
           (-0.0101810, 0.6902123)|   3, 0, 1;0,  0;0,  0> +
            ...
 |   17> = (-0.0002398, 0.7235352)|   3, 0, 1;0,  0;0,  0> +
           ( 0.6902874,-0.0002397)|   3, 1, 0;0,  0;0,  0> +
            ...
 |   18> = ( 1.0000000, 0.0000000)|  10, 0, 0;0,  0;0,  0> +
           (-0.0000127,-0.0000000)|  10, 0, 0;1,  0;0,  0> +
           ( 0.0000127, 0.0000000)|  10, 0, 0;0,  0;1,  0> +
            ...
 |   19> = (-0.8380309, 0.0002475)|   4, 1, 0;0,  0;0,  0> +
           ( 0.0002475,-0.5456226)|   4, 0, 1;0,  0;0,  0> +
           (-0.0000106, 0.0000000)|   4, 1, 0;0,  0;1,  0> +
           ( 0.0000106,-0.0000000)|   4, 1, 0;1,  0;0,  0> +
            ...
 |   20> = (-0.0011713,-0.8380302)|   4, 0, 1;0,  0;0,  0> +
           ( 0.5456214,-0.0011713)|   4, 1, 0;0,  0;0,  0> +
           ( 0.0000000, 0.0000106)|   4, 0, 1;1,  0;0,  0> +
           (-0.0000000,-0.0000106)|   4, 0, 1;0,  0;1,  0> +
            ...
 |   21> = ( 1.0000000, 0.0000000)|  11, 0, 0;0,  0;0,  0> +
           (-0.0000127,-0.0000000)|  11, 0, 0;1,  0;0,  0> +
           ( 0.0000127, 0.0000000)|  11, 0, 0;0,  0;1,  0> +
            ...
 |   22> = (-0.0137668, 0.7498277)|   5, 0, 1;0,  0;0,  0> +
           (-0.6613467,-0.0137662)|   5, 1, 0;0,  0;0,  0> +
            ...
 |   23> = ( 0.7499535, 0.0008627)|   5, 1, 0;0,  0;0,  0> +
           ( 0.0008627, 0.6614894)|   5, 0, 1;0,  0;0,  0> +
            ...
 |   24> = (-1.0000000, 0.0000000)|  12, 0, 0;0,  0;0,  0> +
           (-0.0000127, 0.0000000)|  12, 0, 0;0,  0;1,  0> +
           ( 0.0000127,-0.0000000)|  12, 0, 0;1,  0;0,  0> +
            ...
 # The upper part of the spectrum
 # Eigenvalues first: 512	 last: 562
 27689.093331036 27689.093331036 27689.093332055 27689.093332055 27689.093334550 27689.093336588 27690.093331036 27690.093331036 27690.093332055 27690.093332055 27690.093334550 27690.093336588 27691.093331036 27691.093331037 27691.093332055 27691.093332055 27691.093334550 27691.093336588 27692.093331036 27692.093331036 27692.093332055 27692.093332055 27692.093334550 27692.093336588 27693.093331036 27693.093331037 27693.093332055 27693.093332055 27693.093334550 27693.093336588 27694.093331036 27694.093331036 27694.093332055 27694.093332055 27694.093334550 27694.093336588 27695.093331036 27695.093331037 27695.093332055 27695.093332055 27695.093334550 27695.093336588 27695.189464280 27695.189464280 27695.189464280 27695.189464280 27695.189465299 27695.189465299 27695.189465299 27695.189465299

# Excited states :
 |  511> = (-0.0007892,-0.9999997)|  31, 3, 3;0,  0;0,  0> +
           (-0.0000000,-0.0000127)|  31, 3, 3;0,  0;1,  0> +
           ( 0.0000000, 0.0000127)|  31, 3, 3;1,  0;0,  0> +
            ...
 |  512> = ( 0.5556275, 0.0258299)|   0, 0, 0;1,  1;0,  0> +
           (-0.5554163,-0.0259031)|   0, 0, 0;0,  0;1,  1> +
           (-0.4367591, 0.0000032)|   0, 0, 0;1, -1;0,  0> +
           ( 0.4366854,-0.0000031)|   0, 0, 0;0,  0;1, -1> +
            ...
 |  513> = ( 0.5561721, 0.0000023)|   0, 0, 0;1, -1;0,  0> +
           (-0.5560754,-0.0000025)|   0, 0, 0;0,  0;1, -1> +
           ( 0.4363383, 0.0202899)|   0, 0, 0;1,  1;0,  0> +
           (-0.4361604,-0.0203459)|   0, 0, 0;0,  0;1,  1> +
            ...
 |  514> = (-0.7070605,-0.0000004)|   0, 0, 0;0,  0;1, -1> +
           (-0.7069391,-0.0000001)|   0, 0, 0;1, -1;0,  0> +
           ( 0.0118590,-0.0032765)|   0, 0, 0;0,  0;1,  1> +
           ( 0.0118557,-0.0032768)|   0, 0, 0;1,  1;0,  0> +
           ( 0.0000137,-0.0000000)|   0, 0, 0;1,  0;0,  0> +
           ( 0.0000129,-0.0000000)|   0, 0, 0;0,  0;1,  0> +
            ...
 |  515> = ( 0.6812761,-0.1894820)|   0, 0, 0;0,  0;1,  1> +
           ( 0.6809865,-0.1895103)|   0, 0, 0;1,  1;0,  0> +
           ( 0.0123072,-0.0000232)|   0, 0, 0;0,  0;1, -1> +
           ( 0.0122963,-0.0000195)|   0, 0, 0;1, -1;0,  0> +
            ...
 |  516> = ( 0.7071077,-0.0000000)|   0, 0, 0;0,  0;1,  0> +
           ( 0.7071059,-0.0000000)|   0, 0, 0;1,  0;0,  0> +
           ( 0.0000164, 0.0000000)|   0, 0, 0;0,  0;1, -1> +
           ( 0.0000104, 0.0000001)|   0, 0, 0;1, -1;0,  0> +
            ...
 |  517> = (-0.7071077, 0.0000000)|   0, 0, 0;1,  0;0,  0> +
           ( 0.7071059, 0.0000000)|   0, 0, 0;0,  0;1,  0> +
           (-0.0000180,-0.0000000)|   0, 0, 0;1,  0;1,  0> +
           (-0.0000180, 0.0000000)|   0, 0, 0;0,  0;0,  0> +
            ...
 |  518> = ( 0.6441943, 0.0027726)|   1, 0, 0;1, -1;0,  0> +
           (-0.6441747,-0.0027726)|   1, 0, 0;0,  0;1, -1> +
           (-0.2915933,-0.0013756)|   1, 0, 0;1,  1;0,  0> +
           ( 0.2915593, 0.0013755)|   1, 0, 0;0,  0;1,  1> +
            ...
 |  519> = ( 0.6441996, 0.0000489)|   1, 0, 0;0,  0;1,  1> +
           (-0.6441813,-0.0000489)|   1, 0, 0;1,  1;0,  0> +
           ( 0.2915999,-0.0000985)|   1, 0, 0;0,  0;1, -1> +
           (-0.2915592, 0.0000985)|   1, 0, 0;1, -1;0,  0> +
            ...
 |  520> = (-0.6035306, 0.0012691)|   1, 0, 0;0,  0;1,  1> +
           (-0.6035092, 0.0012690)|   1, 0, 0;1,  1;0,  0> +
           ( 0.3684751,-0.0007198)|   1, 0, 0;0,  0;1, -1> +
           ( 0.3684417,-0.0007199)|   1, 0, 0;1, -1;0,  0> +
            ...
 |  521> = ( 0.6035308, 0.0000231)|   1, 0, 0;1, -1;0,  0> +
           ( 0.6035117, 0.0000232)|   1, 0, 0;0,  0;1, -1> +
           ( 0.3684791,-0.0000408)|   1, 0, 0;1,  1;0,  0> +
           ( 0.3684391,-0.0000408)|   1, 0, 0;0,  0;1,  1> +
            ...
 |  522> = (-0.7071069,-0.0000000)|   1, 0, 0;1,  0;0,  0> +
           (-0.7071066,-0.0000000)|   1, 0, 0;0,  0;1,  0> +
            ...
 |  523> = (-0.7071069, 0.0000000)|   1, 0, 0;0,  0;1,  0> +
           ( 0.7071066, 0.0000000)|   1, 0, 0;1,  0;0,  0> +
           ( 0.0000180, 0.0000000)|   1, 0, 0;1,  0;1,  0> +
           ( 0.0000180, 0.0000000)|   1, 0, 0;0,  0;0,  0> +
            ...
 |  524> = ( 0.7071880, 0.0000000)|   2, 0, 0;1, -1;0,  0> +
           (-0.7070255, 0.0000000)|   2, 0, 0;0,  0;1, -1> +
           ( 0.0001514,-0.0000000)|   2, 0, 0;1,  1;0,  0> +
           (-0.0001507,-0.0000000)|   2, 0, 0;0,  0;1,  1> +
            ...
 |  525> = ( 0.7072842, 0.0052335)|   2, 0, 0;1,  1;0,  0> +
           (-0.7068905,-0.0052360)|   2, 0, 0;0,  0;1,  1> +
           (-0.0001511,-0.0000011)|   2, 0, 0;1, -1;0,  0> +
           ( 0.0001510, 0.0000011)|   2, 0, 0;0,  0;1, -1> +
            ...
 |  526> = (-0.7071880,-0.0000001)|   2, 0, 0;0,  0;1, -1> +
           (-0.7070255,-0.0000002)|   2, 0, 0;1, -1;0,  0> +
           (-0.0001334,-0.0000001)|   2, 0, 0;0,  0;1,  1> +
           (-0.0001333,-0.0000001)|   2, 0, 0;1,  1;0,  0> +
            ...
 |  527> = ( 0.7072878,-0.0047250)|   2, 0, 0;0,  0;1,  1> +
           ( 0.7068941,-0.0047278)|   2, 0, 0;1,  1;0,  0> +
           (-0.0001336, 0.0000010)|   2, 0, 0;1, -1;0,  0> +
           (-0.0001331, 0.0000010)|   2, 0, 0;0,  0;1, -1> +
            ...
 |  528> = (-0.7071086, 0.0000001)|   2, 0, 0;0,  0;1,  0> +
           (-0.7071049, 0.0000001)|   2, 0, 0;1,  0;0,  0> +
            ...
 |  529> = (-0.7071086, 0.0000000)|   2, 0, 0;1,  0;0,  0> +
           ( 0.7071049, 0.0000000)|   2, 0, 0;0,  0;1,  0> +
           (-0.0000180,-0.0000000)|   2, 0, 0;1,  0;1,  0> +
           (-0.0000180,-0.0000000)|   2, 0, 0;0,  0;0,  0> +
            ...
 |  530> = (-0.7071944, 0.0028505)|   3, 0, 0;1,  1;0,  0> +
           ( 0.7070057,-0.0028524)|   3, 0, 0;0,  0;1,  1> +
           ( 0.0011923,-0.0000047)|   3, 0, 0;1, -1;0,  0> +
           (-0.0011919, 0.0000047)|   3, 0, 0;0,  0;1, -1> +
            ...
 |  531> = (-0.7073155,-0.0000004)|   3, 0, 0;1, -1;0,  0> +
           ( 0.7068960, 0.0000004)|   3, 0, 0;0,  0;1, -1> +
           (-0.0011924, 0.0000001)|   3, 0, 0;1,  1;0,  0> +
           ( 0.0011917,-0.0000001)|   3, 0, 0;0,  0;1,  1> +
            ...
 |  532> = ( 0.7073155, 0.0000000)|   3, 0, 0;0,  0;1, -1> +
           ( 0.7068960, 0.0000000)|   3, 0, 0;1, -1;0,  0> +
           ( 0.0011959,-0.0000000)|   3, 0, 0;0,  0;1,  1> +
           ( 0.0011953,-0.0000000)|   3, 0, 0;1,  1;0,  0> +
            ...
 |  533> = ( 0.7071951, 0.0026648)|   3, 0, 0;0,  0;1,  1> +
           ( 0.7070064, 0.0026667)|   3, 0, 0;1,  1;0,  0> +
           (-0.0011958,-0.0000046)|   3, 0, 0;0,  0;1, -1> +
           (-0.0011954,-0.0000046)|   3, 0, 0;1, -1;0,  0> +
            ...
 |  534> = ( 0.7071065, 0.0008876)|   3, 0, 0;0,  0;1,  0> +
           ( 0.7071060, 0.0008876)|   3, 0, 0;1,  0;0,  0> +
            ...
 |  535> = (-0.7071070,-0.0000000)|   3, 0, 0;1,  0;0,  0> +
           ( 0.7071065,-0.0000000)|   3, 0, 0;0,  0;1,  0> +
           (-0.0000180, 0.0000000)|   3, 0, 0;1,  0;1,  0> +
           (-0.0000180, 0.0000000)|   3, 0, 0;0,  0;0,  0> +
            ...
 |  536> = ( 0.7073330,-0.0000004)|   4, 0, 0;1, -1;0,  0> +
           (-0.7068805, 0.0000004)|   4, 0, 0;0,  0;1, -1> +
           ( 0.0000507, 0.0000000)|   4, 0, 0;1,  1;0,  0> +
           (-0.0000507,-0.0000000)|   4, 0, 0;0,  0;1,  1> +
            ...
 |  537> = (-0.7071667,-0.0023544)|   4, 0, 0;0,  0;1,  1> +
           ( 0.7070390, 0.0023460)|   4, 0, 0;1,  1;0,  0> +
           (-0.0000517,-0.0000002)|   4, 0, 0;1, -1;0,  0> +
           ( 0.0000497, 0.0000002)|   4, 0, 0;0,  0;1, -1> +
            ...
 |  538> = ( 0.7073330,-0.0000005)|   4, 0, 0;0,  0;1, -1> +
           ( 0.7068805,-0.0000005)|   4, 0, 0;1, -1;0,  0> +
           ( 0.0000509, 0.0000000)|   4, 0, 0;1,  1;0,  0> +
           ( 0.0000490,-0.0000000)|   4, 0, 0;0,  0;1,  1> +
            ...
 |  539> = ( 0.7058273, 0.0435675)|   4, 0, 0;1,  1;0,  0> +
           ( 0.7056994, 0.0435676)|   4, 0, 0;0,  0;1,  1> +
           (-0.0000499,-0.0000031)|   4, 0, 0;1, -1;0,  0> +
           (-0.0000498,-0.0000031)|   4, 0, 0;0,  0;1, -1> +
            ...
 |  540> = (-0.7071072,-0.0014660)|   4, 0, 0;1,  0;0,  0> +
           (-0.7071033,-0.0014660)|   4, 0, 0;0,  0;1,  0> +
            ...
 |  541> = (-0.7071087,-0.0000000)|   4, 0, 0;0,  0;1,  0> +
           ( 0.7071049,-0.0000000)|   4, 0, 0;1,  0;0,  0> +
           ( 0.0000180, 0.0000000)|   4, 0, 0;1,  0;1,  0> +
           ( 0.0000180, 0.0000000)|   4, 0, 0;0,  0;0,  0> +
            ...
 |  542> = (-0.6928541,-0.1416405)|   5, 0, 0;0,  0;1,  1> +
           ( 0.6927048, 0.1415843)|   5, 0, 0;1,  1;0,  0> +
           ( 0.0015646, 0.0003194)|   5, 0, 0;0,  0;1, -1> +
           (-0.0015643,-0.0003192)|   5, 0, 0;1, -1;0,  0> +
            ...
 |  543> = (-0.7073049, 0.0000011)|   5, 0, 0;0,  0;1, -1> +
           ( 0.7069050,-0.0000011)|   5, 0, 0;1, -1;0,  0> +
           (-0.0015971,-0.0000005)|   5, 0, 0;0,  0;1,  1> +
           ( 0.0015963, 0.0000005)|   5, 0, 0;1,  1;0,  0> +
            ...
 |  544> = (-0.6686110,-0.2303654)|   5, 0, 0;1,  1;0,  0> +
           (-0.6684539,-0.2303378)|   5, 0, 0;0,  0;1,  1> +
           ( 0.0014993, 0.0005165)|   5, 0, 0;1, -1;0,  0> +
           ( 0.0014988, 0.0005164)|   5, 0, 0;0,  0;1, -1> +
            ...
 |  545> = ( 0.7073050,-0.0000007)|   5, 0, 0;1, -1;0,  0> +
           ( 0.7069050,-0.0000007)|   5, 0, 0;0,  0;1, -1> +
           ( 0.0015860, 0.0000000)|   5, 0, 0;1,  1;0,  0> +
           ( 0.0015851, 0.0000000)|   5, 0, 0;0,  0;1,  1> +
            ...
 |  546> = ( 0.7070445,-0.0094983)|   5, 0, 0;0,  0;1,  0> +
           ( 0.7070415,-0.0094983)|   5, 0, 0;1,  0;0,  0> +
            ...
 |  547> = (-0.7071083, 0.0000000)|   5, 0, 0;1,  0;0,  0> +
           ( 0.7071053, 0.0000000)|   5, 0, 0;0,  0;1,  0> +
           (-0.0000180,-0.0000000)|   5, 0, 0;1,  0;1,  0> +
           (-0.0000180,-0.0000000)|   5, 0, 0;0,  0;0,  0> +
            ...
 |  548> = (-0.7073305, 0.0011999)|   6, 0, 0;0,  0;1, -1> +
           ( 0.7068771,-0.0011994)|   6, 0, 0;1, -1;0,  0> +
           (-0.0014511, 0.0007796)|   6, 0, 0;0,  0;1,  1> +
           ( 0.0014509,-0.0007798)|   6, 0, 0;1,  1;0,  0> +
            ...
 |  549> = (-0.6870124, 0.1679519)|   6, 0, 0;1,  1;0,  0> +
           ( 0.6867708,-0.1677692)|   6, 0, 0;0,  0;1,  1> +
           ( 0.0015955, 0.0004102)|   6, 0, 0;1, -1;0,  0> +
           (-0.0015951,-0.0004104)|   6, 0, 0;0,  0;1, -1> +
            ...
 |  550> = (-0.5761914, 0.4101219)|   6, 0, 0;0,  0;1,  1> +
           (-0.5758952, 0.4100585)|   6, 0, 0;1,  1;0,  0> +
           (-0.0000277,-0.0004025)|   6, 0, 0;1, -1;0,  0> +
           (-0.0000270,-0.0004023)|   6, 0, 0;0,  0;1, -1> +
            ...
 |  551> = ( 0.7073326,-0.0010033)|   6, 0, 0;1, -1;0,  0> +
           ( 0.7068792,-0.0010024)|   6, 0, 0;0,  0;1, -1> +
           ( 0.0002123, 0.0003431)|   6, 0, 0;1,  1;0,  0> +
           ( 0.0002109, 0.0003436)|   6, 0, 0;0,  0;1,  1> +
            ...
 |  552> = ( 0.7071104,-0.0010167)|   6, 0, 0;1,  0;0,  0> +
           ( 0.7071017,-0.0010168)|   6, 0, 0;0,  0;1,  0> +
            ...
 |  553> = (-0.7071102,-0.0011105)|   6, 0, 0;0,  0;1,  0> +
           ( 0.7071016, 0.0011106)|   6, 0, 0;1,  0;0,  0> +
           ( 0.0000180, 0.0000000)|   6, 0, 0;1,  0;1,  0> +
           ( 0.0000180, 0.0000000)|   6, 0, 0;0,  0;0,  0> +
            ...
 |  554> = (-0.0211229,-0.5972771)|   0, 0, 1;0,  0;1,  1> +
           ( 0.0211268, 0.5969866)|   0, 0, 1;1,  1;0,  0> +
           ( 0.3142490,-0.0282051)|   0, 1, 0;0,  0;1,  1> +
           (-0.3142463, 0.0282130)|   0, 1, 0;1,  1;0,  0> +
           (-0.0128692, 0.1815785)|   0, 0, 1;0,  0;1, -1> +
           ( 0.0128788,-0.1815499)|   0, 0, 1;1, -1;0,  0> +
           (-0.1014017, 0.0057899)|   0, 1, 0;0,  0;1, -1> +
           ( 0.1013309,-0.0057898)|   0, 1, 0;1, -1;0,  0> +
           (-0.0000067, 0.0000124)|   0, 0, 1;1,  0;0,  0> +
            ...
 |  555> = (-0.3535888,-0.0000000)|   0, 1, 0;1,  1;0,  0> +
           ( 0.3535884, 0.0000000)|   0, 1, 0;0,  0;1,  1> +
           (-0.0000000,-0.3535871)|   0, 0, 1;1,  1;0,  0> +
           ( 0.0000000, 0.3535867)|   0, 0, 1;0,  0;1,  1> +
           (-0.0000000,-0.3535477)|   0, 0, 1;1, -1;0,  0> +
           ( 0.0000000, 0.3535476)|   0, 0, 1;0,  0;1, -1> +
           ( 0.3534907, 0.0000000)|   0, 1, 0;1, -1;0,  0> +
           (-0.3534899,-0.0000000)|   0, 1, 0;0,  0;1, -1> +
            ...
 |  556> = (-0.5526109,-0.0018477)|   0, 1, 0;1, -1;0,  0> +
           ( 0.5525132, 0.0018480)|   0, 1, 0;0,  0;1, -1> +
           ( 0.4217023,-0.0086341)|   0, 1, 0;0,  0;1,  1> +
           (-0.4216749, 0.0086362)|   0, 1, 0;1,  1;0,  0> +
           ( 0.0063558,-0.1293063)|   0, 0, 1;1,  1;0,  0> +
           (-0.0063551, 0.1292781)|   0, 0, 1;0,  0;1,  1> +
           (-0.0041269, 0.0014403)|   0, 0, 1;0,  0;1, -1> +
           ( 0.0041282,-0.0014166)|   0, 0, 1;1, -1;0,  0> +
            ...
 |  557> = (-0.1640977,-0.5612857)|   0, 0, 1;0,  0;1, -1> +
           ( 0.1640470, 0.5610938)|   0, 0, 1;1, -1;0,  0> +
           (-0.2940555, 0.1054080)|   0, 1, 0;1,  1;0,  0> +
           ( 0.2938943,-0.1054063)|   0, 1, 0;0,  0;1,  1> +
           (-0.2339769, 0.0685262)|   0, 1, 0;0,  0;1, -1> +
           ( 0.2338350,-0.0685242)|   0, 1, 0;1, -1;0,  0> +
           ( 0.0098612,-0.0333698)|   0, 0, 1;1,  1;0,  0> +
           (-0.0098588, 0.0332483)|   0, 0, 1;0,  0;1,  1> +
           (-0.0000046, 0.0000095)|   0, 0, 1;1,  0;0,  0> +
            ...
 |  558> = ( 0.6067030, 0.1108079)|   0, 1, 0;0,  0;1,  1> +
           ( 0.6066333, 0.1108297)|   0, 1, 0;1,  1;0,  0> +
           ( 0.0817085,-0.2573643)|   0, 0, 1;0,  0;1, -1> +
           ( 0.0817483,-0.2572815)|   0, 0, 1;1, -1;0,  0> +
           ( 0.2124825, 0.0238052)|   0, 1, 0;1, -1;0,  0> +
           ( 0.2124514, 0.0238234)|   0, 1, 0;0,  0;1, -1> +
           ( 0.0309975, 0.0104097)|   0, 0, 1;1,  1;0,  0> +
           ( 0.0309973, 0.0103917)|   0, 0, 1;0,  0;1,  1> +
           (-0.0000119,-0.0000012)|   0, 1, 0;0,  0;1,  0> +
            ...
 |  559> = ( 0.5648816, 0.0006909)|   0, 1, 0;0,  0;1, -1> +
           ( 0.5648012, 0.0006922)|   0, 1, 0;1, -1;0,  0> +
           ( 0.0042722,-0.3416347)|   0, 0, 1;1,  1;0,  0> +
           ( 0.0042737,-0.3415554)|   0, 0, 1;0,  0;1,  1> +
           (-0.2346671, 0.0074696)|   0, 1, 0;0,  0;1,  1> +
           (-0.2346662, 0.0074662)|   0, 1, 0;1,  1;0,  0> +
           ( 0.0046602,-0.0954064)|   0, 0, 1;0,  0;1, -1> +
           ( 0.0046571,-0.0954062)|   0, 0, 1;1, -1;0,  0> +
            ...
 |  560> = ( 0.0716248, 0.6043826)|   0, 0, 1;1, -1;0,  0> +
           ( 0.0715626, 0.6041685)|   0, 0, 1;0,  0;1, -1> +
           ( 0.2658193,-0.0214256)|   0, 1, 0;1, -1;0,  0> +
           ( 0.2657265,-0.0213997)|   0, 1, 0;0,  0;1, -1> +
           ( 0.1670354,-0.0719596)|   0, 1, 0;0,  0;1,  1> +
           ( 0.1668752,-0.0719248)|   0, 1, 0;1,  1;0,  0> +
           (-0.0400026, 0.1548800)|   0, 0, 1;1,  1;0,  0> +
           (-0.0400011, 0.1548409)|   0, 0, 1;0,  0;1,  1> +
            ...
 |  561> = (-0.0117770, 0.5971910)|   0, 0, 1;1,  1;0,  0> +
           (-0.0117861, 0.5969695)|   0, 0, 1;0,  0;1,  1> +
           ( 0.2529330, 0.0132560)|   0, 1, 0;1, -1;0,  0> +
           ( 0.2529320, 0.0132609)|   0, 1, 0;0,  0;1, -1> +
           (-0.0677490,-0.2076587)|   0, 0, 1;1, -1;0,  0> +
           (-0.0677619,-0.2076289)|   0, 0, 1;0,  0;1, -1> +
           (-0.1775712,-0.0011227)|   0, 1, 0;1,  1;0,  0> +
           (-0.1773807,-0.0011398)|   0, 1, 0;0,  0;1,  1> +
           (-0.0000047, 0.0000135)|   0, 0, 1;0,  0;1,  0> +
            ...
