p1699
p1699
p1699
p1699
p1699
p1699
p1699
p1699
p1699
p1699
p1699
p1699
p1699
p1699
p1699
p1699
p1699
p1699
p1699
p1699
p1699
p1699
p1699
p1699
# Parameters of the model
#  mass:		  261.0000 u
#  charge:	    1.0000 e
#  dipole:	   4.74500 D
#  B:		    503.65 MHz
#  omega_rho:	    1.4000 MHz
#  omega_z:	  0.124000 MHz

# omega_1:	  0.214774 MHz
# omega_3/5:	   1.39450 MHz

# Basis truncation:	|32,4,4;2,2>
# Basis size:		41472

# Active terms of the Hamiltionian:
# 	Nomal modes:	1
# 	T_rot:      	1
# 	V_qd^{(0)}: 	1
# 	V_qd^{(1)}: 	1
# 	V_dd^{(0)}: 	1

# Results of the diagonalisation
# 100 smallest eigenvalues
 6.992844013 7.992844013 8.992844013 9.992844013 10.992844013 11.992844013 12.992844013 13.485696082 13.485696082 13.992844013 14.485696082 14.485696082 14.992844013 15.485696082 15.485696082 15.992844012 16.485696082 16.485696082 16.992844013 17.485696082 17.485696082 17.992844013 18.485696082 18.485696082 18.992844012 19.485696082 19.485696082 19.978548151 19.978548151 19.978548151 19.992844012 20.485696082 20.485696082 20.978548151 20.978548151 20.978548151 20.992844013 21.485696082 21.485696082 21.978548151 21.978548151 21.978548151 21.992844013 22.485696081 22.485696082 22.978548151 22.978548151 22.978548152 22.992844012 23.485696081 23.485696082 23.978548151 23.978548151 23.978548151 23.992844013 24.485696082 24.485696082 24.978548150 24.978548151 24.978548151 24.992844013 25.485696081 25.485696082 25.978548151 25.978548151 25.978548152 25.992844013 26.471400220 26.471400220 26.471400220 26.471400221 26.485696081 26.485696082 26.978548151 26.978548151 26.978548151 26.992844013 27.471400220 27.471400220 27.471400220 27.471400221 27.485696081 27.485696082 27.978548151 27.978548151 27.978548151 27.992844011 28.471400220 28.471400220 28.471400220 28.471400220 28.485696081 28.485696082 28.978548151 28.978548151 28.978548152 28.992844012 29.471400220 29.471400220 29.471400220

# Ground state and the lowest excitations:
 |    0> = ( 1.0000000, 0.0000000)|   0, 0, 0;0,  0;0,  0> +
           (-0.0000117, 0.0000000)|   0, 0, 0;1,  0;0,  0> +
           ( 0.0000117, 0.0000000)|   0, 0, 0;0,  0;1,  0> +
            ...
 |    1> = ( 1.0000000,-0.0000000)|   1, 0, 0;0,  0;0,  0> +
           ( 0.0000117, 0.0000000)|   1, 0, 0;0,  0;1,  0> +
           (-0.0000117, 0.0000000)|   1, 0, 0;1,  0;0,  0> +
            ...
 |    2> = ( 1.0000000, 0.0000000)|   2, 0, 0;0,  0;0,  0> +
           (-0.0000117,-0.0000000)|   2, 0, 0;1,  0;0,  0> +
           ( 0.0000117,-0.0000000)|   2, 0, 0;0,  0;1,  0> +
            ...
 |    3> = ( 1.0000000, 0.0000000)|   3, 0, 0;0,  0;0,  0> +
           ( 0.0000117, 0.0000000)|   3, 0, 0;0,  0;1,  0> +
           (-0.0000117, 0.0000000)|   3, 0, 0;1,  0;0,  0> +
            ...
 |    4> = (-1.0000000, 0.0000000)|   4, 0, 0;0,  0;0,  0> +
           (-0.0000117,-0.0000000)|   4, 0, 0;0,  0;1,  0> +
           ( 0.0000117,-0.0000000)|   4, 0, 0;1,  0;0,  0> +
            ...
 |    5> = (-1.0000000,-0.0000000)|   5, 0, 0;0,  0;0,  0> +
           (-0.0000117, 0.0000000)|   5, 0, 0;0,  0;1,  0> +
           ( 0.0000117, 0.0000000)|   5, 0, 0;1,  0;0,  0> +
            ...
 |    6> = ( 1.0000000,-0.0000000)|   6, 0, 0;0,  0;0,  0> +
           ( 0.0000117,-0.0000000)|   6, 0, 0;0,  0;1,  0> +
           (-0.0000117, 0.0000000)|   6, 0, 0;1,  0;0,  0> +
            ...
 |    7> = (-0.0000000,-0.8675387)|   0, 0, 1;0,  0;0,  0> +
           ( 0.4973697,-0.0000000)|   0, 1, 0;0,  0;0,  0> +
           (-0.0000000,-0.0000101)|   0, 0, 1;0,  0;1,  0> +
           ( 0.0000000, 0.0000101)|   0, 0, 1;1,  0;0,  0> +
            ...
 |    8> = (-0.8675387, 0.0000000)|   0, 1, 0;0,  0;0,  0> +
           ( 0.0000000,-0.4973697)|   0, 0, 1;0,  0;0,  0> +
           ( 0.0000101,-0.0000000)|   0, 1, 0;1,  0;0,  0> +
           (-0.0000101, 0.0000000)|   0, 1, 0;0,  0;1,  0> +
            ...
 |    9> = (-1.0000000, 0.0000000)|   7, 0, 0;0,  0;0,  0> +
           (-0.0000117, 0.0000000)|   7, 0, 0;0,  0;1,  0> +
           ( 0.0000117,-0.0000000)|   7, 0, 0;1,  0;0,  0> +
            ...
 |   10> = (-0.0009557,-0.7208739)|   1, 0, 1;0,  0;0,  0> +
           (-0.6930649,-0.0009557)|   1, 1, 0;0,  0;0,  0> +
            ...
 |   11> = ( 0.7192427,-0.0484779)|   1, 1, 0;0,  0;0,  0> +
           (-0.0484778,-0.6913681)|   1, 0, 1;0,  0;0,  0> +
            ...
 |   12> = ( 1.0000000,-0.0000000)|   8, 0, 0;0,  0;0,  0> +
           (-0.0000117, 0.0000000)|   8, 0, 0;1,  0;0,  0> +
           ( 0.0000117,-0.0000000)|   8, 0, 0;0,  0;1,  0> +
            ...
 |   13> = ( 0.7120570, 0.0145091)|   2, 1, 0;0,  0;0,  0> +
           ( 0.0145092,-0.7018218)|   2, 0, 1;0,  0;0,  0> +
            ...
 |   14> = (-0.0001051, 0.7122048)|   2, 0, 1;0,  0;0,  0> +
           ( 0.7019718,-0.0001051)|   2, 1, 0;0,  0;0,  0> +
            ...
 |   15> = (-1.0000000,-0.0000000)|   9, 0, 0;0,  0;0,  0> +
           (-0.0000117,-0.0000000)|   9, 0, 0;0,  0;1,  0> +
           ( 0.0000117, 0.0000000)|   9, 0, 0;1,  0;0,  0> +
            ...
 |   16> = (-0.7386119,-0.0007656)|   3, 1, 0;0,  0;0,  0> +
           (-0.0007657, 0.6741300)|   3, 0, 1;0,  0;0,  0> +
            ...
 |   17> = ( 0.0000350,-0.7386123)|   3, 0, 1;0,  0;0,  0> +
           (-0.6741304, 0.0000349)|   3, 1, 0;0,  0;0,  0> +
            ...
 |   18> = ( 1.0000000, 0.0000000)|  10, 0, 0;0,  0;0,  0> +
           (-0.0000117,-0.0000000)|  10, 0, 0;1,  0;0,  0> +
           ( 0.0000117, 0.0000000)|  10, 0, 0;0,  0;1,  0> +
            ...
 |   19> = (-0.7460893,-0.0007937)|   4, 1, 0;0,  0;0,  0> +
           (-0.0007938, 0.6658449)|   4, 0, 1;0,  0;0,  0> +
            ...
 |   20> = (-0.0000451, 0.7460897)|   4, 0, 1;0,  0;0,  0> +
           ( 0.6658454,-0.0000451)|   4, 1, 0;0,  0;0,  0> +
            ...
 |   21> = ( 1.0000000, 0.0000000)|  11, 0, 0;0,  0;0,  0> +
           (-0.0000117,-0.0000000)|  11, 0, 0;1,  0;0,  0> +
           ( 0.0000117, 0.0000000)|  11, 0, 0;0,  0;1,  0> +
            ...
 |   22> = (-0.7122916, 0.0309135)|   5, 1, 0;0,  0;0,  0> +
           ( 0.0309140, 0.7005208)|   5, 0, 1;0,  0;0,  0> +
            ...
 |   23> = ( 0.0002575, 0.7129621)|   5, 0, 1;0,  0;0,  0> +
           ( 0.7012025, 0.0002575)|   5, 1, 0;0,  0;0,  0> +
            ...
 |   24> = ( 1.0000000, 0.0000000)|  12, 0, 0;0,  0;0,  0> +
           ( 0.0000117, 0.0000000)|  12, 0, 0;0,  0;1,  0> +
           (-0.0000117,-0.0000000)|  12, 0, 0;1,  0;0,  0> +
            ...
 # The upper part of the spectrum
 # Eigenvalues first: 512	 last: 562
 29475.457612023 29475.457612023 29475.457612980 29475.457612980 29475.457615170 29475.457617084 29476.457612023 29476.457612023 29476.457612980 29476.457612980 29476.457615170 29476.457617084 29477.457612022 29477.457612023 29477.457612980 29477.457612980 29477.457615170 29477.457617084 29478.457612023 29478.457612023 29478.457612980 29478.457612981 29478.457615170 29478.457617084 29479.457612023 29479.457612023 29479.457612980 29479.457612980 29479.457615169 29479.457617084 29480.457612022 29480.457612023 29480.457612980 29480.457612981 29480.457615170 29480.457617084 29481.457612023 29481.457612023 29481.457612980 29481.457612980 29481.457615170 29481.457617084 29481.950464092 29481.950464092 29481.950464092 29481.950464092 29481.950465049 29481.950465049 29481.950465049 29481.950465049

# Excited states :
 |  511> = (-0.0013513,-0.9999991)|  31, 3, 3;0,  0;0,  0> +
           (-0.0000000,-0.0000117)|  31, 3, 3;0,  0;1,  0> +
           ( 0.0000000, 0.0000117)|  31, 3, 3;1,  0;0,  0> +
            ...
 |  512> = ( 0.7066469,-0.0000071)|   0, 0, 0;1, -1;0,  0> +
           (-0.7063663, 0.0000076)|   0, 0, 0;0,  0;1, -1> +
           ( 0.0133343,-0.0259010)|   0, 0, 0;0,  0;1,  1> +
           (-0.0133401, 0.0258874)|   0, 0, 0;1,  1;0,  0> +
            ...
 |  513> = ( 0.3273644,-0.6261163)|   0, 0, 0;0,  0;1,  1> +
           (-0.3273369, 0.6260709)|   0, 0, 0;1,  1;0,  0> +
           (-0.0291292,-0.0001725)|   0, 0, 0;1, -1;0,  0> +
           ( 0.0291241, 0.0001839)|   0, 0, 0;0,  0;1, -1> +
            ...
 |  514> = ( 0.7010504, 0.0000236)|   0, 0, 0;0,  0;1, -1> +
           ( 0.7007715, 0.0000220)|   0, 0, 0;1, -1;0,  0> +
           ( 0.0482461,-0.0799833)|   0, 0, 0;1,  1;0,  0> +
           ( 0.0482500,-0.0799662)|   0, 0, 0;0,  0;1,  1> +
            ...
 |  515> = ( 0.3609583,-0.6008509)|   0, 0, 0;1,  1;0,  0> +
           ( 0.3609326,-0.6008055)|   0, 0, 0;0,  0;1,  1> +
           (-0.0934167, 0.0001773)|   0, 0, 0;0,  0;1, -1> +
           (-0.0933860, 0.0001654)|   0, 0, 0;1, -1;0,  0> +
            ...
 |  516> = (-0.7071067,-0.0003384)|   0, 0, 0;1,  0;0,  0> +
           (-0.7071067,-0.0003384)|   0, 0, 0;0,  0;1,  0> +
            ...
 |  517> = ( 0.7071068, 0.0000000)|   0, 0, 0;0,  0;1,  0> +
           (-0.7071068, 0.0000000)|   0, 0, 0;1,  0;0,  0> +
           (-0.0000165, 0.0000000)|   0, 0, 0;1,  0;1,  0> +
           (-0.0000165, 0.0000000)|   0, 0, 0;0,  0;0,  0> +
            ...
 |  518> = ( 0.7070409, 0.0002714)|   1, 0, 0;0,  0;1,  1> +
           (-0.7069087,-0.0002714)|   1, 0, 0;1,  1;0,  0> +
           (-0.0136600, 0.0008002)|   1, 0, 0;0,  0;1, -1> +
           ( 0.0136119,-0.0007999)|   1, 0, 0;1, -1;0,  0> +
            ...
 |  519> = (-0.7070515,-0.0025165)|   1, 0, 0;1, -1;0,  0> +
           ( 0.7068892, 0.0025173)|   1, 0, 0;0,  0;1, -1> +
           (-0.0136484,-0.0008539)|   1, 0, 0;1,  1;0,  0> +
           ( 0.0136169, 0.0008538)|   1, 0, 0;0,  0;1,  1> +
            ...
 |  520> = (-0.7065785, 0.0053145)|   1, 0, 0;0,  0;1, -1> +
           (-0.7064187, 0.0053147)|   1, 0, 0;1, -1;0,  0> +
           ( 0.0288577,-0.0005643)|   1, 0, 0;1,  1;0,  0> +
           ( 0.0288011,-0.0005644)|   1, 0, 0;0,  0;1,  1> +
            ...
 |  521> = (-0.7065833, 0.0000368)|   1, 0, 0;1,  1;0,  0> +
           (-0.7064539, 0.0000367)|   1, 0, 0;0,  0;1,  1> +
           (-0.0288532,-0.0003460)|   1, 0, 0;0,  0;1, -1> +
           (-0.0288126,-0.0003460)|   1, 0, 0;1, -1;0,  0> +
            ...
 |  522> = (-0.7071075,-0.0000000)|   1, 0, 0;1,  0;0,  0> +
           (-0.7071061,-0.0000000)|   1, 0, 0;0,  0;1,  0> +
            ...
 |  523> = (-0.7071075, 0.0000000)|   1, 0, 0;0,  0;1,  0> +
           ( 0.7071061, 0.0000000)|   1, 0, 0;1,  0;0,  0> +
           ( 0.0000165,-0.0000000)|   1, 0, 0;1,  0;1,  0> +
           ( 0.0000165,-0.0000000)|   1, 0, 0;0,  0;0,  0> +
            ...
 |  524> = ( 0.7062019, 0.0390379)|   2, 0, 0;1,  1;0,  0> +
           (-0.7058629,-0.0388880)|   2, 0, 0;0,  0;1,  1> +
           ( 0.0002656, 0.0000147)|   2, 0, 0;1, -1;0,  0> +
           (-0.0002655,-0.0000146)|   2, 0, 0;0,  0;1, -1> +
            ...
 |  525> = (-0.7071303,-0.0000000)|   2, 0, 0;1, -1;0,  0> +
           ( 0.7070832,-0.0000000)|   2, 0, 0;0,  0;1, -1> +
           (-0.0002669,-0.0000004)|   2, 0, 0;0,  0;1,  1> +
           ( 0.0002650,-0.0000004)|   2, 0, 0;1,  1;0,  0> +
            ...
 |  526> = ( 0.7071303, 0.0000000)|   2, 0, 0;0,  0;1, -1> +
           ( 0.7070832, 0.0000001)|   2, 0, 0;1, -1;0,  0> +
           (-0.0002655,-0.0000000)|   2, 0, 0;0,  0;1,  1> +
           (-0.0002655,-0.0000000)|   2, 0, 0;1,  1;0,  0> +
            ...
 |  527> = (-0.6444477,-0.2914313)|   2, 0, 0;0,  0;1,  1> +
           (-0.6440779,-0.2914078)|   2, 0, 0;1,  1;0,  0> +
           (-0.0002431,-0.0001094)|   2, 0, 0;0,  0;1, -1> +
           (-0.0002408,-0.0001094)|   2, 0, 0;1, -1;0,  0> +
            ...
 |  528> = ( 0.7071077, 0.0000000)|   2, 0, 0;1,  0;0,  0> +
           ( 0.7071058, 0.0000000)|   2, 0, 0;0,  0;1,  0> +
            ...
 |  529> = ( 0.7071077, 0.0000000)|   2, 0, 0;0,  0;1,  0> +
           (-0.7071058, 0.0000000)|   2, 0, 0;1,  0;0,  0> +
           (-0.0000165, 0.0000000)|   2, 0, 0;1,  0;1,  0> +
           (-0.0000165, 0.0000000)|   2, 0, 0;0,  0;0,  0> +
            ...
 |  530> = (-0.7071042,-0.0000007)|   3, 0, 0;0,  0;1, -1> +
           ( 0.7070288, 0.0000004)|   3, 0, 0;1, -1;0,  0> +
           (-0.0075503,-0.0000017)|   3, 0, 0;0,  0;1,  1> +
           ( 0.0075487, 0.0000017)|   3, 0, 0;1,  1;0,  0> +
            ...
 |  531> = (-0.7025897, 0.0812708)|   3, 0, 0;0,  0;1,  1> +
           ( 0.7021710,-0.0812683)|   3, 0, 0;1,  1;0,  0> +
           ( 0.0075015,-0.0008694)|   3, 0, 0;0,  0;1, -1> +
           (-0.0074971, 0.0008694)|   3, 0, 0;1, -1;0,  0> +
            ...
 |  532> = ( 0.7071031,-0.0000036)|   3, 0, 0;1, -1;0,  0> +
           ( 0.7070278,-0.0000033)|   3, 0, 0;0,  0;1, -1> +
           ( 0.0076447,-0.0000001)|   3, 0, 0;1,  1;0,  0> +
           ( 0.0076437,-0.0000001)|   3, 0, 0;0,  0;1,  1> +
            ...
 |  533> = (-0.7072734, 0.0004933)|   3, 0, 0;1,  1;0,  0> +
           (-0.7068572, 0.0004474)|   3, 0, 0;0,  0;1,  1> +
           ( 0.0076461,-0.0000053)|   3, 0, 0;1, -1;0,  0> +
           ( 0.0076424,-0.0000048)|   3, 0, 0;0,  0;1, -1> +
            ...
 |  534> = (-0.7071067,-0.0008973)|   3, 0, 0;1,  0;0,  0> +
           (-0.7071058,-0.0008973)|   3, 0, 0;0,  0;1,  0> +
            ...
 |  535> = (-0.7071072,-0.0000000)|   3, 0, 0;0,  0;1,  0> +
           ( 0.7071063,-0.0000000)|   3, 0, 0;1,  0;0,  0> +
           ( 0.0000165, 0.0000000)|   3, 0, 0;1,  0;1,  0> +
           ( 0.0000165, 0.0000000)|   3, 0, 0;0,  0;0,  0> +
            ...
 |  536> = ( 0.7072410,-0.0000003)|   4, 0, 0;0,  0;1, -1> +
           (-0.7069726, 0.0000005)|   4, 0, 0;1, -1;0,  0> +
           ( 0.0000939, 0.0000000)|   4, 0, 0;1,  1;0,  0> +
           (-0.0000938,-0.0000000)|   4, 0, 0;0,  0;1,  1> +
            ...
 |  537> = ( 0.7071434,-0.0064273)|   4, 0, 0;0,  0;1,  1> +
           (-0.7070118, 0.0064245)|   4, 0, 0;1,  1;0,  0> +
           ( 0.0000938,-0.0000009)|   4, 0, 0;0,  0;1, -1> +
           (-0.0000938, 0.0000009)|   4, 0, 0;1, -1;0,  0> +
            ...
 |  538> = ( 0.7072410,-0.0000008)|   4, 0, 0;1, -1;0,  0> +
           ( 0.7069726,-0.0000006)|   4, 0, 0;0,  0;1, -1> +
           (-0.0000903,-0.0000001)|   4, 0, 0;1,  1;0,  0> +
           (-0.0000903,-0.0000001)|   4, 0, 0;0,  0;1,  1> +
            ...
 |  539> = ( 0.7070306,-0.0141717)|   4, 0, 0;1,  1;0,  0> +
           ( 0.7068989,-0.0141707)|   4, 0, 0;0,  0;1,  1> +
           ( 0.0000903,-0.0000019)|   4, 0, 0;1, -1;0,  0> +
           ( 0.0000902,-0.0000019)|   4, 0, 0;0,  0;1, -1> +
            ...
 |  540> = ( 0.7059965, 0.0396464)|   4, 0, 0;0,  0;1,  0> +
           ( 0.7059924, 0.0396464)|   4, 0, 0;1,  0;0,  0> +
            ...
 |  541> = (-0.7071088,-0.0000001)|   4, 0, 0;1,  0;0,  0> +
           ( 0.7071048,-0.0000001)|   4, 0, 0;0,  0;1,  0> +
           (-0.0000165,-0.0000000)|   4, 0, 0;1,  0;1,  0> +
           (-0.0000165,-0.0000000)|   4, 0, 0;0,  0;0,  0> +
            ...
 |  542> = ( 0.7069242, 0.0175494)|   5, 0, 0;0,  0;1,  1> +
           (-0.7067401,-0.0175344)|   5, 0, 0;1,  1;0,  0> +
           (-0.0089757,-0.0002231)|   5, 0, 0;0,  0;1, -1> +
           ( 0.0089740, 0.0002229)|   5, 0, 0;1, -1;0,  0> +
            ...
 |  543> = ( 0.7072146,-0.0000001)|   5, 0, 0;0,  0;1, -1> +
           (-0.7068850, 0.0000004)|   5, 0, 0;1, -1;0,  0> +
           ( 0.0089784,-0.0000004)|   5, 0, 0;0,  0;1,  1> +
           (-0.0089769, 0.0000001)|   5, 0, 0;1,  1;0,  0> +
            ...
 |  544> = (-0.7072150, 0.0000116)|   5, 0, 0;1, -1;0,  0> +
           (-0.7068854, 0.0000113)|   5, 0, 0;0,  0;1, -1> +
           (-0.0089444,-0.0000021)|   5, 0, 0;1,  1;0,  0> +
           (-0.0089395,-0.0000021)|   5, 0, 0;0,  0;1,  1> +
            ...
 |  545> = ( 0.7032502, 0.0740916)|   5, 0, 0;1,  1;0,  0> +
           ( 0.7030658, 0.0740826)|   5, 0, 0;0,  0;1,  1> +
           (-0.0088955,-0.0009348)|   5, 0, 0;1, -1;0,  0> +
           (-0.0088904,-0.0009347)|   5, 0, 0;0,  0;1, -1> +
            ...
 |  546> = (-0.7071042, 0.0022497)|   5, 0, 0;0,  0;1,  0> +
           (-0.7071022, 0.0022497)|   5, 0, 0;1,  0;0,  0> +
            ...
 |  547> = (-0.7071078, 0.0000000)|   5, 0, 0;1,  0;0,  0> +
           ( 0.7071058, 0.0000000)|   5, 0, 0;0,  0;1,  0> +
           (-0.0000165,-0.0000000)|   5, 0, 0;1,  0;1,  0> +
           (-0.0000165,-0.0000000)|   5, 0, 0;0,  0;0,  0> +
            ...
 |  548> = ( 0.5958882, 0.3806999)|   6, 0, 0;1,  1;0,  0> +
           (-0.5959403,-0.3805778)|   6, 0, 0;0,  0;1,  1> +
           (-0.0004444,-0.0002191)|   6, 0, 0;1, -1;0,  0> +
           ( 0.0004443, 0.0002190)|   6, 0, 0;0,  0;1, -1> +
            ...
 |  549> = (-0.7073159,-0.0000476)|   6, 0, 0;1, -1;0,  0> +
           ( 0.7068972, 0.0000501)|   6, 0, 0;0,  0;1, -1> +
           (-0.0004924,-0.0000545)|   6, 0, 0;1,  1;0,  0> +
           ( 0.0004923, 0.0000547)|   6, 0, 0;0,  0;1,  1> +
            ...
 |  550> = (-0.2737854, 0.6519639)|   6, 0, 0;0,  0;1,  1> +
           (-0.2738977, 0.6518931)|   6, 0, 0;1,  1;0,  0> +
           (-0.0002303,-0.0000577)|   6, 0, 0;0,  0;1, -1> +
           (-0.0002298,-0.0000576)|   6, 0, 0;1, -1;0,  0> +
            ...
 |  551> = ( 0.7073160,-0.0001156)|   6, 0, 0;0,  0;1, -1> +
           ( 0.7068974,-0.0001181)|   6, 0, 0;1, -1;0,  0> +
           (-0.0000361, 0.0002344)|   6, 0, 0;1,  1;0,  0> +
           (-0.0000358, 0.0002345)|   6, 0, 0;0,  0;1,  1> +
            ...
 |  552> = ( 0.7071285,-0.0001829)|   6, 0, 0;1,  0;0,  0> +
           ( 0.7070850,-0.0001829)|   6, 0, 0;0,  0;1,  0> +
            ...
 |  553> = ( 0.7071285, 0.0000997)|   6, 0, 0;0,  0;1,  0> +
           (-0.7070851,-0.0000997)|   6, 0, 0;1,  0;0,  0> +
           (-0.0000165,-0.0000000)|   6, 0, 0;1,  0;1,  0> +
           (-0.0000165,-0.0000000)|   6, 0, 0;0,  0;0,  0> +
            ...
 |  554> = ( 0.1314081,-0.4391282)|   0, 0, 1;0,  0;1, -1> +
           (-0.1314145, 0.4391147)|   0, 0, 1;1, -1;0,  0> +
           (-0.3511225,-0.1106585)|   0, 1, 0;1,  1;0,  0> +
           ( 0.3510295, 0.1106607)|   0, 1, 0;0,  0;1,  1> +
           ( 0.2992552, 0.1104715)|   0, 1, 0;1, -1;0,  0> +
           (-0.2992291,-0.1104719)|   0, 1, 0;0,  0;1, -1> +
           (-0.0897229, 0.2112082)|   0, 0, 1;1,  1;0,  0> +
           ( 0.0897172,-0.2111850)|   0, 0, 1;0,  0;1,  1> +
            ...
 |  555> = ( 0.3537053,-0.0000000)|   0, 1, 0;0,  0;1,  1> +
           (-0.3537053, 0.0000000)|   0, 1, 0;1,  1;0,  0> +
           (-0.0000000, 0.3536167)|   0, 0, 1;0,  0;1, -1> +
           ( 0.0000000,-0.3536161)|   0, 0, 1;1, -1;0,  0> +
           ( 0.0000000,-0.3534784)|   0, 0, 1;1,  1;0,  0> +
           (-0.0000000, 0.3534769)|   0, 0, 1;0,  0;1,  1> +
           ( 0.3534146,-0.0000001)|   0, 1, 0;1, -1;0,  0> +
           (-0.3534136, 0.0000001)|   0, 1, 0;0,  0;1, -1> +
            ...
 |  556> = (-0.0123646, 0.5676426)|   0, 0, 1;1,  1;0,  0> +
           ( 0.0123689,-0.5675518)|   0, 0, 1;0,  0;1,  1> +
           ( 0.0118931, 0.4050052)|   0, 0, 1;0,  0;1, -1> +
           (-0.0118897,-0.4050044)|   0, 0, 1;1, -1;0,  0> +
           ( 0.0848689, 0.0133545)|   0, 1, 0;1, -1;0,  0> +
           (-0.0847765,-0.0133592)|   0, 1, 0;0,  0;1, -1> +
           ( 0.0776046, 0.0109048)|   0, 1, 0;0,  0;1,  1> +
           (-0.0775473,-0.0108977)|   0, 1, 0;1,  1;0,  0> +
            ...
 |  557> = ( 0.5157779, 0.0063997)|   0, 1, 0;1, -1;0,  0> +
           (-0.5155985,-0.0064022)|   0, 1, 0;0,  0;1, -1> +
           ( 0.4829579,-0.0052145)|   0, 1, 0;1,  1;0,  0> +
           (-0.4829170, 0.0052188)|   0, 1, 0;0,  0;1,  1> +
           (-0.0056862, 0.0256495)|   0, 0, 1;1, -1;0,  0> +
           ( 0.0056868,-0.0255851)|   0, 0, 1;0,  0;1, -1> +
           ( 0.0059320,-0.0067645)|   0, 0, 1;0,  0;1,  1> +
           (-0.0059303, 0.0066749)|   0, 0, 1;1,  1;0,  0> +
            ...
 |  558> = ( 0.5196972,-0.0078032)|   0, 1, 0;0,  0;1, -1> +
           ( 0.5196058,-0.0078074)|   0, 1, 0;1, -1;0,  0> +
           ( 0.0008404, 0.4422917)|   0, 0, 1;0,  0;1,  1> +
           ( 0.0008475, 0.4421758)|   0, 0, 1;1,  1;0,  0> +
           ( 0.1514916, 0.0278877)|   0, 1, 0;0,  0;1,  1> +
           ( 0.1514497, 0.0278868)|   0, 1, 0;1,  1;0,  0> +
           (-0.0101411, 0.1025327)|   0, 0, 1;1, -1;0,  0> +
           (-0.0101374, 0.1024665)|   0, 0, 1;0,  0;1, -1> +
           (-0.0000160, 0.0000033)|   0, 1, 0;0,  0;1,  0> +
            ...
 |  559> = (-0.6008380,-0.0006727)|   0, 1, 0;0,  0;1,  1> +
           (-0.6007897,-0.0006567)|   0, 1, 0;1,  1;0,  0> +
           ( 0.0564163,-0.2933225)|   0, 0, 1;1, -1;0,  0> +
           ( 0.0563975,-0.2932561)|   0, 0, 1;0,  0;1, -1> +
           ( 0.2208662,-0.0063929)|   0, 1, 0;0,  0;1, -1> +
           ( 0.2208352,-0.0064098)|   0, 1, 0;1, -1;0,  0> +
           ( 0.0277227, 0.0154140)|   0, 0, 1;1,  1;0,  0> +
           ( 0.0277085, 0.0154268)|   0, 0, 1;0,  0;1,  1> +
           ( 0.0000109, 0.0000004)|   0, 1, 0;0,  0;1,  0> +
            ...
 |  560> = (-0.1226068, 0.5767290)|   0, 0, 1;0,  0;1, -1> +
           (-0.1226062, 0.5766915)|   0, 0, 1;1, -1;0,  0> +
           (-0.3384650,-0.0160415)|   0, 1, 0;0,  0;1,  1> +
           (-0.3384380,-0.0160393)|   0, 1, 0;1,  1;0,  0> +
           (-0.1317127,-0.0415429)|   0, 1, 0;0,  0;1, -1> +
           (-0.1317121,-0.0415448)|   0, 1, 0;1, -1;0,  0> +
           (-0.0198391, 0.1345365)|   0, 0, 1;1,  1;0,  0> +
           (-0.0198426, 0.1345253)|   0, 0, 1;0,  0;1,  1> +
            ...
 |  561> = (-0.0003136,-0.5337954)|   0, 0, 1;0,  0;1,  1> +
           (-0.0003125,-0.5337819)|   0, 0, 1;1,  1;0,  0> +
           ( 0.4025736,-0.0001729)|   0, 1, 0;0,  0;1, -1> +
           ( 0.4024390,-0.0001740)|   0, 1, 0;1, -1;0,  0> +
           (-0.0010346, 0.2292690)|   0, 0, 1;0,  0;1, -1> +
           (-0.0010340, 0.2292616)|   0, 0, 1;1, -1;0,  0> +
           ( 0.0222969, 0.0006528)|   0, 1, 0;0,  0;1,  1> +
           ( 0.0221600, 0.0006535)|   0, 1, 0;1,  1;0,  0> +
            ...
