p1146
p1146
p1146
p1146
p1146
p1146
p1146
p1146
p1146
p1146
p1146
p1146
p1146
p1146
p1146
p1146
p1146
p1146
p1146
p1146
p1146
p1146
p1146
p1146
# Parameters of the model
#  mass:		  261.0000 u
#  charge:	    1.0000 e
#  dipole:	   4.74500 D
#  B:		    503.65 MHz
#  omega_rho:	    1.4000 MHz
#  omega_z:	  0.188000 MHz

# omega_1:	  0.325626 MHz
# omega_3/5:	   1.38732 MHz

# Basis truncation:	|32,4,4;2,2>
# Basis size:		41472

# Active terms of the Hamiltionian:
# 	Nomal modes:	1
# 	T_rot:      	1
# 	V_qd^{(0)}: 	1
# 	V_qd^{(1)}: 	1
# 	V_dd^{(0)}: 	1

# Results of the diagonalisation
# 100 smallest eigenvalues
 4.760459479 5.760459479 6.760459479 7.760459479 8.760459479 9.020935079 9.020935079 9.760459479 10.020935079 10.020935079 10.760459479 11.020935079 11.020935079 11.760459479 12.020935078 12.020935079 12.760459479 13.020935079 13.020935079 13.281410678 13.281410678 13.281410678 13.760459479 14.020935078 14.020935079 14.281410678 14.281410678 14.281410678 14.760459479 15.020935078 15.020935079 15.281410678 15.281410678 15.281410678 15.760459479 16.020935078 16.020935078 16.281410678 16.281410678 16.281410678 16.760459479 17.020935078 17.020935079 17.281410677 17.281410678 17.281410678 17.541886277 17.541886277 17.541886277 17.541886277 17.760459479 18.020935078 18.020935079 18.281410678 18.281410678 18.281410678 18.541886277 18.541886277 18.541886277 18.541886277 18.760459479 19.020935078 19.020935078 19.281410677 19.281410678 19.281410678 19.541886277 19.541886277 19.541886277 19.541886277 19.760459479 20.020935078 20.020935078 20.281410677 20.281410677 20.281410677 20.541886277 20.541886277 20.541886277 20.541886277 20.760459479 21.020935078 21.020935078 21.281410678 21.281410678 21.281410678 21.541886277 21.541886277 21.541886277 21.541886277 21.760459478 21.802361876 21.802361876 21.802361876 22.020935078 22.020935078 22.281410677 22.281410677 22.281410677 22.541886276

# Ground state and the lowest excitations:
 |    0> = ( 1.0000000, 0.0000000)|   0, 0, 0;0,  0;0,  0> +
           ( 0.0000204, 0.0000000)|   0, 0, 0;0,  0;1,  0> +
           (-0.0000204, 0.0000000)|   0, 0, 0;1,  0;0,  0> +
            ...
 |    1> = ( 1.0000000, 0.0000000)|   1, 0, 0;0,  0;0,  0> +
           (-0.0000204, 0.0000000)|   1, 0, 0;1,  0;0,  0> +
           ( 0.0000204, 0.0000000)|   1, 0, 0;0,  0;1,  0> +
            ...
 |    2> = ( 1.0000000, 0.0000000)|   2, 0, 0;0,  0;0,  0> +
           (-0.0000204, 0.0000000)|   2, 0, 0;1,  0;0,  0> +
           ( 0.0000204, 0.0000000)|   2, 0, 0;0,  0;1,  0> +
            ...
 |    3> = ( 1.0000000, 0.0000000)|   3, 0, 0;0,  0;0,  0> +
           ( 0.0000204, 0.0000000)|   3, 0, 0;0,  0;1,  0> +
           (-0.0000204, 0.0000000)|   3, 0, 0;1,  0;0,  0> +
            ...
 |    4> = (-1.0000000,-0.0000000)|   4, 0, 0;0,  0;0,  0> +
           ( 0.0000204,-0.0000000)|   4, 0, 0;1,  0;0,  0> +
           (-0.0000204,-0.0000000)|   4, 0, 0;0,  0;1,  0> +
            ...
 |    5> = ( 0.7175921,-0.0000000)|   0, 1, 0;0,  0;0,  0> +
           (-0.0000000, 0.6964636)|   0, 0, 1;0,  0;0,  0> +
           (-0.0000146, 0.0000000)|   0, 1, 0;1,  0;0,  0> +
           ( 0.0000146,-0.0000000)|   0, 1, 0;0,  0;1,  0> +
           ( 0.0000000,-0.0000142)|   0, 0, 1;1,  0;0,  0> +
           (-0.0000000, 0.0000142)|   0, 0, 1;0,  0;1,  0> +
            ...
 |    6> = (-0.0000023,-0.7175921)|   0, 0, 1;0,  0;0,  0> +
           ( 0.6964636,-0.0000023)|   0, 1, 0;0,  0;0,  0> +
           (-0.0000000,-0.0000146)|   0, 0, 1;0,  0;1,  0> +
           ( 0.0000000, 0.0000146)|   0, 0, 1;1,  0;0,  0> +
           (-0.0000142, 0.0000000)|   0, 1, 0;1,  0;0,  0> +
           ( 0.0000142,-0.0000000)|   0, 1, 0;0,  0;1,  0> +
            ...
 |    7> = (-1.0000000,-0.0000000)|   5, 0, 0;0,  0;0,  0> +
           (-0.0000204, 0.0000000)|   5, 0, 0;0,  0;1,  0> +
           ( 0.0000204,-0.0000000)|   5, 0, 0;1,  0;0,  0> +
            ...
 |    8> = (-0.7253944, 0.0015539)|   1, 1, 0;0,  0;0,  0> +
           ( 0.0015540,-0.6883300)|   1, 0, 1;0,  0;0,  0> +
           (-0.0000148, 0.0000000)|   1, 1, 0;0,  0;1,  0> +
           ( 0.0000148,-0.0000000)|   1, 1, 0;1,  0;0,  0> +
           ( 0.0000000,-0.0000140)|   1, 0, 1;0,  0;1,  0> +
           (-0.0000000, 0.0000140)|   1, 0, 1;1,  0;0,  0> +
            ...
 |    9> = ( 0.0590716, 0.7229868)|   1, 0, 1;0,  0;0,  0> +
           (-0.6857924, 0.0590712)|   1, 1, 0;0,  0;0,  0> +
           (-0.0000012,-0.0000147)|   1, 0, 1;1,  0;0,  0> +
           ( 0.0000012, 0.0000147)|   1, 0, 1;0,  0;1,  0> +
           ( 0.0000140,-0.0000012)|   1, 1, 0;1,  0;0,  0> +
           (-0.0000140, 0.0000012)|   1, 1, 0;0,  0;1,  0> +
            ...
 |   10> = (-1.0000000, 0.0000000)|   6, 0, 0;0,  0;0,  0> +
           (-0.0000204, 0.0000000)|   6, 0, 0;0,  0;1,  0> +
           ( 0.0000204,-0.0000000)|   6, 0, 0;1,  0;0,  0> +
            ...
 |   11> = ( 0.7627607,-0.0031000)|   2, 1, 0;0,  0;0,  0> +
           (-0.0031000,-0.6466660)|   2, 0, 1;0,  0;0,  0> +
           (-0.0000155, 0.0000001)|   2, 1, 0;1,  0;0,  0> +
           ( 0.0000155,-0.0000001)|   2, 1, 0;0,  0;1,  0> +
           ( 0.0000001, 0.0000132)|   2, 0, 1;1,  0;0,  0> +
           (-0.0000001,-0.0000132)|   2, 0, 1;0,  0;1,  0> +
            ...
 |   12> = ( 0.0002554, 0.7627669)|   2, 0, 1;0,  0;0,  0> +
           ( 0.6466734, 0.0002554)|   2, 1, 0;0,  0;0,  0> +
           ( 0.0000000, 0.0000155)|   2, 0, 1;0,  0;1,  0> +
           (-0.0000000,-0.0000155)|   2, 0, 1;1,  0;0,  0> +
           ( 0.0000132, 0.0000000)|   2, 1, 0;0,  0;1,  0> +
           (-0.0000132,-0.0000000)|   2, 1, 0;1,  0;0,  0> +
            ...
 |   13> = (-1.0000000, 0.0000000)|   7, 0, 0;0,  0;0,  0> +
           ( 0.0000204,-0.0000000)|   7, 0, 0;1,  0;0,  0> +
           (-0.0000204, 0.0000000)|   7, 0, 0;0,  0;1,  0> +
            ...
 |   14> = ( 0.0000811,-0.7183804)|   3, 0, 1;0,  0;0,  0> +
           (-0.6956504, 0.0000811)|   3, 1, 0;0,  0;0,  0> +
           ( 0.0000000,-0.0000146)|   3, 0, 1;0,  0;1,  0> +
           (-0.0000000, 0.0000146)|   3, 0, 1;1,  0;0,  0> +
           (-0.0000142, 0.0000000)|   3, 1, 0;0,  0;1,  0> +
           ( 0.0000142,-0.0000000)|   3, 1, 0;1,  0;0,  0> +
            ...
 |   15> = ( 0.7183627, 0.0050440)|   3, 1, 0;0,  0;0,  0> +
           ( 0.0050441,-0.6956322)|   3, 0, 1;0,  0;0,  0> +
           ( 0.0000146, 0.0000001)|   3, 1, 0;0,  0;1,  0> +
           (-0.0000146,-0.0000001)|   3, 1, 0;1,  0;0,  0> +
           (-0.0000001, 0.0000142)|   3, 0, 1;1,  0;0,  0> +
           ( 0.0000001,-0.0000142)|   3, 0, 1;0,  0;1,  0> +
            ...
 |   16> = ( 1.0000000,-0.0000000)|   8, 0, 0;0,  0;0,  0> +
           (-0.0000204, 0.0000000)|   8, 0, 0;1,  0;0,  0> +
           ( 0.0000204,-0.0000000)|   8, 0, 0;0,  0;1,  0> +
            ...
 |   17> = ( 0.7077798, 0.0001575)|   4, 1, 0;0,  0;0,  0> +
           ( 0.0001575, 0.7064331)|   4, 0, 1;0,  0;0,  0> +
           ( 0.0000144, 0.0000000)|   4, 1, 0;0,  0;1,  0> +
           (-0.0000144,-0.0000000)|   4, 1, 0;1,  0;0,  0> +
           (-0.0000000,-0.0000144)|   4, 0, 1;1,  0;0,  0> +
           ( 0.0000000, 0.0000144)|   4, 0, 1;0,  0;1,  0> +
            ...
 |   18> = ( 0.1613481,-0.6891437)|   4, 0, 1;0,  0;0,  0> +
           ( 0.6877606, 0.1613475)|   4, 1, 0;0,  0;0,  0> +
           (-0.0000033, 0.0000140)|   4, 0, 1;1,  0;0,  0> +
           ( 0.0000033,-0.0000140)|   4, 0, 1;0,  0;1,  0> +
           (-0.0000140,-0.0000033)|   4, 1, 0;1,  0;0,  0> +
           ( 0.0000140, 0.0000033)|   4, 1, 0;0,  0;1,  0> +
            ...
 |   19> = (-0.7071072,-0.0000000)|   0, 0, 2;0,  0;0,  0> +
           (-0.7071064, 0.0000000)|   0, 2, 0;0,  0;0,  0> +
           (-0.0000144,-0.0000000)|   0, 0, 2;0,  0;1,  0> +
           ( 0.0000144, 0.0000000)|   0, 0, 2;1,  0;0,  0> +
           (-0.0000144, 0.0000000)|   0, 2, 0;0,  0;1,  0> +
           ( 0.0000144,-0.0000000)|   0, 2, 0;1,  0;0,  0> +
            ...
 |   20> = ( 0.7071072, 0.0000000)|   0, 2, 0;0,  0;0,  0> +
           (-0.7071064,-0.0000000)|   0, 0, 2;0,  0;0,  0> +
           ( 0.0000144, 0.0000000)|   0, 2, 0;0,  0;1,  0> +
           (-0.0000144,-0.0000000)|   0, 2, 0;1,  0;0,  0> +
           ( 0.0000144, 0.0000000)|   0, 0, 2;1,  0;0,  0> +
           (-0.0000144,-0.0000000)|   0, 0, 2;0,  0;1,  0> +
            ...
 |   21> = (-0.0002051,-1.0000000)|   0, 1, 1;0,  0;0,  0> +
           ( 0.0000000, 0.0000204)|   0, 1, 1;1,  0;0,  0> +
           (-0.0000000,-0.0000204)|   0, 1, 1;0,  0;1,  0> +
            ...
 |   22> = (-1.0000000, 0.0000000)|   9, 0, 0;0,  0;0,  0> +
           ( 0.0000204,-0.0000000)|   9, 0, 0;1,  0;0,  0> +
           (-0.0000204, 0.0000000)|   9, 0, 0;0,  0;1,  0> +
            ...
 |   23> = (-0.0009206, 0.7264783)|   5, 0, 1;0,  0;0,  0> +
           ( 0.6871882,-0.0009206)|   5, 1, 0;0,  0;0,  0> +
           ( 0.0000000,-0.0000148)|   5, 0, 1;1,  0;0,  0> +
           (-0.0000000, 0.0000148)|   5, 0, 1;0,  0;1,  0> +
           ( 0.0000140,-0.0000000)|   5, 1, 0;0,  0;1,  0> +
           (-0.0000140, 0.0000000)|   5, 1, 0;1,  0;0,  0> +
            ...
 |   24> = ( 0.7257252, 0.0330838)|   5, 1, 0;0,  0;0,  0> +
           ( 0.0330839,-0.6863919)|   5, 0, 1;0,  0;0,  0> +
           ( 0.0000148, 0.0000007)|   5, 1, 0;0,  0;1,  0> +
           (-0.0000148,-0.0000007)|   5, 1, 0;1,  0;0,  0> +
           (-0.0000007, 0.0000140)|   5, 0, 1;1,  0;0,  0> +
           ( 0.0000007,-0.0000140)|   5, 0, 1;0,  0;1,  0> +
            ...
 # The upper part of the spectrum
 # Eigenvalues first: 512	 last: 562
 19441.407437497 19441.407437497 19441.407438948 19441.407438948 19441.407444025 19441.407446927 19442.407437496 19442.407437496 19442.407438948 19442.407438948 19442.407444025 19442.407446927 19443.407437496 19443.407437496 19443.407438947 19443.407438948 19443.407444025 19443.407446927 19444.407437496 19444.407437497 19444.407438947 19444.407438948 19444.407444025 19444.407446927 19445.407437497 19445.407437497 19445.407438948 19445.407438948 19445.407444025 19445.407446927 19445.667913096 19445.667913096 19445.667913096 19445.667913096 19445.667914546 19445.667914547 19445.667914547 19445.667914547 19445.667919624 19445.667919624 19445.667922526 19445.667922526 19446.407437496 19446.407437497 19446.407438948 19446.407438948 19446.407444025 19446.407446927 19446.667913095 19446.667913096

# Excited states :
 |  511> = (-0.0016906,-0.9999986)|  31, 3, 3;0,  0;0,  0> +
           ( 0.0000000, 0.0000204)|  31, 3, 3;1,  0;0,  0> +
           (-0.0000000,-0.0000204)|  31, 3, 3;0,  0;1,  0> +
            ...
 |  512> = ( 0.7039608, 0.0000019)|   0, 0, 0;0,  0;1, -1> +
           (-0.7038916,-0.0000017)|   0, 0, 0;1, -1;0,  0> +
           (-0.0656793,-0.0132038)|   0, 0, 0;1,  1;0,  0> +
           ( 0.0656745, 0.0132139)|   0, 0, 0;0,  0;1,  1> +
           (-0.0000143,-0.0000000)|   0, 0, 0;1,  0;1, -1> +
           (-0.0000143,-0.0000000)|   0, 0, 0;1, -1;1,  0> +
            ...
 |  513> = (-0.6902005,-0.1385640)|   0, 0, 0;1,  1;0,  0> +
           ( 0.6900938, 0.1386288)|   0, 0, 0;0,  0;1,  1> +
           (-0.0669920, 0.0000204)|   0, 0, 0;0,  0;1, -1> +
           ( 0.0669919,-0.0000175)|   0, 0, 0;1, -1;0,  0> +
           (-0.0000141,-0.0000028)|   0, 0, 0;1,  1;1,  0> +
           (-0.0000141,-0.0000028)|   0, 0, 0;1,  0;1,  1> +
            ...
 |  514> = (-0.7062917, 0.0000028)|   0, 0, 0;1, -1;0,  0> +
           (-0.7062227, 0.0000025)|   0, 0, 0;0,  0;1, -1> +
           (-0.0302092, 0.0169791)|   0, 0, 0;1,  1;0,  0> +
           (-0.0302082, 0.0169761)|   0, 0, 0;0,  0;1,  1> +
           (-0.0000144, 0.0000000)|   0, 0, 0;1, -1;1,  0> +
           ( 0.0000144,-0.0000000)|   0, 0, 0;1,  0;1, -1> +
            ...
 |  515> = (-0.6162788, 0.3450572)|   0, 0, 0;0,  0;1,  1> +
           (-0.6161570, 0.3450867)|   0, 0, 0;1,  1;0,  0> +
           ( 0.0346529, 0.0000563)|   0, 0, 0;1, -1;0,  0> +
           ( 0.0346523, 0.0000502)|   0, 0, 0;0,  0;1, -1> +
           ( 0.0000125,-0.0000070)|   0, 0, 0;1,  0;1,  1> +
           (-0.0000125, 0.0000070)|   0, 0, 0;1,  1;1,  0> +
            ...
 |  516> = ( 0.7071063,-0.0008608)|   0, 0, 0;0,  0;1,  0> +
           ( 0.7071063,-0.0008608)|   0, 0, 0;1,  0;0,  0> +
            ...
 |  517> = (-0.7071068, 0.0000000)|   0, 0, 0;1,  0;0,  0> +
           ( 0.7071068, 0.0000000)|   0, 0, 0;0,  0;1,  0> +
           (-0.0000288, 0.0000000)|   0, 0, 0;1,  0;1,  0> +
           (-0.0000288, 0.0000000)|   0, 0, 0;0,  0;0,  0> +
            ...
 |  518> = ( 0.7061096, 0.0318243)|   1, 0, 0;1,  1;0,  0> +
           (-0.7060965,-0.0318243)|   1, 0, 0;0,  0;1,  1> +
           (-0.0201222,-0.0009069)|   1, 0, 0;0,  0;1, -1> +
           ( 0.0201222, 0.0009069)|   1, 0, 0;1, -1;0,  0> +
           ( 0.0000144, 0.0000006)|   1, 0, 0;1,  1;1,  0> +
           ( 0.0000144, 0.0000006)|   1, 0, 0;1,  0;1,  1> +
            ...
 |  519> = (-0.7068199, 0.0000000)|   1, 0, 0;1, -1;0,  0> +
           ( 0.7068198,-0.0000000)|   1, 0, 0;0,  0;1, -1> +
           ( 0.0201431, 0.0000000)|   1, 0, 0;1,  1;0,  0> +
           (-0.0201421,-0.0000000)|   1, 0, 0;0,  0;1,  1> +
           (-0.0000144, 0.0000000)|   1, 0, 0;1, -1;1,  0> +
           (-0.0000144, 0.0000000)|   1, 0, 0;1,  0;1, -1> +
            ...
 |  520> = ( 0.7065977,-0.0000003)|   1, 0, 0;0,  0;1, -1> +
           ( 0.7065976,-0.0000003)|   1, 0, 0;1, -1;0,  0> +
           ( 0.0268279, 0.0000071)|   1, 0, 0;0,  0;1,  1> +
           ( 0.0268275, 0.0000071)|   1, 0, 0;1,  1;0,  0> +
           (-0.0000144, 0.0000000)|   1, 0, 0;1,  0;1, -1> +
           ( 0.0000144,-0.0000000)|   1, 0, 0;1, -1;1,  0> +
            ...
 |  521> = ( 0.7065950, 0.0036023)|   1, 0, 0;0,  0;1,  1> +
           ( 0.7065820, 0.0036017)|   1, 0, 0;1,  1;0,  0> +
           (-0.0268277,-0.0001297)|   1, 0, 0;0,  0;1, -1> +
           (-0.0268271,-0.0001297)|   1, 0, 0;1, -1;0,  0> +
           (-0.0000144,-0.0000001)|   1, 0, 0;1,  0;1,  1> +
           ( 0.0000144, 0.0000001)|   1, 0, 0;1,  1;1,  0> +
            ...
 |  522> = ( 0.7071072,-0.0000000)|   1, 0, 0;0,  0;1,  0> +
           ( 0.7071064,-0.0000000)|   1, 0, 0;1,  0;0,  0> +
            ...
 |  523> = ( 0.7071072,-0.0000000)|   1, 0, 0;1,  0;0,  0> +
           (-0.7071064,-0.0000000)|   1, 0, 0;0,  0;1,  0> +
           ( 0.0000288, 0.0000000)|   1, 0, 0;1,  0;1,  0> +
           ( 0.0000288, 0.0000000)|   1, 0, 0;0,  0;0,  0> +
            ...
 |  524> = (-0.7052951, 0.0511688)|   2, 0, 0;1,  1;0,  0> +
           ( 0.7052111,-0.0511658)|   2, 0, 0;0,  0;1,  1> +
           (-0.0000553, 0.0000040)|   2, 0, 0;1, -1;0,  0> +
           ( 0.0000553,-0.0000040)|   2, 0, 0;0,  0;1, -1> +
           (-0.0000144, 0.0000010)|   2, 0, 0;1,  1;1,  0> +
           (-0.0000144, 0.0000010)|   2, 0, 0;1,  0;1,  1> +
            ...
 |  525> = ( 0.7071504,-0.0000000)|   2, 0, 0;0,  0;1, -1> +
           (-0.7070631, 0.0000000)|   2, 0, 0;1, -1;0,  0> +
           ( 0.0000561,-0.0000000)|   2, 0, 0;1,  1;0,  0> +
           (-0.0000547,-0.0000000)|   2, 0, 0;0,  0;1,  1> +
           (-0.0000144, 0.0000000)|   2, 0, 0;1,  0;1, -1> +
           (-0.0000144, 0.0000000)|   2, 0, 0;1, -1;1,  0> +
            ...
 |  526> = ( 0.7066114,-0.0275637)|   2, 0, 0;0,  0;1,  1> +
           ( 0.7065276,-0.0275574)|   2, 0, 0;1,  1;0,  0> +
           ( 0.0000522,-0.0000020)|   2, 0, 0;1, -1;0,  0> +
           ( 0.0000508,-0.0000020)|   2, 0, 0;0,  0;1, -1> +
           (-0.0000144, 0.0000006)|   2, 0, 0;1,  0;1,  1> +
           ( 0.0000144,-0.0000006)|   2, 0, 0;1,  1;1,  0> +
            ...
 |  527> = ( 0.7071504,-0.0000000)|   2, 0, 0;1, -1;0,  0> +
           ( 0.7070631,-0.0000000)|   2, 0, 0;0,  0;1, -1> +
           (-0.0000515,-0.0000000)|   2, 0, 0;1,  1;0,  0> +
           (-0.0000515,-0.0000000)|   2, 0, 0;0,  0;1,  1> +
           ( 0.0000144,-0.0000000)|   2, 0, 0;1, -1;1,  0> +
           (-0.0000144, 0.0000000)|   2, 0, 0;1,  0;1, -1> +
            ...
 |  528> = (-0.7071073,-0.0000011)|   2, 0, 0;0,  0;1,  0> +
           (-0.7071063,-0.0000011)|   2, 0, 0;1,  0;0,  0> +
            ...
 |  529> = ( 0.7071073, 0.0000000)|   2, 0, 0;1,  0;0,  0> +
           (-0.7071063, 0.0000000)|   2, 0, 0;0,  0;1,  0> +
           ( 0.0000288,-0.0000000)|   2, 0, 0;1,  0;1,  0> +
           ( 0.0000288, 0.0000000)|   2, 0, 0;0,  0;0,  0> +
            ...
 |  530> = (-0.7071228,-0.0006484)|   3, 0, 0;1,  1;0,  0> +
           ( 0.7070899, 0.0006480)|   3, 0, 0;0,  0;1,  1> +
           (-0.0004415,-0.0000002)|   3, 0, 0;1, -1;0,  0> +
           ( 0.0004414, 0.0000002)|   3, 0, 0;0,  0;1, -1> +
           (-0.0000144,-0.0000000)|   3, 0, 0;1,  1;1,  0> +
           (-0.0000144,-0.0000000)|   3, 0, 0;1,  0;1,  1> +
            ...
 |  531> = (-0.7071582,-0.0000003)|   3, 0, 0;1, -1;0,  0> +
           ( 0.7070551, 0.0000002)|   3, 0, 0;0,  0;1, -1> +
           (-0.0004422,-0.0000002)|   3, 0, 0;0,  0;1,  1> +
           ( 0.0004407, 0.0000002)|   3, 0, 0;1,  1;0,  0> +
           (-0.0000144,-0.0000000)|   3, 0, 0;1, -1;1,  0> +
           (-0.0000144,-0.0000000)|   3, 0, 0;1,  0;1, -1> +
            ...
 |  532> = (-0.7071084,-0.0045631)|   3, 0, 0;0,  0;1,  1> +
           (-0.7070754,-0.0045632)|   3, 0, 0;1,  1;0,  0> +
           (-0.0004388,-0.0000028)|   3, 0, 0;0,  0;1, -1> +
           (-0.0004372,-0.0000028)|   3, 0, 0;1, -1;0,  0> +
           ( 0.0000144, 0.0000001)|   3, 0, 0;1,  0;1,  1> +
           (-0.0000144,-0.0000001)|   3, 0, 0;1,  1;1,  0> +
            ...
 |  533> = ( 0.7071582,-0.0000001)|   3, 0, 0;0,  0;1, -1> +
           ( 0.7070551,-0.0000001)|   3, 0, 0;1, -1;0,  0> +
           (-0.0004380,-0.0000000)|   3, 0, 0;0,  0;1,  1> +
           (-0.0004380,-0.0000000)|   3, 0, 0;1,  1;0,  0> +
           (-0.0000144, 0.0000000)|   3, 0, 0;1,  0;1, -1> +
           ( 0.0000144,-0.0000000)|   3, 0, 0;1, -1;1,  0> +
            ...
 |  534> = (-0.7071061, 0.0014786)|   3, 0, 0;0,  0;1,  0> +
           (-0.7071044, 0.0014786)|   3, 0, 0;1,  0;0,  0> +
            ...
 |  535> = (-0.7071076, 0.0000000)|   3, 0, 0;1,  0;0,  0> +
           ( 0.7071059, 0.0000000)|   3, 0, 0;0,  0;1,  0> +
           (-0.0000288,-0.0000000)|   3, 0, 0;1,  0;1,  0> +
           (-0.0000288, 0.0000000)|   3, 0, 0;0,  0;0,  0> +
            ...
 |  536> = (-0.7071342,-0.0000001)|   4, 0, 0;1, -1;0,  0> +
           ( 0.7070784,-0.0000000)|   4, 0, 0;0,  0;1, -1> +
           ( 0.0008536,-0.0000000)|   4, 0, 0;1,  1;0,  0> +
           (-0.0008535, 0.0000000)|   4, 0, 0;0,  0;1,  1> +
           (-0.0000144,-0.0000000)|   4, 0, 0;1, -1;1,  0> +
           (-0.0000144, 0.0000000)|   4, 0, 0;1,  0;1, -1> +
            ...
 |  537> = ( 0.7071217, 0.0075236)|   4, 0, 0;0,  0;1,  1> +
           (-0.7070108,-0.0075220)|   4, 0, 0;1,  1;0,  0> +
           ( 0.0008536, 0.0000091)|   4, 0, 0;0,  0;1, -1> +
           (-0.0008535,-0.0000091)|   4, 0, 0;1, -1;0,  0> +
           (-0.0000144,-0.0000002)|   4, 0, 0;1,  0;1,  1> +
           (-0.0000144,-0.0000002)|   4, 0, 0;1,  1;1,  0> +
            ...
 |  538> = ( 0.7071341, 0.0000000)|   4, 0, 0;0,  0;1, -1> +
           ( 0.7070783, 0.0000001)|   4, 0, 0;1, -1;0,  0> +
           (-0.0009092,-0.0000000)|   4, 0, 0;0,  0;1,  1> +
           (-0.0009092,-0.0000000)|   4, 0, 0;1,  1;0,  0> +
           (-0.0000144,-0.0000000)|   4, 0, 0;1,  0;1, -1> +
           ( 0.0000144, 0.0000000)|   4, 0, 0;1, -1;1,  0> +
            ...
 |  539> = ( 0.7070864, 0.0103206)|   4, 0, 0;1,  1;0,  0> +
           ( 0.7069754, 0.0103194)|   4, 0, 0;0,  0;1,  1> +
           ( 0.0009092, 0.0000133)|   4, 0, 0;1, -1;0,  0> +
           ( 0.0009090, 0.0000133)|   4, 0, 0;0,  0;1, -1> +
           ( 0.0000144, 0.0000002)|   4, 0, 0;1,  1;1,  0> +
           (-0.0000144,-0.0000002)|   4, 0, 0;1,  0;1,  1> +
            ...
 |  540> = ( 0.7070992,-0.0034462)|   4, 0, 0;0,  0;1,  0> +
           ( 0.7070975,-0.0034462)|   4, 0, 0;1,  0;0,  0> +
            ...
 |  541> = ( 0.7071076,-0.0000000)|   4, 0, 0;1,  0;0,  0> +
           (-0.7071059,-0.0000000)|   4, 0, 0;0,  0;1,  0> +
           ( 0.0000288, 0.0000000)|   4, 0, 0;1,  0;1,  0> +
           ( 0.0000288, 0.0000000)|   4, 0, 0;0,  0;0,  0> +
            ...
 |  542> = ( 0.5413281, 0.1240570)|   0, 1, 0;0,  0;1, -1> +
           (-0.5413053,-0.1240512)|   0, 1, 0;1, -1;0,  0> +
           ( 0.3035126, 0.0655872)|   0, 1, 0;0,  0;1,  1> +
           (-0.3034707,-0.0655814)|   0, 1, 0;1,  1;0,  0> +
           ( 0.0450733,-0.2987924)|   0, 0, 1;1, -1;0,  0> +
           (-0.0450652, 0.2987196)|   0, 0, 1;0,  0;1, -1> +
           ( 0.0133970, 0.0609566)|   0, 0, 1;1,  1;0,  0> +
           (-0.0134042,-0.0609015)|   0, 0, 1;0,  0;1,  1> +
           (-0.0000110,-0.0000025)|   0, 1, 0;1,  0;1, -1> +
           (-0.0000110,-0.0000025)|   0, 1, 0;1, -1;1,  0> +
            ...
 |  543> = (-0.5074988, 0.0027430)|   0, 1, 0;0,  0;1,  1> +
           ( 0.5074558,-0.0027434)|   0, 1, 0;1,  1;0,  0> +
           ( 0.0001036,-0.3530023)|   0, 0, 1;1,  1;0,  0> +
           (-0.0001031, 0.3529971)|   0, 0, 1;0,  0;1,  1> +
           ( 0.0022682,-0.3072813)|   0, 0, 1;1, -1;0,  0> +
           (-0.0022689, 0.3072762)|   0, 0, 1;0,  0;1, -1> +
           ( 0.1529710, 0.0051154)|   0, 1, 0;0,  0;1, -1> +
           (-0.1529631,-0.0051148)|   0, 1, 0;1, -1;0,  0> +
           ( 0.0000103,-0.0000001)|   0, 1, 0;1,  0;1,  1> +
           ( 0.0000103,-0.0000001)|   0, 1, 0;1,  1;1,  0> +
            ...
 |  544> = ( 0.0000000, 0.3535974)|   0, 0, 1;1, -1;0,  0> +
           (-0.0000000,-0.3535968)|   0, 0, 1;0,  0;1, -1> +
           (-0.0000000, 0.3535858)|   0, 0, 1;1,  1;0,  0> +
           ( 0.0000000,-0.3535855)|   0, 0, 1;0,  0;1,  1> +
           (-0.3535401,-0.0000001)|   0, 1, 0;1, -1;0,  0> +
           ( 0.3535400, 0.0000001)|   0, 1, 0;0,  0;1, -1> +
           ( 0.3534911,-0.0000000)|   0, 1, 0;1,  1;0,  0> +
           (-0.3534905, 0.0000000)|   0, 1, 0;0,  0;1,  1> +
            ...
 |  545> = ( 0.0004577, 0.4964689)|   0, 0, 1;1,  1;0,  0> +
           (-0.0004580,-0.4964586)|   0, 0, 1;0,  0;1,  1> +
           (-0.0124476,-0.4348603)|   0, 0, 1;1, -1;0,  0> +
           ( 0.0124468, 0.4348577)|   0, 0, 1;0,  0;1, -1> +
           ( 0.2061423, 0.0260404)|   0, 1, 0;1, -1;0,  0> +
           (-0.2061346,-0.0260412)|   0, 1, 0;0,  0;1, -1> +
           (-0.1445686,-0.0140520)|   0, 1, 0;0,  0;1,  1> +
           ( 0.1445515, 0.0140508)|   0, 1, 0;1,  1;0,  0> +
           ( 0.0000000, 0.0000101)|   0, 0, 1;1,  1;1,  0> +
           ( 0.0000000, 0.0000101)|   0, 0, 1;1,  0;1,  1> +
            ...
 |  546> = ( 0.0455496,-0.5370715)|   0, 0, 1;0,  0;1,  1> +
           ( 0.0455503,-0.5370695)|   0, 0, 1;1,  1;0,  0> +
           ( 0.4340350, 0.0373140)|   0, 1, 0;1,  1;0,  0> +
           ( 0.4340168, 0.0373123)|   0, 1, 0;0,  0;1,  1> +
           ( 0.0126050,-0.1398103)|   0, 0, 1;1, -1;0,  0> +
           ( 0.0126042,-0.1397893)|   0, 0, 1;0,  0;1, -1> +
           (-0.0013246,-0.0022708)|   0, 1, 0;1, -1;0,  0> +
           (-0.0013238,-0.0022708)|   0, 1, 0;0,  0;1, -1> +
           (-0.0000009, 0.0000109)|   0, 0, 1;1,  0;1,  1> +
           ( 0.0000009,-0.0000109)|   0, 0, 1;1,  1;1,  0> +
            ...
 |  547> = ( 0.6333575, 0.0050185)|   0, 1, 0;0,  0;1, -1> +
           ( 0.6333403, 0.0050128)|   0, 1, 0;1, -1;0,  0> +
           (-0.0095315, 0.2351773)|   0, 0, 1;1, -1;0,  0> +
           (-0.0095337, 0.2351771)|   0, 0, 1;0,  0;1, -1> +
           ( 0.0044322,-0.1653976)|   0, 0, 1;0,  0;1,  1> +
           ( 0.0044331,-0.1653931)|   0, 0, 1;1,  1;0,  0> +
           (-0.1266311,-0.0060717)|   0, 1, 0;1,  1;0,  0> +
           (-0.1266092,-0.0060691)|   0, 1, 0;0,  0;1,  1> +
           (-0.0000129,-0.0000001)|   0, 1, 0;1,  0;1, -1> +
           ( 0.0000129, 0.0000001)|   0, 1, 0;1, -1;1,  0> +
            ...
 |  548> = (-0.4687508, 0.0002449)|   0, 1, 0;1,  1;0,  0> +
           (-0.4687249, 0.0002445)|   0, 1, 0;0,  0;1,  1> +
           ( 0.0003720,-0.4618643)|   0, 0, 1;0,  0;1, -1> +
           ( 0.0003717,-0.4618435)|   0, 0, 1;1, -1;0,  0> +
           (-0.0001335,-0.2585978)|   0, 0, 1;0,  0;1,  1> +
           (-0.0001336,-0.2585871)|   0, 0, 1;1,  1;0,  0> +
           ( 0.0102700,-0.0003453)|   0, 1, 0;1, -1;0,  0> +
           ( 0.0102661,-0.0003462)|   0, 1, 0;0,  0;1, -1> +
            ...
 |  549> = ( 0.0650524,-0.4553848)|   0, 0, 1;0,  0;1, -1> +
           ( 0.0650455,-0.4553455)|   0, 0, 1;1, -1;0,  0> +
           (-0.0479505, 0.3360680)|   0, 0, 1;0,  0;1,  1> +
           (-0.0479506, 0.3360509)|   0, 0, 1;1,  1;0,  0> +
           ( 0.3123018, 0.0349671)|   0, 1, 0;1, -1;0,  0> +
           ( 0.3122281, 0.0349500)|   0, 1, 0;0,  0;1, -1> +
           ( 0.2702064, 0.0380435)|   0, 1, 0;1,  1;0,  0> +
           ( 0.2701550, 0.0380335)|   0, 1, 0;0,  0;1,  1> +
            ...
 |  550> = (-0.1668339, 0.6673411)|   0, 0, 1;0,  0;1,  0> +
           (-0.1668184, 0.6673450)|   0, 0, 1;1,  0;0,  0> +
           (-0.1594857,-0.0372433)|   0, 1, 0;0,  0;1,  0> +
           (-0.1594876,-0.0372218)|   0, 1, 0;1,  0;0,  0> +
            ...
 |  551> = (-0.6878969,-0.0007670)|   0, 1, 0;1,  0;0,  0> +
           (-0.6878605,-0.0007683)|   0, 1, 0;0,  0;1,  0> +
           ( 0.0027414,-0.1637645)|   0, 0, 1;1,  0;0,  0> +
           ( 0.0027403,-0.1637397)|   0, 0, 1;0,  0;1,  0> +
            ...
 |  552> = (-0.2245970, 0.5111834)|   0, 0, 1;1,  0;0,  0> +
           ( 0.2245961,-0.5111788)|   0, 0, 1;0,  0;1,  0> +
           (-0.3038157, 0.3097741)|   0, 1, 0;0,  0;1,  0> +
           ( 0.3037792,-0.3097658)|   0, 1, 0;1,  0;0,  0> +
           (-0.0000091, 0.0000208)|   0, 0, 1;1,  0;1,  0> +
           (-0.0000091, 0.0000208)|   0, 0, 1;0,  0;0,  0> +
           ( 0.0000124,-0.0000126)|   0, 1, 0;1,  0;1,  0> +
           ( 0.0000124,-0.0000126)|   0, 1, 0;0,  0;0,  0> +
            ...
 |  553> = (-0.2836986,-0.4809113)|   0, 1, 0;0,  0;1,  0> +
           ( 0.2836819, 0.4808985)|   0, 1, 0;1,  0;0,  0> +
           (-0.3384203,-0.2715301)|   0, 0, 1;0,  0;1,  0> +
           ( 0.3384233, 0.2715021)|   0, 0, 1;1,  0;0,  0> +
           ( 0.0000116, 0.0000196)|   0, 1, 0;1,  0;1,  0> +
           ( 0.0000116, 0.0000196)|   0, 1, 0;0,  0;0,  0> +
           ( 0.0000138, 0.0000111)|   0, 0, 1;1,  0;1,  0> +
           ( 0.0000138, 0.0000111)|   0, 0, 1;0,  0;0,  0> +
            ...
 |  554> = (-0.6197613, 0.3404991)|   5, 0, 0;1,  1;0,  0> +
           ( 0.6197118,-0.3404600)|   5, 0, 0;0,  0;1,  1> +
           ( 0.0004752,-0.0002600)|   5, 0, 0;1, -1;0,  0> +
           (-0.0004751, 0.0002600)|   5, 0, 0;0,  0;1, -1> +
           (-0.0000126, 0.0000069)|   5, 0, 0;1,  1;1,  0> +
           (-0.0000126, 0.0000069)|   5, 0, 0;1,  0;1,  1> +
            ...
 |  555> = (-0.7071479,-0.0000033)|   5, 0, 0;1, -1;0,  0> +
           ( 0.7070652, 0.0000026)|   5, 0, 0;0,  0;1, -1> +
           (-0.0005417, 0.0000009)|   5, 0, 0;1,  1;0,  0> +
           ( 0.0005416,-0.0000009)|   5, 0, 0;0,  0;1,  1> +
           (-0.0000144,-0.0000000)|   5, 0, 0;1, -1;1,  0> +
           (-0.0000144,-0.0000000)|   5, 0, 0;1,  0;1, -1> +
            ...
 |  556> = (-0.7071479, 0.0000014)|   5, 0, 0;0,  0;1, -1> +
           (-0.7070652, 0.0000007)|   5, 0, 0;1, -1;0,  0> +
           (-0.0005383, 0.0000001)|   5, 0, 0;0,  0;1,  1> +
           (-0.0005382, 0.0000001)|   5, 0, 0;1,  1;0,  0> +
           ( 0.0000144,-0.0000000)|   5, 0, 0;1,  0;1, -1> +
           (-0.0000144, 0.0000000)|   5, 0, 0;1, -1;1,  0> +
            ...
 |  557> = ( 0.5739867,-0.4130170)|   5, 0, 0;0,  0;1,  1> +
           ( 0.5739300,-0.4129891)|   5, 0, 0;1,  1;0,  0> +
           (-0.0004369, 0.0003143)|   5, 0, 0;0,  0;1, -1> +
           (-0.0004370, 0.0003143)|   5, 0, 0;1, -1;0,  0> +
           (-0.0000117, 0.0000084)|   5, 0, 0;1,  0;1,  1> +
           ( 0.0000117,-0.0000084)|   5, 0, 0;1,  1;1,  0> +
            ...
 |  558> = (-0.7069903, 0.0129160)|   5, 0, 0;0,  0;1,  0> +
           (-0.7069873, 0.0129160)|   5, 0, 0;1,  0;0,  0> +
            ...
 |  559> = (-0.7071083, 0.0000000)|   5, 0, 0;1,  0;0,  0> +
           ( 0.7071052, 0.0000000)|   5, 0, 0;0,  0;1,  0> +
           (-0.0000288, 0.0000000)|   5, 0, 0;1,  0;1,  0> +
           (-0.0000288, 0.0000000)|   5, 0, 0;0,  0;0,  0> +
            ...
 |  560> = ( 0.1443159,-0.4894174)|   1, 0, 1;1,  1;0,  0> +
           (-0.1443163, 0.4894046)|   1, 0, 1;0,  0;1,  1> +
           (-0.4524079,-0.0889076)|   1, 1, 0;1, -1;0,  0> +
           ( 0.4524058, 0.0889055)|   1, 1, 0;0,  0;1, -1> +
           (-0.0636660, 0.1240291)|   1, 0, 1;1, -1;0,  0> +
           ( 0.0636659,-0.1240069)|   1, 0, 1;0,  0;1, -1> +
           ( 0.0870455, 0.0082567)|   1, 1, 0;0,  0;1,  1> +
           (-0.0869823,-0.0082562)|   1, 1, 0;1,  1;0,  0> +
           (-0.0000097, 0.0000157)|   1, 0, 1;0,  0;1,  0> +
           (-0.0000137,-0.0000091)|   1, 1, 0;0,  0;1,  0> +
           (-0.0000093, 0.0000130)|   1, 0, 1;1,  0;0,  0> +
           (-0.0000105,-0.0000089)|   1, 1, 0;1,  0;0,  0> +
           ( 0.0000029,-0.0000100)|   1, 0, 1;1,  1;1,  0> +
           ( 0.0000029,-0.0000100)|   1, 0, 1;1,  0;1,  1> +
            ...
 |  561> = (-0.5589272,-0.0003112)|   1, 1, 0;0,  0;1,  1> +
           ( 0.5589246, 0.0003113)|   1, 1, 0;1,  1;0,  0> +
           (-0.0003374, 0.3917367)|   1, 0, 1;0,  0;1, -1> +
           ( 0.0003372,-0.3917038)|   1, 0, 1;1, -1;0,  0> +
           ( 0.0015474, 0.1840821)|   1, 0, 1;0,  0;1,  1> +
           (-0.0015472,-0.1840262)|   1, 0, 1;1,  1;0,  0> +
           ( 0.0166230,-0.0015215)|   1, 1, 0;0,  0;1, -1> +
           (-0.0166175, 0.0015210)|   1, 1, 0;1, -1;0,  0> +
           ( 0.0000114, 0.0000000)|   1, 1, 0;1,  0;1,  1> +
           ( 0.0000114, 0.0000000)|   1, 1, 0;1,  1;1,  0> +
            ...
