p1694
p1694
p1694
p1694
p1694
p1694
p1694
p1694
p1694
p1694
p1694
p1694
p1694
p1694
p1694
p1694
p1694
p1694
p1694
p1694
p1694
p1694
p1694
p1694
# Parameters of the model
#  mass:		  261.0000 u
#  charge:	    1.0000 e
#  dipole:	   4.74500 D
#  B:		    503.65 MHz
#  omega_rho:	    1.4000 MHz
#  omega_z:	  0.112000 MHz

# omega_1:	  0.193990 MHz
# omega_3/5:	   1.39551 MHz

# Basis truncation:	|32,4,4;2,2>
# Basis size:		41472

# Active terms of the Hamiltionian:
# 	Nomal modes:	1
# 	T_rot:      	1
# 	V_qd^{(0)}: 	1
# 	V_qd^{(1)}: 	1
# 	V_dd^{(0)}: 	1

# Results of the diagonalisation
# 100 smallest eigenvalues
 7.693740486 8.693740486 9.693740486 10.693740486 11.693740486 12.693740486 13.693740486 14.693740485 14.887487771 14.887487771 15.693740486 15.887487771 15.887487771 16.693740486 16.887487770 16.887487771 17.693740485 17.887487771 17.887487771 18.693740486 18.887487770 18.887487771 19.693740486 19.887487770 19.887487770 20.693740486 20.887487770 20.887487771 21.693740485 21.887487770 21.887487771 22.081235056 22.081235056 22.081235056 22.693740486 22.887487770 22.887487771 23.081235055 23.081235056 23.081235056 23.693740486 23.887487770 23.887487771 24.081235055 24.081235056 24.081235056 24.693740485 24.887487770 24.887487771 25.081235055 25.081235056 25.081235056 25.693740486 25.887487770 25.887487770 26.081235055 26.081235055 26.081235056 26.693740485 26.887487770 26.887487771 27.081235055 27.081235055 27.081235056 27.693740485 27.887487770 27.887487771 28.081235055 28.081235056 28.081235056 28.693740485 28.887487770 28.887487770 29.081235055 29.081235055 29.081235056 29.274982341 29.274982341 29.274982341 29.274982341 29.693740486 29.887487770 29.887487771 30.081235055 30.081235055 30.081235055 30.274982340 30.274982340 30.274982340 30.274982341 30.693740486 30.887487770 30.887487771 31.081235055 31.081235056 31.081235056 31.274982340 31.274982340 31.274982340 31.274982341

# Ground state and the lowest excitations:
 |    0> = ( 1.0000000, 0.0000000)|   0, 0, 0;0,  0;0,  0> +
           ( 0.0000102, 0.0000000)|   0, 0, 0;0,  0;1,  0> +
           (-0.0000102, 0.0000000)|   0, 0, 0;1,  0;0,  0> +
            ...
 |    1> = (-1.0000000, 0.0000000)|   1, 0, 0;0,  0;0,  0> +
           (-0.0000102,-0.0000000)|   1, 0, 0;0,  0;1,  0> +
           ( 0.0000102,-0.0000000)|   1, 0, 0;1,  0;0,  0> +
            ...
 |    2> = (-1.0000000,-0.0000000)|   2, 0, 0;0,  0;0,  0> +
           ( 0.0000102,-0.0000000)|   2, 0, 0;1,  0;0,  0> +
           (-0.0000102,-0.0000000)|   2, 0, 0;0,  0;1,  0> +
            ...
 |    3> = (-1.0000000, 0.0000000)|   3, 0, 0;0,  0;0,  0> +
           ( 0.0000102,-0.0000000)|   3, 0, 0;1,  0;0,  0> +
           (-0.0000102,-0.0000000)|   3, 0, 0;0,  0;1,  0> +
            ...
 |    4> = ( 1.0000000,-0.0000000)|   4, 0, 0;0,  0;0,  0> +
           ( 0.0000102,-0.0000000)|   4, 0, 0;0,  0;1,  0> +
           (-0.0000102,-0.0000000)|   4, 0, 0;1,  0;0,  0> +
            ...
 |    5> = (-1.0000000, 0.0000000)|   5, 0, 0;0,  0;0,  0> +
           (-0.0000102, 0.0000000)|   5, 0, 0;0,  0;1,  0> +
           ( 0.0000102, 0.0000000)|   5, 0, 0;1,  0;0,  0> +
            ...
 |    6> = (-1.0000000,-0.0000000)|   6, 0, 0;0,  0;0,  0> +
           ( 0.0000102, 0.0000000)|   6, 0, 0;1,  0;0,  0> +
           (-0.0000102,-0.0000000)|   6, 0, 0;0,  0;1,  0> +
            ...
 |    7> = (-1.0000000,-0.0000000)|   7, 0, 0;0,  0;0,  0> +
           (-0.0000102,-0.0000000)|   7, 0, 0;0,  0;1,  0> +
           ( 0.0000102, 0.0000000)|   7, 0, 0;1,  0;0,  0> +
            ...
 |    8> = (-0.7104391,-0.0000000)|   0, 1, 0;0,  0;0,  0> +
           (-0.0000000,-0.7037587)|   0, 0, 1;0,  0;0,  0> +
            ...
 |    9> = ( 0.0000000,-0.7104391)|   0, 0, 1;0,  0;0,  0> +
           ( 0.7037587, 0.0000000)|   0, 1, 0;0,  0;0,  0> +
            ...
 |   10> = (-1.0000000, 0.0000000)|   8, 0, 0;0,  0;0,  0> +
           ( 0.0000102, 0.0000000)|   8, 0, 0;1,  0;0,  0> +
           (-0.0000102, 0.0000000)|   8, 0, 0;0,  0;1,  0> +
            ...
 |   11> = ( 0.0034579,-0.7160556)|   1, 0, 1;0,  0;0,  0> +
           ( 0.6980261, 0.0034579)|   1, 1, 0;0,  0;0,  0> +
            ...
 |   12> = (-0.7160639,-0.0000441)|   1, 1, 0;0,  0;0,  0> +
           (-0.0000441,-0.6980347)|   1, 0, 1;0,  0;0,  0> +
            ...
 |   13> = ( 1.0000000, 0.0000000)|   9, 0, 0;0,  0;0,  0> +
           ( 0.0000102, 0.0000000)|   9, 0, 0;0,  0;1,  0> +
           (-0.0000102,-0.0000000)|   9, 0, 0;1,  0;0,  0> +
            ...
 |   14> = ( 0.0002891,-0.7296889)|   2, 0, 1;0,  0;0,  0> +
           ( 0.6837792, 0.0002891)|   2, 1, 0;0,  0;0,  0> +
            ...
 |   15> = (-0.7296889,-0.0000094)|   2, 1, 0;0,  0;0,  0> +
           (-0.0000094,-0.6837793)|   2, 0, 1;0,  0;0,  0> +
            ...
 |   16> = ( 1.0000000,-0.0000000)|  10, 0, 0;0,  0;0,  0> +
           ( 0.0000102,-0.0000000)|  10, 0, 0;0,  0;1,  0> +
           (-0.0000102, 0.0000000)|  10, 0, 0;1,  0;0,  0> +
            ...
 |   17> = (-0.0017725, 0.7109906)|   3, 0, 1;0,  0;0,  0> +
           (-0.7031971,-0.0017725)|   3, 1, 0;0,  0;0,  0> +
            ...
 |   18> = ( 0.7109928, 0.0000098)|   3, 1, 0;0,  0;0,  0> +
           ( 0.0000098, 0.7031993)|   3, 0, 1;0,  0;0,  0> +
            ...
 |   19> = ( 1.0000000,-0.0000000)|  11, 0, 0;0,  0;0,  0> +
           (-0.0000102, 0.0000000)|  11, 0, 0;1,  0;0,  0> +
           ( 0.0000102,-0.0000000)|  11, 0, 0;0,  0;1,  0> +
            ...
 |   20> = (-0.0040824, 0.7107820)|   4, 0, 1;0,  0;0,  0> +
           (-0.7033887,-0.0040824)|   4, 1, 0;0,  0;0,  0> +
            ...
 |   21> = ( 0.7107937, 0.0000213)|   4, 1, 0;0,  0;0,  0> +
           ( 0.0000213, 0.7034005)|   4, 0, 1;0,  0;0,  0> +
            ...
 |   22> = ( 1.0000000, 0.0000000)|  12, 0, 0;0,  0;0,  0> +
           ( 0.0000102, 0.0000000)|  12, 0, 0;0,  0;1,  0> +
           (-0.0000102,-0.0000000)|  12, 0, 0;1,  0;0,  0> +
            ...
 |   23> = (-0.0913636, 0.7212665)|   5, 0, 1;0,  0;0,  0> +
           (-0.6804999,-0.0913631)|   5, 1, 0;0,  0;0,  0> +
            ...
 |   24> = (-0.7270252,-0.0026345)|   5, 1, 0;0,  0;0,  0> +
           (-0.0026346,-0.6866006)|   5, 0, 1;0,  0;0,  0> +
            ...
 # The upper part of the spectrum
 # Eigenvalues first: 512	 last: 562
 32633.494018709 32633.494018710 32633.494019574 32633.494019574 32633.494021337 32633.494023066 32634.494018709 32634.494018710 32634.494019574 32634.494019574 32634.494021337 32634.494023066 32635.494018709 32635.494018709 32635.494019574 32635.494019574 32635.494021337 32635.494023066 32636.494018709 32636.494018710 32636.494019574 32636.494019574 32636.494021337 32636.494023066 32637.494018710 32637.494018710 32637.494019574 32637.494019574 32637.494021337 32637.494023066 32638.494018709 32638.494018710 32638.494019574 32638.494019574 32638.494021337 32638.494023066 32639.494018709 32639.494018710 32639.494019574 32639.494019574 32639.494021337 32639.494023066 32640.494018709 32640.494018710 32640.494019574 32640.494019574 32640.494021337 32640.494023066 32640.687765994 32640.687765995

# Excited states :
 |  511> = ( 0.0005082,-0.9999999)|  31, 3, 3;0,  0;0,  0> +
           ( 0.0000000,-0.0000102)|  31, 3, 3;0,  0;1,  0> +
           (-0.0000000, 0.0000102)|  31, 3, 3;1,  0;0,  0> +
            ...
 |  512> = (-0.7056418, 0.0022770)|   0, 0, 0;0,  0;1,  1> +
           ( 0.7055754,-0.0022791)|   0, 0, 0;1,  1;0,  0> +
           ( 0.0459770,-0.0000001)|   0, 0, 0;0,  0;1, -1> +
           (-0.0459219,-0.0000003)|   0, 0, 0;1, -1;0,  0> +
            ...
 |  513> = (-0.7056324,-0.0000000)|   0, 0, 0;0,  0;1, -1> +
           ( 0.7055921,-0.0000000)|   0, 0, 0;1, -1;0,  0> +
           ( 0.0459787,-0.0001486)|   0, 0, 0;1,  1;0,  0> +
           (-0.0459197, 0.0001483)|   0, 0, 0;0,  0;1,  1> +
            ...
 |  514> = (-0.7046628,-0.0020476)|   0, 0, 0;1,  1;0,  0> +
           (-0.7045962,-0.0020498)|   0, 0, 0;0,  0;1,  1> +
           ( 0.0591357, 0.0000004)|   0, 0, 0;1, -1;0,  0> +
           ( 0.0590691, 0.0000001)|   0, 0, 0;0,  0;1, -1> +
            ...
 |  515> = ( 0.7046516,-0.0000000)|   0, 0, 0;1, -1;0,  0> +
           ( 0.7046133,-0.0000000)|   0, 0, 0;0,  0;1, -1> +
           ( 0.0591257, 0.0001718)|   0, 0, 0;0,  0;1,  1> +
           ( 0.0590787, 0.0001714)|   0, 0, 0;1,  1;0,  0> +
           (-0.0000134,-0.0000000)|   0, 0, 0;0,  0;1,  0> +
           (-0.0000109,-0.0000000)|   0, 0, 0;1,  0;0,  0> +
            ...
 |  516> = ( 0.7071068, 0.0000790)|   0, 0, 0;0,  0;1,  0> +
           ( 0.7071068, 0.0000790)|   0, 0, 0;1,  0;0,  0> +
           ( 0.0000208, 0.0000000)|   0, 0, 0;0,  0;1, -1> +
            ...
 |  517> = (-0.7071068,-0.0000000)|   0, 0, 0;1,  0;0,  0> +
           ( 0.7071068,-0.0000000)|   0, 0, 0;0,  0;1,  0> +
           (-0.0000144, 0.0000000)|   0, 0, 0;1,  0;1,  0> +
           (-0.0000144, 0.0000000)|   0, 0, 0;0,  0;0,  0> +
            ...
 |  518> = (-0.7041301, 0.0027177)|   1, 0, 0;1, -1;0,  0> +
           ( 0.7039160,-0.0027180)|   1, 0, 0;0,  0;1, -1> +
           (-0.0660084, 0.0002815)|   1, 0, 0;1,  1;0,  0> +
           ( 0.0658111,-0.0002819)|   1, 0, 0;0,  0;1,  1> +
            ...
 |  519> = ( 0.7040900,-0.0000028)|   1, 0, 0;1,  1;0,  0> +
           (-0.7039666, 0.0000028)|   1, 0, 0;0,  0;1,  1> +
           (-0.0659607,-0.0000270)|   1, 0, 0;1, -1;0,  0> +
           ( 0.0658600, 0.0000270)|   1, 0, 0;0,  0;1, -1> +
            ...
 |  520> = ( 0.5186254, 0.0017936)|   1, 0, 0;0,  0;1,  1> +
           ( 0.5185764, 0.0017936)|   1, 0, 0;1,  1;0,  0> +
           ( 0.4808166, 0.0017711)|   1, 0, 0;0,  0;1, -1> +
           ( 0.4805297, 0.0017717)|   1, 0, 0;1, -1;0,  0> +
            ...
 |  521> = (-0.5186228,-0.0000562)|   1, 0, 0;0,  0;1, -1> +
           (-0.5185853,-0.0000562)|   1, 0, 0;1, -1;0,  0> +
           ( 0.4807539,-0.0000569)|   1, 0, 0;0,  0;1,  1> +
           ( 0.4805990,-0.0000569)|   1, 0, 0;1,  1;0,  0> +
            ...
 |  522> = (-0.7071082, 0.0000000)|   1, 0, 0;1,  0;0,  0> +
           (-0.7071053, 0.0000000)|   1, 0, 0;0,  0;1,  0> +
            ...
 |  523> = (-0.7071082, 0.0000000)|   1, 0, 0;0,  0;1,  0> +
           ( 0.7071053, 0.0000000)|   1, 0, 0;1,  0;0,  0> +
           ( 0.0000144,-0.0000000)|   1, 0, 0;1,  0;1,  0> +
           ( 0.0000144, 0.0000000)|   1, 0, 0;0,  0;0,  0> +
            ...
 |  524> = ( 0.7072531, 0.0000001)|   2, 0, 0;0,  0;1, -1> +
           (-0.7069604,-0.0000001)|   2, 0, 0;1, -1;0,  0> +
            ...
 |  525> = (-0.7071491,-0.0024021)|   2, 0, 0;1,  1;0,  0> +
           ( 0.7070563, 0.0024048)|   2, 0, 0;0,  0;1,  1> +
            ...
 |  526> = ( 0.7069903,-0.0151755)|   2, 0, 0;0,  0;1,  1> +
           ( 0.7068975,-0.0151765)|   2, 0, 0;1,  1;0,  0> +
           (-0.0000129, 0.0000002)|   2, 0, 0;1, -1;0,  0> +
            ...
 |  527> = ( 0.7072531, 0.0000002)|   2, 0, 0;1, -1;0,  0> +
           ( 0.7069604, 0.0000002)|   2, 0, 0;0,  0;1, -1> +
           ( 0.0000103, 0.0000000)|   2, 0, 0;1,  1;0,  0> +
           ( 0.0000103, 0.0000000)|   2, 0, 0;0,  0;1,  1> +
            ...
 |  528> = ( 0.7071068,-0.0000010)|   2, 0, 0;1,  0;0,  0> +
           ( 0.7071068,-0.0000010)|   2, 0, 0;0,  0;1,  0> +
            ...
 |  529> = (-0.7071068, 0.0000000)|   2, 0, 0;0,  0;1,  0> +
           ( 0.7071068, 0.0000000)|   2, 0, 0;1,  0;0,  0> +
           ( 0.0000144,-0.0000000)|   2, 0, 0;1,  0;1,  0> +
           ( 0.0000144, 0.0000000)|   2, 0, 0;0,  0;0,  0> +
            ...
 |  530> = ( 0.7058056, 0.0433266)|   3, 0, 0;1,  1;0,  0> +
           (-0.7057498,-0.0433248)|   3, 0, 0;0,  0;1,  1> +
           (-0.0008535,-0.0000527)|   3, 0, 0;1, -1;0,  0> +
           ( 0.0008534, 0.0000527)|   3, 0, 0;0,  0;1, -1> +
            ...
 |  531> = (-0.7071336,-0.0000001)|   3, 0, 0;1, -1;0,  0> +
           ( 0.7070789, 0.0000002)|   3, 0, 0;0,  0;1, -1> +
           (-0.0008552, 0.0000003)|   3, 0, 0;1,  1;0,  0> +
           ( 0.0008550,-0.0000003)|   3, 0, 0;0,  0;1,  1> +
            ...
 |  532> = ( 0.7070483, 0.0110177)|   3, 0, 0;0,  0;1,  1> +
           ( 0.7069925, 0.0110152)|   3, 0, 0;1,  1;0,  0> +
           (-0.0008569,-0.0000137)|   3, 0, 0;1, -1;0,  0> +
           (-0.0008568,-0.0000137)|   3, 0, 0;0,  0;1, -1> +
            ...
 |  533> = ( 0.7071336, 0.0000025)|   3, 0, 0;0,  0;1, -1> +
           ( 0.7070789, 0.0000024)|   3, 0, 0;1, -1;0,  0> +
           ( 0.0008570,-0.0000003)|   3, 0, 0;0,  0;1,  1> +
           ( 0.0008569,-0.0000003)|   3, 0, 0;1,  1;0,  0> +
            ...
 |  534> = (-0.7071077, 0.0001046)|   3, 0, 0;1,  0;0,  0> +
           (-0.7071058, 0.0001046)|   3, 0, 0;0,  0;1,  0> +
            ...
 |  535> = ( 0.7071077,-0.0000000)|   3, 0, 0;0,  0;1,  0> +
           (-0.7071058,-0.0000000)|   3, 0, 0;1,  0;0,  0> +
           (-0.0000144,-0.0000000)|   3, 0, 0;1,  0;1,  0> +
           (-0.0000144,-0.0000000)|   3, 0, 0;0,  0;0,  0> +
            ...
 |  536> = (-0.7070789,-0.0162498)|   4, 0, 0;1,  1;0,  0> +
           ( 0.7067611, 0.0162527)|   4, 0, 0;0,  0;1,  1> +
           ( 0.0000179, 0.0000004)|   4, 0, 0;1, -1;0,  0> +
           (-0.0000179,-0.0000004)|   4, 0, 0;0,  0;1, -1> +
            ...
 |  537> = (-0.7071620,-0.0000004)|   4, 0, 0;0,  0;1, -1> +
           ( 0.7070516, 0.0000002)|   4, 0, 0;1, -1;0,  0> +
           (-0.0000180, 0.0000000)|   4, 0, 0;0,  0;1,  1> +
           ( 0.0000177,-0.0000000)|   4, 0, 0;1,  1;0,  0> +
            ...
 |  538> = ( 0.7072473,-0.0050829)|   4, 0, 0;0,  0;1,  1> +
           ( 0.7069296,-0.0050909)|   4, 0, 0;1,  1;0,  0> +
           (-0.0000181, 0.0000001)|   4, 0, 0;0,  0;1, -1> +
           (-0.0000178, 0.0000001)|   4, 0, 0;1, -1;0,  0> +
            ...
 |  539> = ( 0.7071620, 0.0000005)|   4, 0, 0;1, -1;0,  0> +
           ( 0.7070516, 0.0000006)|   4, 0, 0;0,  0;1, -1> +
           ( 0.0000180,-0.0000000)|   4, 0, 0;1,  1;0,  0> +
           ( 0.0000180,-0.0000000)|   4, 0, 0;0,  0;1,  1> +
            ...
 |  540> = ( 0.6994782,-0.1035907)|   4, 0, 0;1,  0;0,  0> +
           ( 0.6994771,-0.1035907)|   4, 0, 0;0,  0;1,  0> +
            ...
 |  541> = ( 0.7071073,-0.0000001)|   4, 0, 0;0,  0;1,  0> +
           (-0.7071062,-0.0000001)|   4, 0, 0;1,  0;0,  0> +
           (-0.0000144,-0.0000000)|   4, 0, 0;1,  0;1,  0> +
           (-0.0000144, 0.0000000)|   4, 0, 0;0,  0;0,  0> +
            ...
 |  542> = (-0.7072252, 0.0000055)|   5, 0, 0;0,  0;1, -1> +
           ( 0.7069873,-0.0000058)|   5, 0, 0;1, -1;0,  0> +
           (-0.0008718, 0.0000005)|   5, 0, 0;0,  0;1,  1> +
           ( 0.0008716,-0.0000005)|   5, 0, 0;1,  1;0,  0> +
            ...
 |  543> = ( 0.7071523, 0.0055997)|   5, 0, 0;1,  1;0,  0> +
           (-0.7070159,-0.0055932)|   5, 0, 0;0,  0;1,  1> +
           ( 0.0008718, 0.0000074)|   5, 0, 0;0,  0;1, -1> +
           (-0.0008715,-0.0000074)|   5, 0, 0;1, -1;0,  0> +
            ...
 |  544> = ( 0.7072252, 0.0000010)|   5, 0, 0;1, -1;0,  0> +
           ( 0.7069873, 0.0000013)|   5, 0, 0;0,  0;1, -1> +
           ( 0.0008434, 0.0000001)|   5, 0, 0;0,  0;1,  1> +
           ( 0.0008432, 0.0000001)|   5, 0, 0;1,  1;0,  0> +
            ...
 |  545> = (-0.7061009,-0.0389532)|   5, 0, 0;0,  0;1,  1> +
           (-0.7059643,-0.0389510)|   5, 0, 0;1,  1;0,  0> +
           ( 0.0008421, 0.0000464)|   5, 0, 0;0,  0;1, -1> +
           ( 0.0008419, 0.0000464)|   5, 0, 0;1, -1;0,  0> +
            ...
 |  546> = (-0.7071102, 0.0009422)|   5, 0, 0;1,  0;0,  0> +
           (-0.7071021, 0.0009422)|   5, 0, 0;0,  0;1,  0> +
            ...
 |  547> = (-0.7071108, 0.0000000)|   5, 0, 0;0,  0;1,  0> +
           ( 0.7071027, 0.0000000)|   5, 0, 0;1,  0;0,  0> +
           ( 0.0000144,-0.0000000)|   5, 0, 0;1,  0;1,  0> +
           ( 0.0000144,-0.0000000)|   5, 0, 0;0,  0;0,  0> +
            ...
 |  548> = ( 0.5915922, 0.3875593)|   6, 0, 0;1,  1;0,  0> +
           (-0.5912939,-0.3875408)|   6, 0, 0;0,  0;1,  1> +
           ( 0.0001852, 0.0001664)|   6, 0, 0;1, -1;0,  0> +
           (-0.0001851,-0.0001664)|   6, 0, 0;0,  0;1, -1> +
            ...
 |  549> = (-0.7071620, 0.0001284)|   6, 0, 0;0,  0;1, -1> +
           ( 0.7070515,-0.0001283)|   6, 0, 0;1, -1;0,  0> +
           (-0.0002461, 0.0000377)|   6, 0, 0;1,  1;0,  0> +
           ( 0.0002460,-0.0000377)|   6, 0, 0;0,  0;1,  1> +
            ...
 |  550> = (-0.7062289,-0.0377406)|   6, 0, 0;0,  0;1,  1> +
           (-0.7059775,-0.0375790)|   6, 0, 0;1,  1;0,  0> +
           (-0.0000221,-0.0000014)|   6, 0, 0;1, -1;0,  0> +
           (-0.0000220,-0.0000015)|   6, 0, 0;0,  0;1, -1> +
            ...
 |  551> = (-0.7071620,-0.0000868)|   6, 0, 0;1, -1;0,  0> +
           (-0.7070515,-0.0000866)|   6, 0, 0;0,  0;1, -1> +
           ( 0.0000221,-0.0000002)|   6, 0, 0;1,  1;0,  0> +
           ( 0.0000221,-0.0000002)|   6, 0, 0;0,  0;1,  1> +
            ...
 |  552> = (-0.7071079, 0.0003106)|   6, 0, 0;0,  0;1,  0> +
           (-0.7071056, 0.0003106)|   6, 0, 0;1,  0;0,  0> +
            ...
 |  553> = ( 0.7071079,-0.0001379)|   6, 0, 0;1,  0;0,  0> +
           (-0.7071056, 0.0001378)|   6, 0, 0;0,  0;1,  0> +
           ( 0.0000144,-0.0000000)|   6, 0, 0;1,  0;1,  0> +
           ( 0.0000144,-0.0000000)|   6, 0, 0;0,  0;0,  0> +
            ...
 |  554> = ( 0.6957452, 0.0928822)|   7, 0, 0;0,  0;1, -1> +
           (-0.6955115,-0.0930440)|   7, 0, 0;1, -1;0,  0> +
           (-0.0804873, 0.0314451)|   7, 0, 0;0,  0;1,  1> +
           ( 0.0803848,-0.0314531)|   7, 0, 0;1,  1;0,  0> +
            ...
 |  555> = (-0.0313978,-0.7013868)|   7, 0, 0;1,  1;0,  0> +
           ( 0.0315272, 0.7008272)|   7, 0, 0;0,  0;1,  1> +
           ( 0.0383690,-0.0774577)|   7, 0, 0;1, -1;0,  0> +
           (-0.0384252, 0.0772635)|   7, 0, 0;0,  0;1, -1> +
            ...
 |  556> = ( 0.5759771,-0.3380855)|   7, 0, 0;1, -1;0,  0> +
           ( 0.5756828,-0.3381336)|   7, 0, 0;0,  0;1, -1> +
           (-0.2296538, 0.0370272)|   7, 0, 0;1,  1;0,  0> +
           (-0.2296079, 0.0370388)|   7, 0, 0;0,  0;1,  1> +
            ...
 |  557> = (-0.1339513, 0.6544812)|   7, 0, 0;0,  0;1,  1> +
           (-0.1339809, 0.6538784)|   7, 0, 0;1,  1;0,  0> +
           ( 0.0391290, 0.2293234)|   7, 0, 0;0,  0;1, -1> +
           ( 0.0391358, 0.2292414)|   7, 0, 0;1, -1;0,  0> +
            ...
 |  558> = (-0.1797992,-0.6838667)|   7, 0, 0;1,  0;0,  0> +
           (-0.1797964,-0.6838654)|   7, 0, 0;0,  0;1,  0> +
            ...
 |  559> = ( 0.7071056,-0.0017379)|   7, 0, 0;0,  0;1,  0> +
           (-0.7071036, 0.0017403)|   7, 0, 0;1,  0;0,  0> +
           (-0.0000144, 0.0000000)|   7, 0, 0;1,  0;1,  0> +
           (-0.0000144, 0.0000000)|   7, 0, 0;0,  0;0,  0> +
            ...
 |  560> = ( 0.0371227,-0.6066755)|   0, 0, 1;0,  0;1,  1> +
           (-0.0371129, 0.6066190)|   0, 0, 1;1,  1;0,  0> +
           (-0.2714802, 0.0003187)|   0, 1, 0;1,  1;0,  0> +
           ( 0.2714440,-0.0003211)|   0, 1, 0;0,  0;1,  1> +
           (-0.1693828,-0.0224664)|   0, 1, 0;0,  0;1, -1> +
           ( 0.1693229, 0.0224568)|   0, 1, 0;1, -1;0,  0> +
           (-0.0149835, 0.1658484)|   0, 0, 1;0,  0;1, -1> +
           ( 0.0149687,-0.1658165)|   0, 0, 1;1, -1;0,  0> +
           ( 0.0000192,-0.0000341)|   0, 0, 1;0,  0;1,  0> +
            ...
 |  561> = (-0.3535692,-0.0000000)|   0, 1, 0;1, -1;0,  0> +
           ( 0.3535689, 0.0000000)|   0, 1, 0;0,  0;1, -1> +
           ( 0.3535583, 0.0000000)|   0, 1, 0;1,  1;0,  0> +
           (-0.3535581,-0.0000000)|   0, 1, 0;0,  0;1,  1> +
           ( 0.0000000, 0.3535542)|   0, 0, 1;1,  1;0,  0> +
           (-0.0000000,-0.3535541)|   0, 0, 1;0,  0;1,  1> +
           ( 0.0000000,-0.3535322)|   0, 0, 1;0,  0;1, -1> +
           (-0.0000000, 0.3535321)|   0, 0, 1;1, -1;0,  0> +
            ...
