p1526
p1526
p1526
p1526
p1526
p1526
p1526
p1526
p1526
p1526
p1526
p1526
p1526
p1526
p1526
p1526
p1526
p1526
p1526
p1526
p1526
p1526
p1526
p1526
# Parameters of the model
#  mass:		  261.0000 u
#  charge:	    1.0000 e
#  dipole:	   4.74500 D
#  B:		    503.65 MHz
#  omega_rho:	    1.4000 MHz
#  omega_z:	  0.176000 MHz

# omega_1:	  0.304841 MHz
# omega_3/5:	   1.38889 MHz

# Basis truncation:	|32,4,4;2,2>
# Basis size:		41472

# Active terms of the Hamiltionian:
# 	Nomal modes:	1
# 	T_rot:      	1
# 	V_qd^{(0)}: 	1
# 	V_qd^{(1)}: 	1
# 	V_dd^{(0)}: 	1

# Results of the diagonalisation
# 100 smallest eigenvalues
 5.056109400 6.056109400 7.056109400 8.056109400 9.056109400 9.612233242 9.612233242 10.056109400 10.612233242 10.612233242 11.056109400 11.612233242 11.612233242 12.056109400 12.612233242 12.612233242 13.056109400 13.612233242 13.612233242 14.056109400 14.168357084 14.168357084 14.168357084 14.612233242 14.612233242 15.056109400 15.168357084 15.168357084 15.168357084 15.612233242 15.612233242 16.056109400 16.168357084 16.168357084 16.168357084 16.612233242 16.612233242 17.056109400 17.168357084 17.168357084 17.168357084 17.612233242 17.612233242 18.056109400 18.168357084 18.168357084 18.168357084 18.612233242 18.612233242 18.724480926 18.724480926 18.724480926 18.724480926 19.056109399 19.168357084 19.168357084 19.168357084 19.612233241 19.612233242 19.724480926 19.724480926 19.724480926 19.724480926 20.056109400 20.168357084 20.168357084 20.168357084 20.612233241 20.612233241 20.724480926 20.724480926 20.724480926 20.724480926 21.056109399 21.168357084 21.168357084 21.168357084 21.612233241 21.612233242 21.724480926 21.724480926 21.724480926 21.724480926 22.056109400 22.168357084 22.168357084 22.168357084 22.612233241 22.612233242 22.724480926 22.724480926 22.724480926 22.724480926 23.056109400 23.168357084 23.168357084 23.168357084 23.280604768 23.280604768 23.280604768

# Ground state and the lowest excitations:
 |    0> = ( 1.0000000, 0.0000000)|   0, 0, 0;0,  0;0,  0> +
           (-0.0000186,-0.0000000)|   0, 0, 0;1,  0;0,  0> +
           ( 0.0000186,-0.0000000)|   0, 0, 0;0,  0;1,  0> +
            ...
 |    1> = (-1.0000000, 0.0000000)|   1, 0, 0;0,  0;0,  0> +
           (-0.0000186,-0.0000000)|   1, 0, 0;0,  0;1,  0> +
           ( 0.0000186,-0.0000000)|   1, 0, 0;1,  0;0,  0> +
            ...
 |    2> = (-1.0000000, 0.0000000)|   2, 0, 0;0,  0;0,  0> +
           ( 0.0000186, 0.0000000)|   2, 0, 0;1,  0;0,  0> +
           (-0.0000186, 0.0000000)|   2, 0, 0;0,  0;1,  0> +
            ...
 |    3> = (-1.0000000, 0.0000000)|   3, 0, 0;0,  0;0,  0> +
           ( 0.0000186,-0.0000000)|   3, 0, 0;1,  0;0,  0> +
           (-0.0000186,-0.0000000)|   3, 0, 0;0,  0;1,  0> +
            ...
 |    4> = (-1.0000000,-0.0000000)|   4, 0, 0;0,  0;0,  0> +
           (-0.0000186, 0.0000000)|   4, 0, 0;0,  0;1,  0> +
           ( 0.0000186, 0.0000000)|   4, 0, 0;1,  0;0,  0> +
            ...
 |    5> = (-0.7088756, 0.0000026)|   0, 1, 0;0,  0;0,  0> +
           ( 0.0000026, 0.7053335)|   0, 0, 1;0,  0;0,  0> +
           ( 0.0000132,-0.0000000)|   0, 1, 0;1,  0;0,  0> +
           (-0.0000132, 0.0000000)|   0, 1, 0;0,  0;1,  0> +
           (-0.0000000,-0.0000132)|   0, 0, 1;1,  0;0,  0> +
           ( 0.0000000, 0.0000132)|   0, 0, 1;0,  0;1,  0> +
            ...
 |    6> = (-0.0000000,-0.7088756)|   0, 0, 1;0,  0;0,  0> +
           (-0.7053335,-0.0000000)|   0, 1, 0;0,  0;0,  0> +
           (-0.0000000,-0.0000132)|   0, 0, 1;0,  0;1,  0> +
           ( 0.0000000, 0.0000132)|   0, 0, 1;1,  0;0,  0> +
           ( 0.0000132, 0.0000000)|   0, 1, 0;1,  0;0,  0> +
           (-0.0000132,-0.0000000)|   0, 1, 0;0,  0;1,  0> +
            ...
 |    7> = (-1.0000000,-0.0000000)|   5, 0, 0;0,  0;0,  0> +
           ( 0.0000186,-0.0000000)|   5, 0, 0;1,  0;0,  0> +
           (-0.0000186,-0.0000000)|   5, 0, 0;0,  0;1,  0> +
            ...
 |    8> = (-0.0000072,-0.7073377)|   1, 0, 1;0,  0;0,  0> +
           (-0.7068758,-0.0000072)|   1, 1, 0;0,  0;0,  0> +
           (-0.0000000,-0.0000132)|   1, 0, 1;0,  0;1,  0> +
           ( 0.0000000, 0.0000132)|   1, 0, 1;1,  0;0,  0> +
           (-0.0000132,-0.0000000)|   1, 1, 0;0,  0;1,  0> +
           ( 0.0000132, 0.0000000)|   1, 1, 0;1,  0;0,  0> +
            ...
 |    9> = ( 0.7069985,-0.0219037)|   1, 1, 0;0,  0;0,  0> +
           (-0.0219039,-0.7065364)|   1, 0, 1;0,  0;0,  0> +
           (-0.0000132, 0.0000004)|   1, 1, 0;1,  0;0,  0> +
           ( 0.0000132,-0.0000004)|   1, 1, 0;0,  0;1,  0> +
           (-0.0000004,-0.0000132)|   1, 0, 1;0,  0;1,  0> +
           ( 0.0000004, 0.0000132)|   1, 0, 1;1,  0;0,  0> +
            ...
 |   10> = ( 1.0000000, 0.0000000)|   6, 0, 0;0,  0;0,  0> +
           ( 0.0000186, 0.0000000)|   6, 0, 0;0,  0;1,  0> +
           (-0.0000186,-0.0000000)|   6, 0, 0;1,  0;0,  0> +
            ...
 |   11> = ( 0.0105922,-0.7263647)|   2, 0, 1;0,  0;0,  0> +
           ( 0.6871462, 0.0105921)|   2, 1, 0;0,  0;0,  0> +
           ( 0.0000002,-0.0000135)|   2, 0, 1;0,  0;1,  0> +
           (-0.0000002, 0.0000135)|   2, 0, 1;1,  0;0,  0> +
           ( 0.0000128, 0.0000002)|   2, 1, 0;0,  0;1,  0> +
           (-0.0000128,-0.0000002)|   2, 1, 0;1,  0;0,  0> +
            ...
 |   12> = (-0.7264419,-0.0002938)|   2, 1, 0;0,  0;0,  0> +
           (-0.0002938,-0.6872278)|   2, 0, 1;0,  0;0,  0> +
           ( 0.0000135, 0.0000000)|   2, 1, 0;1,  0;0,  0> +
           (-0.0000135,-0.0000000)|   2, 1, 0;0,  0;1,  0> +
           (-0.0000000,-0.0000128)|   2, 0, 1;0,  0;1,  0> +
           ( 0.0000000, 0.0000128)|   2, 0, 1;1,  0;0,  0> +
            ...
 |   13> = (-1.0000000,-0.0000000)|   7, 0, 0;0,  0;0,  0> +
           (-0.0000186,-0.0000000)|   7, 0, 0;0,  0;1,  0> +
           ( 0.0000186, 0.0000000)|   7, 0, 0;1,  0;0,  0> +
            ...
 |   14> = ( 0.7593838,-0.0019417)|   3, 1, 0;0,  0;0,  0> +
           (-0.0019418,-0.6506372)|   3, 0, 1;0,  0;0,  0> +
           (-0.0000142, 0.0000000)|   3, 1, 0;1,  0;0,  0> +
           ( 0.0000142,-0.0000000)|   3, 1, 0;0,  0;1,  0> +
           (-0.0000000,-0.0000121)|   3, 0, 1;0,  0;1,  0> +
           ( 0.0000000, 0.0000121)|   3, 0, 1;1,  0;0,  0> +
            ...
 |   15> = (-0.0001498,-0.7593862)|   3, 0, 1;0,  0;0,  0> +
           (-0.6506401,-0.0001498)|   3, 1, 0;0,  0;0,  0> +
           (-0.0000000,-0.0000142)|   3, 0, 1;0,  0;1,  0> +
           ( 0.0000000, 0.0000142)|   3, 0, 1;1,  0;0,  0> +
           (-0.0000121,-0.0000000)|   3, 1, 0;0,  0;1,  0> +
           ( 0.0000121, 0.0000000)|   3, 1, 0;1,  0;0,  0> +
            ...
 |   16> = ( 1.0000000, 0.0000000)|   8, 0, 0;0,  0;0,  0> +
           (-0.0000186,-0.0000000)|   8, 0, 0;1,  0;0,  0> +
           ( 0.0000186, 0.0000000)|   8, 0, 0;0,  0;1,  0> +
            ...
 |   17> = ( 0.7182156,-0.0631548)|   4, 1, 0;0,  0;0,  0> +
           (-0.0631552,-0.6900646)|   4, 0, 1;0,  0;0,  0> +
           ( 0.0000134,-0.0000012)|   4, 1, 0;0,  0;1,  0> +
           (-0.0000134, 0.0000012)|   4, 1, 0;1,  0;0,  0> +
           ( 0.0000012, 0.0000129)|   4, 0, 1;1,  0;0,  0> +
           (-0.0000012,-0.0000129)|   4, 0, 1;0,  0;1,  0> +
            ...
 |   18> = (-0.0012576,-0.7209859)|   4, 0, 1;0,  0;0,  0> +
           (-0.6929475,-0.0012576)|   4, 1, 0;0,  0;0,  0> +
           ( 0.0000000, 0.0000134)|   4, 0, 1;1,  0;0,  0> +
           (-0.0000000,-0.0000134)|   4, 0, 1;0,  0;1,  0> +
           ( 0.0000129, 0.0000000)|   4, 1, 0;1,  0;0,  0> +
           (-0.0000129,-0.0000000)|   4, 1, 0;0,  0;1,  0> +
            ...
 |   19> = ( 1.0000000, 0.0000000)|   9, 0, 0;0,  0;0,  0> +
           ( 0.0000186, 0.0000000)|   9, 0, 0;0,  0;1,  0> +
           (-0.0000186,-0.0000000)|   9, 0, 0;1,  0;0,  0> +
            ...
 |   20> = ( 0.7071072, 0.0000000)|   0, 2, 0;0,  0;0,  0> +
           (-0.7071063,-0.0000000)|   0, 0, 2;0,  0;0,  0> +
           ( 0.0000132, 0.0000000)|   0, 2, 0;0,  0;1,  0> +
           (-0.0000132, 0.0000000)|   0, 2, 0;1,  0;0,  0> +
           (-0.0000132, 0.0000000)|   0, 0, 2;0,  0;1,  0> +
           ( 0.0000132, 0.0000000)|   0, 0, 2;1,  0;0,  0> +
            ...
 |   21> = (-0.7071072, 0.0000000)|   0, 0, 2;0,  0;0,  0> +
           (-0.7071063,-0.0000000)|   0, 2, 0;0,  0;0,  0> +
           (-0.0000132, 0.0000000)|   0, 0, 2;0,  0;1,  0> +
           ( 0.0000132, 0.0000000)|   0, 0, 2;1,  0;0,  0> +
           ( 0.0000132, 0.0000000)|   0, 2, 0;1,  0;0,  0> +
           (-0.0000132, 0.0000000)|   0, 2, 0;0,  0;1,  0> +
            ...
 |   22> = ( 0.0020255,-0.9999979)|   0, 1, 1;0,  0;0,  0> +
           ( 0.0000000,-0.0000186)|   0, 1, 1;0,  0;1,  0> +
           (-0.0000000, 0.0000186)|   0, 1, 1;1,  0;0,  0> +
            ...
 |   23> = (-0.7221265, 0.0015660)|   5, 1, 0;0,  0;0,  0> +
           ( 0.0015660,-0.6917574)|   5, 0, 1;0,  0;0,  0> +
           ( 0.0000135,-0.0000000)|   5, 1, 0;1,  0;0,  0> +
           (-0.0000135, 0.0000000)|   5, 1, 0;0,  0;1,  0> +
           ( 0.0000000,-0.0000129)|   5, 0, 1;0,  0;1,  0> +
           (-0.0000000, 0.0000129)|   5, 0, 1;1,  0;0,  0> +
            ...
 |   24> = ( 0.0725321, 0.7184764)|   5, 0, 1;0,  0;0,  0> +
           (-0.6879462, 0.0725316)|   5, 1, 0;0,  0;0,  0> +
           ( 0.0000014, 0.0000134)|   5, 0, 1;0,  0;1,  0> +
           (-0.0000014,-0.0000134)|   5, 0, 1;1,  0;0,  0> +
           (-0.0000128, 0.0000014)|   5, 1, 0;0,  0;1,  0> +
           ( 0.0000128,-0.0000014)|   5, 1, 0;1,  0;0,  0> +
            ...
 # The upper part of the spectrum
 # Eigenvalues first: 512	 last: 562
 20766.929016861 20766.929016861 20766.929018219 20766.929018219 20766.929022680 20766.929025397 20767.929016861 20767.929016861 20767.929018219 20767.929018219 20767.929022680 20767.929025397 20768.929016860 20768.929016861 20768.929018219 20768.929018219 20768.929022680 20768.929025397 20769.929016860 20769.929016860 20769.929018219 20769.929018219 20769.929022680 20769.929025397 20770.929016861 20770.929016861 20770.929018219 20770.929018219 20770.929022680 20770.929025397 20771.485140702 20771.485140702 20771.485140703 20771.485140703 20771.485142061 20771.485142061 20771.485142061 20771.485142061 20771.485146522 20771.485146522 20771.485149239 20771.485149239 20771.929016860 20771.929016860 20771.929018219 20771.929018219 20771.929022680 20771.929025397 20772.485140702 20772.485140702

# Excited states :
 |  511> = ( 0.0007115, 0.9999997)|  31, 3, 3;0,  0;0,  0> +
           ( 0.0000000, 0.0000186)|  31, 3, 3;0,  0;1,  0> +
           (-0.0000000,-0.0000186)|  31, 3, 3;1,  0;0,  0> +
            ...
 |  512> = (-0.7070297,-0.0000000)|   0, 0, 0;0,  0;1, -1> +
           ( 0.7070224, 0.0000000)|   0, 0, 0;1, -1;0,  0> +
           (-0.0106848,-0.0001909)|   0, 0, 0;1,  1;0,  0> +
           ( 0.0106826, 0.0001899)|   0, 0, 0;0,  0;1,  1> +
           ( 0.0000132, 0.0000000)|   0, 0, 0;1,  0;1, -1> +
           ( 0.0000132, 0.0000000)|   0, 0, 0;1, -1;1,  0> +
            ...
 |  513> = (-0.7069376,-0.0125684)|   0, 0, 0;0,  0;1,  1> +
           ( 0.7068913, 0.0125573)|   0, 0, 0;1,  1;0,  0> +
           ( 0.0106873,-0.0000005)|   0, 0, 0;1, -1;0,  0> +
           (-0.0106835, 0.0000006)|   0, 0, 0;0,  0;1, -1> +
           ( 0.0000132, 0.0000002)|   0, 0, 0;1,  0;1,  1> +
           ( 0.0000132, 0.0000002)|   0, 0, 0;1,  1;1,  0> +
            ...
 |  514> = (-0.5399515,-0.4566012)|   0, 0, 0;1,  1;0,  0> +
           (-0.5399093,-0.4565791)|   0, 0, 0;0,  0;1,  1> +
           (-0.0007925, 0.0000219)|   0, 0, 0;1, -1;0,  0> +
           (-0.0007896, 0.0000229)|   0, 0, 0;0,  0;1, -1> +
           (-0.0000101,-0.0000085)|   0, 0, 0;1,  1;1,  0> +
           ( 0.0000101, 0.0000085)|   0, 0, 0;1,  0;1,  1> +
            ...
 |  515> = (-0.7071100,-0.0000000)|   0, 0, 0;1, -1;0,  0> +
           (-0.7071027,-0.0000000)|   0, 0, 0;0,  0;1, -1> +
           ( 0.0005915, 0.0005279)|   0, 0, 0;1,  1;0,  0> +
           ( 0.0005876, 0.0005279)|   0, 0, 0;0,  0;1,  1> +
           (-0.0000132,-0.0000000)|   0, 0, 0;1, -1;1,  0> +
           ( 0.0000132, 0.0000000)|   0, 0, 0;1,  0;1, -1> +
            ...
 |  516> = ( 0.7071066, 0.0004630)|   0, 0, 0;0,  0;1,  0> +
           ( 0.7071066, 0.0004630)|   0, 0, 0;1,  0;0,  0> +
           ( 0.0000156,-0.0000000)|   0, 0, 0;0,  0;1, -1> +
            ...
 |  517> = (-0.7071068,-0.0000000)|   0, 0, 0;1,  0;0,  0> +
           ( 0.7071068,-0.0000000)|   0, 0, 0;0,  0;1,  0> +
           (-0.0000264,-0.0000000)|   0, 0, 0;1,  0;1,  0> +
           (-0.0000264, 0.0000000)|   0, 0, 0;0,  0;0,  0> +
            ...
 |  518> = (-0.6801115,-0.0012282)|   1, 0, 0;1,  1;0,  0> +
           ( 0.6800489, 0.0012281)|   1, 0, 0;0,  0;1,  1> +
           ( 0.1936221, 0.0004674)|   1, 0, 0;1, -1;0,  0> +
           (-0.1936205,-0.0004674)|   1, 0, 0;0,  0;1, -1> +
           (-0.0000127,-0.0000000)|   1, 0, 0;1,  1;1,  0> +
           (-0.0000127,-0.0000000)|   1, 0, 0;1,  0;1,  1> +
            ...
 |  519> = ( 0.6801306, 0.0000404)|   1, 0, 0;0,  0;1, -1> +
           (-0.6800320,-0.0000404)|   1, 0, 0;1, -1;0,  0> +
           (-0.1936382, 0.0001062)|   1, 0, 0;1,  1;0,  0> +
           ( 0.1936055,-0.0001062)|   1, 0, 0;0,  0;1,  1> +
           (-0.0000127,-0.0000000)|   1, 0, 0;1,  0;1, -1> +
           (-0.0000127,-0.0000000)|   1, 0, 0;1, -1;1,  0> +
            ...
 |  520> = ( 0.6915012, 0.0001078)|   1, 0, 0;0,  0;1,  1> +
           ( 0.6914395, 0.0001077)|   1, 0, 0;1,  1;0,  0> +
           ( 0.1478836, 0.0000298)|   1, 0, 0;1, -1;0,  0> +
           ( 0.1478779, 0.0000298)|   1, 0, 0;0,  0;1, -1> +
           (-0.0000129,-0.0000000)|   1, 0, 0;1,  0;1,  1> +
           ( 0.0000129, 0.0000000)|   1, 0, 0;1,  1;1,  0> +
            ...
 |  521> = ( 0.6915181, 0.0000018)|   1, 0, 0;1, -1;0,  0> +
           ( 0.6914227, 0.0000018)|   1, 0, 0;0,  0;1, -1> +
           (-0.1479020, 0.0000064)|   1, 0, 0;0,  0;1,  1> +
           (-0.1478596, 0.0000064)|   1, 0, 0;1,  1;0,  0> +
           ( 0.0000129, 0.0000000)|   1, 0, 0;1, -1;1,  0> +
           (-0.0000129,-0.0000000)|   1, 0, 0;1,  0;1, -1> +
            ...
 |  522> = ( 0.7071070, 0.0000000)|   1, 0, 0;0,  0;1,  0> +
           ( 0.7071065, 0.0000000)|   1, 0, 0;1,  0;0,  0> +
            ...
 |  523> = ( 0.7071070,-0.0000000)|   1, 0, 0;1,  0;0,  0> +
           (-0.7071065,-0.0000000)|   1, 0, 0;0,  0;1,  0> +
           ( 0.0000264, 0.0000000)|   1, 0, 0;1,  0;1,  0> +
           ( 0.0000264, 0.0000000)|   1, 0, 0;0,  0;0,  0> +
            ...
 |  524> = (-0.7071590,-0.0000000)|   2, 0, 0;0,  0;1, -1> +
           ( 0.7070545, 0.0000001)|   2, 0, 0;1, -1;0,  0> +
           ( 0.0000393, 0.0000000)|   2, 0, 0;0,  0;1,  1> +
           (-0.0000391, 0.0000000)|   2, 0, 0;1,  1;0,  0> +
           ( 0.0000132, 0.0000000)|   2, 0, 0;1,  0;1, -1> +
           ( 0.0000132, 0.0000000)|   2, 0, 0;1, -1;1,  0> +
            ...
 |  525> = ( 0.7071173, 0.0024563)|   2, 0, 0;1,  1;0,  0> +
           (-0.7070877,-0.0024557)|   2, 0, 0;0,  0;1,  1> +
           ( 0.0000392, 0.0000001)|   2, 0, 0;1, -1;0,  0> +
           (-0.0000392,-0.0000001)|   2, 0, 0;0,  0;1, -1> +
           ( 0.0000132, 0.0000000)|   2, 0, 0;1,  1;1,  0> +
           ( 0.0000132, 0.0000000)|   2, 0, 0;1,  0;1,  1> +
            ...
 |  526> = (-0.7071590,-0.0000001)|   2, 0, 0;1, -1;0,  0> +
           (-0.7070545,-0.0000000)|   2, 0, 0;0,  0;1, -1> +
           ( 0.0000424, 0.0000000)|   2, 0, 0;1,  1;0,  0> +
           ( 0.0000424, 0.0000000)|   2, 0, 0;0,  0;1,  1> +
           (-0.0000132,-0.0000000)|   2, 0, 0;1, -1;1,  0> +
           ( 0.0000132, 0.0000000)|   2, 0, 0;1,  0;1, -1> +
            ...
 |  527> = ( 0.7069414, 0.0159610)|   2, 0, 0;0,  0;1,  1> +
           ( 0.7069118, 0.0159608)|   2, 0, 0;1,  1;0,  0> +
           ( 0.0000425, 0.0000010)|   2, 0, 0;0,  0;1, -1> +
           ( 0.0000423, 0.0000010)|   2, 0, 0;1, -1;0,  0> +
           (-0.0000132,-0.0000003)|   2, 0, 0;1,  0;1,  1> +
           ( 0.0000132, 0.0000003)|   2, 0, 0;1,  1;1,  0> +
            ...
 |  528> = ( 0.7071076, 0.0000001)|   2, 0, 0;1,  0;0,  0> +
           ( 0.7071060, 0.0000001)|   2, 0, 0;0,  0;1,  0> +
            ...
 |  529> = ( 0.7071076, 0.0000000)|   2, 0, 0;0,  0;1,  0> +
           (-0.7071060, 0.0000000)|   2, 0, 0;1,  0;0,  0> +
           (-0.0000264,-0.0000000)|   2, 0, 0;1,  0;1,  0> +
           (-0.0000264, 0.0000000)|   2, 0, 0;0,  0;0,  0> +
            ...
 |  530> = (-0.6421875,-0.2959910)|   3, 0, 0;1,  1;0,  0> +
           ( 0.6421656, 0.2959849)|   3, 0, 0;0,  0;1,  1> +
           ( 0.0005626, 0.0002593)|   3, 0, 0;0,  0;1, -1> +
           (-0.0005626,-0.0002593)|   3, 0, 0;1, -1;0,  0> +
           (-0.0000120,-0.0000055)|   3, 0, 0;1,  1;1,  0> +
           (-0.0000120,-0.0000055)|   3, 0, 0;1,  0;1,  1> +
            ...
 |  531> = ( 0.7071126, 0.0000002)|   3, 0, 0;0,  0;1, -1> +
           (-0.7071004,-0.0000002)|   3, 0, 0;1, -1;0,  0> +
           ( 0.0006195, 0.0000000)|   3, 0, 0;1,  1;0,  0> +
           (-0.0006195,-0.0000000)|   3, 0, 0;0,  0;1,  1> +
           (-0.0000132,-0.0000000)|   3, 0, 0;1,  0;1, -1> +
           (-0.0000132,-0.0000000)|   3, 0, 0;1, -1;1,  0> +
            ...
 |  532> = (-0.7071126, 0.0000001)|   3, 0, 0;1, -1;0,  0> +
           (-0.7071004, 0.0000001)|   3, 0, 0;0,  0;1, -1> +
           ( 0.0006026,-0.0000003)|   3, 0, 0;0,  0;1,  1> +
           ( 0.0006026,-0.0000003)|   3, 0, 0;1,  1;0,  0> +
           (-0.0000132, 0.0000000)|   3, 0, 0;1, -1;1,  0> +
           ( 0.0000132,-0.0000000)|   3, 0, 0;1,  0;1, -1> +
            ...
 |  533> = (-0.7068512,-0.0194112)|   3, 0, 0;0,  0;1,  1> +
           (-0.7068289,-0.0194069)|   3, 0, 0;1,  1;0,  0> +
           (-0.0006024,-0.0000169)|   3, 0, 0;1, -1;0,  0> +
           (-0.0006024,-0.0000169)|   3, 0, 0;0,  0;1, -1> +
           ( 0.0000132, 0.0000004)|   3, 0, 0;1,  0;1,  1> +
           (-0.0000132,-0.0000004)|   3, 0, 0;1,  1;1,  0> +
            ...
 |  534> = ( 0.7070975,-0.0037002)|   3, 0, 0;1,  0;0,  0> +
           ( 0.7070967,-0.0037002)|   3, 0, 0;0,  0;1,  0> +
            ...
 |  535> = (-0.7071071, 0.0000000)|   3, 0, 0;0,  0;1,  0> +
           ( 0.7071064, 0.0000000)|   3, 0, 0;1,  0;0,  0> +
           ( 0.0000264,-0.0000000)|   3, 0, 0;1,  0;1,  0> +
           ( 0.0000264, 0.0000000)|   3, 0, 0;0,  0;0,  0> +
            ...
 |  536> = (-0.7041899, 0.0646998)|   4, 0, 0;0,  0;1,  1> +
           ( 0.7040911,-0.0647012)|   4, 0, 0;1,  1;0,  0> +
           (-0.0000175, 0.0000016)|   4, 0, 0;0,  0;1, -1> +
           ( 0.0000175,-0.0000016)|   4, 0, 0;1, -1;0,  0> +
           ( 0.0000131,-0.0000012)|   4, 0, 0;1,  0;1,  1> +
           ( 0.0000131,-0.0000012)|   4, 0, 0;1,  1;1,  0> +
            ...
 |  537> = ( 0.7071179, 0.0000001)|   4, 0, 0;1, -1;0,  0> +
           (-0.7070957, 0.0000000)|   4, 0, 0;0,  0;1, -1> +
           ( 0.0000175,-0.0000000)|   4, 0, 0;0,  0;1,  1> +
           (-0.0000175, 0.0000000)|   4, 0, 0;1,  1;0,  0> +
           ( 0.0000132, 0.0000000)|   4, 0, 0;1, -1;1,  0> +
           ( 0.0000132,-0.0000000)|   4, 0, 0;1,  0;1, -1> +
            ...
 |  538> = ( 0.7071179, 0.0000000)|   4, 0, 0;0,  0;1, -1> +
           ( 0.7070957, 0.0000001)|   4, 0, 0;1, -1;0,  0> +
           (-0.0000173, 0.0000000)|   4, 0, 0;0,  0;1,  1> +
           (-0.0000173, 0.0000000)|   4, 0, 0;1,  1;0,  0> +
           (-0.0000132,-0.0000000)|   4, 0, 0;1,  0;1, -1> +
           ( 0.0000132, 0.0000000)|   4, 0, 0;1, -1;1,  0> +
            ...
 |  539> = (-0.7071557,-0.0005038)|   4, 0, 0;1,  1;0,  0> +
           (-0.7070575,-0.0005142)|   4, 0, 0;0,  0;1,  1> +
           (-0.0000173,-0.0000000)|   4, 0, 0;0,  0;1, -1> +
           (-0.0000173,-0.0000000)|   4, 0, 0;1, -1;0,  0> +
           (-0.0000132,-0.0000000)|   4, 0, 0;1,  1;1,  0> +
           ( 0.0000132, 0.0000000)|   4, 0, 0;1,  0;1,  1> +
            ...
 |  540> = ( 0.7071047,-0.0023716)|   4, 0, 0;1,  0;0,  0> +
           ( 0.7071009,-0.0023716)|   4, 0, 0;0,  0;1,  0> +
            ...
 |  541> = (-0.7071087, 0.0000000)|   4, 0, 0;0,  0;1,  0> +
           ( 0.7071049, 0.0000000)|   4, 0, 0;1,  0;0,  0> +
           ( 0.0000264, 0.0000000)|   4, 0, 0;1,  0;1,  0> +
           ( 0.0000264, 0.0000000)|   4, 0, 0;0,  0;0,  0> +
            ...
 |  542> = ( 0.5046114,-0.1225305)|   0, 1, 0;1, -1;0,  0> +
           (-0.5045754, 0.1225347)|   0, 1, 0;0,  0;1, -1> +
           ( 0.0517170, 0.3974868)|   0, 0, 1;1,  1;0,  0> +
           (-0.0517194,-0.3973887)|   0, 0, 1;0,  0;1,  1> +
           (-0.2154816, 0.1028025)|   0, 1, 0;0,  0;1,  1> +
           ( 0.2154268,-0.1027955)|   0, 1, 0;1,  1;0,  0> +
           (-0.0319845,-0.1083034)|   0, 0, 1;1, -1;0,  0> +
           ( 0.0319847, 0.1082937)|   0, 0, 1;0,  0;1, -1> +
            ...
 |  543> = (-0.3535811,-0.0000000)|   0, 1, 0;0,  0;1, -1> +
           ( 0.3535809, 0.0000000)|   0, 1, 0;1, -1;0,  0> +
           ( 0.0000000, 0.3535697)|   0, 0, 1;0,  0;1,  1> +
           (-0.0000000,-0.3535695)|   0, 0, 1;1,  1;0,  0> +
           ( 0.3535621, 0.0000000)|   0, 1, 0;0,  0;1,  1> +
           (-0.3535617,-0.0000000)|   0, 1, 0;1,  1;0,  0> +
           (-0.0000000, 0.3535016)|   0, 0, 1;0,  0;1, -1> +
           ( 0.0000000,-0.3535006)|   0, 0, 1;1, -1;0,  0> +
            ...
 |  544> = ( 0.0008207,-0.5833438)|   0, 0, 1;0,  0;1, -1> +
           (-0.0008213, 0.5832601)|   0, 0, 1;1, -1;0,  0> +
           ( 0.3207316,-0.0057081)|   0, 1, 0;1, -1;0,  0> +
           (-0.3207155, 0.0057092)|   0, 1, 0;0,  0;1, -1> +
           ( 0.0076401,-0.2369731)|   0, 0, 1;1,  1;0,  0> +
           (-0.0076394, 0.2369579)|   0, 0, 1;0,  0;1,  1> +
           (-0.0255084, 0.0011099)|   0, 1, 0;1,  1;0,  0> +
           ( 0.0254718,-0.0011103)|   0, 1, 0;0,  0;1,  1> +
           (-0.0000000, 0.0000109)|   0, 0, 1;1,  0;1, -1> +
           (-0.0000000, 0.0000109)|   0, 0, 1;1, -1;1,  0> +
            ...
 |  545> = (-0.5632772,-0.0089098)|   0, 1, 0;0,  0;1,  1> +
           ( 0.5632670, 0.0089083)|   0, 1, 0;1,  1;0,  0> +
           (-0.0597812, 0.3931595)|   0, 0, 1;0,  0;1,  1> +
           ( 0.0597836,-0.3931537)|   0, 0, 1;1,  1;0,  0> +
           ( 0.0063702, 0.1483450)|   0, 0, 1;0,  0;1, -1> +
           (-0.0063721,-0.1483229)|   0, 0, 1;1, -1;0,  0> +
           ( 0.0218010,-0.0445018)|   0, 1, 0;1, -1;0,  0> +
           (-0.0217937, 0.0445025)|   0, 1, 0;0,  0;1, -1> +
           ( 0.0000105, 0.0000002)|   0, 1, 0;1,  0;1,  1> +
           ( 0.0000105, 0.0000002)|   0, 1, 0;1,  1;1,  0> +
            ...
 |  546> = ( 0.0047658,-0.5165834)|   0, 0, 1;1, -1;0,  0> +
           ( 0.0047669,-0.5165065)|   0, 0, 1;0,  0;1, -1> +
           (-0.0050003,-0.3572851)|   0, 0, 1;0,  0;1,  1> +
           (-0.0049970,-0.3572570)|   0, 0, 1;1,  1;0,  0> +
           (-0.2874131, 0.0035802)|   0, 1, 0;0,  0;1,  1> +
           (-0.2873964, 0.0035782)|   0, 1, 0;1,  1;0,  0> +
           ( 0.1507477,-0.0125024)|   0, 1, 0;0,  0;1, -1> +
           ( 0.1507176,-0.0125066)|   0, 1, 0;1, -1;0,  0> +
            ...
 |  547> = (-0.0148507,-0.5061399)|   0, 0, 1;0,  0;1,  1> +
           (-0.0148432,-0.5061097)|   0, 0, 1;1,  1;0,  0> +
           ( 0.0141803, 0.4590660)|   0, 0, 1;1, -1;0,  0> +
           ( 0.0141833, 0.4590442)|   0, 0, 1;0,  0;1, -1> +
           (-0.1322956, 0.0106572)|   0, 1, 0;0,  0;1,  1> +
           (-0.1322891, 0.0106510)|   0, 1, 0;1,  1;0,  0> +
           ( 0.1170031,-0.0372452)|   0, 1, 0;1, -1;0,  0> +
           ( 0.1169452,-0.0372346)|   0, 1, 0;0,  0;1, -1> +
            ...
 |  548> = ( 0.4556157, 0.0009212)|   0, 1, 0;0,  0;1, -1> +
           ( 0.4555400, 0.0009368)|   0, 1, 0;1, -1;0,  0> +
           (-0.4063162, 0.0018843)|   0, 1, 0;1,  1;0,  0> +
           (-0.4062721, 0.0018710)|   0, 1, 0;0,  0;1,  1> +
           (-0.0281352, 0.3308986)|   0, 0, 1;0,  0;1,  1> +
           (-0.0281412, 0.3308553)|   0, 0, 1;1,  1;0,  0> +
           ( 0.0083914, 0.1304966)|   0, 0, 1;1, -1;0,  0> +
           ( 0.0083877, 0.1304849)|   0, 0, 1;0,  0;1, -1> +
           (-0.0000116, 0.0000063)|   0, 1, 0;1,  0;0,  0> +
            ...
 |  549> = ( 0.5039214, 0.0239516)|   0, 1, 0;1, -1;0,  0> +
           ( 0.5039036, 0.0239502)|   0, 1, 0;0,  0;1, -1> +
           ( 0.4832695, 0.0338873)|   0, 1, 0;1,  1;0,  0> +
           ( 0.4832586, 0.0338880)|   0, 1, 0;0,  0;1,  1> +
           (-0.0129690,-0.0742346)|   0, 0, 1;0,  0;1,  1> +
           (-0.0129708,-0.0742263)|   0, 0, 1;1,  1;0,  0> +
           ( 0.0119195,-0.0706092)|   0, 0, 1;1, -1;0,  0> +
           ( 0.0119199,-0.0706078)|   0, 0, 1;0,  0;1, -1> +
            ...
 |  550> = ( 0.1608631, 0.6787606)|   0, 0, 1;0,  0;1,  0> +
           ( 0.1608536, 0.6787523)|   0, 0, 1;1,  0;0,  0> +
           (-0.1154735,-0.0089701)|   0, 1, 0;0,  0;1,  0> +
           (-0.1154705,-0.0089732)|   0, 1, 0;1,  0;0,  0> +
            ...
 |  551> = (-0.6724065, 0.1857252)|   0, 1, 0;1,  0;0,  0> +
           (-0.6723660, 0.1856639)|   0, 1, 0;0,  0;1,  0> +
           (-0.0634456,-0.0969025)|   0, 0, 1;0,  0;1,  0> +
           (-0.0634390,-0.0968947)|   0, 0, 1;1,  0;0,  0> +
           (-0.0000104, 0.0000003)|   0, 1, 0;1, -1;0,  0> +
            ...
 |  552> = (-0.0853739, 0.7004893)|   0, 0, 1;1,  0;0,  0> +
           ( 0.0853659,-0.7004792)|   0, 0, 1;0,  0;1,  0> +
           ( 0.0401403, 0.0205603)|   0, 1, 0;1,  0;0,  0> +
           (-0.0401345,-0.0205611)|   0, 1, 0;0,  0;1,  0> +
           (-0.0000032, 0.0000261)|   0, 0, 1;1,  0;1,  0> +
           (-0.0000032, 0.0000261)|   0, 0, 1;0,  0;0,  0> +
            ...
 |  553> = ( 0.3465321,-0.6147522)|   0, 1, 0;0,  0;1,  0> +
           (-0.3464644, 0.6147277)|   0, 1, 0;1,  0;0,  0> +
           ( 0.0445180, 0.0072421)|   0, 0, 1;1,  0;0,  0> +
           (-0.0445080,-0.0072283)|   0, 0, 1;0,  0;1,  0> +
           (-0.0000129, 0.0000229)|   0, 1, 0;1,  0;1,  0> +
           (-0.0000129, 0.0000229)|   0, 1, 0;0,  0;0,  0> +
            ...
 |  554> = ( 0.7071215, 0.0000073)|   5, 0, 0;1,  1;0,  0> +
           (-0.7070906,-0.0000059)|   5, 0, 0;0,  0;1,  1> +
           (-0.0010344, 0.0000053)|   5, 0, 0;1, -1;0,  0> +
           ( 0.0010344,-0.0000053)|   5, 0, 0;0,  0;1, -1> +
           ( 0.0000132, 0.0000000)|   5, 0, 0;1,  1;1,  0> +
           ( 0.0000132, 0.0000000)|   5, 0, 0;1,  0;1,  1> +
            ...
 |  555> = (-0.7071778, 0.0000038)|   5, 0, 0;1, -1;0,  0> +
           ( 0.7070342,-0.0000038)|   5, 0, 0;0,  0;1, -1> +
           (-0.0010350,-0.0000053)|   5, 0, 0;1,  1;0,  0> +
           ( 0.0010338, 0.0000053)|   5, 0, 0;0,  0;1,  1> +
           (-0.0000132, 0.0000000)|   5, 0, 0;1, -1;1,  0> +
           (-0.0000132, 0.0000000)|   5, 0, 0;1,  0;1, -1> +
            ...
 |  556> = (-0.7064958,-0.0297368)|   5, 0, 0;0,  0;1,  1> +
           (-0.7064649,-0.0297369)|   5, 0, 0;1,  1;0,  0> +
           ( 0.0011170, 0.0000447)|   5, 0, 0;1, -1;0,  0> +
           ( 0.0011161, 0.0000447)|   5, 0, 0;0,  0;1, -1> +
           ( 0.0000132, 0.0000006)|   5, 0, 0;1,  0;1,  1> +
           (-0.0000132,-0.0000006)|   5, 0, 0;1,  1;1,  0> +
            ...
 |  557> = (-0.7071777, 0.0000087)|   5, 0, 0;0,  0;1, -1> +
           (-0.7070341, 0.0000087)|   5, 0, 0;1, -1;0,  0> +
           (-0.0011175,-0.0000023)|   5, 0, 0;0,  0;1,  1> +
           (-0.0011173,-0.0000023)|   5, 0, 0;1,  1;0,  0> +
           ( 0.0000132,-0.0000000)|   5, 0, 0;1,  0;1, -1> +
           (-0.0000132, 0.0000000)|   5, 0, 0;1, -1;1,  0> +
            ...
 |  558> = (-0.7069767, 0.0136358)|   5, 0, 0;1,  0;0,  0> +
           (-0.7069739, 0.0136358)|   5, 0, 0;0,  0;1,  0> +
            ...
 |  559> = ( 0.7071082,-0.0000000)|   5, 0, 0;0,  0;1,  0> +
           (-0.7071054,-0.0000000)|   5, 0, 0;1,  0;0,  0> +
           (-0.0000264,-0.0000000)|   5, 0, 0;1,  0;1,  0> +
           (-0.0000264,-0.0000000)|   5, 0, 0;0,  0;0,  0> +
            ...
 |  560> = ( 0.5015263,-0.3002584)|   1, 1, 0;0,  0;1, -1> +
           (-0.5014535, 0.3002334)|   1, 1, 0;1, -1;0,  0> +
           (-0.1949039,-0.3048310)|   1, 0, 1;1,  1;0,  0> +
           ( 0.1948727, 0.3047650)|   1, 0, 1;0,  0;1,  1> +
           (-0.0638517,-0.1325214)|   1, 0, 1;1, -1;0,  0> +
           ( 0.0638209, 0.1324930)|   1, 0, 1;0,  0;1, -1> +
           (-0.0642658, 0.0415338)|   1, 1, 0;1,  1;0,  0> +
           ( 0.0641047,-0.0415088)|   1, 1, 0;0,  0;1,  1> +
           (-0.0000094, 0.0000056)|   1, 1, 0;1,  0;1, -1> +
           (-0.0000094, 0.0000056)|   1, 1, 0;1, -1;1,  0> +
            ...
 |  561> = ( 0.5879848, 0.0001771)|   1, 1, 0;0,  0;1,  1> +
           (-0.5879398,-0.0001773)|   1, 1, 0;1,  1;0,  0> +
           ( 0.0008428, 0.3504308)|   1, 0, 1;1,  1;0,  0> +
           (-0.0008427,-0.3504069)|   1, 0, 1;0,  0;1,  1> +
           ( 0.1595497, 0.0013188)|   1, 1, 0;0,  0;1, -1> +
           (-0.1594145,-0.0013187)|   1, 1, 0;1, -1;0,  0> +
           ( 0.0002989, 0.0779299)|   1, 0, 1;1, -1;0,  0> +
           (-0.0002988,-0.0778889)|   1, 0, 1;0,  0;1, -1> +
           (-0.0000110,-0.0000000)|   1, 1, 0;1,  0;1,  1> +
           (-0.0000110,-0.0000000)|   1, 1, 0;1,  1;1,  0> +
            ...
