p1708
p1708
p1708
p1708
p1708
p1708
p1708
p1708
p1708
p1708
p1708
p1708
p1708
p1708
p1708
p1708
p1708
p1708
p1708
p1708
p1708
p1708
p1708
p1708
# Parameters of the model
#  mass:		  261.0000 u
#  charge:	    1.0000 e
#  dipole:	   4.74500 D
#  B:		    503.65 MHz
#  omega_rho:	    1.4000 MHz
#  omega_z:	  0.140000 MHz

# omega_1:	  0.242487 MHz
# omega_3/5:	   1.39298 MHz

# Basis truncation:	|32,4,4;2,2>
# Basis size:		41472

# Active terms of the Hamiltionian:
# 	Nomal modes:	1
# 	T_rot:      	1
# 	V_qd^{(0)}: 	1
# 	V_qd^{(1)}: 	1
# 	V_dd^{(0)}: 	1

# Results of the diagonalisation
# 100 smallest eigenvalues
 6.244552784 7.244552784 8.244552784 9.244552784 10.244552784 11.244552784 11.989115431 11.989115431 12.244552784 12.989115431 12.989115431 13.244552784 13.989115431 13.989115431 14.244552784 14.989115431 14.989115431 15.244552784 15.989115431 15.989115431 16.244552784 16.989115431 16.989115431 17.244552784 17.733678077 17.733678077 17.733678077 17.989115430 17.989115431 18.244552784 18.733678077 18.733678077 18.733678077 18.989115430 18.989115431 19.244552784 19.733678077 19.733678077 19.733678077 19.989115430 19.989115432 20.244552784 20.733678077 20.733678077 20.733678077 20.989115431 20.989115431 21.244552783 21.733678077 21.733678077 21.733678077 21.989115431 21.989115431 22.244552784 22.733678077 22.733678077 22.733678077 22.989115430 22.989115431 23.244552784 23.478240724 23.478240724 23.478240724 23.478240724 23.733678077 23.733678077 23.733678078 23.989115430 23.989115430 24.244552784 24.478240724 24.478240724 24.478240724 24.478240724 24.733678077 24.733678077 24.733678077 24.989115431 24.989115431 25.244552784 25.478240724 25.478240724 25.478240724 25.478240724 25.733678077 25.733678077 25.733678077 25.989115431 25.989115431 26.244552784 26.478240724 26.478240724 26.478240724 26.478240724 26.733678077 26.733678077 26.733678077 26.989115430 26.989115431 27.244552784

# Ground state and the lowest excitations:
 |    0> = ( 1.0000000, 0.0000000)|   0, 0, 0;0,  0;0,  0> +
           (-0.0000137, 0.0000000)|   0, 0, 0;1,  0;0,  0> +
           ( 0.0000137, 0.0000000)|   0, 0, 0;0,  0;1,  0> +
            ...
 |    1> = ( 1.0000000, 0.0000000)|   1, 0, 0;0,  0;0,  0> +
           (-0.0000137,-0.0000000)|   1, 0, 0;1,  0;0,  0> +
           ( 0.0000137,-0.0000000)|   1, 0, 0;0,  0;1,  0> +
            ...
 |    2> = ( 1.0000000, 0.0000000)|   2, 0, 0;0,  0;0,  0> +
           ( 0.0000137, 0.0000000)|   2, 0, 0;0,  0;1,  0> +
           (-0.0000137, 0.0000000)|   2, 0, 0;1,  0;0,  0> +
            ...
 |    3> = (-1.0000000,-0.0000000)|   3, 0, 0;0,  0;0,  0> +
           ( 0.0000137,-0.0000000)|   3, 0, 0;1,  0;0,  0> +
           (-0.0000137,-0.0000000)|   3, 0, 0;0,  0;1,  0> +
            ...
 |    4> = (-1.0000000,-0.0000000)|   4, 0, 0;0,  0;0,  0> +
           (-0.0000137,-0.0000000)|   4, 0, 0;0,  0;1,  0> +
           ( 0.0000137, 0.0000000)|   4, 0, 0;1,  0;0,  0> +
            ...
 |    5> = ( 1.0000000,-0.0000000)|   5, 0, 0;0,  0;0,  0> +
           (-0.0000137, 0.0000000)|   5, 0, 0;1,  0;0,  0> +
           ( 0.0000137,-0.0000000)|   5, 0, 0;0,  0;1,  0> +
            ...
 |    6> = (-0.7200697, 0.0000000)|   0, 1, 0;0,  0;0,  0> +
           ( 0.0000000,-0.6939017)|   0, 0, 1;0,  0;0,  0> +
            ...
 |    7> = ( 0.0000003, 0.7200697)|   0, 0, 1;0,  0;0,  0> +
           (-0.6939017, 0.0000003)|   0, 1, 0;0,  0;0,  0> +
            ...
 |    8> = (-1.0000000, 0.0000000)|   6, 0, 0;0,  0;0,  0> +
           ( 0.0000137,-0.0000000)|   6, 0, 0;1,  0;0,  0> +
           (-0.0000137, 0.0000000)|   6, 0, 0;0,  0;1,  0> +
            ...
 |    9> = ( 0.3155390, 0.6373648)|   1, 0, 1;0,  0;0,  0> +
           (-0.6281983, 0.3155442)|   1, 1, 0;0,  0;0,  0> +
            ...
 |   10> = (-0.7111924, 0.0020476)|   1, 1, 0;0,  0;0,  0> +
           ( 0.0020476,-0.7029915)|   1, 0, 1;0,  0;0,  0> +
            ...
 |   11> = (-1.0000000,-0.0000000)|   7, 0, 0;0,  0;0,  0> +
           (-0.0000137,-0.0000000)|   7, 0, 0;0,  0;1,  0> +
           ( 0.0000137, 0.0000000)|   7, 0, 0;1,  0;0,  0> +
            ...
 |   12> = ( 0.0002115,-0.8290445)|   2, 0, 1;0,  0;0,  0> +
           (-0.5591826, 0.0002115)|   2, 1, 0;0,  0;0,  0> +
           (-0.0000000, 0.0000114)|   2, 0, 1;1,  0;0,  0> +
           ( 0.0000000,-0.0000114)|   2, 0, 1;0,  0;1,  0> +
            ...
 |   13> = ( 0.8290438, 0.0010882)|   2, 1, 0;0,  0;0,  0> +
           ( 0.0010882,-0.5591816)|   2, 0, 1;0,  0;0,  0> +
           ( 0.0000114, 0.0000000)|   2, 1, 0;0,  0;1,  0> +
           (-0.0000114,-0.0000000)|   2, 1, 0;1,  0;0,  0> +
            ...
 |   14> = (-1.0000000, 0.0000000)|   8, 0, 0;0,  0;0,  0> +
           ( 0.0000137,-0.0000000)|   8, 0, 0;1,  0;0,  0> +
           (-0.0000137, 0.0000000)|   8, 0, 0;0,  0;1,  0> +
            ...
 |   15> = ( 0.0000518, 0.7354900)|   3, 0, 1;0,  0;0,  0> +
           ( 0.6775356, 0.0000518)|   3, 1, 0;0,  0;0,  0> +
           ( 0.0000000, 0.0000101)|   3, 0, 1;0,  0;1,  0> +
           (-0.0000000,-0.0000101)|   3, 0, 1;1,  0;0,  0> +
            ...
 |   16> = (-0.7354889, 0.0012620)|   3, 1, 0;0,  0;0,  0> +
           ( 0.0012620, 0.6775344)|   3, 0, 1;0,  0;0,  0> +
           ( 0.0000101,-0.0000000)|   3, 1, 0;1,  0;0,  0> +
           (-0.0000101, 0.0000000)|   3, 1, 0;0,  0;1,  0> +
            ...
 |   17> = (-1.0000000, 0.0000000)|   9, 0, 0;0,  0;0,  0> +
           ( 0.0000137,-0.0000000)|   9, 0, 0;1,  0;0,  0> +
           (-0.0000137, 0.0000000)|   9, 0, 0;0,  0;1,  0> +
            ...
 |   18> = (-0.7197859,-0.0220105)|   4, 1, 0;0,  0;0,  0> +
           (-0.0220101, 0.6934979)|   4, 0, 1;0,  0;0,  0> +
            ...
 |   19> = ( 0.0004090,-0.7201222)|   4, 0, 1;0,  0;0,  0> +
           (-0.6938470, 0.0004090)|   4, 1, 0;0,  0;0,  0> +
            ...
 |   20> = ( 1.0000000, 0.0000000)|  10, 0, 0;0,  0;0,  0> +
           (-0.0000137,-0.0000000)|  10, 0, 0;1,  0;0,  0> +
           ( 0.0000137, 0.0000000)|  10, 0, 0;0,  0;1,  0> +
            ...
 |   21> = (-0.7298471, 0.0041414)|   5, 1, 0;0,  0;0,  0> +
           ( 0.0041414, 0.6835853)|   5, 0, 1;0,  0;0,  0> +
           (-0.0000100, 0.0000001)|   5, 1, 0;0,  0;1,  0> +
           ( 0.0000100,-0.0000001)|   5, 1, 0;1,  0;0,  0> +
            ...
 |   22> = ( 0.0001355, 0.7298588)|   5, 0, 1;0,  0;0,  0> +
           ( 0.6835979, 0.0001355)|   5, 1, 0;0,  0;0,  0> +
           ( 0.0000000, 0.0000100)|   5, 0, 1;0,  0;1,  0> +
           (-0.0000000,-0.0000100)|   5, 0, 1;1,  0;0,  0> +
            ...
 |   23> = ( 1.0000000, 0.0000000)|  11, 0, 0;0,  0;0,  0> +
           ( 0.0000137, 0.0000000)|  11, 0, 0;0,  0;1,  0> +
           (-0.0000137,-0.0000000)|  11, 0, 0;1,  0;0,  0> +
            ...
 |   24> = (-0.0000029, 1.0000000)|   0, 1, 1;0,  0;0,  0> +
           (-0.0000000, 0.0000137)|   0, 1, 1;0,  0;1,  0> +
           ( 0.0000000,-0.0000137)|   0, 1, 1;1,  0;0,  0> +
            ...
 # The upper part of the spectrum
 # Eigenvalues first: 512	 last: 562
 26106.884776717 26106.884776717 26106.884777797 26106.884777797 26106.884780615 26106.884782776 26107.884776717 26107.884776717 26107.884777797 26107.884777798 26107.884780615 26107.884782776 26108.884776716 26108.884776717 26108.884777797 26108.884777798 26108.884780615 26108.884782776 26109.884776717 26109.884776717 26109.884777797 26109.884777797 26109.884780615 26109.884782776 26110.884776717 26110.884776717 26110.884777797 26110.884777798 26110.884780614 26110.884782776 26111.884776717 26111.884776717 26111.884777797 26111.884777797 26111.884780614 26111.884782776 26112.629339363 26112.629339363 26112.629339363 26112.629339364 26112.629340443 26112.629340444 26112.629340444 26112.629340444 26112.629343261 26112.629343261 26112.629345422 26112.629345422 26112.884776717 26112.884776717

# Excited states :
 |  511> = (-0.0002418,-1.0000000)|  31, 3, 3;0,  0;0,  0> +
           ( 0.0000000, 0.0000137)|  31, 3, 3;1,  0;0,  0> +
           (-0.0000000,-0.0000137)|  31, 3, 3;0,  0;1,  0> +
            ...
 |  512> = (-0.6959831,-0.0000075)|   0, 0, 0;1, -1;0,  0> +
           ( 0.6957550, 0.0000055)|   0, 0, 0;0,  0;1, -1> +
           (-0.1201701, 0.0364769)|   0, 0, 0;0,  0;1,  1> +
           ( 0.1201258,-0.0364806)|   0, 0, 0;1,  1;0,  0> +
            ...
 |  513> = (-0.6658654, 0.2023330)|   0, 0, 0;0,  0;1,  1> +
           ( 0.6657251,-0.2023915)|   0, 0, 0;1,  1;0,  0> +
           ( 0.1255917,-0.0000417)|   0, 0, 0;1, -1;0,  0> +
           (-0.1255355, 0.0000307)|   0, 0, 0;0,  0;1, -1> +
            ...
 |  514> = (-0.6444437, 0.0000195)|   0, 0, 0;0,  0;1, -1> +
           (-0.6442357, 0.0000136)|   0, 0, 0;1, -1;0,  0> +
           ( 0.2604371, 0.1304550)|   0, 0, 0;1,  1;0,  0> +
           ( 0.2603579, 0.1304626)|   0, 0, 0;0,  0;1,  1> +
            ...
 |  515> = (-0.5761074,-0.2886886)|   0, 0, 0;1,  1;0,  0> +
           (-0.5759745,-0.2887210)|   0, 0, 0;0,  0;1,  1> +
           (-0.2913042,-0.0000432)|   0, 0, 0;0,  0;1, -1> +
           (-0.2911952,-0.0000301)|   0, 0, 0;1, -1;0,  0> +
            ...
 |  516> = (-0.7070500, 0.0089604)|   0, 0, 0;0,  0;1,  0> +
           (-0.7070500, 0.0089604)|   0, 0, 0;1,  0;0,  0> +
           (-0.0000156,-0.0000000)|   0, 0, 0;0,  0;1, -1> +
            ...
 |  517> = ( 0.7071068,-0.0000000)|   0, 0, 0;1,  0;0,  0> +
           (-0.7071068,-0.0000000)|   0, 0, 0;0,  0;1,  0> +
           ( 0.0000194,-0.0000000)|   0, 0, 0;1,  0;1,  0> +
           ( 0.0000194, 0.0000000)|   0, 0, 0;0,  0;0,  0> +
            ...
 |  518> = (-0.6526732,-0.0084090)|   1, 0, 0;1, -1;0,  0> +
           ( 0.6526135, 0.0084097)|   1, 0, 0;0,  0;1, -1> +
           (-0.2721036,-0.0033785)|   1, 0, 0;1,  1;0,  0> +
           ( 0.2718613, 0.0033817)|   1, 0, 0;0,  0;1,  1> +
            ...
 |  519> = ( 0.6527065,-0.0000428)|   1, 0, 0;1,  1;0,  0> +
           (-0.6526886, 0.0000429)|   1, 0, 0;0,  0;1,  1> +
           (-0.2720435,-0.0001066)|   1, 0, 0;1, -1;0,  0> +
           ( 0.2719634, 0.0001066)|   1, 0, 0;0,  0;1, -1> +
            ...
 |  520> = (-0.6873521, 0.0098969)|   1, 0, 0;0,  0;1,  1> +
           (-0.6872574, 0.0098979)|   1, 0, 0;1,  1;0,  0> +
           (-0.1659725, 0.0023703)|   1, 0, 0;0,  0;1, -1> +
           (-0.1657416, 0.0023730)|   1, 0, 0;1, -1;0,  0> +
            ...
 |  521> = ( 0.6873924, 0.0000038)|   1, 0, 0;0,  0;1, -1> +
           ( 0.6873597, 0.0000038)|   1, 0, 0;1, -1;0,  0> +
           (-0.1659117, 0.0000158)|   1, 0, 0;0,  0;1,  1> +
           (-0.1658364, 0.0000158)|   1, 0, 0;1,  1;0,  0> +
            ...
 |  522> = ( 0.7071075, 0.0000000)|   1, 0, 0;1,  0;0,  0> +
           ( 0.7071061, 0.0000000)|   1, 0, 0;0,  0;1,  0> +
            ...
 |  523> = ( 0.7071075, 0.0000000)|   1, 0, 0;0,  0;1,  0> +
           (-0.7071061, 0.0000000)|   1, 0, 0;1,  0;0,  0> +
           (-0.0000194,-0.0000000)|   1, 0, 0;1,  0;1,  0> +
           (-0.0000194,-0.0000000)|   1, 0, 0;0,  0;0,  0> +
            ...
 |  524> = (-0.7071271,-0.0018077)|   2, 0, 0;0,  0;1,  1> +
           ( 0.7070818, 0.0018089)|   2, 0, 0;1,  1;0,  0> +
           ( 0.0002185, 0.0000006)|   2, 0, 0;0,  0;1, -1> +
           (-0.0002185,-0.0000006)|   2, 0, 0;1, -1;0,  0> +
            ...
 |  525> = (-0.7072276, 0.0000000)|   2, 0, 0;0,  0;1, -1> +
           ( 0.7069859, 0.0000001)|   2, 0, 0;1, -1;0,  0> +
           (-0.0002186, 0.0000000)|   2, 0, 0;0,  0;1,  1> +
           ( 0.0002185,-0.0000000)|   2, 0, 0;1,  1;0,  0> +
            ...
 |  526> = (-0.7070636, 0.0096462)|   2, 0, 0;1,  1;0,  0> +
           (-0.7070183, 0.0096468)|   2, 0, 0;0,  0;1,  1> +
           ( 0.0002177,-0.0000030)|   2, 0, 0;0,  0;1, -1> +
           ( 0.0002177,-0.0000030)|   2, 0, 0;1, -1;0,  0> +
            ...
 |  527> = ( 0.7072276, 0.0000002)|   2, 0, 0;1, -1;0,  0> +
           ( 0.7069859, 0.0000000)|   2, 0, 0;0,  0;1, -1> +
           ( 0.0002177, 0.0000000)|   2, 0, 0;1,  1;0,  0> +
           ( 0.0002176, 0.0000000)|   2, 0, 0;0,  0;1,  1> +
            ...
 |  528> = (-0.7071069, 0.0000003)|   2, 0, 0;1,  0;0,  0> +
           (-0.7071066, 0.0000003)|   2, 0, 0;0,  0;1,  0> +
            ...
 |  529> = ( 0.7071069,-0.0000000)|   2, 0, 0;0,  0;1,  0> +
           (-0.7071066,-0.0000000)|   2, 0, 0;1,  0;0,  0> +
           (-0.0000194,-0.0000000)|   2, 0, 0;1,  0;1,  0> +
           (-0.0000194,-0.0000000)|   2, 0, 0;0,  0;0,  0> +
            ...
 |  530> = (-0.7069994, 0.0163960)|   3, 0, 0;0,  0;1,  1> +
           ( 0.7068251,-0.0164050)|   3, 0, 0;1,  1;0,  0> +
           ( 0.0024638,-0.0000584)|   3, 0, 0;0,  0;1, -1> +
           (-0.0024633, 0.0000585)|   3, 0, 0;1, -1;0,  0> +
            ...
 |  531> = (-0.7071402,-0.0000108)|   3, 0, 0;0,  0;1, -1> +
           ( 0.7070647, 0.0000108)|   3, 0, 0;1, -1;0,  0> +
           (-0.0024645,-0.0000013)|   3, 0, 0;0,  0;1,  1> +
           ( 0.0024640, 0.0000013)|   3, 0, 0;1,  1;0,  0> +
            ...
 |  532> = (-0.7064392,-0.0325803)|   3, 0, 0;1,  1;0,  0> +
           (-0.7062647,-0.0325853)|   3, 0, 0;0,  0;1,  1> +
           ( 0.0022999, 0.0001051)|   3, 0, 0;1, -1;0,  0> +
           ( 0.0022995, 0.0001051)|   3, 0, 0;0,  0;1, -1> +
            ...
 |  533> = ( 0.7071408, 0.0000007)|   3, 0, 0;1, -1;0,  0> +
           ( 0.7070653, 0.0000006)|   3, 0, 0;0,  0;1, -1> +
           ( 0.0023022, 0.0000010)|   3, 0, 0;1,  1;0,  0> +
           ( 0.0023020, 0.0000010)|   3, 0, 0;0,  0;1,  1> +
            ...
 |  534> = ( 0.7071076, 0.0003264)|   3, 0, 0;1,  0;0,  0> +
           ( 0.7071058, 0.0003264)|   3, 0, 0;0,  0;1,  0> +
            ...
 |  535> = ( 0.7071077, 0.0000000)|   3, 0, 0;0,  0;1,  0> +
           (-0.7071059, 0.0000000)|   3, 0, 0;1,  0;0,  0> +
           (-0.0000194,-0.0000000)|   3, 0, 0;1,  0;1,  0> +
           (-0.0000194, 0.0000000)|   3, 0, 0;0,  0;0,  0> +
            ...
 |  536> = (-0.7071632, 0.0104374)|   4, 0, 0;0,  0;1,  1> +
           ( 0.7068962,-0.0104419)|   4, 0, 0;1,  1;0,  0> +
           ( 0.0000788,-0.0000012)|   4, 0, 0;0,  0;1, -1> +
           (-0.0000788, 0.0000012)|   4, 0, 0;1, -1;0,  0> +
            ...
 |  537> = ( 0.7071141, 0.0000001)|   4, 0, 0;0,  0;1, -1> +
           (-0.7070995, 0.0000000)|   4, 0, 0;1, -1;0,  0> +
           ( 0.0000788, 0.0000000)|   4, 0, 0;0,  0;1,  1> +
           (-0.0000787,-0.0000000)|   4, 0, 0;1,  1;0,  0> +
            ...
 |  538> = ( 0.7070779, 0.0151509)|   4, 0, 0;1,  1;0,  0> +
           ( 0.7068109, 0.0151536)|   4, 0, 0;0,  0;1,  1> +
           (-0.0000797,-0.0000017)|   4, 0, 0;0,  0;1, -1> +
           (-0.0000797,-0.0000017)|   4, 0, 0;1, -1;0,  0> +
            ...
 |  539> = ( 0.7071141,-0.0000000)|   4, 0, 0;1, -1;0,  0> +
           ( 0.7070995, 0.0000000)|   4, 0, 0;0,  0;1, -1> +
           ( 0.0000797,-0.0000000)|   4, 0, 0;1,  1;0,  0> +
           ( 0.0000797,-0.0000000)|   4, 0, 0;0,  0;1,  1> +
            ...
 |  540> = (-0.7071023, 0.0033209)|   4, 0, 0;1,  0;0,  0> +
           (-0.7070957, 0.0033209)|   4, 0, 0;0,  0;1,  0> +
            ...
 |  541> = (-0.7071101, 0.0000000)|   4, 0, 0;0,  0;1,  0> +
           ( 0.7071035, 0.0000000)|   4, 0, 0;1,  0;0,  0> +
           ( 0.0000194, 0.0000000)|   4, 0, 0;1,  0;1,  0> +
           ( 0.0000194, 0.0000000)|   4, 0, 0;0,  0;0,  0> +
            ...
 |  542> = (-0.7072228, 0.0000104)|   5, 0, 0;0,  0;1, -1> +
           ( 0.7069664,-0.0000105)|   5, 0, 0;1, -1;0,  0> +
           (-0.0041476, 0.0000018)|   5, 0, 0;0,  0;1,  1> +
           ( 0.0041471,-0.0000017)|   5, 0, 0;1,  1;0,  0> +
            ...
 |  543> = ( 0.7049797,-0.0555548)|   5, 0, 0;0,  0;1,  1> +
           (-0.7048378, 0.0555567)|   5, 0, 0;1,  1;0,  0> +
           (-0.0041349, 0.0003242)|   5, 0, 0;0,  0;1, -1> +
           ( 0.0041343,-0.0003242)|   5, 0, 0;1, -1;0,  0> +
            ...
 |  544> = (-0.7069380,-0.0178766)|   5, 0, 0;1,  1;0,  0> +
           (-0.7067964,-0.0178861)|   5, 0, 0;0,  0;1,  1> +
           ( 0.0043565, 0.0001078)|   5, 0, 0;1, -1;0,  0> +
           ( 0.0043546, 0.0001078)|   5, 0, 0;0,  0;1, -1> +
            ...
 |  545> = ( 0.7072215, 0.0000017)|   5, 0, 0;1, -1;0,  0> +
           ( 0.7069652, 0.0000018)|   5, 0, 0;0,  0;1, -1> +
           ( 0.0043578, 0.0000024)|   5, 0, 0;1,  1;0,  0> +
           ( 0.0043560, 0.0000024)|   5, 0, 0;0,  0;1,  1> +
            ...
 |  546> = (-0.7065809, 0.0272668)|   5, 0, 0;1,  0;0,  0> +
           (-0.7065808, 0.0272669)|   5, 0, 0;0,  0;1,  0> +
            ...
 |  547> = ( 0.7071068,-0.0000000)|   5, 0, 0;0,  0;1,  0> +
           (-0.7071067,-0.0000000)|   5, 0, 0;1,  0;0,  0> +
           (-0.0000194,-0.0000000)|   5, 0, 0;1,  0;1,  0> +
           (-0.0000194,-0.0000000)|   5, 0, 0;0,  0;0,  0> +
            ...
 |  548> = ( 0.4563979,-0.0830361)|   0, 1, 0;1,  1;0,  0> +
           (-0.4562843, 0.0829644)|   0, 1, 0;0,  0;1,  1> +
           (-0.4376331, 0.1235987)|   0, 1, 0;0,  0;1, -1> +
           ( 0.4375031,-0.1236495)|   0, 1, 0;1, -1;0,  0> +
           (-0.0231566,-0.2009472)|   0, 0, 1;1, -1;0,  0> +
           ( 0.0231258, 0.2008068)|   0, 0, 1;0,  0;1, -1> +
           (-0.0638839,-0.1821153)|   0, 0, 1;0,  0;1,  1> +
           ( 0.0636462, 0.1820927)|   0, 0, 1;1,  1;0,  0> +
           ( 0.0000149, 0.0000029)|   0, 1, 0;1,  0;0,  0> +
           ( 0.0000124, 0.0000078)|   0, 1, 0;0,  0;1,  0> +
           ( 0.0000010,-0.0000138)|   0, 0, 1;1,  0;0,  0> +
            ...
 |  549> = ( 0.0183934, 0.3791791)|   0, 0, 1;0,  0;1,  1> +
           (-0.0183729,-0.3791775)|   0, 0, 1;1,  1;0,  0> +
           ( 0.3573488, 0.0221996)|   0, 1, 0;1,  1;0,  0> +
           (-0.3573484,-0.0222036)|   0, 1, 0;0,  0;1,  1> +
           ( 0.3472087,-0.0349742)|   0, 1, 0;0,  0;1, -1> +
           (-0.3471866, 0.0349745)|   0, 1, 0;1, -1;0,  0> +
           ( 0.0056043,-0.3254197)|   0, 0, 1;1, -1;0,  0> +
           (-0.0056166, 0.3254076)|   0, 0, 1;0,  0;1, -1> +
           (-0.0000003, 0.0000128)|   0, 0, 1;0,  0;1,  0> +
            ...
 |  550> = ( 0.0004330,-0.4775483)|   0, 0, 1;0,  0;1, -1> +
           (-0.0004309, 0.4775293)|   0, 0, 1;1, -1;0,  0> +
           (-0.0014174, 0.4402338)|   0, 0, 1;0,  0;1,  1> +
           ( 0.0014115,-0.4402299)|   0, 0, 1;1,  1;0,  0> +
           ( 0.2157230,-0.0026914)|   0, 1, 0;1, -1;0,  0> +
           (-0.2157159, 0.0026909)|   0, 1, 0;0,  0;1, -1> +
           (-0.1777868, 0.0017087)|   0, 1, 0;0,  0;1,  1> +
           ( 0.1777712,-0.0017086)|   0, 1, 0;1,  1;0,  0> +
            ...
 |  551> = ( 0.0000000,-0.3537573)|   0, 0, 1;0,  0;1, -1> +
           (-0.0000000, 0.3537563)|   0, 0, 1;1, -1;0,  0> +
           (-0.3536453, 0.0000000)|   0, 1, 0;0,  0;1,  1> +
           ( 0.3536439,-0.0000000)|   0, 1, 0;1,  1;0,  0> +
           (-0.3534681,-0.0000001)|   0, 1, 0;1, -1;0,  0> +
           ( 0.3534680, 0.0000001)|   0, 1, 0;0,  0;1, -1> +
           (-0.0000000,-0.3533441)|   0, 0, 1;0,  0;1,  1> +
           ( 0.0000000, 0.3533438)|   0, 0, 1;1,  1;0,  0> +
            ...
 |  552> = (-0.5980003,-0.0460866)|   0, 1, 0;1, -1;0,  0> +
           (-0.5979964,-0.0460914)|   0, 1, 0;0,  0;1, -1> +
           ( 0.2083093, 0.1253646)|   0, 0, 1;0,  0;1,  1> +
           ( 0.2083071, 0.1253512)|   0, 0, 1;1,  1;0,  0> +
           ( 0.1996131, 0.0606090)|   0, 0, 1;0,  0;1, -1> +
           ( 0.1996108, 0.0606050)|   0, 0, 1;1, -1;0,  0> +
           (-0.0106523, 0.1937404)|   0, 1, 0;0,  0;1,  1> +
           (-0.0106388, 0.1937408)|   0, 1, 0;1,  1;0,  0> +
            ...
 |  553> = ( 0.5025793,-0.1736401)|   0, 0, 1;1,  1;0,  0> +
           ( 0.5025411,-0.1737153)|   0, 0, 1;0,  0;1,  1> +
           (-0.1620553, 0.3601867)|   0, 0, 1;0,  0;1, -1> +
           (-0.1620622, 0.3601183)|   0, 0, 1;1, -1;0,  0> +
           (-0.2102335, 0.0018655)|   0, 1, 0;0,  0;1,  1> +
           (-0.2100539, 0.0018363)|   0, 1, 0;1,  1;0,  0> +
           ( 0.1217785, 0.0481911)|   0, 1, 0;1, -1;0,  0> +
           ( 0.1215922, 0.0482516)|   0, 1, 0;0,  0;1, -1> +
           ( 0.0000023,-0.0000224)|   0, 0, 1;0,  0;1,  0> +
            ...
 |  554> = ( 0.5700031, 0.0003073)|   0, 1, 0;1,  1;0,  0> +
           ( 0.5699951, 0.0003066)|   0, 1, 0;0,  0;1,  1> +
           ( 0.0027015, 0.3907791)|   0, 0, 1;1, -1;0,  0> +
           ( 0.0027014, 0.3907653)|   0, 0, 1;0,  0;1, -1> +
           (-0.0068514, 0.1381595)|   0, 0, 1;0,  0;1,  1> +
           (-0.0068522, 0.1381443)|   0, 0, 1;1,  1;0,  0> +
           ( 0.0570765,-0.0005487)|   0, 1, 0;1, -1;0,  0> +
           ( 0.0570736,-0.0005501)|   0, 1, 0;0,  0;1, -1> +
            ...
 |  555> = ( 0.3839400,-0.0198345)|   0, 0, 1;0,  0;1, -1> +
           ( 0.3839254,-0.0198882)|   0, 0, 1;1, -1;0,  0> +
           ( 0.1245795, 0.3514678)|   0, 0, 1;1,  1;0,  0> +
           ( 0.1245739, 0.3514125)|   0, 0, 1;0,  0;1,  1> +
           ( 0.3299629, 0.1050828)|   0, 1, 0;1, -1;0,  0> +
           ( 0.3298502, 0.1051073)|   0, 1, 0;0,  0;1, -1> +
           (-0.1050279, 0.2868428)|   0, 1, 0;0,  0;1,  1> +
           (-0.1049169, 0.2868094)|   0, 1, 0;1,  1;0,  0> +
            ...
 |  556> = (-0.6693554,-0.2270319)|   0, 1, 0;1,  0;0,  0> +
           (-0.6693693,-0.2269421)|   0, 1, 0;0,  0;1,  0> +
           ( 0.0058181,-0.0199280)|   0, 0, 1;0,  0;1,  0> +
           ( 0.0058216,-0.0199267)|   0, 0, 1;1,  0;0,  0> +
           (-0.0000108, 0.0000034)|   0, 1, 0;0,  0;1, -1> +
           ( 0.0000107,-0.0000036)|   0, 1, 0;1,  1;0,  0> +
            ...
 |  557> = ( 0.0969310,-0.7001429)|   0, 0, 1;1,  0;0,  0> +
           ( 0.0969339,-0.7001044)|   0, 0, 1;0,  0;1,  0> +
           ( 0.0204234, 0.0037249)|   0, 1, 0;1,  0;0,  0> +
           ( 0.0204227, 0.0037233)|   0, 1, 0;0,  0;1,  0> +
           ( 0.0000022,-0.0000131)|   0, 0, 1;0,  0;1, -1> +
           (-0.0000100,-0.0000057)|   0, 0, 1;1,  1;0,  0> +
           (-0.0000112, 0.0000021)|   0, 1, 0;1, -1;0,  0> +
           (-0.0000082, 0.0000069)|   0, 0, 1;0,  0;1,  1> +
            ...
 |  558> = ( 0.0558846,-0.7040637)|   0, 1, 0;0,  0;1,  0> +
           (-0.0559727, 0.7040410)|   0, 1, 0;1,  0;0,  0> +
           ( 0.0343662, 0.0011471)|   0, 0, 1;0,  0;1,  0> +
           (-0.0343648,-0.0011478)|   0, 0, 1;1,  0;0,  0> +
           (-0.0000015, 0.0000194)|   0, 1, 0;1,  0;1,  0> +
           (-0.0000015, 0.0000194)|   0, 1, 0;0,  0;0,  0> +
            ...
 |  559> = (-0.0323361,-0.7055485)|   0, 0, 1;0,  0;1,  0> +
           ( 0.0323424, 0.7055105)|   0, 0, 1;1,  0;0,  0> +
           ( 0.0343857, 0.0000028)|   0, 1, 0;0,  0;1,  0> +
           (-0.0343836,-0.0000033)|   0, 1, 0;1,  0;0,  0> +
           ( 0.0000009, 0.0000194)|   0, 0, 1;1,  0;1,  0> +
           ( 0.0000009, 0.0000194)|   0, 0, 1;0,  0;0,  0> +
           ( 0.0000012,-0.0000106)|   0, 0, 1;1, -1;0,  0> +
            ...
 |  560> = ( 0.7070876, 0.0003529)|   6, 0, 0;1,  1;0,  0> +
           (-0.7068890,-0.0003540)|   6, 0, 0;0,  0;1,  1> +
           (-0.0129371,-0.0002793)|   6, 0, 0;0,  0;1, -1> +
           ( 0.0129367, 0.0002795)|   6, 0, 0;1, -1;0,  0> +
            ...
 |  561> = ( 0.7069737,-0.0123214)|   6, 0, 0;1, -1;0,  0> +
           (-0.7067883, 0.0123204)|   6, 0, 0;0,  0;1, -1> +
           (-0.0129305, 0.0004984)|   6, 0, 0;1,  1;0,  0> +
           ( 0.0129301,-0.0004982)|   6, 0, 0;0,  0;1,  1> +
            ...
