p1518
p1518
p1518
p1518
p1518
p1518
p1518
p1518
p1518
p1518
p1518
p1518
p1518
p1518
p1518
p1518
p1518
p1518
p1518
p1518
p1518
p1518
p1518
p1518
# Parameters of the model
#  mass:		  261.0000 u
#  charge:	    1.0000 e
#  dipole:	   4.74500 D
#  B:		    503.65 MHz
#  omega_rho:	    1.4000 MHz
#  omega_z:	  0.156000 MHz

# omega_1:	  0.270200 MHz
# omega_3/5:	   1.39128 MHz

# Basis truncation:	|32,4,4;2,2>
# Basis size:		41472

# Active terms of the Hamiltionian:
# 	Nomal modes:	1
# 	T_rot:      	1
# 	V_qd^{(0)}: 	1
# 	V_qd^{(1)}: 	1
# 	V_dd^{(0)}: 	1

# Results of the diagonalisation
# 100 smallest eigenvalues
 5.649069628 6.649069628 7.649069628 8.649069628 9.649069628 10.649069627 10.798151067 10.798151067 11.649069627 11.798151067 11.798151067 12.649069628 12.798151067 12.798151067 13.649069628 13.798151067 13.798151067 14.649069627 14.798151067 14.798151067 15.649069628 15.798151067 15.798151067 15.947232506 15.947232506 15.947232506 16.649069627 16.798151066 16.798151067 16.947232506 16.947232506 16.947232506 17.649069627 17.798151066 17.798151067 17.947232506 17.947232506 17.947232506 18.649069627 18.798151066 18.798151066 18.947232506 18.947232506 18.947232506 19.649069627 19.798151066 19.798151067 19.947232506 19.947232506 19.947232506 20.649069626 20.798151066 20.798151067 20.947232506 20.947232506 20.947232506 21.096313945 21.096313945 21.096313945 21.096313946 21.649069627 21.798151066 21.798151067 21.947232506 21.947232506 21.947232506 22.096313945 22.096313945 22.096313945 22.096313945 22.649069627 22.798151067 22.798151067 22.947232506 22.947232506 22.947232506 23.096313945 23.096313945 23.096313945 23.096313945 23.649069627 23.798151066 23.798151067 23.947232506 23.947232506 23.947232506 24.096313945 24.096313945 24.096313945 24.096313945 24.649069627 24.798151066 24.798151066 24.947232506 24.947232506 24.947232506 25.096313945 25.096313945 25.096313945 25.096313945

# Ground state and the lowest excitations:
 |    0> = ( 1.0000000, 0.0000000)|   0, 0, 0;0,  0;0,  0> +
           ( 0.0000159,-0.0000000)|   0, 0, 0;0,  0;1,  0> +
           (-0.0000159,-0.0000000)|   0, 0, 0;1,  0;0,  0> +
            ...
 |    1> = ( 1.0000000,-0.0000000)|   1, 0, 0;0,  0;0,  0> +
           (-0.0000159, 0.0000000)|   1, 0, 0;1,  0;0,  0> +
           ( 0.0000159, 0.0000000)|   1, 0, 0;0,  0;1,  0> +
            ...
 |    2> = ( 1.0000000, 0.0000000)|   2, 0, 0;0,  0;0,  0> +
           ( 0.0000159,-0.0000000)|   2, 0, 0;0,  0;1,  0> +
           (-0.0000159,-0.0000000)|   2, 0, 0;1,  0;0,  0> +
            ...
 |    3> = (-1.0000000, 0.0000000)|   3, 0, 0;0,  0;0,  0> +
           ( 0.0000159,-0.0000000)|   3, 0, 0;1,  0;0,  0> +
           (-0.0000159,-0.0000000)|   3, 0, 0;0,  0;1,  0> +
            ...
 |    4> = (-1.0000000, 0.0000000)|   4, 0, 0;0,  0;0,  0> +
           ( 0.0000159, 0.0000000)|   4, 0, 0;1,  0;0,  0> +
           (-0.0000159,-0.0000000)|   4, 0, 0;0,  0;1,  0> +
            ...
 |    5> = (-1.0000000,-0.0000000)|   5, 0, 0;0,  0;0,  0> +
           (-0.0000159, 0.0000000)|   5, 0, 0;0,  0;1,  0> +
           ( 0.0000159,-0.0000000)|   5, 0, 0;1,  0;0,  0> +
            ...
 |    6> = ( 0.0000319, 0.7145580)|   0, 0, 1;0,  0;0,  0> +
           (-0.6995762, 0.0000319)|   0, 1, 0;0,  0;0,  0> +
           (-0.0000000,-0.0000113)|   0, 0, 1;1,  0;0,  0> +
           ( 0.0000000, 0.0000113)|   0, 0, 1;0,  0;1,  0> +
           (-0.0000111, 0.0000000)|   0, 1, 0;0,  0;1,  0> +
           ( 0.0000111,-0.0000000)|   0, 1, 0;1,  0;0,  0> +
            ...
 |    7> = ( 0.7145580,-0.0000003)|   0, 1, 0;0,  0;0,  0> +
           (-0.0000003, 0.6995762)|   0, 0, 1;0,  0;0,  0> +
           (-0.0000113, 0.0000000)|   0, 1, 0;1,  0;0,  0> +
           ( 0.0000113,-0.0000000)|   0, 1, 0;0,  0;1,  0> +
           (-0.0000000, 0.0000111)|   0, 0, 1;0,  0;1,  0> +
           ( 0.0000000,-0.0000111)|   0, 0, 1;1,  0;0,  0> +
            ...
 |    8> = ( 1.0000000,-0.0000000)|   6, 0, 0;0,  0;0,  0> +
           (-0.0000159, 0.0000000)|   6, 0, 0;1,  0;0,  0> +
           ( 0.0000159,-0.0000000)|   6, 0, 0;0,  0;1,  0> +
            ...
 |    9> = ( 0.6973286,-0.1456785)|   1, 1, 0;0,  0;0,  0> +
           (-0.1456878,-0.6865025)|   1, 0, 1;0,  0;0,  0> +
           ( 0.0000111,-0.0000023)|   1, 1, 0;0,  0;1,  0> +
           (-0.0000111, 0.0000023)|   1, 1, 0;1,  0;0,  0> +
           (-0.0000023,-0.0000109)|   1, 0, 1;0,  0;1,  0> +
           ( 0.0000023, 0.0000109)|   1, 0, 1;1,  0;0,  0> +
            ...
 |   10> = ( 0.0011199, 0.7123820)|   1, 0, 1;0,  0;0,  0> +
           ( 0.7017901, 0.0011198)|   1, 1, 0;0,  0;0,  0> +
           ( 0.0000000, 0.0000113)|   1, 0, 1;0,  0;1,  0> +
           (-0.0000000,-0.0000113)|   1, 0, 1;1,  0;0,  0> +
           (-0.0000111,-0.0000000)|   1, 1, 0;1,  0;0,  0> +
           ( 0.0000111, 0.0000000)|   1, 1, 0;0,  0;1,  0> +
            ...
 |   11> = (-1.0000000, 0.0000000)|   7, 0, 0;0,  0;0,  0> +
           (-0.0000159, 0.0000000)|   7, 0, 0;0,  0;1,  0> +
           ( 0.0000159,-0.0000000)|   7, 0, 0;1,  0;0,  0> +
            ...
 |   12> = ( 0.0010443,-0.9991142)|   2, 0, 1;0,  0;0,  0> +
           ( 0.0420548, 0.0010443)|   2, 1, 0;0,  0;0,  0> +
           ( 0.0000000,-0.0000159)|   2, 0, 1;0,  0;1,  0> +
           (-0.0000000, 0.0000159)|   2, 0, 1;1,  0;0,  0> +
            ...
 |   13> = ( 0.9991143, 0.0009599)|   2, 1, 0;0,  0;0,  0> +
           ( 0.0009599, 0.0420568)|   2, 0, 1;0,  0;0,  0> +
           (-0.0000159,-0.0000000)|   2, 1, 0;1,  0;0,  0> +
           ( 0.0000159, 0.0000000)|   2, 1, 0;0,  0;1,  0> +
            ...
 |   14> = ( 1.0000000,-0.0000000)|   8, 0, 0;0,  0;0,  0> +
           (-0.0000159, 0.0000000)|   8, 0, 0;1,  0;0,  0> +
           ( 0.0000159,-0.0000000)|   8, 0, 0;0,  0;1,  0> +
            ...
 |   15> = ( 0.8028971,-0.0017951)|   3, 1, 0;0,  0;0,  0> +
           (-0.0017951,-0.5961122)|   3, 0, 1;0,  0;0,  0> +
           ( 0.0000127,-0.0000000)|   3, 1, 0;0,  0;1,  0> +
           (-0.0000127, 0.0000000)|   3, 1, 0;1,  0;0,  0> +
            ...
 |   16> = ( 0.0002654, 0.8028991)|   3, 0, 1;0,  0;0,  0> +
           ( 0.5961148, 0.0002654)|   3, 1, 0;0,  0;0,  0> +
           ( 0.0000000, 0.0000127)|   3, 0, 1;0,  0;1,  0> +
           (-0.0000000,-0.0000127)|   3, 0, 1;1,  0;0,  0> +
            ...
 |   17> = (-1.0000000, 0.0000000)|   9, 0, 0;0,  0;0,  0> +
           ( 0.0000159,-0.0000000)|   9, 0, 0;1,  0;0,  0> +
           (-0.0000159, 0.0000000)|   9, 0, 0;0,  0;1,  0> +
            ...
 |   18> = ( 0.7236151, 0.0001549)|   4, 1, 0;0,  0;0,  0> +
           ( 0.0001549, 0.6902037)|   4, 0, 1;0,  0;0,  0> +
           ( 0.0000115, 0.0000000)|   4, 1, 0;0,  0;1,  0> +
           (-0.0000115,-0.0000000)|   4, 1, 0;1,  0;0,  0> +
           ( 0.0000000, 0.0000110)|   4, 0, 1;0,  0;1,  0> +
           (-0.0000000,-0.0000110)|   4, 0, 1;1,  0;0,  0> +
            ...
 |   19> = ( 0.0065597,-0.7235854)|   4, 0, 1;0,  0;0,  0> +
           ( 0.6901726, 0.0065595)|   4, 1, 0;0,  0;0,  0> +
           ( 0.0000001,-0.0000115)|   4, 0, 1;0,  0;1,  0> +
           (-0.0000001, 0.0000115)|   4, 0, 1;1,  0;0,  0> +
           (-0.0000110,-0.0000001)|   4, 1, 0;1,  0;0,  0> +
           ( 0.0000110, 0.0000001)|   4, 1, 0;0,  0;1,  0> +
            ...
 |   20> = (-1.0000000,-0.0000000)|  10, 0, 0;0,  0;0,  0> +
           (-0.0000159,-0.0000000)|  10, 0, 0;0,  0;1,  0> +
           ( 0.0000159, 0.0000000)|  10, 0, 0;1,  0;0,  0> +
            ...
 |   21> = (-0.0928135, 0.7062703)|   5, 0, 1;0,  0;0,  0> +
           (-0.6956681,-0.0928107)|   5, 1, 0;0,  0;0,  0> +
           ( 0.0000015,-0.0000112)|   5, 0, 1;1,  0;0,  0> +
           (-0.0000015, 0.0000112)|   5, 0, 1;0,  0;1,  0> +
           ( 0.0000110, 0.0000015)|   5, 1, 0;1,  0;0,  0> +
           (-0.0000110,-0.0000015)|   5, 1, 0;0,  0;1,  0> +
            ...
 |   22> = (-0.7123423,-0.0006944)|   5, 1, 0;0,  0;0,  0> +
           (-0.0006944,-0.7018315)|   5, 0, 1;0,  0;0,  0> +
           (-0.0000113,-0.0000000)|   5, 1, 0;0,  0;1,  0> +
           ( 0.0000113, 0.0000000)|   5, 1, 0;1,  0;0,  0> +
           (-0.0000000,-0.0000111)|   5, 0, 1;0,  0;1,  0> +
           ( 0.0000000, 0.0000111)|   5, 0, 1;1,  0;0,  0> +
            ...
 |   23> = (-0.0000252, 1.0000000)|   0, 1, 1;0,  0;0,  0> +
           ( 0.0000000,-0.0000159)|   0, 1, 1;1,  0;0,  0> +
           (-0.0000000, 0.0000159)|   0, 1, 1;0,  0;1,  0> +
            ...
 |   24> = ( 0.7071347,-0.0000000)|   0, 0, 2;0,  0;0,  0> +
           (-0.7070789, 0.0000000)|   0, 2, 0;0,  0;0,  0> +
           (-0.0000112, 0.0000000)|   0, 0, 2;1,  0;0,  0> +
           ( 0.0000112,-0.0000000)|   0, 0, 2;0,  0;1,  0> +
           ( 0.0000112,-0.0000000)|   0, 2, 0;1,  0;0,  0> +
           (-0.0000112, 0.0000000)|   0, 2, 0;0,  0;1,  0> +
            ...
 # The upper part of the spectrum
 # Eigenvalues first: 512	 last: 562
 23429.300553563 23429.300553563 23429.300554767 23429.300554767 23429.300558276 23429.300560684 23430.300553563 23430.300553563 23430.300554767 23430.300554767 23430.300558276 23430.300560684 23431.300553563 23431.300553563 23431.300554767 23431.300554767 23431.300558276 23431.300560684 23432.300553563 23432.300553563 23432.300554767 23432.300554767 23432.300558276 23432.300560684 23433.300553563 23433.300553563 23433.300554767 23433.300554767 23433.300558276 23433.300560685 23434.300553563 23434.300553563 23434.300554767 23434.300554768 23434.300558276 23434.300560684 23434.449635002 23434.449635002 23434.449635002 23434.449635002 23434.449636206 23434.449636206 23434.449636206 23434.449636206 23434.449639715 23434.449639716 23434.449642123 23434.449642123 23435.300553563 23435.300553563

# Excited states :
 |  511> = (-0.0040816,-0.9999917)|  31, 3, 3;0,  0;0,  0> +
           ( 0.0000001, 0.0000159)|  31, 3, 3;1,  0;0,  0> +
           (-0.0000001,-0.0000159)|  31, 3, 3;0,  0;1,  0> +
            ...
 |  512> = (-0.6730256,-0.0000248)|   0, 0, 0;0,  0;1, -1> +
           ( 0.6728692, 0.0000225)|   0, 0, 0;1, -1;0,  0> +
           ( 0.1997049, 0.0852097)|   0, 0, 0;0,  0;1,  1> +
           (-0.1997090,-0.0851893)|   0, 0, 0;1,  1;0,  0> +
           ( 0.0000107, 0.0000000)|   0, 0, 0;1,  0;1, -1> +
           ( 0.0000107, 0.0000000)|   0, 0, 0;1, -1;1,  0> +
            ...
 |  513> = (-0.6191073,-0.2638122)|   0, 0, 0;1,  1;0,  0> +
           ( 0.6190339, 0.2638611)|   0, 0, 0;0,  0;1,  1> +
           ( 0.2171450,-0.0000769)|   0, 0, 0;0,  0;1, -1> +
           (-0.2170984, 0.0000697)|   0, 0, 0;1, -1;0,  0> +
           (-0.0000098,-0.0000042)|   0, 0, 0;1,  1;1,  0> +
           (-0.0000098,-0.0000042)|   0, 0, 0;1,  0;1,  1> +
            ...
 |  514> = ( 0.7037473,-0.0000077)|   0, 0, 0;1, -1;0,  0> +
           ( 0.7035833,-0.0000067)|   0, 0, 0;0,  0;1, -1> +
           (-0.0657813, 0.0229821)|   0, 0, 0;1,  1;0,  0> +
           (-0.0657816, 0.0229710)|   0, 0, 0;0,  0;1,  1> +
           ( 0.0000112,-0.0000000)|   0, 0, 0;1, -1;1,  0> +
           (-0.0000112, 0.0000000)|   0, 0, 0;1,  0;1, -1> +
            ...
 |  515> = (-0.6645850, 0.2313083)|   0, 0, 0;0,  0;1,  1> +
           (-0.6645173, 0.2313649)|   0, 0, 0;1,  1;0,  0> +
           (-0.0696787,-0.0000673)|   0, 0, 0;0,  0;1, -1> +
           (-0.0696786,-0.0000775)|   0, 0, 0;1, -1;0,  0> +
           ( 0.0000106,-0.0000037)|   0, 0, 0;1,  0;1,  1> +
           (-0.0000106, 0.0000037)|   0, 0, 0;1,  1;1,  0> +
            ...
 |  516> = ( 0.7071068,-0.0001278)|   0, 0, 0;1,  0;0,  0> +
           ( 0.7071068,-0.0001278)|   0, 0, 0;0,  0;1,  0> +
            ...
 |  517> = (-0.7071068, 0.0000000)|   0, 0, 0;0,  0;1,  0> +
           ( 0.7071068, 0.0000000)|   0, 0, 0;1,  0;0,  0> +
           ( 0.0000225, 0.0000000)|   0, 0, 0;1,  0;1,  0> +
           ( 0.0000225, 0.0000000)|   0, 0, 0;0,  0;0,  0> +
            ...
 |  518> = (-0.5962086, 0.0012571)|   1, 0, 0;0,  0;1, -1> +
           ( 0.5961866,-0.0012569)|   1, 0, 0;1, -1;0,  0> +
           ( 0.3802038, 0.0012075)|   1, 0, 0;1,  1;0,  0> +
           (-0.3801788,-0.0012074)|   1, 0, 0;0,  0;1,  1> +
            ...
 |  519> = (-0.5961809, 0.0049805)|   1, 0, 0;1,  1;0,  0> +
           ( 0.5961753,-0.0049802)|   1, 0, 0;0,  0;1,  1> +
           (-0.3801937, 0.0051853)|   1, 0, 0;0,  0;1, -1> +
           ( 0.3801220,-0.0051844)|   1, 0, 0;1, -1;0,  0> +
            ...
 |  520> = (-0.5568348,-0.0000757)|   1, 0, 0;0,  0;1,  1> +
           (-0.5567906,-0.0000755)|   1, 0, 0;1,  1;0,  0> +
           (-0.4358539, 0.0002797)|   1, 0, 0;1, -1;0,  0> +
           (-0.4358330, 0.0002798)|   1, 0, 0;0,  0;1, -1> +
            ...
 |  521> = (-0.5568404, 0.0006614)|   1, 0, 0;1, -1;0,  0> +
           (-0.5567842, 0.0006613)|   1, 0, 0;0,  0;1, -1> +
           ( 0.4358571,-0.0001788)|   1, 0, 0;1,  1;0,  0> +
           ( 0.4358300,-0.0001787)|   1, 0, 0;0,  0;1,  1> +
            ...
 |  522> = ( 0.7071070,-0.0000000)|   1, 0, 0;1,  0;0,  0> +
           ( 0.7071066,-0.0000000)|   1, 0, 0;0,  0;1,  0> +
            ...
 |  523> = ( 0.7071070,-0.0000000)|   1, 0, 0;0,  0;1,  0> +
           (-0.7071066,-0.0000000)|   1, 0, 0;1,  0;0,  0> +
           (-0.0000225, 0.0000000)|   1, 0, 0;1,  0;1,  0> +
           (-0.0000225, 0.0000000)|   1, 0, 0;0,  0;0,  0> +
            ...
 |  524> = ( 0.7071778, 0.0000000)|   2, 0, 0;1, -1;0,  0> +
           (-0.7070357,-0.0000000)|   2, 0, 0;0,  0;1, -1> +
           ( 0.0000377,-0.0000000)|   2, 0, 0;0,  0;1,  1> +
           (-0.0000377,-0.0000000)|   2, 0, 0;1,  1;0,  0> +
           ( 0.0000112, 0.0000000)|   2, 0, 0;1, -1;1,  0> +
           ( 0.0000112, 0.0000000)|   2, 0, 0;1,  0;1, -1> +
            ...
 |  525> = (-0.7071421, 0.0016545)|   2, 0, 0;1,  1;0,  0> +
           ( 0.7070676,-0.0016543)|   2, 0, 0;0,  0;1,  1> +
           (-0.0000377, 0.0000001)|   2, 0, 0;1, -1;0,  0> +
           ( 0.0000377,-0.0000001)|   2, 0, 0;0,  0;1, -1> +
           (-0.0000112, 0.0000000)|   2, 0, 0;1,  1;1,  0> +
           (-0.0000112, 0.0000000)|   2, 0, 0;1,  0;1,  1> +
            ...
 |  526> = ( 0.7071778, 0.0000000)|   2, 0, 0;0,  0;1, -1> +
           ( 0.7070357, 0.0000000)|   2, 0, 0;1, -1;0,  0> +
           (-0.0000251, 0.0000000)|   2, 0, 0;0,  0;1,  1> +
           (-0.0000251, 0.0000000)|   2, 0, 0;1,  1;0,  0> +
           (-0.0000112,-0.0000000)|   2, 0, 0;1,  0;1, -1> +
           ( 0.0000112, 0.0000000)|   2, 0, 0;1, -1;1,  0> +
            ...
 |  527> = ( 0.7071141,-0.0065068)|   2, 0, 0;0,  0;1,  1> +
           ( 0.7070396,-0.0065062)|   2, 0, 0;1,  1;0,  0> +
           ( 0.0000251,-0.0000002)|   2, 0, 0;0,  0;1, -1> +
           ( 0.0000250,-0.0000002)|   2, 0, 0;1, -1;0,  0> +
           (-0.0000112, 0.0000001)|   2, 0, 0;1,  0;1,  1> +
           ( 0.0000112,-0.0000001)|   2, 0, 0;1,  1;1,  0> +
            ...
 |  528> = (-0.7071069, 0.0000012)|   2, 0, 0;0,  0;1,  0> +
           (-0.7071067, 0.0000012)|   2, 0, 0;1,  0;0,  0> +
            ...
 |  529> = ( 0.7071069,-0.0000000)|   2, 0, 0;1,  0;0,  0> +
           (-0.7071067,-0.0000000)|   2, 0, 0;0,  0;1,  0> +
           ( 0.0000225, 0.0000000)|   2, 0, 0;1,  0;1,  0> +
           ( 0.0000225,-0.0000000)|   2, 0, 0;0,  0;0,  0> +
            ...
 |  530> = (-0.7071601,-0.0000002)|   3, 0, 0;1, -1;0,  0> +
           ( 0.7070404, 0.0000003)|   3, 0, 0;0,  0;1, -1> +
           ( 0.0030382,-0.0000000)|   3, 0, 0;0,  0;1,  1> +
           (-0.0030376, 0.0000000)|   3, 0, 0;1,  1;0,  0> +
           (-0.0000112,-0.0000000)|   3, 0, 0;1, -1;1,  0> +
           (-0.0000112,-0.0000000)|   3, 0, 0;1,  0;1, -1> +
            ...
 |  531> = ( 0.7071889,-0.0028670)|   3, 0, 0;0,  0;1,  1> +
           (-0.7070000, 0.0028692)|   3, 0, 0;1,  1;0,  0> +
           (-0.0030383, 0.0000123)|   3, 0, 0;0,  0;1, -1> +
           ( 0.0030374,-0.0000123)|   3, 0, 0;1, -1;0,  0> +
           (-0.0000112, 0.0000000)|   3, 0, 0;1,  0;1,  1> +
           (-0.0000112, 0.0000000)|   3, 0, 0;1,  1;1,  0> +
            ...
 |  532> = ( 0.7071605,-0.0000003)|   3, 0, 0;0,  0;1, -1> +
           ( 0.7070408,-0.0000003)|   3, 0, 0;1, -1;0,  0> +
           ( 0.0029449,-0.0000009)|   3, 0, 0;0,  0;1,  1> +
           ( 0.0029442,-0.0000009)|   3, 0, 0;1,  1;0,  0> +
           (-0.0000112, 0.0000000)|   3, 0, 0;1,  0;1, -1> +
           ( 0.0000112,-0.0000000)|   3, 0, 0;1, -1;1,  0> +
            ...
 |  533> = (-0.7071424,-0.0086312)|   3, 0, 0;1,  1;0,  0> +
           (-0.7069535,-0.0086318)|   3, 0, 0;0,  0;1,  1> +
           ( 0.0029445, 0.0000368)|   3, 0, 0;0,  0;1, -1> +
           ( 0.0029441, 0.0000368)|   3, 0, 0;1, -1;0,  0> +
           (-0.0000112,-0.0000001)|   3, 0, 0;1,  1;1,  0> +
           ( 0.0000112, 0.0000001)|   3, 0, 0;1,  0;1,  1> +
            ...
 |  534> = ( 0.7070970,-0.0038453)|   3, 0, 0;0,  0;1,  0> +
           ( 0.7070956,-0.0038453)|   3, 0, 0;1,  0;0,  0> +
            ...
 |  535> = ( 0.7071075,-0.0000000)|   3, 0, 0;1,  0;0,  0> +
           (-0.7071061,-0.0000000)|   3, 0, 0;0,  0;1,  0> +
           ( 0.0000225, 0.0000000)|   3, 0, 0;1,  0;1,  0> +
           ( 0.0000225,-0.0000000)|   3, 0, 0;0,  0;0,  0> +
            ...
 |  536> = ( 0.7071631,-0.0000002)|   4, 0, 0;1, -1;0,  0> +
           (-0.7070504, 0.0000000)|   4, 0, 0;0,  0;1, -1> +
           (-0.0001982, 0.0000000)|   4, 0, 0;0,  0;1,  1> +
           ( 0.0001971, 0.0000000)|   4, 0, 0;1,  1;0,  0> +
           ( 0.0000112,-0.0000000)|   4, 0, 0;1, -1;1,  0> +
           ( 0.0000112,-0.0000000)|   4, 0, 0;1,  0;1, -1> +
            ...
 |  537> = (-0.7057332, 0.0446585)|   4, 0, 0;1,  1;0,  0> +
           ( 0.7056571,-0.0446577)|   4, 0, 0;0,  0;1,  1> +
           ( 0.0001973,-0.0000125)|   4, 0, 0;1, -1;0,  0> +
           (-0.0001973, 0.0000125)|   4, 0, 0;0,  0;1, -1> +
           (-0.0000112, 0.0000007)|   4, 0, 0;1,  1;1,  0> +
           (-0.0000112, 0.0000007)|   4, 0, 0;1,  0;1,  1> +
            ...
 |  538> = (-0.7071631, 0.0000001)|   4, 0, 0;0,  0;1, -1> +
           (-0.7070504, 0.0000004)|   4, 0, 0;1, -1;0,  0> +
           (-0.0001967,-0.0000000)|   4, 0, 0;0,  0;1,  1> +
           (-0.0001967,-0.0000000)|   4, 0, 0;1,  1;0,  0> +
           ( 0.0000112,-0.0000000)|   4, 0, 0;1,  0;1, -1> +
           (-0.0000112, 0.0000000)|   4, 0, 0;1, -1;1,  0> +
            ...
 |  539> = ( 0.7069325,-0.0173267)|   4, 0, 0;0,  0;1,  1> +
           ( 0.7068566,-0.0173208)|   4, 0, 0;1,  1;0,  0> +
           (-0.0001972, 0.0000049)|   4, 0, 0;0,  0;1, -1> +
           (-0.0001960, 0.0000049)|   4, 0, 0;1, -1;0,  0> +
           (-0.0000112, 0.0000003)|   4, 0, 0;1,  0;1,  1> +
           ( 0.0000112,-0.0000003)|   4, 0, 0;1,  1;1,  0> +
            ...
 |  540> = ( 0.7070832,-0.0060618)|   4, 0, 0;0,  0;1,  0> +
           ( 0.7070784,-0.0060618)|   4, 0, 0;1,  0;0,  0> +
            ...
 |  541> = (-0.7071091, 0.0000000)|   4, 0, 0;1,  0;0,  0> +
           ( 0.7071044, 0.0000000)|   4, 0, 0;0,  0;1,  0> +
           (-0.0000225, 0.0000000)|   4, 0, 0;1,  0;1,  0> +
           (-0.0000225, 0.0000000)|   4, 0, 0;0,  0;0,  0> +
            ...
 |  542> = ( 0.7067370, 0.0095614)|   5, 0, 0;0,  0;1,  1> +
           (-0.7066232,-0.0095579)|   5, 0, 0;1,  1;0,  0> +
           (-0.0226264,-0.0000798)|   5, 0, 0;0,  0;1, -1> +
           ( 0.0226224, 0.0000797)|   5, 0, 0;1, -1;0,  0> +
           (-0.0000112,-0.0000002)|   5, 0, 0;1,  0;1,  1> +
           (-0.0000112,-0.0000002)|   5, 0, 0;1,  1;1,  0> +
            ...
 |  543> = ( 0.7067685,-0.0013229)|   5, 0, 0;0,  0;1, -1> +
           (-0.7067185, 0.0013229)|   5, 0, 0;1, -1;0,  0> +
           ( 0.0226249, 0.0001839)|   5, 0, 0;0,  0;1,  1> +
           (-0.0226227,-0.0001839)|   5, 0, 0;1,  1;0,  0> +
           (-0.0000112, 0.0000000)|   5, 0, 0;1,  0;1, -1> +
           (-0.0000112, 0.0000000)|   5, 0, 0;1, -1;1,  0> +
            ...
 |  544> = (-0.7064950,-0.0204030)|   5, 0, 0;1,  1;0,  0> +
           (-0.7063811,-0.0204016)|   5, 0, 0;0,  0;1,  1> +
           ( 0.0229912, 0.0007039)|   5, 0, 0;1, -1;0,  0> +
           ( 0.0229881, 0.0007039)|   5, 0, 0;0,  0;1, -1> +
           (-0.0000112,-0.0000003)|   5, 0, 0;1,  1;1,  0> +
           ( 0.0000112, 0.0000003)|   5, 0, 0;1,  0;1,  1> +
            ...
 |  545> = (-0.7067573,-0.0007059)|   5, 0, 0;1, -1;0,  0> +
           (-0.7067072,-0.0007060)|   5, 0, 0;0,  0;1, -1> +
           (-0.0230011, 0.0000169)|   5, 0, 0;1,  1;0,  0> +
           (-0.0229998, 0.0000169)|   5, 0, 0;0,  0;1,  1> +
           (-0.0000112,-0.0000000)|   5, 0, 0;1, -1;1,  0> +
           ( 0.0000112, 0.0000000)|   5, 0, 0;1,  0;1, -1> +
            ...
 |  546> = ( 0.7071012,-0.0031019)|   5, 0, 0;0,  0;1,  0> +
           ( 0.7070988,-0.0031020)|   5, 0, 0;1,  0;0,  0> +
            ...
 |  547> = (-0.7071080, 0.0000000)|   5, 0, 0;1,  0;0,  0> +
           ( 0.7071056, 0.0000000)|   5, 0, 0;0,  0;1,  0> +
           (-0.0000225, 0.0000000)|   5, 0, 0;1,  0;1,  0> +
           (-0.0000225, 0.0000000)|   5, 0, 0;0,  0;0,  0> +
            ...
 |  548> = (-0.0215809, 0.5551526)|   0, 0, 1;1, -1;0,  0> +
           ( 0.0215902,-0.5550842)|   0, 0, 1;0,  0;1, -1> +
           (-0.4266458, 0.0085126)|   0, 1, 0;1,  1;0,  0> +
           ( 0.4266118,-0.0085006)|   0, 1, 0;0,  0;1,  1> +
           (-0.0015666, 0.0749483)|   0, 0, 1;0,  0;1,  1> +
           ( 0.0015764,-0.0747448)|   0, 0, 1;1,  1;0,  0> +
           (-0.0536210,-0.0285227)|   0, 1, 0;0,  0;1, -1> +
           ( 0.0536214, 0.0285187)|   0, 1, 0;1, -1;0,  0> +
           (-0.0000022,-0.0000166)|   0, 0, 1;0,  0;1,  0> +
            ...
 |  549> = ( 0.3536068,-0.0000000)|   0, 1, 0;1,  1;0,  0> +
           (-0.3536055, 0.0000000)|   0, 1, 0;0,  0;1,  1> +
           ( 0.3535877, 0.0000000)|   0, 1, 0;0,  0;1, -1> +
           (-0.3535865,-0.0000000)|   0, 1, 0;1, -1;0,  0> +
           ( 0.0000000, 0.3535700)|   0, 0, 1;1, -1;0,  0> +
           (-0.0000000,-0.3535689)|   0, 0, 1;0,  0;1, -1> +
           (-0.0000000, 0.3534508)|   0, 0, 1;1,  1;0,  0> +
           ( 0.0000000,-0.3534508)|   0, 0, 1;0,  0;1,  1> +
            ...
 |  550> = ( 0.0007043,-0.6038984)|   0, 0, 1;0,  0;1,  1> +
           (-0.0007072, 0.6038372)|   0, 0, 1;1,  1;0,  0> +
           ( 0.2970162,-0.0021549)|   0, 1, 0;0,  0;1,  1> +
           (-0.2969621, 0.0021511)|   0, 1, 0;1,  1;0,  0> +
           (-0.0032359, 0.1608147)|   0, 0, 1;0,  0;1, -1> +
           ( 0.0032327,-0.1607865)|   0, 0, 1;1, -1;0,  0> +
           ( 0.1458559,-0.0003750)|   0, 1, 0;1, -1;0,  0> +
           (-0.1458189, 0.0003761)|   0, 1, 0;0,  0;1, -1> +
            ...
 |  551> = ( 0.5910639,-0.0260131)|   0, 1, 0;1, -1;0,  0> +
           (-0.5910400, 0.0260025)|   0, 1, 0;0,  0;1, -1> +
           ( 0.3215478,-0.0358432)|   0, 1, 0;1,  1;0,  0> +
           (-0.3215255, 0.0358554)|   0, 1, 0;0,  0;1,  1> +
           ( 0.0169064,-0.2005518)|   0, 0, 1;0,  0;1, -1> +
           (-0.0169030, 0.2005129)|   0, 0, 1;1, -1;0,  0> +
           (-0.0070682,-0.0690221)|   0, 0, 1;0,  0;1,  1> +
           ( 0.0070582, 0.0689824)|   0, 0, 1;1,  1;0,  0> +
           ( 0.0000105,-0.0000062)|   0, 1, 0;1,  0;0,  0> +
            ...
 |  552> = ( 0.0364263,-0.5108138)|   0, 0, 1;0,  0;1, -1> +
           ( 0.0364195,-0.5108123)|   0, 0, 1;1, -1;0,  0> +
           ( 0.4450237, 0.0167451)|   0, 1, 0;0,  0;1,  1> +
           ( 0.4449993, 0.0167503)|   0, 1, 0;1,  1;0,  0> +
           (-0.0405231, 0.1937118)|   0, 0, 1;0,  0;1,  1> +
           (-0.0405232, 0.1937100)|   0, 0, 1;1,  1;0,  0> +
           (-0.0011678, 0.0161386)|   0, 1, 0;1, -1;0,  0> +
           (-0.0011430, 0.0161266)|   0, 1, 0;0,  0;1, -1> +
           ( 0.0000248, 0.0000158)|   0, 1, 0;1,  0;0,  0> +
           ( 0.0000125, 0.0000247)|   0, 1, 0;0,  0;1,  0> +
            ...
 |  553> = (-0.5807015, 0.0791607)|   0, 1, 0;0,  0;1, -1> +
           (-0.5806782, 0.0791677)|   0, 1, 0;1, -1;0,  0> +
           ( 0.2855116,-0.0521760)|   0, 1, 0;1,  1;0,  0> +
           ( 0.2854854,-0.0521762)|   0, 1, 0;0,  0;1,  1> +
           ( 0.0221861, 0.2655657)|   0, 0, 1;0,  0;1, -1> +
           ( 0.0221790, 0.2655570)|   0, 0, 1;1, -1;0,  0> +
           ( 0.0043231, 0.0355977)|   0, 0, 1;1,  1;0,  0> +
           ( 0.0043227, 0.0355918)|   0, 0, 1;0,  0;1,  1> +
           ( 0.0000002, 0.0000181)|   0, 1, 0;1,  0;0,  0> +
           ( 0.0000165, 0.0000003)|   0, 1, 0;0,  0;1,  0> +
            ...
 |  554> = ( 0.0352011, 0.6526908)|   0, 0, 1;1,  1;0,  0> +
           ( 0.0352013, 0.6525964)|   0, 0, 1;0,  0;1,  1> +
           (-0.2546115, 0.0295383)|   0, 1, 0;0,  0;1,  1> +
           (-0.2544994, 0.0295339)|   0, 1, 0;1,  1;0,  0> +
           (-0.0756477,-0.0066091)|   0, 1, 0;0,  0;1, -1> +
           (-0.0756066,-0.0066176)|   0, 1, 0;1, -1;0,  0> +
           ( 0.0268025, 0.0258631)|   0, 0, 1;0,  0;1, -1> +
           ( 0.0268068, 0.0256989)|   0, 0, 1;1, -1;0,  0> +
           (-0.0000024,-0.0000236)|   0, 0, 1;0,  0;1,  0> +
           ( 0.0000006, 0.0000104)|   0, 0, 1;1,  1;1,  0> +
           (-0.0000006,-0.0000104)|   0, 0, 1;1,  0;1,  1> +
            ...
 |  555> = (-0.0073294,-0.4065831)|   0, 0, 1;0,  0;1, -1> +
           (-0.0073308,-0.4065383)|   0, 0, 1;1, -1;0,  0> +
           (-0.3895519,-0.0075647)|   0, 1, 0;1,  1;0,  0> +
           (-0.3894845,-0.0075662)|   0, 1, 0;0,  0;1,  1> +
           (-0.3879555, 0.0012407)|   0, 1, 0;0,  0;1, -1> +
           (-0.3879465, 0.0012435)|   0, 1, 0;1, -1;0,  0> +
           (-0.0095940,-0.1796660)|   0, 0, 1;0,  0;1,  1> +
           (-0.0095940,-0.1796302)|   0, 0, 1;1,  1;0,  0> +
            ...
 |  556> = ( 0.1585350, 0.6891130)|   0, 0, 1;1,  0;0,  0> +
           ( 0.1585305, 0.6890356)|   0, 0, 1;0,  0;1,  0> +
           (-0.0065717, 0.0009013)|   0, 1, 0;1,  0;0,  0> +
           (-0.0065688, 0.0009030)|   0, 1, 0;0,  0;1,  0> +
           ( 0.0000019, 0.0000135)|   0, 0, 1;0,  0;1,  1> +
           ( 0.0000021, 0.0000127)|   0, 0, 1;1,  1;0,  0> +
           ( 0.0000003, 0.0000107)|   0, 0, 1;1, -1;0,  0> +
            ...
 |  557> = ( 0.4806770, 0.5185765)|   0, 1, 0;1,  0;0,  0> +
           ( 0.4805815, 0.5186343)|   0, 1, 0;0,  0;1,  0> +
           (-0.0044405, 0.0049273)|   0, 0, 1;1,  0;0,  0> +
           (-0.0044414, 0.0049237)|   0, 0, 1;0,  0;1,  0> +
           (-0.0000232,-0.0000001)|   0, 1, 0;1,  1;0,  0> +
           (-0.0000216, 0.0000010)|   0, 1, 0;0,  0;1,  1> +
           (-0.0000027, 0.0000152)|   0, 0, 1;0,  0;1, -1> +
           (-0.0000007, 0.0000153)|   0, 0, 1;1, -1;0,  0> +
           ( 0.0000111,-0.0000007)|   0, 1, 0;0,  0;1, -1> +
            ...
 |  558> = ( 0.0290336, 0.7027749)|   0, 0, 1;0,  0;1,  0> +
           (-0.0290171,-0.7026993)|   0, 0, 1;1,  0;0,  0> +
           (-0.0642953, 0.0344158)|   0, 1, 0;0,  0;1,  0> +
           ( 0.0642892,-0.0344214)|   0, 1, 0;1,  0;0,  0> +
           (-0.0000009,-0.0000223)|   0, 0, 1;1,  0;1,  0> +
           (-0.0000009,-0.0000223)|   0, 0, 1;0,  0;0,  0> +
           ( 0.0000005, 0.0000121)|   0, 0, 1;1, -1;0,  0> +
           ( 0.0000005, 0.0000111)|   0, 0, 1;0,  0;1,  1> +
            ...
 |  559> = ( 0.5412157,-0.4492028)|   0, 1, 0;0,  0;1,  0> +
           (-0.5411289, 0.4492723)|   0, 1, 0;1,  0;0,  0> +
           ( 0.0175180, 0.0707940)|   0, 0, 1;0,  0;1,  0> +
           (-0.0175187,-0.0707863)|   0, 0, 1;1,  0;0,  0> +
           (-0.0000172, 0.0000143)|   0, 1, 0;1,  0;1,  0> +
           (-0.0000172, 0.0000143)|   0, 1, 0;0,  0;0,  0> +
           ( 0.0000181,-0.0000009)|   0, 1, 0;1, -1;0,  0> +
           (-0.0000001,-0.0000145)|   0, 0, 1;0,  0;1, -1> +
            ...
 |  560> = ( 0.7071275, 0.0004846)|   6, 0, 0;0,  0;1,  1> +
           (-0.7070857,-0.0004844)|   6, 0, 0;1,  1;0,  0> +
           ( 0.0000589,-0.0000033)|   6, 0, 0;0,  0;1, -1> +
           (-0.0000589, 0.0000033)|   6, 0, 0;1, -1;0,  0> +
           (-0.0000112,-0.0000000)|   6, 0, 0;1,  0;1,  1> +
           (-0.0000112,-0.0000000)|   6, 0, 0;1,  1;1,  0> +
            ...
 |  561> = (-0.7072240, 0.0001773)|   6, 0, 0;1, -1;0,  0> +
           ( 0.7069895,-0.0001772)|   6, 0, 0;0,  0;1, -1> +
           ( 0.0000594, 0.0000034)|   6, 0, 0;1,  1;0,  0> +
           (-0.0000583,-0.0000034)|   6, 0, 0;0,  0;1,  1> +
           (-0.0000112, 0.0000000)|   6, 0, 0;1, -1;1,  0> +
           (-0.0000112, 0.0000000)|   6, 0, 0;1,  0;1, -1> +
            ...
