p1525
p1525
p1525
p1525
p1525
p1525
p1525
p1525
p1525
p1525
p1525
p1525
p1525
p1525
p1525
p1525
p1525
p1525
p1525
p1525
p1525
p1525
p1525
p1525
# Parameters of the model
#  mass:		  261.0000 u
#  charge:	    1.0000 e
#  dipole:	   4.74500 D
#  B:		    503.65 MHz
#  omega_rho:	    1.4000 MHz
#  omega_z:	  0.174000 MHz

# omega_1:	  0.301377 MHz
# omega_3/5:	   1.38915 MHz

# Basis truncation:	|32,4,4;2,2>
# Basis size:		41472

# Active terms of the Hamiltionian:
# 	Nomal modes:	1
# 	T_rot:      	1
# 	V_qd^{(0)}: 	1
# 	V_qd^{(1)}: 	1
# 	V_dd^{(0)}: 	1

# Results of the diagonalisation
# 100 smallest eigenvalues
 5.109314996 6.109314996 7.109314996 8.109314996 9.109314996 9.718644162 9.718644162 10.109314996 10.718644162 10.718644162 11.109314996 11.718644162 11.718644162 12.109314996 12.718644162 12.718644162 13.109314996 13.718644162 13.718644162 14.109314996 14.327973327 14.327973328 14.327973328 14.718644162 14.718644162 15.109314996 15.327973327 15.327973327 15.327973328 15.718644162 15.718644162 16.109314996 16.327973327 16.327973327 16.327973328 16.718644162 16.718644162 17.109314996 17.327973328 17.327973328 17.327973328 17.718644162 17.718644162 18.109314996 18.327973327 18.327973327 18.327973328 18.718644162 18.718644162 18.937302493 18.937302493 18.937302493 18.937302493 19.109314996 19.327973327 19.327973327 19.327973327 19.718644161 19.718644162 19.937302493 19.937302493 19.937302493 19.937302493 20.109314996 20.327973327 20.327973327 20.327973327 20.718644161 20.718644162 20.937302493 20.937302493 20.937302493 20.937302493 21.109314996 21.327973327 21.327973327 21.327973327 21.718644161 21.718644162 21.937302493 21.937302493 21.937302493 21.937302493 22.109314996 22.327973327 22.327973327 22.327973328 22.718644161 22.718644162 22.937302493 22.937302493 22.937302493 22.937302493 23.109314996 23.327973327 23.327973327 23.327973327 23.546631659 23.546631659 23.546631659

# Ground state and the lowest excitations:
 |    0> = ( 1.0000000, 0.0000000)|   0, 0, 0;0,  0;0,  0> +
           ( 0.0000184, 0.0000000)|   0, 0, 0;0,  0;1,  0> +
           (-0.0000184, 0.0000000)|   0, 0, 0;1,  0;0,  0> +
            ...
 |    1> = (-1.0000000,-0.0000000)|   1, 0, 0;0,  0;0,  0> +
           ( 0.0000184,-0.0000000)|   1, 0, 0;1,  0;0,  0> +
           (-0.0000184,-0.0000000)|   1, 0, 0;0,  0;1,  0> +
            ...
 |    2> = (-1.0000000, 0.0000000)|   2, 0, 0;0,  0;0,  0> +
           ( 0.0000184, 0.0000000)|   2, 0, 0;1,  0;0,  0> +
           (-0.0000184, 0.0000000)|   2, 0, 0;0,  0;1,  0> +
            ...
 |    3> = (-1.0000000, 0.0000000)|   3, 0, 0;0,  0;0,  0> +
           ( 0.0000184, 0.0000000)|   3, 0, 0;1,  0;0,  0> +
           (-0.0000184, 0.0000000)|   3, 0, 0;0,  0;1,  0> +
            ...
 |    4> = ( 1.0000000,-0.0000000)|   4, 0, 0;0,  0;0,  0> +
           (-0.0000184, 0.0000000)|   4, 0, 0;1,  0;0,  0> +
           ( 0.0000184,-0.0000000)|   4, 0, 0;0,  0;1,  0> +
            ...
 |    5> = (-0.7119929,-0.0000028)|   0, 1, 0;0,  0;0,  0> +
           (-0.0000028, 0.7021867)|   0, 0, 1;0,  0;0,  0> +
           ( 0.0000131, 0.0000000)|   0, 1, 0;1,  0;0,  0> +
           (-0.0000131,-0.0000000)|   0, 1, 0;0,  0;1,  0> +
           (-0.0000000, 0.0000129)|   0, 0, 1;0,  0;1,  0> +
           ( 0.0000000,-0.0000129)|   0, 0, 1;1,  0;0,  0> +
            ...
 |    6> = ( 0.0000000,-0.7119929)|   0, 0, 1;0,  0;0,  0> +
           (-0.7021867, 0.0000000)|   0, 1, 0;0,  0;0,  0> +
           ( 0.0000000,-0.0000131)|   0, 0, 1;0,  0;1,  0> +
           (-0.0000000, 0.0000131)|   0, 0, 1;1,  0;0,  0> +
           (-0.0000129, 0.0000000)|   0, 1, 0;0,  0;1,  0> +
           ( 0.0000129,-0.0000000)|   0, 1, 0;1,  0;0,  0> +
            ...
 |    7> = (-1.0000000, 0.0000000)|   5, 0, 0;0,  0;0,  0> +
           (-0.0000184, 0.0000000)|   5, 0, 0;0,  0;1,  0> +
           ( 0.0000184,-0.0000000)|   5, 0, 0;1,  0;0,  0> +
            ...
 |    8> = ( 0.0001814,-0.7177584)|   1, 0, 1;0,  0;0,  0> +
           (-0.6962922, 0.0001814)|   1, 1, 0;0,  0;0,  0> +
           ( 0.0000000,-0.0000132)|   1, 0, 1;0,  0;1,  0> +
           (-0.0000000, 0.0000132)|   1, 0, 1;1,  0;0,  0> +
           (-0.0000128, 0.0000000)|   1, 1, 0;0,  0;1,  0> +
           ( 0.0000128,-0.0000000)|   1, 1, 0;1,  0;0,  0> +
            ...
 |    9> = (-0.7176593,-0.0119283)|   1, 1, 0;0,  0;0,  0> +
           (-0.0119288, 0.6961900)|   1, 0, 1;0,  0;0,  0> +
           (-0.0000132,-0.0000002)|   1, 1, 0;0,  0;1,  0> +
           ( 0.0000132, 0.0000002)|   1, 1, 0;1,  0;0,  0> +
           ( 0.0000002,-0.0000128)|   1, 0, 1;1,  0;0,  0> +
           (-0.0000002, 0.0000128)|   1, 0, 1;0,  0;1,  0> +
            ...
 |   10> = ( 1.0000000,-0.0000000)|   6, 0, 0;0,  0;0,  0> +
           (-0.0000184, 0.0000000)|   6, 0, 0;1,  0;0,  0> +
           ( 0.0000184,-0.0000000)|   6, 0, 0;0,  0;1,  0> +
            ...
 |   11> = ( 0.7156560, 0.0000213)|   2, 1, 0;0,  0;0,  0> +
           ( 0.0000213, 0.6984529)|   2, 0, 1;0,  0;0,  0> +
           ( 0.0000131, 0.0000000)|   2, 1, 0;0,  0;1,  0> +
           (-0.0000131,-0.0000000)|   2, 1, 0;1,  0;0,  0> +
           ( 0.0000000, 0.0000128)|   2, 0, 1;0,  0;1,  0> +
           (-0.0000000,-0.0000128)|   2, 0, 1;1,  0;0,  0> +
            ...
 |   12> = (-0.0017562, 0.7156539)|   2, 0, 1;0,  0;0,  0> +
           (-0.6984507,-0.0017562)|   2, 1, 0;0,  0;0,  0> +
           ( 0.0000000,-0.0000131)|   2, 0, 1;1,  0;0,  0> +
           (-0.0000000, 0.0000131)|   2, 0, 1;0,  0;1,  0> +
           ( 0.0000128, 0.0000000)|   2, 1, 0;1,  0;0,  0> +
           (-0.0000128,-0.0000000)|   2, 1, 0;0,  0;1,  0> +
            ...
 |   13> = (-1.0000000, 0.0000000)|   7, 0, 0;0,  0;0,  0> +
           (-0.0000184, 0.0000000)|   7, 0, 0;0,  0;1,  0> +
           ( 0.0000184,-0.0000000)|   7, 0, 0;1,  0;0,  0> +
            ...
 |   14> = (-0.8158736, 0.0151562)|   3, 1, 0;0,  0;0,  0> +
           ( 0.0151567, 0.5778328)|   3, 0, 1;0,  0;0,  0> +
           ( 0.0000150,-0.0000003)|   3, 1, 0;1,  0;0,  0> +
           (-0.0000150, 0.0000003)|   3, 1, 0;0,  0;1,  0> +
           (-0.0000003,-0.0000106)|   3, 0, 1;1,  0;0,  0> +
           ( 0.0000003, 0.0000106)|   3, 0, 1;0,  0;1,  0> +
            ...
 |   15> = ( 0.0025884, 0.8160103)|   3, 0, 1;0,  0;0,  0> +
           ( 0.5780258, 0.0025883)|   3, 1, 0;0,  0;0,  0> +
           ( 0.0000000, 0.0000150)|   3, 0, 1;0,  0;1,  0> +
           (-0.0000000,-0.0000150)|   3, 0, 1;1,  0;0,  0> +
           ( 0.0000106, 0.0000000)|   3, 1, 0;0,  0;1,  0> +
           (-0.0000106,-0.0000000)|   3, 1, 0;1,  0;0,  0> +
            ...
 |   16> = ( 1.0000000,-0.0000000)|   8, 0, 0;0,  0;0,  0> +
           (-0.0000184, 0.0000000)|   8, 0, 0;1,  0;0,  0> +
           ( 0.0000184,-0.0000000)|   8, 0, 0;0,  0;1,  0> +
            ...
 |   17> = (-0.0098520, 0.9204916)|   4, 0, 1;0,  0;0,  0> +
           ( 0.3905139,-0.0098517)|   4, 1, 0;0,  0;0,  0> +
           (-0.0000002, 0.0000169)|   4, 0, 1;0,  0;1,  0> +
           ( 0.0000002,-0.0000169)|   4, 0, 1;1,  0;0,  0> +
            ...
 |   18> = (-0.9202222,-0.0243522)|   4, 1, 0;0,  0;0,  0> +
           (-0.0243530, 0.3898783)|   4, 0, 1;0,  0;0,  0> +
           ( 0.0000169, 0.0000004)|   4, 1, 0;1,  0;0,  0> +
           (-0.0000169,-0.0000004)|   4, 1, 0;0,  0;1,  0> +
            ...
 |   19> = ( 1.0000000,-0.0000000)|   9, 0, 0;0,  0;0,  0> +
           (-0.0000184, 0.0000000)|   9, 0, 0;1,  0;0,  0> +
           ( 0.0000184,-0.0000000)|   9, 0, 0;0,  0;1,  0> +
            ...
 |   20> = ( 0.0010199, 0.9999995)|   0, 1, 1;0,  0;0,  0> +
           (-0.0000000,-0.0000184)|   0, 1, 1;1,  0;0,  0> +
           ( 0.0000000, 0.0000184)|   0, 1, 1;0,  0;1,  0> +
            ...
 |   21> = ( 0.7071070, 0.0000000)|   0, 2, 0;0,  0;0,  0> +
           ( 0.7071065,-0.0000000)|   0, 0, 2;0,  0;0,  0> +
           ( 0.0000130, 0.0000000)|   0, 2, 0;0,  0;1,  0> +
           (-0.0000130,-0.0000000)|   0, 2, 0;1,  0;0,  0> +
           (-0.0000130,-0.0000000)|   0, 0, 2;1,  0;0,  0> +
           ( 0.0000130,-0.0000000)|   0, 0, 2;0,  0;1,  0> +
            ...
 |   22> = ( 0.7071070, 0.0000000)|   0, 0, 2;0,  0;0,  0> +
           (-0.7071065,-0.0000000)|   0, 2, 0;0,  0;0,  0> +
           ( 0.0000130, 0.0000000)|   0, 0, 2;0,  0;1,  0> +
           (-0.0000130, 0.0000000)|   0, 0, 2;1,  0;0,  0> +
           ( 0.0000130, 0.0000000)|   0, 2, 0;1,  0;0,  0> +
           (-0.0000130,-0.0000000)|   0, 2, 0;0,  0;1,  0> +
            ...
 |   23> = (-0.7269693, 0.0000785)|   5, 1, 0;0,  0;0,  0> +
           ( 0.0000785,-0.6866700)|   5, 0, 1;0,  0;0,  0> +
           (-0.0000134, 0.0000000)|   5, 1, 0;0,  0;1,  0> +
           ( 0.0000134,-0.0000000)|   5, 1, 0;1,  0;0,  0> +
           ( 0.0000000,-0.0000126)|   5, 0, 1;0,  0;1,  0> +
           (-0.0000000, 0.0000126)|   5, 0, 1;1,  0;0,  0> +
            ...
 |   24> = ( 0.0027539, 0.7269641)|   5, 0, 1;0,  0;0,  0> +
           (-0.6866645, 0.0027539)|   5, 1, 0;0,  0;0,  0> +
           (-0.0000001,-0.0000134)|   5, 0, 1;1,  0;0,  0> +
           ( 0.0000001, 0.0000134)|   5, 0, 1;0,  0;1,  0> +
           ( 0.0000126,-0.0000001)|   5, 1, 0;1,  0;0,  0> +
           (-0.0000126, 0.0000001)|   5, 1, 0;0,  0;1,  0> +
            ...
 # The upper part of the spectrum
 # Eigenvalues first: 512	 last: 562
 21005.624439646 21005.624439646 21005.624440989 21005.624440989 21005.624445351 21005.624448037 21006.624439646 21006.624439646 21006.624440989 21006.624440989 21006.624445351 21006.624448037 21007.624439646 21007.624439646 21007.624440989 21007.624440989 21007.624445351 21007.624448037 21008.624439645 21008.624439646 21008.624440989 21008.624440989 21008.624445351 21008.624448036 21009.624439646 21009.624439646 21009.624440989 21009.624440989 21009.624445350 21009.624448036 21010.233768811 21010.233768811 21010.233768811 21010.233768812 21010.233770154 21010.233770155 21010.233770155 21010.233770155 21010.233774516 21010.233774516 21010.233777202 21010.233777202 21010.624439645 21010.624439646 21010.624440989 21010.624440989 21010.624445350 21010.624448036 21011.233768811 21011.233768811

# Excited states :
 |  511> = (-0.0008274,-0.9999997)|  31, 3, 3;0,  0;0,  0> +
           (-0.0000000,-0.0000184)|  31, 3, 3;0,  0;1,  0> +
           ( 0.0000000, 0.0000184)|  31, 3, 3;1,  0;0,  0> +
            ...
 |  512> = ( 0.5947779, 0.3825070)|   0, 0, 0;0,  0;1,  1> +
           (-0.5946761,-0.3824754)|   0, 0, 0;1,  1;0,  0> +
           (-0.0004872,-0.0000024)|   0, 0, 0;1, -1;0,  0> +
           ( 0.0004848, 0.0000002)|   0, 0, 0;0,  0;1, -1> +
           (-0.0000109,-0.0000070)|   0, 0, 0;1,  0;1,  1> +
           (-0.0000109,-0.0000070)|   0, 0, 0;1,  1;1,  0> +
            ...
 |  513> = (-0.7071313, 0.0000000)|   0, 0, 0;1, -1;0,  0> +
           ( 0.7070819,-0.0000000)|   0, 0, 0;0,  0;1, -1> +
           ( 0.0004106, 0.0002615)|   0, 0, 0;1,  1;0,  0> +
           (-0.0004082,-0.0002621)|   0, 0, 0;0,  0;1,  1> +
           (-0.0000130, 0.0000000)|   0, 0, 0;1, -1;1,  0> +
           (-0.0000130, 0.0000000)|   0, 0, 0;1,  0;1, -1> +
            ...
 |  514> = ( 0.6952660,-0.1291282)|   0, 0, 0;1,  1;0,  0> +
           ( 0.6951598,-0.1291375)|   0, 0, 0;0,  0;1,  1> +
           (-0.0019387,-0.0000001)|   0, 0, 0;0,  0;1, -1> +
           (-0.0019361,-0.0000000)|   0, 0, 0;1, -1;0,  0> +
           ( 0.0000128,-0.0000024)|   0, 0, 0;1,  1;1,  0> +
           (-0.0000128, 0.0000024)|   0, 0, 0;1,  0;1,  1> +
            ...
 |  515> = ( 0.7071288,-0.0000000)|   0, 0, 0;0,  0;1, -1> +
           ( 0.7070794,-0.0000000)|   0, 0, 0;1, -1;0,  0> +
           ( 0.0019063,-0.0003541)|   0, 0, 0;0,  0;1,  1> +
           ( 0.0019034,-0.0003536)|   0, 0, 0;1,  1;0,  0> +
           (-0.0000130, 0.0000000)|   0, 0, 0;1,  0;1, -1> +
           ( 0.0000130,-0.0000000)|   0, 0, 0;1, -1;1,  0> +
            ...
 |  516> = (-0.7071068, 0.0000694)|   0, 0, 0;0,  0;1,  0> +
           (-0.7071068, 0.0000694)|   0, 0, 0;1,  0;0,  0> +
            ...
 |  517> = ( 0.7071068,-0.0000000)|   0, 0, 0;1,  0;0,  0> +
           (-0.7071068,-0.0000000)|   0, 0, 0;0,  0;1,  0> +
           ( 0.0000260,-0.0000000)|   0, 0, 0;1,  0;1,  0> +
           ( 0.0000260, 0.0000000)|   0, 0, 0;0,  0;0,  0> +
            ...
 |  518> = (-0.7021713,-0.0100580)|   1, 0, 0;0,  0;1, -1> +
           ( 0.7021554, 0.0100581)|   1, 0, 0;1, -1;0,  0> +
           (-0.0829076, 0.0000348)|   1, 0, 0;1,  1;0,  0> +
           ( 0.0828090,-0.0000345)|   1, 0, 0;0,  0;1,  1> +
           ( 0.0000129, 0.0000002)|   1, 0, 0;1,  0;1, -1> +
           ( 0.0000129, 0.0000002)|   1, 0, 0;1, -1;1,  0> +
            ...
 |  519> = (-0.7022393,-0.0000042)|   1, 0, 0;0,  0;1,  1> +
           ( 0.7022315, 0.0000042)|   1, 0, 0;1,  1;0,  0> +
           (-0.0828585,-0.0012219)|   1, 0, 0;0,  0;1, -1> +
           ( 0.0828401, 0.0012219)|   1, 0, 0;1, -1;0,  0> +
           ( 0.0000129, 0.0000000)|   1, 0, 0;1,  0;1,  1> +
           ( 0.0000129, 0.0000000)|   1, 0, 0;1,  1;1,  0> +
            ...
 |  520> = ( 0.6884730,-0.0023045)|   1, 0, 0;1,  1;0,  0> +
           ( 0.6884730,-0.0023045)|   1, 0, 0;0,  0;1,  1> +
           ( 0.1612927,-0.0006498)|   1, 0, 0;1, -1;0,  0> +
           ( 0.1611923,-0.0006512)|   1, 0, 0;0,  0;1, -1> +
           ( 0.0000126,-0.0000000)|   1, 0, 0;1,  1;1,  0> +
           (-0.0000126, 0.0000000)|   1, 0, 0;1,  0;1,  1> +
            ...
 |  521> = ( 0.6884794,-0.0000293)|   1, 0, 0;0,  0;1, -1> +
           ( 0.6884743,-0.0000293)|   1, 0, 0;1, -1;0,  0> +
           (-0.1612523,-0.0001039)|   1, 0, 0;0,  0;1,  1> +
           (-0.1612354,-0.0001039)|   1, 0, 0;1,  1;0,  0> +
           (-0.0000126, 0.0000000)|   1, 0, 0;1,  0;1, -1> +
           ( 0.0000126,-0.0000000)|   1, 0, 0;1, -1;1,  0> +
            ...
 |  522> = ( 0.7071070,-0.0000000)|   1, 0, 0;1,  0;0,  0> +
           ( 0.7071065,-0.0000000)|   1, 0, 0;0,  0;1,  0> +
            ...
 |  523> = ( 0.7071070,-0.0000000)|   1, 0, 0;0,  0;1,  0> +
           (-0.7071065,-0.0000000)|   1, 0, 0;1,  0;0,  0> +
           (-0.0000260, 0.0000000)|   1, 0, 0;1,  0;1,  0> +
           (-0.0000260,-0.0000000)|   1, 0, 0;0,  0;0,  0> +
            ...
 |  524> = ( 0.7071542,-0.0000000)|   2, 0, 0;1, -1;0,  0> +
           (-0.7070593,-0.0000000)|   2, 0, 0;0,  0;1, -1> +
           ( 0.0001105,-0.0000000)|   2, 0, 0;0,  0;1,  1> +
           (-0.0001105, 0.0000000)|   2, 0, 0;1,  1;0,  0> +
           ( 0.0000130,-0.0000000)|   2, 0, 0;1, -1;1,  0> +
           ( 0.0000130, 0.0000000)|   2, 0, 0;1,  0;1, -1> +
            ...
 |  525> = (-0.7070694,-0.0085871)|   2, 0, 0;1,  1;0,  0> +
           ( 0.7070398, 0.0085881)|   2, 0, 0;0,  0;1,  1> +
           (-0.0001105,-0.0000014)|   2, 0, 0;1, -1;0,  0> +
           ( 0.0001105, 0.0000014)|   2, 0, 0;0,  0;1, -1> +
           (-0.0000130,-0.0000002)|   2, 0, 0;1,  1;1,  0> +
           (-0.0000130,-0.0000002)|   2, 0, 0;1,  0;1,  1> +
            ...
 |  526> = ( 0.7071542,-0.0000000)|   2, 0, 0;0,  0;1, -1> +
           ( 0.7070593,-0.0000001)|   2, 0, 0;1, -1;0,  0> +
           (-0.0001072,-0.0000000)|   2, 0, 0;0,  0;1,  1> +
           (-0.0001071,-0.0000000)|   2, 0, 0;1,  1;0,  0> +
           (-0.0000130, 0.0000000)|   2, 0, 0;1,  0;1, -1> +
           ( 0.0000130,-0.0000000)|   2, 0, 0;1, -1;1,  0> +
            ...
 |  527> = ( 0.7070875,-0.0069426)|   2, 0, 0;0,  0;1,  1> +
           ( 0.7070579,-0.0069436)|   2, 0, 0;1,  1;0,  0> +
           ( 0.0001072,-0.0000011)|   2, 0, 0;0,  0;1, -1> +
           ( 0.0001071,-0.0000011)|   2, 0, 0;1, -1;0,  0> +
           (-0.0000130, 0.0000001)|   2, 0, 0;1,  0;1,  1> +
           ( 0.0000130,-0.0000001)|   2, 0, 0;1,  1;1,  0> +
            ...
 |  528> = ( 0.7071069,-0.0000003)|   2, 0, 0;0,  0;1,  0> +
           ( 0.7071066,-0.0000003)|   2, 0, 0;1,  0;0,  0> +
            ...
 |  529> = (-0.7071069, 0.0000000)|   2, 0, 0;1,  0;0,  0> +
           ( 0.7071066, 0.0000000)|   2, 0, 0;0,  0;1,  0> +
           (-0.0000260,-0.0000000)|   2, 0, 0;1,  0;1,  0> +
           (-0.0000260, 0.0000000)|   2, 0, 0;0,  0;0,  0> +
            ...
 |  530> = (-0.7071534,-0.0067035)|   3, 0, 0;1,  1;0,  0> +
           ( 0.7069966, 0.0067058)|   3, 0, 0;0,  0;1,  1> +
           (-0.0002018,-0.0000019)|   3, 0, 0;1, -1;0,  0> +
           ( 0.0002018, 0.0000019)|   3, 0, 0;0,  0;1, -1> +
           (-0.0000130,-0.0000001)|   3, 0, 0;1,  1;1,  0> +
           (-0.0000130,-0.0000001)|   3, 0, 0;1,  0;1,  1> +
            ...
 |  531> = (-0.7072249,-0.0000001)|   3, 0, 0;0,  0;1, -1> +
           ( 0.7069886, 0.0000001)|   3, 0, 0;1, -1;0,  0> +
           ( 0.0002018,-0.0000000)|   3, 0, 0;0,  0;1,  1> +
           (-0.0002017, 0.0000000)|   3, 0, 0;1,  1;0,  0> +
           ( 0.0000130, 0.0000000)|   3, 0, 0;1,  0;1, -1> +
           ( 0.0000130, 0.0000000)|   3, 0, 0;1, -1;1,  0> +
            ...
 |  532> = ( 0.7070872,-0.0117668)|   3, 0, 0;0,  0;1,  1> +
           ( 0.7069304,-0.0117680)|   3, 0, 0;1,  1;0,  0> +
           ( 0.0002042,-0.0000034)|   3, 0, 0;0,  0;1, -1> +
           ( 0.0002041,-0.0000034)|   3, 0, 0;1, -1;0,  0> +
           (-0.0000130, 0.0000002)|   3, 0, 0;1,  0;1,  1> +
           ( 0.0000130,-0.0000002)|   3, 0, 0;1,  1;1,  0> +
            ...
 |  533> = ( 0.7072249, 0.0000001)|   3, 0, 0;1, -1;0,  0> +
           ( 0.7069886, 0.0000001)|   3, 0, 0;0,  0;1, -1> +
           (-0.0002042, 0.0000000)|   3, 0, 0;1,  1;0,  0> +
           (-0.0002041, 0.0000000)|   3, 0, 0;0,  0;1,  1> +
           ( 0.0000130, 0.0000000)|   3, 0, 0;1, -1;1,  0> +
           (-0.0000130,-0.0000000)|   3, 0, 0;1,  0;1, -1> +
            ...
 |  534> = (-0.7071031, 0.0024247)|   3, 0, 0;1,  0;0,  0> +
           (-0.7071022, 0.0024247)|   3, 0, 0;0,  0;1,  0> +
            ...
 |  535> = (-0.7071072, 0.0000000)|   3, 0, 0;0,  0;1,  0> +
           ( 0.7071063, 0.0000000)|   3, 0, 0;1,  0;0,  0> +
           ( 0.0000260,-0.0000000)|   3, 0, 0;1,  0;1,  0> +
           ( 0.0000260, 0.0000000)|   3, 0, 0;0,  0;0,  0> +
            ...
 |  536> = ( 0.7072112, 0.0000005)|   4, 0, 0;1, -1;0,  0> +
           (-0.7070022, 0.0000002)|   4, 0, 0;0,  0;1, -1> +
           (-0.0002585, 0.0000001)|   4, 0, 0;1,  1;0,  0> +
           ( 0.0002567, 0.0000001)|   4, 0, 0;0,  0;1,  1> +
           ( 0.0000130, 0.0000000)|   4, 0, 0;1, -1;1,  0> +
           ( 0.0000130,-0.0000000)|   4, 0, 0;1,  0;1, -1> +
            ...
 |  537> = (-0.7063387, 0.0334933)|   4, 0, 0;0,  0;1,  1> +
           ( 0.7062875,-0.0334906)|   4, 0, 0;1,  1;0,  0> +
           (-0.0002573, 0.0000122)|   4, 0, 0;0,  0;1, -1> +
           ( 0.0002573,-0.0000122)|   4, 0, 0;1, -1;0,  0> +
           ( 0.0000130,-0.0000006)|   4, 0, 0;1,  0;1,  1> +
           ( 0.0000130,-0.0000006)|   4, 0, 0;1,  1;1,  0> +
            ...
 |  538> = (-0.7072112,-0.0000001)|   4, 0, 0;0,  0;1, -1> +
           (-0.7070022,-0.0000008)|   4, 0, 0;1, -1;0,  0> +
           ( 0.0002760,-0.0000014)|   4, 0, 0;0,  0;1,  1> +
           ( 0.0002760,-0.0000014)|   4, 0, 0;1,  1;0,  0> +
           ( 0.0000130, 0.0000000)|   4, 0, 0;1,  0;1, -1> +
           (-0.0000130,-0.0000000)|   4, 0, 0;1, -1;1,  0> +
            ...
 |  539> = (-0.7050991, 0.0535860)|   4, 0, 0;1,  1;0,  0> +
           (-0.7050480, 0.0535823)|   4, 0, 0;0,  0;1,  1> +
           (-0.0002762, 0.0000195)|   4, 0, 0;1, -1;0,  0> +
           (-0.0002745, 0.0000195)|   4, 0, 0;0,  0;1, -1> +
           (-0.0000130, 0.0000010)|   4, 0, 0;1,  1;1,  0> +
           ( 0.0000129,-0.0000010)|   4, 0, 0;1,  0;1,  1> +
            ...
 |  540> = (-0.7069945,-0.0127404)|   4, 0, 0;0,  0;1,  0> +
           (-0.7069895,-0.0127404)|   4, 0, 0;1,  0;0,  0> +
            ...
 |  541> = (-0.7071093,-0.0000000)|   4, 0, 0;1,  0;0,  0> +
           ( 0.7071043,-0.0000000)|   4, 0, 0;0,  0;1,  0> +
           (-0.0000260,-0.0000000)|   4, 0, 0;1,  0;1,  0> +
           (-0.0000260, 0.0000000)|   4, 0, 0;0,  0;0,  0> +
            ...
 |  542> = (-0.5219808, 0.0225830)|   0, 1, 0;0,  0;1, -1> +
           ( 0.5219701,-0.0225861)|   0, 1, 0;1, -1;0,  0> +
           ( 0.4670926,-0.0374079)|   0, 1, 0;1,  1;0,  0> +
           (-0.4670648, 0.0374079)|   0, 1, 0;0,  0;1,  1> +
           (-0.0187229,-0.0748024)|   0, 0, 1;0,  0;1, -1> +
           ( 0.0187241, 0.0747412)|   0, 0, 1;1, -1;0,  0> +
           (-0.0335479,-0.0200881)|   0, 0, 1;1,  1;0,  0> +
           ( 0.0335458, 0.0200572)|   0, 0, 1;0,  0;1,  1> +
            ...
 |  543> = (-0.3536426, 0.0000001)|   0, 1, 0;0,  0;1,  1> +
           ( 0.3536414,-0.0000001)|   0, 1, 0;1,  1;0,  0> +
           ( 0.0000001,-0.3536409)|   0, 0, 1;0,  0;1,  1> +
           (-0.0000001, 0.3536398)|   0, 0, 1;1,  1;0,  0> +
           (-0.3534813,-0.0000001)|   0, 1, 0;1, -1;0,  0> +
           ( 0.3534802, 0.0000001)|   0, 1, 0;0,  0;1, -1> +
           ( 0.0000001, 0.3534509)|   0, 0, 1;1, -1;0,  0> +
           (-0.0000001,-0.3534499)|   0, 0, 1;0,  0;1, -1> +
            ...
 |  544> = ( 0.0126700, 0.5449964)|   0, 0, 1;0,  0;1, -1> +
           (-0.0126714,-0.5449419)|   0, 0, 1;1, -1;0,  0> +
           ( 0.0216183, 0.4352899)|   0, 0, 1;1,  1;0,  0> +
           (-0.0216172,-0.4352430)|   0, 0, 1;0,  0;1,  1> +
           (-0.1100129,-0.0242312)|   0, 1, 0;0,  0;1,  1> +
           ( 0.1100119, 0.0242301)|   0, 1, 0;1,  1;0,  0> +
           ( 0.0006198, 0.0152853)|   0, 1, 0;1, -1;0,  0> +
           (-0.0005867,-0.0152819)|   0, 1, 0;0,  0;1, -1> +
           (-0.0000002,-0.0000100)|   0, 0, 1;1,  0;1, -1> +
           (-0.0000002,-0.0000100)|   0, 0, 1;1, -1;1,  0> +
            ...
 |  545> = (-0.0571435, 0.4245393)|   0, 0, 1;1,  1;0,  0> +
           ( 0.0571504,-0.4245076)|   0, 0, 1;0,  0;1,  1> +
           (-0.3749755,-0.0457710)|   0, 1, 0;1,  1;0,  0> +
           ( 0.3749309, 0.0457867)|   0, 1, 0;0,  0;1,  1> +
           (-0.3121513,-0.0664990)|   0, 1, 0;0,  0;1, -1> +
           ( 0.3121153, 0.0664939)|   0, 1, 0;1, -1;0,  0> +
           ( 0.0551257,-0.2625947)|   0, 0, 1;0,  0;1, -1> +
           (-0.0551309, 0.2625351)|   0, 0, 1;1, -1;0,  0> +
            ...
 |  546> = ( 0.0748274, 0.4515956)|   0, 0, 1;0,  0;1,  1> +
           ( 0.0748265, 0.4515483)|   0, 0, 1;1,  1;0,  0> +
           (-0.2722481, 0.2214057)|   0, 1, 0;0,  0;1,  1> +
           (-0.2722003, 0.2214026)|   0, 1, 0;1,  1;0,  0> +
           (-0.3419789,-0.0756879)|   0, 1, 0;1, -1;0,  0> +
           (-0.3419498,-0.0756837)|   0, 1, 0;0,  0;1, -1> +
           (-0.0889592,-0.1917857)|   0, 0, 1;1, -1;0,  0> +
           (-0.0889612,-0.1917561)|   0, 0, 1;0,  0;1, -1> +
           ( 0.0000201, 0.0000069)|   0, 1, 0;1,  0;0,  0> +
            ...
 |  547> = (-0.3977930, 0.2761034)|   0, 1, 0;0,  0;1,  1> +
           (-0.3977803, 0.2760900)|   0, 1, 0;1,  1;0,  0> +
           ( 0.4554932,-0.0678452)|   0, 1, 0;0,  0;1, -1> +
           ( 0.4554924,-0.0678429)|   0, 1, 0;1, -1;0,  0> +
           (-0.1429611,-0.0933824)|   0, 0, 1;1, -1;0,  0> +
           (-0.1429574,-0.0933817)|   0, 0, 1;0,  0;1, -1> +
           ( 0.0932967,-0.1248942)|   0, 0, 1;1,  1;0,  0> +
           ( 0.0933086,-0.1248814)|   0, 0, 1;0,  0;1,  1> +
            ...
 |  548> = (-0.0042850, 0.4942474)|   0, 0, 1;0,  0;1,  1> +
           (-0.0042911, 0.4942200)|   0, 0, 1;1,  1;0,  0> +
           (-0.0087489, 0.3558343)|   0, 0, 1;1, -1;0,  0> +
           (-0.0087488, 0.3557572)|   0, 0, 1;0,  0;1, -1> +
           ( 0.3342233, 0.0235398)|   0, 1, 0;1, -1;0,  0> +
           ( 0.3341701, 0.0235394)|   0, 1, 0;0,  0;1, -1> +
           ( 0.1280472,-0.0202669)|   0, 1, 0;1,  1;0,  0> +
           ( 0.1280414,-0.0202610)|   0, 1, 0;0,  0;1,  1> +
            ...
 |  549> = ( 0.0049249,-0.5472447)|   0, 0, 1;1, -1;0,  0> +
           ( 0.0049250,-0.5472160)|   0, 0, 1;0,  0;1, -1> +
           ( 0.3542326, 0.0114329)|   0, 1, 0;0,  0;1,  1> +
           ( 0.3542132, 0.0114369)|   0, 1, 0;1,  1;0,  0> +
           ( 0.2298886,-0.0132713)|   0, 1, 0;0,  0;1, -1> +
           ( 0.2298413,-0.0132713)|   0, 1, 0;1, -1;0,  0> +
           ( 0.0024238, 0.1479556)|   0, 0, 1;1,  1;0,  0> +
           ( 0.0024197, 0.1479509)|   0, 0, 1;0,  0;1,  1> +
           ( 0.0000001,-0.0000101)|   0, 0, 1;1, -1;1,  0> +
           (-0.0000001, 0.0000101)|   0, 0, 1;1,  0;1, -1> +
            ...
 |  550> = ( 0.7016463,-0.0816223)|   0, 1, 0;1,  0;0,  0> +
           ( 0.7016226,-0.0816145)|   0, 1, 0;0,  0;1,  0> +
           ( 0.0052555, 0.0319367)|   0, 0, 1;0,  0;1,  0> +
           ( 0.0052540, 0.0319365)|   0, 0, 1;1,  0;0,  0> +
            ...
 |  551> = ( 0.0706199, 0.7028511)|   0, 0, 1;0,  0;1,  0> +
           ( 0.0705953, 0.7028046)|   0, 0, 1;1,  0;0,  0> +
           (-0.0323229, 0.0017093)|   0, 1, 0;0,  0;1,  0> +
           (-0.0323187, 0.0017106)|   0, 1, 0;1,  0;0,  0> +
            ...
 |  552> = ( 0.5981159, 0.3707555)|   0, 1, 0;0,  0;1,  0> +
           (-0.5980979,-0.3707385)|   0, 1, 0;1,  0;0,  0> +
           ( 0.0031165, 0.0693191)|   0, 0, 1;0,  0;1,  0> +
           (-0.0031161,-0.0693188)|   0, 0, 1;1,  0;0,  0> +
           (-0.0000220,-0.0000136)|   0, 1, 0;1,  0;1,  0> +
           (-0.0000220,-0.0000136)|   0, 1, 0;0,  0;0,  0> +
           ( 0.0000008, 0.0000123)|   0, 0, 1;1,  1;0,  0> +
           (-0.0000110,-0.0000017)|   0, 1, 0;0,  0;1, -1> +
            ...
 |  553> = (-0.3039101,-0.6347112)|   0, 0, 1;1,  0;0,  0> +
           ( 0.3039069, 0.6346584)|   0, 0, 1;0,  0;1,  0> +
           (-0.0685761,-0.0105936)|   0, 1, 0;0,  0;1,  0> +
           ( 0.0685753, 0.0105915)|   0, 1, 0;1,  0;0,  0> +
           (-0.0000112,-0.0000233)|   0, 0, 1;1,  0;1,  0> +
           (-0.0000112,-0.0000233)|   0, 0, 1;0,  0;0,  0> +
            ...
 |  554> = (-0.6984701, 0.1102506)|   5, 0, 0;0,  0;1,  1> +
           ( 0.6984558,-0.1101968)|   5, 0, 0;1,  1;0,  0> +
           ( 0.0004695,-0.0000727)|   5, 0, 0;0,  0;1, -1> +
           (-0.0004695, 0.0000727)|   5, 0, 0;1, -1;0,  0> +
           ( 0.0000128,-0.0000020)|   5, 0, 0;1,  0;1,  1> +
           ( 0.0000128,-0.0000020)|   5, 0, 0;1,  1;1,  0> +
            ...
 |  555> = ( 0.7071152, 0.0000127)|   5, 0, 0;0,  0;1, -1> +
           (-0.7070981,-0.0000127)|   5, 0, 0;1, -1;0,  0> +
           ( 0.0004751,-0.0000013)|   5, 0, 0;0,  0;1,  1> +
           (-0.0004751, 0.0000014)|   5, 0, 0;1,  1;0,  0> +
           (-0.0000130,-0.0000000)|   5, 0, 0;1,  0;1, -1> +
           (-0.0000130,-0.0000000)|   5, 0, 0;1, -1;1,  0> +
            ...
 |  556> = ( 0.7071152,-0.0000038)|   5, 0, 0;1, -1;0,  0> +
           ( 0.7070980,-0.0000038)|   5, 0, 0;0,  0;1, -1> +
           ( 0.0005048, 0.0000014)|   5, 0, 0;1,  1;0,  0> +
           ( 0.0005048, 0.0000014)|   5, 0, 0;0,  0;1,  1> +
           ( 0.0000130,-0.0000000)|   5, 0, 0;1, -1;1,  0> +
           (-0.0000130, 0.0000000)|   5, 0, 0;1,  0;1, -1> +
            ...
 |  557> = (-0.0320378, 0.7063917)|   5, 0, 0;1,  1;0,  0> +
           (-0.0319859, 0.7063715)|   5, 0, 0;0,  0;1,  1> +
           ( 0.0000215,-0.0005043)|   5, 0, 0;1, -1;0,  0> +
           ( 0.0000214,-0.0005043)|   5, 0, 0;0,  0;1, -1> +
           (-0.0000006, 0.0000130)|   5, 0, 0;1,  1;1,  0> +
           ( 0.0000006,-0.0000130)|   5, 0, 0;1,  0;1,  1> +
            ...
 |  558> = (-0.7068872, 0.0176673)|   5, 0, 0;1,  0;0,  0> +
           (-0.7068848, 0.0176673)|   5, 0, 0;0,  0;1,  0> +
            ...
 |  559> = ( 0.7071080,-0.0000000)|   5, 0, 0;0,  0;1,  0> +
           (-0.7071056,-0.0000001)|   5, 0, 0;1,  0;0,  0> +
           (-0.0000260,-0.0000000)|   5, 0, 0;1,  0;1,  0> +
           (-0.0000260,-0.0000000)|   5, 0, 0;0,  0;0,  0> +
            ...
 |  560> = ( 0.5748314, 0.0000740)|   1, 1, 0;0,  0;1,  1> +
           (-0.5748164,-0.0000782)|   1, 1, 0;1,  1;0,  0> +
           ( 0.0024894,-0.3634138)|   1, 0, 1;0,  0;1, -1> +
           (-0.0024926, 0.3633611)|   1, 0, 1;1, -1;0,  0> +
           (-0.0013837,-0.1928000)|   1, 0, 1;0,  0;1,  1> +
           ( 0.0013851, 0.1927927)|   1, 0, 1;1,  1;0,  0> +
           (-0.0186478, 0.0010329)|   1, 1, 0;1, -1;0,  0> +
           ( 0.0186324,-0.0010282)|   1, 1, 0;0,  0;1, -1> +
           (-0.0000094, 0.0000242)|   1, 0, 1;1,  0;0,  0> +
           (-0.0000094, 0.0000169)|   1, 0, 1;0,  0;1,  0> +
           (-0.0000107,-0.0000093)|   1, 1, 0;1,  0;0,  0> +
           (-0.0000080,-0.0000093)|   1, 1, 0;0,  0;1,  0> +
           (-0.0000106,-0.0000000)|   1, 1, 0;1,  0;1,  1> +
           (-0.0000106,-0.0000000)|   1, 1, 0;1,  1;1,  0> +
            ...
 |  561> = ( 0.0067617,-0.4913786)|   1, 0, 1;0,  0;1, -1> +
           (-0.0067619, 0.4913578)|   1, 0, 1;1, -1;0,  0> +
           ( 0.0035284,-0.4274204)|   1, 0, 1;1,  1;0,  0> +
           (-0.0035272, 0.4273929)|   1, 0, 1;0,  0;1,  1> +
           ( 0.2240567, 0.0026989)|   1, 1, 0;1, -1;0,  0> +
           (-0.2240406,-0.0026983)|   1, 1, 0;0,  0;1, -1> +
           ( 0.1600606,-0.0005353)|   1, 1, 0;1,  1;0,  0> +
           (-0.1600474, 0.0005353)|   1, 1, 0;0,  0;1,  1> +
            ...
