p1658
p1658
p1658
p1658
p1658
p1658
p1658
p1658
p1658
p1658
p1658
p1658
p1658
p1658
p1658
p1658
p1658
p1658
p1658
p1658
p1658
p1658
p1658
p1658
# Parameters of the model
#  mass:		  261.0000 u
#  charge:	    1.0000 e
#  dipole:	   4.74500 D
#  B:		    503.65 MHz
#  omega_rho:	    1.4000 MHz
#  omega_z:	  0.194000 MHz

# omega_1:	  0.336018 MHz
# omega_3/5:	   1.38649 MHz

# Basis truncation:	|32,4,4;2,2>
# Basis size:		41472

# Active terms of the Hamiltionian:
# 	Nomal modes:	1
# 	T_rot:      	1
# 	V_qd^{(0)}: 	1
# 	V_qd^{(1)}: 	1
# 	V_dd^{(0)}: 	1

# Results of the diagonalisation
# 100 smallest eigenvalues
 4.626232233 5.626232233 6.626232233 7.626232233 8.626232233 8.752481452 8.752481452 9.626232233 9.752481452 9.752481452 10.626232232 10.752481452 10.752481452 11.626232233 11.752481452 11.752481452 12.626232233 12.752481452 12.752481452 12.878730671 12.878730671 12.878730671 13.626232232 13.752481452 13.752481452 13.878730671 13.878730671 13.878730671 14.626232232 14.752481451 14.752481452 14.878730671 14.878730671 14.878730671 15.626232232 15.752481451 15.752481451 15.878730671 15.878730671 15.878730671 16.626232232 16.752481452 16.752481452 16.878730670 16.878730671 16.878730671 17.004979890 17.004979890 17.004979890 17.004979890 17.626232232 17.752481451 17.752481452 17.878730670 17.878730670 17.878730671 18.004979890 18.004979890 18.004979890 18.004979890 18.626232232 18.752481451 18.752481451 18.878730671 18.878730671 18.878730671 19.004979890 19.004979890 19.004979890 19.004979890 19.626232232 19.752481451 19.752481451 19.878730670 19.878730670 19.878730671 20.004979890 20.004979890 20.004979890 20.004979890 20.626232232 20.752481451 20.752481451 20.878730670 20.878730671 20.878730671 21.004979889 21.004979890 21.004979890 21.004979890 21.131229109 21.131229109 21.131229109 21.626232232 21.752481451 21.752481451 21.878730670 21.878730670 21.878730671 22.004979890

# Ground state and the lowest excitations:
 |    0> = ( 1.0000000, 0.0000000)|   0, 0, 0;0,  0;0,  0> +
           ( 0.0000212,-0.0000000)|   0, 0, 0;0,  0;1,  0> +
           (-0.0000212,-0.0000000)|   0, 0, 0;1,  0;0,  0> +
            ...
 |    1> = ( 1.0000000, 0.0000000)|   1, 0, 0;0,  0;0,  0> +
           (-0.0000212, 0.0000000)|   1, 0, 0;1,  0;0,  0> +
           ( 0.0000212, 0.0000000)|   1, 0, 0;0,  0;1,  0> +
            ...
 |    2> = (-1.0000000, 0.0000000)|   2, 0, 0;0,  0;0,  0> +
           ( 0.0000212,-0.0000000)|   2, 0, 0;1,  0;0,  0> +
           (-0.0000212,-0.0000000)|   2, 0, 0;0,  0;1,  0> +
            ...
 |    3> = (-1.0000000, 0.0000000)|   3, 0, 0;0,  0;0,  0> +
           (-0.0000212,-0.0000000)|   3, 0, 0;0,  0;1,  0> +
           ( 0.0000212,-0.0000000)|   3, 0, 0;1,  0;0,  0> +
            ...
 |    4> = ( 1.0000000,-0.0000000)|   4, 0, 0;0,  0;0,  0> +
           (-0.0000212,-0.0000000)|   4, 0, 0;1,  0;0,  0> +
           ( 0.0000212,-0.0000000)|   4, 0, 0;0,  0;1,  0> +
            ...
 |    5> = ( 0.0000000,-0.7088911)|   0, 0, 1;0,  0;0,  0> +
           (-0.7053179, 0.0000000)|   0, 1, 0;0,  0;0,  0> +
           ( 0.0000000,-0.0000151)|   0, 0, 1;0,  0;1,  0> +
           (-0.0000000, 0.0000151)|   0, 0, 1;1,  0;0,  0> +
           ( 0.0000150,-0.0000000)|   0, 1, 0;1,  0;0,  0> +
           (-0.0000150, 0.0000000)|   0, 1, 0;0,  0;1,  0> +
            ...
 |    6> = ( 0.7088911, 0.0000174)|   0, 1, 0;0,  0;0,  0> +
           ( 0.0000174,-0.7053179)|   0, 0, 1;0,  0;0,  0> +
           (-0.0000151,-0.0000000)|   0, 1, 0;1,  0;0,  0> +
           ( 0.0000151, 0.0000000)|   0, 1, 0;0,  0;1,  0> +
           ( 0.0000000,-0.0000150)|   0, 0, 1;0,  0;1,  0> +
           (-0.0000000, 0.0000150)|   0, 0, 1;1,  0;0,  0> +
            ...
 |    7> = (-1.0000000, 0.0000000)|   5, 0, 0;0,  0;0,  0> +
           ( 0.0000212,-0.0000000)|   5, 0, 0;1,  0;0,  0> +
           (-0.0000212, 0.0000000)|   5, 0, 0;0,  0;1,  0> +
            ...
 |    8> = ( 0.7145321,-0.0000235)|   1, 1, 0;0,  0;0,  0> +
           (-0.0000235, 0.6996026)|   1, 0, 1;0,  0;0,  0> +
           ( 0.0000152,-0.0000000)|   1, 1, 0;0,  0;1,  0> +
           (-0.0000152, 0.0000000)|   1, 1, 0;1,  0;0,  0> +
           (-0.0000000, 0.0000149)|   1, 0, 1;0,  0;1,  0> +
           ( 0.0000000,-0.0000149)|   1, 0, 1;1,  0;0,  0> +
            ...
 |    9> = ( 0.0022278, 0.7145287)|   1, 0, 1;0,  0;0,  0> +
           (-0.6995991, 0.0022278)|   1, 1, 0;0,  0;0,  0> +
           (-0.0000000,-0.0000152)|   1, 0, 1;1,  0;0,  0> +
           ( 0.0000000, 0.0000152)|   1, 0, 1;0,  0;1,  0> +
           (-0.0000149, 0.0000000)|   1, 1, 0;0,  0;1,  0> +
           ( 0.0000149,-0.0000000)|   1, 1, 0;1,  0;0,  0> +
            ...
 |   10> = ( 1.0000000,-0.0000000)|   6, 0, 0;0,  0;0,  0> +
           ( 0.0000212,-0.0000000)|   6, 0, 0;0,  0;1,  0> +
           (-0.0000212, 0.0000000)|   6, 0, 0;1,  0;0,  0> +
            ...
 |   11> = ( 0.7302159,-0.0143953)|   2, 1, 0;0,  0;0,  0> +
           (-0.0143951,-0.6829131)|   2, 0, 1;0,  0;0,  0> +
           ( 0.0000155,-0.0000003)|   2, 1, 0;0,  0;1,  0> +
           (-0.0000155, 0.0000003)|   2, 1, 0;1,  0;0,  0> +
           (-0.0000003,-0.0000145)|   2, 0, 1;0,  0;1,  0> +
           ( 0.0000003, 0.0000145)|   2, 0, 1;1,  0;0,  0> +
            ...
 |   12> = (-0.0004817,-0.7303576)|   2, 0, 1;0,  0;0,  0> +
           (-0.6830647,-0.0004817)|   2, 1, 0;0,  0;0,  0> +
           (-0.0000000,-0.0000155)|   2, 0, 1;0,  0;1,  0> +
           ( 0.0000000, 0.0000155)|   2, 0, 1;1,  0;0,  0> +
           (-0.0000145,-0.0000000)|   2, 1, 0;0,  0;1,  0> +
           ( 0.0000145, 0.0000000)|   2, 1, 0;1,  0;0,  0> +
            ...
 |   13> = ( 1.0000000,-0.0000000)|   7, 0, 0;0,  0;0,  0> +
           ( 0.0000212,-0.0000000)|   7, 0, 0;0,  0;1,  0> +
           (-0.0000212, 0.0000000)|   7, 0, 0;1,  0;0,  0> +
            ...
 |   14> = (-0.7823966, 0.0000597)|   3, 1, 0;0,  0;0,  0> +
           ( 0.0000597,-0.6227806)|   3, 0, 1;0,  0;0,  0> +
           (-0.0000166, 0.0000000)|   3, 1, 0;0,  0;1,  0> +
           ( 0.0000166,-0.0000000)|   3, 1, 0;1,  0;0,  0> +
           (-0.0000000, 0.0000132)|   3, 0, 1;1,  0;0,  0> +
           ( 0.0000000,-0.0000132)|   3, 0, 1;0,  0;1,  0> +
            ...
 |   15> = ( 0.0005252, 0.7823964)|   3, 0, 1;0,  0;0,  0> +
           (-0.6227803, 0.0005252)|   3, 1, 0;0,  0;0,  0> +
           ( 0.0000000, 0.0000166)|   3, 0, 1;0,  0;1,  0> +
           (-0.0000000,-0.0000166)|   3, 0, 1;1,  0;0,  0> +
           (-0.0000132, 0.0000000)|   3, 1, 0;0,  0;1,  0> +
           ( 0.0000132,-0.0000000)|   3, 1, 0;1,  0;0,  0> +
            ...
 |   16> = ( 1.0000000,-0.0000000)|   8, 0, 0;0,  0;0,  0> +
           ( 0.0000212,-0.0000000)|   8, 0, 0;0,  0;1,  0> +
           (-0.0000212, 0.0000000)|   8, 0, 0;1,  0;0,  0> +
            ...
 |   17> = ( 0.0083293, 0.7227740)|   4, 0, 1;0,  0;0,  0> +
           (-0.6909841, 0.0083294)|   4, 1, 0;0,  0;0,  0> +
           ( 0.0000002, 0.0000153)|   4, 0, 1;0,  0;1,  0> +
           (-0.0000002,-0.0000153)|   4, 0, 1;1,  0;0,  0> +
           ( 0.0000147,-0.0000002)|   4, 1, 0;1,  0;0,  0> +
           (-0.0000147, 0.0000002)|   4, 1, 0;0,  0;1,  0> +
            ...
 |   18> = (-0.7228219, 0.0001873)|   4, 1, 0;0,  0;0,  0> +
           ( 0.0001873,-0.6910343)|   4, 0, 1;0,  0;0,  0> +
           ( 0.0000153,-0.0000000)|   4, 1, 0;1,  0;0,  0> +
           (-0.0000153, 0.0000000)|   4, 1, 0;0,  0;1,  0> +
           (-0.0000000, 0.0000147)|   4, 0, 1;1,  0;0,  0> +
           ( 0.0000000,-0.0000147)|   4, 0, 1;0,  0;1,  0> +
            ...
 |   19> = (-0.7071073, 0.0000000)|   0, 2, 0;0,  0;0,  0> +
           (-0.7071063,-0.0000000)|   0, 0, 2;0,  0;0,  0> +
           ( 0.0000150,-0.0000000)|   0, 2, 0;1,  0;0,  0> +
           (-0.0000150,-0.0000000)|   0, 2, 0;0,  0;1,  0> +
           (-0.0000150, 0.0000000)|   0, 0, 2;0,  0;1,  0> +
           ( 0.0000150, 0.0000000)|   0, 0, 2;1,  0;0,  0> +
            ...
 |   20> = (-0.0000230, 1.0000000)|   0, 1, 1;0,  0;0,  0> +
           ( 0.0000000,-0.0000212)|   0, 1, 1;1,  0;0,  0> +
           (-0.0000000, 0.0000212)|   0, 1, 1;0,  0;1,  0> +
            ...
 |   21> = ( 0.7071073,-0.0000000)|   0, 0, 2;0,  0;0,  0> +
           (-0.7071063, 0.0000000)|   0, 2, 0;0,  0;0,  0> +
           ( 0.0000150, 0.0000000)|   0, 0, 2;0,  0;1,  0> +
           (-0.0000150, 0.0000000)|   0, 0, 2;1,  0;0,  0> +
           (-0.0000150,-0.0000000)|   0, 2, 0;0,  0;1,  0> +
           ( 0.0000150,-0.0000000)|   0, 2, 0;1,  0;0,  0> +
            ...
 |   22> = (-1.0000000, 0.0000000)|   9, 0, 0;0,  0;0,  0> +
           ( 0.0000212,-0.0000000)|   9, 0, 0;1,  0;0,  0> +
           (-0.0000212, 0.0000000)|   9, 0, 0;0,  0;1,  0> +
            ...
 |   23> = (-0.0009299, 0.7187802)|   5, 0, 1;0,  0;0,  0> +
           ( 0.6952362,-0.0009299)|   5, 1, 0;0,  0;0,  0> +
           (-0.0000000, 0.0000153)|   5, 0, 1;0,  0;1,  0> +
           ( 0.0000000,-0.0000153)|   5, 0, 1;1,  0;0,  0> +
           (-0.0000148, 0.0000000)|   5, 1, 0;1,  0;0,  0> +
           ( 0.0000148,-0.0000000)|   5, 1, 0;0,  0;1,  0> +
            ...
 |   24> = (-0.7166198,-0.0556951)|   5, 1, 0;0,  0;0,  0> +
           (-0.0556945, 0.6930024)|   5, 0, 1;0,  0;0,  0> +
           ( 0.0000152, 0.0000012)|   5, 1, 0;1,  0;0,  0> +
           (-0.0000152,-0.0000012)|   5, 1, 0;0,  0;1,  0> +
           ( 0.0000012,-0.0000147)|   5, 0, 1;1,  0;0,  0> +
           (-0.0000012, 0.0000147)|   5, 0, 1;0,  0;1,  0> +
            ...
 # The upper part of the spectrum
 # Eigenvalues first: 512	 last: 562
 18840.139798991 18840.139798991 18840.139800488 18840.139800488 18840.139805886 18840.139808881 18841.139798991 18841.139798991 18841.139800488 18841.139800488 18841.139805886 18841.139808881 18842.139798991 18842.139798991 18842.139800488 18842.139800488 18842.139805886 18842.139808881 18843.139798991 18843.139798991 18843.139800488 18843.139800488 18843.139805886 18843.139808881 18844.139798991 18844.139798991 18844.139800488 18844.139800488 18844.139805886 18844.139808881 18844.266048210 18844.266048210 18844.266048210 18844.266048210 18844.266049707 18844.266049707 18844.266049707 18844.266049708 18844.266055105 18844.266055105 18844.266058100 18844.266058100 18845.139798991 18845.139798991 18845.139800488 18845.139800488 18845.139805886 18845.139808881 18845.266048210 18845.266048210

# Excited states :
 |  511> = ( 0.0102741, 0.9999472)|  31, 3, 3;0,  0;0,  0> +
           ( 0.0000002, 0.0000212)|  31, 3, 3;0,  0;1,  0> +
           (-0.0000002,-0.0000212)|  31, 3, 3;1,  0;0,  0> +
            ...
 |  512> = (-0.7067983,-0.0000023)|   0, 0, 0;1, -1;0,  0> +
           ( 0.7067872, 0.0000017)|   0, 0, 0;0,  0;1, -1> +
           (-0.0203317, 0.0055362)|   0, 0, 0;1,  1;0,  0> +
           ( 0.0203310,-0.0055385)|   0, 0, 0;0,  0;1,  1> +
           (-0.0000150,-0.0000000)|   0, 0, 0;1, -1;1,  0> +
           (-0.0000150,-0.0000000)|   0, 0, 0;1,  0;1, -1> +
            ...
 |  513> = (-0.6814266, 0.1877523)|   0, 0, 0;1,  1;0,  0> +
           ( 0.6813656,-0.1877759)|   0, 0, 0;0,  0;1,  1> +
           ( 0.0210782,-0.0000650)|   0, 0, 0;1, -1;0,  0> +
           (-0.0210655, 0.0000604)|   0, 0, 0;0,  0;1, -1> +
           (-0.0000145, 0.0000040)|   0, 0, 0;1,  1;1,  0> +
           (-0.0000145, 0.0000040)|   0, 0, 0;1,  0;1,  1> +
            ...
 |  514> = (-0.7070236, 0.0000009)|   0, 0, 0;0,  0;1, -1> +
           (-0.7070122, 0.0000005)|   0, 0, 0;1, -1;0,  0> +
           (-0.0108217,-0.0029561)|   0, 0, 0;1,  1;0,  0> +
           (-0.0108095,-0.0029546)|   0, 0, 0;0,  0;1,  1> +
           ( 0.0000150,-0.0000000)|   0, 0, 0;1,  0;1, -1> +
           (-0.0000150, 0.0000000)|   0, 0, 0;1, -1;1,  0> +
            ...
 |  515> = (-0.6810337,-0.1900124)|   0, 0, 0;0,  0;1,  1> +
           (-0.6809724,-0.1900359)|   0, 0, 0;1,  1;0,  0> +
           ( 0.0112123, 0.0000612)|   0, 0, 0;0,  0;1, -1> +
           ( 0.0112115, 0.0000594)|   0, 0, 0;1, -1;0,  0> +
           ( 0.0000145, 0.0000040)|   0, 0, 0;1,  0;1,  1> +
           (-0.0000145,-0.0000040)|   0, 0, 0;1,  1;1,  0> +
            ...
 |  516> = ( 0.7071071, 0.0000002)|   0, 0, 0;0,  0;1,  0> +
           ( 0.7071065, 0.0000002)|   0, 0, 0;1,  0;0,  0> +
           ( 0.0000115,-0.0000004)|   0, 0, 0;1, -1;0,  0> +
            ...
 |  517> = (-0.7071071,-0.0000000)|   0, 0, 0;1,  0;0,  0> +
           ( 0.7071065,-0.0000000)|   0, 0, 0;0,  0;1,  0> +
           (-0.0000300,-0.0000000)|   0, 0, 0;1,  0;1,  0> +
           (-0.0000300, 0.0000000)|   0, 0, 0;0,  0;0,  0> +
            ...
 |  518> = (-0.6665310,-0.0017220)|   1, 0, 0;0,  0;1,  1> +
           ( 0.6664758, 0.0017216)|   1, 0, 0;1,  1;0,  0> +
           ( 0.2361658, 0.0006293)|   1, 0, 0;1, -1;0,  0> +
           (-0.2361470,-0.0006291)|   1, 0, 0;0,  0;1, -1> +
           ( 0.0000142, 0.0000000)|   1, 0, 0;1,  0;1,  1> +
           ( 0.0000142, 0.0000000)|   1, 0, 0;1,  1;1,  0> +
            ...
 |  519> = ( 0.6665582, 0.0000062)|   1, 0, 0;1, -1;0,  0> +
           (-0.6664531,-0.0000062)|   1, 0, 0;0,  0;1, -1> +
           ( 0.2361760,-0.0000170)|   1, 0, 0;0,  0;1,  1> +
           (-0.2361385, 0.0000169)|   1, 0, 0;1,  1;0,  0> +
           ( 0.0000142, 0.0000000)|   1, 0, 0;1, -1;1,  0> +
           ( 0.0000142, 0.0000000)|   1, 0, 0;1,  0;1, -1> +
            ...
 |  520> = ( 0.6699616, 0.0046263)|   1, 0, 0;1,  1;0,  0> +
           ( 0.6699060, 0.0046262)|   1, 0, 0;0,  0;1,  1> +
           (-0.2262049,-0.0016156)|   1, 0, 0;0,  0;1, -1> +
           (-0.2261872,-0.0016155)|   1, 0, 0;1, -1;0,  0> +
           ( 0.0000142, 0.0000001)|   1, 0, 0;1,  1;1,  0> +
           (-0.0000142,-0.0000001)|   1, 0, 0;1,  0;1,  1> +
            ...
 |  521> = (-0.6700024,-0.0000167)|   1, 0, 0;0,  0;1, -1> +
           (-0.6698972,-0.0000167)|   1, 0, 0;1, -1;0,  0> +
           (-0.2262204, 0.0000479)|   1, 0, 0;1,  1;0,  0> +
           (-0.2261833, 0.0000479)|   1, 0, 0;0,  0;1,  1> +
           ( 0.0000142, 0.0000000)|   1, 0, 0;1,  0;1, -1> +
           (-0.0000142,-0.0000000)|   1, 0, 0;1, -1;1,  0> +
            ...
 |  522> = (-0.7071069,-0.0000000)|   1, 0, 0;1,  0;0,  0> +
           (-0.7071067,-0.0000000)|   1, 0, 0;0,  0;1,  0> +
            ...
 |  523> = (-0.7071069,-0.0000000)|   1, 0, 0;0,  0;1,  0> +
           ( 0.7071067,-0.0000000)|   1, 0, 0;1,  0;0,  0> +
           ( 0.0000300, 0.0000000)|   1, 0, 0;1,  0;1,  0> +
           ( 0.0000300, 0.0000000)|   1, 0, 0;0,  0;0,  0> +
            ...
 |  524> = (-0.7071221,-0.0000000)|   2, 0, 0;0,  0;1, -1> +
           ( 0.7070915, 0.0000000)|   2, 0, 0;1, -1;0,  0> +
           ( 0.0000976, 0.0000000)|   2, 0, 0;0,  0;1,  1> +
           (-0.0000976, 0.0000000)|   2, 0, 0;1,  1;0,  0> +
           ( 0.0000150, 0.0000000)|   2, 0, 0;1,  0;1, -1> +
           ( 0.0000150, 0.0000000)|   2, 0, 0;1, -1;1,  0> +
            ...
 |  525> = ( 0.7064588, 0.0303410)|   2, 0, 0;1,  1;0,  0> +
           (-0.7064523,-0.0303408)|   2, 0, 0;0,  0;1,  1> +
           ( 0.0000975, 0.0000042)|   2, 0, 0;1, -1;0,  0> +
           (-0.0000975,-0.0000042)|   2, 0, 0;0,  0;1, -1> +
           ( 0.0000150, 0.0000006)|   2, 0, 0;1,  1;1,  0> +
           ( 0.0000150, 0.0000006)|   2, 0, 0;1,  0;1,  1> +
            ...
 |  526> = ( 0.7071221, 0.0000000)|   2, 0, 0;1, -1;0,  0> +
           ( 0.7070915, 0.0000001)|   2, 0, 0;0,  0;1, -1> +
           (-0.0000935, 0.0000001)|   2, 0, 0;1,  1;0,  0> +
           (-0.0000935, 0.0000001)|   2, 0, 0;0,  0;1,  1> +
           ( 0.0000150, 0.0000000)|   2, 0, 0;1, -1;1,  0> +
           (-0.0000150,-0.0000000)|   2, 0, 0;1,  0;1, -1> +
            ...
 |  527> = (-0.7064770,-0.0299126)|   2, 0, 0;0,  0;1,  1> +
           (-0.7064706,-0.0299123)|   2, 0, 0;1,  1;0,  0> +
           (-0.0000934,-0.0000040)|   2, 0, 0;0,  0;1, -1> +
           (-0.0000934,-0.0000040)|   2, 0, 0;1, -1;0,  0> +
           ( 0.0000150, 0.0000006)|   2, 0, 0;1,  0;1,  1> +
           (-0.0000150,-0.0000006)|   2, 0, 0;1,  1;1,  0> +
            ...
 |  528> = ( 0.7071085,-0.0000001)|   2, 0, 0;0,  0;1,  0> +
           ( 0.7071050,-0.0000001)|   2, 0, 0;1,  0;0,  0> +
            ...
 |  529> = (-0.7071085, 0.0000000)|   2, 0, 0;1,  0;0,  0> +
           ( 0.7071050, 0.0000000)|   2, 0, 0;0,  0;1,  0> +
           (-0.0000300,-0.0000000)|   2, 0, 0;1,  0;1,  0> +
           (-0.0000300,-0.0000000)|   2, 0, 0;0,  0;0,  0> +
            ...
 |  530> = ( 0.7071373, 0.0000000)|   3, 0, 0;1, -1;0,  0> +
           (-0.7070750,-0.0000001)|   3, 0, 0;0,  0;1, -1> +
           ( 0.0009437, 0.0000000)|   3, 0, 0;1,  1;0,  0> +
           (-0.0009433,-0.0000000)|   3, 0, 0;0,  0;1,  1> +
           ( 0.0000150, 0.0000000)|   3, 0, 0;1, -1;1,  0> +
           ( 0.0000150, 0.0000000)|   3, 0, 0;1,  0;1, -1> +
            ...
 |  531> = (-0.7071543,-0.0000777)|   3, 0, 0;1,  1;0,  0> +
           ( 0.7070580, 0.0000763)|   3, 0, 0;0,  0;1,  1> +
           ( 0.0009436, 0.0000001)|   3, 0, 0;1, -1;0,  0> +
           (-0.0009434,-0.0000001)|   3, 0, 0;0,  0;1, -1> +
           (-0.0000150,-0.0000000)|   3, 0, 0;1,  1;1,  0> +
           (-0.0000150,-0.0000000)|   3, 0, 0;1,  0;1,  1> +
            ...
 |  532> = ( 0.7071373, 0.0000001)|   3, 0, 0;0,  0;1, -1> +
           ( 0.7070750, 0.0000001)|   3, 0, 0;1, -1;0,  0> +
           ( 0.0009394,-0.0000000)|   3, 0, 0;0,  0;1,  1> +
           ( 0.0009393,-0.0000000)|   3, 0, 0;1,  1;0,  0> +
           (-0.0000150,-0.0000000)|   3, 0, 0;1,  0;1, -1> +
           ( 0.0000150, 0.0000000)|   3, 0, 0;1, -1;1,  0> +
            ...
 |  533> = (-0.7070477,-0.0122779)|   3, 0, 0;0,  0;1,  1> +
           (-0.7069514,-0.0122775)|   3, 0, 0;1,  1;0,  0> +
           ( 0.0009393, 0.0000163)|   3, 0, 0;1, -1;0,  0> +
           ( 0.0009391, 0.0000163)|   3, 0, 0;0,  0;1, -1> +
           ( 0.0000150, 0.0000003)|   3, 0, 0;1,  0;1,  1> +
           (-0.0000150,-0.0000003)|   3, 0, 0;1,  1;1,  0> +
            ...
 |  534> = ( 0.7069929, 0.0127069)|   3, 0, 0;1,  0;0,  0> +
           ( 0.7069923, 0.0127069)|   3, 0, 0;0,  0;1,  0> +
            ...
 |  535> = (-0.7071071,-0.0000000)|   3, 0, 0;0,  0;1,  0> +
           ( 0.7071065,-0.0000000)|   3, 0, 0;1,  0;0,  0> +
           ( 0.0000300,-0.0000000)|   3, 0, 0;1,  0;1,  0> +
           ( 0.0000300, 0.0000000)|   3, 0, 0;0,  0;0,  0> +
            ...
 |  536> = (-0.7071532,-0.0000000)|   4, 0, 0;0,  0;1, -1> +
           ( 0.7070586, 0.0000000)|   4, 0, 0;1, -1;0,  0> +
           ( 0.0011248,-0.0000000)|   4, 0, 0;1,  1;0,  0> +
           (-0.0011248,-0.0000000)|   4, 0, 0;0,  0;1,  1> +
           ( 0.0000150, 0.0000000)|   4, 0, 0;1,  0;1, -1> +
           ( 0.0000150, 0.0000000)|   4, 0, 0;1, -1;1,  0> +
            ...
 |  537> = (-0.7070068,-0.0138437)|   4, 0, 0;0,  0;1,  1> +
           ( 0.7069338, 0.0138457)|   4, 0, 0;1,  1;0,  0> +
           ( 0.0011247, 0.0000220)|   4, 0, 0;0,  0;1, -1> +
           (-0.0011245,-0.0000220)|   4, 0, 0;1, -1;0,  0> +
           ( 0.0000150, 0.0000003)|   4, 0, 0;1,  0;1,  1> +
           ( 0.0000150, 0.0000003)|   4, 0, 0;1,  1;1,  0> +
            ...
 |  538> = (-0.7071532,-0.0000000)|   4, 0, 0;1, -1;0,  0> +
           (-0.7070586,-0.0000000)|   4, 0, 0;0,  0;1, -1> +
           (-0.0011010, 0.0000002)|   4, 0, 0;1,  1;0,  0> +
           (-0.0011009, 0.0000002)|   4, 0, 0;0,  0;1,  1> +
           (-0.0000150,-0.0000000)|   4, 0, 0;1, -1;1,  0> +
           ( 0.0000150, 0.0000000)|   4, 0, 0;1,  0;1, -1> +
            ...
 |  539> = ( 0.7069254,-0.0175158)|   4, 0, 0;1,  1;0,  0> +
           ( 0.7068524,-0.0175174)|   4, 0, 0;0,  0;1,  1> +
           (-0.0011008, 0.0000270)|   4, 0, 0;1, -1;0,  0> +
           (-0.0011004, 0.0000270)|   4, 0, 0;0,  0;1, -1> +
           ( 0.0000150,-0.0000004)|   4, 0, 0;1,  1;1,  0> +
           (-0.0000150, 0.0000004)|   4, 0, 0;1,  0;1,  1> +
            ...
 |  540> = ( 0.7071045, 0.0019322)|   4, 0, 0;0,  0;1,  0> +
           ( 0.7071038, 0.0019322)|   4, 0, 0;1,  0;0,  0> +
            ...
 |  541> = (-0.7071072,-0.0000000)|   4, 0, 0;1,  0;0,  0> +
           ( 0.7071064,-0.0000000)|   4, 0, 0;0,  0;1,  0> +
           (-0.0000300, 0.0000000)|   4, 0, 0;1,  0;1,  0> +
           (-0.0000300, 0.0000000)|   4, 0, 0;0,  0;0,  0> +
            ...
 |  542> = (-0.4576306,-0.0687912)|   0, 1, 0;0,  0;1, -1> +
           ( 0.4576257, 0.0687914)|   0, 1, 0;1, -1;0,  0> +
           ( 0.4223978, 0.0561531)|   0, 1, 0;1,  1;0,  0> +
           (-0.4223819,-0.0561534)|   0, 1, 0;0,  0;1,  1> +
           ( 0.0434686,-0.2421474)|   0, 0, 1;0,  0;1,  1> +
           (-0.0434689, 0.2421277)|   0, 0, 1;1,  1;0,  0> +
           (-0.0308300, 0.2069028)|   0, 0, 1;0,  0;1, -1> +
           ( 0.0308315,-0.2068951)|   0, 0, 1;1, -1;0,  0> +
            ...
 |  543> = ( 0.0000585, 0.5751459)|   0, 0, 1;0,  0;1, -1> +
           (-0.0000590,-0.5750996)|   0, 0, 1;1, -1;0,  0> +
           ( 0.3898666, 0.0002421)|   0, 1, 0;0,  0;1, -1> +
           (-0.3898616,-0.0002421)|   0, 1, 0;1, -1;0,  0> +
           (-0.0012297,-0.1026177)|   0, 0, 1;0,  0;1,  1> +
           ( 0.0012302, 0.1026140)|   0, 0, 1;1,  1;0,  0> +
           (-0.0819152,-0.0009289)|   0, 1, 0;0,  0;1,  1> +
           ( 0.0818818, 0.0009293)|   0, 1, 0;1,  1;0,  0> +
           (-0.0000000,-0.0000122)|   0, 0, 1;1,  0;1, -1> +
           (-0.0000000,-0.0000122)|   0, 0, 1;1, -1;1,  0> +
            ...
 |  544> = ( 0.3537581,-0.0000001)|   0, 1, 0;1, -1;0,  0> +
           (-0.3537581, 0.0000001)|   0, 1, 0;0,  0;1, -1> +
           (-0.0000002, 0.3536110)|   0, 0, 1;0,  0;1,  1> +
           ( 0.0000002,-0.3536110)|   0, 0, 1;1,  1;0,  0> +
           (-0.3535937, 0.0000002)|   0, 1, 0;1,  1;0,  0> +
           ( 0.3535935,-0.0000002)|   0, 1, 0;0,  0;1,  1> +
           ( 0.0000000, 0.3532508)|   0, 0, 1;0,  0;1, -1> +
           (-0.0000000,-0.3532505)|   0, 0, 1;1, -1;0,  0> +
            ...
 |  545> = ( 0.1279945,-0.5362505)|   0, 0, 1;1,  1;0,  0> +
           (-0.1279861, 0.5361787)|   0, 0, 1;0,  0;1,  1> +
           ( 0.4221474, 0.0922384)|   0, 1, 0;1,  1;0,  0> +
           (-0.4221013,-0.0922392)|   0, 1, 0;0,  0;1,  1> +
           (-0.0889416,-0.0282029)|   0, 1, 0;1, -1;0,  0> +
           ( 0.0889339, 0.0282036)|   0, 1, 0;0,  0;1, -1> +
           (-0.0075492, 0.0251817)|   0, 0, 1;1, -1;0,  0> +
           ( 0.0075471,-0.0251424)|   0, 0, 1;0,  0;1, -1> +
           ( 0.0000027,-0.0000114)|   0, 0, 1;1,  1;1,  0> +
           ( 0.0000027,-0.0000114)|   0, 0, 1;1,  0;1,  1> +
            ...
 |  546> = ( 0.0501099,-0.5639916)|   0, 0, 1;0,  0;1,  1> +
           ( 0.0500986,-0.5639351)|   0, 0, 1;1,  1;0,  0> +
           ( 0.4166624,-0.0099995)|   0, 1, 0;0,  0;1,  1> +
           ( 0.4166019,-0.0100117)|   0, 1, 0;1,  1;0,  0> +
           ( 0.0045454,-0.0750544)|   0, 0, 1;1, -1;0,  0> +
           ( 0.0045459,-0.0750409)|   0, 0, 1;0,  0;1, -1> +
           (-0.0098439, 0.0016967)|   0, 1, 0;1, -1;0,  0> +
           (-0.0098267, 0.0016971)|   0, 1, 0;0,  0;1, -1> +
           (-0.0000011, 0.0000120)|   0, 0, 1;1,  0;1,  1> +
           ( 0.0000011,-0.0000120)|   0, 0, 1;1,  1;1,  0> +
            ...
 |  547> = (-0.0022855,-0.6128396)|   0, 0, 1;1, -1;0,  0> +
           (-0.0022859,-0.6127956)|   0, 0, 1;0,  0;1, -1> +
           (-0.0254828, 0.2545586)|   0, 0, 1;0,  0;1,  1> +
           (-0.0254781, 0.2545347)|   0, 0, 1;1,  1;0,  0> +
           ( 0.2360578, 0.0050593)|   0, 1, 0;1,  1;0,  0> +
           ( 0.2360204, 0.0050535)|   0, 1, 0;0,  0;1,  1> +
           (-0.0571586,-0.0008181)|   0, 1, 0;1, -1;0,  0> +
           (-0.0571288,-0.0008187)|   0, 1, 0;0,  0;1, -1> +
           (-0.0000000,-0.0000130)|   0, 0, 1;1, -1;1,  0> +
           ( 0.0000000, 0.0000130)|   0, 0, 1;1,  0;1, -1> +
            ...
 |  548> = ( 0.5854596,-0.2644314)|   0, 1, 0;1, -1;0,  0> +
           ( 0.5854590,-0.2644312)|   0, 1, 0;0,  0;1, -1> +
           ( 0.2261951,-0.0683797)|   0, 1, 0;1,  1;0,  0> +
           ( 0.2261926,-0.0683788)|   0, 1, 0;0,  0;1,  1> +
           ( 0.0270698, 0.1475817)|   0, 0, 1;0,  0;1,  1> +
           ( 0.0270693, 0.1475814)|   0, 0, 1;1,  1;0,  0> +
           ( 0.0204896, 0.0924195)|   0, 0, 1;0,  0;1, -1> +
           ( 0.0204894, 0.0924178)|   0, 0, 1;1, -1;0,  0> +
           ( 0.0000124,-0.0000056)|   0, 1, 0;1, -1;1,  0> +
           (-0.0000124, 0.0000056)|   0, 1, 0;1,  0;1, -1> +
            ...
 |  549> = ( 0.4633805, 0.0049381)|   0, 1, 0;0,  0;1,  1> +
           ( 0.4633638, 0.0049358)|   0, 1, 0;1,  1;0,  0> +
           ( 0.0022489, 0.3314076)|   0, 0, 1;0,  0;1, -1> +
           ( 0.0022494, 0.3314060)|   0, 0, 1;1, -1;0,  0> +
           (-0.0416546, 0.2995792)|   0, 0, 1;1,  1;0,  0> +
           (-0.0416518, 0.2995654)|   0, 0, 1;0,  0;1,  1> +
           (-0.2872230, 0.0381057)|   0, 1, 0;1, -1;0,  0> +
           (-0.2872185, 0.0381058)|   0, 1, 0;0,  0;1, -1> +
           (-0.0000099,-0.0000043)|   0, 0, 1;1,  0;0,  0> +
           ( 0.0000104, 0.0000007)|   0, 1, 0;1,  0;0,  0> +
           ( 0.0000100,-0.0000012)|   0, 0, 1;0,  0;1,  0> +
            ...
 |  550> = ( 0.7025788, 0.0658854)|   0, 1, 0;1,  0;0,  0> +
           ( 0.7025713, 0.0658832)|   0, 1, 0;0,  0;1,  0> +
           ( 0.0329205,-0.0310482)|   0, 0, 1;1,  0;0,  0> +
           ( 0.0329180,-0.0310455)|   0, 0, 1;0,  0;1,  0> +
            ...
 |  551> = ( 0.1455662, 0.6904878)|   0, 0, 1;1,  0;0,  0> +
           ( 0.1455638, 0.6904731)|   0, 0, 1;0,  0;1,  0> +
           ( 0.0270918,-0.0362446)|   0, 1, 0;1,  0;0,  0> +
           ( 0.0270897,-0.0362447)|   0, 1, 0;0,  0;1,  0> +
            ...
 |  552> = ( 0.6935247, 0.0082168)|   0, 1, 0;0,  0;1,  0> +
           (-0.6935168,-0.0082178)|   0, 1, 0;1,  0;0,  0> +
           ( 0.1371565, 0.0122528)|   0, 0, 1;0,  0;1,  0> +
           (-0.1371529,-0.0122510)|   0, 0, 1;1,  0;0,  0> +
           (-0.0000295,-0.0000003)|   0, 1, 0;1,  0;1,  0> +
           (-0.0000295,-0.0000003)|   0, 1, 0;0,  0;0,  0> +
            ...
 |  553> = (-0.6700770,-0.1790125)|   0, 0, 1;0,  0;1,  0> +
           ( 0.6700626, 0.1790097)|   0, 0, 1;1,  0;0,  0> +
           ( 0.1353814, 0.0251675)|   0, 1, 0;0,  0;1,  0> +
           (-0.1353808,-0.0251700)|   0, 1, 0;1,  0;0,  0> +
           ( 0.0000285, 0.0000076)|   0, 0, 1;1,  0;1,  0> +
           ( 0.0000285, 0.0000076)|   0, 0, 1;0,  0;0,  0> +
            ...
 |  554> = ( 0.7069214, 0.0177503)|   5, 0, 0;0,  0;1,  1> +
           (-0.7068457,-0.0177474)|   5, 0, 0;1,  1;0,  0> +
           ( 0.0007903, 0.0000193)|   5, 0, 0;0,  0;1, -1> +
           (-0.0007901,-0.0000193)|   5, 0, 0;1, -1;0,  0> +
           (-0.0000150,-0.0000004)|   5, 0, 0;1,  0;1,  1> +
           (-0.0000150,-0.0000004)|   5, 0, 0;1,  1;1,  0> +
            ...
 |  555> = (-0.7072615, 0.0000034)|   5, 0, 0;1, -1;0,  0> +
           ( 0.7069512,-0.0000036)|   5, 0, 0;0,  0;1, -1> +
           ( 0.0007910, 0.0000006)|   5, 0, 0;1,  1;0,  0> +
           (-0.0007899,-0.0000006)|   5, 0, 0;0,  0;1,  1> +
           (-0.0000150, 0.0000000)|   5, 0, 0;1, -1;1,  0> +
           (-0.0000150, 0.0000000)|   5, 0, 0;1,  0;1, -1> +
            ...
 |  556> = ( 0.7066723, 0.0258315)|   5, 0, 0;1,  1;0,  0> +
           ( 0.7065966, 0.0258298)|   5, 0, 0;0,  0;1,  1> +
           ( 0.0007665, 0.0000294)|   5, 0, 0;1, -1;0,  0> +
           ( 0.0007657, 0.0000294)|   5, 0, 0;0,  0;1, -1> +
           ( 0.0000150, 0.0000005)|   5, 0, 0;1,  1;1,  0> +
           (-0.0000150,-0.0000005)|   5, 0, 0;1,  0;1,  1> +
            ...
 |  557> = (-0.7072615, 0.0000039)|   5, 0, 0;0,  0;1, -1> +
           (-0.7069512, 0.0000037)|   5, 0, 0;1, -1;0,  0> +
           ( 0.0007668,-0.0000014)|   5, 0, 0;0,  0;1,  1> +
           ( 0.0007664,-0.0000014)|   5, 0, 0;1,  1;0,  0> +
           ( 0.0000150,-0.0000000)|   5, 0, 0;1,  0;1, -1> +
           (-0.0000150, 0.0000000)|   5, 0, 0;1, -1;1,  0> +
            ...
 |  558> = (-0.7065436, 0.0282597)|   5, 0, 0;0,  0;1,  0> +
           (-0.7065401, 0.0282595)|   5, 0, 0;1,  0;0,  0> +
            ...
 |  559> = ( 0.7071085, 0.0000000)|   5, 0, 0;1,  0;0,  0> +
           (-0.7071050, 0.0000001)|   5, 0, 0;0,  0;1,  0> +
           ( 0.0000300,-0.0000000)|   5, 0, 0;1,  0;1,  0> +
           ( 0.0000300,-0.0000000)|   5, 0, 0;0,  0;0,  0> +
            ...
 |  560> = (-0.0003623,-0.4625141)|   1, 0, 1;1, -1;0,  0> +
           ( 0.0003626, 0.4625087)|   1, 0, 1;0,  0;1, -1> +
           ( 0.4559235, 0.0006305)|   1, 1, 0;1,  1;0,  0> +
           (-0.4559183,-0.0006308)|   1, 1, 0;0,  0;1,  1> +
           (-0.0007446,-0.2008195)|   1, 0, 1;0,  0;1,  1> +
           ( 0.0007445, 0.2008043)|   1, 0, 1;1,  1;0,  0> +
           ( 0.1946716, 0.0002486)|   1, 1, 0;1, -1;0,  0> +
           (-0.1946498,-0.0002485)|   1, 1, 0;0,  0;1, -1> +
            ...
 |  561> = (-0.3536918,-0.0000000)|   1, 1, 0;0,  0;1,  1> +
           ( 0.3536911, 0.0000000)|   1, 1, 0;1,  1;0,  0> +
           ( 0.0000000, 0.3536237)|   1, 0, 1;1,  1;0,  0> +
           (-0.0000000,-0.3536231)|   1, 0, 1;0,  0;1,  1> +
           (-0.3534869,-0.0000000)|   1, 1, 0;1, -1;0,  0> +
           ( 0.3534857, 0.0000000)|   1, 1, 0;0,  0;1, -1> +
           (-0.0000000, 0.3534124)|   1, 0, 1;1, -1;0,  0> +
           ( 0.0000000,-0.3534122)|   1, 0, 1;0,  0;1, -1> +
            ...
