p0596
p0596
p0596
p0596
p0596
p0596
p0596
p0596
p0596
p0596
p0596
p0596
p0596
p0596
p0596
p0596
p0596
p0596
p0596
p0596
p0596
p0596
p0596
p0596
# Parameters of the model
#  mass:		  261.0000 u
#  charge:	    1.0000 e
#  dipole:	   4.74500 D
#  B:		    503.65 MHz
#  omega_rho:	    1.4000 MHz
#  omega_z:	  0.120000 MHz

# omega_1:	  0.207846 MHz
# omega_3/5:	   1.39485 MHz

# Basis truncation:	|32,4,4;2,2>
# Basis size:		41472

# Active terms of the Hamiltionian:
# 	Nomal modes:	1
# 	T_rot:      	1
# 	V_qd^{(0)}: 	1
# 	V_qd^{(1)}: 	1
# 	V_dd^{(0)}: 	1

# Results of the diagonalisation
# 100 smallest eigenvalues
 7.210956315 8.210956315 9.210956315 10.210956315 11.210956315 12.210956314 13.210956315 13.921920257 13.921920257 14.210956315 14.921920257 14.921920257 15.210956314 15.921920257 15.921920257 16.210956314 16.921920257 16.921920257 17.210956315 17.921920257 17.921920257 18.210956315 18.921920257 18.921920257 19.210956315 19.921920257 19.921920257 20.210956315 20.632884200 20.632884200 20.632884200 20.921920257 20.921920257 21.210956315 21.632884200 21.632884200 21.632884200 21.921920257 21.921920257 22.210956315 22.632884199 22.632884200 22.632884200 22.921920257 22.921920257 23.210956315 23.632884200 23.632884200 23.632884200 23.921920257 23.921920257 24.210956315 24.632884199 24.632884200 24.632884200 24.921920256 24.921920257 25.210956314 25.632884200 25.632884200 25.632884200 25.921920257 25.921920257 26.210956314 26.632884199 26.632884200 26.632884200 26.921920257 26.921920257 27.210956314 27.343848142 27.343848142 27.343848142 27.343848142 27.632884199 27.632884199 27.632884200 27.921920257 27.921920257 28.210956314 28.343848142 28.343848142 28.343848142 28.343848142 28.632884199 28.632884199 28.632884200 28.921920257 28.921920257 29.210956315 29.343848142 29.343848142 29.343848142 29.343848142 29.632884200 29.632884200 29.632884200 29.921920257 29.921920257 30.210956314

# Ground state and the lowest excitations:
 |    0> = ( 1.0000000, 0.0000000)|   0, 0, 0;0,  0;0,  0> +
           ( 0.0000112,-0.0000000)|   0, 0, 0;0,  0;1,  0> +
           (-0.0000112,-0.0000000)|   0, 0, 0;1,  0;0,  0> +
            ...
 |    1> = (-1.0000000, 0.0000000)|   1, 0, 0;0,  0;0,  0> +
           ( 0.0000112,-0.0000000)|   1, 0, 0;1,  0;0,  0> +
           (-0.0000112,-0.0000000)|   1, 0, 0;0,  0;1,  0> +
            ...
 |    2> = ( 1.0000000,-0.0000000)|   2, 0, 0;0,  0;0,  0> +
           (-0.0000112, 0.0000000)|   2, 0, 0;1,  0;0,  0> +
           ( 0.0000112, 0.0000000)|   2, 0, 0;0,  0;1,  0> +
            ...
 |    3> = (-1.0000000, 0.0000000)|   3, 0, 0;0,  0;0,  0> +
           ( 0.0000112, 0.0000000)|   3, 0, 0;1,  0;0,  0> +
           (-0.0000112, 0.0000000)|   3, 0, 0;0,  0;1,  0> +
            ...
 |    4> = (-1.0000000, 0.0000000)|   4, 0, 0;0,  0;0,  0> +
           (-0.0000112,-0.0000000)|   4, 0, 0;0,  0;1,  0> +
           ( 0.0000112, 0.0000000)|   4, 0, 0;1,  0;0,  0> +
            ...
 |    5> = (-1.0000000, 0.0000000)|   5, 0, 0;0,  0;0,  0> +
           (-0.0000112, 0.0000000)|   5, 0, 0;0,  0;1,  0> +
           ( 0.0000112,-0.0000000)|   5, 0, 0;1,  0;0,  0> +
            ...
 |    6> = ( 1.0000000, 0.0000000)|   6, 0, 0;0,  0;0,  0> +
           (-0.0000112,-0.0000000)|   6, 0, 0;1,  0;0,  0> +
           ( 0.0000112, 0.0000000)|   6, 0, 0;0,  0;1,  0> +
            ...
 |    7> = (-0.0000000, 0.7152977)|   0, 0, 1;0,  0;0,  0> +
           ( 0.6988198,-0.0000000)|   0, 1, 0;0,  0;0,  0> +
            ...
 |    8> = (-0.7152977,-0.0000000)|   0, 1, 0;0,  0;0,  0> +
           (-0.0000000, 0.6988198)|   0, 0, 1;0,  0;0,  0> +
            ...
 |    9> = ( 1.0000000,-0.0000000)|   7, 0, 0;0,  0;0,  0> +
           ( 0.0000112,-0.0000000)|   7, 0, 0;0,  0;1,  0> +
           (-0.0000112, 0.0000000)|   7, 0, 0;1,  0;0,  0> +
            ...
 |   10> = ( 0.7418607,-0.0043173)|   1, 1, 0;0,  0;0,  0> +
           (-0.0043172,-0.6705262)|   1, 0, 1;0,  0;0,  0> +
            ...
 |   11> = ( 0.0002180, 0.7418732)|   1, 0, 1;0,  0;0,  0> +
           ( 0.6705401, 0.0002180)|   1, 1, 0;0,  0;0,  0> +
            ...
 |   12> = ( 1.0000000,-0.0000000)|   8, 0, 0;0,  0;0,  0> +
           ( 0.0000112,-0.0000000)|   8, 0, 0;0,  0;1,  0> +
           (-0.0000112, 0.0000000)|   8, 0, 0;1,  0;0,  0> +
            ...
 |   13> = (-0.0001854, 0.7117502)|   2, 0, 1;0,  0;0,  0> +
           ( 0.7024327,-0.0001854)|   2, 1, 0;0,  0;0,  0> +
            ...
 |   14> = ( 0.7111914, 0.0281986)|   2, 1, 0;0,  0;0,  0> +
           ( 0.0281976,-0.7018665)|   2, 0, 1;0,  0;0,  0> +
            ...
 |   15> = ( 1.0000000,-0.0000000)|   9, 0, 0;0,  0;0,  0> +
           (-0.0000112, 0.0000000)|   9, 0, 0;1,  0;0,  0> +
           ( 0.0000112,-0.0000000)|   9, 0, 0;0,  0;1,  0> +
            ...
 |   16> = (-0.8176188,-0.0016497)|   3, 1, 0;0,  0;0,  0> +
           (-0.0016496,-0.5757552)|   3, 0, 1;0,  0;0,  0> +
            ...
 |   17> = (-0.0095017, 0.8175653)|   3, 0, 1;0,  0;0,  0> +
           (-0.5756791,-0.0095020)|   3, 1, 0;0,  0;0,  0> +
            ...
 |   18> = ( 1.0000000,-0.0000000)|  10, 0, 0;0,  0;0,  0> +
           ( 0.0000112,-0.0000000)|  10, 0, 0;0,  0;1,  0> +
           (-0.0000112, 0.0000000)|  10, 0, 0;1,  0;0,  0> +
            ...
 |   19> = ( 0.7151140,-0.0026506)|   4, 1, 0;0,  0;0,  0> +
           (-0.0026505, 0.6989978)|   4, 0, 1;0,  0;0,  0> +
            ...
 |   20> = ( 0.2206597, 0.6802238)|   4, 0, 1;0,  0;0,  0> +
           (-0.6632581, 0.2206663)|   4, 1, 0;0,  0;0,  0> +
            ...
 |   21> = ( 1.0000000,-0.0000000)|  11, 0, 0;0,  0;0,  0> +
           ( 0.0000112,-0.0000000)|  11, 0, 0;0,  0;1,  0> +
           (-0.0000112, 0.0000000)|  11, 0, 0;1,  0;0,  0> +
            ...
 |   22> = ( 0.0090068,-0.7743313)|   5, 0, 1;0,  0;0,  0> +
           ( 0.6326522, 0.0090071)|   5, 1, 0;0,  0;0,  0> +
            ...
 |   23> = ( 0.7743831, 0.0009070)|   5, 1, 0;0,  0;0,  0> +
           ( 0.0009070, 0.6327157)|   5, 0, 1;0,  0;0,  0> +
            ...
 |   24> = ( 1.0000000,-0.0000000)|  12, 0, 0;0,  0;0,  0> +
           (-0.0000112, 0.0000000)|  12, 0, 0;1,  0;0,  0> +
           ( 0.0000112,-0.0000000)|  12, 0, 0;0,  0;1,  0> +
            ...
 # The upper part of the spectrum
 # Eigenvalues first: 512	 last: 562
 30457.957883046 30457.957883046 30457.957883972 30457.957883972 30457.957886015 30457.957887868 30458.957883046 30458.957883046 30458.957883972 30458.957883972 30458.957886015 30458.957887868 30459.957883046 30459.957883046 30459.957883972 30459.957883972 30459.957886015 30459.957887868 30460.957883046 30460.957883046 30460.957883972 30460.957883972 30460.957886015 30460.957887868 30461.957883046 30461.957883046 30461.957883972 30461.957883972 30461.957886015 30461.957887868 30462.957883045 30462.957883046 30462.957883972 30462.957883973 30462.957886015 30462.957887867 30463.957883045 30463.957883046 30463.957883972 30463.957883972 30463.957886015 30463.957887868 30464.668846988 30464.668846988 30464.668846988 30464.668846988 30464.668847914 30464.668847914 30464.668847915 30464.668847915

# Excited states :
 |  511> = ( 0.0002099,-1.0000000)|  31, 3, 3;0,  0;0,  0> +
           ( 0.0000000,-0.0000112)|  31, 3, 3;0,  0;1,  0> +
           (-0.0000000, 0.0000112)|  31, 3, 3;1,  0;0,  0> +
            ...
 |  512> = (-0.7043287, 0.0499787)|   0, 0, 0;1,  1;0,  0> +
           ( 0.7041639,-0.0499873)|   0, 0, 0;0,  0;1,  1> +
           (-0.0392302, 0.0000065)|   0, 0, 0;0,  0;1, -1> +
           ( 0.0392273,-0.0000052)|   0, 0, 0;1, -1;0,  0> +
            ...
 |  513> = (-0.7060350,-0.0000003)|   0, 0, 0;1, -1;0,  0> +
           ( 0.7060006, 0.0000004)|   0, 0, 0;0,  0;1, -1> +
           (-0.0391443, 0.0027714)|   0, 0, 0;1,  1;0,  0> +
           ( 0.0391172,-0.0027714)|   0, 0, 0;0,  0;1,  1> +
            ...
 |  514> = ( 0.6743791, 0.0000009)|   0, 0, 0;0,  0;1, -1> +
           ( 0.6743518, 0.0000012)|   0, 0, 0;1, -1;0,  0> +
           (-0.2125789,-0.0071432)|   0, 0, 0;0,  0;1,  1> +
           (-0.2125337,-0.0071484)|   0, 0, 0;1,  1;0,  0> +
            ...
 |  515> = ( 0.6740648, 0.0226395)|   0, 0, 0;0,  0;1,  1> +
           ( 0.6739054, 0.0226532)|   0, 0, 0;1,  1;0,  0> +
           ( 0.2126901,-0.0000029)|   0, 0, 0;0,  0;1, -1> +
           ( 0.2126627,-0.0000039)|   0, 0, 0;1, -1;0,  0> +
           (-0.0000130,-0.0000003)|   0, 0, 0;0,  0;1,  0> +
           (-0.0000127,-0.0000003)|   0, 0, 0;1,  0;0,  0> +
            ...
 |  516> = ( 0.7071057, 0.0012592)|   0, 0, 0;0,  0;1,  0> +
           ( 0.7071057, 0.0012592)|   0, 0, 0;1,  0;0,  0> +
           ( 0.0000197, 0.0000001)|   0, 0, 0;0,  0;1,  1> +
            ...
 |  517> = (-0.7071068,-0.0000000)|   0, 0, 0;1,  0;0,  0> +
           ( 0.7071068,-0.0000000)|   0, 0, 0;0,  0;1,  0> +
           (-0.0000158, 0.0000000)|   0, 0, 0;1,  0;1,  0> +
           (-0.0000158, 0.0000000)|   0, 0, 0;0,  0;0,  0> +
            ...
 |  518> = (-0.7025582, 0.0000000)|   1, 0, 0;0,  0;1, -1> +
           ( 0.7023403,-0.0000000)|   1, 0, 0;1, -1;0,  0> +
           (-0.0810426,-0.0000000)|   1, 0, 0;0,  0;1,  1> +
           ( 0.0810073, 0.0000000)|   1, 0, 0;1,  1;0,  0> +
            ...
 |  519> = ( 0.7024901,-0.0019367)|   1, 0, 0;1,  1;0,  0> +
           (-0.7024030, 0.0019376)|   1, 0, 0;0,  0;1,  1> +
           (-0.0810296, 0.0002234)|   1, 0, 0;1, -1;0,  0> +
           ( 0.0810196,-0.0002235)|   1, 0, 0;0,  0;1, -1> +
            ...
 |  520> = (-0.6983538,-0.0061874)|   1, 0, 0;0,  0;1,  1> +
           (-0.6982669,-0.0061879)|   1, 0, 0;1,  1;0,  0> +
           ( 0.1110164, 0.0009859)|   1, 0, 0;0,  0;1, -1> +
           ( 0.1110057, 0.0009860)|   1, 0, 0;1, -1;0,  0> +
            ...
 |  521> = ( 0.6984475, 0.0000003)|   1, 0, 0;1, -1;0,  0> +
           ( 0.6982279, 0.0000004)|   1, 0, 0;0,  0;1, -1> +
           ( 0.1110262,-0.0000022)|   1, 0, 0;1,  1;0,  0> +
           ( 0.1110047,-0.0000022)|   1, 0, 0;0,  0;1,  1> +
            ...
 |  522> = ( 0.7071069, 0.0000000)|   1, 0, 0;0,  0;1,  0> +
           ( 0.7071067, 0.0000000)|   1, 0, 0;1,  0;0,  0> +
            ...
 |  523> = ( 0.7071069, 0.0000000)|   1, 0, 0;1,  0;0,  0> +
           (-0.7071067, 0.0000000)|   1, 0, 0;0,  0;1,  0> +
           ( 0.0000158, 0.0000000)|   1, 0, 0;1,  0;1,  0> +
           ( 0.0000158, 0.0000000)|   1, 0, 0;0,  0;0,  0> +
            ...
 |  524> = ( 0.7064550,-0.0327648)|   2, 0, 0;1,  1;0,  0> +
           (-0.7062390, 0.0327767)|   2, 0, 0;0,  0;1,  1> +
           (-0.0000336, 0.0000016)|   2, 0, 0;1, -1;0,  0> +
           ( 0.0000336,-0.0000016)|   2, 0, 0;0,  0;1, -1> +
            ...
 |  525> = ( 0.7072343, 0.0000001)|   2, 0, 0;1, -1;0,  0> +
           (-0.7069793,-0.0000001)|   2, 0, 0;0,  0;1, -1> +
           ( 0.0000336, 0.0000000)|   2, 0, 0;1,  1;0,  0> +
           (-0.0000336, 0.0000000)|   2, 0, 0;0,  0;1,  1> +
            ...
 |  526> = (-0.7060239,-0.0410178)|   2, 0, 0;0,  0;1,  1> +
           (-0.7058077,-0.0410271)|   2, 0, 0;1,  1;0,  0> +
           ( 0.0000351, 0.0000020)|   2, 0, 0;0,  0;1, -1> +
           ( 0.0000351, 0.0000020)|   2, 0, 0;1, -1;0,  0> +
            ...
 |  527> = ( 0.7072343, 0.0000002)|   2, 0, 0;0,  0;1, -1> +
           ( 0.7069793, 0.0000002)|   2, 0, 0;1, -1;0,  0> +
           ( 0.0000351,-0.0000000)|   2, 0, 0;0,  0;1,  1> +
           ( 0.0000351,-0.0000000)|   2, 0, 0;1,  1;0,  0> +
            ...
 |  528> = (-0.7071074, 0.0000002)|   2, 0, 0;1,  0;0,  0> +
           (-0.7071062, 0.0000002)|   2, 0, 0;0,  0;1,  0> +
            ...
 |  529> = (-0.7071074, 0.0000000)|   2, 0, 0;0,  0;1,  0> +
           ( 0.7071062, 0.0000000)|   2, 0, 0;1,  0;0,  0> +
           ( 0.0000158, 0.0000000)|   2, 0, 0;1,  0;1,  0> +
           ( 0.0000158, 0.0000000)|   2, 0, 0;0,  0;0,  0> +
            ...
 |  530> = ( 0.7071179,-0.0061937)|   3, 0, 0;0,  0;1,  1> +
           (-0.7070413, 0.0061929)|   3, 0, 0;1,  1;0,  0> +
           (-0.0002813, 0.0000021)|   3, 0, 0;0,  0;1, -1> +
           ( 0.0002813,-0.0000021)|   3, 0, 0;1, -1;0,  0> +
            ...
 |  531> = (-0.7071574,-0.0000005)|   3, 0, 0;0,  0;1, -1> +
           ( 0.7070560, 0.0000006)|   3, 0, 0;1, -1;0,  0> +
           (-0.0002813, 0.0000004)|   3, 0, 0;0,  0;1,  1> +
           ( 0.0002812,-0.0000004)|   3, 0, 0;1,  1;0,  0> +
            ...
 |  532> = ( 0.7071052,-0.0075108)|   3, 0, 0;1,  1;0,  0> +
           ( 0.7070285,-0.0075101)|   3, 0, 0;0,  0;1,  1> +
           (-0.0002877, 0.0000031)|   3, 0, 0;1, -1;0,  0> +
           (-0.0002877, 0.0000031)|   3, 0, 0;0,  0;1, -1> +
            ...
 |  533> = (-0.7071574,-0.0000012)|   3, 0, 0;1, -1;0,  0> +
           (-0.7070560,-0.0000012)|   3, 0, 0;0,  0;1, -1> +
           (-0.0002877,-0.0000000)|   3, 0, 0;1,  1;0,  0> +
           (-0.0002877,-0.0000000)|   3, 0, 0;0,  0;1,  1> +
            ...
 |  534> = (-0.7071078, 0.0003972)|   3, 0, 0;1,  0;0,  0> +
           (-0.7071056, 0.0003972)|   3, 0, 0;0,  0;1,  0> +
            ...
 |  535> = (-0.7071079, 0.0000000)|   3, 0, 0;0,  0;1,  0> +
           ( 0.7071057, 0.0000000)|   3, 0, 0;1,  0;0,  0> +
           ( 0.0000158, 0.0000000)|   3, 0, 0;1,  0;1,  0> +
           ( 0.0000158, 0.0000000)|   3, 0, 0;0,  0;0,  0> +
            ...
 |  536> = ( 0.7072658,-0.0072625)|   4, 0, 0;1,  1;0,  0> +
           (-0.7068731, 0.0072606)|   4, 0, 0;0,  0;1,  1> +
           (-0.0001021, 0.0000011)|   4, 0, 0;1, -1;0,  0> +
           ( 0.0001020,-0.0000011)|   4, 0, 0;0,  0;1, -1> +
            ...
 |  537> = (-0.7071842,-0.0000004)|   4, 0, 0;1, -1;0,  0> +
           ( 0.7070294, 0.0000004)|   4, 0, 0;0,  0;1, -1> +
           (-0.0001022,-0.0000000)|   4, 0, 0;1,  1;0,  0> +
           ( 0.0001020, 0.0000000)|   4, 0, 0;0,  0;1,  1> +
            ...
 |  538> = ( 0.7071842, 0.0000007)|   4, 0, 0;0,  0;1, -1> +
           ( 0.7070294, 0.0000007)|   4, 0, 0;1, -1;0,  0> +
           ( 0.0001019, 0.0000000)|   4, 0, 0;0,  0;1,  1> +
           ( 0.0001019, 0.0000000)|   4, 0, 0;1,  1;0,  0> +
            ...
 |  539> = ( 0.7072951,-0.0033595)|   4, 0, 0;0,  0;1,  1> +
           ( 0.7069024,-0.0033555)|   4, 0, 0;1,  1;0,  0> +
           (-0.0001020, 0.0000005)|   4, 0, 0;1, -1;0,  0> +
           (-0.0001018, 0.0000005)|   4, 0, 0;0,  0;1, -1> +
            ...
 |  540> = (-0.7052541,-0.0511614)|   4, 0, 0;1,  0;0,  0> +
           (-0.7052529,-0.0511614)|   4, 0, 0;0,  0;1,  0> +
            ...
 |  541> = (-0.7071074,-0.0000000)|   4, 0, 0;0,  0;1,  0> +
           ( 0.7071062,-0.0000000)|   4, 0, 0;1,  0;0,  0> +
           ( 0.0000158,-0.0000000)|   4, 0, 0;1,  0;1,  0> +
           ( 0.0000158,-0.0000000)|   4, 0, 0;0,  0;0,  0> +
            ...
 |  542> = ( 0.6916750, 0.1473191)|   5, 0, 0;1,  1;0,  0> +
           (-0.6915026,-0.1473317)|   5, 0, 0;0,  0;1,  1> +
           (-0.0003748,-0.0000909)|   5, 0, 0;1, -1;0,  0> +
           ( 0.0003747, 0.0000909)|   5, 0, 0;0,  0;1, -1> +
            ...
 |  543> = ( 0.7072486,-0.0000030)|   5, 0, 0;0,  0;1, -1> +
           (-0.7069647, 0.0000034)|   5, 0, 0;1, -1;0,  0> +
           ( 0.0003857,-0.0000109)|   5, 0, 0;0,  0;1,  1> +
           (-0.0003852, 0.0000108)|   5, 0, 0;1,  1;0,  0> +
            ...
 |  544> = (-0.7023158, 0.0828840)|   5, 0, 0;0,  0;1,  1> +
           (-0.7021452, 0.0829125)|   5, 0, 0;1,  1;0,  0> +
           ( 0.0003919,-0.0000463)|   5, 0, 0;0,  0;1, -1> +
           ( 0.0003914,-0.0000463)|   5, 0, 0;1, -1;0,  0> +
            ...
 |  545> = ( 0.7072486, 0.0000013)|   5, 0, 0;1, -1;0,  0> +
           ( 0.7069647, 0.0000017)|   5, 0, 0;0,  0;1, -1> +
           ( 0.0003945, 0.0000001)|   5, 0, 0;1,  1;0,  0> +
           ( 0.0003943, 0.0000001)|   5, 0, 0;0,  0;1,  1> +
            ...
 |  546> = ( 0.7071096,-0.0001199)|   5, 0, 0;1,  0;0,  0> +
           ( 0.7071039,-0.0001199)|   5, 0, 0;0,  0;1,  0> +
            ...
 |  547> = (-0.7071097, 0.0000000)|   5, 0, 0;0,  0;1,  0> +
           ( 0.7071039, 0.0000000)|   5, 0, 0;1,  0;0,  0> +
           ( 0.0000158, 0.0000000)|   5, 0, 0;1,  0;1,  0> +
           ( 0.0000158, 0.0000000)|   5, 0, 0;0,  0;0,  0> +
            ...
 |  548> = ( 0.7072408, 0.0002366)|   6, 0, 0;0,  0;1, -1> +
           (-0.7069722,-0.0002365)|   6, 0, 0;1, -1;0,  0> +
           ( 0.0005644,-0.0000001)|   6, 0, 0;0,  0;1,  1> +
           (-0.0005643, 0.0000001)|   6, 0, 0;1,  1;0,  0> +
            ...
 |  549> = ( 0.6600866, 0.2536043)|   6, 0, 0;0,  0;1,  1> +
           (-0.6600379,-0.2536138)|   6, 0, 0;1,  1;0,  0> +
           ( 0.0005267, 0.0002027)|   6, 0, 0;1, -1;0,  0> +
           (-0.0005267,-0.0002027)|   6, 0, 0;0,  0;1, -1> +
            ...
 |  550> = (-0.7072410, 0.0000246)|   6, 0, 0;1, -1;0,  0> +
           (-0.7069724, 0.0000246)|   6, 0, 0;0,  0;1, -1> +
           (-0.0002380,-0.0000080)|   6, 0, 0;1,  1;0,  0> +
           (-0.0002378,-0.0000080)|   6, 0, 0;0,  0;1,  1> +
            ...
 |  551> = ( 0.7064401,-0.0311779)|   6, 0, 0;1,  1;0,  0> +
           ( 0.7063969,-0.0312023)|   6, 0, 0;0,  0;1,  1> +
           (-0.0002373, 0.0000185)|   6, 0, 0;1, -1;0,  0> +
           (-0.0002373, 0.0000185)|   6, 0, 0;0,  0;1, -1> +
            ...
 |  552> = (-0.7071272, 0.0002645)|   6, 0, 0;0,  0;1,  0> +
           (-0.7070863, 0.0002645)|   6, 0, 0;1,  0;0,  0> +
            ...
 |  553> = ( 0.7071272, 0.0000760)|   6, 0, 0;1,  0;0,  0> +
           (-0.7070863,-0.0000760)|   6, 0, 0;0,  0;1,  0> +
           ( 0.0000158, 0.0000000)|   6, 0, 0;1,  0;1,  0> +
           ( 0.0000158, 0.0000000)|   6, 0, 0;0,  0;0,  0> +
            ...
 |  554> = ( 0.5522726, 0.0022325)|   0, 1, 0;0,  0;1,  1> +
           (-0.5522583,-0.0022351)|   0, 1, 0;1,  1;0,  0> +
           ( 0.4301822,-0.0059079)|   0, 1, 0;0,  0;1, -1> +
           (-0.4301498, 0.0059096)|   0, 1, 0;1, -1;0,  0> +
           ( 0.0190917,-0.0934851)|   0, 0, 1;0,  0;1,  1> +
           (-0.0190915, 0.0934851)|   0, 0, 1;1,  1;0,  0> +
           ( 0.0109476, 0.0263928)|   0, 0, 1;1, -1;0,  0> +
           (-0.0109505,-0.0263861)|   0, 0, 1;0,  0;1, -1> +
            ...
 |  555> = ( 0.1564614, 0.4085170)|   0, 0, 1;1, -1;0,  0> +
           (-0.1564444,-0.4085204)|   0, 0, 1;0,  0;1, -1> +
           (-0.3785007,-0.0760395)|   0, 1, 0;0,  0;1, -1> +
           ( 0.3784424, 0.0760233)|   0, 1, 0;1, -1;0,  0> +
           ( 0.2590820,-0.1987626)|   0, 0, 1;0,  0;1,  1> +
           (-0.2590644, 0.1987614)|   0, 0, 1;1,  1;0,  0> +
           ( 0.2286547, 0.0265981)|   0, 1, 0;0,  0;1,  1> +
           (-0.2286470,-0.0265798)|   0, 1, 0;1,  1;0,  0> +
           (-0.0000221,-0.0000184)|   0, 0, 1;0,  0;1,  0> +
           ( 0.0000073, 0.0000231)|   0, 0, 1;1,  0;0,  0> +
            ...
 |  556> = ( 0.3542745,-0.0000012)|   0, 1, 0;1, -1;0,  0> +
           (-0.3542736, 0.0000012)|   0, 1, 0;0,  0;1, -1> +
           (-0.0000037, 0.3536779)|   0, 0, 1;0,  0;1,  1> +
           ( 0.0000037,-0.3536774)|   0, 0, 1;1,  1;0,  0> +
           ( 0.0000020, 0.3535492)|   0, 0, 1;0,  0;1, -1> +
           (-0.0000020,-0.3535485)|   0, 0, 1;1, -1;0,  0> +
           ( 0.3527121,-0.0000005)|   0, 1, 0;0,  0;1,  1> +
           (-0.3527105, 0.0000005)|   0, 1, 0;1,  1;0,  0> +
            ...
 |  557> = (-0.4769603,-0.1780587)|   0, 0, 1;0,  0;1,  1> +
           ( 0.4769241, 0.1780820)|   0, 0, 1;1,  1;0,  0> +
           (-0.4042158, 0.1394139)|   0, 0, 1;1, -1;0,  0> +
           ( 0.4042166,-0.1393773)|   0, 0, 1;0,  0;1, -1> +
           (-0.1849372, 0.0787359)|   0, 1, 0;0,  0;1, -1> +
           ( 0.1848869,-0.0787226)|   0, 1, 0;1, -1;0,  0> +
           (-0.1325500,-0.0060121)|   0, 1, 0;1,  1;0,  0> +
           ( 0.1325418, 0.0059944)|   0, 1, 0;0,  0;1,  1> +
           ( 0.0000153,-0.0000022)|   0, 1, 0;0,  0;1,  0> +
           (-0.0000125, 0.0000064)|   0, 1, 0;1,  0;0,  0> +
           (-0.0000119, 0.0000016)|   0, 0, 1;0,  0;1,  0> +
           (-0.0000109, 0.0000010)|   0, 0, 1;1,  0;0,  0> +
            ...
 |  558> = (-0.4335197, 0.0978848)|   0, 1, 0;1, -1;0,  0> +
           (-0.4334824, 0.0978714)|   0, 1, 0;0,  0;1, -1> +
           ( 0.4041469,-0.1265278)|   0, 1, 0;1,  1;0,  0> +
           ( 0.4041393,-0.1265281)|   0, 1, 0;0,  0;1,  1> +
           (-0.0435441,-0.3241696)|   0, 0, 1;1,  1;0,  0> +
           (-0.0435387,-0.3241174)|   0, 0, 1;0,  0;1,  1> +
           (-0.1255445, 0.0207506)|   0, 0, 1;1, -1;0,  0> +
           (-0.1255368, 0.0207430)|   0, 0, 1;0,  0;1, -1> +
            ...
 |  559> = (-0.5296766,-0.0068608)|   0, 1, 0;1,  1;0,  0> +
           (-0.5296631,-0.0068606)|   0, 1, 0;0,  0;1,  1> +
           (-0.3402434, 0.0053875)|   0, 1, 0;1, -1;0,  0> +
           (-0.3402107, 0.0053865)|   0, 1, 0;0,  0;1, -1> +
           (-0.0065394,-0.2407161)|   0, 0, 1;1, -1;0,  0> +
           (-0.0065385,-0.2407041)|   0, 0, 1;0,  0;1, -1> +
           (-0.0025612,-0.2136144)|   0, 0, 1;1,  1;0,  0> +
           (-0.0025608,-0.2136030)|   0, 0, 1;0,  0;1,  1> +
            ...
 |  560> = (-0.1166048, 0.6305276)|   0, 0, 1;0,  0;1, -1> +
           (-0.1165708, 0.6305104)|   0, 0, 1;1, -1;0,  0> +
           (-0.1879386, 0.0341856)|   0, 1, 0;0,  0;1,  1> +
           (-0.1879325, 0.0341911)|   0, 1, 0;1,  1;0,  0> +
           (-0.1758940,-0.0721926)|   0, 1, 0;1, -1;0,  0> +
           (-0.1758756,-0.0721799)|   0, 1, 0;0,  0;1, -1> +
           ( 0.1225060, 0.0348220)|   0, 0, 1;0,  0;1,  1> +
           ( 0.1224903, 0.0348147)|   0, 0, 1;1,  1;0,  0> +
           ( 0.0000131,-0.0000087)|   0, 1, 0;0,  0;1,  0> +
            ...
 |  561> = (-0.0995887, 0.5668020)|   0, 0, 1;1,  1;0,  0> +
           (-0.0995641, 0.5668051)|   0, 0, 1;0,  0;1,  1> +
           (-0.3880399,-0.0025514)|   0, 1, 0;1, -1;0,  0> +
           (-0.3880025,-0.0025582)|   0, 1, 0;0,  0;1, -1> +
           ( 0.0840113,-0.0873213)|   0, 0, 1;1, -1;0,  0> +
           ( 0.0839946,-0.0872820)|   0, 0, 1;0,  0;1, -1> +
           ( 0.0597168, 0.0027151)|   0, 1, 0;1,  1;0,  0> +
           ( 0.0597117, 0.0027163)|   0, 1, 0;0,  0;1,  1> +
           ( 0.0000956,-0.0000685)|   0, 1, 0;0,  0;1,  0> +
           ( 0.0000766,-0.0000597)|   0, 1, 0;1,  0;0,  0> +
            ...
