p1519
p1519
p1519
p1519
p1519
p1519
p1519
p1519
p1519
p1519
p1519
p1519
p1519
p1519
p1519
p1519
p1519
p1519
p1519
p1519
p1519
p1519
p1519
p1519
# Parameters of the model
#  mass:		  261.0000 u
#  charge:	    1.0000 e
#  dipole:	   4.74500 D
#  B:		    503.65 MHz
#  omega_rho:	    1.4000 MHz
#  omega_z:	  0.158000 MHz

# omega_1:	  0.273664 MHz
# omega_3/5:	   1.39106 MHz

# Basis truncation:	|32,4,4;2,2>
# Basis size:		41472

# Active terms of the Hamiltionian:
# 	Nomal modes:	1
# 	T_rot:      	1
# 	V_qd^{(0)}: 	1
# 	V_qd^{(1)}: 	1
# 	V_dd^{(0)}: 	1

# Results of the diagonalisation
# 100 smallest eigenvalues
 5.583066359 6.583066359 7.583066359 8.583066359 9.583066359 10.583066359 10.666144784 10.666144784 11.583066359 11.666144784 11.666144784 12.583066359 12.666144784 12.666144784 13.583066359 13.666144784 13.666144784 14.583066359 14.666144784 14.666144784 15.583066359 15.666144783 15.666144784 15.749223208 15.749223208 15.749223208 16.583066359 16.666144783 16.666144784 16.749223208 16.749223208 16.749223208 17.583066359 17.666144784 17.666144784 17.749223208 17.749223208 17.749223208 18.583066359 18.666144783 18.666144784 18.749223208 18.749223208 18.749223208 19.583066359 19.666144783 19.666144784 19.749223208 19.749223208 19.749223208 20.583066359 20.666144783 20.666144784 20.749223208 20.749223208 20.749223208 20.832301632 20.832301632 20.832301633 20.832301633 21.583066359 21.666144783 21.666144783 21.749223208 21.749223208 21.749223208 21.832301632 21.832301632 21.832301633 21.832301633 22.583066359 22.666144783 22.666144783 22.749223208 22.749223208 22.749223208 22.832301633 22.832301633 22.832301633 22.832301633 23.583066359 23.666144783 23.666144784 23.749223208 23.749223208 23.749223208 23.832301632 23.832301632 23.832301632 23.832301633 24.583066359 24.666144783 24.666144783 24.749223208 24.749223208 24.749223208 24.832301632 24.832301632 24.832301632 24.832301633

# Ground state and the lowest excitations:
 |    0> = ( 1.0000000, 0.0000000)|   0, 0, 0;0,  0;0,  0> +
           ( 0.0000162,-0.0000000)|   0, 0, 0;0,  0;1,  0> +
           (-0.0000162,-0.0000000)|   0, 0, 0;1,  0;0,  0> +
            ...
 |    1> = (-1.0000000, 0.0000000)|   1, 0, 0;0,  0;0,  0> +
           (-0.0000162, 0.0000000)|   1, 0, 0;0,  0;1,  0> +
           ( 0.0000162, 0.0000000)|   1, 0, 0;1,  0;0,  0> +
            ...
 |    2> = (-1.0000000,-0.0000000)|   2, 0, 0;0,  0;0,  0> +
           ( 0.0000162, 0.0000000)|   2, 0, 0;1,  0;0,  0> +
           (-0.0000162, 0.0000000)|   2, 0, 0;0,  0;1,  0> +
            ...
 |    3> = (-1.0000000,-0.0000000)|   3, 0, 0;0,  0;0,  0> +
           ( 0.0000162,-0.0000000)|   3, 0, 0;1,  0;0,  0> +
           (-0.0000162,-0.0000000)|   3, 0, 0;0,  0;1,  0> +
            ...
 |    4> = (-1.0000000, 0.0000000)|   4, 0, 0;0,  0;0,  0> +
           (-0.0000162, 0.0000000)|   4, 0, 0;0,  0;1,  0> +
           ( 0.0000162, 0.0000000)|   4, 0, 0;1,  0;0,  0> +
            ...
 |    5> = ( 1.0000000, 0.0000000)|   5, 0, 0;0,  0;0,  0> +
           ( 0.0000162, 0.0000000)|   5, 0, 0;0,  0;1,  0> +
           (-0.0000162,-0.0000000)|   5, 0, 0;1,  0;0,  0> +
            ...
 |    6> = ( 0.7167293, 0.0000007)|   0, 1, 0;0,  0;0,  0> +
           ( 0.0000007,-0.6973515)|   0, 0, 1;0,  0;0,  0> +
           (-0.0000116,-0.0000000)|   0, 1, 0;1,  0;0,  0> +
           ( 0.0000116, 0.0000000)|   0, 1, 0;0,  0;1,  0> +
           ( 0.0000000,-0.0000113)|   0, 0, 1;0,  0;1,  0> +
           (-0.0000000, 0.0000113)|   0, 0, 1;1,  0;0,  0> +
            ...
 |    7> = (-0.0000000, 0.7167293)|   0, 0, 1;0,  0;0,  0> +
           ( 0.6973515,-0.0000000)|   0, 1, 0;0,  0;0,  0> +
           (-0.0000000, 0.0000116)|   0, 0, 1;0,  0;1,  0> +
           ( 0.0000000,-0.0000116)|   0, 0, 1;1,  0;0,  0> +
           ( 0.0000113,-0.0000000)|   0, 1, 0;0,  0;1,  0> +
           (-0.0000113, 0.0000000)|   0, 1, 0;1,  0;0,  0> +
            ...
 |    8> = (-1.0000000,-0.0000000)|   6, 0, 0;0,  0;0,  0> +
           (-0.0000162,-0.0000000)|   6, 0, 0;0,  0;1,  0> +
           ( 0.0000162, 0.0000000)|   6, 0, 0;1,  0;0,  0> +
            ...
 |    9> = (-0.7303916,-0.0001673)|   1, 1, 0;0,  0;0,  0> +
           (-0.0001673,-0.6830286)|   1, 0, 1;0,  0;0,  0> +
           (-0.0000118,-0.0000000)|   1, 1, 0;0,  0;1,  0> +
           ( 0.0000118, 0.0000000)|   1, 1, 0;1,  0;0,  0> +
           (-0.0000000,-0.0000110)|   1, 0, 1;0,  0;1,  0> +
           ( 0.0000000, 0.0000110)|   1, 0, 1;1,  0;0,  0> +
            ...
 |   10> = ( 0.0049966,-0.7303745)|   1, 0, 1;0,  0;0,  0> +
           ( 0.6830103, 0.0049963)|   1, 1, 0;0,  0;0,  0> +
           ( 0.0000001,-0.0000118)|   1, 0, 1;0,  0;1,  0> +
           (-0.0000001, 0.0000118)|   1, 0, 1;1,  0;0,  0> +
           ( 0.0000110, 0.0000001)|   1, 1, 0;0,  0;1,  0> +
           (-0.0000110,-0.0000001)|   1, 1, 0;1,  0;0,  0> +
            ...
 |   11> = (-1.0000000, 0.0000000)|   7, 0, 0;0,  0;0,  0> +
           ( 0.0000162,-0.0000000)|   7, 0, 0;1,  0;0,  0> +
           (-0.0000162, 0.0000000)|   7, 0, 0;0,  0;1,  0> +
            ...
 |   12> = (-0.0013979,-0.7101301)|   2, 0, 1;0,  0;0,  0> +
           ( 0.7040677,-0.0013979)|   2, 1, 0;0,  0;0,  0> +
           ( 0.0000000, 0.0000115)|   2, 0, 1;1,  0;0,  0> +
           (-0.0000000,-0.0000115)|   2, 0, 1;0,  0;1,  0> +
           (-0.0000114, 0.0000000)|   2, 1, 0;1,  0;0,  0> +
           ( 0.0000114,-0.0000000)|   2, 1, 0;0,  0;1,  0> +
            ...
 |   13> = ( 0.7101315,-0.0000060)|   2, 1, 0;0,  0;0,  0> +
           (-0.0000060, 0.7040691)|   2, 0, 1;0,  0;0,  0> +
           ( 0.0000115,-0.0000000)|   2, 1, 0;0,  0;1,  0> +
           (-0.0000115, 0.0000000)|   2, 1, 0;1,  0;0,  0> +
           (-0.0000000, 0.0000114)|   2, 0, 1;0,  0;1,  0> +
           ( 0.0000000,-0.0000114)|   2, 0, 1;1,  0;0,  0> +
            ...
 |   14> = (-1.0000000, 0.0000000)|   8, 0, 0;0,  0;0,  0> +
           (-0.0000162, 0.0000000)|   8, 0, 0;0,  0;1,  0> +
           ( 0.0000162,-0.0000000)|   8, 0, 0;1,  0;0,  0> +
            ...
 |   15> = (-0.0020316, 0.8887333)|   3, 0, 1;0,  0;0,  0> +
           (-0.4584157,-0.0020315)|   3, 1, 0;0,  0;0,  0> +
           (-0.0000000, 0.0000144)|   3, 0, 1;0,  0;1,  0> +
           ( 0.0000000,-0.0000144)|   3, 0, 1;1,  0;0,  0> +
            ...
 |   16> = (-0.8887353,-0.0006489)|   3, 1, 0;0,  0;0,  0> +
           (-0.0006489,-0.4584197)|   3, 0, 1;0,  0;0,  0> +
           (-0.0000144,-0.0000000)|   3, 1, 0;0,  0;1,  0> +
           ( 0.0000144, 0.0000000)|   3, 1, 0;1,  0;0,  0> +
            ...
 |   17> = ( 1.0000000, 0.0000000)|   9, 0, 0;0,  0;0,  0> +
           ( 0.0000162, 0.0000000)|   9, 0, 0;0,  0;1,  0> +
           (-0.0000162,-0.0000000)|   9, 0, 0;1,  0;0,  0> +
            ...
 |   18> = ( 0.7048732, 0.1202741)|   4, 1, 0;0,  0;0,  0> +
           ( 0.1202768,-0.6886373)|   4, 0, 1;0,  0;0,  0> +
           ( 0.0000114, 0.0000019)|   4, 1, 0;0,  0;1,  0> +
           (-0.0000114,-0.0000019)|   4, 1, 0;1,  0;0,  0> +
           (-0.0000019, 0.0000111)|   4, 0, 1;1,  0;0,  0> +
           ( 0.0000019,-0.0000111)|   4, 0, 1;0,  0;1,  0> +
            ...
 |   19> = ( 0.0013823,-0.7150596)|   4, 0, 1;0,  0;0,  0> +
           (-0.6990608, 0.0013823)|   4, 1, 0;0,  0;0,  0> +
           (-0.0000000, 0.0000115)|   4, 0, 1;1,  0;0,  0> +
           ( 0.0000000,-0.0000115)|   4, 0, 1;0,  0;1,  0> +
           (-0.0000113, 0.0000000)|   4, 1, 0;0,  0;1,  0> +
           ( 0.0000113,-0.0000000)|   4, 1, 0;1,  0;0,  0> +
            ...
 |   20> = ( 1.0000000,-0.0000000)|  10, 0, 0;0,  0;0,  0> +
           (-0.0000162, 0.0000000)|  10, 0, 0;1,  0;0,  0> +
           ( 0.0000162,-0.0000000)|  10, 0, 0;0,  0;1,  0> +
            ...
 |   21> = ( 0.7034234, 0.0761460)|   5, 1, 0;0,  0;0,  0> +
           ( 0.0761475,-0.7025659)|   5, 0, 1;0,  0;0,  0> +
           ( 0.0000114, 0.0000012)|   5, 1, 0;0,  0;1,  0> +
           (-0.0000114,-0.0000012)|   5, 1, 0;1,  0;0,  0> +
           (-0.0000012, 0.0000113)|   5, 0, 1;1,  0;0,  0> +
           ( 0.0000012,-0.0000113)|   5, 0, 1;0,  0;1,  0> +
            ...
 |   22> = (-0.0000469, 0.7075329)|   5, 0, 1;0,  0;0,  0> +
           ( 0.7066804,-0.0000469)|   5, 1, 0;0,  0;0,  0> +
           (-0.0000000, 0.0000114)|   5, 0, 1;0,  0;1,  0> +
           ( 0.0000000,-0.0000114)|   5, 0, 1;1,  0;0,  0> +
           ( 0.0000114,-0.0000000)|   5, 1, 0;0,  0;1,  0> +
           (-0.0000114, 0.0000000)|   5, 1, 0;1,  0;0,  0> +
            ...
 |   23> = ( 0.7071068, 0.0000000)|   0, 2, 0;0,  0;0,  0> +
           (-0.7071067,-0.0000000)|   0, 0, 2;0,  0;0,  0> +
           (-0.0000114,-0.0000000)|   0, 2, 0;1,  0;0,  0> +
           ( 0.0000114, 0.0000000)|   0, 2, 0;0,  0;1,  0> +
           (-0.0000114,-0.0000000)|   0, 0, 2;0,  0;1,  0> +
           ( 0.0000114, 0.0000000)|   0, 0, 2;1,  0;0,  0> +
            ...
 |   24> = ( 0.7071068, 0.0000000)|   0, 0, 2;0,  0;0,  0> +
           ( 0.7071067,-0.0000000)|   0, 2, 0;0,  0;0,  0> +
           (-0.0000114,-0.0000000)|   0, 0, 2;1,  0;0,  0> +
           ( 0.0000114, 0.0000000)|   0, 0, 2;0,  0;1,  0> +
           (-0.0000114, 0.0000000)|   0, 2, 0;1,  0;0,  0> +
           ( 0.0000114,-0.0000000)|   0, 2, 0;0,  0;1,  0> +
            ...
 # The upper part of the spectrum
 # Eigenvalues first: 512	 last: 562
 23132.732632902 23132.732632903 23132.732634122 23132.732634122 23132.732637722 23132.732640161 23133.732632902 23133.732632902 23133.732634122 23133.732634122 23133.732637722 23133.732640161 23134.732632902 23134.732632902 23134.732634122 23134.732634122 23134.732637722 23134.732640161 23135.732632902 23135.732632902 23135.732634122 23135.732634122 23135.732637722 23135.732640161 23136.732632902 23136.732632902 23136.732634122 23136.732634122 23136.732637722 23136.732640161 23137.732632902 23137.732632903 23137.732634122 23137.732634122 23137.732637722 23137.732640161 23137.815711326 23137.815711327 23137.815711327 23137.815711327 23137.815712546 23137.815712546 23137.815712547 23137.815712547 23137.815716146 23137.815716146 23137.815718585 23137.815718585 23138.732632902 23138.732632902

# Excited states :
 |  511> = (-0.0015432, 0.9999988)|  31, 3, 3;0,  0;0,  0> +
           ( 0.0000000,-0.0000162)|  31, 3, 3;1,  0;0,  0> +
           (-0.0000000, 0.0000162)|  31, 3, 3;0,  0;1,  0> +
            ...
 |  512> = (-0.6890702,-0.0000017)|   0, 0, 0;1, -1;0,  0> +
           ( 0.6890243, 0.0000013)|   0, 0, 0;0,  0;1, -1> +
           (-0.1586156, 0.0076028)|   0, 0, 0;0,  0;1,  1> +
           ( 0.1585978,-0.0076016)|   0, 0, 0;1,  1;0,  0> +
           (-0.0000111,-0.0000000)|   0, 0, 0;1, -1;1,  0> +
           (-0.0000111,-0.0000000)|   0, 0, 0;1,  0;1, -1> +
            ...
 |  513> = (-0.6882609, 0.0330191)|   0, 0, 0;0,  0;1,  1> +
           ( 0.6882504,-0.0330191)|   0, 0, 0;1,  1;0,  0> +
           ( 0.1588011,-0.0000075)|   0, 0, 0;1, -1;0,  0> +
           (-0.1587765, 0.0000057)|   0, 0, 0;0,  0;1, -1> +
           ( 0.0000111,-0.0000005)|   0, 0, 0;1,  0;1,  1> +
           ( 0.0000111,-0.0000005)|   0, 0, 0;1,  1;1,  0> +
            ...
 |  514> = ( 0.5310160,-0.0000232)|   0, 0, 0;0,  0;1, -1> +
           ( 0.5309875,-0.0000196)|   0, 0, 0;1, -1;0,  0> +
           (-0.4475196,-0.1333136)|   0, 0, 0;1,  1;0,  0> +
           (-0.4475001,-0.1333103)|   0, 0, 0;0,  0;1,  1> +
            ...
 |  515> = (-0.5088876,-0.1516483)|   0, 0, 0;1,  1;0,  0> +
           (-0.5088864,-0.1516462)|   0, 0, 0;0,  0;1,  1> +
           (-0.4669663,-0.0000264)|   0, 0, 0;0,  0;1, -1> +
           (-0.4669226,-0.0000223)|   0, 0, 0;1, -1;0,  0> +
            ...
 |  516> = (-0.7071068, 0.0001292)|   0, 0, 0;1,  0;0,  0> +
           (-0.7071068, 0.0001292)|   0, 0, 0;0,  0;1,  0> +
            ...
 |  517> = ( 0.7071068,-0.0000000)|   0, 0, 0;0,  0;1,  0> +
           (-0.7071068,-0.0000000)|   0, 0, 0;1,  0;0,  0> +
           (-0.0000228, 0.0000000)|   0, 0, 0;1,  0;1,  0> +
           (-0.0000228, 0.0000000)|   0, 0, 0;0,  0;0,  0> +
            ...
 |  518> = ( 0.6256100, 0.0086978)|   1, 0, 0;1, -1;0,  0> +
           (-0.6256013,-0.0086975)|   1, 0, 0;0,  0;1, -1> +
           ( 0.3294496, 0.0039212)|   1, 0, 0;1,  1;0,  0> +
           (-0.3294177,-0.0039205)|   1, 0, 0;0,  0;1,  1> +
           ( 0.0000101, 0.0000001)|   1, 0, 0;1, -1;1,  0> +
           ( 0.0000101, 0.0000001)|   1, 0, 0;1,  0;1, -1> +
            ...
 |  519> = ( 0.6256762,-0.0002400)|   1, 0, 0;0,  0;1,  1> +
           (-0.6256560, 0.0002402)|   1, 0, 0;1,  1;0,  0> +
           ( 0.3294903, 0.0005327)|   1, 0, 0;1, -1;0,  0> +
           (-0.3294228,-0.0005327)|   1, 0, 0;0,  0;1, -1> +
           (-0.0000101, 0.0000000)|   1, 0, 0;1,  0;1,  1> +
           (-0.0000101, 0.0000000)|   1, 0, 0;1,  1;1,  0> +
            ...
 |  520> = (-0.6549972,-0.0029415)|   1, 0, 0;1,  1;0,  0> +
           (-0.6549734,-0.0029415)|   1, 0, 0;0,  0;1,  1> +
           (-0.2664547,-0.0008683)|   1, 0, 0;0,  0;1, -1> +
           (-0.2664051,-0.0008684)|   1, 0, 0;1, -1;0,  0> +
           (-0.0000106,-0.0000000)|   1, 0, 0;1,  1;1,  0> +
           ( 0.0000106, 0.0000000)|   1, 0, 0;1,  0;1,  1> +
            ...
 |  521> = ( 0.6550029,-0.0000865)|   1, 0, 0;0,  0;1, -1> +
           ( 0.6549808,-0.0000865)|   1, 0, 0;1, -1;0,  0> +
           (-0.2664564,-0.0002930)|   1, 0, 0;0,  0;1,  1> +
           (-0.2664059,-0.0002929)|   1, 0, 0;1,  1;0,  0> +
           (-0.0000106, 0.0000000)|   1, 0, 0;1,  0;1, -1> +
           ( 0.0000106,-0.0000000)|   1, 0, 0;1, -1;1,  0> +
            ...
 |  522> = (-0.7071069, 0.0000000)|   1, 0, 0;1,  0;0,  0> +
           (-0.7071067, 0.0000000)|   1, 0, 0;0,  0;1,  0> +
            ...
 |  523> = (-0.7071069, 0.0000000)|   1, 0, 0;0,  0;1,  0> +
           ( 0.7071067, 0.0000000)|   1, 0, 0;1,  0;0,  0> +
           ( 0.0000228,-0.0000000)|   1, 0, 0;1,  0;1,  0> +
           ( 0.0000228,-0.0000000)|   1, 0, 0;0,  0;0,  0> +
            ...
 |  524> = (-0.7065542,-0.0308244)|   2, 0, 0;1,  1;0,  0> +
           ( 0.7063149, 0.0308245)|   2, 0, 0;0,  0;1,  1> +
           ( 0.0000801, 0.0000035)|   2, 0, 0;1, -1;0,  0> +
           (-0.0000801,-0.0000035)|   2, 0, 0;0,  0;1, -1> +
           (-0.0000114,-0.0000005)|   2, 0, 0;1,  1;1,  0> +
           (-0.0000114,-0.0000005)|   2, 0, 0;1,  0;1,  1> +
            ...
 |  525> = (-0.7071267, 0.0000000)|   2, 0, 0;0,  0;1, -1> +
           ( 0.7070869, 0.0000000)|   2, 0, 0;1, -1;0,  0> +
           (-0.0000815, 0.0000000)|   2, 0, 0;0,  0;1,  1> +
           ( 0.0000789, 0.0000000)|   2, 0, 0;1,  1;0,  0> +
           ( 0.0000114,-0.0000000)|   2, 0, 0;1,  0;1, -1> +
           ( 0.0000114, 0.0000000)|   2, 0, 0;1, -1;1,  0> +
            ...
 |  526> = ( 0.7072256,-0.0010171)|   2, 0, 0;0,  0;1,  1> +
           ( 0.7069865,-0.0010273)|   2, 0, 0;1,  1;0,  0> +
           (-0.0000808, 0.0000001)|   2, 0, 0;0,  0;1, -1> +
           (-0.0000782, 0.0000001)|   2, 0, 0;1, -1;0,  0> +
           (-0.0000114, 0.0000000)|   2, 0, 0;1,  0;1,  1> +
           ( 0.0000114,-0.0000000)|   2, 0, 0;1,  1;1,  0> +
            ...
 |  527> = (-0.7071267,-0.0000000)|   2, 0, 0;1, -1;0,  0> +
           (-0.7070869,-0.0000000)|   2, 0, 0;0,  0;1, -1> +
           (-0.0000795,-0.0000000)|   2, 0, 0;1,  1;0,  0> +
           (-0.0000795,-0.0000000)|   2, 0, 0;0,  0;1,  1> +
           (-0.0000114,-0.0000000)|   2, 0, 0;1, -1;1,  0> +
           ( 0.0000114, 0.0000000)|   2, 0, 0;1,  0;1, -1> +
            ...
 |  528> = ( 0.7071075, 0.0000000)|   2, 0, 0;1,  0;0,  0> +
           ( 0.7071061, 0.0000000)|   2, 0, 0;0,  0;1,  0> +
            ...
 |  529> = ( 0.7071075, 0.0000000)|   2, 0, 0;0,  0;1,  0> +
           (-0.7071061, 0.0000000)|   2, 0, 0;1,  0;0,  0> +
           (-0.0000228,-0.0000000)|   2, 0, 0;1,  0;1,  0> +
           (-0.0000228, 0.0000000)|   2, 0, 0;0,  0;0,  0> +
            ...
 |  530> = ( 0.7071159, 0.0091765)|   3, 0, 0;1,  1;0,  0> +
           (-0.7069783,-0.0091753)|   3, 0, 0;0,  0;1,  1> +
           ( 0.0004403, 0.0000056)|   3, 0, 0;1, -1;0,  0> +
           (-0.0004402,-0.0000056)|   3, 0, 0;0,  0;1, -1> +
           ( 0.0000114, 0.0000001)|   3, 0, 0;1,  1;1,  0> +
           ( 0.0000114, 0.0000001)|   3, 0, 0;1,  0;1,  1> +
            ...
 |  531> = ( 0.7071133, 0.0000004)|   3, 0, 0;1, -1;0,  0> +
           (-0.7071000,-0.0000003)|   3, 0, 0;0,  0;1, -1> +
           (-0.0004407,-0.0000001)|   3, 0, 0;1,  1;0,  0> +
           ( 0.0004398, 0.0000001)|   3, 0, 0;0,  0;1,  1> +
           ( 0.0000114, 0.0000000)|   3, 0, 0;1, -1;1,  0> +
           ( 0.0000114, 0.0000000)|   3, 0, 0;1,  0;1, -1> +
            ...
 |  532> = ( 0.7071453, 0.0065294)|   3, 0, 0;0,  0;1,  1> +
           ( 0.7070076, 0.0065276)|   3, 0, 0;1,  1;0,  0> +
           ( 0.0005047, 0.0000048)|   3, 0, 0;1, -1;0,  0> +
           ( 0.0005039, 0.0000048)|   3, 0, 0;0,  0;1, -1> +
           (-0.0000114,-0.0000001)|   3, 0, 0;1,  0;1,  1> +
           ( 0.0000114, 0.0000001)|   3, 0, 0;1,  1;1,  0> +
            ...
 |  533> = ( 0.7071132,-0.0000001)|   3, 0, 0;0,  0;1, -1> +
           ( 0.7071000,-0.0000000)|   3, 0, 0;1, -1;0,  0> +
           (-0.0005044, 0.0000002)|   3, 0, 0;1,  1;0,  0> +
           (-0.0005044, 0.0000002)|   3, 0, 0;0,  0;1,  1> +
           (-0.0000114, 0.0000000)|   3, 0, 0;1,  0;1, -1> +
           ( 0.0000114,-0.0000000)|   3, 0, 0;1, -1;1,  0> +
            ...
 |  534> = (-0.7071082,-0.0007279)|   3, 0, 0;1,  0;0,  0> +
           (-0.7071046,-0.0007279)|   3, 0, 0;0,  0;1,  0> +
            ...
 |  535> = ( 0.7071086, 0.0000000)|   3, 0, 0;0,  0;1,  0> +
           (-0.7071050, 0.0000000)|   3, 0, 0;1,  0;0,  0> +
           (-0.0000228, 0.0000000)|   3, 0, 0;1,  0;1,  0> +
           (-0.0000228,-0.0000000)|   3, 0, 0;0,  0;0,  0> +
            ...
 |  536> = ( 0.7071139,-0.0000001)|   4, 0, 0;0,  0;1, -1> +
           (-0.7070997, 0.0000002)|   4, 0, 0;1, -1;0,  0> +
           (-0.0000755,-0.0000000)|   4, 0, 0;0,  0;1,  1> +
           ( 0.0000755,-0.0000000)|   4, 0, 0;1,  1;0,  0> +
           (-0.0000114, 0.0000000)|   4, 0, 0;1,  0;1, -1> +
           (-0.0000114, 0.0000000)|   4, 0, 0;1, -1;1,  0> +
            ...
 |  537> = (-0.7058747, 0.0441365)|   4, 0, 0;0,  0;1,  1> +
           ( 0.7055800,-0.0441549)|   4, 0, 0;1,  1;0,  0> +
           (-0.0000754, 0.0000047)|   4, 0, 0;0,  0;1, -1> +
           ( 0.0000754,-0.0000047)|   4, 0, 0;1, -1;0,  0> +
           ( 0.0000114,-0.0000007)|   4, 0, 0;1,  0;1,  1> +
           ( 0.0000114,-0.0000007)|   4, 0, 0;1,  1;1,  0> +
            ...
 |  538> = (-0.7071139, 0.0000003)|   4, 0, 0;1, -1;0,  0> +
           (-0.7070997, 0.0000002)|   4, 0, 0;0,  0;1, -1> +
           ( 0.0000751,-0.0000000)|   4, 0, 0;1,  1;0,  0> +
           ( 0.0000751,-0.0000000)|   4, 0, 0;0,  0;1,  1> +
           (-0.0000114, 0.0000000)|   4, 0, 0;1, -1;1,  0> +
           ( 0.0000114,-0.0000000)|   4, 0, 0;1,  0;1, -1> +
            ...
 |  539> = (-0.7057614,-0.0459135)|   4, 0, 0;1,  1;0,  0> +
           (-0.7054666,-0.0459312)|   4, 0, 0;0,  0;1,  1> +
           (-0.0000750,-0.0000049)|   4, 0, 0;1, -1;0,  0> +
           (-0.0000750,-0.0000049)|   4, 0, 0;0,  0;1, -1> +
           (-0.0000114,-0.0000007)|   4, 0, 0;1,  1;1,  0> +
           ( 0.0000114, 0.0000007)|   4, 0, 0;1,  0;1,  1> +
            ...
 |  540> = ( 0.7071039, 0.0024173)|   4, 0, 0;0,  0;1,  0> +
           ( 0.7071014, 0.0024173)|   4, 0, 0;1,  0;0,  0> +
            ...
 |  541> = ( 0.7071081, 0.0000000)|   4, 0, 0;1,  0;0,  0> +
           (-0.7071055, 0.0000000)|   4, 0, 0;0,  0;1,  0> +
           ( 0.0000228,-0.0000000)|   4, 0, 0;1,  0;1,  0> +
           ( 0.0000228,-0.0000000)|   4, 0, 0;0,  0;0,  0> +
            ...
 |  542> = (-0.7070599, 0.0072048)|   5, 0, 0;1,  1;0,  0> +
           ( 0.7069765,-0.0072054)|   5, 0, 0;0,  0;1,  1> +
           (-0.0085655, 0.0000818)|   5, 0, 0;1, -1;0,  0> +
           ( 0.0085650,-0.0000818)|   5, 0, 0;0,  0;1, -1> +
           (-0.0000114, 0.0000001)|   5, 0, 0;1,  1;1,  0> +
           (-0.0000114, 0.0000001)|   5, 0, 0;1,  0;1,  1> +
            ...
 |  543> = ( 0.7071615, 0.0001161)|   5, 0, 0;1, -1;0,  0> +
           (-0.7069482,-0.0001163)|   5, 0, 0;0,  0;1, -1> +
           (-0.0085667, 0.0000040)|   5, 0, 0;1,  1;0,  0> +
           ( 0.0085647,-0.0000041)|   5, 0, 0;0,  0;1,  1> +
           ( 0.0000114, 0.0000000)|   5, 0, 0;1, -1;1,  0> +
           ( 0.0000114, 0.0000000)|   5, 0, 0;1,  0;1, -1> +
            ...
 |  544> = ( 0.7071002, 0.0051253)|   5, 0, 0;0,  0;1,  1> +
           ( 0.7070168, 0.0051261)|   5, 0, 0;1,  1;0,  0> +
           ( 0.0064838,-0.0000112)|   5, 0, 0;0,  0;1, -1> +
           ( 0.0064829,-0.0000112)|   5, 0, 0;1, -1;0,  0> +
           (-0.0000114,-0.0000001)|   5, 0, 0;1,  0;1,  1> +
           ( 0.0000114, 0.0000001)|   5, 0, 0;1,  1;1,  0> +
            ...
 |  545> = ( 0.7071835,-0.0005130)|   5, 0, 0;0,  0;1, -1> +
           ( 0.7069702,-0.0005131)|   5, 0, 0;1, -1;0,  0> +
           (-0.0064846,-0.0000535)|   5, 0, 0;0,  0;1,  1> +
           (-0.0064817,-0.0000535)|   5, 0, 0;1,  1;0,  0> +
           (-0.0000114, 0.0000000)|   5, 0, 0;1,  0;1, -1> +
           ( 0.0000114,-0.0000000)|   5, 0, 0;1, -1;1,  0> +
            ...
 |  546> = (-0.7070930,-0.0048012)|   5, 0, 0;0,  0;1,  0> +
           (-0.7070879,-0.0048011)|   5, 0, 0;1,  0;0,  0> +
            ...
 |  547> = ( 0.7071093, 0.0000000)|   5, 0, 0;1,  0;0,  0> +
           (-0.7071042,-0.0000001)|   5, 0, 0;0,  0;1,  0> +
           ( 0.0000228, 0.0000000)|   5, 0, 0;1,  0;1,  0> +
           ( 0.0000228, 0.0000000)|   5, 0, 0;0,  0;0,  0> +
            ...
 |  548> = (-0.4783208, 0.3698239)|   0, 1, 0;1,  1;0,  0> +
           ( 0.4782808,-0.3698177)|   0, 1, 0;0,  0;1,  1> +
           (-0.2226438, 0.1618423)|   0, 1, 0;1, -1;0,  0> +
           ( 0.2225990,-0.1618419)|   0, 1, 0;0,  0;1, -1> +
           (-0.1464684,-0.1476657)|   0, 0, 1;0,  0;1,  1> +
           ( 0.1464728, 0.1476342)|   0, 0, 1;1,  1;0,  0> +
           ( 0.0615129, 0.1080333)|   0, 0, 1;1, -1;0,  0> +
           (-0.0615032,-0.1080258)|   0, 0, 1;0,  0;1, -1> +
            ...
 |  549> = (-0.0366639, 0.5544189)|   0, 0, 1;1,  1;0,  0> +
           ( 0.0366711,-0.5543980)|   0, 0, 1;0,  0;1,  1> +
           (-0.0374099, 0.3918600)|   0, 0, 1;0,  0;1, -1> +
           ( 0.0374177,-0.3918061)|   0, 0, 1;1, -1;0,  0> +
           (-0.1849206,-0.0284345)|   0, 1, 0;0,  0;1, -1> +
           ( 0.1849165, 0.0284315)|   0, 1, 0;1, -1;0,  0> +
           ( 0.0223635, 0.0291800)|   0, 1, 0;1,  1;0,  0> +
           (-0.0223170,-0.0291787)|   0, 1, 0;0,  0;1,  1> +
            ...
 |  550> = (-0.3536129, 0.0000000)|   0, 1, 0;0,  0;1, -1> +
           ( 0.3536126,-0.0000000)|   0, 1, 0;1, -1;0,  0> +
           ( 0.3535640, 0.0000000)|   0, 1, 0;0,  0;1,  1> +
           (-0.3535639,-0.0000000)|   0, 1, 0;1,  1;0,  0> +
           (-0.0000000, 0.3535371)|   0, 0, 1;0,  0;1,  1> +
           ( 0.0000000,-0.3535367)|   0, 0, 1;1,  1;0,  0> +
           (-0.0000000,-0.3535001)|   0, 0, 1;1, -1;0,  0> +
           ( 0.0000000, 0.3534999)|   0, 0, 1;0,  0;1, -1> +
            ...
 |  551> = (-0.5140463,-0.0003466)|   0, 1, 0;1, -1;0,  0> +
           ( 0.5139643, 0.0003473)|   0, 1, 0;0,  0;1, -1> +
           (-0.0005352,-0.4524160)|   0, 0, 1;1, -1;0,  0> +
           ( 0.0005342, 0.4523512)|   0, 0, 1;0,  0;1, -1> +
           (-0.0006312, 0.1518447)|   0, 0, 1;0,  0;1,  1> +
           ( 0.0006301,-0.1517595)|   0, 0, 1;1,  1;0,  0> +
           ( 0.0900219,-0.0002508)|   0, 1, 0;1,  1;0,  0> +
           (-0.0900101, 0.0002511)|   0, 1, 0;0,  0;1,  1> +
            ...
 |  552> = ( 0.0252429, 0.6015892)|   0, 0, 1;1, -1;0,  0> +
           ( 0.0252460, 0.6015664)|   0, 0, 1;0,  0;1, -1> +
           ( 0.0278280, 0.2561552)|   0, 0, 1;0,  0;1,  1> +
           ( 0.0278436, 0.2560969)|   0, 0, 1;1,  1;0,  0> +
           ( 0.2543571,-0.0064604)|   0, 1, 0;0,  0;1,  1> +
           ( 0.2543479,-0.0064441)|   0, 1, 0;1,  1;0,  0> +
           ( 0.0777948,-0.0174960)|   0, 1, 0;0,  0;1, -1> +
           ( 0.0777502,-0.0174921)|   0, 1, 0;1, -1;0,  0> +
           ( 0.0000001, 0.0000108)|   0, 0, 1;1,  0;0,  0> +
            ...
 |  553> = ( 0.5259479, 0.2752606)|   0, 1, 0;0,  0;1,  1> +
           ( 0.5259381, 0.2752600)|   0, 1, 0;1,  1;0,  0> +
           ( 0.1930360,-0.2842722)|   0, 0, 1;1,  1;0,  0> +
           ( 0.1930277,-0.2842573)|   0, 0, 1;0,  0;1,  1> +
           (-0.0778386,-0.1153033)|   0, 1, 0;1, -1;0,  0> +
           (-0.0778231,-0.1152972)|   0, 1, 0;0,  0;1, -1> +
           ( 0.0052859,-0.1008425)|   0, 0, 1;0,  0;1, -1> +
           ( 0.0052832,-0.1008333)|   0, 0, 1;1, -1;0,  0> +
           (-0.0000357, 0.0000331)|   0, 1, 0;1,  0;0,  0> +
           (-0.0000337, 0.0000335)|   0, 1, 0;0,  0;1,  0> +
            ...
 |  554> = (-0.0017525,-0.4860009)|   0, 0, 1;1,  1;0,  0> +
           (-0.0017510,-0.4859795)|   0, 0, 1;0,  0;1,  1> +
           ( 0.4394043, 0.0010353)|   0, 1, 0;0,  0;1, -1> +
           ( 0.4393132, 0.0010350)|   0, 1, 0;1, -1;0,  0> +
           (-0.0014523, 0.2160098)|   0, 0, 1;0,  0;1, -1> +
           (-0.0014520, 0.2159185)|   0, 0, 1;1, -1;0,  0> +
           (-0.1553507,-0.0000410)|   0, 1, 0;0,  0;1,  1> +
           (-0.1553301,-0.0000425)|   0, 1, 0;1,  1;0,  0> +
            ...
 |  555> = (-0.5303349, 0.0033145)|   0, 1, 0;0,  0;1, -1> +
           (-0.5303168, 0.0032989)|   0, 1, 0;1, -1;0,  0> +
           ( 0.0059975, 0.2838925)|   0, 0, 1;0,  0;1, -1> +
           ( 0.0059910, 0.2838824)|   0, 0, 1;1, -1;0,  0> +
           ( 0.0249520,-0.2806219)|   0, 0, 1;1,  1;0,  0> +
           ( 0.0249625,-0.2806068)|   0, 0, 1;0,  0;1,  1> +
           (-0.2277177, 0.0830989)|   0, 1, 0;0,  0;1,  1> +
           (-0.2276746, 0.0830663)|   0, 1, 0;1,  1;0,  0> +
            ...
 |  556> = ( 0.5127263,-0.4868112)|   0, 1, 0;1,  0;0,  0> +
           ( 0.5127005,-0.4867778)|   0, 1, 0;0,  0;1,  0> +
           (-0.0079786,-0.0096141)|   0, 0, 1;1,  0;0,  0> +
           (-0.0079769,-0.0096133)|   0, 0, 1;0,  0;1,  0> +
           ( 0.0000355, 0.0000189)|   0, 1, 0;1,  1;0,  0> +
           ( 0.0000352, 0.0000187)|   0, 1, 0;0,  0;1,  1> +
           ( 0.0000139,-0.0000194)|   0, 0, 1;1,  1;0,  0> +
           ( 0.0000130,-0.0000194)|   0, 0, 1;0,  0;1,  1> +
           (-0.0000055,-0.0000086)|   0, 1, 0;1, -1;0,  0> +
           (-0.0000057,-0.0000084)|   0, 1, 0;0,  0;1, -1> +
            ...
 |  557> = (-0.0463998, 0.7055243)|   0, 0, 1;1,  0;0,  0> +
           (-0.0464043, 0.7054198)|   0, 0, 1;0,  0;1,  0> +
           ( 0.0124948,-0.0000132)|   0, 1, 0;1,  0;0,  0> +
           ( 0.0124906,-0.0000149)|   0, 1, 0;0,  0;1,  0> +
           (-0.0000107, 0.0000043)|   0, 1, 0;1,  1;0,  0> +
           (-0.0000002,-0.0000109)|   0, 0, 1;0,  0;1, -1> +
            ...
 |  558> = (-0.0387593,-0.7057896)|   0, 0, 1;0,  0;1,  0> +
           ( 0.0387650, 0.7056852)|   0, 0, 1;1,  0;0,  0> +
           ( 0.0000546,-0.0207892)|   0, 1, 0;0,  0;1,  0> +
           (-0.0000545, 0.0207886)|   0, 1, 0;1,  0;0,  0> +
           ( 0.0000013, 0.0000228)|   0, 0, 1;1,  0;1,  0> +
           ( 0.0000013, 0.0000228)|   0, 0, 1;0,  0;0,  0> +
            ...
 |  559> = ( 0.6207216,-0.3380858)|   0, 1, 0;0,  0;1,  0> +
           (-0.6206819, 0.3380714)|   0, 1, 0;1,  0;0,  0> +
           (-0.0176548, 0.0109783)|   0, 0, 1;0,  0;1,  0> +
           ( 0.0176551,-0.0109745)|   0, 0, 1;1,  0;0,  0> +
           (-0.0000200, 0.0000109)|   0, 1, 0;1,  0;1,  0> +
           (-0.0000200, 0.0000109)|   0, 1, 0;0,  0;0,  0> +
            ...
 |  560> = ( 0.7071306, 0.0004279)|   6, 0, 0;1,  1;0,  0> +
           (-0.7070827,-0.0004258)|   6, 0, 0;0,  0;1,  1> +
           (-0.0001015,-0.0000127)|   6, 0, 0;1, -1;0,  0> +
           ( 0.0001015, 0.0000127)|   6, 0, 0;0,  0;1, -1> +
           ( 0.0000114, 0.0000000)|   6, 0, 0;1,  1;1,  0> +
           ( 0.0000114, 0.0000000)|   6, 0, 0;1,  0;1,  1> +
            ...
 |  561> = (-0.7071278,-0.0000197)|   6, 0, 0;1, -1;0,  0> +
           ( 0.7070858, 0.0000199)|   6, 0, 0;0,  0;1, -1> +
           (-0.0001015, 0.0000126)|   6, 0, 0;1,  1;0,  0> +
           ( 0.0001014,-0.0000126)|   6, 0, 0;0,  0;1,  1> +
           (-0.0000114,-0.0000000)|   6, 0, 0;1, -1;1,  0> +
           (-0.0000114,-0.0000000)|   6, 0, 0;1,  0;1, -1> +
            ...
