p0882
p0882
p0882
p0882
p0882
p0882
p0882
p0882
p0882
p0882
p0882
p0882
p0882
p0882
p0882
p0882
p0882
p0882
p0882
p0882
p0882
p0882
p0882
p0882
# Parameters of the model
#  mass:		  261.0000 u
#  charge:	    1.0000 e
#  dipole:	   4.74500 D
#  B:		    503.65 MHz
#  omega_rho:	    1.4000 MHz
#  omega_z:	  0.060000 MHz

# omega_1:	  0.103923 MHz
# omega_3/5:	   1.39871 MHz

# Basis truncation:	|32,4,4;2,2>
# Basis size:		41472

# Active terms of the Hamiltionian:
# 	Nomal modes:	1
# 	T_rot:      	1
# 	V_qd^{(0)}: 	1
# 	V_qd^{(1)}: 	1
# 	V_dd^{(0)}: 	1

# Results of the diagonalisation
# 100 smallest eigenvalues
 13.959126401 14.959126401 15.959126400 16.959126402 17.959126401 18.959126401 19.959126401 20.959126401 21.959126400 22.959126401 23.959126401 24.959126401 25.959126401 26.959126401 27.418255204 27.418255205 27.959126401 28.418255204 28.418255205 28.959126401 29.418255204 29.418255205 29.959126401 30.418255204 30.418255204 30.959126401 31.418255204 31.418255205 31.959126402 32.418255204 32.418255204 32.959126401 33.418255204 33.418255205 33.959126402 34.418255204 34.418255204 34.959126400 35.418255203 35.418255204 35.959126399 36.418255204 36.418255205 36.959126401 37.418255204 37.418255204 37.959126402 38.418255203 38.418255204 38.959126401 39.418255204 39.418255206 39.959126402 40.418255204 40.418255204 40.877384008 40.877384008 40.877384009 40.959126400 41.418255204 41.418255204 41.877384008 41.877384008 41.877384008 41.959126401 42.418255203 42.418255205 42.877384007 42.877384008 42.877384008 42.959126400 43.418255203 43.418255204 43.877384007 43.877384008 43.877384008 43.959126402 44.418255204 44.418255204 44.877384007 44.877384007 44.877384008 44.959126401 45.418255203 45.418255204 45.877384008 45.877384008 45.877384008 46.418255203 46.418255205 46.877384008 46.877384008 46.877384008 47.418255204 47.418255205 47.877384007 47.877384008 47.877384009 48.418255202 48.418255206

# Ground state and the lowest excitations:
 |    0> = ( 1.0000000, 0.0000000)|   0, 0, 0;0,  0;0,  0> +
            ...
 |    1> = ( 1.0000000,-0.0000000)|   1, 0, 0;0,  0;0,  0> +
            ...
 |    2> = (-1.0000000,-0.0000000)|   2, 0, 0;0,  0;0,  0> +
            ...
 |    3> = ( 1.0000000, 0.0000000)|   3, 0, 0;0,  0;0,  0> +
            ...
 |    4> = ( 1.0000000,-0.0000000)|   4, 0, 0;0,  0;0,  0> +
            ...
 |    5> = ( 1.0000000, 0.0000000)|   5, 0, 0;0,  0;0,  0> +
            ...
 |    6> = ( 1.0000000, 0.0000000)|   6, 0, 0;0,  0;0,  0> +
            ...
 |    7> = (-1.0000000,-0.0000000)|   7, 0, 0;0,  0;0,  0> +
            ...
 |    8> = (-1.0000000,-0.0000000)|   8, 0, 0;0,  0;0,  0> +
            ...
 |    9> = ( 1.0000000, 0.0000000)|   9, 0, 0;0,  0;0,  0> +
            ...
 |   10> = (-1.0000000,-0.0000000)|  10, 0, 0;0,  0;0,  0> +
            ...
 |   11> = (-1.0000000,-0.0000000)|  11, 0, 0;0,  0;0,  0> +
            ...
 |   12> = ( 1.0000000, 0.0000000)|  12, 0, 0;0,  0;0,  0> +
            ...
 |   13> = ( 1.0000000, 0.0000000)|  13, 0, 0;0,  0;0,  0> +
            ...
 |   14> = ( 0.8241662, 0.0000000)|   0, 1, 0;0,  0;0,  0> +
           ( 0.0000000, 0.5663480)|   0, 0, 1;0,  0;0,  0> +
            ...
 |   15> = ( 0.0000000,-0.8241662)|   0, 0, 1;0,  0;0,  0> +
           ( 0.5663480, 0.0000000)|   0, 1, 0;0,  0;0,  0> +
            ...
 |   16> = (-1.0000000,-0.0000000)|  14, 0, 0;0,  0;0,  0> +
            ...
 |   17> = ( 0.0011005, 0.7354117)|   1, 0, 1;0,  0;0,  0> +
           (-0.6776188, 0.0011005)|   1, 1, 0;0,  0;0,  0> +
            ...
 |   18> = ( 0.7354125,-0.0000450)|   1, 1, 0;0,  0;0,  0> +
           (-0.0000450, 0.6776197)|   1, 0, 1;0,  0;0,  0> +
            ...
 |   19> = (-1.0000000, 0.0000063)|  15, 0, 0;0,  0;0,  0> +
            ...
 |   20> = ( 0.7300899,-0.0002390)|   2, 1, 0;0,  0;0,  0> +
           (-0.0002390,-0.6833510)|   2, 0, 1;0,  0;0,  0> +
            ...
 |   21> = (-0.0000079,-0.7300900)|   2, 0, 1;0,  0;0,  0> +
           (-0.6833510,-0.0000079)|   2, 1, 0;0,  0;0,  0> +
            ...
 |   22> = (-1.0000000, 0.0000029)|  16, 0, 0;0,  0;0,  0> +
            ...
 |   23> = ( 0.7228813,-0.0025969)|   3, 1, 0;0,  0;0,  0> +
           (-0.0025969,-0.6909625)|   3, 0, 1;0,  0;0,  0> +
            ...
 |   24> = (-0.0000586,-0.7228859)|   3, 0, 1;0,  0;0,  0> +
           (-0.6909674,-0.0000586)|   3, 1, 0;0,  0;0,  0> +
            ...
 # The upper part of the spectrum
 # Eigenvalues first: 512	 last: 562
 60915.452976059 60915.452976059 60915.452976522 60915.452976523 60915.452976909 60915.452977835 60916.452976059 60916.452976059 60916.452976522 60916.452976523 60916.452976909 60916.452977835 60917.452976059 60917.452976059 60917.452976522 60917.452976522 60917.452976909 60917.452977835 60918.452976059 60918.452976059 60918.452976522 60918.452976522 60918.452976909 60918.452977835 60919.452976059 60919.452976059 60919.452976521 60919.452976523 60919.452976909 60919.452977835 60920.452976060 60920.452976061 60920.452976522 60920.452976524 60920.452976909 60920.452977835 60921.452976060 60921.452976060 60921.452976521 60921.452976522 60921.452976909 60921.452977835 60922.452976059 60922.452976060 60922.452976522 60922.452976522 60922.452976909 60922.452977835 60923.452976058 60923.452976060

# Excited states :
 |  511> = (-0.0001117,-1.0000000)|  31, 3, 3;0,  0;0,  0> +
            ...
 |  512> = ( 0.7010905,-0.0173565)|   0, 0, 0;0,  0;1,  1> +
           (-0.7010799, 0.0173605)|   0, 0, 0;1,  1;0,  0> +
           ( 0.0905100, 0.0000004)|   0, 0, 0;0,  0;1, -1> +
           (-0.0903572,-0.0000056)|   0, 0, 0;1, -1;0,  0> +
           ( 0.0000288,-0.0000000)|   0, 0, 0;1,  0;0,  0> +
           ( 0.0000278,-0.0000000)|   0, 0, 0;0,  0;1,  0> +
            ...
 |  513> = (-0.7014169, 0.0000001)|   0, 0, 0;0,  0;1, -1> +
           ( 0.7011832,-0.0000007)|   0, 0, 0;1, -1;0,  0> +
           (-0.0904479, 0.0022429)|   0, 0, 0;1,  1;0,  0> +
           ( 0.0903637,-0.0022401)|   0, 0, 0;0,  0;1,  1> +
           (-0.0000543,-0.0000002)|   0, 0, 0;1,  0;0,  0> +
           (-0.0000462,-0.0000002)|   0, 0, 0;0,  0;1,  0> +
            ...
 |  514> = ( 0.6950772, 0.0000006)|   0, 0, 0;1, -1;0,  0> +
           ( 0.6948146,-0.0000001)|   0, 0, 0;0,  0;1, -1> +
           ( 0.1306167, 0.0022493)|   0, 0, 0;1,  1;0,  0> +
           ( 0.1304970, 0.0022479)|   0, 0, 0;0,  0;1,  1> +
           ( 0.0001291, 0.0000002)|   0, 0, 0;1,  0;0,  0> +
           ( 0.0001182, 0.0000002)|   0, 0, 0;0,  0;1,  0> +
            ...
 |  515> = ( 0.6948544, 0.0119612)|   0, 0, 0;0,  0;1,  1> +
           ( 0.6948316, 0.0119566)|   0, 0, 0;1,  1;0,  0> +
           (-0.1305947,-0.0000003)|   0, 0, 0;0,  0;1, -1> +
           (-0.1305578, 0.0000033)|   0, 0, 0;1, -1;0,  0> +
           ( 0.0000399, 0.0000033)|   0, 0, 0;0,  0;1,  0> +
           ( 0.0000378, 0.0000033)|   0, 0, 0;1,  0;0,  0> +
            ...
 |  516> = (-0.7071063, 0.0008259)|   0, 0, 0;0,  0;1,  0> +
           (-0.7071063, 0.0008259)|   0, 0, 0;1,  0;0,  0> +
           ( 0.0001678, 0.0000000)|   0, 0, 0;0,  0;1, -1> +
           ( 0.0000826,-0.0000028)|   0, 0, 0;0,  0;1,  1> +
           ( 0.0000609, 0.0000006)|   0, 0, 0;1, -1;0,  0> +
           ( 0.0000394,-0.0000018)|   0, 0, 0;1,  1;0,  0> +
            ...
 |  517> = (-0.7071068, 0.0000000)|   0, 0, 0;1,  0;0,  0> +
           ( 0.7071068, 0.0000000)|   0, 0, 0;0,  0;1,  0> +
            ...
 |  518> = ( 0.6511833,-0.0000000)|   1, 0, 0;0,  0;1,  1> +
           (-0.6492411, 0.0000025)|   1, 0, 0;1,  1;0,  0> +
           (-0.2780106,-0.0000009)|   1, 0, 0;1, -1;0,  0> +
           ( 0.2777706, 0.0000028)|   1, 0, 0;0,  0;1, -1> +
            ...
 |  519> = (-0.6483685,-0.0511025)|   1, 0, 0;1, -1;0,  0> +
           ( 0.6480340, 0.0511097)|   1, 0, 0;0,  0;1, -1> +
           (-0.2770426,-0.0218373)|   1, 0, 0;0,  0;1,  1> +
           ( 0.2770201, 0.0218418)|   1, 0, 0;1,  1;0,  0> +
            ...
 |  520> = ( 0.7020505,-0.0211691)|   1, 0, 0;0,  0;1, -1> +
           ( 0.7017393,-0.0211925)|   1, 0, 0;1, -1;0,  0> +
           ( 0.0830330,-0.0032348)|   1, 0, 0;1,  1;0,  0> +
           ( 0.0829112,-0.0032406)|   1, 0, 0;0,  0;1,  1> +
            ...
 |  521> = ( 0.7031101,-0.0001133)|   1, 0, 0;1,  1;0,  0> +
           ( 0.7013174,-0.0001120)|   1, 0, 0;0,  0;1,  1> +
           (-0.0834245,-0.0007189)|   1, 0, 0;0,  0;1, -1> +
           (-0.0826396,-0.0007216)|   1, 0, 0;1, -1;0,  0> +
            ...
 |  522> = (-0.7071077,-0.0000000)|   1, 0, 0;1,  0;0,  0> +
           (-0.7071059,-0.0000000)|   1, 0, 0;0,  0;1,  0> +
            ...
 |  523> = ( 0.7071077,-0.0000000)|   1, 0, 0;0,  0;1,  0> +
           (-0.7071059,-0.0000000)|   1, 0, 0;1,  0;0,  0> +
            ...
 |  524> = (-0.7076147, 0.0000005)|   2, 0, 0;0,  0;1, -1> +
           ( 0.7065985, 0.0000008)|   2, 0, 0;1, -1;0,  0> +
           ( 0.0000271,-0.0000000)|   2, 0, 0;0,  0;1,  1> +
           (-0.0000265, 0.0000000)|   2, 0, 0;1,  1;0,  0> +
            ...
 |  525> = ( 0.7072476,-0.0035465)|   2, 0, 0;1,  1;0,  0> +
           (-0.7069482, 0.0035400)|   2, 0, 0;0,  0;1,  1> +
           (-0.0000268, 0.0000001)|   2, 0, 0;0,  0;1, -1> +
           ( 0.0000268,-0.0000001)|   2, 0, 0;1, -1;0,  0> +
            ...
 |  526> = (-0.7072280, 0.0063501)|   2, 0, 0;0,  0;1,  1> +
           (-0.7069285, 0.0063524)|   2, 0, 0;1,  1;0,  0> +
           (-0.0000274, 0.0000002)|   2, 0, 0;0,  0;1, -1> +
           (-0.0000269, 0.0000002)|   2, 0, 0;1, -1;0,  0> +
            ...
 |  527> = (-0.7076147,-0.0000027)|   2, 0, 0;1, -1;0,  0> +
           (-0.7065985,-0.0000014)|   2, 0, 0;0,  0;1, -1> +
           ( 0.0000272,-0.0000000)|   2, 0, 0;1,  1;0,  0> +
           ( 0.0000272,-0.0000000)|   2, 0, 0;0,  0;1,  1> +
            ...
 |  528> = ( 0.7071069,-0.0000002)|   2, 0, 0;1,  0;0,  0> +
           ( 0.7071067,-0.0000002)|   2, 0, 0;0,  0;1,  0> +
            ...
 |  529> = (-0.7071069, 0.0000000)|   2, 0, 0;0,  0;1,  0> +
           ( 0.7071067, 0.0000000)|   2, 0, 0;1,  0;0,  0> +
            ...
 |  530> = (-0.7072887, 0.0000003)|   3, 0, 0;1, -1;0,  0> +
           ( 0.7069238,-0.0000017)|   3, 0, 0;0,  0;1, -1> +
           ( 0.0008636, 0.0000018)|   3, 0, 0;1,  1;0,  0> +
           (-0.0008607,-0.0000016)|   3, 0, 0;0,  0;1,  1> +
            ...
 |  531> = ( 0.7073274, 0.0032972)|   3, 0, 0;0,  0;1,  1> +
           (-0.7068698,-0.0032705)|   3, 0, 0;1,  1;0,  0> +
           ( 0.0008623, 0.0000023)|   3, 0, 0;0,  0;1, -1> +
           (-0.0008620,-0.0000023)|   3, 0, 0;1, -1;0,  0> +
            ...
 |  532> = (-0.7072887,-0.0000018)|   3, 0, 0;0,  0;1, -1> +
           (-0.7069238,-0.0000032)|   3, 0, 0;1, -1;0,  0> +
           ( 0.0008460,-0.0000010)|   3, 0, 0;0,  0;1,  1> +
           ( 0.0008457,-0.0000010)|   3, 0, 0;1,  1;0,  0> +
            ...
 |  533> = (-0.7061782,-0.0404391)|   3, 0, 0;1,  1;0,  0> +
           (-0.7057198,-0.0404375)|   3, 0, 0;0,  0;1,  1> +
           (-0.0008460,-0.0000494)|   3, 0, 0;1, -1;0,  0> +
           (-0.0008429,-0.0000493)|   3, 0, 0;0,  0;1, -1> +
            ...
 |  534> = (-0.7071078, 0.0000892)|   3, 0, 0;1,  0;0,  0> +
           (-0.7071057, 0.0000892)|   3, 0, 0;0,  0;1,  0> +
            ...
 |  535> = (-0.7071078, 0.0000000)|   3, 0, 0;0,  0;1,  0> +
           ( 0.7071058, 0.0000000)|   3, 0, 0;1,  0;0,  0> +
            ...
 |  536> = (-0.7095053,-0.0021133)|   4, 0, 0;1,  1;0,  0> +
           ( 0.7046934, 0.0022378)|   4, 0, 0;0,  0;1,  1> +
           (-0.0000120,-0.0000000)|   4, 0, 0;1, -1;0,  0> +
           ( 0.0000119, 0.0000000)|   4, 0, 0;0,  0;1, -1> +
            ...
 |  537> = (-0.7073222,-0.0000159)|   4, 0, 0;1, -1;0,  0> +
           ( 0.7068913, 0.0000163)|   4, 0, 0;0,  0;1, -1> +
           (-0.0000131, 0.0000000)|   4, 0, 0;0,  0;1,  1> +
           ( 0.0000108, 0.0000000)|   4, 0, 0;1,  1;0,  0> +
            ...
 |  538> = (-0.7073222,-0.0000360)|   4, 0, 0;0,  0;1, -1> +
           (-0.7068913,-0.0000355)|   4, 0, 0;1, -1;0,  0> +
           ( 0.0000121,-0.0000000)|   4, 0, 0;0,  0;1,  1> +
           ( 0.0000121,-0.0000000)|   4, 0, 0;1,  1;0,  0> +
            ...
 |  539> = ( 0.7092719,-0.0183211)|   4, 0, 0;0,  0;1,  1> +
           ( 0.7044583,-0.0183356)|   4, 0, 0;1,  1;0,  0> +
           ( 0.0000132,-0.0000003)|   4, 0, 0;0,  0;1, -1> +
           ( 0.0000109,-0.0000003)|   4, 0, 0;1, -1;0,  0> +
            ...
 |  540> = (-0.6787844, 0.1981215)|   4, 0, 0;0,  0;1,  0> +
           (-0.6787838, 0.1981214)|   4, 0, 0;1,  0;0,  0> +
            ...
 |  541> = (-0.7071071, 0.0000001)|   4, 0, 0;1,  0;0,  0> +
           ( 0.7071065, 0.0000001)|   4, 0, 0;0,  0;1,  0> +
            ...
 |  542> = (-0.7077324, 0.0002221)|   5, 0, 0;1, -1;0,  0> +
           ( 0.7064802,-0.0002219)|   5, 0, 0;0,  0;1, -1> +
           (-0.0004773,-0.0001158)|   5, 0, 0;0,  0;1,  1> +
           ( 0.0004765, 0.0001160)|   5, 0, 0;1,  1;0,  0> +
            ...
 |  543> = (-0.6876188,-0.1651342)|   5, 0, 0;1,  1;0,  0> +
           ( 0.6875020, 0.1650804)|   5, 0, 0;0,  0;1,  1> +
           ( 0.0004908,-0.0000015)|   5, 0, 0;0,  0;1, -1> +
           (-0.0004908, 0.0000014)|   5, 0, 0;1, -1;0,  0> +
            ...
 |  544> = ( 0.7077324, 0.0002102)|   5, 0, 0;0,  0;1, -1> +
           ( 0.7064801, 0.0002100)|   5, 0, 0;1, -1;0,  0> +
           (-0.0005736,-0.0000335)|   5, 0, 0;0,  0;1,  1> +
           (-0.0005726,-0.0000333)|   5, 0, 0;1,  1;0,  0> +
            ...
 |  545> = ( 0.7037027,-0.0699382)|   5, 0, 0;0,  0;1,  1> +
           ( 0.7035797,-0.0699008)|   5, 0, 0;1,  1;0,  0> +
           ( 0.0005679,-0.0000897)|   5, 0, 0;0,  0;1, -1> +
           ( 0.0005661,-0.0000897)|   5, 0, 0;1, -1;0,  0> +
            ...
 |  546> = ( 0.7071167,-0.0011267)|   5, 0, 0;1,  0;0,  0> +
           ( 0.7070950,-0.0011267)|   5, 0, 0;0,  0;1,  0> +
            ...
 |  547> = ( 0.7071176,-0.0000000)|   5, 0, 0;0,  0;1,  0> +
           (-0.7070959,-0.0000000)|   5, 0, 0;1,  0;0,  0> +
            ...
 |  548> = ( 0.5957605, 0.3812369)|   6, 0, 0;0,  0;1,  1> +
           (-0.5952847,-0.3812663)|   6, 0, 0;1,  1;0,  0> +
           ( 0.0000133, 0.0000085)|   6, 0, 0;0,  0;1, -1> +
           (-0.0000133,-0.0000085)|   6, 0, 0;1, -1;0,  0> +
            ...
 |  549> = ( 0.7078913,-0.0000065)|   6, 0, 0;1, -1;0,  0> +
           (-0.7063214, 0.0000061)|   6, 0, 0;0,  0;1, -1> +
           ( 0.0000192,-0.0000001)|   6, 0, 0;0,  0;1,  1> +
           (-0.0000124,-0.0000001)|   6, 0, 0;1,  1;0,  0> +
            ...
 |  550> = ( 0.7078913,-0.0000123)|   6, 0, 0;0,  0;1, -1> +
           ( 0.7063214,-0.0000127)|   6, 0, 0;1, -1;0,  0> +
           (-0.0000107, 0.0000000)|   6, 0, 0;0,  0;1,  1> +
           (-0.0000107, 0.0000000)|   6, 0, 0;1,  1;0,  0> +
            ...
 |  551> = (-0.7069836, 0.0211255)|   6, 0, 0;1,  1;0,  0> +
           (-0.7065905, 0.0213951)|   6, 0, 0;0,  0;1,  1> +
           (-0.0000141, 0.0000003)|   6, 0, 0;0,  0;1, -1> +
            ...
 |  552> = (-0.6926599,-0.1422678)|   6, 0, 0;1,  0;0,  0> +
           (-0.6926351,-0.1422630)|   6, 0, 0;0,  0;1,  0> +
            ...
 |  553> = (-0.7071194,-0.0001309)|   6, 0, 0;0,  0;1,  0> +
           ( 0.7070942, 0.0001307)|   6, 0, 0;1,  0;0,  0> +
            ...
 |  554> = (-0.0665779,-0.5758849)|   7, 0, 0;0,  0;1, -1> +
           ( 0.0668428, 0.5752589)|   7, 0, 0;1, -1;0,  0> +
           (-0.3892417, 0.1129537)|   7, 0, 0;1,  1;0,  0> +
           ( 0.3892278,-0.1129924)|   7, 0, 0;0,  0;1,  1> +
            ...
 |  555> = ( 0.5325079,-0.2294906)|   7, 0, 0;1,  1;0,  0> +
           (-0.5314520, 0.2297717)|   7, 0, 0;0,  0;1,  1> +
           (-0.0965227,-0.3936654)|   7, 0, 0;0,  0;1, -1> +
           ( 0.0964718, 0.3936207)|   7, 0, 0;1, -1;0,  0> +
            ...
 |  556> = (-0.2729590, 0.6518709)|   7, 0, 0;1, -1;0,  0> +
           (-0.2730180, 0.6512990)|   7, 0, 0;0,  0;1, -1> +
           (-0.0121125, 0.0278354)|   7, 0, 0;1,  1;0,  0> +
           (-0.0117654, 0.0277217)|   7, 0, 0;0,  0;1,  1> +
            ...
 |  557> = ( 0.6894601, 0.1556791)|   7, 0, 0;0,  0;1,  1> +
           ( 0.6886372, 0.1560740)|   7, 0, 0;1,  1;0,  0> +
           (-0.0296330,-0.0066909)|   7, 0, 0;1, -1;0,  0> +
           (-0.0294676,-0.0061099)|   7, 0, 0;0,  0;1, -1> +
            ...
 |  558> = ( 0.7070913, 0.0049716)|   7, 0, 0;0,  0;1,  0> +
           ( 0.7070873, 0.0049716)|   7, 0, 0;1,  0;0,  0> +
            ...
 |  559> = ( 0.7071088, 0.0002265)|   7, 0, 0;1,  0;0,  0> +
           (-0.7071047,-0.0002266)|   7, 0, 0;0,  0;1,  0> +
            ...
 |  560> = ( 0.6516124,-0.2718574)|   8, 0, 0;1,  1;0,  0> +
           (-0.6503463, 0.2728856)|   8, 0, 0;0,  0;1,  1> +
           (-0.0443592,-0.0087184)|   8, 0, 0;1, -1;0,  0> +
           ( 0.0442481, 0.0087419)|   8, 0, 0;0,  0;1, -1> +
            ...
 |  561> = (-0.7055708,-0.0206677)|   8, 0, 0;1, -1;0,  0> +
           ( 0.7051507, 0.0206664)|   8, 0, 0;0,  0;1, -1> +
           (-0.0382311, 0.0240302)|   8, 0, 0;1,  1;0,  0> +
           ( 0.0382118,-0.0240594)|   8, 0, 0;0,  0;1,  1> +
            ...
