p2067
p2067
p2067
p2067
p2067
p2067
p2067
p2067
p2067
p2067
p2067
p2067
p2067
p2067
p2067
p2067
p2067
p2067
p2067
p2067
p2067
p2067
p2067
p2067
# Parameters of the model
#  mass:		  261.0000 u
#  charge:	    1.0000 e
#  dipole:	   4.74500 D
#  B:		    503.65 MHz
#  omega_rho:	    1.4000 MHz
#  omega_z:	  0.110000 MHz

# omega_1:	  0.190526 MHz
# omega_3/5:	   1.39567 MHz

# Basis truncation:	|32,4,4;2,2>
# Basis size:		41472

# Active terms of the Hamiltionian:
# 	Nomal modes:	1
# 	T_rot:      	1
# 	V_qd^{(0)}: 	1
# 	V_qd^{(1)}: 	1
# 	V_dd^{(0)}: 	1

# Results of the diagonalisation
# 100 smallest eigenvalues
 7.825371005 8.825371005 9.825371005 10.825371005 11.825371005 12.825371005 13.825371005 14.825371005 15.150748607 15.150748607 15.825371005 16.150748608 16.150748608 16.825371005 17.150748608 17.150748608 17.825371005 18.150748608 18.150748608 18.825371005 19.150748608 19.150748608 19.825371005 20.150748608 20.150748608 20.825371004 21.150748608 21.150748608 21.825371005 22.150748607 22.150748607 22.476126210 22.476126211 22.476126211 22.825371005 23.150748607 23.150748608 23.476126210 23.476126210 23.476126211 23.825371005 24.150748607 24.150748608 24.476126211 24.476126211 24.476126211 24.825371004 25.150748608 25.150748608 25.476126210 25.476126211 25.476126211 25.825371004 26.150748607 26.150748608 26.476126210 26.476126210 26.476126211 26.825371004 27.150748607 27.150748608 27.476126210 27.476126210 27.476126211 27.825371005 28.150748607 28.150748608 28.476126210 28.476126211 28.476126211 28.825371004 29.150748607 29.150748607 29.476126210 29.476126211 29.476126211 29.801503813 29.801503813 29.801503814 29.801503814 29.825371006 30.150748607 30.150748608 30.476126210 30.476126210 30.476126210 30.801503813 30.801503813 30.801503813 30.801503814 30.825371004 31.150748606 31.150748608 31.476126210 31.476126211 31.476126211 31.801503813 31.801503813 31.801503813 31.801503814

# Ground state and the lowest excitations:
 |    0> = ( 1.0000000, 0.0000000)|   0, 0, 0;0,  0;0,  0> +
            ...
 |    1> = ( 1.0000000,-0.0000000)|   1, 0, 0;0,  0;0,  0> +
            ...
 |    2> = (-1.0000000, 0.0000000)|   2, 0, 0;0,  0;0,  0> +
            ...
 |    3> = ( 1.0000000,-0.0000000)|   3, 0, 0;0,  0;0,  0> +
            ...
 |    4> = (-1.0000000,-0.0000000)|   4, 0, 0;0,  0;0,  0> +
            ...
 |    5> = ( 1.0000000,-0.0000000)|   5, 0, 0;0,  0;0,  0> +
            ...
 |    6> = ( 1.0000000, 0.0000000)|   6, 0, 0;0,  0;0,  0> +
            ...
 |    7> = (-1.0000000,-0.0000000)|   7, 0, 0;0,  0;0,  0> +
            ...
 |    8> = ( 0.0000000,-0.7300863)|   0, 0, 1;0,  0;0,  0> +
           (-0.6833549, 0.0000000)|   0, 1, 0;0,  0;0,  0> +
            ...
 |    9> = ( 0.7300863, 0.0000002)|   0, 1, 0;0,  0;0,  0> +
           ( 0.0000002,-0.6833549)|   0, 0, 1;0,  0;0,  0> +
            ...
 |   10> = (-1.0000000, 0.0000000)|   8, 0, 0;0,  0;0,  0> +
            ...
 |   11> = (-0.6631619,-0.2486842)|   1, 1, 0;0,  0;0,  0> +
           (-0.2488047, 0.6606577)|   1, 0, 1;0,  0;0,  0> +
            ...
 |   12> = (-0.0004970, 0.7082565)|   1, 0, 1;0,  0;0,  0> +
           ( 0.7059548,-0.0004968)|   1, 1, 0;0,  0;0,  0> +
            ...
 |   13> = ( 1.0000000,-0.0000000)|   9, 0, 0;0,  0;0,  0> +
            ...
 |   14> = (-0.0000387, 0.7073728)|   2, 0, 1;0,  0;0,  0> +
           ( 0.7068407,-0.0000386)|   2, 1, 0;0,  0;0,  0> +
            ...
 |   15> = (-0.7044507,-0.0642301)|   2, 1, 0;0,  0;0,  0> +
           (-0.0642587, 0.7039137)|   2, 0, 1;0,  0;0,  0> +
            ...
 |   16> = ( 1.0000000, 0.0000000)|  10, 0, 0;0,  0;0,  0> +
            ...
 |   17> = (-0.7124921, 0.0028972)|   3, 1, 0;0,  0;0,  0> +
           ( 0.0028984, 0.7016682)|   3, 0, 1;0,  0;0,  0> +
            ...
 |   18> = (-0.0000228,-0.7124980)|   3, 0, 1;0,  0;0,  0> +
           (-0.7016742,-0.0000228)|   3, 1, 0;0,  0;0,  0> +
            ...
 |   19> = ( 1.0000000,-0.0000000)|  11, 0, 0;0,  0;0,  0> +
            ...
 |   20> = (-0.8667954, 0.0007983)|   4, 1, 0;0,  0;0,  0> +
           ( 0.0007986, 0.4986626)|   4, 0, 1;0,  0;0,  0> +
            ...
 |   21> = (-0.0002155,-0.8667958)|   4, 0, 1;0,  0;0,  0> +
           (-0.4986632,-0.0002154)|   4, 1, 0;0,  0;0,  0> +
            ...
 |   22> = ( 1.0000000, 0.0000000)|  12, 0, 0;0,  0;0,  0> +
            ...
 |   23> = ( 0.7477988, 0.0006714)|   5, 1, 0;0,  0;0,  0> +
           ( 0.0006716, 0.6639247)|   5, 0, 1;0,  0;0,  0> +
            ...
 |   24> = (-0.0113372, 0.7477132)|   5, 0, 1;0,  0;0,  0> +
           (-0.6638283,-0.0113332)|   5, 1, 0;0,  0;0,  0> +
            ...
 # The upper part of the spectrum
 # Eigenvalues first: 512	 last: 562
 33226.822017825 33226.822017826 33226.822018674 33226.822018675 33226.822020370 33226.822022068 33227.822017825 33227.822017826 33227.822018674 33227.822018675 33227.822020370 33227.822022068 33228.822017825 33228.822017826 33228.822018674 33228.822018675 33228.822020370 33228.822022068 33229.822017825 33229.822017826 33229.822018674 33229.822018675 33229.822020370 33229.822022068 33230.822017826 33230.822017826 33230.822018674 33230.822018674 33230.822020370 33230.822022068 33231.822017825 33231.822017825 33231.822018674 33231.822018674 33231.822020370 33231.822022068 33232.822017826 33232.822017826 33232.822018674 33232.822018675 33232.822020370 33232.822022068 33233.822017825 33233.822017826 33233.822018674 33233.822018675 33233.822020370 33233.822022068 33234.147395428 33234.147395428

# Excited states :
 |  511> = (-0.0001353,-1.0000000)|  31, 3, 3;0,  0;0,  0> +
            ...
 |  512> = (-0.7074616, 0.0000002)|   0, 0, 0;1, -1;0,  0> +
           ( 0.7067484,-0.0000002)|   0, 0, 0;0,  0;1, -1> +
           (-0.0015527,-0.0000991)|   0, 0, 0;0,  0;1,  1> +
           ( 0.0015503, 0.0001001)|   0, 0, 0;1,  1;0,  0> +
            ...
 |  513> = ( 0.2226293,-0.6711962)|   0, 0, 0;1,  1;0,  0> +
           (-0.2227012, 0.6710672)|   0, 0, 0;0,  0;1,  1> +
           (-0.0003952, 0.0015047)|   0, 0, 0;0,  0;1, -1> +
           ( 0.0003928,-0.0015032)|   0, 0, 0;1, -1;0,  0> +
            ...
 |  514> = ( 0.7074616, 0.0000029)|   0, 0, 0;0,  0;1, -1> +
           ( 0.7067485, 0.0000029)|   0, 0, 0;1, -1;0,  0> +
           (-0.0009356, 0.0012078)|   0, 0, 0;0,  0;1,  1> +
           (-0.0009316, 0.0012060)|   0, 0, 0;1,  1;0,  0> +
            ...
 |  515> = ( 0.3771106, 0.5982105)|   0, 0, 0;0,  0;1,  1> +
           ( 0.3771495, 0.5980680)|   0, 0, 0;1,  1;0,  0> +
           (-0.0005231, 0.0014356)|   0, 0, 0;0,  0;1, -1> +
           (-0.0005229, 0.0014313)|   0, 0, 0;1, -1;0,  0> +
            ...
 |  516> = (-0.7071068,-0.0000551)|   0, 0, 0;0,  0;1,  0> +
           (-0.7071068,-0.0000551)|   0, 0, 0;1,  0;0,  0> +
            ...
 |  517> = (-0.7071068,-0.0000000)|   0, 0, 0;1,  0;0,  0> +
           ( 0.7071068,-0.0000000)|   0, 0, 0;0,  0;1,  0> +
           (-0.0000141, 0.0000000)|   0, 0, 0;1,  0;1,  0> +
           (-0.0000141, 0.0000000)|   0, 0, 0;0,  0;0,  0> +
            ...
 |  518> = ( 0.7052242, 0.0000013)|   1, 0, 0;0,  0;1, -1> +
           (-0.7049252,-0.0000013)|   1, 0, 0;1, -1;0,  0> +
           (-0.0535733, 0.0000168)|   1, 0, 0;1,  1;0,  0> +
           ( 0.0535652,-0.0000168)|   1, 0, 0;0,  0;1,  1> +
            ...
 |  519> = (-0.7051412,-0.0063702)|   1, 0, 0;1,  1;0,  0> +
           ( 0.7049507, 0.0063701)|   1, 0, 0;0,  0;1,  1> +
           (-0.0535704,-0.0005008)|   1, 0, 0;0,  0;1, -1> +
           ( 0.0535635, 0.0005009)|   1, 0, 0;1, -1;0,  0> +
            ...
 |  520> = (-0.7067050,-0.0000000)|   1, 0, 0;1, -1;0,  0> +
           (-0.7064068, 0.0000000)|   1, 0, 0;0,  0;1, -1> +
           ( 0.0279179,-0.0000001)|   1, 0, 0;0,  0;1,  1> +
           ( 0.0278946,-0.0000000)|   1, 0, 0;1,  1;0,  0> +
            ...
 |  521> = (-0.7066506,-0.0005572)|   1, 0, 0;0,  0;1,  1> +
           (-0.7064608,-0.0005554)|   1, 0, 0;1,  1;0,  0> +
           (-0.0279153,-0.0000221)|   1, 0, 0;1, -1;0,  0> +
           (-0.0278972,-0.0000219)|   1, 0, 0;0,  0;1, -1> +
            ...
 |  522> = ( 0.7071076, 0.0000000)|   1, 0, 0;0,  0;1,  0> +
           ( 0.7071060, 0.0000000)|   1, 0, 0;1,  0;0,  0> +
            ...
 |  523> = ( 0.7071076, 0.0000000)|   1, 0, 0;1,  0;0,  0> +
           (-0.7071060, 0.0000000)|   1, 0, 0;0,  0;1,  0> +
           ( 0.0000141,-0.0000000)|   1, 0, 0;1,  0;1,  0> +
           ( 0.0000141, 0.0000000)|   1, 0, 0;0,  0;0,  0> +
            ...
 |  524> = (-0.7072067, 0.0000002)|   2, 0, 0;0,  0;1, -1> +
           ( 0.7070065,-0.0000002)|   2, 0, 0;1, -1;0,  0> +
           ( 0.0005010, 0.0000000)|   2, 0, 0;1,  1;0,  0> +
           (-0.0005010, 0.0000000)|   2, 0, 0;0,  0;1,  1> +
            ...
 |  525> = (-0.7071985, 0.0005312)|   2, 0, 0;0,  0;1,  1> +
           ( 0.7070142,-0.0005635)|   2, 0, 0;1,  1;0,  0> +
           ( 0.0005010,-0.0000004)|   2, 0, 0;0,  0;1, -1> +
           (-0.0005009, 0.0000004)|   2, 0, 0;1, -1;0,  0> +
            ...
 |  526> = (-0.6819746,-0.1871919)|   2, 0, 0;1,  1;0,  0> +
           (-0.6817883,-0.1871744)|   2, 0, 0;0,  0;1,  1> +
           ( 0.0003550, 0.0000969)|   2, 0, 0;1, -1;0,  0> +
           ( 0.0003548, 0.0000969)|   2, 0, 0;0,  0;1, -1> +
            ...
 |  527> = (-0.7072067, 0.0000003)|   2, 0, 0;1, -1;0,  0> +
           (-0.7070066, 0.0000003)|   2, 0, 0;0,  0;1, -1> +
           (-0.0003680,-0.0000005)|   2, 0, 0;1,  1;0,  0> +
           (-0.0003678,-0.0000005)|   2, 0, 0;0,  0;1,  1> +
            ...
 |  528> = ( 0.7071074, 0.0000000)|   2, 0, 0;1,  0;0,  0> +
           ( 0.7071062, 0.0000000)|   2, 0, 0;0,  0;1,  0> +
            ...
 |  529> = ( 0.7071074, 0.0000000)|   2, 0, 0;0,  0;1,  0> +
           (-0.7071062, 0.0000000)|   2, 0, 0;1,  0;0,  0> +
           (-0.0000141,-0.0000000)|   2, 0, 0;1,  0;1,  0> +
           (-0.0000141, 0.0000000)|   2, 0, 0;0,  0;0,  0> +
            ...
 |  530> = ( 0.7074772, 0.0000017)|   3, 0, 0;1, -1;0,  0> +
           (-0.7067301,-0.0000016)|   3, 0, 0;0,  0;1, -1> +
           (-0.0020803, 0.0000010)|   3, 0, 0;1,  1;0,  0> +
           ( 0.0020773,-0.0000010)|   3, 0, 0;0,  0;1,  1> +
            ...
 |  531> = (-0.7074455,-0.0020616)|   3, 0, 0;0,  0;1,  1> +
           ( 0.7067558, 0.0020628)|   3, 0, 0;1,  1;0,  0> +
           (-0.0020799,-0.0000070)|   3, 0, 0;0,  0;1, -1> +
           ( 0.0020777, 0.0000070)|   3, 0, 0;1, -1;0,  0> +
            ...
 |  532> = ( 0.7074774,-0.0000120)|   3, 0, 0;0,  0;1, -1> +
           ( 0.7067303,-0.0000119)|   3, 0, 0;1, -1;0,  0> +
           (-0.0020020,-0.0000001)|   3, 0, 0;0,  0;1,  1> +
           (-0.0019996,-0.0000001)|   3, 0, 0;1,  1;0,  0> +
            ...
 |  533> = (-0.7074470, 0.0015517)|   3, 0, 0;1,  1;0,  0> +
           (-0.7067573, 0.0015534)|   3, 0, 0;0,  0;1,  1> +
           (-0.0020022, 0.0000045)|   3, 0, 0;1, -1;0,  0> +
           (-0.0019993, 0.0000045)|   3, 0, 0;0,  0;1, -1> +
            ...
 |  534> = ( 0.7071068,-0.0002818)|   3, 0, 0;0,  0;1,  0> +
           ( 0.7071067,-0.0002818)|   3, 0, 0;1,  0;0,  0> +
            ...
 |  535> = ( 0.7071068,-0.0000000)|   3, 0, 0;1,  0;0,  0> +
           (-0.7071067,-0.0000000)|   3, 0, 0;0,  0;1,  0> +
           ( 0.0000141, 0.0000000)|   3, 0, 0;1,  0;1,  0> +
           ( 0.0000141,-0.0000000)|   3, 0, 0;0,  0;0,  0> +
            ...
 |  536> = ( 0.7073247,-0.0000001)|   4, 0, 0;1, -1;0,  0> +
           (-0.7068882, 0.0000003)|   4, 0, 0;0,  0;1, -1> +
           (-0.0006507, 0.0000000)|   4, 0, 0;1,  1;0,  0> +
           ( 0.0006495, 0.0000001)|   4, 0, 0;0,  0;1,  1> +
            ...
 |  537> = ( 0.7069778,-0.0160737)|   4, 0, 0;0,  0;1,  1> +
           (-0.7068702, 0.0160564)|   4, 0, 0;1,  1;0,  0> +
           ( 0.0006500,-0.0000148)|   4, 0, 0;0,  0;1, -1> +
           (-0.0006499, 0.0000148)|   4, 0, 0;1, -1;0,  0> +
            ...
 |  538> = ( 0.6996378,-0.1028733)|   4, 0, 0;1,  1;0,  0> +
           ( 0.6995288,-0.1028723)|   4, 0, 0;0,  0;1,  1> +
           ( 0.0006153,-0.0000901)|   4, 0, 0;1, -1;0,  0> +
           ( 0.0006144,-0.0000901)|   4, 0, 0;0,  0;1, -1> +
            ...
 |  539> = ( 0.7073248,-0.0000003)|   4, 0, 0;0,  0;1, -1> +
           ( 0.7068882,-0.0000002)|   4, 0, 0;1, -1;0,  0> +
           (-0.0006216, 0.0000003)|   4, 0, 0;0,  0;1,  1> +
           (-0.0006212, 0.0000003)|   4, 0, 0;1,  1;0,  0> +
            ...
 |  540> = (-0.7071102, 0.0016304)|   4, 0, 0;0,  0;1,  0> +
           (-0.7070996, 0.0016304)|   4, 0, 0;1,  0;0,  0> +
            ...
 |  541> = (-0.7071121, 0.0000000)|   4, 0, 0;1,  0;0,  0> +
           ( 0.7071015, 0.0000000)|   4, 0, 0;0,  0;1,  0> +
           (-0.0000141,-0.0000000)|   4, 0, 0;1,  0;1,  0> +
           (-0.0000141,-0.0000000)|   4, 0, 0;0,  0;0,  0> +
            ...
 |  542> = ( 0.7044551, 0.0619602)|   5, 0, 0;0,  0;1,  1> +
           (-0.7043057,-0.0619560)|   5, 0, 0;1,  1;0,  0> +
           ( 0.0030495, 0.0003762)|   5, 0, 0;0,  0;1, -1> +
           (-0.0030491,-0.0003762)|   5, 0, 0;1, -1;0,  0> +
            ...
 |  543> = (-0.7071924, 0.0001609)|   5, 0, 0;1, -1;0,  0> +
           ( 0.7070078,-0.0001610)|   5, 0, 0;0,  0;1, -1> +
           ( 0.0030708,-0.0001083)|   5, 0, 0;1,  1;0,  0> +
           (-0.0030702, 0.0001083)|   5, 0, 0;0,  0;1,  1> +
            ...
 |  544> = (-0.7071081,-0.0098114)|   5, 0, 0;1,  1;0,  0> +
           (-0.7069591,-0.0098004)|   5, 0, 0;0,  0;1,  1> +
           (-0.0027022,-0.0000396)|   5, 0, 0;1, -1;0,  0> +
           (-0.0027017,-0.0000396)|   5, 0, 0;0,  0;1, -1> +
            ...
 |  545> = ( 0.7071939, 0.0001396)|   5, 0, 0;0,  0;1, -1> +
           ( 0.7070093, 0.0001396)|   5, 0, 0;1, -1;0,  0> +
           (-0.0027026, 0.0000016)|   5, 0, 0;0,  0;1,  1> +
           (-0.0027019, 0.0000016)|   5, 0, 0;1,  1;0,  0> +
            ...
 |  546> = (-0.7071084,-0.0012911)|   5, 0, 0;0,  0;1,  0> +
           (-0.7071028,-0.0012911)|   5, 0, 0;1,  0;0,  0> +
            ...
 |  547> = (-0.7071095,-0.0000000)|   5, 0, 0;1,  0;0,  0> +
           ( 0.7071040,-0.0000000)|   5, 0, 0;0,  0;1,  0> +
           (-0.0000141, 0.0000000)|   5, 0, 0;1,  0;1,  0> +
           (-0.0000141, 0.0000000)|   5, 0, 0;0,  0;0,  0> +
            ...
 |  548> = (-0.7074988,-0.0003066)|   6, 0, 0;1, -1;0,  0> +
           ( 0.7067050, 0.0003068)|   6, 0, 0;0,  0;1, -1> +
           ( 0.0025771,-0.0001448)|   6, 0, 0;1,  1;0,  0> +
           (-0.0025724, 0.0001449)|   6, 0, 0;0,  0;1,  1> +
            ...
 |  549> = (-0.7070623,-0.0128294)|   6, 0, 0;0,  0;1,  1> +
           ( 0.7069088, 0.0128464)|   6, 0, 0;1,  1;0,  0> +
           (-0.0025721,-0.0001926)|   6, 0, 0;0,  0;1, -1> +
           ( 0.0025711, 0.0001927)|   6, 0, 0;1, -1;0,  0> +
            ...
 |  550> = ( 0.7074898,-0.0001546)|   6, 0, 0;0,  0;1, -1> +
           ( 0.7066960,-0.0001550)|   6, 0, 0;1, -1;0,  0> +
           (-0.0044124,-0.0000293)|   6, 0, 0;0,  0;1,  1> +
           (-0.0044095,-0.0000295)|   6, 0, 0;1,  1;0,  0> +
            ...
 |  551> = (-0.7048361, 0.0574018)|   6, 0, 0;1,  1;0,  0> +
           (-0.7046818, 0.0574090)|   6, 0, 0;0,  0;1,  1> +
           (-0.0043941, 0.0003883)|   6, 0, 0;1, -1;0,  0> +
           (-0.0043937, 0.0003884)|   6, 0, 0;0,  0;1, -1> +
            ...
 |  552> = (-0.7071141,-0.0000862)|   6, 0, 0;0,  0;1,  0> +
           (-0.7070995,-0.0000863)|   6, 0, 0;1,  0;0,  0> +
            ...
 |  553> = (-0.7071141,-0.0000742)|   6, 0, 0;1,  0;0,  0> +
           ( 0.7070995, 0.0000740)|   6, 0, 0;0,  0;1,  0> +
           (-0.0000141,-0.0000000)|   6, 0, 0;1,  0;1,  0> +
           (-0.0000141,-0.0000000)|   6, 0, 0;0,  0;0,  0> +
            ...
 |  554> = ( 0.6155333, 0.0224029)|   7, 0, 0;0,  0;1,  1> +
           (-0.6154832,-0.0224065)|   7, 0, 0;1,  1;0,  0> +
           (-0.3173794,-0.1415905)|   7, 0, 0;0,  0;1, -1> +
           ( 0.3169437, 0.1416486)|   7, 0, 0;1, -1;0,  0> +
            ...
 |  555> = (-0.5839302,-0.1960105)|   7, 0, 0;1, -1;0,  0> +
           ( 0.5838688, 0.1959785)|   7, 0, 0;0,  0;1, -1> +
           (-0.3468803, 0.0206359)|   7, 0, 0;1,  1;0,  0> +
           ( 0.3465682,-0.0208303)|   7, 0, 0;0,  0;1,  1> +
            ...
 |  556> = (-0.7000912, 0.0872009)|   7, 0, 0;1, -1;0,  0> +
           (-0.6999416, 0.0872868)|   7, 0, 0;0,  0;1, -1> +
           ( 0.0315970,-0.0371452)|   7, 0, 0;1,  1;0,  0> +
           ( 0.0311875,-0.0371517)|   7, 0, 0;0,  0;1,  1> +
            ...
 |  557> = (-0.6166360,-0.3427543)|   7, 0, 0;0,  0;1,  1> +
           (-0.6164869,-0.3427716)|   7, 0, 0;1,  1;0,  0> +
           (-0.0153804,-0.0462425)|   7, 0, 0;0,  0;1, -1> +
           (-0.0150541,-0.0461461)|   7, 0, 0;1, -1;0,  0> +
            ...
 |  558> = (-0.6956457,-0.1268499)|   7, 0, 0;1,  0;0,  0> +
           (-0.6956264,-0.1268464)|   7, 0, 0;0,  0;1,  0> +
            ...
 |  559> = ( 0.7071093,-0.0032205)|   7, 0, 0;0,  0;1,  0> +
           (-0.7070896, 0.0032204)|   7, 0, 0;1,  0;0,  0> +
           (-0.0000141, 0.0000001)|   7, 0, 0;1,  0;1,  0> +
           (-0.0000141, 0.0000001)|   7, 0, 0;0,  0;0,  0> +
            ...
 |  560> = (-0.1211957,-0.5356909)|   0, 0, 1;0,  0;1, -1> +
           ( 0.1211999, 0.5356593)|   0, 0, 1;1, -1;0,  0> +
           ( 0.4183971,-0.0794385)|   0, 1, 0;1, -1;0,  0> +
           (-0.4183367, 0.0794305)|   0, 1, 0;0,  0;1, -1> +
           (-0.0386336, 0.0918189)|   0, 0, 1;0,  0;1,  1> +
           ( 0.0386273,-0.0918162)|   0, 0, 1;1,  1;0,  0> +
           ( 0.0252137,-0.0804008)|   0, 1, 0;0,  0;1,  1> +
           (-0.0252510, 0.0803866)|   0, 1, 0;1,  1;0,  0> +
           (-0.0000038,-0.0000320)|   0, 0, 1;0,  0;1,  0> +
           ( 0.0000022, 0.0000160)|   0, 0, 1;1,  0;0,  0> +
            ...
 |  561> = ( 0.0000068, 0.3555124)|   0, 0, 1;0,  0;1,  1> +
           (-0.0000068,-0.3555102)|   0, 0, 1;1,  1;0,  0> +
           ( 0.3543734, 0.0000122)|   0, 1, 0;0,  0;1,  1> +
           (-0.3543725,-0.0000122)|   0, 1, 0;1,  1;0,  0> +
           (-0.0000113,-0.3524425)|   0, 0, 1;1, -1;0,  0> +
           ( 0.0000113, 0.3524400)|   0, 0, 1;0,  0;1, -1> +
           ( 0.3518769, 0.0000059)|   0, 1, 0;1, -1;0,  0> +
           (-0.3518750,-0.0000059)|   0, 1, 0;0,  0;1, -1> +
            ...
