p1513
p1513
p1513
p1513
p1513
p1513
p1513
p1513
p1513
p1513
p1513
p1513
p1513
p1513
p1513
p1513
p1513
p1513
p1513
p1513
p1513
p1513
p1513
p1513
# Parameters of the model
#  mass:		  261.0000 u
#  charge:	    1.0000 e
#  dipole:	   4.74500 D
#  B:		    503.65 MHz
#  omega_rho:	    1.4000 MHz
#  omega_z:	  0.146000 MHz

# omega_1:	  0.252879 MHz
# omega_3/5:	   1.39237 MHz

# Basis truncation:	|32,4,4;2,2>
# Basis size:		41472

# Active terms of the Hamiltionian:
# 	Nomal modes:	1
# 	T_rot:      	1
# 	V_qd^{(0)}: 	1
# 	V_qd^{(1)}: 	1
# 	V_dd^{(0)}: 	1

# Results of the diagonalisation
# 100 smallest eigenvalues
 6.006037890 7.006037890 8.006037889 9.006037890 10.006037889 11.006037889 11.512086356 11.512086356 12.006037889 12.512086356 12.512086356 13.006037889 13.512086356 13.512086356 14.006037889 14.512086356 14.512086356 15.006037889 15.512086356 15.512086356 16.006037889 16.512086356 16.512086356 17.006037889 17.018134822 17.018134822 17.018134822 17.512086355 17.512086356 18.006037889 18.018134822 18.018134822 18.018134822 18.512086356 18.512086356 19.006037889 19.018134822 19.018134822 19.018134822 19.512086355 19.512086356 20.006037889 20.018134822 20.018134822 20.018134822 20.512086356 20.512086356 21.006037889 21.018134822 21.018134822 21.018134822 21.512086355 21.512086356 22.006037889 22.018134822 22.018134822 22.018134822 22.512086355 22.512086356 22.524183288 22.524183288 22.524183288 22.524183289 23.006037889 23.018134822 23.018134822 23.018134822 23.512086355 23.512086356 23.524183288 23.524183288 23.524183289 23.524183289 24.006037889 24.018134821 24.018134822 24.018134822 24.512086355 24.512086356 24.524183288 24.524183289 24.524183289 24.524183289 25.006037888 25.018134822 25.018134822 25.018134822 25.512086355 25.512086356 25.524183288 25.524183288 25.524183288 25.524183289 26.006037888 26.018134822 26.018134822 26.018134822 26.512086355 26.512086356 26.524183288

# Ground state and the lowest excitations:
 |    0> = ( 1.0000000, 0.0000000)|   0, 0, 0;0,  0;0,  0> +
           (-0.0000145, 0.0000000)|   0, 0, 0;1,  0;0,  0> +
           ( 0.0000145, 0.0000000)|   0, 0, 0;0,  0;1,  0> +
            ...
 |    1> = ( 1.0000000,-0.0000000)|   1, 0, 0;0,  0;0,  0> +
           ( 0.0000145,-0.0000000)|   1, 0, 0;0,  0;1,  0> +
           (-0.0000145,-0.0000000)|   1, 0, 0;1,  0;0,  0> +
            ...
 |    2> = ( 1.0000000,-0.0000000)|   2, 0, 0;0,  0;0,  0> +
           (-0.0000145, 0.0000000)|   2, 0, 0;1,  0;0,  0> +
           ( 0.0000145, 0.0000000)|   2, 0, 0;0,  0;1,  0> +
            ...
 |    3> = ( 1.0000000,-0.0000000)|   3, 0, 0;0,  0;0,  0> +
           ( 0.0000145, 0.0000000)|   3, 0, 0;0,  0;1,  0> +
           (-0.0000145, 0.0000000)|   3, 0, 0;1,  0;0,  0> +
            ...
 |    4> = ( 1.0000000, 0.0000000)|   4, 0, 0;0,  0;0,  0> +
           ( 0.0000145, 0.0000000)|   4, 0, 0;0,  0;1,  0> +
           (-0.0000145, 0.0000000)|   4, 0, 0;1,  0;0,  0> +
            ...
 |    5> = (-1.0000000,-0.0000000)|   5, 0, 0;0,  0;0,  0> +
           (-0.0000145,-0.0000000)|   5, 0, 0;0,  0;1,  0> +
           ( 0.0000145, 0.0000000)|   5, 0, 0;1,  0;0,  0> +
            ...
 |    6> = (-0.7226764,-0.0000005)|   0, 1, 0;0,  0;0,  0> +
           (-0.0000005, 0.6911865)|   0, 0, 1;0,  0;0,  0> +
           ( 0.0000105, 0.0000000)|   0, 1, 0;1,  0;0,  0> +
           (-0.0000105,-0.0000000)|   0, 1, 0;0,  0;1,  0> +
           (-0.0000000, 0.0000100)|   0, 0, 1;0,  0;1,  0> +
           ( 0.0000000,-0.0000100)|   0, 0, 1;1,  0;0,  0> +
            ...
 |    7> = ( 0.0000000,-0.7226764)|   0, 0, 1;0,  0;0,  0> +
           (-0.6911865, 0.0000000)|   0, 1, 0;0,  0;0,  0> +
           ( 0.0000000,-0.0000105)|   0, 0, 1;0,  0;1,  0> +
           (-0.0000000, 0.0000105)|   0, 0, 1;1,  0;0,  0> +
           (-0.0000100, 0.0000000)|   0, 1, 0;0,  0;1,  0> +
           ( 0.0000100,-0.0000000)|   0, 1, 0;1,  0;0,  0> +
            ...
 |    8> = ( 1.0000000, 0.0000000)|   6, 0, 0;0,  0;0,  0> +
           ( 0.0000145, 0.0000000)|   6, 0, 0;0,  0;1,  0> +
           (-0.0000145,-0.0000000)|   6, 0, 0;1,  0;0,  0> +
            ...
 |    9> = ( 0.0001338, 0.7102454)|   1, 0, 1;0,  0;0,  0> +
           ( 0.7039541, 0.0001338)|   1, 1, 0;0,  0;0,  0> +
           ( 0.0000000, 0.0000103)|   1, 0, 1;0,  0;1,  0> +
           (-0.0000000,-0.0000103)|   1, 0, 1;1,  0;0,  0> +
           ( 0.0000102, 0.0000000)|   1, 1, 0;0,  0;1,  0> +
           (-0.0000102,-0.0000000)|   1, 1, 0;1,  0;0,  0> +
            ...
 |   10> = (-0.7096076, 0.0300947)|   1, 1, 0;0,  0;0,  0> +
           ( 0.0300943, 0.7033106)|   1, 0, 1;0,  0;0,  0> +
           (-0.0000103, 0.0000004)|   1, 1, 0;0,  0;1,  0> +
           ( 0.0000103,-0.0000004)|   1, 1, 0;1,  0;0,  0> +
           ( 0.0000004, 0.0000102)|   1, 0, 1;0,  0;1,  0> +
           (-0.0000004,-0.0000102)|   1, 0, 1;1,  0;0,  0> +
            ...
 |   11> = (-1.0000000,-0.0000000)|   7, 0, 0;0,  0;0,  0> +
           ( 0.0000145, 0.0000000)|   7, 0, 0;1,  0;0,  0> +
           (-0.0000145,-0.0000000)|   7, 0, 0;0,  0;1,  0> +
            ...
 |   12> = ( 0.7097723,-0.0000034)|   2, 1, 0;0,  0;0,  0> +
           (-0.0000034, 0.7044312)|   2, 0, 1;0,  0;0,  0> +
           (-0.0000103, 0.0000000)|   2, 1, 0;1,  0;0,  0> +
           ( 0.0000103,-0.0000000)|   2, 1, 0;0,  0;1,  0> +
           (-0.0000000, 0.0000102)|   2, 0, 1;0,  0;1,  0> +
           ( 0.0000000,-0.0000102)|   2, 0, 1;1,  0;0,  0> +
            ...
 |   13> = ( 0.0009030, 0.7097718)|   2, 0, 1;0,  0;0,  0> +
           (-0.7044306, 0.0009030)|   2, 1, 0;0,  0;0,  0> +
           ( 0.0000000, 0.0000103)|   2, 0, 1;0,  0;1,  0> +
           (-0.0000000,-0.0000103)|   2, 0, 1;1,  0;0,  0> +
           (-0.0000102, 0.0000000)|   2, 1, 0;0,  0;1,  0> +
           ( 0.0000102,-0.0000000)|   2, 1, 0;1,  0;0,  0> +
            ...
 |   14> = ( 1.0000000, 0.0000000)|   8, 0, 0;0,  0;0,  0> +
           ( 0.0000145, 0.0000000)|   8, 0, 0;0,  0;1,  0> +
           (-0.0000145,-0.0000000)|   8, 0, 0;1,  0;0,  0> +
            ...
 |   15> = ( 0.7306705,-0.0098136)|   3, 1, 0;0,  0;0,  0> +
           (-0.0098135,-0.6825892)|   3, 0, 1;0,  0;0,  0> +
           ( 0.0000106,-0.0000001)|   3, 1, 0;0,  0;1,  0> +
           (-0.0000106, 0.0000001)|   3, 1, 0;1,  0;0,  0> +
            ...
 |   16> = ( 0.0003338, 0.7307364)|   3, 0, 1;0,  0;0,  0> +
           ( 0.6826596, 0.0003338)|   3, 1, 0;0,  0;0,  0> +
           (-0.0000000,-0.0000106)|   3, 0, 1;1,  0;0,  0> +
           ( 0.0000000, 0.0000106)|   3, 0, 1;0,  0;1,  0> +
            ...
 |   17> = ( 1.0000000, 0.0000000)|   9, 0, 0;0,  0;0,  0> +
           (-0.0000145,-0.0000000)|   9, 0, 0;1,  0;0,  0> +
           ( 0.0000145, 0.0000000)|   9, 0, 0;0,  0;1,  0> +
            ...
 |   18> = (-0.7080332,-0.0001673)|   4, 1, 0;0,  0;0,  0> +
           (-0.0001673,-0.7061791)|   4, 0, 1;0,  0;0,  0> +
           ( 0.0000103, 0.0000000)|   4, 1, 0;1,  0;0,  0> +
           (-0.0000103,-0.0000000)|   4, 1, 0;0,  0;1,  0> +
           (-0.0000000,-0.0000103)|   4, 0, 1;0,  0;1,  0> +
           ( 0.0000000, 0.0000103)|   4, 0, 1;1,  0;0,  0> +
            ...
 |   19> = ( 0.1252039,-0.6968751)|   4, 0, 1;0,  0;0,  0> +
           ( 0.6949912, 0.1252050)|   4, 1, 0;0,  0;0,  0> +
           (-0.0000018, 0.0000101)|   4, 0, 1;1,  0;0,  0> +
           ( 0.0000018,-0.0000101)|   4, 0, 1;0,  0;1,  0> +
           ( 0.0000101, 0.0000018)|   4, 1, 0;0,  0;1,  0> +
           (-0.0000101,-0.0000018)|   4, 1, 0;1,  0;0,  0> +
            ...
 |   20> = ( 1.0000000, 0.0000000)|  10, 0, 0;0,  0;0,  0> +
           (-0.0000145,-0.0000000)|  10, 0, 0;1,  0;0,  0> +
           ( 0.0000145, 0.0000000)|  10, 0, 0;0,  0;1,  0> +
            ...
 |   21> = (-0.7098983,-0.0214320)|   5, 1, 0;0,  0;0,  0> +
           (-0.0214318, 0.7036518)|   5, 0, 1;0,  0;0,  0> +
           (-0.0000103,-0.0000003)|   5, 1, 0;0,  0;1,  0> +
           ( 0.0000103, 0.0000003)|   5, 1, 0;1,  0;0,  0> +
           ( 0.0000003,-0.0000102)|   5, 0, 1;1,  0;0,  0> +
           (-0.0000003, 0.0000102)|   5, 0, 1;0,  0;1,  0> +
            ...
 |   22> = (-0.0000946, 0.7102217)|   5, 0, 1;0,  0;0,  0> +
           ( 0.7039781,-0.0000946)|   5, 1, 0;0,  0;0,  0> +
           ( 0.0000000,-0.0000103)|   5, 0, 1;1,  0;0,  0> +
           (-0.0000000, 0.0000103)|   5, 0, 1;0,  0;1,  0> +
           (-0.0000102, 0.0000000)|   5, 1, 0;1,  0;0,  0> +
           ( 0.0000102,-0.0000000)|   5, 1, 0;0,  0;1,  0> +
            ...
 |   23> = (-1.0000000, 0.0000027)|  11, 0, 0;0,  0;0,  0> +
           ( 0.0000145,-0.0000000)|  11, 0, 0;1,  0;0,  0> +
           (-0.0000145, 0.0000000)|  11, 0, 0;0,  0;1,  0> +
            ...
 |   24> = ( 0.7071069, 0.0000000)|   0, 2, 0;0,  0;0,  0> +
           (-0.7071066,-0.0000000)|   0, 0, 2;0,  0;0,  0> +
           ( 0.0000103, 0.0000000)|   0, 2, 0;0,  0;1,  0> +
           (-0.0000103, 0.0000000)|   0, 2, 0;1,  0;0,  0> +
           (-0.0000103,-0.0000000)|   0, 0, 2;0,  0;1,  0> +
           ( 0.0000103,-0.0000000)|   0, 0, 2;1,  0;0,  0> +
            ...
 # The upper part of the spectrum
 # Eigenvalues first: 512	 last: 562
 25034.017211870 25034.017211870 25034.017212997 25034.017212997 25034.017216066 25034.017218320 25035.017211870 25035.017211870 25035.017212997 25035.017212997 25035.017216066 25035.017218320 25036.017211870 25036.017211870 25036.017212997 25036.017212997 25036.017216066 25036.017218320 25037.017211870 25037.017211870 25037.017212997 25037.017212997 25037.017216066 25037.017218320 25038.017211870 25038.017211870 25038.017212997 25038.017212997 25038.017216066 25038.017218320 25039.017211870 25039.017211870 25039.017212997 25039.017212998 25039.017216066 25039.017218320 25039.523260336 25039.523260336 25039.523260336 25039.523260336 25039.523261463 25039.523261463 25039.523261464 25039.523261464 25039.523264533 25039.523264533 25039.523266786 25039.523266786 25040.017211870 25040.017211870

# Excited states :
 |  511> = (-0.0033009, 0.9999946)|  31, 3, 3;0,  0;0,  0> +
           ( 0.0000000,-0.0000145)|  31, 3, 3;1,  0;0,  0> +
           (-0.0000000, 0.0000145)|  31, 3, 3;0,  0;1,  0> +
            ...
 |  512> = ( 0.7064922, 0.0000001)|   0, 0, 0;0,  0;1, -1> +
           (-0.7063577,-0.0000002)|   0, 0, 0;1, -1;0,  0> +
           (-0.0308077, 0.0038823)|   0, 0, 0;0,  0;1,  1> +
           ( 0.0307952,-0.0038809)|   0, 0, 0;1,  1;0,  0> +
           (-0.0000103,-0.0000000)|   0, 0, 0;1,  0;1, -1> +
           (-0.0000103,-0.0000000)|   0, 0, 0;1, -1;1,  0> +
            ...
 |  513> = ( 0.7008767,-0.0883969)|   0, 0, 0;1,  1;0,  0> +
           (-0.7008680, 0.0883980)|   0, 0, 0;0,  0;1,  1> +
           ( 0.0310503,-0.0000049)|   0, 0, 0;1, -1;0,  0> +
           (-0.0310398, 0.0000015)|   0, 0, 0;0,  0;1, -1> +
           ( 0.0000102,-0.0000013)|   0, 0, 0;1,  1;1,  0> +
           ( 0.0000102,-0.0000013)|   0, 0, 0;1,  0;1,  1> +
            ...
 |  514> = (-0.7044400,-0.0000001)|   0, 0, 0;1, -1;0,  0> +
           (-0.7043054, 0.0000001)|   0, 0, 0;0,  0;1, -1> +
           ( 0.0619867, 0.0042089)|   0, 0, 0;1,  1;0,  0> +
           ( 0.0619707, 0.0042074)|   0, 0, 0;0,  0;1,  1> +
           (-0.0000102,-0.0000000)|   0, 0, 0;1, -1;1,  0> +
           ( 0.0000102,-0.0000000)|   0, 0, 0;1,  0;1, -1> +
            ...
 |  515> = (-0.7027597,-0.0477109)|   0, 0, 0;0,  0;1,  1> +
           (-0.7027502,-0.0477124)|   0, 0, 0;1,  1;0,  0> +
           (-0.0621219,-0.0000008)|   0, 0, 0;0,  0;1, -1> +
           (-0.0621209, 0.0000014)|   0, 0, 0;1, -1;0,  0> +
           ( 0.0000102, 0.0000007)|   0, 0, 0;1,  0;1,  1> +
           (-0.0000102,-0.0000007)|   0, 0, 0;1,  1;1,  0> +
            ...
 |  516> = (-0.7071068,-0.0001694)|   0, 0, 0;1,  0;0,  0> +
           (-0.7071068,-0.0001694)|   0, 0, 0;0,  0;1,  0> +
           (-0.0000152,-0.0000000)|   0, 0, 0;0,  0;1, -1> +
            ...
 |  517> = ( 0.7071068, 0.0000000)|   0, 0, 0;0,  0;1,  0> +
           (-0.7071068, 0.0000000)|   0, 0, 0;1,  0;0,  0> +
           (-0.0000206, 0.0000000)|   0, 0, 0;1,  0;1,  0> +
           (-0.0000206, 0.0000000)|   0, 0, 0;0,  0;0,  0> +
            ...
 |  518> = ( 0.6908628,-0.0000297)|   1, 0, 0;0,  0;1,  1> +
           (-0.6908196, 0.0000297)|   1, 0, 0;1,  1;0,  0> +
           ( 0.1508051, 0.0001330)|   1, 0, 0;1, -1;0,  0> +
           (-0.1507799,-0.0001331)|   1, 0, 0;0,  0;1, -1> +
           (-0.0000100, 0.0000000)|   1, 0, 0;1,  0;1,  1> +
           (-0.0000100, 0.0000000)|   1, 0, 0;1,  1;1,  0> +
            ...
 |  519> = ( 0.6903338,-0.0280575)|   1, 0, 0;1, -1;0,  0> +
           (-0.6902146, 0.0279111)|   1, 0, 0;0,  0;1, -1> +
           (-0.1506977, 0.0062911)|   1, 0, 0;0,  0;1,  1> +
           ( 0.1506285,-0.0062042)|   1, 0, 0;1,  1;0,  0> +
           ( 0.0000100,-0.0000004)|   1, 0, 0;1, -1;1,  0> +
           ( 0.0000100,-0.0000004)|   1, 0, 0;1,  0;1, -1> +
            ...
 |  520> = ( 0.3506011,-0.4970297)|   1, 0, 0;0,  0;1, -1> +
           ( 0.3503884,-0.4970069)|   1, 0, 0;1, -1;0,  0> +
           (-0.2078744, 0.2948317)|   1, 0, 0;1,  1;0,  0> +
           (-0.2078278, 0.2948263)|   1, 0, 0;0,  0;1,  1> +
            ...
 |  521> = (-0.6081968, 0.0000218)|   1, 0, 0;1,  1;0,  0> +
           (-0.6081482, 0.0000218)|   1, 0, 0;0,  0;1,  1> +
           (-0.3607361,-0.0000367)|   1, 0, 0;0,  0;1, -1> +
           (-0.3607242,-0.0000368)|   1, 0, 0;1, -1;0,  0> +
            ...
 |  522> = (-0.7071071,-0.0000000)|   1, 0, 0;1,  0;0,  0> +
           (-0.7071064,-0.0000000)|   1, 0, 0;0,  0;1,  0> +
            ...
 |  523> = (-0.7071071, 0.0000000)|   1, 0, 0;0,  0;1,  0> +
           ( 0.7071064, 0.0000000)|   1, 0, 0;1,  0;0,  0> +
           ( 0.0000206,-0.0000000)|   1, 0, 0;1,  0;1,  0> +
           ( 0.0000206,-0.0000000)|   1, 0, 0;0,  0;0,  0> +
            ...
 |  524> = ( 0.7071532, 0.0000000)|   2, 0, 0;1, -1;0,  0> +
           (-0.7070604,-0.0000000)|   2, 0, 0;0,  0;1, -1> +
           ( 0.0000360, 0.0000000)|   2, 0, 0;1,  1;0,  0> +
           (-0.0000360, 0.0000000)|   2, 0, 0;0,  0;1,  1> +
           ( 0.0000103, 0.0000000)|   2, 0, 0;1, -1;1,  0> +
           ( 0.0000103, 0.0000000)|   2, 0, 0;1,  0;1, -1> +
            ...
 |  525> = ( 0.6811216,-0.1900188)|   2, 0, 0;1,  1;0,  0> +
           (-0.6810737, 0.1900127)|   2, 0, 0;0,  0;1,  1> +
           (-0.0000346, 0.0000097)|   2, 0, 0;1, -1;0,  0> +
           ( 0.0000346,-0.0000097)|   2, 0, 0;0,  0;1, -1> +
           ( 0.0000099,-0.0000028)|   2, 0, 0;1,  1;1,  0> +
           ( 0.0000099,-0.0000028)|   2, 0, 0;1,  0;1,  1> +
            ...
 |  526> = (-0.7071532,-0.0000000)|   2, 0, 0;0,  0;1, -1> +
           (-0.7070604,-0.0000000)|   2, 0, 0;1, -1;0,  0> +
           (-0.0000340,-0.0000000)|   2, 0, 0;0,  0;1,  1> +
           (-0.0000340,-0.0000000)|   2, 0, 0;1,  1;0,  0> +
           ( 0.0000103, 0.0000000)|   2, 0, 0;1,  0;1, -1> +
           (-0.0000103,-0.0000000)|   2, 0, 0;1, -1;1,  0> +
            ...
 |  527> = (-0.7066422,-0.0262805)|   2, 0, 0;0,  0;1,  1> +
           (-0.7065941,-0.0262857)|   2, 0, 0;1,  1;0,  0> +
           ( 0.0000340, 0.0000013)|   2, 0, 0;1, -1;0,  0> +
           ( 0.0000339, 0.0000013)|   2, 0, 0;0,  0;1, -1> +
           ( 0.0000103, 0.0000004)|   2, 0, 0;1,  0;1,  1> +
           (-0.0000103,-0.0000004)|   2, 0, 0;1,  1;1,  0> +
            ...
 |  528> = ( 0.7071080, 0.0000001)|   2, 0, 0;0,  0;1,  0> +
           ( 0.7071056, 0.0000001)|   2, 0, 0;1,  0;0,  0> +
            ...
 |  529> = (-0.7071080,-0.0000000)|   2, 0, 0;1,  0;0,  0> +
           ( 0.7071056,-0.0000000)|   2, 0, 0;0,  0;1,  0> +
           (-0.0000206,-0.0000000)|   2, 0, 0;1,  0;1,  0> +
           (-0.0000206, 0.0000000)|   2, 0, 0;0,  0;0,  0> +
            ...
 |  530> = ( 0.7072043, 0.0025078)|   3, 0, 0;1,  1;0,  0> +
           (-0.7069965,-0.0025119)|   3, 0, 0;0,  0;1,  1> +
           ( 0.0016414, 0.0000056)|   3, 0, 0;1, -1;0,  0> +
           (-0.0016409,-0.0000056)|   3, 0, 0;0,  0;1, -1> +
           ( 0.0000103, 0.0000000)|   3, 0, 0;1,  1;1,  0> +
           ( 0.0000103, 0.0000000)|   3, 0, 0;1,  0;1,  1> +
            ...
 |  531> = (-0.7071156,-0.0000019)|   3, 0, 0;1, -1;0,  0> +
           ( 0.7070942, 0.0000019)|   3, 0, 0;0,  0;1, -1> +
           ( 0.0016412, 0.0000002)|   3, 0, 0;1,  1;0,  0> +
           (-0.0016411,-0.0000002)|   3, 0, 0;0,  0;1,  1> +
           (-0.0000103,-0.0000000)|   3, 0, 0;1, -1;1,  0> +
           (-0.0000103,-0.0000000)|   3, 0, 0;1,  0;1, -1> +
            ...
 |  532> = (-0.7071011, 0.0123317)|   3, 0, 0;0,  0;1,  1> +
           (-0.7068933, 0.0123329)|   3, 0, 0;1,  1;0,  0> +
           (-0.0016991, 0.0000291)|   3, 0, 0;0,  0;1, -1> +
           (-0.0016987, 0.0000291)|   3, 0, 0;1, -1;0,  0> +
           ( 0.0000103,-0.0000002)|   3, 0, 0;1,  0;1,  1> +
           (-0.0000103, 0.0000002)|   3, 0, 0;1,  1;1,  0> +
            ...
 |  533> = ( 0.7071155,-0.0000008)|   3, 0, 0;0,  0;1, -1> +
           ( 0.7070940,-0.0000008)|   3, 0, 0;1, -1;0,  0> +
           (-0.0016992, 0.0000005)|   3, 0, 0;0,  0;1,  1> +
           (-0.0016992, 0.0000005)|   3, 0, 0;1,  1;0,  0> +
           (-0.0000103, 0.0000000)|   3, 0, 0;1,  0;1, -1> +
           ( 0.0000103,-0.0000000)|   3, 0, 0;1, -1;1,  0> +
            ...
 |  534> = (-0.7071090,-0.0001490)|   3, 0, 0;1,  0;0,  0> +
           (-0.7071045,-0.0001490)|   3, 0, 0;0,  0;1,  0> +
            ...
 |  535> = ( 0.7071090, 0.0000000)|   3, 0, 0;0,  0;1,  0> +
           (-0.7071045, 0.0000000)|   3, 0, 0;1,  0;0,  0> +
           (-0.0000206,-0.0000000)|   3, 0, 0;1,  0;1,  0> +
           (-0.0000206, 0.0000000)|   3, 0, 0;0,  0;0,  0> +
            ...
 |  536> = (-0.7071125, 0.0000002)|   4, 0, 0;0,  0;1, -1> +
           ( 0.7071010, 0.0000001)|   4, 0, 0;1, -1;0,  0> +
           (-0.0000393, 0.0000000)|   4, 0, 0;0,  0;1,  1> +
           ( 0.0000389, 0.0000000)|   4, 0, 0;1,  1;0,  0> +
           ( 0.0000103,-0.0000000)|   4, 0, 0;1,  0;1, -1> +
           ( 0.0000103, 0.0000000)|   4, 0, 0;1, -1;1,  0> +
            ...
 |  537> = (-0.7067987,-0.0248588)|   4, 0, 0;1,  1;0,  0> +
           ( 0.7065405, 0.0248623)|   4, 0, 0;0,  0;1,  1> +
           ( 0.0000391, 0.0000014)|   4, 0, 0;1, -1;0,  0> +
           (-0.0000391,-0.0000014)|   4, 0, 0;0,  0;1, -1> +
           (-0.0000103,-0.0000004)|   4, 0, 0;1,  1;1,  0> +
           (-0.0000103,-0.0000004)|   4, 0, 0;1,  0;1,  1> +
            ...
 |  538> = (-0.7071125,-0.0000001)|   4, 0, 0;1, -1;0,  0> +
           (-0.7071010, 0.0000001)|   4, 0, 0;0,  0;1, -1> +
           (-0.0000390,-0.0000000)|   4, 0, 0;0,  0;1,  1> +
           (-0.0000390,-0.0000000)|   4, 0, 0;1,  1;0,  0> +
           (-0.0000103,-0.0000000)|   4, 0, 0;1, -1;1,  0> +
           ( 0.0000103,-0.0000000)|   4, 0, 0;1,  0;1, -1> +
            ...
 |  539> = (-0.7071532, 0.0108009)|   4, 0, 0;0,  0;1,  1> +
           (-0.7068952, 0.0108095)|   4, 0, 0;1,  1;0,  0> +
           ( 0.0000392,-0.0000006)|   4, 0, 0;0,  0;1, -1> +
           ( 0.0000389,-0.0000006)|   4, 0, 0;1, -1;0,  0> +
           ( 0.0000103,-0.0000002)|   4, 0, 0;1,  0;1,  1> +
           (-0.0000103, 0.0000002)|   4, 0, 0;1,  1;1,  0> +
            ...
 |  540> = (-0.7070615, 0.0080890)|   4, 0, 0;1,  0;0,  0> +
           (-0.7070595, 0.0080890)|   4, 0, 0;0,  0;1,  0> +
            ...
 |  541> = (-0.7071078, 0.0000000)|   4, 0, 0;0,  0;1,  0> +
           ( 0.7071058, 0.0000000)|   4, 0, 0;1,  0;0,  0> +
           ( 0.0000206, 0.0000000)|   4, 0, 0;1,  0;1,  0> +
           ( 0.0000206, 0.0000000)|   4, 0, 0;0,  0;0,  0> +
            ...
 |  542> = (-0.7071325, 0.0000005)|   5, 0, 0;1, -1;0,  0> +
           ( 0.7070580,-0.0000005)|   5, 0, 0;0,  0;1, -1> +
           (-0.0040354, 0.0000009)|   5, 0, 0;0,  0;1,  1> +
           ( 0.0040349,-0.0000010)|   5, 0, 0;1,  1;0,  0> +
           (-0.0000103, 0.0000000)|   5, 0, 0;1, -1;1,  0> +
           (-0.0000103, 0.0000000)|   5, 0, 0;1,  0;1, -1> +
            ...
 |  543> = ( 0.7058746, 0.0438200)|   5, 0, 0;0,  0;1,  1> +
           (-0.7055996,-0.0437892)|   5, 0, 0;1,  1;0,  0> +
           ( 0.0040280, 0.0002510)|   5, 0, 0;0,  0;1, -1> +
           (-0.0040266,-0.0002509)|   5, 0, 0;1, -1;0,  0> +
           (-0.0000103,-0.0000006)|   5, 0, 0;1,  0;1,  1> +
           (-0.0000103,-0.0000006)|   5, 0, 0;1,  1;1,  0> +
            ...
 |  544> = ( 0.7071323,-0.0000002)|   5, 0, 0;0,  0;1, -1> +
           ( 0.7070578,-0.0000002)|   5, 0, 0;1, -1;0,  0> +
           (-0.0040750,-0.0000012)|   5, 0, 0;0,  0;1,  1> +
           (-0.0040748,-0.0000012)|   5, 0, 0;1,  1;0,  0> +
           (-0.0000103, 0.0000000)|   5, 0, 0;1,  0;1, -1> +
           ( 0.0000103,-0.0000000)|   5, 0, 0;1, -1;1,  0> +
            ...
 |  545> = (-0.7033246,-0.0742513)|   5, 0, 0;1,  1;0,  0> +
           (-0.7030484,-0.0742359)|   5, 0, 0;0,  0;1,  1> +
           (-0.0040528,-0.0004267)|   5, 0, 0;1, -1;0,  0> +
           (-0.0040522,-0.0004266)|   5, 0, 0;0,  0;1, -1> +
           (-0.0000102,-0.0000011)|   5, 0, 0;1,  1;1,  0> +
           ( 0.0000102, 0.0000011)|   5, 0, 0;1,  0;1,  1> +
            ...
 |  546> = ( 0.6970945,-0.1185831)|   5, 0, 0;0,  0;1,  0> +
           ( 0.6970907,-0.1185827)|   5, 0, 0;1,  0;0,  0> +
            ...
 |  547> = (-0.7071087, 0.0000001)|   5, 0, 0;1,  0;0,  0> +
           ( 0.7071049, 0.0000001)|   5, 0, 0;0,  0;1,  0> +
           (-0.0000206,-0.0000000)|   5, 0, 0;1,  0;1,  0> +
           (-0.0000206,-0.0000000)|   5, 0, 0;0,  0;0,  0> +
            ...
 |  548> = (-0.0948627, 0.4767605)|   0, 0, 1;0,  0;1,  1> +
           ( 0.0948496,-0.4766754)|   0, 0, 1;1,  1;0,  0> +
           (-0.0228365, 0.4480235)|   0, 0, 1;1, -1;0,  0> +
           ( 0.0228360,-0.4480109)|   0, 0, 1;0,  0;1, -1> +
           (-0.1804053,-0.0826285)|   0, 1, 0;0,  0;1,  1> +
           ( 0.1804043, 0.0826224)|   0, 1, 0;1,  1;0,  0> +
           ( 0.1517274, 0.0106061)|   0, 1, 0;1, -1;0,  0> +
           (-0.1516936,-0.0106050)|   0, 1, 0;0,  0;1, -1> +
            ...
 |  549> = (-0.5083804,-0.1157355)|   0, 1, 0;0,  0;1,  1> +
           ( 0.5083440, 0.1157248)|   0, 1, 0;1,  1;0,  0> +
           ( 0.0294109,-0.4149799)|   0, 0, 1;1, -1;0,  0> +
           (-0.0294104, 0.4149585)|   0, 0, 1;0,  0;1, -1> +
           ( 0.0891574,-0.1929752)|   0, 0, 1;1,  1;0,  0> +
           (-0.0891651, 0.1929605)|   0, 0, 1;0,  0;1,  1> +
           (-0.0995943,-0.0028431)|   0, 1, 0;1, -1;0,  0> +
           ( 0.0995599, 0.0028404)|   0, 1, 0;0,  0;1, -1> +
           (-0.0000025, 0.0000122)|   0, 0, 1;0,  0;1,  0> +
           (-0.0000119,-0.0000004)|   0, 1, 0;0,  0;1,  0> +
            ...
 |  550> = (-0.0000000, 0.3536135)|   0, 0, 1;0,  0;1,  1> +
           ( 0.0000000,-0.3536133)|   0, 0, 1;1,  1;0,  0> +
           ( 0.3536046,-0.0000000)|   0, 1, 0;0,  0;1,  1> +
           (-0.3536043, 0.0000000)|   0, 1, 0;1,  1;0,  0> +
           ( 0.0000000, 0.3535616)|   0, 0, 1;0,  0;1, -1> +
           (-0.0000000,-0.3535612)|   0, 0, 1;1, -1;0,  0> +
           (-0.3534348,-0.0000000)|   0, 1, 0;0,  0;1, -1> +
           ( 0.3534338, 0.0000000)|   0, 1, 0;1, -1;0,  0> +
            ...
 |  551> = (-0.5848485, 0.0002831)|   0, 1, 0;1, -1;0,  0> +
           ( 0.5848213,-0.0002822)|   0, 1, 0;0,  0;1, -1> +
           (-0.0015716, 0.3058161)|   0, 0, 1;0,  0;1,  1> +
           ( 0.0015689,-0.3057756)|   0, 0, 1;1,  1;0,  0> +
           ( 0.2525243,-0.0010491)|   0, 1, 0;0,  0;1,  1> +
           (-0.2525076, 0.0010500)|   0, 1, 0;1,  1;0,  0> +
           ( 0.0008034, 0.0262471)|   0, 0, 1;0,  0;1, -1> +
           (-0.0008033,-0.0262271)|   0, 0, 1;1, -1;0,  0> +
            ...
 |  552> = ( 0.0435417,-0.6780468)|   0, 0, 1;1,  1;0,  0> +
           ( 0.0435397,-0.6779743)|   0, 0, 1;0,  0;1,  1> +
           (-0.1476421,-0.0161087)|   0, 1, 0;1, -1;0,  0> +
           (-0.1476343,-0.0161103)|   0, 1, 0;0,  0;1, -1> +
           ( 0.0014312,-0.1171991)|   0, 0, 1;0,  0;1, -1> +
           ( 0.0014260,-0.1171269)|   0, 0, 1;1, -1;0,  0> +
           (-0.0474489,-0.0192124)|   0, 1, 0;1,  1;0,  0> +
           (-0.0474413,-0.0192109)|   0, 1, 0;0,  0;1,  1> +
            ...
 |  553> = (-0.6297116,-0.0016054)|   0, 1, 0;0,  0;1, -1> +
           (-0.6296738,-0.0016052)|   0, 1, 0;1, -1;0,  0> +
           ( 0.0003149, 0.2648827)|   0, 0, 1;1, -1;0,  0> +
           ( 0.0003156, 0.2648630)|   0, 0, 1;0,  0;1, -1> +
           ( 0.1639263,-0.0018571)|   0, 1, 0;1,  1;0,  0> +
           ( 0.1639164,-0.0018572)|   0, 1, 0;0,  0;1,  1> +
           ( 0.0040727, 0.0802333)|   0, 0, 1;1,  1;0,  0> +
           ( 0.0040723, 0.0802227)|   0, 0, 1;0,  0;1,  1> +
            ...
 |  554> = (-0.4706523, 0.4373545)|   0, 1, 0;1,  1;0,  0> +
           (-0.4706258, 0.4373274)|   0, 1, 0;0,  0;1,  1> +
           (-0.1702775, 0.1360040)|   0, 1, 0;0,  0;1, -1> +
           (-0.1702754, 0.1360031)|   0, 1, 0;1, -1;0,  0> +
           (-0.0821623,-0.1361298)|   0, 0, 1;0,  0;1, -1> +
           (-0.0821464,-0.1361097)|   0, 0, 1;1, -1;0,  0> +
           ( 0.0867400, 0.0833114)|   0, 0, 1;1,  1;0,  0> +
           ( 0.0867278, 0.0833029)|   0, 0, 1;0,  0;1,  1> +
            ...
 |  555> = ( 0.0578161,-0.6224942)|   0, 0, 1;0,  0;1, -1> +
           ( 0.0578140,-0.6224838)|   0, 0, 1;1, -1;0,  0> +
           ( 0.2401433,-0.0084139)|   0, 1, 0;0,  0;1,  1> +
           ( 0.2401365,-0.0084188)|   0, 1, 0;1,  1;0,  0> +
           (-0.1828359,-0.0225572)|   0, 1, 0;0,  0;1, -1> +
           (-0.1828310,-0.0225570)|   0, 1, 0;1, -1;0,  0> +
           (-0.0249816, 0.1298695)|   0, 0, 1;1,  1;0,  0> +
           (-0.0249787, 0.1298682)|   0, 0, 1;0,  0;1,  1> +
           (-0.0000378, 0.0000068)|   0, 1, 0;1,  0;0,  0> +
           ( 0.0000314,-0.0000073)|   0, 1, 0;0,  0;1,  0> +
            ...
 |  556> = ( 0.6442592, 0.0624067)|   0, 1, 0;0,  0;1,  0> +
           ( 0.6441973, 0.0624194)|   0, 1, 0;1,  0;0,  0> +
           ( 0.1202858,-0.2580849)|   0, 0, 1;0,  0;1,  0> +
           ( 0.1202858,-0.2580775)|   0, 0, 1;1,  0;0,  0> +
            ...
 |  557> = (-0.1789025, 0.6220288)|   0, 0, 1;1,  0;0,  0> +
           (-0.1789024, 0.6220280)|   0, 0, 1;0,  0;1,  0> +
           ( 0.2842449,-0.0169366)|   0, 1, 0;1,  0;0,  0> +
           ( 0.2842189,-0.0169335)|   0, 1, 0;0,  0;1,  0> +
            ...
 |  558> = ( 0.0802458,-0.6767294)|   0, 0, 1;0,  0;1,  0> +
           (-0.0802412, 0.6767195)|   0, 0, 1;1,  0;0,  0> +
           ( 0.1884696,-0.0092275)|   0, 1, 0;1,  0;0,  0> +
           (-0.1884642, 0.0092300)|   0, 1, 0;0,  0;1,  0> +
           (-0.0000023, 0.0000197)|   0, 0, 1;1,  0;1,  0> +
           (-0.0000023, 0.0000197)|   0, 0, 1;0,  0;0,  0> +
            ...
 |  559> = ( 0.6703964,-0.1224515)|   0, 1, 0;1,  0;0,  0> +
           (-0.6703492, 0.1224594)|   0, 1, 0;0,  0;1,  0> +
           (-0.0025811,-0.1886975)|   0, 0, 1;1,  0;0,  0> +
           ( 0.0025972, 0.1886524)|   0, 0, 1;0,  0;1,  0> +
           ( 0.0000040,-0.0000355)|   0, 0, 1;0,  0;1, -1> +
           ( 0.0000038,-0.0000289)|   0, 0, 1;1, -1;0,  0> +
           ( 0.0000195,-0.0000036)|   0, 1, 0;1,  0;1,  0> +
           ( 0.0000195,-0.0000036)|   0, 1, 0;0,  0;0,  0> +
           ( 0.0000170, 0.0000001)|   0, 1, 0;0,  0;1,  1> +
           (-0.0000111,-0.0000017)|   0, 1, 0;0,  0;1, -1> +
            ...
 |  560> = (-0.7071447,-0.0000177)|   6, 0, 0;1, -1;0,  0> +
           ( 0.7070689, 0.0000177)|   6, 0, 0;0,  0;1, -1> +
           ( 0.0000713, 0.0000070)|   6, 0, 0;1,  1;0,  0> +
           (-0.0000713,-0.0000070)|   6, 0, 0;0,  0;1,  1> +
           (-0.0000103,-0.0000000)|   6, 0, 0;1, -1;1,  0> +
           (-0.0000103,-0.0000000)|   6, 0, 0;1,  0;1, -1> +
            ...
 |  561> = (-0.6964947,-0.1226239)|   6, 0, 0;1,  1;0,  0> +
           ( 0.6963017, 0.1225658)|   6, 0, 0;0,  0;1,  1> +
           (-0.0000715,-0.0000055)|   6, 0, 0;1, -1;0,  0> +
           ( 0.0000715, 0.0000055)|   6, 0, 0;0,  0;1, -1> +
           (-0.0000101,-0.0000018)|   6, 0, 0;1,  1;1,  0> +
           (-0.0000101,-0.0000018)|   6, 0, 0;1,  0;1,  1> +
            ...
