p0992
p0992
p0992
p0992
p0992
p0992
p0992
p0992
p0992
p0992
p0992
p0992
p0992
p0992
p0992
p0992
p0992
p0992
p0992
p0992
p0992
p0992
p0992
p0992
# Parameters of the model
#  mass:		  261.0000 u
#  charge:	    1.0000 e
#  dipole:	   3.00000 D
#  B:		    503.65 MHz
#  omega_rho:	    1.4000 MHz
#  omega_z:	  0.160000 MHz

# omega_1:	  0.277128 MHz
# omega_3/5:	   1.39083 MHz

# Basis truncation:	|34,4,4;2,2>
# Basis size:		44064

# Active terms of the Hamiltionian:
# 	Nomal modes:	1
# 	T_rot:      	1
# 	V_qd^{(0)}: 	1
# 	V_qd^{(1)}: 	1
# 	V_dd^{(0)}: 	1

# Results of the diagonalisation
# 100 smallest eigenvalues
 5.518710050 6.518710050 7.518710050 8.518710050 9.518710050 10.518710050 10.537425025 10.537425025 11.518710050 11.537425025 11.537425025 12.518710050 12.537425025 12.537425025 13.518710050 13.537425025 13.537425025 14.518710050 14.537425025 14.537425025 15.518710050 15.537425025 15.537425025 15.556140000 15.556140000 15.556140000 16.518710050 16.537425025 16.537425025 16.556140000 16.556140000 16.556140000 17.518710050 17.537425025 17.537425025 17.556140000 17.556140000 17.556140000 18.518710050 18.537425025 18.537425025 18.556140000 18.556140000 18.556140000 19.518710050 19.537425025 19.537425025 19.556140000 19.556140000 19.556140000 20.518710050 20.537425025 20.537425025 20.556140000 20.556140000 20.556140000 20.574854975 20.574854975 20.574854975 20.574854975 21.518710050 21.537425025 21.537425025 21.556140000 21.556140000 21.556140001 21.574854975 21.574854975 21.574854975 21.574854976 22.518710050 22.537425025 22.537425025 22.556140000 22.556140000 22.556140000 22.574854975 22.574854975 22.574854975 22.574854975 23.518710050 23.537425025 23.537425025 23.556140000 23.556140000 23.556140000 23.574854975 23.574854975 23.574854975 23.574854975 24.518710050 24.537425025 24.537425025 24.556139999 24.556140000 24.556140000 24.574854975 24.574854975 24.574854975 24.574854976

# Ground state and the lowest excitations:
 |    0> = ( 1.0000000, 0.0000000)|   0, 0, 0;0,  0;0,  0> +
           ( 0.0000104, 0.0000000)|   0, 0, 0;0,  0;1,  0> +
           (-0.0000104, 0.0000000)|   0, 0, 0;1,  0;0,  0> +
            ...
 |    1> = ( 1.0000000,-0.0000000)|   1, 0, 0;0,  0;0,  0> +
           ( 0.0000104, 0.0000000)|   1, 0, 0;0,  0;1,  0> +
           (-0.0000104, 0.0000000)|   1, 0, 0;1,  0;0,  0> +
            ...
 |    2> = (-1.0000000, 0.0000000)|   2, 0, 0;0,  0;0,  0> +
           (-0.0000104, 0.0000000)|   2, 0, 0;0,  0;1,  0> +
           ( 0.0000104, 0.0000000)|   2, 0, 0;1,  0;0,  0> +
            ...
 |    3> = (-1.0000000, 0.0000000)|   3, 0, 0;0,  0;0,  0> +
           ( 0.0000104,-0.0000000)|   3, 0, 0;1,  0;0,  0> +
           (-0.0000104,-0.0000000)|   3, 0, 0;0,  0;1,  0> +
            ...
 |    4> = (-1.0000000,-0.0000000)|   4, 0, 0;0,  0;0,  0> +
           ( 0.0000104, 0.0000000)|   4, 0, 0;1,  0;0,  0> +
           (-0.0000104,-0.0000000)|   4, 0, 0;0,  0;1,  0> +
            ...
 |    5> = ( 1.0000000,-0.0000000)|   5, 0, 0;0,  0;0,  0> +
           ( 0.0000104,-0.0000000)|   5, 0, 0;0,  0;1,  0> +
           (-0.0000104, 0.0000000)|   5, 0, 0;1,  0;0,  0> +
            ...
 |    6> = (-0.7199970, 0.0000001)|   0, 1, 0;0,  0;0,  0> +
           ( 0.0000001,-0.6939772)|   0, 0, 1;0,  0;0,  0> +
            ...
 |    7> = (-0.0000059,-0.7199970)|   0, 0, 1;0,  0;0,  0> +
           ( 0.6939772,-0.0000059)|   0, 1, 0;0,  0;0,  0> +
            ...
 |    8> = ( 1.0000000, 0.0000000)|   6, 0, 0;0,  0;0,  0> +
           ( 0.0000104, 0.0000000)|   6, 0, 0;0,  0;1,  0> +
           (-0.0000104,-0.0000000)|   6, 0, 0;1,  0;0,  0> +
            ...
 |    9> = ( 0.0007431,-0.7267384)|   1, 0, 1;0,  0;0,  0> +
           (-0.6869135, 0.0007431)|   1, 1, 0;0,  0;0,  0> +
            ...
 |   10> = ( 0.7262607, 0.0263565)|   1, 1, 0;0,  0;0,  0> +
           ( 0.0263565,-0.6864081)|   1, 0, 1;0,  0;0,  0> +
            ...
 |   11> = (-1.0000000, 0.0000000)|   7, 0, 0;0,  0;0,  0> +
           ( 0.0000104,-0.0000000)|   7, 0, 0;1,  0;0,  0> +
           (-0.0000104, 0.0000000)|   7, 0, 0;0,  0;1,  0> +
            ...
 |   12> = ( 0.7181037,-0.0059739)|   2, 1, 0;0,  0;0,  0> +
           (-0.0059739,-0.6958848)|   2, 0, 1;0,  0;0,  0> +
            ...
 |   13> = ( 0.0000939, 0.7181286)|   2, 0, 1;0,  0;0,  0> +
           ( 0.6959105, 0.0000939)|   2, 1, 0;0,  0;0,  0> +
            ...
 |   14> = (-1.0000000,-0.0000000)|   8, 0, 0;0,  0;0,  0> +
           (-0.0000104,-0.0000000)|   8, 0, 0;0,  0;1,  0> +
           ( 0.0000104, 0.0000000)|   8, 0, 0;1,  0;0,  0> +
            ...
 |   15> = ( 0.7119646,-0.0000424)|   3, 1, 0;0,  0;0,  0> +
           (-0.0000424, 0.7022153)|   3, 0, 1;0,  0;0,  0> +
            ...
 |   16> = (-0.0061551,-0.7119380)|   3, 0, 1;0,  0;0,  0> +
           ( 0.7021883,-0.0061550)|   3, 1, 0;0,  0;0,  0> +
            ...
 |   17> = ( 1.0000000, 0.0000000)|   9, 0, 0;0,  0;0,  0> +
           (-0.0000104,-0.0000000)|   9, 0, 0;1,  0;0,  0> +
           ( 0.0000104, 0.0000000)|   9, 0, 0;0,  0;1,  0> +
            ...
 |   18> = ( 0.7209730,-0.0116171)|   4, 1, 0;0,  0;0,  0> +
           (-0.0116172,-0.6927684)|   4, 0, 1;0,  0;0,  0> +
            ...
 |   19> = (-0.0002318,-0.7210665)|   4, 0, 1;0,  0;0,  0> +
           (-0.6928657,-0.0002318)|   4, 1, 0;0,  0;0,  0> +
            ...
 |   20> = ( 1.0000000, 0.0000000)|  10, 0, 0;0,  0;0,  0> +
           ( 0.0000104, 0.0000000)|  10, 0, 0;0,  0;1,  0> +
           (-0.0000104,-0.0000000)|  10, 0, 0;1,  0;0,  0> +
            ...
 |   21> = (-0.8059733, 0.0000557)|   5, 1, 0;0,  0;0,  0> +
           ( 0.0000557,-0.5919519)|   5, 0, 1;0,  0;0,  0> +
            ...
 |   22> = ( 0.0003641, 0.8059732)|   5, 0, 1;0,  0;0,  0> +
           (-0.5919518, 0.0003640)|   5, 1, 0;0,  0;0,  0> +
            ...
 |   23> = (-0.7071068,-0.0000000)|   0, 2, 0;0,  0;0,  0> +
           ( 0.7071068, 0.0000000)|   0, 0, 2;0,  0;0,  0> +
            ...
 |   24> = ( 0.0001044,-1.0000000)|   0, 1, 1;0,  0;0,  0> +
           (-0.0000000, 0.0000104)|   0, 1, 1;1,  0;0,  0> +
           ( 0.0000000,-0.0000104)|   0, 1, 1;0,  0;1,  0> +
            ...
 # The upper part of the spectrum
 # Eigenvalues first: 544	 last: 594
 22843.578904920 22843.578904921 22843.578905414 22843.578905414 22843.578906890 22843.578907877 22844.578904920 22844.578904921 22844.578905414 22844.578905414 22844.578906890 22844.578907877 22845.578904920 22845.578904921 22845.578905414 22845.578905414 22845.578906890 22845.578907877 22846.578904920 22846.578904920 22846.578905414 22846.578905414 22846.578906890 22846.578907877 22847.578904920 22847.578904921 22847.578905414 22847.578905414 22847.578906890 22847.578907877 22848.578904920 22848.578904920 22848.578905414 22848.578905414 22848.578906890 22848.578907877 22848.597619895 22848.597619895 22848.597619895 22848.597619895 22848.597620389 22848.597620389 22848.597620389 22848.597620389 22848.597621864 22848.597621865 22848.597622852 22848.597622852 22849.578904920 22849.578904921

# Excited states :
 |  543> = (-0.0004171,-0.9999999)|  33, 3, 3;0,  0;0,  0> +
           (-0.0000000,-0.0000104)|  33, 3, 3;0,  0;1,  0> +
           ( 0.0000000, 0.0000104)|  33, 3, 3;1,  0;0,  0> +
            ...
 |  544> = ( 0.7066756,-0.0136187)|   0, 0, 0;0,  0;1,  1> +
           (-0.7066410, 0.0136197)|   0, 0, 0;1,  1;0,  0> +
           (-0.0211871,-0.0000005)|   0, 0, 0;0,  0;1, -1> +
           ( 0.0211712, 0.0000012)|   0, 0, 0;1, -1;0,  0> +
            ...
 |  545> = ( 0.7068468,-0.0000000)|   0, 0, 0;0,  0;1, -1> +
           (-0.7067322, 0.0000000)|   0, 0, 0;1, -1;0,  0> +
           (-0.0211890, 0.0004091)|   0, 0, 0;1,  1;0,  0> +
           ( 0.0211615,-0.0004088)|   0, 0, 0;0,  0;1,  1> +
           (-0.0000106,-0.0000001)|   0, 0, 0;1,  0;0,  0> +
            ...
 |  546> = ( 0.7066811, 0.0202861)|   0, 0, 0;1,  1;0,  0> +
           ( 0.7066471, 0.0202868)|   0, 0, 0;0,  0;1,  1> +
           (-0.0146556,-0.0000003)|   0, 0, 0;1, -1;0,  0> +
           (-0.0146248, 0.0000008)|   0, 0, 0;0,  0;1, -1> +
            ...
 |  547> = ( 0.7070124,-0.0000000)|   0, 0, 0;1, -1;0,  0> +
           ( 0.7068980, 0.0000000)|   0, 0, 0;0,  0;1, -1> +
           ( 0.0146401, 0.0004205)|   0, 0, 0;0,  0;1,  1> +
           ( 0.0146283, 0.0004201)|   0, 0, 0;1,  1;0,  0> +
           (-0.0000157, 0.0000001)|   0, 0, 0;1,  0;0,  0> +
           (-0.0000117, 0.0000001)|   0, 0, 0;0,  0;1,  0> +
            ...
 |  548> = (-0.7071068, 0.0001397)|   0, 0, 0;0,  0;1,  0> +
           (-0.7071068, 0.0001397)|   0, 0, 0;1,  0;0,  0> +
           (-0.0000226,-0.0000000)|   0, 0, 0;0,  0;1, -1> +
            ...
 |  549> = (-0.7071068, 0.0000000)|   0, 0, 0;1,  0;0,  0> +
           ( 0.7071068, 0.0000000)|   0, 0, 0;0,  0;1,  0> +
           (-0.0000147,-0.0000000)|   0, 0, 0;1,  0;1,  0> +
           (-0.0000147, 0.0000000)|   0, 0, 0;0,  0;0,  0> +
            ...
 |  550> = ( 0.5095731,-0.0000001)|   1, 0, 0;1, -1;0,  0> +
           (-0.5093843, 0.0000004)|   1, 0, 0;0,  0;1, -1> +
           (-0.4904913,-0.0000001)|   1, 0, 0;1,  1;0,  0> +
           ( 0.4901849, 0.0000004)|   1, 0, 0;0,  0;1,  1> +
            ...
 |  551> = ( 0.5009557, 0.0928736)|   1, 0, 0;0,  0;1,  1> +
           (-0.5009293,-0.0928703)|   1, 0, 0;1,  1;0,  0> +
           (-0.4821280,-0.0893843)|   1, 0, 0;1, -1;0,  0> +
           ( 0.4821173, 0.0893805)|   1, 0, 0;0,  0;1, -1> +
            ...
 |  552> = ( 0.6649127,-0.0006398)|   1, 0, 0;0,  0;1,  1> +
           ( 0.6646891,-0.0006392)|   1, 0, 0;1,  1;0,  0> +
           (-0.2410483,-0.0010058)|   1, 0, 0;0,  0;1, -1> +
           (-0.2407744,-0.0010051)|   1, 0, 0;1, -1;0,  0> +
            ...
 |  553> = ( 0.6648127,-0.0045219)|   1, 0, 0;0,  0;1, -1> +
           ( 0.6647590,-0.0045201)|   1, 0, 0;1, -1;0,  0> +
           ( 0.2409211,-0.0028748)|   1, 0, 0;1,  1;0,  0> +
           ( 0.2408715,-0.0028762)|   1, 0, 0;0,  0;1,  1> +
            ...
 |  554> = ( 0.7071069,-0.0000000)|   1, 0, 0;0,  0;1,  0> +
           ( 0.7071067,-0.0000000)|   1, 0, 0;1,  0;0,  0> +
            ...
 |  555> = ( 0.7071069,-0.0000000)|   1, 0, 0;1,  0;0,  0> +
           (-0.7071067,-0.0000000)|   1, 0, 0;0,  0;1,  0> +
           ( 0.0000147, 0.0000000)|   1, 0, 0;1,  0;1,  0> +
           ( 0.0000147, 0.0000000)|   1, 0, 0;0,  0;0,  0> +
            ...
 |  556> = (-0.7074136, 0.0000001)|   2, 0, 0;0,  0;1, -1> +
           ( 0.7067999,-0.0000000)|   2, 0, 0;1, -1;0,  0> +
           ( 0.0000123, 0.0000000)|   2, 0, 0;0,  0;1,  1> +
           (-0.0000120, 0.0000000)|   2, 0, 0;1,  1;0,  0> +
            ...
 |  557> = (-0.7072051,-0.0073279)|   2, 0, 0;1,  1;0,  0> +
           ( 0.7069326, 0.0073192)|   2, 0, 0;0,  0;1,  1> +
           (-0.0000121,-0.0000001)|   2, 0, 0;1, -1;0,  0> +
           ( 0.0000121, 0.0000001)|   2, 0, 0;0,  0;1, -1> +
            ...
 |  558> = (-0.7069071,-0.0217957)|   2, 0, 0;0,  0;1,  1> +
           (-0.7066345,-0.0217931)|   2, 0, 0;1,  1;0,  0> +
           (-0.0000113,-0.0000003)|   2, 0, 0;0,  0;1, -1> +
           (-0.0000110,-0.0000003)|   2, 0, 0;1, -1;0,  0> +
            ...
 |  559> = ( 0.7074136,-0.0000000)|   2, 0, 0;1, -1;0,  0> +
           ( 0.7067999,-0.0000001)|   2, 0, 0;0,  0;1, -1> +
           (-0.0000111, 0.0000000)|   2, 0, 0;1,  1;0,  0> +
           (-0.0000111, 0.0000000)|   2, 0, 0;0,  0;1,  1> +
            ...
 |  560> = (-0.7071100, 0.0000000)|   2, 0, 0;1,  0;0,  0> +
           (-0.7071036, 0.0000000)|   2, 0, 0;0,  0;1,  0> +
            ...
 |  561> = (-0.7071100, 0.0000000)|   2, 0, 0;0,  0;1,  0> +
           ( 0.7071036, 0.0000000)|   2, 0, 0;1,  0;0,  0> +
           ( 0.0000147,-0.0000000)|   2, 0, 0;1,  0;1,  0> +
           ( 0.0000147, 0.0000000)|   2, 0, 0;0,  0;0,  0> +
            ...
 |  562> = ( 0.7070436, 0.0121527)|   3, 0, 0;0,  0;1,  1> +
           (-0.7069600,-0.0121519)|   3, 0, 0;1,  1;0,  0> +
           ( 0.0008820, 0.0000153)|   3, 0, 0;0,  0;1, -1> +
           (-0.0008819,-0.0000153)|   3, 0, 0;1, -1;0,  0> +
            ...
 |  563> = (-0.7072242,-0.0000001)|   3, 0, 0;0,  0;1, -1> +
           ( 0.7069883, 0.0000001)|   3, 0, 0;1, -1;0,  0> +
           ( 0.0008846,-0.0000002)|   3, 0, 0;0,  0;1,  1> +
           (-0.0008796, 0.0000002)|   3, 0, 0;1,  1;0,  0> +
            ...
 |  564> = (-0.7071292,-0.0051574)|   3, 0, 0;1,  1;0,  0> +
           (-0.7070456,-0.0051561)|   3, 0, 0;0,  0;1,  1> +
           (-0.0008918,-0.0000065)|   3, 0, 0;0,  0;1, -1> +
           (-0.0008872,-0.0000065)|   3, 0, 0;1, -1;0,  0> +
            ...
 |  565> = (-0.7072242, 0.0000001)|   3, 0, 0;1, -1;0,  0> +
           (-0.7069883, 0.0000002)|   3, 0, 0;0,  0;1, -1> +
           ( 0.0008896,-0.0000000)|   3, 0, 0;1,  1;0,  0> +
           ( 0.0008894,-0.0000000)|   3, 0, 0;0,  0;1,  1> +
            ...
 |  566> = (-0.7071072, 0.0006270)|   3, 0, 0;0,  0;1,  0> +
           (-0.7071058, 0.0006270)|   3, 0, 0;1,  0;0,  0> +
            ...
 |  567> = ( 0.7071075,-0.0000000)|   3, 0, 0;1,  0;0,  0> +
           (-0.7071061,-0.0000000)|   3, 0, 0;0,  0;1,  0> +
           ( 0.0000147, 0.0000000)|   3, 0, 0;1,  0;1,  0> +
           ( 0.0000147,-0.0000000)|   3, 0, 0;0,  0;0,  0> +
            ...
 |  568> = (-0.7073497, 0.0000004)|   4, 0, 0;0,  0;1, -1> +
           ( 0.7068638,-0.0000004)|   4, 0, 0;1, -1;0,  0> +
           (-0.0000492, 0.0000000)|   4, 0, 0;1,  1;0,  0> +
           ( 0.0000479, 0.0000000)|   4, 0, 0;0,  0;1,  1> +
            ...
 |  569> = (-0.6695515,-0.2274893)|   4, 0, 0;0,  0;1,  1> +
           ( 0.6694778, 0.2274836)|   4, 0, 0;1,  1;0,  0> +
           (-0.0000460,-0.0000156)|   4, 0, 0;0,  0;1, -1> +
           ( 0.0000460, 0.0000156)|   4, 0, 0;1, -1;0,  0> +
            ...
 |  570> = ( 0.7058227,-0.0431849)|   4, 0, 0;1,  1;0,  0> +
           ( 0.7057501,-0.0431988)|   4, 0, 0;0,  0;1,  1> +
           ( 0.0000487,-0.0000030)|   4, 0, 0;1, -1;0,  0> +
           ( 0.0000474,-0.0000030)|   4, 0, 0;0,  0;1, -1> +
            ...
 |  571> = (-0.7073497, 0.0000006)|   4, 0, 0;1, -1;0,  0> +
           (-0.7068638, 0.0000006)|   4, 0, 0;0,  0;1, -1> +
           ( 0.0000482, 0.0000000)|   4, 0, 0;1,  1;0,  0> +
           ( 0.0000481, 0.0000000)|   4, 0, 0;0,  0;1,  1> +
            ...
 |  572> = ( 0.6982404,-0.1116329)|   4, 0, 0;1,  0;0,  0> +
           ( 0.6982382,-0.1116329)|   4, 0, 0;0,  0;1,  0> +
            ...
 |  573> = ( 0.7071079,-0.0000002)|   4, 0, 0;0,  0;1,  0> +
           (-0.7071057,-0.0000002)|   4, 0, 0;1,  0;0,  0> +
           (-0.0000147,-0.0000000)|   4, 0, 0;0,  0;0,  0> +
           (-0.0000147,-0.0000000)|   4, 0, 0;1,  0;1,  0> +
            ...
 |  574> = ( 0.6679124, 0.2015933)|   5, 0, 0;0,  0;1,  1> +
           (-0.6676526,-0.2014552)|   5, 0, 0;1,  1;0,  0> +
           ( 0.0187280, 0.1145177)|   5, 0, 0;0,  0;1, -1> +
           (-0.0186236,-0.1144431)|   5, 0, 0;1, -1;0,  0> +
            ...
 |  575> = ( 0.6973372, 0.0277813)|   5, 0, 0;0,  0;1, -1> +
           (-0.6966122,-0.0277738)|   5, 0, 0;1, -1;0,  0> +
           (-0.0552524, 0.1020910)|   5, 0, 0;0,  0;1,  1> +
           ( 0.0548743,-0.1020910)|   5, 0, 0;1,  1;0,  0> +
            ...
 |  576> = ( 0.5430913, 0.2958287)|   5, 0, 0;1,  1;0,  0> +
           ( 0.5427903, 0.2957404)|   5, 0, 0;0,  0;1,  1> +
           ( 0.3047663, 0.1576787)|   5, 0, 0;1, -1;0,  0> +
           ( 0.3047334, 0.1576261)|   5, 0, 0;0,  0;1, -1> +
            ...
 |  577> = ( 0.6186840, 0.0010451)|   5, 0, 0;1, -1;0,  0> +
           ( 0.6178790, 0.0010201)|   5, 0, 0;0,  0;1, -1> +
           (-0.3430705,-0.0078695)|   5, 0, 0;1,  1;0,  0> +
           (-0.3429731,-0.0079763)|   5, 0, 0;0,  0;1,  1> +
            ...
 |  578> = ( 0.7070573,-0.0084577)|   5, 0, 0;1,  0;0,  0> +
           ( 0.7070551,-0.0084575)|   5, 0, 0;0,  0;1,  0> +
            ...
 |  579> = ( 0.7071079, 0.0000001)|   5, 0, 0;0,  0;1,  0> +
           (-0.7071056, 0.0000001)|   5, 0, 0;1,  0;0,  0> +
           (-0.0000147, 0.0000000)|   5, 0, 0;1,  0;1,  0> +
           (-0.0000147, 0.0000000)|   5, 0, 0;0,  0;0,  0> +
            ...
 |  580> = ( 0.5162671,-0.0459117)|   0, 1, 0;0,  0;1, -1> +
           (-0.5160854, 0.0459312)|   0, 1, 0;1, -1;0,  0> +
           ( 0.0354081, 0.4149153)|   0, 0, 1;0,  0;1, -1> +
           (-0.0354310,-0.4147119)|   0, 0, 1;1, -1;0,  0> +
           ( 0.2074702,-0.0490419)|   0, 1, 0;0,  0;1,  1> +
           (-0.2072721, 0.0490094)|   0, 1, 0;1,  1;0,  0> +
           (-0.0385308,-0.1060778)|   0, 0, 1;0,  0;1,  1> +
           ( 0.0385168, 0.1059413)|   0, 0, 1;1,  1;0,  0> +
           ( 0.0000043, 0.0000188)|   0, 0, 1;0,  0;1,  0> +
           (-0.0000028,-0.0000191)|   0, 1, 0;0,  0;1,  0> +
           (-0.0000111, 0.0000127)|   0, 1, 0;1,  0;0,  0> +
           ( 0.0000154, 0.0000041)|   0, 0, 1;1,  0;0,  0> +
            ...
 |  581> = (-0.0000002, 0.3538911)|   0, 0, 1;0,  0;1, -1> +
           ( 0.0000002,-0.3538884)|   0, 0, 1;1, -1;0,  0> +
           (-0.3537745, 0.0000003)|   0, 1, 0;0,  0;1, -1> +
           ( 0.3537713,-0.0000003)|   0, 1, 0;1, -1;0,  0> +
           ( 0.3532832, 0.0000006)|   0, 1, 0;0,  0;1,  1> +
           (-0.3532826,-0.0000006)|   0, 1, 0;1,  1;0,  0> +
           ( 0.0000005, 0.3532678)|   0, 0, 1;0,  0;1,  1> +
           (-0.0000005,-0.3532672)|   0, 0, 1;1,  1;0,  0> +
            ...
 |  582> = (-0.0100173,-0.4934885)|   0, 0, 1;0,  0;1,  1> +
           ( 0.0100150, 0.4933758)|   0, 0, 1;1,  1;0,  0> +
           (-0.0042987,-0.3530678)|   0, 0, 1;1, -1;0,  0> +
           ( 0.0043018, 0.3530236)|   0, 0, 1;0,  0;1, -1> +
           (-0.3165764,-0.0058875)|   0, 1, 0;0,  0;1, -1> +
           ( 0.3164847, 0.0058856)|   0, 1, 0;1, -1;0,  0> +
           ( 0.1772188, 0.0116014)|   0, 1, 0;1,  1;0,  0> +
           (-0.1772033,-0.0116035)|   0, 1, 0;0,  0;1,  1> +
            ...
 |  583> = (-0.5448869, 0.0371719)|   0, 1, 0;0,  0;1,  1> +
           ( 0.5448195,-0.0371655)|   0, 1, 0;1,  1;0,  0> +
           ( 0.0320687, 0.3434106)|   0, 0, 1;0,  0;1,  1> +
           (-0.0320588,-0.3432516)|   0, 0, 1;1,  1;0,  0> +
           (-0.0138827, 0.2767404)|   0, 0, 1;0,  0;1, -1> +
           ( 0.0138812,-0.2767382)|   0, 0, 1;1, -1;0,  0> +
           ( 0.0756041, 0.0189859)|   0, 1, 0;0,  0;1, -1> +
           (-0.0755419,-0.0189879)|   0, 1, 0;1, -1;0,  0> +
           ( 0.0000103, 0.0000141)|   0, 0, 1;0,  0;1,  0> +
           ( 0.0000102, 0.0000117)|   0, 0, 1;1,  0;0,  0> +
            ...
 |  584> = (-0.0175040, 0.4652119)|   0, 0, 1;1,  1;0,  0> +
           (-0.0175199, 0.4650964)|   0, 0, 1;0,  0;1,  1> +
           ( 0.0351854,-0.3904805)|   0, 0, 1;1, -1;0,  0> +
           ( 0.0351989,-0.3903102)|   0, 0, 1;0,  0;1, -1> +
           (-0.2698013,-0.0230591)|   0, 1, 0;1, -1;0,  0> +
           (-0.2695717,-0.0230757)|   0, 1, 0;0,  0;1, -1> +
           (-0.2367884, 0.0196997)|   0, 1, 0;1,  1;0,  0> +
           (-0.2366134, 0.0196807)|   0, 1, 0;0,  0;1,  1> +
           ( 0.0000041, 0.0000139)|   0, 1, 0;0,  0;1,  0> +
           ( 0.0000089,-0.0000051)|   0, 1, 0;1,  0;0,  0> +
            ...
 |  585> = (-0.0003584, 0.4878018)|   0, 0, 1;1,  1;0,  0> +
           (-0.0003525, 0.4876396)|   0, 0, 1;0,  0;1,  1> +
           ( 0.4428882, 0.0148728)|   0, 1, 0;1, -1;0,  0> +
           ( 0.4427318, 0.0148873)|   0, 1, 0;0,  0;1, -1> +
           (-0.0175761, 0.2541403)|   0, 0, 1;1, -1;0,  0> +
           (-0.0175872, 0.2540996)|   0, 0, 1;0,  0;1, -1> +
           ( 0.0305454,-0.0029350)|   0, 1, 0;0,  0;1,  1> +
           ( 0.0304981,-0.0029443)|   0, 1, 0;1,  1;0,  0> +
           (-0.0000043,-0.0000122)|   0, 0, 1;1,  0;0,  0> +
           (-0.0000105,-0.0000025)|   0, 0, 1;0,  0;1,  0> +
            ...
 |  586> = (-0.0014725, 0.4799544)|   0, 0, 1;1, -1;0,  0> +
           (-0.0014737, 0.4799478)|   0, 0, 1;0,  0;1, -1> +
           (-0.4776413, 0.0013366)|   0, 1, 0;0,  0;1, -1> +
           (-0.4776403, 0.0013350)|   0, 1, 0;1, -1;0,  0> +
           (-0.0002760, 0.1772066)|   0, 0, 1;0,  0;1,  1> +
           (-0.0002767, 0.1771982)|   0, 0, 1;1,  1;0,  0> +
           ( 0.1005117,-0.0000696)|   0, 1, 0;1,  1;0,  0> +
           ( 0.1005003,-0.0000685)|   0, 1, 0;0,  0;1,  1> +
            ...
 |  587> = ( 0.6420907, 0.1424726)|   0, 1, 0;1,  1;0,  0> +
           ( 0.6420375, 0.1424623)|   0, 1, 0;0,  0;1,  1> +
           ( 0.0745918,-0.2134420)|   0, 0, 1;0,  0;1, -1> +
           ( 0.0745757,-0.2134020)|   0, 0, 1;1, -1;0,  0> +
           (-0.0429311, 0.1105203)|   0, 0, 1;0,  0;1,  1> +
           (-0.0429229, 0.1104762)|   0, 0, 1;1,  1;0,  0> +
           (-0.0386851,-0.0282544)|   0, 1, 0;0,  0;1, -1> +
           (-0.0386361,-0.0282361)|   0, 1, 0;1, -1;0,  0> +
           ( 0.0000625, 0.0000474)|   0, 1, 0;1,  0;0,  0> +
           ( 0.0000723, 0.0000226)|   0, 1, 0;0,  0;1,  0> +
            ...
 |  588> = (-0.6181673,-0.3433166)|   0, 1, 0;1,  0;0,  0> +
           (-0.6182365,-0.3430186)|   0, 1, 0;0,  0;1,  0> +
           ( 0.0029815, 0.0073204)|   0, 0, 1;0,  0;1,  0> +
           ( 0.0029764, 0.0073085)|   0, 0, 1;1,  0;0,  0> +
           ( 0.0000672, 0.0000168)|   0, 1, 0;1,  1;0,  0> +
           ( 0.0000647, 0.0000186)|   0, 1, 0;0,  0;1,  1> +
           ( 0.0000087,-0.0000320)|   0, 0, 1;0,  0;1, -1> +
           ( 0.0000082,-0.0000222)|   0, 0, 1;1, -1;0,  0> +
           (-0.0000059, 0.0000166)|   0, 0, 1;1,  1;0,  0> +
           (-0.0000041, 0.0000169)|   0, 0, 1;0,  0;1,  1> +
           (-0.0000133,-0.0000031)|   0, 1, 0;0,  0;1, -1> +
            ...
 |  589> = (-0.4486576,-0.5464927)|   0, 0, 1;0,  0;1,  0> +
           (-0.4487974,-0.5463591)|   0, 0, 1;1,  0;0,  0> +
           (-0.0077344,-0.0016165)|   0, 1, 0;0,  0;1,  0> +
           (-0.0077273,-0.0016140)|   0, 1, 0;1,  0;0,  0> +
           (-0.0000192,-0.0000008)|   0, 1, 0;1, -1;0,  0> +
           (-0.0000002,-0.0000160)|   0, 0, 1;1,  1;0,  0> +
           ( 0.0000011,-0.0000151)|   0, 0, 1;1, -1;0,  0> +
           ( 0.0000017, 0.0000140)|   0, 0, 1;0,  0;1, -1> +
            ...
 |  590> = ( 0.4623721,-0.5340320)|   0, 0, 1;1,  0;0,  0> +
           (-0.4625080, 0.5338944)|   0, 0, 1;0,  0;1,  0> +
           ( 0.0030080, 0.0319995)|   0, 1, 0;0,  0;1,  0> +
           (-0.0029972,-0.0319843)|   0, 1, 0;1,  0;0,  0> +
           ( 0.0000096,-0.0000111)|   0, 0, 1;1,  0;1,  0> +
           ( 0.0000096,-0.0000111)|   0, 0, 1;0,  0;0,  0> +
           ( 0.0000015,-0.0000122)|   0, 0, 1;0,  0;1, -1> +
            ...
 |  591> = (-0.2012674, 0.6771394)|   0, 1, 0;0,  0;1,  0> +
           ( 0.2015254,-0.6769757)|   0, 1, 0;1,  0;0,  0> +
           ( 0.0285886,-0.0146770)|   0, 0, 1;0,  0;1,  0> +
           (-0.0285808, 0.0146768)|   0, 0, 1;1,  0;0,  0> +
           ( 0.0000200,-0.0000006)|   0, 1, 0;0,  0;1,  1> +
           ( 0.0000167,-0.0000000)|   0, 1, 0;0,  0;1, -1> +
           ( 0.0000042,-0.0000141)|   0, 1, 0;1,  0;1,  0> +
           ( 0.0000042,-0.0000141)|   0, 1, 0;0,  0;0,  0> +
           ( 0.0000002, 0.0000123)|   0, 0, 1;0,  0;1, -1> +
           ( 0.0000112, 0.0000035)|   0, 1, 0;1,  1;0,  0> +
            ...
 |  592> = (-0.7071429,-0.0004087)|   6, 0, 0;1, -1;0,  0> +
           ( 0.7070699, 0.0004092)|   6, 0, 0;0,  0;1, -1> +
           ( 0.0005229,-0.0002428)|   6, 0, 0;0,  0;1,  1> +
           (-0.0005228, 0.0002427)|   6, 0, 0;1,  1;0,  0> +
            ...
 |  593> = (-0.6297462, 0.3216784)|   6, 0, 0;1,  1;0,  0> +
           ( 0.6296816,-0.3216257)|   6, 0, 0;0,  0;1,  1> +
           (-0.0005761, 0.0000213)|   6, 0, 0;0,  0;1, -1> +
           ( 0.0005761,-0.0000213)|   6, 0, 0;1, -1;0,  0> +
            ...
