p0957
p0957
p0957
p0957
p0957
p0957
p0957
p0957
p0957
p0957
p0957
p0957
p0957
p0957
p0957
p0957
p0957
p0957
p0957
p0957
p0957
p0957
p0957
p0957
# Parameters of the model
#  mass:		  261.0000 u
#  charge:	    1.0000 e
#  dipole:	   1.05000 D
#  B:		    503.65 MHz
#  omega_rho:	    1.4000 MHz
#  omega_z:	  0.160000 MHz

# omega_1:	  0.277128 MHz
# omega_3/5:	   1.39083 MHz

# Basis truncation:	|34,4,4;2,2>
# Basis size:		44064

# Active terms of the Hamiltionian:
# 	Nomal modes:	1
# 	T_rot:      	1
# 	V_qd^{(0)}: 	1
# 	V_qd^{(1)}: 	1
# 	V_dd^{(0)}: 	1

# Results of the diagonalisation
# 100 smallest eigenvalues
 5.518714372 6.518714372 7.518714372 8.518714372 9.518714372 10.518714372 10.537429347 10.537429347 11.518714372 11.537429347 11.537429347 12.518714372 12.537429346 12.537429347 13.518714372 13.537429347 13.537429347 14.518714372 14.537429347 14.537429347 15.518714372 15.537429347 15.537429347 15.556144322 15.556144322 15.556144322 16.518714372 16.537429347 16.537429347 16.556144322 16.556144322 16.556144322 17.518714371 17.537429346 17.537429347 17.556144322 17.556144322 17.556144322 18.518714372 18.537429347 18.537429347 18.556144321 18.556144322 18.556144322 19.518714372 19.537429347 19.537429347 19.556144322 19.556144322 19.556144322 20.518714372 20.537429346 20.537429347 20.556144322 20.556144322 20.556144322 20.574859296 20.574859296 20.574859297 20.574859297 21.518714371 21.537429347 21.537429347 21.556144322 21.556144322 21.556144322 21.574859296 21.574859296 21.574859297 21.574859297 22.518714372 22.537429346 22.537429346 22.556144321 22.556144321 22.556144322 22.574859296 22.574859297 22.574859297 22.574859297 23.518714372 23.537429346 23.537429346 23.556144321 23.556144321 23.556144322 23.574859296 23.574859297 23.574859297 23.574859297 24.518714372 24.537429347 24.537429347 24.556144322 24.556144322 24.556144322 24.574859296 24.574859297 24.574859297 24.574859297

# Ground state and the lowest excitations:
 |    0> = ( 1.0000000, 0.0000000)|   0, 0, 0;0,  0;0,  0> +
            ...
 |    1> = (-1.0000000, 0.0000000)|   1, 0, 0;0,  0;0,  0> +
            ...
 |    2> = ( 1.0000000, 0.0000000)|   2, 0, 0;0,  0;0,  0> +
            ...
 |    3> = (-1.0000000, 0.0000000)|   3, 0, 0;0,  0;0,  0> +
            ...
 |    4> = (-1.0000000,-0.0000000)|   4, 0, 0;0,  0;0,  0> +
            ...
 |    5> = ( 1.0000000,-0.0000000)|   5, 0, 0;0,  0;0,  0> +
            ...
 |    6> = (-0.7169312, 0.0000000)|   0, 1, 0;0,  0;0,  0> +
           ( 0.0000000,-0.6971439)|   0, 0, 1;0,  0;0,  0> +
            ...
 |    7> = ( 0.0000003, 0.7169312)|   0, 0, 1;0,  0;0,  0> +
           (-0.6971439, 0.0000003)|   0, 1, 0;0,  0;0,  0> +
            ...
 |    8> = ( 1.0000000, 0.0000000)|   6, 0, 0;0,  0;0,  0> +
            ...
 |    9> = (-0.0000221,-0.7156552)|   1, 0, 1;0,  0;0,  0> +
           (-0.6984538,-0.0000221)|   1, 1, 0;0,  0;0,  0> +
            ...
 |   10> = ( 0.7156529,-0.0018151)|   1, 1, 0;0,  0;0,  0> +
           (-0.0018151,-0.6984514)|   1, 0, 1;0,  0;0,  0> +
            ...
 |   11> = (-1.0000000, 0.0000000)|   7, 0, 0;0,  0;0,  0> +
            ...
 |   12> = (-0.1316585, 0.6951035)|   2, 0, 1;0,  0;0,  0> +
           (-0.6943799,-0.1316578)|   2, 1, 0;0,  0;0,  0> +
            ...
 |   13> = (-0.7074623,-0.0000670)|   2, 1, 0;0,  0;0,  0> +
           (-0.0000670,-0.7067511)|   2, 0, 1;0,  0;0,  0> +
            ...
 |   14> = ( 1.0000000, 0.0000000)|   8, 0, 0;0,  0;0,  0> +
            ...
 |   15> = (-0.0297575, 0.7163901)|   3, 0, 1;0,  0;0,  0> +
           (-0.6964296,-0.0297574)|   3, 1, 0;0,  0;0,  0> +
            ...
 |   16> = ( 0.7170077, 0.0004200)|   3, 1, 0;0,  0;0,  0> +
           ( 0.0004200, 0.6970650)|   3, 0, 1;0,  0;0,  0> +
            ...
 |   17> = (-1.0000000,-0.0000000)|   9, 0, 0;0,  0;0,  0> +
            ...
 |   18> = ( 0.0016995,-0.7955363)|   4, 0, 1;0,  0;0,  0> +
           (-0.6059012, 0.0016995)|   4, 1, 0;0,  0;0,  0> +
            ...
 |   19> = (-0.7954390,-0.0125574)|   4, 1, 0;0,  0;0,  0> +
           (-0.0125575, 0.6057735)|   4, 0, 1;0,  0;0,  0> +
            ...
 |   20> = ( 1.0000000,-0.0000000)|  10, 0, 0;0,  0;0,  0> +
            ...
 |   21> = ( 0.2021257, 0.6778192)|   5, 1, 0;0,  0;0,  0> +
           ( 0.6778242,-0.2006509)|   5, 0, 1;0,  0;0,  0> +
            ...
 |   22> = ( 0.0007076,-0.7073140)|   5, 0, 1;0,  0;0,  0> +
           (-0.7068988, 0.0007076)|   5, 1, 0;0,  0;0,  0> +
            ...
 |   23> = ( 0.7071068, 0.0000000)|   0, 2, 0;0,  0;0,  0> +
           ( 0.7071068,-0.0000000)|   0, 0, 2;0,  0;0,  0> +
            ...
 |   24> = ( 0.0000026,-1.0000000)|   0, 1, 1;0,  0;0,  0> +
            ...
 # The upper part of the spectrum
 # Eigenvalues first: 544	 last: 594
 22843.578907946 22843.578907946 22843.578908006 22843.578908007 22843.578908187 22843.578908308 22844.578907946 22844.578907946 22844.578908006 22844.578908007 22844.578908187 22844.578908308 22845.578907946 22845.578907946 22845.578908007 22845.578908007 22845.578908187 22845.578908308 22846.578907946 22846.578907946 22846.578908006 22846.578908007 22846.578908187 22846.578908308 22847.578907946 22847.578907946 22847.578908006 22847.578908007 22847.578908187 22847.578908308 22848.578907946 22848.578907946 22848.578908006 22848.578908007 22848.578908187 22848.578908308 22848.597622921 22848.597622921 22848.597622921 22848.597622921 22848.597622981 22848.597622982 22848.597622982 22848.597622982 22848.597623162 22848.597623162 22848.597623283 22848.597623283 22849.578907946 22849.578907946

# Excited states :
 |  543> = ( 0.0006506, 0.9999998)|  33, 3, 3;0,  0;0,  0> +
            ...
 |  544> = ( 0.7033747, 0.0000012)|   0, 0, 0;1, -1;0,  0> +
           (-0.7032168,-0.0000002)|   0, 0, 0;0,  0;1, -1> +
           ( 0.0734275,-0.0012110)|   0, 0, 0;1,  1;0,  0> +
           (-0.0731812, 0.0012310)|   0, 0, 0;0,  0;1,  1> +
           (-0.0000782,-0.0000001)|   0, 0, 0;1,  0;0,  0> +
           (-0.0000620,-0.0000001)|   0, 0, 0;0,  0;1,  0> +
            ...
 |  545> = ( 0.7049769,-0.0117188)|   0, 0, 0;1,  1;0,  0> +
           (-0.7014129, 0.0118396)|   0, 0, 0;0,  0;1,  1> +
           (-0.0734422, 0.0000114)|   0, 0, 0;1, -1;0,  0> +
           ( 0.0731869,-0.0000023)|   0, 0, 0;0,  0;1, -1> +
            ...
 |  546> = ( 0.7066748,-0.0000004)|   0, 0, 0;0,  0;1, -1> +
           ( 0.7064961, 0.0000002)|   0, 0, 0;1, -1;0,  0> +
           ( 0.0271526, 0.0015562)|   0, 0, 0;1,  1;0,  0> +
           ( 0.0270523, 0.0015519)|   0, 0, 0;0,  0;1,  1> +
           (-0.0000878, 0.0000001)|   0, 0, 0;0,  0;1,  0> +
           (-0.0000682, 0.0000001)|   0, 0, 0;1,  0;0,  0> +
            ...
 |  547> = (-0.7072106,-0.0405190)|   0, 0, 0;0,  0;1,  1> +
           (-0.7036317,-0.0404959)|   0, 0, 0;1,  1;0,  0> +
           ( 0.0272122, 0.0000095)|   0, 0, 0;0,  0;1, -1> +
           ( 0.0270813,-0.0000050)|   0, 0, 0;1, -1;0,  0> +
           (-0.0000286,-0.0000034)|   0, 0, 0;0,  0;1,  0> +
           (-0.0000278,-0.0000034)|   0, 0, 0;1,  0;0,  0> +
            ...
 |  548> = ( 0.7071145, 0.0000000)|   0, 0, 0;1,  0;0,  0> +
           ( 0.7070990, 0.0000000)|   0, 0, 0;0,  0;1,  0> +
           ( 0.0001480,-0.0000000)|   0, 0, 0;1, -1;0,  0> +
           (-0.0000389, 0.0000027)|   0, 0, 0;0,  0;1,  1> +
           (-0.0000118, 0.0000012)|   0, 0, 0;1,  1;0,  0> +
            ...
 |  549> = ( 0.7071145, 0.0000000)|   0, 0, 0;0,  0;1,  0> +
           (-0.7070990, 0.0000000)|   0, 0, 0;1,  0;0,  0> +
           ( 0.0000180,-0.0000000)|   0, 0, 0;0,  0;1, -1> +
            ...
 |  550> = (-0.7010320, 0.0616491)|   1, 0, 0;1, -1;0,  0> +
           ( 0.6979101,-0.0615146)|   1, 0, 0;0,  0;1, -1> +
           ( 0.0832156,-0.0073201)|   1, 0, 0;1,  1;0,  0> +
           (-0.0828204, 0.0073000)|   1, 0, 0;0,  0;1,  1> +
            ...
 |  551> = (-0.7031175, 0.0000003)|   1, 0, 0;1,  1;0,  0> +
           ( 0.7012381,-0.0000001)|   1, 0, 0;0,  0;1,  1> +
           (-0.0834245,-0.0000014)|   1, 0, 0;1, -1;0,  0> +
           ( 0.0832544, 0.0000007)|   1, 0, 0;0,  0;1, -1> +
            ...
 |  552> = ( 0.7034983,-0.0332118)|   1, 0, 0;0,  0;1, -1> +
           ( 0.7003887,-0.0329255)|   1, 0, 0;1, -1;0,  0> +
           (-0.0787232, 0.0037758)|   1, 0, 0;0,  0;1,  1> +
           (-0.0783139, 0.0037404)|   1, 0, 0;1,  1;0,  0> +
            ...
 |  553> = (-0.7036626, 0.0000066)|   1, 0, 0;0,  0;1,  1> +
           (-0.7017836, 0.0000069)|   1, 0, 0;1,  1;0,  0> +
           (-0.0786970,-0.0000579)|   1, 0, 0;0,  0;1, -1> +
           (-0.0785203,-0.0000586)|   1, 0, 0;1, -1;0,  0> +
            ...
 |  554> = (-0.7071119, 0.0000000)|   1, 0, 0;0,  0;1,  0> +
           (-0.7071016, 0.0000000)|   1, 0, 0;1,  0;0,  0> +
            ...
 |  555> = (-0.7071119, 0.0000000)|   1, 0, 0;1,  0;0,  0> +
           ( 0.7071016, 0.0000000)|   1, 0, 0;0,  0;1,  0> +
            ...
 |  556> = ( 0.7080225,-0.0000017)|   2, 0, 0;0,  0;1, -1> +
           (-0.7061899, 0.0000003)|   2, 0, 0;1, -1;0,  0> +
           ( 0.0000570,-0.0000000)|   2, 0, 0;1,  1;0,  0> +
           (-0.0000538,-0.0000000)|   2, 0, 0;0,  0;1,  1> +
            ...
 |  557> = (-0.7078628, 0.0460321)|   2, 0, 0;0,  0;1,  1> +
           ( 0.7033490,-0.0459510)|   2, 0, 0;1,  1;0,  0> +
           (-0.0000555, 0.0000036)|   2, 0, 0;0,  0;1, -1> +
           ( 0.0000551,-0.0000036)|   2, 0, 0;1, -1;0,  0> +
            ...
 |  558> = (-0.7080225,-0.0000000)|   2, 0, 0;1, -1;0,  0> +
           (-0.7061899, 0.0000014)|   2, 0, 0;0,  0;1, -1> +
           ( 0.0000571,-0.0000000)|   2, 0, 0;1,  1;0,  0> +
           ( 0.0000569,-0.0000000)|   2, 0, 0;0,  0;1,  1> +
            ...
 |  559> = (-0.7091127, 0.0186502)|   2, 0, 0;1,  1;0,  0> +
           (-0.7046103, 0.0183198)|   2, 0, 0;0,  0;1,  1> +
           (-0.0000588, 0.0000015)|   2, 0, 0;1, -1;0,  0> +
           (-0.0000552, 0.0000015)|   2, 0, 0;0,  0;1, -1> +
            ...
 |  560> = ( 0.7071153,-0.0000000)|   2, 0, 0;0,  0;1,  0> +
           ( 0.7070982,-0.0000000)|   2, 0, 0;1,  0;0,  0> +
            ...
 |  561> = ( 0.7071153,-0.0000000)|   2, 0, 0;1,  0;0,  0> +
           (-0.7070982,-0.0000000)|   2, 0, 0;0,  0;1,  0> +
            ...
 |  562> = (-0.7071853, 0.0005067)|   3, 0, 0;0,  0;1, -1> +
           ( 0.7069870,-0.0005066)|   3, 0, 0;1, -1;0,  0> +
           (-0.0053523,-0.0005069)|   3, 0, 0;1,  1;0,  0> +
           ( 0.0053502, 0.0005070)|   3, 0, 0;0,  0;1,  1> +
            ...
 |  563> = (-0.6909304, 0.1588570)|   3, 0, 0;0,  0;1,  1> +
           ( 0.6869228,-0.1595583)|   3, 0, 0;1,  1;0,  0> +
           (-0.0051169, 0.0016990)|   3, 0, 0;0,  0;1, -1> +
           ( 0.0050800,-0.0017059)|   3, 0, 0;1, -1;0,  0> +
            ...
 |  564> = (-0.7071692, 0.0001808)|   3, 0, 0;1, -1;0,  0> +
           (-0.7069711, 0.0001807)|   3, 0, 0;0,  0;1, -1> +
           ( 0.0071975,-0.0000717)|   3, 0, 0;1,  1;0,  0> +
           ( 0.0071924,-0.0000704)|   3, 0, 0;0,  0;1,  1> +
            ...
 |  565> = ( 0.6998853, 0.1129512)|   3, 0, 0;1,  1;0,  0> +
           ( 0.6959327, 0.1139152)|   3, 0, 0;0,  0;1,  1> +
           ( 0.0071072, 0.0012179)|   3, 0, 0;1, -1;0,  0> +
           ( 0.0070740, 0.0012273)|   3, 0, 0;0,  0;1, -1> +
            ...
 |  566> = (-0.7071211,-0.0000925)|   3, 0, 0;0,  0;1,  0> +
           (-0.7070925,-0.0000925)|   3, 0, 0;1,  0;0,  0> +
            ...
 |  567> = ( 0.7071211, 0.0000000)|   3, 0, 0;1,  0;0,  0> +
           (-0.7070925, 0.0000000)|   3, 0, 0;0,  0;1,  0> +
            ...
 |  568> = ( 0.7074936,-0.0003151)|   4, 0, 0;0,  0;1,  1> +
           (-0.7067196, 0.0003335)|   4, 0, 0;1,  1;0,  0> +
           (-0.0001223, 0.0000001)|   4, 0, 0;0,  0;1, -1> +
           ( 0.0001221,-0.0000001)|   4, 0, 0;1, -1;0,  0> +
            ...
 |  569> = ( 0.7082092, 0.0000023)|   4, 0, 0;1, -1;0,  0> +
           (-0.7060027,-0.0000018)|   4, 0, 0;0,  0;1, -1> +
           ( 0.0001230, 0.0000001)|   4, 0, 0;1,  1;0,  0> +
           (-0.0001214,-0.0000001)|   4, 0, 0;0,  0;1,  1> +
            ...
 |  570> = (-0.7072818,-0.0173112)|   4, 0, 0;1,  1;0,  0> +
           (-0.7065076,-0.0173110)|   4, 0, 0;0,  0;1,  1> +
           ( 0.0001235, 0.0000030)|   4, 0, 0;1, -1;0,  0> +
           ( 0.0001221, 0.0000030)|   4, 0, 0;0,  0;1, -1> +
            ...
 |  571> = (-0.7082092,-0.0000036)|   4, 0, 0;0,  0;1, -1> +
           (-0.7060027,-0.0000041)|   4, 0, 0;1, -1;0,  0> +
           (-0.0001230, 0.0000000)|   4, 0, 0;0,  0;1,  1> +
           (-0.0001227, 0.0000000)|   4, 0, 0;1,  1;0,  0> +
            ...
 |  572> = ( 0.7071476, 0.0016058)|   4, 0, 0;1,  0;0,  0> +
           ( 0.7070623, 0.0016058)|   4, 0, 0;0,  0;1,  0> +
            ...
 |  573> = ( 0.7071494, 0.0000001)|   4, 0, 0;0,  0;1,  0> +
           (-0.7070642, 0.0000001)|   4, 0, 0;1,  0;0,  0> +
            ...
 |  574> = ( 0.3835439, 0.5748201)|   5, 0, 0;1, -1;0,  0> +
           (-0.3832138,-0.5747833)|   5, 0, 0;0,  0;1, -1> +
           (-0.1496212,-0.0155781)|   5, 0, 0;1,  1;0,  0> +
           ( 0.1495346, 0.0160450)|   5, 0, 0;0,  0;1,  1> +
            ...
 |  575> = ( 0.5934332,-0.3546581)|   5, 0, 0;1,  1;0,  0> +
           (-0.5928074, 0.3540993)|   5, 0, 0;0,  0;1,  1> +
           ( 0.1423281, 0.0503188)|   5, 0, 0;1, -1;0,  0> +
           (-0.1414041,-0.0496320)|   5, 0, 0;0,  0;1, -1> +
            ...
 |  576> = (-0.2402264, 0.5245767)|   5, 0, 0;0,  0;1,  1> +
           (-0.2401329, 0.5245757)|   5, 0, 0;1,  1;0,  0> +
           ( 0.3916074, 0.1179745)|   5, 0, 0;0,  0;1, -1> +
           ( 0.3914097, 0.1174360)|   5, 0, 0;1, -1;0,  0> +
            ...
 |  577> = (-0.4597889,-0.3487587)|   5, 0, 0;0,  0;1, -1> +
           (-0.4594849,-0.3486655)|   5, 0, 0;1, -1;0,  0> +
           (-0.2899440, 0.2891680)|   5, 0, 0;0,  0;1,  1> +
           (-0.2887605, 0.2884430)|   5, 0, 0;1,  1;0,  0> +
            ...
 |  578> = ( 0.7035510,-0.0714518)|   5, 0, 0;1,  0;0,  0> +
           ( 0.7034235,-0.0714567)|   5, 0, 0;0,  0;1,  0> +
            ...
 |  579> = ( 0.7071699,-0.0000082)|   5, 0, 0;0,  0;1,  0> +
           (-0.7070436,-0.0000096)|   5, 0, 0;1,  0;0,  0> +
            ...
 |  580> = (-0.0387798, 0.4690957)|   0, 1, 0;0,  0;1, -1> +
           ( 0.0386016,-0.4689061)|   0, 1, 0;1, -1;0,  0> +
           (-0.4570764,-0.0716683)|   0, 0, 1;0,  0;1, -1> +
           ( 0.4564661, 0.0716783)|   0, 0, 1;1, -1;0,  0> +
           (-0.0181421,-0.1939838)|   0, 0, 1;1,  1;0,  0> +
           ( 0.0183745, 0.1937757)|   0, 0, 1;0,  0;1,  1> +
           ( 0.1610088,-0.0305575)|   0, 1, 0;1,  1;0,  0> +
           (-0.1609339, 0.0304183)|   0, 1, 0;0,  0;1,  1> +
           (-0.0001029, 0.0000389)|   0, 0, 1;0,  0;1,  0> +
           ( 0.0000675,-0.0000778)|   0, 0, 1;1,  0;0,  0> +
           ( 0.0000244, 0.0000218)|   0, 1, 0;0,  0;1,  0> +
            ...
 |  581> = ( 0.0227417,-0.3602136)|   0, 0, 1;0,  0;1, -1> +
           (-0.0227548, 0.3596108)|   0, 0, 1;1, -1;0,  0> +
           (-0.3600962, 0.0014833)|   0, 1, 0;1,  1;0,  0> +
           ( 0.3600819,-0.0015569)|   0, 1, 0;0,  0;1,  1> +
           ( 0.3469557,-0.0233841)|   0, 1, 0;0,  0;1, -1> +
           (-0.3467916, 0.0233304)|   0, 1, 0;1, -1;0,  0> +
           ( 0.0008844,-0.3455992)|   0, 0, 1;1,  1;0,  0> +
           (-0.0009377, 0.3455199)|   0, 0, 1;0,  0;1,  1> +
           ( 0.0000109,-0.0000007)|   0, 0, 1;1,  0;0,  0> +
            ...
 |  582> = ( 0.0000002, 0.3538487)|   0, 0, 1;0,  0;1,  1> +
           ( 0.3538418, 0.0000003)|   0, 1, 0;0,  0;1,  1> +
           (-0.0000002,-0.3538344)|   0, 0, 1;1,  1;0,  0> +
           (-0.3538275,-0.0000004)|   0, 1, 0;1,  1;0,  0> +
           (-0.3532797, 0.0000058)|   0, 1, 0;0,  0;1, -1> +
           ( 0.3532735,-0.0000058)|   0, 1, 0;1, -1;0,  0> +
           (-0.0000057, 0.3532632)|   0, 0, 1;0,  0;1, -1> +
           ( 0.0000056,-0.3532575)|   0, 0, 1;1, -1;0,  0> +
            ...
 |  583> = ( 0.4667794, 0.0232142)|   0, 1, 0;1,  1;0,  0> +
           (-0.4665010,-0.0232546)|   0, 1, 0;0,  0;1,  1> +
           ( 0.0185432,-0.4662934)|   0, 0, 1;1,  1;0,  0> +
           (-0.0187760, 0.4656139)|   0, 0, 1;0,  0;1,  1> +
           ( 0.0525662,-0.1735529)|   0, 1, 0;0,  0;1, -1> +
           (-0.0524320, 0.1735131)|   0, 1, 0;1, -1;0,  0> +
           ( 0.1691176, 0.0538503)|   0, 0, 1;0,  0;1, -1> +
           (-0.1687988,-0.0525212)|   0, 0, 1;1, -1;0,  0> +
           ( 0.0002481,-0.0000851)|   0, 0, 1;1,  0;0,  0> +
           ( 0.0000757,-0.0000645)|   0, 1, 0;1,  0;0,  0> +
           ( 0.0000402, 0.0000632)|   0, 0, 1;0,  0;1,  0> +
           (-0.0000242, 0.0000265)|   0, 1, 0;0,  0;1,  0> +
            ...
 |  584> = ( 0.4882187,-0.0220070)|   0, 1, 0;0,  0;1, -1> +
           ( 0.4880969,-0.0219350)|   0, 1, 0;1, -1;0,  0> +
           (-0.0350128,-0.3647904)|   0, 0, 1;1, -1;0,  0> +
           (-0.0349546,-0.3643082)|   0, 0, 1;0,  0;1, -1> +
           ( 0.0846110, 0.3393892)|   0, 0, 1;0,  0;1,  1> +
           ( 0.0845927, 0.3389072)|   0, 0, 1;1,  1;0,  0> +
           ( 0.0370308, 0.0598278)|   0, 1, 0;1,  1;0,  0> +
           ( 0.0361883, 0.0598321)|   0, 1, 0;0,  0;1,  1> +
           ( 0.0000350, 0.0000179)|   0, 0, 1;1,  0;0,  0> +
           ( 0.0000241,-0.0000076)|   0, 1, 0;0,  0;1,  0> +
           (-0.0000014, 0.0000202)|   0, 0, 1;0,  0;1,  0> +
           ( 0.0000139,-0.0000126)|   0, 1, 0;1,  0;0,  0> +
            ...
 |  585> = ( 0.4625812, 0.0025381)|   0, 1, 0;0,  0;1,  1> +
           ( 0.4623539, 0.0025314)|   0, 1, 0;1,  1;0,  0> +
           ( 0.0009069, 0.4506199)|   0, 0, 1;0,  0;1,  1> +
           ( 0.0008988, 0.4505717)|   0, 0, 1;1,  1;0,  0> +
           ( 0.0017404, 0.2253912)|   0, 0, 1;1, -1;0,  0> +
           ( 0.0016824, 0.2252840)|   0, 0, 1;0,  0;1, -1> +
           (-0.1798171, 0.0019572)|   0, 1, 0;1, -1;0,  0> +
           (-0.1796047, 0.0020139)|   0, 1, 0;0,  0;1, -1> +
            ...
 |  586> = ( 0.1557474,-0.4973468)|   0, 1, 0;1,  1;0,  0> +
           ( 0.1557501,-0.4973277)|   0, 1, 0;0,  0;1,  1> +
           (-0.3808976,-0.0807527)|   0, 0, 1;0,  0;1,  1> +
           (-0.3806970,-0.0805660)|   0, 0, 1;1,  1;0,  0> +
           (-0.2481636,-0.0677967)|   0, 0, 1;1, -1;0,  0> +
           (-0.2479445,-0.0677444)|   0, 0, 1;0,  0;1, -1> +
           ( 0.1021589,-0.0184023)|   0, 1, 0;1, -1;0,  0> +
           ( 0.1020273,-0.0184017)|   0, 1, 0;0,  0;1, -1> +
           (-0.0004612, 0.0000349)|   0, 1, 0;1,  0;0,  0> +
           (-0.0002239,-0.0000862)|   0, 1, 0;0,  0;1,  0> +
           (-0.0000220, 0.0000137)|   0, 0, 1;0,  0;1,  0> +
           (-0.0000246,-0.0000010)|   0, 0, 1;1,  0;0,  0> +
            ...
 |  587> = ( 0.0320522, 0.4983068)|   0, 0, 1;1, -1;0,  0> +
           ( 0.0317623, 0.4975999)|   0, 0, 1;0,  0;1, -1> +
           ( 0.4658518, 0.0363236)|   0, 1, 0;1, -1;0,  0> +
           ( 0.4654469, 0.0365671)|   0, 1, 0;0,  0;1, -1> +
           ( 0.0179487,-0.1517939)|   0, 0, 1;0,  0;1,  1> +
           ( 0.0178454,-0.1511953)|   0, 0, 1;1,  1;0,  0> +
           ( 0.0858033, 0.0480952)|   0, 1, 0;0,  0;1,  1> +
           ( 0.0849003, 0.0480384)|   0, 1, 0;1,  1;0,  0> +
           ( 0.0000243,-0.0000108)|   0, 0, 1;1,  0;0,  0> +
           (-0.0000126, 0.0000019)|   0, 1, 0;1,  0;0,  0> +
            ...
 |  588> = ( 0.7060489,-0.0436355)|   0, 0, 1;0,  0;1,  0> +
           ( 0.7054942,-0.0431186)|   0, 0, 1;1,  0;0,  0> +
           ( 0.0020939, 0.0006701)|   0, 1, 0;0,  0;1,  0> +
           ( 0.0020735, 0.0006791)|   0, 1, 0;1,  0;0,  0> +
           (-0.0000145,-0.0001011)|   0, 0, 1;0,  0;1,  1> +
           (-0.0000361, 0.0000901)|   0, 0, 1;1,  1;0,  0> +
           ( 0.0000949,-0.0000061)|   0, 1, 0;0,  0;1,  1> +
           (-0.0000809,-0.0000303)|   0, 1, 0;1,  1;0,  0> +
           (-0.0000201, 0.0000590)|   0, 1, 0;0,  0;1, -1> +
           ( 0.0000522,-0.0000121)|   0, 0, 1;1, -1;0,  0> +
           (-0.0000416,-0.0000026)|   0, 0, 1;0,  0;1, -1> +
           (-0.0000143,-0.0000373)|   0, 1, 0;1, -1;0,  0> +
            ...
 |  589> = ( 0.6845580, 0.1793330)|   0, 1, 0;0,  0;1,  0> +
           ( 0.6832411, 0.1799770)|   0, 1, 0;1,  0;0,  0> +
           (-0.0021898, 0.0002567)|   0, 0, 1;0,  0;1,  0> +
           (-0.0021604, 0.0002573)|   0, 0, 1;1,  0;0,  0> +
           ( 0.0001044,-0.0002403)|   0, 1, 0;1,  1;0,  0> +
           ( 0.0001353,-0.0002099)|   0, 1, 0;0,  0;1,  1> +
           (-0.0001845,-0.0000672)|   0, 0, 1;1,  1;0,  0> +
           (-0.0001539,-0.0000985)|   0, 0, 1;0,  0;1,  1> +
           (-0.0001261,-0.0000295)|   0, 0, 1;1, -1;0,  0> +
           (-0.0001126,-0.0000486)|   0, 0, 1;0,  0;1, -1> +
           ( 0.0000543,-0.0000018)|   0, 1, 0;1, -1;0,  0> +
           ( 0.0000348,-0.0000154)|   0, 1, 0;0,  0;1, -1> +
            ...
 |  590> = (-0.5910946, 0.3886123)|   0, 0, 1;1,  0;0,  0> +
           ( 0.5903407,-0.3886931)|   0, 0, 1;0,  0;1,  0> +
           ( 0.0012388, 0.0000427)|   0, 1, 0;0,  0;1,  0> +
           (-0.0012150,-0.0000556)|   0, 1, 0;1,  0;0,  0> +
           ( 0.0000101,-0.0001150)|   0, 0, 1;1,  1;0,  0> +
           ( 0.0001131, 0.0000046)|   0, 1, 0;1,  1;0,  0> +
           ( 0.0000013, 0.0001121)|   0, 0, 1;0,  0;1,  1> +
           (-0.0001000,-0.0000024)|   0, 1, 0;0,  0;1,  1> +
           ( 0.0000141,-0.0000428)|   0, 1, 0;1, -1;0,  0> +
           (-0.0000414,-0.0000057)|   0, 0, 1;0,  0;1, -1> +
           ( 0.0000238, 0.0000317)|   0, 1, 0;0,  0;1, -1> +
           ( 0.0000312,-0.0000014)|   0, 0, 1;1, -1;0,  0> +
            ...
 |  591> = (-0.5899316, 0.3908504)|   0, 1, 0;1,  0;0,  0> +
           ( 0.5884774,-0.3910345)|   0, 1, 0;0,  0;1,  0> +
           (-0.0004441, 0.0011495)|   0, 0, 1;0,  0;1,  0> +
           ( 0.0004280,-0.0011462)|   0, 0, 1;1,  0;0,  0> +
           ( 0.0000238, 0.0001100)|   0, 1, 0;1,  1;0,  0> +
           (-0.0000637, 0.0000824)|   0, 1, 0;0,  0;1,  1> +
           ( 0.0000834,-0.0000363)|   0, 0, 1;1,  1;0,  0> +
           ( 0.0000570, 0.0000505)|   0, 0, 1;0,  0;1,  1> +
           ( 0.0000692, 0.0000008)|   0, 0, 1;0,  0;1, -1> +
           ( 0.0000327, 0.0000088)|   0, 0, 1;1, -1;0,  0> +
           (-0.0000198, 0.0000272)|   0, 1, 0;1, -1;0,  0> +
           (-0.0000283,-0.0000103)|   0, 1, 0;0,  0;1, -1> +
            ...
 |  592> = (-0.6285056,-0.2972495)|   6, 0, 0;0,  0;1,  1> +
           ( 0.6248126, 0.2976163)|   6, 0, 0;1,  1;0,  0> +
           (-0.1306563,-0.0421485)|   6, 0, 0;0,  0;1, -1> +
           ( 0.1305370, 0.0420684)|   6, 0, 0;1, -1;0,  0> +
            ...
 |  593> = (-0.6962251,-0.0201411)|   6, 0, 0;1, -1;0,  0> +
           ( 0.6905191, 0.0197879)|   6, 0, 0;0,  0;1, -1> +
           ( 0.1354912, 0.0218289)|   6, 0, 0;1,  1;0,  0> +
           (-0.1354354,-0.0219007)|   6, 0, 0;0,  0;1,  1> +
            ...
