# Parameters of the model
#  mass:		  261.0000 u
#  charge:	    1.0000 e
#  dipole:	   6.00000 D
#  B:		    503.65 MHz
#  omega_rho:	    1.4000 MHz
#  omega_z:	  0.160000 MHz

# omega_1:	  0.277128 MHz
# omega_3/5:	   1.39083 MHz

# Basis truncation:	|34,4,4;2,2>
# Basis size:		44064

# Active terms of the Hamiltionian:
# 	Nomal modes:	1
# 	T_rot:      	1
# 	V_qd^{(0)}: 	1
# 	V_qd^{(1)}: 	1
# 	V_dd^{(0)}: 	1

# Results of the diagonalisation
# 100 smallest eigenvalues
 5.518695275 6.518695275 7.518695275 8.518695275 9.518695275 10.518695275 10.537410250 10.537410250 11.518695275 11.537410250 11.537410250 12.518695275 12.537410250 12.537410250 13.518695275 13.537410250 13.537410250 14.518695275 14.537410250 14.537410250 15.518695275 15.537410250 15.537410250 15.556125225 15.556125225 15.556125225 16.518695275 16.537410250 16.537410250 16.556125225 16.556125225 16.556125225 17.518695275 17.537410250 17.537410250 17.556125225 17.556125225 17.556125225 18.518695275 18.537410249 18.537410250 18.556125225 18.556125225 18.556125225 19.518695275 19.537410250 19.537410250 19.556125225 19.556125225 19.556125225 20.518695275 20.537410249 20.537410250 20.556125225 20.556125225 20.556125225 20.574840200 20.574840200 20.574840200 20.574840201 21.518695274 21.537410250 21.537410250 21.556125225 21.556125225 21.556125225 21.574840200 21.574840200 21.574840200 21.574840200 22.518695274 22.537410249 22.537410250 22.556125225 22.556125225 22.556125225 22.574840200 22.574840200 22.574840200 22.574840200 23.518695275 23.537410249 23.537410250 23.556125225 23.556125225 23.556125225 23.574840200 23.574840200 23.574840200 23.574840200 24.518695274 24.537410249 24.537410249 24.556125224 24.556125225 24.556125225 24.574840200 24.574840200 24.574840200 24.574840200

# Ground state and the lowest excitations:
 |    0> = ( 1.0000000, 0.0000000)|   0, 0, 0;0,  0;0,  0> +
           ( 0.0000208,-0.0000000)|   0, 0, 0;0,  0;1,  0> +
           (-0.0000208,-0.0000000)|   0, 0, 0;1,  0;0,  0> +
            ...
 |    1> = ( 1.0000000, 0.0000000)|   1, 0, 0;0,  0;0,  0> +
           ( 0.0000208, 0.0000000)|   1, 0, 0;0,  0;1,  0> +
           (-0.0000208, 0.0000000)|   1, 0, 0;1,  0;0,  0> +
            ...
 |    2> = ( 1.0000000,-0.0000000)|   2, 0, 0;0,  0;0,  0> +
           ( 0.0000208, 0.0000000)|   2, 0, 0;0,  0;1,  0> +
           (-0.0000208, 0.0000000)|   2, 0, 0;1,  0;0,  0> +
            ...
 |    3> = (-1.0000000, 0.0000000)|   3, 0, 0;0,  0;0,  0> +
           ( 0.0000208, 0.0000000)|   3, 0, 0;1,  0;0,  0> +
           (-0.0000208,-0.0000000)|   3, 0, 0;0,  0;1,  0> +
            ...
 |    4> = (-1.0000000, 0.0000000)|   4, 0, 0;0,  0;0,  0> +
           ( 0.0000208, 0.0000000)|   4, 0, 0;1,  0;0,  0> +
           (-0.0000208, 0.0000000)|   4, 0, 0;0,  0;1,  0> +
            ...
 |    5> = ( 1.0000000, 0.0000000)|   5, 0, 0;0,  0;0,  0> +
           ( 0.0000208, 0.0000000)|   5, 0, 0;0,  0;1,  0> +
           (-0.0000208,-0.0000000)|   5, 0, 0;1,  0;0,  0> +
            ...
 |    6> = (-0.7300566, 0.0000010)|   0, 1, 0;0,  0;0,  0> +
           ( 0.0000010,-0.6833867)|   0, 0, 1;0,  0;0,  0> +
           (-0.0000152, 0.0000000)|   0, 1, 0;0,  0;1,  0> +
           ( 0.0000152,-0.0000000)|   0, 1, 0;1,  0;0,  0> +
           (-0.0000000, 0.0000142)|   0, 0, 1;1,  0;0,  0> +
           ( 0.0000000,-0.0000142)|   0, 0, 1;0,  0;1,  0> +
            ...
 |    7> = ( 0.0000309, 0.7300566)|   0, 0, 1;0,  0;0,  0> +
           (-0.6833867, 0.0000309)|   0, 1, 0;0,  0;0,  0> +
           ( 0.0000000, 0.0000152)|   0, 0, 1;0,  0;1,  0> +
           (-0.0000000,-0.0000152)|   0, 0, 1;1,  0;0,  0> +
           ( 0.0000142,-0.0000000)|   0, 1, 0;1,  0;0,  0> +
           (-0.0000142, 0.0000000)|   0, 1, 0;0,  0;1,  0> +
            ...
 |    8> = (-1.0000000, 0.0000000)|   6, 0, 0;0,  0;0,  0> +
           ( 0.0000208,-0.0000000)|   6, 0, 0;1,  0;0,  0> +
           (-0.0000208, 0.0000000)|   6, 0, 0;0,  0;1,  0> +
            ...
 |    9> = (-0.0002305,-0.7107392)|   1, 0, 1;0,  0;0,  0> +
           (-0.7034556,-0.0002305)|   1, 1, 0;0,  0;0,  0> +
           (-0.0000000,-0.0000148)|   1, 0, 1;0,  0;1,  0> +
           ( 0.0000000, 0.0000148)|   1, 0, 1;1,  0;0,  0> +
           ( 0.0000146, 0.0000000)|   1, 1, 0;1,  0;0,  0> +
           (-0.0000146,-0.0000000)|   1, 1, 0;0,  0;1,  0> +
            ...
 |   10> = (-0.7093538, 0.0443555)|   1, 1, 0;0,  0;0,  0> +
           ( 0.0443587, 0.7020556)|   1, 0, 1;0,  0;0,  0> +
           ( 0.0000147,-0.0000009)|   1, 1, 0;1,  0;0,  0> +
           (-0.0000147, 0.0000009)|   1, 1, 0;0,  0;1,  0> +
           (-0.0000009,-0.0000146)|   1, 0, 1;1,  0;0,  0> +
           ( 0.0000009, 0.0000146)|   1, 0, 1;0,  0;1,  0> +
            ...
 |   11> = ( 1.0000000,-0.0000000)|   7, 0, 0;0,  0;0,  0> +
           ( 0.0000208,-0.0000000)|   7, 0, 0;0,  0;1,  0> +
           (-0.0000208, 0.0000000)|   7, 0, 0;1,  0;0,  0> +
            ...
 |   12> = ( 0.7413842, 0.0057962)|   2, 1, 0;0,  0;0,  0> +
           ( 0.0057966,-0.6710308)|   2, 0, 1;0,  0;0,  0> +
           ( 0.0000154, 0.0000001)|   2, 1, 0;0,  0;1,  0> +
           (-0.0000154,-0.0000001)|   2, 1, 0;1,  0;0,  0> +
           ( 0.0000001,-0.0000139)|   2, 0, 1;0,  0;1,  0> +
           (-0.0000001, 0.0000139)|   2, 0, 1;1,  0;0,  0> +
            ...
 |   13> = ( 0.0002889,-0.7414068)|   2, 0, 1;0,  0;0,  0> +
           (-0.6710558, 0.0002889)|   2, 1, 0;0,  0;0,  0> +
           ( 0.0000000,-0.0000154)|   2, 0, 1;0,  0;1,  0> +
           (-0.0000000, 0.0000154)|   2, 0, 1;1,  0;0,  0> +
           (-0.0000139, 0.0000000)|   2, 1, 0;0,  0;1,  0> +
           ( 0.0000139,-0.0000000)|   2, 1, 0;1,  0;0,  0> +
            ...
 |   14> = (-1.0000000,-0.0000000)|   8, 0, 0;0,  0;0,  0> +
           (-0.0000208,-0.0000000)|   8, 0, 0;0,  0;1,  0> +
           ( 0.0000208, 0.0000000)|   8, 0, 0;1,  0;0,  0> +
            ...
 |   15> = ( 0.0000014,-0.7443336)|   3, 0, 1;0,  0;0,  0> +
           (-0.6678080, 0.0000014)|   3, 1, 0;0,  0;0,  0> +
           (-0.0000000, 0.0000155)|   3, 0, 1;1,  0;0,  0> +
           ( 0.0000000,-0.0000155)|   3, 0, 1;0,  0;1,  0> +
           ( 0.0000139,-0.0000000)|   3, 1, 0;1,  0;0,  0> +
           (-0.0000139, 0.0000000)|   3, 1, 0;0,  0;1,  0> +
            ...
 |   16> = (-0.7443336,-0.0000254)|   3, 1, 0;0,  0;0,  0> +
           (-0.0000254, 0.6678080)|   3, 0, 1;0,  0;0,  0> +
           (-0.0000155,-0.0000000)|   3, 1, 0;0,  0;1,  0> +
           ( 0.0000155, 0.0000000)|   3, 1, 0;1,  0;0,  0> +
           ( 0.0000000,-0.0000139)|   3, 0, 1;1,  0;0,  0> +
           (-0.0000000, 0.0000139)|   3, 0, 1;0,  0;1,  0> +
            ...
 |   17> = ( 1.0000000,-0.0000000)|   9, 0, 0;0,  0;0,  0> +
           (-0.0000208, 0.0000000)|   9, 0, 0;1,  0;0,  0> +
           ( 0.0000208,-0.0000000)|   9, 0, 0;0,  0;1,  0> +
            ...
 |   18> = ( 0.7337861,-0.0002141)|   4, 1, 0;0,  0;0,  0> +
           (-0.0002141, 0.6793805)|   4, 0, 1;0,  0;0,  0> +
           (-0.0000152, 0.0000000)|   4, 1, 0;1,  0;0,  0> +
           ( 0.0000152,-0.0000000)|   4, 1, 0;0,  0;1,  0> +
           ( 0.0000000,-0.0000141)|   4, 0, 1;1,  0;0,  0> +
           (-0.0000000, 0.0000141)|   4, 0, 1;0,  0;1,  0> +
            ...
 |   19> = (-0.0055645,-0.7337650)|   4, 0, 1;0,  0;0,  0> +
           ( 0.6793578,-0.0055642)|   4, 1, 0;0,  0;0,  0> +
           ( 0.0000001, 0.0000152)|   4, 0, 1;1,  0;0,  0> +
           (-0.0000001,-0.0000152)|   4, 0, 1;0,  0;1,  0> +
           (-0.0000141, 0.0000001)|   4, 1, 0;1,  0;0,  0> +
           ( 0.0000141,-0.0000001)|   4, 1, 0;0,  0;1,  0> +
            ...
 |   20> = ( 1.0000000,-0.0000000)|  10, 0, 0;0,  0;0,  0> +
           (-0.0000208, 0.0000000)|  10, 0, 0;1,  0;0,  0> +
           ( 0.0000208,-0.0000000)|  10, 0, 0;0,  0;1,  0> +
            ...
 |   21> = (-0.0048647,-0.7205860)|   5, 0, 1;0,  0;0,  0> +
           ( 0.6933315,-0.0048644)|   5, 1, 0;0,  0;0,  0> +
           ( 0.0000001, 0.0000150)|   5, 0, 1;1,  0;0,  0> +
           (-0.0000001,-0.0000150)|   5, 0, 1;0,  0;1,  0> +
           ( 0.0000144,-0.0000001)|   5, 1, 0;0,  0;1,  0> +
           (-0.0000144, 0.0000001)|   5, 1, 0;1,  0;0,  0> +
            ...
 |   22> = (-0.7206024, 0.0000936)|   5, 1, 0;0,  0;0,  0> +
           ( 0.0000936,-0.6933485)|   5, 0, 1;0,  0;0,  0> +
           (-0.0000150, 0.0000000)|   5, 1, 0;0,  0;1,  0> +
           ( 0.0000150,-0.0000000)|   5, 1, 0;1,  0;0,  0> +
           (-0.0000000, 0.0000144)|   5, 0, 1;1,  0;0,  0> +
           ( 0.0000000,-0.0000144)|   5, 0, 1;0,  0;1,  0> +
            ...
 |   23> = ( 0.7114938, 0.0000000)|   0, 2, 0;0,  0;0,  0> +
           (-0.7026924,-0.0000000)|   0, 0, 2;0,  0;0,  0> +
           ( 0.0000148, 0.0000000)|   0, 2, 0;0,  0;1,  0> +
           (-0.0000148, 0.0000000)|   0, 2, 0;1,  0;0,  0> +
           (-0.0000146,-0.0000000)|   0, 0, 2;0,  0;1,  0> +
           ( 0.0000146,-0.0000000)|   0, 0, 2;1,  0;0,  0> +
            ...
 |   24> = (-0.7114938,-0.0000000)|   0, 0, 2;0,  0;0,  0> +
           (-0.7026924, 0.0000000)|   0, 2, 0;0,  0;0,  0> +
           (-0.0000148,-0.0000000)|   0, 0, 2;0,  0;1,  0> +
           ( 0.0000148,-0.0000000)|   0, 0, 2;1,  0;0,  0> +
           ( 0.0000146, 0.0000000)|   0, 2, 0;1,  0;0,  0> +
           (-0.0000146, 0.0000000)|   0, 2, 0;0,  0;1,  0> +
            ...
 # The upper part of the spectrum
 # Eigenvalues first: 544	 last: 594
 22843.578894576 22843.578894576 22843.578896551 22843.578896551 22843.578902454 22843.578906403 22844.578894576 22844.578894576 22844.578896551 22844.578896551 22844.578902454 22844.578906403 22845.578894576 22845.578894576 22845.578896551 22845.578896551 22845.578902454 22845.578906403 22846.578894576 22846.578894576 22846.578896551 22846.578896551 22846.578902454 22846.578906403 22847.578894576 22847.578894576 22847.578896551 22847.578896551 22847.578902454 22847.578906403 22848.578894576 22848.578894576 22848.578896550 22848.578896551 22848.578902454 22848.578906403 22848.597609551 22848.597609551 22848.597609551 22848.597609552 22848.597611526 22848.597611526 22848.597611526 22848.597611526 22848.597617429 22848.597617429 22848.597621378 22848.597621378 22849.578894576 22849.578894576

# Excited states :
 |  543> = (-0.0002336,-1.0000000)|  33, 3, 3;0,  0;0,  0> +
           ( 0.0000000, 0.0000208)|  33, 3, 3;1,  0;0,  0> +
           (-0.0000000,-0.0000208)|  33, 3, 3;0,  0;1,  0> +
            ...
 |  544> = (-0.7062625, 0.0000006)|   0, 0, 0;0,  0;1, -1> +
           ( 0.7061855,-0.0000006)|   0, 0, 0;1, -1;0,  0> +
           (-0.0353025, 0.0012943)|   0, 0, 0;0,  0;1,  1> +
           ( 0.0352943,-0.0012941)|   0, 0, 0;1,  1;0,  0> +
           ( 0.0000147,-0.0000000)|   0, 0, 0;1,  0;1, -1> +
           ( 0.0000147,-0.0000000)|   0, 0, 0;1, -1;1,  0> +
            ...
 |  545> = ( 0.7057994,-0.0256522)|   0, 0, 0;1,  1;0,  0> +
           (-0.7057166, 0.0256516)|   0, 0, 0;0,  0;1,  1> +
           (-0.0353233,-0.0000110)|   0, 0, 0;1, -1;0,  0> +
           ( 0.0353210, 0.0000114)|   0, 0, 0;0,  0;1, -1> +
           ( 0.0000147,-0.0000005)|   0, 0, 0;1,  1;1,  0> +
           ( 0.0000147,-0.0000005)|   0, 0, 0;1,  0;1,  1> +
            ...
 |  546> = ( 0.6872072, 0.0000014)|   0, 0, 0;1, -1;0,  0> +
           ( 0.6871297, 0.0000013)|   0, 0, 0;0,  0;1, -1> +
           ( 0.1667121, 0.0029649)|   0, 0, 0;0,  0;1,  1> +
           ( 0.1666987, 0.0029653)|   0, 0, 0;1,  1;0,  0> +
           ( 0.0000143, 0.0000000)|   0, 0, 0;1, -1;1,  0> +
           (-0.0000143,-0.0000000)|   0, 0, 0;1,  0;1, -1> +
            ...
 |  547> = ( 0.6871010, 0.0121950)|   0, 0, 0;0,  0;1,  1> +
           ( 0.6870196, 0.0121959)|   0, 0, 0;1,  1;0,  0> +
           (-0.1667348, 0.0000059)|   0, 0, 0;1, -1;0,  0> +
           (-0.1667287, 0.0000054)|   0, 0, 0;0,  0;1, -1> +
           (-0.0000143,-0.0000003)|   0, 0, 0;1,  0;1,  1> +
           ( 0.0000143, 0.0000003)|   0, 0, 0;1,  1;1,  0> +
            ...
 |  548> = ( 0.7071068,-0.0000386)|   0, 0, 0;1,  0;0,  0> +
           ( 0.7071068,-0.0000386)|   0, 0, 0;0,  0;1,  0> +
            ...
 |  549> = (-0.7071068, 0.0000000)|   0, 0, 0;0,  0;1,  0> +
           ( 0.7071068, 0.0000000)|   0, 0, 0;1,  0;0,  0> +
           ( 0.0000294, 0.0000000)|   0, 0, 0;1,  0;1,  0> +
           ( 0.0000294, 0.0000000)|   0, 0, 0;0,  0;0,  0> +
            ...
 |  550> = ( 0.6403103, 0.0002756)|   1, 0, 0;0,  0;1, -1> +
           (-0.6403001,-0.0002755)|   1, 0, 0;1, -1;0,  0> +
           (-0.3000194, 0.0006262)|   1, 0, 0;1,  1;0,  0> +
           ( 0.3000098,-0.0006261)|   1, 0, 0;0,  0;1,  1> +
           (-0.0000133,-0.0000000)|   1, 0, 0;1,  0;1, -1> +
           (-0.0000133,-0.0000000)|   1, 0, 0;1, -1;1,  0> +
            ...
 |  551> = (-0.6398009, 0.0266007)|   1, 0, 0;1,  1;0,  0> +
           ( 0.6397044,-0.0265928)|   1, 0, 0;0,  0;1,  1> +
           (-0.2998292, 0.0117113)|   1, 0, 0;0,  0;1, -1> +
           ( 0.2997443,-0.0117032)|   1, 0, 0;1, -1;0,  0> +
           (-0.0000133, 0.0000006)|   1, 0, 0;1,  1;1,  0> +
           (-0.0000133, 0.0000006)|   1, 0, 0;1,  0;1,  1> +
            ...
 |  552> = ( 0.5228945,-0.0429012)|   1, 0, 0;1, -1;0,  0> +
           ( 0.5228392,-0.0428991)|   1, 0, 0;0,  0;1, -1> +
           ( 0.4724461,-0.0402398)|   1, 0, 0;0,  0;1,  1> +
           ( 0.4723305,-0.0402356)|   1, 0, 0;1,  1;0,  0> +
           ( 0.0000109,-0.0000009)|   1, 0, 0;1, -1;1,  0> +
           (-0.0000109, 0.0000009)|   1, 0, 0;1,  0;1, -1> +
            ...
 |  553> = ( 0.5246330,-0.0007486)|   1, 0, 0;0,  0;1,  1> +
           ( 0.5246137,-0.0007483)|   1, 0, 0;1,  1;0,  0> +
           (-0.4741015,-0.0007980)|   1, 0, 0;1, -1;0,  0> +
           (-0.4740951,-0.0007978)|   1, 0, 0;0,  0;1, -1> +
           (-0.0000109, 0.0000000)|   1, 0, 0;1,  0;1,  1> +
           ( 0.0000109,-0.0000000)|   1, 0, 0;1,  1;1,  0> +
            ...
 |  554> = (-0.7071068,-0.0000000)|   1, 0, 0;0,  0;1,  0> +
           (-0.7071068,-0.0000000)|   1, 0, 0;1,  0;0,  0> +
            ...
 |  555> = (-0.7071068,-0.0000000)|   1, 0, 0;1,  0;0,  0> +
           ( 0.7071068,-0.0000000)|   1, 0, 0;0,  0;1,  0> +
           (-0.0000294,-0.0000000)|   1, 0, 0;1,  0;1,  0> +
           (-0.0000294, 0.0000000)|   1, 0, 0;0,  0;0,  0> +
            ...
 |  556> = ( 0.1342053,-0.6942677)|   2, 0, 0;1,  1;0,  0> +
           (-0.1341570, 0.6942501)|   2, 0, 0;0,  0;1,  1> +
           (-0.0000082, 0.0000426)|   2, 0, 0;1, -1;0,  0> +
           ( 0.0000082,-0.0000426)|   2, 0, 0;0,  0;1, -1> +
           ( 0.0000028,-0.0000144)|   2, 0, 0;1,  1;1,  0> +
           ( 0.0000028,-0.0000144)|   2, 0, 0;1,  0;1,  1> +
            ...
 |  557> = (-0.7071506, 0.0000000)|   2, 0, 0;0,  0;1, -1> +
           ( 0.7070629, 0.0000000)|   2, 0, 0;1, -1;0,  0> +
           ( 0.0000442,-0.0000002)|   2, 0, 0;1,  1;0,  0> +
           (-0.0000426,-0.0000002)|   2, 0, 0;0,  0;1,  1> +
           ( 0.0000147,-0.0000000)|   2, 0, 0;1,  0;1, -1> +
           ( 0.0000147, 0.0000000)|   2, 0, 0;1, -1;1,  0> +
            ...
 |  558> = ( 0.7071506, 0.0000000)|   2, 0, 0;1, -1;0,  0> +
           ( 0.7070629,-0.0000000)|   2, 0, 0;0,  0;1, -1> +
           ( 0.0000425, 0.0000000)|   2, 0, 0;1,  1;0,  0> +
           ( 0.0000425, 0.0000000)|   2, 0, 0;0,  0;1,  1> +
           ( 0.0000147, 0.0000000)|   2, 0, 0;1, -1;1,  0> +
           (-0.0000147, 0.0000000)|   2, 0, 0;1,  0;1, -1> +
            ...
 |  559> = (-0.6841338, 0.1788286)|   2, 0, 0;0,  0;1,  1> +
           (-0.6841193, 0.1787793)|   2, 0, 0;1,  1;0,  0> +
           ( 0.0000420,-0.0000108)|   2, 0, 0;1, -1;0,  0> +
           ( 0.0000403,-0.0000108)|   2, 0, 0;0,  0;1, -1> +
           ( 0.0000142,-0.0000037)|   2, 0, 0;1,  0;1,  1> +
           (-0.0000142, 0.0000037)|   2, 0, 0;1,  1;1,  0> +
            ...
 |  560> = ( 0.7071077, 0.0000000)|   2, 0, 0;0,  0;1,  0> +
           ( 0.7071059, 0.0000000)|   2, 0, 0;1,  0;0,  0> +
            ...
 |  561> = (-0.7071077,-0.0000000)|   2, 0, 0;1,  0;0,  0> +
           ( 0.7071059,-0.0000000)|   2, 0, 0;0,  0;1,  0> +
           (-0.0000294, 0.0000000)|   2, 0, 0;1,  0;1,  0> +
           (-0.0000294, 0.0000000)|   2, 0, 0;0,  0;0,  0> +
            ...
 |  562> = (-0.7071484,-0.0000001)|   3, 0, 0;0,  0;1, -1> +
           ( 0.7070606, 0.0000001)|   3, 0, 0;1, -1;0,  0> +
           ( 0.0017996,-0.0000000)|   3, 0, 0;0,  0;1,  1> +
           (-0.0017994, 0.0000000)|   3, 0, 0;1,  1;0,  0> +
           ( 0.0000147, 0.0000000)|   3, 0, 0;1,  0;1, -1> +
           ( 0.0000147, 0.0000000)|   3, 0, 0;1, -1;1,  0> +
            ...
 |  563> = ( 0.7071512,-0.0036716)|   3, 0, 0;0,  0;1,  1> +
           (-0.7070387, 0.0036706)|   3, 0, 0;1,  1;0,  0> +
           ( 0.0017997,-0.0000093)|   3, 0, 0;0,  0;1, -1> +
           (-0.0017994, 0.0000093)|   3, 0, 0;1, -1;0,  0> +
           (-0.0000147, 0.0000001)|   3, 0, 0;1,  0;1,  1> +
           (-0.0000147, 0.0000001)|   3, 0, 0;1,  1;1,  0> +
            ...
 |  564> = ( 0.7071483, 0.0000000)|   3, 0, 0;1, -1;0,  0> +
           ( 0.7070605,-0.0000000)|   3, 0, 0;0,  0;1, -1> +
           (-0.0018294, 0.0000002)|   3, 0, 0;1,  1;0,  0> +
           (-0.0018292, 0.0000002)|   3, 0, 0;0,  0;1,  1> +
           ( 0.0000147, 0.0000000)|   3, 0, 0;1, -1;1,  0> +
           (-0.0000147, 0.0000000)|   3, 0, 0;1,  0;1, -1> +
            ...
 |  565> = ( 0.7071378,-0.0056876)|   3, 0, 0;1,  1;0,  0> +
           ( 0.7070253,-0.0056871)|   3, 0, 0;0,  0;1,  1> +
           ( 0.0018294,-0.0000145)|   3, 0, 0;1, -1;0,  0> +
           ( 0.0018291,-0.0000145)|   3, 0, 0;0,  0;1, -1> +
           ( 0.0000147,-0.0000001)|   3, 0, 0;1,  1;1,  0> +
           (-0.0000147, 0.0000001)|   3, 0, 0;1,  0;1,  1> +
            ...
 |  566> = ( 0.7071071,-0.0001057)|   3, 0, 0;0,  0;1,  0> +
           ( 0.7071065,-0.0001057)|   3, 0, 0;1,  0;0,  0> +
            ...
 |  567> = ( 0.7071071,-0.0000000)|   3, 0, 0;1,  0;0,  0> +
           (-0.7071065,-0.0000000)|   3, 0, 0;0,  0;1,  0> +
           ( 0.0000294,-0.0000000)|   3, 0, 0;1,  0;1,  0> +
           ( 0.0000294, 0.0000000)|   3, 0, 0;0,  0;0,  0> +
            ...
 |  568> = (-0.7071073, 0.0024055)|   4, 0, 0;1,  1;0,  0> +
           ( 0.7070980,-0.0024055)|   4, 0, 0;0,  0;1,  1> +
           (-0.0003232, 0.0000011)|   4, 0, 0;1, -1;0,  0> +
           ( 0.0003232,-0.0000011)|   4, 0, 0;0,  0;1, -1> +
           (-0.0000147, 0.0000000)|   4, 0, 0;1,  1;1,  0> +
           (-0.0000147, 0.0000000)|   4, 0, 0;1,  0;1,  1> +
            ...
 |  569> = (-0.7071090, 0.0000001)|   4, 0, 0;0,  0;1, -1> +
           ( 0.7071044,-0.0000001)|   4, 0, 0;1, -1;0,  0> +
           (-0.0003241,-0.0000001)|   4, 0, 0;1,  1;0,  0> +
           ( 0.0003224,-0.0000001)|   4, 0, 0;0,  0;1,  1> +
           ( 0.0000147,-0.0000000)|   4, 0, 0;1,  0;1, -1> +
           ( 0.0000147,-0.0000000)|   4, 0, 0;1, -1;1,  0> +
            ...
 |  570> = ( 0.7026212, 0.0795611)|   4, 0, 0;0,  0;1,  1> +
           ( 0.7026119, 0.0795602)|   4, 0, 0;1,  1;0,  0> +
           ( 0.0003194, 0.0000360)|   4, 0, 0;1, -1;0,  0> +
           ( 0.0003177, 0.0000360)|   4, 0, 0;0,  0;1, -1> +
           (-0.0000146,-0.0000017)|   4, 0, 0;1,  0;1,  1> +
           ( 0.0000146, 0.0000017)|   4, 0, 0;1,  1;1,  0> +
            ...
 |  571> = (-0.7071090, 0.0000001)|   4, 0, 0;1, -1;0,  0> +
           (-0.7071044, 0.0000001)|   4, 0, 0;0,  0;1, -1> +
           ( 0.0003205, 0.0000000)|   4, 0, 0;1,  1;0,  0> +
           ( 0.0003205, 0.0000000)|   4, 0, 0;0,  0;1,  1> +
           (-0.0000147, 0.0000000)|   4, 0, 0;1, -1;1,  0> +
           ( 0.0000147,-0.0000000)|   4, 0, 0;1,  0;1, -1> +
            ...
 |  572> = (-0.7070952, 0.0041519)|   4, 0, 0;1,  0;0,  0> +
           (-0.7070940, 0.0041519)|   4, 0, 0;0,  0;1,  0> +
            ...
 |  573> = (-0.7071073, 0.0000000)|   4, 0, 0;0,  0;1,  0> +
           ( 0.7071062, 0.0000000)|   4, 0, 0;1,  0;0,  0> +
           ( 0.0000294,-0.0000000)|   4, 0, 0;1,  0;1,  0> +
           ( 0.0000294, 0.0000000)|   4, 0, 0;0,  0;0,  0> +
            ...
 |  574> = ( 0.7034929,-0.0175416)|   5, 0, 0;1,  1;0,  0> +
           (-0.7034791, 0.0175425)|   5, 0, 0;0,  0;1,  1> +
           (-0.0692567,-0.0018087)|   5, 0, 0;0,  0;1, -1> +
           ( 0.0692564, 0.0018088)|   5, 0, 0;1, -1;0,  0> +
           ( 0.0000146,-0.0000004)|   5, 0, 0;1,  1;1,  0> +
           ( 0.0000146,-0.0000004)|   5, 0, 0;1,  0;1,  1> +
            ...
 |  575> = ( 0.7037681,-0.0049140)|   5, 0, 0;0,  0;1, -1> +
           (-0.7036069, 0.0049135)|   5, 0, 0;1, -1;0,  0> +
           (-0.0691719, 0.0040175)|   5, 0, 0;0,  0;1,  1> +
           ( 0.0691553,-0.0040178)|   5, 0, 0;1,  1;0,  0> +
           (-0.0000146, 0.0000001)|   5, 0, 0;1,  0;1, -1> +
           (-0.0000146, 0.0000001)|   5, 0, 0;1, -1;1,  0> +
            ...
 |  576> = (-0.7023029,-0.0415907)|   5, 0, 0;0,  0;1,  1> +
           (-0.7022892,-0.0415911)|   5, 0, 0;1,  1;0,  0> +
           (-0.0710034,-0.0030196)|   5, 0, 0;0,  0;1, -1> +
           (-0.0710018,-0.0030196)|   5, 0, 0;1, -1;0,  0> +
           ( 0.0000146, 0.0000009)|   5, 0, 0;1,  0;1,  1> +
           (-0.0000146,-0.0000009)|   5, 0, 0;1,  1;1,  0> +
            ...
 |  577> = (-0.7036041, 0.0021059)|   5, 0, 0;1, -1;0,  0> +
           (-0.7034426, 0.0021048)|   5, 0, 0;0,  0;1, -1> +
           ( 0.0710672, 0.0009701)|   5, 0, 0;1,  1;0,  0> +
           ( 0.0710530, 0.0009710)|   5, 0, 0;0,  0;1,  1> +
           (-0.0000146, 0.0000000)|   5, 0, 0;1, -1;1,  0> +
           ( 0.0000146,-0.0000000)|   5, 0, 0;1,  0;1, -1> +
            ...
 |  578> = (-0.7071073, 0.0011030)|   5, 0, 0;1,  0;0,  0> +
           (-0.7071046, 0.0011030)|   5, 0, 0;0,  0;1,  0> +
            ...
 |  579> = ( 0.7071081, 0.0000000)|   5, 0, 0;0,  0;1,  0> +
           (-0.7071054,-0.0000000)|   5, 0, 0;1,  0;0,  0> +
           (-0.0000294,-0.0000000)|   5, 0, 0;1,  0;1,  0> +
           (-0.0000294,-0.0000000)|   5, 0, 0;0,  0;0,  0> +
            ...
 |  580> = ( 0.3550575,-0.0000007)|   0, 1, 0;0,  0;1, -1> +
           (-0.3550575, 0.0000007)|   0, 1, 0;1, -1;0,  0> +
           (-0.0000038, 0.3532145)|   0, 0, 1;1,  1;0,  0> +
           ( 0.0000038,-0.3532139)|   0, 0, 1;0,  0;1,  1> +
           ( 0.3531242, 0.0000027)|   0, 1, 0;1,  1;0,  0> +
           (-0.3531237,-0.0000027)|   0, 1, 0;0,  0;1,  1> +
           ( 0.0000057, 0.3528138)|   0, 0, 1;1, -1;0,  0> +
           (-0.0000057,-0.3528132)|   0, 0, 1;0,  0;1, -1> +
            ...
 |  581> = ( 0.0416081,-0.5511660)|   0, 0, 1;1, -1;0,  0> +
           (-0.0416088, 0.5510903)|   0, 0, 1;0,  0;1, -1> +
           (-0.0258646, 0.3901930)|   0, 0, 1;1,  1;0,  0> +
           ( 0.0258735,-0.3901074)|   0, 0, 1;0,  0;1,  1> +
           ( 0.1992103, 0.0209386)|   0, 1, 0;1,  1;0,  0> +
           (-0.1992089,-0.0209301)|   0, 1, 0;0,  0;1,  1> +
           ( 0.0386168, 0.0051972)|   0, 1, 0;1, -1;0,  0> +
           (-0.0385945,-0.0051928)|   0, 1, 0;0,  0;1, -1> +
           ( 0.0000009,-0.0000114)|   0, 0, 1;1, -1;1,  0> +
           ( 0.0000009,-0.0000114)|   0, 0, 1;1,  0;1, -1> +
            ...
 |  582> = (-0.6097549,-0.0002916)|   0, 1, 0;0,  0;1, -1> +
           ( 0.6097523, 0.0002921)|   0, 1, 0;1, -1;0,  0> +
           (-0.0023377,-0.2358276)|   0, 0, 1;0,  0;1, -1> +
           ( 0.0023375, 0.2357950)|   0, 0, 1;1, -1;0,  0> +
           (-0.2147300,-0.0013871)|   0, 1, 0;0,  0;1,  1> +
           ( 0.2147077, 0.0013876)|   0, 1, 0;1,  1;0,  0> +
           ( 0.0012424,-0.1627395)|   0, 0, 1;0,  0;1,  1> +
           (-0.0012417, 0.1627162)|   0, 0, 1;1,  1;0,  0> +
           ( 0.0000127, 0.0000000)|   0, 1, 0;1,  0;1, -1> +
           ( 0.0000127, 0.0000000)|   0, 1, 0;1, -1;1,  0> +
            ...
 |  583> = ( 0.5376248, 0.0063720)|   0, 1, 0;1,  1;0,  0> +
           (-0.5376129,-0.0063694)|   0, 1, 0;0,  0;1,  1> +
           ( 0.0002871, 0.4425943)|   0, 0, 1;0,  0;1,  1> +
           (-0.0002834,-0.4425529)|   0, 0, 1;1,  1;0,  0> +
           ( 0.0059166,-0.1200244)|   0, 0, 1;1, -1;0,  0> +
           (-0.0059178, 0.1199897)|   0, 0, 1;0,  0;1, -1> +
           ( 0.0248650,-0.0007380)|   0, 1, 0;0,  0;1, -1> +
           (-0.0248013, 0.0007396)|   0, 1, 0;1, -1;0,  0> +
           ( 0.0000112, 0.0000001)|   0, 1, 0;1,  1;1,  0> +
           ( 0.0000112, 0.0000001)|   0, 1, 0;1,  0;1,  1> +
            ...
 |  584> = ( 0.0088386, 0.5289403)|   0, 0, 1;1,  1;0,  0> +
           ( 0.0088374, 0.5289391)|   0, 0, 1;0,  0;1,  1> +
           ( 0.3728884, 0.0074782)|   0, 1, 0;0,  0;1,  1> +
           ( 0.3728786, 0.0074757)|   0, 1, 0;1,  1;0,  0> +
           (-0.0013442, 0.2730693)|   0, 0, 1;1, -1;0,  0> +
           (-0.0013410, 0.2730273)|   0, 0, 1;0,  0;1, -1> +
           (-0.0803323, 0.0062475)|   0, 1, 0;0,  0;1, -1> +
           (-0.0802973, 0.0062471)|   0, 1, 0;1, -1;0,  0> +
           ( 0.0000002, 0.0000110)|   0, 0, 1;1,  1;1,  0> +
           (-0.0000002,-0.0000110)|   0, 0, 1;1,  0;1,  1> +
            ...
 |  585> = ( 0.0026121, 0.5646496)|   0, 0, 1;0,  0;1, -1> +
           ( 0.0026225, 0.5645740)|   0, 0, 1;1, -1;0,  0> +
           (-0.0277275,-0.3595269)|   0, 0, 1;0,  0;1,  1> +
           (-0.0277314,-0.3594874)|   0, 0, 1;1,  1;0,  0> +
           ( 0.1778452,-0.0187567)|   0, 1, 0;1, -1;0,  0> +
           ( 0.1778242,-0.0187582)|   0, 1, 0;0,  0;1, -1> +
           ( 0.1363396,-0.0251875)|   0, 1, 0;1,  1;0,  0> +
           ( 0.1362828,-0.0251955)|   0, 1, 0;0,  0;1,  1> +
           (-0.0000001,-0.0000117)|   0, 0, 1;1,  0;1, -1> +
           ( 0.0000001, 0.0000117)|   0, 0, 1;1, -1;1,  0> +
            ...
 |  586> = ( 0.6732644,-0.0057134)|   0, 1, 0;1, -1;0,  0> +
           ( 0.6732620,-0.0057129)|   0, 1, 0;0,  0;1, -1> +
           ( 0.0094393, 0.1869727)|   0, 0, 1;1,  1;0,  0> +
           ( 0.0094376, 0.1869543)|   0, 0, 1;0,  0;1,  1> +
           ( 0.0222580,-0.0755147)|   0, 0, 1;0,  0;1, -1> +
           ( 0.0222542,-0.0754604)|   0, 0, 1;1, -1;0,  0> +
           (-0.0656793, 0.0337144)|   0, 1, 0;1,  1;0,  0> +
           (-0.0656089, 0.0337170)|   0, 1, 0;0,  0;1,  1> +
           ( 0.0000140,-0.0000001)|   0, 1, 0;1, -1;1,  0> +
           (-0.0000140, 0.0000001)|   0, 1, 0;1,  0;1, -1> +
            ...
 |  587> = (-0.2542262,-0.5211721)|   0, 1, 0;0,  0;1,  1> +
           (-0.2542199,-0.5211548)|   0, 1, 0;1,  1;0,  0> +
           (-0.2960884, 0.1130947)|   0, 0, 1;0,  0;1, -1> +
           (-0.2960802, 0.1130902)|   0, 0, 1;1, -1;0,  0> +
           (-0.1952824, 0.1302001)|   0, 0, 1;0,  0;1,  1> +
           (-0.1952756, 0.1302001)|   0, 0, 1;1,  1;0,  0> +
           (-0.0104041,-0.0900528)|   0, 1, 0;0,  0;1, -1> +
           (-0.0104023,-0.0900504)|   0, 1, 0;1, -1;0,  0> +
           ( 0.0000053, 0.0000108)|   0, 1, 0;1,  0;1,  1> +
           (-0.0000053,-0.0000108)|   0, 1, 0;1,  1;1,  0> +
            ...
 |  588> = ( 0.1545087, 0.6578858)|   0, 0, 1;1,  0;0,  0> +
           ( 0.1545097, 0.6578640)|   0, 0, 1;0,  0;1,  0> +
           (-0.2081228, 0.0035668)|   0, 1, 0;0,  0;1,  0> +
           (-0.2081214, 0.0035669)|   0, 1, 0;1,  0;0,  0> +
            ...
 |  589> = (-0.6740722, 0.0482849)|   0, 1, 0;1,  0;0,  0> +
           (-0.6740243, 0.0482844)|   0, 1, 0;0,  0;1,  0> +
           (-0.0585326,-0.1997618)|   0, 0, 1;0,  0;1,  0> +
           (-0.0585368,-0.1997439)|   0, 0, 1;1,  0;0,  0> +
            ...
 |  590> = ( 0.6455994, 0.0009000)|   0, 1, 0;0,  0;1,  0> +
           (-0.6455484,-0.0009029)|   0, 1, 0;1,  0;0,  0> +
           (-0.0550877, 0.2831973)|   0, 0, 1;1,  0;0,  0> +
           ( 0.0550916,-0.2831901)|   0, 0, 1;0,  0;1,  0> +
           (-0.0000268,-0.0000000)|   0, 1, 0;1,  0;1,  0> +
           (-0.0000268,-0.0000000)|   0, 1, 0;0,  0;0,  0> +
           (-0.0000023, 0.0000118)|   0, 0, 1;1,  0;1,  0> +
           (-0.0000023, 0.0000118)|   0, 0, 1;0,  0;0,  0> +
            ...
 |  591> = ( 0.1222903,-0.6338960)|   0, 0, 1;0,  0;1,  0> +
           (-0.1222921, 0.6338758)|   0, 0, 1;1,  0;0,  0> +
           ( 0.2885039,-0.0000440)|   0, 1, 0;1,  0;0,  0> +
           (-0.2885006, 0.0000440)|   0, 1, 0;0,  0;1,  0> +
           (-0.0000051, 0.0000263)|   0, 0, 1;1,  0;1,  0> +
           (-0.0000051, 0.0000263)|   0, 0, 1;0,  0;0,  0> +
           ( 0.0000120,-0.0000000)|   0, 1, 0;1,  0;1,  0> +
           ( 0.0000120,-0.0000000)|   0, 1, 0;0,  0;0,  0> +
            ...
 |  592> = ( 0.7069684,-0.0153922)|   6, 0, 0;0,  0;1,  1> +
           (-0.7069099, 0.0153940)|   6, 0, 0;1,  1;0,  0> +
           (-0.0003257,-0.0000015)|   6, 0, 0;0,  0;1, -1> +
           ( 0.0003257, 0.0000015)|   6, 0, 0;1, -1;0,  0> +
           (-0.0000147, 0.0000003)|   6, 0, 0;1,  0;1,  1> +
           (-0.0000147, 0.0000003)|   6, 0, 0;1,  1;1,  0> +
            ...
 |  593> = (-0.7071315, 0.0000477)|   6, 0, 0;1, -1;0,  0> +
           ( 0.7070819,-0.0000477)|   6, 0, 0;0,  0;1, -1> +
           (-0.0003257, 0.0000086)|   6, 0, 0;1,  1;0,  0> +
           ( 0.0003255,-0.0000086)|   6, 0, 0;0,  0;1,  1> +
           (-0.0000147, 0.0000000)|   6, 0, 0;1, -1;1,  0> +
           (-0.0000147, 0.0000000)|   6, 0, 0;1,  0;1, -1> +
            ...
