# Parameters of the model
#  mass:		  261.0000 u
#  charge:	    1.0000 e
#  dipole:	   2.00000 D
#  B:		    503.65 MHz
#  omega_rho:	    1.4000 MHz
#  omega_z:	  0.160000 MHz

# omega_1:	  0.277128 MHz
# omega_3/5:	   1.39083 MHz

# Basis truncation:	|34,4,4;2,2>
# Basis size:		44064

# Active terms of the Hamiltionian:
# 	Nomal modes:	1
# 	T_rot:      	1
# 	V_qd^{(0)}: 	1
# 	V_qd^{(1)}: 	1
# 	V_dd^{(0)}: 	1

# Results of the diagonalisation
# 100 smallest eigenvalues
 5.518712786 6.518712786 7.518712786 8.518712786 9.518712786 10.518712786 10.537427761 10.537427761 11.518712786 11.537427761 11.537427761 12.518712786 12.537427761 12.537427761 13.518712786 13.537427761 13.537427761 14.518712786 14.537427761 14.537427761 15.518712786 15.537427761 15.537427761 15.556142736 15.556142736 15.556142736 16.518712786 16.537427761 16.537427761 16.556142736 16.556142736 16.556142736 17.518712786 17.537427761 17.537427761 17.556142736 17.556142736 17.556142736 18.518712787 18.537427761 18.537427762 18.556142736 18.556142736 18.556142736 19.518712786 19.537427761 19.537427761 19.556142736 19.556142736 19.556142736 20.518712786 20.537427760 20.537427761 20.556142736 20.556142736 20.556142736 20.574857711 20.574857711 20.574857711 20.574857711 21.518712786 21.537427760 21.537427761 21.556142735 21.556142736 21.556142736 21.574857711 21.574857711 21.574857711 21.574857711 22.518712786 22.537427761 22.537427761 22.556142736 22.556142736 22.556142736 22.574857711 22.574857711 22.574857711 22.574857711 23.518712786 23.537427761 23.537427761 23.556142736 23.556142736 23.556142736 23.574857711 23.574857711 23.574857711 23.574857712 24.518712786 24.537427761 24.537427761 24.556142736 24.556142736 24.556142736 24.574857711 24.574857711 24.574857711 24.574857711

# Ground state and the lowest excitations:
 |    0> = ( 1.0000000, 0.0000000)|   0, 0, 0;0,  0;0,  0> +
            ...
 |    1> = (-1.0000000, 0.0000000)|   1, 0, 0;0,  0;0,  0> +
            ...
 |    2> = ( 1.0000000, 0.0000000)|   2, 0, 0;0,  0;0,  0> +
            ...
 |    3> = ( 1.0000000, 0.0000000)|   3, 0, 0;0,  0;0,  0> +
            ...
 |    4> = (-1.0000000, 0.0000000)|   4, 0, 0;0,  0;0,  0> +
            ...
 |    5> = (-1.0000000, 0.0000000)|   5, 0, 0;0,  0;0,  0> +
            ...
 |    6> = ( 0.7074320,-0.0000000)|   0, 1, 0;0,  0;0,  0> +
           (-0.0000000, 0.7067814)|   0, 0, 1;0,  0;0,  0> +
            ...
 |    7> = ( 0.0000606, 0.7074320)|   0, 0, 1;0,  0;0,  0> +
           (-0.7067814, 0.0000606)|   0, 1, 0;0,  0;0,  0> +
            ...
 |    8> = ( 1.0000000, 0.0000000)|   6, 0, 0;0,  0;0,  0> +
            ...
 |    9> = (-0.0034190,-0.7424065)|   1, 0, 1;0,  0;0,  0> +
           (-0.6699323,-0.0034190)|   1, 1, 0;0,  0;0,  0> +
            ...
 |   10> = (-0.7394455, 0.0663281)|   1, 1, 0;0,  0;0,  0> +
           ( 0.0663286, 0.6666495)|   1, 0, 1;0,  0;0,  0> +
            ...
 |   11> = (-1.0000000, 0.0000000)|   7, 0, 0;0,  0;0,  0> +
            ...
 |   12> = ( 0.7072618, 0.0006059)|   2, 1, 0;0,  0;0,  0> +
           ( 0.0006059, 0.7069512)|   2, 0, 1;0,  0;0,  0> +
            ...
 |   13> = ( 0.6856682,-0.1734324)|   2, 0, 1;0,  0;0,  0> +
           ( 0.1721814, 0.6856631)|   2, 1, 0;0,  0;0,  0> +
            ...
 |   14> = (-1.0000000,-0.0000000)|   8, 0, 0;0,  0;0,  0> +
            ...
 |   15> = ( 0.0058122,-0.7110394)|   3, 0, 1;0,  0;0,  0> +
           ( 0.7031041, 0.0058121)|   3, 1, 0;0,  0;0,  0> +
            ...
 |   16> = ( 0.7110632, 0.0000326)|   3, 1, 0;0,  0;0,  0> +
           ( 0.0000326, 0.7031281)|   3, 0, 1;0,  0;0,  0> +
            ...
 |   17> = ( 1.0000000, 0.0000000)|   9, 0, 0;0,  0;0,  0> +
            ...
 |   18> = ( 0.0001199, 0.7240561)|   4, 0, 1;0,  0;0,  0> +
           ( 0.6897411, 0.0001199)|   4, 1, 0;0,  0;0,  0> +
            ...
 |   19> = (-0.7240392, 0.0049377)|   4, 1, 0;0,  0;0,  0> +
           ( 0.0049377, 0.6897234)|   4, 0, 1;0,  0;0,  0> +
            ...
 |   20> = (-1.0000000, 0.0000000)|  10, 0, 0;0,  0;0,  0> +
            ...
 |   21> = ( 0.0001629,-0.7302528)|   5, 0, 1;0,  0;0,  0> +
           (-0.6831770, 0.0001628)|   5, 1, 0;0,  0;0,  0> +
            ...
 |   22> = ( 0.7302365, 0.0048890)|   5, 1, 0;0,  0;0,  0> +
           ( 0.0048891,-0.6831595)|   5, 0, 1;0,  0;0,  0> +
            ...
 |   23> = (-0.7071068, 0.0000000)|   0, 0, 2;0,  0;0,  0> +
           ( 0.7071068,-0.0000000)|   0, 2, 0;0,  0;0,  0> +
            ...
 |   24> = (-0.7071068, 0.0000000)|   0, 2, 0;0,  0;0,  0> +
           (-0.7071068,-0.0000000)|   0, 0, 2;0,  0;0,  0> +
            ...
 # The upper part of the spectrum
 # Eigenvalues first: 544	 last: 594
 22843.578906836 22843.578906836 22843.578907055 22843.578907055 22843.578907711 22843.578908150 22844.578906836 22844.578906836 22844.578907055 22844.578907055 22844.578907711 22844.578908150 22845.578906836 22845.578906836 22845.578907055 22845.578907056 22845.578907711 22845.578908150 22846.578906836 22846.578906836 22846.578907055 22846.578907055 22846.578907711 22846.578908150 22847.578906836 22847.578906836 22847.578907055 22847.578907055 22847.578907711 22847.578908150 22848.578906836 22848.578906836 22848.578907055 22848.578907055 22848.578907711 22848.578908150 22848.597621811 22848.597621811 22848.597621811 22848.597621811 22848.597622030 22848.597622030 22848.597622030 22848.597622031 22848.597622686 22848.597622686 22848.597623125 22848.597623125 22849.578906836 22849.578906836

# Excited states :
 |  543> = (-0.0002254, 1.0000000)|  33, 3, 3;0,  0;0,  0> +
            ...
 |  544> = ( 0.5872109,-0.2943709)|   0, 0, 0;1,  1;0,  0> +
           (-0.5872543, 0.2942730)|   0, 0, 0;0,  0;1,  1> +
           (-0.2618110, 0.0000958)|   0, 0, 0;1, -1;0,  0> +
           ( 0.2617631,-0.0001040)|   0, 0, 0;0,  0;1, -1> +
           (-0.0000297, 0.0000030)|   0, 0, 0;0,  0;1,  0> +
           (-0.0000289, 0.0000030)|   0, 0, 0;1,  0;0,  0> +
            ...
 |  545> = ( 0.6569077, 0.0000384)|   0, 0, 0;1, -1;0,  0> +
           (-0.6568160,-0.0000414)|   0, 0, 0;0,  0;1, -1> +
           (-0.2341108, 0.1171833)|   0, 0, 0;0,  0;1,  1> +
           ( 0.2340666,-0.1172090)|   0, 0, 0;1,  1;0,  0> +
           ( 0.0000542, 0.0000012)|   0, 0, 0;0,  0;1,  0> +
           ( 0.0000523, 0.0000012)|   0, 0, 0;1,  0;0,  0> +
            ...
 |  546> = (-0.6974972, 0.0000246)|   0, 0, 0;0,  0;1, -1> +
           (-0.6973980, 0.0000204)|   0, 0, 0;1, -1;0,  0> +
           (-0.0959424,-0.0660463)|   0, 0, 0;0,  0;1,  1> +
           (-0.0959593,-0.0660188)|   0, 0, 0;1,  1;0,  0> +
           ( 0.0000258, 0.0000012)|   0, 0, 0;0,  0;1,  0> +
           ( 0.0000234, 0.0000012)|   0, 0, 0;1,  0;0,  0> +
            ...
 |  547> = (-0.5741005,-0.3960378)|   0, 0, 0;1,  1;0,  0> +
           (-0.5740323,-0.3961261)|   0, 0, 0;0,  0;1,  1> +
           ( 0.1164920, 0.0001478)|   0, 0, 0;0,  0;1, -1> +
           ( 0.1164617, 0.0001238)|   0, 0, 0;1, -1;0,  0> +
            ...
 |  548> = (-0.7071089,-0.0000000)|   0, 0, 0;0,  0;1,  0> +
           (-0.7071047,-0.0000000)|   0, 0, 0;1,  0;0,  0> +
           (-0.0000837,-0.0000000)|   0, 0, 0;0,  0;1, -1> +
           ( 0.0000370,-0.0000001)|   0, 0, 0;1, -1;0,  0> +
           (-0.0000205, 0.0000015)|   0, 0, 0;1,  1;0,  0> +
            ...
 |  549> = ( 0.7071089, 0.0000000)|   0, 0, 0;1,  0;0,  0> +
           (-0.7071047, 0.0000000)|   0, 0, 0;0,  0;1,  0> +
            ...
 |  550> = ( 0.6912668,-0.0005404)|   1, 0, 0;1, -1;0,  0> +
           (-0.6902406, 0.0005482)|   1, 0, 0;0,  0;1, -1> +
           ( 0.1512728,-0.0001027)|   1, 0, 0;1,  1;0,  0> +
           (-0.1511094, 0.0001041)|   1, 0, 0;0,  0;1,  1> +
            ...
 |  551> = (-0.6909033,-0.0000028)|   1, 0, 0;1,  1;0,  0> +
           ( 0.6906049, 0.0000029)|   1, 0, 0;0,  0;1,  1> +
           ( 0.1512446,-0.0000151)|   1, 0, 0;1, -1;0,  0> +
           (-0.1511377, 0.0000152)|   1, 0, 0;0,  0;1, -1> +
            ...
 |  552> = ( 0.6846236, 0.0056955)|   1, 0, 0;0,  0;1, -1> +
           ( 0.6836073, 0.0056956)|   1, 0, 0;1, -1;0,  0> +
           ( 0.1788497, 0.0008899)|   1, 0, 0;0,  0;1,  1> +
           ( 0.1786560, 0.0008902)|   1, 0, 0;1,  1;0,  0> +
            ...
 |  553> = ( 0.6842827,-0.0000898)|   1, 0, 0;0,  0;1,  1> +
           ( 0.6839959,-0.0000899)|   1, 0, 0;1,  1;0,  0> +
           (-0.1788374,-0.0005748)|   1, 0, 0;0,  0;1, -1> +
           (-0.1786709,-0.0005745)|   1, 0, 0;1, -1;0,  0> +
            ...
 |  554> = (-0.7071086,-0.0000000)|   1, 0, 0;0,  0;1,  0> +
           (-0.7071050,-0.0000000)|   1, 0, 0;1,  0;0,  0> +
            ...
 |  555> = (-0.7071086,-0.0000000)|   1, 0, 0;1,  0;0,  0> +
           ( 0.7071050,-0.0000000)|   1, 0, 0;0,  0;1,  0> +
            ...
 |  556> = ( 0.7071995, 0.0000005)|   2, 0, 0;1, -1;0,  0> +
           (-0.7070139,-0.0000005)|   2, 0, 0;0,  0;1, -1> +
           (-0.0003600,-0.0000000)|   2, 0, 0;1,  1;0,  0> +
           ( 0.0003581,-0.0000000)|   2, 0, 0;0,  0;1,  1> +
            ...
 |  557> = (-0.7075456, 0.0081054)|   2, 0, 0;1,  1;0,  0> +
           ( 0.7065745,-0.0081065)|   2, 0, 0;0,  0;1,  1> +
           (-0.0003592, 0.0000041)|   2, 0, 0;1, -1;0,  0> +
           ( 0.0003588,-0.0000041)|   2, 0, 0;0,  0;1, -1> +
            ...
 |  558> = (-0.7071995,-0.0000008)|   2, 0, 0;0,  0;1, -1> +
           (-0.7070139,-0.0000008)|   2, 0, 0;1, -1;0,  0> +
           ( 0.0003537, 0.0000000)|   2, 0, 0;0,  0;1,  1> +
           ( 0.0003536, 0.0000000)|   2, 0, 0;1,  1;0,  0> +
            ...
 |  559> = (-0.7075915,-0.0008875)|   2, 0, 0;0,  0;1,  1> +
           (-0.7066204,-0.0008984)|   2, 0, 0;1,  1;0,  0> +
           (-0.0003543,-0.0000004)|   2, 0, 0;1, -1;0,  0> +
           (-0.0003530,-0.0000004)|   2, 0, 0;0,  0;1, -1> +
            ...
 |  560> = (-0.7071079,-0.0000002)|   2, 0, 0;0,  0;1,  0> +
           (-0.7071057,-0.0000002)|   2, 0, 0;1,  0;0,  0> +
            ...
 |  561> = (-0.7071079,-0.0000000)|   2, 0, 0;1,  0;0,  0> +
           ( 0.7071057,-0.0000000)|   2, 0, 0;0,  0;1,  0> +
            ...
 |  562> = (-0.7068276,-0.0047390)|   3, 0, 0;0,  0;1,  1> +
           ( 0.7067920, 0.0047389)|   3, 0, 0;1,  1;0,  0> +
           ( 0.0199365, 0.0001098)|   3, 0, 0;1, -1;0,  0> +
           (-0.0199355,-0.0001098)|   3, 0, 0;0,  0;1, -1> +
            ...
 |  563> = (-0.7073289,-0.0000741)|   3, 0, 0;0,  0;1, -1> +
           ( 0.7063221, 0.0000743)|   3, 0, 0;1, -1;0,  0> +
           ( 0.0199469, 0.0000252)|   3, 0, 0;0,  0;1,  1> +
           (-0.0199257,-0.0000266)|   3, 0, 0;1,  1;0,  0> +
            ...
 |  564> = ( 0.6949005,-0.1304401)|   3, 0, 0;1,  1;0,  0> +
           ( 0.6948653,-0.1304337)|   3, 0, 0;0,  0;1,  1> +
           ( 0.0109507,-0.0020233)|   3, 0, 0;0,  0;1, -1> +
           ( 0.0109462,-0.0020238)|   3, 0, 0;1, -1;0,  0> +
            ...
 |  565> = (-0.7075222,-0.0000327)|   3, 0, 0;1, -1;0,  0> +
           (-0.7065156,-0.0000323)|   3, 0, 0;0,  0;1, -1> +
           ( 0.0111488,-0.0000305)|   3, 0, 0;1,  1;0,  0> +
           ( 0.0111188,-0.0000306)|   3, 0, 0;0,  0;1,  1> +
            ...
 |  566> = ( 0.7071151, 0.0001606)|   3, 0, 0;1,  0;0,  0> +
           ( 0.7070985, 0.0001606)|   3, 0, 0;0,  0;1,  0> +
            ...
 |  567> = ( 0.7071151, 0.0000000)|   3, 0, 0;0,  0;1,  0> +
           (-0.7070985, 0.0000000)|   3, 0, 0;1,  0;0,  0> +
            ...
 |  568> = ( 0.7075645,-0.0000002)|   4, 0, 0;0,  0;1, -1> +
           (-0.7066487,-0.0000000)|   4, 0, 0;1, -1;0,  0> +
           (-0.0002329,-0.0000001)|   4, 0, 0;0,  0;1,  1> +
           ( 0.0002290,-0.0000002)|   4, 0, 0;1,  1;0,  0> +
            ...
 |  569> = (-0.7039864, 0.0683155)|   4, 0, 0;1,  1;0,  0> +
           ( 0.7036105,-0.0683255)|   4, 0, 0;0,  0;1,  1> +
           (-0.0002299, 0.0000223)|   4, 0, 0;1, -1;0,  0> +
           ( 0.0002298,-0.0000223)|   4, 0, 0;0,  0;1, -1> +
            ...
 |  570> = ( 0.7075645, 0.0000001)|   4, 0, 0;1, -1;0,  0> +
           ( 0.7066487,-0.0000002)|   4, 0, 0;0,  0;1, -1> +
           (-0.0002319,-0.0000001)|   4, 0, 0;1,  1;0,  0> +
           (-0.0002316,-0.0000001)|   4, 0, 0;0,  0;1,  1> +
            ...
 |  571> = ( 0.7048637, 0.0585742)|   4, 0, 0;0,  0;1,  1> +
           ( 0.7044880, 0.0585893)|   4, 0, 0;1,  1;0,  0> +
           ( 0.0002328, 0.0000191)|   4, 0, 0;0,  0;1, -1> +
           ( 0.0002291, 0.0000191)|   4, 0, 0;1, -1;0,  0> +
            ...
 |  572> = (-0.7070111,-0.0119440)|   4, 0, 0;0,  0;1,  0> +
           (-0.7070007,-0.0119440)|   4, 0, 0;1,  0;0,  0> +
            ...
 |  573> = ( 0.7071119, 0.0000001)|   4, 0, 0;1,  0;0,  0> +
           (-0.7071016, 0.0000001)|   4, 0, 0;0,  0;1,  0> +
            ...
 |  574> = (-0.5300844, 0.0064660)|   5, 0, 0;0,  0;1, -1> +
           ( 0.5298233,-0.0065716)|   5, 0, 0;1, -1;0,  0> +
           ( 0.4679738, 0.0113755)|   5, 0, 0;0,  0;1,  1> +
           (-0.4679257,-0.0113782)|   5, 0, 0;1,  1;0,  0> +
            ...
 |  575> = (-0.5297600, 0.0182956)|   5, 0, 0;0,  0;1,  1> +
           ( 0.5295646,-0.0191909)|   5, 0, 0;1,  1;0,  0> +
           ( 0.4668881,-0.0336723)|   5, 0, 0;1, -1;0,  0> +
           (-0.4668636, 0.0336553)|   5, 0, 0;0,  0;1, -1> +
            ...
 |  576> = ( 0.6600775, 0.2535907)|   5, 0, 0;1, -1;0,  0> +
           ( 0.6598750, 0.2536039)|   5, 0, 0;0,  0;1, -1> +
           (-0.0096849, 0.0052738)|   5, 0, 0;1,  1;0,  0> +
           (-0.0094882, 0.0052828)|   5, 0, 0;0,  0;1,  1> +
            ...
 |  577> = ( 0.0175203,-0.7068809)|   5, 0, 0;1,  1;0,  0> +
           ( 0.0181913,-0.7067120)|   5, 0, 0;0,  0;1,  1> +
           ( 0.0088407,-0.0068077)|   5, 0, 0;0,  0;1, -1> +
           ( 0.0082416,-0.0068761)|   5, 0, 0;1, -1;0,  0> +
            ...
 |  578> = (-0.7070440,-0.0099155)|   5, 0, 0;0,  0;1,  0> +
           (-0.7070306,-0.0099147)|   5, 0, 0;1,  0;0,  0> +
            ...
 |  579> = ( 0.7071135,-0.0000002)|   5, 0, 0;1,  0;0,  0> +
           (-0.7071001,-0.0000004)|   5, 0, 0;0,  0;1,  0> +
            ...
 |  580> = (-0.0471681, 0.3748381)|   0, 0, 1;1, -1;0,  0> +
           ( 0.0471987,-0.3745297)|   0, 0, 1;0,  0;1, -1> +
           (-0.3654053,-0.0447595)|   0, 1, 0;0,  0;1, -1> +
           ( 0.3651245, 0.0447496)|   0, 1, 0;1, -1;0,  0> +
           (-0.0158336, 0.3376503)|   0, 0, 1;0,  0;1,  1> +
           ( 0.0158129,-0.3373600)|   0, 0, 1;1,  1;0,  0> +
           (-0.3281156,-0.0134046)|   0, 1, 0;0,  0;1,  1> +
           ( 0.3280085, 0.0133842)|   0, 1, 0;1,  1;0,  0> +
           ( 0.0000653,-0.0000683)|   0, 0, 1;0,  0;1,  0> +
           ( 0.0000606,-0.0000582)|   0, 0, 1;1,  0;0,  0> +
           (-0.0000212, 0.0000194)|   0, 1, 0;1,  0;0,  0> +
           ( 0.0000063,-0.0000156)|   0, 1, 0;0,  0;1,  0> +
            ...
 |  581> = ( 0.4125184, 0.0203790)|   0, 1, 0;0,  0;1,  1> +
           (-0.4124526,-0.0203730)|   0, 1, 0;1,  1;0,  0> +
           ( 0.0448172,-0.3695579)|   0, 0, 1;0,  0;1, -1> +
           (-0.0448564, 0.3694369)|   0, 0, 1;1, -1;0,  0> +
           ( 0.0157404,-0.3281554)|   0, 0, 1;0,  0;1,  1> +
           (-0.0157396, 0.3280084)|   0, 0, 1;1,  1;0,  0> +
           ( 0.2853640, 0.0402100)|   0, 1, 0;1, -1;0,  0> +
           (-0.2852506,-0.0401916)|   0, 1, 0;0,  0;1, -1> +
           (-0.0000431, 0.0000427)|   0, 0, 1;1,  0;0,  0> +
           (-0.0000209, 0.0000095)|   0, 0, 1;0,  0;1,  0> +
            ...
 |  582> = ( 0.0000055,-0.3560157)|   0, 0, 1;0,  0;1,  1> +
           (-0.0000055, 0.3560113)|   0, 0, 1;1,  1;0,  0> +
           (-0.3554182, 0.0000077)|   0, 1, 0;0,  0;1,  1> +
           ( 0.3554149,-0.0000077)|   0, 1, 0;1,  1;0,  0> +
           (-0.0000223, 0.3517114)|   0, 0, 1;1, -1;0,  0> +
           ( 0.0000223,-0.3517107)|   0, 0, 1;0,  0;1, -1> +
           (-0.3510457, 0.0000202)|   0, 1, 0;1, -1;0,  0> +
           ( 0.3510448,-0.0000202)|   0, 1, 0;0,  0;1, -1> +
            ...
 |  583> = (-0.3979276,-0.0021543)|   0, 1, 0;0,  0;1, -1> +
           ( 0.3978734, 0.0021545)|   0, 1, 0;1, -1;0,  0> +
           ( 0.0005529,-0.3890460)|   0, 0, 1;0,  0;1,  1> +
           (-0.0005532, 0.3886647)|   0, 0, 1;1,  1;0,  0> +
           (-0.3088586, 0.0007785)|   0, 1, 0;0,  0;1,  1> +
           ( 0.3086034,-0.0007770)|   0, 1, 0;1,  1;0,  0> +
           ( 0.0023750, 0.3084727)|   0, 0, 1;0,  0;1, -1> +
           (-0.0023831,-0.3084250)|   0, 0, 1;1, -1;0,  0> +
            ...
 |  584> = ( 0.1095912, 0.5492065)|   0, 0, 1;0,  0;1, -1> +
           ( 0.1095871, 0.5490362)|   0, 0, 1;1, -1;0,  0> +
           ( 0.0041750, 0.3119688)|   0, 0, 1;1,  1;0,  0> +
           ( 0.0041746, 0.3116045)|   0, 0, 1;0,  0;1,  1> +
           (-0.2325231, 0.0056125)|   0, 1, 0;1, -1;0,  0> +
           (-0.2323805, 0.0056056)|   0, 1, 0;0,  0;1, -1> +
           (-0.1864142,-0.0217874)|   0, 1, 0;1,  1;0,  0> +
           (-0.1860773,-0.0217906)|   0, 1, 0;0,  0;1,  1> +
           ( 0.0000524,-0.0000562)|   0, 0, 1;1,  0;0,  0> +
           ( 0.0000141, 0.0000164)|   0, 0, 1;0,  0;1,  0> +
           (-0.0000082,-0.0000064)|   0, 1, 0;1,  0;0,  0> +
            ...
 |  585> = (-0.0007856,-0.5156595)|   0, 0, 1;1,  1;0,  0> +
           (-0.0007860,-0.5153662)|   0, 0, 1;0,  0;1,  1> +
           (-0.4558269, 0.0001459)|   0, 1, 0;1,  1;0,  0> +
           (-0.4556646, 0.0001453)|   0, 1, 0;0,  0;1,  1> +
           (-0.1427197,-0.0000571)|   0, 1, 0;1, -1;0,  0> +
           (-0.1424799,-0.0000536)|   0, 1, 0;0,  0;1, -1> +
           (-0.0044262, 0.0787649)|   0, 0, 1;1, -1;0,  0> +
           (-0.0044299, 0.0785546)|   0, 0, 1;0,  0;1, -1> +
            ...
 |  586> = ( 0.4774361, 0.1008754)|   0, 1, 0;1,  1;0,  0> +
           ( 0.4774002, 0.1008681)|   0, 1, 0;0,  0;1,  1> +
           ( 0.0897332,-0.3583951)|   0, 0, 1;1,  1;0,  0> +
           ( 0.0897190,-0.3583176)|   0, 0, 1;0,  0;1,  1> +
           ( 0.0063271, 0.3520302)|   0, 0, 1;1, -1;0,  0> +
           ( 0.0063344, 0.3520079)|   0, 0, 1;0,  0;1, -1> +
           (-0.0367385,-0.0109646)|   0, 1, 0;1, -1;0,  0> +
           (-0.0367192,-0.0109650)|   0, 1, 0;0,  0;1, -1> +
           (-0.0000775,-0.0000026)|   0, 1, 0;1,  0;0,  0> +
           (-0.0000665,-0.0000190)|   0, 1, 0;0,  0;1,  0> +
           ( 0.0000026, 0.0000142)|   0, 0, 1;0,  0;1,  0> +
           (-0.0000009, 0.0000105)|   0, 0, 1;1,  0;0,  0> +
            ...
 |  587> = ( 0.6506259,-0.0289785)|   0, 1, 0;1, -1;0,  0> +
           ( 0.6505898,-0.0289929)|   0, 1, 0;0,  0;1, -1> +
           ( 0.0500717, 0.2319423)|   0, 0, 1;1, -1;0,  0> +
           ( 0.0500857, 0.2318835)|   0, 0, 1;0,  0;1, -1> +
           (-0.1378826,-0.0055239)|   0, 1, 0;0,  0;1,  1> +
           (-0.1377964,-0.0055368)|   0, 1, 0;1,  1;0,  0> +
           (-0.0034245,-0.0232019)|   0, 0, 1;1,  1;0,  0> +
           (-0.0034113,-0.0230931)|   0, 0, 1;0,  0;1,  1> +
           ( 0.0000258,-0.0000317)|   0, 1, 0;0,  0;1,  0> +
           (-0.0000167, 0.0000280)|   0, 1, 0;1,  0;0,  0> +
            ...
 |  588> = (-0.7051804,-0.0511708)|   0, 1, 0;1,  0;0,  0> +
           (-0.7051151,-0.0512056)|   0, 1, 0;0,  0;1,  0> +
           ( 0.0075447,-0.0094638)|   0, 0, 1;0,  0;1,  0> +
           ( 0.0075312,-0.0094649)|   0, 0, 1;1,  0;0,  0> +
           (-0.0000563,-0.0000077)|   0, 1, 0;1,  1;0,  0> +
           (-0.0000420,-0.0000085)|   0, 1, 0;0,  0;1,  1> +
           (-0.0000089, 0.0000406)|   0, 0, 1;1,  1;0,  0> +
           (-0.0000065,-0.0000401)|   0, 0, 1;1, -1;0,  0> +
           (-0.0000125,-0.0000369)|   0, 0, 1;0,  0;1, -1> +
           (-0.0000092, 0.0000271)|   0, 0, 1;0,  0;1,  1> +
           ( 0.0000119, 0.0000035)|   0, 1, 0;0,  0;1, -1> +
            ...
 |  589> = (-0.5017871, 0.4980864)|   0, 0, 1;1,  0;0,  0> +
           (-0.5017627, 0.4980573)|   0, 0, 1;0,  0;1,  0> +
           (-0.0118902,-0.0022734)|   0, 1, 0;0,  0;1,  0> +
           (-0.0118776,-0.0022727)|   0, 1, 0;1,  0;0,  0> +
           (-0.0000028, 0.0000836)|   0, 0, 1;0,  0;1,  1> +
           (-0.0000787,-0.0000064)|   0, 1, 0;0,  0;1,  1> +
           ( 0.0000520,-0.0000046)|   0, 1, 0;1,  1;0,  0> +
           ( 0.0000138, 0.0000475)|   0, 0, 1;1, -1;0,  0> +
           (-0.0000418,-0.0000069)|   0, 1, 0;0,  0;1, -1> +
           (-0.0000004,-0.0000396)|   0, 0, 1;1,  1;0,  0> +
           ( 0.0000250,-0.0000035)|   0, 0, 1;0,  0;1, -1> +
           ( 0.0000167, 0.0000037)|   0, 1, 0;1, -1;0,  0> +
            ...
 |  590> = (-0.4120686, 0.5739041)|   0, 0, 1;0,  0;1,  0> +
           ( 0.4120439,-0.5738761)|   0, 0, 1;1,  0;0,  0> +
           (-0.0282574, 0.0078585)|   0, 1, 0;0,  0;1,  0> +
           ( 0.0282460,-0.0078484)|   0, 1, 0;1,  0;0,  0> +
           ( 0.0000023,-0.0000452)|   0, 0, 1;0,  0;1, -1> +
           ( 0.0000011,-0.0000263)|   0, 0, 1;0,  0;1,  1> +
           ( 0.0000253, 0.0000037)|   0, 1, 0;1, -1;0,  0> +
           (-0.0000033,-0.0000178)|   0, 0, 1;1, -1;0,  0> +
           ( 0.0000173, 0.0000012)|   0, 1, 0;0,  0;1,  1> +
           ( 0.0000013,-0.0000144)|   0, 0, 1;1,  1;0,  0> +
            ...
 |  591> = (-0.4687415, 0.5286448)|   0, 1, 0;0,  0;1,  0> +
           ( 0.4686707,-0.5286248)|   0, 1, 0;1,  0;0,  0> +
           ( 0.0014191,-0.0292962)|   0, 0, 1;0,  0;1,  0> +
           (-0.0014200, 0.0292809)|   0, 0, 1;1,  0;0,  0> +
           ( 0.0000416, 0.0000051)|   0, 1, 0;1, -1;0,  0> +
           ( 0.0000011, 0.0000281)|   0, 0, 1;1, -1;0,  0> +
           ( 0.0000229, 0.0000008)|   0, 1, 0;0,  0;1, -1> +
           ( 0.0000043,-0.0000170)|   0, 0, 1;1,  1;0,  0> +
           (-0.0000143, 0.0000011)|   0, 1, 0;0,  0;1,  1> +
           ( 0.0000116, 0.0000027)|   0, 1, 0;1,  1;0,  0> +
           ( 0.0000057, 0.0000100)|   0, 0, 1;0,  0;1, -1> +
            ...
 |  592> = (-0.0219403, 0.7065714)|   6, 0, 0;1,  1;0,  0> +
           ( 0.0219609,-0.7064462)|   6, 0, 0;0,  0;1,  1> +
           (-0.0120301, 0.0147902)|   6, 0, 0;0,  0;1, -1> +
           ( 0.0120316,-0.0147889)|   6, 0, 0;1, -1;0,  0> +
            ...
 |  593> = ( 0.7072262,-0.0101100)|   6, 0, 0;1, -1;0,  0> +
           (-0.7063283, 0.0101132)|   6, 0, 0;0,  0;1, -1> +
           ( 0.0149886,-0.0117829)|   6, 0, 0;1,  1;0,  0> +
           (-0.0149894, 0.0117799)|   6, 0, 0;0,  0;1,  1> +
            ...
