# Parameters of the model
#  mass:		  261.0000 u
#  charge:	    1.0000 e
#  dipole:	   5.00000 D
#  B:		    503.65 MHz
#  omega_rho:	    1.4000 MHz
#  omega_z:	  0.160000 MHz

# omega_1:	  0.277128 MHz
# omega_3/5:	   1.39083 MHz

# Basis truncation:	|34,4,4;2,2>
# Basis size:		44064

# Active terms of the Hamiltionian:
# 	Nomal modes:	1
# 	T_rot:      	1
# 	V_qd^{(0)}: 	1
# 	V_qd^{(1)}: 	1
# 	V_dd^{(0)}: 	1

# Results of the diagonalisation
# 100 smallest eigenvalues
 5.518701295 6.518701295 7.518701295 8.518701294 9.518701295 10.518701295 10.537416269 10.537416270 11.518701294 11.537416269 11.537416270 12.518701294 12.537416269 12.537416270 13.518701295 13.537416269 13.537416270 14.518701295 14.537416269 14.537416270 15.518701294 15.537416269 15.537416269 15.556131245 15.556131245 15.556131245 16.518701294 16.537416269 16.537416269 16.556131244 16.556131244 16.556131245 17.518701294 17.537416269 17.537416270 17.556131244 17.556131245 17.556131245 18.518701294 18.537416269 18.537416269 18.556131244 18.556131244 18.556131245 19.518701294 19.537416269 19.537416269 19.556131244 19.556131245 19.556131245 20.518701293 20.537416269 20.537416269 20.556131244 20.556131244 20.556131244 20.574846219 20.574846220 20.574846220 20.574846220 21.518701294 21.537416269 21.537416270 21.556131244 21.556131244 21.556131244 21.574846219 21.574846220 21.574846220 21.574846220 22.518701293 22.537416268 22.537416269 22.556131244 22.556131244 22.556131244 22.574846219 22.574846219 22.574846220 22.574846220 23.518701295 23.537416269 23.537416269 23.556131244 23.556131244 23.556131244 23.574846219 23.574846220 23.574846220 23.574846220 24.518701294 24.537416269 24.537416269 24.556131244 24.556131244 24.556131244 24.574846219 24.574846219 24.574846219 24.574846219

# Ground state and the lowest excitations:
 |    0> = ( 1.0000000, 0.0000000)|   0, 0, 0;0,  0;0,  0> +
           ( 0.0000173, 0.0000000)|   0, 0, 0;0,  0;1,  0> +
           (-0.0000173, 0.0000000)|   0, 0, 0;1,  0;0,  0> +
            ...
 |    1> = (-1.0000000,-0.0000000)|   1, 0, 0;0,  0;0,  0> +
           (-0.0000173, 0.0000000)|   1, 0, 0;0,  0;1,  0> +
           ( 0.0000173, 0.0000000)|   1, 0, 0;1,  0;0,  0> +
            ...
 |    2> = (-1.0000000,-0.0000000)|   2, 0, 0;0,  0;0,  0> +
           (-0.0000173, 0.0000000)|   2, 0, 0;0,  0;1,  0> +
           ( 0.0000173, 0.0000000)|   2, 0, 0;1,  0;0,  0> +
            ...
 |    3> = ( 1.0000000, 0.0000000)|   3, 0, 0;0,  0;0,  0> +
           ( 0.0000173,-0.0000000)|   3, 0, 0;0,  0;1,  0> +
           (-0.0000173,-0.0000000)|   3, 0, 0;1,  0;0,  0> +
            ...
 |    4> = ( 1.0000000,-0.0000000)|   4, 0, 0;0,  0;0,  0> +
           (-0.0000173,-0.0000000)|   4, 0, 0;1,  0;0,  0> +
           ( 0.0000173,-0.0000000)|   4, 0, 0;0,  0;1,  0> +
            ...
 |    5> = (-1.0000000,-0.0000000)|   5, 0, 0;0,  0;0,  0> +
           (-0.0000173,-0.0000000)|   5, 0, 0;0,  0;1,  0> +
           ( 0.0000173, 0.0000000)|   5, 0, 0;1,  0;0,  0> +
            ...
 |    6> = (-0.0000000, 0.7089890)|   0, 0, 1;0,  0;0,  0> +
           ( 0.7052195,-0.0000000)|   0, 1, 0;0,  0;0,  0> +
           (-0.0000000, 0.0000123)|   0, 0, 1;0,  0;1,  0> +
           ( 0.0000000,-0.0000123)|   0, 0, 1;1,  0;0,  0> +
           ( 0.0000122,-0.0000000)|   0, 1, 0;0,  0;1,  0> +
           (-0.0000122, 0.0000000)|   0, 1, 0;1,  0;0,  0> +
            ...
 |    7> = (-0.7089890,-0.0000106)|   0, 1, 0;0,  0;0,  0> +
           (-0.0000106, 0.7052195)|   0, 0, 1;0,  0;0,  0> +
           (-0.0000123,-0.0000000)|   0, 1, 0;0,  0;1,  0> +
           ( 0.0000123, 0.0000000)|   0, 1, 0;1,  0;0,  0> +
           (-0.0000000, 0.0000122)|   0, 0, 1;0,  0;1,  0> +
           ( 0.0000000,-0.0000122)|   0, 0, 1;1,  0;0,  0> +
            ...
 |    8> = (-1.0000000, 0.0000000)|   6, 0, 0;0,  0;0,  0> +
           ( 0.0000173,-0.0000000)|   6, 0, 0;1,  0;0,  0> +
           (-0.0000173, 0.0000000)|   6, 0, 0;0,  0;1,  0> +
            ...
 |    9> = ( 0.0000988,-0.7128579)|   1, 0, 1;0,  0;0,  0> +
           (-0.7013084, 0.0000988)|   1, 1, 0;0,  0;0,  0> +
           ( 0.0000000,-0.0000123)|   1, 0, 1;0,  0;1,  0> +
           (-0.0000000, 0.0000123)|   1, 0, 1;1,  0;0,  0> +
           (-0.0000121, 0.0000000)|   1, 1, 0;0,  0;1,  0> +
           ( 0.0000121,-0.0000000)|   1, 1, 0;1,  0;0,  0> +
            ...
 |   10> = (-0.7127528,-0.0122448)|   1, 1, 0;0,  0;0,  0> +
           (-0.0122425, 0.7012016)|   1, 0, 1;0,  0;0,  0> +
           (-0.0000123,-0.0000002)|   1, 1, 0;0,  0;1,  0> +
           ( 0.0000123, 0.0000002)|   1, 1, 0;1,  0;0,  0> +
           (-0.0000002, 0.0000121)|   1, 0, 1;0,  0;1,  0> +
           ( 0.0000002,-0.0000121)|   1, 0, 1;1,  0;0,  0> +
            ...
 |   11> = (-1.0000000, 0.0000000)|   7, 0, 0;0,  0;0,  0> +
           ( 0.0000173,-0.0000000)|   7, 0, 0;1,  0;0,  0> +
           (-0.0000173, 0.0000000)|   7, 0, 0;0,  0;1,  0> +
            ...
 |   12> = (-0.7449647, 0.0771116)|   2, 1, 0;0,  0;0,  0> +
           ( 0.0770979, 0.6581317)|   2, 0, 1;0,  0;0,  0> +
           ( 0.0000129,-0.0000013)|   2, 1, 0;1,  0;0,  0> +
           (-0.0000129, 0.0000013)|   2, 1, 0;0,  0;1,  0> +
           ( 0.0000013, 0.0000114)|   2, 0, 1;0,  0;1,  0> +
           (-0.0000013,-0.0000114)|   2, 0, 1;1,  0;0,  0> +
            ...
 |   13> = ( 0.0047359, 0.7489300)|   2, 0, 1;0,  0;0,  0> +
           ( 0.6626153, 0.0047368)|   2, 1, 0;0,  0;0,  0> +
           ( 0.0000001, 0.0000130)|   2, 0, 1;0,  0;1,  0> +
           (-0.0000001,-0.0000130)|   2, 0, 1;1,  0;0,  0> +
           ( 0.0000115, 0.0000001)|   2, 1, 0;0,  0;1,  0> +
           (-0.0000115,-0.0000001)|   2, 1, 0;1,  0;0,  0> +
            ...
 |   14> = (-1.0000000, 0.0000000)|   8, 0, 0;0,  0;0,  0> +
           ( 0.0000173,-0.0000000)|   8, 0, 0;1,  0;0,  0> +
           (-0.0000173, 0.0000000)|   8, 0, 0;0,  0;1,  0> +
            ...
 |   15> = (-0.7123687,-0.0027435)|   3, 1, 0;0,  0;0,  0> +
           (-0.0027431, 0.7017947)|   3, 0, 1;0,  0;0,  0> +
           (-0.0000123,-0.0000000)|   3, 1, 0;0,  0;1,  0> +
           ( 0.0000123, 0.0000000)|   3, 1, 0;1,  0;0,  0> +
           ( 0.0000000,-0.0000121)|   3, 0, 1;1,  0;0,  0> +
           (-0.0000000, 0.0000121)|   3, 0, 1;0,  0;1,  0> +
            ...
 |   16> = (-0.0000203, 0.7123740)|   3, 0, 1;0,  0;0,  0> +
           ( 0.7018001,-0.0000203)|   3, 1, 0;0,  0;0,  0> +
           ( 0.0000000,-0.0000123)|   3, 0, 1;1,  0;0,  0> +
           (-0.0000000, 0.0000123)|   3, 0, 1;0,  0;1,  0> +
           (-0.0000121, 0.0000000)|   3, 1, 0;1,  0;0,  0> +
           ( 0.0000121,-0.0000000)|   3, 1, 0;0,  0;1,  0> +
            ...
 |   17> = (-1.0000000,-0.0000000)|   9, 0, 0;0,  0;0,  0> +
           ( 0.0000173, 0.0000000)|   9, 0, 0;1,  0;0,  0> +
           (-0.0000173,-0.0000000)|   9, 0, 0;0,  0;1,  0> +
            ...
 |   18> = (-0.0038907, 0.7578886)|   4, 0, 1;0,  0;0,  0> +
           (-0.6523608,-0.0038913)|   4, 1, 0;0,  0;0,  0> +
           (-0.0000001, 0.0000131)|   4, 0, 1;0,  0;1,  0> +
           ( 0.0000001,-0.0000131)|   4, 0, 1;1,  0;0,  0> +
           (-0.0000113,-0.0000001)|   4, 1, 0;0,  0;1,  0> +
           ( 0.0000113, 0.0000001)|   4, 1, 0;1,  0;0,  0> +
            ...
 |   19> = ( 0.7578985, 0.0002915)|   4, 1, 0;0,  0;0,  0> +
           ( 0.0002914, 0.6523724)|   4, 0, 1;0,  0;0,  0> +
           (-0.0000131,-0.0000000)|   4, 1, 0;1,  0;0,  0> +
           ( 0.0000131, 0.0000000)|   4, 1, 0;0,  0;1,  0> +
           ( 0.0000000, 0.0000113)|   4, 0, 1;0,  0;1,  0> +
           (-0.0000000,-0.0000113)|   4, 0, 1;1,  0;0,  0> +
            ...
 |   20> = ( 1.0000000,-0.0000000)|  10, 0, 0;0,  0;0,  0> +
           (-0.0000173, 0.0000000)|  10, 0, 0;1,  0;0,  0> +
           ( 0.0000173,-0.0000000)|  10, 0, 0;0,  0;1,  0> +
            ...
 |   21> = ( 0.7093238,-0.0376993)|   5, 1, 0;0,  0;0,  0> +
           (-0.0376942,-0.7028639)|   5, 0, 1;0,  0;0,  0> +
           ( 0.0000123,-0.0000007)|   5, 1, 0;0,  0;1,  0> +
           (-0.0000123, 0.0000007)|   5, 1, 0;1,  0;0,  0> +
           ( 0.0000007, 0.0000122)|   5, 0, 1;1,  0;0,  0> +
           (-0.0000007,-0.0000122)|   5, 0, 1;0,  0;1,  0> +
            ...
 |   22> = ( 0.0001697, 0.7103249)|   5, 0, 1;0,  0;0,  0> +
           ( 0.7038739, 0.0001697)|   5, 1, 0;0,  0;0,  0> +
           (-0.0000000,-0.0000123)|   5, 0, 1;1,  0;0,  0> +
           ( 0.0000000, 0.0000123)|   5, 0, 1;0,  0;1,  0> +
           ( 0.0000122, 0.0000000)|   5, 1, 0;0,  0;1,  0> +
           (-0.0000122,-0.0000000)|   5, 1, 0;1,  0;0,  0> +
            ...
 |   23> = (-0.7071068, 0.0000000)|   0, 0, 2;0,  0;0,  0> +
           ( 0.7071068,-0.0000000)|   0, 2, 0;0,  0;0,  0> +
           ( 0.0000122,-0.0000000)|   0, 0, 2;1,  0;0,  0> +
           (-0.0000122,-0.0000000)|   0, 0, 2;0,  0;1,  0> +
           ( 0.0000122, 0.0000000)|   0, 2, 0;0,  0;1,  0> +
           (-0.0000122, 0.0000000)|   0, 2, 0;1,  0;0,  0> +
            ...
 |   24> = (-0.7071068,-0.0000000)|   0, 2, 0;0,  0;0,  0> +
           (-0.7071068, 0.0000000)|   0, 0, 2;0,  0;0,  0> +
           (-0.0000122,-0.0000000)|   0, 2, 0;0,  0;1,  0> +
           ( 0.0000122,-0.0000000)|   0, 2, 0;1,  0;0,  0> +
           (-0.0000122, 0.0000000)|   0, 0, 2;0,  0;1,  0> +
           ( 0.0000122, 0.0000000)|   0, 0, 2;1,  0;0,  0> +
            ...
 # The upper part of the spectrum
 # Eigenvalues first: 544	 last: 594
 22843.578898790 22843.578898791 22843.578900162 22843.578900162 22843.578904261 22843.578907004 22844.578898790 22844.578898791 22844.578900162 22844.578900162 22844.578904261 22844.578907004 22845.578898790 22845.578898790 22845.578900162 22845.578900162 22845.578904261 22845.578907003 22846.578898790 22846.578898791 22846.578900162 22846.578900162 22846.578904261 22846.578907004 22847.578898790 22847.578898790 22847.578900162 22847.578900162 22847.578904261 22847.578907003 22848.578898790 22848.578898790 22848.578900161 22848.578900162 22848.578904261 22848.578907003 22848.597613765 22848.597613765 22848.597613766 22848.597613766 22848.597615136 22848.597615137 22848.597615137 22848.597615137 22848.597619236 22848.597619236 22848.597621979 22848.597621979 22849.578898791 22849.578898791

# Excited states :
 |  543> = ( 0.0000205,-1.0000000)|  33, 3, 3;0,  0;0,  0> +
           (-0.0000000, 0.0000173)|  33, 3, 3;1,  0;0,  0> +
           ( 0.0000000,-0.0000173)|  33, 3, 3;0,  0;1,  0> +
            ...
 |  544> = ( 0.7066263, 0.0000305)|   0, 0, 0;1, -1;0,  0> +
           (-0.7066001,-0.0000302)|   0, 0, 0;0,  0;1, -1> +
           ( 0.0024360, 0.0263048)|   0, 0, 0;0,  0;1,  1> +
           (-0.0024400,-0.0263010)|   0, 0, 0;1,  1;0,  0> +
           ( 0.0000122, 0.0000000)|   0, 0, 0;1, -1;1,  0> +
           ( 0.0000122, 0.0000000)|   0, 0, 0;1,  0;1, -1> +
            ...
 |  545> = ( 0.0867755, 0.7012695)|   0, 0, 0;1,  1;0,  0> +
           (-0.0868114,-0.7012555)|   0, 0, 0;0,  0;1,  1> +
           (-0.0264056, 0.0008057)|   0, 0, 0;0,  0;1, -1> +
           ( 0.0264009,-0.0008145)|   0, 0, 0;1, -1;0,  0> +
           ( 0.0000015, 0.0000121)|   0, 0, 0;1,  1;1,  0> +
           ( 0.0000015, 0.0000121)|   0, 0, 0;1,  0;1,  1> +
            ...
 |  546> = (-0.6955751, 0.0000442)|   0, 0, 0;0,  0;1, -1> +
           (-0.6955501, 0.0000432)|   0, 0, 0;1, -1;0,  0> +
           (-0.1213341,-0.0383631)|   0, 0, 0;1,  1;0,  0> +
           (-0.1213285,-0.0383527)|   0, 0, 0;0,  0;1,  1> +
           ( 0.0000120,-0.0000000)|   0, 0, 0;1,  0;1, -1> +
           (-0.0000120, 0.0000000)|   0, 0, 0;1, -1;1,  0> +
           ( 0.0000104, 0.0000004)|   0, 0, 0;0,  0;1,  0> +
           ( 0.0000102, 0.0000004)|   0, 0, 0;1,  0;0,  0> +
            ...
 |  547> = ( 0.6628098, 0.2109461)|   0, 0, 0;0,  0;1,  1> +
           ( 0.6627882, 0.2109773)|   0, 0, 0;1,  1;0,  0> +
           (-0.1272542,-0.0002431)|   0, 0, 0;0,  0;1, -1> +
           (-0.1272458,-0.0002375)|   0, 0, 0;1, -1;0,  0> +
           (-0.0000115,-0.0000037)|   0, 0, 0;1,  0;1,  1> +
           ( 0.0000115, 0.0000037)|   0, 0, 0;1,  1;1,  0> +
            ...
 |  548> = (-0.7071067, 0.0004039)|   0, 0, 0;0,  0;1,  0> +
           (-0.7071067, 0.0004039)|   0, 0, 0;1,  0;0,  0> +
           (-0.0000186, 0.0000001)|   0, 0, 0;0,  0;1, -1> +
            ...
 |  549> = ( 0.7071068,-0.0000000)|   0, 0, 0;1,  0;0,  0> +
           (-0.7071068,-0.0000000)|   0, 0, 0;0,  0;1,  0> +
           ( 0.0000245,-0.0000000)|   0, 0, 0;1,  0;1,  0> +
           ( 0.0000245, 0.0000000)|   0, 0, 0;0,  0;0,  0> +
            ...
 |  550> = ( 0.7054266,-0.0034045)|   1, 0, 0;0,  0;1, -1> +
           (-0.7053885, 0.0034156)|   1, 0, 0;1, -1;0,  0> +
           ( 0.0488766,-0.0002369)|   1, 0, 0;1,  1;0,  0> +
           (-0.0488688, 0.0002392)|   1, 0, 0;0,  0;1,  1> +
           (-0.0000122, 0.0000001)|   1, 0, 0;1,  0;1, -1> +
           (-0.0000122, 0.0000001)|   1, 0, 0;1, -1;1,  0> +
            ...
 |  551> = (-0.7055057, 0.0000002)|   1, 0, 0;1,  1;0,  0> +
           ( 0.7053259,-0.0000001)|   1, 0, 0;0,  0;1,  1> +
           ( 0.0488907, 0.0000019)|   1, 0, 0;0,  0;1, -1> +
           (-0.0488559,-0.0000017)|   1, 0, 0;1, -1;0,  0> +
           (-0.0000122, 0.0000000)|   1, 0, 0;1,  1;1,  0> +
           (-0.0000122, 0.0000000)|   1, 0, 0;1,  0;1,  1> +
            ...
 |  552> = ( 0.6920095,-0.0000044)|   1, 0, 0;0,  0;1,  1> +
           ( 0.6918268,-0.0000045)|   1, 0, 0;1,  1;0,  0> +
           (-0.1457777,-0.0000211)|   1, 0, 0;1, -1;0,  0> +
           (-0.1457648,-0.0000211)|   1, 0, 0;0,  0;1, -1> +
           (-0.0000120, 0.0000000)|   1, 0, 0;1,  0;1,  1> +
           ( 0.0000120,-0.0000000)|   1, 0, 0;1,  1;1,  0> +
            ...
 |  553> = (-0.6742338,-0.1555193)|   1, 0, 0;1, -1;0,  0> +
           (-0.6741936,-0.1555218)|   1, 0, 0;0,  0;1, -1> +
           (-0.1420491,-0.0327435)|   1, 0, 0;0,  0;1,  1> +
           (-0.1420434,-0.0327428)|   1, 0, 0;1,  1;0,  0> +
           (-0.0000117,-0.0000027)|   1, 0, 0;1, -1;1,  0> +
           ( 0.0000117, 0.0000027)|   1, 0, 0;1,  0;1, -1> +
            ...
 |  554> = ( 0.7071068,-0.0000000)|   1, 0, 0;0,  0;1,  0> +
           ( 0.7071067,-0.0000000)|   1, 0, 0;1,  0;0,  0> +
            ...
 |  555> = (-0.7071068, 0.0000000)|   1, 0, 0;1,  0;0,  0> +
           ( 0.7071067, 0.0000000)|   1, 0, 0;0,  0;1,  0> +
           (-0.0000245, 0.0000000)|   1, 0, 0;1,  0;1,  0> +
           (-0.0000245, 0.0000000)|   1, 0, 0;0,  0;0,  0> +
            ...
 |  556> = (-0.7072631,-0.0000000)|   2, 0, 0;0,  0;1, -1> +
           ( 0.7069504, 0.0000000)|   2, 0, 0;1, -1;0,  0> +
           ( 0.0001711,-0.0000000)|   2, 0, 0;0,  0;1,  1> +
           (-0.0001706,-0.0000000)|   2, 0, 0;1,  1;0,  0> +
           ( 0.0000122, 0.0000000)|   2, 0, 0;1,  0;1, -1> +
           ( 0.0000122, 0.0000000)|   2, 0, 0;1, -1;1,  0> +
            ...
 |  557> = (-0.7070491,-0.0101937)|   2, 0, 0;1,  1;0,  0> +
           ( 0.7070174, 0.0101955)|   2, 0, 0;0,  0;1,  1> +
           (-0.0001708,-0.0000025)|   2, 0, 0;1, -1;0,  0> +
           ( 0.0001708, 0.0000025)|   2, 0, 0;0,  0;1, -1> +
           (-0.0000122,-0.0000002)|   2, 0, 0;1,  1;1,  0> +
           (-0.0000122,-0.0000002)|   2, 0, 0;1,  0;1,  1> +
            ...
 |  558> = (-0.7051014, 0.0534262)|   2, 0, 0;0,  0;1,  1> +
           (-0.7050697, 0.0534261)|   2, 0, 0;1,  1;0,  0> +
           (-0.0001669, 0.0000126)|   2, 0, 0;0,  0;1, -1> +
           (-0.0001664, 0.0000126)|   2, 0, 0;1, -1;0,  0> +
           ( 0.0000122,-0.0000009)|   2, 0, 0;1,  0;1,  1> +
           (-0.0000122, 0.0000009)|   2, 0, 0;1,  1;1,  0> +
            ...
 |  559> = (-0.7072631,-0.0000000)|   2, 0, 0;1, -1;0,  0> +
           (-0.7069504,-0.0000000)|   2, 0, 0;0,  0;1, -1> +
           ( 0.0001671,-0.0000000)|   2, 0, 0;1,  1;0,  0> +
           ( 0.0001671,-0.0000000)|   2, 0, 0;0,  0;1,  1> +
           (-0.0000122,-0.0000000)|   2, 0, 0;1, -1;1,  0> +
           ( 0.0000122, 0.0000000)|   2, 0, 0;1,  0;1, -1> +
            ...
 |  560> = (-0.7071068, 0.0000021)|   2, 0, 0;0,  0;1,  0> +
           (-0.7071067, 0.0000021)|   2, 0, 0;1,  0;0,  0> +
            ...
 |  561> = ( 0.7071068,-0.0000000)|   2, 0, 0;1,  0;0,  0> +
           (-0.7071067,-0.0000000)|   2, 0, 0;0,  0;1,  0> +
           ( 0.0000245,-0.0000000)|   2, 0, 0;1,  0;1,  0> +
           ( 0.0000245,-0.0000000)|   2, 0, 0;0,  0;0,  0> +
            ...
 |  562> = (-0.7070636,-0.0000010)|   3, 0, 0;1, -1;0,  0> +
           ( 0.7070508, 0.0000010)|   3, 0, 0;0,  0;1, -1> +
           ( 0.0083747, 0.0000003)|   3, 0, 0;1,  1;0,  0> +
           (-0.0083746,-0.0000003)|   3, 0, 0;0,  0;1,  1> +
           (-0.0000122,-0.0000000)|   3, 0, 0;1, -1;1,  0> +
           (-0.0000122,-0.0000000)|   3, 0, 0;1,  0;1, -1> +
            ...
 |  563> = ( 0.7039062,-0.0669257)|   3, 0, 0;0,  0;1,  1> +
           (-0.7038585, 0.0669327)|   3, 0, 0;1,  1;0,  0> +
           ( 0.0083373,-0.0007930)|   3, 0, 0;0,  0;1, -1> +
           (-0.0083367, 0.0007931)|   3, 0, 0;1, -1;0,  0> +
           (-0.0000122, 0.0000012)|   3, 0, 0;1,  0;1,  1> +
           (-0.0000122, 0.0000012)|   3, 0, 0;1,  1;1,  0> +
            ...
 |  564> = ( 0.7070652, 0.0000020)|   3, 0, 0;0,  0;1, -1> +
           ( 0.7070524, 0.0000020)|   3, 0, 0;1, -1;0,  0> +
           (-0.0082360, 0.0000004)|   3, 0, 0;0,  0;1,  1> +
           (-0.0082358, 0.0000004)|   3, 0, 0;1,  1;0,  0> +
           (-0.0000122,-0.0000000)|   3, 0, 0;1,  0;1, -1> +
           ( 0.0000122, 0.0000000)|   3, 0, 0;1, -1;1,  0> +
            ...
 |  565> = (-0.7032600,-0.0734205)|   3, 0, 0;1,  1;0,  0> +
           (-0.7032123,-0.0734270)|   3, 0, 0;0,  0;1,  1> +
           (-0.0081916,-0.0008556)|   3, 0, 0;1, -1;0,  0> +
           (-0.0081910,-0.0008557)|   3, 0, 0;0,  0;1, -1> +
           (-0.0000122,-0.0000013)|   3, 0, 0;1,  1;1,  0> +
           ( 0.0000122, 0.0000013)|   3, 0, 0;1,  0;1,  1> +
            ...
 |  566> = ( 0.7071078,-0.0001092)|   3, 0, 0;1,  0;0,  0> +
           ( 0.7071057,-0.0001092)|   3, 0, 0;0,  0;1,  0> +
            ...
 |  567> = (-0.7071078, 0.0000000)|   3, 0, 0;0,  0;1,  0> +
           ( 0.7071058, 0.0000000)|   3, 0, 0;1,  0;0,  0> +
           ( 0.0000245, 0.0000000)|   3, 0, 0;1,  0;1,  0> +
           ( 0.0000245,-0.0000000)|   3, 0, 0;0,  0;0,  0> +
            ...
 |  568> = ( 0.7071388, 0.0000001)|   4, 0, 0;0,  0;1, -1> +
           (-0.7070738,-0.0000000)|   4, 0, 0;1, -1;0,  0> +
           (-0.0008059,-0.0000000)|   4, 0, 0;1,  1;0,  0> +
           ( 0.0008057,-0.0000000)|   4, 0, 0;0,  0;1,  1> +
           (-0.0000122,-0.0000000)|   4, 0, 0;1,  0;1, -1> +
           (-0.0000122,-0.0000000)|   4, 0, 0;1, -1;1,  0> +
            ...
 |  569> = (-0.7070773, 0.0091100)|   4, 0, 0;0,  0;1,  1> +
           ( 0.7070180,-0.0091112)|   4, 0, 0;1,  1;0,  0> +
           ( 0.0008058,-0.0000104)|   4, 0, 0;0,  0;1, -1> +
           (-0.0008057, 0.0000104)|   4, 0, 0;1, -1;0,  0> +
           ( 0.0000122,-0.0000002)|   4, 0, 0;1,  0;1,  1> +
           ( 0.0000122,-0.0000002)|   4, 0, 0;1,  1;1,  0> +
            ...
 |  570> = (-0.7070267,-0.0124279)|   4, 0, 0;1,  1;0,  0> +
           (-0.7069675,-0.0124289)|   4, 0, 0;0,  0;1,  1> +
           ( 0.0007913, 0.0000141)|   4, 0, 0;1, -1;0,  0> +
           ( 0.0007910, 0.0000141)|   4, 0, 0;0,  0;1, -1> +
           (-0.0000122,-0.0000002)|   4, 0, 0;1,  1;1,  0> +
           ( 0.0000122, 0.0000002)|   4, 0, 0;1,  0;1,  1> +
            ...
 |  571> = (-0.7071388,-0.0000000)|   4, 0, 0;1, -1;0,  0> +
           (-0.7070738,-0.0000001)|   4, 0, 0;0,  0;1, -1> +
           (-0.0007914, 0.0000002)|   4, 0, 0;1,  1;0,  0> +
           (-0.0007912, 0.0000002)|   4, 0, 0;0,  0;1,  1> +
           (-0.0000122,-0.0000000)|   4, 0, 0;1, -1;1,  0> +
           ( 0.0000122, 0.0000000)|   4, 0, 0;1,  0;1, -1> +
            ...
 |  572> = (-0.7070303, 0.0104699)|   4, 0, 0;0,  0;1,  0> +
           (-0.7070283, 0.0104699)|   4, 0, 0;1,  0;0,  0> +
            ...
 |  573> = ( 0.7071078,-0.0000000)|   4, 0, 0;1,  0;0,  0> +
           (-0.7071058,-0.0000000)|   4, 0, 0;0,  0;1,  0> +
           ( 0.0000245,-0.0000000)|   4, 0, 0;1,  0;1,  0> +
           ( 0.0000245,-0.0000000)|   4, 0, 0;0,  0;0,  0> +
            ...
 |  574> = (-0.5526384,-0.1583363)|   5, 0, 0;1,  1;0,  0> +
           ( 0.5524777, 0.1583367)|   5, 0, 0;0,  0;1,  1> +
           (-0.3820889,-0.1539726)|   5, 0, 0;1, -1;0,  0> +
           ( 0.3818390, 0.1540057)|   5, 0, 0;0,  0;1, -1> +
            ...
 |  575> = ( 0.5706486, 0.0689456)|   5, 0, 0;1, -1;0,  0> +
           (-0.5706448,-0.0689416)|   5, 0, 0;0,  0;1, -1> +
           ( 0.4117959, 0.0066251)|   5, 0, 0;0,  0;1,  1> +
           (-0.4117702,-0.0066255)|   5, 0, 0;1,  1;0,  0> +
            ...
 |  576> = ( 0.6047429,-0.0855553)|   5, 0, 0;0,  0;1, -1> +
           ( 0.6045682,-0.0856179)|   5, 0, 0;1, -1;0,  0> +
           ( 0.3565758,-0.0005509)|   5, 0, 0;0,  0;1,  1> +
           ( 0.3563511,-0.0006183)|   5, 0, 0;1,  1;0,  0> +
           (-0.0000105, 0.0000015)|   5, 0, 0;1,  0;1, -1> +
           ( 0.0000105,-0.0000015)|   5, 0, 0;1, -1;1,  0> +
            ...
 |  577> = (-0.6106843, 0.0001652)|   5, 0, 0;1,  1;0,  0> +
           (-0.6106812, 0.0001633)|   5, 0, 0;0,  0;1,  1> +
           ( 0.3530252,-0.0494705)|   5, 0, 0;1, -1;0,  0> +
           ( 0.3530028,-0.0494778)|   5, 0, 0;0,  0;1, -1> +
           (-0.0000106, 0.0000000)|   5, 0, 0;1,  1;1,  0> +
           ( 0.0000106,-0.0000000)|   5, 0, 0;1,  0;1,  1> +
            ...
 |  578> = ( 0.7071073,-0.0012959)|   5, 0, 0;1,  0;0,  0> +
           ( 0.7071038,-0.0012959)|   5, 0, 0;0,  0;1,  0> +
            ...
 |  579> = (-0.7071085,-0.0000000)|   5, 0, 0;0,  0;1,  0> +
           ( 0.7071050, 0.0000000)|   5, 0, 0;1,  0;0,  0> +
           ( 0.0000245, 0.0000000)|   5, 0, 0;1,  0;1,  0> +
           ( 0.0000245, 0.0000000)|   5, 0, 0;0,  0;0,  0> +
            ...
 |  580> = ( 0.3453151,-0.1190433)|   0, 1, 0;1, -1;0,  0> +
           (-0.3452096, 0.1190452)|   0, 1, 0;0,  0;1, -1> +
           ( 0.3466911, 0.0487536)|   0, 1, 0;0,  0;1,  1> +
           (-0.3466535,-0.0487324)|   0, 1, 0;1,  1;0,  0> +
           ( 0.0682613, 0.3433201)|   0, 0, 1;1,  1;0,  0> +
           (-0.0682619,-0.3432576)|   0, 0, 1;0,  0;1,  1> +
           ( 0.0020401, 0.3486734)|   0, 0, 1;1, -1;0,  0> +
           (-0.0020392,-0.3486179)|   0, 0, 1;0,  0;1, -1> +
            ...
 |  581> = ( 0.4610583, 0.0338862)|   0, 1, 0;0,  0;1,  1> +
           (-0.4610230,-0.0338821)|   0, 1, 0;1,  1;0,  0> +
           (-0.4424813, 0.0922851)|   0, 1, 0;1, -1;0,  0> +
           ( 0.4424572,-0.0922810)|   0, 1, 0;0,  0;1, -1> +
           (-0.0518489, 0.2011463)|   0, 0, 1;1, -1;0,  0> +
           ( 0.0518413,-0.2011237)|   0, 0, 1;0,  0;1, -1> +
           (-0.0743231,-0.1825686)|   0, 0, 1;1,  1;0,  0> +
           ( 0.0743212, 0.1825679)|   0, 0, 1;0,  0;1,  1> +
           (-0.0000010,-0.0000245)|   0, 0, 1;1,  0;0,  0> +
            ...
 |  582> = (-0.0000000,-0.3536254)|   0, 0, 1;0,  0;1, -1> +
           ( 0.0000000, 0.3536253)|   0, 0, 1;1, -1;0,  0> +
           ( 0.3535824, 0.0000000)|   0, 1, 0;1,  1;0,  0> +
           (-0.3535824,-0.0000000)|   0, 1, 0;0,  0;1,  1> +
           (-0.3535249,-0.0000000)|   0, 1, 0;1, -1;0,  0> +
           ( 0.3535246, 0.0000000)|   0, 1, 0;0,  0;1, -1> +
           ( 0.0000000, 0.3534813)|   0, 0, 1;1,  1;0,  0> +
           (-0.0000000,-0.3534807)|   0, 0, 1;0,  0;1,  1> +
            ...
 |  583> = (-0.0016610, 0.4622847)|   0, 0, 1;0,  0;1,  1> +
           ( 0.0016614,-0.4622403)|   0, 0, 1;1,  1;0,  0> +
           ( 0.0011984, 0.4585332)|   0, 0, 1;1, -1;0,  0> +
           (-0.0011960,-0.4585198)|   0, 0, 1;0,  0;1, -1> +
           ( 0.1967617, 0.0008248)|   0, 1, 0;1,  1;0,  0> +
           (-0.1967589,-0.0008246)|   0, 1, 0;0,  0;1,  1> +
           (-0.1932519, 0.0020339)|   0, 1, 0;0,  0;1, -1> +
           ( 0.1932361,-0.0020335)|   0, 1, 0;1, -1;0,  0> +
            ...
 |  584> = ( 0.6130199, 0.3186432)|   0, 1, 0;1,  1;0,  0> +
           ( 0.6129861, 0.3186295)|   0, 1, 0;0,  0;1,  1> +
           (-0.0710986, 0.0847074)|   0, 1, 0;0,  0;1, -1> +
           (-0.0710882, 0.0847081)|   0, 1, 0;1, -1;0,  0> +
           (-0.0109500,-0.0920402)|   0, 0, 1;1,  1;0,  0> +
           (-0.0109541,-0.0920368)|   0, 0, 1;0,  0;1,  1> +
           ( 0.0433348,-0.0000988)|   0, 0, 1;1, -1;0,  0> +
           ( 0.0433260,-0.0000788)|   0, 0, 1;0,  0;1, -1> +
           ( 0.0000124,-0.0000128)|   0, 1, 0;1,  0;0,  0> +
           ( 0.0000106, 0.0000055)|   0, 1, 0;1,  1;1,  0> +
           (-0.0000106,-0.0000055)|   0, 1, 0;1,  0;1,  1> +
            ...
 |  585> = (-0.5953166,-0.0452399)|   0, 1, 0;0,  0;1, -1> +
           (-0.5952478,-0.0452564)|   0, 1, 0;1, -1;0,  0> +
           ( 0.0183886,-0.2966201)|   0, 0, 1;0,  0;1,  1> +
           ( 0.0183958,-0.2965628)|   0, 0, 1;1,  1;0,  0> +
           ( 0.0080243, 0.1917150)|   0, 0, 1;1, -1;0,  0> +
           ( 0.0080292, 0.1916684)|   0, 0, 1;0,  0;1, -1> +
           (-0.0400186,-0.1299176)|   0, 1, 0;1,  1;0,  0> +
           (-0.0399835,-0.1299034)|   0, 1, 0;0,  0;1,  1> +
           ( 0.0000103, 0.0000008)|   0, 1, 0;1,  0;1, -1> +
           (-0.0000103,-0.0000008)|   0, 1, 0;1, -1;1,  0> +
            ...
 |  586> = (-0.0715978,-0.5324853)|   0, 0, 1;0,  0;1, -1> +
           (-0.0715927,-0.5324148)|   0, 0, 1;1, -1;0,  0> +
           (-0.0127200,-0.4521440)|   0, 0, 1;0,  0;1,  1> +
           (-0.0127145,-0.4521380)|   0, 0, 1;1,  1;0,  0> +
           (-0.0585613, 0.0072073)|   0, 1, 0;1,  1;0,  0> +
           (-0.0585208, 0.0072040)|   0, 1, 0;0,  0;1,  1> +
           ( 0.0558574,-0.0134494)|   0, 1, 0;1, -1;0,  0> +
           ( 0.0558219,-0.0134421)|   0, 1, 0;0,  0;1, -1> +
           (-0.0000005,-0.0000128)|   0, 0, 1;1,  0;0,  0> +
            ...
 |  587> = ( 0.0052573,-0.4455350)|   0, 0, 1;1,  1;0,  0> +
           ( 0.0052605,-0.4454944)|   0, 0, 1;0,  0;1,  1> +
           ( 0.0303594, 0.4144435)|   0, 0, 1;0,  0;1, -1> +
           ( 0.0303568, 0.4144395)|   0, 0, 1;1, -1;0,  0> +
           ( 0.3578154, 0.0060692)|   0, 1, 0;0,  0;1, -1> +
           ( 0.3578000, 0.0060734)|   0, 1, 0;1, -1;0,  0> +
           (-0.0271877,-0.0020242)|   0, 1, 0;0,  0;1,  1> +
           (-0.0271572,-0.0020258)|   0, 1, 0;1,  1;0,  0> +
            ...
 |  588> = (-0.4350532, 0.5544192)|   0, 1, 0;0,  0;1,  0> +
           (-0.4350177, 0.5544003)|   0, 1, 0;1,  0;0,  0> +
           ( 0.0085372, 0.0574558)|   0, 0, 1;1,  0;0,  0> +
           ( 0.0085386, 0.0574538)|   0, 0, 1;0,  0;1,  0> +
            ...
 |  589> = ( 0.0741723, 0.7008154)|   0, 0, 1;1,  0;0,  0> +
           ( 0.0741710, 0.7007903)|   0, 0, 1;0,  0;1,  0> +
           ( 0.0377481,-0.0441486)|   0, 1, 0;0,  0;1,  0> +
           ( 0.0377476,-0.0441474)|   0, 1, 0;1,  0;0,  0> +
           (-0.0000136, 0.0000018)|   0, 1, 0;1, -1;0,  0> +
           (-0.0000108,-0.0000002)|   0, 1, 0;1,  1;0,  0> +
           ( 0.0000103, 0.0000001)|   0, 1, 0;0,  0;1,  1> +
            ...
 |  590> = (-0.0118820, 0.7067066)|   0, 0, 1;0,  0;1,  0> +
           ( 0.0118831,-0.7066813)|   0, 0, 1;1,  0;0,  0> +
           ( 0.0210340,-0.0000116)|   0, 1, 0;0,  0;1,  0> +
           (-0.0210338, 0.0000131)|   0, 1, 0;1,  0;0,  0> +
           ( 0.0000004,-0.0000245)|   0, 0, 1;1,  0;1,  0> +
           ( 0.0000004,-0.0000245)|   0, 0, 1;0,  0;0,  0> +
            ...
 |  591> = (-0.5780106, 0.4068013)|   0, 1, 0;1,  0;0,  0> +
           ( 0.5779898,-0.4067670)|   0, 1, 0;0,  0;1,  0> +
           ( 0.0118051, 0.0174098)|   0, 0, 1;1,  0;0,  0> +
           (-0.0118041,-0.0174083)|   0, 0, 1;0,  0;1,  0> +
           (-0.0000200, 0.0000141)|   0, 1, 0;1,  0;1,  0> +
           (-0.0000200, 0.0000141)|   0, 1, 0;0,  0;0,  0> +
           ( 0.0000092, 0.0000045)|   0, 1, 0;0,  0;1,  1> +
            ...
 |  592> = ( 0.7071679,-0.0016522)|   6, 0, 0;1, -1;0,  0> +
           (-0.7070335, 0.0016523)|   6, 0, 0;0,  0;1, -1> +
           (-0.0022934,-0.0008112)|   6, 0, 0;1,  1;0,  0> +
           ( 0.0022933, 0.0008112)|   6, 0, 0;0,  0;1,  1> +
           ( 0.0000122,-0.0000000)|   6, 0, 0;1, -1;1,  0> +
           ( 0.0000122,-0.0000000)|   6, 0, 0;1,  0;1, -1> +
            ...
 |  593> = (-0.6842788,-0.1790492)|   6, 0, 0;0,  0;1,  1> +
           ( 0.6838336, 0.1790633)|   6, 0, 0;1,  1;0,  0> +
           (-0.0024237, 0.0002097)|   6, 0, 0;0,  0;1, -1> +
           ( 0.0024234,-0.0002097)|   6, 0, 0;1, -1;0,  0> +
           ( 0.0000118, 0.0000031)|   6, 0, 0;1,  0;1,  1> +
           ( 0.0000118, 0.0000031)|   6, 0, 0;1,  1;1,  0> +
            ...
