# Parameters of the model
#  mass:		  261.0000 u
#  charge:	    1.0000 e
#  dipole:	   7.00000 D
#  B:		    503.65 MHz
#  omega_rho:	    1.4000 MHz
#  omega_z:	  0.160000 MHz

# omega_1:	  0.277128 MHz
# omega_3/5:	   1.39083 MHz

# Basis truncation:	|34,4,4;2,2>
# Basis size:		44064

# Active terms of the Hamiltionian:
# 	Nomal modes:	1
# 	T_rot:      	1
# 	V_qd^{(0)}: 	1
# 	V_qd^{(1)}: 	1
# 	V_dd^{(0)}: 	1

# Results of the diagonalisation
# 100 smallest eigenvalues
 5.518688162 6.518688162 7.518688161 8.518688161 9.518688161 10.518688161 10.537403137 10.537403137 11.518688161 11.537403136 11.537403136 12.518688161 12.537403136 12.537403137 13.518688161 13.537403136 13.537403136 14.518688161 14.537403136 14.537403136 15.518688160 15.537403136 15.537403136 15.556118112 15.556118112 15.556118112 16.518688161 16.537403136 16.537403136 16.556118112 16.556118112 16.556118112 17.518688160 17.537403136 17.537403136 17.556118111 17.556118111 17.556118111 18.518688161 18.537403136 18.537403136 18.556118111 18.556118111 18.556118111 19.518688161 19.537403136 19.537403136 19.556118111 19.556118111 19.556118111 20.518688160 20.537403136 20.537403136 20.556118111 20.556118111 20.556118111 20.574833086 20.574833086 20.574833087 20.574833087 21.518688160 21.537403136 21.537403136 21.556118111 21.556118111 21.556118111 21.574833086 21.574833086 21.574833086 21.574833086 22.518688160 22.537403135 22.537403136 22.556118111 22.556118111 22.556118111 22.574833086 22.574833086 22.574833086 22.574833086 23.518688160 23.537403135 23.537403136 23.556118111 23.556118111 23.556118111 23.574833086 23.574833086 23.574833086 23.574833086 24.518688160 24.537403135 24.537403135 24.556118111 24.556118111 24.556118111 24.574833086 24.574833086 24.574833086 24.574833087

# Ground state and the lowest excitations:
 |    0> = ( 1.0000000, 0.0000000)|   0, 0, 0;0,  0;0,  0> +
           (-0.0000242,-0.0000000)|   0, 0, 0;1,  0;0,  0> +
           ( 0.0000242,-0.0000000)|   0, 0, 0;0,  0;1,  0> +
            ...
 |    1> = (-1.0000000, 0.0000000)|   1, 0, 0;0,  0;0,  0> +
           (-0.0000242,-0.0000000)|   1, 0, 0;0,  0;1,  0> +
           ( 0.0000242,-0.0000000)|   1, 0, 0;1,  0;0,  0> +
            ...
 |    2> = ( 1.0000000, 0.0000000)|   2, 0, 0;0,  0;0,  0> +
           ( 0.0000242,-0.0000000)|   2, 0, 0;0,  0;1,  0> +
           (-0.0000242,-0.0000000)|   2, 0, 0;1,  0;0,  0> +
            ...
 |    3> = (-1.0000000,-0.0000000)|   3, 0, 0;0,  0;0,  0> +
           ( 0.0000242,-0.0000000)|   3, 0, 0;1,  0;0,  0> +
           (-0.0000242,-0.0000000)|   3, 0, 0;0,  0;1,  0> +
            ...
 |    4> = ( 1.0000000, 0.0000000)|   4, 0, 0;0,  0;0,  0> +
           ( 0.0000242, 0.0000000)|   4, 0, 0;0,  0;1,  0> +
           (-0.0000242, 0.0000000)|   4, 0, 0;1,  0;0,  0> +
            ...
 |    5> = ( 1.0000000,-0.0000000)|   5, 0, 0;0,  0;0,  0> +
           ( 0.0000242,-0.0000000)|   5, 0, 0;0,  0;1,  0> +
           (-0.0000242, 0.0000000)|   5, 0, 0;1,  0;0,  0> +
            ...
 |    6> = (-0.7294742, 0.0000132)|   0, 1, 0;0,  0;0,  0> +
           ( 0.0000132,-0.6840084)|   0, 0, 1;0,  0;0,  0> +
           (-0.0000177, 0.0000000)|   0, 1, 0;0,  0;1,  0> +
           ( 0.0000177,-0.0000000)|   0, 1, 0;1,  0;0,  0> +
           (-0.0000000, 0.0000166)|   0, 0, 1;1,  0;0,  0> +
           ( 0.0000000,-0.0000166)|   0, 0, 1;0,  0;1,  0> +
            ...
 |    7> = ( 0.0004115, 0.7294740)|   0, 0, 1;0,  0;0,  0> +
           (-0.6840083, 0.0004114)|   0, 1, 0;0,  0;0,  0> +
           ( 0.0000000, 0.0000177)|   0, 0, 1;0,  0;1,  0> +
           (-0.0000000,-0.0000177)|   0, 0, 1;1,  0;0,  0> +
           ( 0.0000166,-0.0000000)|   0, 1, 0;1,  0;0,  0> +
           (-0.0000166, 0.0000000)|   0, 1, 0;0,  0;1,  0> +
            ...
 |    8> = (-1.0000000, 0.0000000)|   6, 0, 0;0,  0;0,  0> +
           (-0.0000242, 0.0000000)|   6, 0, 0;0,  0;1,  0> +
           ( 0.0000242,-0.0000000)|   6, 0, 0;1,  0;0,  0> +
            ...
 |    9> = ( 0.0001332, 0.7226391)|   1, 0, 1;0,  0;0,  0> +
           ( 0.6912255, 0.0001332)|   1, 1, 0;0,  0;0,  0> +
           ( 0.0000000, 0.0000175)|   1, 0, 1;0,  0;1,  0> +
           (-0.0000000,-0.0000175)|   1, 0, 1;1,  0;0,  0> +
           (-0.0000167,-0.0000000)|   1, 1, 0;1,  0;0,  0> +
           ( 0.0000167, 0.0000000)|   1, 1, 0;0,  0;1,  0> +
            ...
 |   10> = (-0.7226145, 0.0059643)|   1, 1, 0;0,  0;0,  0> +
           ( 0.0059656, 0.6911997)|   1, 0, 1;0,  0;0,  0> +
           (-0.0000175, 0.0000001)|   1, 1, 0;0,  0;1,  0> +
           ( 0.0000175,-0.0000001)|   1, 1, 0;1,  0;0,  0> +
           (-0.0000001,-0.0000167)|   1, 0, 1;1,  0;0,  0> +
           ( 0.0000001, 0.0000167)|   1, 0, 1;0,  0;1,  0> +
            ...
 |   11> = ( 1.0000000,-0.0000000)|   7, 0, 0;0,  0;0,  0> +
           ( 0.0000242,-0.0000000)|   7, 0, 0;0,  0;1,  0> +
           (-0.0000242, 0.0000000)|   7, 0, 0;1,  0;0,  0> +
            ...
 |   12> = ( 0.0007215, 0.7114610)|   2, 0, 1;0,  0;0,  0> +
           (-0.7027248, 0.0007214)|   2, 1, 0;0,  0;0,  0> +
           (-0.0000000,-0.0000172)|   2, 0, 1;1,  0;0,  0> +
           ( 0.0000000, 0.0000172)|   2, 0, 1;0,  0;1,  0> +
           (-0.0000170, 0.0000000)|   2, 1, 0;0,  0;1,  0> +
           ( 0.0000170,-0.0000000)|   2, 1, 0;1,  0;0,  0> +
            ...
 |   13> = ( 0.7114614,-0.0000044)|   2, 1, 0;0,  0;0,  0> +
           (-0.0000044, 0.7027252)|   2, 0, 1;0,  0;0,  0> +
           ( 0.0000172,-0.0000000)|   2, 1, 0;0,  0;1,  0> +
           (-0.0000172, 0.0000000)|   2, 1, 0;1,  0;0,  0> +
           (-0.0000000, 0.0000170)|   2, 0, 1;0,  0;1,  0> +
           ( 0.0000000,-0.0000170)|   2, 0, 1;1,  0;0,  0> +
            ...
 |   14> = (-1.0000000,-0.0000000)|   8, 0, 0;0,  0;0,  0> +
           ( 0.0000242, 0.0000000)|   8, 0, 0;1,  0;0,  0> +
           (-0.0000242,-0.0000000)|   8, 0, 0;0,  0;1,  0> +
            ...
 |   15> = ( 0.7262579, 0.0309292)|   3, 1, 0;0,  0;0,  0> +
           ( 0.0309335,-0.6860292)|   3, 0, 1;0,  0;0,  0> +
           (-0.0000176,-0.0000007)|   3, 1, 0;1,  0;0,  0> +
           ( 0.0000176, 0.0000007)|   3, 1, 0;0,  0;1,  0> +
           (-0.0000007, 0.0000166)|   3, 0, 1;1,  0;0,  0> +
           ( 0.0000007,-0.0000166)|   3, 0, 1;0,  0;1,  0> +
            ...
 |   16> = (-0.0008825, 0.7269156)|   3, 0, 1;0,  0;0,  0> +
           ( 0.6867256,-0.0008823)|   3, 1, 0;0,  0;0,  0> +
           (-0.0000000, 0.0000176)|   3, 0, 1;0,  0;1,  0> +
           ( 0.0000000,-0.0000176)|   3, 0, 1;1,  0;0,  0> +
           ( 0.0000166,-0.0000000)|   3, 1, 0;0,  0;1,  0> +
           (-0.0000166, 0.0000000)|   3, 1, 0;1,  0;0,  0> +
            ...
 |   17> = ( 1.0000000,-0.0000000)|   9, 0, 0;0,  0;0,  0> +
           ( 0.0000242,-0.0000000)|   9, 0, 0;0,  0;1,  0> +
           (-0.0000242, 0.0000000)|   9, 0, 0;1,  0;0,  0> +
            ...
 |   18> = ( 0.6865804,-0.1728622)|   4, 1, 0;0,  0;0,  0> +
           (-0.1728818,-0.6847174)|   4, 0, 1;0,  0;0,  0> +
           ( 0.0000166,-0.0000042)|   4, 1, 0;0,  0;1,  0> +
           (-0.0000166, 0.0000042)|   4, 1, 0;1,  0;0,  0> +
           (-0.0000042,-0.0000166)|   4, 0, 1;0,  0;1,  0> +
           ( 0.0000042, 0.0000166)|   4, 0, 1;1,  0;0,  0> +
            ...
 |   19> = ( 0.0002373, 0.7080070)|   4, 0, 1;0,  0;0,  0> +
           ( 0.7062053, 0.0002372)|   4, 1, 0;0,  0;0,  0> +
           ( 0.0000000, 0.0000172)|   4, 0, 1;0,  0;1,  0> +
           (-0.0000000,-0.0000172)|   4, 0, 1;1,  0;0,  0> +
           ( 0.0000171, 0.0000000)|   4, 1, 0;0,  0;1,  0> +
           (-0.0000171,-0.0000000)|   4, 1, 0;1,  0;0,  0> +
            ...
 |   20> = ( 1.0000000, 0.0000000)|  10, 0, 0;0,  0;0,  0> +
           ( 0.0000242, 0.0000000)|  10, 0, 0;0,  0;1,  0> +
           (-0.0000242,-0.0000000)|  10, 0, 0;1,  0;0,  0> +
            ...
 |   21> = ( 0.7111244, 0.0002604)|   5, 1, 0;0,  0;0,  0> +
           ( 0.0002605, 0.7030661)|   5, 0, 1;0,  0;0,  0> +
           (-0.0000172,-0.0000000)|   5, 1, 0;1,  0;0,  0> +
           ( 0.0000172, 0.0000000)|   5, 1, 0;0,  0;1,  0> +
           (-0.0000000,-0.0000170)|   5, 0, 1;1,  0;0,  0> +
           ( 0.0000000, 0.0000170)|   5, 0, 1;0,  0;1,  0> +
            ...
 |   22> = ( 0.0455072,-0.7096669)|   5, 0, 1;0,  0;0,  0> +
           ( 0.7015917, 0.0455084)|   5, 1, 0;0,  0;0,  0> +
           (-0.0000011, 0.0000172)|   5, 0, 1;1,  0;0,  0> +
           ( 0.0000011,-0.0000172)|   5, 0, 1;0,  0;1,  0> +
           ( 0.0000170, 0.0000011)|   5, 1, 0;0,  0;1,  0> +
           (-0.0000170,-0.0000011)|   5, 1, 0;1,  0;0,  0> +
            ...
 |   23> = (-0.7071068, 0.0000000)|   0, 0, 2;0,  0;0,  0> +
           ( 0.7071068,-0.0000000)|   0, 2, 0;0,  0;0,  0> +
           (-0.0000171,-0.0000000)|   0, 0, 2;0,  0;1,  0> +
           ( 0.0000171,-0.0000000)|   0, 0, 2;1,  0;0,  0> +
           (-0.0000171, 0.0000000)|   0, 2, 0;1,  0;0,  0> +
           ( 0.0000171, 0.0000000)|   0, 2, 0;0,  0;1,  0> +
            ...
 |   24> = ( 0.7071068,-0.0000000)|   0, 2, 0;0,  0;0,  0> +
           ( 0.7071068, 0.0000000)|   0, 0, 2;0,  0;0,  0> +
           ( 0.0000171, 0.0000000)|   0, 2, 0;0,  0;1,  0> +
           (-0.0000171, 0.0000000)|   0, 2, 0;1,  0;0,  0> +
           (-0.0000171,-0.0000000)|   0, 0, 2;1,  0;0,  0> +
           ( 0.0000171,-0.0000000)|   0, 0, 2;0,  0;1,  0> +
            ...
 # The upper part of the spectrum
 # Eigenvalues first: 544	 last: 594
 22843.578889596 22843.578889596 22843.578892283 22843.578892284 22843.578900318 22843.578905693 22844.578889596 22844.578889596 22844.578892283 22844.578892284 22844.578900318 22844.578905693 22845.578889596 22845.578889596 22845.578892283 22845.578892284 22845.578900318 22845.578905694 22846.578889596 22846.578889596 22846.578892284 22846.578892284 22846.578900318 22846.578905693 22847.578889596 22847.578889596 22847.578892283 22847.578892283 22847.578900318 22847.578905693 22848.578889595 22848.578889595 22848.578892283 22848.578892283 22848.578900318 22848.578905693 22848.597604571 22848.597604571 22848.597604571 22848.597604571 22848.597607257 22848.597607258 22848.597607259 22848.597607259 22848.597615293 22848.597615293 22848.597620668 22848.597620668 22849.578889595 22849.578889595

# Excited states :
 |  543> = (-0.0098442, 0.9999515)|  33, 3, 3;0,  0;0,  0> +
           ( 0.0000002,-0.0000242)|  33, 3, 3;1,  0;0,  0> +
           (-0.0000002, 0.0000242)|  33, 3, 3;0,  0;1,  0> +
            ...
 |  544> = ( 0.2771019, 0.6455701)|   0, 0, 0;1,  1;0,  0> +
           (-0.2770751,-0.6455344)|   0, 0, 0;0,  0;1,  1> +
           (-0.0805217,-0.0007915)|   0, 0, 0;0,  0;1, -1> +
           ( 0.0805206, 0.0007906)|   0, 0, 0;1, -1;0,  0> +
           ( 0.0000067, 0.0000156)|   0, 0, 0;1,  1;1,  0> +
           ( 0.0000067, 0.0000156)|   0, 0, 0;1,  0;1,  1> +
            ...
 |  545> = (-0.7025320, 0.0000905)|   0, 0, 0;1, -1;0,  0> +
           ( 0.7024814,-0.0000903)|   0, 0, 0;0,  0;1, -1> +
           ( 0.0324990, 0.0736822)|   0, 0, 0;1,  1;0,  0> +
           (-0.0324935,-0.0736715)|   0, 0, 0;0,  0;1,  1> +
           (-0.0000170, 0.0000000)|   0, 0, 0;1, -1;1,  0> +
           (-0.0000170, 0.0000000)|   0, 0, 0;1,  0;1, -1> +
            ...
 |  546> = (-0.3589492,-0.5380199)|   0, 0, 0;0,  0;1,  1> +
           (-0.3589361,-0.5379831)|   0, 0, 0;1,  1;0,  0> +
           (-0.2858639,-0.0006261)|   0, 0, 0;0,  0;1, -1> +
           (-0.2858499,-0.0006245)|   0, 0, 0;1, -1;0,  0> +
           ( 0.0000087, 0.0000130)|   0, 0, 0;1,  0;1,  1> +
           (-0.0000087,-0.0000130)|   0, 0, 0;1,  1;1,  0> +
            ...
 |  547> = (-0.6467742, 0.0002763)|   0, 0, 0;0,  0;1, -1> +
           (-0.6467255, 0.0002759)|   0, 0, 0;1, -1;0,  0> +
           ( 0.1592753, 0.2373876)|   0, 0, 0;0,  0;1,  1> +
           ( 0.1592656, 0.2373649)|   0, 0, 0;1,  1;0,  0> +
           ( 0.0000157,-0.0000000)|   0, 0, 0;1,  0;1, -1> +
           (-0.0000157, 0.0000000)|   0, 0, 0;1, -1;1,  0> +
            ...
 |  548> = (-0.7071070, 0.0000000)|   0, 0, 0;1,  0;0,  0> +
           (-0.7071066, 0.0000000)|   0, 0, 0;0,  0;1,  0> +
            ...
 |  549> = ( 0.7071069,-0.0000000)|   0, 0, 0;0,  0;1,  0> +
           (-0.7071066,-0.0000000)|   0, 0, 0;1,  0;0,  0> +
           (-0.0000343,-0.0000000)|   0, 0, 0;1,  0;1,  0> +
           (-0.0000343, 0.0000000)|   0, 0, 0;0,  0;0,  0> +
            ...
 |  550> = ( 0.6916933,-0.1098797)|   1, 0, 0;1,  1;0,  0> +
           (-0.6916880, 0.1098863)|   1, 0, 0;0,  0;1,  1> +
           (-0.0962108, 0.0152741)|   1, 0, 0;0,  0;1, -1> +
           ( 0.0962098,-0.0152760)|   1, 0, 0;1, -1;0,  0> +
           ( 0.0000168,-0.0000027)|   1, 0, 0;1,  1;1,  0> +
           ( 0.0000168,-0.0000027)|   1, 0, 0;1,  0;1,  1> +
            ...
 |  551> = (-0.7003843,-0.0000012)|   1, 0, 0;0,  0;1, -1> +
           ( 0.7003445, 0.0000012)|   1, 0, 0;1, -1;0,  0> +
           (-0.0974214, 0.0000087)|   1, 0, 0;1,  1;0,  0> +
           ( 0.0974092,-0.0000088)|   1, 0, 0;0,  0;1,  1> +
           ( 0.0000170, 0.0000000)|   1, 0, 0;1,  0;1, -1> +
           ( 0.0000170, 0.0000000)|   1, 0, 0;1, -1;1,  0> +
            ...
 |  552> = ( 0.6822324, 0.0000072)|   1, 0, 0;1, -1;0,  0> +
           ( 0.6821913, 0.0000072)|   1, 0, 0;0,  0;1, -1> +
           ( 0.1859789,-0.0000261)|   1, 0, 0;0,  0;1,  1> +
           ( 0.1859727,-0.0000261)|   1, 0, 0;1,  1;0,  0> +
           ( 0.0000165, 0.0000000)|   1, 0, 0;1, -1;1,  0> +
           (-0.0000165,-0.0000000)|   1, 0, 0;1,  0;1, -1> +
            ...
 |  553> = ( 0.4757176, 0.4889875)|   1, 0, 0;0,  0;1,  1> +
           ( 0.4757091, 0.4889896)|   1, 0, 0;1,  1;0,  0> +
           (-0.1296626,-0.1333219)|   1, 0, 0;0,  0;1, -1> +
           (-0.1296629,-0.1333207)|   1, 0, 0;1, -1;0,  0> +
           (-0.0000115,-0.0000118)|   1, 0, 0;1,  0;1,  1> +
           ( 0.0000115, 0.0000118)|   1, 0, 0;1,  1;1,  0> +
            ...
 |  554> = ( 0.7071068,-0.0000000)|   1, 0, 0;1,  0;0,  0> +
           ( 0.7071067,-0.0000000)|   1, 0, 0;0,  0;1,  0> +
            ...
 |  555> = (-0.7071068, 0.0000000)|   1, 0, 0;0,  0;1,  0> +
           ( 0.7071067, 0.0000000)|   1, 0, 0;1,  0;0,  0> +
           ( 0.0000343,-0.0000000)|   1, 0, 0;1,  0;1,  0> +
           ( 0.0000343,-0.0000000)|   1, 0, 0;0,  0;0,  0> +
            ...
 |  556> = (-0.7070894,-0.0068059)|   2, 0, 0;0,  0;1,  1> +
           ( 0.7070585, 0.0068055)|   2, 0, 0;1,  1;0,  0> +
           ( 0.0003468, 0.0000034)|   2, 0, 0;1, -1;0,  0> +
           (-0.0003465,-0.0000034)|   2, 0, 0;0,  0;1, -1> +
           ( 0.0000171, 0.0000002)|   2, 0, 0;1,  0;1,  1> +
           ( 0.0000171, 0.0000002)|   2, 0, 0;1,  1;1,  0> +
            ...
 |  557> = (-0.7071115,-0.0000000)|   2, 0, 0;0,  0;1, -1> +
           ( 0.7071019, 0.0000000)|   2, 0, 0;1, -1;0,  0> +
           ( 0.0003466,-0.0000000)|   2, 0, 0;0,  0;1,  1> +
           (-0.0003466, 0.0000000)|   2, 0, 0;1,  1;0,  0> +
           ( 0.0000171, 0.0000000)|   2, 0, 0;1,  0;1, -1> +
           ( 0.0000171, 0.0000000)|   2, 0, 0;1, -1;1,  0> +
            ...
 |  558> = (-0.7070422,-0.0106318)|   2, 0, 0;1,  1;0,  0> +
           (-0.7070113,-0.0106315)|   2, 0, 0;0,  0;1,  1> +
           (-0.0003604,-0.0000059)|   2, 0, 0;1, -1;0,  0> +
           (-0.0003604,-0.0000059)|   2, 0, 0;0,  0;1, -1> +
           (-0.0000171,-0.0000003)|   2, 0, 0;1,  1;1,  0> +
           ( 0.0000171, 0.0000003)|   2, 0, 0;1,  0;1,  1> +
            ...
 |  559> = (-0.7071115, 0.0000000)|   2, 0, 0;1, -1;0,  0> +
           (-0.7071019, 0.0000000)|   2, 0, 0;0,  0;1, -1> +
           ( 0.0003606,-0.0000004)|   2, 0, 0;1,  1;0,  0> +
           ( 0.0003603,-0.0000004)|   2, 0, 0;0,  0;1,  1> +
           (-0.0000171, 0.0000000)|   2, 0, 0;1, -1;1,  0> +
           ( 0.0000171,-0.0000000)|   2, 0, 0;1,  0;1, -1> +
            ...
 |  560> = (-0.7071071,-0.0000003)|   2, 0, 0;1,  0;0,  0> +
           (-0.7071065,-0.0000003)|   2, 0, 0;0,  0;1,  0> +
            ...
 |  561> = ( 0.7071071, 0.0000000)|   2, 0, 0;0,  0;1,  0> +
           (-0.7071065, 0.0000000)|   2, 0, 0;1,  0;0,  0> +
           (-0.0000343, 0.0000000)|   2, 0, 0;1,  0;1,  0> +
           (-0.0000343, 0.0000000)|   2, 0, 0;0,  0;0,  0> +
            ...
 |  562> = ( 0.7068646,-0.0176755)|   3, 0, 0;1,  1;0,  0> +
           (-0.7068643, 0.0176752)|   3, 0, 0;0,  0;1,  1> +
           (-0.0054973, 0.0001373)|   3, 0, 0;0,  0;1, -1> +
           ( 0.0054972,-0.0001373)|   3, 0, 0;1, -1;0,  0> +
           ( 0.0000171,-0.0000004)|   3, 0, 0;1,  1;1,  0> +
           ( 0.0000171,-0.0000004)|   3, 0, 0;1,  0;1,  1> +
            ...
 |  563> = (-0.7070883,-0.0000000)|   3, 0, 0;0,  0;1, -1> +
           ( 0.7070825, 0.0000000)|   3, 0, 0;1, -1;0,  0> +
           ( 0.0054991,-0.0000002)|   3, 0, 0;0,  0;1,  1> +
           (-0.0054989, 0.0000002)|   3, 0, 0;1,  1;0,  0> +
           ( 0.0000171, 0.0000000)|   3, 0, 0;1,  0;1, -1> +
           ( 0.0000171, 0.0000000)|   3, 0, 0;1, -1;1,  0> +
            ...
 |  564> = ( 0.7070852, 0.0000000)|   3, 0, 0;1, -1;0,  0> +
           ( 0.7070793, 0.0000000)|   3, 0, 0;0,  0;1, -1> +
           (-0.0058911,-0.0000009)|   3, 0, 0;0,  0;1,  1> +
           (-0.0058910,-0.0000009)|   3, 0, 0;1,  1;0,  0> +
           ( 0.0000171, 0.0000000)|   3, 0, 0;1, -1;1,  0> +
           (-0.0000171,-0.0000000)|   3, 0, 0;1,  0;1, -1> +
            ...
 |  565> = (-0.7057643,-0.0431537)|   3, 0, 0;0,  0;1,  1> +
           (-0.7057640,-0.0431535)|   3, 0, 0;1,  1;0,  0> +
           (-0.0058802,-0.0003587)|   3, 0, 0;0,  0;1, -1> +
           (-0.0058801,-0.0003587)|   3, 0, 0;1, -1;0,  0> +
           ( 0.0000171, 0.0000010)|   3, 0, 0;1,  0;1,  1> +
           (-0.0000171,-0.0000010)|   3, 0, 0;1,  1;1,  0> +
            ...
 |  566> = ( 0.7070877,-0.0052211)|   3, 0, 0;0,  0;1,  0> +
           ( 0.7070874,-0.0052211)|   3, 0, 0;1,  0;0,  0> +
            ...
 |  567> = ( 0.7071069,-0.0000000)|   3, 0, 0;1,  0;0,  0> +
           (-0.7071066,-0.0000000)|   3, 0, 0;0,  0;1,  0> +
           ( 0.0000343, 0.0000000)|   3, 0, 0;1,  0;1,  0> +
           ( 0.0000343,-0.0000000)|   3, 0, 0;0,  0;0,  0> +
            ...
 |  568> = (-0.7071361, 0.0000001)|   4, 0, 0;0,  0;1, -1> +
           ( 0.7070711,-0.0000001)|   4, 0, 0;1, -1;0,  0> +
           ( 0.0021154,-0.0000005)|   4, 0, 0;0,  0;1,  1> +
           (-0.0021152, 0.0000005)|   4, 0, 0;1,  1;0,  0> +
           ( 0.0000171,-0.0000000)|   4, 0, 0;1,  0;1, -1> +
           ( 0.0000171,-0.0000000)|   4, 0, 0;1, -1;1,  0> +
            ...
 |  569> = (-0.7064749,-0.0312918)|   4, 0, 0;1,  1;0,  0> +
           ( 0.7063471, 0.0312874)|   4, 0, 0;0,  0;1,  1> +
           (-0.0021134,-0.0000941)|   4, 0, 0;1, -1;0,  0> +
           ( 0.0021130, 0.0000941)|   4, 0, 0;0,  0;1, -1> +
           (-0.0000171,-0.0000008)|   4, 0, 0;1,  1;1,  0> +
           (-0.0000171,-0.0000008)|   4, 0, 0;1,  0;1,  1> +
            ...
 |  570> = (-0.7067492,-0.0243022)|   4, 0, 0;0,  0;1,  1> +
           (-0.7066215,-0.0242966)|   4, 0, 0;1,  1;0,  0> +
           (-0.0023085,-0.0000797)|   4, 0, 0;0,  0;1, -1> +
           (-0.0023081,-0.0000797)|   4, 0, 0;1, -1;0,  0> +
           ( 0.0000171, 0.0000006)|   4, 0, 0;1,  0;1,  1> +
           (-0.0000171,-0.0000006)|   4, 0, 0;1,  1;1,  0> +
            ...
 |  571> = (-0.7071355, 0.0000000)|   4, 0, 0;1, -1;0,  0> +
           (-0.7070705, 0.0000001)|   4, 0, 0;0,  0;1, -1> +
           ( 0.0023098,-0.0000003)|   4, 0, 0;1,  1;0,  0> +
           ( 0.0023096,-0.0000003)|   4, 0, 0;0,  0;1,  1> +
           (-0.0000171, 0.0000000)|   4, 0, 0;1, -1;1,  0> +
           ( 0.0000171,-0.0000000)|   4, 0, 0;1,  0;1, -1> +
            ...
 |  572> = ( 0.6765149, 0.2057378)|   4, 0, 0;0,  0;1,  0> +
           ( 0.6765142, 0.2057378)|   4, 0, 0;1,  0;0,  0> +
            ...
 |  573> = ( 0.7071071, 0.0000001)|   4, 0, 0;1,  0;0,  0> +
           (-0.7071065, 0.0000001)|   4, 0, 0;0,  0;1,  0> +
           ( 0.0000343,-0.0000000)|   4, 0, 0;1,  0;1,  0> +
           ( 0.0000343,-0.0000000)|   4, 0, 0;0,  0;0,  0> +
            ...
 |  574> = ( 0.5541135, 0.0246109)|   5, 0, 0;1, -1;0,  0> +
           (-0.5540805,-0.0246122)|   5, 0, 0;0,  0;1, -1> +
           (-0.4285060, 0.0936274)|   5, 0, 0;1,  1;0,  0> +
           ( 0.4284772,-0.0936234)|   5, 0, 0;0,  0;1,  1> +
           ( 0.0000134, 0.0000006)|   5, 0, 0;1, -1;1,  0> +
           ( 0.0000134, 0.0000006)|   5, 0, 0;1,  0;1, -1> +
           (-0.0000104, 0.0000023)|   5, 0, 0;1,  1;1,  0> +
           (-0.0000104, 0.0000023)|   5, 0, 0;1,  0;1,  1> +
            ...
 |  575> = (-0.5101883,-0.2176865)|   5, 0, 0;0,  0;1,  1> +
           ( 0.5100834, 0.2177012)|   5, 0, 0;1,  1;0,  0> +
           ( 0.3457292, 0.2698969)|   5, 0, 0;1, -1;0,  0> +
           (-0.3457187,-0.2699020)|   5, 0, 0;0,  0;1, -1> +
           ( 0.0000124, 0.0000053)|   5, 0, 0;1,  0;1,  1> +
           ( 0.0000124, 0.0000053)|   5, 0, 0;1,  1;1,  0> +
           ( 0.0000084, 0.0000065)|   5, 0, 0;1, -1;1,  0> +
           ( 0.0000084, 0.0000065)|   5, 0, 0;1,  0;1, -1> +
            ...
 |  576> = ( 0.6863556,-0.0685310)|   5, 0, 0;1,  1;0,  0> +
           ( 0.6863026,-0.0685714)|   5, 0, 0;0,  0;1,  1> +
           (-0.1551507, 0.0138861)|   5, 0, 0;0,  0;1, -1> +
           (-0.1550730, 0.0139307)|   5, 0, 0;1, -1;0,  0> +
           ( 0.0000166,-0.0000017)|   5, 0, 0;1,  1;1,  0> +
           (-0.0000166, 0.0000017)|   5, 0, 0;1,  0;1,  1> +
            ...
 |  577> = ( 0.6897274,-0.0056660)|   5, 0, 0;0,  0;1, -1> +
           ( 0.6897142,-0.0056632)|   5, 0, 0;1, -1;0,  0> +
           ( 0.1557208,-0.0028558)|   5, 0, 0;1,  1;0,  0> +
           ( 0.1556952,-0.0028549)|   5, 0, 0;0,  0;1,  1> +
           (-0.0000167, 0.0000001)|   5, 0, 0;1,  0;1, -1> +
           ( 0.0000167,-0.0000001)|   5, 0, 0;1, -1;1,  0> +
            ...
 |  578> = (-0.7018715, 0.0858895)|   5, 0, 0;0,  0;1,  0> +
           (-0.7018706, 0.0858894)|   5, 0, 0;1,  0;0,  0> +
            ...
 |  579> = ( 0.7071072, 0.0000008)|   5, 0, 0;1,  0;0,  0> +
           (-0.7071063,-0.0000008)|   5, 0, 0;0,  0;1,  0> +
           ( 0.0000343, 0.0000000)|   5, 0, 0;1,  0;1,  0> +
           ( 0.0000343, 0.0000000)|   5, 0, 0;0,  0;0,  0> +
            ...
 |  580> = ( 0.0000000, 0.3535707)|   0, 0, 1;0,  0;1,  1> +
           (-0.0000000,-0.3535704)|   0, 0, 1;1,  1;0,  0> +
           ( 0.3535619,-0.0000000)|   0, 1, 0;0,  0;1,  1> +
           (-0.3535615, 0.0000000)|   0, 1, 0;1,  1;0,  0> +
           (-0.3535487,-0.0000000)|   0, 1, 0;0,  0;1, -1> +
           ( 0.3535486, 0.0000000)|   0, 1, 0;1, -1;0,  0> +
           ( 0.0000000, 0.3535327)|   0, 0, 1;0,  0;1, -1> +
           (-0.0000000,-0.3535326)|   0, 0, 1;1, -1;0,  0> +
            ...
 |  581> = ( 0.0010419, 0.5116571)|   0, 0, 1;0,  0;1, -1> +
           (-0.0010421,-0.5116475)|   0, 0, 1;1, -1;0,  0> +
           ( 0.0000255,-0.3916368)|   0, 0, 1;0,  0;1,  1> +
           (-0.0000247, 0.3916354)|   0, 0, 1;1,  1;0,  0> +
           (-0.2570012,-0.0012292)|   0, 1, 0;0,  0;1,  1> +
           ( 0.2569888, 0.0012297)|   0, 1, 0;1,  1;0,  0> +
           (-0.1370379,-0.0022965)|   0, 1, 0;0,  0;1, -1> +
           ( 0.1370335, 0.0022964)|   0, 1, 0;1, -1;0,  0> +
           (-0.0000000,-0.0000124)|   0, 0, 1;1,  0;1, -1> +
           (-0.0000000,-0.0000124)|   0, 0, 1;1, -1;1,  0> +
            ...
 |  582> = ( 0.0091279,-0.4547173)|   0, 0, 1;0,  0;1,  1> +
           (-0.0091285, 0.4547090)|   0, 0, 1;1,  1;0,  0> +
           ( 0.3917162,-0.0035755)|   0, 1, 0;0,  0;1,  1> +
           (-0.3917146, 0.0035755)|   0, 1, 0;1,  1;0,  0> +
           ( 0.2929248, 0.0281660)|   0, 1, 0;1, -1;0,  0> +
           (-0.2929183,-0.0281669)|   0, 1, 0;0,  0;1, -1> +
           (-0.0154618, 0.2299225)|   0, 0, 1;1, -1;0,  0> +
           ( 0.0154637,-0.2299184)|   0, 0, 1;0,  0;1, -1> +
           (-0.0000111, 0.0000003)|   0, 1, 0;0,  0;1,  0> +
           (-0.0000002, 0.0000110)|   0, 0, 1;1,  0;1,  1> +
           (-0.0000002, 0.0000110)|   0, 0, 1;1,  1;1,  0> +
            ...
 |  583> = (-0.5161402,-0.0568085)|   0, 1, 0;0,  0;1, -1> +
           ( 0.5161306, 0.0568076)|   0, 1, 0;1, -1;0,  0> +
           (-0.3937862,-0.0207510)|   0, 1, 0;0,  0;1,  1> +
           ( 0.3937715, 0.0207535)|   0, 1, 0;1,  1;0,  0> +
           (-0.0280290, 0.2435988)|   0, 0, 1;1, -1;0,  0> +
           ( 0.0280296,-0.2435863)|   0, 0, 1;0,  0;1, -1> +
           ( 0.0080282, 0.1212346)|   0, 0, 1;0,  0;1,  1> +
           (-0.0080248,-0.1212295)|   0, 0, 1;1,  1;0,  0> +
           ( 0.0000125, 0.0000014)|   0, 1, 0;1,  0;1, -1> +
           ( 0.0000125, 0.0000014)|   0, 1, 0;1, -1;1,  0> +
            ...
 |  584> = ( 0.2259494, 0.4697271)|   0, 0, 1;1,  1;0,  0> +
           ( 0.2259484, 0.4697245)|   0, 0, 1;0,  0;1,  1> +
           (-0.3258498, 0.1956677)|   0, 1, 0;1,  1;0,  0> +
           (-0.3258427, 0.1956641)|   0, 1, 0;0,  0;1,  1> +
           ( 0.2766731, 0.0117328)|   0, 1, 0;0,  0;1, -1> +
           ( 0.2766696, 0.0117335)|   0, 1, 0;1, -1;0,  0> +
           ( 0.0121033,-0.0837418)|   0, 0, 1;0,  0;1, -1> +
           ( 0.0121053,-0.0837410)|   0, 0, 1;1, -1;0,  0> +
           ( 0.0000055, 0.0000114)|   0, 0, 1;1,  1;1,  0> +
           (-0.0000055,-0.0000114)|   0, 0, 1;1,  0;1,  1> +
            ...
 |  585> = (-0.5860745, 0.0485732)|   0, 1, 0;1,  1;0,  0> +
           (-0.5860623, 0.0485724)|   0, 1, 0;0,  0;1,  1> +
           ( 0.0574203,-0.3211973)|   0, 0, 1;1,  1;0,  0> +
           ( 0.0574199,-0.3211919)|   0, 0, 1;0,  0;1,  1> +
           (-0.2153731,-0.0092655)|   0, 1, 0;1, -1;0,  0> +
           (-0.2153604,-0.0092650)|   0, 1, 0;0,  0;1, -1> +
           ( 0.0037364, 0.0349138)|   0, 0, 1;1, -1;0,  0> +
           ( 0.0037354, 0.0349097)|   0, 0, 1;0,  0;1, -1> +
           (-0.0000142, 0.0000012)|   0, 1, 0;1,  1;1,  0> +
           ( 0.0000142,-0.0000012)|   0, 1, 0;1,  0;1,  1> +
            ...
 |  586> = (-0.0057133,-0.4498815)|   0, 0, 1;1, -1;0,  0> +
           (-0.0057119,-0.4498798)|   0, 0, 1;0,  0;1, -1> +
           ( 0.4412821, 0.0142257)|   0, 1, 0;1, -1;0,  0> +
           ( 0.4412708, 0.0142249)|   0, 1, 0;0,  0;1, -1> +
           (-0.0882912,-0.2958350)|   0, 0, 1;1,  1;0,  0> +
           (-0.0882906,-0.2958332)|   0, 0, 1;0,  0;1,  1> +
           (-0.0419341,-0.0746754)|   0, 1, 0;0,  0;1,  1> +
           (-0.0419199,-0.0746767)|   0, 1, 0;1,  1;0,  0> +
           ( 0.0000034, 0.0000114)|   0, 0, 1;1,  0;0,  0> +
           (-0.0000001,-0.0000109)|   0, 0, 1;1, -1;1,  0> +
           ( 0.0000001, 0.0000109)|   0, 0, 1;1,  0;1, -1> +
           ( 0.0000107, 0.0000003)|   0, 1, 0;1, -1;1,  0> +
           (-0.0000107,-0.0000003)|   0, 1, 0;1,  0;1, -1> +
            ...
 |  587> = ( 0.0652398, 0.5337853)|   0, 0, 1;1, -1;0,  0> +
           ( 0.0652387, 0.5337852)|   0, 0, 1;0,  0;1, -1> +
           ( 0.4248688,-0.0375345)|   0, 1, 0;0,  0;1, -1> +
           ( 0.4248617,-0.0375357)|   0, 1, 0;1, -1;0,  0> +
           (-0.0500928,-0.1549858)|   0, 0, 1;1,  1;0,  0> +
           (-0.0500931,-0.1549775)|   0, 0, 1;0,  0;1,  1> +
           (-0.0448584,-0.0188937)|   0, 1, 0;0,  0;1,  1> +
           (-0.0448573,-0.0188935)|   0, 1, 0;1,  1;0,  0> +
           ( 0.0000016, 0.0000129)|   0, 0, 1;1, -1;1,  0> +
           (-0.0000016,-0.0000129)|   0, 0, 1;1,  0;1, -1> +
           (-0.0000103, 0.0000009)|   0, 1, 0;1,  0;1, -1> +
           ( 0.0000103,-0.0000009)|   0, 1, 0;1, -1;1,  0> +
            ...
 |  588> = ( 0.5832571,-0.0191910)|   0, 1, 0;1,  0;0,  0> +
           ( 0.5832032,-0.0191849)|   0, 1, 0;0,  0;1,  0> +
           (-0.1592466,-0.3662371)|   0, 0, 1;1,  0;0,  0> +
           (-0.1592400,-0.3662000)|   0, 0, 1;0,  0;1,  0> +
           ( 0.0000100, 0.0000000)|   0, 1, 0;1, -1;0,  0> +
            ...
 |  589> = (-0.2136385,-0.5430343)|   0, 0, 1;0,  0;1,  0> +
           (-0.2136413,-0.5430294)|   0, 0, 1;1,  0;0,  0> +
           (-0.3993442,-0.0009814)|   0, 1, 0;0,  0;1,  0> +
           (-0.3993384,-0.0009826)|   0, 1, 0;1,  0;0,  0> +
           ( 0.0000109, 0.0000007)|   0, 1, 0;1, -1;0,  0> +
           (-0.0000001,-0.0000103)|   0, 0, 1;0,  0;1, -1> +
            ...
 |  590> = (-0.6108513, 0.0581420)|   0, 1, 0;0,  0;1,  0> +
           ( 0.6107987,-0.0581401)|   0, 1, 0;1,  0;0,  0> +
           ( 0.0510796, 0.3477311)|   0, 0, 1;0,  0;1,  0> +
           (-0.0510664,-0.3476938)|   0, 0, 1;1,  0;0,  0> +
           ( 0.0000296,-0.0000028)|   0, 1, 0;1,  0;1,  0> +
           ( 0.0000296,-0.0000028)|   0, 1, 0;0,  0;0,  0> +
           (-0.0000025,-0.0000168)|   0, 0, 1;1,  0;1,  0> +
           (-0.0000025,-0.0000168)|   0, 0, 1;0,  0;0,  0> +
            ...
 |  591> = (-0.0220302,-0.6131911)|   0, 0, 1;1,  0;0,  0> +
           ( 0.0220273, 0.6131895)|   0, 0, 1;0,  0;1,  0> +
           (-0.3514079,-0.0052826)|   0, 1, 0;1,  0;0,  0> +
           ( 0.3513993, 0.0052828)|   0, 1, 0;0,  0;1,  0> +
           (-0.0000011,-0.0000297)|   0, 0, 1;1,  0;1,  0> +
           (-0.0000011,-0.0000297)|   0, 0, 1;0,  0;0,  0> +
           (-0.0000170,-0.0000003)|   0, 1, 0;1,  0;1,  0> +
           (-0.0000170,-0.0000003)|   0, 1, 0;0,  0;0,  0> +
            ...
 |  592> = (-0.7066329, 0.0256954)|   6, 0, 0;1,  1;0,  0> +
           ( 0.7066268,-0.0256962)|   6, 0, 0;0,  0;1,  1> +
           ( 0.0037368,-0.0001046)|   6, 0, 0;1, -1;0,  0> +
           (-0.0037367, 0.0001046)|   6, 0, 0;0,  0;1, -1> +
           (-0.0000171, 0.0000006)|   6, 0, 0;1,  1;1,  0> +
           (-0.0000171, 0.0000006)|   6, 0, 0;1,  0;1,  1> +
            ...
 |  593> = ( 0.7071580, 0.0000652)|   6, 0, 0;0,  0;1, -1> +
           (-0.7070358,-0.0000652)|   6, 0, 0;1, -1;0,  0> +
           (-0.0037382, 0.0000308)|   6, 0, 0;1,  1;0,  0> +
           ( 0.0037380,-0.0000309)|   6, 0, 0;0,  0;1,  1> +
           (-0.0000171,-0.0000000)|   6, 0, 0;1,  0;1, -1> +
           (-0.0000171,-0.0000000)|   6, 0, 0;1, -1;1,  0> +
            ...
