# Parameters of the model
#  mass:		  261.0000 u
#  charge:	    1.0000 e
#  dipole:	   1.00000 D
#  B:		    503.65 MHz
#  omega_rho:	    1.4000 MHz
#  omega_z:	  0.160000 MHz

# omega_1:	  0.277128 MHz
# omega_3/5:	   1.39083 MHz

# Basis truncation:	|34,4,4;2,2>
# Basis size:		44064

# Active terms of the Hamiltionian:
# 	Nomal modes:	1
# 	T_rot:      	1
# 	V_qd^{(0)}: 	1
# 	V_qd^{(1)}: 	1
# 	V_dd^{(0)}: 	1

# Results of the diagonalisation
# 100 smallest eigenvalues
 5.518714428 6.518714428 7.518714428 8.518714428 9.518714429 10.518714427 10.537429402 10.537429404 11.518714427 11.537429402 11.537429402 12.518714427 12.537429400 12.537429401 13.518714428 13.537429403 13.537429404 14.518714428 14.537429401 14.537429403 15.518714428 15.537429401 15.537429403 15.556144376 15.556144377 15.556144378 16.518714428 16.537429401 16.537429402 16.556144376 16.556144376 16.556144379 17.518714428 17.537429401 17.537429403 17.556144375 17.556144378 17.556144378 18.518714431 18.537429403 18.537429403 18.556144377 18.556144377 18.556144377 19.518714428 19.537429402 19.537429403 19.556144376 19.556144378 19.556144379 20.518714427 20.537429402 20.537429402 20.556144377 20.556144377 20.556144378 20.574859350 20.574859352 20.574859353 20.574859358 21.518714427 21.537429402 21.537429403 21.556144378 21.556144378 21.556144379 21.574859351 21.574859352 21.574859353 21.574859353 22.518714427 22.537429401 22.537429404 22.556144376 22.556144377 22.556144378 22.574859352 22.574859353 22.574859354 22.574859354 23.518714427 23.537429402 23.537429403 23.556144377 23.556144377 23.556144377 23.574859352 23.574859353 23.574859353 23.574859353 24.518714429 24.537429402 24.537429403 24.556144377 24.556144377 24.556144378 24.574859352 24.574859352 24.574859353 24.574859354

# Ground state and the lowest excitations:
 |    0> = ( 1.0000000, 0.0000000)|   0, 0, 0;0,  0;0,  0> +
            ...
 |    1> = (-1.0000000,-0.0000000)|   1, 0, 0;0,  0;0,  0> +
            ...
 |    2> = ( 1.0000000, 0.0000000)|   2, 0, 0;0,  0;0,  0> +
            ...
 |    3> = ( 1.0000000, 0.0000000)|   3, 0, 0;0,  0;0,  0> +
            ...
 |    4> = (-1.0000000, 0.0000000)|   4, 0, 0;0,  0;0,  0> +
            ...
 |    5> = ( 1.0000000, 0.0000000)|   5, 0, 0;0,  0;0,  0> +
            ...
 |    6> = (-0.7073379,-0.0000000)|   0, 1, 0;0,  0;0,  0> +
           (-0.0000000,-0.7068756)|   0, 0, 1;0,  0;0,  0> +
            ...
 |    7> = (-0.0000096, 0.7073379)|   0, 0, 1;0,  0;0,  0> +
           (-0.7068756,-0.0000096)|   0, 1, 0;0,  0;0,  0> +
            ...
 |    8> = ( 1.0000000, 0.0000000)|   6, 0, 0;0,  0;0,  0> +
            ...
 |    9> = ( 0.7105938,-0.0207762)|   1, 1, 0;0,  0;0,  0> +
           (-0.0207759,-0.7029887)|   1, 0, 1;0,  0;0,  0> +
            ...
 |   10> = (-0.0001115,-0.7108975)|   1, 0, 1;0,  0;0,  0> +
           (-0.7032956,-0.0001115)|   1, 1, 0;0,  0;0,  0> +
            ...
 |   11> = (-1.0000000, 0.0000000)|   7, 0, 0;0,  0;0,  0> +
            ...
 |   12> = (-0.0001459,-0.7079850)|   2, 0, 1;0,  0;0,  0> +
           (-0.7062274,-0.0001459)|   2, 1, 0;0,  0;0,  0> +
            ...
 |   13> = (-0.6983194, 0.1165884)|   2, 1, 0;0,  0;0,  0> +
           ( 0.1165863, 0.6965377)|   2, 0, 1;0,  0;0,  0> +
            ...
 |   14> = ( 1.0000000, 0.0000000)|   8, 0, 0;0,  0;0,  0> +
            ...
 |   15> = ( 0.7067786, 0.0249243)|   3, 1, 0;0,  0;0,  0> +
           ( 0.0249239,-0.7065561)|   3, 0, 1;0,  0;0,  0> +
            ...
 |   16> = (-0.0000037, 0.7072179)|   3, 0, 1;0,  0;0,  0> +
           ( 0.7069956,-0.0000037)|   3, 1, 0;0,  0;0,  0> +
            ...
 |   17> = ( 1.0000000, 0.0000000)|   9, 0, 0;0,  0;0,  0> +
            ...
 |   18> = (-0.7049653,-0.0598484)|   4, 1, 0;0,  0;0,  0> +
           (-0.0598474, 0.7041736)|   4, 0, 1;0,  0;0,  0> +
            ...
 |   19> = ( 0.0000330,-0.7075011)|   4, 0, 1;0,  0;0,  0> +
           (-0.7067122, 0.0000330)|   4, 1, 0;0,  0;0,  0> +
            ...
 |   20> = ( 1.0000000, 0.0000000)|  10, 0, 0;0,  0;0,  0> +
            ...
 |   21> = ( 0.0006890, 0.7093948)|   5, 0, 1;0,  0;0,  0> +
           (-0.7048106, 0.0006890)|   5, 1, 0;0,  0;0,  0> +
            ...
 |   22> = (-0.7093952, 0.0000021)|   5, 1, 0;0,  0;0,  0> +
           ( 0.0000023,-0.7048110)|   5, 0, 1;0,  0;0,  0> +
            ...
 |   23> = ( 0.0000017, 1.0000000)|   0, 1, 1;0,  0;0,  0> +
            ...
 |   24> = (-0.7071072, 0.0000000)|   0, 0, 2;0,  0;0,  0> +
           (-0.7071064,-0.0000000)|   0, 2, 0;0,  0;0,  0> +
            ...
 # The upper part of the spectrum
 # Eigenvalues first: 544	 last: 594
 22843.578907985 22843.578907985 22843.578908040 22843.578908040 22843.578908204 22843.578908314 22844.578907985 22844.578907985 22844.578908040 22844.578908040 22844.578908204 22844.578908314 22845.578907985 22845.578907985 22845.578908040 22845.578908040 22845.578908204 22845.578908314 22846.578907985 22846.578907985 22846.578908040 22846.578908040 22846.578908204 22846.578908314 22847.578907985 22847.578907986 22847.578908040 22847.578908040 22847.578908204 22847.578908314 22848.578907985 22848.578907986 22848.578908040 22848.578908040 22848.578908204 22848.578908314 22848.597622960 22848.597622960 22848.597622960 22848.597622960 22848.597623015 22848.597623015 22848.597623015 22848.597623016 22848.597623179 22848.597623180 22848.597623289 22848.597623289 22849.578907986 22849.578907986

# Excited states :
 |  543> = ( 0.0004192, 0.9999999)|  33, 3, 3;0,  0;0,  0> +
            ...
 |  544> = ( 0.7063719, 0.0098143)|   0, 0, 0;1,  1;0,  0> +
           (-0.7052097,-0.0097769)|   0, 0, 0;0,  0;1,  1> +
           ( 0.0420661, 0.0000032)|   0, 0, 0;0,  0;1, -1> +
           (-0.0419110,-0.0000206)|   0, 0, 0;1, -1;0,  0> +
            ...
 |  545> = ( 0.7062068,-0.0000006)|   0, 0, 0;1, -1;0,  0> +
           (-0.7055110, 0.0000003)|   0, 0, 0;0,  0;1, -1> +
           ( 0.0421522, 0.0005745)|   0, 0, 0;1,  1;0,  0> +
           (-0.0418168,-0.0005671)|   0, 0, 0;0,  0;1,  1> +
           (-0.0001737, 0.0000001)|   0, 0, 0;1,  0;0,  0> +
           (-0.0001661, 0.0000001)|   0, 0, 0;0,  0;1,  0> +
            ...
 |  546> = (-0.7046544,-0.0283684)|   0, 0, 0;0,  0;1,  1> +
           (-0.7034945,-0.0283440)|   0, 0, 0;1,  1;0,  0> +
           ( 0.0590505, 0.0000209)|   0, 0, 0;1, -1;0,  0> +
           ( 0.0588427, 0.0000154)|   0, 0, 0;0,  0;1, -1> +
            ...
 |  547> = ( 0.7049979,-0.0000012)|   0, 0, 0;0,  0;1, -1> +
           ( 0.7042929,-0.0000008)|   0, 0, 0;1, -1;0,  0> +
           ( 0.0590462, 0.0023650)|   0, 0, 0;0,  0;1,  1> +
           ( 0.0587527, 0.0023428)|   0, 0, 0;1,  1;0,  0> +
           ( 0.0001055,-0.0000004)|   0, 0, 0;1,  0;0,  0> +
           ( 0.0000963,-0.0000004)|   0, 0, 0;0,  0;1,  0> +
            ...
 |  548> = ( 0.7071147, 0.0000001)|   0, 0, 0;1,  0;0,  0> +
           ( 0.7070988, 0.0000001)|   0, 0, 0;0,  0;1,  0> +
           (-0.0002708,-0.0000000)|   0, 0, 0;0,  0;1, -1> +
           ( 0.0000693,-0.0000003)|   0, 0, 0;1, -1;0,  0> +
           (-0.0000077,-0.0000073)|   0, 0, 0;0,  0;1,  1> +
            ...
 |  549> = ( 0.7071147, 0.0000000)|   0, 0, 0;0,  0;1,  0> +
           (-0.7070989, 0.0000000)|   0, 0, 0;1,  0;0,  0> +
            ...
 |  550> = ( 0.7025910,-0.0000039)|   1, 0, 0;1,  1;0,  0> +
           (-0.7014261, 0.0000042)|   1, 0, 0;0,  0;1,  1> +
           ( 0.0848366, 0.0000352)|   1, 0, 0;1, -1;0,  0> +
           (-0.0846758,-0.0000358)|   1, 0, 0;0,  0;1, -1> +
            ...
 |  551> = ( 0.7029548, 0.0069110)|   1, 0, 0;0,  0;1, -1> +
           (-0.7009931,-0.0069362)|   1, 0, 0;1, -1;0,  0> +
           (-0.0848934,-0.0007987)|   1, 0, 0;0,  0;1,  1> +
           ( 0.0846114, 0.0008011)|   1, 0, 0;1,  1;0,  0> +
            ...
 |  552> = (-0.7026808,-0.0000005)|   1, 0, 0;0,  0;1,  1> +
           (-0.7015191,-0.0000006)|   1, 0, 0;1,  1;0,  0> +
           (-0.0840894, 0.0000036)|   1, 0, 0;0,  0;1, -1> +
           (-0.0839018, 0.0000035)|   1, 0, 0;1, -1;0,  0> +
            ...
 |  553> = ( 0.7029457,-0.0138239)|   1, 0, 0;1, -1;0,  0> +
           ( 0.7009811,-0.0138297)|   1, 0, 0;0,  0;1, -1> +
           (-0.0841087, 0.0016502)|   1, 0, 0;1,  1;0,  0> +
           (-0.0838500, 0.0016509)|   1, 0, 0;0,  0;1,  1> +
            ...
 |  554> = (-0.7071092, 0.0000000)|   1, 0, 0;1,  0;0,  0> +
           (-0.7071043, 0.0000000)|   1, 0, 0;0,  0;1,  0> +
            ...
 |  555> = (-0.7071092, 0.0000000)|   1, 0, 0;0,  0;1,  0> +
           ( 0.7071043, 0.0000000)|   1, 0, 0;1,  0;0,  0> +
            ...
 |  556> = ( 0.7076534, 0.0000012)|   2, 0, 0;0,  0;1, -1> +
           (-0.7065594,-0.0000035)|   2, 0, 0;1, -1;0,  0> +
           (-0.0004799,-0.0000002)|   2, 0, 0;0,  0;1,  1> +
           ( 0.0004707,-0.0000002)|   2, 0, 0;1,  1;0,  0> +
            ...
 |  557> = ( 0.7088495, 0.0299903)|   2, 0, 0;1,  1;0,  0> +
           (-0.7040913,-0.0297990)|   2, 0, 0;0,  0;1,  1> +
           ( 0.0004766, 0.0000202)|   2, 0, 0;1, -1;0,  0> +
           (-0.0004732,-0.0000200)|   2, 0, 0;0,  0;1, -1> +
            ...
 |  558> = (-0.7076534,-0.0000054)|   2, 0, 0;1, -1;0,  0> +
           (-0.7065594,-0.0000031)|   2, 0, 0;0,  0;1, -1> +
           ( 0.0004774,-0.0000000)|   2, 0, 0;1,  1;0,  0> +
           ( 0.0004765,-0.0000000)|   2, 0, 0;0,  0;1,  1> +
            ...
 |  559> = ( 0.7089192, 0.0282954)|   2, 0, 0;0,  0;1,  1> +
           ( 0.7041613, 0.0280955)|   2, 0, 0;1,  1;0,  0> +
           ( 0.0004824, 0.0000191)|   2, 0, 0;0,  0;1, -1> +
           ( 0.0004708, 0.0000190)|   2, 0, 0;1, -1;0,  0> +
            ...
 |  560> = ( 0.7071212, 0.0000000)|   2, 0, 0;1,  0;0,  0> +
           ( 0.7070923, 0.0000000)|   2, 0, 0;0,  0;1,  0> +
            ...
 |  561> = (-0.7071212,-0.0000000)|   2, 0, 0;0,  0;1,  0> +
           ( 0.7070923,-0.0000000)|   2, 0, 0;1,  0;0,  0> +
            ...
 |  562> = (-0.7073779, 0.0035337)|   3, 0, 0;1, -1;0,  0> +
           ( 0.7035725,-0.0035214)|   3, 0, 0;0,  0;1, -1> +
           ( 0.0480284, 0.0016159)|   3, 0, 0;0,  0;1,  1> +
           (-0.0475962,-0.0016154)|   3, 0, 0;1,  1;0,  0> +
            ...
 |  563> = (-0.7066426, 0.0259603)|   3, 0, 0;0,  0;1,  1> +
           ( 0.7033695,-0.0260040)|   3, 0, 0;1,  1;0,  0> +
           (-0.0478846, 0.0036122)|   3, 0, 0;1, -1;0,  0> +
           ( 0.0475213,-0.0036158)|   3, 0, 0;0,  0;1, -1> +
            ...
 |  564> = (-0.7048974, 0.0023269)|   3, 0, 0;0,  0;1, -1> +
           (-0.7010758, 0.0023075)|   3, 0, 0;1, -1;0,  0> +
           ( 0.0762880, 0.0000753)|   3, 0, 0;1,  1;0,  0> +
           ( 0.0760376, 0.0000658)|   3, 0, 0;0,  0;1,  1> +
            ...
 |  565> = ( 0.7046273, 0.0027667)|   3, 0, 0;1,  1;0,  0> +
           ( 0.7013435, 0.0029183)|   3, 0, 0;0,  0;1,  1> +
           ( 0.0762641,-0.0000231)|   3, 0, 0;0,  0;1, -1> +
           ( 0.0760617,-0.0000042)|   3, 0, 0;1, -1;0,  0> +
            ...
 |  566> = ( 0.7071698,-0.0000088)|   3, 0, 0;0,  0;1,  0> +
           ( 0.7070438,-0.0000088)|   3, 0, 0;1,  0;0,  0> +
            ...
 |  567> = (-0.7071698, 0.0000000)|   3, 0, 0;1,  0;0,  0> +
           ( 0.7070438, 0.0000000)|   3, 0, 0;0,  0;1,  0> +
            ...
 |  568> = ( 0.6954641,-0.1315760)|   4, 0, 0;1,  1;0,  0> +
           (-0.6940724, 0.1314565)|   4, 0, 0;0,  0;1,  1> +
           ( 0.0002531,-0.0000482)|   4, 0, 0;1, -1;0,  0> +
           (-0.0002527, 0.0000482)|   4, 0, 0;0,  0;1, -1> +
            ...
 |  569> = (-0.7103973, 0.0000022)|   4, 0, 0;1, -1;0,  0> +
           ( 0.7038008,-0.0000018)|   4, 0, 0;0,  0;1, -1> +
           (-0.0002583,-0.0000003)|   4, 0, 0;0,  0;1,  1> +
           ( 0.0002566, 0.0000003)|   4, 0, 0;1,  1;0,  0> +
            ...
 |  570> = (-0.7103973, 0.0000051)|   4, 0, 0;0,  0;1, -1> +
           (-0.7038008, 0.0000054)|   4, 0, 0;1, -1;0,  0> +
           ( 0.0002617,-0.0000001)|   4, 0, 0;0,  0;1,  1> +
           ( 0.0002591,-0.0000001)|   4, 0, 0;1,  1;0,  0> +
            ...
 |  571> = (-0.7077838, 0.0049689)|   4, 0, 0;0,  0;1,  1> +
           (-0.7063952, 0.0048178)|   4, 0, 0;1,  1;0,  0> +
           (-0.0002627, 0.0000018)|   4, 0, 0;0,  0;1, -1> +
           (-0.0002581, 0.0000017)|   4, 0, 0;1, -1;0,  0> +
            ...
 |  572> = ( 0.7071391,-0.0000638)|   4, 0, 0;1,  0;0,  0> +
           ( 0.7070745,-0.0000638)|   4, 0, 0;0,  0;1,  0> +
            ...
 |  573> = (-0.7071391, 0.0000000)|   4, 0, 0;0,  0;1,  0> +
           ( 0.7070745, 0.0000000)|   4, 0, 0;1,  0;0,  0> +
            ...
 |  574> = (-0.0984159, 0.4952194)|   5, 0, 0;1,  1;0,  0> +
           ( 0.0966020,-0.4947981)|   5, 0, 0;0,  0;1,  1> +
           ( 0.4538465,-0.2011361)|   5, 0, 0;0,  0;1, -1> +
           (-0.4514674, 0.2016424)|   5, 0, 0;1, -1;0,  0> +
            ...
 |  575> = (-0.0325532,-0.5037202)|   5, 0, 0;1, -1;0,  0> +
           ( 0.0312081, 0.5033073)|   5, 0, 0;0,  0;1, -1> +
           (-0.4231000,-0.2586293)|   5, 0, 0;0,  0;1,  1> +
           ( 0.4217085, 0.2591781)|   5, 0, 0;1,  1;0,  0> +
            ...
 |  576> = (-0.5192496,-0.0517074)|   5, 0, 0;0,  0;1, -1> +
           (-0.5193525,-0.0501098)|   5, 0, 0;1, -1;0,  0> +
           (-0.4444669, 0.1753314)|   5, 0, 0;1,  1;0,  0> +
           (-0.4431159, 0.1755693)|   5, 0, 0;0,  0;1,  1> +
            ...
 |  577> = (-0.5106597, 0.1095013)|   5, 0, 0;0,  0;1,  1> +
           (-0.5101673, 0.1072293)|   5, 0, 0;1,  1;0,  0> +
           ( 0.4614625, 0.1246517)|   5, 0, 0;1, -1;0,  0> +
           ( 0.4596466, 0.1253261)|   5, 0, 0;0,  0;1, -1> +
            ...
 |  578> = (-0.6971995, 0.1180301)|   5, 0, 0;1,  0;0,  0> +
           (-0.6971717, 0.1180395)|   5, 0, 0;0,  0;1,  0> +
            ...
 |  579> = ( 0.7071197,-0.0000067)|   5, 0, 0;0,  0;1,  0> +
           (-0.7070938,-0.0000072)|   5, 0, 0;1,  0;0,  0> +
            ...
 |  580> = (-0.3531608, 0.4224362)|   0, 1, 0;0,  0;1,  1> +
           ( 0.3531115,-0.4217804)|   0, 1, 0;1,  1;0,  0> +
           ( 0.3051159,-0.2869669)|   0, 1, 0;1, -1;0,  0> +
           (-0.3050531, 0.2868384)|   0, 1, 0;0,  0;1, -1> +
           ( 0.1385803, 0.0511898)|   0, 0, 1;0,  0;1,  1> +
           (-0.1378172,-0.0510209)|   0, 0, 1;1,  1;0,  0> +
           (-0.0029185,-0.0037765)|   0, 0, 1;0,  0;1, -1> +
           ( 0.0030677, 0.0023305)|   0, 0, 1;1, -1;0,  0> +
           ( 0.0000974,-0.0002273)|   0, 0, 1;0,  0;1,  0> +
           (-0.0000515,-0.0000674)|   0, 0, 1;1,  0;0,  0> +
           (-0.0000364, 0.0000574)|   0, 1, 0;0,  0;1,  0> +
           (-0.0000197, 0.0000224)|   0, 1, 0;1,  0;0,  0> +
            ...
 |  581> = ( 0.0000446, 0.6123023)|   0, 0, 1;0,  0;1, -1> +
           (-0.0000720,-0.6117993)|   0, 0, 1;1, -1;0,  0> +
           ( 0.0086288, 0.2176963)|   0, 0, 1;1,  1;0,  0> +
           (-0.0085096,-0.2167540)|   0, 0, 1;0,  0;1,  1> +
           ( 0.2050715, 0.0034995)|   0, 1, 0;1,  1;0,  0> +
           (-0.2040868,-0.0034137)|   0, 1, 0;0,  0;1,  1> +
           (-0.1908350,-0.0050688)|   0, 1, 0;1, -1;0,  0> +
           ( 0.1899153, 0.0050398)|   0, 1, 0;0,  0;1, -1> +
            ...
 |  582> = ( 0.0000000,-0.3536097)|   0, 0, 1;0,  0;1, -1> +
           ( 0.0000000, 0.3536085)|   0, 0, 1;1, -1;0,  0> +
           (-0.0000000,-0.3535458)|   0, 0, 1;0,  0;1,  1> +
           ( 0.3535453, 0.0000000)|   0, 1, 0;0,  0;1, -1> +
           (-0.3535450,-0.0000000)|   0, 1, 0;0,  0;1,  1> +
           ( 0.0000000, 0.3535247)|   0, 0, 1;1,  1;0,  0> +
           (-0.3535242,-0.0000000)|   0, 1, 0;1, -1;0,  0> +
           ( 0.3535238, 0.0000000)|   0, 1, 0;1,  1;0,  0> +
            ...
 |  583> = (-0.2533853,-0.4919333)|   0, 0, 1;1,  1;0,  0> +
           ( 0.2528158, 0.4918993)|   0, 0, 1;0,  0;1,  1> +
           ( 0.3811893,-0.1346032)|   0, 1, 0;0,  0;1, -1> +
           (-0.3809934, 0.1346502)|   0, 1, 0;1, -1;0,  0> +
           ( 0.1290189,-0.1168986)|   0, 1, 0;1,  1;0,  0> +
           (-0.1290970, 0.1164403)|   0, 1, 0;0,  0;1,  1> +
           ( 0.0018100,-0.0186361)|   0, 0, 1;1, -1;0,  0> +
           (-0.0017989, 0.0178204)|   0, 0, 1;0,  0;1, -1> +
           ( 0.0000750,-0.0001455)|   0, 0, 1;0,  0;1,  0> +
           (-0.0000500, 0.0000462)|   0, 1, 0;0,  0;1,  0> +
           (-0.0000592,-0.0000035)|   0, 0, 1;1,  0;0,  0> +
           (-0.0000121, 0.0000083)|   0, 1, 0;1,  0;0,  0> +
            ...
 |  584> = (-0.0810810, 0.4077555)|   0, 0, 1;1, -1;0,  0> +
           (-0.0810729, 0.4076104)|   0, 0, 1;0,  0;1, -1> +
           (-0.3875830,-0.1407527)|   0, 0, 1;1,  1;0,  0> +
           (-0.3872512,-0.1405401)|   0, 0, 1;0,  0;1,  1> +
           (-0.2552430, 0.2025135)|   0, 1, 0;0,  0;1, -1> +
           (-0.2545637, 0.2019387)|   0, 1, 0;1, -1;0,  0> +
           (-0.1282226,-0.1873772)|   0, 1, 0;1,  1;0,  0> +
           (-0.1289699,-0.1864625)|   0, 1, 0;0,  0;1,  1> +
           (-0.0000230, 0.0001299)|   0, 0, 1;0,  0;1,  0> +
           (-0.0000269, 0.0000992)|   0, 0, 1;1,  0;0,  0> +
           ( 0.0000616,-0.0000751)|   0, 1, 0;0,  0;1,  0> +
           ( 0.0000641, 0.0000022)|   0, 1, 0;1,  0;0,  0> +
            ...
 |  585> = (-0.4600866,-0.1052290)|   0, 1, 0;1,  1;0,  0> +
           (-0.4599309,-0.1056322)|   0, 1, 0;0,  0;1,  1> +
           ( 0.0211786,-0.4371418)|   0, 0, 1;1, -1;0,  0> +
           ( 0.0211964,-0.4359820)|   0, 0, 1;0,  0;1, -1> +
           (-0.1662886,-0.2334683)|   0, 0, 1;0,  0;1,  1> +
           (-0.1658332,-0.2324714)|   0, 0, 1;1,  1;0,  0> +
           ( 0.0317025, 0.0582659)|   0, 1, 0;0,  0;1, -1> +
           ( 0.0314285, 0.0582314)|   0, 1, 0;1, -1;0,  0> +
           (-0.0000777, 0.0002006)|   0, 0, 1;0,  0;1,  0> +
           ( 0.0000302, 0.0000693)|   0, 0, 1;1,  0;0,  0> +
           ( 0.0000076,-0.0000440)|   0, 1, 0;0,  0;1,  0> +
           ( 0.0000047,-0.0000182)|   0, 1, 0;1,  0;0,  0> +
            ...
 |  586> = (-0.4892311, 0.0434433)|   0, 1, 0;0,  0;1, -1> +
           (-0.4890406, 0.0434621)|   0, 1, 0;1, -1;0,  0> +
           (-0.1254538, 0.3344155)|   0, 0, 1;0,  0;1,  1> +
           (-0.1251884, 0.3343689)|   0, 0, 1;1,  1;0,  0> +
           ( 0.0169911,-0.3132321)|   0, 0, 1;0,  0;1, -1> +
           ( 0.0169781,-0.3122986)|   0, 0, 1;1, -1;0,  0> +
           ( 0.1640903,-0.0801511)|   0, 1, 0;0,  0;1,  1> +
           ( 0.1634516,-0.0798800)|   0, 1, 0;1,  1;0,  0> +
           (-0.0000588, 0.0001490)|   0, 0, 1;0,  0;1,  0> +
           ( 0.0000237, 0.0000489)|   0, 0, 1;1,  0;0,  0> +
           ( 0.0000054,-0.0000334)|   0, 1, 0;0,  0;1,  0> +
           ( 0.0000032,-0.0000141)|   0, 1, 0;1,  0;0,  0> +
            ...
 |  587> = (-0.3262403,-0.2936369)|   0, 1, 0;1,  1;0,  0> +
           (-0.3262712,-0.2933337)|   0, 1, 0;0,  0;1,  1> +
           ( 0.0116140,-0.3856157)|   0, 1, 0;1, -1;0,  0> +
           ( 0.0117799,-0.3849957)|   0, 1, 0;0,  0;1, -1> +
           ( 0.0976370, 0.3335644)|   0, 0, 1;0,  0;1,  1> +
           ( 0.0980603, 0.3333000)|   0, 0, 1;1,  1;0,  0> +
           (-0.1333881, 0.1424991)|   0, 0, 1;1, -1;0,  0> +
           (-0.1332815, 0.1424316)|   0, 0, 1;0,  0;1, -1> +
           ( 0.0005103,-0.0001744)|   0, 1, 0;0,  0;1,  0> +
           ( 0.0000102, 0.0001687)|   0, 1, 0;1,  0;0,  0> +
           ( 0.0000245,-0.0000022)|   0, 0, 1;0,  0;1,  0> +
           (-0.0000124, 0.0000160)|   0, 0, 1;1,  0;0,  0> +
            ...
 |  588> = (-0.0936984, 0.7017519)|   0, 0, 1;1,  0;0,  0> +
           (-0.0920599, 0.7001882)|   0, 0, 1;0,  0;1,  0> +
           ( 0.0036627,-0.0000817)|   0, 1, 0;0,  0;1,  0> +
           ( 0.0035860,-0.0000670)|   0, 1, 0;1,  0;0,  0> +
           ( 0.0001728, 0.0000712)|   0, 0, 1;0,  0;1,  1> +
           ( 0.0001790,-0.0000380)|   0, 1, 0;1,  1;0,  0> +
           ( 0.0000040, 0.0001671)|   0, 1, 0;0,  0;1,  1> +
           ( 0.0001195,-0.0001018)|   0, 1, 0;1, -1;0,  0> +
           ( 0.0000633,-0.0000529)|   0, 0, 1;1,  1;0,  0> +
           ( 0.0000769,-0.0000045)|   0, 1, 0;0,  0;1, -1> +
           ( 0.0000088, 0.0000642)|   0, 0, 1;0,  0;1, -1> +
           ( 0.0000105, 0.0000560)|   0, 0, 1;1, -1;0,  0> +
            ...
 |  589> = ( 0.7062031,-0.0391026)|   0, 1, 0;0,  0;1,  0> +
           ( 0.7058493,-0.0387117)|   0, 1, 0;1,  0;0,  0> +
           ( 0.0003573,-0.0036185)|   0, 0, 1;0,  0;1,  0> +
           ( 0.0003463,-0.0035976)|   0, 0, 1;1,  0;0,  0> +
           ( 0.0001713, 0.0001425)|   0, 1, 0;1,  1;0,  0> +
           ( 0.0000767, 0.0001410)|   0, 1, 0;0,  0;1,  1> +
           ( 0.0000354, 0.0001521)|   0, 1, 0;0,  0;1, -1> +
           ( 0.0000481, 0.0001468)|   0, 1, 0;1, -1;0,  0> +
           (-0.0000059,-0.0001202)|   0, 0, 1;1,  1;0,  0> +
           ( 0.0000434,-0.0000831)|   0, 0, 1;0,  0;1, -1> +
           ( 0.0000434,-0.0000822)|   0, 0, 1;1, -1;0,  0> +
           (-0.0000128,-0.0000374)|   0, 0, 1;0,  0;1,  1> +
            ...
 |  590> = (-0.4653698, 0.5334511)|   0, 0, 1;0,  0;1,  0> +
           ( 0.4652760,-0.5311875)|   0, 0, 1;1,  0;0,  0> +
           ( 0.0104806, 0.0000042)|   0, 1, 0;1,  0;0,  0> +
           (-0.0104403, 0.0000042)|   0, 1, 0;0,  0;1,  0> +
           ( 0.0001002, 0.0000905)|   0, 0, 1;0,  0;1,  1> +
           ( 0.0000950,-0.0000649)|   0, 1, 0;1,  1;0,  0> +
           (-0.0000428, 0.0001029)|   0, 1, 0;0,  0;1,  1> +
           (-0.0000028, 0.0000820)|   0, 0, 1;0,  0;1, -1> +
           (-0.0000013, 0.0000816)|   0, 0, 1;1, -1;0,  0> +
           ( 0.0000403,-0.0000467)|   0, 1, 0;1, -1;0,  0> +
           (-0.0000186,-0.0000580)|   0, 0, 1;1,  1;0,  0> +
           ( 0.0000513, 0.0000038)|   0, 1, 0;0,  0;1, -1> +
            ...
 |  591> = ( 0.5991665,-0.3757060)|   0, 1, 0;1,  0;0,  0> +
           (-0.5986518, 0.3758210)|   0, 1, 0;0,  0;1,  0> +
           (-0.0016446, 0.0103523)|   0, 0, 1;1,  0;0,  0> +
           ( 0.0016474,-0.0103080)|   0, 0, 1;0,  0;1,  0> +
           (-0.0001513,-0.0001400)|   0, 1, 0;1,  1;0,  0> +
           (-0.0001112,-0.0001588)|   0, 1, 0;0,  0;1,  1> +
           (-0.0000143,-0.0001750)|   0, 1, 0;0,  0;1, -1> +
           (-0.0000064,-0.0001739)|   0, 1, 0;1, -1;0,  0> +
           ( 0.0000372, 0.0001432)|   0, 0, 1;1,  1;0,  0> +
           ( 0.0000192, 0.0000948)|   0, 0, 1;0,  0;1,  1> +
           (-0.0000716, 0.0000581)|   0, 0, 1;0,  0;1, -1> +
           (-0.0000718, 0.0000577)|   0, 0, 1;1, -1;0,  0> +
            ...
 |  592> = (-0.1584484,-0.6765110)|   6, 0, 0;1,  1;0,  0> +
           ( 0.1529853, 0.6764719)|   6, 0, 0;0,  0;1,  1> +
           (-0.0824615,-0.1068280)|   6, 0, 0;1, -1;0,  0> +
           ( 0.0815768, 0.1064959)|   6, 0, 0;0,  0;1, -1> +
            ...
 |  593> = ( 0.6903979, 0.0785927)|   6, 0, 0;0,  0;1, -1> +
           (-0.6890850,-0.0782785)|   6, 0, 0;1, -1;0,  0> +
           (-0.1153169,-0.0694570)|   6, 0, 0;0,  0;1,  1> +
           ( 0.1151465, 0.0694790)|   6, 0, 0;1,  1;0,  0> +
            ...
