# Parameters of the model
#  mass:		    261.00 u
#  charge:	      1.00 e
#  dipole:	      0.00 D
#  B:		    503.65 MHz
#  omega_rho:	      1.40 MHz
#  omega_z:	      0.12 MHz

# Basis truncation:	|34,4,4;2,2>
# omega_1:	      0.21 MHz
# omega_3/5:	      1.39 MHz
# Basis size:		44064

# Active terms of the Hamiltionian:
# 	Nomal modes:	1
# 	T_rot:      	1
# 	V_qd^{(0)}: 	1
# 	V_qd^{(1)}: 	1
# 	V_dd^{(0)}: 	1

# Results of the diagonalisation

# 100 smallest eigenvalues
 7.100126743 8.100126266 9.100126266 10.100126266 11.100126266 12.100126266 13.100126266 13.700253487 13.700253487 14.100126266 14.700253487 14.700253487 15.100126266 15.700253487 15.700253487 16.100126266 16.700252533 16.700254440 17.100126266 17.700252533 17.700254440 18.100126266 18.700252533 18.700254440 19.100126266 19.700252533 19.700254440 20.100128174 20.300380707 20.300380707 20.300380707 20.700252533 20.700254440 21.100128174 21.300380707 21.300380707 21.300380707 21.700252533 21.700254440 22.100128174 22.300380707 22.300380707 22.300380707 22.700252533 22.700254440 23.100128174 23.300380707 23.300380707 23.300380707 23.700252533 23.700254440 24.100128174 24.300380707 24.300380707 24.300380707 24.700252533 24.700254440 25.100128174 25.300380707 25.300380707 25.300380707 25.700252533 25.700254440 26.100128174 26.300380707 26.300380707 26.300380707 26.700254440 26.700254440 26.900506973 26.900506973 26.900506973 26.900506973 27.100128174 27.300380707 27.300380707 27.300380707 27.700254440 27.700254440 27.900505066 27.900506973 27.900506973 27.900506973 28.100128174 28.300380707 28.300380707 28.300380707 28.700254440 28.700254440 28.900505066 28.900506973 28.900506973 28.900506973 29.100128174 29.300380707 29.300380707 29.300380707 29.700254440 29.700254440 29.900505066

# Ground state and the lowest excitations:
 | 0> = ( 1.0000000, 0.0000000)|   0, 0, 0;0,  0;0,  0> +
         ...
 | 1> = ( 1.0000000, 0.0000000)|   1, 0, 0;0,  0;0,  0> +
         ...
 | 2> = ( 1.0000000, 0.0000000)|   2, 0, 0;0,  0;0,  0> +
         ...
 | 3> = ( 1.0000000, 0.0000000)|   3, 0, 0;0,  0;0,  0> +
         ...
 | 4> = ( 1.0000000, 0.0000000)|   4, 0, 0;0,  0;0,  0> +
         ...
 | 5> = ( 1.0000000, 0.0000000)|   5, 0, 0;0,  0;0,  0> +
         ...
 | 6> = ( 1.0000000, 0.0000000)|   6, 0, 0;0,  0;0,  0> +
         ...
 | 7> = ( 1.0000000, 0.0000000)|   0, 0, 1;0,  0;0,  0> +
         ...
 | 8> = ( 1.0000000, 0.0000000)|   0, 1, 0;0,  0;0,  0> +
         ...
 | 9> = ( 1.0000000, 0.0000000)|   7, 0, 0;0,  0;0,  0> +
         ...
 |10> = ( 1.0000000, 0.0000000)|   1, 0, 1;0,  0;0,  0> +
         ...
 |11> = ( 1.0000000, 0.0000000)|   1, 1, 0;0,  0;0,  0> +
         ...
 |12> = ( 1.0000000, 0.0000000)|   8, 0, 0;0,  0;0,  0> +
         ...
 |13> = ( 1.0000000, 0.0000000)|   2, 0, 1;0,  0;0,  0> +
         ...
 |14> = ( 1.0000000, 0.0000000)|   2, 1, 0;0,  0;0,  0> +
         ...
 |15> = ( 1.0000000, 0.0000000)|   9, 0, 0;0,  0;0,  0> +
         ...
 |16> = ( 1.0000000, 0.0000000)|   3, 0, 1;0,  0;0,  0> +
         ...
 |17> = ( 1.0000000, 0.0000000)|   3, 1, 0;0,  0;0,  0> +
         ...
 |18> = ( 1.0000000, 0.0000000)|  10, 0, 0;0,  0;0,  0> +
         ...
 |19> = ( 1.0000000, 0.0000000)|   4, 0, 1;0,  0;0,  0> +
         ...
 |20> = ( 1.0000000, 0.0000000)|   4, 1, 0;0,  0;0,  0> +
         ...
 |21> = ( 1.0000000, 0.0000000)|  11, 0, 0;0,  0;0,  0> +
         ...
 |22> = ( 1.0000000, 0.0000000)|   5, 0, 1;0,  0;0,  0> +
         ...
 |23> = ( 1.0000000, 0.0000000)|   5, 1, 0;0,  0;0,  0> +
         ...
 |24> = ( 1.0000000, 0.0000000)|  12, 0, 0;0,  0;0,  0> +
         ...
