# Parameters of the model
#  mass:		    261.00 u
#  charge:	      1.00 e
#  dipole:	      0.00 D
#  B:		    503.65 MHz
#  omega_rho:	      1.40 MHz
#  omega_z:	      0.16 MHz

# Basis truncation:	|34,4,4;2,2>
# omega_1:	      0.27 MHz
# omega_3/5:	      1.39 MHz
# Basis size:		44064

# Active terms of the Hamiltionian:
# 	Nomal modes:	1
# 	T_rot:      	1
# 	V_qd^{(0)}: 	1
# 	V_qd^{(1)}: 	1
# 	V_dd^{(0)}: 	1

# Results of the diagonalisation

# 100 smallest eigenvalues
 5.583078384 6.583078384 7.583078384 8.583078384 9.583078384 10.583078384 10.666156769 10.666156769 11.583078384 11.666156769 11.666156769 12.583078384 12.666156769 12.666156769 13.583078384 13.666156769 13.666156769 14.583078384 14.666156769 14.666156769 15.583078384 15.666156769 15.666156769 15.749235153 15.749235153 15.749235153 16.583078384 16.666156769 16.666156769 16.749235153 16.749235153 16.749235153 17.583078384 17.666156769 17.666156769 17.749235153 17.749235153 17.749235153 18.583076477 18.666156769 18.666156769 18.749233246 18.749235153 18.749235153 19.583076477 19.666156769 19.666156769 19.749233246 19.749235153 19.749235153 20.583076477 20.666156769 20.666156769 20.749233246 20.749235153 20.749235153 20.832313538 20.832313538 20.832313538 20.832313538 21.583076477 21.666156769 21.666156769 21.749233246 21.749235153 21.749235153 21.832313538 21.832313538 21.832313538 21.832313538 22.583076477 22.666156769 22.666156769 22.749233246 22.749235153 22.749235153 22.832313538 22.832313538 22.832313538 22.832313538 23.583076477 23.666156769 23.666156769 23.749233246 23.749235153 23.749237061 23.832313538 23.832313538 23.832313538 23.832313538 24.583076477 24.666156769 24.666156769 24.749233246 24.749235153 24.749237061 24.832313538 24.832313538 24.832313538 24.832313538

# Ground state and the lowest excitations:
 | 0> = ( 1.0000000, 0.0000000)|   0, 0, 0;0,  0;0,  0> +
         ...
 | 1> = ( 1.0000000, 0.0000000)|   1, 0, 0;0,  0;0,  0> +
         ...
 | 2> = ( 1.0000000, 0.0000000)|   2, 0, 0;0,  0;0,  0> +
         ...
 | 3> = ( 1.0000000, 0.0000000)|   3, 0, 0;0,  0;0,  0> +
         ...
 | 4> = ( 1.0000000, 0.0000000)|   4, 0, 0;0,  0;0,  0> +
         ...
 | 5> = ( 1.0000000, 0.0000000)|   5, 0, 0;0,  0;0,  0> +
         ...
 | 6> = ( 1.0000000, 0.0000000)|   0, 0, 1;0,  0;0,  0> +
         ...
 | 7> = ( 1.0000000, 0.0000000)|   0, 1, 0;0,  0;0,  0> +
         ...
 | 8> = ( 1.0000000, 0.0000000)|   6, 0, 0;0,  0;0,  0> +
         ...
 | 9> = ( 1.0000000, 0.0000000)|   1, 0, 1;0,  0;0,  0> +
         ...
 |10> = ( 1.0000000, 0.0000000)|   1, 1, 0;0,  0;0,  0> +
         ...
 |11> = ( 1.0000000, 0.0000000)|   7, 0, 0;0,  0;0,  0> +
         ...
 |12> = ( 1.0000000, 0.0000000)|   2, 0, 1;0,  0;0,  0> +
         ...
 |13> = ( 1.0000000, 0.0000000)|   2, 1, 0;0,  0;0,  0> +
         ...
 |14> = ( 1.0000000, 0.0000000)|   8, 0, 0;0,  0;0,  0> +
         ...
 |15> = ( 1.0000000, 0.0000000)|   3, 0, 1;0,  0;0,  0> +
         ...
 |16> = ( 1.0000000, 0.0000000)|   3, 1, 0;0,  0;0,  0> +
         ...
 |17> = ( 1.0000000, 0.0000000)|   9, 0, 0;0,  0;0,  0> +
         ...
 |18> = ( 1.0000000, 0.0000000)|   4, 0, 1;0,  0;0,  0> +
         ...
 |19> = ( 1.0000000, 0.0000000)|   4, 1, 0;0,  0;0,  0> +
         ...
 |20> = ( 1.0000000, 0.0000000)|  10, 0, 0;0,  0;0,  0> +
         ...
 |21> = ( 1.0000000, 0.0000000)|   5, 0, 1;0,  0;0,  0> +
         ...
 |22> = ( 1.0000000, 0.0000000)|   5, 1, 0;0,  0;0,  0> +
         ...
 |23> = ( 1.0000000, 0.0000000)|   0, 0, 2;0,  0;0,  0> +
         ...
 |24> = ( 1.0000000, 0.0000000)|   0, 1, 1;0,  0;0,  0> +
         ...
