# Parameters of the model
#  mass:		    261.00 u
#  charge:	      1.00 e
#  dipole:	      0.00 D
#  B:		    503.65 MHz
#  omega_rho:	      1.40 MHz
#  omega_z:	      0.13 MHz

# Basis truncation:	|34,4,4;2,2>
# omega_1:	      0.23 MHz
# omega_3/5:	      1.39 MHz
# Basis size:		44064

# Active terms of the Hamiltionian:
# 	Nomal modes:	1
# 	T_rot:      	1
# 	V_qd^{(0)}: 	1
# 	V_qd^{(1)}: 	1
# 	V_dd^{(0)}: 	1

# Results of the diagonalisation

# 100 smallest eigenvalues
 6.690754414 7.690753937 8.690753937 9.690753937 10.690753937 11.690753937 12.690753937 12.881508827 12.881508827 13.690753937 13.881508827 13.881508827 14.690753937 14.881508827 14.881508827 15.690753937 15.881508827 15.881508827 16.690753937 16.881507874 16.881509781 17.690753937 17.881507874 17.881509781 18.690753937 18.881507874 18.881509781 19.072263718 19.072263718 19.072263718 19.690753937 19.881507874 19.881509781 20.072261810 20.072263718 20.072263718 20.690753937 20.881507874 20.881509781 21.072261810 21.072263718 21.072263718 21.690753937 21.881507874 21.881509781 22.072261810 22.072263718 22.072263718 22.690753937 22.881507874 22.881509781 23.072261810 23.072263718 23.072263718 23.690753937 23.881507874 23.881509781 24.072261810 24.072263718 24.072263718 24.690753937 24.881507874 24.881509781 25.072261810 25.072263718 25.072263718 25.263017654 25.263017654 25.263017654 25.263017654 25.690753937 25.881507874 25.881509781 26.072261810 26.072263718 26.072265625 26.263017654 26.263017654 26.263017654 26.263019562 26.690753937 26.881507874 26.881509781 27.072261810 27.072263718 27.072265625 27.263017654 27.263017654 27.263017654 27.263019562 27.690753937 27.881507874 27.881509781 28.072261810 28.072263718 28.072265625 28.263017654 28.263017654 28.263017654 28.263019562

# Ground state and the lowest excitations:
 | 0> = ( 1.0000000, 0.0000000)|   0, 0, 0;0,  0;0,  0> +
         ...
 | 1> = ( 1.0000000, 0.0000000)|   1, 0, 0;0,  0;0,  0> +
         ...
 | 2> = ( 1.0000000, 0.0000000)|   2, 0, 0;0,  0;0,  0> +
         ...
 | 3> = ( 1.0000000, 0.0000000)|   3, 0, 0;0,  0;0,  0> +
         ...
 | 4> = ( 1.0000000, 0.0000000)|   4, 0, 0;0,  0;0,  0> +
         ...
 | 5> = ( 1.0000000, 0.0000000)|   5, 0, 0;0,  0;0,  0> +
         ...
 | 6> = ( 1.0000000, 0.0000000)|   6, 0, 0;0,  0;0,  0> +
         ...
 | 7> = ( 1.0000000, 0.0000000)|   0, 0, 1;0,  0;0,  0> +
         ...
 | 8> = ( 1.0000000, 0.0000000)|   0, 1, 0;0,  0;0,  0> +
         ...
 | 9> = ( 1.0000000, 0.0000000)|   7, 0, 0;0,  0;0,  0> +
         ...
 |10> = ( 1.0000000, 0.0000000)|   1, 0, 1;0,  0;0,  0> +
         ...
 |11> = ( 1.0000000, 0.0000000)|   1, 1, 0;0,  0;0,  0> +
         ...
 |12> = ( 1.0000000, 0.0000000)|   8, 0, 0;0,  0;0,  0> +
         ...
 |13> = ( 1.0000000, 0.0000000)|   2, 0, 1;0,  0;0,  0> +
         ...
 |14> = ( 1.0000000, 0.0000000)|   2, 1, 0;0,  0;0,  0> +
         ...
 |15> = ( 1.0000000, 0.0000000)|   9, 0, 0;0,  0;0,  0> +
         ...
 |16> = ( 1.0000000, 0.0000000)|   3, 0, 1;0,  0;0,  0> +
         ...
 |17> = ( 1.0000000, 0.0000000)|   3, 1, 0;0,  0;0,  0> +
         ...
 |18> = ( 1.0000000, 0.0000000)|  10, 0, 0;0,  0;0,  0> +
         ...
 |19> = ( 1.0000000, 0.0000000)|   4, 0, 1;0,  0;0,  0> +
         ...
 |20> = ( 1.0000000, 0.0000000)|   4, 1, 0;0,  0;0,  0> +
         ...
 |21> = ( 1.0000000, 0.0000000)|  11, 0, 0;0,  0;0,  0> +
         ...
 |22> = ( 1.0000000, 0.0000000)|   5, 0, 1;0,  0;0,  0> +
         ...
 |23> = ( 1.0000000, 0.0000000)|   5, 1, 0;0,  0;0,  0> +
         ...
 |24> = ( 1.0000000, 0.0000000)|  12, 0, 0;0,  0;0,  0> +
         ...
