# Parameters of the model
#  mass:		    261.00 u
#  charge:	      1.00 e
#  dipole:	      0.00 D
#  B:		    503.65 MHz
#  omega_rho:	      1.40 MHz
#  omega_z:	      0.15 MHz

# Basis truncation:	|34,4,4;2,2>
# omega_1:	      0.27 MHz
# omega_3/5:	      1.39 MHz
# Basis size:		44064

# Active terms of the Hamiltionian:
# 	Nomal modes:	1
# 	T_rot:      	1
# 	V_qd^{(0)}: 	1
# 	V_qd^{(1)}: 	1
# 	V_dd^{(0)}: 	1

# Results of the diagonalisation

# 100 smallest eigenvalues
 5.716787815 6.716787338 7.716787338 8.716787338 9.716787338 10.716787338 10.933575630 10.933575630 11.716787338 11.933575630 11.933575630 12.716787338 12.933575630 12.933575630 13.716787338 13.933575630 13.933575630 14.716787338 14.933575630 14.933575630 15.716787338 15.933575630 15.933575630 16.150363922 16.150363922 16.150363922 16.716787338 16.933574677 16.933576584 17.150363922 17.150363922 17.150363922 17.716787338 17.933574677 17.933576584 18.150363922 18.150363922 18.150363922 18.716789246 18.933574677 18.933576584 19.150363922 19.150363922 19.150363922 19.716789246 19.933574677 19.933576584 20.150363922 20.150363922 20.150363922 20.716789246 20.933574677 20.933576584 21.150363922 21.150363922 21.150363922 21.367151260 21.367151260 21.367151260 21.367151260 21.716789246 21.933574677 21.933576584 22.150363922 22.150363922 22.150363922 22.367149353 22.367151260 22.367151260 22.367151260 22.716789246 22.933574677 22.933576584 23.150363922 23.150363922 23.150363922 23.367149353 23.367151260 23.367151260 23.367151260 23.716789246 23.933576584 23.933576584 24.150363922 24.150363922 24.150363922 24.367149353 24.367151260 24.367151260 24.367151260 24.716789246 24.933576584 24.933576584 25.150363922 25.150363922 25.150363922 25.367149353 25.367151260 25.367151260 25.367151260

# Ground state and the lowest excitations:
 | 0> = ( 1.0000000, 0.0000000)|   0, 0, 0;0,  0;0,  0> +
         ...
 | 1> = ( 1.0000000, 0.0000000)|   1, 0, 0;0,  0;0,  0> +
         ...
 | 2> = ( 1.0000000, 0.0000000)|   2, 0, 0;0,  0;0,  0> +
         ...
 | 3> = ( 1.0000000, 0.0000000)|   3, 0, 0;0,  0;0,  0> +
         ...
 | 4> = ( 1.0000000, 0.0000000)|   4, 0, 0;0,  0;0,  0> +
         ...
 | 5> = ( 1.0000000, 0.0000000)|   5, 0, 0;0,  0;0,  0> +
         ...
 | 6> = ( 1.0000000, 0.0000000)|   0, 0, 1;0,  0;0,  0> +
         ...
 | 7> = ( 1.0000000, 0.0000000)|   0, 1, 0;0,  0;0,  0> +
         ...
 | 8> = ( 1.0000000, 0.0000000)|   6, 0, 0;0,  0;0,  0> +
         ...
 | 9> = ( 1.0000000, 0.0000000)|   1, 0, 1;0,  0;0,  0> +
         ...
 |10> = ( 1.0000000, 0.0000000)|   1, 1, 0;0,  0;0,  0> +
         ...
 |11> = ( 1.0000000, 0.0000000)|   7, 0, 0;0,  0;0,  0> +
         ...
 |12> = ( 1.0000000, 0.0000000)|   2, 0, 1;0,  0;0,  0> +
         ...
 |13> = ( 1.0000000, 0.0000000)|   2, 1, 0;0,  0;0,  0> +
         ...
 |14> = ( 1.0000000, 0.0000000)|   8, 0, 0;0,  0;0,  0> +
         ...
 |15> = ( 1.0000000, 0.0000000)|   3, 0, 1;0,  0;0,  0> +
         ...
 |16> = ( 1.0000000, 0.0000000)|   3, 1, 0;0,  0;0,  0> +
         ...
 |17> = ( 1.0000000, 0.0000000)|   9, 0, 0;0,  0;0,  0> +
         ...
 |18> = ( 1.0000000, 0.0000000)|   4, 0, 1;0,  0;0,  0> +
         ...
 |19> = ( 1.0000000, 0.0000000)|   4, 1, 0;0,  0;0,  0> +
         ...
 |20> = ( 1.0000000, 0.0000000)|  10, 0, 0;0,  0;0,  0> +
         ...
 |21> = ( 1.0000000, 0.0000000)|   5, 0, 1;0,  0;0,  0> +
         ...
 |22> = ( 1.0000000, 0.0000000)|   5, 1, 0;0,  0;0,  0> +
         ...
 |23> = ( 1.0000000, 0.0000000)|   0, 0, 2;0,  0;0,  0> +
         ...
 |24> = ( 1.0000000, 0.0000000)|   0, 1, 1;0,  0;0,  0> +
         ...
