# Parameters of the model
#  mass:		    261.00 u
#  charge:	      1.00 e
#  dipole:	      0.00 D
#  B:		    503.65 MHz
#  omega_rho:	      1.40 MHz
#  omega_z:	      0.14 MHz

# Basis truncation:	|34,4,4;2,2>
# omega_1:	      0.24 MHz
# omega_3/5:	      1.39 MHz
# Basis size:		44064

# Active terms of the Hamiltionian:
# 	Nomal modes:	1
# 	T_rot:      	1
# 	V_qd^{(0)}: 	1
# 	V_qd^{(1)}: 	1
# 	V_dd^{(0)}: 	1

# Results of the diagonalisation

# 100 smallest eigenvalues
 6.244562149 7.244562149 8.244562149 9.244562149 10.244562149 11.244562149 11.989124298 11.989124298 12.244562149 12.989124298 12.989124298 13.244562149 13.989124298 13.989124298 14.244562149 14.989124298 14.989124298 15.244562149 15.989124298 15.989124298 16.244562149 16.989124298 16.989124298 17.244562149 17.733686447 17.733686447 17.733686447 17.989124298 17.989124298 18.244562149 18.733686447 18.733686447 18.733686447 18.989124298 18.989124298 19.244560242 19.733684540 19.733686447 19.733686447 19.989124298 19.989124298 20.244560242 20.733684540 20.733686447 20.733686447 20.989124298 20.989124298 21.244560242 21.733684540 21.733686447 21.733686447 21.989124298 21.989124298 22.244560242 22.733684540 22.733686447 22.733686447 22.989124298 22.989124298 23.244560242 23.478248596 23.478248596 23.478248596 23.478248596 23.733684540 23.733686447 23.733686447 23.989124298 23.989124298 24.244560242 24.478248596 24.478248596 24.478248596 24.478248596 24.733684540 24.733686447 24.733688354 24.989124298 24.989124298 25.244560242 25.478248596 25.478248596 25.478248596 25.478248596 25.733684540 25.733686447 25.733688354 25.989124298 25.989124298 26.244560242 26.478248596 26.478248596 26.478248596 26.478248596 26.733684540 26.733686447 26.733688354 26.989124298 26.989124298 27.244560242

# Ground state and the lowest excitations:
 | 0> = ( 1.0000000, 0.0000000)|   0, 0, 0;0,  0;0,  0> +
         ...
 | 1> = ( 1.0000000, 0.0000000)|   1, 0, 0;0,  0;0,  0> +
         ...
 | 2> = ( 1.0000000, 0.0000000)|   2, 0, 0;0,  0;0,  0> +
         ...
 | 3> = ( 1.0000000, 0.0000000)|   3, 0, 0;0,  0;0,  0> +
         ...
 | 4> = ( 1.0000000, 0.0000000)|   4, 0, 0;0,  0;0,  0> +
         ...
 | 5> = ( 1.0000000, 0.0000000)|   5, 0, 0;0,  0;0,  0> +
         ...
 | 6> = ( 1.0000000, 0.0000000)|   0, 0, 1;0,  0;0,  0> +
         ...
 | 7> = ( 1.0000000, 0.0000000)|   0, 1, 0;0,  0;0,  0> +
         ...
 | 8> = ( 1.0000000, 0.0000000)|   6, 0, 0;0,  0;0,  0> +
         ...
 | 9> = ( 1.0000000, 0.0000000)|   1, 0, 1;0,  0;0,  0> +
         ...
 |10> = ( 1.0000000, 0.0000000)|   1, 1, 0;0,  0;0,  0> +
         ...
 |11> = ( 1.0000000, 0.0000000)|   7, 0, 0;0,  0;0,  0> +
         ...
 |12> = ( 1.0000000, 0.0000000)|   2, 0, 1;0,  0;0,  0> +
         ...
 |13> = ( 1.0000000, 0.0000000)|   2, 1, 0;0,  0;0,  0> +
         ...
 |14> = ( 1.0000000, 0.0000000)|   8, 0, 0;0,  0;0,  0> +
         ...
 |15> = ( 1.0000000, 0.0000000)|   3, 0, 1;0,  0;0,  0> +
         ...
 |16> = ( 1.0000000, 0.0000000)|   3, 1, 0;0,  0;0,  0> +
         ...
 |17> = ( 1.0000000, 0.0000000)|   9, 0, 0;0,  0;0,  0> +
         ...
 |18> = ( 1.0000000, 0.0000000)|   4, 0, 1;0,  0;0,  0> +
         ...
 |19> = ( 1.0000000, 0.0000000)|   4, 1, 0;0,  0;0,  0> +
         ...
 |20> = ( 1.0000000, 0.0000000)|  10, 0, 0;0,  0;0,  0> +
         ...
 |21> = ( 1.0000000, 0.0000000)|   5, 0, 1;0,  0;0,  0> +
         ...
 |22> = ( 1.0000000, 0.0000000)|   5, 1, 0;0,  0;0,  0> +
         ...
 |23> = ( 1.0000000, 0.0000000)|  11, 0, 0;0,  0;0,  0> +
         ...
 |24> = ( 1.0000000, 0.0000000)|   0, 0, 2;0,  0;0,  0> +
         ...
