# Parameters of the model
#  mass:		    261.00 u
#  charge:	      1.00 e
#  dipole:	      0.00 D
#  B:		    503.65 MHz
#  omega_rho:	      1.40 MHz
#  omega_z:	      0.15 MHz

# Basis truncation:	|34,4,4;2,2>
# omega_1:	      0.26 MHz
# omega_3/5:	      1.39 MHz
# Basis size:		44064

# Active terms of the Hamiltionian:
# 	Nomal modes:	1
# 	T_rot:      	1
# 	V_qd^{(0)}: 	1
# 	V_qd^{(1)}: 	1
# 	V_dd^{(0)}: 	1

# Results of the diagonalisation

# 100 smallest eigenvalues
 5.930818558 6.930818558 7.930818558 8.930818558 9.930818558 10.930818558 11.361637115 11.361637115 11.930818558 12.361637115 12.361637115 12.930818558 13.361637115 13.361637115 13.930818558 14.361637115 14.361637115 14.930818558 15.361637115 15.361637115 15.930818558 16.361637115 16.361637115 16.792455673 16.792455673 16.792455673 16.930818558 17.361637115 17.361637115 17.792455673 17.792455673 17.792455673 17.930818558 18.361637115 18.361637115 18.792453766 18.792455673 18.792455673 18.930816650 19.361637115 19.361637115 19.792453766 19.792455673 19.792455673 19.930816650 20.361637115 20.361637115 20.792453766 20.792455673 20.792455673 20.930816650 21.361637115 21.361637115 21.792453766 21.792455673 21.792455673 21.930816650 22.223274231 22.223274231 22.223274231 22.223274231 22.361637115 22.361637115 22.792453766 22.792455673 22.792455673 22.930816650 23.223274231 23.223274231 23.223274231 23.223274231 23.361637115 23.361637115 23.792453766 23.792455673 23.792455673 23.930816650 24.223274231 24.223274231 24.223274231 24.223274231 24.361637115 24.361637115 24.792453766 24.792455673 24.792457581 24.930816650 25.223274231 25.223274231 25.223274231 25.223274231 25.361637115 25.361637115 25.792453766 25.792455673 25.792457581 25.930816650 26.223274231 26.223274231 26.223274231

# Ground state and the lowest excitations:
 | 0> = ( 1.0000000, 0.0000000)|   0, 0, 0;0,  0;0,  0> +
         ...
 | 1> = ( 1.0000000, 0.0000000)|   1, 0, 0;0,  0;0,  0> +
         ...
 | 2> = ( 1.0000000, 0.0000000)|   2, 0, 0;0,  0;0,  0> +
         ...
 | 3> = ( 1.0000000, 0.0000000)|   3, 0, 0;0,  0;0,  0> +
         ...
 | 4> = ( 1.0000000, 0.0000000)|   4, 0, 0;0,  0;0,  0> +
         ...
 | 5> = ( 1.0000000, 0.0000000)|   5, 0, 0;0,  0;0,  0> +
         ...
 | 6> = ( 1.0000000, 0.0000000)|   0, 0, 1;0,  0;0,  0> +
         ...
 | 7> = ( 1.0000000, 0.0000000)|   0, 1, 0;0,  0;0,  0> +
         ...
 | 8> = ( 1.0000000, 0.0000000)|   6, 0, 0;0,  0;0,  0> +
         ...
 | 9> = ( 1.0000000, 0.0000000)|   1, 0, 1;0,  0;0,  0> +
         ...
 |10> = ( 1.0000000, 0.0000000)|   1, 1, 0;0,  0;0,  0> +
         ...
 |11> = ( 1.0000000, 0.0000000)|   7, 0, 0;0,  0;0,  0> +
         ...
 |12> = ( 1.0000000, 0.0000000)|   2, 0, 1;0,  0;0,  0> +
         ...
 |13> = ( 1.0000000, 0.0000000)|   2, 1, 0;0,  0;0,  0> +
         ...
 |14> = ( 1.0000000, 0.0000000)|   8, 0, 0;0,  0;0,  0> +
         ...
 |15> = ( 1.0000000, 0.0000000)|   3, 0, 1;0,  0;0,  0> +
         ...
 |16> = ( 1.0000000, 0.0000000)|   3, 1, 0;0,  0;0,  0> +
         ...
 |17> = ( 1.0000000, 0.0000000)|   9, 0, 0;0,  0;0,  0> +
         ...
 |18> = ( 1.0000000, 0.0000000)|   4, 0, 1;0,  0;0,  0> +
         ...
 |19> = ( 1.0000000, 0.0000000)|   4, 1, 0;0,  0;0,  0> +
         ...
 |20> = ( 1.0000000, 0.0000000)|  10, 0, 0;0,  0;0,  0> +
         ...
 |21> = ( 1.0000000, 0.0000000)|   5, 0, 1;0,  0;0,  0> +
         ...
 |22> = ( 1.0000000, 0.0000000)|   5, 1, 0;0,  0;0,  0> +
         ...
 |23> = ( 1.0000000, 0.0000000)|   0, 0, 2;0,  0;0,  0> +
         ...
 |24> = ( 1.0000000, 0.0000000)|   0, 1, 1;0,  0;0,  0> +
         ...
