# Parameters of the model
#  mass:		    261.00 u
#  charge:	      1.00 e
#  dipole:	      0.00 D
#  B:		    503.65 MHz
#  omega_rho:	      1.40 MHz
#  omega_z:	      0.15 MHz

# Basis truncation:	|34,4,4;2,2>
# omega_1:	      0.26 MHz
# omega_3/5:	      1.39 MHz
# Basis size:		44064

# Active terms of the Hamiltionian:
# 	Nomal modes:	1
# 	T_rot:      	1
# 	V_qd^{(0)}: 	1
# 	V_qd^{(1)}: 	1
# 	V_dd^{(0)}: 	1

# Results of the diagonalisation

# 100 smallest eigenvalues
 5.786264896 6.786264420 7.786264420 8.786264420 9.786264420 10.786264420 11.072529793 11.072529793 11.786264420 12.072529793 12.072529793 12.786264420 13.072529793 13.072529793 13.786264420 14.072529793 14.072529793 14.786264420 15.072529793 15.072529793 15.786264420 16.072528839 16.072530746 16.358795166 16.358795166 16.358795166 16.786264420 17.072528839 17.072530746 17.358795166 17.358795166 17.358795166 17.786264420 18.072528839 18.072530746 18.358795166 18.358795166 18.358795166 18.786266327 19.072528839 19.072530746 19.358795166 19.358795166 19.358795166 19.786266327 20.072528839 20.072530746 20.358795166 20.358795166 20.358795166 20.786266327 21.072528839 21.072530746 21.358795166 21.358795166 21.358795166 21.645059586 21.645059586 21.645059586 21.645059586 21.786266327 22.072528839 22.072530746 22.358795166 22.358795166 22.358795166 22.645057678 22.645059586 22.645059586 22.645059586 22.786266327 23.072528839 23.072530746 23.358795166 23.358795166 23.358795166 23.645057678 23.645059586 23.645059586 23.645059586 23.786266327 24.072530746 24.072530746 24.358795166 24.358795166 24.358795166 24.645057678 24.645059586 24.645059586 24.645059586 24.786266327 25.072530746 25.072530746 25.358795166 25.358795166 25.358795166 25.645057678 25.645059586 25.645059586 25.645059586

# Ground state and the lowest excitations:
 | 0> = ( 1.0000000, 0.0000000)|   0, 0, 0;0,  0;0,  0> +
         ...
 | 1> = ( 1.0000000, 0.0000000)|   1, 0, 0;0,  0;0,  0> +
         ...
 | 2> = ( 1.0000000, 0.0000000)|   2, 0, 0;0,  0;0,  0> +
         ...
 | 3> = ( 1.0000000, 0.0000000)|   3, 0, 0;0,  0;0,  0> +
         ...
 | 4> = ( 1.0000000, 0.0000000)|   4, 0, 0;0,  0;0,  0> +
         ...
 | 5> = ( 1.0000000, 0.0000000)|   5, 0, 0;0,  0;0,  0> +
         ...
 | 6> = ( 1.0000000, 0.0000000)|   0, 0, 1;0,  0;0,  0> +
         ...
 | 7> = ( 1.0000000, 0.0000000)|   0, 1, 0;0,  0;0,  0> +
         ...
 | 8> = ( 1.0000000, 0.0000000)|   6, 0, 0;0,  0;0,  0> +
         ...
 | 9> = ( 1.0000000, 0.0000000)|   1, 0, 1;0,  0;0,  0> +
         ...
 |10> = ( 1.0000000, 0.0000000)|   1, 1, 0;0,  0;0,  0> +
         ...
 |11> = ( 1.0000000, 0.0000000)|   7, 0, 0;0,  0;0,  0> +
         ...
 |12> = ( 1.0000000, 0.0000000)|   2, 0, 1;0,  0;0,  0> +
         ...
 |13> = ( 1.0000000, 0.0000000)|   2, 1, 0;0,  0;0,  0> +
         ...
 |14> = ( 1.0000000, 0.0000000)|   8, 0, 0;0,  0;0,  0> +
         ...
 |15> = ( 1.0000000, 0.0000000)|   3, 0, 1;0,  0;0,  0> +
         ...
 |16> = ( 1.0000000, 0.0000000)|   3, 1, 0;0,  0;0,  0> +
         ...
 |17> = ( 1.0000000, 0.0000000)|   9, 0, 0;0,  0;0,  0> +
         ...
 |18> = ( 1.0000000, 0.0000000)|   4, 0, 1;0,  0;0,  0> +
         ...
 |19> = ( 1.0000000, 0.0000000)|   4, 1, 0;0,  0;0,  0> +
         ...
 |20> = ( 1.0000000, 0.0000000)|  10, 0, 0;0,  0;0,  0> +
         ...
 |21> = ( 1.0000000, 0.0000000)|   5, 0, 1;0,  0;0,  0> +
         ...
 |22> = ( 1.0000000, 0.0000000)|   5, 1, 0;0,  0;0,  0> +
         ...
 |23> = ( 1.0000000, 0.0000000)|   0, 0, 2;0,  0;0,  0> +
         ...
 |24> = ( 1.0000000, 0.0000000)|   0, 1, 1;0,  0;0,  0> +
         ...
