# Parameters of the model
#  mass:		    261.00 u
#  charge:	      1.00 e
#  dipole:	      0.00 D
#  B:		    503.65 MHz
#  omega_rho:	      1.40 MHz
#  omega_z:	      0.14 MHz

# Basis truncation:	|34,4,4;2,2>
# omega_1:	      0.24 MHz
# omega_3/5:	      1.39 MHz
# Basis size:		44064

# Active terms of the Hamiltionian:
# 	Nomal modes:	1
# 	T_rot:      	1
# 	V_qd^{(0)}: 	1
# 	V_qd^{(1)}: 	1
# 	V_dd^{(0)}: 	1

# Results of the diagonalisation

# 100 smallest eigenvalues
 6.415202141 7.415202141 8.415202141 9.415202141 10.415202141 11.415203094 12.330404282 12.330404282 12.415203094 13.330404282 13.330404282 13.415203094 14.330404282 14.330404282 14.415203094 15.330404282 15.330404282 15.415203094 16.330404282 16.330404282 16.415203094 17.330404282 17.330404282 17.415203094 18.245605469 18.245607376 18.245607376 18.330404282 18.330404282 18.415203094 19.245605469 19.245607376 19.245607376 19.330404282 19.330404282 19.415203094 20.245605469 20.245607376 20.245607376 20.330404282 20.330404282 20.415203094 21.245605469 21.245607376 21.245607376 21.330404282 21.330404282 21.415203094 22.245605469 22.245607376 22.245607376 22.330404282 22.330404282 22.415203094 23.245605469 23.245607376 23.245607376 23.330404282 23.330404282 23.415203094 24.160808563 24.160808563 24.160808563 24.160808563 24.245605469 24.245607376 24.245607376 24.330404282 24.330404282 24.415203094 25.160808563 25.160808563 25.160808563 25.160808563 25.245605469 25.245607376 25.245607376 25.330404282 25.330404282 25.415203094 26.160808563 26.160808563 26.160808563 26.160808563 26.245605469 26.245607376 26.245607376 26.330404282 26.330404282 26.415203094 27.160808563 27.160808563 27.160808563 27.160808563 27.245605469 27.245607376 27.245607376 27.330404282 27.330404282 27.415203094

# Ground state and the lowest excitations:
 | 0> = ( 1.0000000, 0.0000000)|   0, 0, 0;0,  0;0,  0> +
         ...
 | 1> = ( 1.0000000, 0.0000000)|   1, 0, 0;0,  0;0,  0> +
         ...
 | 2> = ( 1.0000000, 0.0000000)|   2, 0, 0;0,  0;0,  0> +
         ...
 | 3> = ( 1.0000000, 0.0000000)|   3, 0, 0;0,  0;0,  0> +
         ...
 | 4> = ( 1.0000000, 0.0000000)|   4, 0, 0;0,  0;0,  0> +
         ...
 | 5> = ( 1.0000000, 0.0000000)|   5, 0, 0;0,  0;0,  0> +
         ...
 | 6> = ( 1.0000000, 0.0000000)|   0, 0, 1;0,  0;0,  0> +
         ...
 | 7> = ( 1.0000000, 0.0000000)|   0, 1, 0;0,  0;0,  0> +
         ...
 | 8> = ( 1.0000000, 0.0000000)|   6, 0, 0;0,  0;0,  0> +
         ...
 | 9> = ( 1.0000000, 0.0000000)|   1, 0, 1;0,  0;0,  0> +
         ...
 |10> = ( 1.0000000, 0.0000000)|   1, 1, 0;0,  0;0,  0> +
         ...
 |11> = ( 1.0000000, 0.0000000)|   7, 0, 0;0,  0;0,  0> +
         ...
 |12> = ( 1.0000000, 0.0000000)|   2, 0, 1;0,  0;0,  0> +
         ...
 |13> = ( 1.0000000, 0.0000000)|   2, 1, 0;0,  0;0,  0> +
         ...
 |14> = ( 1.0000000, 0.0000000)|   8, 0, 0;0,  0;0,  0> +
         ...
 |15> = ( 1.0000000, 0.0000000)|   3, 0, 1;0,  0;0,  0> +
         ...
 |16> = ( 1.0000000, 0.0000000)|   3, 1, 0;0,  0;0,  0> +
         ...
 |17> = ( 1.0000000, 0.0000000)|   9, 0, 0;0,  0;0,  0> +
         ...
 |18> = ( 1.0000000, 0.0000000)|   4, 0, 1;0,  0;0,  0> +
         ...
 |19> = ( 1.0000000, 0.0000000)|   4, 1, 0;0,  0;0,  0> +
         ...
 |20> = ( 1.0000000, 0.0000000)|  10, 0, 0;0,  0;0,  0> +
         ...
 |21> = ( 1.0000000, 0.0000000)|   5, 0, 1;0,  0;0,  0> +
         ...
 |22> = ( 1.0000000, 0.0000000)|   5, 1, 0;0,  0;0,  0> +
         ...
 |23> = ( 1.0000000, 0.0000000)|  11, 0, 0;0,  0;0,  0> +
         ...
 |24> = ( 1.0000000, 0.0000000)|   0, 1, 1;0,  0;0,  0> +
         ...
