# Parameters of the model
#  mass:		    261.00 u
#  charge:	      1.00 e
#  dipole:	      0.00 D
#  B:		    503.65 MHz
#  omega_rho:	      1.40 MHz
#  omega_z:	      0.13 MHz

# Basis truncation:	|34,4,4;2,2>
# omega_1:	      0.22 MHz
# omega_3/5:	      1.39 MHz
# Basis size:		44064

# Active terms of the Hamiltionian:
# 	Nomal modes:	1
# 	T_rot:      	1
# 	V_qd^{(0)}: 	1
# 	V_qd^{(1)}: 	1
# 	V_dd^{(0)}: 	1

# Results of the diagonalisation

# 100 smallest eigenvalues
 6.888969421 7.888969421 8.888969421 9.888969421 10.888969421 11.888969421 12.888969421 13.277938843 13.277938843 13.888969421 14.277938843 14.277938843 14.888969421 15.277938843 15.277938843 15.888969421 16.277938843 16.277938843 16.888969421 17.277938843 17.277938843 17.888969421 18.277938843 18.277938843 18.888969421 19.277938843 19.277938843 19.666908264 19.666908264 19.666908264 19.888969421 20.277938843 20.277938843 20.666908264 20.666908264 20.666908264 20.888969421 21.277938843 21.277938843 21.666908264 21.666908264 21.666908264 21.888969421 22.277938843 22.277938843 22.666908264 22.666908264 22.666908264 22.888969421 23.277938843 23.277938843 23.666908264 23.666908264 23.666908264 23.888969421 24.277938843 24.277938843 24.666908264 24.666908264 24.666908264 24.888969421 25.277938843 25.277938843 25.666908264 25.666908264 25.666908264 25.888969421 26.055877686 26.055877686 26.055877686 26.055877686 26.277938843 26.277938843 26.666908264 26.666908264 26.666908264 26.888969421 27.055877686 27.055877686 27.055877686 27.055877686 27.277938843 27.277938843 27.666908264 27.666908264 27.666908264 27.888969421 28.055877686 28.055877686 28.055877686 28.055877686 28.277938843 28.277938843 28.666908264 28.666908264 28.666908264 28.888969421 29.055877686 29.055877686 29.055877686

# Ground state and the lowest excitations:
 | 0> = ( 1.0000000, 0.0000000)|   0, 0, 0;0,  0;0,  0> +
         ...
 | 1> = ( 1.0000000, 0.0000000)|   1, 0, 0;0,  0;0,  0> +
         ...
 | 2> = ( 1.0000000, 0.0000000)|   2, 0, 0;0,  0;0,  0> +
         ...
 | 3> = ( 1.0000000, 0.0000000)|   3, 0, 0;0,  0;0,  0> +
         ...
 | 4> = ( 1.0000000, 0.0000000)|   4, 0, 0;0,  0;0,  0> +
         ...
 | 5> = ( 1.0000000, 0.0000000)|   5, 0, 0;0,  0;0,  0> +
         ...
 | 6> = ( 1.0000000, 0.0000000)|   6, 0, 0;0,  0;0,  0> +
         ...
 | 7> = ( 1.0000000, 0.0000000)|   0, 0, 1;0,  0;0,  0> +
         ...
 | 8> = ( 1.0000000, 0.0000000)|   0, 1, 0;0,  0;0,  0> +
         ...
 | 9> = ( 1.0000000, 0.0000000)|   7, 0, 0;0,  0;0,  0> +
         ...
 |10> = ( 1.0000000, 0.0000000)|   1, 0, 1;0,  0;0,  0> +
         ...
 |11> = ( 1.0000000, 0.0000000)|   1, 1, 0;0,  0;0,  0> +
         ...
 |12> = ( 1.0000000, 0.0000000)|   8, 0, 0;0,  0;0,  0> +
         ...
 |13> = ( 1.0000000, 0.0000000)|   2, 0, 1;0,  0;0,  0> +
         ...
 |14> = ( 1.0000000, 0.0000000)|   2, 1, 0;0,  0;0,  0> +
         ...
 |15> = ( 1.0000000, 0.0000000)|   9, 0, 0;0,  0;0,  0> +
         ...
 |16> = ( 1.0000000, 0.0000000)|   3, 0, 1;0,  0;0,  0> +
         ...
 |17> = ( 1.0000000, 0.0000000)|   3, 1, 0;0,  0;0,  0> +
         ...
 |18> = ( 1.0000000, 0.0000000)|  10, 0, 0;0,  0;0,  0> +
         ...
 |19> = ( 1.0000000, 0.0000000)|   4, 0, 1;0,  0;0,  0> +
         ...
 |20> = ( 1.0000000, 0.0000000)|   4, 1, 0;0,  0;0,  0> +
         ...
 |21> = ( 1.0000000, 0.0000000)|  11, 0, 0;0,  0;0,  0> +
         ...
 |22> = ( 1.0000000, 0.0000000)|   5, 0, 1;0,  0;0,  0> +
         ...
 |23> = ( 1.0000000, 0.0000000)|   5, 1, 0;0,  0;0,  0> +
         ...
 |24> = ( 1.0000000, 0.0000000)|  12, 0, 0;0,  0;0,  0> +
         ...
