# Parameters of the model
#  mass:		    261.00 u
#  charge:	      1.00 e
#  dipole:	      0.00 D
#  B:		    503.65 MHz
#  omega_rho:	      1.40 MHz
#  omega_z:	      0.16 MHz

# Basis truncation:	|34,4,4;2,2>
# omega_1:	      0.27 MHz
# omega_3/5:	      1.39 MHz
# Basis size:		44064

# Active terms of the Hamiltionian:
# 	Nomal modes:	1
# 	T_rot:      	1
# 	V_qd^{(0)}: 	1
# 	V_qd^{(1)}: 	1
# 	V_dd^{(0)}: 	1

# Results of the diagonalisation

# 100 smallest eigenvalues
 5.649081230 6.649081230 7.649081230 8.649081230 9.649081230 10.649082184 10.798162460 10.798162460 11.649082184 11.798162460 11.798162460 12.649082184 12.798162460 12.798162460 13.649082184 13.798162460 13.798162460 14.649082184 14.798162460 14.798162460 15.649082184 15.798162460 15.798162460 15.947242737 15.947244644 15.947244644 16.649082184 16.798162460 16.798162460 16.947242737 16.947244644 16.947244644 17.649082184 17.798162460 17.798162460 17.947242737 17.947244644 17.947244644 18.649082184 18.798162460 18.798162460 18.947242737 18.947244644 18.947244644 19.649082184 19.798162460 19.798162460 19.947242737 19.947244644 19.947244644 20.649082184 20.798162460 20.798162460 20.947242737 20.947244644 20.947244644 21.096324921 21.096324921 21.096324921 21.096324921 21.649082184 21.798162460 21.798162460 21.947242737 21.947244644 21.947244644 22.096324921 22.096324921 22.096324921 22.096324921 22.649082184 22.798162460 22.798162460 22.947242737 22.947244644 22.947244644 23.096324921 23.096324921 23.096324921 23.096324921 23.649082184 23.798162460 23.798162460 23.947242737 23.947244644 23.947244644 24.096324921 24.096324921 24.096324921 24.096324921 24.649082184 24.798162460 24.798162460 24.947242737 24.947244644 24.947244644 25.096324921 25.096324921 25.096324921 25.096324921

# Ground state and the lowest excitations:
 | 0> = ( 1.0000000, 0.0000000)|   0, 0, 0;0,  0;0,  0> +
         ...
 | 1> = ( 1.0000000, 0.0000000)|   1, 0, 0;0,  0;0,  0> +
         ...
 | 2> = ( 1.0000000, 0.0000000)|   2, 0, 0;0,  0;0,  0> +
         ...
 | 3> = ( 1.0000000, 0.0000000)|   3, 0, 0;0,  0;0,  0> +
         ...
 | 4> = ( 1.0000000, 0.0000000)|   4, 0, 0;0,  0;0,  0> +
         ...
 | 5> = ( 1.0000000, 0.0000000)|   5, 0, 0;0,  0;0,  0> +
         ...
 | 6> = ( 1.0000000, 0.0000000)|   0, 0, 1;0,  0;0,  0> +
         ...
 | 7> = ( 1.0000000, 0.0000000)|   0, 1, 0;0,  0;0,  0> +
         ...
 | 8> = ( 1.0000000, 0.0000000)|   6, 0, 0;0,  0;0,  0> +
         ...
 | 9> = ( 1.0000000, 0.0000000)|   1, 0, 1;0,  0;0,  0> +
         ...
 |10> = ( 1.0000000, 0.0000000)|   1, 1, 0;0,  0;0,  0> +
         ...
 |11> = ( 1.0000000, 0.0000000)|   7, 0, 0;0,  0;0,  0> +
         ...
 |12> = ( 1.0000000, 0.0000000)|   2, 0, 1;0,  0;0,  0> +
         ...
 |13> = ( 1.0000000, 0.0000000)|   2, 1, 0;0,  0;0,  0> +
         ...
 |14> = ( 1.0000000, 0.0000000)|   8, 0, 0;0,  0;0,  0> +
         ...
 |15> = ( 1.0000000, 0.0000000)|   3, 0, 1;0,  0;0,  0> +
         ...
 |16> = ( 1.0000000, 0.0000000)|   3, 1, 0;0,  0;0,  0> +
         ...
 |17> = ( 1.0000000, 0.0000000)|   9, 0, 0;0,  0;0,  0> +
         ...
 |18> = ( 1.0000000, 0.0000000)|   4, 0, 1;0,  0;0,  0> +
         ...
 |19> = ( 1.0000000, 0.0000000)|   4, 1, 0;0,  0;0,  0> +
         ...
 |20> = ( 1.0000000, 0.0000000)|  10, 0, 0;0,  0;0,  0> +
         ...
 |21> = ( 1.0000000, 0.0000000)|   5, 0, 1;0,  0;0,  0> +
         ...
 |22> = ( 1.0000000, 0.0000000)|   5, 1, 0;0,  0;0,  0> +
         ...
 |23> = ( 1.0000000, 0.0000000)|   0, 1, 1;0,  0;0,  0> +
         ...
 |24> = ( 1.0000000, 0.0000000)|   0, 0, 2;0,  0;0,  0> +
         ...
