# Parameters of the model
#  mass:		    261.00 u
#  charge:	      1.00 e
#  dipole:	      0.00 D
#  B:		    503.65 MHz
#  omega_rho:	      1.40 MHz
#  omega_z:	      0.13 MHz

# Basis truncation:	|34,4,4;2,2>
# omega_1:	      0.23 MHz
# omega_3/5:	      1.39 MHz
# Basis size:		44064

# Active terms of the Hamiltionian:
# 	Nomal modes:	1
# 	T_rot:      	1
# 	V_qd^{(0)}: 	1
# 	V_qd^{(1)}: 	1
# 	V_dd^{(0)}: 	1

# Results of the diagonalisation

# 100 smallest eigenvalues
 6.504323483 7.504323959 8.504323959 9.504323959 10.504323959 11.504323959 12.504323959 12.508646965 12.508646965 13.504323959 13.508646965 13.508646965 14.504323959 14.508646965 14.508646965 15.504323959 15.508646965 15.508646965 16.504323959 16.508646011 16.508647919 17.504323959 17.508646011 17.508647919 18.504323959 18.508646011 18.508647919 18.512969971 18.512969971 18.512969971 19.504322052 19.508646011 19.508647919 19.512969971 19.512969971 19.512969971 20.504322052 20.508646011 20.508647919 20.512969971 20.512969971 20.512969971 21.504322052 21.508646011 21.508647919 21.512969971 21.512969971 21.512969971 22.504322052 22.508646011 22.508647919 22.512969971 22.512969971 22.512969971 23.504322052 23.508646011 23.508647919 23.512969971 23.512969971 23.512969971 24.504322052 24.508646011 24.508647919 24.512969971 24.512969971 24.512969971 24.517293930 24.517293930 24.517293930 24.517293930 25.504322052 25.508646011 25.508646011 25.512969971 25.512969971 25.512969971 25.517293930 25.517293930 25.517293930 25.517295837 26.504322052 26.508646011 26.508646011 26.512969971 26.512969971 26.512969971 26.517293930 26.517293930 26.517293930 26.517295837 27.504322052 27.508646011 27.508646011 27.512969971 27.512969971 27.512969971 27.517293930 27.517293930 27.517293930 27.517295837

# Ground state and the lowest excitations:
 | 0> = ( 1.0000000, 0.0000000)|   0, 0, 0;0,  0;0,  0> +
         ...
 | 1> = ( 1.0000000, 0.0000000)|   1, 0, 0;0,  0;0,  0> +
         ...
 | 2> = ( 1.0000000, 0.0000000)|   2, 0, 0;0,  0;0,  0> +
         ...
 | 3> = ( 1.0000000, 0.0000000)|   3, 0, 0;0,  0;0,  0> +
         ...
 | 4> = ( 1.0000000, 0.0000000)|   4, 0, 0;0,  0;0,  0> +
         ...
 | 5> = ( 1.0000000, 0.0000000)|   5, 0, 0;0,  0;0,  0> +
         ...
 | 6> = ( 1.0000000, 0.0000000)|   6, 0, 0;0,  0;0,  0> +
         ...
 | 7> = ( 1.0000000, 0.0000000)|   0, 0, 1;0,  0;0,  0> +
         ...
 | 8> = ( 1.0000000, 0.0000000)|   0, 1, 0;0,  0;0,  0> +
         ...
 | 9> = ( 1.0000000, 0.0000000)|   7, 0, 0;0,  0;0,  0> +
         ...
 |10> = ( 1.0000000, 0.0000000)|   1, 0, 1;0,  0;0,  0> +
         ...
 |11> = ( 1.0000000, 0.0000000)|   1, 1, 0;0,  0;0,  0> +
         ...
 |12> = ( 1.0000000, 0.0000000)|   8, 0, 0;0,  0;0,  0> +
         ...
 |13> = ( 1.0000000, 0.0000000)|   2, 0, 1;0,  0;0,  0> +
         ...
 |14> = ( 1.0000000, 0.0000000)|   2, 1, 0;0,  0;0,  0> +
         ...
 |15> = ( 1.0000000, 0.0000000)|   9, 0, 0;0,  0;0,  0> +
         ...
 |16> = ( 1.0000000, 0.0000000)|   3, 0, 1;0,  0;0,  0> +
         ...
 |17> = ( 1.0000000, 0.0000000)|   3, 1, 0;0,  0;0,  0> +
         ...
 |18> = ( 1.0000000, 0.0000000)|  10, 0, 0;0,  0;0,  0> +
         ...
 |19> = ( 1.0000000, 0.0000000)|   4, 1, 0;0,  0;0,  0> +
         ...
 |20> = ( 1.0000000, 0.0000000)|   4, 0, 1;0,  0;0,  0> +
         ...
 |21> = ( 1.0000000, 0.0000000)|  11, 0, 0;0,  0;0,  0> +
         ...
 |22> = ( 1.0000000, 0.0000000)|   5, 1, 0;0,  0;0,  0> +
         ...
 |23> = ( 1.0000000, 0.0000000)|   5, 0, 1;0,  0;0,  0> +
         ...
 |24> = ( 1.0000000, 0.0000000)|  12, 0, 0;0,  0;0,  0> +
         ...
