# Parameters of the model
#  mass:		    261.00 u
#  charge:	      1.00 e
#  dipole:	      0.00 D
#  B:		    503.65 MHz
#  omega_rho:	      1.40 MHz
#  omega_z:	      0.14 MHz

# Basis truncation:	|34,4,4;2,2>
# omega_1:	      0.24 MHz
# omega_3/5:	      1.39 MHz
# Basis size:		44064

# Active terms of the Hamiltionian:
# 	Nomal modes:	1
# 	T_rot:      	1
# 	V_qd^{(0)}: 	1
# 	V_qd^{(1)}: 	1
# 	V_dd^{(0)}: 	1

# Results of the diagonalisation

# 100 smallest eigenvalues
 6.328651905 7.328651428 8.328651428 9.328651428 10.328651428 11.328651428 12.157303810 12.157303810 12.328651428 13.157303810 13.157303810 13.328651428 14.157303810 14.157303810 14.328651428 15.157303810 15.157303810 15.328651428 16.157302856 16.157304764 16.328651428 17.157302856 17.157304764 17.328651428 17.985956192 17.985956192 17.985956192 18.157302856 18.157304764 18.328651428 18.985954285 18.985954285 18.985956192 19.157302856 19.157302856 19.328651428 19.985954285 19.985954285 19.985956192 20.157302856 20.157302856 20.328651428 20.985954285 20.985954285 20.985956192 21.157302856 21.157302856 21.328651428 21.985954285 21.985954285 21.985956192 22.157302856 22.157302856 22.328651428 22.985954285 22.985954285 22.985956192 23.157302856 23.157302856 23.328651428 23.814607620 23.814607620 23.814607620 23.814607620 23.985954285 23.985954285 23.985956192 24.157302856 24.157302856 24.328651428 24.814605713 24.814607620 24.814607620 24.814607620 24.985954285 24.985954285 24.985954285 25.157302856 25.157302856 25.328651428 25.814605713 25.814607620 25.814607620 25.814607620 25.985954285 25.985954285 25.985954285 26.157302856 26.157302856 26.328651428 26.814605713 26.814607620 26.814607620 26.814607620 26.985954285 26.985954285 26.985954285 27.157302856 27.157302856 27.328651428

# Ground state and the lowest excitations:
 | 0> = ( 1.0000000, 0.0000000)|   0, 0, 0;0,  0;0,  0> +
         ...
 | 1> = ( 1.0000000, 0.0000000)|   1, 0, 0;0,  0;0,  0> +
         ...
 | 2> = ( 1.0000000, 0.0000000)|   2, 0, 0;0,  0;0,  0> +
         ...
 | 3> = ( 1.0000000, 0.0000000)|   3, 0, 0;0,  0;0,  0> +
         ...
 | 4> = ( 1.0000000, 0.0000000)|   4, 0, 0;0,  0;0,  0> +
         ...
 | 5> = ( 1.0000000, 0.0000000)|   5, 0, 0;0,  0;0,  0> +
         ...
 | 6> = ( 1.0000000, 0.0000000)|   0, 0, 1;0,  0;0,  0> +
         ...
 | 7> = ( 1.0000000, 0.0000000)|   0, 1, 0;0,  0;0,  0> +
         ...
 | 8> = ( 1.0000000, 0.0000000)|   6, 0, 0;0,  0;0,  0> +
         ...
 | 9> = ( 1.0000000, 0.0000000)|   1, 0, 1;0,  0;0,  0> +
         ...
 |10> = ( 1.0000000, 0.0000000)|   1, 1, 0;0,  0;0,  0> +
         ...
 |11> = ( 1.0000000, 0.0000000)|   7, 0, 0;0,  0;0,  0> +
         ...
 |12> = ( 1.0000000, 0.0000000)|   2, 0, 1;0,  0;0,  0> +
         ...
 |13> = ( 1.0000000, 0.0000000)|   2, 1, 0;0,  0;0,  0> +
         ...
 |14> = ( 1.0000000, 0.0000000)|   8, 0, 0;0,  0;0,  0> +
         ...
 |15> = ( 1.0000000, 0.0000000)|   3, 0, 1;0,  0;0,  0> +
         ...
 |16> = ( 1.0000000, 0.0000000)|   3, 1, 0;0,  0;0,  0> +
         ...
 |17> = ( 1.0000000, 0.0000000)|   9, 0, 0;0,  0;0,  0> +
         ...
 |18> = ( 1.0000000, 0.0000000)|   4, 0, 1;0,  0;0,  0> +
         ...
 |19> = ( 1.0000000, 0.0000000)|   4, 1, 0;0,  0;0,  0> +
         ...
 |20> = ( 1.0000000, 0.0000000)|  10, 0, 0;0,  0;0,  0> +
         ...
 |21> = ( 1.0000000, 0.0000000)|   5, 0, 1;0,  0;0,  0> +
         ...
 |22> = ( 1.0000000, 0.0000000)|   5, 1, 0;0,  0;0,  0> +
         ...
 |23> = ( 1.0000000, 0.0000000)|  11, 0, 0;0,  0;0,  0> +
         ...
 |24> = ( 1.0000000, 0.0000000)|   0, 0, 2;0,  0;0,  0> +
         ...
