p0112
p0112
p0112
p0112
p0112
p0112
p0112
p0112
p0112
p0112
p0112
p0112
p0112
p0112
p0112
p0112
p0112
p0112
p0112
p0112
p0112
p0112
p0112
p0112
# Parameters of the model
#  mass:		  261.0000 u
#  charge:	    1.0000 e
#  dipole:	 150.00000 D
#  B:		     50.00 MHz
#  omega_rho:	    1.4000 MHz
#  omega_z:	  0.160000 MHz

# omega_1:	  0.277128 MHz
# omega_3/5:	   1.39083 MHz

# Basis truncation:	|34,4,4;2,2>
# Basis size:		44064

# Active terms of the Hamiltionian:
# 	Nomal modes:	1
# 	T_rot:      	1
# 	V_qd^{(0)}: 	1
# 	V_qd^{(1)}: 	1
# 	V_dd^{(0)}: 	1

# Results of the diagonalisation
# 100 smallest eigenvalues
 5.394695736 6.394695374 7.394695011 8.394694648 9.394694285 10.394693922 10.413410693 10.413410693 11.394693559 11.413410331 11.413410331 12.394693197 12.413409968 12.413409968 13.394692834 13.413409605 13.413409605 14.394692471 14.413409242 14.413409242 15.394692108 15.413408879 15.413408879 15.432125650 15.432125650 15.432125650 16.394691745 16.413408516 16.413408516 16.432125287 16.432125287 16.432125287 17.394691382 17.413408153 17.413408153 17.432124925 17.432124925 17.432124925 18.394691019 18.413407791 18.413407791 18.432124562 18.432124562 18.432124562 19.394690657 19.413407428 19.413407428 19.432124199 19.432124199 19.432124199 20.394690294 20.413407065 20.413407065 20.432123836 20.432123836 20.432123836 20.450840607 20.450840607 20.450840643 20.450840643 21.394689931 21.413406702 21.413406702 21.432123473 21.432123473 21.432123473 21.450840244 21.450840244 21.450840280 21.450840280 22.394689568 22.413406339 22.413406339 22.432123110 22.432123110 22.432123110 22.450839881 22.450839881 22.450839918 22.450839918 23.394689205 23.413405976 23.413405976 23.432122747 23.432122747 23.432122747 23.450839519 23.450839519 23.450839555 23.450839555 24.394688842 24.413405614 24.413405614 24.432122385 24.432122385 24.432122385 24.450839156 24.450839156 24.450839192 24.450839192

# Ground state and the lowest excitations:
 |    0> = ( 0.9999726, 0.0000000)|   0, 0, 0;0,  0;0,  0> +
           (-0.0052295, 0.0000000)|   0, 0, 0;1,  0;0,  0> +
           ( 0.0052295, 0.0000000)|   0, 0, 0;0,  0;1,  0> +
           (-0.0002999, 0.0000000)|   1, 0, 0;0,  0;0,  0> +
           (-0.0000271,-0.0000000)|   0, 0, 0;1,  0;1,  0> +
            ...
 |    1> = ( 0.9999725,-0.0000000)|   1, 0, 0;0,  0;0,  0> +
           (-0.0052295, 0.0000000)|   1, 0, 0;1,  0;0,  0> +
           ( 0.0052295, 0.0000000)|   1, 0, 0;0,  0;1,  0> +
           (-0.0004242,-0.0000000)|   2, 0, 0;0,  0;0,  0> +
           ( 0.0003001, 0.0000000)|   0, 0, 0;0,  0;0,  0> +
           (-0.0000271, 0.0000000)|   1, 0, 0;1,  0;1,  0> +
           (-0.0000112, 0.0000000)|   2, 0, 0;0,  0;1,  0> +
           ( 0.0000112, 0.0000000)|   2, 0, 0;1,  0;0,  0> +
            ...
 |    2> = (-0.9999724, 0.0000000)|   2, 0, 0;0,  0;0,  0> +
           ( 0.0052295,-0.0000000)|   2, 0, 0;1,  0;0,  0> +
           (-0.0052295,-0.0000000)|   2, 0, 0;0,  0;1,  0> +
           ( 0.0005195,-0.0000000)|   3, 0, 0;0,  0;0,  0> +
           (-0.0004244, 0.0000000)|   1, 0, 0;0,  0;0,  0> +
           ( 0.0000271,-0.0000000)|   2, 0, 0;1,  0;1,  0> +
           ( 0.0000137,-0.0000000)|   3, 0, 0;0,  0;1,  0> +
           (-0.0000137,-0.0000000)|   3, 0, 0;1,  0;0,  0> +
            ...
 |    3> = (-0.9999723, 0.0000000)|   3, 0, 0;0,  0;0,  0> +
           (-0.0052295, 0.0000000)|   3, 0, 0;0,  0;1,  0> +
           ( 0.0052295, 0.0000000)|   3, 0, 0;1,  0;0,  0> +
           ( 0.0005999, 0.0000000)|   4, 0, 0;0,  0;0,  0> +
           (-0.0005197,-0.0000000)|   2, 0, 0;0,  0;0,  0> +
           ( 0.0000271, 0.0000000)|   3, 0, 0;1,  0;1,  0> +
           ( 0.0000158,-0.0000000)|   4, 0, 0;0,  0;1,  0> +
           (-0.0000158, 0.0000000)|   4, 0, 0;1,  0;0,  0> +
            ...
 |    4> = ( 0.9999722,-0.0000000)|   4, 0, 0;0,  0;0,  0> +
           ( 0.0052295, 0.0000000)|   4, 0, 0;0,  0;1,  0> +
           (-0.0052295,-0.0000000)|   4, 0, 0;1,  0;0,  0> +
           (-0.0006707,-0.0000000)|   5, 0, 0;0,  0;0,  0> +
           ( 0.0006001,-0.0000000)|   3, 0, 0;0,  0;0,  0> +
           (-0.0000271,-0.0000000)|   4, 0, 0;1,  0;1,  0> +
           (-0.0000176,-0.0000000)|   5, 0, 0;0,  0;1,  0> +
           ( 0.0000176, 0.0000000)|   5, 0, 0;1,  0;0,  0> +
            ...
 |    5> = (-0.9999722,-0.0000000)|   5, 0, 0;0,  0;0,  0> +
           (-0.0052295,-0.0000000)|   5, 0, 0;0,  0;1,  0> +
           ( 0.0052295, 0.0000000)|   5, 0, 0;1,  0;0,  0> +
           ( 0.0007347,-0.0000000)|   6, 0, 0;0,  0;0,  0> +
           (-0.0006710,-0.0000000)|   4, 0, 0;0,  0;0,  0> +
           ( 0.0000271, 0.0000000)|   5, 0, 0;1,  0;1,  0> +
           ( 0.0000193,-0.0000000)|   6, 0, 0;0,  0;1,  0> +
           (-0.0000193, 0.0000000)|   6, 0, 0;1,  0;0,  0> +
           ( 0.0000106, 0.0000000)|   4, 0, 0;0,  0;1,  0> +
           (-0.0000106,-0.0000000)|   4, 0, 0;1,  0;0,  0> +
            ...
 |    6> = ( 0.0814820,-0.9839028)|   0, 0, 1;0,  0;0,  0> +
           (-0.1367345, 0.0809003)|   0, 1, 0;0,  0;0,  0> +
           (-0.0004261, 0.0051455)|   0, 0, 1;1,  0;0,  0> +
           ( 0.0004261,-0.0051455)|   0, 0, 1;0,  0;1,  0> +
           ( 0.0007151,-0.0004231)|   0, 1, 0;1,  0;0,  0> +
           (-0.0007151, 0.0004231)|   0, 1, 0;0,  0;1,  0> +
           (-0.0000244, 0.0002951)|   1, 0, 1;0,  0;0,  0> +
           ( 0.0000410,-0.0000243)|   1, 1, 0;0,  0;0,  0> +
           (-0.0000022, 0.0000266)|   0, 0, 1;1,  0;1,  0> +
            ...
 |    7> = (-0.9817419,-0.1043404)|   0, 1, 0;0,  0;0,  0> +
           (-0.1050906, 0.1191518)|   0, 0, 1;0,  0;0,  0> +
           (-0.0051342,-0.0005457)|   0, 1, 0;0,  0;1,  0> +
           ( 0.0051342, 0.0005457)|   0, 1, 0;1,  0;0,  0> +
           ( 0.0005496,-0.0006231)|   0, 0, 1;1,  0;0,  0> +
           (-0.0005496, 0.0006231)|   0, 0, 1;0,  0;1,  0> +
           ( 0.0002945, 0.0000313)|   1, 1, 0;0,  0;0,  0> +
           ( 0.0000315,-0.0000357)|   1, 0, 1;0,  0;0,  0> +
           ( 0.0000266, 0.0000028)|   0, 1, 0;1,  0;1,  0> +
            ...
 |    8> = ( 0.9999721, 0.0000000)|   6, 0, 0;0,  0;0,  0> +
           ( 0.0052295, 0.0000000)|   6, 0, 0;0,  0;1,  0> +
           (-0.0052295,-0.0000000)|   6, 0, 0;1,  0;0,  0> +
           (-0.0007935, 0.0000000)|   7, 0, 0;0,  0;0,  0> +
           ( 0.0007350, 0.0000000)|   5, 0, 0;0,  0;0,  0> +
           (-0.0000271,-0.0000000)|   6, 0, 0;1,  0;1,  0> +
           (-0.0000209, 0.0000000)|   7, 0, 0;0,  0;1,  0> +
           ( 0.0000209,-0.0000000)|   7, 0, 0;1,  0;0,  0> +
           (-0.0000117, 0.0000000)|   5, 0, 0;0,  0;1,  0> +
           ( 0.0000117,-0.0000000)|   5, 0, 0;1,  0;0,  0> +
            ...
 |    9> = ( 0.9839045, 0.0063128)|   1, 1, 0;0,  0;0,  0> +
           ( 0.0063534,-0.1783162)|   1, 0, 1;0,  0;0,  0> +
           ( 0.0051455, 0.0000330)|   1, 1, 0;0,  0;1,  0> +
           (-0.0051455,-0.0000330)|   1, 1, 0;1,  0;0,  0> +
           ( 0.0000332,-0.0009325)|   1, 0, 1;0,  0;1,  0> +
           (-0.0000332, 0.0009325)|   1, 0, 1;1,  0;0,  0> +
           (-0.0004174,-0.0000027)|   2, 1, 0;0,  0;0,  0> +
           ( 0.0002952, 0.0000019)|   0, 1, 0;0,  0;0,  0> +
           (-0.0000027, 0.0000756)|   2, 0, 1;0,  0;0,  0> +
           ( 0.0000019,-0.0000535)|   0, 0, 1;0,  0;0,  0> +
           (-0.0000266,-0.0000002)|   1, 1, 0;1,  0;1,  0> +
           ( 0.0000110, 0.0000001)|   2, 1, 0;1,  0;0,  0> +
           (-0.0000110,-0.0000001)|   2, 1, 0;0,  0;1,  0> +
            ...
 |   10> = (-0.0044337, 0.9839148)|   1, 0, 1;0,  0;0,  0> +
           ( 0.1783749,-0.0044054)|   1, 1, 0;0,  0;0,  0> +
           (-0.0000232, 0.0051456)|   1, 0, 1;0,  0;1,  0> +
           ( 0.0000232,-0.0051456)|   1, 0, 1;1,  0;0,  0> +
           (-0.0009328, 0.0000230)|   1, 1, 0;1,  0;0,  0> +
           ( 0.0009328,-0.0000230)|   1, 1, 0;0,  0;1,  0> +
           ( 0.0000019,-0.0004174)|   2, 0, 1;0,  0;0,  0> +
           (-0.0000013, 0.0002952)|   0, 0, 1;0,  0;0,  0> +
           (-0.0000757, 0.0000019)|   2, 1, 0;0,  0;0,  0> +
           ( 0.0000535,-0.0000013)|   0, 1, 0;0,  0;0,  0> +
           ( 0.0000001,-0.0000266)|   1, 0, 1;1,  0;1,  0> +
           (-0.0000000, 0.0000110)|   2, 0, 1;1,  0;0,  0> +
           ( 0.0000000,-0.0000110)|   2, 0, 1;0,  0;1,  0> +
            ...
 |   11> = (-0.9999720,-0.0000000)|   7, 0, 0;0,  0;0,  0> +
           (-0.0052295,-0.0000000)|   7, 0, 0;0,  0;1,  0> +
           ( 0.0052295, 0.0000000)|   7, 0, 0;1,  0;0,  0> +
           ( 0.0008483, 0.0000000)|   8, 0, 0;0,  0;0,  0> +
           (-0.0007939,-0.0000000)|   6, 0, 0;0,  0;0,  0> +
           ( 0.0000271, 0.0000000)|   7, 0, 0;1,  0;1,  0> +
           ( 0.0000223, 0.0000000)|   8, 0, 0;0,  0;1,  0> +
           (-0.0000223,-0.0000000)|   8, 0, 0;1,  0;0,  0> +
           (-0.0000126, 0.0000000)|   6, 0, 0;1,  0;0,  0> +
           ( 0.0000126,-0.0000000)|   6, 0, 0;0,  0;1,  0> +
            ...
 |   12> = ( 0.2753596, 0.6526779)|   2, 0, 1;0,  0;0,  0> +
           (-0.6505640, 0.2736786)|   2, 1, 0;0,  0;0,  0> +
           ( 0.0014400, 0.0034133)|   2, 0, 1;0,  0;1,  0> +
           (-0.0014400,-0.0034133)|   2, 0, 1;1,  0;0,  0> +
           (-0.0034022, 0.0014313)|   2, 1, 0;0,  0;1,  0> +
           ( 0.0034022,-0.0014313)|   2, 1, 0;1,  0;0,  0> +
           (-0.0001431,-0.0003391)|   3, 0, 1;0,  0;0,  0> +
           ( 0.0003380,-0.0001422)|   3, 1, 0;0,  0;0,  0> +
           ( 0.0001169, 0.0002770)|   1, 0, 1;0,  0;0,  0> +
           (-0.0002761, 0.0001161)|   1, 1, 0;0,  0;0,  0> +
           (-0.0000075,-0.0000177)|   2, 0, 1;1,  0;1,  0> +
           ( 0.0000176,-0.0000074)|   2, 1, 0;1,  0;1,  0> +
            ...
 |   13> = (-0.7083864,-0.0003631)|   2, 1, 0;0,  0;0,  0> +
           (-0.0003653,-0.7057856)|   2, 0, 1;0,  0;0,  0> +
           ( 0.0037046, 0.0000019)|   2, 1, 0;1,  0;0,  0> +
           (-0.0037046,-0.0000019)|   2, 1, 0;0,  0;1,  0> +
           ( 0.0000019, 0.0036910)|   2, 0, 1;1,  0;0,  0> +
           (-0.0000019,-0.0036910)|   2, 0, 1;0,  0;1,  0> +
           ( 0.0003680, 0.0000002)|   3, 1, 0;0,  0;0,  0> +
           ( 0.0000002, 0.0003667)|   3, 0, 1;0,  0;0,  0> +
           (-0.0003006,-0.0000002)|   1, 1, 0;0,  0;0,  0> +
           (-0.0000002,-0.0002995)|   1, 0, 1;0,  0;0,  0> +
           ( 0.0000192, 0.0000000)|   2, 1, 0;1,  0;1,  0> +
           ( 0.0000000, 0.0000191)|   2, 0, 1;1,  0;1,  0> +
            ...
 |   14> = (-0.9999719,-0.0000000)|   8, 0, 0;0,  0;0,  0> +
           ( 0.0052295, 0.0000000)|   8, 0, 0;1,  0;0,  0> +
           (-0.0052295,-0.0000000)|   8, 0, 0;0,  0;1,  0> +
           ( 0.0008998, 0.0000000)|   9, 0, 0;0,  0;0,  0> +
           (-0.0008487,-0.0000000)|   7, 0, 0;0,  0;0,  0> +
           ( 0.0000271, 0.0000000)|   8, 0, 0;1,  0;1,  0> +
           (-0.0000237,-0.0000000)|   9, 0, 0;1,  0;0,  0> +
           ( 0.0000237, 0.0000000)|   9, 0, 0;0,  0;1,  0> +
           (-0.0000135,-0.0000000)|   7, 0, 0;1,  0;0,  0> +
           ( 0.0000135, 0.0000000)|   7, 0, 0;0,  0;1,  0> +
            ...
 |   15> = (-0.7195670,-0.0060954)|   3, 1, 0;0,  0;0,  0> +
           (-0.0061299,-0.6943294)|   3, 0, 1;0,  0;0,  0> +
           (-0.0037631,-0.0000319)|   3, 1, 0;0,  0;1,  0> +
           ( 0.0037631, 0.0000319)|   3, 1, 0;1,  0;0,  0> +
           ( 0.0000321, 0.0036311)|   3, 0, 1;1,  0;0,  0> +
           (-0.0000321,-0.0036311)|   3, 0, 1;0,  0;1,  0> +
           ( 0.0004317, 0.0000037)|   4, 1, 0;0,  0;0,  0> +
           ( 0.0000037, 0.0004165)|   4, 0, 1;0,  0;0,  0> +
           (-0.0003740,-0.0000032)|   2, 1, 0;0,  0;0,  0> +
           (-0.0000032,-0.0003609)|   2, 0, 1;0,  0;0,  0> +
           ( 0.0000195, 0.0000002)|   3, 1, 0;1,  0;1,  0> +
           ( 0.0000002, 0.0000188)|   3, 0, 1;1,  0;1,  0> +
           ( 0.0000114, 0.0000001)|   4, 1, 0;0,  0;1,  0> +
           (-0.0000114,-0.0000001)|   4, 1, 0;1,  0;0,  0> +
           (-0.0000001,-0.0000110)|   4, 0, 1;1,  0;0,  0> +
           ( 0.0000001, 0.0000110)|   4, 0, 1;0,  0;1,  0> +
            ...
 |   16> = (-0.3536423, 0.6266984)|   3, 0, 1;0,  0;0,  0> +
           (-0.5987266,-0.3516494)|   3, 1, 0;0,  0;0,  0> +
           (-0.0018494, 0.0032774)|   3, 0, 1;0,  0;1,  0> +
           ( 0.0018494,-0.0032774)|   3, 0, 1;1,  0;0,  0> +
           ( 0.0031311, 0.0018390)|   3, 1, 0;1,  0;0,  0> +
           (-0.0031311,-0.0018390)|   3, 1, 0;0,  0;1,  0> +
           ( 0.0002121,-0.0003759)|   4, 0, 1;0,  0;0,  0> +
           ( 0.0003592, 0.0002109)|   4, 1, 0;0,  0;0,  0> +
           (-0.0001838, 0.0003257)|   2, 0, 1;0,  0;0,  0> +
           (-0.0003112,-0.0001828)|   2, 1, 0;0,  0;0,  0> +
           ( 0.0000096,-0.0000170)|   3, 0, 1;1,  0;1,  0> +
           ( 0.0000162, 0.0000095)|   3, 1, 0;1,  0;1,  0> +
           (-0.0000056, 0.0000099)|   4, 0, 1;1,  0;0,  0> +
           ( 0.0000056,-0.0000099)|   4, 0, 1;0,  0;1,  0> +
           ( 0.0000094, 0.0000055)|   4, 1, 0;0,  0;1,  0> +
           (-0.0000094,-0.0000055)|   4, 1, 0;1,  0;0,  0> +
            ...
 |   17> = (-0.9999718, 0.0000000)|   9, 0, 0;0,  0;0,  0> +
           ( 0.0052295,-0.0000000)|   9, 0, 0;1,  0;0,  0> +
           (-0.0052295, 0.0000000)|   9, 0, 0;0,  0;1,  0> +
           ( 0.0009485,-0.0000000)|  10, 0, 0;0,  0;0,  0> +
           (-0.0009002, 0.0000000)|   8, 0, 0;0,  0;0,  0> +
           ( 0.0000271,-0.0000000)|   9, 0, 0;1,  0;1,  0> +
           ( 0.0000250,-0.0000000)|  10, 0, 0;0,  0;1,  0> +
           (-0.0000250, 0.0000000)|  10, 0, 0;1,  0;0,  0> +
           (-0.0000143, 0.0000000)|   8, 0, 0;1,  0;0,  0> +
           ( 0.0000143,-0.0000000)|   8, 0, 0;0,  0;1,  0> +
            ...
 |   18> = (-0.0296713, 0.9204968)|   4, 0, 1;0,  0;0,  0> +
           (-0.3884331,-0.0294870)|   4, 1, 0;0,  0;0,  0> +
           (-0.0001552, 0.0048139)|   4, 0, 1;0,  0;1,  0> +
           ( 0.0001552,-0.0048139)|   4, 0, 1;1,  0;0,  0> +
           ( 0.0020314, 0.0001542)|   4, 1, 0;1,  0;0,  0> +
           (-0.0020314,-0.0001542)|   4, 1, 0;0,  0;1,  0> +
           ( 0.0000199,-0.0006174)|   5, 0, 1;0,  0;0,  0> +
           (-0.0000178, 0.0005524)|   3, 0, 1;0,  0;0,  0> +
           ( 0.0002605, 0.0000198)|   5, 1, 0;0,  0;0,  0> +
           (-0.0002331,-0.0000177)|   3, 1, 0;0,  0;0,  0> +
           ( 0.0000008,-0.0000249)|   4, 0, 1;1,  0;1,  0> +
           (-0.0000005, 0.0000162)|   5, 0, 1;1,  0;0,  0> +
           ( 0.0000005,-0.0000162)|   5, 0, 1;0,  0;1,  0> +
           ( 0.0000105, 0.0000008)|   4, 1, 0;1,  0;1,  0> +
            ...
 |   19> = (-0.9208984,-0.0118671)|   4, 1, 0;0,  0;0,  0> +
           (-0.0119413,-0.3893676)|   4, 0, 1;0,  0;0,  0> +
           ( 0.0048160, 0.0000621)|   4, 1, 0;1,  0;0,  0> +
           (-0.0048160,-0.0000621)|   4, 1, 0;0,  0;1,  0> +
           ( 0.0000624, 0.0020363)|   4, 0, 1;1,  0;0,  0> +
           (-0.0000624,-0.0020363)|   4, 0, 1;0,  0;1,  0> +
           ( 0.0006176, 0.0000080)|   5, 1, 0;0,  0;0,  0> +
           (-0.0005527,-0.0000071)|   3, 1, 0;0,  0;0,  0> +
           ( 0.0000080, 0.0002611)|   5, 0, 1;0,  0;0,  0> +
           (-0.0000072,-0.0002337)|   3, 0, 1;0,  0;0,  0> +
           ( 0.0000249, 0.0000003)|   4, 1, 0;1,  0;1,  0> +
           ( 0.0000162, 0.0000002)|   5, 1, 0;0,  0;1,  0> +
           (-0.0000162,-0.0000002)|   5, 1, 0;1,  0;0,  0> +
           ( 0.0000003, 0.0000105)|   4, 0, 1;1,  0;1,  0> +
            ...
 |   20> = (-0.9999717, 0.0000000)|  10, 0, 0;0,  0;0,  0> +
           (-0.0052295, 0.0000000)|  10, 0, 0;0,  0;1,  0> +
           ( 0.0052295,-0.0000000)|  10, 0, 0;1,  0;0,  0> +
           ( 0.0009948,-0.0000000)|  11, 0, 0;0,  0;0,  0> +
           (-0.0009489, 0.0000000)|   9, 0, 0;0,  0;0,  0> +
           ( 0.0000271,-0.0000000)|  10, 0, 0;1,  0;1,  0> +
           ( 0.0000262,-0.0000000)|  11, 0, 0;0,  0;1,  0> +
           (-0.0000262, 0.0000000)|  11, 0, 0;1,  0;0,  0> +
           (-0.0000150, 0.0000000)|   9, 0, 0;1,  0;0,  0> +
           ( 0.0000150,-0.0000000)|   9, 0, 0;0,  0;1,  0> +
            ...
 |   21> = ( 0.7076878,-0.0071552)|   5, 1, 0;0,  0;0,  0> +
           (-0.0071939,-0.7064130)|   5, 0, 1;0,  0;0,  0> +
           (-0.0037010, 0.0000374)|   5, 1, 0;1,  0;0,  0> +
           ( 0.0037010,-0.0000374)|   5, 1, 0;0,  0;1,  0> +
           (-0.0000376,-0.0036943)|   5, 0, 1;0,  0;1,  0> +
           ( 0.0000376, 0.0036943)|   5, 0, 1;1,  0;0,  0> +
           (-0.0005199, 0.0000053)|   6, 1, 0;0,  0;0,  0> +
           ( 0.0000053, 0.0005190)|   6, 0, 1;0,  0;0,  0> +
           ( 0.0004748,-0.0000048)|   4, 1, 0;0,  0;0,  0> +
           (-0.0000048,-0.0004740)|   4, 0, 1;0,  0;0,  0> +
           (-0.0000192, 0.0000002)|   5, 1, 0;1,  0;1,  0> +
           ( 0.0000002, 0.0000191)|   5, 0, 1;1,  0;1,  0> +
           (-0.0000137, 0.0000001)|   6, 1, 0;0,  0;1,  0> +
           ( 0.0000137,-0.0000001)|   6, 1, 0;1,  0;0,  0> +
           ( 0.0000001, 0.0000137)|   6, 0, 1;0,  0;1,  0> +
           (-0.0000001,-0.0000137)|   6, 0, 1;1,  0;0,  0> +
            ...
 |   22> = (-0.0000259,-0.7077240)|   5, 0, 1;0,  0;0,  0> +
           (-0.7064496,-0.0000258)|   5, 1, 0;0,  0;0,  0> +
           ( 0.0000001, 0.0037012)|   5, 0, 1;1,  0;0,  0> +
           (-0.0000001,-0.0037012)|   5, 0, 1;0,  0;1,  0> +
           (-0.0036945,-0.0000001)|   5, 1, 0;0,  0;1,  0> +
           ( 0.0036945, 0.0000001)|   5, 1, 0;1,  0;0,  0> +
           ( 0.0000000, 0.0005200)|   6, 0, 1;0,  0;0,  0> +
           ( 0.0005190, 0.0000000)|   6, 1, 0;0,  0;0,  0> +
           (-0.0000000,-0.0004749)|   4, 0, 1;0,  0;0,  0> +
           (-0.0004740,-0.0000000)|   4, 1, 0;0,  0;0,  0> +
           ( 0.0000000, 0.0000192)|   5, 0, 1;1,  0;1,  0> +
           ( 0.0000191, 0.0000000)|   5, 1, 0;1,  0;1,  0> +
           ( 0.0000000, 0.0000137)|   6, 0, 1;0,  0;1,  0> +
           (-0.0000000,-0.0000137)|   6, 0, 1;1,  0;0,  0> +
           (-0.0000137,-0.0000000)|   6, 1, 0;1,  0;0,  0> +
           ( 0.0000137, 0.0000000)|   6, 1, 0;0,  0;1,  0> +
            ...
 |   23> = (-0.7100354,-0.0000000)|   0, 0, 2;0,  0;0,  0> +
           (-0.7041270, 0.0000000)|   0, 2, 0;0,  0;0,  0> +
           (-0.0037133,-0.0000000)|   0, 0, 2;0,  0;1,  0> +
           ( 0.0037133, 0.0000000)|   0, 0, 2;1,  0;0,  0> +
           (-0.0036824, 0.0000000)|   0, 2, 0;0,  0;1,  0> +
           ( 0.0036824,-0.0000000)|   0, 2, 0;1,  0;0,  0> +
           ( 0.0002130, 0.0000000)|   1, 0, 2;0,  0;0,  0> +
           ( 0.0002112,-0.0000000)|   1, 2, 0;0,  0;0,  0> +
           ( 0.0000192, 0.0000000)|   0, 0, 2;1,  0;1,  0> +
           ( 0.0000191, 0.0000000)|   0, 2, 0;1,  0;1,  0> +
            ...
 |   24> = (-0.7100354,-0.0000000)|   0, 2, 0;0,  0;0,  0> +
           ( 0.7041270, 0.0000000)|   0, 0, 2;0,  0;0,  0> +
           (-0.0037133,-0.0000000)|   0, 2, 0;0,  0;1,  0> +
           ( 0.0037133, 0.0000000)|   0, 2, 0;1,  0;0,  0> +
           ( 0.0036824, 0.0000000)|   0, 0, 2;0,  0;1,  0> +
           (-0.0036824,-0.0000000)|   0, 0, 2;1,  0;0,  0> +
           ( 0.0002130, 0.0000000)|   1, 2, 0;0,  0;0,  0> +
           (-0.0002112,-0.0000000)|   1, 0, 2;0,  0;0,  0> +
           ( 0.0000192,-0.0000000)|   0, 2, 0;1,  0;1,  0> +
           (-0.0000191,-0.0000000)|   0, 0, 2;1,  0;1,  0> +
            ...
 # The upper part of the spectrum
 # Eigenvalues first: 544	 last: 594
 2272.686690388 2272.686690388 2272.687924499 2272.687924499 2272.741881802 2272.744349885 2273.686690152 2273.686690152 2273.687924263 2273.687924263 2273.741881729 2273.744349812 2274.686689916 2274.686689916 2274.687924027 2274.687924027 2274.741881657 2274.744349740 2275.686689680 2275.686689680 2275.687923791 2275.687923791 2275.741881584 2275.744349667 2276.686689445 2276.686689445 2276.687923555 2276.687923555 2276.741881511 2276.744349594 2277.686689209 2277.686689209 2277.687923319 2277.687923319 2277.705405347 2277.705405355 2277.705405355 2277.705405363 2277.706639458 2277.706639466 2277.706639466 2277.706639474 2277.741881439 2277.744349522 2277.760596765 2277.760596765 2277.763064848 2277.763064848 2278.686688973 2278.686688973

# Excited states :
 |  543> = ( 0.0034138, 0.9999653)|  33, 3, 3;0,  0;0,  0> +
           ( 0.0000179, 0.0052294)|  33, 3, 3;0,  0;1,  0> +
           (-0.0000179,-0.0052294)|  33, 3, 3;1,  0;0,  0> +
           ( 0.0000059, 0.0017237)|  32, 3, 3;0,  0;0,  0> +
           (-0.0000001,-0.0000273)|  32, 3, 3;0,  0;1,  0> +
           ( 0.0000001, 0.0000273)|  32, 3, 3;1,  0;0,  0> +
           (-0.0000001,-0.0000271)|  33, 3, 3;1,  0;1,  0> +
            ...
 |  544> = ( 0.5870321,-0.0015025)|   0, 0, 0;1, -1;0,  0> +
           (-0.5870321, 0.0015025)|   0, 0, 0;0,  0;1, -1> +
           (-0.3747103, 0.1223417)|   0, 0, 0;0,  0;1,  1> +
           ( 0.3747103,-0.1223417)|   0, 0, 0;1,  1;0,  0> +
           ( 0.0030700,-0.0000079)|   0, 0, 0;1, -1;1,  0> +
           ( 0.0030700,-0.0000079)|   0, 0, 0;1,  0;1, -1> +
           ( 0.0019596,-0.0006398)|   0, 0, 0;1,  0;1,  1> +
           ( 0.0019596,-0.0006398)|   0, 0, 0;1,  1;1,  0> +
           (-0.0011890, 0.0000030)|   0, 0, 0;2, -1;0,  0> +
           (-0.0011890, 0.0000030)|   0, 0, 0;0,  0;2, -1> +
           (-0.0007590, 0.0002478)|   0, 0, 0;0,  0;2,  1> +
           (-0.0007590, 0.0002478)|   0, 0, 0;2,  1;0,  0> +
           (-0.0001145, 0.0000003)|   1, 0, 0;1, -1;0,  0> +
           ( 0.0001145,-0.0000003)|   1, 0, 0;0,  0;1, -1> +
           ( 0.0000731,-0.0000239)|   1, 0, 0;0,  0;1,  1> +
           (-0.0000731, 0.0000239)|   1, 0, 0;1,  1;0,  0> +
            ...
 |  545> = (-0.5595000, 0.1776759)|   0, 0, 0;0,  0;1,  1> +
           ( 0.5594999,-0.1776759)|   0, 0, 0;1,  1;0,  0> +
           (-0.3941707,-0.0021821)|   0, 0, 0;1, -1;0,  0> +
           ( 0.3941707, 0.0021821)|   0, 0, 0;0,  0;1, -1> +
           ( 0.0029260,-0.0009292)|   0, 0, 0;1,  0;1,  1> +
           ( 0.0029260,-0.0009292)|   0, 0, 0;1,  1;1,  0> +
           (-0.0020614,-0.0000114)|   0, 0, 0;1, -1;1,  0> +
           (-0.0020614,-0.0000114)|   0, 0, 0;1,  0;1, -1> +
           (-0.0011333, 0.0003599)|   0, 0, 0;0,  0;2,  1> +
           (-0.0011333, 0.0003599)|   0, 0, 0;2,  1;0,  0> +
           ( 0.0007984, 0.0000044)|   0, 0, 0;2, -1;0,  0> +
           ( 0.0007984, 0.0000044)|   0, 0, 0;0,  0;2, -1> +
           ( 0.0001091,-0.0000346)|   1, 0, 0;0,  0;1,  1> +
           (-0.0001091, 0.0000346)|   1, 0, 0;1,  1;0,  0> +
           ( 0.0000769, 0.0000004)|   1, 0, 0;1, -1;0,  0> +
           (-0.0000769,-0.0000004)|   1, 0, 0;0,  0;1, -1> +
            ...
 |  546> = ( 0.6335217,-0.0005216)|   0, 0, 0;0,  0;1, -1> +
           ( 0.6335217,-0.0005216)|   0, 0, 0;1, -1;0,  0> +
           ( 0.3111560,-0.0426167)|   0, 0, 0;1,  1;0,  0> +
           ( 0.3111560,-0.0426167)|   0, 0, 0;0,  0;1,  1> +
           (-0.0033131, 0.0000027)|   0, 0, 0;1,  0;1, -1> +
           ( 0.0033131,-0.0000027)|   0, 0, 0;1, -1;1,  0> +
           ( 0.0016272,-0.0002229)|   0, 0, 0;1,  1;1,  0> +
           (-0.0016272, 0.0002229)|   0, 0, 0;1,  0;1,  1> +
           ( 0.0012832,-0.0000011)|   0, 0, 0;0,  0;2, -1> +
           (-0.0012832, 0.0000011)|   0, 0, 0;2, -1;0,  0> +
           (-0.0006302, 0.0000863)|   0, 0, 0;2,  1;0,  0> +
           ( 0.0006302,-0.0000863)|   0, 0, 0;0,  0;2,  1> +
           (-0.0001235, 0.0000001)|   1, 0, 0;0,  0;1, -1> +
           (-0.0001235, 0.0000001)|   1, 0, 0;1, -1;0,  0> +
           (-0.0000607, 0.0000083)|   1, 0, 0;1,  1;0,  0> +
           (-0.0000607, 0.0000083)|   1, 0, 0;0,  0;1,  1> +
            ...
 |  547> = (-0.6280072, 0.0834084)|   0, 0, 0;1,  1;0,  0> +
           (-0.6280072, 0.0834084)|   0, 0, 0;0,  0;1,  1> +
           ( 0.3140592, 0.0010209)|   0, 0, 0;0,  0;1, -1> +
           ( 0.3140592, 0.0010209)|   0, 0, 0;1, -1;0,  0> +
           (-0.0032843, 0.0004362)|   0, 0, 0;1,  1;1,  0> +
           ( 0.0032843,-0.0004362)|   0, 0, 0;1,  0;1,  1> +
           (-0.0016424,-0.0000053)|   0, 0, 0;1,  0;1, -1> +
           ( 0.0016424, 0.0000053)|   0, 0, 0;1, -1;1,  0> +
           ( 0.0012720,-0.0001689)|   0, 0, 0;2,  1;0,  0> +
           (-0.0012720, 0.0001689)|   0, 0, 0;0,  0;2,  1> +
           ( 0.0006361, 0.0000021)|   0, 0, 0;0,  0;2, -1> +
           (-0.0006361,-0.0000021)|   0, 0, 0;2, -1;0,  0> +
           ( 0.0001224,-0.0000163)|   1, 0, 0;1,  1;0,  0> +
           ( 0.0001224,-0.0000163)|   1, 0, 0;0,  0;1,  1> +
           (-0.0000612,-0.0000002)|   1, 0, 0;0,  0;1, -1> +
           (-0.0000612,-0.0000002)|   1, 0, 0;1, -1;0,  0> +
            ...
 |  548> = (-0.7071048,-0.0000000)|   0, 0, 0;0,  0;1,  0> +
           (-0.7071048,-0.0000000)|   0, 0, 0;1,  0;0,  0> +
           (-0.0016538,-0.0000000)|   0, 0, 0;0,  0;2,  0> +
           ( 0.0016538, 0.0000000)|   0, 0, 0;2,  0;0,  0> +
           ( 0.0000424, 0.0000000)|   1, 0, 0;0,  0;1,  0> +
           ( 0.0000424, 0.0000000)|   1, 0, 0;1,  0;0,  0> +
            ...
 |  549> = ( 0.7070662, 0.0000000)|   0, 0, 0;1,  0;0,  0> +
           (-0.7070662, 0.0000000)|   0, 0, 0;0,  0;1,  0> +
           ( 0.0073957, 0.0000000)|   0, 0, 0;0,  0;0,  0> +
           ( 0.0073957,-0.0000000)|   0, 0, 0;1,  0;1,  0> +
           (-0.0016537,-0.0000000)|   0, 0, 0;2,  0;0,  0> +
           (-0.0016537, 0.0000000)|   0, 0, 0;0,  0;2,  0> +
           (-0.0000423,-0.0000000)|   1, 0, 0;1,  0;0,  0> +
           ( 0.0000423,-0.0000000)|   1, 0, 0;0,  0;1,  0> +
           (-0.0000143, 0.0000000)|   0, 0, 0;2,  0;1,  0> +
           ( 0.0000143, 0.0000000)|   0, 0, 0;1,  0;2,  0> +
            ...
 |  550> = (-0.5188620,-0.4748083)|   1, 0, 0;1,  1;0,  0> +
           ( 0.5188620, 0.4748083)|   1, 0, 0;0,  0;1,  1> +
           (-0.0538267,-0.0492566)|   1, 0, 0;1, -1;0,  0> +
           ( 0.0538267, 0.0492566)|   1, 0, 0;0,  0;1, -1> +
           (-0.0027135,-0.0024831)|   1, 0, 0;1,  1;1,  0> +
           (-0.0027135,-0.0024831)|   1, 0, 0;1,  0;1,  1> +
           ( 0.0010509, 0.0009617)|   1, 0, 0;2,  1;0,  0> +
           ( 0.0010509, 0.0009617)|   1, 0, 0;0,  0;2,  1> +
           (-0.0002815,-0.0002576)|   1, 0, 0;1, -1;1,  0> +
           (-0.0002815,-0.0002576)|   1, 0, 0;1,  0;1, -1> +
           ( 0.0001431, 0.0001309)|   2, 0, 0;1,  1;0,  0> +
           (-0.0001431,-0.0001309)|   2, 0, 0;0,  0;1,  1> +
           ( 0.0001090, 0.0000998)|   1, 0, 0;2, -1;0,  0> +
           ( 0.0001090, 0.0000998)|   1, 0, 0;0,  0;2, -1> +
           (-0.0001012,-0.0000926)|   0, 0, 0;1,  1;0,  0> +
           ( 0.0001012, 0.0000926)|   0, 0, 0;0,  0;1,  1> +
           ( 0.0000148, 0.0000136)|   2, 0, 0;1, -1;0,  0> +
           (-0.0000148,-0.0000136)|   2, 0, 0;0,  0;1, -1> +
           (-0.0000105,-0.0000096)|   0, 0, 0;1, -1;0,  0> +
           ( 0.0000105, 0.0000096)|   0, 0, 0;0,  0;1, -1> +
            ...
 |  551> = (-0.7033212,-0.0000000)|   1, 0, 0;0,  0;1, -1> +
           ( 0.7033212, 0.0000000)|   1, 0, 0;1, -1;0,  0> +
           ( 0.0729625,-0.0000000)|   1, 0, 0;0,  0;1,  1> +
           (-0.0729625, 0.0000000)|   1, 0, 0;1,  1;0,  0> +
           ( 0.0036781, 0.0000000)|   1, 0, 0;1,  0;1, -1> +
           ( 0.0036781, 0.0000000)|   1, 0, 0;1, -1;1,  0> +
           (-0.0014246,-0.0000000)|   1, 0, 0;0,  0;2, -1> +
           (-0.0014246,-0.0000000)|   1, 0, 0;2, -1;0,  0> +
           (-0.0003816, 0.0000000)|   1, 0, 0;1,  0;1,  1> +
           (-0.0003816, 0.0000000)|   1, 0, 0;1,  1;1,  0> +
           ( 0.0001939, 0.0000000)|   2, 0, 0;0,  0;1, -1> +
           (-0.0001939,-0.0000000)|   2, 0, 0;1, -1;0,  0> +
           ( 0.0001478,-0.0000000)|   1, 0, 0;0,  0;2,  1> +
           ( 0.0001478,-0.0000000)|   1, 0, 0;2,  1;0,  0> +
           (-0.0001372,-0.0000000)|   0, 0, 0;0,  0;1, -1> +
           ( 0.0001372,-0.0000000)|   0, 0, 0;1, -1;0,  0> +
           (-0.0000201, 0.0000000)|   2, 0, 0;0,  0;1,  1> +
           ( 0.0000201,-0.0000000)|   2, 0, 0;1,  1;0,  0> +
           ( 0.0000142, 0.0000000)|   0, 0, 0;0,  0;1,  1> +
           (-0.0000142,-0.0000000)|   0, 0, 0;1,  1;0,  0> +
            ...
 |  552> = (-0.7009791,-0.0628741)|   1, 0, 0;0,  0;1,  1> +
           (-0.7009791,-0.0628741)|   1, 0, 0;1,  1;0,  0> +
           (-0.0679863,-0.0060990)|   1, 0, 0;0,  0;1, -1> +
           (-0.0679863,-0.0060990)|   1, 0, 0;1, -1;0,  0> +
           ( 0.0036659, 0.0003288)|   1, 0, 0;1,  0;1,  1> +
           (-0.0036659,-0.0003288)|   1, 0, 0;1,  1;1,  0> +
           (-0.0014198,-0.0001274)|   1, 0, 0;0,  0;2,  1> +
           ( 0.0014198, 0.0001274)|   1, 0, 0;2,  1;0,  0> +
           ( 0.0003555, 0.0000319)|   1, 0, 0;1,  0;1, -1> +
           (-0.0003555,-0.0000319)|   1, 0, 0;1, -1;1,  0> +
           ( 0.0001933, 0.0000173)|   2, 0, 0;0,  0;1,  1> +
           ( 0.0001933, 0.0000173)|   2, 0, 0;1,  1;0,  0> +
           (-0.0001377,-0.0000124)|   1, 0, 0;0,  0;2, -1> +
           ( 0.0001377, 0.0000124)|   1, 0, 0;2, -1;0,  0> +
           (-0.0001367,-0.0000123)|   0, 0, 0;0,  0;1,  1> +
           (-0.0001367,-0.0000123)|   0, 0, 0;1,  1;0,  0> +
           ( 0.0000187, 0.0000017)|   2, 0, 0;0,  0;1, -1> +
           ( 0.0000187, 0.0000017)|   2, 0, 0;1, -1;0,  0> +
           (-0.0000133,-0.0000012)|   0, 0, 0;0,  0;1, -1> +
           (-0.0000133,-0.0000012)|   0, 0, 0;1, -1;0,  0> +
            ...
 |  553> = (-0.7037932,-0.0000001)|   1, 0, 0;1, -1;0,  0> +
           (-0.7037932,-0.0000001)|   1, 0, 0;0,  0;1, -1> +
           ( 0.0682593,-0.0000010)|   1, 0, 0;1,  1;0,  0> +
           ( 0.0682593,-0.0000010)|   1, 0, 0;0,  0;1,  1> +
           (-0.0036806,-0.0000000)|   1, 0, 0;1, -1;1,  0> +
           ( 0.0036806, 0.0000000)|   1, 0, 0;1,  0;1, -1> +
           ( 0.0014255, 0.0000000)|   1, 0, 0;2, -1;0,  0> +
           (-0.0014255,-0.0000000)|   1, 0, 0;0,  0;2, -1> +
           ( 0.0003570,-0.0000000)|   1, 0, 0;1,  1;1,  0> +
           (-0.0003570, 0.0000000)|   1, 0, 0;1,  0;1,  1> +
           ( 0.0001941, 0.0000000)|   2, 0, 0;1, -1;0,  0> +
           ( 0.0001941, 0.0000000)|   2, 0, 0;0,  0;1, -1> +
           (-0.0001383, 0.0000000)|   1, 0, 0;2,  1;0,  0> +
           ( 0.0001383,-0.0000000)|   1, 0, 0;0,  0;2,  1> +
           (-0.0001373,-0.0000000)|   0, 0, 0;1, -1;0,  0> +
           (-0.0001373,-0.0000000)|   0, 0, 0;0,  0;1, -1> +
           (-0.0000188, 0.0000000)|   2, 0, 0;1,  1;0,  0> +
           (-0.0000188, 0.0000000)|   2, 0, 0;0,  0;1,  1> +
           ( 0.0000133,-0.0000000)|   0, 0, 0;1,  1;0,  0> +
           ( 0.0000133,-0.0000000)|   0, 0, 0;0,  0;1,  1> +
            ...
 |  554> = ( 0.7071048, 0.0000000)|   1, 0, 0;0,  0;1,  0> +
           ( 0.7071048, 0.0000000)|   1, 0, 0;1,  0;0,  0> +
           ( 0.0016538, 0.0000000)|   1, 0, 0;0,  0;2,  0> +
           (-0.0016538,-0.0000000)|   1, 0, 0;2,  0;0,  0> +
           (-0.0000600,-0.0000000)|   2, 0, 0;0,  0;1,  0> +
           (-0.0000600,-0.0000000)|   2, 0, 0;1,  0;0,  0> +
           ( 0.0000424,-0.0000000)|   0, 0, 0;0,  0;1,  0> +
           ( 0.0000424,-0.0000000)|   0, 0, 0;1,  0;0,  0> +
            ...
 |  555> = (-0.7070662,-0.0000000)|   1, 0, 0;1,  0;0,  0> +
           ( 0.7070662,-0.0000000)|   1, 0, 0;0,  0;1,  0> +
           (-0.0073957,-0.0000000)|   1, 0, 0;0,  0;0,  0> +
           (-0.0073957,-0.0000000)|   1, 0, 0;1,  0;1,  0> +
           ( 0.0016537, 0.0000000)|   1, 0, 0;2,  0;0,  0> +
           ( 0.0016537,-0.0000000)|   1, 0, 0;0,  0;2,  0> +
           ( 0.0000599, 0.0000000)|   2, 0, 0;1,  0;0,  0> +
           (-0.0000599, 0.0000000)|   2, 0, 0;0,  0;1,  0> +
           ( 0.0000425, 0.0000000)|   0, 0, 0;0,  0;1,  0> +
           (-0.0000425, 0.0000000)|   0, 0, 0;1,  0;0,  0> +
           ( 0.0000143, 0.0000000)|   1, 0, 0;2,  0;1,  0> +
           (-0.0000143, 0.0000000)|   1, 0, 0;1,  0;2,  0> +
           ( 0.0000133,-0.0000000)|   2, 0, 0;0,  0;0,  0> +
           ( 0.0000133,-0.0000000)|   2, 0, 0;1,  0;1,  0> +
            ...
 |  556> = ( 0.7070940,-0.0000000)|   2, 0, 0;0,  0;1, -1> +
           (-0.7070940, 0.0000000)|   2, 0, 0;1, -1;0,  0> +
           (-0.0036979, 0.0000000)|   2, 0, 0;1,  0;1, -1> +
           (-0.0036979, 0.0000000)|   2, 0, 0;1, -1;1,  0> +
           (-0.0015039,-0.0000000)|   2, 0, 0;0,  0;1,  1> +
           ( 0.0015039, 0.0000000)|   2, 0, 0;1,  1;0,  0> +
           ( 0.0014322,-0.0000000)|   2, 0, 0;0,  0;2, -1> +
           ( 0.0014322,-0.0000000)|   2, 0, 0;2, -1;0,  0> +
           (-0.0002388, 0.0000000)|   3, 0, 0;0,  0;1, -1> +
           ( 0.0002388,-0.0000000)|   3, 0, 0;1, -1;0,  0> +
           ( 0.0001950,-0.0000000)|   1, 0, 0;0,  0;1, -1> +
           (-0.0001950, 0.0000000)|   1, 0, 0;1, -1;0,  0> +
            ...
 |  557> = (-0.7070736, 0.0053760)|   2, 0, 0;0,  0;1,  1> +
           ( 0.7070736,-0.0053760)|   2, 0, 0;1,  1;0,  0> +
           ( 0.0036978,-0.0000281)|   2, 0, 0;1,  0;1,  1> +
           ( 0.0036978,-0.0000281)|   2, 0, 0;1,  1;1,  0> +
           (-0.0015038, 0.0000114)|   2, 0, 0;0,  0;1, -1> +
           ( 0.0015038,-0.0000114)|   2, 0, 0;1, -1;0,  0> +
           (-0.0014322, 0.0000109)|   2, 0, 0;0,  0;2,  1> +
           (-0.0014322, 0.0000109)|   2, 0, 0;2,  1;0,  0> +
           ( 0.0002388,-0.0000018)|   3, 0, 0;0,  0;1,  1> +
           (-0.0002388, 0.0000018)|   3, 0, 0;1,  1;0,  0> +
           (-0.0001950, 0.0000015)|   1, 0, 0;0,  0;1,  1> +
           ( 0.0001950,-0.0000015)|   1, 0, 0;1,  1;0,  0> +
            ...
 |  558> = ( 0.7070940, 0.0000000)|   2, 0, 0;1, -1;0,  0> +
           ( 0.7070940, 0.0000000)|   2, 0, 0;0,  0;1, -1> +
           ( 0.0036979, 0.0000000)|   2, 0, 0;1, -1;1,  0> +
           (-0.0036979,-0.0000000)|   2, 0, 0;1,  0;1, -1> +
           (-0.0015134, 0.0000003)|   2, 0, 0;1,  1;0,  0> +
           (-0.0015134, 0.0000003)|   2, 0, 0;0,  0;1,  1> +
           (-0.0014322,-0.0000000)|   2, 0, 0;2, -1;0,  0> +
           ( 0.0014322, 0.0000000)|   2, 0, 0;0,  0;2, -1> +
           (-0.0002388,-0.0000000)|   3, 0, 0;1, -1;0,  0> +
           (-0.0002388,-0.0000000)|   3, 0, 0;0,  0;1, -1> +
           ( 0.0001950, 0.0000000)|   1, 0, 0;1, -1;0,  0> +
           ( 0.0001950, 0.0000000)|   1, 0, 0;0,  0;1, -1> +
            ...
 |  559> = ( 0.7067149, 0.0231514)|   2, 0, 0;1,  1;0,  0> +
           ( 0.7067149, 0.0231514)|   2, 0, 0;0,  0;1,  1> +
           ( 0.0036959, 0.0001211)|   2, 0, 0;1,  1;1,  0> +
           (-0.0036959,-0.0001211)|   2, 0, 0;1,  0;1,  1> +
           ( 0.0015126, 0.0000498)|   2, 0, 0;1, -1;0,  0> +
           ( 0.0015126, 0.0000498)|   2, 0, 0;0,  0;1, -1> +
           (-0.0014314,-0.0000469)|   2, 0, 0;2,  1;0,  0> +
           ( 0.0014314, 0.0000469)|   2, 0, 0;0,  0;2,  1> +
           (-0.0002387,-0.0000078)|   3, 0, 0;1,  1;0,  0> +
           (-0.0002387,-0.0000078)|   3, 0, 0;0,  0;1,  1> +
           ( 0.0001949, 0.0000064)|   1, 0, 0;1,  1;0,  0> +
           ( 0.0001949, 0.0000064)|   1, 0, 0;0,  0;1,  1> +
            ...
 |  560> = ( 0.7071048,-0.0000000)|   2, 0, 0;0,  0;1,  0> +
           ( 0.7071048,-0.0000000)|   2, 0, 0;1,  0;0,  0> +
           ( 0.0016538,-0.0000000)|   2, 0, 0;0,  0;2,  0> +
           (-0.0016538, 0.0000000)|   2, 0, 0;2,  0;0,  0> +
           (-0.0000735, 0.0000000)|   3, 0, 0;1,  0;0,  0> +
           (-0.0000735, 0.0000000)|   3, 0, 0;0,  0;1,  0> +
           ( 0.0000600,-0.0000000)|   1, 0, 0;0,  0;1,  0> +
           ( 0.0000600,-0.0000000)|   1, 0, 0;1,  0;0,  0> +
            ...
 |  561> = (-0.7070662, 0.0000000)|   2, 0, 0;1,  0;0,  0> +
           ( 0.7070662, 0.0000000)|   2, 0, 0;0,  0;1,  0> +
           (-0.0073957, 0.0000000)|   2, 0, 0;0,  0;0,  0> +
           (-0.0073957, 0.0000000)|   2, 0, 0;1,  0;1,  0> +
           ( 0.0016537,-0.0000000)|   2, 0, 0;2,  0;0,  0> +
           ( 0.0016537, 0.0000000)|   2, 0, 0;0,  0;2,  0> +
           ( 0.0000733, 0.0000000)|   3, 0, 0;1,  0;0,  0> +
           (-0.0000733, 0.0000000)|   3, 0, 0;0,  0;1,  0> +
           (-0.0000601,-0.0000000)|   1, 0, 0;1,  0;0,  0> +
           ( 0.0000601,-0.0000000)|   1, 0, 0;0,  0;1,  0> +
           ( 0.0000163,-0.0000000)|   3, 0, 0;0,  0;0,  0> +
           ( 0.0000163, 0.0000000)|   3, 0, 0;1,  0;1,  0> +
           ( 0.0000143,-0.0000000)|   2, 0, 0;2,  0;1,  0> +
           (-0.0000143,-0.0000000)|   2, 0, 0;1,  0;2,  0> +
           ( 0.0000120, 0.0000000)|   1, 0, 0;1,  0;1,  0> +
           ( 0.0000120,-0.0000000)|   1, 0, 0;0,  0;0,  0> +
            ...
 |  562> = (-0.7070812,-0.0000000)|   3, 0, 0;1, -1;0,  0> +
           ( 0.7070811, 0.0000000)|   3, 0, 0;0,  0;1, -1> +
           ( 0.0045158,-0.0000000)|   3, 0, 0;1,  1;0,  0> +
           (-0.0045158,-0.0000000)|   3, 0, 0;0,  0;1,  1> +
           (-0.0036978,-0.0000000)|   3, 0, 0;1, -1;1,  0> +
           (-0.0036978,-0.0000000)|   3, 0, 0;1,  0;1, -1> +
           ( 0.0014322, 0.0000000)|   3, 0, 0;2, -1;0,  0> +
           ( 0.0014322, 0.0000000)|   3, 0, 0;0,  0;2, -1> +
           ( 0.0002757, 0.0000000)|   4, 0, 0;1, -1;0,  0> +
           (-0.0002757,-0.0000000)|   4, 0, 0;0,  0;1, -1> +
           (-0.0002389,-0.0000000)|   2, 0, 0;1, -1;0,  0> +
           ( 0.0002389, 0.0000000)|   2, 0, 0;0,  0;1, -1> +
           ( 0.0000236,-0.0000000)|   3, 0, 0;1,  1;1,  0> +
           ( 0.0000236, 0.0000000)|   3, 0, 0;1,  0;1,  1> +
           ( 0.0000104, 0.0000000)|   4, 0, 0;1, -1;1,  0> +
           ( 0.0000104, 0.0000000)|   4, 0, 0;1,  0;1, -1> +
            ...
 |  563> = ( 0.6842000,-0.1784210)|   3, 0, 0;1,  1;0,  0> +
           (-0.6842000, 0.1784210)|   3, 0, 0;0,  0;1,  1> +
           ( 0.0043696,-0.0011395)|   3, 0, 0;1, -1;0,  0> +
           (-0.0043696, 0.0011395)|   3, 0, 0;0,  0;1, -1> +
           ( 0.0035781,-0.0009331)|   3, 0, 0;1,  1;1,  0> +
           ( 0.0035781,-0.0009331)|   3, 0, 0;1,  0;1,  1> +
           (-0.0013858, 0.0003614)|   3, 0, 0;2,  1;0,  0> +
           (-0.0013858, 0.0003614)|   3, 0, 0;0,  0;2,  1> +
           (-0.0002668, 0.0000696)|   4, 0, 0;1,  1;0,  0> +
           ( 0.0002668,-0.0000696)|   4, 0, 0;0,  0;1,  1> +
           (-0.0002311, 0.0000603)|   2, 0, 0;0,  0;1,  1> +
           ( 0.0002311,-0.0000603)|   2, 0, 0;1,  1;0,  0> +
           ( 0.0000229,-0.0000060)|   3, 0, 0;1, -1;1,  0> +
           ( 0.0000229,-0.0000060)|   3, 0, 0;1,  0;1, -1> +
           (-0.0000100, 0.0000026)|   4, 0, 0;1,  1;1,  0> +
           (-0.0000100, 0.0000026)|   4, 0, 0;1,  0;1,  1> +
            ...
 |  564> = ( 0.7070810, 0.0000000)|   3, 0, 0;0,  0;1, -1> +
           ( 0.7070810, 0.0000000)|   3, 0, 0;1, -1;0,  0> +
           (-0.0045423, 0.0000002)|   3, 0, 0;0,  0;1,  1> +
           (-0.0045423, 0.0000002)|   3, 0, 0;1,  1;0,  0> +
           (-0.0036978,-0.0000000)|   3, 0, 0;1,  0;1, -1> +
           ( 0.0036978, 0.0000000)|   3, 0, 0;1, -1;1,  0> +
           ( 0.0014322, 0.0000000)|   3, 0, 0;0,  0;2, -1> +
           (-0.0014322,-0.0000000)|   3, 0, 0;2, -1;0,  0> +
           (-0.0002757,-0.0000000)|   4, 0, 0;0,  0;1, -1> +
           (-0.0002757,-0.0000000)|   4, 0, 0;1, -1;0,  0> +
           ( 0.0002389, 0.0000000)|   2, 0, 0;0,  0;1, -1> +
           ( 0.0002389, 0.0000000)|   2, 0, 0;1, -1;0,  0> +
           ( 0.0000238,-0.0000000)|   3, 0, 0;1,  0;1,  1> +
           (-0.0000238, 0.0000000)|   3, 0, 0;1,  1;1,  0> +
           ( 0.0000104, 0.0000000)|   4, 0, 0;1,  0;1, -1> +
           (-0.0000104,-0.0000000)|   4, 0, 0;1, -1;1,  0> +
            ...
 |  565> = ( 0.5268266, 0.4716113)|   3, 0, 0;0,  0;1,  1> +
           ( 0.5268266, 0.4716113)|   3, 0, 0;1,  1;0,  0> +
           ( 0.0033842, 0.0030298)|   3, 0, 0;0,  0;1, -1> +
           ( 0.0033842, 0.0030298)|   3, 0, 0;1, -1;0,  0> +
           (-0.0027551,-0.0024664)|   3, 0, 0;1,  0;1,  1> +
           ( 0.0027551, 0.0024664)|   3, 0, 0;1,  1;1,  0> +
           ( 0.0010671, 0.0009552)|   3, 0, 0;0,  0;2,  1> +
           (-0.0010671,-0.0009552)|   3, 0, 0;2,  1;0,  0> +
           (-0.0002054,-0.0001839)|   4, 0, 0;0,  0;1,  1> +
           (-0.0002054,-0.0001839)|   4, 0, 0;1,  1;0,  0> +
           ( 0.0001780, 0.0001593)|   2, 0, 0;0,  0;1,  1> +
           ( 0.0001780, 0.0001593)|   2, 0, 0;1,  1;0,  0> +
           (-0.0000177,-0.0000158)|   3, 0, 0;1,  0;1, -1> +
           ( 0.0000177, 0.0000158)|   3, 0, 0;1, -1;1,  0> +
           ( 0.0000077, 0.0000069)|   4, 0, 0;1,  0;1,  1> +
           (-0.0000077,-0.0000069)|   4, 0, 0;1,  1;1,  0> +
            ...
 |  566> = (-0.7071048, 0.0000226)|   3, 0, 0;1,  0;0,  0> +
           (-0.7071048, 0.0000226)|   3, 0, 0;0,  0;1,  0> +
           ( 0.0016538,-0.0000001)|   3, 0, 0;2,  0;0,  0> +
           (-0.0016538, 0.0000001)|   3, 0, 0;0,  0;2,  0> +
           ( 0.0000848,-0.0000000)|   4, 0, 0;1,  0;0,  0> +
           ( 0.0000848,-0.0000000)|   4, 0, 0;0,  0;1,  0> +
           (-0.0000735, 0.0000000)|   2, 0, 0;1,  0;0,  0> +
           (-0.0000735, 0.0000000)|   2, 0, 0;0,  0;1,  0> +
            ...
 |  567> = ( 0.7070662,-0.0000000)|   3, 0, 0;0,  0;1,  0> +
           (-0.7070662,-0.0000000)|   3, 0, 0;1,  0;0,  0> +
           (-0.0073957,-0.0000000)|   3, 0, 0;0,  0;0,  0> +
           (-0.0073957, 0.0000000)|   3, 0, 0;1,  0;1,  0> +
           ( 0.0016537,-0.0000000)|   3, 0, 0;0,  0;2,  0> +
           ( 0.0016537, 0.0000000)|   3, 0, 0;2,  0;0,  0> +
           (-0.0000847,-0.0000000)|   4, 0, 0;0,  0;1,  0> +
           ( 0.0000847, 0.0000000)|   4, 0, 0;1,  0;0,  0> +
           (-0.0000737, 0.0000000)|   2, 0, 0;1,  0;0,  0> +
           ( 0.0000737, 0.0000000)|   2, 0, 0;0,  0;1,  0> +
           ( 0.0000188, 0.0000000)|   4, 0, 0;0,  0;0,  0> +
           ( 0.0000188, 0.0000000)|   4, 0, 0;1,  0;1,  0> +
           ( 0.0000147, 0.0000000)|   2, 0, 0;1,  0;1,  0> +
           ( 0.0000147, 0.0000000)|   2, 0, 0;0,  0;0,  0> +
           (-0.0000143, 0.0000000)|   3, 0, 0;1,  0;2,  0> +
           ( 0.0000143, 0.0000000)|   3, 0, 0;2,  0;1,  0> +
            ...
 |  568> = (-0.7070418,-0.0030638)|   4, 0, 0;0,  0;1,  1> +
           ( 0.7070418, 0.0030638)|   4, 0, 0;1,  1;0,  0> +
           ( 0.0081588, 0.0000351)|   4, 0, 0;1, -1;0,  0> +
           (-0.0081588,-0.0000351)|   4, 0, 0;0,  0;1, -1> +
           ( 0.0036976, 0.0000160)|   4, 0, 0;1,  0;1,  1> +
           ( 0.0036976, 0.0000160)|   4, 0, 0;1,  1;1,  0> +
           (-0.0014321,-0.0000062)|   4, 0, 0;0,  0;2,  1> +
           (-0.0014321,-0.0000062)|   4, 0, 0;2,  1;0,  0> +
           ( 0.0003082, 0.0000013)|   5, 0, 0;0,  0;1,  1> +
           (-0.0003082,-0.0000013)|   5, 0, 0;1,  1;0,  0> +
           (-0.0002758,-0.0000012)|   3, 0, 0;0,  0;1,  1> +
           ( 0.0002758, 0.0000012)|   3, 0, 0;1,  1;0,  0> +
           ( 0.0000427, 0.0000002)|   4, 0, 0;1, -1;1,  0> +
           ( 0.0000427, 0.0000002)|   4, 0, 0;1,  0;1, -1> +
           (-0.0000165,-0.0000001)|   4, 0, 0;2, -1;0,  0> +
           (-0.0000165,-0.0000001)|   4, 0, 0;0,  0;2, -1> +
           (-0.0000116,-0.0000001)|   5, 0, 0;1,  0;1,  1> +
           (-0.0000116,-0.0000001)|   5, 0, 0;1,  1;1,  0> +
            ...
 |  569> = (-0.7070485, 0.0000000)|   4, 0, 0;1, -1;0,  0> +
           ( 0.7070485,-0.0000000)|   4, 0, 0;0,  0;1, -1> +
           ( 0.0081589, 0.0000002)|   4, 0, 0;1,  1;0,  0> +
           (-0.0081589,-0.0000002)|   4, 0, 0;0,  0;1,  1> +
           (-0.0036976, 0.0000000)|   4, 0, 0;1, -1;1,  0> +
           (-0.0036976, 0.0000000)|   4, 0, 0;1,  0;1, -1> +
           ( 0.0014321,-0.0000000)|   4, 0, 0;2, -1;0,  0> +
           ( 0.0014321,-0.0000000)|   4, 0, 0;0,  0;2, -1> +
           ( 0.0003082,-0.0000000)|   5, 0, 0;1, -1;0,  0> +
           (-0.0003082, 0.0000000)|   5, 0, 0;0,  0;1, -1> +
           (-0.0002758, 0.0000000)|   3, 0, 0;1, -1;0,  0> +
           ( 0.0002758,-0.0000000)|   3, 0, 0;0,  0;1, -1> +
           ( 0.0000427, 0.0000000)|   4, 0, 0;1,  1;1,  0> +
           ( 0.0000427, 0.0000000)|   4, 0, 0;1,  0;1,  1> +
           (-0.0000165,-0.0000000)|   4, 0, 0;2,  1;0,  0> +
           (-0.0000165,-0.0000000)|   4, 0, 0;0,  0;2,  1> +
           ( 0.0000116,-0.0000000)|   5, 0, 0;1, -1;1,  0> +
           ( 0.0000116,-0.0000000)|   5, 0, 0;1,  0;1, -1> +
            ...
 |  570> = ( 0.7067878,-0.0191588)|   4, 0, 0;1,  1;0,  0> +
           ( 0.7067878,-0.0191588)|   4, 0, 0;0,  0;1,  1> +
           ( 0.0082467,-0.0002216)|   4, 0, 0;0,  0;1, -1> +
           ( 0.0082467,-0.0002216)|   4, 0, 0;1, -1;0,  0> +
           ( 0.0036963,-0.0001002)|   4, 0, 0;1,  1;1,  0> +
           (-0.0036963, 0.0001002)|   4, 0, 0;1,  0;1,  1> +
           (-0.0014316, 0.0000388)|   4, 0, 0;2,  1;0,  0> +
           ( 0.0014316,-0.0000388)|   4, 0, 0;0,  0;2,  1> +
           (-0.0003081, 0.0000084)|   5, 0, 0;1,  1;0,  0> +
           (-0.0003081, 0.0000084)|   5, 0, 0;0,  0;1,  1> +
           ( 0.0002757,-0.0000075)|   3, 0, 0;1,  1;0,  0> +
           ( 0.0002757,-0.0000075)|   3, 0, 0;0,  0;1,  1> +
           (-0.0000431, 0.0000012)|   4, 0, 0;1,  0;1, -1> +
           ( 0.0000431,-0.0000012)|   4, 0, 0;1, -1;1,  0> +
           ( 0.0000167,-0.0000004)|   4, 0, 0;0,  0;2, -1> +
           (-0.0000167, 0.0000004)|   4, 0, 0;2, -1;0,  0> +
           (-0.0000116, 0.0000003)|   5, 0, 0;1,  1;1,  0> +
           ( 0.0000116,-0.0000003)|   5, 0, 0;1,  0;1,  1> +
            ...
 |  571> = ( 0.7070474, 0.0000000)|   4, 0, 0;0,  0;1, -1> +
           ( 0.7070474, 0.0000000)|   4, 0, 0;1, -1;0,  0> +
           (-0.0082497, 0.0000019)|   4, 0, 0;0,  0;1,  1> +
           (-0.0082497, 0.0000019)|   4, 0, 0;1,  1;0,  0> +
           (-0.0036976,-0.0000000)|   4, 0, 0;1,  0;1, -1> +
           ( 0.0036976, 0.0000000)|   4, 0, 0;1, -1;1,  0> +
           ( 0.0014321, 0.0000000)|   4, 0, 0;0,  0;2, -1> +
           (-0.0014321,-0.0000000)|   4, 0, 0;2, -1;0,  0> +
           (-0.0003082,-0.0000000)|   5, 0, 0;0,  0;1, -1> +
           (-0.0003082,-0.0000000)|   5, 0, 0;1, -1;0,  0> +
           ( 0.0002758, 0.0000000)|   3, 0, 0;0,  0;1, -1> +
           ( 0.0002758, 0.0000000)|   3, 0, 0;1, -1;0,  0> +
           ( 0.0000431,-0.0000000)|   4, 0, 0;1,  0;1,  1> +
           (-0.0000431, 0.0000000)|   4, 0, 0;1,  1;1,  0> +
           (-0.0000167, 0.0000000)|   4, 0, 0;0,  0;2,  1> +
           ( 0.0000167,-0.0000000)|   4, 0, 0;2,  1;0,  0> +
           ( 0.0000116, 0.0000000)|   5, 0, 0;1,  0;1, -1> +
           (-0.0000116,-0.0000000)|   5, 0, 0;1, -1;1,  0> +
            ...
 |  572> = ( 0.7071044,-0.0008140)|   4, 0, 0;1,  0;0,  0> +
           ( 0.7071044,-0.0008140)|   4, 0, 0;0,  0;1,  0> +
           (-0.0016538, 0.0000019)|   4, 0, 0;2,  0;0,  0> +
           ( 0.0016538,-0.0000019)|   4, 0, 0;0,  0;2,  0> +
           (-0.0000949, 0.0000001)|   5, 0, 0;1,  0;0,  0> +
           (-0.0000949, 0.0000001)|   5, 0, 0;0,  0;1,  0> +
           ( 0.0000849,-0.0000001)|   3, 0, 0;1,  0;0,  0> +
           ( 0.0000849,-0.0000001)|   3, 0, 0;0,  0;1,  0> +
            ...
 |  573> = (-0.7070662, 0.0000000)|   4, 0, 0;0,  0;1,  0> +
           ( 0.7070662, 0.0000000)|   4, 0, 0;1,  0;0,  0> +
           ( 0.0073957, 0.0000000)|   4, 0, 0;0,  0;0,  0> +
           ( 0.0073957, 0.0000000)|   4, 0, 0;1,  0;1,  0> +
           (-0.0016537, 0.0000000)|   4, 0, 0;0,  0;2,  0> +
           (-0.0016537,-0.0000000)|   4, 0, 0;2,  0;0,  0> +
           ( 0.0000946,-0.0000000)|   5, 0, 0;0,  0;1,  0> +
           (-0.0000946,-0.0000000)|   5, 0, 0;1,  0;0,  0> +
           (-0.0000851,-0.0000000)|   3, 0, 0;0,  0;1,  0> +
           ( 0.0000851,-0.0000000)|   3, 0, 0;1,  0;0,  0> +
           (-0.0000210,-0.0000000)|   5, 0, 0;0,  0;0,  0> +
           (-0.0000210,-0.0000000)|   5, 0, 0;1,  0;1,  0> +
           (-0.0000170,-0.0000000)|   3, 0, 0;1,  0;1,  0> +
           (-0.0000170,-0.0000000)|   3, 0, 0;0,  0;0,  0> +
           ( 0.0000143, 0.0000000)|   4, 0, 0;1,  0;2,  0> +
           (-0.0000143,-0.0000000)|   4, 0, 0;2,  0;1,  0> +
            ...
 |  574> = (-0.6682676,-0.0428246)|   5, 0, 0;0,  0;1,  1> +
           ( 0.6682676, 0.0428246)|   5, 0, 0;1,  1;0,  0> +
           (-0.2266604,-0.0139124)|   5, 0, 0;0,  0;1, -1> +
           ( 0.2266604, 0.0139124)|   5, 0, 0;1, -1;0,  0> +
           ( 0.0034948, 0.0002240)|   5, 0, 0;1,  0;1,  1> +
           ( 0.0034948, 0.0002240)|   5, 0, 0;1,  1;1,  0> +
           (-0.0013536,-0.0000867)|   5, 0, 0;0,  0;2,  1> +
           (-0.0013536,-0.0000867)|   5, 0, 0;2,  1;0,  0> +
           ( 0.0011854, 0.0000728)|   5, 0, 0;1,  0;1, -1> +
           ( 0.0011854, 0.0000728)|   5, 0, 0;1, -1;1,  0> +
           (-0.0004591,-0.0000282)|   5, 0, 0;0,  0;2, -1> +
           (-0.0004591,-0.0000282)|   5, 0, 0;2, -1;0,  0> +
           ( 0.0003191, 0.0000205)|   6, 0, 0;0,  0;1,  1> +
           (-0.0003191,-0.0000205)|   6, 0, 0;1,  1;0,  0> +
           (-0.0002915,-0.0000187)|   4, 0, 0;0,  0;1,  1> +
           ( 0.0002915, 0.0000187)|   4, 0, 0;1,  1;0,  0> +
           ( 0.0001082, 0.0000066)|   6, 0, 0;0,  0;1, -1> +
           (-0.0001082,-0.0000066)|   6, 0, 0;1, -1;0,  0> +
           (-0.0000989,-0.0000061)|   4, 0, 0;0,  0;1, -1> +
           ( 0.0000989, 0.0000061)|   4, 0, 0;1, -1;0,  0> +
           (-0.0000120,-0.0000008)|   6, 0, 0;1,  0;1,  1> +
           (-0.0000120,-0.0000008)|   6, 0, 0;1,  1;1,  0> +
            ...
 |  575> = ( 0.6696384,-0.0001785)|   5, 0, 0;1, -1;0,  0> +
           (-0.6696383, 0.0001785)|   5, 0, 0;0,  0;1, -1> +
           (-0.2270863,-0.0005509)|   5, 0, 0;1,  1;0,  0> +
           ( 0.2270863, 0.0005509)|   5, 0, 0;0,  0;1,  1> +
           ( 0.0035020,-0.0000009)|   5, 0, 0;1, -1;1,  0> +
           ( 0.0035020,-0.0000009)|   5, 0, 0;1,  0;1, -1> +
           (-0.0013563, 0.0000004)|   5, 0, 0;2, -1;0,  0> +
           (-0.0013563, 0.0000004)|   5, 0, 0;0,  0;2, -1> +
           (-0.0011876,-0.0000029)|   5, 0, 0;1,  1;1,  0> +
           (-0.0011876,-0.0000029)|   5, 0, 0;1,  0;1,  1> +
           ( 0.0004600, 0.0000011)|   5, 0, 0;2,  1;0,  0> +
           ( 0.0004600, 0.0000011)|   5, 0, 0;0,  0;2,  1> +
           (-0.0003198, 0.0000001)|   6, 0, 0;1, -1;0,  0> +
           ( 0.0003198,-0.0000001)|   6, 0, 0;0,  0;1, -1> +
           ( 0.0002921,-0.0000001)|   4, 0, 0;1, -1;0,  0> +
           (-0.0002921, 0.0000001)|   4, 0, 0;0,  0;1, -1> +
           ( 0.0001085, 0.0000003)|   6, 0, 0;1,  1;0,  0> +
           (-0.0001085,-0.0000003)|   6, 0, 0;0,  0;1,  1> +
           ( 0.0000990, 0.0000002)|   4, 0, 0;0,  0;1,  1> +
           (-0.0000990,-0.0000002)|   4, 0, 0;1,  1;0,  0> +
           (-0.0000120, 0.0000000)|   6, 0, 0;1, -1;1,  0> +
           (-0.0000120, 0.0000000)|   6, 0, 0;1,  0;1, -1> +
            ...
 |  576> = (-0.6413630,-0.0282672)|   5, 0, 0;1,  1;0,  0> +
           (-0.6413629,-0.0282672)|   5, 0, 0;0,  0;1,  1> +
           (-0.2961080,-0.0125972)|   5, 0, 0;1, -1;0,  0> +
           (-0.2961080,-0.0125972)|   5, 0, 0;0,  0;1, -1> +
           (-0.0033541,-0.0001478)|   5, 0, 0;1,  1;1,  0> +
           ( 0.0033541, 0.0001478)|   5, 0, 0;1,  0;1,  1> +
           (-0.0015486,-0.0000659)|   5, 0, 0;1, -1;1,  0> +
           ( 0.0015486, 0.0000659)|   5, 0, 0;1,  0;1, -1> +
           ( 0.0012991, 0.0000573)|   5, 0, 0;2,  1;0,  0> +
           (-0.0012991,-0.0000573)|   5, 0, 0;0,  0;2,  1> +
           ( 0.0005998, 0.0000255)|   5, 0, 0;2, -1;0,  0> +
           (-0.0005998,-0.0000255)|   5, 0, 0;0,  0;2, -1> +
           ( 0.0003063, 0.0000135)|   6, 0, 0;1,  1;0,  0> +
           ( 0.0003063, 0.0000135)|   6, 0, 0;0,  0;1,  1> +
           (-0.0002797,-0.0000123)|   4, 0, 0;1,  1;0,  0> +
           (-0.0002797,-0.0000123)|   4, 0, 0;0,  0;1,  1> +
           ( 0.0001414, 0.0000060)|   6, 0, 0;1, -1;0,  0> +
           ( 0.0001414, 0.0000060)|   6, 0, 0;0,  0;1, -1> +
           (-0.0001291,-0.0000055)|   4, 0, 0;1, -1;0,  0> +
           (-0.0001291,-0.0000055)|   4, 0, 0;0,  0;1, -1> +
           ( 0.0000115, 0.0000005)|   6, 0, 0;1,  1;1,  0> +
           (-0.0000115,-0.0000005)|   6, 0, 0;1,  0;1,  1> +
            ...
 |  577> = ( 0.6419855,-0.0001683)|   5, 0, 0;0,  0;1, -1> +
           ( 0.6419855,-0.0001683)|   5, 0, 0;1, -1;0,  0> +
           (-0.2963756,-0.0003752)|   5, 0, 0;0,  0;1,  1> +
           (-0.2963756,-0.0003752)|   5, 0, 0;1,  1;0,  0> +
           (-0.0033574, 0.0000009)|   5, 0, 0;1,  0;1, -1> +
           ( 0.0033574,-0.0000009)|   5, 0, 0;1, -1;1,  0> +
           ( 0.0015500, 0.0000020)|   5, 0, 0;1,  0;1,  1> +
           (-0.0015500,-0.0000020)|   5, 0, 0;1,  1;1,  0> +
           ( 0.0013003,-0.0000003)|   5, 0, 0;0,  0;2, -1> +
           (-0.0013003, 0.0000003)|   5, 0, 0;2, -1;0,  0> +
           (-0.0006003,-0.0000008)|   5, 0, 0;0,  0;2,  1> +
           ( 0.0006003, 0.0000008)|   5, 0, 0;2,  1;0,  0> +
           (-0.0003066, 0.0000001)|   6, 0, 0;0,  0;1, -1> +
           (-0.0003066, 0.0000001)|   6, 0, 0;1, -1;0,  0> +
           ( 0.0002800,-0.0000001)|   4, 0, 0;0,  0;1, -1> +
           ( 0.0002800,-0.0000001)|   4, 0, 0;1, -1;0,  0> +
           ( 0.0001415, 0.0000002)|   6, 0, 0;0,  0;1,  1> +
           ( 0.0001415, 0.0000002)|   6, 0, 0;1,  1;0,  0> +
           (-0.0001293,-0.0000002)|   4, 0, 0;0,  0;1,  1> +
           (-0.0001293,-0.0000002)|   4, 0, 0;1,  1;0,  0> +
           ( 0.0000115,-0.0000000)|   6, 0, 0;1,  0;1, -1> +
           (-0.0000115, 0.0000000)|   6, 0, 0;1, -1;1,  0> +
            ...
 |  578> = ( 0.3537458, 0.0000650)|   0, 1, 0;0,  0;1,  1> +
           (-0.3537458,-0.0000650)|   0, 1, 0;1,  1;0,  0> +
           ( 0.0000640,-0.3535935)|   0, 0, 1;0,  0;1, -1> +
           (-0.0000640, 0.3535935)|   0, 0, 1;1, -1;0,  0> +
           ( 0.3535021, 0.0000769)|   0, 1, 0;0,  0;1, -1> +
           (-0.3535021,-0.0000769)|   0, 1, 0;1, -1;0,  0> +
           ( 0.0000760,-0.3533497)|   0, 0, 1;1,  1;0,  0> +
           (-0.0000760, 0.3533497)|   0, 0, 1;0,  0;1,  1> +
           (-0.0018500,-0.0000003)|   0, 1, 0;1,  0;1,  1> +
           (-0.0018500,-0.0000003)|   0, 1, 0;1,  1;1,  0> +
           (-0.0000003, 0.0018492)|   0, 0, 1;1,  0;1, -1> +
           (-0.0000003, 0.0018492)|   0, 0, 1;1, -1;1,  0> +
           (-0.0018487,-0.0000004)|   0, 1, 0;1,  0;1, -1> +
           (-0.0018487,-0.0000004)|   0, 1, 0;1, -1;1,  0> +
           ( 0.0000004,-0.0018479)|   0, 0, 1;1,  1;1,  0> +
           ( 0.0000004,-0.0018479)|   0, 0, 1;1,  0;1,  1> +
           ( 0.0007165, 0.0000001)|   0, 1, 0;0,  0;2,  1> +
           ( 0.0007165, 0.0000001)|   0, 1, 0;2,  1;0,  0> +
           ( 0.0000001,-0.0007162)|   0, 0, 1;0,  0;2, -1> +
           ( 0.0000001,-0.0007162)|   0, 0, 1;2, -1;0,  0> +
           ( 0.0007160, 0.0000002)|   0, 1, 0;0,  0;2, -1> +
           ( 0.0007160, 0.0000002)|   0, 1, 0;2, -1;0,  0> +
           (-0.0000002, 0.0007157)|   0, 0, 1;2,  1;0,  0> +
           (-0.0000002, 0.0007157)|   0, 0, 1;0,  0;2,  1> +
           (-0.0000690,-0.0000000)|   1, 1, 0;0,  0;1,  1> +
           ( 0.0000690, 0.0000000)|   1, 1, 0;1,  1;0,  0> +
           (-0.0000000, 0.0000689)|   1, 0, 1;0,  0;1, -1> +
           ( 0.0000000,-0.0000689)|   1, 0, 1;1, -1;0,  0> +
           (-0.0000689,-0.0000000)|   1, 1, 0;0,  0;1, -1> +
           ( 0.0000689, 0.0000000)|   1, 1, 0;1, -1;0,  0> +
           ( 0.0000000,-0.0000689)|   1, 0, 1;0,  0;1,  1> +
           (-0.0000000, 0.0000689)|   1, 0, 1;1,  1;0,  0> +
            ...
 |  579> = (-0.0006098,-0.3763791)|   0, 0, 1;0,  0;1,  1> +
           ( 0.0006098, 0.3763791)|   0, 0, 1;1,  1;0,  0> +
           (-0.3761242, 0.0006215)|   0, 1, 0;1,  1;0,  0> +
           ( 0.3761242,-0.0006215)|   0, 1, 0;0,  0;1,  1> +
           (-0.3294068,-0.0006604)|   0, 1, 0;0,  0;1, -1> +
           ( 0.3294068, 0.0006604)|   0, 1, 0;1, -1;0,  0> +
           (-0.0006488, 0.3291552)|   0, 0, 1;1, -1;0,  0> +
           ( 0.0006488,-0.3291552)|   0, 0, 1;0,  0;1, -1> +
           ( 0.0000032, 0.0019683)|   0, 0, 1;1,  0;1,  1> +
           ( 0.0000032, 0.0019683)|   0, 0, 1;1,  1;1,  0> +
           (-0.0019670, 0.0000032)|   0, 1, 0;1,  1;1,  0> +
           (-0.0019670, 0.0000032)|   0, 1, 0;1,  0;1,  1> +
           ( 0.0017227, 0.0000035)|   0, 1, 0;1,  0;1, -1> +
           ( 0.0017227, 0.0000035)|   0, 1, 0;1, -1;1,  0> +
           (-0.0000034, 0.0017214)|   0, 0, 1;1, -1;1,  0> +
           (-0.0000034, 0.0017214)|   0, 0, 1;1,  0;1, -1> +
           (-0.0000012,-0.0007623)|   0, 0, 1;0,  0;2,  1> +
           (-0.0000012,-0.0007623)|   0, 0, 1;2,  1;0,  0> +
           ( 0.0007618,-0.0000013)|   0, 1, 0;2,  1;0,  0> +
           ( 0.0007618,-0.0000013)|   0, 1, 0;0,  0;2,  1> +
           (-0.0006672,-0.0000013)|   0, 1, 0;0,  0;2, -1> +
           (-0.0006672,-0.0000013)|   0, 1, 0;2, -1;0,  0> +
           ( 0.0000013,-0.0006667)|   0, 0, 1;2, -1;0,  0> +
           ( 0.0000013,-0.0006667)|   0, 0, 1;0,  0;2, -1> +
           ( 0.0000001, 0.0000734)|   1, 0, 1;0,  0;1,  1> +
           (-0.0000001,-0.0000734)|   1, 0, 1;1,  1;0,  0> +
           ( 0.0000733,-0.0000001)|   1, 1, 0;1,  1;0,  0> +
           (-0.0000733, 0.0000001)|   1, 1, 0;0,  0;1,  1> +
           (-0.0000642,-0.0000001)|   1, 1, 0;1, -1;0,  0> +
           ( 0.0000642, 0.0000001)|   1, 1, 0;0,  0;1, -1> +
           (-0.0000001, 0.0000642)|   1, 0, 1;0,  0;1, -1> +
           ( 0.0000001,-0.0000642)|   1, 0, 1;1, -1;0,  0> +
            ...
 |  580> = (-0.0178536,-0.3758964)|   0, 0, 1;1, -1;0,  0> +
           ( 0.0178536, 0.3758964)|   0, 0, 1;0,  0;1, -1> +
           (-0.3757608, 0.0178448)|   0, 1, 0;1, -1;0,  0> +
           ( 0.3757608,-0.0178448)|   0, 1, 0;0,  0;1, -1> +
           ( 0.0168173, 0.3289199)|   0, 0, 1;1,  1;0,  0> +
           (-0.0168173,-0.3289199)|   0, 0, 1;0,  0;1,  1> +
           ( 0.3287844,-0.0168084)|   0, 1, 0;0,  0;1,  1> +
           (-0.3287844, 0.0168084)|   0, 1, 0;1,  1;0,  0> +
           (-0.0000934,-0.0019658)|   0, 0, 1;1, -1;1,  0> +
           (-0.0000934,-0.0019658)|   0, 0, 1;1,  0;1, -1> +
           (-0.0019651, 0.0000933)|   0, 1, 0;1, -1;1,  0> +
           (-0.0019651, 0.0000933)|   0, 1, 0;1,  0;1, -1> +
           ( 0.0000879, 0.0017201)|   0, 0, 1;1,  1;1,  0> +
           ( 0.0000879, 0.0017201)|   0, 0, 1;1,  0;1,  1> +
           (-0.0017194, 0.0000879)|   0, 1, 0;1,  0;1,  1> +
           (-0.0017194, 0.0000879)|   0, 1, 0;1,  1;1,  0> +
           ( 0.0000362, 0.0007614)|   0, 0, 1;2, -1;0,  0> +
           ( 0.0000362, 0.0007614)|   0, 0, 1;0,  0;2, -1> +
           ( 0.0007611,-0.0000361)|   0, 1, 0;2, -1;0,  0> +
           ( 0.0007611,-0.0000361)|   0, 1, 0;0,  0;2, -1> +
           (-0.0000341,-0.0006662)|   0, 0, 1;2,  1;0,  0> +
           (-0.0000341,-0.0006662)|   0, 0, 1;0,  0;2,  1> +
           ( 0.0006659,-0.0000340)|   0, 1, 0;0,  0;2,  1> +
           ( 0.0006659,-0.0000340)|   0, 1, 0;2,  1;0,  0> +
           (-0.0000035,-0.0000733)|   1, 0, 1;0,  0;1, -1> +
           ( 0.0000035, 0.0000733)|   1, 0, 1;1, -1;0,  0> +
           ( 0.0000733,-0.0000035)|   1, 1, 0;1, -1;0,  0> +
           (-0.0000733, 0.0000035)|   1, 1, 0;0,  0;1, -1> +
           (-0.0000033,-0.0000641)|   1, 0, 1;1,  1;0,  0> +
           ( 0.0000033, 0.0000641)|   1, 0, 1;0,  0;1,  1> +
           (-0.0000641, 0.0000033)|   1, 1, 0;0,  0;1,  1> +
           ( 0.0000641,-0.0000033)|   1, 1, 0;1,  1;0,  0> +
            ...
 |  581> = (-0.3535487, 0.0000000)|   0, 1, 0;0,  0;1,  1> +
           ( 0.3535487,-0.0000000)|   0, 1, 0;1,  1;0,  0> +
           (-0.3535486,-0.0000000)|   0, 1, 0;1, -1;0,  0> +
           ( 0.3535486, 0.0000000)|   0, 1, 0;0,  0;1, -1> +
           (-0.0000000,-0.3535470)|   0, 0, 1;0,  0;1,  1> +
           ( 0.0000000, 0.3535470)|   0, 0, 1;1,  1;0,  0> +
           ( 0.0000000,-0.3535470)|   0, 0, 1;0,  0;1, -1> +
           (-0.0000000, 0.3535470)|   0, 0, 1;1, -1;0,  0> +
           ( 0.0018489,-0.0000000)|   0, 1, 0;1,  0;1,  1> +
           ( 0.0018489,-0.0000000)|   0, 1, 0;1,  1;1,  0> +
           (-0.0018489,-0.0000000)|   0, 1, 0;1, -1;1,  0> +
           (-0.0018489,-0.0000000)|   0, 1, 0;1,  0;1, -1> +
           ( 0.0000000, 0.0018489)|   0, 0, 1;1,  0;1,  1> +
           ( 0.0000000, 0.0018489)|   0, 0, 1;1,  1;1,  0> +
           (-0.0000000, 0.0018489)|   0, 0, 1;1,  0;1, -1> +
           (-0.0000000, 0.0018489)|   0, 0, 1;1, -1;1,  0> +
           (-0.0007161, 0.0000000)|   0, 1, 0;0,  0;2,  1> +
           (-0.0007161, 0.0000000)|   0, 1, 0;2,  1;0,  0> +
           ( 0.0007161, 0.0000000)|   0, 1, 0;2, -1;0,  0> +
           ( 0.0007161, 0.0000000)|   0, 1, 0;0,  0;2, -1> +
           (-0.0000000,-0.0007161)|   0, 0, 1;0,  0;2,  1> +
           (-0.0000000,-0.0007161)|   0, 0, 1;2,  1;0,  0> +
           ( 0.0000000,-0.0007161)|   0, 0, 1;0,  0;2, -1> +
           ( 0.0000000,-0.0007161)|   0, 0, 1;2, -1;0,  0> +
           ( 0.0000689,-0.0000000)|   1, 1, 0;0,  0;1,  1> +
           (-0.0000689, 0.0000000)|   1, 1, 0;1,  1;0,  0> +
           ( 0.0000689, 0.0000000)|   1, 1, 0;1, -1;0,  0> +
           (-0.0000689,-0.0000000)|   1, 1, 0;0,  0;1, -1> +
           ( 0.0000000, 0.0000689)|   1, 0, 1;0,  0;1,  1> +
           (-0.0000000,-0.0000689)|   1, 0, 1;1,  1;0,  0> +
           (-0.0000000, 0.0000689)|   1, 0, 1;0,  0;1, -1> +
           ( 0.0000000,-0.0000689)|   1, 0, 1;1, -1;0,  0> +
            ...
 |  582> = ( 0.3538892,-0.0000148)|   0, 1, 0;1, -1;0,  0> +
           ( 0.3538892,-0.0000148)|   0, 1, 0;0,  0;1, -1> +
           ( 0.3535680, 0.0000162)|   0, 1, 0;0,  0;1,  1> +
           ( 0.3535680, 0.0000162)|   0, 1, 0;1,  1;0,  0> +
           ( 0.0000059,-0.3535122)|   0, 0, 1;0,  0;1, -1> +
           ( 0.0000059,-0.3535122)|   0, 0, 1;1, -1;0,  0> +
           ( 0.0000206, 0.3532216)|   0, 0, 1;1,  1;0,  0> +
           ( 0.0000206, 0.3532216)|   0, 0, 1;0,  0;1,  1> +
           ( 0.0018507,-0.0000001)|   0, 1, 0;1, -1;1,  0> +
           (-0.0018507, 0.0000001)|   0, 1, 0;1,  0;1, -1> +
           (-0.0018490,-0.0000001)|   0, 1, 0;1,  0;1,  1> +
           ( 0.0018490, 0.0000001)|   0, 1, 0;1,  1;1,  0> +
           (-0.0000000, 0.0018488)|   0, 0, 1;1,  0;1, -1> +
           ( 0.0000000,-0.0018488)|   0, 0, 1;1, -1;1,  0> +
           ( 0.0000001, 0.0018472)|   0, 0, 1;1,  1;1,  0> +
           (-0.0000001,-0.0018472)|   0, 0, 1;1,  0;1,  1> +
           (-0.0007168, 0.0000000)|   0, 1, 0;2, -1;0,  0> +
           ( 0.0007168,-0.0000000)|   0, 1, 0;0,  0;2, -1> +
           ( 0.0007161, 0.0000000)|   0, 1, 0;0,  0;2,  1> +
           (-0.0007161,-0.0000000)|   0, 1, 0;2,  1;0,  0> +
           ( 0.0000000,-0.0007160)|   0, 0, 1;0,  0;2, -1> +
           (-0.0000000, 0.0007160)|   0, 0, 1;2, -1;0,  0> +
           (-0.0000000,-0.0007154)|   0, 0, 1;2,  1;0,  0> +
           ( 0.0000000, 0.0007154)|   0, 0, 1;0,  0;2,  1> +
           (-0.0000690, 0.0000000)|   1, 1, 0;1, -1;0,  0> +
           (-0.0000690, 0.0000000)|   1, 1, 0;0,  0;1, -1> +
           (-0.0000689,-0.0000000)|   1, 1, 0;0,  0;1,  1> +
           (-0.0000689,-0.0000000)|   1, 1, 0;1,  1;0,  0> +
           (-0.0000000, 0.0000689)|   1, 0, 1;0,  0;1, -1> +
           (-0.0000000, 0.0000689)|   1, 0, 1;1, -1;0,  0> +
           (-0.0000000,-0.0000689)|   1, 0, 1;1,  1;0,  0> +
           (-0.0000000,-0.0000689)|   1, 0, 1;0,  0;1,  1> +
            ...
 |  583> = ( 0.4032602, 0.0057587)|   0, 1, 0;1,  1;0,  0> +
           ( 0.4032602, 0.0057587)|   0, 1, 0;0,  0;1,  1> +
           ( 0.0056795,-0.4030517)|   0, 0, 1;0,  0;1,  1> +
           ( 0.0056795,-0.4030517)|   0, 0, 1;1,  1;0,  0> +
           (-0.2957595,-0.0060487)|   0, 1, 0;0,  0;1, -1> +
           (-0.2957595,-0.0060487)|   0, 1, 0;1, -1;0,  0> +
           ( 0.0060297,-0.2954704)|   0, 0, 1;1, -1;0,  0> +
           ( 0.0060297,-0.2954704)|   0, 0, 1;0,  0;1, -1> +
           ( 0.0021089, 0.0000301)|   0, 1, 0;1,  1;1,  0> +
           (-0.0021089,-0.0000301)|   0, 1, 0;1,  0;1,  1> +
           (-0.0000297, 0.0021078)|   0, 0, 1;1,  0;1,  1> +
           ( 0.0000297,-0.0021078)|   0, 0, 1;1,  1;1,  0> +
           ( 0.0015467, 0.0000316)|   0, 1, 0;1,  0;1, -1> +
           (-0.0015467,-0.0000316)|   0, 1, 0;1, -1;1,  0> +
           ( 0.0000315,-0.0015452)|   0, 0, 1;1, -1;1,  0> +
           (-0.0000315, 0.0015452)|   0, 0, 1;1,  0;1, -1> +
           (-0.0008168,-0.0000117)|   0, 1, 0;2,  1;0,  0> +
           ( 0.0008168, 0.0000117)|   0, 1, 0;0,  0;2,  1> +
           ( 0.0000115,-0.0008164)|   0, 0, 1;0,  0;2,  1> +
           (-0.0000115, 0.0008164)|   0, 0, 1;2,  1;0,  0> +
           (-0.0005991,-0.0000123)|   0, 1, 0;0,  0;2, -1> +
           ( 0.0005991, 0.0000123)|   0, 1, 0;2, -1;0,  0> +
           (-0.0000122, 0.0005985)|   0, 0, 1;2, -1;0,  0> +
           ( 0.0000122,-0.0005985)|   0, 0, 1;0,  0;2, -1> +
           (-0.0000786,-0.0000011)|   1, 1, 0;1,  1;0,  0> +
           (-0.0000786,-0.0000011)|   1, 1, 0;0,  0;1,  1> +
           (-0.0000011, 0.0000786)|   1, 0, 1;1,  1;0,  0> +
           (-0.0000011, 0.0000786)|   1, 0, 1;0,  0;1,  1> +
           ( 0.0000577, 0.0000012)|   1, 1, 0;0,  0;1, -1> +
           ( 0.0000577, 0.0000012)|   1, 1, 0;1, -1;0,  0> +
           (-0.0000012, 0.0000576)|   1, 0, 1;0,  0;1, -1> +
           (-0.0000012, 0.0000576)|   1, 0, 1;1, -1;0,  0> +
            ...
 |  584> = (-0.0010836, 0.4039217)|   0, 0, 1;0,  0;1, -1> +
           (-0.0010836, 0.4039217)|   0, 0, 1;1, -1;0,  0> +
           ( 0.4024677, 0.0010895)|   0, 1, 0;0,  0;1, -1> +
           ( 0.4024677, 0.0010895)|   0, 1, 0;1, -1;0,  0> +
           ( 0.2960419,-0.0010481)|   0, 1, 0;1,  1;0,  0> +
           ( 0.2960419,-0.0010481)|   0, 1, 0;0,  0;1,  1> +
           (-0.0010492,-0.2953064)|   0, 0, 1;0,  0;1,  1> +
           (-0.0010492,-0.2953064)|   0, 0, 1;1,  1;0,  0> +
           ( 0.0000057,-0.0021124)|   0, 0, 1;1,  0;1, -1> +
           (-0.0000057, 0.0021124)|   0, 0, 1;1, -1;1,  0> +
           (-0.0021048,-0.0000057)|   0, 1, 0;1,  0;1, -1> +
           ( 0.0021048, 0.0000057)|   0, 1, 0;1, -1;1,  0> +
           ( 0.0015482,-0.0000055)|   0, 1, 0;1,  1;1,  0> +
           (-0.0015482, 0.0000055)|   0, 1, 0;1,  0;1,  1> +
           ( 0.0000055, 0.0015444)|   0, 0, 1;1,  0;1,  1> +
           (-0.0000055,-0.0015444)|   0, 0, 1;1,  1;1,  0> +
           (-0.0000022, 0.0008181)|   0, 0, 1;0,  0;2, -1> +
           ( 0.0000022,-0.0008181)|   0, 0, 1;2, -1;0,  0> +
           ( 0.0008152, 0.0000022)|   0, 1, 0;0,  0;2, -1> +
           (-0.0008152,-0.0000022)|   0, 1, 0;2, -1;0,  0> +
           (-0.0005996, 0.0000021)|   0, 1, 0;2,  1;0,  0> +
           ( 0.0005996,-0.0000021)|   0, 1, 0;0,  0;2,  1> +
           (-0.0000021,-0.0005981)|   0, 0, 1;0,  0;2,  1> +
           ( 0.0000021, 0.0005981)|   0, 0, 1;2,  1;0,  0> +
           ( 0.0000002,-0.0000788)|   1, 0, 1;0,  0;1, -1> +
           ( 0.0000002,-0.0000788)|   1, 0, 1;1, -1;0,  0> +
           (-0.0000785,-0.0000002)|   1, 1, 0;0,  0;1, -1> +
           (-0.0000785,-0.0000002)|   1, 1, 0;1, -1;0,  0> +
           (-0.0000577, 0.0000002)|   1, 1, 0;1,  1;0,  0> +
           (-0.0000577, 0.0000002)|   1, 1, 0;0,  0;1,  1> +
           ( 0.0000002, 0.0000576)|   1, 0, 1;1,  1;0,  0> +
           ( 0.0000002, 0.0000576)|   1, 0, 1;0,  0;1,  1> +
            ...
 |  585> = (-0.0000307,-0.3543005)|   0, 0, 1;0,  0;1,  1> +
           (-0.0000307,-0.3543005)|   0, 0, 1;1,  1;0,  0> +
           ( 0.3539138, 0.0000151)|   0, 1, 0;0,  0;1, -1> +
           ( 0.3539138, 0.0000151)|   0, 1, 0;1, -1;0,  0> +
           (-0.3531006,-0.0000225)|   0, 1, 0;1,  1;0,  0> +
           (-0.3531006,-0.0000225)|   0, 1, 0;0,  0;1,  1> +
           (-0.0000278,-0.3528744)|   0, 0, 1;1, -1;0,  0> +
           (-0.0000278,-0.3528744)|   0, 0, 1;0,  0;1, -1> +
           ( 0.0000002, 0.0018529)|   0, 0, 1;1,  0;1,  1> +
           (-0.0000002,-0.0018529)|   0, 0, 1;1,  1;1,  0> +
           (-0.0018509,-0.0000001)|   0, 1, 0;1,  0;1, -1> +
           ( 0.0018509, 0.0000001)|   0, 1, 0;1, -1;1,  0> +
           (-0.0018466,-0.0000001)|   0, 1, 0;1,  1;1,  0> +
           ( 0.0018466, 0.0000001)|   0, 1, 0;1,  0;1,  1> +
           (-0.0000001,-0.0018454)|   0, 0, 1;1, -1;1,  0> +
           ( 0.0000001, 0.0018454)|   0, 0, 1;1,  0;1, -1> +
           (-0.0000001,-0.0007176)|   0, 0, 1;0,  0;2,  1> +
           ( 0.0000001, 0.0007176)|   0, 0, 1;2,  1;0,  0> +
           ( 0.0007168, 0.0000000)|   0, 1, 0;0,  0;2, -1> +
           (-0.0007168,-0.0000000)|   0, 1, 0;2, -1;0,  0> +
           ( 0.0007152, 0.0000000)|   0, 1, 0;2,  1;0,  0> +
           (-0.0007152,-0.0000000)|   0, 1, 0;0,  0;2,  1> +
           ( 0.0000001, 0.0007147)|   0, 0, 1;2, -1;0,  0> +
           (-0.0000001,-0.0007147)|   0, 0, 1;0,  0;2, -1> +
           ( 0.0000000, 0.0000691)|   1, 0, 1;0,  0;1,  1> +
           ( 0.0000000, 0.0000691)|   1, 0, 1;1,  1;0,  0> +
           (-0.0000690,-0.0000000)|   1, 1, 0;0,  0;1, -1> +
           (-0.0000690,-0.0000000)|   1, 1, 0;1, -1;0,  0> +
           ( 0.0000688, 0.0000000)|   1, 1, 0;1,  1;0,  0> +
           ( 0.0000688, 0.0000000)|   1, 1, 0;0,  0;1,  1> +
           ( 0.0000000, 0.0000688)|   1, 0, 1;1, -1;0,  0> +
           ( 0.0000000, 0.0000688)|   1, 0, 1;0,  0;1, -1> +
            ...
 |  586> = (-0.7071048, 0.0000261)|   5, 0, 0;0,  0;1,  0> +
           (-0.7071048, 0.0000261)|   5, 0, 0;1,  0;0,  0> +
           (-0.0016538, 0.0000001)|   5, 0, 0;0,  0;2,  0> +
           ( 0.0016538,-0.0000001)|   5, 0, 0;2,  0;0,  0> +
           ( 0.0001039,-0.0000000)|   6, 0, 0;1,  0;0,  0> +
           ( 0.0001039,-0.0000000)|   6, 0, 0;0,  0;1,  0> +
           (-0.0000949, 0.0000000)|   4, 0, 0;0,  0;1,  0> +
           (-0.0000949, 0.0000000)|   4, 0, 0;1,  0;0,  0> +
            ...
 |  587> = ( 0.7070662,-0.0000000)|   5, 0, 0;1,  0;0,  0> +
           (-0.7070662, 0.0000000)|   5, 0, 0;0,  0;1,  0> +
           ( 0.0073957,-0.0000000)|   5, 0, 0;0,  0;0,  0> +
           ( 0.0073957,-0.0000000)|   5, 0, 0;1,  0;1,  0> +
           (-0.0016537, 0.0000000)|   5, 0, 0;2,  0;0,  0> +
           (-0.0016537, 0.0000000)|   5, 0, 0;0,  0;2,  0> +
           (-0.0001037, 0.0000000)|   6, 0, 0;1,  0;0,  0> +
           ( 0.0001037,-0.0000000)|   6, 0, 0;0,  0;1,  0> +
           ( 0.0000951,-0.0000000)|   4, 0, 0;1,  0;0,  0> +
           (-0.0000951, 0.0000000)|   4, 0, 0;0,  0;1,  0> +
           (-0.0000230, 0.0000000)|   6, 0, 0;0,  0;0,  0> +
           (-0.0000230, 0.0000000)|   6, 0, 0;1,  0;1,  0> +
           (-0.0000190, 0.0000000)|   4, 0, 0;1,  0;1,  0> +
           (-0.0000190, 0.0000000)|   4, 0, 0;0,  0;0,  0> +
           (-0.0000143, 0.0000000)|   5, 0, 0;2,  0;1,  0> +
           ( 0.0000143,-0.0000000)|   5, 0, 0;1,  0;2,  0> +
            ...
 |  588> = ( 0.0070746,-0.5809267)|   0, 0, 1;1,  0;0,  0> +
           ( 0.0070746,-0.5809267)|   0, 0, 1;0,  0;1,  0> +
           (-0.4029556, 0.0099112)|   0, 1, 0;1,  0;0,  0> +
           (-0.4029556, 0.0099112)|   0, 1, 0;0,  0;1,  0> +
           (-0.0000165, 0.0013587)|   0, 0, 1;2,  0;0,  0> +
           ( 0.0000165,-0.0013587)|   0, 0, 1;0,  0;2,  0> +
           ( 0.0009424,-0.0000232)|   0, 1, 0;2,  0;0,  0> +
           (-0.0009424, 0.0000232)|   0, 1, 0;0,  0;2,  0> +
           (-0.0000004, 0.0000349)|   1, 0, 1;1,  0;0,  0> +
           (-0.0000004, 0.0000349)|   1, 0, 1;0,  0;1,  0> +
           ( 0.0000242,-0.0000006)|   1, 1, 0;1,  0;0,  0> +
           ( 0.0000242,-0.0000006)|   1, 1, 0;0,  0;1,  0> +
            ...
 |  589> = (-0.3645373,-0.4523698)|   0, 1, 0;0,  0;1,  0> +
           (-0.3645373,-0.4523698)|   0, 1, 0;1,  0;0,  0> +
           (-0.3229399, 0.2412079)|   0, 0, 1;0,  0;1,  0> +
           (-0.3229399, 0.2412079)|   0, 0, 1;1,  0;0,  0> +
           (-0.0008526,-0.0010580)|   0, 1, 0;0,  0;2,  0> +
           ( 0.0008526, 0.0010580)|   0, 1, 0;2,  0;0,  0> +
           (-0.0007553, 0.0005641)|   0, 0, 1;0,  0;2,  0> +
           ( 0.0007553,-0.0005641)|   0, 0, 1;2,  0;0,  0> +
           ( 0.0000219, 0.0000271)|   1, 1, 0;0,  0;1,  0> +
           ( 0.0000219, 0.0000271)|   1, 1, 0;1,  0;0,  0> +
           ( 0.0000194,-0.0000145)|   1, 0, 1;0,  0;1,  0> +
           ( 0.0000194,-0.0000145)|   1, 0, 1;1,  0;0,  0> +
            ...
 |  590> = (-0.0114604,-0.5708693)|   0, 0, 1;0,  0;1,  0> +
           ( 0.0114604, 0.5708693)|   0, 0, 1;1,  0;0,  0> +
           (-0.4167161,-0.0163450)|   0, 1, 0;0,  0;1,  0> +
           ( 0.4167161, 0.0163450)|   0, 1, 0;1,  0;0,  0> +
           ( 0.0001199, 0.0059711)|   0, 0, 1;0,  0;0,  0> +
           ( 0.0001199, 0.0059711)|   0, 0, 1;1,  0;1,  0> +
           ( 0.0043587, 0.0001710)|   0, 1, 0;0,  0;0,  0> +
           ( 0.0043587, 0.0001710)|   0, 1, 0;1,  0;1,  0> +
           (-0.0000268,-0.0013352)|   0, 0, 1;0,  0;2,  0> +
           (-0.0000268,-0.0013352)|   0, 0, 1;2,  0;0,  0> +
           (-0.0009746,-0.0000382)|   0, 1, 0;0,  0;2,  0> +
           (-0.0009746,-0.0000382)|   0, 1, 0;2,  0;0,  0> +
           ( 0.0000007, 0.0000342)|   1, 0, 1;0,  0;1,  0> +
           (-0.0000007,-0.0000342)|   1, 0, 1;1,  0;0,  0> +
           ( 0.0000249, 0.0000010)|   1, 1, 0;0,  0;1,  0> +
           (-0.0000249,-0.0000010)|   1, 1, 0;1,  0;0,  0> +
           ( 0.0000002, 0.0000115)|   0, 0, 1;1,  0;2,  0> +
           (-0.0000002,-0.0000115)|   0, 0, 1;2,  0;1,  0> +
            ...
 |  591> = (-0.3102198,-0.4793608)|   0, 1, 0;1,  0;0,  0> +
           ( 0.3102198, 0.4793608)|   0, 1, 0;0,  0;1,  0> +
           (-0.3360787, 0.2469223)|   0, 0, 1;1,  0;0,  0> +
           ( 0.3360786,-0.2469223)|   0, 0, 1;0,  0;1,  0> +
           (-0.0032448,-0.0050140)|   0, 1, 0;0,  0;0,  0> +
           (-0.0032448,-0.0050140)|   0, 1, 0;1,  0;1,  0> +
           (-0.0035153, 0.0025827)|   0, 0, 1;0,  0;0,  0> +
           (-0.0035153, 0.0025827)|   0, 0, 1;1,  0;1,  0> +
           ( 0.0007256, 0.0011212)|   0, 1, 0;2,  0;0,  0> +
           ( 0.0007256, 0.0011212)|   0, 1, 0;0,  0;2,  0> +
           ( 0.0007860,-0.0005775)|   0, 0, 1;2,  0;0,  0> +
           ( 0.0007860,-0.0005775)|   0, 0, 1;0,  0;2,  0> +
           ( 0.0000186, 0.0000287)|   1, 1, 0;1,  0;0,  0> +
           (-0.0000186,-0.0000287)|   1, 1, 0;0,  0;1,  0> +
           (-0.0000201, 0.0000148)|   1, 0, 1;0,  0;1,  0> +
           ( 0.0000201,-0.0000148)|   1, 0, 1;1,  0;0,  0> +
           ( 0.0000063, 0.0000097)|   0, 1, 0;2,  0;1,  0> +
           (-0.0000063,-0.0000097)|   0, 1, 0;1,  0;2,  0> +
            ...
 |  592> = (-0.6962371,-0.1234412)|   6, 0, 0;1,  1;0,  0> +
           ( 0.6962371, 0.1234412)|   6, 0, 0;0,  0;1,  1> +
           (-0.0036411,-0.0006456)|   6, 0, 0;1,  1;1,  0> +
           (-0.0036411,-0.0006456)|   6, 0, 0;1,  0;1,  1> +
           ( 0.0014102, 0.0002500)|   6, 0, 0;2,  1;0,  0> +
           ( 0.0014102, 0.0002500)|   6, 0, 0;0,  0;2,  1> +
           (-0.0004301, 0.0002295)|   6, 0, 0;1, -1;0,  0> +
           ( 0.0004301,-0.0002295)|   6, 0, 0;0,  0;1, -1> +
           ( 0.0003591, 0.0000637)|   7, 0, 0;1,  1;0,  0> +
           (-0.0003591,-0.0000637)|   7, 0, 0;0,  0;1,  1> +
           (-0.0003326,-0.0000590)|   5, 0, 0;1,  1;0,  0> +
           ( 0.0003326, 0.0000590)|   5, 0, 0;0,  0;1,  1> +
           ( 0.0000135, 0.0000024)|   7, 0, 0;1,  1;1,  0> +
           ( 0.0000135, 0.0000024)|   7, 0, 0;1,  0;1,  1> +
            ...
 |  593> = ( 0.7070917,-0.0022615)|   6, 0, 0;1, -1;0,  0> +
           (-0.7070917, 0.0022615)|   6, 0, 0;0,  0;1, -1> +
           ( 0.0036979,-0.0000118)|   6, 0, 0;1, -1;1,  0> +
           ( 0.0036979,-0.0000118)|   6, 0, 0;1,  0;1, -1> +
           (-0.0014322, 0.0000046)|   6, 0, 0;2, -1;0,  0> +
           (-0.0014322, 0.0000046)|   6, 0, 0;0,  0;2, -1> +
           (-0.0003844,-0.0002998)|   6, 0, 0;1,  1;0,  0> +
           ( 0.0003844, 0.0002998)|   6, 0, 0;0,  0;1,  1> +
           (-0.0003647, 0.0000012)|   7, 0, 0;1, -1;0,  0> +
           ( 0.0003647,-0.0000012)|   7, 0, 0;0,  0;1, -1> +
           ( 0.0003378,-0.0000011)|   5, 0, 0;1, -1;0,  0> +
           (-0.0003378, 0.0000011)|   5, 0, 0;0,  0;1, -1> +
           (-0.0000137, 0.0000000)|   7, 0, 0;1, -1;1,  0> +
           (-0.0000137, 0.0000000)|   7, 0, 0;1,  0;1, -1> +
            ...
