p0465
p0465
p0465
p0465
p0465
p0465
p0465
p0465
p0465
p0465
p0465
p0465
p0465
p0465
p0465
p0465
p0465
p0465
p0465
p0465
p0465
p0465
p0465
p0465
# Parameters of the model
#  mass:		  261.0000 u
#  charge:	    1.0000 e
#  dipole:	 150.00000 D
#  B:		    200.00 MHz
#  omega_rho:	    1.4000 MHz
#  omega_z:	  0.160000 MHz

# omega_1:	  0.277128 MHz
# omega_3/5:	   1.39083 MHz

# Basis truncation:	|34,4,4;2,2>
# Basis size:		44064

# Active terms of the Hamiltionian:
# 	Nomal modes:	1
# 	T_rot:      	1
# 	V_qd^{(0)}: 	1
# 	V_qd^{(1)}: 	1
# 	V_dd^{(0)}: 	1

# Results of the diagonalisation
# 100 smallest eigenvalues
 5.487709574 6.487709483 7.487709392 8.487709302 9.487709211 10.487709120 10.506424544 10.506424544 11.487709030 11.506424454 11.506424454 12.487708939 12.506424363 12.506424363 13.487708848 13.506424272 13.506424272 14.487708757 14.506424181 14.506424181 15.487708667 15.506424091 15.506424091 15.525139515 15.525139515 15.525139515 16.487708576 16.506424000 16.506424000 16.525139424 16.525139424 16.525139424 17.487708485 17.506423909 17.506423909 17.525139333 17.525139333 17.525139333 18.487708394 18.506423819 18.506423819 18.525139243 18.525139243 18.525139243 19.487708304 19.506423728 19.506423728 19.525139152 19.525139152 19.525139152 20.487708213 20.506423637 20.506423637 20.525139061 20.525139061 20.525139061 20.543854485 20.543854485 20.543854494 20.543854494 21.487708122 21.506423547 21.506423547 21.525138970 21.525138970 21.525138971 21.543854394 21.543854395 21.543854404 21.543854404 22.487708032 22.506423456 22.506423456 22.525138880 22.525138880 22.525138880 22.543854304 22.543854304 22.543854313 22.543854313 23.487707941 23.506423365 23.506423365 23.525138789 23.525138789 23.525138789 23.543854213 23.543854213 23.543854222 23.543854222 24.487707850 24.506423274 24.506423274 24.525138698 24.525138698 24.525138698 24.543854122 24.543854122 24.543854131 24.543854131

# Ground state and the lowest excitations:
 |    0> = ( 0.9999983, 0.0000000)|   0, 0, 0;0,  0;0,  0> +
           ( 0.0013074, 0.0000000)|   0, 0, 0;0,  0;1,  0> +
           (-0.0013074, 0.0000000)|   0, 0, 0;1,  0;0,  0> +
           (-0.0000750,-0.0000000)|   1, 0, 0;0,  0;0,  0> +
            ...
 |    1> = ( 0.9999983, 0.0000000)|   1, 0, 0;0,  0;0,  0> +
           ( 0.0013074, 0.0000000)|   1, 0, 0;0,  0;1,  0> +
           (-0.0013074, 0.0000000)|   1, 0, 0;1,  0;0,  0> +
           (-0.0001061,-0.0000000)|   2, 0, 0;0,  0;0,  0> +
           ( 0.0000750, 0.0000000)|   0, 0, 0;0,  0;0,  0> +
            ...
 |    2> = (-0.9999983, 0.0000000)|   2, 0, 0;0,  0;0,  0> +
           (-0.0013074,-0.0000000)|   2, 0, 0;0,  0;1,  0> +
           ( 0.0013074,-0.0000000)|   2, 0, 0;1,  0;0,  0> +
           ( 0.0001299,-0.0000000)|   3, 0, 0;0,  0;0,  0> +
           (-0.0001061,-0.0000000)|   1, 0, 0;0,  0;0,  0> +
            ...
 |    3> = ( 0.9999983,-0.0000000)|   3, 0, 0;0,  0;0,  0> +
           ( 0.0013074,-0.0000000)|   3, 0, 0;0,  0;1,  0> +
           (-0.0013074,-0.0000000)|   3, 0, 0;1,  0;0,  0> +
           (-0.0001500, 0.0000000)|   4, 0, 0;0,  0;0,  0> +
           ( 0.0001299, 0.0000000)|   2, 0, 0;0,  0;0,  0> +
            ...
 |    4> = (-0.9999983,-0.0000000)|   4, 0, 0;0,  0;0,  0> +
           (-0.0013074,-0.0000000)|   4, 0, 0;0,  0;1,  0> +
           ( 0.0013074, 0.0000000)|   4, 0, 0;1,  0;0,  0> +
           ( 0.0001677,-0.0000000)|   5, 0, 0;0,  0;0,  0> +
           (-0.0001500, 0.0000000)|   3, 0, 0;0,  0;0,  0> +
            ...
 |    5> = ( 0.9999983,-0.0000000)|   5, 0, 0;0,  0;0,  0> +
           ( 0.0013074,-0.0000000)|   5, 0, 0;0,  0;1,  0> +
           (-0.0013074, 0.0000000)|   5, 0, 0;1,  0;0,  0> +
           (-0.0001837, 0.0000000)|   6, 0, 0;0,  0;0,  0> +
           ( 0.0001677,-0.0000000)|   4, 0, 0;0,  0;0,  0> +
            ...
 |    6> = ( 0.8024195, 0.0251501)|   0, 1, 0;0,  0;0,  0> +
           ( 0.0250833,-0.5956995)|   0, 0, 1;0,  0;0,  0> +
           (-0.0010491,-0.0000329)|   0, 1, 0;1,  0;0,  0> +
           ( 0.0010491, 0.0000329)|   0, 1, 0;0,  0;1,  0> +
           ( 0.0000328,-0.0007788)|   0, 0, 1;0,  0;1,  0> +
           (-0.0000328, 0.0007788)|   0, 0, 1;1,  0;0,  0> +
           (-0.0000602,-0.0000019)|   1, 1, 0;0,  0;0,  0> +
           (-0.0000019, 0.0000447)|   1, 0, 1;0,  0;0,  0> +
            ...
 |    7> = ( 0.0036722,-0.8028051)|   0, 0, 1;0,  0;0,  0> +
           (-0.5962160, 0.0036820)|   0, 1, 0;0,  0;0,  0> +
           ( 0.0000048,-0.0010496)|   0, 0, 1;0,  0;1,  0> +
           (-0.0000048, 0.0010496)|   0, 0, 1;1,  0;0,  0> +
           (-0.0007795, 0.0000048)|   0, 1, 0;0,  0;1,  0> +
           ( 0.0007795,-0.0000048)|   0, 1, 0;1,  0;0,  0> +
           (-0.0000003, 0.0000602)|   1, 0, 1;0,  0;0,  0> +
           ( 0.0000447,-0.0000003)|   1, 1, 0;0,  0;0,  0> +
            ...
 |    8> = (-0.9999983, 0.0000000)|   6, 0, 0;0,  0;0,  0> +
           ( 0.0013074,-0.0000000)|   6, 0, 0;1,  0;0,  0> +
           (-0.0013074, 0.0000000)|   6, 0, 0;0,  0;1,  0> +
           ( 0.0001984,-0.0000000)|   7, 0, 0;0,  0;0,  0> +
           (-0.0001837,-0.0000000)|   5, 0, 0;0,  0;0,  0> +
            ...
 |    9> = ( 0.7102815,-0.0035073)|   1, 1, 0;0,  0;0,  0> +
           (-0.0034987,-0.7038979)|   1, 0, 1;0,  0;0,  0> +
           ( 0.0009287,-0.0000046)|   1, 1, 0;0,  0;1,  0> +
           (-0.0009287, 0.0000046)|   1, 1, 0;1,  0;0,  0> +
           ( 0.0000046, 0.0009203)|   1, 0, 1;1,  0;0,  0> +
           (-0.0000046,-0.0009203)|   1, 0, 1;0,  0;1,  0> +
           (-0.0000753, 0.0000004)|   2, 1, 0;0,  0;0,  0> +
           ( 0.0000004, 0.0000747)|   2, 0, 1;0,  0;0,  0> +
           ( 0.0000533,-0.0000003)|   0, 1, 0;0,  0;0,  0> +
           (-0.0000003,-0.0000528)|   0, 0, 1;0,  0;0,  0> +
            ...
 |   10> = ( 0.0000115, 0.7102902)|   1, 0, 1;0,  0;0,  0> +
           ( 0.7039066, 0.0000116)|   1, 1, 0;0,  0;0,  0> +
           ( 0.0000000, 0.0009287)|   1, 0, 1;0,  0;1,  0> +
           (-0.0000000,-0.0009287)|   1, 0, 1;1,  0;0,  0> +
           ( 0.0009203, 0.0000000)|   1, 1, 0;0,  0;1,  0> +
           (-0.0009203,-0.0000000)|   1, 1, 0;1,  0;0,  0> +
           (-0.0000000,-0.0000753)|   2, 0, 1;0,  0;0,  0> +
           (-0.0000747,-0.0000000)|   2, 1, 0;0,  0;0,  0> +
           ( 0.0000000, 0.0000533)|   0, 0, 1;0,  0;0,  0> +
           ( 0.0000528, 0.0000000)|   0, 1, 0;0,  0;0,  0> +
            ...
 |   11> = (-0.9999982, 0.0000000)|   7, 0, 0;0,  0;0,  0> +
           (-0.0013074, 0.0000000)|   7, 0, 0;0,  0;1,  0> +
           ( 0.0013074,-0.0000000)|   7, 0, 0;1,  0;0,  0> +
           ( 0.0002121,-0.0000000)|   8, 0, 0;0,  0;0,  0> +
           (-0.0001985,-0.0000000)|   6, 0, 0;0,  0;0,  0> +
            ...
 |   12> = (-0.0152098,-0.7287597)|   2, 0, 1;0,  0;0,  0> +
           ( 0.6844283,-0.0152450)|   2, 1, 0;0,  0;0,  0> +
           ( 0.0000199, 0.0009528)|   2, 0, 1;1,  0;0,  0> +
           (-0.0000199,-0.0009528)|   2, 0, 1;0,  0;1,  0> +
           ( 0.0008949,-0.0000199)|   2, 1, 0;0,  0;1,  0> +
           (-0.0008949, 0.0000199)|   2, 1, 0;1,  0;0,  0> +
           ( 0.0000020, 0.0000947)|   3, 0, 1;0,  0;0,  0> +
           (-0.0000889, 0.0000020)|   3, 1, 0;0,  0;0,  0> +
           (-0.0000016,-0.0000773)|   1, 0, 1;0,  0;0,  0> +
           ( 0.0000726,-0.0000016)|   1, 1, 0;0,  0;0,  0> +
            ...
 |   13> = ( 0.7289183,-0.0004958)|   2, 1, 0;0,  0;0,  0> +
           (-0.0004946, 0.6845978)|   2, 0, 1;0,  0;0,  0> +
           ( 0.0009530,-0.0000006)|   2, 1, 0;0,  0;1,  0> +
           (-0.0009530, 0.0000006)|   2, 1, 0;1,  0;0,  0> +
           ( 0.0000006,-0.0008951)|   2, 0, 1;1,  0;0,  0> +
           (-0.0000006, 0.0008951)|   2, 0, 1;0,  0;1,  0> +
           (-0.0000947, 0.0000001)|   3, 1, 0;0,  0;0,  0> +
           ( 0.0000001,-0.0000889)|   3, 0, 1;0,  0;0,  0> +
           ( 0.0000773,-0.0000001)|   1, 1, 0;0,  0;0,  0> +
           (-0.0000001, 0.0000726)|   1, 0, 1;0,  0;0,  0> +
            ...
 |   14> = ( 0.9999982, 0.0000000)|   8, 0, 0;0,  0;0,  0> +
           ( 0.0013074, 0.0000000)|   8, 0, 0;0,  0;1,  0> +
           (-0.0013074,-0.0000000)|   8, 0, 0;1,  0;0,  0> +
           (-0.0002250,-0.0000000)|   9, 0, 0;0,  0;0,  0> +
           ( 0.0002122, 0.0000000)|   7, 0, 0;0,  0;0,  0> +
            ...
 |   15> = ( 0.0000171,-0.7282689)|   3, 0, 1;0,  0;0,  0> +
           (-0.6852890, 0.0000172)|   3, 1, 0;0,  0;0,  0> +
           ( 0.0000000,-0.0009522)|   3, 0, 1;0,  0;1,  0> +
           (-0.0000000, 0.0009522)|   3, 0, 1;1,  0;0,  0> +
           ( 0.0008960,-0.0000000)|   3, 1, 0;1,  0;0,  0> +
           (-0.0008960, 0.0000000)|   3, 1, 0;0,  0;1,  0> +
           (-0.0000000, 0.0001092)|   4, 0, 1;0,  0;0,  0> +
           ( 0.0001028,-0.0000000)|   4, 1, 0;0,  0;0,  0> +
           ( 0.0000000,-0.0000946)|   2, 0, 1;0,  0;0,  0> +
           (-0.0000890, 0.0000000)|   2, 1, 0;0,  0;0,  0> +
            ...
 |   16> = ( 0.7282686, 0.0005857)|   3, 1, 0;0,  0;0,  0> +
           ( 0.0005844,-0.6852887)|   3, 0, 1;0,  0;0,  0> +
           (-0.0009522,-0.0000008)|   3, 1, 0;1,  0;0,  0> +
           ( 0.0009522, 0.0000008)|   3, 1, 0;0,  0;1,  0> +
           ( 0.0000008,-0.0008960)|   3, 0, 1;0,  0;1,  0> +
           (-0.0000008, 0.0008960)|   3, 0, 1;1,  0;0,  0> +
           (-0.0001092,-0.0000001)|   4, 1, 0;0,  0;0,  0> +
           (-0.0000001, 0.0001028)|   4, 0, 1;0,  0;0,  0> +
           ( 0.0000946, 0.0000001)|   2, 1, 0;0,  0;0,  0> +
           ( 0.0000001,-0.0000890)|   2, 0, 1;0,  0;0,  0> +
            ...
 |   17> = ( 0.9999982,-0.0000000)|   9, 0, 0;0,  0;0,  0> +
           ( 0.0013074,-0.0000000)|   9, 0, 0;0,  0;1,  0> +
           (-0.0013074, 0.0000000)|   9, 0, 0;1,  0;0,  0> +
           (-0.0002372, 0.0000000)|  10, 0, 0;0,  0;0,  0> +
           ( 0.0002250,-0.0000000)|   8, 0, 0;0,  0;0,  0> +
            ...
 |   18> = (-0.0003448,-0.7092352)|   4, 0, 1;0,  0;0,  0> +
           (-0.7049693,-0.0003456)|   4, 1, 0;0,  0;0,  0> +
           (-0.0000005,-0.0009273)|   4, 0, 1;0,  0;1,  0> +
           ( 0.0000005, 0.0009273)|   4, 0, 1;1,  0;0,  0> +
           (-0.0009217,-0.0000005)|   4, 1, 0;0,  0;1,  0> +
           ( 0.0009217, 0.0000005)|   4, 1, 0;1,  0;0,  0> +
           ( 0.0000001, 0.0001189)|   5, 0, 1;0,  0;0,  0> +
           ( 0.0001182, 0.0000001)|   5, 1, 0;0,  0;0,  0> +
           (-0.0000001,-0.0001064)|   3, 0, 1;0,  0;0,  0> +
           (-0.0001058,-0.0000001)|   3, 1, 0;0,  0;0,  0> +
            ...
 |   19> = (-0.6880317, 0.1721251)|   4, 1, 0;0,  0;0,  0> +
           ( 0.1717575, 0.6837260)|   4, 0, 1;0,  0;0,  0> +
           (-0.0008996, 0.0002250)|   4, 1, 0;0,  0;1,  0> +
           ( 0.0008996,-0.0002250)|   4, 1, 0;1,  0;0,  0> +
           ( 0.0002246, 0.0008939)|   4, 0, 1;0,  0;1,  0> +
           (-0.0002246,-0.0008939)|   4, 0, 1;1,  0;0,  0> +
           ( 0.0001154,-0.0000289)|   5, 1, 0;0,  0;0,  0> +
           (-0.0000288,-0.0001147)|   5, 0, 1;0,  0;0,  0> +
           (-0.0001032, 0.0000258)|   3, 1, 0;0,  0;0,  0> +
           ( 0.0000258, 0.0001026)|   3, 0, 1;0,  0;0,  0> +
            ...
 |   20> = (-0.9999982,-0.0000000)|  10, 0, 0;0,  0;0,  0> +
           ( 0.0013074, 0.0000000)|  10, 0, 0;1,  0;0,  0> +
           (-0.0013074,-0.0000000)|  10, 0, 0;0,  0;1,  0> +
           ( 0.0002487, 0.0000000)|  11, 0, 0;0,  0;0,  0> +
           (-0.0002372,-0.0000000)|   9, 0, 0;0,  0;0,  0> +
            ...
 |   21> = ( 0.0002858,-0.7588718)|   5, 0, 1;0,  0;0,  0> +
           (-0.6512373, 0.0002863)|   5, 1, 0;0,  0;0,  0> +
           ( 0.0000004,-0.0009922)|   5, 0, 1;0,  0;1,  0> +
           (-0.0000004, 0.0009922)|   5, 0, 1;1,  0;0,  0> +
           (-0.0008515, 0.0000004)|   5, 1, 0;0,  0;1,  0> +
           ( 0.0008515,-0.0000004)|   5, 1, 0;1,  0;0,  0> +
           (-0.0000001, 0.0001394)|   6, 0, 1;0,  0;0,  0> +
           ( 0.0000000,-0.0001273)|   4, 0, 1;0,  0;0,  0> +
           ( 0.0001196,-0.0000001)|   6, 1, 0;0,  0;0,  0> +
           (-0.0001092, 0.0000000)|   4, 1, 0;0,  0;0,  0> +
            ...
 |   22> = ( 0.7588623, 0.0038030)|   5, 1, 0;0,  0;0,  0> +
           ( 0.0037951,-0.6512263)|   5, 0, 1;0,  0;0,  0> +
           (-0.0009922,-0.0000050)|   5, 1, 0;1,  0;0,  0> +
           ( 0.0009922, 0.0000050)|   5, 1, 0;0,  0;1,  0> +
           ( 0.0000050,-0.0008514)|   5, 0, 1;0,  0;1,  0> +
           (-0.0000050, 0.0008514)|   5, 0, 1;1,  0;0,  0> +
           (-0.0001394,-0.0000007)|   6, 1, 0;0,  0;0,  0> +
           ( 0.0001273, 0.0000006)|   4, 1, 0;0,  0;0,  0> +
           (-0.0000007, 0.0001196)|   6, 0, 1;0,  0;0,  0> +
           ( 0.0000006,-0.0001092)|   4, 0, 1;0,  0;0,  0> +
            ...
 |   23> = ( 0.9858022,-0.1679006)|   0, 1, 1;0,  0;0,  0> +
           (-0.0012889, 0.0002195)|   0, 1, 1;1,  0;0,  0> +
           ( 0.0012889,-0.0002195)|   0, 1, 1;0,  0;1,  0> +
           (-0.0000739, 0.0000126)|   1, 1, 1;0,  0;0,  0> +
            ...
 |   24> = ( 0.7241947,-0.0000000)|   0, 2, 0;0,  0;0,  0> +
           (-0.6895931, 0.0000000)|   0, 0, 2;0,  0;0,  0> +
           (-0.0009468,-0.0000000)|   0, 2, 0;1,  0;0,  0> +
           ( 0.0009468,-0.0000000)|   0, 2, 0;0,  0;1,  0> +
           (-0.0009016, 0.0000000)|   0, 0, 2;0,  0;1,  0> +
           ( 0.0009016,-0.0000000)|   0, 0, 2;1,  0;0,  0> +
           (-0.0000543,-0.0000000)|   1, 2, 0;0,  0;0,  0> +
           ( 0.0000517, 0.0000000)|   1, 0, 2;0,  0;0,  0> +
            ...
 # The upper part of the spectrum
 # Eigenvalues first: 544	 last: 594
 9074.494765562 9074.494765562 9074.495999698 9074.495999698 9074.508100918 9074.510569183 9075.494765503 9075.494765503 9075.495999639 9075.495999639 9075.508100900 9075.510569164 9076.494765444 9076.494765444 9076.495999580 9076.495999580 9076.508100882 9076.510569146 9077.494765385 9077.494765385 9077.495999521 9077.495999521 9077.508100864 9077.510569128 9078.494765326 9078.494765326 9078.495999462 9078.495999462 9078.508100846 9078.510569110 9079.494765267 9079.494765267 9079.495999403 9079.495999404 9079.508100828 9079.510569092 9079.513480533 9079.513480535 9079.513480535 9079.513480537 9079.514714669 9079.514714671 9079.514714671 9079.514714673 9079.526815890 9079.526815890 9079.529284155 9079.529284155 9080.494765208 9080.494765208

# Excited states :
 |  543> = (-0.0057409, 0.9999817)|  33, 3, 3;0,  0;0,  0> +
           ( 0.0000075,-0.0013074)|  33, 3, 3;1,  0;0,  0> +
           (-0.0000075, 0.0013074)|  33, 3, 3;0,  0;1,  0> +
           (-0.0000025, 0.0004309)|  32, 3, 3;0,  0;0,  0> +
            ...
 |  544> = ( 0.7035724,-0.0184481)|   0, 0, 0;1,  1;0,  0> +
           (-0.7035723, 0.0184481)|   0, 0, 0;0,  0;1,  1> +
           ( 0.0681516,-0.0000777)|   0, 0, 0;0,  0;1, -1> +
           (-0.0681516, 0.0000777)|   0, 0, 0;1, -1;0,  0> +
           ( 0.0009199,-0.0000241)|   0, 0, 0;1,  1;1,  0> +
           ( 0.0009199,-0.0000241)|   0, 0, 0;1,  0;1,  1> +
           (-0.0003563, 0.0000093)|   0, 0, 0;2,  1;0,  0> +
           (-0.0003563, 0.0000093)|   0, 0, 0;0,  0;2,  1> +
           (-0.0000891, 0.0000001)|   0, 0, 0;1,  0;1, -1> +
           (-0.0000891, 0.0000001)|   0, 0, 0;1, -1;1,  0> +
           ( 0.0000345,-0.0000000)|   0, 0, 0;0,  0;2, -1> +
           ( 0.0000345,-0.0000000)|   0, 0, 0;2, -1;0,  0> +
           (-0.0000343, 0.0000009)|   1, 0, 0;1,  1;0,  0> +
           ( 0.0000343,-0.0000009)|   1, 0, 0;0,  0;1,  1> +
            ...
 |  545> = (-0.7038142,-0.0000072)|   0, 0, 0;1, -1;0,  0> +
           ( 0.7038142, 0.0000072)|   0, 0, 0;0,  0;1, -1> +
           (-0.0681303, 0.0017080)|   0, 0, 0;1,  1;0,  0> +
           ( 0.0681303,-0.0017080)|   0, 0, 0;0,  0;1,  1> +
           (-0.0009202,-0.0000000)|   0, 0, 0;1, -1;1,  0> +
           (-0.0009202,-0.0000000)|   0, 0, 0;1,  0;1, -1> +
           ( 0.0003564, 0.0000000)|   0, 0, 0;2, -1;0,  0> +
           ( 0.0003564, 0.0000000)|   0, 0, 0;0,  0;2, -1> +
           (-0.0000891, 0.0000022)|   0, 0, 0;1,  1;1,  0> +
           (-0.0000891, 0.0000022)|   0, 0, 0;1,  0;1,  1> +
           ( 0.0000345,-0.0000009)|   0, 0, 0;2,  1;0,  0> +
           ( 0.0000345,-0.0000009)|   0, 0, 0;0,  0;2,  1> +
           ( 0.0000343, 0.0000000)|   1, 0, 0;1, -1;0,  0> +
           (-0.0000343,-0.0000000)|   1, 0, 0;0,  0;1, -1> +
            ...
 |  546> = ( 0.6712865,-0.0000022)|   0, 0, 0;0,  0;1, -1> +
           ( 0.6712865,-0.0000022)|   0, 0, 0;1, -1;0,  0> +
           (-0.2222009, 0.0005179)|   0, 0, 0;0,  0;1,  1> +
           (-0.2222009, 0.0005179)|   0, 0, 0;1,  1;0,  0> +
           (-0.0008777, 0.0000000)|   0, 0, 0;1,  0;1, -1> +
           ( 0.0008777,-0.0000000)|   0, 0, 0;1, -1;1,  0> +
           ( 0.0003399,-0.0000000)|   0, 0, 0;0,  0;2, -1> +
           (-0.0003399, 0.0000000)|   0, 0, 0;2, -1;0,  0> +
           ( 0.0002905,-0.0000007)|   0, 0, 0;1,  0;1,  1> +
           (-0.0002905, 0.0000007)|   0, 0, 0;1,  1;1,  0> +
           (-0.0001125, 0.0000003)|   0, 0, 0;0,  0;2,  1> +
           ( 0.0001125,-0.0000003)|   0, 0, 0;2,  1;0,  0> +
           (-0.0000327, 0.0000000)|   1, 0, 0;1, -1;0,  0> +
           (-0.0000327, 0.0000000)|   1, 0, 0;0,  0;1, -1> +
           ( 0.0000108,-0.0000000)|   1, 0, 0;0,  0;1,  1> +
           ( 0.0000108,-0.0000000)|   1, 0, 0;1,  1;0,  0> +
            ...
 |  547> = (-0.6712847, 0.0015427)|   0, 0, 0;0,  0;1,  1> +
           (-0.6712846, 0.0015427)|   0, 0, 0;1,  1;0,  0> +
           (-0.2222015,-0.0000065)|   0, 0, 0;0,  0;1, -1> +
           (-0.2222015,-0.0000065)|   0, 0, 0;1, -1;0,  0> +
           ( 0.0008777,-0.0000020)|   0, 0, 0;1,  0;1,  1> +
           (-0.0008777, 0.0000020)|   0, 0, 0;1,  1;1,  0> +
           (-0.0003399, 0.0000008)|   0, 0, 0;0,  0;2,  1> +
           ( 0.0003399,-0.0000008)|   0, 0, 0;2,  1;0,  0> +
           ( 0.0002905, 0.0000000)|   0, 0, 0;1,  0;1, -1> +
           (-0.0002905,-0.0000000)|   0, 0, 0;1, -1;1,  0> +
           (-0.0001125,-0.0000000)|   0, 0, 0;0,  0;2, -1> +
           ( 0.0001125, 0.0000000)|   0, 0, 0;2, -1;0,  0> +
           ( 0.0000327,-0.0000001)|   1, 0, 0;0,  0;1,  1> +
           ( 0.0000327,-0.0000001)|   1, 0, 0;1,  1;0,  0> +
           ( 0.0000108, 0.0000000)|   1, 0, 0;0,  0;1, -1> +
           ( 0.0000108, 0.0000000)|   1, 0, 0;1, -1;0,  0> +
            ...
 |  548> = (-0.7071067,-0.0000000)|   0, 0, 0;1,  0;0,  0> +
           (-0.7071067,-0.0000000)|   0, 0, 0;0,  0;1,  0> +
           ( 0.0004135, 0.0000000)|   0, 0, 0;2,  0;0,  0> +
           (-0.0004135,-0.0000000)|   0, 0, 0;0,  0;2,  0> +
           ( 0.0000106,-0.0000000)|   1, 0, 0;1,  0;0,  0> +
           ( 0.0000106,-0.0000000)|   1, 0, 0;0,  0;1,  0> +
            ...
 |  549> = (-0.7071042,-0.0000000)|   0, 0, 0;0,  0;1,  0> +
           ( 0.7071042,-0.0000000)|   0, 0, 0;1,  0;0,  0> +
           ( 0.0018490, 0.0000000)|   0, 0, 0;1,  0;1,  0> +
           ( 0.0018490, 0.0000000)|   0, 0, 0;0,  0;0,  0> +
           (-0.0004134,-0.0000000)|   0, 0, 0;0,  0;2,  0> +
           (-0.0004134, 0.0000000)|   0, 0, 0;2,  0;0,  0> +
           ( 0.0000106,-0.0000000)|   1, 0, 0;0,  0;1,  0> +
           (-0.0000106,-0.0000000)|   1, 0, 0;1,  0;0,  0> +
            ...
 |  550> = ( 0.7027972, 0.0255502)|   1, 0, 0;0,  0;1,  1> +
           (-0.7027971,-0.0255502)|   1, 0, 0;1,  1;0,  0> +
           (-0.0735879,-0.0026808)|   1, 0, 0;0,  0;1, -1> +
           ( 0.0735879, 0.0026808)|   1, 0, 0;1, -1;0,  0> +
           (-0.0009189,-0.0000334)|   1, 0, 0;1,  0;1,  1> +
           (-0.0009189,-0.0000334)|   1, 0, 0;1,  1;1,  0> +
           ( 0.0003559, 0.0000129)|   1, 0, 0;0,  0;2,  1> +
           ( 0.0003559, 0.0000129)|   1, 0, 0;2,  1;0,  0> +
           ( 0.0000962, 0.0000035)|   1, 0, 0;1,  0;1, -1> +
           ( 0.0000962, 0.0000035)|   1, 0, 0;1, -1;1,  0> +
           (-0.0000485,-0.0000018)|   2, 0, 0;0,  0;1,  1> +
           ( 0.0000485, 0.0000018)|   2, 0, 0;1,  1;0,  0> +
           (-0.0000373,-0.0000014)|   1, 0, 0;0,  0;2, -1> +
           (-0.0000373,-0.0000014)|   1, 0, 0;2, -1;0,  0> +
           ( 0.0000343, 0.0000012)|   0, 0, 0;0,  0;1,  1> +
           (-0.0000343,-0.0000012)|   0, 0, 0;1,  1;0,  0> +
            ...
 |  551> = (-0.7032615,-0.0000006)|   1, 0, 0;1, -1;0,  0> +
           ( 0.7032614, 0.0000006)|   1, 0, 0;0,  0;1, -1> +
           (-0.0736367, 0.0000054)|   1, 0, 0;1,  1;0,  0> +
           ( 0.0736367,-0.0000054)|   1, 0, 0;0,  0;1,  1> +
           (-0.0009195,-0.0000000)|   1, 0, 0;1, -1;1,  0> +
           (-0.0009195,-0.0000000)|   1, 0, 0;1,  0;1, -1> +
           ( 0.0003561, 0.0000000)|   1, 0, 0;2, -1;0,  0> +
           ( 0.0003561, 0.0000000)|   1, 0, 0;0,  0;2, -1> +
           (-0.0000963, 0.0000000)|   1, 0, 0;1,  1;1,  0> +
           (-0.0000963, 0.0000000)|   1, 0, 0;1,  0;1,  1> +
           ( 0.0000485, 0.0000000)|   2, 0, 0;1, -1;0,  0> +
           (-0.0000485,-0.0000000)|   2, 0, 0;0,  0;1, -1> +
           ( 0.0000373,-0.0000000)|   1, 0, 0;2,  1;0,  0> +
           ( 0.0000373,-0.0000000)|   1, 0, 0;0,  0;2,  1> +
           (-0.0000343,-0.0000000)|   0, 0, 0;1, -1;0,  0> +
           ( 0.0000343, 0.0000000)|   0, 0, 0;0,  0;1, -1> +
            ...
 |  552> = ( 0.7037399,-0.0000025)|   1, 0, 0;0,  0;1, -1> +
           ( 0.7037399,-0.0000025)|   1, 0, 0;1, -1;0,  0> +
           ( 0.0689142, 0.0000255)|   1, 0, 0;0,  0;1,  1> +
           ( 0.0689142, 0.0000255)|   1, 0, 0;1,  1;0,  0> +
           (-0.0009201, 0.0000000)|   1, 0, 0;1,  0;1, -1> +
           ( 0.0009201,-0.0000000)|   1, 0, 0;1, -1;1,  0> +
           ( 0.0003564,-0.0000000)|   1, 0, 0;0,  0;2, -1> +
           (-0.0003564, 0.0000000)|   1, 0, 0;2, -1;0,  0> +
           (-0.0000901,-0.0000000)|   1, 0, 0;1,  0;1,  1> +
           ( 0.0000901, 0.0000000)|   1, 0, 0;1,  1;1,  0> +
           (-0.0000485, 0.0000000)|   2, 0, 0;0,  0;1, -1> +
           (-0.0000485, 0.0000000)|   2, 0, 0;1, -1;0,  0> +
           ( 0.0000349, 0.0000000)|   1, 0, 0;0,  0;2,  1> +
           (-0.0000349,-0.0000000)|   1, 0, 0;2,  1;0,  0> +
           ( 0.0000343,-0.0000000)|   0, 0, 0;0,  0;1, -1> +
           ( 0.0000343,-0.0000000)|   0, 0, 0;1, -1;0,  0> +
            ...
 |  553> = ( 0.7031988,-0.0275938)|   1, 0, 0;1,  1;0,  0> +
           ( 0.7031987,-0.0275938)|   1, 0, 0;0,  0;1,  1> +
           (-0.0688602, 0.0027278)|   1, 0, 0;1, -1;0,  0> +
           (-0.0688602, 0.0027278)|   1, 0, 0;0,  0;1, -1> +
           ( 0.0009194,-0.0000361)|   1, 0, 0;1,  1;1,  0> +
           (-0.0009194, 0.0000361)|   1, 0, 0;1,  0;1,  1> +
           (-0.0003561, 0.0000140)|   1, 0, 0;2,  1;0,  0> +
           ( 0.0003561,-0.0000140)|   1, 0, 0;0,  0;2,  1> +
           (-0.0000900, 0.0000036)|   1, 0, 0;1, -1;1,  0> +
           ( 0.0000900,-0.0000036)|   1, 0, 0;1,  0;1, -1> +
           (-0.0000485, 0.0000019)|   2, 0, 0;1,  1;0,  0> +
           (-0.0000485, 0.0000019)|   2, 0, 0;0,  0;1,  1> +
           ( 0.0000349,-0.0000014)|   1, 0, 0;2, -1;0,  0> +
           (-0.0000349, 0.0000014)|   1, 0, 0;0,  0;2, -1> +
           ( 0.0000343,-0.0000013)|   0, 0, 0;1,  1;0,  0> +
           ( 0.0000343,-0.0000013)|   0, 0, 0;0,  0;1,  1> +
            ...
 |  554> = (-0.7071067, 0.0000000)|   1, 0, 0;1,  0;0,  0> +
           (-0.7071067, 0.0000000)|   1, 0, 0;0,  0;1,  0> +
           ( 0.0004135,-0.0000000)|   1, 0, 0;2,  0;0,  0> +
           (-0.0004135, 0.0000000)|   1, 0, 0;0,  0;2,  0> +
           ( 0.0000150,-0.0000000)|   2, 0, 0;1,  0;0,  0> +
           ( 0.0000150,-0.0000000)|   2, 0, 0;0,  0;1,  0> +
           (-0.0000106,-0.0000000)|   0, 0, 0;1,  0;0,  0> +
           (-0.0000106,-0.0000000)|   0, 0, 0;0,  0;1,  0> +
            ...
 |  555> = ( 0.7071042,-0.0000000)|   1, 0, 0;0,  0;1,  0> +
           (-0.7071042,-0.0000000)|   1, 0, 0;1,  0;0,  0> +
           (-0.0018490,-0.0000000)|   1, 0, 0;1,  0;1,  0> +
           (-0.0018490,-0.0000000)|   1, 0, 0;0,  0;0,  0> +
           ( 0.0004134,-0.0000000)|   1, 0, 0;0,  0;2,  0> +
           ( 0.0004134, 0.0000000)|   1, 0, 0;2,  0;0,  0> +
           (-0.0000150, 0.0000000)|   2, 0, 0;0,  0;1,  0> +
           ( 0.0000150, 0.0000000)|   2, 0, 0;1,  0;0,  0> +
           (-0.0000106, 0.0000000)|   0, 0, 0;1,  0;0,  0> +
           ( 0.0000106, 0.0000000)|   0, 0, 0;0,  0;1,  0> +
            ...
 |  556> = ( 0.7051958, 0.0519356)|   2, 0, 0;0,  0;1,  1> +
           (-0.7051957,-0.0519356)|   2, 0, 0;1,  1;0,  0> +
           (-0.0009220,-0.0000679)|   2, 0, 0;1,  0;1,  1> +
           (-0.0009220,-0.0000679)|   2, 0, 0;1,  1;1,  0> +
           (-0.0007759,-0.0000571)|   2, 0, 0;0,  0;1, -1> +
           ( 0.0007759, 0.0000571)|   2, 0, 0;1, -1;0,  0> +
           ( 0.0003571, 0.0000263)|   2, 0, 0;0,  0;2,  1> +
           ( 0.0003571, 0.0000263)|   2, 0, 0;2,  1;0,  0> +
           (-0.0000595,-0.0000044)|   3, 0, 0;0,  0;1,  1> +
           ( 0.0000595, 0.0000044)|   3, 0, 0;1,  1;0,  0> +
           ( 0.0000486, 0.0000036)|   1, 0, 0;0,  0;1,  1> +
           (-0.0000486,-0.0000036)|   1, 0, 0;1,  1;0,  0> +
            ...
 |  557> = (-0.7071057, 0.0000000)|   2, 0, 0;0,  0;1, -1> +
           ( 0.7071057,-0.0000000)|   2, 0, 0;1, -1;0,  0> +
           ( 0.0009245,-0.0000000)|   2, 0, 0;1,  0;1, -1> +
           ( 0.0009245,-0.0000000)|   2, 0, 0;1, -1;1,  0> +
           (-0.0007780, 0.0000000)|   2, 0, 0;0,  0;1,  1> +
           ( 0.0007780,-0.0000000)|   2, 0, 0;1,  1;0,  0> +
           (-0.0003581, 0.0000000)|   2, 0, 0;0,  0;2, -1> +
           (-0.0003581, 0.0000000)|   2, 0, 0;2, -1;0,  0> +
           (-0.0000597,-0.0000000)|   3, 0, 0;1, -1;0,  0> +
           ( 0.0000597, 0.0000000)|   3, 0, 0;0,  0;1, -1> +
           ( 0.0000488,-0.0000000)|   1, 0, 0;1, -1;0,  0> +
           (-0.0000488, 0.0000000)|   1, 0, 0;0,  0;1, -1> +
            ...
 |  558> = ( 0.7071056,-0.0000000)|   2, 0, 0;1, -1;0,  0> +
           ( 0.7071056,-0.0000000)|   2, 0, 0;0,  0;1, -1> +
           ( 0.0009245,-0.0000000)|   2, 0, 0;1, -1;1,  0> +
           (-0.0009245, 0.0000000)|   2, 0, 0;1,  0;1, -1> +
           ( 0.0007846, 0.0000000)|   2, 0, 0;1,  1;0,  0> +
           ( 0.0007846, 0.0000000)|   2, 0, 0;0,  0;1,  1> +
           (-0.0003581, 0.0000000)|   2, 0, 0;2, -1;0,  0> +
           ( 0.0003581,-0.0000000)|   2, 0, 0;0,  0;2, -1> +
           (-0.0000597, 0.0000000)|   3, 0, 0;0,  0;1, -1> +
           (-0.0000597, 0.0000000)|   3, 0, 0;1, -1;0,  0> +
           ( 0.0000488, 0.0000000)|   1, 0, 0;0,  0;1, -1> +
           ( 0.0000488,-0.0000000)|   1, 0, 0;1, -1;0,  0> +
            ...
 |  559> = (-0.7056615, 0.0451705)|   2, 0, 0;1,  1;0,  0> +
           (-0.7056614, 0.0451705)|   2, 0, 0;0,  0;1,  1> +
           (-0.0009226, 0.0000591)|   2, 0, 0;1,  1;1,  0> +
           ( 0.0009226,-0.0000591)|   2, 0, 0;1,  0;1,  1> +
           ( 0.0007830,-0.0000501)|   2, 0, 0;1, -1;0,  0> +
           ( 0.0007830,-0.0000501)|   2, 0, 0;0,  0;1, -1> +
           ( 0.0003573,-0.0000229)|   2, 0, 0;2,  1;0,  0> +
           (-0.0003573, 0.0000229)|   2, 0, 0;0,  0;2,  1> +
           ( 0.0000596,-0.0000038)|   3, 0, 0;1,  1;0,  0> +
           ( 0.0000596,-0.0000038)|   3, 0, 0;0,  0;1,  1> +
           (-0.0000487, 0.0000031)|   1, 0, 0;1,  1;0,  0> +
           (-0.0000487, 0.0000031)|   1, 0, 0;0,  0;1,  1> +
            ...
 |  560> = ( 0.7071067,-0.0000000)|   2, 0, 0;1,  0;0,  0> +
           ( 0.7071067,-0.0000000)|   2, 0, 0;0,  0;1,  0> +
           (-0.0004135, 0.0000000)|   2, 0, 0;2,  0;0,  0> +
           ( 0.0004135,-0.0000000)|   2, 0, 0;0,  0;2,  0> +
           (-0.0000184, 0.0000000)|   3, 0, 0;1,  0;0,  0> +
           (-0.0000184, 0.0000000)|   3, 0, 0;0,  0;1,  0> +
           ( 0.0000150,-0.0000000)|   1, 0, 0;1,  0;0,  0> +
           ( 0.0000150,-0.0000000)|   1, 0, 0;0,  0;1,  0> +
            ...
 |  561> = ( 0.7071042,-0.0000000)|   2, 0, 0;0,  0;1,  0> +
           (-0.7071042,-0.0000000)|   2, 0, 0;1,  0;0,  0> +
           (-0.0018490, 0.0000000)|   2, 0, 0;1,  0;1,  0> +
           (-0.0018490, 0.0000000)|   2, 0, 0;0,  0;0,  0> +
           ( 0.0004134,-0.0000000)|   2, 0, 0;0,  0;2,  0> +
           ( 0.0004134, 0.0000000)|   2, 0, 0;2,  0;0,  0> +
           (-0.0000184, 0.0000000)|   3, 0, 0;0,  0;1,  0> +
           ( 0.0000184, 0.0000000)|   3, 0, 0;1,  0;0,  0> +
           (-0.0000150, 0.0000000)|   1, 0, 0;1,  0;0,  0> +
           ( 0.0000150, 0.0000000)|   1, 0, 0;0,  0;1,  0> +
            ...
 |  562> = ( 0.7071045, 0.0000000)|   3, 0, 0;0,  0;1, -1> +
           (-0.7071045,-0.0000000)|   3, 0, 0;1, -1;0,  0> +
           (-0.0014772, 0.0000001)|   3, 0, 0;1,  1;0,  0> +
           ( 0.0014772,-0.0000001)|   3, 0, 0;0,  0;1,  1> +
           (-0.0009245,-0.0000000)|   3, 0, 0;1,  0;1, -1> +
           (-0.0009245,-0.0000000)|   3, 0, 0;1, -1;1,  0> +
           ( 0.0003581, 0.0000000)|   3, 0, 0;0,  0;2, -1> +
           ( 0.0003581, 0.0000000)|   3, 0, 0;2, -1;0,  0> +
           ( 0.0000689, 0.0000000)|   4, 0, 0;1, -1;0,  0> +
           (-0.0000689,-0.0000000)|   4, 0, 0;0,  0;1, -1> +
           ( 0.0000597, 0.0000000)|   2, 0, 0;0,  0;1, -1> +
           (-0.0000597,-0.0000000)|   2, 0, 0;1, -1;0,  0> +
            ...
 |  563> = (-0.7068961, 0.0171675)|   3, 0, 0;1,  1;0,  0> +
           ( 0.7068961,-0.0171675)|   3, 0, 0;0,  0;1,  1> +
           ( 0.0014768,-0.0000357)|   3, 0, 0;1, -1;0,  0> +
           (-0.0014768, 0.0000357)|   3, 0, 0;0,  0;1, -1> +
           (-0.0009242, 0.0000224)|   3, 0, 0;1,  1;1,  0> +
           (-0.0009242, 0.0000224)|   3, 0, 0;1,  0;1,  1> +
           ( 0.0003580,-0.0000087)|   3, 0, 0;2,  1;0,  0> +
           ( 0.0003580,-0.0000087)|   3, 0, 0;0,  0;2,  1> +
           ( 0.0000689,-0.0000017)|   4, 0, 0;1,  1;0,  0> +
           (-0.0000689, 0.0000017)|   4, 0, 0;0,  0;1,  1> +
           (-0.0000597, 0.0000014)|   2, 0, 0;1,  1;0,  0> +
           ( 0.0000597,-0.0000014)|   2, 0, 0;0,  0;1,  1> +
            ...
 |  564> = (-0.7071045, 0.0000000)|   3, 0, 0;1, -1;0,  0> +
           (-0.7071045, 0.0000000)|   3, 0, 0;0,  0;1, -1> +
           (-0.0014756,-0.0000000)|   3, 0, 0;1,  1;0,  0> +
           (-0.0014756,-0.0000000)|   3, 0, 0;0,  0;1,  1> +
           (-0.0009245, 0.0000000)|   3, 0, 0;1, -1;1,  0> +
           ( 0.0009245,-0.0000000)|   3, 0, 0;1,  0;1, -1> +
           ( 0.0003581,-0.0000000)|   3, 0, 0;2, -1;0,  0> +
           (-0.0003581, 0.0000000)|   3, 0, 0;0,  0;2, -1> +
           ( 0.0000689,-0.0000000)|   4, 0, 0;0,  0;1, -1> +
           ( 0.0000689,-0.0000000)|   4, 0, 0;1, -1;0,  0> +
           (-0.0000597, 0.0000000)|   2, 0, 0;1, -1;0,  0> +
           (-0.0000597, 0.0000000)|   2, 0, 0;0,  0;1, -1> +
            ...
 |  565> = ( 0.7062276, 0.0352062)|   3, 0, 0;0,  0;1,  1> +
           ( 0.7062275, 0.0352062)|   3, 0, 0;1,  1;0,  0> +
           (-0.0014738,-0.0000735)|   3, 0, 0;0,  0;1, -1> +
           (-0.0014738,-0.0000735)|   3, 0, 0;1, -1;0,  0> +
           (-0.0009234,-0.0000460)|   3, 0, 0;1,  0;1,  1> +
           ( 0.0009234, 0.0000460)|   3, 0, 0;1,  1;1,  0> +
           ( 0.0003576, 0.0000178)|   3, 0, 0;0,  0;2,  1> +
           (-0.0003576,-0.0000178)|   3, 0, 0;2,  1;0,  0> +
           (-0.0000689,-0.0000034)|   4, 0, 0;0,  0;1,  1> +
           (-0.0000689,-0.0000034)|   4, 0, 0;1,  1;0,  0> +
           ( 0.0000596, 0.0000030)|   2, 0, 0;0,  0;1,  1> +
           ( 0.0000596, 0.0000030)|   2, 0, 0;1,  1;0,  0> +
            ...
 |  566> = (-0.7071067,-0.0000676)|   3, 0, 0;0,  0;1,  0> +
           (-0.7071067,-0.0000676)|   3, 0, 0;1,  0;0,  0> +
           (-0.0004135,-0.0000000)|   3, 0, 0;0,  0;2,  0> +
           ( 0.0004135, 0.0000000)|   3, 0, 0;2,  0;0,  0> +
           ( 0.0000212, 0.0000000)|   4, 0, 0;1,  0;0,  0> +
           ( 0.0000212, 0.0000000)|   4, 0, 0;0,  0;1,  0> +
           (-0.0000184,-0.0000000)|   2, 0, 0;0,  0;1,  0> +
           (-0.0000184,-0.0000000)|   2, 0, 0;1,  0;0,  0> +
            ...
 |  567> = ( 0.7071042, 0.0000000)|   3, 0, 0;1,  0;0,  0> +
           (-0.7071042, 0.0000000)|   3, 0, 0;0,  0;1,  0> +
           ( 0.0018490,-0.0000000)|   3, 0, 0;1,  0;1,  0> +
           ( 0.0018490,-0.0000000)|   3, 0, 0;0,  0;0,  0> +
           (-0.0004134,-0.0000000)|   3, 0, 0;2,  0;0,  0> +
           (-0.0004134, 0.0000000)|   3, 0, 0;0,  0;2,  0> +
           (-0.0000212,-0.0000000)|   4, 0, 0;1,  0;0,  0> +
           ( 0.0000212,-0.0000000)|   4, 0, 0;0,  0;1,  0> +
           ( 0.0000184, 0.0000000)|   2, 0, 0;1,  0;0,  0> +
           (-0.0000184, 0.0000000)|   2, 0, 0;0,  0;1,  0> +
            ...
 |  568> = (-0.7071032, 0.0000000)|   4, 0, 0;1, -1;0,  0> +
           ( 0.7071031,-0.0000000)|   4, 0, 0;0,  0;1, -1> +
           (-0.0020352,-0.0000000)|   4, 0, 0;1,  1;0,  0> +
           ( 0.0020352,-0.0000000)|   4, 0, 0;0,  0;1,  1> +
           (-0.0009245, 0.0000000)|   4, 0, 0;1, -1;1,  0> +
           (-0.0009245, 0.0000000)|   4, 0, 0;1,  0;1, -1> +
           ( 0.0003581,-0.0000000)|   4, 0, 0;2, -1;0,  0> +
           ( 0.0003581,-0.0000000)|   4, 0, 0;0,  0;2, -1> +
           ( 0.0000771,-0.0000000)|   5, 0, 0;1, -1;0,  0> +
           (-0.0000771, 0.0000000)|   5, 0, 0;0,  0;1, -1> +
           (-0.0000690, 0.0000000)|   3, 0, 0;1, -1;0,  0> +
           ( 0.0000690,-0.0000000)|   3, 0, 0;0,  0;1, -1> +
            ...
 |  569> = (-0.5271433, 0.4712906)|   4, 0, 0;0,  0;1,  1> +
           ( 0.5271433,-0.4712906)|   4, 0, 0;1,  1;0,  0> +
           ( 0.0015173,-0.0013565)|   4, 0, 0;0,  0;1, -1> +
           (-0.0015173, 0.0013565)|   4, 0, 0;1, -1;0,  0> +
           ( 0.0006892,-0.0006162)|   4, 0, 0;1,  0;1,  1> +
           ( 0.0006892,-0.0006162)|   4, 0, 0;1,  1;1,  0> +
           (-0.0002669, 0.0002386)|   4, 0, 0;0,  0;2,  1> +
           (-0.0002669, 0.0002386)|   4, 0, 0;2,  1;0,  0> +
           ( 0.0000575,-0.0000514)|   5, 0, 0;0,  0;1,  1> +
           (-0.0000575, 0.0000514)|   5, 0, 0;1,  1;0,  0> +
           (-0.0000514, 0.0000460)|   3, 0, 0;0,  0;1,  1> +
           ( 0.0000514,-0.0000460)|   3, 0, 0;1,  1;0,  0> +
            ...
 |  570> = (-0.7071032, 0.0000000)|   4, 0, 0;0,  0;1, -1> +
           (-0.7071031, 0.0000000)|   4, 0, 0;1, -1;0,  0> +
           (-0.0020418,-0.0000001)|   4, 0, 0;0,  0;1,  1> +
           (-0.0020418,-0.0000001)|   4, 0, 0;1,  1;0,  0> +
           ( 0.0009245,-0.0000000)|   4, 0, 0;1,  0;1, -1> +
           (-0.0009245, 0.0000000)|   4, 0, 0;1, -1;1,  0> +
           (-0.0003581, 0.0000000)|   4, 0, 0;0,  0;2, -1> +
           ( 0.0003581,-0.0000000)|   4, 0, 0;2, -1;0,  0> +
           ( 0.0000771,-0.0000000)|   5, 0, 0;0,  0;1, -1> +
           ( 0.0000771,-0.0000000)|   5, 0, 0;1, -1;0,  0> +
           (-0.0000690, 0.0000000)|   3, 0, 0;0,  0;1, -1> +
           (-0.0000690, 0.0000000)|   3, 0, 0;1, -1;0,  0> +
            ...
 |  571> = ( 0.1443916, 0.6922037)|   4, 0, 0;1,  1;0,  0> +
           ( 0.1443917, 0.6922036)|   4, 0, 0;0,  0;1,  1> +
           (-0.0004170,-0.0019987)|   4, 0, 0;1, -1;0,  0> +
           (-0.0004170,-0.0019987)|   4, 0, 0;0,  0;1, -1> +
           ( 0.0001888, 0.0009050)|   4, 0, 0;1,  1;1,  0> +
           (-0.0001888,-0.0009050)|   4, 0, 0;1,  0;1,  1> +
           (-0.0000731,-0.0003505)|   4, 0, 0;2,  1;0,  0> +
           ( 0.0000731, 0.0003505)|   4, 0, 0;0,  0;2,  1> +
           (-0.0000157,-0.0000755)|   5, 0, 0;1,  1;0,  0> +
           (-0.0000157,-0.0000755)|   5, 0, 0;0,  0;1,  1> +
           ( 0.0000141, 0.0000675)|   3, 0, 0;1,  1;0,  0> +
           ( 0.0000141, 0.0000675)|   3, 0, 0;0,  0;1,  1> +
            ...
 |  572> = (-0.6899841,-0.1546666)|   4, 0, 0;1,  0;0,  0> +
           (-0.6899841,-0.1546666)|   4, 0, 0;0,  0;1,  0> +
           ( 0.0004034, 0.0000904)|   4, 0, 0;2,  0;0,  0> +
           (-0.0004034,-0.0000904)|   4, 0, 0;0,  0;2,  0> +
           ( 0.0000231, 0.0000052)|   5, 0, 0;0,  0;1,  0> +
           ( 0.0000231, 0.0000052)|   5, 0, 0;1,  0;0,  0> +
           (-0.0000207,-0.0000046)|   3, 0, 0;1,  0;0,  0> +
           (-0.0000207,-0.0000046)|   3, 0, 0;0,  0;1,  0> +
            ...
 |  573> = ( 0.7071042, 0.0000000)|   4, 0, 0;0,  0;1,  0> +
           (-0.7071042, 0.0000000)|   4, 0, 0;1,  0;0,  0> +
           (-0.0018490,-0.0000000)|   4, 0, 0;1,  0;1,  0> +
           (-0.0018490,-0.0000000)|   4, 0, 0;0,  0;0,  0> +
           ( 0.0004134, 0.0000000)|   4, 0, 0;0,  0;2,  0> +
           ( 0.0004134,-0.0000000)|   4, 0, 0;2,  0;0,  0> +
           (-0.0000237, 0.0000000)|   5, 0, 0;0,  0;1,  0> +
           ( 0.0000237, 0.0000000)|   5, 0, 0;1,  0;0,  0> +
           (-0.0000212,-0.0000000)|   3, 0, 0;1,  0;0,  0> +
           ( 0.0000212,-0.0000000)|   3, 0, 0;0,  0;1,  0> +
            ...
 |  574> = (-0.7064980, 0.0000005)|   5, 0, 0;1, -1;0,  0> +
           ( 0.7064979,-0.0000005)|   5, 0, 0;0,  0;1, -1> +
           (-0.0293198, 0.0000213)|   5, 0, 0;1,  1;0,  0> +
           ( 0.0293198,-0.0000213)|   5, 0, 0;0,  0;1,  1> +
           (-0.0009237, 0.0000000)|   5, 0, 0;1, -1;1,  0> +
           (-0.0009237, 0.0000000)|   5, 0, 0;1,  0;1, -1> +
           ( 0.0003578,-0.0000000)|   5, 0, 0;2, -1;0,  0> +
           ( 0.0003578,-0.0000000)|   5, 0, 0;0,  0;2, -1> +
           ( 0.0000844,-0.0000000)|   6, 0, 0;1, -1;0,  0> +
           (-0.0000844, 0.0000000)|   6, 0, 0;0,  0;1, -1> +
           ( 0.0000770,-0.0000000)|   4, 0, 0;0,  0;1, -1> +
           (-0.0000770, 0.0000000)|   4, 0, 0;1, -1;0,  0> +
           (-0.0000383, 0.0000000)|   5, 0, 0;1,  1;1,  0> +
           (-0.0000383, 0.0000000)|   5, 0, 0;1,  0;1,  1> +
           ( 0.0000148,-0.0000000)|   5, 0, 0;2,  1;0,  0> +
           ( 0.0000148,-0.0000000)|   5, 0, 0;0,  0;2,  1> +
            ...
 |  575> = (-0.7062493,-0.0187470)|   5, 0, 0;1,  1;0,  0> +
           ( 0.7062491, 0.0187470)|   5, 0, 0;0,  0;1,  1> +
           ( 0.0293089, 0.0007993)|   5, 0, 0;1, -1;0,  0> +
           (-0.0293089,-0.0007993)|   5, 0, 0;0,  0;1, -1> +
           (-0.0009234,-0.0000245)|   5, 0, 0;1,  1;1,  0> +
           (-0.0009234,-0.0000245)|   5, 0, 0;1,  0;1,  1> +
           ( 0.0003576, 0.0000095)|   5, 0, 0;2,  1;0,  0> +
           ( 0.0003576, 0.0000095)|   5, 0, 0;0,  0;2,  1> +
           ( 0.0000843, 0.0000022)|   6, 0, 0;1,  1;0,  0> +
           (-0.0000843,-0.0000022)|   6, 0, 0;0,  0;1,  1> +
           (-0.0000770,-0.0000020)|   4, 0, 0;1,  1;0,  0> +
           ( 0.0000770, 0.0000020)|   4, 0, 0;0,  0;1,  1> +
           ( 0.0000383, 0.0000010)|   5, 0, 0;1, -1;1,  0> +
           ( 0.0000383, 0.0000010)|   5, 0, 0;1,  0;1, -1> +
           (-0.0000148,-0.0000004)|   5, 0, 0;2, -1;0,  0> +
           (-0.0000148,-0.0000004)|   5, 0, 0;0,  0;2, -1> +
            ...
 |  576> = (-0.7063114, 0.0000027)|   5, 0, 0;0,  0;1, -1> +
           (-0.7063113, 0.0000027)|   5, 0, 0;1, -1;0,  0> +
           (-0.0335155,-0.0000281)|   5, 0, 0;0,  0;1,  1> +
           (-0.0335155,-0.0000281)|   5, 0, 0;1,  1;0,  0> +
           ( 0.0009235,-0.0000000)|   5, 0, 0;1,  0;1, -1> +
           (-0.0009235, 0.0000000)|   5, 0, 0;1, -1;1,  0> +
           (-0.0003577, 0.0000000)|   5, 0, 0;0,  0;2, -1> +
           ( 0.0003577,-0.0000000)|   5, 0, 0;2, -1;0,  0> +
           ( 0.0000843,-0.0000000)|   6, 0, 0;0,  0;1, -1> +
           ( 0.0000843,-0.0000000)|   6, 0, 0;1, -1;0,  0> +
           (-0.0000770, 0.0000000)|   4, 0, 0;0,  0;1, -1> +
           (-0.0000770, 0.0000000)|   4, 0, 0;1, -1;0,  0> +
           ( 0.0000438, 0.0000000)|   5, 0, 0;1,  0;1,  1> +
           (-0.0000438,-0.0000000)|   5, 0, 0;1,  1;1,  0> +
           (-0.0000170,-0.0000000)|   5, 0, 0;0,  0;2,  1> +
           ( 0.0000170, 0.0000000)|   5, 0, 0;2,  1;0,  0> +
            ...
 |  577> = ( 0.7061952,-0.0128147)|   5, 0, 0;0,  0;1,  1> +
           ( 0.7061950,-0.0128147)|   5, 0, 0;1,  1;0,  0> +
           (-0.0335095, 0.0006363)|   5, 0, 0;0,  0;1, -1> +
           (-0.0335094, 0.0006363)|   5, 0, 0;1, -1;0,  0> +
           (-0.0009233, 0.0000168)|   5, 0, 0;1,  0;1,  1> +
           ( 0.0009233,-0.0000168)|   5, 0, 0;1,  1;1,  0> +
           ( 0.0003576,-0.0000065)|   5, 0, 0;0,  0;2,  1> +
           (-0.0003576, 0.0000065)|   5, 0, 0;2,  1;0,  0> +
           (-0.0000843, 0.0000015)|   6, 0, 0;0,  0;1,  1> +
           (-0.0000843, 0.0000015)|   6, 0, 0;1,  1;0,  0> +
           ( 0.0000770,-0.0000014)|   4, 0, 0;0,  0;1,  1> +
           ( 0.0000770,-0.0000014)|   4, 0, 0;1,  1;0,  0> +
           ( 0.0000438,-0.0000008)|   5, 0, 0;1,  0;1, -1> +
           (-0.0000438, 0.0000008)|   5, 0, 0;1, -1;1,  0> +
           (-0.0000170, 0.0000003)|   5, 0, 0;0,  0;2, -1> +
           ( 0.0000170,-0.0000003)|   5, 0, 0;2, -1;0,  0> +
            ...
 |  578> = ( 0.7069962,-0.0124985)|   5, 0, 0;1,  0;0,  0> +
           ( 0.7069962,-0.0124985)|   5, 0, 0;0,  0;1,  0> +
           (-0.0004134, 0.0000073)|   5, 0, 0;2,  0;0,  0> +
           ( 0.0004134,-0.0000073)|   5, 0, 0;0,  0;2,  0> +
           (-0.0000260, 0.0000005)|   6, 0, 0;0,  0;1,  0> +
           (-0.0000260, 0.0000005)|   6, 0, 0;1,  0;0,  0> +
           ( 0.0000237,-0.0000004)|   4, 0, 0;1,  0;0,  0> +
           ( 0.0000237,-0.0000004)|   4, 0, 0;0,  0;1,  0> +
            ...
 |  579> = (-0.7071042, 0.0000001)|   5, 0, 0;0,  0;1,  0> +
           ( 0.7071042,-0.0000001)|   5, 0, 0;1,  0;0,  0> +
           ( 0.0018490,-0.0000000)|   5, 0, 0;1,  0;1,  0> +
           ( 0.0018490,-0.0000000)|   5, 0, 0;0,  0;0,  0> +
           (-0.0004134, 0.0000000)|   5, 0, 0;0,  0;2,  0> +
           (-0.0004134, 0.0000000)|   5, 0, 0;2,  0;0,  0> +
           ( 0.0000260,-0.0000000)|   6, 0, 0;0,  0;1,  0> +
           (-0.0000260, 0.0000000)|   6, 0, 0;1,  0;0,  0> +
           (-0.0000237, 0.0000000)|   4, 0, 0;0,  0;1,  0> +
           ( 0.0000237,-0.0000000)|   4, 0, 0;1,  0;0,  0> +
            ...
 |  580> = (-0.0007092, 0.3598474)|   0, 0, 1;1, -1;0,  0> +
           ( 0.0007092,-0.3598474)|   0, 0, 1;0,  0;1, -1> +
           ( 0.0010269,-0.3569779)|   0, 0, 1;1,  1;0,  0> +
           (-0.0010269, 0.3569779)|   0, 0, 1;0,  0;1,  1> +
           (-0.3500420,-0.0004650)|   0, 1, 0;1,  1;0,  0> +
           ( 0.3500420, 0.0004650)|   0, 1, 0;0,  0;1,  1> +
           ( 0.3471943, 0.0007827)|   0, 1, 0;0,  0;1, -1> +
           (-0.3471943,-0.0007827)|   0, 1, 0;1, -1;0,  0> +
           (-0.0000009, 0.0004705)|   0, 0, 1;1, -1;1,  0> +
           (-0.0000009, 0.0004705)|   0, 0, 1;1,  0;1, -1> +
           ( 0.0000013,-0.0004667)|   0, 0, 1;1,  1;1,  0> +
           ( 0.0000013,-0.0004667)|   0, 0, 1;1,  0;1,  1> +
           (-0.0004577,-0.0000006)|   0, 1, 0;1,  1;1,  0> +
           (-0.0004577,-0.0000006)|   0, 1, 0;1,  0;1,  1> +
           (-0.0004539,-0.0000010)|   0, 1, 0;1,  0;1, -1> +
           (-0.0004539,-0.0000010)|   0, 1, 0;1, -1;1,  0> +
           ( 0.0000004,-0.0001822)|   0, 0, 1;2, -1;0,  0> +
           ( 0.0000004,-0.0001822)|   0, 0, 1;0,  0;2, -1> +
           (-0.0000005, 0.0001808)|   0, 0, 1;2,  1;0,  0> +
           (-0.0000005, 0.0001808)|   0, 0, 1;0,  0;2,  1> +
           ( 0.0001773, 0.0000002)|   0, 1, 0;2,  1;0,  0> +
           ( 0.0001773, 0.0000002)|   0, 1, 0;0,  0;2,  1> +
           ( 0.0001758, 0.0000004)|   0, 1, 0;0,  0;2, -1> +
           ( 0.0001758, 0.0000004)|   0, 1, 0;2, -1;0,  0> +
           ( 0.0000000,-0.0000175)|   1, 0, 1;1, -1;0,  0> +
           (-0.0000000, 0.0000175)|   1, 0, 1;0,  0;1, -1> +
           (-0.0000001, 0.0000174)|   1, 0, 1;1,  1;0,  0> +
           ( 0.0000001,-0.0000174)|   1, 0, 1;0,  0;1,  1> +
           (-0.0000171,-0.0000000)|   1, 1, 0;0,  0;1,  1> +
           ( 0.0000171, 0.0000000)|   1, 1, 0;1,  1;0,  0> +
           ( 0.0000169, 0.0000000)|   1, 1, 0;1, -1;0,  0> +
           (-0.0000169,-0.0000000)|   1, 1, 0;0,  0;1, -1> +
            ...
 |  581> = (-0.0246924, 0.3561978)|   0, 0, 1;0,  0;1,  1> +
           ( 0.0246924,-0.3561978)|   0, 0, 1;1,  1;0,  0> +
           (-0.3534459,-0.0242679)|   0, 1, 0;0,  0;1,  1> +
           ( 0.3534459, 0.0242679)|   0, 1, 0;1,  1;0,  0> +
           ( 0.3523084, 0.0192287)|   0, 1, 0;0,  0;1, -1> +
           (-0.3523084,-0.0192287)|   0, 1, 0;1, -1;0,  0> +
           ( 0.0188042,-0.3495067)|   0, 0, 1;1, -1;0,  0> +
           (-0.0188042, 0.3495067)|   0, 0, 1;0,  0;1, -1> +
           ( 0.0000323,-0.0004657)|   0, 0, 1;1,  0;1,  1> +
           ( 0.0000323,-0.0004657)|   0, 0, 1;1,  1;1,  0> +
           ( 0.0004621, 0.0000317)|   0, 1, 0;1,  0;1,  1> +
           ( 0.0004621, 0.0000317)|   0, 1, 0;1,  1;1,  0> +
           (-0.0004606,-0.0000251)|   0, 1, 0;1,  0;1, -1> +
           (-0.0004606,-0.0000251)|   0, 1, 0;1, -1;1,  0> +
           ( 0.0000246,-0.0004570)|   0, 0, 1;1, -1;1,  0> +
           ( 0.0000246,-0.0004570)|   0, 0, 1;1,  0;1, -1> +
           (-0.0000125, 0.0001804)|   0, 0, 1;0,  0;2,  1> +
           (-0.0000125, 0.0001804)|   0, 0, 1;2,  1;0,  0> +
           (-0.0001790,-0.0000123)|   0, 1, 0;0,  0;2,  1> +
           (-0.0001790,-0.0000123)|   0, 1, 0;2,  1;0,  0> +
           ( 0.0001784, 0.0000097)|   0, 1, 0;0,  0;2, -1> +
           ( 0.0001784, 0.0000097)|   0, 1, 0;2, -1;0,  0> +
           (-0.0000095, 0.0001770)|   0, 0, 1;2, -1;0,  0> +
           (-0.0000095, 0.0001770)|   0, 0, 1;0,  0;2, -1> +
           ( 0.0000012,-0.0000174)|   1, 0, 1;0,  0;1,  1> +
           (-0.0000012, 0.0000174)|   1, 0, 1;1,  1;0,  0> +
           ( 0.0000172, 0.0000012)|   1, 1, 0;0,  0;1,  1> +
           (-0.0000172,-0.0000012)|   1, 1, 0;1,  1;0,  0> +
           (-0.0000172,-0.0000009)|   1, 1, 0;0,  0;1, -1> +
           ( 0.0000172, 0.0000009)|   1, 1, 0;1, -1;0,  0> +
           ( 0.0000009,-0.0000170)|   1, 0, 1;0,  0;1, -1> +
           (-0.0000009, 0.0000170)|   1, 0, 1;1, -1;0,  0> +
            ...
 |  582> = (-0.3606236, 0.0023791)|   0, 1, 0;1, -1;0,  0> +
           ( 0.3606236,-0.0023791)|   0, 1, 0;0,  0;1, -1> +
           (-0.3561965,-0.0028245)|   0, 1, 0;1,  1;0,  0> +
           ( 0.3561965, 0.0028245)|   0, 1, 0;0,  0;1,  1> +
           (-0.0021458,-0.3505912)|   0, 0, 1;1, -1;0,  0> +
           ( 0.0021458, 0.3505912)|   0, 0, 1;0,  0;1, -1> +
           (-0.0030578, 0.3466005)|   0, 0, 1;1,  1;0,  0> +
           ( 0.0030578,-0.3466005)|   0, 0, 1;0,  0;1,  1> +
           (-0.0004715, 0.0000031)|   0, 1, 0;1, -1;1,  0> +
           (-0.0004715, 0.0000031)|   0, 1, 0;1,  0;1, -1> +
           (-0.0004657,-0.0000037)|   0, 1, 0;1,  1;1,  0> +
           (-0.0004657,-0.0000037)|   0, 1, 0;1,  0;1,  1> +
           (-0.0000028,-0.0004584)|   0, 0, 1;1, -1;1,  0> +
           (-0.0000028,-0.0004584)|   0, 0, 1;1,  0;1, -1> +
           (-0.0000040, 0.0004532)|   0, 0, 1;1,  1;1,  0> +
           (-0.0000040, 0.0004532)|   0, 0, 1;1,  0;1,  1> +
           ( 0.0001826,-0.0000012)|   0, 1, 0;2, -1;0,  0> +
           ( 0.0001826,-0.0000012)|   0, 1, 0;0,  0;2, -1> +
           ( 0.0001804, 0.0000014)|   0, 1, 0;2,  1;0,  0> +
           ( 0.0001804, 0.0000014)|   0, 1, 0;0,  0;2,  1> +
           ( 0.0000011, 0.0001775)|   0, 0, 1;2, -1;0,  0> +
           ( 0.0000011, 0.0001775)|   0, 0, 1;0,  0;2, -1> +
           ( 0.0000015,-0.0001755)|   0, 0, 1;2,  1;0,  0> +
           ( 0.0000015,-0.0001755)|   0, 0, 1;0,  0;2,  1> +
           ( 0.0000176,-0.0000001)|   1, 1, 0;1, -1;0,  0> +
           (-0.0000176, 0.0000001)|   1, 1, 0;0,  0;1, -1> +
           (-0.0000174,-0.0000001)|   1, 1, 0;0,  0;1,  1> +
           ( 0.0000174, 0.0000001)|   1, 1, 0;1,  1;0,  0> +
           ( 0.0000001, 0.0000171)|   1, 0, 1;1, -1;0,  0> +
           (-0.0000001,-0.0000171)|   1, 0, 1;0,  0;1, -1> +
           (-0.0000001, 0.0000169)|   1, 0, 1;0,  0;1,  1> +
           ( 0.0000001,-0.0000169)|   1, 0, 1;1,  1;0,  0> +
            ...
 |  583> = (-0.0000000,-0.3536680)|   0, 0, 1;0,  0;1, -1> +
           ( 0.0000000, 0.3536680)|   0, 0, 1;1, -1;0,  0> +
           (-0.3536559,-0.0000000)|   0, 1, 0;0,  0;1,  1> +
           ( 0.3536559, 0.0000000)|   0, 1, 0;1,  1;0,  0> +
           ( 0.0000001, 0.3534641)|   0, 0, 1;1,  1;0,  0> +
           (-0.0000001,-0.3534641)|   0, 0, 1;0,  0;1,  1> +
           (-0.3534240,-0.0000000)|   0, 1, 0;1, -1;0,  0> +
           ( 0.3534240, 0.0000000)|   0, 1, 0;0,  0;1, -1> +
           ( 0.0000000, 0.0004624)|   0, 0, 1;1,  0;1, -1> +
           ( 0.0000000, 0.0004624)|   0, 0, 1;1, -1;1,  0> +
           ( 0.0004624, 0.0000000)|   0, 1, 0;1,  0;1,  1> +
           ( 0.0004624, 0.0000000)|   0, 1, 0;1,  1;1,  0> +
           ( 0.0000000, 0.0004621)|   0, 0, 1;1,  1;1,  0> +
           ( 0.0000000, 0.0004621)|   0, 0, 1;1,  0;1,  1> +
           (-0.0004621,-0.0000000)|   0, 1, 0;1, -1;1,  0> +
           (-0.0004621,-0.0000000)|   0, 1, 0;1,  0;1, -1> +
           (-0.0000000,-0.0001791)|   0, 0, 1;0,  0;2, -1> +
           (-0.0000000,-0.0001791)|   0, 0, 1;2, -1;0,  0> +
           (-0.0001791,-0.0000000)|   0, 1, 0;0,  0;2,  1> +
           (-0.0001791,-0.0000000)|   0, 1, 0;2,  1;0,  0> +
           (-0.0000000,-0.0001790)|   0, 0, 1;2,  1;0,  0> +
           (-0.0000000,-0.0001790)|   0, 0, 1;0,  0;2,  1> +
           ( 0.0001790, 0.0000000)|   0, 1, 0;2, -1;0,  0> +
           ( 0.0001790, 0.0000000)|   0, 1, 0;0,  0;2, -1> +
           ( 0.0000000, 0.0000172)|   1, 0, 1;0,  0;1, -1> +
           (-0.0000000,-0.0000172)|   1, 0, 1;1, -1;0,  0> +
           ( 0.0000172, 0.0000000)|   1, 1, 0;0,  0;1,  1> +
           (-0.0000172,-0.0000000)|   1, 1, 0;1,  1;0,  0> +
           (-0.0000000,-0.0000172)|   1, 0, 1;1,  1;0,  0> +
           ( 0.0000000, 0.0000172)|   1, 0, 1;0,  0;1,  1> +
           ( 0.0000172, 0.0000000)|   1, 1, 0;1, -1;0,  0> +
           (-0.0000172,-0.0000000)|   1, 1, 0;0,  0;1, -1> +
            ...
 |  584> = (-0.3573916, 0.0000581)|   0, 1, 0;0,  0;1,  1> +
           (-0.3573916, 0.0000581)|   0, 1, 0;1,  1;0,  0> +
           (-0.0003002,-0.3540858)|   0, 0, 1;1,  1;0,  0> +
           (-0.0003002,-0.3540858)|   0, 0, 1;0,  0;1,  1> +
           (-0.3531283,-0.0000017)|   0, 1, 0;1, -1;0,  0> +
           (-0.3531283,-0.0000017)|   0, 1, 0;0,  0;1, -1> +
           (-0.0001947, 0.3495623)|   0, 0, 1;0,  0;1, -1> +
           (-0.0001947, 0.3495623)|   0, 0, 1;1, -1;0,  0> +
           ( 0.0004673,-0.0000001)|   0, 1, 0;1,  0;1,  1> +
           (-0.0004673, 0.0000001)|   0, 1, 0;1,  1;1,  0> +
           (-0.0000004,-0.0004629)|   0, 0, 1;1,  1;1,  0> +
           ( 0.0000004, 0.0004629)|   0, 0, 1;1,  0;1,  1> +
           (-0.0004617,-0.0000000)|   0, 1, 0;1, -1;1,  0> +
           ( 0.0004617, 0.0000000)|   0, 1, 0;1,  0;1, -1> +
           ( 0.0000003,-0.0004570)|   0, 0, 1;1,  0;1, -1> +
           (-0.0000003, 0.0004570)|   0, 0, 1;1, -1;1,  0> +
           (-0.0001810, 0.0000000)|   0, 1, 0;0,  0;2,  1> +
           ( 0.0001810,-0.0000000)|   0, 1, 0;2,  1;0,  0> +
           ( 0.0000002, 0.0001793)|   0, 0, 1;2,  1;0,  0> +
           (-0.0000002,-0.0001793)|   0, 0, 1;0,  0;2,  1> +
           ( 0.0001788, 0.0000000)|   0, 1, 0;2, -1;0,  0> +
           (-0.0001788,-0.0000000)|   0, 1, 0;0,  0;2, -1> +
           (-0.0000001, 0.0001770)|   0, 0, 1;0,  0;2, -1> +
           ( 0.0000001,-0.0001770)|   0, 0, 1;2, -1;0,  0> +
           ( 0.0000174,-0.0000000)|   1, 1, 0;1,  1;0,  0> +
           ( 0.0000174,-0.0000000)|   1, 1, 0;0,  0;1,  1> +
           ( 0.0000000, 0.0000173)|   1, 0, 1;1,  1;0,  0> +
           ( 0.0000000, 0.0000173)|   1, 0, 1;0,  0;1,  1> +
           ( 0.0000172, 0.0000000)|   1, 1, 0;1, -1;0,  0> +
           ( 0.0000172, 0.0000000)|   1, 1, 0;0,  0;1, -1> +
           ( 0.0000000,-0.0000170)|   1, 0, 1;1, -1;0,  0> +
           ( 0.0000000,-0.0000170)|   1, 0, 1;0,  0;1, -1> +
            ...
 |  585> = ( 0.3789135, 0.0204875)|   0, 1, 0;1,  1;0,  0> +
           ( 0.3789135, 0.0204875)|   0, 1, 0;0,  0;1,  1> +
           ( 0.0203194,-0.3785166)|   0, 0, 1;1,  1;0,  0> +
           ( 0.0203194,-0.3785166)|   0, 0, 1;0,  0;1,  1> +
           (-0.3257871,-0.0154932)|   0, 1, 0;1, -1;0,  0> +
           (-0.3257871,-0.0154932)|   0, 1, 0;0,  0;1, -1> +
           ( 0.0157289,-0.3251024)|   0, 0, 1;1, -1;0,  0> +
           ( 0.0157289,-0.3251024)|   0, 0, 1;0,  0;1, -1> +
           ( 0.0004954, 0.0000268)|   0, 1, 0;1,  1;1,  0> +
           (-0.0004954,-0.0000268)|   0, 1, 0;1,  0;1,  1> +
           ( 0.0000266,-0.0004949)|   0, 0, 1;1,  1;1,  0> +
           (-0.0000266, 0.0004949)|   0, 0, 1;1,  0;1,  1> +
           (-0.0004259,-0.0000203)|   0, 1, 0;1, -1;1,  0> +
           ( 0.0004259, 0.0000203)|   0, 1, 0;1,  0;1, -1> +
           ( 0.0000206,-0.0004251)|   0, 0, 1;1, -1;1,  0> +
           (-0.0000206, 0.0004251)|   0, 0, 1;1,  0;1, -1> +
           (-0.0001919,-0.0000104)|   0, 1, 0;2,  1;0,  0> +
           ( 0.0001919, 0.0000104)|   0, 1, 0;0,  0;2,  1> +
           (-0.0000103, 0.0001917)|   0, 0, 1;2,  1;0,  0> +
           ( 0.0000103,-0.0001917)|   0, 0, 1;0,  0;2,  1> +
           ( 0.0001650, 0.0000078)|   0, 1, 0;2, -1;0,  0> +
           (-0.0001650,-0.0000078)|   0, 1, 0;0,  0;2, -1> +
           (-0.0000080, 0.0001646)|   0, 0, 1;2, -1;0,  0> +
           ( 0.0000080,-0.0001646)|   0, 0, 1;0,  0;2, -1> +
           (-0.0000185,-0.0000010)|   1, 1, 0;1,  1;0,  0> +
           (-0.0000185,-0.0000010)|   1, 1, 0;0,  0;1,  1> +
           (-0.0000010, 0.0000185)|   1, 0, 1;1,  1;0,  0> +
           (-0.0000010, 0.0000185)|   1, 0, 1;0,  0;1,  1> +
           ( 0.0000159, 0.0000008)|   1, 1, 0;1, -1;0,  0> +
           ( 0.0000159, 0.0000008)|   1, 1, 0;0,  0;1, -1> +
           (-0.0000008, 0.0000158)|   1, 0, 1;0,  0;1, -1> +
           (-0.0000008, 0.0000158)|   1, 0, 1;1, -1;0,  0> +
            ...
 |  586> = ( 0.0007186, 0.3827945)|   0, 0, 1;0,  0;1, -1> +
           ( 0.0007186, 0.3827945)|   0, 0, 1;1, -1;0,  0> +
           ( 0.3757162,-0.0010675)|   0, 1, 0;0,  0;1, -1> +
           ( 0.3757161,-0.0010675)|   0, 1, 0;1, -1;0,  0> +
           ( 0.3258872, 0.0013293)|   0, 1, 0;0,  0;1,  1> +
           ( 0.3258872, 0.0013293)|   0, 1, 0;1,  1;0,  0> +
           ( 0.0009725,-0.3257268)|   0, 0, 1;0,  0;1,  1> +
           ( 0.0009725,-0.3257268)|   0, 0, 1;1,  1;0,  0> +
           (-0.0000009,-0.0005005)|   0, 0, 1;1,  0;1, -1> +
           ( 0.0000009, 0.0005005)|   0, 0, 1;1, -1;1,  0> +
           (-0.0004912, 0.0000014)|   0, 1, 0;1,  0;1, -1> +
           ( 0.0004912,-0.0000014)|   0, 1, 0;1, -1;1,  0> +
           (-0.0004261,-0.0000017)|   0, 1, 0;1,  0;1,  1> +
           ( 0.0004261, 0.0000017)|   0, 1, 0;1,  1;1,  0> +
           (-0.0000013, 0.0004259)|   0, 0, 1;1,  0;1,  1> +
           ( 0.0000013,-0.0004259)|   0, 0, 1;1,  1;1,  0> +
           ( 0.0000004, 0.0001938)|   0, 0, 1;0,  0;2, -1> +
           (-0.0000004,-0.0001938)|   0, 0, 1;2, -1;0,  0> +
           ( 0.0001903,-0.0000005)|   0, 1, 0;0,  0;2, -1> +
           (-0.0001903, 0.0000005)|   0, 1, 0;2, -1;0,  0> +
           ( 0.0001650, 0.0000007)|   0, 1, 0;0,  0;2,  1> +
           (-0.0001650,-0.0000007)|   0, 1, 0;2,  1;0,  0> +
           ( 0.0000005,-0.0001649)|   0, 0, 1;0,  0;2,  1> +
           (-0.0000005, 0.0001649)|   0, 0, 1;2,  1;0,  0> +
           (-0.0000000,-0.0000187)|   1, 0, 1;0,  0;1, -1> +
           (-0.0000000,-0.0000187)|   1, 0, 1;1, -1;0,  0> +
           (-0.0000183, 0.0000001)|   1, 1, 0;0,  0;1, -1> +
           (-0.0000183, 0.0000001)|   1, 1, 0;1, -1;0,  0> +
           (-0.0000159,-0.0000001)|   1, 1, 0;1,  1;0,  0> +
           (-0.0000159,-0.0000001)|   1, 1, 0;0,  0;1,  1> +
           (-0.0000000, 0.0000159)|   1, 0, 1;1,  1;0,  0> +
           (-0.0000000, 0.0000159)|   1, 0, 1;0,  0;1,  1> +
            ...
 |  587> = (-0.3573749, 0.0064498)|   0, 1, 0;1, -1;0,  0> +
           (-0.3573749, 0.0064498)|   0, 1, 0;0,  0;1, -1> +
           ( 0.0059467, 0.3539756)|   0, 0, 1;0,  0;1, -1> +
           ( 0.0059467, 0.3539756)|   0, 0, 1;1, -1;0,  0> +
           ( 0.0065556, 0.3532601)|   0, 0, 1;0,  0;1,  1> +
           ( 0.0065556, 0.3532601)|   0, 0, 1;1,  1;0,  0> +
           ( 0.3493306,-0.0062424)|   0, 1, 0;1,  1;0,  0> +
           ( 0.3493306,-0.0062424)|   0, 1, 0;0,  0;1,  1> +
           (-0.0004672, 0.0000084)|   0, 1, 0;1, -1;1,  0> +
           ( 0.0004672,-0.0000084)|   0, 1, 0;1,  0;1, -1> +
           (-0.0000078,-0.0004628)|   0, 0, 1;1,  0;1, -1> +
           ( 0.0000078, 0.0004628)|   0, 0, 1;1, -1;1,  0> +
           (-0.0000086,-0.0004619)|   0, 0, 1;1,  0;1,  1> +
           ( 0.0000086, 0.0004619)|   0, 0, 1;1,  1;1,  0> +
           ( 0.0004567,-0.0000082)|   0, 1, 0;1,  1;1,  0> +
           (-0.0004567, 0.0000082)|   0, 1, 0;1,  0;1,  1> +
           ( 0.0001810,-0.0000033)|   0, 1, 0;2, -1;0,  0> +
           (-0.0001810, 0.0000033)|   0, 1, 0;0,  0;2, -1> +
           ( 0.0000030, 0.0001792)|   0, 0, 1;0,  0;2, -1> +
           (-0.0000030,-0.0001792)|   0, 0, 1;2, -1;0,  0> +
           ( 0.0000033, 0.0001789)|   0, 0, 1;0,  0;2,  1> +
           (-0.0000033,-0.0001789)|   0, 0, 1;2,  1;0,  0> +
           (-0.0001769, 0.0000032)|   0, 1, 0;2,  1;0,  0> +
           ( 0.0001769,-0.0000032)|   0, 1, 0;0,  0;2,  1> +
           ( 0.0000174,-0.0000003)|   1, 1, 0;0,  0;1, -1> +
           ( 0.0000174,-0.0000003)|   1, 1, 0;1, -1;0,  0> +
           (-0.0000003,-0.0000173)|   1, 0, 1;0,  0;1, -1> +
           (-0.0000003,-0.0000173)|   1, 0, 1;1, -1;0,  0> +
           (-0.0000003,-0.0000172)|   1, 0, 1;0,  0;1,  1> +
           (-0.0000003,-0.0000172)|   1, 0, 1;1,  1;0,  0> +
           (-0.0000170, 0.0000003)|   1, 1, 0;1,  1;0,  0> +
           (-0.0000170, 0.0000003)|   1, 1, 0;0,  0;1,  1> +
            ...
 |  588> = ( 0.0166711,-0.7036708)|   0, 0, 1;0,  0;1,  0> +
           ( 0.0166711,-0.7036707)|   0, 0, 1;1,  0;0,  0> +
           ( 0.0665007, 0.0121264)|   0, 1, 0;0,  0;1,  0> +
           ( 0.0665006, 0.0121264)|   0, 1, 0;1,  0;0,  0> +
           ( 0.0000097,-0.0004114)|   0, 0, 1;0,  0;2,  0> +
           (-0.0000097, 0.0004114)|   0, 0, 1;2,  0;0,  0> +
           ( 0.0000389, 0.0000071)|   0, 1, 0;0,  0;2,  0> +
           (-0.0000389,-0.0000071)|   0, 1, 0;2,  0;0,  0> +
           (-0.0000003, 0.0000106)|   1, 0, 1;0,  0;1,  0> +
           (-0.0000003, 0.0000106)|   1, 0, 1;1,  0;0,  0> +
            ...
 |  589> = ( 0.7038315, 0.0071920)|   0, 1, 0;0,  0;1,  0> +
           ( 0.7038314, 0.0071920)|   0, 1, 0;1,  0;0,  0> +
           ( 0.0098651, 0.0668735)|   0, 0, 1;1,  0;0,  0> +
           ( 0.0098651, 0.0668735)|   0, 0, 1;0,  0;1,  0> +
           ( 0.0004115, 0.0000042)|   0, 1, 0;0,  0;2,  0> +
           (-0.0004115,-0.0000042)|   0, 1, 0;2,  0;0,  0> +
           (-0.0000058,-0.0000391)|   0, 0, 1;2,  0;0,  0> +
           ( 0.0000058, 0.0000391)|   0, 0, 1;0,  0;2,  0> +
           (-0.0000106,-0.0000001)|   1, 1, 0;0,  0;1,  0> +
           (-0.0000106,-0.0000001)|   1, 1, 0;1,  0;0,  0> +
            ...
 |  590> = ( 0.0033211,-0.5803532)|   0, 0, 1;1,  0;0,  0> +
           (-0.0033211, 0.5803531)|   0, 0, 1;0,  0;1,  0> +
           ( 0.4039427, 0.0024337)|   0, 1, 0;1,  0;0,  0> +
           (-0.4039426,-0.0024337)|   0, 1, 0;0,  0;1,  0> +
           ( 0.0000087,-0.0015176)|   0, 0, 1;1,  0;1,  0> +
           ( 0.0000087,-0.0015176)|   0, 0, 1;0,  0;0,  0> +
           ( 0.0010563, 0.0000064)|   0, 1, 0;1,  0;1,  0> +
           ( 0.0010563, 0.0000064)|   0, 1, 0;0,  0;0,  0> +
           (-0.0000019, 0.0003393)|   0, 0, 1;2,  0;0,  0> +
           (-0.0000019, 0.0003393)|   0, 0, 1;0,  0;2,  0> +
           (-0.0002362,-0.0000014)|   0, 1, 0;2,  0;0,  0> +
           (-0.0002362,-0.0000014)|   0, 1, 0;0,  0;2,  0> +
            ...
 |  591> = ( 0.5803627, 0.0000663)|   0, 1, 0;0,  0;1,  0> +
           (-0.5803627,-0.0000663)|   0, 1, 0;1,  0;0,  0> +
           (-0.0000759,-0.4039500)|   0, 0, 1;1,  0;0,  0> +
           ( 0.0000759, 0.4039500)|   0, 0, 1;0,  0;1,  0> +
           (-0.0015176,-0.0000002)|   0, 1, 0;1,  0;1,  0> +
           (-0.0015176,-0.0000002)|   0, 1, 0;0,  0;0,  0> +
           (-0.0000002,-0.0010563)|   0, 0, 1;1,  0;1,  0> +
           (-0.0000002,-0.0010563)|   0, 0, 1;0,  0;0,  0> +
           ( 0.0003393, 0.0000000)|   0, 1, 0;0,  0;2,  0> +
           ( 0.0003393, 0.0000000)|   0, 1, 0;2,  0;0,  0> +
           ( 0.0000000, 0.0002362)|   0, 0, 1;2,  0;0,  0> +
           ( 0.0000000, 0.0002362)|   0, 0, 1;0,  0;2,  0> +
            ...
 |  592> = (-0.7070579,-0.0082242)|   6, 0, 0;0,  0;1,  1> +
           ( 0.7070578, 0.0082242)|   6, 0, 0;1,  1;0,  0> +
           ( 0.0009244, 0.0000108)|   6, 0, 0;1,  0;1,  1> +
           ( 0.0009244, 0.0000108)|   6, 0, 0;1,  1;1,  0> +
           ( 0.0007796, 0.0000127)|   6, 0, 0;0,  0;1, -1> +
           (-0.0007796,-0.0000127)|   6, 0, 0;1, -1;0,  0> +
           (-0.0003580,-0.0000042)|   6, 0, 0;0,  0;2,  1> +
           (-0.0003580,-0.0000042)|   6, 0, 0;2,  1;0,  0> +
           ( 0.0000912, 0.0000011)|   7, 0, 0;0,  0;1,  1> +
           (-0.0000912,-0.0000011)|   7, 0, 0;1,  1;0,  0> +
           (-0.0000844,-0.0000010)|   5, 0, 0;0,  0;1,  1> +
           ( 0.0000844, 0.0000010)|   5, 0, 0;1,  1;0,  0> +
            ...
 |  593> = ( 0.7071056,-0.0000065)|   6, 0, 0;1, -1;0,  0> +
           (-0.7071056, 0.0000065)|   6, 0, 0;0,  0;1, -1> +
           ( 0.0009245,-0.0000000)|   6, 0, 0;1, -1;1,  0> +
           ( 0.0009245,-0.0000000)|   6, 0, 0;1,  0;1, -1> +
           ( 0.0007797,-0.0000036)|   6, 0, 0;1,  1;0,  0> +
           (-0.0007797, 0.0000036)|   6, 0, 0;0,  0;1,  1> +
           (-0.0003581, 0.0000000)|   6, 0, 0;2, -1;0,  0> +
           (-0.0003581, 0.0000000)|   6, 0, 0;0,  0;2, -1> +
           ( 0.0000912,-0.0000000)|   7, 0, 0;0,  0;1, -1> +
           (-0.0000912, 0.0000000)|   7, 0, 0;1, -1;0,  0> +
           ( 0.0000844,-0.0000000)|   5, 0, 0;1, -1;0,  0> +
           (-0.0000844, 0.0000000)|   5, 0, 0;0,  0;1, -1> +
            ...
