p1912
p1912
p1912
p1912
p1912
p1912
p1912
p1912
p1912
p1912
p1912
p1912
p1912
p1912
p1912
p1912
p1912
p1912
p1912
p1912
p1912
p1912
p1912
p1912
# Parameters of the model
#  mass:		  261.0000 u
#  charge:	    1.0000 e
#  dipole:	  50.00000 D
#  B:		     25.00 MHz
#  omega_rho:	    1.4000 MHz
#  omega_z:	  0.160000 MHz

# omega_1:	  0.277128 MHz
# omega_3/5:	   1.39083 MHz

# Basis truncation:	|34,4,4;2,2>
# Basis size:		44064

# Active terms of the Hamiltionian:
# 	Nomal modes:	1
# 	T_rot:      	1
# 	V_qd^{(0)}: 	1
# 	V_qd^{(1)}: 	1
# 	V_dd^{(0)}: 	1

# Results of the diagonalisation
# 100 smallest eigenvalues
 5.491154829 6.491154749 7.491154668 8.491154588 9.491154507 10.491154426 10.509869800 10.509869800 11.491154346 11.509869720 11.509869720 12.491154265 12.509869639 12.509869639 13.491154184 13.509869558 13.509869558 14.491154104 14.509869478 14.509869478 15.491154023 15.509869397 15.509869397 15.528584771 15.528584771 15.528584771 16.491153942 16.509869317 16.509869317 16.528584691 16.528584691 16.528584691 17.491153862 17.509869236 17.509869236 17.528584610 17.528584610 17.528584610 18.491153781 18.509869155 18.509869155 18.528584529 18.528584529 18.528584529 19.491153701 19.509869075 19.509869075 19.528584449 19.528584449 19.528584449 20.491153620 20.509868994 20.509868994 20.528584368 20.528584368 20.528584368 20.547299742 20.547299742 20.547299750 20.547299750 21.491153539 21.509868913 21.509868913 21.528584288 21.528584288 21.528584288 21.547299662 21.547299662 21.547299670 21.547299670 22.491153459 22.509868833 22.509868833 22.528584207 22.528584207 22.528584207 22.547299581 22.547299581 22.547299589 22.547299589 23.491153378 23.509868752 23.509868752 23.528584126 23.528584126 23.528584126 23.547299500 23.547299500 23.547299508 23.547299508 24.491153297 24.509868671 24.509868671 24.528584046 24.528584046 24.528584046 24.547299420 24.547299420 24.547299428 24.547299428

# Ground state and the lowest excitations:
 |    0> = ( 0.9999878, 0.0000000)|   0, 0, 0;0,  0;0,  0> +
           ( 0.0034865,-0.0000000)|   0, 0, 0;0,  0;1,  0> +
           (-0.0034865,-0.0000000)|   0, 0, 0;1,  0;0,  0> +
           (-0.0000666, 0.0000000)|   1, 0, 0;0,  0;0,  0> +
           (-0.0000121, 0.0000000)|   0, 0, 0;1,  0;1,  0> +
            ...
 |    1> = (-0.9999878, 0.0000000)|   1, 0, 0;0,  0;0,  0> +
           (-0.0034865,-0.0000000)|   1, 0, 0;0,  0;1,  0> +
           ( 0.0034865,-0.0000000)|   1, 0, 0;1,  0;0,  0> +
           ( 0.0000942, 0.0000000)|   2, 0, 0;0,  0;0,  0> +
           (-0.0000667, 0.0000000)|   0, 0, 0;0,  0;0,  0> +
           ( 0.0000121,-0.0000000)|   1, 0, 0;1,  0;1,  0> +
            ...
 |    2> = ( 0.9999878,-0.0000000)|   2, 0, 0;0,  0;0,  0> +
           ( 0.0034865, 0.0000000)|   2, 0, 0;0,  0;1,  0> +
           (-0.0034865, 0.0000000)|   2, 0, 0;1,  0;0,  0> +
           (-0.0001154, 0.0000000)|   3, 0, 0;0,  0;0,  0> +
           ( 0.0000943,-0.0000000)|   1, 0, 0;0,  0;0,  0> +
           (-0.0000121, 0.0000000)|   2, 0, 0;1,  0;1,  0> +
            ...
 |    3> = ( 0.9999878,-0.0000000)|   3, 0, 0;0,  0;0,  0> +
           ( 0.0034865, 0.0000000)|   3, 0, 0;0,  0;1,  0> +
           (-0.0034865, 0.0000000)|   3, 0, 0;1,  0;0,  0> +
           (-0.0001333, 0.0000000)|   4, 0, 0;0,  0;0,  0> +
           ( 0.0001155,-0.0000000)|   2, 0, 0;0,  0;0,  0> +
           (-0.0000121,-0.0000000)|   3, 0, 0;1,  0;1,  0> +
            ...
 |    4> = ( 0.9999878, 0.0000000)|   4, 0, 0;0,  0;0,  0> +
           (-0.0034865, 0.0000000)|   4, 0, 0;1,  0;0,  0> +
           ( 0.0034865, 0.0000000)|   4, 0, 0;0,  0;1,  0> +
           (-0.0001490, 0.0000000)|   5, 0, 0;0,  0;0,  0> +
           ( 0.0001334,-0.0000000)|   3, 0, 0;0,  0;0,  0> +
           (-0.0000121, 0.0000000)|   4, 0, 0;1,  0;1,  0> +
            ...
 |    5> = (-0.9999878, 0.0000000)|   5, 0, 0;0,  0;0,  0> +
           ( 0.0034865, 0.0000000)|   5, 0, 0;1,  0;0,  0> +
           (-0.0034865, 0.0000000)|   5, 0, 0;0,  0;1,  0> +
           ( 0.0001632,-0.0000000)|   6, 0, 0;0,  0;0,  0> +
           (-0.0001491, 0.0000000)|   4, 0, 0;0,  0;0,  0> +
           ( 0.0000121,-0.0000000)|   5, 0, 0;1,  0;1,  0> +
           ( 0.0000109,-0.0000000)|   6, 0, 0;0,  0;1,  0> +
           (-0.0000109, 0.0000000)|   6, 0, 0;1,  0;0,  0> +
            ...
 |    6> = ( 0.9872167, 0.0061074)|   0, 1, 0;0,  0;0,  0> +
           ( 0.0060737, 0.1590745)|   0, 0, 1;0,  0;0,  0> +
           ( 0.0034419, 0.0000213)|   0, 1, 0;0,  0;1,  0> +
           (-0.0034419,-0.0000213)|   0, 1, 0;1,  0;0,  0> +
           ( 0.0000212, 0.0005546)|   0, 0, 1;0,  0;1,  0> +
           (-0.0000212,-0.0005546)|   0, 0, 1;1,  0;0,  0> +
           (-0.0000658,-0.0000004)|   1, 1, 0;0,  0;0,  0> +
           (-0.0000119,-0.0000001)|   0, 1, 0;1,  0;1,  0> +
           (-0.0000004,-0.0000106)|   1, 0, 1;0,  0;0,  0> +
            ...
 |    7> = ( 0.0083572,-0.9872002)|   0, 0, 1;0,  0;0,  0> +
           ( 0.1589684, 0.0084036)|   0, 1, 0;0,  0;0,  0> +
           ( 0.0000291,-0.0034419)|   0, 0, 1;0,  0;1,  0> +
           (-0.0000291, 0.0034419)|   0, 0, 1;1,  0;0,  0> +
           ( 0.0005542, 0.0000293)|   0, 1, 0;0,  0;1,  0> +
           (-0.0005542,-0.0000293)|   0, 1, 0;1,  0;0,  0> +
           (-0.0000006, 0.0000658)|   1, 0, 1;0,  0;0,  0> +
           (-0.0000001, 0.0000119)|   0, 0, 1;1,  0;1,  0> +
           (-0.0000106,-0.0000006)|   1, 1, 0;0,  0;0,  0> +
            ...
 |    8> = ( 0.9999878,-0.0000000)|   6, 0, 0;0,  0;0,  0> +
           ( 0.0034865,-0.0000000)|   6, 0, 0;0,  0;1,  0> +
           (-0.0034865, 0.0000000)|   6, 0, 0;1,  0;0,  0> +
           (-0.0001763, 0.0000000)|   7, 0, 0;0,  0;0,  0> +
           ( 0.0001634, 0.0000000)|   5, 0, 0;0,  0;0,  0> +
           (-0.0000121, 0.0000000)|   6, 0, 0;1,  0;1,  0> +
           (-0.0000118, 0.0000000)|   7, 0, 0;0,  0;1,  0> +
           ( 0.0000118, 0.0000000)|   7, 0, 0;1,  0;0,  0> +
            ...
 |    9> = ( 0.7161995, 0.0003496)|   1, 1, 0;0,  0;0,  0> +
           ( 0.0003479, 0.6978780)|   1, 0, 1;0,  0;0,  0> +
           ( 0.0024970, 0.0000012)|   1, 1, 0;0,  0;1,  0> +
           (-0.0024970,-0.0000012)|   1, 1, 0;1,  0;0,  0> +
           (-0.0000012,-0.0024331)|   1, 0, 1;1,  0;0,  0> +
           ( 0.0000012, 0.0024331)|   1, 0, 1;0,  0;1,  0> +
           (-0.0000675,-0.0000000)|   2, 1, 0;0,  0;0,  0> +
           (-0.0000000,-0.0000658)|   2, 0, 1;0,  0;0,  0> +
           ( 0.0000478, 0.0000000)|   0, 1, 0;0,  0;0,  0> +
           ( 0.0000000, 0.0000465)|   0, 0, 1;0,  0;0,  0> +
            ...
 |   10> = (-0.0225330, 0.7158450)|   1, 0, 1;0,  0;0,  0> +
           (-0.6975106,-0.0226447)|   1, 1, 0;0,  0;0,  0> +
           (-0.0000786, 0.0024958)|   1, 0, 1;0,  0;1,  0> +
           ( 0.0000786,-0.0024958)|   1, 0, 1;1,  0;0,  0> +
           ( 0.0024319, 0.0000790)|   1, 1, 0;1,  0;0,  0> +
           (-0.0024319,-0.0000790)|   1, 1, 0;0,  0;1,  0> +
           ( 0.0000021,-0.0000675)|   2, 0, 1;0,  0;0,  0> +
           ( 0.0000657, 0.0000021)|   2, 1, 0;0,  0;0,  0> +
           (-0.0000015, 0.0000477)|   0, 0, 1;0,  0;0,  0> +
           (-0.0000465,-0.0000015)|   0, 1, 0;0,  0;0,  0> +
            ...
 |   11> = ( 0.9999878,-0.0000000)|   7, 0, 0;0,  0;0,  0> +
           ( 0.0034865,-0.0000000)|   7, 0, 0;0,  0;1,  0> +
           (-0.0034865, 0.0000000)|   7, 0, 0;1,  0;0,  0> +
           (-0.0001885, 0.0000000)|   8, 0, 0;0,  0;0,  0> +
           ( 0.0001765,-0.0000000)|   6, 0, 0;0,  0;0,  0> +
           ( 0.0000126,-0.0000000)|   8, 0, 0;1,  0;0,  0> +
           (-0.0000126,-0.0000000)|   8, 0, 0;0,  0;1,  0> +
           (-0.0000121, 0.0000000)|   7, 0, 0;1,  0;1,  0> +
           ( 0.0000106,-0.0000000)|   6, 0, 0;1,  0;0,  0> +
           (-0.0000106,-0.0000000)|   6, 0, 0;0,  0;1,  0> +
            ...
 |   12> = (-0.8070013, 0.0012438)|   2, 1, 0;0,  0;0,  0> +
           ( 0.0012379, 0.5905265)|   2, 0, 1;0,  0;0,  0> +
           ( 0.0028136,-0.0000043)|   2, 1, 0;1,  0;0,  0> +
           (-0.0028136, 0.0000043)|   2, 1, 0;0,  0;1,  0> +
           ( 0.0000043, 0.0020589)|   2, 0, 1;0,  0;1,  0> +
           (-0.0000043,-0.0020589)|   2, 0, 1;1,  0;0,  0> +
           ( 0.0000931,-0.0000001)|   3, 1, 0;0,  0;0,  0> +
           (-0.0000761, 0.0000001)|   1, 1, 0;0,  0;0,  0> +
           (-0.0000001,-0.0000682)|   3, 0, 1;0,  0;0,  0> +
           ( 0.0000001, 0.0000557)|   1, 0, 1;0,  0;0,  0> +
            ...
 |   13> = (-0.0001887,-0.8070022)|   2, 0, 1;0,  0;0,  0> +
           (-0.5905277,-0.0001896)|   2, 1, 0;0,  0;0,  0> +
           (-0.0000007,-0.0028136)|   2, 0, 1;0,  0;1,  0> +
           ( 0.0000007, 0.0028136)|   2, 0, 1;1,  0;0,  0> +
           ( 0.0020589, 0.0000007)|   2, 1, 0;1,  0;0,  0> +
           (-0.0020589,-0.0000007)|   2, 1, 0;0,  0;1,  0> +
           ( 0.0000000, 0.0000931)|   3, 0, 1;0,  0;0,  0> +
           (-0.0000000,-0.0000761)|   1, 0, 1;0,  0;0,  0> +
           ( 0.0000682, 0.0000000)|   3, 1, 0;0,  0;0,  0> +
           (-0.0000557,-0.0000000)|   1, 1, 0;0,  0;0,  0> +
            ...
 |   14> = (-0.9999878, 0.0000000)|   8, 0, 0;0,  0;0,  0> +
           ( 0.0034865,-0.0000000)|   8, 0, 0;1,  0;0,  0> +
           (-0.0034865, 0.0000000)|   8, 0, 0;0,  0;1,  0> +
           ( 0.0001999,-0.0000000)|   9, 0, 0;0,  0;0,  0> +
           (-0.0001887, 0.0000000)|   7, 0, 0;0,  0;0,  0> +
           ( 0.0000133, 0.0000000)|   9, 0, 0;0,  0;1,  0> +
           (-0.0000133, 0.0000000)|   9, 0, 0;1,  0;0,  0> +
           ( 0.0000121,-0.0000000)|   8, 0, 0;1,  0;1,  0> +
           ( 0.0000113,-0.0000000)|   7, 0, 0;0,  0;1,  0> +
           (-0.0000113,-0.0000000)|   7, 0, 0;1,  0;0,  0> +
            ...
 |   15> = ( 0.0017796,-0.7082564)|   3, 0, 1;0,  0;0,  0> +
           (-0.7059335, 0.0017876)|   3, 1, 0;0,  0;0,  0> +
           ( 0.0000062,-0.0024693)|   3, 0, 1;0,  0;1,  0> +
           (-0.0000062, 0.0024693)|   3, 0, 1;1,  0;0,  0> +
           ( 0.0024612,-0.0000062)|   3, 1, 0;1,  0;0,  0> +
           (-0.0024612, 0.0000062)|   3, 1, 0;0,  0;1,  0> +
           (-0.0000002, 0.0000944)|   4, 0, 1;0,  0;0,  0> +
           ( 0.0000941,-0.0000002)|   4, 1, 0;0,  0;0,  0> +
           ( 0.0000002,-0.0000818)|   2, 0, 1;0,  0;0,  0> +
           (-0.0000816, 0.0000002)|   2, 1, 0;0,  0;0,  0> +
            ...
 |   16> = (-0.1593988, 0.6900887)|   3, 1, 0;0,  0;0,  0> +
           ( 0.6870151, 0.1623439)|   3, 0, 1;0,  0;0,  0> +
           ( 0.0005557,-0.0024060)|   3, 1, 0;1,  0;0,  0> +
           (-0.0005557, 0.0024060)|   3, 1, 0;0,  0;1,  0> +
           (-0.0023953,-0.0005660)|   3, 0, 1;1,  0;0,  0> +
           ( 0.0023953, 0.0005660)|   3, 0, 1;0,  0;1,  0> +
           ( 0.0000212,-0.0000920)|   4, 1, 0;0,  0;0,  0> +
           (-0.0000916,-0.0000216)|   4, 0, 1;0,  0;0,  0> +
           (-0.0000184, 0.0000797)|   2, 1, 0;0,  0;0,  0> +
           ( 0.0000794, 0.0000188)|   2, 0, 1;0,  0;0,  0> +
            ...
 |   17> = (-0.9999878,-0.0000000)|   9, 0, 0;0,  0;0,  0> +
           (-0.0034865,-0.0000000)|   9, 0, 0;0,  0;1,  0> +
           ( 0.0034865, 0.0000000)|   9, 0, 0;1,  0;0,  0> +
           ( 0.0002107, 0.0000000)|  10, 0, 0;0,  0;0,  0> +
           (-0.0002001,-0.0000000)|   8, 0, 0;0,  0;0,  0> +
           (-0.0000141,-0.0000000)|  10, 0, 0;1,  0;0,  0> +
           ( 0.0000141, 0.0000000)|  10, 0, 0;0,  0;1,  0> +
           ( 0.0000121, 0.0000000)|   9, 0, 0;1,  0;1,  0> +
           ( 0.0000120,-0.0000000)|   8, 0, 0;0,  0;1,  0> +
           (-0.0000120,-0.0000000)|   8, 0, 0;1,  0;0,  0> +
            ...
 |   18> = (-0.7618225, 0.0058378)|   4, 1, 0;0,  0;0,  0> +
           ( 0.0058120, 0.6477147)|   4, 0, 1;0,  0;0,  0> +
           (-0.0026561, 0.0000204)|   4, 1, 0;0,  0;1,  0> +
           ( 0.0026561,-0.0000204)|   4, 1, 0;1,  0;0,  0> +
           ( 0.0000203, 0.0022583)|   4, 0, 1;0,  0;1,  0> +
           (-0.0000203,-0.0022583)|   4, 0, 1;1,  0;0,  0> +
           ( 0.0001135,-0.0000009)|   5, 1, 0;0,  0;0,  0> +
           (-0.0001016, 0.0000008)|   3, 1, 0;0,  0;0,  0> +
           (-0.0000009,-0.0000965)|   5, 0, 1;0,  0;0,  0> +
           ( 0.0000008, 0.0000864)|   3, 0, 1;0,  0;0,  0> +
            ...
 |   19> = (-0.0004575,-0.7618447)|   4, 0, 1;0,  0;0,  0> +
           (-0.6477406,-0.0004596)|   4, 1, 0;0,  0;0,  0> +
           (-0.0000016,-0.0026562)|   4, 0, 1;0,  0;1,  0> +
           ( 0.0000016, 0.0026562)|   4, 0, 1;1,  0;0,  0> +
           (-0.0022583,-0.0000016)|   4, 1, 0;0,  0;1,  0> +
           ( 0.0022583, 0.0000016)|   4, 1, 0;1,  0;0,  0> +
           ( 0.0000001, 0.0001135)|   5, 0, 1;0,  0;0,  0> +
           (-0.0000001,-0.0001016)|   3, 0, 1;0,  0;0,  0> +
           ( 0.0000965, 0.0000001)|   5, 1, 0;0,  0;0,  0> +
           (-0.0000864,-0.0000001)|   3, 1, 0;0,  0;0,  0> +
            ...
 |   20> = (-0.9999878, 0.0000000)|  10, 0, 0;0,  0;0,  0> +
           ( 0.0034865,-0.0000000)|  10, 0, 0;1,  0;0,  0> +
           (-0.0034865, 0.0000000)|  10, 0, 0;0,  0;1,  0> +
           ( 0.0002210,-0.0000000)|  11, 0, 0;0,  0;0,  0> +
           (-0.0002109, 0.0000000)|   9, 0, 0;0,  0;0,  0> +
           (-0.0000147, 0.0000000)|  11, 0, 0;1,  0;0,  0> +
           ( 0.0000147,-0.0000000)|  11, 0, 0;0,  0;1,  0> +
           (-0.0000126, 0.0000000)|   9, 0, 0;1,  0;0,  0> +
           ( 0.0000126,-0.0000000)|   9, 0, 0;0,  0;1,  0> +
           ( 0.0000121,-0.0000000)|  10, 0, 0;1,  0;1,  0> +
            ...
 |   21> = ( 0.7132893, 0.0002064)|   5, 1, 0;0,  0;0,  0> +
           ( 0.0002055, 0.7008523)|   5, 0, 1;0,  0;0,  0> +
           ( 0.0024869, 0.0000007)|   5, 1, 0;0,  0;1,  0> +
           (-0.0024869,-0.0000007)|   5, 1, 0;1,  0;0,  0> +
           ( 0.0000007, 0.0024435)|   5, 0, 1;0,  0;1,  0> +
           (-0.0000007,-0.0024435)|   5, 0, 1;1,  0;0,  0> +
           (-0.0001164,-0.0000000)|   6, 1, 0;0,  0;0,  0> +
           (-0.0000000,-0.0001144)|   6, 0, 1;0,  0;0,  0> +
           ( 0.0001064, 0.0000000)|   4, 1, 0;0,  0;0,  0> +
           ( 0.0000000, 0.0001045)|   4, 0, 1;0,  0;0,  0> +
            ...
 |   22> = (-0.0188593, 0.7130399)|   5, 0, 1;0,  0;0,  0> +
           (-0.7005964,-0.0189386)|   5, 1, 0;0,  0;0,  0> +
           (-0.0000658, 0.0024860)|   5, 0, 1;0,  0;1,  0> +
           ( 0.0000658,-0.0024860)|   5, 0, 1;1,  0;0,  0> +
           (-0.0024426,-0.0000660)|   5, 1, 0;0,  0;1,  0> +
           ( 0.0024426, 0.0000660)|   5, 1, 0;1,  0;0,  0> +
           ( 0.0000031,-0.0001164)|   6, 0, 1;0,  0;0,  0> +
           ( 0.0001144, 0.0000031)|   6, 1, 0;0,  0;0,  0> +
           (-0.0000028, 0.0001063)|   4, 0, 1;0,  0;0,  0> +
           (-0.0001045,-0.0000028)|   4, 1, 0;0,  0;0,  0> +
            ...
 |   23> = ( 0.7457731,-0.0000000)|   0, 0, 2;0,  0;0,  0> +
           (-0.6661817, 0.0000000)|   0, 2, 0;0,  0;0,  0> +
           ( 0.0026001, 0.0000000)|   0, 0, 2;0,  0;1,  0> +
           (-0.0026001, 0.0000000)|   0, 0, 2;1,  0;0,  0> +
           ( 0.0023226,-0.0000000)|   0, 2, 0;1,  0;0,  0> +
           (-0.0023226, 0.0000000)|   0, 2, 0;0,  0;1,  0> +
           (-0.0000497,-0.0000000)|   1, 0, 2;0,  0;0,  0> +
           ( 0.0000444, 0.0000000)|   1, 2, 0;0,  0;0,  0> +
            ...
 |   24> = (-0.7457731, 0.0000000)|   0, 2, 0;0,  0;0,  0> +
           (-0.6661817,-0.0000000)|   0, 0, 2;0,  0;0,  0> +
           (-0.0026001, 0.0000000)|   0, 2, 0;0,  0;1,  0> +
           ( 0.0026001,-0.0000000)|   0, 2, 0;1,  0;0,  0> +
           ( 0.0023226, 0.0000000)|   0, 0, 2;1,  0;0,  0> +
           (-0.0023226, 0.0000000)|   0, 0, 2;0,  0;1,  0> +
           ( 0.0000497, 0.0000000)|   1, 2, 0;0,  0;0,  0> +
           ( 0.0000444,-0.0000000)|   1, 0, 2;0,  0;0,  0> +
            ...
 # The upper part of the spectrum
 # Eigenvalues first: 544	 last: 594
 1139.125334934 1139.125334935 1139.125472060 1139.125472060 1139.137668417 1139.137942661 1140.125334882 1140.125334882 1140.125472007 1140.125472007 1140.137668401 1140.137942645 1141.125334830 1141.125334830 1141.125471955 1141.125471955 1141.137668385 1141.137942628 1142.125334777 1142.125334777 1142.125471902 1142.125471902 1142.137668369 1142.137942612 1143.125334725 1143.125334725 1143.125471850 1143.125471850 1143.137668353 1143.137942596 1144.125334672 1144.125334672 1144.125471797 1144.125471798 1144.137668337 1144.137942580 1144.144049906 1144.144049908 1144.144049908 1144.144049910 1144.144187031 1144.144187033 1144.144187033 1144.144187035 1144.156383390 1144.156383390 1144.156657633 1144.156657633 1145.125334620 1145.125334620

# Excited states :
 |  543> = ( 0.0151689,-0.9998727)|  33, 3, 3;0,  0;0,  0> +
           ( 0.0000529,-0.0034860)|  33, 3, 3;0,  0;1,  0> +
           (-0.0000529, 0.0034860)|  33, 3, 3;1,  0;0,  0> +
           ( 0.0000058,-0.0003831)|  32, 3, 3;0,  0;0,  0> +
           (-0.0000003, 0.0000229)|  32, 3, 3;0,  0;1,  0> +
           ( 0.0000003,-0.0000229)|  32, 3, 3;1,  0;0,  0> +
           (-0.0000002, 0.0000121)|  33, 3, 3;1,  0;1,  0> +
            ...
 |  544> = ( 0.7051232,-0.0001319)|   0, 0, 0;0,  0;1, -1> +
           (-0.7051232, 0.0001319)|   0, 0, 0;1, -1;0,  0> +
           (-0.0517286, 0.0108805)|   0, 0, 0;0,  0;1,  1> +
           ( 0.0517286,-0.0108805)|   0, 0, 0;1,  1;0,  0> +
           (-0.0024584, 0.0000005)|   0, 0, 0;1,  0;1, -1> +
           (-0.0024584, 0.0000005)|   0, 0, 0;1, -1;1,  0> +
           ( 0.0009521,-0.0000002)|   0, 0, 0;0,  0;2, -1> +
           ( 0.0009521,-0.0000002)|   0, 0, 0;2, -1;0,  0> +
           ( 0.0001804,-0.0000379)|   0, 0, 0;1,  0;1,  1> +
           ( 0.0001804,-0.0000379)|   0, 0, 0;1,  1;1,  0> +
           (-0.0000699, 0.0000147)|   0, 0, 0;0,  0;2,  1> +
           (-0.0000699, 0.0000147)|   0, 0, 0;2,  1;0,  0> +
           (-0.0000305, 0.0000000)|   1, 0, 0;0,  0;1, -1> +
           ( 0.0000305,-0.0000000)|   1, 0, 0;1, -1;0,  0> +
            ...
 |  545> = (-0.6939285, 0.1251482)|   0, 0, 0;1,  1;0,  0> +
           ( 0.6939285,-0.1251482)|   0, 0, 0;0,  0;1,  1> +
           ( 0.0528387, 0.0015169)|   0, 0, 0;0,  0;1, -1> +
           (-0.0528387,-0.0015169)|   0, 0, 0;1, -1;0,  0> +
           (-0.0024194, 0.0004363)|   0, 0, 0;1,  1;1,  0> +
           (-0.0024194, 0.0004363)|   0, 0, 0;1,  0;1,  1> +
           ( 0.0009370,-0.0001690)|   0, 0, 0;2,  1;0,  0> +
           ( 0.0009370,-0.0001690)|   0, 0, 0;0,  0;2,  1> +
           (-0.0001842,-0.0000053)|   0, 0, 0;1,  0;1, -1> +
           (-0.0001842,-0.0000053)|   0, 0, 0;1, -1;1,  0> +
           ( 0.0000713, 0.0000020)|   0, 0, 0;0,  0;2, -1> +
           ( 0.0000713, 0.0000020)|   0, 0, 0;2, -1;0,  0> +
           ( 0.0000301,-0.0000054)|   1, 0, 0;1,  1;0,  0> +
           (-0.0000301, 0.0000054)|   1, 0, 0;0,  0;1,  1> +
            ...
 |  546> = (-0.6946768,-0.1278118)|   0, 0, 0;0,  0;1,  1> +
           (-0.6946768,-0.1278118)|   0, 0, 0;1,  1;0,  0> +
           ( 0.0328462, 0.0015452)|   0, 0, 0;1, -1;0,  0> +
           ( 0.0328462, 0.0015452)|   0, 0, 0;0,  0;1, -1> +
           ( 0.0024220, 0.0004456)|   0, 0, 0;1,  0;1,  1> +
           (-0.0024220,-0.0004456)|   0, 0, 0;1,  1;1,  0> +
           (-0.0009380,-0.0001726)|   0, 0, 0;0,  0;2,  1> +
           ( 0.0009380, 0.0001726)|   0, 0, 0;2,  1;0,  0> +
           ( 0.0001145, 0.0000054)|   0, 0, 0;1, -1;1,  0> +
           (-0.0001145,-0.0000054)|   0, 0, 0;1,  0;1, -1> +
           (-0.0000444,-0.0000021)|   0, 0, 0;2, -1;0,  0> +
           ( 0.0000444, 0.0000021)|   0, 0, 0;0,  0;2, -1> +
           ( 0.0000301, 0.0000055)|   1, 0, 0;0,  0;1,  1> +
           ( 0.0000301, 0.0000055)|   1, 0, 0;1,  1;0,  0> +
            ...
 |  547> = (-0.7063369, 0.0000535)|   0, 0, 0;1, -1;0,  0> +
           (-0.7063368, 0.0000535)|   0, 0, 0;0,  0;1, -1> +
           (-0.0325839,-0.0044214)|   0, 0, 0;0,  0;1,  1> +
           (-0.0325839,-0.0044213)|   0, 0, 0;1,  1;0,  0> +
           (-0.0024626, 0.0000002)|   0, 0, 0;1, -1;1,  0> +
           ( 0.0024626,-0.0000002)|   0, 0, 0;1,  0;1, -1> +
           ( 0.0009538,-0.0000001)|   0, 0, 0;2, -1;0,  0> +
           (-0.0009538, 0.0000001)|   0, 0, 0;0,  0;2, -1> +
           ( 0.0001136, 0.0000154)|   0, 0, 0;1,  0;1,  1> +
           (-0.0001136,-0.0000154)|   0, 0, 0;1,  1;1,  0> +
           (-0.0000440,-0.0000060)|   0, 0, 0;0,  0;2,  1> +
           ( 0.0000440, 0.0000060)|   0, 0, 0;2,  1;0,  0> +
           ( 0.0000306,-0.0000000)|   1, 0, 0;1, -1;0,  0> +
           ( 0.0000306,-0.0000000)|   1, 0, 0;0,  0;1, -1> +
            ...
 |  548> = (-0.7071059,-0.0000000)|   0, 0, 0;0,  0;1,  0> +
           (-0.7071059,-0.0000000)|   0, 0, 0;1,  0;0,  0> +
           (-0.0011025,-0.0000000)|   0, 0, 0;0,  0;2,  0> +
           ( 0.0011025, 0.0000000)|   0, 0, 0;2,  0;0,  0> +
            ...
 |  549> = (-0.7070887,-0.0000000)|   0, 0, 0;1,  0;0,  0> +
           ( 0.7070887,-0.0000000)|   0, 0, 0;0,  0;1,  0> +
           (-0.0049306, 0.0000000)|   0, 0, 0;0,  0;0,  0> +
           (-0.0049306, 0.0000000)|   0, 0, 0;1,  0;1,  0> +
           ( 0.0011025, 0.0000000)|   0, 0, 0;2,  0;0,  0> +
           ( 0.0011025,-0.0000000)|   0, 0, 0;0,  0;2,  0> +
            ...
 |  550> = (-0.5966103, 0.0004437)|   1, 0, 0;1, -1;0,  0> +
           ( 0.5966103,-0.0004437)|   1, 0, 0;0,  0;1, -1> +
           (-0.3795371,-0.0007376)|   1, 0, 0;1,  1;0,  0> +
           ( 0.3795371, 0.0007376)|   1, 0, 0;0,  0;1,  1> +
           (-0.0020801, 0.0000015)|   1, 0, 0;1, -1;1,  0> +
           (-0.0020801, 0.0000015)|   1, 0, 0;1,  0;1, -1> +
           (-0.0013233,-0.0000026)|   1, 0, 0;1,  1;1,  0> +
           (-0.0013233,-0.0000026)|   1, 0, 0;1,  0;1,  1> +
           ( 0.0008056,-0.0000006)|   1, 0, 0;2, -1;0,  0> +
           ( 0.0008056,-0.0000006)|   1, 0, 0;0,  0;2, -1> +
           ( 0.0005125, 0.0000010)|   1, 0, 0;2,  1;0,  0> +
           ( 0.0005125, 0.0000010)|   1, 0, 0;0,  0;2,  1> +
           ( 0.0000365,-0.0000000)|   2, 0, 0;1, -1;0,  0> +
           (-0.0000365, 0.0000000)|   2, 0, 0;0,  0;1, -1> +
           (-0.0000259, 0.0000000)|   0, 0, 0;1, -1;0,  0> +
           ( 0.0000259,-0.0000000)|   0, 0, 0;0,  0;1, -1> +
           ( 0.0000233, 0.0000000)|   2, 0, 0;1,  1;0,  0> +
           (-0.0000233,-0.0000000)|   2, 0, 0;0,  0;1,  1> +
           (-0.0000165,-0.0000000)|   0, 0, 0;1,  1;0,  0> +
           ( 0.0000165, 0.0000000)|   0, 0, 0;0,  0;1,  1> +
            ...
 |  551> = ( 0.5958843, 0.0294277)|   1, 0, 0;1,  1;0,  0> +
           (-0.5958842,-0.0294277)|   1, 0, 0;0,  0;1,  1> +
           (-0.3791248,-0.0177020)|   1, 0, 0;1, -1;0,  0> +
           ( 0.3791248, 0.0177020)|   1, 0, 0;0,  0;1, -1> +
           ( 0.0020775, 0.0001026)|   1, 0, 0;1,  1;1,  0> +
           ( 0.0020775, 0.0001026)|   1, 0, 0;1,  0;1,  1> +
           (-0.0013218,-0.0000617)|   1, 0, 0;1, -1;1,  0> +
           (-0.0013218,-0.0000617)|   1, 0, 0;1,  0;1, -1> +
           (-0.0008046,-0.0000397)|   1, 0, 0;2,  1;0,  0> +
           (-0.0008046,-0.0000397)|   1, 0, 0;0,  0;2,  1> +
           ( 0.0005119, 0.0000239)|   1, 0, 0;2, -1;0,  0> +
           ( 0.0005119, 0.0000239)|   1, 0, 0;0,  0;2, -1> +
           (-0.0000365,-0.0000018)|   2, 0, 0;1,  1;0,  0> +
           ( 0.0000365, 0.0000018)|   2, 0, 0;0,  0;1,  1> +
           ( 0.0000258, 0.0000013)|   0, 0, 0;1,  1;0,  0> +
           (-0.0000258,-0.0000013)|   0, 0, 0;0,  0;1,  1> +
           ( 0.0000232, 0.0000011)|   2, 0, 0;1, -1;0,  0> +
           (-0.0000232,-0.0000011)|   2, 0, 0;0,  0;1, -1> +
           (-0.0000164,-0.0000008)|   0, 0, 0;1, -1;0,  0> +
           ( 0.0000164, 0.0000008)|   0, 0, 0;0,  0;1, -1> +
            ...
 |  552> = (-0.5139187,-0.0025418)|   1, 0, 0;0,  0;1, -1> +
           (-0.5139187,-0.0025418)|   1, 0, 0;1, -1;0,  0> +
           (-0.4856351, 0.0057228)|   1, 0, 0;0,  0;1,  1> +
           (-0.4856351, 0.0057228)|   1, 0, 0;1,  1;0,  0> +
           ( 0.0017918, 0.0000089)|   1, 0, 0;1,  0;1, -1> +
           (-0.0017918,-0.0000089)|   1, 0, 0;1, -1;1,  0> +
           ( 0.0016932,-0.0000200)|   1, 0, 0;1,  0;1,  1> +
           (-0.0016932, 0.0000200)|   1, 0, 0;1,  1;1,  0> +
           (-0.0006940,-0.0000034)|   1, 0, 0;0,  0;2, -1> +
           ( 0.0006940, 0.0000034)|   1, 0, 0;2, -1;0,  0> +
           (-0.0006558, 0.0000077)|   1, 0, 0;0,  0;2,  1> +
           ( 0.0006558,-0.0000077)|   1, 0, 0;2,  1;0,  0> +
           ( 0.0000315, 0.0000002)|   2, 0, 0;1, -1;0,  0> +
           ( 0.0000315, 0.0000002)|   2, 0, 0;0,  0;1, -1> +
           ( 0.0000298,-0.0000004)|   2, 0, 0;0,  0;1,  1> +
           ( 0.0000298,-0.0000004)|   2, 0, 0;1,  1;0,  0> +
           (-0.0000223,-0.0000001)|   0, 0, 0;0,  0;1, -1> +
           (-0.0000223,-0.0000001)|   0, 0, 0;1, -1;0,  0> +
           (-0.0000211, 0.0000002)|   0, 0, 0;0,  0;1,  1> +
           (-0.0000211, 0.0000002)|   0, 0, 0;1,  1;0,  0> +
            ...
 |  553> = (-0.5136690, 0.0162172)|   1, 0, 0;0,  0;1,  1> +
           (-0.5136690, 0.0162172)|   1, 0, 0;1,  1;0,  0> +
           ( 0.4856154,-0.0072029)|   1, 0, 0;0,  0;1, -1> +
           ( 0.4856154,-0.0072029)|   1, 0, 0;1, -1;0,  0> +
           ( 0.0017909,-0.0000565)|   1, 0, 0;1,  0;1,  1> +
           (-0.0017909, 0.0000565)|   1, 0, 0;1,  1;1,  0> +
           (-0.0016931, 0.0000251)|   1, 0, 0;1,  0;1, -1> +
           ( 0.0016931,-0.0000251)|   1, 0, 0;1, -1;1,  0> +
           (-0.0006936, 0.0000219)|   1, 0, 0;0,  0;2,  1> +
           ( 0.0006936,-0.0000219)|   1, 0, 0;2,  1;0,  0> +
           ( 0.0006557,-0.0000097)|   1, 0, 0;0,  0;2, -1> +
           (-0.0006557, 0.0000097)|   1, 0, 0;2, -1;0,  0> +
           ( 0.0000315,-0.0000010)|   2, 0, 0;0,  0;1,  1> +
           ( 0.0000315,-0.0000010)|   2, 0, 0;1,  1;0,  0> +
           (-0.0000297, 0.0000004)|   2, 0, 0;0,  0;1, -1> +
           (-0.0000297, 0.0000004)|   2, 0, 0;1, -1;0,  0> +
           (-0.0000223, 0.0000007)|   0, 0, 0;0,  0;1,  1> +
           (-0.0000223, 0.0000007)|   0, 0, 0;1,  1;0,  0> +
           ( 0.0000211,-0.0000003)|   0, 0, 0;0,  0;1, -1> +
           ( 0.0000211,-0.0000003)|   0, 0, 0;1, -1;0,  0> +
            ...
 |  554> = ( 0.7071059,-0.0000000)|   1, 0, 0;1,  0;0,  0> +
           ( 0.7071059,-0.0000000)|   1, 0, 0;0,  0;1,  0> +
           (-0.0011025, 0.0000000)|   1, 0, 0;2,  0;0,  0> +
           ( 0.0011025,-0.0000000)|   1, 0, 0;0,  0;2,  0> +
           (-0.0000133,-0.0000000)|   2, 0, 0;0,  0;1,  0> +
           (-0.0000133,-0.0000000)|   2, 0, 0;1,  0;0,  0> +
            ...
 |  555> = ( 0.7070887,-0.0000000)|   1, 0, 0;0,  0;1,  0> +
           (-0.7070887,-0.0000000)|   1, 0, 0;1,  0;0,  0> +
           (-0.0049306, 0.0000000)|   1, 0, 0;0,  0;0,  0> +
           (-0.0049306,-0.0000000)|   1, 0, 0;1,  0;1,  0> +
           ( 0.0011025,-0.0000000)|   1, 0, 0;0,  0;2,  0> +
           ( 0.0011025, 0.0000000)|   1, 0, 0;2,  0;0,  0> +
           (-0.0000133,-0.0000000)|   2, 0, 0;0,  0;1,  0> +
           ( 0.0000133,-0.0000000)|   2, 0, 0;1,  0;0,  0> +
            ...
 |  556> = ( 0.7067519,-0.0221581)|   2, 0, 0;0,  0;1,  1> +
           (-0.7067517, 0.0221581)|   2, 0, 0;1,  1;0,  0> +
           (-0.0024641, 0.0000773)|   2, 0, 0;1,  0;1,  1> +
           (-0.0024641, 0.0000773)|   2, 0, 0;1,  1;1,  0> +
           (-0.0019740, 0.0000620)|   2, 0, 0;0,  0;1, -1> +
           ( 0.0019740,-0.0000620)|   2, 0, 0;1, -1;0,  0> +
           ( 0.0009543,-0.0000299)|   2, 0, 0;0,  0;2,  1> +
           ( 0.0009543,-0.0000299)|   2, 0, 0;2,  1;0,  0> +
           (-0.0000530, 0.0000017)|   3, 0, 0;0,  0;1,  1> +
           ( 0.0000530,-0.0000017)|   3, 0, 0;1,  1;0,  0> +
           ( 0.0000433,-0.0000014)|   1, 0, 0;0,  0;1,  1> +
           (-0.0000433, 0.0000014)|   1, 0, 0;1,  1;0,  0> +
            ...
 |  557> = (-0.7070991, 0.0000000)|   2, 0, 0;1, -1;0,  0> +
           ( 0.7070990,-0.0000000)|   2, 0, 0;0,  0;1, -1> +
           (-0.0024653, 0.0000000)|   2, 0, 0;1, -1;1,  0> +
           (-0.0024653, 0.0000000)|   2, 0, 0;1,  0;1, -1> +
           (-0.0019750,-0.0000001)|   2, 0, 0;1,  1;0,  0> +
           ( 0.0019750, 0.0000001)|   2, 0, 0;0,  0;1,  1> +
           ( 0.0009548,-0.0000000)|   2, 0, 0;2, -1;0,  0> +
           ( 0.0009548,-0.0000000)|   2, 0, 0;0,  0;2, -1> +
           ( 0.0000531,-0.0000000)|   3, 0, 0;1, -1;0,  0> +
           (-0.0000531, 0.0000000)|   3, 0, 0;0,  0;1, -1> +
           (-0.0000434,-0.0000000)|   1, 0, 0;1, -1;0,  0> +
           ( 0.0000434,-0.0000000)|   1, 0, 0;0,  0;1, -1> +
            ...
 |  558> = ( 0.7070984, 0.0010051)|   2, 0, 0;1,  1;0,  0> +
           ( 0.7070983, 0.0010051)|   2, 0, 0;0,  0;1,  1> +
           ( 0.0024653, 0.0000035)|   2, 0, 0;1,  1;1,  0> +
           (-0.0024653,-0.0000035)|   2, 0, 0;1,  0;1,  1> +
           (-0.0019877,-0.0000028)|   2, 0, 0;1, -1;0,  0> +
           (-0.0019877,-0.0000028)|   2, 0, 0;0,  0;1, -1> +
           (-0.0009548,-0.0000014)|   2, 0, 0;2,  1;0,  0> +
           ( 0.0009548, 0.0000014)|   2, 0, 0;0,  0;2,  1> +
           (-0.0000531,-0.0000001)|   3, 0, 0;1,  1;0,  0> +
           (-0.0000531,-0.0000001)|   3, 0, 0;0,  0;1,  1> +
           ( 0.0000434, 0.0000001)|   1, 0, 0;1,  1;0,  0> +
           ( 0.0000434, 0.0000001)|   1, 0, 0;0,  0;1,  1> +
            ...
 |  559> = ( 0.7070991,-0.0000000)|   2, 0, 0;0,  0;1, -1> +
           ( 0.7070990,-0.0000000)|   2, 0, 0;1, -1;0,  0> +
           (-0.0024653, 0.0000000)|   2, 0, 0;1,  0;1, -1> +
           ( 0.0024653,-0.0000000)|   2, 0, 0;1, -1;1,  0> +
           ( 0.0019877, 0.0000000)|   2, 0, 0;0,  0;1,  1> +
           ( 0.0019877, 0.0000000)|   2, 0, 0;1,  1;0,  0> +
           ( 0.0009548,-0.0000000)|   2, 0, 0;0,  0;2, -1> +
           (-0.0009548, 0.0000000)|   2, 0, 0;2, -1;0,  0> +
           (-0.0000531, 0.0000000)|   3, 0, 0;0,  0;1, -1> +
           (-0.0000531, 0.0000000)|   3, 0, 0;1, -1;0,  0> +
           ( 0.0000434,-0.0000000)|   1, 0, 0;0,  0;1, -1> +
           ( 0.0000434, 0.0000000)|   1, 0, 0;1, -1;0,  0> +
            ...
 |  560> = ( 0.7071059,-0.0000000)|   2, 0, 0;0,  0;1,  0> +
           ( 0.7071059,-0.0000000)|   2, 0, 0;1,  0;0,  0> +
           ( 0.0011025,-0.0000000)|   2, 0, 0;0,  0;2,  0> +
           (-0.0011025, 0.0000000)|   2, 0, 0;2,  0;0,  0> +
           (-0.0000163, 0.0000000)|   3, 0, 0;1,  0;0,  0> +
           (-0.0000163, 0.0000000)|   3, 0, 0;0,  0;1,  0> +
           ( 0.0000133,-0.0000000)|   1, 0, 0;0,  0;1,  0> +
           ( 0.0000133,-0.0000000)|   1, 0, 0;1,  0;0,  0> +
            ...
 |  561> = ( 0.7070887,-0.0000000)|   2, 0, 0;1,  0;0,  0> +
           (-0.7070887,-0.0000000)|   2, 0, 0;0,  0;1,  0> +
           ( 0.0049306,-0.0000000)|   2, 0, 0;0,  0;0,  0> +
           ( 0.0049306, 0.0000000)|   2, 0, 0;1,  0;1,  0> +
           (-0.0011025, 0.0000000)|   2, 0, 0;2,  0;0,  0> +
           (-0.0011025,-0.0000000)|   2, 0, 0;0,  0;2,  0> +
           (-0.0000163, 0.0000000)|   3, 0, 0;1,  0;0,  0> +
           ( 0.0000163, 0.0000000)|   3, 0, 0;0,  0;1,  0> +
           (-0.0000134,-0.0000000)|   1, 0, 0;0,  0;1,  0> +
           ( 0.0000134,-0.0000000)|   1, 0, 0;1,  0;0,  0> +
           (-0.0000105, 0.0000000)|   3, 0, 0;0,  0;0,  0> +
           (-0.0000104,-0.0000000)|   3, 0, 0;1,  0;1,  0> +
            ...
 |  562> = (-0.7070431,-0.0075824)|   3, 0, 0;0,  0;1,  1> +
           ( 0.7070431, 0.0075824)|   3, 0, 0;1,  1;0,  0> +
           ( 0.0050565, 0.0000537)|   3, 0, 0;0,  0;1, -1> +
           (-0.0050565,-0.0000537)|   3, 0, 0;1, -1;0,  0> +
           ( 0.0024651, 0.0000264)|   3, 0, 0;1,  0;1,  1> +
           ( 0.0024651, 0.0000264)|   3, 0, 0;1,  1;1,  0> +
           (-0.0009547,-0.0000102)|   3, 0, 0;0,  0;2,  1> +
           (-0.0009547,-0.0000102)|   3, 0, 0;2,  1;0,  0> +
           ( 0.0000613, 0.0000007)|   4, 0, 0;0,  0;1,  1> +
           (-0.0000613,-0.0000007)|   4, 0, 0;1,  1;0,  0> +
           (-0.0000531,-0.0000006)|   2, 0, 0;0,  0;1,  1> +
           ( 0.0000531, 0.0000006)|   2, 0, 0;1,  1;0,  0> +
           (-0.0000176,-0.0000002)|   3, 0, 0;1,  0;1, -1> +
           (-0.0000176,-0.0000002)|   3, 0, 0;1, -1;1,  0> +
            ...
 |  563> = (-0.7070838, 0.0000000)|   3, 0, 0;1, -1;0,  0> +
           ( 0.7070837,-0.0000000)|   3, 0, 0;0,  0;1, -1> +
           (-0.0050568,-0.0000005)|   3, 0, 0;1,  1;0,  0> +
           ( 0.0050568, 0.0000005)|   3, 0, 0;0,  0;1,  1> +
           (-0.0024652, 0.0000000)|   3, 0, 0;1, -1;1,  0> +
           (-0.0024652, 0.0000000)|   3, 0, 0;1,  0;1, -1> +
           ( 0.0009548,-0.0000000)|   3, 0, 0;2, -1;0,  0> +
           ( 0.0009548,-0.0000000)|   3, 0, 0;0,  0;2, -1> +
           ( 0.0000613,-0.0000000)|   4, 0, 0;1, -1;0,  0> +
           (-0.0000613, 0.0000000)|   4, 0, 0;0,  0;1, -1> +
           (-0.0000531, 0.0000000)|   2, 0, 0;1, -1;0,  0> +
           ( 0.0000531,-0.0000000)|   2, 0, 0;0,  0;1, -1> +
           (-0.0000176,-0.0000000)|   3, 0, 0;1,  1;1,  0> +
           (-0.0000176,-0.0000000)|   3, 0, 0;1,  0;1,  1> +
            ...
 |  564> = (-0.7070837, 0.0006024)|   3, 0, 0;1,  1;0,  0> +
           (-0.7070837, 0.0006024)|   3, 0, 0;0,  0;1,  1> +
           ( 0.0050273,-0.0000043)|   3, 0, 0;1, -1;0,  0> +
           ( 0.0050273,-0.0000043)|   3, 0, 0;0,  0;1, -1> +
           (-0.0024652, 0.0000021)|   3, 0, 0;1,  1;1,  0> +
           ( 0.0024652,-0.0000021)|   3, 0, 0;1,  0;1,  1> +
           ( 0.0009548,-0.0000008)|   3, 0, 0;2,  1;0,  0> +
           (-0.0009548, 0.0000008)|   3, 0, 0;0,  0;2,  1> +
           ( 0.0000613,-0.0000001)|   4, 0, 0;1,  1;0,  0> +
           ( 0.0000613,-0.0000001)|   4, 0, 0;0,  0;1,  1> +
           (-0.0000531, 0.0000000)|   2, 0, 0;1,  1;0,  0> +
           (-0.0000531, 0.0000000)|   2, 0, 0;0,  0;1,  1> +
           ( 0.0000175,-0.0000000)|   3, 0, 0;1, -1;1,  0> +
           (-0.0000175, 0.0000000)|   3, 0, 0;1,  0;1, -1> +
            ...
 |  565> = ( 0.7070840, 0.0000000)|   3, 0, 0;0,  0;1, -1> +
           ( 0.7070839, 0.0000000)|   3, 0, 0;1, -1;0,  0> +
           ( 0.0050273,-0.0000000)|   3, 0, 0;0,  0;1,  1> +
           ( 0.0050273, 0.0000000)|   3, 0, 0;1,  1;0,  0> +
           (-0.0024652,-0.0000000)|   3, 0, 0;1,  0;1, -1> +
           ( 0.0024652, 0.0000000)|   3, 0, 0;1, -1;1,  0> +
           ( 0.0009548, 0.0000000)|   3, 0, 0;0,  0;2, -1> +
           (-0.0009548,-0.0000000)|   3, 0, 0;2, -1;0,  0> +
           (-0.0000613,-0.0000000)|   4, 0, 0;0,  0;1, -1> +
           (-0.0000613,-0.0000000)|   4, 0, 0;1, -1;0,  0> +
           ( 0.0000531, 0.0000000)|   2, 0, 0;0,  0;1, -1> +
           ( 0.0000531, 0.0000000)|   2, 0, 0;1, -1;0,  0> +
           (-0.0000175, 0.0000000)|   3, 0, 0;1,  0;1,  1> +
           ( 0.0000175, 0.0000000)|   3, 0, 0;1,  1;1,  0> +
            ...
 |  566> = ( 0.7071059, 0.0000018)|   3, 0, 0;1,  0;0,  0> +
           ( 0.7071059, 0.0000018)|   3, 0, 0;0,  0;1,  0> +
           (-0.0011025,-0.0000000)|   3, 0, 0;2,  0;0,  0> +
           ( 0.0011025, 0.0000000)|   3, 0, 0;0,  0;2,  0> +
           (-0.0000189,-0.0000000)|   4, 0, 0;1,  0;0,  0> +
           (-0.0000189,-0.0000000)|   4, 0, 0;0,  0;1,  0> +
           ( 0.0000163, 0.0000000)|   2, 0, 0;1,  0;0,  0> +
           ( 0.0000163, 0.0000000)|   2, 0, 0;0,  0;1,  0> +
            ...
 |  567> = (-0.7070887,-0.0000000)|   3, 0, 0;0,  0;1,  0> +
           ( 0.7070887,-0.0000000)|   3, 0, 0;1,  0;0,  0> +
           ( 0.0049306, 0.0000000)|   3, 0, 0;0,  0;0,  0> +
           ( 0.0049306,-0.0000000)|   3, 0, 0;1,  0;1,  0> +
           (-0.0011025,-0.0000000)|   3, 0, 0;0,  0;2,  0> +
           (-0.0011025, 0.0000000)|   3, 0, 0;2,  0;0,  0> +
           ( 0.0000188, 0.0000000)|   4, 0, 0;0,  0;1,  0> +
           (-0.0000188,-0.0000000)|   4, 0, 0;1,  0;0,  0> +
           (-0.0000164,-0.0000000)|   2, 0, 0;0,  0;1,  0> +
           ( 0.0000164,-0.0000000)|   2, 0, 0;1,  0;0,  0> +
           (-0.0000121,-0.0000000)|   4, 0, 0;0,  0;0,  0> +
           (-0.0000120,-0.0000000)|   4, 0, 0;1,  0;1,  0> +
           (-0.0000102, 0.0000000)|   2, 0, 0;1,  0;1,  0> +
           (-0.0000102,-0.0000000)|   2, 0, 0;0,  0;0,  0> +
            ...
 |  568> = (-0.7069015,-0.0139289)|   4, 0, 0;1,  1;0,  0> +
           ( 0.7069015, 0.0139289)|   4, 0, 0;0,  0;1,  1> +
           ( 0.0094461, 0.0001861)|   4, 0, 0;1, -1;0,  0> +
           (-0.0094461,-0.0001861)|   4, 0, 0;0,  0;1, -1> +
           (-0.0024646,-0.0000486)|   4, 0, 0;1,  1;1,  0> +
           (-0.0024646,-0.0000486)|   4, 0, 0;1,  0;1,  1> +
           ( 0.0009545, 0.0000188)|   4, 0, 0;2,  1;0,  0> +
           ( 0.0009545, 0.0000188)|   4, 0, 0;0,  0;2,  1> +
           ( 0.0000685, 0.0000013)|   5, 0, 0;1,  1;0,  0> +
           (-0.0000685,-0.0000013)|   5, 0, 0;0,  0;1,  1> +
           (-0.0000613,-0.0000012)|   3, 0, 0;1,  1;0,  0> +
           ( 0.0000613, 0.0000012)|   3, 0, 0;0,  0;1,  1> +
           ( 0.0000329, 0.0000006)|   4, 0, 0;1, -1;1,  0> +
           ( 0.0000329, 0.0000006)|   4, 0, 0;1,  0;1, -1> +
           (-0.0000128,-0.0000003)|   4, 0, 0;2, -1;0,  0> +
           (-0.0000128,-0.0000003)|   4, 0, 0;0,  0;2, -1> +
            ...
 |  569> = ( 0.7070387,-0.0000000)|   4, 0, 0;0,  0;1, -1> +
           (-0.7070387, 0.0000000)|   4, 0, 0;1, -1;0,  0> +
           ( 0.0094479, 0.0000000)|   4, 0, 0;0,  0;1,  1> +
           (-0.0094479,-0.0000000)|   4, 0, 0;1,  1;0,  0> +
           (-0.0024651, 0.0000000)|   4, 0, 0;1,  0;1, -1> +
           (-0.0024651, 0.0000000)|   4, 0, 0;1, -1;1,  0> +
           ( 0.0009547,-0.0000000)|   4, 0, 0;0,  0;2, -1> +
           ( 0.0009547,-0.0000000)|   4, 0, 0;2, -1;0,  0> +
           (-0.0000685, 0.0000000)|   5, 0, 0;0,  0;1, -1> +
           ( 0.0000685, 0.0000000)|   5, 0, 0;1, -1;0,  0> +
           ( 0.0000613,-0.0000000)|   3, 0, 0;0,  0;1, -1> +
           (-0.0000613,-0.0000000)|   3, 0, 0;1, -1;0,  0> +
           (-0.0000329,-0.0000000)|   4, 0, 0;1,  0;1,  1> +
           (-0.0000329,-0.0000000)|   4, 0, 0;1,  1;1,  0> +
           ( 0.0000128, 0.0000000)|   4, 0, 0;0,  0;2,  1> +
           ( 0.0000128, 0.0000000)|   4, 0, 0;2,  1;0,  0> +
            ...
 |  570> = ( 0.7069337, 0.0120125)|   4, 0, 0;0,  0;1,  1> +
           ( 0.7069336, 0.0120125)|   4, 0, 0;1,  1;0,  0> +
           (-0.0096696,-0.0001612)|   4, 0, 0;0,  0;1, -1> +
           (-0.0096696,-0.0001612)|   4, 0, 0;1, -1;0,  0> +
           (-0.0024647,-0.0000419)|   4, 0, 0;1,  0;1,  1> +
           ( 0.0024647, 0.0000419)|   4, 0, 0;1,  1;1,  0> +
           ( 0.0009546, 0.0000162)|   4, 0, 0;0,  0;2,  1> +
           (-0.0009546,-0.0000162)|   4, 0, 0;2,  1;0,  0> +
           (-0.0000685,-0.0000012)|   5, 0, 0;0,  0;1,  1> +
           (-0.0000685,-0.0000012)|   5, 0, 0;1,  1;0,  0> +
           ( 0.0000613, 0.0000010)|   3, 0, 0;0,  0;1,  1> +
           ( 0.0000613, 0.0000010)|   3, 0, 0;1,  1;0,  0> +
           ( 0.0000337, 0.0000006)|   4, 0, 0;1,  0;1, -1> +
           (-0.0000337,-0.0000006)|   4, 0, 0;1, -1;1,  0> +
           (-0.0000131,-0.0000002)|   4, 0, 0;0,  0;2, -1> +
           ( 0.0000131, 0.0000002)|   4, 0, 0;2, -1;0,  0> +
            ...
 |  571> = (-0.7070357, 0.0000000)|   4, 0, 0;1, -1;0,  0> +
           (-0.7070357, 0.0000000)|   4, 0, 0;0,  0;1, -1> +
           (-0.0096709,-0.0000031)|   4, 0, 0;1,  1;0,  0> +
           (-0.0096709,-0.0000031)|   4, 0, 0;0,  0;1,  1> +
           (-0.0024651, 0.0000000)|   4, 0, 0;1, -1;1,  0> +
           ( 0.0024651,-0.0000000)|   4, 0, 0;1,  0;1, -1> +
           ( 0.0009547,-0.0000000)|   4, 0, 0;2, -1;0,  0> +
           (-0.0009547, 0.0000000)|   4, 0, 0;0,  0;2, -1> +
           ( 0.0000685,-0.0000000)|   5, 0, 0;1, -1;0,  0> +
           ( 0.0000685,-0.0000000)|   5, 0, 0;0,  0;1, -1> +
           (-0.0000613, 0.0000000)|   3, 0, 0;1, -1;0,  0> +
           (-0.0000613, 0.0000000)|   3, 0, 0;0,  0;1, -1> +
           (-0.0000337,-0.0000000)|   4, 0, 0;1,  1;1,  0> +
           ( 0.0000337, 0.0000000)|   4, 0, 0;1,  0;1,  1> +
           ( 0.0000131, 0.0000000)|   4, 0, 0;2,  1;0,  0> +
           (-0.0000131,-0.0000000)|   4, 0, 0;0,  0;2,  1> +
            ...
 |  572> = (-0.7070327, 0.0101755)|   4, 0, 0;1,  0;0,  0> +
           (-0.7070327, 0.0101755)|   4, 0, 0;0,  0;1,  0> +
           ( 0.0011024,-0.0000159)|   4, 0, 0;2,  0;0,  0> +
           (-0.0011024, 0.0000159)|   4, 0, 0;0,  0;2,  0> +
           ( 0.0000211,-0.0000003)|   5, 0, 0;1,  0;0,  0> +
           ( 0.0000211,-0.0000003)|   5, 0, 0;0,  0;1,  0> +
           (-0.0000189, 0.0000003)|   3, 0, 0;1,  0;0,  0> +
           (-0.0000189, 0.0000003)|   3, 0, 0;0,  0;1,  0> +
            ...
 |  573> = (-0.7070887, 0.0000000)|   4, 0, 0;0,  0;1,  0> +
           ( 0.7070887, 0.0000000)|   4, 0, 0;1,  0;0,  0> +
           ( 0.0049306, 0.0000000)|   4, 0, 0;0,  0;0,  0> +
           ( 0.0049306, 0.0000000)|   4, 0, 0;1,  0;1,  0> +
           (-0.0011025, 0.0000000)|   4, 0, 0;0,  0;2,  0> +
           (-0.0011025,-0.0000000)|   4, 0, 0;2,  0;0,  0> +
           (-0.0000210,-0.0000000)|   5, 0, 0;1,  0;0,  0> +
           ( 0.0000210,-0.0000000)|   5, 0, 0;0,  0;1,  0> +
           ( 0.0000189,-0.0000000)|   3, 0, 0;1,  0;0,  0> +
           (-0.0000189,-0.0000000)|   3, 0, 0;0,  0;1,  0> +
           (-0.0000135, 0.0000000)|   5, 0, 0;0,  0;0,  0> +
           (-0.0000135, 0.0000000)|   5, 0, 0;1,  0;1,  0> +
           (-0.0000118, 0.0000000)|   3, 0, 0;1,  0;1,  0> +
           (-0.0000118,-0.0000000)|   3, 0, 0;0,  0;0,  0> +
            ...
 |  574> = ( 0.6170218, 0.0003250)|   5, 0, 0;1, -1;0,  0> +
           (-0.6170217,-0.0003250)|   5, 0, 0;0,  0;1, -1> +
           ( 0.3453647,-0.0005406)|   5, 0, 0;1,  1;0,  0> +
           (-0.3453647, 0.0005406)|   5, 0, 0;0,  0;1,  1> +
           ( 0.0021512, 0.0000011)|   5, 0, 0;1, -1;1,  0> +
           ( 0.0021512, 0.0000011)|   5, 0, 0;1,  0;1, -1> +
           ( 0.0012041,-0.0000019)|   5, 0, 0;1,  1;1,  0> +
           ( 0.0012041,-0.0000019)|   5, 0, 0;1,  0;1,  1> +
           (-0.0008332,-0.0000004)|   5, 0, 0;2, -1;0,  0> +
           (-0.0008332,-0.0000004)|   5, 0, 0;0,  0;2, -1> +
           (-0.0004664, 0.0000007)|   5, 0, 0;2,  1;0,  0> +
           (-0.0004664, 0.0000007)|   5, 0, 0;0,  0;2,  1> +
           (-0.0000655,-0.0000000)|   6, 0, 0;1, -1;0,  0> +
           ( 0.0000655, 0.0000000)|   6, 0, 0;0,  0;1, -1> +
           ( 0.0000598, 0.0000000)|   4, 0, 0;1, -1;0,  0> +
           (-0.0000598,-0.0000000)|   4, 0, 0;0,  0;1, -1> +
           (-0.0000366, 0.0000001)|   6, 0, 0;1,  1;0,  0> +
           ( 0.0000366,-0.0000001)|   6, 0, 0;0,  0;1,  1> +
           ( 0.0000335,-0.0000001)|   4, 0, 0;1,  1;0,  0> +
           (-0.0000335, 0.0000001)|   4, 0, 0;0,  0;1,  1> +
            ...
 |  575> = (-0.6168749,-0.0134668)|   5, 0, 0;1,  1;0,  0> +
           ( 0.6168748, 0.0134668)|   5, 0, 0;0,  0;1,  1> +
           ( 0.3452664, 0.0082601)|   5, 0, 0;1, -1;0,  0> +
           (-0.3452663,-0.0082601)|   5, 0, 0;0,  0;1, -1> +
           (-0.0021507,-0.0000470)|   5, 0, 0;1,  1;1,  0> +
           (-0.0021507,-0.0000470)|   5, 0, 0;1,  0;1,  1> +
           ( 0.0012038, 0.0000288)|   5, 0, 0;1, -1;1,  0> +
           ( 0.0012038, 0.0000288)|   5, 0, 0;1,  0;1, -1> +
           ( 0.0008330, 0.0000182)|   5, 0, 0;2,  1;0,  0> +
           ( 0.0008330, 0.0000182)|   5, 0, 0;0,  0;2,  1> +
           (-0.0004662,-0.0000112)|   5, 0, 0;2, -1;0,  0> +
           (-0.0004662,-0.0000112)|   5, 0, 0;0,  0;2, -1> +
           ( 0.0000655, 0.0000014)|   6, 0, 0;1,  1;0,  0> +
           (-0.0000655,-0.0000014)|   6, 0, 0;0,  0;1,  1> +
           (-0.0000598,-0.0000013)|   4, 0, 0;1,  1;0,  0> +
           ( 0.0000598, 0.0000013)|   4, 0, 0;0,  0;1,  1> +
           (-0.0000366,-0.0000009)|   6, 0, 0;1, -1;0,  0> +
           ( 0.0000366, 0.0000009)|   6, 0, 0;0,  0;1, -1> +
           ( 0.0000335, 0.0000008)|   4, 0, 0;1, -1;0,  0> +
           (-0.0000335,-0.0000008)|   4, 0, 0;0,  0;1, -1> +
            ...
 |  576> = (-0.5866448,-0.0007242)|   5, 0, 0;0,  0;1, -1> +
           (-0.5866447,-0.0007242)|   5, 0, 0;1, -1;0,  0> +
           (-0.3947652, 0.0009398)|   5, 0, 0;0,  0;1,  1> +
           (-0.3947652, 0.0009398)|   5, 0, 0;1,  1;0,  0> +
           ( 0.0020453, 0.0000025)|   5, 0, 0;1,  0;1, -1> +
           (-0.0020453,-0.0000025)|   5, 0, 0;1, -1;1,  0> +
           ( 0.0013763,-0.0000033)|   5, 0, 0;1,  0;1,  1> +
           (-0.0013763, 0.0000033)|   5, 0, 0;1,  1;1,  0> +
           (-0.0007922,-0.0000010)|   5, 0, 0;0,  0;2, -1> +
           ( 0.0007922, 0.0000010)|   5, 0, 0;2, -1;0,  0> +
           (-0.0005331, 0.0000013)|   5, 0, 0;0,  0;2,  1> +
           ( 0.0005331,-0.0000013)|   5, 0, 0;2,  1;0,  0> +
           ( 0.0000622, 0.0000001)|   6, 0, 0;0,  0;1, -1> +
           ( 0.0000622, 0.0000001)|   6, 0, 0;1, -1;0,  0> +
           (-0.0000569,-0.0000001)|   4, 0, 0;0,  0;1, -1> +
           (-0.0000569,-0.0000001)|   4, 0, 0;1, -1;0,  0> +
           ( 0.0000419,-0.0000001)|   6, 0, 0;0,  0;1,  1> +
           ( 0.0000419,-0.0000001)|   6, 0, 0;1,  1;0,  0> +
           (-0.0000383, 0.0000001)|   4, 0, 0;0,  0;1,  1> +
           (-0.0000383, 0.0000001)|   4, 0, 0;1,  1;0,  0> +
            ...
 |  577> = (-0.5864773,-0.0140363)|   5, 0, 0;0,  0;1,  1> +
           (-0.5864772,-0.0140363)|   5, 0, 0;1,  1;0,  0> +
           ( 0.3946166, 0.0108719)|   5, 0, 0;0,  0;1, -1> +
           ( 0.3946165, 0.0108719)|   5, 0, 0;1, -1;0,  0> +
           ( 0.0020447, 0.0000489)|   5, 0, 0;1,  0;1,  1> +
           (-0.0020447,-0.0000489)|   5, 0, 0;1,  1;1,  0> +
           (-0.0013758,-0.0000379)|   5, 0, 0;1,  0;1, -1> +
           ( 0.0013758, 0.0000379)|   5, 0, 0;1, -1;1,  0> +
           (-0.0007919,-0.0000190)|   5, 0, 0;0,  0;2,  1> +
           ( 0.0007919, 0.0000190)|   5, 0, 0;2,  1;0,  0> +
           ( 0.0005329, 0.0000147)|   5, 0, 0;0,  0;2, -1> +
           (-0.0005329,-0.0000147)|   5, 0, 0;2, -1;0,  0> +
           ( 0.0000622, 0.0000015)|   6, 0, 0;0,  0;1,  1> +
           ( 0.0000622, 0.0000015)|   6, 0, 0;1,  1;0,  0> +
           (-0.0000569,-0.0000014)|   4, 0, 0;0,  0;1,  1> +
           (-0.0000569,-0.0000014)|   4, 0, 0;1,  1;0,  0> +
           (-0.0000419,-0.0000012)|   6, 0, 0;0,  0;1, -1> +
           (-0.0000419,-0.0000012)|   6, 0, 0;1, -1;0,  0> +
           ( 0.0000383, 0.0000011)|   4, 0, 0;0,  0;1, -1> +
           ( 0.0000383, 0.0000011)|   4, 0, 0;1, -1;0,  0> +
            ...
 |  578> = ( 0.7070657, 0.0075389)|   5, 0, 0;1,  0;0,  0> +
           ( 0.7070657, 0.0075389)|   5, 0, 0;0,  0;1,  0> +
           (-0.0011025,-0.0000118)|   5, 0, 0;2,  0;0,  0> +
           ( 0.0011025, 0.0000118)|   5, 0, 0;0,  0;2,  0> +
           (-0.0000231,-0.0000002)|   6, 0, 0;1,  0;0,  0> +
           (-0.0000231,-0.0000002)|   6, 0, 0;0,  0;1,  0> +
           ( 0.0000211, 0.0000002)|   4, 0, 0;1,  0;0,  0> +
           ( 0.0000211, 0.0000002)|   4, 0, 0;0,  0;1,  0> +
            ...
 |  579> = ( 0.7070887, 0.0000000)|   5, 0, 0;0,  0;1,  0> +
           (-0.7070887,-0.0000000)|   5, 0, 0;1,  0;0,  0> +
           (-0.0049306,-0.0000000)|   5, 0, 0;0,  0;0,  0> +
           (-0.0049306,-0.0000000)|   5, 0, 0;1,  0;1,  0> +
           ( 0.0011025, 0.0000000)|   5, 0, 0;0,  0;2,  0> +
           ( 0.0011025, 0.0000000)|   5, 0, 0;2,  0;0,  0> +
           (-0.0000230,-0.0000000)|   6, 0, 0;0,  0;1,  0> +
           ( 0.0000230, 0.0000000)|   6, 0, 0;1,  0;0,  0> +
           (-0.0000212,-0.0000000)|   4, 0, 0;1,  0;0,  0> +
           ( 0.0000212, 0.0000000)|   4, 0, 0;0,  0;1,  0> +
           ( 0.0000148, 0.0000000)|   6, 0, 0;0,  0;0,  0> +
           ( 0.0000148, 0.0000000)|   6, 0, 0;1,  0;1,  0> +
           ( 0.0000132, 0.0000000)|   4, 0, 0;1,  0;1,  0> +
           ( 0.0000132, 0.0000000)|   4, 0, 0;0,  0;0,  0> +
            ...
 |  580> = (-0.0000012, 0.3549851)|   0, 0, 1;0,  0;1, -1> +
           ( 0.0000012,-0.3549851)|   0, 0, 1;1, -1;0,  0> +
           (-0.3536984, 0.0000028)|   0, 1, 0;0,  0;1,  1> +
           ( 0.3536984,-0.0000028)|   0, 1, 0;1,  1;0,  0> +
           ( 0.0000029, 0.3534054)|   0, 0, 1;1,  1;0,  0> +
           (-0.0000029,-0.3534053)|   0, 0, 1;0,  0;1,  1> +
           (-0.3521089, 0.0000069)|   0, 1, 0;0,  0;1, -1> +
           ( 0.3521089,-0.0000069)|   0, 1, 0;1, -1;0,  0> +
           ( 0.0000000,-0.0012377)|   0, 0, 1;1,  0;1, -1> +
           ( 0.0000000,-0.0012377)|   0, 0, 1;1, -1;1,  0> +
           ( 0.0012332,-0.0000000)|   0, 1, 0;1,  0;1,  1> +
           ( 0.0012332,-0.0000000)|   0, 1, 0;1,  1;1,  0> +
           ( 0.0000000, 0.0012321)|   0, 0, 1;1,  1;1,  0> +
           ( 0.0000000, 0.0012321)|   0, 0, 1;1,  0;1,  1> +
           ( 0.0012276,-0.0000000)|   0, 1, 0;1,  0;1, -1> +
           ( 0.0012276,-0.0000000)|   0, 1, 0;1, -1;1,  0> +
           (-0.0000000, 0.0004793)|   0, 0, 1;0,  0;2, -1> +
           (-0.0000000, 0.0004793)|   0, 0, 1;2, -1;0,  0> +
           (-0.0004776, 0.0000000)|   0, 1, 0;0,  0;2,  1> +
           (-0.0004776, 0.0000000)|   0, 1, 0;2,  1;0,  0> +
           (-0.0000000,-0.0004772)|   0, 0, 1;2,  1;0,  0> +
           (-0.0000000,-0.0004772)|   0, 0, 1;0,  0;2,  1> +
           (-0.0004755, 0.0000000)|   0, 1, 0;0,  0;2, -1> +
           (-0.0004755, 0.0000000)|   0, 1, 0;2, -1;0,  0> +
           ( 0.0000000,-0.0000154)|   1, 0, 1;0,  0;1, -1> +
           (-0.0000000, 0.0000154)|   1, 0, 1;1, -1;0,  0> +
           ( 0.0000153,-0.0000000)|   1, 1, 0;0,  0;1,  1> +
           (-0.0000153, 0.0000000)|   1, 1, 0;1,  1;0,  0> +
           (-0.0000000,-0.0000153)|   1, 0, 1;1,  1;0,  0> +
           ( 0.0000000, 0.0000153)|   1, 0, 1;0,  0;1,  1> +
           ( 0.0000153,-0.0000000)|   1, 1, 0;0,  0;1, -1> +
           (-0.0000153, 0.0000000)|   1, 1, 0;1, -1;0,  0> +
            ...
 |  581> = (-0.4988700,-0.0182075)|   0, 0, 1;1,  1;0,  0> +
           ( 0.4988700, 0.0182075)|   0, 0, 1;0,  0;1,  1> +
           (-0.0183207, 0.4986706)|   0, 1, 0;0,  0;1,  1> +
           ( 0.0183207,-0.4986706)|   0, 1, 0;1,  1;0,  0> +
           (-0.0298579, 0.0016347)|   0, 1, 0;0,  0;1, -1> +
           ( 0.0298579,-0.0016347)|   0, 1, 0;1, -1;0,  0> +
           (-0.0018340,-0.0297436)|   0, 0, 1;0,  0;1, -1> +
           ( 0.0018340, 0.0297436)|   0, 0, 1;1, -1;0,  0> +
           (-0.0017393,-0.0000635)|   0, 0, 1;1,  1;1,  0> +
           (-0.0017393,-0.0000635)|   0, 0, 1;1,  0;1,  1> +
           ( 0.0000639,-0.0017386)|   0, 1, 0;1,  0;1,  1> +
           ( 0.0000639,-0.0017386)|   0, 1, 0;1,  1;1,  0> +
           ( 0.0006736, 0.0000246)|   0, 0, 1;2,  1;0,  0> +
           ( 0.0006736, 0.0000246)|   0, 0, 1;0,  0;2,  1> +
           (-0.0000247, 0.0006734)|   0, 1, 0;0,  0;2,  1> +
           (-0.0000247, 0.0006734)|   0, 1, 0;2,  1;0,  0> +
           ( 0.0001041,-0.0000057)|   0, 1, 0;1,  0;1, -1> +
           ( 0.0001041,-0.0000057)|   0, 1, 0;1, -1;1,  0> +
           ( 0.0000064, 0.0001037)|   0, 0, 1;1,  0;1, -1> +
           ( 0.0000064, 0.0001037)|   0, 0, 1;1, -1;1,  0> +
           (-0.0000403, 0.0000022)|   0, 1, 0;0,  0;2, -1> +
           (-0.0000403, 0.0000022)|   0, 1, 0;2, -1;0,  0> +
           (-0.0000025,-0.0000402)|   0, 0, 1;0,  0;2, -1> +
           (-0.0000025,-0.0000402)|   0, 0, 1;2, -1;0,  0> +
           ( 0.0000216, 0.0000008)|   1, 0, 1;1,  1;0,  0> +
           (-0.0000216,-0.0000008)|   1, 0, 1;0,  0;1,  1> +
           ( 0.0000008,-0.0000216)|   1, 1, 0;0,  0;1,  1> +
           (-0.0000008, 0.0000216)|   1, 1, 0;1,  1;0,  0> +
            ...
 |  582> = ( 0.5001228, 0.0000903)|   0, 1, 0;0,  0;1, -1> +
           (-0.5001228,-0.0000903)|   0, 1, 0;1, -1;0,  0> +
           ( 0.0001080,-0.4980822)|   0, 0, 1;1, -1;0,  0> +
           (-0.0001080, 0.4980822)|   0, 0, 1;0,  0;1, -1> +
           (-0.0297257,-0.0038403)|   0, 0, 1;1,  1;0,  0> +
           ( 0.0297257, 0.0038402)|   0, 0, 1;0,  0;1,  1> +
           (-0.0018182, 0.0297081)|   0, 1, 0;0,  0;1,  1> +
           ( 0.0018182,-0.0297081)|   0, 1, 0;1,  1;0,  0> +
           (-0.0017437,-0.0000003)|   0, 1, 0;1,  0;1, -1> +
           (-0.0017437,-0.0000003)|   0, 1, 0;1, -1;1,  0> +
           ( 0.0000004,-0.0017366)|   0, 0, 1;1, -1;1,  0> +
           ( 0.0000004,-0.0017366)|   0, 0, 1;1,  0;1, -1> +
           ( 0.0006753, 0.0000001)|   0, 1, 0;0,  0;2, -1> +
           ( 0.0006753, 0.0000001)|   0, 1, 0;2, -1;0,  0> +
           (-0.0000001, 0.0006726)|   0, 0, 1;2, -1;0,  0> +
           (-0.0000001, 0.0006726)|   0, 0, 1;0,  0;2, -1> +
           (-0.0001036,-0.0000134)|   0, 0, 1;1,  1;1,  0> +
           (-0.0001036,-0.0000134)|   0, 0, 1;1,  0;1,  1> +
           ( 0.0000063,-0.0001036)|   0, 1, 0;1,  0;1,  1> +
           ( 0.0000063,-0.0001036)|   0, 1, 0;1,  1;1,  0> +
           ( 0.0000401, 0.0000052)|   0, 0, 1;2,  1;0,  0> +
           ( 0.0000401, 0.0000052)|   0, 0, 1;0,  0;2,  1> +
           (-0.0000025, 0.0000401)|   0, 1, 0;0,  0;2,  1> +
           (-0.0000025, 0.0000401)|   0, 1, 0;2,  1;0,  0> +
           ( 0.0000217, 0.0000000)|   1, 1, 0;1, -1;0,  0> +
           (-0.0000217,-0.0000000)|   1, 1, 0;0,  0;1, -1> +
           ( 0.0000000,-0.0000216)|   1, 0, 1;0,  0;1, -1> +
           (-0.0000000, 0.0000216)|   1, 0, 1;1, -1;0,  0> +
            ...
 |  583> = ( 0.0000000, 0.3535599)|   0, 0, 1;1, -1;0,  0> +
           (-0.0000000,-0.3535599)|   0, 0, 1;0,  0;1, -1> +
           ( 0.0000000, 0.3535485)|   0, 0, 1;1,  1;0,  0> +
           (-0.0000000,-0.3535485)|   0, 0, 1;0,  0;1,  1> +
           ( 0.3535485, 0.0000000)|   0, 1, 0;1,  1;0,  0> +
           (-0.3535485,-0.0000000)|   0, 1, 0;0,  0;1,  1> +
           (-0.3535468,-0.0000000)|   0, 1, 0;1, -1;0,  0> +
           ( 0.3535468, 0.0000000)|   0, 1, 0;0,  0;1, -1> +
           ( 0.0000000, 0.0012327)|   0, 0, 1;1, -1;1,  0> +
           ( 0.0000000, 0.0012327)|   0, 0, 1;1,  0;1, -1> +
           ( 0.0000000, 0.0012326)|   0, 0, 1;1,  1;1,  0> +
           ( 0.0000000, 0.0012326)|   0, 0, 1;1,  0;1,  1> +
           ( 0.0012326, 0.0000000)|   0, 1, 0;1,  1;1,  0> +
           ( 0.0012326, 0.0000000)|   0, 1, 0;1,  0;1,  1> +
           (-0.0012326,-0.0000000)|   0, 1, 0;1, -1;1,  0> +
           (-0.0012326,-0.0000000)|   0, 1, 0;1,  0;1, -1> +
           (-0.0000000,-0.0004774)|   0, 0, 1;2, -1;0,  0> +
           (-0.0000000,-0.0004774)|   0, 0, 1;0,  0;2, -1> +
           (-0.0000000,-0.0004774)|   0, 0, 1;2,  1;0,  0> +
           (-0.0000000,-0.0004774)|   0, 0, 1;0,  0;2,  1> +
           (-0.0004774,-0.0000000)|   0, 1, 0;2,  1;0,  0> +
           (-0.0004774,-0.0000000)|   0, 1, 0;0,  0;2,  1> +
           ( 0.0004774, 0.0000000)|   0, 1, 0;2, -1;0,  0> +
           ( 0.0004774, 0.0000000)|   0, 1, 0;0,  0;2, -1> +
           (-0.0000000,-0.0000153)|   1, 0, 1;1, -1;0,  0> +
           ( 0.0000000, 0.0000153)|   1, 0, 1;0,  0;1, -1> +
           (-0.0000000,-0.0000153)|   1, 0, 1;1,  1;0,  0> +
           ( 0.0000000, 0.0000153)|   1, 0, 1;0,  0;1,  1> +
           (-0.0000153,-0.0000000)|   1, 1, 0;1,  1;0,  0> +
           ( 0.0000153, 0.0000000)|   1, 1, 0;0,  0;1,  1> +
           ( 0.0000153, 0.0000000)|   1, 1, 0;1, -1;0,  0> +
           (-0.0000153,-0.0000000)|   1, 1, 0;0,  0;1, -1> +
            ...
 |  584> = (-0.3575034,-0.0001049)|   0, 1, 0;0,  0;1, -1> +
           (-0.3575034,-0.0001049)|   0, 1, 0;1, -1;0,  0> +
           ( 0.0001921,-0.3534162)|   0, 0, 1;0,  0;1,  1> +
           ( 0.0001921,-0.3534162)|   0, 0, 1;1,  1;0,  0> +
           (-0.3532485,-0.0001034)|   0, 1, 0;1,  1;0,  0> +
           (-0.3532485,-0.0001034)|   0, 1, 0;0,  0;1,  1> +
           (-0.0000239, 0.3499954)|   0, 0, 1;0,  0;1, -1> +
           (-0.0000239, 0.3499954)|   0, 0, 1;1, -1;0,  0> +
           ( 0.0012464, 0.0000004)|   0, 1, 0;1,  0;1, -1> +
           (-0.0012464,-0.0000004)|   0, 1, 0;1, -1;1,  0> +
           (-0.0000007, 0.0012322)|   0, 0, 1;1,  0;1,  1> +
           ( 0.0000007,-0.0012322)|   0, 0, 1;1,  1;1,  0> +
           (-0.0012316,-0.0000004)|   0, 1, 0;1,  1;1,  0> +
           ( 0.0012316, 0.0000004)|   0, 1, 0;1,  0;1,  1> +
           ( 0.0000001,-0.0012203)|   0, 0, 1;1,  0;1, -1> +
           (-0.0000001, 0.0012203)|   0, 0, 1;1, -1;1,  0> +
           (-0.0004827,-0.0000001)|   0, 1, 0;0,  0;2, -1> +
           ( 0.0004827, 0.0000001)|   0, 1, 0;2, -1;0,  0> +
           ( 0.0000003,-0.0004772)|   0, 0, 1;0,  0;2,  1> +
           (-0.0000003, 0.0004772)|   0, 0, 1;2,  1;0,  0> +
           ( 0.0004770, 0.0000001)|   0, 1, 0;2,  1;0,  0> +
           (-0.0004770,-0.0000001)|   0, 1, 0;0,  0;2,  1> +
           (-0.0000000, 0.0004726)|   0, 0, 1;0,  0;2, -1> +
           ( 0.0000000,-0.0004726)|   0, 0, 1;2, -1;0,  0> +
           ( 0.0000155, 0.0000000)|   1, 1, 0;0,  0;1, -1> +
           ( 0.0000155, 0.0000000)|   1, 1, 0;1, -1;0,  0> +
           (-0.0000000, 0.0000153)|   1, 0, 1;0,  0;1,  1> +
           (-0.0000000, 0.0000153)|   1, 0, 1;1,  1;0,  0> +
           ( 0.0000153, 0.0000000)|   1, 1, 0;0,  0;1,  1> +
           ( 0.0000153, 0.0000000)|   1, 1, 0;1,  1;0,  0> +
           ( 0.0000000,-0.0000152)|   1, 0, 1;0,  0;1, -1> +
           ( 0.0000000,-0.0000152)|   1, 0, 1;1, -1;0,  0> +
            ...
 |  585> = ( 0.0001105,-0.5009641)|   0, 0, 1;0,  0;1, -1> +
           ( 0.0001105,-0.5009641)|   0, 0, 1;1, -1;0,  0> +
           (-0.4988397,-0.0003045)|   0, 1, 0;0,  0;1, -1> +
           (-0.4988397,-0.0003045)|   0, 1, 0;1, -1;0,  0> +
           (-0.0046726, 0.0115896)|   0, 0, 1;1,  1;0,  0> +
           (-0.0046726, 0.0115896)|   0, 0, 1;0,  0;1,  1> +
           (-0.0030986,-0.0045850)|   0, 1, 0;0,  0;1,  1> +
           (-0.0030986,-0.0045850)|   0, 1, 0;1,  1;0,  0> +
           (-0.0000004, 0.0017466)|   0, 0, 1;1,  0;1, -1> +
           ( 0.0000004,-0.0017466)|   0, 0, 1;1, -1;1,  0> +
           ( 0.0017392, 0.0000011)|   0, 1, 0;1,  0;1, -1> +
           (-0.0017392,-0.0000011)|   0, 1, 0;1, -1;1,  0> +
           ( 0.0000001,-0.0006765)|   0, 0, 1;0,  0;2, -1> +
           (-0.0000001, 0.0006765)|   0, 0, 1;2, -1;0,  0> +
           (-0.0006736,-0.0000004)|   0, 1, 0;0,  0;2, -1> +
           ( 0.0006736, 0.0000004)|   0, 1, 0;2, -1;0,  0> +
           (-0.0000163, 0.0000404)|   0, 0, 1;1,  1;1,  0> +
           ( 0.0000163,-0.0000404)|   0, 0, 1;1,  0;1,  1> +
           (-0.0000000, 0.0000217)|   1, 0, 1;1, -1;0,  0> +
           (-0.0000000, 0.0000217)|   1, 0, 1;0,  0;1, -1> +
           ( 0.0000216, 0.0000000)|   1, 1, 0;0,  0;1, -1> +
           ( 0.0000216, 0.0000000)|   1, 1, 0;1, -1;0,  0> +
           ( 0.0000108, 0.0000160)|   0, 1, 0;1,  0;1,  1> +
           (-0.0000108,-0.0000160)|   0, 1, 0;1,  1;1,  0> +
           ( 0.0000063,-0.0000156)|   0, 0, 1;2,  1;0,  0> +
           (-0.0000063, 0.0000156)|   0, 0, 1;0,  0;2,  1> +
            ...
 |  586> = ( 0.3623044, 0.3447892)|   0, 1, 0;1,  1;0,  0> +
           ( 0.3623044, 0.3447892)|   0, 1, 0;0,  0;1,  1> +
           ( 0.3446560,-0.3618155)|   0, 0, 1;1,  1;0,  0> +
           ( 0.3446560,-0.3618155)|   0, 0, 1;0,  0;1,  1> +
           (-0.0085329,-0.0017278)|   0, 1, 0;0,  0;1, -1> +
           (-0.0085329,-0.0017277)|   0, 1, 0;1, -1;0,  0> +
           ( 0.0017020,-0.0084836)|   0, 0, 1;1, -1;0,  0> +
           ( 0.0017020,-0.0084836)|   0, 0, 1;0,  0;1, -1> +
           ( 0.0012632, 0.0012021)|   0, 1, 0;1,  1;1,  0> +
           (-0.0012632,-0.0012021)|   0, 1, 0;1,  0;1,  1> +
           ( 0.0012016,-0.0012615)|   0, 0, 1;1,  1;1,  0> +
           (-0.0012016, 0.0012615)|   0, 0, 1;1,  0;1,  1> +
           (-0.0004892,-0.0004656)|   0, 1, 0;2,  1;0,  0> +
           ( 0.0004892, 0.0004656)|   0, 1, 0;0,  0;2,  1> +
           (-0.0004654, 0.0004886)|   0, 0, 1;2,  1;0,  0> +
           ( 0.0004654,-0.0004886)|   0, 0, 1;0,  0;2,  1> +
           ( 0.0000297, 0.0000060)|   0, 1, 0;1,  0;1, -1> +
           (-0.0000297,-0.0000060)|   0, 1, 0;1, -1;1,  0> +
           ( 0.0000059,-0.0000296)|   0, 0, 1;1, -1;1,  0> +
           (-0.0000059, 0.0000296)|   0, 0, 1;1,  0;1, -1> +
           (-0.0000157,-0.0000149)|   1, 1, 0;1,  1;0,  0> +
           (-0.0000157,-0.0000149)|   1, 1, 0;0,  0;1,  1> +
           (-0.0000149, 0.0000157)|   1, 0, 1;1,  1;0,  0> +
           (-0.0000149, 0.0000157)|   1, 0, 1;0,  0;1,  1> +
           (-0.0000115,-0.0000023)|   0, 1, 0;0,  0;2, -1> +
           ( 0.0000115, 0.0000023)|   0, 1, 0;2, -1;0,  0> +
           (-0.0000023, 0.0000115)|   0, 0, 1;2, -1;0,  0> +
           ( 0.0000023,-0.0000115)|   0, 0, 1;0,  0;2, -1> +
            ...
 |  587> = (-0.0000816,-0.3556069)|   0, 0, 1;0,  0;1, -1> +
           (-0.0000816,-0.3556069)|   0, 0, 1;1, -1;0,  0> +
           ( 0.0001725,-0.3538863)|   0, 0, 1;0,  0;1,  1> +
           ( 0.0001725,-0.3538863)|   0, 0, 1;1,  1;0,  0> +
           (-0.3536012,-0.0000301)|   0, 1, 0;1,  1;0,  0> +
           (-0.3536012,-0.0000301)|   0, 1, 0;0,  0;1,  1> +
           ( 0.3510945, 0.0001145)|   0, 1, 0;1, -1;0,  0> +
           ( 0.3510945, 0.0001145)|   0, 1, 0;0,  0;1, -1> +
           ( 0.0000003, 0.0012398)|   0, 0, 1;1,  0;1, -1> +
           (-0.0000003,-0.0012398)|   0, 0, 1;1, -1;1,  0> +
           (-0.0000006, 0.0012338)|   0, 0, 1;1,  0;1,  1> +
           ( 0.0000006,-0.0012338)|   0, 0, 1;1,  1;1,  0> +
           (-0.0012328,-0.0000001)|   0, 1, 0;1,  1;1,  0> +
           ( 0.0012328, 0.0000001)|   0, 1, 0;1,  0;1,  1> +
           ( 0.0012241, 0.0000004)|   0, 1, 0;1, -1;1,  0> +
           (-0.0012241,-0.0000004)|   0, 1, 0;1,  0;1, -1> +
           (-0.0000001,-0.0004802)|   0, 0, 1;0,  0;2, -1> +
           ( 0.0000001, 0.0004802)|   0, 0, 1;2, -1;0,  0> +
           ( 0.0000002,-0.0004779)|   0, 0, 1;0,  0;2,  1> +
           (-0.0000002, 0.0004779)|   0, 0, 1;2,  1;0,  0> +
           ( 0.0004775, 0.0000000)|   0, 1, 0;2,  1;0,  0> +
           (-0.0004775,-0.0000000)|   0, 1, 0;0,  0;2,  1> +
           (-0.0004741,-0.0000002)|   0, 1, 0;2, -1;0,  0> +
           ( 0.0004741, 0.0000002)|   0, 1, 0;0,  0;2, -1> +
           ( 0.0000000, 0.0000154)|   1, 0, 1;0,  0;1, -1> +
           ( 0.0000000, 0.0000154)|   1, 0, 1;1, -1;0,  0> +
           (-0.0000000, 0.0000153)|   1, 0, 1;0,  0;1,  1> +
           (-0.0000000, 0.0000153)|   1, 0, 1;1,  1;0,  0> +
           ( 0.0000153, 0.0000000)|   1, 1, 0;1,  1;0,  0> +
           ( 0.0000153, 0.0000000)|   1, 1, 0;0,  0;1,  1> +
           (-0.0000152,-0.0000000)|   1, 1, 0;1, -1;0,  0> +
           (-0.0000152,-0.0000000)|   1, 1, 0;0,  0;1, -1> +
            ...
 |  588> = (-0.4457387,-0.5473150)|   0, 0, 1;0,  0;1,  0> +
           (-0.4457386,-0.5473149)|   0, 0, 1;1,  0;0,  0> +
           ( 0.0320639,-0.0270943)|   0, 1, 0;1,  0;0,  0> +
           ( 0.0320639,-0.0270943)|   0, 1, 0;0,  0;1,  0> +
           (-0.0006950,-0.0008534)|   0, 0, 1;0,  0;2,  0> +
           ( 0.0006950, 0.0008534)|   0, 0, 1;2,  0;0,  0> +
           (-0.0000500, 0.0000422)|   0, 1, 0;2,  0;0,  0> +
           ( 0.0000500,-0.0000422)|   0, 1, 0;0,  0;2,  0> +
            ...
 |  589> = ( 0.7058588,-0.0000461)|   0, 1, 0;0,  0;1,  0> +
           ( 0.7058587,-0.0000461)|   0, 1, 0;1,  0;0,  0> +
           (-0.0007581, 0.0419717)|   0, 0, 1;1,  0;0,  0> +
           (-0.0007581, 0.0419717)|   0, 0, 1;0,  0;1,  0> +
           ( 0.0011006,-0.0000001)|   0, 1, 0;0,  0;2,  0> +
           (-0.0011006, 0.0000001)|   0, 1, 0;2,  0;0,  0> +
           ( 0.0000012,-0.0000654)|   0, 0, 1;2,  0;0,  0> +
           (-0.0000012, 0.0000654)|   0, 0, 1;0,  0;2,  0> +
            ...
 |  590> = (-0.5142829,-0.4847769)|   0, 0, 1;1,  0;0,  0> +
           ( 0.5142829, 0.4847768)|   0, 0, 1;0,  0;1,  0> +
           ( 0.0135759,-0.0171667)|   0, 1, 0;0,  0;1,  0> +
           (-0.0135759, 0.0171667)|   0, 1, 0;1,  0;0,  0> +
           (-0.0035861,-0.0033804)|   0, 0, 1;0,  0;0,  0> +
           (-0.0035861,-0.0033804)|   0, 0, 1;1,  0;1,  0> +
           ( 0.0008019, 0.0007559)|   0, 0, 1;2,  0;0,  0> +
           ( 0.0008019, 0.0007559)|   0, 0, 1;0,  0;2,  0> +
           (-0.0000947, 0.0001197)|   0, 1, 0;0,  0;0,  0> +
           (-0.0000947, 0.0001197)|   0, 1, 0;1,  0;1,  0> +
           ( 0.0000212,-0.0000268)|   0, 1, 0;0,  0;2,  0> +
           ( 0.0000212,-0.0000268)|   0, 1, 0;2,  0;0,  0> +
            ...
 |  591> = ( 0.7067500,-0.0000632)|   0, 1, 0;1,  0;0,  0> +
           (-0.7067499, 0.0000632)|   0, 1, 0;0,  0;1,  0> +
           (-0.0018943, 0.0218039)|   0, 0, 1;0,  0;1,  0> +
           ( 0.0018943,-0.0218039)|   0, 0, 1;1,  0;0,  0> +
           ( 0.0049282,-0.0000004)|   0, 1, 0;0,  0;0,  0> +
           ( 0.0049282,-0.0000004)|   0, 1, 0;1,  0;1,  0> +
           (-0.0011020, 0.0000001)|   0, 1, 0;2,  0;0,  0> +
           (-0.0011020, 0.0000001)|   0, 1, 0;0,  0;2,  0> +
           ( 0.0000132,-0.0001520)|   0, 0, 1;0,  0;0,  0> +
           ( 0.0000132,-0.0001520)|   0, 0, 1;1,  0;1,  0> +
           (-0.0000030, 0.0000340)|   0, 0, 1;0,  0;2,  0> +
           (-0.0000030, 0.0000340)|   0, 0, 1;2,  0;0,  0> +
            ...
 |  592> = (-0.7070818,-0.0000024)|   6, 0, 0;0,  0;1, -1> +
           ( 0.7070816, 0.0000024)|   6, 0, 0;1, -1;0,  0> +
           ( 0.0053331,-0.0000002)|   6, 0, 0;0,  0;1,  1> +
           (-0.0053331, 0.0000002)|   6, 0, 0;1,  1;0,  0> +
           ( 0.0024652, 0.0000000)|   6, 0, 0;1,  0;1, -1> +
           ( 0.0024652, 0.0000000)|   6, 0, 0;1, -1;1,  0> +
           (-0.0009548,-0.0000000)|   6, 0, 0;0,  0;2, -1> +
           (-0.0009548,-0.0000000)|   6, 0, 0;2, -1;0,  0> +
           ( 0.0000810, 0.0000000)|   7, 0, 0;0,  0;1, -1> +
           (-0.0000810,-0.0000000)|   7, 0, 0;1, -1;0,  0> +
           (-0.0000751,-0.0000000)|   5, 0, 0;0,  0;1, -1> +
           ( 0.0000751, 0.0000000)|   5, 0, 0;1, -1;0,  0> +
           (-0.0000186, 0.0000000)|   6, 0, 0;1,  0;1,  1> +
           (-0.0000186, 0.0000000)|   6, 0, 0;1,  1;1,  0> +
            ...
 |  593> = (-0.7070396,-0.0077278)|   6, 0, 0;0,  0;1,  1> +
           ( 0.7070394, 0.0077278)|   6, 0, 0;1,  1;0,  0> +
           (-0.0053328,-0.0000585)|   6, 0, 0;0,  0;1, -1> +
           ( 0.0053328, 0.0000585)|   6, 0, 0;1, -1;0,  0> +
           ( 0.0024651, 0.0000269)|   6, 0, 0;1,  0;1,  1> +
           ( 0.0024651, 0.0000269)|   6, 0, 0;1,  1;1,  0> +
           (-0.0009547,-0.0000104)|   6, 0, 0;0,  0;2,  1> +
           (-0.0009547,-0.0000104)|   6, 0, 0;2,  1;0,  0> +
           ( 0.0000810, 0.0000009)|   7, 0, 0;0,  0;1,  1> +
           (-0.0000810,-0.0000009)|   7, 0, 0;1,  1;0,  0> +
           (-0.0000751,-0.0000008)|   5, 0, 0;0,  0;1,  1> +
           ( 0.0000751, 0.0000008)|   5, 0, 0;1,  1;0,  0> +
           ( 0.0000186, 0.0000002)|   6, 0, 0;1,  0;1, -1> +
           ( 0.0000186, 0.0000002)|   6, 0, 0;1, -1;1,  0> +
            ...
