# Parameters of the model
#  mass:		    261.00 u
#  charge:	      1.00 e
#  dipole:	      0.00 D
#  B:		    503.70 MHz
#  omega_rho:	      1.40 MHz
#  omega_z:	      0.16 MHz

# Basis truncation:	|34,4,4;2,2>
# omega_1:	      0.28 MHz
# omega_3/5:	      1.39 MHz
# Basis size:		44064

# Active terms of the Hamiltionian:
# 	Nomal modes:	1
# 	T_rot:      	1
# 	V_qd^{(0)}: 	1
# 	V_qd^{(1)}: 	1
# 	V_dd^{(0)}: 	1

# Results of the diagonalisation

# 100 smallest eigenvalues
 5.518714905 6.518714905 7.518714905 8.518714905 9.518714905 10.518714905 10.537429810 10.537429810 11.518714905 11.537429810 11.537429810 12.518714905 12.537429810 12.537429810 13.518714905 13.537429810 13.537429810 14.518714905 14.537429810 14.537429810 15.518714905 15.537429810 15.537429810 15.556144714 15.556144714 15.556144714 16.518714905 16.537429810 16.537429810 16.556144714 16.556144714 16.556144714 17.518714905 17.537429810 17.537429810 17.556144714 17.556144714 17.556144714 18.518714905 18.537429810 18.537429810 18.556144714 18.556144714 18.556144714 19.518714905 19.537429810 19.537429810 19.556144714 19.556144714 19.556144714 20.518714905 20.537429810 20.537429810 20.556144714 20.556144714 20.556144714 20.574859619 20.574859619 20.574859619 20.574859619 21.518714905 21.537429810 21.537429810 21.556144714 21.556144714 21.556144714 21.574859619 21.574859619 21.574859619 21.574859619 22.518714905 22.537429810 22.537429810 22.556144714 22.556144714 22.556144714 22.574859619 22.574859619 22.574859619 22.574859619 23.518714905 23.537429810 23.537429810 23.556144714 23.556144714 23.556144714 23.574859619 23.574859619 23.574859619 23.574859619 24.518714905 24.537429810 24.537429810 24.556144714 24.556144714 24.556144714 24.574859619 24.574859619 24.574859619 24.574859619

# Ground state and the lowest excitations:
 | 0> = ( 1.000000, 0.000000)|   0, 0, 0;0,  0;0,  0> +
         ...
 | 1> = ( 1.000000, 0.000000)|   1, 0, 0;0,  0;0,  0> +
         ...
 | 2> = ( 1.000000, 0.000000)|   2, 0, 0;0,  0;0,  0> +
         ...
 | 3> = ( 1.000000, 0.000000)|   3, 0, 0;0,  0;0,  0> +
         ...
 | 4> = ( 1.000000, 0.000000)|   4, 0, 0;0,  0;0,  0> +
         ...
 | 5> = ( 1.000000, 0.000000)|   5, 0, 0;0,  0;0,  0> +
         ...
 | 6> = ( 1.000000, 0.000000)|   0, 0, 1;0,  0;0,  0> +
         ...
 | 7> = ( 1.000000, 0.000000)|   0, 1, 0;0,  0;0,  0> +
         ...
 | 8> = ( 1.000000, 0.000000)|   6, 0, 0;0,  0;0,  0> +
         ...
 | 9> = ( 1.000000, 0.000000)|   1, 0, 1;0,  0;0,  0> +
         ...
 |10> = ( 1.000000, 0.000000)|   1, 1, 0;0,  0;0,  0> +
         ...
 |11> = ( 1.000000, 0.000000)|   7, 0, 0;0,  0;0,  0> +
         ...
 |12> = ( 1.000000, 0.000000)|   2, 0, 1;0,  0;0,  0> +
         ...
 |13> = ( 1.000000, 0.000000)|   2, 1, 0;0,  0;0,  0> +
         ...
 |14> = ( 1.000000, 0.000000)|   8, 0, 0;0,  0;0,  0> +
         ...
 |15> = ( 1.000000, 0.000000)|   3, 0, 1;0,  0;0,  0> +
         ...
 |16> = ( 1.000000, 0.000000)|   3, 1, 0;0,  0;0,  0> +
         ...
 |17> = ( 1.000000, 0.000000)|   9, 0, 0;0,  0;0,  0> +
         ...
 |18> = ( 1.000000, 0.000000)|   4, 0, 1;0,  0;0,  0> +
         ...
 |19> = ( 1.000000, 0.000000)|   4, 1, 0;0,  0;0,  0> +
         ...
 |20> = ( 1.000000, 0.000000)|  10, 0, 0;0,  0;0,  0> +
         ...
 |21> = ( 1.000000, 0.000000)|   5, 0, 1;0,  0;0,  0> +
         ...
 |22> = ( 1.000000, 0.000000)|   5, 1, 0;0,  0;0,  0> +
         ...
 |23> = ( 1.000000, 0.000000)|   0, 0, 2;0,  0;0,  0> +
         ...
 |24> = ( 1.000000, 0.000000)|   0, 1, 1;0,  0;0,  0> +
         ...
