# Parameters of the model
#  mass:		    261.00 u
#  charge:	      1.00 e
#  dipole:	      1.00 D
#  B:		    503.70 MHz
#  omega_rho:	      1.40 MHz
#  omega_z:	      0.16 MHz

# Basis truncation:	|34,4,4;2,2>
# omega_1:	      0.28 MHz
# omega_3/5:	      1.39 MHz
# Basis size:		44064

# Active terms of the Hamiltionian:
# 	Nomal modes:	1
# 	T_rot:      	1
# 	V_qd^{(0)}: 	1
# 	V_qd^{(1)}: 	1
# 	V_dd^{(0)}: 	1

# Results of the diagonalisation

# 100 smallest eigenvalues
 5.518706322 6.391829491 7.457355976 8.733545303 9.444115639 10.428360939 10.572444916 10.638783455 11.485012054 11.583717346 11.689254761 12.523943901 12.609139442 12.737931252 13.462099075 13.509925842 13.601826668 14.524827003 14.618826866 14.726989746 15.484522820 15.519431114 15.535943031 15.617966652 15.639467239 15.674110413 16.470409393 16.492204666 16.498189926 16.588205338 16.592584610 16.832550049 17.506233215 17.521381378 17.527629852 17.539928436 17.618165970 17.619318008 18.366207123 18.606908798 18.655012131 18.752677917 18.759557724 18.865913391 19.432086945 19.530689240 19.577785492 19.602949142 19.728929520 19.890438080 20.326118469 20.547376633 20.553756714 20.561998367 20.572578430 20.609735489 20.623037338 20.625137329 20.641429901 20.733039856 21.387248993 21.552263260 21.598695755 21.605213165 21.653581619 21.662212372 21.669036865 21.674940109 21.713989258 21.991439819 22.331356049 22.422084808 22.477210999 22.504531860 22.551002502 22.572807312 22.642026901 22.675039291 22.686523438 22.758438110 23.102678299 23.417896271 23.518287659 23.563304901 23.565399170 23.584072113 23.650356293 23.752746582 23.771547318 24.009149551 24.494792938 24.499498367 24.539560318 24.565444946 24.655433655 24.678606033 24.693412781 24.698169708 24.698440552 24.754604340

# Ground state and the lowest excitations:
 | 0> = ( 1.000000, 0.000000)|   0, 0, 0;0,  0;0,  0> +
         ...
 | 1> = ( 1.000000, 0.000000)|   1, 0, 0;0,  0;0,  0> +
         ...
 | 2> = (-1.000000, 0.000000)|   2, 0, 0;0,  0;0,  0> +
        (-0.000939, 0.000000)|   0, 2, 0;0,  0;0,  0> +
        (-0.000688,-0.000000)|   0, 0, 2;0,  0;0,  0> +
         ...
 | 3> = (-0.999225,-0.000000)|   3, 0, 0;0,  0;0,  0> +
        (-0.000000, 0.027775)|   0, 0, 1;0,  0;0,  0> +
        (-0.027748, 0.000000)|   0, 1, 0;0,  0;0,  0> +
         ...
 | 4> = ( 0.999983,-0.000000)|   4, 0, 0;0,  0;0,  0> +
        ( 0.003736, 0.000000)|   0, 2, 2;0,  0;0,  0> +
        ( 0.002144,-0.000000)|   1, 1, 0;0,  0;0,  0> +
        (-0.000000, 0.002118)|   1, 0, 1;0,  0;0,  0> +
        ( 0.001997,-0.000000)|   1, 2, 0;0,  0;0,  0> +
        (-0.001955, 0.000000)|   1, 0, 2;0,  0;0,  0> +
        ( 0.000433, 0.000000)|   2, 2, 0;0,  0;0,  0> +
        ( 0.000360,-0.000000)|   2, 0, 2;0,  0;0,  0> +
         ...
 | 5> = ( 0.999998,-0.000060)|   5, 0, 0;0,  0;0,  0> +
        (-0.001212, 0.000007)|   3, 2, 0;0,  0;0,  0> +
        (-0.001045,-0.000002)|   3, 0, 2;0,  0;0,  0> +
        ( 0.000637,-0.000029)|   0, 3, 0;0,  0;0,  0> +
        ( 0.000354, 0.000369)|   0, 1, 2;0,  0;0,  0> +
        ( 0.000005,-0.000507)|   0, 3, 3;0,  0;0,  0> +
        ( 0.000277,-0.000398)|   0, 0, 3;0,  0;0,  0> +
        (-0.000001, 0.000436)|   0, 2, 3;0,  0;0,  0> +
        ( 0.000376, 0.000006)|   0, 3, 2;0,  0;0,  0> +
         ...
 | 6> = (-0.727884, 0.000000)|   0, 1, 0;0,  0;0,  0> +
        (-0.000000, 0.684572)|   0, 0, 1;0,  0;0,  0> +
        ( 0.039241, 0.000000)|   3, 0, 0;0,  0;0,  0> +
         ...
 | 7> = (-0.000000, 0.728377)|   0, 0, 1;0,  0;0,  0> +
        ( 0.685098, 0.000000)|   0, 1, 0;0,  0;0,  0> +
        ( 0.007173, 0.000000)|   0, 0, 2;0,  0;0,  0> +
        (-0.007154,-0.000000)|   0, 2, 0;0,  0;0,  0> +
        ( 0.001222, 0.000000)|   3, 0, 0;0,  0;0,  0> +
         ...
 | 8> = (-0.709653, 0.000004)|   1, 1, 0;0,  0;0,  0> +
        ( 0.000004,-0.704538)|   1, 0, 1;0,  0;0,  0> +
        ( 0.003017,-0.000000)|   4, 0, 0;0,  0;0,  0> +
        ( 0.000952,-0.000000)|   1, 0, 2;0,  0;0,  0> +
        (-0.000951, 0.000000)|   1, 2, 0;0,  0;0,  0> +
        ( 0.000395,-0.000000)|   2, 2, 0;0,  0;0,  0> +
        ( 0.000323, 0.000000)|   2, 0, 2;0,  0;0,  0> +
         ...
 | 9> = (-0.999539, 0.028143)|   6, 0, 0;0,  0;0,  0> +
        (-0.000400, 0.007309)|   3, 0, 1;0,  0;0,  0> +
        ( 0.005873,-0.000416)|   3, 1, 0;0,  0;0,  0> +
        ( 0.003005,-0.001360)|   0, 1, 2;0,  0;0,  0> +
        ( 0.002342,-0.000000)|   3, 2, 2;0,  0;0,  0> +
        ( 0.000001, 0.001812)|   1, 1, 1;0,  0;0,  0> +
        (-0.000036,-0.001515)|   1, 0, 3;0,  0;0,  0> +
        ( 0.000586,-0.001341)|   0, 0, 3;0,  0;0,  0> +
        ( 0.000016, 0.001459)|   0, 3, 0;0,  0;0,  0> +
        (-0.001457, 0.000072)|   1, 3, 0;0,  0;0,  0> +
        ( 0.001426, 0.000138)|   4, 0, 2;0,  0;0,  0> +
        (-0.001262, 0.000191)|   0, 3, 2;0,  0;0,  0> +
        ( 0.001154,-0.000001)|   4, 1, 0;0,  0;0,  0> +
        (-0.000002, 0.001119)|   4, 0, 1;0,  0;0,  0> +
        ( 0.000209,-0.000878)|   1, 2, 1;0,  0;0,  0> +
        ( 0.000795,-0.000133)|   4, 2, 0;0,  0;0,  0> +
        ( 0.000787, 0.000109)|   3, 2, 0;0,  0;0,  0> +
        (-0.000780,-0.000108)|   3, 0, 2;0,  0;0,  0> +
        ( 0.000190, 0.000752)|   0, 2, 3;0,  0;0,  0> +
        ( 0.000149,-0.000710)|   0, 2, 1;0,  0;0,  0> +
        (-0.000705, 0.000008)|   1, 1, 2;0,  0;0,  0> +
        ( 0.000005, 0.000593)|   1, 3, 3;0,  0;0,  0> +
        ( 0.000094, 0.000571)|   2, 1, 1;0,  0;0,  0> +
         ...
 |10> = ( 0.001218, 0.709552)|   1, 0, 1;0,  0;0,  0> +
        (-0.704440, 0.001217)|   1, 1, 0;0,  0;0,  0> +
        (-0.010839,-0.000091)|   2, 1, 0;0,  0;0,  0> +
        (-0.000091,-0.007978)|   2, 0, 1;0,  0;0,  0> +
        ( 0.004992,-0.000039)|   0, 3, 0;0,  0;0,  0> +
        (-0.000037, 0.004948)|   0, 0, 3;0,  0;0,  0> +
        (-0.004769,-0.000001)|   2, 2, 0;0,  0;0,  0> +
        ( 0.004754, 0.000001)|   2, 0, 2;0,  0;0,  0> +
        ( 0.002865, 0.000036)|   0, 1, 2;0,  0;0,  0> +
        ( 0.000001, 0.002740)|   0, 2, 1;0,  0;0,  0> +
        (-0.000004,-0.000810)|   0, 1, 1;0,  0;0,  0> +
         ...
 |11> = ( 0.070712,-0.706630)|   2, 0, 1;0,  0;0,  0> +
        ( 0.700437, 0.070896)|   2, 1, 0;0,  0;0,  0> +
        ( 0.004474, 0.000045)|   3, 0, 2;0,  0;0,  0> +
        ( 0.003637,-0.000041)|   3, 2, 0;0,  0;0,  0> +
        (-0.000052, 0.001391)|   1, 0, 1;0,  0;0,  0> +
        (-0.001386,-0.000052)|   1, 1, 0;0,  0;0,  0> +
        ( 0.000001,-0.000877)|   0, 3, 1;0,  0;0,  0> +
        (-0.000153, 0.000632)|   0, 0, 3;0,  0;0,  0> +
        ( 0.000025, 0.000546)|   0, 1, 1;0,  0;0,  0> +
        ( 0.000491,-0.000120)|   0, 3, 0;0,  0;0,  0> +
        ( 0.000329, 0.000001)|   5, 0, 0;0,  0;0,  0> +
         ...
 |12> = ( 0.999381, 0.031366)|   7, 0, 0;0,  0;0,  0> +
        ( 0.010907,-0.000702)|   4, 1, 0;0,  0;0,  0> +
        (-0.000697,-0.010869)|   4, 0, 1;0,  0;0,  0> +
        (-0.000065, 0.001815)|   1, 2, 3;0,  0;0,  0> +
        ( 0.001473,-0.000064)|   8, 0, 0;0,  0;0,  0> +
        ( 0.001348,-0.000203)|   1, 1, 2;0,  0;0,  0> +
        ( 0.000001, 0.001100)|   3, 3, 3;0,  0;0,  0> +
        (-0.001064, 0.000046)|   1, 3, 0;0,  0;0,  0> +
        (-0.000070,-0.000934)|   6, 0, 1;0,  0;0,  0> +
        ( 0.000073, 0.000897)|   5, 0, 1;0,  0;0,  0> +
        (-0.000000, 0.000851)|   2, 1, 3;0,  0;0,  0> +
        (-0.000795,-0.000065)|   1, 3, 2;0,  0;0,  0> +
        ( 0.000000,-0.000674)|   0, 1, 3;0,  0;0,  0> +
        ( 0.000516, 0.000318)|   5, 1, 0;0,  0;0,  0> +
        (-0.000573, 0.000019)|   6, 0, 2;0,  0;0,  0> +
        (-0.000037,-0.000563)|   1, 1, 3;0,  0;0,  0> +
        (-0.000007,-0.000441)|   2, 0, 3;0,  0;0,  0> +
        (-0.000083, 0.000420)|   2, 2, 1;0,  0;0,  0> +
        (-0.000028, 0.000426)|   3, 1, 1;0,  0;0,  0> +
        (-0.000172, 0.000364)|   1, 0, 3;0,  0;0,  0> +
        (-0.000343, 0.000003)|   5, 0, 2;0,  0;0,  0> +
        (-0.000000, 0.000338)|   2, 3, 3;0,  0;0,  0> +
         ...
 |13> = (-0.710054,-0.000391)|   2, 1, 0;0,  0;0,  0> +
        (-0.000411,-0.703946)|   2, 0, 1;0,  0;0,  0> +
        (-0.000016,-0.009419)|   1, 0, 1;0,  0;0,  0> +
        ( 0.009332,-0.000016)|   1, 1, 0;0,  0;0,  0> +
        (-0.006777, 0.000001)|   2, 0, 2;0,  0;0,  0> +
        ( 0.006757,-0.000001)|   2, 2, 0;0,  0;0,  0> +
        (-0.003447, 0.000002)|   1, 2, 2;0,  0;0,  0> +
        ( 0.000013, 0.001256)|   0, 1, 1;0,  0;0,  0> +
        (-0.000016, 0.000756)|   0, 2, 1;0,  0;0,  0> +
        ( 0.000048, 0.000643)|   0, 0, 3;0,  0;0,  0> +
        ( 0.000535, 0.000100)|   0, 3, 0;0,  0;0,  0> +
         ...
 |14> = ( 0.999017,-0.043478)|   8, 0, 0;0,  0;0,  0> +
        (-0.000490,-0.005604)|   5, 0, 1;0,  0;0,  0> +
        (-0.003651,-0.002304)|   5, 1, 0;0,  0;0,  0> +
        (-0.000027, 0.002847)|   2, 3, 1;0,  0;0,  0> +
        (-0.001466,-0.000046)|   7, 0, 0;0,  0;0,  0> +
        ( 0.001250, 0.000044)|   1, 2, 1;0,  0;0,  0> +
        ( 0.000016, 0.001095)|   2, 0, 3;0,  0;0,  0> +
        (-0.001030,-0.000012)|   2, 3, 2;0,  0;0,  0> +
        (-0.000094,-0.001012)|   6, 0, 1;0,  0;0,  0> +
        ( 0.000012,-0.000903)|   2, 2, 1;0,  0;0,  0> +
        (-0.000796,-0.000032)|   6, 1, 0;0,  0;0,  0> +
        (-0.000655, 0.000305)|   2, 3, 0;0,  0;0,  0> +
        (-0.000716, 0.000055)|   1, 0, 3;0,  0;0,  0> +
        ( 0.000597,-0.000004)|   3, 3, 2;0,  0;0,  0> +
        (-0.000020, 0.000569)|   3, 0, 3;0,  0;0,  0> +
        ( 0.000245,-0.000492)|   2, 1, 2;0,  0;0,  0> +
        ( 0.000009, 0.000515)|   1, 1, 3;0,  0;0,  0> +
        (-0.000001, 0.000465)|   2, 1, 3;0,  0;0,  0> +
        ( 0.000002, 0.000463)|   3, 2, 3;0,  0;0,  0> +
        ( 0.000080, 0.000445)|   4, 1, 1;0,  0;0,  0> +
        ( 0.000448,-0.000005)|   5, 2, 0;0,  0;0,  0> +
        ( 0.000028,-0.000414)|   4, 3, 3;0,  0;0,  0> +
        ( 0.000384,-0.000005)|   3, 3, 0;0,  0;0,  0> +
        ( 0.000021,-0.000371)|   3, 1, 1;0,  0;0,  0> +
        ( 0.000021, 0.000364)|   3, 2, 1;0,  0;0,  0> +
        ( 0.000000,-0.000332)|   2, 3, 3;0,  0;0,  0> +
         ...
 |15> = ( 0.000522, 0.709104)|   3, 0, 1;0,  0;0,  0> +
        ( 0.704831,-0.000653)|   3, 1, 0;0,  0;0,  0> +
        ( 0.009287,-0.000260)|   6, 0, 0;0,  0;0,  0> +
        (-0.007297, 0.002938)|   0, 1, 2;0,  0;0,  0> +
        (-0.000042,-0.006683)|   1, 1, 1;0,  0;0,  0> +
        (-0.006512, 0.000018)|   1, 3, 0;0,  0;0,  0> +
        ( 0.000011,-0.006209)|   1, 0, 3;0,  0;0,  0> +
        (-0.004915,-0.000657)|   3, 2, 0;0,  0;0,  0> +
        ( 0.004711, 0.000654)|   3, 0, 2;0,  0;0,  0> +
        (-0.001535, 0.003688)|   0, 0, 3;0,  0;0,  0> +
        ( 0.000002,-0.003630)|   1, 2, 1;0,  0;0,  0> +
        (-0.003538,-0.000015)|   1, 1, 2;0,  0;0,  0> +
        (-0.000634,-0.003329)|   0, 3, 0;0,  0;0,  0> +
        (-0.000163, 0.002014)|   0, 2, 1;0,  0;0,  0> +
        ( 0.000265, 0.001473)|   0, 2, 3;0,  0;0,  0> +
        (-0.001413, 0.000264)|   0, 3, 2;0,  0;0,  0> +
        (-0.000631, 0.000024)|   4, 2, 0;0,  0;0,  0> +
        (-0.000549, 0.000008)|   4, 0, 2;0,  0;0,  0> +
        (-0.000448,-0.000001)|   1, 2, 2;0,  0;0,  0> +
         ...
 |16> = (-0.663628,-0.249887)|   3, 1, 0;0,  0;0,  0> +
        (-0.248511, 0.659588)|   3, 0, 1;0,  0;0,  0> +
        (-0.000097, 0.011889)|   4, 0, 1;0,  0;0,  0> +
        ( 0.011558, 0.000094)|   4, 1, 0;0,  0;0,  0> +
        (-0.003145, 0.000002)|   1, 3, 2;0,  0;0,  0> +
        (-0.000011,-0.003029)|   1, 2, 3;0,  0;0,  0> +
        (-0.000018,-0.002596)|   0, 1, 3;0,  0;0,  0> +
        ( 0.000105, 0.002545)|   1, 3, 1;0,  0;0,  0> +
        ( 0.002460, 0.000007)|   1, 1, 2;0,  0;0,  0> +
        (-0.000027, 0.002429)|   2, 3, 3;0,  0;0,  0> +
        ( 0.000017, 0.002084)|   2, 0, 3;0,  0;0,  0> +
        ( 0.001263, 0.001041)|   4, 0, 2;0,  0;0,  0> +
        ( 0.001599,-0.000010)|   2, 3, 0;0,  0;0,  0> +
        (-0.001441, 0.000438)|   1, 3, 0;0,  0;0,  0> +
        ( 0.001396,-0.000544)|   0, 1, 2;0,  0;0,  0> +
        ( 0.001159,-0.000223)|   6, 0, 0;0,  0;0,  0> +
        ( 0.001050,-0.000006)|   2, 1, 2;0,  0;0,  0> +
        ( 0.000077,-0.001043)|   4, 2, 0;0,  0;0,  0> +
        ( 0.000013, 0.000925)|   2, 2, 1;0,  0;0,  0> +
        ( 0.000000,-0.000815)|   0, 3, 1;0,  0;0,  0> +
        ( 0.000318,-0.000684)|   0, 0, 3;0,  0;0,  0> +
        ( 0.000295,-0.000621)|   1, 2, 1;0,  0;0,  0> +
        (-0.000001, 0.000665)|   1, 1, 3;0,  0;0,  0> +
        ( 0.000054, 0.000662)|   0, 3, 0;0,  0;0,  0> +
        ( 0.000318,-0.000523)|   1, 0, 3;0,  0;0,  0> +
        ( 0.000574,-0.000057)|   0, 3, 2;0,  0;0,  0> +
        ( 0.000453, 0.000001)|   4, 2, 2;0,  0;0,  0> +
        (-0.000161, 0.000384)|   1, 1, 1;0,  0;0,  0> +
         ...
 |17> = (-0.000219,-0.711692)|   4, 0, 1;0,  0;0,  0> +
        (-0.702072,-0.000085)|   4, 1, 0;0,  0;0,  0> +
        (-0.011069,-0.004062)|   3, 1, 0;0,  0;0,  0> +
        (-0.004040, 0.010993)|   3, 0, 1;0,  0;0,  0> +
        (-0.011659, 0.000081)|   1, 1, 2;0,  0;0,  0> +
        ( 0.008179, 0.000016)|   4, 2, 2;0,  0;0,  0> +
        (-0.003199,-0.004387)|   4, 0, 2;0,  0;0,  0> +
        ( 0.002985, 0.004327)|   4, 2, 0;0,  0;0,  0> +
        ( 0.004806,-0.001951)|   1, 3, 0;0,  0;0,  0> +
        (-0.001549, 0.001099)|   1, 2, 1;0,  0;0,  0> +
        ( 0.001845,-0.000039)|   2, 3, 0;0,  0;0,  0> +
        (-0.001592, 0.000040)|   6, 0, 0;0,  0;0,  0> +
        (-0.000032, 0.001421)|   2, 2, 1;0,  0;0,  0> +
        ( 0.000010,-0.001186)|   0, 1, 3;0,  0;0,  0> +
        ( 0.001058, 0.000038)|   2, 1, 2;0,  0;0,  0> +
        (-0.000983,-0.000362)|   1, 0, 3;0,  0;0,  0> +
        (-0.000018, 0.000912)|   2, 0, 3;0,  0;0,  0> +
        ( 0.000006, 0.000909)|   1, 3, 1;0,  0;0,  0> +
        (-0.000002, 0.000717)|   2, 1, 3;0,  0;0,  0> +
        (-0.000105,-0.000657)|   2, 1, 1;0,  0;0,  0> +
        ( 0.000000, 0.000556)|   1, 2, 3;0,  0;0,  0> +
        (-0.000505, 0.000230)|   0, 1, 2;0,  0;0,  0> +
        ( 0.000554, 0.000010)|   1, 3, 2;0,  0;0,  0> +
        (-0.000015,-0.000343)|   0, 2, 3;0,  0;0,  0> +
        ( 0.000002, 0.000332)|   1, 1, 3;0,  0;0,  0> +
         ...
 |18> = (-0.994223,-0.102085)|   9, 0, 0;0,  0;0,  0> +
        ( 0.029732, 0.001163)|  10, 0, 0;0,  0;0,  0> +
        (-0.000778,-0.009197)|   6, 0, 1;0,  0;0,  0> +
        (-0.004874,-0.000143)|   6, 1, 0;0,  0;0,  0> +
        (-0.004831, 0.000125)|   5, 2, 0;0,  0;0,  0> +
        ( 0.000118, 0.004145)|   7, 0, 1;0,  0;0,  0> +
        (-0.003209, 0.000219)|   5, 0, 2;0,  0;0,  0> +
        ( 0.002819, 0.000037)|   6, 2, 2;0,  0;0,  0> +
        ( 0.002482,-0.000127)|   4, 1, 3;0,  0;0,  0> +
        (-0.002438,-0.000263)|   7, 1, 0;0,  0;0,  0> +
        ( 0.000199,-0.002346)|   3, 0, 3;0,  0;0,  0> +
        ( 0.000749,-0.002011)|   3, 3, 1;0,  0;0,  0> +
        ( 0.001666,-0.000152)|   3, 1, 2;0,  0;0,  0> +
        (-0.000132,-0.001628)|   3, 2, 1;0,  0;0,  0> +
        ( 0.000012,-0.001273)|   2, 3, 1;0,  0;0,  0> +
        (-0.000211,-0.001210)|   4, 1, 1;0,  0;0,  0> +
        (-0.000353, 0.000969)|   4, 3, 1;0,  0;0,  0> +
        (-0.000770,-0.000641)|   5, 1, 0;0,  0;0,  0> +
        (-0.000630, 0.000642)|   2, 1, 2;0,  0;0,  0> +
        ( 0.000165,-0.000803)|   3, 1, 3;0,  0;0,  0> +
        ( 0.000555,-0.000351)|   2, 3, 0;0,  0;0,  0> +
        (-0.000033, 0.000638)|   5, 1, 1;0,  0;0,  0> +
        (-0.000049, 0.000567)|   5, 0, 1;0,  0;0,  0> +
        ( 0.000568,-0.000013)|   7, 2, 0;0,  0;0,  0> +
        ( 0.000115, 0.000544)|   8, 0, 1;0,  0;0,  0> +
        ( 0.000471,-0.000155)|  10, 0, 1;0,  0;0,  0> +
        ( 0.000486, 0.000002)|   3, 3, 2;0,  0;0,  0> +
        (-0.000028, 0.000457)|   7, 3, 3;0,  0;0,  0> +
        (-0.000443, 0.000073)|   9, 0, 1;0,  0;0,  0> +
        ( 0.000431,-0.000049)|   5, 1, 2;0,  0;0,  0> +
        ( 0.000432, 0.000015)|   5, 2, 2;0,  0;0,  0> +
        ( 0.000429,-0.000007)|   8, 0, 2;0,  0;0,  0> +
        (-0.000000,-0.000424)|   2, 3, 3;0,  0;0,  0> +
        ( 0.000409,-0.000065)|   9, 1, 0;0,  0;0,  0> +
        ( 0.000393, 0.000028)|   4, 1, 2;0,  0;0,  0> +
        ( 0.000333, 0.000201)|   8, 1, 0;0,  0;0,  0> +
        ( 0.000367, 0.000096)|   5, 0, 3;0,  0;0,  0> +
        ( 0.000261, 0.000214)|   3, 3, 0;0,  0;0,  0> +
        ( 0.000022,-0.000335)|   4, 3, 3;0,  0;0,  0> +
         ...
 |19> = ( 0.710128,-0.048745)|   4, 1, 0;0,  0;0,  0> +
        (-0.048389,-0.700513)|   4, 0, 1;0,  0;0,  0> +
        (-0.015422,-0.000413)|   7, 0, 0;0,  0;0,  0> +
        ( 0.000061,-0.002836)|   2, 0, 3;0,  0;0,  0> +
        ( 0.001714, 0.002130)|   1, 3, 0;0,  0;0,  0> +
        ( 0.002122,-0.001646)|   1, 0, 3;0,  0;0,  0> +
        (-0.000017, 0.002468)|   1, 1, 3;0,  0;0,  0> +
        ( 0.000283, 0.001646)|   2, 1, 1;0,  0;0,  0> +
        ( 0.001256,-0.000833)|   1, 2, 1;0,  0;0,  0> +
        ( 0.000709, 0.001277)|   1, 1, 2;0,  0;0,  0> +
        (-0.000656,-0.000912)|   4, 0, 2;0,  0;0,  0> +
        ( 0.000644, 0.000900)|   4, 2, 0;0,  0;0,  0> +
        (-0.000001,-0.000782)|   2, 1, 3;0,  0;0,  0> +
        (-0.000026, 0.000522)|   1, 2, 3;0,  0;0,  0> +
        ( 0.000006, 0.000513)|   3, 3, 3;0,  0;0,  0> +
        (-0.000499,-0.000026)|   1, 3, 2;0,  0;0,  0> +
        (-0.000477, 0.000000)|   4, 2, 2;0,  0;0,  0> +
        ( 0.000018, 0.000476)|   1, 3, 1;0,  0;0,  0> +
        ( 0.000001,-0.000421)|   0, 1, 3;0,  0;0,  0> +
        ( 0.000046, 0.000417)|   0, 2, 3;0,  0;0,  0> +
         ...
 |20> = (-0.064083,-0.872178)|   5, 0, 1;0,  0;0,  0> +
        (-0.418092,-0.245385)|   5, 1, 0;0,  0;0,  0> +
        (-0.000540, 0.008260)|   3, 1, 1;0,  0;0,  0> +
        (-0.006994, 0.000304)|   8, 0, 0;0,  0;0,  0> +
        (-0.004365, 0.000495)|   1, 2, 1;0,  0;0,  0> +
        (-0.000130, 0.003042)|   5, 3, 3;0,  0;0,  0> +
        (-0.002817,-0.000204)|   5, 0, 2;0,  0;0,  0> +
        (-0.001877,-0.001949)|   1, 3, 0;0,  0;0,  0> +
        ( 0.001845, 0.000184)|   5, 2, 0;0,  0;0,  0> +
        (-0.000002, 0.001614)|   2, 1, 3;0,  0;0,  0> +
        ( 0.000068, 0.001523)|   1, 0, 3;0,  0;0,  0> +
        (-0.000013, 0.001281)|   3, 0, 3;0,  0;0,  0> +
        ( 0.001225,-0.000371)|   2, 3, 0;0,  0;0,  0> +
        ( 0.001201, 0.000035)|   3, 3, 0;0,  0;0,  0> +
        ( 0.001080, 0.000034)|   7, 0, 0;0,  0;0,  0> +
        (-0.000011,-0.001017)|   2, 0, 3;0,  0;0,  0> +
        ( 0.000080,-0.000882)|   1, 1, 2;0,  0;0,  0> +
        ( 0.000808,-0.000004)|   4, 3, 2;0,  0;0,  0> +
        (-0.000203, 0.000767)|   2, 1, 2;0,  0;0,  0> +
        ( 0.000707,-0.000039)|   3, 1, 2;0,  0;0,  0> +
        ( 0.000700, 0.000006)|   2, 3, 2;0,  0;0,  0> +
        ( 0.000051, 0.000644)|   3, 2, 1;0,  0;0,  0> +
        (-0.000606,-0.000029)|   1, 3, 2;0,  0;0,  0> +
        (-0.000029, 0.000590)|   1, 2, 3;0,  0;0,  0> +
        ( 0.000001, 0.000590)|   4, 2, 3;0,  0;0,  0> +
        ( 0.000009,-0.000578)|   3, 1, 3;0,  0;0,  0> +
        (-0.000453, 0.000000)|   4, 2, 2;0,  0;0,  0> +
        (-0.000000, 0.000373)|   3, 3, 3;0,  0;0,  0> +
         ...
 |21> = (-0.675879,-0.554951)|   5, 1, 0;0,  0;0,  0> +
        (-0.040372, 0.483098)|   5, 0, 1;0,  0;0,  0> +
        (-0.000805,-0.010161)|   6, 0, 1;0,  0;0,  0> +
        ( 0.005167, 0.000173)|   1, 2, 1;0,  0;0,  0> +
        (-0.003784,-0.000026)|   6, 1, 0;0,  0;0,  0> +
        (-0.002909, 0.000187)|   1, 0, 3;0,  0;0,  0> +
        (-0.002723,-0.000100)|   5, 2, 2;0,  0;0,  0> +
        (-0.001732, 0.001527)|   2, 1, 2;0,  0;0,  0> +
        ( 0.002222, 0.000144)|   3, 3, 0;0,  0;0,  0> +
        ( 0.000018,-0.001888)|   2, 3, 1;0,  0;0,  0> +
        ( 0.001446,-0.000023)|   3, 1, 2;0,  0;0,  0> +
        (-0.001404,-0.000041)|   5, 0, 2;0,  0;0,  0> +
        ( 0.001008,-0.000904)|   2, 3, 0;0,  0;0,  0> +
        ( 0.001264, 0.000124)|   9, 0, 0;0,  0;0,  0> +
        ( 0.000244, 0.001178)|   4, 1, 1;0,  0;0,  0> +
        ( 0.001134, 0.000012)|   2, 3, 2;0,  0;0,  0> +
        (-0.000335, 0.001074)|   3, 2, 1;0,  0;0,  0> +
        (-0.001095, 0.000146)|   4, 1, 2;0,  0;0,  0> +
        (-0.001074, 0.000041)|   8, 0, 0;0,  0;0,  0> +
        (-0.000995, 0.000034)|   6, 0, 2;0,  0;0,  0> +
        ( 0.000321, 0.000864)|   3, 0, 3;0,  0;0,  0> +
        (-0.000021, 0.000865)|   1, 2, 3;0,  0;0,  0> +
        (-0.000819,-0.000205)|   4, 3, 0;0,  0;0,  0> +
        ( 0.000017,-0.000705)|   3, 1, 3;0,  0;0,  0> +
        (-0.000002, 0.000649)|   4, 2, 3;0,  0;0,  0> +
        (-0.000630, 0.000005)|   6, 2, 0;0,  0;0,  0> +
        (-0.000026,-0.000580)|   3, 2, 3;0,  0;0,  0> +
        (-0.000342,-0.000439)|   1, 1, 2;0,  0;0,  0> +
        ( 0.000544, 0.000064)|   5, 2, 0;0,  0;0,  0> +
        ( 0.000010,-0.000540)|   4, 0, 3;0,  0;0,  0> +
        ( 0.000016,-0.000463)|   5, 3, 3;0,  0;0,  0> +
        (-0.000454, 0.000013)|   4, 3, 2;0,  0;0,  0> +
        (-0.000011, 0.000397)|   3, 1, 1;0,  0;0,  0> +
        (-0.000382,-0.000005)|   6, 2, 2;0,  0;0,  0> +
        (-0.000007,-0.000370)|   1, 1, 3;0,  0;0,  0> +
        ( 0.000369,-0.000005)|   7, 2, 0;0,  0;0,  0> +
        (-0.000018, 0.000359)|   5, 1, 1;0,  0;0,  0> +
        (-0.000088, 0.000310)|   1, 3, 0;0,  0;0,  0> +
         ...
 |22> = (-0.722127, 0.000000)|   0, 0, 2;0,  0;0,  0> +
        ( 0.691685,-0.000000)|   0, 2, 0;0,  0;0,  0> +
        ( 0.000000, 0.007186)|   0, 0, 1;0,  0;0,  0> +
        ( 0.007142,-0.000000)|   0, 1, 0;0,  0;0,  0> +
         ...
 |23> = ( 0.000275,-0.999942)|   0, 1, 1;0,  0;0,  0> +
        ( 0.000033, 0.008141)|   0, 2, 1;0,  0;0,  0> +
        (-0.002303, 0.002261)|   0, 3, 0;0,  0;0,  0> +
        ( 0.002864, 0.000005)|   2, 2, 2;0,  0;0,  0> +
        ( 0.002780,-0.000000)|   2, 0, 2;0,  0;0,  0> +
        (-0.002768, 0.000000)|   2, 2, 0;0,  0;0,  0> +
        ( 0.001268,-0.001363)|   0, 0, 3;0,  0;0,  0> +
        (-0.000573,-0.001681)|   0, 1, 2;0,  0;0,  0> +
        ( 0.000065,-0.001292)|   2, 0, 1;0,  0;0,  0> +
        ( 0.000667, 0.000000)|   0, 2, 2;0,  0;0,  0> +
        ( 0.000002,-0.000604)|   1, 0, 1;0,  0;0,  0> +
        ( 0.000603, 0.000002)|   1, 1, 0;0,  0;0,  0> +
        (-0.000580,-0.000002)|   3, 0, 2;0,  0;0,  0> +
        (-0.000551, 0.000002)|   3, 2, 0;0,  0;0,  0> +
        (-0.000519, 0.000047)|   2, 1, 0;0,  0;0,  0> +
         ...
 |24> = (-0.722159,-0.000000)|   0, 2, 0;0,  0;0,  0> +
        (-0.691718, 0.000000)|   0, 0, 2;0,  0;0,  0> +
        ( 0.001153,-0.000000)|   2, 0, 0;0,  0;0,  0> +
         ...
