# Parameters of the model
#  mass:		    261.00 u
#  charge:	      1.00 e
#  dipole:	      6.00 D
#  B:		    503.70 MHz
#  omega_rho:	      1.40 MHz
#  omega_z:	      0.16 MHz

# Basis truncation:	|34,4,4;2,2>
# omega_1:	      0.28 MHz
# omega_3/5:	      1.39 MHz
# Basis size:		44064

# Active terms of the Hamiltionian:
# 	Nomal modes:	1
# 	T_rot:      	1
# 	V_qd^{(0)}: 	1
# 	V_qd^{(1)}: 	1
# 	V_dd^{(0)}: 	1

# Results of the diagonalisation

# 100 smallest eigenvalues
 5.518398762 6.520456791 7.518053532 8.407470703 9.507186890 10.459919930 10.516855240 10.550395012 11.489423752 11.549631119 11.565608978 12.415245056 12.597242355 12.765919685 13.357229233 13.468047142 13.570547104 14.338266373 14.506251335 14.537560463 15.428075790 15.532818794 15.533701897 15.575127602 15.592227936 15.603610039 16.537338257 16.577219009 16.630453110 16.656747818 16.684000015 16.721158981 17.351314545 17.572341919 17.576736450 17.581789017 17.616861343 17.658699036 18.440710068 18.457082748 18.496431351 18.555818558 18.587669373 18.592996597 19.489353180 19.586381912 19.596284866 19.637367249 19.766380310 19.827291489 20.382522583 20.434860229 20.553417206 20.573606491 20.599658966 20.605358124 20.669397354 20.690618515 20.694520950 20.880062103 21.215303421 21.361707687 21.431568146 21.545175552 21.562063217 21.574937820 21.615905762 21.679845810 21.690996170 21.693035126 22.145133972 22.403682709 22.459848404 22.503370285 22.561382294 22.593605042 22.753774643 22.757278442 22.809804916 22.853948593 23.224987030 23.411907196 23.500761032 23.516511917 23.534080505 23.541820526 23.622846603 23.623085022 23.720968246 23.826828003 24.320423126 24.454507828 24.587839127 24.606620789 24.617340088 24.640380859 24.643938065 24.664960861 24.686462402 24.802139282

# Ground state and the lowest excitations:
 | 0> = ( 1.000000, 0.000000)|   0, 0, 0;0,  0;0,  0> +
         ...
 | 1> = (-1.000001, 0.000000)|   1, 0, 0;0,  0;0,  0> +
         ...
 | 2> = ( 1.000000, 0.000000)|   2, 0, 0;0,  0;0,  0> +
        (-0.001001,-0.000000)|   0, 2, 0;0,  0;0,  0> +
        (-0.001001,-0.000000)|   0, 0, 2;0,  0;0,  0> +
         ...
 | 3> = (-0.999999, 0.000000)|   3, 0, 0;0,  0;0,  0> +
        ( 0.000690,-0.000000)|   0, 2, 0;0,  0;0,  0> +
        (-0.000690,-0.000000)|   0, 0, 2;0,  0;0,  0> +
         ...
 | 4> = (-0.999812,-0.000000)|   4, 0, 0;0,  0;0,  0> +
        (-0.000000,-0.013612)|   1, 0, 1;0,  0;0,  0> +
        (-0.013560,-0.000000)|   1, 1, 0;0,  0;0,  0> +
        ( 0.002315,-0.000000)|   2, 0, 2;0,  0;0,  0> +
        ( 0.001866, 0.000000)|   2, 2, 0;0,  0;0,  0> +
        (-0.000910,-0.000000)|   1, 0, 2;0,  0;0,  0> +
        ( 0.000830, 0.000000)|   1, 2, 0;0,  0;0,  0> +
        (-0.000804,-0.000000)|   0, 1, 0;0,  0;0,  0> +
        (-0.000000, 0.000803)|   0, 0, 1;0,  0;0,  0> +
         ...
 | 5> = (-0.999897, 0.000226)|   5, 0, 0;0,  0;0,  0> +
        (-0.000008,-0.009646)|   2, 0, 1;0,  0;0,  0> +
        ( 0.009530,-0.000008)|   2, 1, 0;0,  0;0,  0> +
        ( 0.002309,-0.000003)|   4, 0, 2;0,  0;0,  0> +
        ( 0.002267, 0.000005)|   4, 2, 0;0,  0;0,  0> +
        ( 0.001892, 0.000004)|   3, 2, 0;0,  0;0,  0> +
        ( 0.001738,-0.000005)|   3, 0, 2;0,  0;0,  0> +
        (-0.001673, 0.000140)|   0, 3, 0;0,  0;0,  0> +
        ( 0.000000,-0.000864)|   0, 1, 3;0,  0;0,  0> +
        (-0.000830,-0.000043)|   0, 1, 2;0,  0;0,  0> +
        (-0.000033,-0.000689)|   0, 2, 1;0,  0;0,  0> +
        (-0.000000,-0.000628)|   3, 0, 1;0,  0;0,  0> +
        (-0.000619,-0.000000)|   3, 1, 0;0,  0;0,  0> +
        (-0.000008, 0.000534)|   0, 2, 3;0,  0;0,  0> +
        ( 0.000134, 0.000516)|   0, 0, 3;0,  0;0,  0> +
        ( 0.000403, 0.000006)|   6, 0, 0;0,  0;0,  0> +
        (-0.000383, 0.000000)|   2, 2, 2;0,  0;0,  0> +
        (-0.000364, 0.000000)|   2, 2, 0;0,  0;0,  0> +
        ( 0.000359,-0.000000)|   2, 0, 2;0,  0;0,  0> +
         ...
 | 6> = ( 0.712579, 0.000000)|   0, 1, 0;0,  0;0,  0> +
        (-0.000000,-0.701584)|   0, 0, 1;0,  0;0,  0> +
        ( 0.001944, 0.000000)|   1, 0, 2;0,  0;0,  0> +
        ( 0.001861,-0.000000)|   0, 2, 2;0,  0;0,  0> +
        ( 0.001795,-0.000000)|   1, 2, 0;0,  0;0,  0> +
        (-0.001157, 0.000000)|   4, 0, 0;0,  0;0,  0> +
        ( 0.000000, 0.000733)|   1, 0, 1;0,  0;0,  0> +
        ( 0.000717, 0.000000)|   1, 1, 0;0,  0;0,  0> +
         ...
 | 7> = ( 0.000000, 0.712583)|   0, 0, 1;0,  0;0,  0> +
        ( 0.701587,-0.000000)|   0, 1, 0;0,  0;0,  0> +
        (-0.000813, 0.000000)|   0, 0, 2;0,  0;0,  0> +
        ( 0.000812, 0.000000)|   0, 2, 0;0,  0;0,  0> +
        ( 0.000376, 0.000000)|   3, 0, 0;0,  0;0,  0> +
         ...
 | 8> = ( 0.999683, 0.014098)|   6, 0, 0;0,  0;0,  0> +
        ( 0.000013, 0.019499)|   1, 1, 1;0,  0;0,  0> +
        (-0.004746,-0.000047)|   3, 1, 0;0,  0;0,  0> +
        (-0.000046,-0.004187)|   3, 0, 1;0,  0;0,  0> +
        (-0.003063, 0.000008)|   3, 2, 0;0,  0;0,  0> +
        (-0.002228,-0.000003)|   3, 0, 2;0,  0;0,  0> +
        ( 0.001068, 0.000013)|   4, 0, 2;0,  0;0,  0> +
        ( 0.001046,-0.000013)|   4, 2, 0;0,  0;0,  0> +
        ( 0.000029, 0.000816)|   0, 1, 3;0,  0;0,  0> +
        ( 0.000667,-0.000000)|   3, 2, 2;0,  0;0,  0> +
        ( 0.000002,-0.000640)|   1, 3, 3;0,  0;0,  0> +
        (-0.000163,-0.000616)|   0, 3, 1;0,  0;0,  0> +
        ( 0.000453, 0.000000)|   1, 2, 2;0,  0;0,  0> +
        (-0.000412, 0.000002)|   0, 3, 2;0,  0;0,  0> +
        ( 0.000398,-0.000000)|   5, 0, 0;0,  0;0,  0> +
        (-0.000390, 0.000000)|   2, 2, 2;0,  0;0,  0> +
        (-0.000008, 0.000358)|   1, 0, 3;0,  0;0,  0> +
        (-0.000350, 0.000021)|   0, 3, 0;0,  0;0,  0> +
        ( 0.000316,-0.000014)|   1, 3, 0;0,  0;0,  0> +
         ...
 | 9> = (-0.770414, 0.000000)|   1, 1, 0;0,  0;0,  0> +
        ( 0.000000,-0.637242)|   1, 0, 1;0,  0;0,  0> +
        ( 0.019135,-0.000000)|   4, 0, 0;0,  0;0,  0> +
        ( 0.002183, 0.000001)|   2, 2, 0;0,  0;0,  0> +
        ( 0.002089,-0.000001)|   2, 0, 2;0,  0;0,  0> +
        (-0.001840,-0.000000)|   1, 0, 2;0,  0;0,  0> +
        ( 0.001794, 0.000000)|   1, 2, 0;0,  0;0,  0> +
        ( 0.001353,-0.000004)|   2, 1, 0;0,  0;0,  0> +
        ( 0.000003, 0.001294)|   2, 0, 1;0,  0;0,  0> +
        ( 0.000737,-0.000000)|   0, 1, 0;0,  0;0,  0> +
        (-0.000000,-0.000736)|   0, 0, 1;0,  0;0,  0> +
         ...
 |10> = (-0.000001,-0.770430)|   1, 0, 1;0,  0;0,  0> +
        ( 0.637253,-0.000001)|   1, 1, 0;0,  0;0,  0> +
        (-0.013298, 0.000040)|   2, 1, 0;0,  0;0,  0> +
        (-0.000037,-0.012651)|   2, 0, 1;0,  0;0,  0> +
        (-0.000015,-0.001894)|   0, 1, 1;0,  0;0,  0> +
        ( 0.001844, 0.000000)|   4, 0, 0;0,  0;0,  0> +
        (-0.000839,-0.000006)|   2, 2, 0;0,  0;0,  0> +
        (-0.000601, 0.000000)|   0, 2, 2;0,  0;0,  0> +
        (-0.000601, 0.000001)|   1, 2, 2;0,  0;0,  0> +
        (-0.000570,-0.000000)|   1, 2, 0;0,  0;0,  0> +
        ( 0.000560, 0.000000)|   1, 0, 2;0,  0;0,  0> +
         ...
 |11> = (-0.001027,-0.714691)|   2, 0, 1;0,  0;0,  0> +
        ( 0.699289,-0.000986)|   2, 1, 0;0,  0;0,  0> +
        ( 0.013569,-0.000011)|   5, 0, 0;0,  0;0,  0> +
        ( 0.003206, 0.000030)|   3, 2, 0;0,  0;0,  0> +
        ( 0.003054, 0.000022)|   3, 0, 2;0,  0;0,  0> +
        ( 0.001384, 0.000000)|   2, 2, 0;0,  0;0,  0> +
        (-0.001269,-0.000000)|   2, 0, 2;0,  0;0,  0> +
        ( 0.000003, 0.000510)|   0, 1, 3;0,  0;0,  0> +
         ...
 |12> = ( 0.714630,-0.000174)|   2, 1, 0;0,  0;0,  0> +
        ( 0.000189, 0.699246)|   2, 0, 1;0,  0;0,  0> +
        ( 0.013127, 0.000035)|   1, 1, 0;0,  0;0,  0> +
        ( 0.000035,-0.012949)|   1, 0, 1;0,  0;0,  0> +
        ( 0.000014,-0.003343)|   0, 1, 1;0,  0;0,  0> +
        (-0.001957,-0.000001)|   2, 2, 0;0,  0;0,  0> +
        (-0.001912, 0.000001)|   2, 0, 2;0,  0;0,  0> +
        (-0.000831, 0.000000)|   1, 2, 2;0,  0;0,  0> +
        ( 0.000814, 0.000001)|   2, 2, 2;0,  0;0,  0> +
        ( 0.000714,-0.000003)|   3, 0, 2;0,  0;0,  0> +
        ( 0.000694,-0.000003)|   3, 2, 0;0,  0;0,  0> +
        (-0.000614, 0.000040)|   0, 3, 0;0,  0;0,  0> +
         ...
 |13> = (-0.999681,-0.012619)|   7, 0, 0;0,  0;0,  0> +
        ( 0.000286, 0.015158)|   4, 0, 1;0,  0;0,  0> +
        (-0.014671, 0.000229)|   4, 1, 0;0,  0;0,  0> +
        ( 0.000513, 0.002391)|   1, 0, 3;0,  0;0,  0> +
        ( 0.000080,-0.002137)|   5, 0, 1;0,  0;0,  0> +
        (-0.001895, 0.000360)|   0, 1, 2;0,  0;0,  0> +
        ( 0.000018,-0.001790)|   2, 1, 1;0,  0;0,  0> +
        ( 0.000437, 0.001358)|   0, 2, 1;0,  0;0,  0> +
        ( 0.001269, 0.000596)|   1, 3, 0;0,  0;0,  0> +
        ( 0.000070,-0.001397)|   4, 1, 1;0,  0;0,  0> +
        ( 0.000964,-0.000885)|   5, 0, 2;0,  0;0,  0> +
        ( 0.000124,-0.001156)|   1, 1, 3;0,  0;0,  0> +
        (-0.000246,-0.001094)|   0, 3, 1;0,  0;0,  0> +
        ( 0.000994,-0.000320)|   1, 3, 2;0,  0;0,  0> +
        (-0.000001,-0.000934)|   0, 2, 3;0,  0;0,  0> +
        (-0.000673, 0.000553)|   1, 2, 1;0,  0;0,  0> +
        ( 0.000256,-0.000820)|   1, 1, 2;0,  0;0,  0> +
        (-0.000778,-0.000001)|   0, 3, 2;0,  0;0,  0> +
        ( 0.000634,-0.000101)|   4, 0, 2;0,  0;0,  0> +
        (-0.000620, 0.000100)|   4, 2, 0;0,  0;0,  0> +
        (-0.000320,-0.000529)|   1, 2, 3;0,  0;0,  0> +
        ( 0.000006, 0.000614)|   3, 1, 1;0,  0;0,  0> +
        ( 0.000482, 0.000330)|   5, 2, 0;0,  0;0,  0> +
        ( 0.000537,-0.000001)|   2, 1, 2;0,  0;0,  0> +
        (-0.000505,-0.000033)|   6, 1, 0;0,  0;0,  0> +
        ( 0.000461,-0.000012)|   3, 0, 2;0,  0;0,  0> +
        ( 0.000011, 0.000457)|   2, 0, 3;0,  0;0,  0> +
        (-0.000452, 0.000010)|   3, 2, 0;0,  0;0,  0> +
        ( 0.000013, 0.000451)|   2, 3, 1;0,  0;0,  0> +
        ( 0.000377,-0.000032)|   5, 1, 0;0,  0;0,  0> +
        (-0.000000,-0.000362)|   1, 3, 3;0,  0;0,  0> +
        ( 0.000349,-0.000056)|   0, 3, 0;0,  0;0,  0> +
        ( 0.000000, 0.000330)|   0, 3, 3;0,  0;0,  0> +
        (-0.000000,-0.000322)|   2, 3, 3;0,  0;0,  0> +
         ...
 |14> = (-0.999797, 0.005709)|   8, 0, 0;0,  0;0,  0> +
        (-0.017504, 0.000220)|   5, 1, 0;0,  0;0,  0> +
        ( 0.002007,-0.003449)|   6, 0, 1;0,  0;0,  0> +
        (-0.002591,-0.001193)|   6, 1, 0;0,  0;0,  0> +
        (-0.000730,-0.002553)|   0, 2, 1;0,  0;0,  0> +
        ( 0.000025, 0.002411)|   3, 1, 1;0,  0;0,  0> +
        ( 0.002154,-0.000191)|   5, 2, 0;0,  0;0,  0> +
        (-0.001944,-0.000029)|   3, 3, 0;0,  0;0,  0> +
        ( 0.000087,-0.001745)|   4, 1, 1;0,  0;0,  0> +
        ( 0.000663,-0.001586)|   1, 3, 1;0,  0;0,  0> +
        ( 0.001621,-0.000387)|   0, 1, 2;0,  0;0,  0> +
        ( 0.000017, 0.001568)|   2, 0, 3;0,  0;0,  0> +
        ( 0.000320, 0.001220)|   1, 2, 3;0,  0;0,  0> +
        ( 0.001245, 0.000000)|   4, 2, 2;0,  0;0,  0> +
        ( 0.001085,-0.000013)|   0, 3, 2;0,  0;0,  0> +
        (-0.000013,-0.001047)|   0, 2, 3;0,  0;0,  0> +
        (-0.001044, 0.000000)|   3, 2, 2;0,  0;0,  0> +
        (-0.000274, 0.000943)|   1, 1, 3;0,  0;0,  0> +
        (-0.000946,-0.000141)|   6, 2, 0;0,  0;0,  0> +
        (-0.000186, 0.000934)|   3, 0, 3;0,  0;0,  0> +
        (-0.000018, 0.000912)|   1, 2, 1;0,  0;0,  0> +
        ( 0.000829,-0.000038)|   1, 1, 2;0,  0;0,  0> +
        (-0.000646,-0.000441)|   3, 1, 2;0,  0;0,  0> +
        ( 0.000001,-0.000758)|   4, 0, 3;0,  0;0,  0> +
        (-0.000740, 0.000002)|   4, 3, 0;0,  0;0,  0> +
        (-0.000616, 0.000181)|   1, 3, 0;0,  0;0,  0> +
        ( 0.000384, 0.000475)|   5, 0, 2;0,  0;0,  0> +
        (-0.000594, 0.000029)|   2, 1, 2;0,  0;0,  0> +
        (-0.000005, 0.000556)|   2, 3, 1;0,  0;0,  0> +
        (-0.000452, 0.000320)|   1, 3, 2;0,  0;0,  0> +
        ( 0.000000,-0.000488)|   3, 3, 3;0,  0;0,  0> +
        ( 0.000475,-0.000031)|   2, 3, 0;0,  0;0,  0> +
        (-0.000103,-0.000462)|   0, 3, 1;0,  0;0,  0> +
        (-0.000000,-0.000444)|   4, 2, 1;0,  0;0,  0> +
        ( 0.000172,-0.000389)|   1, 0, 3;0,  0;0,  0> +
        (-0.000146, 0.000379)|   3, 2, 1;0,  0;0,  0> +
        (-0.000402, 0.000001)|   4, 1, 2;0,  0;0,  0> +
        (-0.000000, 0.000335)|   0, 3, 3;0,  0;0,  0> +
        ( 0.000317,-0.000085)|   0, 3, 0;0,  0;0,  0> +
         ...
 |15> = (-0.716820, 0.006855)|   3, 1, 0;0,  0;0,  0> +
        ( 0.006764, 0.697068)|   3, 0, 1;0,  0;0,  0> +
        (-0.000048,-0.010192)|   1, 1, 1;0,  0;0,  0> +
        ( 0.003079,-0.000067)|   3, 0, 2;0,  0;0,  0> +
        (-0.002979, 0.000062)|   3, 2, 0;0,  0;0,  0> +
        ( 0.002857, 0.000013)|   4, 1, 0;0,  0;0,  0> +
        (-0.000005, 0.002638)|   4, 0, 1;0,  0;0,  0> +
        (-0.002251, 0.000499)|   0, 1, 2;0,  0;0,  0> +
        ( 0.002144,-0.000169)|   4, 0, 2;0,  0;0,  0> +
        ( 0.000037,-0.001973)|   1, 2, 1;0,  0;0,  0> +
        ( 0.000495, 0.001906)|   0, 2, 1;0,  0;0,  0> +
        ( 0.001811,-0.000302)|   0, 3, 0;0,  0;0,  0> +
        (-0.000301,-0.001608)|   0, 0, 3;0,  0;0,  0> +
        ( 0.000011,-0.001372)|   2, 0, 3;0,  0;0,  0> +
        (-0.001364, 0.000013)|   2, 3, 0;0,  0;0,  0> +
        ( 0.000143,-0.001336)|   1, 0, 3;0,  0;0,  0> +
        ( 0.000015,-0.001245)|   0, 1, 3;0,  0;0,  0> +
        (-0.000011, 0.001206)|   2, 1, 1;0,  0;0,  0> +
        (-0.000923, 0.000162)|   1, 1, 2;0,  0;0,  0> +
        ( 0.000822,-0.000003)|   3, 2, 2;0,  0;0,  0> +
        (-0.000815,-0.000018)|   2, 1, 2;0,  0;0,  0> +
        ( 0.000016,-0.000710)|   2, 2, 1;0,  0;0,  0> +
        (-0.000082,-0.000641)|   0, 3, 1;0,  0;0,  0> +
        (-0.000551, 0.000067)|   1, 3, 0;0,  0;0,  0> +
        (-0.000537, 0.000012)|   4, 2, 2;0,  0;0,  0> +
        (-0.000003,-0.000536)|   2, 3, 3;0,  0;0,  0> +
        ( 0.000515,-0.000000)|   2, 2, 2;0,  0;0,  0> +
        ( 0.000006,-0.000452)|   1, 2, 3;0,  0;0,  0> +
        ( 0.000382, 0.000175)|   4, 2, 0;0,  0;0,  0> +
        (-0.000396, 0.000001)|   1, 3, 2;0,  0;0,  0> +
         ...
 |16> = (-0.000129,-0.716906)|   3, 0, 1;0,  0;0,  0> +
        (-0.697100, 0.000028)|   3, 1, 0;0,  0;0,  0> +
        (-0.006235,-0.000088)|   6, 0, 0;0,  0;0,  0> +
        (-0.003891, 0.000358)|   0, 1, 2;0,  0;0,  0> +
        ( 0.003301,-0.000052)|   3, 2, 0;0,  0;0,  0> +
        (-0.000007,-0.003173)|   1, 1, 1;0,  0;0,  0> +
        ( 0.002518, 0.000049)|   3, 0, 2;0,  0;0,  0> +
        ( 0.000045, 0.002036)|   0, 0, 3;0,  0;0,  0> +
        (-0.000323,-0.001652)|   0, 2, 1;0,  0;0,  0> +
        ( 0.001523,-0.000348)|   0, 3, 0;0,  0;0,  0> +
        ( 0.000893,-0.000000)|   5, 0, 0;0,  0;0,  0> +
        (-0.000877, 0.000001)|   1, 3, 0;0,  0;0,  0> +
        ( 0.000750,-0.000009)|   0, 3, 2;0,  0;0,  0> +
        ( 0.000026,-0.000736)|   1, 0, 3;0,  0;0,  0> +
        (-0.000592, 0.000000)|   1, 2, 2;0,  0;0,  0> +
        (-0.000485, 0.000000)|   2, 2, 2;0,  0;0,  0> +
        (-0.000479, 0.000007)|   1, 1, 2;0,  0;0,  0> +
        ( 0.000070, 0.000450)|   0, 3, 1;0,  0;0,  0> +
        (-0.000009,-0.000432)|   0, 2, 3;0,  0;0,  0> +
        (-0.000425, 0.000034)|   4, 0, 2;0,  0;0,  0> +
        ( 0.000000,-0.000398)|   1, 2, 1;0,  0;0,  0> +
        (-0.000012, 0.000383)|   0, 1, 3;0,  0;0,  0> +
         ...
 |17> = (-0.999571,-0.017930)|   9, 0, 0;0,  0;0,  0> +
        (-0.016705, 0.000791)|   6, 1, 0;0,  0;0,  0> +
        (-0.000506, 0.011798)|   6, 0, 1;0,  0;0,  0> +
        (-0.003513,-0.004127)|   5, 1, 1;0,  0;0,  0> +
        (-0.003403, 0.000392)|   7, 1, 0;0,  0;0,  0> +
        ( 0.002922,-0.000190)|   8, 1, 0;0,  0;0,  0> +
        (-0.001972, 0.001925)|   8, 0, 1;0,  0;0,  0> +
        ( 0.000394,-0.002495)|   3, 0, 3;0,  0;0,  0> +
        (-0.002483, 0.000049)|   5, 1, 0;0,  0;0,  0> +
        ( 0.002123,-0.000556)|   5, 2, 0;0,  0;0,  0> +
        ( 0.000013,-0.002111)|   4, 2, 1;0,  0;0,  0> +
        (-0.001928, 0.000013)|   4, 3, 0;0,  0;0,  0> +
        ( 0.001730, 0.000735)|   3, 1, 2;0,  0;0,  0> +
        ( 0.000015, 0.001591)|   3, 1, 1;0,  0;0,  0> +
        ( 0.001565, 0.000014)|  10, 0, 0;0,  0;0,  0> +
        (-0.000410, 0.001442)|   5, 0, 2;0,  0;0,  0> +
        (-0.000025, 0.001439)|   5, 0, 1;0,  0;0,  0> +
        (-0.000163, 0.001405)|   4, 3, 1;0,  0;0,  0> +
        (-0.001365,-0.000259)|   7, 0, 1;0,  0;0,  0> +
        ( 0.000014,-0.001285)|   2, 3, 1;0,  0;0,  0> +
        (-0.001124,-0.000308)|   6, 2, 2;0,  0;0,  0> +
        ( 0.000998, 0.000555)|   1, 0, 3;0,  0;0,  0> +
        (-0.000464, 0.001026)|   1, 3, 0;0,  0;0,  0> +
        (-0.000009,-0.001099)|   4, 0, 3;0,  0;0,  0> +
        (-0.000337, 0.000999)|   1, 3, 1;0,  0;0,  0> +
        (-0.000049, 0.001053)|   4, 1, 1;0,  0;0,  0> +
        ( 0.001025,-0.000171)|   7, 2, 0;0,  0;0,  0> +
        (-0.001000, 0.000010)|   4, 1, 2;0,  0;0,  0> +
        ( 0.000013,-0.000978)|   2, 2, 1;0,  0;0,  0> +
        ( 0.000287, 0.000876)|   3, 2, 1;0,  0;0,  0> +
        ( 0.000197,-0.000877)|   1, 1, 2;0,  0;0,  0> +
        (-0.000818,-0.000347)|   1, 2, 1;0,  0;0,  0> +
        (-0.000016, 0.000842)|   6, 3, 3;0,  0;0,  0> +
        (-0.000826,-0.000130)|   6, 0, 2;0,  0;0,  0> +
        ( 0.000265, 0.000702)|   1, 2, 3;0,  0;0,  0> +
        (-0.000684, 0.000265)|   1, 3, 2;0,  0;0,  0> +
        ( 0.000000,-0.000713)|   0, 3, 3;0,  0;0,  0> +
        ( 0.000058,-0.000688)|   4, 1, 3;0,  0;0,  0> +
        ( 0.000670, 0.000000)|   4, 2, 2;0,  0;0,  0> +
        ( 0.000634, 0.000026)|   2, 1, 2;0,  0;0,  0> +
        ( 0.000620,-0.000006)|   2, 3, 2;0,  0;0,  0> +
        ( 0.000586, 0.000144)|   3, 3, 0;0,  0;0,  0> +
        (-0.000077,-0.000528)|   8, 3, 3;0,  0;0,  0> +
        (-0.000006, 0.000436)|   2, 2, 3;0,  0;0,  0> +
        (-0.000000,-0.000422)|   4, 3, 3;0,  0;0,  0> +
        ( 0.000002,-0.000358)|   3, 2, 3;0,  0;0,  0> +
         ...
 |18> = (-0.001688,-0.743116)|   4, 0, 1;0,  0;0,  0> +
        (-0.669014,-0.002755)|   4, 1, 0;0,  0;0,  0> +
        ( 0.000150,-0.007593)|   2, 1, 1;0,  0;0,  0> +
        ( 0.000005,-0.007491)|   1, 1, 1;0,  0;0,  0> +
        ( 0.004545,-0.000640)|   4, 0, 2;0,  0;0,  0> +
        (-0.004316, 0.000642)|   4, 2, 0;0,  0;0,  0> +
        ( 0.000032, 0.002691)|   3, 0, 1;0,  0;0,  0> +
        (-0.002676, 0.000033)|   3, 1, 0;0,  0;0,  0> +
        ( 0.000726, 0.002448)|   0, 2, 1;0,  0;0,  0> +
        (-0.001431,-0.000011)|   7, 0, 0;0,  0;0,  0> +
        (-0.001369, 0.000031)|   3, 0, 2;0,  0;0,  0> +
        ( 0.001364,-0.000034)|   3, 2, 0;0,  0;0,  0> +
        ( 0.000009,-0.001162)|   0, 1, 3;0,  0;0,  0> +
        ( 0.000974,-0.000000)|   3, 2, 2;0,  0;0,  0> +
        ( 0.000968,-0.000000)|   0, 3, 2;0,  0;0,  0> +
        (-0.000000, 0.000965)|   0, 2, 3;0,  0;0,  0> +
        (-0.000009,-0.000849)|   3, 1, 1;0,  0;0,  0> +
        (-0.000767, 0.000181)|   0, 3, 0;0,  0;0,  0> +
        ( 0.000033,-0.000755)|   1, 0, 3;0,  0;0,  0> +
        (-0.000695, 0.000064)|   1, 3, 0;0,  0;0,  0> +
        ( 0.000070,-0.000563)|   1, 1, 3;0,  0;0,  0> +
        (-0.000495, 0.000272)|   0, 1, 2;0,  0;0,  0> +
        ( 0.000519, 0.000001)|   4, 2, 2;0,  0;0,  0> +
        (-0.000047,-0.000423)|   0, 3, 1;0,  0;0,  0> +
        (-0.000382, 0.000000)|   2, 2, 2;0,  0;0,  0> +
        (-0.000082,-0.000364)|   0, 0, 3;0,  0;0,  0> +
        (-0.000366,-0.000010)|   2, 1, 2;0,  0;0,  0> +
        (-0.000029,-0.000350)|   2, 2, 1;0,  0;0,  0> +
        (-0.000344,-0.000009)|   2, 3, 0;0,  0;0,  0> +
        ( 0.000006,-0.000325)|   2, 0, 3;0,  0;0,  0> +
         ...
 |19> = ( 0.742826,-0.013314)|   4, 1, 0;0,  0;0,  0> +
        (-0.016261,-0.668717)|   4, 0, 1;0,  0;0,  0> +
        (-0.021055,-0.000185)|   7, 0, 0;0,  0;0,  0> +
        (-0.000112, 0.007621)|   2, 1, 1;0,  0;0,  0> +
        ( 0.000471, 0.005934)|   1, 2, 1;0,  0;0,  0> +
        ( 0.004565, 0.000312)|   1, 1, 2;0,  0;0,  0> +
        (-0.002332, 0.000162)|   1, 3, 0;0,  0;0,  0> +
        ( 0.000037, 0.002311)|   2, 0, 3;0,  0;0,  0> +
        ( 0.000074,-0.001488)|   1, 0, 3;0,  0;0,  0> +
        ( 0.000027, 0.001399)|   2, 3, 1;0,  0;0,  0> +
        (-0.001261, 0.000228)|   0, 1, 2;0,  0;0,  0> +
        ( 0.001234,-0.000019)|   2, 3, 0;0,  0;0,  0> +
        ( 0.001187, 0.000000)|   5, 2, 0;0,  0;0,  0> +
        (-0.000010,-0.001031)|   3, 1, 1;0,  0;0,  0> +
        ( 0.000991,-0.000244)|   1, 3, 2;0,  0;0,  0> +
        (-0.000980, 0.000003)|   0, 3, 2;0,  0;0,  0> +
        ( 0.000003, 0.000873)|   4, 3, 3;0,  0;0,  0> +
        ( 0.000702,-0.000106)|   4, 2, 0;0,  0;0,  0> +
        ( 0.000703,-0.000018)|   3, 0, 2;0,  0;0,  0> +
        (-0.000000,-0.000697)|   2, 3, 3;0,  0;0,  0> +
        (-0.000694, 0.000016)|   3, 2, 0;0,  0;0,  0> +
        ( 0.000232, 0.000639)|   0, 2, 1;0,  0;0,  0> +
        (-0.000670, 0.000106)|   4, 0, 2;0,  0;0,  0> +
        (-0.000669, 0.000000)|   3, 2, 2;0,  0;0,  0> +
        ( 0.000000,-0.000620)|   0, 3, 3;0,  0;0,  0> +
        (-0.000000, 0.000585)|   1, 1, 1;0,  0;0,  0> +
        (-0.000507,-0.000001)|   4, 2, 2;0,  0;0,  0> +
        ( 0.000463,-0.000018)|   5, 0, 2;0,  0;0,  0> +
        ( 0.000003,-0.000421)|   0, 2, 3;0,  0;0,  0> +
        (-0.000086, 0.000370)|   2, 2, 1;0,  0;0,  0> +
        ( 0.000343,-0.000060)|   0, 3, 0;0,  0;0,  0> +
         ...
 |20> = (-0.977707, 0.009447)|   5, 1, 0;0,  0;0,  0> +
        ( 0.020722,-0.206390)|   5, 0, 1;0,  0;0,  0> +
        (-0.020507,-0.001450)|   6, 1, 0;0,  0;0,  0> +
        ( 0.017146,-0.000097)|   8, 0, 0;0,  0;0,  0> +
        ( 0.000088, 0.009244)|   3, 1, 1;0,  0;0,  0> +
        ( 0.003158, 0.004904)|   6, 0, 1;0,  0;0,  0> +
        (-0.000116, 0.005194)|   2, 0, 3;0,  0;0,  0> +
        (-0.000086, 0.004389)|   3, 2, 1;0,  0;0,  0> +
        (-0.003860,-0.000350)|   2, 3, 0;0,  0;0,  0> +
        (-0.000156, 0.003123)|   4, 1, 1;0,  0;0,  0> +
        (-0.002970, 0.000131)|   2, 1, 2;0,  0;0,  0> +
        ( 0.002546, 0.000046)|   9, 0, 0;0,  0;0,  0> +
        ( 0.002466, 0.000095)|   3, 3, 0;0,  0;0,  0> +
        ( 0.002340, 0.000324)|   6, 0, 2;0,  0;0,  0> +
        ( 0.001605, 0.001732)|   1, 1, 2;0,  0;0,  0> +
        (-0.000904,-0.002050)|   1, 0, 3;0,  0;0,  0> +
        ( 0.000137,-0.002119)|   3, 0, 3;0,  0;0,  0> +
        ( 0.001793,-0.000001)|   4, 2, 2;0,  0;0,  0> +
        (-0.000947, 0.001450)|   2, 1, 3;0,  0;0,  0> +
        ( 0.000980,-0.001325)|   5, 0, 2;0,  0;0,  0> +
        ( 0.001394, 0.000504)|   1, 2, 1;0,  0;0,  0> +
        ( 0.000816,-0.001094)|   1, 3, 0;0,  0;0,  0> +
        ( 0.000985,-0.000023)|   6, 2, 0;0,  0;0,  0> +
        ( 0.000164,-0.000919)|   1, 1, 3;0,  0;0,  0> +
        ( 0.000749,-0.000005)|   3, 1, 2;0,  0;0,  0> +
        (-0.000333, 0.000653)|   1, 3, 1;0,  0;0,  0> +
        (-0.000004,-0.000626)|   3, 3, 1;0,  0;0,  0> +
        ( 0.000305, 0.000491)|   5, 2, 0;0,  0;0,  0> +
        (-0.000282, 0.000503)|   2, 2, 1;0,  0;0,  0> +
        (-0.000564, 0.000006)|   3, 3, 2;0,  0;0,  0> +
        ( 0.000019, 0.000524)|   4, 2, 3;0,  0;0,  0> +
        (-0.000007,-0.000498)|   1, 2, 3;0,  0;0,  0> +
        (-0.000462,-0.000008)|   1, 3, 2;0,  0;0,  0> +
        ( 0.000453,-0.000028)|   2, 3, 2;0,  0;0,  0> +
        (-0.000028,-0.000446)|   2, 2, 3;0,  0;0,  0> +
        (-0.000002,-0.000428)|   0, 2, 3;0,  0;0,  0> +
         ...
 |21> = (-0.999573,-0.008914)|  10, 0, 0;0,  0;0,  0> +
        ( 0.018462, 0.010813)|   7, 0, 1;0,  0;0,  0> +
        (-0.005609, 0.010659)|   6, 0, 1;0,  0;0,  0> +
        ( 0.005653, 0.003378)|   6, 1, 0;0,  0;0,  0> +
        (-0.005209,-0.000727)|   8, 1, 0;0,  0;0,  0> +
        ( 0.005125, 0.000929)|   6, 2, 0;0,  0;0,  0> +
        (-0.003579,-0.000932)|   6, 0, 2;0,  0;0,  0> +
        ( 0.001010,-0.003056)|   7, 1, 0;0,  0;0,  0> +
        (-0.002245, 0.000611)|   8, 0, 1;0,  0;0,  0> +
        (-0.001155, 0.001784)|   2, 1, 3;0,  0;0,  0> +
        (-0.001185, 0.001742)|   5, 0, 2;0,  0;0,  0> +
        ( 0.000182,-0.002058)|   3, 0, 3;0,  0;0,  0> +
        (-0.001689,-0.000094)|   7, 0, 2;0,  0;0,  0> +
        (-0.000084, 0.001687)|   4, 1, 1;0,  0;0,  0> +
        (-0.001654,-0.000001)|   4, 1, 2;0,  0;0,  0> +
        (-0.001591,-0.000005)|   2, 1, 2;0,  0;0,  0> +
        (-0.001025,-0.001204)|   5, 1, 1;0,  0;0,  0> +
        (-0.001548,-0.000028)|   9, 0, 0;0,  0;0,  0> +
        ( 0.000944, 0.001217)|   9, 1, 0;0,  0;0,  0> +
        ( 0.001407, 0.000046)|   3, 3, 0;0,  0;0,  0> +
        ( 0.001285, 0.000028)|   4, 3, 0;0,  0;0,  0> +
        ( 0.000930,-0.000661)|   5, 2, 0;0,  0;0,  0> +
        (-0.000005, 0.001074)|   2, 2, 1;0,  0;0,  0> +
        (-0.001045,-0.000042)|   8, 0, 2;0,  0;0,  0> +
        (-0.000000, 0.000995)|   4, 2, 1;0,  0;0,  0> +
        (-0.000969,-0.000010)|   7, 2, 2;0,  0;0,  0> +
        ( 0.000016,-0.000919)|   3, 1, 3;0,  0;0,  0> +
        ( 0.000076, 0.000870)|   3, 2, 1;0,  0;0,  0> +
        ( 0.000194, 0.000791)|   1, 2, 3;0,  0;0,  0> +
        ( 0.000740,-0.000159)|   7, 2, 0;0,  0;0,  0> +
        ( 0.000716, 0.000015)|   2, 3, 0;0,  0;0,  0> +
        (-0.000622, 0.000000)|   5, 2, 2;0,  0;0,  0> +
        (-0.000583,-0.000036)|   8, 2, 0;0,  0;0,  0> +
        ( 0.000316, 0.000318)|   3, 1, 2;0,  0;0,  0> +
        ( 0.000014,-0.000422)|   2, 0, 3;0,  0;0,  0> +
        ( 0.000306, 0.000275)|   9, 3, 3;0,  0;0,  0> +
        (-0.000021,-0.000375)|   2, 2, 3;0,  0;0,  0> +
        (-0.000042, 0.000358)|   5, 2, 3;0,  0;0,  0> +
        (-0.000358, 0.000004)|   4, 3, 2;0,  0;0,  0> +
         ...
 |22> = (-0.000013, 0.999877)|   0, 1, 1;0,  0;0,  0> +
        ( 0.010528, 0.000002)|   2, 0, 2;0,  0;0,  0> +
        (-0.010297,-0.000002)|   2, 2, 0;0,  0;0,  0> +
        ( 0.002559,-0.000009)|   2, 1, 0;0,  0;0,  0> +
        ( 0.000029, 0.002476)|   0, 0, 3;0,  0;0,  0> +
        ( 0.002314, 0.000032)|   0, 3, 0;0,  0;0,  0> +
        ( 0.000012, 0.002115)|   2, 0, 1;0,  0;0,  0> +
        (-0.000013, 0.001446)|   0, 2, 1;0,  0;0,  0> +
        ( 0.001411, 0.000011)|   1, 1, 0;0,  0;0,  0> +
        ( 0.001383,-0.000017)|   0, 1, 2;0,  0;0,  0> +
        ( 0.000011,-0.001355)|   1, 0, 1;0,  0;0,  0> +
        ( 0.001184,-0.000000)|   0, 2, 2;0,  0;0,  0> +
        (-0.000462, 0.000001)|   1, 2, 2;0,  0;0,  0> +
        (-0.000397,-0.000001)|   3, 0, 2;0,  0;0,  0> +
        (-0.000354,-0.000001)|   3, 2, 0;0,  0;0,  0> +
         ...
 |23> = ( 0.707323, 0.000000)|   0, 2, 0;0,  0;0,  0> +
        ( 0.706889,-0.000000)|   0, 0, 2;0,  0;0,  0> +
        ( 0.001415, 0.000000)|   2, 0, 0;0,  0;0,  0> +
         ...
 |24> = ( 0.707315,-0.000000)|   0, 0, 2;0,  0;0,  0> +
        (-0.706882, 0.000000)|   0, 2, 0;0,  0;0,  0> +
        (-0.003203, 0.000000)|   1, 0, 2;0,  0;0,  0> +
        (-0.003060,-0.000000)|   1, 2, 0;0,  0;0,  0> +
        (-0.000977,-0.000000)|   3, 0, 0;0,  0;0,  0> +
        ( 0.000818, 0.000000)|   0, 1, 0;0,  0;0,  0> +
        ( 0.000000, 0.000807)|   0, 0, 1;0,  0;0,  0> +
         ...
