p2255
p2255
p2255
p2255
p2255
p2255
p2255
p2255
p2255
p2255
p2255
p2255
p2255
p2255
p2255
p2255
p2255
p2255
p2255
p2255
p2255
p2255
p2255
p2255
# Parameters of the model
#  mass:		  261.0000 u
#  charge:	    1.0000 e
#  dipole:	  20.00000 D
#  B:		    503.65 MHz
#  omega_rho:	    1.4000 MHz
#  omega_z:	  0.160000 MHz

# omega_1:	  0.277128 MHz
# omega_3/5:	   1.39083 MHz

# Basis truncation:	|34,4,4;2,2>
# Basis size:		44064

# Active terms of the Hamiltionian:
# 	Nomal modes:	1
# 	T_rot:      	1
# 	V_qd^{(0)}: 	1
# 	V_qd^{(1)}: 	1
# 	V_dd^{(0)}: 	1

# Results of the diagonalisation
# 100 smallest eigenvalues
 5.518496090 6.518496090 7.518496089 8.518496088 9.518496088 10.518496087 10.537211065 10.537211065 11.518496086 11.537211065 11.537211065 12.518496086 12.537211064 12.537211064 13.518496085 13.537211063 13.537211063 14.518496084 14.537211063 14.537211063 15.518496083 15.537211062 15.537211062 15.555926040 15.555926040 15.555926040 16.518496083 16.537211061 16.537211061 16.555926040 16.555926040 16.555926040 17.518496082 17.537211060 17.537211061 17.555926039 17.555926039 17.555926039 18.518496082 18.537211060 18.537211060 18.555926038 18.555926038 18.555926038 19.518496081 19.537211059 19.537211059 19.555926037 19.555926038 19.555926038 20.518496081 20.537211058 20.537211060 20.555926037 20.555926037 20.555926037 20.574641015 20.574641015 20.574641015 20.574641015 21.518496080 21.537211058 21.537211059 21.555926036 21.555926036 21.555926036 21.574641014 21.574641014 21.574641015 21.574641015 22.518496079 22.537211058 22.537211058 22.555926035 22.555926036 22.555926036 22.574641014 22.574641014 22.574641014 22.574641015 23.518496079 23.537211057 23.537211057 23.555926035 23.555926035 23.555926035 23.574641013 23.574641013 23.574641013 23.574641013 24.518496078 24.537211056 24.537211056 24.555926034 24.555926035 24.555926035 24.574641012 24.574641012 24.574641013 24.574641013

# Ground state and the lowest excitations:
 |    0> = ( 1.0000000, 0.0000000)|   0, 0, 0;0,  0;0,  0> +
           (-0.0000692, 0.0000000)|   0, 0, 0;1,  0;0,  0> +
           ( 0.0000692, 0.0000000)|   0, 0, 0;0,  0;1,  0> +
            ...
 |    1> = ( 1.0000000,-0.0000000)|   1, 0, 0;0,  0;0,  0> +
           ( 0.0000692,-0.0000000)|   1, 0, 0;0,  0;1,  0> +
           (-0.0000692,-0.0000000)|   1, 0, 0;1,  0;0,  0> +
            ...
 |    2> = ( 1.0000000,-0.0000000)|   2, 0, 0;0,  0;0,  0> +
           (-0.0000692, 0.0000000)|   2, 0, 0;1,  0;0,  0> +
           ( 0.0000692, 0.0000000)|   2, 0, 0;0,  0;1,  0> +
            ...
 |    3> = (-1.0000000, 0.0000000)|   3, 0, 0;0,  0;0,  0> +
           (-0.0000692, 0.0000000)|   3, 0, 0;0,  0;1,  0> +
           ( 0.0000692, 0.0000000)|   3, 0, 0;1,  0;0,  0> +
            ...
 |    4> = ( 1.0000000,-0.0000000)|   4, 0, 0;0,  0;0,  0> +
           ( 0.0000692,-0.0000000)|   4, 0, 0;0,  0;1,  0> +
           (-0.0000692,-0.0000000)|   4, 0, 0;1,  0;0,  0> +
            ...
 |    5> = ( 1.0000000, 0.0000000)|   5, 0, 0;0,  0;0,  0> +
           (-0.0000692,-0.0000000)|   5, 0, 0;1,  0;0,  0> +
           ( 0.0000692, 0.0000000)|   5, 0, 0;0,  0;1,  0> +
            ...
 |    6> = (-0.0000085, 0.7098302)|   0, 0, 1;0,  0;0,  0> +
           ( 0.7043729,-0.0000085)|   0, 1, 0;0,  0;0,  0> +
           (-0.0000000, 0.0000491)|   0, 0, 1;0,  0;1,  0> +
           ( 0.0000000,-0.0000491)|   0, 0, 1;1,  0;0,  0> +
           ( 0.0000488,-0.0000000)|   0, 1, 0;0,  0;1,  0> +
           (-0.0000488, 0.0000000)|   0, 1, 0;1,  0;0,  0> +
            ...
 |    7> = (-0.7098281,-0.0017283)|   0, 1, 0;0,  0;0,  0> +
           (-0.0017320, 0.7043707)|   0, 0, 1;0,  0;0,  0> +
           ( 0.0000491, 0.0000001)|   0, 1, 0;1,  0;0,  0> +
           (-0.0000491,-0.0000001)|   0, 1, 0;0,  0;1,  0> +
           (-0.0000001, 0.0000488)|   0, 0, 1;0,  0;1,  0> +
           ( 0.0000001,-0.0000488)|   0, 0, 1;1,  0;0,  0> +
            ...
 |    8> = ( 1.0000000, 0.0000000)|   6, 0, 0;0,  0;0,  0> +
           ( 0.0000692, 0.0000000)|   6, 0, 0;0,  0;1,  0> +
           (-0.0000692,-0.0000000)|   6, 0, 0;1,  0;0,  0> +
            ...
 |    9> = (-0.0004317, 0.7192729)|   1, 0, 1;0,  0;0,  0> +
           ( 0.6947274,-0.0004310)|   1, 1, 0;0,  0;0,  0> +
           (-0.0000000, 0.0000498)|   1, 0, 1;0,  0;1,  0> +
           ( 0.0000000,-0.0000498)|   1, 0, 1;1,  0;0,  0> +
           (-0.0000481, 0.0000000)|   1, 1, 0;1,  0;0,  0> +
           ( 0.0000481,-0.0000000)|   1, 1, 0;0,  0;1,  0> +
            ...
 |   10> = ( 0.7188846, 0.0236356)|   1, 1, 0;0,  0;0,  0> +
           ( 0.0236765,-0.6943240)|   1, 0, 1;0,  0;0,  0> +
           (-0.0000498,-0.0000016)|   1, 1, 0;1,  0;0,  0> +
           ( 0.0000498, 0.0000016)|   1, 1, 0;0,  0;1,  0> +
           (-0.0000016, 0.0000481)|   1, 0, 1;1,  0;0,  0> +
           ( 0.0000016,-0.0000481)|   1, 0, 1;0,  0;1,  0> +
            ...
 |   11> = (-1.0000000,-0.0000000)|   7, 0, 0;0,  0;0,  0> +
           (-0.0000692,-0.0000000)|   7, 0, 0;0,  0;1,  0> +
           ( 0.0000692, 0.0000000)|   7, 0, 0;1,  0;0,  0> +
            ...
 |   12> = ( 0.0005111, 0.7676046)|   2, 0, 1;0,  0;0,  0> +
           (-0.6409232, 0.0005104)|   2, 1, 0;0,  0;0,  0> +
           (-0.0000000,-0.0000531)|   2, 0, 1;1,  0;0,  0> +
           ( 0.0000000, 0.0000531)|   2, 0, 1;0,  0;1,  0> +
           (-0.0000444, 0.0000000)|   2, 1, 0;0,  0;1,  0> +
           ( 0.0000444,-0.0000000)|   2, 1, 0;1,  0;0,  0> +
            ...
 |   13> = (-0.7676048, 0.0000455)|   2, 1, 0;0,  0;0,  0> +
           ( 0.0000456,-0.6409234)|   2, 0, 1;0,  0;0,  0> +
           (-0.0000531, 0.0000000)|   2, 1, 0;0,  0;1,  0> +
           ( 0.0000531,-0.0000000)|   2, 1, 0;1,  0;0,  0> +
           ( 0.0000000,-0.0000444)|   2, 0, 1;0,  0;1,  0> +
           (-0.0000000, 0.0000444)|   2, 0, 1;1,  0;0,  0> +
            ...
 |   14> = ( 1.0000000, 0.0000000)|   8, 0, 0;0,  0;0,  0> +
           (-0.0000692,-0.0000000)|   8, 0, 0;1,  0;0,  0> +
           ( 0.0000692, 0.0000000)|   8, 0, 0;0,  0;1,  0> +
            ...
 |   15> = (-0.7203953, 0.0002467)|   3, 1, 0;0,  0;0,  0> +
           ( 0.0002470,-0.6935636)|   3, 0, 1;0,  0;0,  0> +
           ( 0.0000499,-0.0000000)|   3, 1, 0;1,  0;0,  0> +
           (-0.0000499, 0.0000000)|   3, 1, 0;0,  0;1,  0> +
           (-0.0000000, 0.0000480)|   3, 0, 1;1,  0;0,  0> +
           ( 0.0000000,-0.0000480)|   3, 0, 1;0,  0;1,  0> +
            ...
 |   16> = (-0.0134834,-0.7202692)|   3, 0, 1;0,  0;0,  0> +
           ( 0.6934329,-0.0134656)|   3, 1, 0;0,  0;0,  0> +
           ( 0.0000009, 0.0000499)|   3, 0, 1;1,  0;0,  0> +
           (-0.0000009,-0.0000499)|   3, 0, 1;0,  0;1,  0> +
           (-0.0000480, 0.0000009)|   3, 1, 0;1,  0;0,  0> +
           ( 0.0000480,-0.0000009)|   3, 1, 0;0,  0;1,  0> +
            ...
 |   17> = ( 1.0000000, 0.0000000)|   9, 0, 0;0,  0;0,  0> +
           ( 0.0000692, 0.0000000)|   9, 0, 0;0,  0;1,  0> +
           (-0.0000692,-0.0000000)|   9, 0, 0;1,  0;0,  0> +
            ...
 |   18> = (-0.0722319, 0.8827386)|   4, 0, 1;0,  0;0,  0> +
           (-0.4586395,-0.0721451)|   4, 1, 0;0,  0;0,  0> +
           (-0.0000050, 0.0000611)|   4, 0, 1;0,  0;1,  0> +
           ( 0.0000050,-0.0000611)|   4, 0, 1;1,  0;0,  0> +
           ( 0.0000317, 0.0000050)|   4, 1, 0;1,  0;0,  0> +
           (-0.0000317,-0.0000050)|   4, 1, 0;0,  0;1,  0> +
            ...
 |   19> = ( 0.8853997, 0.0226315)|   4, 1, 0;0,  0;0,  0> +
           ( 0.0226587, 0.4637259)|   4, 0, 1;0,  0;0,  0> +
           ( 0.0000613, 0.0000016)|   4, 1, 0;0,  0;1,  0> +
           (-0.0000613,-0.0000016)|   4, 1, 0;1,  0;0,  0> +
           (-0.0000016,-0.0000321)|   4, 0, 1;1,  0;0,  0> +
           ( 0.0000016, 0.0000321)|   4, 0, 1;0,  0;1,  0> +
            ...
 |   20> = (-1.0000000,-0.0000000)|  10, 0, 0;0,  0;0,  0> +
           (-0.0000692,-0.0000000)|  10, 0, 0;0,  0;1,  0> +
           ( 0.0000692, 0.0000000)|  10, 0, 0;1,  0;0,  0> +
            ...
 |   21> = ( 0.0017824, 0.7800028)|   5, 0, 1;0,  0;0,  0> +
           (-0.6257709, 0.0017803)|   5, 1, 0;0,  0;0,  0> +
           ( 0.0000001, 0.0000540)|   5, 0, 1;0,  0;1,  0> +
           (-0.0000001,-0.0000540)|   5, 0, 1;1,  0;0,  0> +
           (-0.0000433, 0.0000001)|   5, 1, 0;0,  0;1,  0> +
           ( 0.0000433,-0.0000001)|   5, 1, 0;1,  0;0,  0> +
            ...
 |   22> = (-0.7800048, 0.0001945)|   5, 1, 0;0,  0;0,  0> +
           ( 0.0001944,-0.6257734)|   5, 0, 1;0,  0;0,  0> +
           (-0.0000540, 0.0000000)|   5, 1, 0;0,  0;1,  0> +
           ( 0.0000540,-0.0000000)|   5, 1, 0;1,  0;0,  0> +
           ( 0.0000000,-0.0000433)|   5, 0, 1;0,  0;1,  0> +
           (-0.0000000, 0.0000433)|   5, 0, 1;1,  0;0,  0> +
            ...
 |   23> = (-0.7071073,-0.0000000)|   0, 2, 0;0,  0;0,  0> +
           (-0.7071062, 0.0000000)|   0, 0, 2;0,  0;0,  0> +
           (-0.0000489,-0.0000000)|   0, 2, 0;0,  0;1,  0> +
           ( 0.0000489,-0.0000000)|   0, 2, 0;1,  0;0,  0> +
           ( 0.0000489, 0.0000000)|   0, 0, 2;1,  0;0,  0> +
           (-0.0000489,-0.0000000)|   0, 0, 2;0,  0;1,  0> +
            ...
 |   24> = (-0.0002227, 1.0000000)|   0, 1, 1;0,  0;0,  0> +
           (-0.0000000, 0.0000692)|   0, 1, 1;0,  0;1,  0> +
           ( 0.0000000,-0.0000692)|   0, 1, 1;1,  0;0,  0> +
            ...
 # The upper part of the spectrum
 # Eigenvalues first: 544	 last: 594
 22843.578755123 22843.578755123 22843.578777063 22843.578777064 22843.578842651 22843.578886532 22844.578755123 22844.578755123 22844.578777063 22844.578777063 22844.578842651 22844.578886531 22845.578755122 22845.578755122 22845.578777062 22845.578777063 22845.578842651 22845.578886531 22846.578755122 22846.578755122 22846.578777062 22846.578777062 22846.578842651 22846.578886531 22847.578755121 22847.578755122 22847.578777062 22847.578777062 22847.578842651 22847.578886531 22848.578755121 22848.578755121 22848.578777061 22848.578777061 22848.578842651 22848.578886531 22848.597470098 22848.597470098 22848.597470098 22848.597470098 22848.597492038 22848.597492038 22848.597492039 22848.597492039 22848.597557626 22848.597557626 22848.597601507 22848.597601507 22849.578755120 22849.578755121

# Excited states :
 |  543> = (-0.0140990,-0.9999006)|  33, 3, 3;0,  0;0,  0> +
           ( 0.0000010, 0.0000692)|  33, 3, 3;1,  0;0,  0> +
           (-0.0000010,-0.0000692)|  33, 3, 3;0,  0;1,  0> +
            ...
 |  544> = (-0.6469377,-0.0006078)|   0, 0, 0;1, -1;0,  0> +
           ( 0.6469350, 0.0006075)|   0, 0, 0;0,  0;1, -1> +
           (-0.2660571,-0.1033788)|   0, 0, 0;1,  1;0,  0> +
           ( 0.2660549, 0.1033791)|   0, 0, 0;0,  0;1,  1> +
           (-0.0000448,-0.0000000)|   0, 0, 0;1, -1;1,  0> +
           (-0.0000448,-0.0000000)|   0, 0, 0;1,  0;1, -1> +
           (-0.0000184,-0.0000072)|   0, 0, 0;1,  1;1,  0> +
           (-0.0000184,-0.0000072)|   0, 0, 0;1,  0;1,  1> +
           ( 0.0000173, 0.0000000)|   0, 0, 0;2, -1;0,  0> +
           ( 0.0000173, 0.0000000)|   0, 0, 0;0,  0;2, -1> +
            ...
 |  545> = (-0.6043429,-0.2308718)|   0, 0, 0;1,  1;0,  0> +
           ( 0.6043346, 0.2308716)|   0, 0, 0;0,  0;1,  1> +
           ( 0.2854323,-0.0013564)|   0, 0, 0;1, -1;0,  0> +
           (-0.2854307, 0.0013568)|   0, 0, 0;0,  0;1, -1> +
           (-0.0000418,-0.0000160)|   0, 0, 0;1,  1;1,  0> +
           (-0.0000418,-0.0000160)|   0, 0, 0;1,  0;1,  1> +
           ( 0.0000198,-0.0000001)|   0, 0, 0;1, -1;1,  0> +
           ( 0.0000198,-0.0000001)|   0, 0, 0;1,  0;1, -1> +
           ( 0.0000162, 0.0000062)|   0, 0, 0;2,  1;0,  0> +
           ( 0.0000162, 0.0000062)|   0, 0, 0;0,  0;2,  1> +
            ...
 |  546> = (-0.7063059, 0.0000165)|   0, 0, 0;0,  0;1, -1> +
           (-0.7063027, 0.0000161)|   0, 0, 0;1, -1;0,  0> +
           (-0.0335596, 0.0028254)|   0, 0, 0;1,  1;0,  0> +
           (-0.0335596, 0.0028251)|   0, 0, 0;0,  0;1,  1> +
           ( 0.0000489,-0.0000000)|   0, 0, 0;1,  0;1, -1> +
           (-0.0000489, 0.0000000)|   0, 0, 0;1, -1;1,  0> +
           (-0.0000189, 0.0000000)|   0, 0, 0;0,  0;2, -1> +
           ( 0.0000189,-0.0000000)|   0, 0, 0;2, -1;0,  0> +
            ...
 |  547> = ( 0.7043337,-0.0527776)|   0, 0, 0;0,  0;1,  1> +
           ( 0.7043255,-0.0527799)|   0, 0, 0;1,  1;0,  0> +
           (-0.0336776,-0.0003086)|   0, 0, 0;0,  0;1, -1> +
           (-0.0336762,-0.0003091)|   0, 0, 0;1, -1;0,  0> +
           (-0.0000488, 0.0000037)|   0, 0, 0;1,  0;1,  1> +
           ( 0.0000488,-0.0000037)|   0, 0, 0;1,  1;1,  0> +
           ( 0.0000189,-0.0000014)|   0, 0, 0;0,  0;2,  1> +
           (-0.0000189, 0.0000014)|   0, 0, 0;2,  1;0,  0> +
            ...
 |  548> = ( 0.7071068, 0.0000001)|   0, 0, 0;1,  0;0,  0> +
           ( 0.7071068, 0.0000001)|   0, 0, 0;0,  0;1,  0> +
           (-0.0000219,-0.0000000)|   0, 0, 0;2,  0;0,  0> +
           ( 0.0000219, 0.0000000)|   0, 0, 0;0,  0;2,  0> +
            ...
 |  549> = ( 0.7071068, 0.0000000)|   0, 0, 0;0,  0;1,  0> +
           (-0.7071068, 0.0000000)|   0, 0, 0;1,  0;0,  0> +
           (-0.0000979,-0.0000000)|   0, 0, 0;1,  0;1,  0> +
           (-0.0000979, 0.0000000)|   0, 0, 0;0,  0;0,  0> +
           ( 0.0000219, 0.0000000)|   0, 0, 0;0,  0;2,  0> +
           ( 0.0000219,-0.0000000)|   0, 0, 0;2,  0;0,  0> +
            ...
 |  550> = (-0.6439428,-0.0015141)|   1, 0, 0;1, -1;0,  0> +
           ( 0.6439401, 0.0015142)|   1, 0, 0;0,  0;1, -1> +
           (-0.2921262,-0.0007098)|   1, 0, 0;0,  0;1,  1> +
           ( 0.2921224, 0.0007099)|   1, 0, 0;1,  1;0,  0> +
           (-0.0000446,-0.0000001)|   1, 0, 0;1, -1;1,  0> +
           (-0.0000446,-0.0000001)|   1, 0, 0;1,  0;1, -1> +
           ( 0.0000202, 0.0000000)|   1, 0, 0;1,  0;1,  1> +
           ( 0.0000202, 0.0000000)|   1, 0, 0;1,  1;1,  0> +
           ( 0.0000173, 0.0000000)|   1, 0, 0;2, -1;0,  0> +
           ( 0.0000173, 0.0000000)|   1, 0, 0;0,  0;2, -1> +
            ...
 |  551> = ( 0.6439433, 0.0000089)|   1, 0, 0;0,  0;1,  1> +
           (-0.6439432,-0.0000089)|   1, 0, 0;1,  1;0,  0> +
           ( 0.2921257,-0.0000189)|   1, 0, 0;0,  0;1, -1> +
           (-0.2921246, 0.0000189)|   1, 0, 0;1, -1;0,  0> +
           (-0.0000446,-0.0000000)|   1, 0, 0;1,  0;1,  1> +
           (-0.0000446,-0.0000000)|   1, 0, 0;1,  1;1,  0> +
           (-0.0000202, 0.0000000)|   1, 0, 0;1,  0;1, -1> +
           (-0.0000202, 0.0000000)|   1, 0, 0;1, -1;1,  0> +
           ( 0.0000173, 0.0000000)|   1, 0, 0;0,  0;2,  1> +
           ( 0.0000173, 0.0000000)|   1, 0, 0;2,  1;0,  0> +
            ...
 |  552> = ( 0.5725315,-0.0065881)|   1, 0, 0;1,  1;0,  0> +
           ( 0.5725289,-0.0065881)|   1, 0, 0;0,  0;1,  1> +
           ( 0.4149072,-0.0044092)|   1, 0, 0;0,  0;1, -1> +
           ( 0.4149032,-0.0044092)|   1, 0, 0;1, -1;0,  0> +
           ( 0.0000396,-0.0000005)|   1, 0, 0;1,  1;1,  0> +
           (-0.0000396, 0.0000005)|   1, 0, 0;1,  0;1,  1> +
           (-0.0000287, 0.0000003)|   1, 0, 0;1,  0;1, -1> +
           ( 0.0000287,-0.0000003)|   1, 0, 0;1, -1;1,  0> +
           (-0.0000153, 0.0000002)|   1, 0, 0;2,  1;0,  0> +
           ( 0.0000153,-0.0000002)|   1, 0, 0;0,  0;2,  1> +
           ( 0.0000111,-0.0000001)|   1, 0, 0;0,  0;2, -1> +
           (-0.0000111, 0.0000001)|   1, 0, 0;2, -1;0,  0> +
            ...
 |  553> = ( 0.5725683, 0.0001645)|   1, 0, 0;1, -1;0,  0> +
           ( 0.5725678, 0.0001645)|   1, 0, 0;0,  0;1, -1> +
           (-0.4149289, 0.0002459)|   1, 0, 0;0,  0;1,  1> +
           (-0.4149283, 0.0002459)|   1, 0, 0;1,  1;0,  0> +
           ( 0.0000396, 0.0000000)|   1, 0, 0;1, -1;1,  0> +
           (-0.0000396,-0.0000000)|   1, 0, 0;1,  0;1, -1> +
           ( 0.0000287,-0.0000000)|   1, 0, 0;1,  0;1,  1> +
           (-0.0000287, 0.0000000)|   1, 0, 0;1,  1;1,  0> +
           (-0.0000154,-0.0000000)|   1, 0, 0;2, -1;0,  0> +
           ( 0.0000154, 0.0000000)|   1, 0, 0;0,  0;2, -1> +
           (-0.0000111, 0.0000000)|   1, 0, 0;0,  0;2,  1> +
           ( 0.0000111,-0.0000000)|   1, 0, 0;2,  1;0,  0> +
            ...
 |  554> = (-0.7071068, 0.0000000)|   1, 0, 0;0,  0;1,  0> +
           (-0.7071068, 0.0000000)|   1, 0, 0;1,  0;0,  0> +
           (-0.0000219, 0.0000000)|   1, 0, 0;0,  0;2,  0> +
           ( 0.0000219,-0.0000000)|   1, 0, 0;2,  0;0,  0> +
            ...
 |  555> = (-0.7071068, 0.0000000)|   1, 0, 0;1,  0;0,  0> +
           ( 0.7071067, 0.0000000)|   1, 0, 0;0,  0;1,  0> +
           (-0.0000979, 0.0000000)|   1, 0, 0;1,  0;1,  0> +
           (-0.0000979,-0.0000000)|   1, 0, 0;0,  0;0,  0> +
           ( 0.0000219,-0.0000000)|   1, 0, 0;2,  0;0,  0> +
           ( 0.0000219, 0.0000000)|   1, 0, 0;0,  0;2,  0> +
            ...
 |  556> = ( 0.7070810,-0.0060523)|   2, 0, 0;0,  0;1,  1> +
           (-0.7070801, 0.0060523)|   2, 0, 0;1,  1;0,  0> +
           ( 0.0007074,-0.0000061)|   2, 0, 0;0,  0;1, -1> +
           (-0.0007074, 0.0000061)|   2, 0, 0;1, -1;0,  0> +
           (-0.0000489, 0.0000004)|   2, 0, 0;1,  0;1,  1> +
           (-0.0000489, 0.0000004)|   2, 0, 0;1,  1;1,  0> +
           ( 0.0000190,-0.0000002)|   2, 0, 0;0,  0;2,  1> +
           ( 0.0000190,-0.0000002)|   2, 0, 0;2,  1;0,  0> +
            ...
 |  557> = (-0.7071069,-0.0000000)|   2, 0, 0;0,  0;1, -1> +
           ( 0.7071060, 0.0000000)|   2, 0, 0;1, -1;0,  0> +
           (-0.0007074,-0.0000000)|   2, 0, 0;1,  1;0,  0> +
           ( 0.0007074, 0.0000000)|   2, 0, 0;0,  0;1,  1> +
           ( 0.0000489, 0.0000000)|   2, 0, 0;1,  0;1, -1> +
           ( 0.0000489, 0.0000000)|   2, 0, 0;1, -1;1,  0> +
           (-0.0000190,-0.0000000)|   2, 0, 0;0,  0;2, -1> +
           (-0.0000190,-0.0000000)|   2, 0, 0;2, -1;0,  0> +
            ...
 |  558> = (-0.7071054,-0.0014329)|   2, 0, 0;1,  1;0,  0> +
           (-0.7071045,-0.0014329)|   2, 0, 0;0,  0;1,  1> +
           (-0.0007155,-0.0000015)|   2, 0, 0;1, -1;0,  0> +
           (-0.0007155,-0.0000015)|   2, 0, 0;0,  0;1, -1> +
           (-0.0000489,-0.0000001)|   2, 0, 0;1,  1;1,  0> +
           ( 0.0000489, 0.0000001)|   2, 0, 0;1,  0;1,  1> +
           ( 0.0000190, 0.0000000)|   2, 0, 0;2,  1;0,  0> +
           (-0.0000190,-0.0000000)|   2, 0, 0;0,  0;2,  1> +
            ...
 |  559> = ( 0.7071069,-0.0000000)|   2, 0, 0;1, -1;0,  0> +
           ( 0.7071060, 0.0000000)|   2, 0, 0;0,  0;1, -1> +
           (-0.0007155, 0.0000000)|   2, 0, 0;1,  1;0,  0> +
           (-0.0007155, 0.0000000)|   2, 0, 0;0,  0;1,  1> +
           ( 0.0000489,-0.0000000)|   2, 0, 0;1, -1;1,  0> +
           (-0.0000489,-0.0000000)|   2, 0, 0;1,  0;1, -1> +
           (-0.0000190, 0.0000000)|   2, 0, 0;2, -1;0,  0> +
           ( 0.0000190, 0.0000000)|   2, 0, 0;0,  0;2, -1> +
            ...
 |  560> = ( 0.7071068, 0.0000015)|   2, 0, 0;0,  0;1,  0> +
           ( 0.7071068, 0.0000015)|   2, 0, 0;1,  0;0,  0> +
           ( 0.0000219, 0.0000000)|   2, 0, 0;0,  0;2,  0> +
           (-0.0000219,-0.0000000)|   2, 0, 0;2,  0;0,  0> +
            ...
 |  561> = ( 0.7071068, 0.0000000)|   2, 0, 0;1,  0;0,  0> +
           (-0.7071068, 0.0000000)|   2, 0, 0;0,  0;1,  0> +
           ( 0.0000979, 0.0000000)|   2, 0, 0;1,  0;1,  0> +
           ( 0.0000979, 0.0000000)|   2, 0, 0;0,  0;0,  0> +
           (-0.0000219,-0.0000000)|   2, 0, 0;2,  0;0,  0> +
           (-0.0000219, 0.0000000)|   2, 0, 0;0,  0;2,  0> +
            ...
 |  562> = (-0.7071006,-0.0000000)|   3, 0, 0;1, -1;0,  0> +
           ( 0.7071001, 0.0000000)|   3, 0, 0;0,  0;1, -1> +
           ( 0.0030110, 0.0000001)|   3, 0, 0;1,  1;0,  0> +
           (-0.0030110,-0.0000001)|   3, 0, 0;0,  0;1,  1> +
           (-0.0000489,-0.0000000)|   3, 0, 0;1, -1;1,  0> +
           (-0.0000489,-0.0000000)|   3, 0, 0;1,  0;1, -1> +
           ( 0.0000190, 0.0000000)|   3, 0, 0;2, -1;0,  0> +
           ( 0.0000190, 0.0000000)|   3, 0, 0;0,  0;2, -1> +
            ...
 |  563> = (-0.7071001,-0.0008477)|   3, 0, 0;1,  1;0,  0> +
           ( 0.7070996, 0.0008477)|   3, 0, 0;0,  0;1,  1> +
           (-0.0030110,-0.0000036)|   3, 0, 0;1, -1;0,  0> +
           ( 0.0030110, 0.0000036)|   3, 0, 0;0,  0;1, -1> +
           (-0.0000489,-0.0000001)|   3, 0, 0;1,  1;1,  0> +
           (-0.0000489,-0.0000001)|   3, 0, 0;1,  0;1,  1> +
           ( 0.0000190, 0.0000000)|   3, 0, 0;2,  1;0,  0> +
           ( 0.0000190, 0.0000000)|   3, 0, 0;0,  0;2,  1> +
            ...
 |  564> = (-0.7071007,-0.0000000)|   3, 0, 0;0,  0;1, -1> +
           (-0.7071002,-0.0000000)|   3, 0, 0;1, -1;0,  0> +
           ( 0.0029880, 0.0000001)|   3, 0, 0;1,  1;0,  0> +
           ( 0.0029880, 0.0000001)|   3, 0, 0;0,  0;1,  1> +
           ( 0.0000489, 0.0000000)|   3, 0, 0;1,  0;1, -1> +
           (-0.0000489,-0.0000000)|   3, 0, 0;1, -1;1,  0> +
           (-0.0000190,-0.0000000)|   3, 0, 0;0,  0;2, -1> +
           ( 0.0000190, 0.0000000)|   3, 0, 0;2, -1;0,  0> +
            ...
 |  565> = ( 0.7070229, 0.0104869)|   3, 0, 0;0,  0;1,  1> +
           ( 0.7070225, 0.0104869)|   3, 0, 0;1,  1;0,  0> +
           ( 0.0029877, 0.0000443)|   3, 0, 0;1, -1;0,  0> +
           ( 0.0029877, 0.0000443)|   3, 0, 0;0,  0;1, -1> +
           (-0.0000489,-0.0000007)|   3, 0, 0;1,  0;1,  1> +
           ( 0.0000489, 0.0000007)|   3, 0, 0;1,  1;1,  0> +
           ( 0.0000190, 0.0000003)|   3, 0, 0;0,  0;2,  1> +
           (-0.0000190,-0.0000003)|   3, 0, 0;2,  1;0,  0> +
            ...
 |  566> = ( 0.7071034, 0.0021929)|   3, 0, 0;1,  0;0,  0> +
           ( 0.7071033, 0.0021929)|   3, 0, 0;0,  0;1,  0> +
           (-0.0000219,-0.0000001)|   3, 0, 0;2,  0;0,  0> +
           ( 0.0000219, 0.0000001)|   3, 0, 0;0,  0;2,  0> +
            ...
 |  567> = (-0.7071068,-0.0000000)|   3, 0, 0;0,  0;1,  0> +
           ( 0.7071067,-0.0000000)|   3, 0, 0;1,  0;0,  0> +
           ( 0.0000979, 0.0000000)|   3, 0, 0;1,  0;1,  0> +
           ( 0.0000979,-0.0000000)|   3, 0, 0;0,  0;0,  0> +
           (-0.0000219,-0.0000000)|   3, 0, 0;0,  0;2,  0> +
           (-0.0000219, 0.0000000)|   3, 0, 0;2,  0;0,  0> +
            ...
 |  568> = ( 0.7070730, 0.0000000)|   4, 0, 0;1, -1;0,  0> +
           (-0.7070641,-0.0000000)|   4, 0, 0;0,  0;1, -1> +
           (-0.0073529, 0.0000000)|   4, 0, 0;1,  1;0,  0> +
           ( 0.0073528,-0.0000000)|   4, 0, 0;0,  0;1,  1> +
           ( 0.0000489, 0.0000000)|   4, 0, 0;1, -1;1,  0> +
           ( 0.0000489, 0.0000000)|   4, 0, 0;1,  0;1, -1> +
           (-0.0000190,-0.0000000)|   4, 0, 0;2, -1;0,  0> +
           (-0.0000190,-0.0000000)|   4, 0, 0;0,  0;2, -1> +
            ...
 |  569> = (-0.7065777, 0.0263689)|   4, 0, 0;1,  1;0,  0> +
           ( 0.7065756,-0.0263690)|   4, 0, 0;0,  0;1,  1> +
           (-0.0073477, 0.0002742)|   4, 0, 0;1, -1;0,  0> +
           ( 0.0073477,-0.0002742)|   4, 0, 0;0,  0;1, -1> +
           (-0.0000489, 0.0000018)|   4, 0, 0;1,  1;1,  0> +
           (-0.0000489, 0.0000018)|   4, 0, 0;1,  0;1,  1> +
           ( 0.0000189,-0.0000007)|   4, 0, 0;2,  1;0,  0> +
           ( 0.0000189,-0.0000007)|   4, 0, 0;0,  0;2,  1> +
            ...
 |  570> = (-0.7070735,-0.0000001)|   4, 0, 0;0,  0;1, -1> +
           (-0.7070646,-0.0000001)|   4, 0, 0;1, -1;0,  0> +
           ( 0.0073062,-0.0000046)|   4, 0, 0;0,  0;1,  1> +
           ( 0.0073061,-0.0000046)|   4, 0, 0;1,  1;0,  0> +
           ( 0.0000489, 0.0000000)|   4, 0, 0;1,  0;1, -1> +
           (-0.0000489,-0.0000000)|   4, 0, 0;1, -1;1,  0> +
           (-0.0000190,-0.0000000)|   4, 0, 0;0,  0;2, -1> +
           ( 0.0000190, 0.0000000)|   4, 0, 0;2, -1;0,  0> +
            ...
 |  571> = ( 0.7064652, 0.0292403)|   4, 0, 0;0,  0;1,  1> +
           ( 0.7064631, 0.0292403)|   4, 0, 0;1,  1;0,  0> +
           ( 0.0072997, 0.0003068)|   4, 0, 0;0,  0;1, -1> +
           ( 0.0072997, 0.0003068)|   4, 0, 0;1, -1;0,  0> +
           (-0.0000489,-0.0000020)|   4, 0, 0;1,  0;1,  1> +
           ( 0.0000489, 0.0000020)|   4, 0, 0;1,  1;1,  0> +
           ( 0.0000189, 0.0000008)|   4, 0, 0;0,  0;2,  1> +
           (-0.0000189,-0.0000008)|   4, 0, 0;2,  1;0,  0> +
            ...
 |  572> = (-0.7069806, 0.0133653)|   4, 0, 0;0,  0;1,  0> +
           (-0.7069803, 0.0133653)|   4, 0, 0;1,  0;0,  0> +
           (-0.0000219, 0.0000004)|   4, 0, 0;0,  0;2,  0> +
           ( 0.0000219,-0.0000004)|   4, 0, 0;2,  0;0,  0> +
            ...
 |  573> = (-0.7071069, 0.0000000)|   4, 0, 0;1,  0;0,  0> +
           ( 0.7071066, 0.0000000)|   4, 0, 0;0,  0;1,  0> +
           (-0.0000979, 0.0000000)|   4, 0, 0;1,  0;1,  0> +
           (-0.0000979, 0.0000000)|   4, 0, 0;0,  0;0,  0> +
           ( 0.0000219,-0.0000000)|   4, 0, 0;2,  0;0,  0> +
           ( 0.0000219, 0.0000000)|   4, 0, 0;0,  0;2,  0> +
            ...
 |  574> = ( 0.7057581, 0.0343015)|   5, 0, 0;0,  0;1,  1> +
           (-0.7057489,-0.0343016)|   5, 0, 0;1,  1;0,  0> +
           ( 0.0229207, 0.0144955)|   5, 0, 0;0,  0;1, -1> +
           (-0.0229175,-0.0144955)|   5, 0, 0;1, -1;0,  0> +
           (-0.0000489,-0.0000024)|   5, 0, 0;1,  0;1,  1> +
           (-0.0000489,-0.0000024)|   5, 0, 0;1,  1;1,  0> +
           ( 0.0000189, 0.0000009)|   5, 0, 0;0,  0;2,  1> +
           ( 0.0000189, 0.0000009)|   5, 0, 0;2,  1;0,  0> +
            ...
 |  575> = ( 0.7065704, 0.0052375)|   5, 0, 0;0,  0;1, -1> +
           (-0.7065639,-0.0052375)|   5, 0, 0;1, -1;0,  0> +
           (-0.0236943, 0.0131905)|   5, 0, 0;0,  0;1,  1> +
           ( 0.0236941,-0.0131906)|   5, 0, 0;1,  1;0,  0> +
           (-0.0000489,-0.0000004)|   5, 0, 0;1,  0;1, -1> +
           (-0.0000489,-0.0000004)|   5, 0, 0;1, -1;1,  0> +
           ( 0.0000189, 0.0000001)|   5, 0, 0;0,  0;2, -1> +
           ( 0.0000189, 0.0000001)|   5, 0, 0;2, -1;0,  0> +
            ...
 |  576> = ( 0.6085116,-0.0154700)|   5, 0, 0;1,  1;0,  0> +
           ( 0.6085022,-0.0154705)|   5, 0, 0;0,  0;1,  1> +
           ( 0.3597352,-0.0084775)|   5, 0, 0;1, -1;0,  0> +
           ( 0.3597317,-0.0084777)|   5, 0, 0;0,  0;1, -1> +
           ( 0.0000421,-0.0000011)|   5, 0, 0;1,  1;1,  0> +
           (-0.0000421, 0.0000011)|   5, 0, 0;1,  0;1,  1> +
           ( 0.0000249,-0.0000006)|   5, 0, 0;1, -1;1,  0> +
           (-0.0000249, 0.0000006)|   5, 0, 0;1,  0;1, -1> +
           (-0.0000163, 0.0000004)|   5, 0, 0;2,  1;0,  0> +
           ( 0.0000163,-0.0000004)|   5, 0, 0;0,  0;2,  1> +
            ...
 |  577> = (-0.6087063,-0.0002123)|   5, 0, 0;1, -1;0,  0> +
           (-0.6087007,-0.0002123)|   5, 0, 0;0,  0;1, -1> +
           ( 0.3598340,-0.0005423)|   5, 0, 0;1,  1;0,  0> +
           ( 0.3598318,-0.0005423)|   5, 0, 0;0,  0;1,  1> +
           (-0.0000421,-0.0000000)|   5, 0, 0;1, -1;1,  0> +
           ( 0.0000421, 0.0000000)|   5, 0, 0;1,  0;1, -1> +
           ( 0.0000249,-0.0000000)|   5, 0, 0;1,  1;1,  0> +
           (-0.0000249, 0.0000000)|   5, 0, 0;1,  0;1,  1> +
           ( 0.0000163, 0.0000000)|   5, 0, 0;2, -1;0,  0> +
           (-0.0000163,-0.0000000)|   5, 0, 0;0,  0;2, -1> +
            ...
 |  578> = ( 0.7053696,-0.0495351)|   5, 0, 0;0,  0;1,  0> +
           ( 0.7053696,-0.0495351)|   5, 0, 0;1,  0;0,  0> +
           ( 0.0000218,-0.0000015)|   5, 0, 0;0,  0;2,  0> +
           (-0.0000218, 0.0000015)|   5, 0, 0;2,  0;0,  0> +
            ...
 |  579> = ( 0.7071068, 0.0000013)|   5, 0, 0;1,  0;0,  0> +
           (-0.7071067,-0.0000013)|   5, 0, 0;0,  0;1,  0> +
           ( 0.0000979, 0.0000000)|   5, 0, 0;1,  0;1,  0> +
           ( 0.0000979, 0.0000000)|   5, 0, 0;0,  0;0,  0> +
           (-0.0000219,-0.0000000)|   5, 0, 0;2,  0;0,  0> +
           (-0.0000219,-0.0000000)|   5, 0, 0;0,  0;2,  0> +
            ...
 |  580> = ( 0.0000001,-0.3538535)|   0, 0, 1;1,  1;0,  0> +
           (-0.0000001, 0.3538535)|   0, 0, 1;0,  0;1,  1> +
           (-0.3537278, 0.0000001)|   0, 1, 0;1,  1;0,  0> +
           ( 0.3537278,-0.0000001)|   0, 1, 0;0,  0;1,  1> +
           (-0.0000003, 0.3533281)|   0, 0, 1;0,  0;1, -1> +
           ( 0.0000003,-0.3533281)|   0, 0, 1;1, -1;0,  0> +
           ( 0.3533039,-0.0000002)|   0, 1, 0;1, -1;0,  0> +
           (-0.3533038, 0.0000002)|   0, 1, 0;0,  0;1, -1> +
           ( 0.0000000,-0.0000245)|   0, 0, 1;1,  1;1,  0> +
           ( 0.0000000,-0.0000245)|   0, 0, 1;1,  0;1,  1> +
           (-0.0000245, 0.0000000)|   0, 1, 0;1,  1;1,  0> +
           (-0.0000245, 0.0000000)|   0, 1, 0;1,  0;1,  1> +
           ( 0.0000000,-0.0000245)|   0, 0, 1;1,  0;1, -1> +
           ( 0.0000000,-0.0000245)|   0, 0, 1;1, -1;1,  0> +
           ( 0.0000245,-0.0000000)|   0, 1, 0;1, -1;1,  0> +
           ( 0.0000245,-0.0000000)|   0, 1, 0;1,  0;1, -1> +
            ...
 |  581> = ( 0.3721550, 0.2975805)|   0, 1, 0;0,  0;1, -1> +
           (-0.3721546,-0.2975804)|   0, 1, 0;1, -1;0,  0> +
           ( 0.2702494,-0.3689879)|   0, 0, 1;1, -1;0,  0> +
           (-0.2702489, 0.3689871)|   0, 0, 1;0,  0;1, -1> +
           (-0.0859590,-0.1704192)|   0, 1, 0;1,  1;0,  0> +
           ( 0.0859587, 0.1704194)|   0, 1, 0;0,  0;1,  1> +
           ( 0.1430882,-0.0827915)|   0, 0, 1;0,  0;1,  1> +
           (-0.1430878, 0.0827915)|   0, 0, 1;1,  1;0,  0> +
           (-0.0000258,-0.0000206)|   0, 1, 0;1,  0;1, -1> +
           (-0.0000258,-0.0000206)|   0, 1, 0;1, -1;1,  0> +
           ( 0.0000187,-0.0000255)|   0, 0, 1;1, -1;1,  0> +
           ( 0.0000187,-0.0000255)|   0, 0, 1;1,  0;1, -1> +
           (-0.0000060,-0.0000118)|   0, 1, 0;1,  1;1,  0> +
           (-0.0000060,-0.0000118)|   0, 1, 0;1,  0;1,  1> +
           ( 0.0000100, 0.0000080)|   0, 1, 0;0,  0;2, -1> +
           ( 0.0000100, 0.0000080)|   0, 1, 0;2, -1;0,  0> +
           (-0.0000072, 0.0000099)|   0, 0, 1;2, -1;0,  0> +
           (-0.0000072, 0.0000099)|   0, 0, 1;0,  0;2, -1> +
           (-0.0000099, 0.0000057)|   0, 0, 1;1,  0;1,  1> +
           (-0.0000099, 0.0000057)|   0, 0, 1;1,  1;1,  0> +
            ...
 |  582> = (-0.5383016, 0.0598729)|   0, 1, 0;1,  1;0,  0> +
           ( 0.5382995,-0.0598729)|   0, 1, 0;0,  0;1,  1> +
           (-0.0413830,-0.3544120)|   0, 0, 1;0,  0;1,  1> +
           ( 0.0413839, 0.3544110)|   0, 0, 1;1,  1;0,  0> +
           ( 0.1010312, 0.2426250)|   0, 0, 1;1, -1;0,  0> +
           (-0.1010302,-0.2426243)|   0, 0, 1;0,  0;1, -1> +
           (-0.0586579, 0.0825413)|   0, 1, 0;0,  0;1, -1> +
           ( 0.0586570,-0.0825412)|   0, 1, 0;1, -1;0,  0> +
           (-0.0000373, 0.0000041)|   0, 1, 0;1,  1;1,  0> +
           (-0.0000373, 0.0000041)|   0, 1, 0;1,  0;1,  1> +
           ( 0.0000029, 0.0000245)|   0, 0, 1;1,  0;1,  1> +
           ( 0.0000029, 0.0000245)|   0, 0, 1;1,  1;1,  0> +
           ( 0.0000070, 0.0000168)|   0, 0, 1;1, -1;1,  0> +
           ( 0.0000070, 0.0000168)|   0, 0, 1;1,  0;1, -1> +
           ( 0.0000144,-0.0000016)|   0, 1, 0;2,  1;0,  0> +
           ( 0.0000144,-0.0000016)|   0, 1, 0;0,  0;2,  1> +
            ...
 |  583> = (-0.0032194,-0.4691787)|   0, 0, 1;1,  1;0,  0> +
           ( 0.0032191, 0.4691787)|   0, 0, 1;0,  0;1,  1> +
           ( 0.3712541,-0.0063577)|   0, 1, 0;0,  0;1, -1> +
           (-0.3712521, 0.0063576)|   0, 1, 0;1, -1;0,  0> +
           (-0.0077923, 0.3111886)|   0, 0, 1;1, -1;0,  0> +
           ( 0.0077917,-0.3111883)|   0, 0, 1;0,  0;1, -1> +
           ( 0.2122996, 0.0046536)|   0, 1, 0;0,  0;1,  1> +
           (-0.2122995,-0.0046535)|   0, 1, 0;1,  1;0,  0> +
           (-0.0000002,-0.0000325)|   0, 0, 1;1,  1;1,  0> +
           (-0.0000002,-0.0000325)|   0, 0, 1;1,  0;1,  1> +
           (-0.0000257, 0.0000004)|   0, 1, 0;1,  0;1, -1> +
           (-0.0000257, 0.0000004)|   0, 1, 0;1, -1;1,  0> +
           (-0.0000005, 0.0000215)|   0, 0, 1;1, -1;1,  0> +
           (-0.0000005, 0.0000215)|   0, 0, 1;1,  0;1, -1> +
           (-0.0000147,-0.0000003)|   0, 1, 0;1,  0;1,  1> +
           (-0.0000147,-0.0000003)|   0, 1, 0;1,  1;1,  0> +
           ( 0.0000001, 0.0000126)|   0, 0, 1;2,  1;0,  0> +
           ( 0.0000001, 0.0000126)|   0, 0, 1;0,  0;2,  1> +
            ...
 |  584> = ( 0.2663484, 0.3520945)|   0, 0, 1;1,  1;0,  0> +
           ( 0.2663471, 0.3520949)|   0, 0, 1;0,  0;1,  1> +
           (-0.1712918,-0.3678874)|   0, 1, 0;0,  0;1,  1> +
           (-0.1712913,-0.3678862)|   0, 1, 0;1,  1;0,  0> +
           ( 0.3486797, 0.0562791)|   0, 0, 1;0,  0;1, -1> +
           ( 0.3486794, 0.0562785)|   0, 0, 1;1, -1;0,  0> +
           ( 0.1156116,-0.0479171)|   0, 1, 0;0,  0;1, -1> +
           ( 0.1156111,-0.0479168)|   0, 1, 0;1, -1;0,  0> +
           ( 0.0000184, 0.0000244)|   0, 0, 1;1,  1;1,  0> +
           (-0.0000184,-0.0000244)|   0, 0, 1;1,  0;1,  1> +
           ( 0.0000119, 0.0000255)|   0, 1, 0;1,  0;1,  1> +
           (-0.0000119,-0.0000255)|   0, 1, 0;1,  1;1,  0> +
           (-0.0000241,-0.0000039)|   0, 0, 1;1,  0;1, -1> +
           ( 0.0000241, 0.0000039)|   0, 0, 1;1, -1;1,  0> +
           (-0.0000071,-0.0000094)|   0, 0, 1;2,  1;0,  0> +
           ( 0.0000071, 0.0000094)|   0, 0, 1;0,  0;2,  1> +
           (-0.0000046,-0.0000099)|   0, 1, 0;0,  0;2,  1> +
           ( 0.0000046, 0.0000099)|   0, 1, 0;2,  1;0,  0> +
            ...
 |  585> = ( 0.1632275, 0.4954404)|   0, 0, 1;0,  0;1, -1> +
           ( 0.1632269, 0.4954395)|   0, 0, 1;1, -1;0,  0> +
           (-0.3371291, 0.0667993)|   0, 1, 0;0,  0;1,  1> +
           (-0.3371277, 0.0667989)|   0, 1, 0;1,  1;0,  0> +
           (-0.2315371, 0.1174811)|   0, 1, 0;1, -1;0,  0> +
           (-0.2315361, 0.1174808)|   0, 1, 0;0,  0;1, -1> +
           (-0.0616866,-0.1963735)|   0, 0, 1;1,  1;0,  0> +
           (-0.0616864,-0.1963721)|   0, 0, 1;0,  0;1,  1> +
           (-0.0000113,-0.0000343)|   0, 0, 1;1,  0;1, -1> +
           ( 0.0000113, 0.0000343)|   0, 0, 1;1, -1;1,  0> +
           ( 0.0000233,-0.0000046)|   0, 1, 0;1,  0;1,  1> +
           (-0.0000233, 0.0000046)|   0, 1, 0;1,  1;1,  0> +
           (-0.0000160, 0.0000081)|   0, 1, 0;1, -1;1,  0> +
           ( 0.0000160,-0.0000081)|   0, 1, 0;1,  0;1, -1> +
           (-0.0000043,-0.0000136)|   0, 0, 1;1,  1;1,  0> +
           ( 0.0000043, 0.0000136)|   0, 0, 1;1,  0;1,  1> +
           ( 0.0000044, 0.0000133)|   0, 0, 1;0,  0;2, -1> +
           (-0.0000044,-0.0000133)|   0, 0, 1;2, -1;0,  0> +
            ...
 |  586> = (-0.1827646, 0.4551252)|   0, 0, 1;1,  1;0,  0> +
           (-0.1827644, 0.4551251)|   0, 0, 1;0,  0;1,  1> +
           (-0.3782189, 0.2176843)|   0, 1, 0;1,  1;0,  0> +
           (-0.3782188, 0.2176843)|   0, 1, 0;0,  0;1,  1> +
           (-0.2501142,-0.0686092)|   0, 0, 1;0,  0;1, -1> +
           (-0.2501141,-0.0686091)|   0, 0, 1;1, -1;0,  0> +
           (-0.0362304, 0.0211029)|   0, 1, 0;0,  0;1, -1> +
           (-0.0362302, 0.0211029)|   0, 1, 0;1, -1;0,  0> +
           (-0.0000127, 0.0000315)|   0, 0, 1;1,  1;1,  0> +
           ( 0.0000127,-0.0000315)|   0, 0, 1;1,  0;1,  1> +
           (-0.0000262, 0.0000151)|   0, 1, 0;1,  1;1,  0> +
           ( 0.0000262,-0.0000151)|   0, 1, 0;1,  0;1,  1> +
           ( 0.0000173, 0.0000047)|   0, 0, 1;1,  0;1, -1> +
           (-0.0000173,-0.0000047)|   0, 0, 1;1, -1;1,  0> +
           ( 0.0000049,-0.0000122)|   0, 0, 1;2,  1;0,  0> +
           (-0.0000049, 0.0000122)|   0, 0, 1;0,  0;2,  1> +
           ( 0.0000101,-0.0000058)|   0, 1, 0;2,  1;0,  0> +
           (-0.0000101, 0.0000058)|   0, 1, 0;0,  0;2,  1> +
            ...
 |  587> = (-0.6441188, 0.0167562)|   0, 1, 0;1, -1;0,  0> +
           (-0.6441176, 0.0167561)|   0, 1, 0;0,  0;1, -1> +
           ( 0.0976847,-0.1623112)|   0, 0, 1;0,  0;1, -1> +
           ( 0.0976846,-0.1623106)|   0, 0, 1;1, -1;0,  0> +
           ( 0.1572209,-0.0452395)|   0, 1, 0;0,  0;1,  1> +
           ( 0.1572203,-0.0452395)|   0, 1, 0;1,  1;0,  0> +
           ( 0.0369152, 0.1442788)|   0, 0, 1;0,  0;1,  1> +
           ( 0.0369153, 0.1442774)|   0, 0, 1;1,  1;0,  0> +
           (-0.0000446, 0.0000012)|   0, 1, 0;1, -1;1,  0> +
           ( 0.0000446,-0.0000012)|   0, 1, 0;1,  0;1, -1> +
           ( 0.0000173,-0.0000004)|   0, 1, 0;2, -1;0,  0> +
           (-0.0000173, 0.0000004)|   0, 1, 0;0,  0;2, -1> +
           (-0.0000068, 0.0000112)|   0, 0, 1;1,  0;1, -1> +
           ( 0.0000068,-0.0000112)|   0, 0, 1;1, -1;1,  0> +
           (-0.0000109, 0.0000031)|   0, 1, 0;1,  0;1,  1> +
           ( 0.0000109,-0.0000031)|   0, 1, 0;1,  1;1,  0> +
           (-0.0000026,-0.0000100)|   0, 0, 1;1,  0;1,  1> +
           ( 0.0000026, 0.0000100)|   0, 0, 1;1,  1;1,  0> +
            ...
 |  588> = ( 0.5046449,-0.0712885)|   0, 1, 0;1,  0;0,  0> +
           ( 0.5046444,-0.0712886)|   0, 1, 0;0,  0;1,  0> +
           (-0.1096109, 0.4777425)|   0, 0, 1;1,  0;0,  0> +
           (-0.1096096, 0.4777413)|   0, 0, 1;0,  0;1,  0> +
           (-0.0000156, 0.0000022)|   0, 1, 0;2,  0;0,  0> +
           ( 0.0000156,-0.0000022)|   0, 1, 0;0,  0;2,  0> +
           ( 0.0000034,-0.0000148)|   0, 0, 1;2,  0;0,  0> +
           (-0.0000034, 0.0000148)|   0, 0, 1;0,  0;2,  0> +
            ...
 |  589> = ( 0.1848107,-0.4749673)|   0, 0, 1;0,  0;1,  0> +
           ( 0.1848102,-0.4749662)|   0, 0, 1;1,  0;0,  0> +
           ( 0.4901505, 0.0025533)|   0, 1, 0;0,  0;1,  0> +
           ( 0.4901457, 0.0025532)|   0, 1, 0;1,  0;0,  0> +
           ( 0.0000057,-0.0000147)|   0, 0, 1;0,  0;2,  0> +
           (-0.0000057, 0.0000147)|   0, 0, 1;2,  0;0,  0> +
           ( 0.0000152, 0.0000001)|   0, 1, 0;0,  0;2,  0> +
           (-0.0000152,-0.0000001)|   0, 1, 0;2,  0;0,  0> +
            ...
 |  590> = (-0.4805241, 0.4687410)|   0, 0, 1;0,  0;1,  0> +
           ( 0.4805237,-0.4687396)|   0, 0, 1;1,  0;0,  0> +
           ( 0.2066308, 0.0817513)|   0, 1, 0;0,  0;1,  0> +
           (-0.2066297,-0.0817515)|   0, 1, 0;1,  0;0,  0> +
           ( 0.0000665,-0.0000649)|   0, 0, 1;1,  0;1,  0> +
           ( 0.0000665,-0.0000649)|   0, 0, 1;0,  0;0,  0> +
           (-0.0000286,-0.0000113)|   0, 1, 0;1,  0;1,  0> +
           (-0.0000286,-0.0000113)|   0, 1, 0;0,  0;0,  0> +
           (-0.0000149, 0.0000145)|   0, 0, 1;0,  0;2,  0> +
           (-0.0000149, 0.0000145)|   0, 0, 1;2,  0;0,  0> +
            ...
 |  591> = (-0.6712845,-0.0000094)|   0, 1, 0;1,  0;0,  0> +
           ( 0.6712811, 0.0000095)|   0, 1, 0;0,  0;1,  0> +
           (-0.0908305, 0.2028052)|   0, 0, 1;1,  0;0,  0> +
           ( 0.0908292,-0.2028019)|   0, 0, 1;0,  0;1,  0> +
           (-0.0000929,-0.0000000)|   0, 1, 0;1,  0;1,  0> +
           (-0.0000929,-0.0000000)|   0, 1, 0;0,  0;0,  0> +
           (-0.0000126, 0.0000281)|   0, 0, 1;1,  0;1,  0> +
           (-0.0000126, 0.0000281)|   0, 0, 1;0,  0;0,  0> +
           ( 0.0000208, 0.0000000)|   0, 1, 0;2,  0;0,  0> +
           ( 0.0000208, 0.0000000)|   0, 1, 0;0,  0;2,  0> +
            ...
 |  592> = ( 0.7070557,-0.0000671)|   6, 0, 0;0,  0;1, -1> +
           (-0.7070552, 0.0000671)|   6, 0, 0;1, -1;0,  0> +
           (-0.0085209,-0.0000275)|   6, 0, 0;1,  1;0,  0> +
           ( 0.0085208, 0.0000275)|   6, 0, 0;0,  0;1,  1> +
           (-0.0000489, 0.0000000)|   6, 0, 0;1,  0;1, -1> +
           (-0.0000489, 0.0000000)|   6, 0, 0;1, -1;1,  0> +
           ( 0.0000190,-0.0000000)|   6, 0, 0;0,  0;2, -1> +
           ( 0.0000190,-0.0000000)|   6, 0, 0;2, -1;0,  0> +
            ...
 |  593> = ( 0.7064589, 0.0291789)|   6, 0, 0;1,  1;0,  0> +
           (-0.7064472,-0.0291790)|   6, 0, 0;0,  0;1,  1> +
           (-0.0085148,-0.0003234)|   6, 0, 0;1, -1;0,  0> +
           ( 0.0085147, 0.0003234)|   6, 0, 0;0,  0;1, -1> +
           ( 0.0000489, 0.0000020)|   6, 0, 0;1,  1;1,  0> +
           ( 0.0000489, 0.0000020)|   6, 0, 0;1,  0;1,  1> +
           (-0.0000189,-0.0000008)|   6, 0, 0;2,  1;0,  0> +
           (-0.0000189,-0.0000008)|   6, 0, 0;0,  0;2,  1> +
            ...
