p2254
p2254
p2254
p2254
p2254
p2254
p2254
p2254
p2254
p2254
p2254
p2254
p2254
p2254
p2254
p2254
p2254
p2254
p2254
p2254
p2254
p2254
p2254
p2254
# Parameters of the model
#  mass:		  261.0000 u
#  charge:	    1.0000 e
#  dipole:	  10.00000 D
#  B:		    503.65 MHz
#  omega_rho:	    1.4000 MHz
#  omega_z:	  0.160000 MHz

# omega_1:	  0.277128 MHz
# omega_3/5:	   1.39083 MHz

# Basis truncation:	|34,4,4;2,2>
# Basis size:		44064

# Active terms of the Hamiltionian:
# 	Nomal modes:	1
# 	T_rot:      	1
# 	V_qd^{(0)}: 	1
# 	V_qd^{(1)}: 	1
# 	V_dd^{(0)}: 	1

# Results of the diagonalisation
# 100 smallest eigenvalues
 5.518660254 6.518660254 7.518660254 8.518660253 9.518660253 10.518660253 10.537375229 10.537375229 11.518660253 11.537375228 11.537375229 12.518660253 12.537375228 12.537375228 13.518660252 13.537375228 13.537375228 14.518660252 14.537375228 14.537375228 15.518660252 15.537375227 15.537375228 15.556090204 15.556090204 15.556090204 16.518660252 16.537375228 16.537375228 16.556090203 16.556090204 16.556090204 17.518660252 17.537375228 17.537375228 17.556090203 17.556090203 17.556090203 18.518660252 18.537375227 18.537375227 18.556090203 18.556090203 18.556090203 19.518660251 19.537375227 19.537375227 19.556090203 19.556090203 19.556090203 20.518660251 20.537375226 20.537375227 20.556090203 20.556090203 20.556090203 20.574805179 20.574805179 20.574805179 20.574805179 21.518660252 21.537375226 21.537375227 21.556090203 21.556090203 21.556090203 21.574805178 21.574805179 21.574805179 21.574805179 22.518660251 22.537375226 22.537375227 22.556090202 22.556090202 22.556090203 22.574805178 22.574805178 22.574805179 22.574805179 23.518660251 23.537375227 23.537375227 23.556090202 23.556090202 23.556090203 23.574805178 23.574805178 23.574805178 23.574805178 24.518660250 24.537375226 24.537375226 24.556090202 24.556090202 24.556090202 24.574805178 24.574805178 24.574805178 24.574805178

# Ground state and the lowest excitations:
 |    0> = ( 1.0000000, 0.0000000)|   0, 0, 0;0,  0;0,  0> +
           (-0.0000346, 0.0000000)|   0, 0, 0;1,  0;0,  0> +
           ( 0.0000346, 0.0000000)|   0, 0, 0;0,  0;1,  0> +
            ...
 |    1> = (-1.0000000,-0.0000000)|   1, 0, 0;0,  0;0,  0> +
           (-0.0000346,-0.0000000)|   1, 0, 0;0,  0;1,  0> +
           ( 0.0000346,-0.0000000)|   1, 0, 0;1,  0;0,  0> +
            ...
 |    2> = (-1.0000000, 0.0000000)|   2, 0, 0;0,  0;0,  0> +
           ( 0.0000346, 0.0000000)|   2, 0, 0;1,  0;0,  0> +
           (-0.0000346, 0.0000000)|   2, 0, 0;0,  0;1,  0> +
            ...
 |    3> = (-1.0000000, 0.0000000)|   3, 0, 0;0,  0;0,  0> +
           ( 0.0000346,-0.0000000)|   3, 0, 0;1,  0;0,  0> +
           (-0.0000346,-0.0000000)|   3, 0, 0;0,  0;1,  0> +
            ...
 |    4> = ( 1.0000000,-0.0000000)|   4, 0, 0;0,  0;0,  0> +
           (-0.0000346,-0.0000000)|   4, 0, 0;1,  0;0,  0> +
           ( 0.0000346,-0.0000000)|   4, 0, 0;0,  0;1,  0> +
            ...
 |    5> = ( 1.0000000, 0.0000000)|   5, 0, 0;0,  0;0,  0> +
           ( 0.0000346, 0.0000000)|   5, 0, 0;0,  0;1,  0> +
           (-0.0000346,-0.0000000)|   5, 0, 0;1,  0;0,  0> +
            ...
 |    6> = ( 0.7205817, 0.0000455)|   0, 1, 0;0,  0;0,  0> +
           ( 0.0000455,-0.6933700)|   0, 0, 1;0,  0;0,  0> +
           ( 0.0000249, 0.0000000)|   0, 1, 0;0,  0;1,  0> +
           (-0.0000249,-0.0000000)|   0, 1, 0;1,  0;0,  0> +
           (-0.0000000, 0.0000240)|   0, 0, 1;1,  0;0,  0> +
           ( 0.0000000,-0.0000240)|   0, 0, 1;0,  0;1,  0> +
            ...
 |    7> = ( 0.0000009,-0.7205817)|   0, 0, 1;0,  0;0,  0> +
           (-0.6933700, 0.0000009)|   0, 1, 0;0,  0;0,  0> +
           (-0.0000000, 0.0000249)|   0, 0, 1;1,  0;0,  0> +
           ( 0.0000000,-0.0000249)|   0, 0, 1;0,  0;1,  0> +
           (-0.0000240, 0.0000000)|   0, 1, 0;0,  0;1,  0> +
           ( 0.0000240,-0.0000000)|   0, 1, 0;1,  0;0,  0> +
            ...
 |    8> = ( 1.0000000, 0.0000000)|   6, 0, 0;0,  0;0,  0> +
           ( 0.0000346, 0.0000000)|   6, 0, 0;0,  0;1,  0> +
           (-0.0000346,-0.0000000)|   6, 0, 0;1,  0;0,  0> +
            ...
 |    9> = ( 0.7083149, 0.0096994)|   1, 1, 0;0,  0;0,  0> +
           ( 0.0097079,-0.7057631)|   1, 0, 1;0,  0;0,  0> +
           (-0.0000245,-0.0000003)|   1, 1, 0;1,  0;0,  0> +
           ( 0.0000245, 0.0000003)|   1, 1, 0;0,  0;1,  0> +
           ( 0.0000003,-0.0000244)|   1, 0, 1;0,  0;1,  0> +
           (-0.0000003, 0.0000244)|   1, 0, 1;1,  0;0,  0> +
            ...
 |   10> = ( 0.0000218,-0.7083813)|   1, 0, 1;0,  0;0,  0> +
           (-0.7058299, 0.0000218)|   1, 1, 0;0,  0;0,  0> +
           (-0.0000000, 0.0000245)|   1, 0, 1;1,  0;0,  0> +
           ( 0.0000000,-0.0000245)|   1, 0, 1;0,  0;1,  0> +
           ( 0.0000244,-0.0000000)|   1, 1, 0;1,  0;0,  0> +
           (-0.0000244, 0.0000000)|   1, 1, 0;0,  0;1,  0> +
            ...
 |   11> = ( 1.0000000,-0.0000000)|   7, 0, 0;0,  0;0,  0> +
           ( 0.0000346,-0.0000000)|   7, 0, 0;0,  0;1,  0> +
           (-0.0000346, 0.0000000)|   7, 0, 0;1,  0;0,  0> +
            ...
 |   12> = ( 0.7280456, 0.0073055)|   2, 1, 0;0,  0;0,  0> +
           ( 0.0073107,-0.6854508)|   2, 0, 1;0,  0;0,  0> +
           ( 0.0000252, 0.0000003)|   2, 1, 0;0,  0;1,  0> +
           (-0.0000252,-0.0000003)|   2, 1, 0;1,  0;0,  0> +
           ( 0.0000003,-0.0000237)|   2, 0, 1;0,  0;1,  0> +
           (-0.0000003, 0.0000237)|   2, 0, 1;1,  0;0,  0> +
            ...
 |   13> = ( 0.0002229,-0.7280823)|   2, 0, 1;0,  0;0,  0> +
           (-0.6854897, 0.0002227)|   2, 1, 0;0,  0;0,  0> +
           (-0.0000000, 0.0000252)|   2, 0, 1;1,  0;0,  0> +
           ( 0.0000000,-0.0000252)|   2, 0, 1;0,  0;1,  0> +
           ( 0.0000237,-0.0000000)|   2, 1, 0;1,  0;0,  0> +
           (-0.0000237, 0.0000000)|   2, 1, 0;0,  0;1,  0> +
            ...
 |   14> = ( 1.0000000, 0.0000000)|   8, 0, 0;0,  0;0,  0> +
           ( 0.0000346, 0.0000000)|   8, 0, 0;0,  0;1,  0> +
           (-0.0000346,-0.0000000)|   8, 0, 0;1,  0;0,  0> +
            ...
 |   15> = (-0.0003623,-0.7753119)|   3, 0, 1;0,  0;0,  0> +
           (-0.6315783,-0.0003621)|   3, 1, 0;0,  0;0,  0> +
           ( 0.0000000, 0.0000268)|   3, 0, 1;1,  0;0,  0> +
           (-0.0000000,-0.0000268)|   3, 0, 1;0,  0;1,  0> +
           (-0.0000219,-0.0000000)|   3, 1, 0;0,  0;1,  0> +
           ( 0.0000219, 0.0000000)|   3, 1, 0;1,  0;0,  0> +
            ...
 |   16> = ( 0.7753039,-0.0035339)|   3, 1, 0;0,  0;0,  0> +
           (-0.0035360,-0.6315686)|   3, 0, 1;0,  0;0,  0> +
           (-0.0000268, 0.0000001)|   3, 1, 0;1,  0;0,  0> +
           ( 0.0000268,-0.0000001)|   3, 1, 0;0,  0;1,  0> +
           ( 0.0000001, 0.0000219)|   3, 0, 1;1,  0;0,  0> +
           (-0.0000001,-0.0000219)|   3, 0, 1;0,  0;1,  0> +
            ...
 |   17> = ( 1.0000000, 0.0000000)|   9, 0, 0;0,  0;0,  0> +
           (-0.0000346,-0.0000000)|   9, 0, 0;1,  0;0,  0> +
           ( 0.0000346, 0.0000000)|   9, 0, 0;0,  0;1,  0> +
            ...
 |   18> = (-0.7128060,-0.0087769)|   4, 1, 0;0,  0;0,  0> +
           (-0.0087814, 0.7012513)|   4, 0, 1;0,  0;0,  0> +
           ( 0.0000247, 0.0000003)|   4, 1, 0;1,  0;0,  0> +
           (-0.0000247,-0.0000003)|   4, 1, 0;0,  0;1,  0> +
           (-0.0000003, 0.0000243)|   4, 0, 1;0,  0;1,  0> +
           ( 0.0000003,-0.0000243)|   4, 0, 1;1,  0;0,  0> +
            ...
 |   19> = (-0.0000740, 0.7128600)|   4, 0, 1;0,  0;0,  0> +
           ( 0.7013063,-0.0000739)|   4, 1, 0;0,  0;0,  0> +
           ( 0.0000000,-0.0000247)|   4, 0, 1;1,  0;0,  0> +
           (-0.0000000, 0.0000247)|   4, 0, 1;0,  0;1,  0> +
           ( 0.0000243,-0.0000000)|   4, 1, 0;0,  0;1,  0> +
           (-0.0000243, 0.0000000)|   4, 1, 0;1,  0;0,  0> +
            ...
 |   20> = ( 1.0000000,-0.0000000)|  10, 0, 0;0,  0;0,  0> +
           (-0.0000346, 0.0000000)|  10, 0, 0;1,  0;0,  0> +
           ( 0.0000346,-0.0000000)|  10, 0, 0;0,  0;1,  0> +
            ...
 |   21> = (-0.0001474,-0.7099603)|   5, 0, 1;0,  0;0,  0> +
           (-0.7042416,-0.0001473)|   5, 1, 0;0,  0;0,  0> +
           (-0.0000000,-0.0000246)|   5, 0, 1;0,  0;1,  0> +
           ( 0.0000000, 0.0000246)|   5, 0, 1;1,  0;0,  0> +
           ( 0.0000244, 0.0000000)|   5, 1, 0;1,  0;0,  0> +
           (-0.0000244,-0.0000000)|   5, 1, 0;0,  0;1,  0> +
            ...
 |   22> = (-0.7091155, 0.0346248)|   5, 1, 0;0,  0;0,  0> +
           ( 0.0346391, 0.7033893)|   5, 0, 1;0,  0;0,  0> +
           ( 0.0000245,-0.0000012)|   5, 1, 0;1,  0;0,  0> +
           (-0.0000245, 0.0000012)|   5, 1, 0;0,  0;1,  0> +
           ( 0.0000012, 0.0000243)|   5, 0, 1;0,  0;1,  0> +
           (-0.0000012,-0.0000243)|   5, 0, 1;1,  0;0,  0> +
            ...
 |   23> = ( 0.0007750,-0.9999997)|   0, 1, 1;0,  0;0,  0> +
           (-0.0000000, 0.0000346)|   0, 1, 1;1,  0;0,  0> +
           ( 0.0000000,-0.0000346)|   0, 1, 1;0,  0;1,  0> +
            ...
 |   24> = (-0.7071068, 0.0000000)|   0, 0, 2;0,  0;0,  0> +
           ( 0.7071067,-0.0000000)|   0, 2, 0;0,  0;0,  0> +
           (-0.0000245, 0.0000000)|   0, 0, 2;0,  0;1,  0> +
           ( 0.0000245,-0.0000000)|   0, 0, 2;1,  0;0,  0> +
           (-0.0000245, 0.0000000)|   0, 2, 0;1,  0;0,  0> +
           ( 0.0000245, 0.0000000)|   0, 2, 0;0,  0;1,  0> +
            ...
 # The upper part of the spectrum
 # Eigenvalues first: 544	 last: 594
 22843.578870057 22843.578870057 22843.578875542 22843.578875542 22843.578891939 22843.578902909 22844.578870057 22844.578870057 22844.578875542 22844.578875542 22844.578891939 22844.578902909 22845.578870057 22845.578870057 22845.578875542 22845.578875542 22845.578891939 22845.578902909 22846.578870057 22846.578870057 22846.578875542 22846.578875542 22846.578891939 22846.578902909 22847.578870057 22847.578870057 22847.578875542 22847.578875542 22847.578891939 22847.578902909 22848.578870056 22848.578870056 22848.578875541 22848.578875541 22848.578891939 22848.578902909 22848.597585032 22848.597585032 22848.597585032 22848.597585032 22848.597590517 22848.597590517 22848.597590517 22848.597590517 22848.597606914 22848.597606914 22848.597617884 22848.597617884 22849.578870056 22849.578870057

# Excited states :
 |  543> = ( 0.0139314, 0.9999030)|  33, 3, 3;0,  0;0,  0> +
           (-0.0000005,-0.0000346)|  33, 3, 3;1,  0;0,  0> +
           ( 0.0000005, 0.0000346)|  33, 3, 3;0,  0;1,  0> +
            ...
 |  544> = ( 0.3943702, 0.5721635)|   0, 0, 0;0,  0;1,  1> +
           (-0.3944055,-0.5721365)|   0, 0, 0;1,  1;0,  0> +
           (-0.1307749,-0.0007312)|   0, 0, 0;1, -1;0,  0> +
           ( 0.1307745, 0.0007304)|   0, 0, 0;0,  0;1, -1> +
           (-0.0000137,-0.0000198)|   0, 0, 0;1,  0;1,  1> +
           (-0.0000137,-0.0000198)|   0, 0, 0;1,  1;1,  0> +
            ...
 |  545> = ( 0.6949131,-0.0001376)|   0, 0, 0;1, -1;0,  0> +
           (-0.6949033, 0.0001368)|   0, 0, 0;0,  0;1, -1> +
           (-0.0748456,-0.1072413)|   0, 0, 0;1,  1;0,  0> +
           ( 0.0748398, 0.1072453)|   0, 0, 0;0,  0;1,  1> +
           ( 0.0000241,-0.0000000)|   0, 0, 0;1, -1;1,  0> +
           ( 0.0000241,-0.0000000)|   0, 0, 0;1,  0;1, -1> +
            ...
 |  546> = ( 0.7031108, 0.0000666)|   0, 0, 0;0,  0;1, -1> +
           ( 0.7031012, 0.0000660)|   0, 0, 0;1, -1;0,  0> +
           (-0.0536105, 0.0526114)|   0, 0, 0;1,  1;0,  0> +
           (-0.0536137, 0.0526060)|   0, 0, 0;0,  0;1,  1> +
           (-0.0000243,-0.0000000)|   0, 0, 0;1,  0;1, -1> +
           ( 0.0000243, 0.0000000)|   0, 0, 0;1, -1;1,  0> +
            ...
 |  547> = ( 0.4976338,-0.4967092)|   0, 0, 0;1,  1;0,  0> +
           ( 0.4976639,-0.4966763)|   0, 0, 0;0,  0;1,  1> +
           ( 0.0751113,-0.0006301)|   0, 0, 0;0,  0;1, -1> +
           ( 0.0751090,-0.0006304)|   0, 0, 0;1, -1;0,  0> +
           ( 0.0000172,-0.0000172)|   0, 0, 0;1,  1;1,  0> +
           (-0.0000172, 0.0000172)|   0, 0, 0;1,  0;1,  1> +
            ...
 |  548> = ( 0.7071069,-0.0000000)|   0, 0, 0;1,  0;0,  0> +
           ( 0.7071067,-0.0000000)|   0, 0, 0;0,  0;1,  0> +
           (-0.0000109, 0.0000000)|   0, 0, 0;2,  0;0,  0> +
           ( 0.0000109,-0.0000000)|   0, 0, 0;0,  0;2,  0> +
            ...
 |  549> = (-0.7071069, 0.0000000)|   0, 0, 0;0,  0;1,  0> +
           ( 0.7071067, 0.0000000)|   0, 0, 0;1,  0;0,  0> +
           ( 0.0000489,-0.0000000)|   0, 0, 0;1,  0;1,  0> +
           ( 0.0000489, 0.0000000)|   0, 0, 0;0,  0;0,  0> +
           (-0.0000109, 0.0000000)|   0, 0, 0;0,  0;2,  0> +
           (-0.0000109,-0.0000000)|   0, 0, 0;2,  0;0,  0> +
            ...
 |  550> = (-0.6092588, 0.0001342)|   1, 0, 0;1,  1;0,  0> +
           ( 0.6092519,-0.0001342)|   1, 0, 0;0,  0;1,  1> +
           ( 0.3589051, 0.0001971)|   1, 0, 0;1, -1;0,  0> +
           (-0.3588912,-0.0001971)|   1, 0, 0;0,  0;1, -1> +
           (-0.0000211, 0.0000000)|   1, 0, 0;1,  1;1,  0> +
           (-0.0000211, 0.0000000)|   1, 0, 0;1,  0;1,  1> +
           ( 0.0000124, 0.0000000)|   1, 0, 0;1, -1;1,  0> +
           ( 0.0000124, 0.0000000)|   1, 0, 0;1,  0;1, -1> +
            ...
 |  551> = ( 0.6092510,-0.0030252)|   1, 0, 0;1, -1;0,  0> +
           (-0.6092447, 0.0030252)|   1, 0, 0;0,  0;1, -1> +
           ( 0.3589176,-0.0020583)|   1, 0, 0;1,  1;0,  0> +
           (-0.3588670, 0.0020583)|   1, 0, 0;0,  0;1,  1> +
           ( 0.0000211,-0.0000001)|   1, 0, 0;1, -1;1,  0> +
           ( 0.0000211,-0.0000001)|   1, 0, 0;1,  0;1, -1> +
           ( 0.0000124,-0.0000001)|   1, 0, 0;1,  1;1,  0> +
           ( 0.0000124,-0.0000001)|   1, 0, 0;1,  0;1,  1> +
            ...
 |  552> = (-0.7012164, 0.0045951)|   1, 0, 0;0,  0;1,  1> +
           (-0.7011862, 0.0045947)|   1, 0, 0;1,  1;0,  0> +
           (-0.0910991, 0.0005716)|   1, 0, 0;0,  0;1, -1> +
           (-0.0910578, 0.0005711)|   1, 0, 0;1, -1;0,  0> +
           ( 0.0000243,-0.0000002)|   1, 0, 0;1,  0;1,  1> +
           (-0.0000243, 0.0000002)|   1, 0, 0;1,  1;1,  0> +
            ...
 |  553> = ( 0.7012199, 0.0000031)|   1, 0, 0;0,  0;1, -1> +
           ( 0.7012128, 0.0000031)|   1, 0, 0;1, -1;0,  0> +
           (-0.0910866, 0.0000251)|   1, 0, 0;0,  0;1,  1> +
           (-0.0910738, 0.0000251)|   1, 0, 0;1,  1;0,  0> +
           (-0.0000243,-0.0000000)|   1, 0, 0;1,  0;1, -1> +
           ( 0.0000243, 0.0000000)|   1, 0, 0;1, -1;1,  0> +
            ...
 |  554> = (-0.7071068, 0.0000000)|   1, 0, 0;1,  0;0,  0> +
           (-0.7071067, 0.0000000)|   1, 0, 0;0,  0;1,  0> +
           ( 0.0000109, 0.0000000)|   1, 0, 0;2,  0;0,  0> +
           (-0.0000109,-0.0000000)|   1, 0, 0;0,  0;2,  0> +
            ...
 |  555> = ( 0.7071068,-0.0000000)|   1, 0, 0;0,  0;1,  0> +
           (-0.7071067,-0.0000000)|   1, 0, 0;1,  0;0,  0> +
           (-0.0000489,-0.0000000)|   1, 0, 0;1,  0;1,  0> +
           (-0.0000489,-0.0000000)|   1, 0, 0;0,  0;0,  0> +
           ( 0.0000109, 0.0000000)|   1, 0, 0;0,  0;2,  0> +
           ( 0.0000109,-0.0000000)|   1, 0, 0;2,  0;0,  0> +
            ...
 |  556> = (-0.7071239, 0.0000000)|   2, 0, 0;0,  0;1, -1> +
           ( 0.7070897, 0.0000000)|   2, 0, 0;1, -1;0,  0> +
           ( 0.0000978, 0.0000000)|   2, 0, 0;1,  1;0,  0> +
           (-0.0000976, 0.0000000)|   2, 0, 0;0,  0;1,  1> +
           ( 0.0000245,-0.0000000)|   2, 0, 0;1,  0;1, -1> +
           ( 0.0000245, 0.0000000)|   2, 0, 0;1, -1;1,  0> +
            ...
 |  557> = ( 0.6414777,-0.2975053)|   2, 0, 0;1,  1;0,  0> +
           (-0.6414733, 0.2975045)|   2, 0, 0;0,  0;1,  1> +
           (-0.0000886, 0.0000411)|   2, 0, 0;1, -1;0,  0> +
           ( 0.0000886,-0.0000411)|   2, 0, 0;0,  0;1, -1> +
           ( 0.0000222,-0.0000103)|   2, 0, 0;1,  1;1,  0> +
           ( 0.0000222,-0.0000103)|   2, 0, 0;1,  0;1,  1> +
            ...
 |  558> = (-0.7057049,-0.0445390)|   2, 0, 0;0,  0;1,  1> +
           (-0.7057004,-0.0445398)|   2, 0, 0;1,  1;0,  0> +
           ( 0.0000953, 0.0000060)|   2, 0, 0;1, -1;0,  0> +
           ( 0.0000952, 0.0000060)|   2, 0, 0;0,  0;1, -1> +
           ( 0.0000244, 0.0000015)|   2, 0, 0;1,  0;1,  1> +
           (-0.0000244,-0.0000015)|   2, 0, 0;1,  1;1,  0> +
            ...
 |  559> = ( 0.7071239, 0.0000000)|   2, 0, 0;1, -1;0,  0> +
           ( 0.7070897, 0.0000000)|   2, 0, 0;0,  0;1, -1> +
           ( 0.0000954,-0.0000000)|   2, 0, 0;1,  1;0,  0> +
           ( 0.0000954,-0.0000000)|   2, 0, 0;0,  0;1,  1> +
           ( 0.0000245, 0.0000000)|   2, 0, 0;1, -1;1,  0> +
           (-0.0000245,-0.0000000)|   2, 0, 0;1,  0;1, -1> +
            ...
 |  560> = ( 0.7071068, 0.0000348)|   2, 0, 0;1,  0;0,  0> +
           ( 0.7071068, 0.0000348)|   2, 0, 0;0,  0;1,  0> +
           (-0.0000109,-0.0000000)|   2, 0, 0;2,  0;0,  0> +
           ( 0.0000109, 0.0000000)|   2, 0, 0;0,  0;2,  0> +
            ...
 |  561> = ( 0.7071068, 0.0000000)|   2, 0, 0;0,  0;1,  0> +
           (-0.7071068, 0.0000000)|   2, 0, 0;1,  0;0,  0> +
           (-0.0000489,-0.0000000)|   2, 0, 0;1,  0;1,  0> +
           (-0.0000489,-0.0000000)|   2, 0, 0;0,  0;0,  0> +
           ( 0.0000109, 0.0000000)|   2, 0, 0;0,  0;2,  0> +
           ( 0.0000109,-0.0000000)|   2, 0, 0;2,  0;0,  0> +
            ...
 |  562> = (-0.7071243,-0.0004061)|   3, 0, 0;0,  0;1,  1> +
           ( 0.7070889, 0.0004056)|   3, 0, 0;1,  1;0,  0> +
           (-0.0003078,-0.0000002)|   3, 0, 0;0,  0;1, -1> +
           ( 0.0003078, 0.0000002)|   3, 0, 0;1, -1;0,  0> +
           ( 0.0000245, 0.0000000)|   3, 0, 0;1,  0;1,  1> +
           ( 0.0000245, 0.0000000)|   3, 0, 0;1,  1;1,  0> +
            ...
 |  563> = ( 0.7071367, 0.0000000)|   3, 0, 0;1, -1;0,  0> +
           (-0.7070768,-0.0000000)|   3, 0, 0;0,  0;1, -1> +
           ( 0.0003078, 0.0000000)|   3, 0, 0;0,  0;1,  1> +
           (-0.0003078,-0.0000000)|   3, 0, 0;1,  1;0,  0> +
           ( 0.0000245, 0.0000000)|   3, 0, 0;1, -1;1,  0> +
           ( 0.0000245, 0.0000000)|   3, 0, 0;1,  0;1, -1> +
            ...
 |  564> = ( 0.7071367, 0.0000000)|   3, 0, 0;0,  0;1, -1> +
           ( 0.7070768, 0.0000000)|   3, 0, 0;1, -1;0,  0> +
           (-0.0003118,-0.0000000)|   3, 0, 0;0,  0;1,  1> +
           (-0.0003118,-0.0000000)|   3, 0, 0;1,  1;0,  0> +
           (-0.0000245,-0.0000000)|   3, 0, 0;1,  0;1, -1> +
           ( 0.0000245, 0.0000000)|   3, 0, 0;1, -1;1,  0> +
            ...
 |  565> = ( 0.7071139, 0.0038490)|   3, 0, 0;1,  1;0,  0> +
           ( 0.7070785, 0.0038493)|   3, 0, 0;0,  0;1,  1> +
           ( 0.0003118, 0.0000017)|   3, 0, 0;0,  0;1, -1> +
           ( 0.0003118, 0.0000017)|   3, 0, 0;1, -1;0,  0> +
           ( 0.0000245, 0.0000001)|   3, 0, 0;1,  1;1,  0> +
           (-0.0000245,-0.0000001)|   3, 0, 0;1,  0;1,  1> +
            ...
 |  566> = (-0.7070515,-0.0088509)|   3, 0, 0;1,  0;0,  0> +
           (-0.7070513,-0.0088509)|   3, 0, 0;0,  0;1,  0> +
           ( 0.0000109, 0.0000001)|   3, 0, 0;2,  0;0,  0> +
           (-0.0000109,-0.0000001)|   3, 0, 0;0,  0;2,  0> +
            ...
 |  567> = (-0.7071069,-0.0000000)|   3, 0, 0;0,  0;1,  0> +
           ( 0.7071067,-0.0000000)|   3, 0, 0;1,  0;0,  0> +
           ( 0.0000489,-0.0000000)|   3, 0, 0;1,  0;1,  0> +
           ( 0.0000489,-0.0000000)|   3, 0, 0;0,  0;0,  0> +
           (-0.0000109,-0.0000000)|   3, 0, 0;0,  0;2,  0> +
           (-0.0000109, 0.0000000)|   3, 0, 0;2,  0;0,  0> +
            ...
 |  568> = ( 0.7067621,-0.0225943)|   4, 0, 0;1,  1;0,  0> +
           (-0.7067259, 0.0225937)|   4, 0, 0;0,  0;1,  1> +
           ( 0.0015651,-0.0000500)|   4, 0, 0;1, -1;0,  0> +
           (-0.0015651, 0.0000500)|   4, 0, 0;0,  0;1, -1> +
           ( 0.0000245,-0.0000008)|   4, 0, 0;1,  1;1,  0> +
           ( 0.0000245,-0.0000008)|   4, 0, 0;1,  0;1,  1> +
            ...
 |  569> = (-0.7071060, 0.0000000)|   4, 0, 0;0,  0;1, -1> +
           ( 0.7071041,-0.0000000)|   4, 0, 0;1, -1;0,  0> +
           (-0.0015661, 0.0000000)|   4, 0, 0;1,  1;0,  0> +
           ( 0.0015657, 0.0000000)|   4, 0, 0;0,  0;1,  1> +
           ( 0.0000245,-0.0000000)|   4, 0, 0;1,  0;1, -1> +
           ( 0.0000245,-0.0000000)|   4, 0, 0;1, -1;1,  0> +
            ...
 |  570> = (-0.7071061, 0.0000000)|   4, 0, 0;1, -1;0,  0> +
           (-0.7071041, 0.0000000)|   4, 0, 0;0,  0;1, -1> +
           ( 0.0015582, 0.0000004)|   4, 0, 0;1,  1;0,  0> +
           ( 0.0015582, 0.0000004)|   4, 0, 0;0,  0;1,  1> +
           (-0.0000245, 0.0000000)|   4, 0, 0;1, -1;1,  0> +
           ( 0.0000245,-0.0000000)|   4, 0, 0;1,  0;1, -1> +
            ...
 |  571> = (-0.7070253, 0.0117668)|   4, 0, 0;0,  0;1,  1> +
           (-0.7069891, 0.0117657)|   4, 0, 0;1,  1;0,  0> +
           (-0.0015581, 0.0000264)|   4, 0, 0;1, -1;0,  0> +
           (-0.0015579, 0.0000264)|   4, 0, 0;0,  0;1, -1> +
           ( 0.0000245,-0.0000004)|   4, 0, 0;1,  0;1,  1> +
           (-0.0000245, 0.0000004)|   4, 0, 0;1,  1;1,  0> +
            ...
 |  572> = ( 0.7041063, 0.0650752)|   4, 0, 0;0,  0;1,  0> +
           ( 0.7041056, 0.0650752)|   4, 0, 0;1,  0;0,  0> +
           ( 0.0000109, 0.0000010)|   4, 0, 0;0,  0;2,  0> +
           (-0.0000109,-0.0000010)|   4, 0, 0;2,  0;0,  0> +
            ...
 |  573> = (-0.7071071,-0.0000000)|   4, 0, 0;1,  0;0,  0> +
           ( 0.7071065,-0.0000000)|   4, 0, 0;0,  0;1,  0> +
           (-0.0000489,-0.0000000)|   4, 0, 0;1,  0;1,  0> +
           (-0.0000489,-0.0000000)|   4, 0, 0;0,  0;0,  0> +
           ( 0.0000109, 0.0000000)|   4, 0, 0;2,  0;0,  0> +
           ( 0.0000109,-0.0000000)|   4, 0, 0;0,  0;2,  0> +
            ...
 |  574> = (-0.7054105,-0.0007946)|   5, 0, 0;0,  0;1, -1> +
           ( 0.7054100, 0.0007947)|   5, 0, 0;1, -1;0,  0> +
           (-0.0489457,-0.0003388)|   5, 0, 0;1,  1;0,  0> +
           ( 0.0489456, 0.0003388)|   5, 0, 0;0,  0;1,  1> +
           ( 0.0000244, 0.0000000)|   5, 0, 0;1,  0;1, -1> +
           ( 0.0000244, 0.0000000)|   5, 0, 0;1, -1;1,  0> +
            ...
 |  575> = ( 0.7025740, 0.0632979)|   5, 0, 0;0,  0;1,  1> +
           (-0.7025560,-0.0632988)|   5, 0, 0;1,  1;0,  0> +
           ( 0.0487750, 0.0041095)|   5, 0, 0;0,  0;1, -1> +
           (-0.0487729,-0.0041096)|   5, 0, 0;1, -1;0,  0> +
           (-0.0000243,-0.0000022)|   5, 0, 0;1,  0;1,  1> +
           (-0.0000243,-0.0000022)|   5, 0, 0;1,  1;1,  0> +
            ...
 |  576> = (-0.7008692, 0.0376593)|   5, 0, 0;1,  1;0,  0> +
           (-0.7008512, 0.0376608)|   5, 0, 0;0,  0;1,  1> +
           (-0.0857606, 0.0046841)|   5, 0, 0;1, -1;0,  0> +
           (-0.0857592, 0.0046842)|   5, 0, 0;0,  0;1, -1> +
           (-0.0000243, 0.0000013)|   5, 0, 0;1,  1;1,  0> +
           ( 0.0000243,-0.0000013)|   5, 0, 0;1,  0;1,  1> +
            ...
 |  577> = (-0.7018713, 0.0006114)|   5, 0, 0;1, -1;0,  0> +
           (-0.7018708, 0.0006115)|   5, 0, 0;0,  0;1, -1> +
           ( 0.0858878, 0.0000010)|   5, 0, 0;1,  1;0,  0> +
           ( 0.0858876, 0.0000010)|   5, 0, 0;0,  0;1,  1> +
           (-0.0000243, 0.0000000)|   5, 0, 0;1, -1;1,  0> +
           ( 0.0000243,-0.0000000)|   5, 0, 0;1,  0;1, -1> +
            ...
 |  578> = ( 0.7060056,-0.0394529)|   5, 0, 0;1,  0;0,  0> +
           ( 0.7060050,-0.0394529)|   5, 0, 0;0,  0;1,  0> +
           (-0.0000109, 0.0000006)|   5, 0, 0;2,  0;0,  0> +
           ( 0.0000109,-0.0000006)|   5, 0, 0;0,  0;2,  0> +
            ...
 |  579> = ( 0.7071071,-0.0000004)|   5, 0, 0;0,  0;1,  0> +
           (-0.7071065, 0.0000004)|   5, 0, 0;1,  0;0,  0> +
           (-0.0000489, 0.0000000)|   5, 0, 0;1,  0;1,  0> +
           (-0.0000489, 0.0000000)|   5, 0, 0;0,  0;0,  0> +
           ( 0.0000109,-0.0000000)|   5, 0, 0;0,  0;2,  0> +
           ( 0.0000109,-0.0000000)|   5, 0, 0;2,  0;0,  0> +
            ...
 |  580> = (-0.5270394,-0.0300375)|   0, 1, 0;0,  0;1,  1> +
           ( 0.5270329, 0.0300374)|   0, 1, 0;1,  1;0,  0> +
           (-0.0258174, 0.3833040)|   0, 0, 1;0,  0;1, -1> +
           ( 0.0258160,-0.3833016)|   0, 0, 1;1, -1;0,  0> +
           (-0.0096757,-0.2495293)|   0, 0, 1;1,  1;0,  0> +
           ( 0.0096755, 0.2495257)|   0, 0, 1;0,  0;1,  1> +
           (-0.1057944, 0.0138962)|   0, 1, 0;1, -1;0,  0> +
           ( 0.1057939,-0.0138965)|   0, 1, 0;0,  0;1, -1> +
           ( 0.0000182, 0.0000010)|   0, 1, 0;1,  0;1,  1> +
           ( 0.0000182, 0.0000010)|   0, 1, 0;1,  1;1,  0> +
           ( 0.0000009,-0.0000133)|   0, 0, 1;1,  0;1, -1> +
           ( 0.0000009,-0.0000133)|   0, 0, 1;1, -1;1,  0> +
            ...
 |  581> = ( 0.4790328, 0.0049204)|   0, 1, 0;0,  0;1, -1> +
           (-0.4790254,-0.0049204)|   0, 1, 0;1, -1;0,  0> +
           (-0.0000797,-0.4545231)|   0, 0, 1;1,  1;0,  0> +
           ( 0.0000799, 0.4545174)|   0, 0, 1;0,  0;1,  1> +
           (-0.1890123,-0.0257041)|   0, 1, 0;1,  1;0,  0> +
           ( 0.1890090, 0.0257041)|   0, 1, 0;0,  0;1,  1> +
           ( 0.0207037,-0.1646331)|   0, 0, 1;0,  0;1, -1> +
           (-0.0207040, 0.1646321)|   0, 0, 1;1, -1;0,  0> +
           (-0.0000166,-0.0000002)|   0, 1, 0;1,  0;1, -1> +
           (-0.0000166,-0.0000002)|   0, 1, 0;1, -1;1,  0> +
           (-0.0000000,-0.0000157)|   0, 0, 1;1,  1;1,  0> +
           (-0.0000000,-0.0000157)|   0, 0, 1;1,  0;1,  1> +
            ...
 |  582> = (-0.0022206, 0.4468213)|   0, 0, 1;1, -1;0,  0> +
           ( 0.0022202,-0.4468200)|   0, 0, 1;0,  0;1, -1> +
           (-0.3665358, 0.0005283)|   0, 1, 0;0,  0;1, -1> +
           ( 0.3665307,-0.0005282)|   0, 1, 0;1, -1;0,  0> +
           ( 0.0000079, 0.3258825)|   0, 0, 1;0,  0;1,  1> +
           (-0.0000079,-0.3258741)|   0, 0, 1;1,  1;0,  0> +
           (-0.2445324, 0.0027565)|   0, 1, 0;0,  0;1,  1> +
           ( 0.2445288,-0.0027565)|   0, 1, 0;1,  1;0,  0> +
           (-0.0000001, 0.0000155)|   0, 0, 1;1, -1;1,  0> +
           (-0.0000001, 0.0000155)|   0, 0, 1;1,  0;1, -1> +
           ( 0.0000127,-0.0000000)|   0, 1, 0;1,  0;1, -1> +
           ( 0.0000127,-0.0000000)|   0, 1, 0;1, -1;1,  0> +
           (-0.0000000,-0.0000113)|   0, 0, 1;1,  0;1,  1> +
           (-0.0000000,-0.0000113)|   0, 0, 1;1,  1;1,  0> +
            ...
 |  583> = (-0.0000003,-0.3538733)|   0, 0, 1;0,  0;1, -1> +
           ( 0.0000003, 0.3538733)|   0, 0, 1;1, -1;0,  0> +
           ( 0.3537543, 0.0000003)|   0, 1, 0;1,  1;0,  0> +
           (-0.3537543,-0.0000003)|   0, 1, 0;0,  0;1,  1> +
           (-0.0000000,-0.3533513)|   0, 0, 1;0,  0;1,  1> +
           ( 0.0000000, 0.3533512)|   0, 0, 1;1,  1;0,  0> +
           ( 0.3532344,-0.0000001)|   0, 1, 0;0,  0;1, -1> +
           (-0.3532343, 0.0000001)|   0, 1, 0;1, -1;0,  0> +
           ( 0.0000000, 0.0000122)|   0, 0, 1;1,  0;1, -1> +
           ( 0.0000000, 0.0000122)|   0, 0, 1;1, -1;1,  0> +
           ( 0.0000122, 0.0000000)|   0, 1, 0;1,  1;1,  0> +
           ( 0.0000122, 0.0000000)|   0, 1, 0;1,  0;1,  1> +
           ( 0.0000000, 0.0000122)|   0, 0, 1;1,  0;1,  1> +
           ( 0.0000000, 0.0000122)|   0, 0, 1;1,  1;1,  0> +
           (-0.0000122, 0.0000000)|   0, 1, 0;1,  0;1, -1> +
           (-0.0000122, 0.0000000)|   0, 1, 0;1, -1;1,  0> +
            ...
 |  584> = (-0.0005703, 0.6020907)|   0, 0, 1;0,  0;1,  1> +
           (-0.0005704, 0.6020905)|   0, 0, 1;1,  1;0,  0> +
           (-0.3087519,-0.0002745)|   0, 1, 0;1, -1;0,  0> +
           (-0.3087415,-0.0002745)|   0, 1, 0;0,  0;1, -1> +
           (-0.1969955, 0.0017813)|   0, 1, 0;1,  1;0,  0> +
           (-0.1969910, 0.0017813)|   0, 1, 0;0,  0;1,  1> +
           ( 0.0046132,-0.0577195)|   0, 0, 1;1, -1;0,  0> +
           ( 0.0046131,-0.0577140)|   0, 0, 1;0,  0;1, -1> +
           ( 0.0000000,-0.0000208)|   0, 0, 1;1,  0;1,  1> +
           (-0.0000000, 0.0000208)|   0, 0, 1;1,  1;1,  0> +
           (-0.0000107,-0.0000000)|   0, 1, 0;1, -1;1,  0> +
           ( 0.0000107, 0.0000000)|   0, 1, 0;1,  0;1, -1> +
            ...
 |  585> = (-0.0398798, 0.6858769)|   0, 0, 1;0,  0;1, -1> +
           (-0.0398796, 0.6858767)|   0, 0, 1;1, -1;0,  0> +
           ( 0.1285565,-0.0100765)|   0, 1, 0;0,  0;1,  1> +
           ( 0.1285547,-0.0100757)|   0, 1, 0;1,  1;0,  0> +
           ( 0.0005068, 0.1062421)|   0, 0, 1;0,  0;1,  1> +
           ( 0.0005074, 0.1062417)|   0, 0, 1;1,  1;0,  0> +
           (-0.0037199, 0.0072917)|   0, 1, 0;1, -1;0,  0> +
           (-0.0037175, 0.0072919)|   0, 1, 0;0,  0;1, -1> +
           ( 0.0000014,-0.0000237)|   0, 0, 1;1,  0;1, -1> +
           (-0.0000014, 0.0000237)|   0, 0, 1;1, -1;1,  0> +
            ...
 |  586> = (-0.0957037, 0.6576716)|   0, 1, 0;1,  1;0,  0> +
           (-0.0957030, 0.6576669)|   0, 1, 0;0,  0;1,  1> +
           (-0.1784527,-0.0336176)|   0, 0, 1;0,  0;1,  1> +
           (-0.1784464,-0.0336170)|   0, 0, 1;1,  1;0,  0> +
           ( 0.1473385, 0.0419291)|   0, 0, 1;1, -1;0,  0> +
           ( 0.1473362, 0.0419286)|   0, 0, 1;0,  0;1, -1> +
           (-0.0059691,-0.0428471)|   0, 1, 0;1, -1;0,  0> +
           (-0.0059694,-0.0428433)|   0, 1, 0;0,  0;1, -1> +
           (-0.0000033, 0.0000228)|   0, 1, 0;1,  1;1,  0> +
           ( 0.0000033,-0.0000228)|   0, 1, 0;1,  0;1,  1> +
            ...
 |  587> = ( 0.6345308, 0.0104775)|   0, 1, 0;1, -1;0,  0> +
           ( 0.6345276, 0.0104773)|   0, 1, 0;0,  0;1, -1> +
           (-0.0102224, 0.3051570)|   0, 0, 1;1,  1;0,  0> +
           (-0.0102223, 0.3051550)|   0, 0, 1;0,  0;1,  1> +
           (-0.0517101, 0.0141654)|   0, 1, 0;0,  0;1,  1> +
           (-0.0517074, 0.0141656)|   0, 1, 0;1,  1;0,  0> +
           (-0.0011156,-0.0340976)|   0, 0, 1;1, -1;0,  0> +
           (-0.0011158,-0.0340961)|   0, 0, 1;0,  0;1, -1> +
           ( 0.0000220, 0.0000004)|   0, 1, 0;1, -1;1,  0> +
           (-0.0000220,-0.0000004)|   0, 1, 0;1,  0;1, -1> +
           (-0.0000004, 0.0000106)|   0, 0, 1;1,  1;1,  0> +
           ( 0.0000004,-0.0000106)|   0, 0, 1;1,  0;1,  1> +
            ...
 |  588> = ( 0.1330073,-0.6397972)|   0, 0, 1;1,  0;0,  0> +
           ( 0.1330008,-0.6397826)|   0, 0, 1;0,  0;1,  0> +
           ( 0.2610154, 0.0696661)|   0, 1, 0;1,  0;0,  0> +
           ( 0.2610032, 0.0696604)|   0, 1, 0;0,  0;1,  0> +
           (-0.0000021, 0.0000099)|   0, 0, 1;2,  0;0,  0> +
           ( 0.0000021,-0.0000099)|   0, 0, 1;0,  0;2,  0> +
            ...
 |  589> = ( 0.6534109, 0.0088973)|   0, 1, 0;1,  0;0,  0> +
           ( 0.6534051, 0.0088964)|   0, 1, 0;0,  0;1,  0> +
           ( 0.0114071, 0.2699057)|   0, 0, 1;1,  0;0,  0> +
           ( 0.0114064, 0.2699043)|   0, 0, 1;0,  0;1,  0> +
           (-0.0000101,-0.0000001)|   0, 1, 0;2,  0;0,  0> +
           ( 0.0000101, 0.0000001)|   0, 1, 0;0,  0;2,  0> +
            ...
 |  590> = ( 0.4651292, 0.2019533)|   0, 1, 0;0,  0;1,  0> +
           (-0.4651184,-0.2019509)|   0, 1, 0;1,  0;0,  0> +
           ( 0.2232173,-0.4393834)|   0, 0, 1;0,  0;1,  0> +
           (-0.2232132, 0.4393660)|   0, 0, 1;1,  0;0,  0> +
           (-0.0000322,-0.0000140)|   0, 1, 0;1,  0;1,  0> +
           (-0.0000322,-0.0000140)|   0, 1, 0;0,  0;0,  0> +
           (-0.0000155, 0.0000304)|   0, 0, 1;1,  0;1,  0> +
           (-0.0000155, 0.0000304)|   0, 0, 1;0,  0;0,  0> +
            ...
 |  591> = (-0.0328799, 0.5060096)|   0, 0, 1;0,  0;1,  0> +
           ( 0.0328796,-0.5060057)|   0, 0, 1;1,  0;0,  0> +
           ( 0.4928207, 0.0022009)|   0, 1, 0;0,  0;1,  0> +
           (-0.4928169,-0.0022010)|   0, 1, 0;1,  0;0,  0> +
           ( 0.0000023,-0.0000350)|   0, 0, 1;1,  0;1,  0> +
           ( 0.0000023,-0.0000350)|   0, 0, 1;0,  0;0,  0> +
           (-0.0000341,-0.0000002)|   0, 1, 0;1,  0;1,  0> +
           (-0.0000341,-0.0000002)|   0, 1, 0;0,  0;0,  0> +
            ...
 |  592> = (-0.7070590,-0.0111468)|   6, 0, 0;1,  1;0,  0> +
           ( 0.7069708, 0.0111442)|   6, 0, 0;0,  0;1,  1> +
           ( 0.0023975, 0.0000201)|   6, 0, 0;1, -1;0,  0> +
           (-0.0023972,-0.0000200)|   6, 0, 0;0,  0;1, -1> +
           (-0.0000245,-0.0000004)|   6, 0, 0;1,  1;1,  0> +
           (-0.0000245,-0.0000004)|   6, 0, 0;1,  0;1,  1> +
            ...
 |  593> = ( 0.7071341,-0.0003138)|   6, 0, 0;0,  0;1, -1> +
           (-0.7070712, 0.0003138)|   6, 0, 0;1, -1;0,  0> +
           ( 0.0023975, 0.0000167)|   6, 0, 0;0,  0;1,  1> +
           (-0.0023973,-0.0000167)|   6, 0, 0;1,  1;0,  0> +
           (-0.0000245, 0.0000000)|   6, 0, 0;1,  0;1, -1> +
           (-0.0000245, 0.0000000)|   6, 0, 0;1, -1;1,  0> +
            ...
