p2257
p2257
p2257
p2257
p2257
p2257
p2257
p2257
p2257
p2257
p2257
p2257
p2257
p2257
p2257
p2257
p2257
p2257
p2257
p2257
p2257
p2257
p2257
p2257
# Parameters of the model
#  mass:		  261.0000 u
#  charge:	    1.0000 e
#  dipole:	  40.00000 D
#  B:		    503.65 MHz
#  omega_rho:	    1.4000 MHz
#  omega_z:	  0.160000 MHz

# omega_1:	  0.277128 MHz
# omega_3/5:	   1.39083 MHz

# Basis truncation:	|34,4,4;2,2>
# Basis size:		44064

# Active terms of the Hamiltionian:
# 	Nomal modes:	1
# 	T_rot:      	1
# 	V_qd^{(0)}: 	1
# 	V_qd^{(1)}: 	1
# 	V_dd^{(0)}: 	1

# Results of the diagonalisation
# 100 smallest eigenvalues
 5.517839436 6.517839434 7.517839431 8.517839429 9.517839426 10.517839423 10.536554411 10.536554411 11.517839421 11.536554408 11.536554409 12.517839418 12.536554406 12.536554406 13.517839416 13.536554403 13.536554404 14.517839413 14.536554401 14.536554401 15.517839410 15.536554398 15.536554398 15.555269386 15.555269386 15.555269386 16.517839408 16.536554395 16.536554396 16.555269383 16.555269383 16.555269383 17.517839405 17.536554393 17.536554393 17.555269381 17.555269381 17.555269381 18.517839403 18.536554390 18.536554390 18.555269378 18.555269378 18.555269378 19.517839400 19.536554388 19.536554388 19.555269375 19.555269376 19.555269376 20.517839398 20.536554385 20.536554385 20.555269373 20.555269373 20.555269373 20.573984361 20.573984361 20.573984361 20.573984361 21.517839395 21.536554382 21.536554383 21.555269370 21.555269370 21.555269371 21.573984358 21.573984358 21.573984359 21.573984359 22.517839392 22.536554380 22.536554380 22.555269368 22.555269368 22.555269368 22.573984355 22.573984355 22.573984356 22.573984356 23.517839389 23.536554377 23.536554378 23.555269365 23.555269365 23.555269366 23.573984353 23.573984353 23.573984353 23.573984353 24.517839388 24.536554375 24.536554375 24.555269363 24.555269363 24.555269363 24.573984350 24.573984350 24.573984351 24.573984351

# Ground state and the lowest excitations:
 |    0> = ( 1.0000000, 0.0000000)|   0, 0, 0;0,  0;0,  0> +
           ( 0.0001384,-0.0000000)|   0, 0, 0;0,  0;1,  0> +
           (-0.0001384,-0.0000000)|   0, 0, 0;1,  0;0,  0> +
            ...
 |    1> = ( 1.0000000,-0.0000000)|   1, 0, 0;0,  0;0,  0> +
           ( 0.0001384, 0.0000000)|   1, 0, 0;0,  0;1,  0> +
           (-0.0001384, 0.0000000)|   1, 0, 0;1,  0;0,  0> +
            ...
 |    2> = (-1.0000000,-0.0000000)|   2, 0, 0;0,  0;0,  0> +
           (-0.0001384,-0.0000000)|   2, 0, 0;0,  0;1,  0> +
           ( 0.0001384,-0.0000000)|   2, 0, 0;1,  0;0,  0> +
            ...
 |    3> = ( 1.0000000,-0.0000000)|   3, 0, 0;0,  0;0,  0> +
           ( 0.0001384,-0.0000000)|   3, 0, 0;0,  0;1,  0> +
           (-0.0001384,-0.0000000)|   3, 0, 0;1,  0;0,  0> +
            ...
 |    4> = ( 1.0000000, 0.0000000)|   4, 0, 0;0,  0;0,  0> +
           (-0.0001384, 0.0000000)|   4, 0, 0;1,  0;0,  0> +
           ( 0.0001384,-0.0000000)|   4, 0, 0;0,  0;1,  0> +
            ...
 |    5> = (-1.0000000, 0.0000000)|   5, 0, 0;0,  0;0,  0> +
           (-0.0001384, 0.0000000)|   5, 0, 0;0,  0;1,  0> +
           ( 0.0001384,-0.0000000)|   5, 0, 0;1,  0;0,  0> +
            ...
 |    6> = (-0.0296771,-0.7432082)|   0, 0, 1;0,  0;0,  0> +
           ( 0.6677420,-0.0296902)|   0, 1, 0;0,  0;0,  0> +
           (-0.0000041,-0.0001029)|   0, 0, 1;0,  0;1,  0> +
           ( 0.0000041, 0.0001029)|   0, 0, 1;1,  0;0,  0> +
           (-0.0000924, 0.0000041)|   0, 1, 0;1,  0;0,  0> +
           ( 0.0000924,-0.0000041)|   0, 1, 0;0,  0;1,  0> +
            ...
 |    7> = ( 0.7437987,-0.0015932)|   0, 1, 0;0,  0;0,  0> +
           (-0.0015925, 0.6683998)|   0, 0, 1;0,  0;0,  0> +
           (-0.0001030, 0.0000002)|   0, 1, 0;1,  0;0,  0> +
           ( 0.0001030,-0.0000002)|   0, 1, 0;0,  0;1,  0> +
           ( 0.0000002,-0.0000925)|   0, 0, 1;1,  0;0,  0> +
           (-0.0000002, 0.0000925)|   0, 0, 1;0,  0;1,  0> +
            ...
 |    8> = ( 1.0000000,-0.0000000)|   6, 0, 0;0,  0;0,  0> +
           ( 0.0001384,-0.0000000)|   6, 0, 0;0,  0;1,  0> +
           (-0.0001384, 0.0000000)|   6, 0, 0;1,  0;0,  0> +
            ...
 |    9> = ( 0.0003806, 0.7454105)|   1, 0, 1;0,  0;0,  0> +
           ( 0.6666055, 0.0003808)|   1, 1, 0;0,  0;0,  0> +
           (-0.0000001,-0.0001032)|   1, 0, 1;1,  0;0,  0> +
           ( 0.0000001, 0.0001032)|   1, 0, 1;0,  0;1,  0> +
           (-0.0000923,-0.0000001)|   1, 1, 0;1,  0;0,  0> +
           ( 0.0000923, 0.0000001)|   1, 1, 0;0,  0;1,  0> +
            ...
 |   10> = (-0.7453792, 0.0068426)|   1, 1, 0;0,  0;0,  0> +
           ( 0.0068403, 0.6665705)|   1, 0, 1;0,  0;0,  0> +
           ( 0.0001032,-0.0000009)|   1, 1, 0;1,  0;0,  0> +
           (-0.0001032, 0.0000009)|   1, 1, 0;0,  0;1,  0> +
           (-0.0000009,-0.0000923)|   1, 0, 1;1,  0;0,  0> +
           ( 0.0000009, 0.0000923)|   1, 0, 1;0,  0;1,  0> +
            ...
 |   11> = ( 1.0000000, 0.0000000)|   7, 0, 0;0,  0;0,  0> +
           ( 0.0001384, 0.0000000)|   7, 0, 0;0,  0;1,  0> +
           (-0.0001384,-0.0000000)|   7, 0, 0;1,  0;0,  0> +
            ...
 |   12> = (-0.7319656,-0.0190544)|   2, 1, 0;0,  0;0,  0> +
           (-0.0190497, 0.6808086)|   2, 0, 1;0,  0;0,  0> +
           ( 0.0001013, 0.0000026)|   2, 1, 0;1,  0;0,  0> +
           (-0.0001013,-0.0000026)|   2, 1, 0;0,  0;1,  0> +
           (-0.0000026, 0.0000943)|   2, 0, 1;0,  0;1,  0> +
           ( 0.0000026,-0.0000943)|   2, 0, 1;1,  0;0,  0> +
            ...
 |   13> = ( 0.0006872,-0.7322132)|   2, 0, 1;0,  0;0,  0> +
           (-0.6810748, 0.0006873)|   2, 1, 0;0,  0;0,  0> +
           ( 0.0000001,-0.0001014)|   2, 0, 1;0,  0;1,  0> +
           (-0.0000001, 0.0001014)|   2, 0, 1;1,  0;0,  0> +
           ( 0.0000943,-0.0000001)|   2, 1, 0;1,  0;0,  0> +
           (-0.0000943, 0.0000001)|   2, 1, 0;0,  0;1,  0> +
            ...
 |   14> = ( 1.0000000, 0.0000000)|   8, 0, 0;0,  0;0,  0> +
           ( 0.0001384, 0.0000000)|   8, 0, 0;0,  0;1,  0> +
           (-0.0001384,-0.0000000)|   8, 0, 0;1,  0;0,  0> +
            ...
 |   15> = ( 0.7206113,-0.0014986)|   3, 1, 0;0,  0;0,  0> +
           (-0.0014983,-0.6933360)|   3, 0, 1;0,  0;0,  0> +
           ( 0.0000998,-0.0000002)|   3, 1, 0;0,  0;1,  0> +
           (-0.0000998, 0.0000002)|   3, 1, 0;1,  0;0,  0> +
           (-0.0000002,-0.0000960)|   3, 0, 1;0,  0;1,  0> +
           ( 0.0000002, 0.0000960)|   3, 0, 1;1,  0;0,  0> +
            ...
 |   16> = ( 0.0000288, 0.7206129)|   3, 0, 1;0,  0;0,  0> +
           ( 0.6933376, 0.0000288)|   3, 1, 0;0,  0;0,  0> +
           (-0.0000000,-0.0000998)|   3, 0, 1;1,  0;0,  0> +
           ( 0.0000000, 0.0000998)|   3, 0, 1;0,  0;1,  0> +
           ( 0.0000960, 0.0000000)|   3, 1, 0;0,  0;1,  0> +
           (-0.0000960,-0.0000000)|   3, 1, 0;1,  0;0,  0> +
            ...
 |   17> = ( 1.0000000, 0.0000000)|   9, 0, 0;0,  0;0,  0> +
           (-0.0001384,-0.0000000)|   9, 0, 0;1,  0;0,  0> +
           ( 0.0001384, 0.0000000)|   9, 0, 0;0,  0;1,  0> +
            ...
 |   18> = (-0.7297710, 0.0011371)|   4, 1, 0;0,  0;0,  0> +
           ( 0.0011369,-0.6836898)|   4, 0, 1;0,  0;0,  0> +
           (-0.0001010, 0.0000002)|   4, 1, 0;0,  0;1,  0> +
           ( 0.0001010,-0.0000002)|   4, 1, 0;1,  0;0,  0> +
           (-0.0000002, 0.0000947)|   4, 0, 1;1,  0;0,  0> +
           ( 0.0000002,-0.0000947)|   4, 0, 1;0,  0;1,  0> +
            ...
 |   19> = (-0.0347490,-0.7289441)|   4, 0, 1;0,  0;0,  0> +
           ( 0.6828068,-0.0347543)|   4, 1, 0;0,  0;0,  0> +
           (-0.0000048,-0.0001009)|   4, 0, 1;0,  0;1,  0> +
           ( 0.0000048, 0.0001009)|   4, 0, 1;1,  0;0,  0> +
           ( 0.0000945,-0.0000048)|   4, 1, 0;0,  0;1,  0> +
           (-0.0000945, 0.0000048)|   4, 1, 0;1,  0;0,  0> +
            ...
 |   20> = (-1.0000000,-0.0000000)|  10, 0, 0;0,  0;0,  0> +
           (-0.0001384,-0.0000000)|  10, 0, 0;0,  0;1,  0> +
           ( 0.0001384, 0.0000000)|  10, 0, 0;1,  0;0,  0> +
            ...
 |   21> = ( 0.0000644, 0.7233608)|   5, 0, 1;0,  0;0,  0> +
           (-0.6904702, 0.0000644)|   5, 1, 0;0,  0;0,  0> +
           (-0.0000000,-0.0001001)|   5, 0, 1;1,  0;0,  0> +
           ( 0.0000000, 0.0001001)|   5, 0, 1;0,  0;1,  0> +
           (-0.0000956, 0.0000000)|   5, 1, 0;0,  0;1,  0> +
           ( 0.0000956,-0.0000000)|   5, 1, 0;1,  0;0,  0> +
            ...
 |   22> = ( 0.7233608,-0.0000015)|   5, 1, 0;0,  0;0,  0> +
           (-0.0000015, 0.6904702)|   5, 0, 1;0,  0;0,  0> +
           ( 0.0001001,-0.0000000)|   5, 1, 0;0,  0;1,  0> +
           (-0.0001001, 0.0000000)|   5, 1, 0;1,  0;0,  0> +
           (-0.0000000, 0.0000956)|   5, 0, 1;0,  0;1,  0> +
           ( 0.0000000,-0.0000956)|   5, 0, 1;1,  0;0,  0> +
            ...
 |   23> = ( 0.2122183,-0.9772223)|   0, 1, 1;0,  0;0,  0> +
           ( 0.0000294,-0.0001353)|   0, 1, 1;0,  0;1,  0> +
           (-0.0000294, 0.0001353)|   0, 1, 1;1,  0;0,  0> +
           ( 0.0000122, 0.0000022)|   0, 0, 2;0,  0;0,  0> +
           (-0.0000122,-0.0000022)|   0, 2, 0;0,  0;0,  0> +
            ...
 |   24> = (-0.7071069,-0.0000000)|   0, 2, 0;0,  0;0,  0> +
           (-0.7071067, 0.0000000)|   0, 0, 2;0,  0;0,  0> +
           (-0.0000979,-0.0000000)|   0, 2, 0;0,  0;1,  0> +
           ( 0.0000979, 0.0000000)|   0, 2, 0;1,  0;0,  0> +
           (-0.0000979, 0.0000000)|   0, 0, 2;0,  0;1,  0> +
           ( 0.0000979,-0.0000000)|   0, 0, 2;1,  0;0,  0> +
            ...
 # The upper part of the spectrum
 # Eigenvalues first: 544	 last: 594
 22843.578295388 22843.578295388 22843.578383149 22843.578383149 22843.578645500 22843.578821021 22844.578295386 22844.578295386 22844.578383147 22844.578383147 22844.578645499 22844.578821021 22845.578295384 22845.578295384 22845.578383145 22845.578383145 22845.578645499 22845.578821020 22846.578295383 22846.578295383 22846.578383144 22846.578383144 22846.578645498 22846.578821020 22847.578295381 22847.578295381 22847.578383142 22847.578383142 22847.578645498 22847.578821019 22848.578295379 22848.578295380 22848.578383140 22848.578383140 22848.578645497 22848.578821019 22848.597010363 22848.597010363 22848.597010363 22848.597010363 22848.597098124 22848.597098124 22848.597098124 22848.597098124 22848.597360474 22848.597360475 22848.597535997 22848.597535997 22849.578295378 22849.578295378

# Excited states :
 |  543> = (-0.0000777,-1.0000000)|  33, 3, 3;0,  0;0,  0> +
           (-0.0000000,-0.0001384)|  33, 3, 3;0,  0;1,  0> +
           ( 0.0000000, 0.0001384)|  33, 3, 3;1,  0;0,  0> +
           (-0.0000000,-0.0000122)|  32, 3, 3;0,  0;0,  0> +
            ...
 |  544> = ( 0.7061325, 0.0000186)|   0, 0, 0;0,  0;1, -1> +
           (-0.7061325,-0.0000186)|   0, 0, 0;1, -1;0,  0> +
           (-0.0353586,-0.0112515)|   0, 0, 0;0,  0;1,  1> +
           ( 0.0353586, 0.0112515)|   0, 0, 0;1,  1;0,  0> +
           (-0.0000978,-0.0000000)|   0, 0, 0;1,  0;1, -1> +
           (-0.0000978,-0.0000000)|   0, 0, 0;1, -1;1,  0> +
           ( 0.0000379, 0.0000000)|   0, 0, 0;0,  0;2, -1> +
           ( 0.0000379, 0.0000000)|   0, 0, 0;2, -1;0,  0> +
            ...
 |  545> = ( 0.6748462, 0.2078601)|   0, 0, 0;0,  0;1,  1> +
           (-0.6748461,-0.2078599)|   0, 0, 0;1,  1;0,  0> +
           (-0.0371041, 0.0003436)|   0, 0, 0;1, -1;0,  0> +
           ( 0.0371039,-0.0003438)|   0, 0, 0;0,  0;1, -1> +
           (-0.0000934,-0.0000288)|   0, 0, 0;1,  0;1,  1> +
           (-0.0000934,-0.0000288)|   0, 0, 0;1,  1;1,  0> +
           ( 0.0000362, 0.0000111)|   0, 0, 0;0,  0;2,  1> +
           ( 0.0000362, 0.0000111)|   0, 0, 0;2,  1;0,  0> +
            ...
 |  546> = ( 0.7069003,-0.0000140)|   0, 0, 0;1, -1;0,  0> +
           ( 0.7069003,-0.0000140)|   0, 0, 0;0,  0;1, -1> +
           ( 0.0148319, 0.0084836)|   0, 0, 0;0,  0;1,  1> +
           ( 0.0148317, 0.0084836)|   0, 0, 0;1,  1;0,  0> +
           ( 0.0000979,-0.0000000)|   0, 0, 0;1, -1;1,  0> +
           (-0.0000979, 0.0000000)|   0, 0, 0;1,  0;1, -1> +
           (-0.0000379, 0.0000000)|   0, 0, 0;2, -1;0,  0> +
           ( 0.0000379,-0.0000000)|   0, 0, 0;0,  0;2, -1> +
            ...
 |  547> = ( 0.6005870, 0.3728315)|   0, 0, 0;1,  1;0,  0> +
           ( 0.6005868, 0.3728316)|   0, 0, 0;0,  0;1,  1> +
           (-0.0170757,-0.0006145)|   0, 0, 0;1, -1;0,  0> +
           (-0.0170756,-0.0006145)|   0, 0, 0;0,  0;1, -1> +
           ( 0.0000832, 0.0000516)|   0, 0, 0;1,  1;1,  0> +
           (-0.0000832,-0.0000516)|   0, 0, 0;1,  0;1,  1> +
           (-0.0000322,-0.0000200)|   0, 0, 0;2,  1;0,  0> +
           ( 0.0000322, 0.0000200)|   0, 0, 0;0,  0;2,  1> +
            ...
 |  548> = (-0.7071068, 0.0000007)|   0, 0, 0;1,  0;0,  0> +
           (-0.7071068, 0.0000007)|   0, 0, 0;0,  0;1,  0> +
           ( 0.0000438,-0.0000000)|   0, 0, 0;2,  0;0,  0> +
           (-0.0000438, 0.0000000)|   0, 0, 0;0,  0;2,  0> +
            ...
 |  549> = ( 0.7071068,-0.0000000)|   0, 0, 0;0,  0;1,  0> +
           (-0.7071068,-0.0000000)|   0, 0, 0;1,  0;0,  0> +
           (-0.0001958, 0.0000000)|   0, 0, 0;1,  0;1,  0> +
           (-0.0001958, 0.0000000)|   0, 0, 0;0,  0;0,  0> +
           ( 0.0000438,-0.0000000)|   0, 0, 0;0,  0;2,  0> +
           ( 0.0000438, 0.0000000)|   0, 0, 0;2,  0;0,  0> +
            ...
 |  550> = (-0.5523617, 0.0104601)|   1, 0, 0;0,  0;1, -1> +
           ( 0.5523599,-0.0104600)|   1, 0, 0;1, -1;0,  0> +
           ( 0.4411065,-0.0146432)|   1, 0, 0;1,  1;0,  0> +
           (-0.4411036, 0.0146432)|   1, 0, 0;0,  0;1,  1> +
           ( 0.0000765,-0.0000014)|   1, 0, 0;1,  0;1, -1> +
           ( 0.0000765,-0.0000014)|   1, 0, 0;1, -1;1,  0> +
           ( 0.0000611,-0.0000020)|   1, 0, 0;1,  1;1,  0> +
           ( 0.0000611,-0.0000020)|   1, 0, 0;1,  0;1,  1> +
           (-0.0000296, 0.0000006)|   1, 0, 0;0,  0;2, -1> +
           (-0.0000296, 0.0000006)|   1, 0, 0;2, -1;0,  0> +
           (-0.0000237, 0.0000008)|   1, 0, 0;2,  1;0,  0> +
           (-0.0000237, 0.0000008)|   1, 0, 0;0,  0;2,  1> +
            ...
 |  551> = (-0.5524445, 0.0041561)|   1, 0, 0;0,  0;1,  1> +
           ( 0.5524439,-0.0041561)|   1, 0, 0;1,  1;0,  0> +
           (-0.4413392,-0.0029688)|   1, 0, 0;1, -1;0,  0> +
           ( 0.4413370, 0.0029688)|   1, 0, 0;0,  0;1, -1> +
           ( 0.0000765,-0.0000006)|   1, 0, 0;1,  0;1,  1> +
           ( 0.0000765,-0.0000006)|   1, 0, 0;1,  1;1,  0> +
           (-0.0000611,-0.0000004)|   1, 0, 0;1, -1;1,  0> +
           (-0.0000611,-0.0000004)|   1, 0, 0;1,  0;1, -1> +
           (-0.0000296, 0.0000002)|   1, 0, 0;0,  0;2,  1> +
           (-0.0000296, 0.0000002)|   1, 0, 0;2,  1;0,  0> +
           ( 0.0000237, 0.0000002)|   1, 0, 0;2, -1;0,  0> +
           ( 0.0000237, 0.0000002)|   1, 0, 0;0,  0;2, -1> +
            ...
 |  552> = (-0.5600872, 0.0003331)|   1, 0, 0;0,  0;1, -1> +
           (-0.5600856, 0.0003331)|   1, 0, 0;1, -1;0,  0> +
           (-0.4316290,-0.0003918)|   1, 0, 0;1,  1;0,  0> +
           (-0.4316275,-0.0003918)|   1, 0, 0;0,  0;1,  1> +
           ( 0.0000775,-0.0000000)|   1, 0, 0;1,  0;1, -1> +
           (-0.0000775, 0.0000000)|   1, 0, 0;1, -1;1,  0> +
           (-0.0000598,-0.0000001)|   1, 0, 0;1,  1;1,  0> +
           ( 0.0000598, 0.0000001)|   1, 0, 0;1,  0;1,  1> +
           (-0.0000300, 0.0000000)|   1, 0, 0;0,  0;2, -1> +
           ( 0.0000300,-0.0000000)|   1, 0, 0;2, -1;0,  0> +
           ( 0.0000231, 0.0000000)|   1, 0, 0;2,  1;0,  0> +
           (-0.0000231,-0.0000000)|   1, 0, 0;0,  0;2,  1> +
            ...
 |  553> = ( 0.5600286,-0.0081522)|   1, 0, 0;0,  0;1,  1> +
           ( 0.5600258,-0.0081521)|   1, 0, 0;1,  1;0,  0> +
           (-0.4315738, 0.0069309)|   1, 0, 0;1, -1;0,  0> +
           (-0.4315717, 0.0069308)|   1, 0, 0;0,  0;1, -1> +
           (-0.0000775, 0.0000011)|   1, 0, 0;1,  0;1,  1> +
           ( 0.0000775,-0.0000011)|   1, 0, 0;1,  1;1,  0> +
           (-0.0000598, 0.0000010)|   1, 0, 0;1, -1;1,  0> +
           ( 0.0000598,-0.0000010)|   1, 0, 0;1,  0;1, -1> +
           ( 0.0000300,-0.0000004)|   1, 0, 0;0,  0;2,  1> +
           (-0.0000300, 0.0000004)|   1, 0, 0;2,  1;0,  0> +
           ( 0.0000231,-0.0000004)|   1, 0, 0;2, -1;0,  0> +
           (-0.0000231, 0.0000004)|   1, 0, 0;0,  0;2, -1> +
            ...
 |  554> = ( 0.7071068, 0.0000000)|   1, 0, 0;0,  0;1,  0> +
           ( 0.7071068, 0.0000000)|   1, 0, 0;1,  0;0,  0> +
           ( 0.0000438, 0.0000000)|   1, 0, 0;0,  0;2,  0> +
           (-0.0000438,-0.0000000)|   1, 0, 0;2,  0;0,  0> +
            ...
 |  555> = ( 0.7071068, 0.0000000)|   1, 0, 0;1,  0;0,  0> +
           (-0.7071067, 0.0000000)|   1, 0, 0;0,  0;1,  0> +
           ( 0.0001958,-0.0000000)|   1, 0, 0;1,  0;1,  0> +
           ( 0.0001958,-0.0000000)|   1, 0, 0;0,  0;0,  0> +
           (-0.0000438,-0.0000000)|   1, 0, 0;2,  0;0,  0> +
           (-0.0000438, 0.0000000)|   1, 0, 0;0,  0;2,  0> +
            ...
 |  556> = ( 0.7071060,-0.0000000)|   2, 0, 0;1, -1;0,  0> +
           (-0.7071058, 0.0000000)|   2, 0, 0;0,  0;1, -1> +
           ( 0.0011132, 0.0000002)|   2, 0, 0;0,  0;1,  1> +
           (-0.0011132,-0.0000002)|   2, 0, 0;1,  1;0,  0> +
           ( 0.0000979,-0.0000000)|   2, 0, 0;1, -1;1,  0> +
           ( 0.0000979,-0.0000000)|   2, 0, 0;1,  0;1, -1> +
           (-0.0000379, 0.0000000)|   2, 0, 0;2, -1;0,  0> +
           (-0.0000379, 0.0000000)|   2, 0, 0;0,  0;2, -1> +
            ...
 |  557> = ( 0.7058290,-0.0424767)|   2, 0, 0;1,  1;0,  0> +
           (-0.7058289, 0.0424767)|   2, 0, 0;0,  0;1,  1> +
           (-0.0011112, 0.0000671)|   2, 0, 0;0,  0;1, -1> +
           ( 0.0011112,-0.0000671)|   2, 0, 0;1, -1;0,  0> +
           ( 0.0000977,-0.0000059)|   2, 0, 0;1,  1;1,  0> +
           ( 0.0000977,-0.0000059)|   2, 0, 0;1,  0;1,  1> +
           (-0.0000378, 0.0000023)|   2, 0, 0;2,  1;0,  0> +
           (-0.0000378, 0.0000023)|   2, 0, 0;0,  0;2,  1> +
            ...
 |  558> = (-0.7071060, 0.0000000)|   2, 0, 0;0,  0;1, -1> +
           (-0.7071058, 0.0000000)|   2, 0, 0;1, -1;0,  0> +
           ( 0.0011188,-0.0000000)|   2, 0, 0;0,  0;1,  1> +
           ( 0.0011188,-0.0000000)|   2, 0, 0;1,  1;0,  0> +
           ( 0.0000979,-0.0000000)|   2, 0, 0;1,  0;1, -1> +
           (-0.0000979, 0.0000000)|   2, 0, 0;1, -1;1,  0> +
           (-0.0000379, 0.0000000)|   2, 0, 0;0,  0;2, -1> +
           ( 0.0000379,-0.0000000)|   2, 0, 0;2, -1;0,  0> +
            ...
 |  559> = ( 0.7070593, 0.0081224)|   2, 0, 0;0,  0;1,  1> +
           ( 0.7070592, 0.0081224)|   2, 0, 0;1,  1;0,  0> +
           ( 0.0011188, 0.0000129)|   2, 0, 0;0,  0;1, -1> +
           ( 0.0011188, 0.0000129)|   2, 0, 0;1, -1;0,  0> +
           (-0.0000979,-0.0000011)|   2, 0, 0;1,  0;1,  1> +
           ( 0.0000979, 0.0000011)|   2, 0, 0;1,  1;1,  0> +
           ( 0.0000379, 0.0000004)|   2, 0, 0;0,  0;2,  1> +
           (-0.0000379,-0.0000004)|   2, 0, 0;2,  1;0,  0> +
            ...
 |  560> = ( 0.7071068,-0.0000000)|   2, 0, 0;0,  0;1,  0> +
           ( 0.7071068,-0.0000000)|   2, 0, 0;1,  0;0,  0> +
           ( 0.0000438,-0.0000000)|   2, 0, 0;0,  0;2,  0> +
           (-0.0000438, 0.0000000)|   2, 0, 0;2,  0;0,  0> +
            ...
 |  561> = ( 0.7071068,-0.0000000)|   2, 0, 0;1,  0;0,  0> +
           (-0.7071067,-0.0000000)|   2, 0, 0;0,  0;1,  0> +
           ( 0.0001958,-0.0000000)|   2, 0, 0;1,  0;1,  0> +
           ( 0.0001958,-0.0000000)|   2, 0, 0;0,  0;0,  0> +
           (-0.0000438, 0.0000000)|   2, 0, 0;2,  0;0,  0> +
           (-0.0000438,-0.0000000)|   2, 0, 0;0,  0;2,  0> +
            ...
 |  562> = ( 0.7069438,-0.0151981)|   3, 0, 0;0,  0;1,  1> +
           (-0.7069428, 0.0151981)|   3, 0, 0;1,  1;0,  0> +
           ( 0.0004024,-0.0000087)|   3, 0, 0;0,  0;1, -1> +
           (-0.0004024, 0.0000087)|   3, 0, 0;1, -1;0,  0> +
           (-0.0000979, 0.0000021)|   3, 0, 0;1,  0;1,  1> +
           (-0.0000979, 0.0000021)|   3, 0, 0;1,  1;1,  0> +
           ( 0.0000379,-0.0000008)|   3, 0, 0;0,  0;2,  1> +
           ( 0.0000379,-0.0000008)|   3, 0, 0;2,  1;0,  0> +
            ...
 |  563> = (-0.7071070, 0.0000000)|   3, 0, 0;1, -1;0,  0> +
           ( 0.7071063,-0.0000000)|   3, 0, 0;0,  0;1, -1> +
           (-0.0004025,-0.0000000)|   3, 0, 0;0,  0;1,  1> +
           ( 0.0004025, 0.0000000)|   3, 0, 0;1,  1;0,  0> +
           (-0.0000979, 0.0000000)|   3, 0, 0;1, -1;1,  0> +
           (-0.0000979, 0.0000000)|   3, 0, 0;1,  0;1, -1> +
           ( 0.0000379,-0.0000000)|   3, 0, 0;2, -1;0,  0> +
           ( 0.0000379,-0.0000000)|   3, 0, 0;0,  0;2, -1> +
            ...
 |  564> = (-0.7070994,-0.0033087)|   3, 0, 0;1,  1;0,  0> +
           (-0.7070985,-0.0033088)|   3, 0, 0;0,  0;1,  1> +
           (-0.0004003,-0.0000019)|   3, 0, 0;0,  0;1, -1> +
           (-0.0004003,-0.0000019)|   3, 0, 0;1, -1;0,  0> +
           (-0.0000979,-0.0000005)|   3, 0, 0;1,  1;1,  0> +
           ( 0.0000979, 0.0000005)|   3, 0, 0;1,  0;1,  1> +
           ( 0.0000379, 0.0000002)|   3, 0, 0;2,  1;0,  0> +
           (-0.0000379,-0.0000002)|   3, 0, 0;0,  0;2,  1> +
            ...
 |  565> = ( 0.7071070,-0.0000000)|   3, 0, 0;0,  0;1, -1> +
           ( 0.7071063,-0.0000000)|   3, 0, 0;1, -1;0,  0> +
           (-0.0004003, 0.0000000)|   3, 0, 0;0,  0;1,  1> +
           (-0.0004003, 0.0000000)|   3, 0, 0;1,  1;0,  0> +
           (-0.0000979, 0.0000000)|   3, 0, 0;1,  0;1, -1> +
           ( 0.0000979,-0.0000000)|   3, 0, 0;1, -1;1,  0> +
           ( 0.0000379,-0.0000000)|   3, 0, 0;0,  0;2, -1> +
           (-0.0000379, 0.0000000)|   3, 0, 0;2, -1;0,  0> +
            ...
 |  566> = ( 0.7071068,-0.0000825)|   3, 0, 0;0,  0;1,  0> +
           ( 0.7071068,-0.0000825)|   3, 0, 0;1,  0;0,  0> +
           ( 0.0000438,-0.0000000)|   3, 0, 0;0,  0;2,  0> +
           (-0.0000438, 0.0000000)|   3, 0, 0;2,  0;0,  0> +
            ...
 |  567> = (-0.7071068, 0.0000000)|   3, 0, 0;1,  0;0,  0> +
           ( 0.7071067, 0.0000000)|   3, 0, 0;0,  0;1,  0> +
           (-0.0001958,-0.0000000)|   3, 0, 0;1,  0;1,  0> +
           (-0.0001958,-0.0000000)|   3, 0, 0;0,  0;0,  0> +
           ( 0.0000438,-0.0000000)|   3, 0, 0;2,  0;0,  0> +
           ( 0.0000438, 0.0000000)|   3, 0, 0;0,  0;2,  0> +
            ...
 |  568> = ( 0.7070989,-0.0035267)|   4, 0, 0;1,  1;0,  0> +
           (-0.7070971, 0.0035268)|   4, 0, 0;0,  0;1,  1> +
           ( 0.0000979,-0.0000005)|   4, 0, 0;1,  1;1,  0> +
           ( 0.0000979,-0.0000005)|   4, 0, 0;1,  0;1,  1> +
           (-0.0000828, 0.0000004)|   4, 0, 0;1, -1;0,  0> +
           ( 0.0000828,-0.0000004)|   4, 0, 0;0,  0;1, -1> +
           (-0.0000379, 0.0000002)|   4, 0, 0;2,  1;0,  0> +
           (-0.0000379, 0.0000002)|   4, 0, 0;0,  0;2,  1> +
            ...
 |  569> = (-0.7071069,-0.0000000)|   4, 0, 0;1, -1;0,  0> +
           ( 0.7071067, 0.0000000)|   4, 0, 0;0,  0;1, -1> +
           (-0.0000979,-0.0000000)|   4, 0, 0;1, -1;1,  0> +
           (-0.0000979,-0.0000000)|   4, 0, 0;1,  0;1, -1> +
           ( 0.0000828, 0.0000000)|   4, 0, 0;0,  0;1,  1> +
           (-0.0000828,-0.0000000)|   4, 0, 0;1,  1;0,  0> +
           ( 0.0000379, 0.0000000)|   4, 0, 0;2, -1;0,  0> +
           ( 0.0000379, 0.0000000)|   4, 0, 0;0,  0;2, -1> +
            ...
 |  570> = (-0.7071069,-0.0000000)|   4, 0, 0;0,  0;1, -1> +
           (-0.7071067,-0.0000000)|   4, 0, 0;1, -1;0,  0> +
           ( 0.0000979, 0.0000000)|   4, 0, 0;1,  0;1, -1> +
           (-0.0000979,-0.0000000)|   4, 0, 0;1, -1;1,  0> +
           (-0.0000825, 0.0000000)|   4, 0, 0;1,  1;0,  0> +
           (-0.0000825, 0.0000000)|   4, 0, 0;0,  0;1,  1> +
           (-0.0000379,-0.0000000)|   4, 0, 0;0,  0;2, -1> +
           ( 0.0000379, 0.0000000)|   4, 0, 0;2, -1;0,  0> +
            ...
 |  571> = ( 0.7068071, 0.0206170)|   4, 0, 0;0,  0;1,  1> +
           ( 0.7068052, 0.0206170)|   4, 0, 0;1,  1;0,  0> +
           (-0.0000979,-0.0000029)|   4, 0, 0;1,  0;1,  1> +
           ( 0.0000979, 0.0000029)|   4, 0, 0;1,  1;1,  0> +
           (-0.0000824,-0.0000024)|   4, 0, 0;0,  0;1, -1> +
           (-0.0000824,-0.0000024)|   4, 0, 0;1, -1;0,  0> +
           ( 0.0000379, 0.0000011)|   4, 0, 0;0,  0;2,  1> +
           (-0.0000379,-0.0000011)|   4, 0, 0;2,  1;0,  0> +
            ...
 |  572> = ( 0.7070765,-0.0065433)|   4, 0, 0;1,  0;0,  0> +
           ( 0.7070765,-0.0065433)|   4, 0, 0;0,  0;1,  0> +
           (-0.0000438, 0.0000004)|   4, 0, 0;2,  0;0,  0> +
           ( 0.0000438,-0.0000004)|   4, 0, 0;0,  0;2,  0> +
            ...
 |  573> = ( 0.7071068,-0.0000000)|   4, 0, 0;0,  0;1,  0> +
           (-0.7071068,-0.0000000)|   4, 0, 0;1,  0;0,  0> +
           (-0.0001958,-0.0000000)|   4, 0, 0;1,  0;1,  0> +
           (-0.0001958,-0.0000000)|   4, 0, 0;0,  0;0,  0> +
           ( 0.0000438,-0.0000000)|   4, 0, 0;0,  0;2,  0> +
           ( 0.0000438, 0.0000000)|   4, 0, 0;2,  0;0,  0> +
            ...
 |  574> = (-0.7052262, 0.0404250)|   5, 0, 0;0,  0;1,  1> +
           ( 0.7052200,-0.0404246)|   5, 0, 0;1,  1;0,  0> +
           ( 0.0319836,-0.0018209)|   5, 0, 0;0,  0;1, -1> +
           (-0.0319832, 0.0018208)|   5, 0, 0;1, -1;0,  0> +
           ( 0.0000976,-0.0000056)|   5, 0, 0;1,  0;1,  1> +
           ( 0.0000976,-0.0000056)|   5, 0, 0;1,  1;1,  0> +
           (-0.0000378, 0.0000022)|   5, 0, 0;0,  0;2,  1> +
           (-0.0000378, 0.0000022)|   5, 0, 0;2,  1;0,  0> +
            ...
 |  575> = ( 0.7063817,-0.0000763)|   5, 0, 0;1, -1;0,  0> +
           (-0.7063798, 0.0000763)|   5, 0, 0;0,  0;1, -1> +
           ( 0.0320352,-0.0000159)|   5, 0, 0;1,  1;0,  0> +
           (-0.0320351, 0.0000159)|   5, 0, 0;0,  0;1,  1> +
           ( 0.0000978,-0.0000000)|   5, 0, 0;1, -1;1,  0> +
           ( 0.0000978,-0.0000000)|   5, 0, 0;1,  0;1, -1> +
           (-0.0000379, 0.0000000)|   5, 0, 0;2, -1;0,  0> +
           (-0.0000379, 0.0000000)|   5, 0, 0;0,  0;2, -1> +
            ...
 |  576> = ( 0.7059257, 0.0000330)|   5, 0, 0;0,  0;1, -1> +
           ( 0.7059237, 0.0000330)|   5, 0, 0;1, -1;0,  0> +
           ( 0.0408691,-0.0000121)|   5, 0, 0;0,  0;1,  1> +
           ( 0.0408690,-0.0000121)|   5, 0, 0;1,  1;0,  0> +
           (-0.0000977,-0.0000000)|   5, 0, 0;1,  0;1, -1> +
           ( 0.0000977, 0.0000000)|   5, 0, 0;1, -1;1,  0> +
           ( 0.0000379, 0.0000000)|   5, 0, 0;0,  0;2, -1> +
           (-0.0000379,-0.0000000)|   5, 0, 0;2, -1;0,  0> +
            ...
 |  577> = ( 0.7043453,-0.0472410)|   5, 0, 0;1,  1;0,  0> +
           ( 0.7043392,-0.0472406)|   5, 0, 0;0,  0;1,  1> +
           (-0.0407785, 0.0027210)|   5, 0, 0;1, -1;0,  0> +
           (-0.0407782, 0.0027210)|   5, 0, 0;0,  0;1, -1> +
           ( 0.0000975,-0.0000065)|   5, 0, 0;1,  1;1,  0> +
           (-0.0000975, 0.0000065)|   5, 0, 0;1,  0;1,  1> +
           (-0.0000378, 0.0000025)|   5, 0, 0;2,  1;0,  0> +
           ( 0.0000378,-0.0000025)|   5, 0, 0;0,  0;2,  1> +
            ...
 |  578> = ( 0.6979547, 0.1133985)|   5, 0, 0;0,  0;1,  0> +
           ( 0.6979547, 0.1133985)|   5, 0, 0;1,  0;0,  0> +
           ( 0.0000432, 0.0000070)|   5, 0, 0;0,  0;2,  0> +
           (-0.0000432,-0.0000070)|   5, 0, 0;2,  0;0,  0> +
            ...
 |  579> = (-0.7071068,-0.0000059)|   5, 0, 0;1,  0;0,  0> +
           ( 0.7071067, 0.0000059)|   5, 0, 0;0,  0;1,  0> +
           (-0.0001958,-0.0000000)|   5, 0, 0;1,  0;1,  0> +
           (-0.0001958,-0.0000000)|   5, 0, 0;0,  0;0,  0> +
           ( 0.0000438, 0.0000000)|   5, 0, 0;2,  0;0,  0> +
           ( 0.0000438, 0.0000000)|   5, 0, 0;0,  0;2,  0> +
            ...
 |  580> = (-0.5167749, 0.0064393)|   0, 1, 0;1, -1;0,  0> +
           ( 0.5167746,-0.0064394)|   0, 1, 0;0,  0;1, -1> +
           (-0.4062129,-0.0663817)|   0, 1, 0;1,  1;0,  0> +
           ( 0.4062128, 0.0663817)|   0, 1, 0;0,  0;1,  1> +
           (-0.0398342, 0.2022524)|   0, 0, 1;0,  0;1,  1> +
           ( 0.0398342,-0.2022523)|   0, 0, 1;1,  1;0,  0> +
           ( 0.1126554,-0.0911211)|   0, 0, 1;0,  0;1, -1> +
           (-0.1126551, 0.0911211)|   0, 0, 1;1, -1;0,  0> +
           (-0.0000715, 0.0000009)|   0, 1, 0;1, -1;1,  0> +
           (-0.0000715, 0.0000009)|   0, 1, 0;1,  0;1, -1> +
           (-0.0000562,-0.0000092)|   0, 1, 0;1,  1;1,  0> +
           (-0.0000562,-0.0000092)|   0, 1, 0;1,  0;1,  1> +
           ( 0.0000055,-0.0000280)|   0, 0, 1;1,  0;1,  1> +
           ( 0.0000055,-0.0000280)|   0, 0, 1;1,  1;1,  0> +
           ( 0.0000277,-0.0000003)|   0, 1, 0;2, -1;0,  0> +
           ( 0.0000277,-0.0000003)|   0, 1, 0;0,  0;2, -1> +
           ( 0.0000218, 0.0000036)|   0, 1, 0;2,  1;0,  0> +
           ( 0.0000218, 0.0000036)|   0, 1, 0;0,  0;2,  1> +
           (-0.0000156, 0.0000126)|   0, 0, 1;1,  0;1, -1> +
           (-0.0000156, 0.0000126)|   0, 0, 1;1, -1;1,  0> +
           (-0.0000021, 0.0000108)|   0, 0, 1;0,  0;2,  1> +
           (-0.0000021, 0.0000108)|   0, 0, 1;2,  1;0,  0> +
            ...
 |  581> = (-0.1968649, 0.5062076)|   0, 0, 1;1, -1;0,  0> +
           ( 0.1968652,-0.5062073)|   0, 0, 1;0,  0;1, -1> +
           ( 0.3277016, 0.0112526)|   0, 1, 0;1, -1;0,  0> +
           (-0.3277015,-0.0112527)|   0, 1, 0;0,  0;1, -1> +
           (-0.2670070,-0.1160003)|   0, 1, 0;1,  1;0,  0> +
           ( 0.2670070, 0.1160004)|   0, 1, 0;0,  0;1,  1> +
           (-0.0696121,-0.0888175)|   0, 0, 1;0,  0;1,  1> +
           ( 0.0696119, 0.0888175)|   0, 0, 1;1,  1;0,  0> +
           (-0.0000273, 0.0000701)|   0, 0, 1;1, -1;1,  0> +
           (-0.0000273, 0.0000701)|   0, 0, 1;1,  0;1, -1> +
           ( 0.0000454, 0.0000016)|   0, 1, 0;1, -1;1,  0> +
           ( 0.0000454, 0.0000016)|   0, 1, 0;1,  0;1, -1> +
           (-0.0000370,-0.0000161)|   0, 1, 0;1,  1;1,  0> +
           (-0.0000370,-0.0000161)|   0, 1, 0;1,  0;1,  1> +
           ( 0.0000106,-0.0000271)|   0, 0, 1;2, -1;0,  0> +
           ( 0.0000106,-0.0000271)|   0, 0, 1;0,  0;2, -1> +
           (-0.0000176,-0.0000006)|   0, 1, 0;2, -1;0,  0> +
           (-0.0000176,-0.0000006)|   0, 1, 0;0,  0;2, -1> +
           ( 0.0000096, 0.0000123)|   0, 0, 1;1,  0;1,  1> +
           ( 0.0000096, 0.0000123)|   0, 0, 1;1,  1;1,  0> +
           ( 0.0000143, 0.0000062)|   0, 1, 0;2,  1;0,  0> +
           ( 0.0000143, 0.0000062)|   0, 1, 0;0,  0;2,  1> +
            ...
 |  582> = (-0.3538348, 0.0000001)|   0, 1, 0;0,  0;1, -1> +
           ( 0.3538348,-0.0000001)|   0, 1, 0;1, -1;0,  0> +
           (-0.0000013, 0.3534768)|   0, 0, 1;0,  0;1, -1> +
           ( 0.0000013,-0.3534768)|   0, 0, 1;1, -1;0,  0> +
           ( 0.0000005, 0.3534521)|   0, 0, 1;0,  0;1,  1> +
           (-0.0000005,-0.3534521)|   0, 0, 1;1,  1;0,  0> +
           ( 0.3534497,-0.0000008)|   0, 1, 0;0,  0;1,  1> +
           (-0.3534496, 0.0000008)|   0, 1, 0;1,  1;0,  0> +
           ( 0.0000490,-0.0000000)|   0, 1, 0;1,  0;1, -1> +
           ( 0.0000490,-0.0000000)|   0, 1, 0;1, -1;1,  0> +
           ( 0.0000000,-0.0000489)|   0, 0, 1;1,  0;1, -1> +
           ( 0.0000000,-0.0000489)|   0, 0, 1;1, -1;1,  0> +
           (-0.0000000,-0.0000489)|   0, 0, 1;1,  0;1,  1> +
           (-0.0000000,-0.0000489)|   0, 0, 1;1,  1;1,  0> +
           (-0.0000489, 0.0000000)|   0, 1, 0;1,  0;1,  1> +
           (-0.0000489, 0.0000000)|   0, 1, 0;1,  1;1,  0> +
           (-0.0000190, 0.0000000)|   0, 1, 0;0,  0;2, -1> +
           (-0.0000190, 0.0000000)|   0, 1, 0;2, -1;0,  0> +
           (-0.0000000, 0.0000190)|   0, 0, 1;0,  0;2, -1> +
           (-0.0000000, 0.0000190)|   0, 0, 1;2, -1;0,  0> +
           ( 0.0000000, 0.0000190)|   0, 0, 1;0,  0;2,  1> +
           ( 0.0000000, 0.0000190)|   0, 0, 1;2,  1;0,  0> +
           ( 0.0000190,-0.0000000)|   0, 1, 0;0,  0;2,  1> +
           ( 0.0000190,-0.0000000)|   0, 1, 0;2,  1;0,  0> +
            ...
 |  583> = ( 0.0286600,-0.5648213)|   0, 0, 1;1,  1;0,  0> +
           (-0.0286602, 0.5648212)|   0, 0, 1;0,  0;1,  1> +
           (-0.3455829, 0.0384914)|   0, 1, 0;0,  0;1,  1> +
           ( 0.3455829,-0.0384913)|   0, 1, 0;1,  1;0,  0> +
           ( 0.0712224,-0.2323476)|   0, 0, 1;0,  0;1, -1> +
           (-0.0712222, 0.2323475)|   0, 0, 1;1, -1;0,  0> +
           ( 0.0131092, 0.0040708)|   0, 1, 0;1, -1;0,  0> +
           (-0.0131092,-0.0040708)|   0, 1, 0;0,  0;1, -1> +
           ( 0.0000040,-0.0000782)|   0, 0, 1;1,  1;1,  0> +
           ( 0.0000040,-0.0000782)|   0, 0, 1;1,  0;1,  1> +
           ( 0.0000478,-0.0000053)|   0, 1, 0;1,  0;1,  1> +
           ( 0.0000478,-0.0000053)|   0, 1, 0;1,  1;1,  0> +
           (-0.0000099, 0.0000322)|   0, 0, 1;1,  0;1, -1> +
           (-0.0000099, 0.0000322)|   0, 0, 1;1, -1;1,  0> +
           (-0.0000015, 0.0000303)|   0, 0, 1;2,  1;0,  0> +
           (-0.0000015, 0.0000303)|   0, 0, 1;0,  0;2,  1> +
           (-0.0000185, 0.0000021)|   0, 1, 0;0,  0;2,  1> +
           (-0.0000185, 0.0000021)|   0, 1, 0;2,  1;0,  0> +
           ( 0.0000038,-0.0000125)|   0, 0, 1;0,  0;2, -1> +
           ( 0.0000038,-0.0000125)|   0, 0, 1;2, -1;0,  0> +
            ...
 |  584> = ( 0.0419635,-0.6676549)|   0, 0, 1;0,  0;1, -1> +
           ( 0.0419630,-0.6676549)|   0, 0, 1;1, -1;0,  0> +
           (-0.1805030,-0.0184350)|   0, 1, 0;0,  0;1, -1> +
           (-0.1805028,-0.0184350)|   0, 1, 0;1, -1;0,  0> +
           ( 0.1080124,-0.0145516)|   0, 1, 0;1,  1;0,  0> +
           ( 0.1080125,-0.0145514)|   0, 1, 0;0,  0;1,  1> +
           (-0.0252509, 0.0838976)|   0, 0, 1;1,  1;0,  0> +
           (-0.0252511, 0.0838974)|   0, 0, 1;0,  0;1,  1> +
           (-0.0000058, 0.0000924)|   0, 0, 1;1,  0;1, -1> +
           ( 0.0000058,-0.0000924)|   0, 0, 1;1, -1;1,  0> +
           ( 0.0000023,-0.0000358)|   0, 0, 1;0,  0;2, -1> +
           (-0.0000023, 0.0000358)|   0, 0, 1;2, -1;0,  0> +
           ( 0.0000250, 0.0000026)|   0, 1, 0;1,  0;1, -1> +
           (-0.0000250,-0.0000026)|   0, 1, 0;1, -1;1,  0> +
           ( 0.0000150,-0.0000020)|   0, 1, 0;1,  1;1,  0> +
           (-0.0000150, 0.0000020)|   0, 1, 0;1,  0;1,  1> +
           (-0.0000035, 0.0000116)|   0, 0, 1;1,  1;1,  0> +
           ( 0.0000035,-0.0000116)|   0, 0, 1;1,  0;1,  1> +
            ...
 |  585> = (-0.4983523,-0.0246523)|   0, 1, 0;0,  0;1,  1> +
           (-0.4983521,-0.0246523)|   0, 1, 0;1,  1;0,  0> +
           (-0.4867682,-0.0056651)|   0, 1, 0;0,  0;1, -1> +
           (-0.4867679,-0.0056651)|   0, 1, 0;1, -1;0,  0> +
           (-0.0357497, 0.0895214)|   0, 0, 1;1,  1;0,  0> +
           (-0.0357497, 0.0895213)|   0, 0, 1;0,  0;1,  1> +
           ( 0.0215274, 0.0656247)|   0, 0, 1;0,  0;1, -1> +
           ( 0.0215274, 0.0656247)|   0, 0, 1;1, -1;0,  0> +
           ( 0.0000690, 0.0000034)|   0, 1, 0;1,  0;1,  1> +
           (-0.0000690,-0.0000034)|   0, 1, 0;1,  1;1,  0> +
           ( 0.0000674, 0.0000008)|   0, 1, 0;1,  0;1, -1> +
           (-0.0000674,-0.0000008)|   0, 1, 0;1, -1;1,  0> +
           (-0.0000267,-0.0000013)|   0, 1, 0;0,  0;2,  1> +
           ( 0.0000267, 0.0000013)|   0, 1, 0;2,  1;0,  0> +
           (-0.0000261,-0.0000003)|   0, 1, 0;0,  0;2, -1> +
           ( 0.0000261, 0.0000003)|   0, 1, 0;2, -1;0,  0> +
           (-0.0000049, 0.0000124)|   0, 0, 1;1,  1;1,  0> +
           ( 0.0000049,-0.0000124)|   0, 0, 1;1,  0;1,  1> +
            ...
 |  586> = (-0.4845083,-0.0190850)|   0, 1, 0;1,  1;0,  0> +
           (-0.4845082,-0.0190850)|   0, 1, 0;0,  0;1,  1> +
           ( 0.4722001,-0.0069226)|   0, 1, 0;0,  0;1, -1> +
           ( 0.4722000,-0.0069226)|   0, 1, 0;1, -1;0,  0> +
           ( 0.0095168,-0.2035918)|   0, 0, 1;1, -1;0,  0> +
           ( 0.0095168,-0.2035917)|   0, 0, 1;0,  0;1, -1> +
           (-0.0174567, 0.0046711)|   0, 0, 1;0,  0;1,  1> +
           (-0.0174567, 0.0046711)|   0, 0, 1;1,  1;0,  0> +
           (-0.0000671,-0.0000026)|   0, 1, 0;1,  1;1,  0> +
           ( 0.0000671, 0.0000026)|   0, 1, 0;1,  0;1,  1> +
           (-0.0000654, 0.0000010)|   0, 1, 0;1,  0;1, -1> +
           ( 0.0000654,-0.0000010)|   0, 1, 0;1, -1;1,  0> +
           ( 0.0000013,-0.0000282)|   0, 0, 1;1, -1;1,  0> +
           (-0.0000013, 0.0000282)|   0, 0, 1;1,  0;1, -1> +
           ( 0.0000260, 0.0000010)|   0, 1, 0;2,  1;0,  0> +
           (-0.0000260,-0.0000010)|   0, 1, 0;0,  0;2,  1> +
           ( 0.0000253,-0.0000004)|   0, 1, 0;0,  0;2, -1> +
           (-0.0000253, 0.0000004)|   0, 1, 0;2, -1;0,  0> +
           (-0.0000005, 0.0000109)|   0, 0, 1;2, -1;0,  0> +
           ( 0.0000005,-0.0000109)|   0, 0, 1;0,  0;2, -1> +
            ...
 |  587> = (-0.0203241, 0.6944724)|   0, 0, 1;0,  0;1,  1> +
           (-0.0203241, 0.6944723)|   0, 0, 1;1,  1;0,  0> +
           ( 0.0829322,-0.0143201)|   0, 1, 0;1, -1;0,  0> +
           ( 0.0829321,-0.0143202)|   0, 1, 0;0,  0;1, -1> +
           ( 0.0158562, 0.0769050)|   0, 0, 1;0,  0;1, -1> +
           ( 0.0158561, 0.0769050)|   0, 0, 1;1, -1;0,  0> +
           ( 0.0575232,-0.0271580)|   0, 1, 0;1,  1;0,  0> +
           ( 0.0575231,-0.0271579)|   0, 1, 0;0,  0;1,  1> +
           ( 0.0000028,-0.0000961)|   0, 0, 1;1,  0;1,  1> +
           (-0.0000028, 0.0000961)|   0, 0, 1;1,  1;1,  0> +
           (-0.0000011, 0.0000372)|   0, 0, 1;0,  0;2,  1> +
           ( 0.0000011,-0.0000372)|   0, 0, 1;2,  1;0,  0> +
           ( 0.0000115,-0.0000020)|   0, 1, 0;1, -1;1,  0> +
           (-0.0000115, 0.0000020)|   0, 1, 0;1,  0;1, -1> +
           (-0.0000022,-0.0000106)|   0, 0, 1;1,  0;1, -1> +
           ( 0.0000022, 0.0000106)|   0, 0, 1;1, -1;1,  0> +
            ...
 |  588> = (-0.6795622,-0.0007051)|   0, 1, 0;0,  0;1,  0> +
           (-0.6795620,-0.0007051)|   0, 1, 0;1,  0;0,  0> +
           (-0.1944479,-0.0196187)|   0, 0, 1;1,  0;0,  0> +
           (-0.1944479,-0.0196190)|   0, 0, 1;0,  0;1,  0> +
           (-0.0000421,-0.0000000)|   0, 1, 0;0,  0;2,  0> +
           ( 0.0000421, 0.0000000)|   0, 1, 0;2,  0;0,  0> +
           ( 0.0000120, 0.0000012)|   0, 0, 1;2,  0;0,  0> +
           (-0.0000120,-0.0000012)|   0, 0, 1;0,  0;2,  0> +
            ...
 |  589> = ( 0.6686151,-0.1214868)|   0, 0, 1;1,  0;0,  0> +
           ( 0.6686150,-0.1214866)|   0, 0, 1;0,  0;1,  0> +
           (-0.1878643, 0.0538698)|   0, 1, 0;0,  0;1,  0> +
           (-0.1878640, 0.0538697)|   0, 1, 0;1,  0;0,  0> +
           (-0.0000414, 0.0000075)|   0, 0, 1;2,  0;0,  0> +
           ( 0.0000414,-0.0000075)|   0, 0, 1;0,  0;2,  0> +
           (-0.0000116, 0.0000033)|   0, 1, 0;0,  0;2,  0> +
           ( 0.0000116,-0.0000033)|   0, 1, 0;2,  0;0,  0> +
            ...
 |  590> = (-0.0517824, 0.6294074)|   0, 0, 1;0,  0;1,  0> +
           ( 0.0517823,-0.6294073)|   0, 0, 1;1,  0;0,  0> +
           (-0.3169578, 0.0265111)|   0, 1, 0;1,  0;0,  0> +
           ( 0.3169574,-0.0265111)|   0, 1, 0;0,  0;1,  0> +
           ( 0.0000143,-0.0001743)|   0, 0, 1;1,  0;1,  0> +
           ( 0.0000143,-0.0001743)|   0, 0, 1;0,  0;0,  0> +
           (-0.0000878, 0.0000073)|   0, 1, 0;1,  0;1,  0> +
           (-0.0000878, 0.0000073)|   0, 1, 0;0,  0;0,  0> +
           (-0.0000032, 0.0000390)|   0, 0, 1;0,  0;2,  0> +
           (-0.0000032, 0.0000390)|   0, 0, 1;2,  0;0,  0> +
           ( 0.0000196,-0.0000016)|   0, 1, 0;2,  0;0,  0> +
           ( 0.0000196,-0.0000016)|   0, 1, 0;0,  0;2,  0> +
            ...
 |  591> = ( 0.6203016, 0.1185789)|   0, 1, 0;1,  0;0,  0> +
           (-0.6203015,-0.1185789)|   0, 1, 0;0,  0;1,  0> +
           (-0.1103831, 0.2982960)|   0, 0, 1;0,  0;1,  0> +
           ( 0.1103828,-0.2982961)|   0, 0, 1;1,  0;0,  0> +
           ( 0.0001718, 0.0000328)|   0, 1, 0;1,  0;1,  0> +
           ( 0.0001718, 0.0000328)|   0, 1, 0;0,  0;0,  0> +
           ( 0.0000306,-0.0000826)|   0, 0, 1;1,  0;1,  0> +
           ( 0.0000306,-0.0000826)|   0, 0, 1;0,  0;0,  0> +
           (-0.0000384,-0.0000073)|   0, 1, 0;2,  0;0,  0> +
           (-0.0000384,-0.0000073)|   0, 1, 0;0,  0;2,  0> +
           (-0.0000068, 0.0000185)|   0, 0, 1;0,  0;2,  0> +
           (-0.0000068, 0.0000185)|   0, 0, 1;2,  0;0,  0> +
            ...
 |  592> = ( 0.7071072,-0.0000006)|   6, 0, 0;0,  0;1, -1> +
           (-0.7071048, 0.0000006)|   6, 0, 0;1, -1;0,  0> +
           (-0.0010251,-0.0000003)|   6, 0, 0;0,  0;1,  1> +
           ( 0.0010251, 0.0000003)|   6, 0, 0;1,  1;0,  0> +
           (-0.0000979, 0.0000000)|   6, 0, 0;1,  0;1, -1> +
           (-0.0000979, 0.0000000)|   6, 0, 0;1, -1;1,  0> +
           ( 0.0000379,-0.0000000)|   6, 0, 0;0,  0;2, -1> +
           ( 0.0000379,-0.0000000)|   6, 0, 0;2, -1;0,  0> +
            ...
 |  593> = ( 0.7070830,-0.0061720)|   6, 0, 0;0,  0;1,  1> +
           (-0.7070752, 0.0061720)|   6, 0, 0;1,  1;0,  0> +
           ( 0.0010251,-0.0000092)|   6, 0, 0;0,  0;1, -1> +
           (-0.0010251, 0.0000092)|   6, 0, 0;1, -1;0,  0> +
           (-0.0000979, 0.0000009)|   6, 0, 0;1,  0;1,  1> +
           (-0.0000979, 0.0000009)|   6, 0, 0;1,  1;1,  0> +
           ( 0.0000379,-0.0000003)|   6, 0, 0;0,  0;2,  1> +
           ( 0.0000379,-0.0000003)|   6, 0, 0;2,  1;0,  0> +
            ...
