p2259
p2259
p2259
p2259
p2259
p2259
p2259
p2259
p2259
p2259
p2259
p2259
p2259
p2259
p2259
p2259
p2259
p2259
p2259
p2259
p2259
p2259
p2259
p2259
# Parameters of the model
#  mass:		  261.0000 u
#  charge:	    1.0000 e
#  dipole:	  75.00000 D
#  B:		    503.65 MHz
#  omega_rho:	    1.4000 MHz
#  omega_z:	  0.160000 MHz

# omega_1:	  0.277128 MHz
# omega_3/5:	   1.39083 MHz

# Basis truncation:	|34,4,4;2,2>
# Basis size:		44064

# Active terms of the Hamiltionian:
# 	Nomal modes:	1
# 	T_rot:      	1
# 	V_qd^{(0)}: 	1
# 	V_qd^{(1)}: 	1
# 	V_dd^{(0)}: 	1

# Results of the diagonalisation
# 100 smallest eigenvalues
 5.515636909 6.515636900 7.515636891 8.515636882 9.515636873 10.515636864 10.534351883 10.534351883 11.515636855 11.534351874 11.534351874 12.515636846 12.534351865 12.534351865 13.515636837 13.534351856 13.534351856 14.515636827 14.534351847 14.534351847 15.515636819 15.534351838 15.534351838 15.553066858 15.553066858 15.553066858 16.515636810 16.534351829 16.534351830 16.553066849 16.553066849 16.553066849 17.515636801 17.534351820 17.534351820 17.553066840 17.553066840 17.553066840 18.515636792 18.534351811 18.534351811 18.553066831 18.553066831 18.553066831 19.515636783 19.534351802 19.534351802 19.553066822 19.553066822 19.553066822 20.515636774 20.534351793 20.534351794 20.553066813 20.553066813 20.553066813 20.571781833 20.571781833 20.571781833 20.571781833 21.515636765 21.534351784 21.534351784 21.553066804 21.553066804 21.553066804 21.571781823 21.571781823 21.571781824 21.571781824 22.515636755 22.534351775 22.534351775 22.553066795 22.553066795 22.553066795 22.571781814 22.571781815 22.571781815 22.571781815 23.515636747 23.534351766 23.534351767 23.553066786 23.553066786 23.553066786 23.571781805 23.571781805 23.571781806 23.571781806 24.515636737 24.534351757 24.534351757 24.553066776 24.553066777 24.553066777 24.571781796 24.571781796 24.571781797 24.571781797

# Ground state and the lowest excitations:
 |    0> = ( 0.9999999, 0.0000000)|   0, 0, 0;0,  0;0,  0> +
           (-0.0002596,-0.0000000)|   0, 0, 0;1,  0;0,  0> +
           ( 0.0002596,-0.0000000)|   0, 0, 0;0,  0;1,  0> +
            ...
 |    1> = ( 0.9999999, 0.0000000)|   1, 0, 0;0,  0;0,  0> +
           ( 0.0002596,-0.0000000)|   1, 0, 0;0,  0;1,  0> +
           (-0.0002596,-0.0000000)|   1, 0, 0;1,  0;0,  0> +
           (-0.0000105,-0.0000000)|   2, 0, 0;0,  0;0,  0> +
            ...
 |    2> = ( 0.9999999,-0.0000000)|   2, 0, 0;0,  0;0,  0> +
           (-0.0002596,-0.0000000)|   2, 0, 0;1,  0;0,  0> +
           ( 0.0002596,-0.0000000)|   2, 0, 0;0,  0;1,  0> +
           (-0.0000129, 0.0000000)|   3, 0, 0;0,  0;0,  0> +
           ( 0.0000105, 0.0000000)|   1, 0, 0;0,  0;0,  0> +
            ...
 |    3> = ( 0.9999999,-0.0000000)|   3, 0, 0;0,  0;0,  0> +
           (-0.0002596,-0.0000000)|   3, 0, 0;1,  0;0,  0> +
           ( 0.0002596,-0.0000000)|   3, 0, 0;0,  0;1,  0> +
           (-0.0000149, 0.0000000)|   4, 0, 0;0,  0;0,  0> +
           ( 0.0000129,-0.0000000)|   2, 0, 0;0,  0;0,  0> +
            ...
 |    4> = (-0.9999999,-0.0000000)|   4, 0, 0;0,  0;0,  0> +
           (-0.0002596,-0.0000000)|   4, 0, 0;0,  0;1,  0> +
           ( 0.0002596, 0.0000000)|   4, 0, 0;1,  0;0,  0> +
           ( 0.0000166,-0.0000000)|   5, 0, 0;0,  0;0,  0> +
           (-0.0000149, 0.0000000)|   3, 0, 0;0,  0;0,  0> +
            ...
 |    5> = ( 0.9999999,-0.0000000)|   5, 0, 0;0,  0;0,  0> +
           ( 0.0002596,-0.0000000)|   5, 0, 0;0,  0;1,  0> +
           (-0.0002596, 0.0000000)|   5, 0, 0;1,  0;0,  0> +
           (-0.0000182, 0.0000000)|   6, 0, 0;0,  0;0,  0> +
           ( 0.0000167,-0.0000000)|   4, 0, 0;0,  0;0,  0> +
            ...
 |    6> = ( 0.0814997, 0.7048027)|   0, 1, 0;0,  0;0,  0> +
           ( 0.7020374, 0.0612715)|   0, 0, 1;0,  0;0,  0> +
           ( 0.0000212, 0.0001830)|   0, 1, 0;0,  0;1,  0> +
           (-0.0000212,-0.0001830)|   0, 1, 0;1,  0;0,  0> +
           (-0.0001822,-0.0000159)|   0, 0, 1;1,  0;0,  0> +
           ( 0.0001822, 0.0000159)|   0, 0, 1;0,  0;1,  0> +
            ...
 |    7> = (-0.0712176, 0.7059158)|   0, 0, 1;0,  0;0,  0> +
           ( 0.7010697,-0.0714981)|   0, 1, 0;0,  0;0,  0> +
           (-0.0000185, 0.0001833)|   0, 0, 1;0,  0;1,  0> +
           ( 0.0000185,-0.0001833)|   0, 0, 1;1,  0;0,  0> +
           ( 0.0001820,-0.0000186)|   0, 1, 0;0,  0;1,  0> +
           (-0.0001820, 0.0000186)|   0, 1, 0;1,  0;0,  0> +
            ...
 |    8> = (-0.9999999, 0.0000000)|   6, 0, 0;0,  0;0,  0> +
           (-0.0002596, 0.0000000)|   6, 0, 0;0,  0;1,  0> +
           ( 0.0002596,-0.0000000)|   6, 0, 0;1,  0;0,  0> +
           ( 0.0000197, 0.0000000)|   7, 0, 0;0,  0;0,  0> +
           (-0.0000182,-0.0000000)|   5, 0, 0;0,  0;0,  0> +
            ...
 |    9> = ( 0.0980522, 0.7151889)|   1, 0, 1;0,  0;0,  0> +
           (-0.6849949, 0.0983491)|   1, 1, 0;0,  0;0,  0> +
           ( 0.0000255, 0.0001857)|   1, 0, 1;0,  0;1,  0> +
           (-0.0000255,-0.0001857)|   1, 0, 1;1,  0;0,  0> +
           (-0.0001778, 0.0000255)|   1, 1, 0;0,  0;1,  0> +
           ( 0.0001778,-0.0000255)|   1, 1, 0;1,  0;0,  0> +
            ...
 |   10> = (-0.7218755, 0.0022476)|   1, 1, 0;0,  0;0,  0> +
           ( 0.0022408,-0.6920155)|   1, 0, 1;0,  0;0,  0> +
           ( 0.0001874,-0.0000006)|   1, 1, 0;1,  0;0,  0> +
           (-0.0001874, 0.0000006)|   1, 1, 0;0,  0;1,  0> +
           ( 0.0000006,-0.0001796)|   1, 0, 1;0,  0;1,  0> +
           (-0.0000006, 0.0001796)|   1, 0, 1;1,  0;0,  0> +
            ...
 |   11> = ( 0.9999999,-0.0000000)|   7, 0, 0;0,  0;0,  0> +
           (-0.0002596, 0.0000000)|   7, 0, 0;1,  0;0,  0> +
           ( 0.0002596,-0.0000000)|   7, 0, 0;0,  0;1,  0> +
           (-0.0000211,-0.0000000)|   8, 0, 0;0,  0;0,  0> +
           ( 0.0000197,-0.0000000)|   6, 0, 0;0,  0;0,  0> +
            ...
 |   12> = (-0.7335790,-0.0016416)|   2, 1, 0;0,  0;0,  0> +
           (-0.0016377,-0.6796001)|   2, 0, 1;0,  0;0,  0> +
           (-0.0001904,-0.0000004)|   2, 1, 0;0,  0;1,  0> +
           ( 0.0001904, 0.0000004)|   2, 1, 0;1,  0;0,  0> +
           (-0.0000004,-0.0001764)|   2, 0, 1;0,  0;1,  0> +
           ( 0.0000004, 0.0001764)|   2, 0, 1;1,  0;0,  0> +
            ...
 |   13> = (-0.0414874, 0.7324067)|   2, 0, 1;0,  0;0,  0> +
           (-0.6783285,-0.0415877)|   2, 1, 0;0,  0;0,  0> +
           ( 0.0000108,-0.0001901)|   2, 0, 1;1,  0;0,  0> +
           (-0.0000108, 0.0001901)|   2, 0, 1;0,  0;1,  0> +
           ( 0.0001761, 0.0000108)|   2, 1, 0;1,  0;0,  0> +
           (-0.0001761,-0.0000108)|   2, 1, 0;0,  0;1,  0> +
            ...
 |   14> = (-0.9999999, 0.0000000)|   8, 0, 0;0,  0;0,  0> +
           ( 0.0002596,-0.0000000)|   8, 0, 0;1,  0;0,  0> +
           (-0.0002596, 0.0000000)|   8, 0, 0;0,  0;1,  0> +
           ( 0.0000223,-0.0000000)|   9, 0, 0;0,  0;0,  0> +
           (-0.0000211, 0.0000000)|   7, 0, 0;0,  0;0,  0> +
            ...
 |   15> = (-0.7165840, 0.0000627)|   3, 1, 0;0,  0;0,  0> +
           ( 0.0000625,-0.6975007)|   3, 0, 1;0,  0;0,  0> +
           (-0.0001860, 0.0000000)|   3, 1, 0;0,  0;1,  0> +
           ( 0.0001860,-0.0000000)|   3, 1, 0;1,  0;0,  0> +
           ( 0.0000000,-0.0001811)|   3, 0, 1;0,  0;1,  0> +
           (-0.0000000, 0.0001811)|   3, 0, 1;1,  0;0,  0> +
           ( 0.0000107,-0.0000000)|   4, 1, 0;0,  0;0,  0> +
           (-0.0000000, 0.0000104)|   4, 0, 1;0,  0;0,  0> +
            ...
 |   16> = (-0.0043177,-0.7165710)|   3, 0, 1;0,  0;0,  0> +
           ( 0.6974873,-0.0043263)|   3, 1, 0;0,  0;0,  0> +
           (-0.0000011,-0.0001860)|   3, 0, 1;0,  0;1,  0> +
           ( 0.0000011, 0.0001860)|   3, 0, 1;1,  0;0,  0> +
           (-0.0001811, 0.0000011)|   3, 1, 0;1,  0;0,  0> +
           ( 0.0001811,-0.0000011)|   3, 1, 0;0,  0;1,  0> +
           ( 0.0000001, 0.0000107)|   4, 0, 1;0,  0;0,  0> +
           (-0.0000104, 0.0000001)|   4, 1, 0;0,  0;0,  0> +
            ...
 |   17> = (-0.9999999, 0.0000000)|   9, 0, 0;0,  0;0,  0> +
           (-0.0002596, 0.0000000)|   9, 0, 0;0,  0;1,  0> +
           ( 0.0002596,-0.0000000)|   9, 0, 0;1,  0;0,  0> +
           ( 0.0000235,-0.0000000)|  10, 0, 0;0,  0;0,  0> +
           (-0.0000223, 0.0000000)|   8, 0, 0;0,  0;0,  0> +
            ...
 |   18> = ( 0.0386840, 0.8266429)|   4, 0, 1;0,  0;0,  0> +
           (-0.5600568, 0.0387481)|   4, 1, 0;0,  0;0,  0> +
           ( 0.0000100, 0.0002146)|   4, 0, 1;0,  0;1,  0> +
           (-0.0000100,-0.0002146)|   4, 0, 1;1,  0;0,  0> +
           ( 0.0001454,-0.0000101)|   4, 1, 0;1,  0;0,  0> +
           (-0.0001454, 0.0000101)|   4, 1, 0;0,  0;1,  0> +
           (-0.0000006,-0.0000138)|   5, 0, 1;0,  0;0,  0> +
           ( 0.0000006, 0.0000123)|   3, 0, 1;0,  0;0,  0> +
            ...
 |   19> = ( 0.8275138,-0.0074707)|   4, 1, 0;0,  0;0,  0> +
           (-0.0074584, 0.5613460)|   4, 0, 1;0,  0;0,  0> +
           (-0.0002148, 0.0000019)|   4, 1, 0;1,  0;0,  0> +
           ( 0.0002148,-0.0000019)|   4, 1, 0;0,  0;1,  0> +
           (-0.0000019, 0.0001457)|   4, 0, 1;0,  0;1,  0> +
           ( 0.0000019,-0.0001457)|   4, 0, 1;1,  0;0,  0> +
           (-0.0000138, 0.0000001)|   5, 1, 0;0,  0;0,  0> +
           ( 0.0000123,-0.0000001)|   3, 1, 0;0,  0;0,  0> +
            ...
 |   20> = ( 0.9999999, 0.0000000)|  10, 0, 0;0,  0;0,  0> +
           ( 0.0002596, 0.0000000)|  10, 0, 0;0,  0;1,  0> +
           (-0.0002596,-0.0000000)|  10, 0, 0;1,  0;0,  0> +
           (-0.0000247,-0.0000000)|  11, 0, 0;0,  0;0,  0> +
           ( 0.0000235, 0.0000000)|   9, 0, 0;0,  0;0,  0> +
            ...
 |   21> = (-0.0252346, 0.9984278)|   5, 0, 1;0,  0;0,  0> +
           (-0.0432013,-0.0252719)|   5, 1, 0;0,  0;0,  0> +
           (-0.0000066, 0.0002592)|   5, 0, 1;0,  0;1,  0> +
           ( 0.0000066,-0.0002592)|   5, 0, 1;1,  0;0,  0> +
           ( 0.0000005,-0.0000182)|   6, 0, 1;0,  0;0,  0> +
           (-0.0000004, 0.0000166)|   4, 0, 1;0,  0;0,  0> +
           (-0.0000112,-0.0000066)|   5, 1, 0;0,  0;1,  0> +
           ( 0.0000112, 0.0000066)|   5, 1, 0;1,  0;0,  0> +
            ...
 |   22> = (-0.9984775,-0.0231827)|   5, 1, 0;0,  0;0,  0> +
           (-0.0231485,-0.0443753)|   5, 0, 1;0,  0;0,  0> +
           ( 0.0002592, 0.0000060)|   5, 1, 0;1,  0;0,  0> +
           (-0.0002592,-0.0000060)|   5, 1, 0;0,  0;1,  0> +
           ( 0.0000182, 0.0000004)|   6, 1, 0;0,  0;0,  0> +
           (-0.0000166,-0.0000004)|   4, 1, 0;0,  0;0,  0> +
           (-0.0000060,-0.0000115)|   5, 0, 1;0,  0;1,  0> +
           ( 0.0000060, 0.0000115)|   5, 0, 1;1,  0;0,  0> +
            ...
 |   23> = (-0.7071069,-0.0000000)|   0, 2, 0;0,  0;0,  0> +
           (-0.7071066, 0.0000000)|   0, 0, 2;0,  0;0,  0> +
           (-0.0001836,-0.0000000)|   0, 2, 0;0,  0;1,  0> +
           ( 0.0001836, 0.0000000)|   0, 2, 0;1,  0;0,  0> +
           (-0.0001836, 0.0000000)|   0, 0, 2;0,  0;1,  0> +
           ( 0.0001836,-0.0000000)|   0, 0, 2;1,  0;0,  0> +
            ...
 |   24> = ( 0.2654439,-0.9641262)|   0, 1, 1;0,  0;0,  0> +
           ( 0.0000689,-0.0002503)|   0, 1, 1;0,  0;1,  0> +
           (-0.0000689, 0.0002503)|   0, 1, 1;1,  0;0,  0> +
           ( 0.0000126, 0.0000035)|   0, 2, 0;0,  0;0,  0> +
           (-0.0000126,-0.0000035)|   0, 0, 2;0,  0;0,  0> +
            ...
 # The upper part of the spectrum
 # Eigenvalues first: 544	 last: 594
 22843.576753358 22843.576753358 22843.577061893 22843.577061893 22843.577984220 22843.578601289 22844.576753352 22844.576753352 22844.577061887 22844.577061887 22844.577984219 22844.578601288 22845.576753346 22845.576753347 22845.577061881 22845.577061881 22845.577984217 22845.578601286 22846.576753341 22846.576753341 22846.577061875 22846.577061875 22846.577984215 22846.578601284 22847.576753335 22847.576753335 22847.577061869 22847.577061869 22847.577984213 22847.578601282 22848.576753328 22848.576753329 22848.577061863 22848.577061863 22848.577984211 22848.578601280 22848.595468333 22848.595468333 22848.595468333 22848.595468333 22848.595776867 22848.595776867 22848.595776868 22848.595776868 22848.596699195 22848.596699195 22848.597316264 22848.597316264 22849.576753323 22849.576753323

# Excited states :
 |  543> = (-0.0039657, 0.9999921)|  33, 3, 3;0,  0;0,  0> +
           ( 0.0000010,-0.0002596)|  33, 3, 3;1,  0;0,  0> +
           (-0.0000010, 0.0002596)|  33, 3, 3;0,  0;1,  0> +
           (-0.0000002, 0.0000428)|  32, 3, 3;0,  0;0,  0> +
            ...
 |  544> = (-0.7042076, 0.0000284)|   0, 0, 0;0,  0;1, -1> +
           ( 0.7042075,-0.0000284)|   0, 0, 0;1, -1;0,  0> +
           ( 0.0636964,-0.0058693)|   0, 0, 0;0,  0;1,  1> +
           (-0.0636963, 0.0058693)|   0, 0, 0;1,  1;0,  0> +
           ( 0.0001828,-0.0000000)|   0, 0, 0;1,  0;1, -1> +
           ( 0.0001828,-0.0000000)|   0, 0, 0;1, -1;1,  0> +
           (-0.0000708, 0.0000000)|   0, 0, 0;0,  0;2, -1> +
           (-0.0000708, 0.0000000)|   0, 0, 0;2, -1;0,  0> +
           (-0.0000165, 0.0000015)|   0, 0, 0;1,  0;1,  1> +
           (-0.0000165, 0.0000015)|   0, 0, 0;1,  1;1,  0> +
            ...
 |  545> = ( 0.7015317,-0.0613375)|   0, 0, 0;0,  0;1,  1> +
           (-0.7015307, 0.0613374)|   0, 0, 0;1,  1;0,  0> +
           (-0.0639655,-0.0002964)|   0, 0, 0;1, -1;0,  0> +
           ( 0.0639655, 0.0002964)|   0, 0, 0;0,  0;1, -1> +
           (-0.0001821, 0.0000159)|   0, 0, 0;1,  0;1,  1> +
           (-0.0001821, 0.0000159)|   0, 0, 0;1,  1;1,  0> +
           ( 0.0000705,-0.0000062)|   0, 0, 0;0,  0;2,  1> +
           ( 0.0000705,-0.0000062)|   0, 0, 0;2,  1;0,  0> +
           (-0.0000166,-0.0000001)|   0, 0, 0;1, -1;1,  0> +
           (-0.0000166,-0.0000001)|   0, 0, 0;1,  0;1, -1> +
            ...
 |  546> = ( 0.7047431,-0.0000260)|   0, 0, 0;1, -1;0,  0> +
           ( 0.7047430,-0.0000260)|   0, 0, 0;0,  0;1, -1> +
           (-0.0575205, 0.0053462)|   0, 0, 0;1,  1;0,  0> +
           (-0.0575204, 0.0053462)|   0, 0, 0;0,  0;1,  1> +
           ( 0.0001829,-0.0000000)|   0, 0, 0;1, -1;1,  0> +
           (-0.0001829, 0.0000000)|   0, 0, 0;1,  0;1, -1> +
           (-0.0000709, 0.0000000)|   0, 0, 0;2, -1;0,  0> +
           ( 0.0000709,-0.0000000)|   0, 0, 0;0,  0;2, -1> +
           (-0.0000149, 0.0000014)|   0, 0, 0;1,  1;1,  0> +
           ( 0.0000149,-0.0000014)|   0, 0, 0;1,  0;1,  1> +
            ...
 |  547> = ( 0.7020496,-0.0615609)|   0, 0, 0;1,  1;0,  0> +
           ( 0.7020487,-0.0615607)|   0, 0, 0;0,  0;1,  1> +
           ( 0.0577676, 0.0002991)|   0, 0, 0;0,  0;1, -1> +
           ( 0.0577676, 0.0002991)|   0, 0, 0;1, -1;0,  0> +
           ( 0.0001822,-0.0000160)|   0, 0, 0;1,  1;1,  0> +
           (-0.0001822, 0.0000160)|   0, 0, 0;1,  0;1,  1> +
           (-0.0000706, 0.0000062)|   0, 0, 0;2,  1;0,  0> +
           ( 0.0000706,-0.0000062)|   0, 0, 0;0,  0;2,  1> +
           (-0.0000150,-0.0000001)|   0, 0, 0;1,  0;1, -1> +
           ( 0.0000150, 0.0000001)|   0, 0, 0;1, -1;1,  0> +
            ...
 |  548> = (-0.7071068,-0.0000000)|   0, 0, 0;1,  0;0,  0> +
           (-0.7071068,-0.0000000)|   0, 0, 0;0,  0;1,  0> +
           ( 0.0000821, 0.0000000)|   0, 0, 0;2,  0;0,  0> +
           (-0.0000821,-0.0000000)|   0, 0, 0;0,  0;2,  0> +
            ...
 |  549> = ( 0.7071067, 0.0000000)|   0, 0, 0;0,  0;1,  0> +
           (-0.7071067, 0.0000000)|   0, 0, 0;1,  0;0,  0> +
           (-0.0003671, 0.0000000)|   0, 0, 0;1,  0;1,  0> +
           (-0.0003671, 0.0000000)|   0, 0, 0;0,  0;0,  0> +
           ( 0.0000821, 0.0000000)|   0, 0, 0;0,  0;2,  0> +
           ( 0.0000821,-0.0000000)|   0, 0, 0;2,  0;0,  0> +
            ...
 |  550> = ( 0.6740155,-0.0000040)|   1, 0, 0;0,  0;1,  1> +
           (-0.6740155, 0.0000040)|   1, 0, 0;1,  1;0,  0> +
           ( 0.2137828, 0.0000126)|   1, 0, 0;0,  0;1, -1> +
           (-0.2137828,-0.0000126)|   1, 0, 0;1, -1;0,  0> +
           (-0.0001750, 0.0000000)|   1, 0, 0;1,  0;1,  1> +
           (-0.0001750, 0.0000000)|   1, 0, 0;1,  1;1,  0> +
           ( 0.0000678,-0.0000000)|   1, 0, 0;0,  0;2,  1> +
           ( 0.0000678,-0.0000000)|   1, 0, 0;2,  1;0,  0> +
           (-0.0000555,-0.0000000)|   1, 0, 0;1,  0;1, -1> +
           (-0.0000555,-0.0000000)|   1, 0, 0;1, -1;1,  0> +
           ( 0.0000215, 0.0000000)|   1, 0, 0;0,  0;2, -1> +
           ( 0.0000215, 0.0000000)|   1, 0, 0;2, -1;0,  0> +
            ...
 |  551> = (-0.6348919,-0.2262944)|   1, 0, 0;0,  0;1, -1> +
           ( 0.6348919, 0.2262944)|   1, 0, 0;1, -1;0,  0> +
           (-0.2013783,-0.0717625)|   1, 0, 0;1,  1;0,  0> +
           ( 0.2013782, 0.0717625)|   1, 0, 0;0,  0;1,  1> +
           ( 0.0001648, 0.0000587)|   1, 0, 0;1,  0;1, -1> +
           ( 0.0001648, 0.0000587)|   1, 0, 0;1, -1;1,  0> +
           (-0.0000638,-0.0000228)|   1, 0, 0;0,  0;2, -1> +
           (-0.0000638,-0.0000228)|   1, 0, 0;2, -1;0,  0> +
           (-0.0000523,-0.0000186)|   1, 0, 0;1,  1;1,  0> +
           (-0.0000523,-0.0000186)|   1, 0, 0;1,  0;1,  1> +
           ( 0.0000202, 0.0000072)|   1, 0, 0;2,  1;0,  0> +
           ( 0.0000202, 0.0000072)|   1, 0, 0;0,  0;2,  1> +
            ...
 |  552> = (-0.5523061,-0.0001443)|   1, 0, 0;0,  0;1, -1> +
           (-0.5523061,-0.0001443)|   1, 0, 0;1, -1;0,  0> +
           ( 0.4415403,-0.0001977)|   1, 0, 0;0,  0;1,  1> +
           ( 0.4415403,-0.0001977)|   1, 0, 0;1,  1;0,  0> +
           ( 0.0001434, 0.0000000)|   1, 0, 0;1,  0;1, -1> +
           (-0.0001434,-0.0000000)|   1, 0, 0;1, -1;1,  0> +
           (-0.0001146, 0.0000001)|   1, 0, 0;1,  0;1,  1> +
           ( 0.0001146,-0.0000001)|   1, 0, 0;1,  1;1,  0> +
           (-0.0000555,-0.0000000)|   1, 0, 0;0,  0;2, -1> +
           ( 0.0000555, 0.0000000)|   1, 0, 0;2, -1;0,  0> +
           ( 0.0000444,-0.0000000)|   1, 0, 0;0,  0;2,  1> +
           (-0.0000444, 0.0000000)|   1, 0, 0;2,  1;0,  0> +
            ...
 |  553> = ( 0.5522878,-0.0044979)|   1, 0, 0;0,  0;1,  1> +
           ( 0.5522878,-0.0044979)|   1, 0, 0;1,  1;0,  0> +
           ( 0.4415282,-0.0032827)|   1, 0, 0;1, -1;0,  0> +
           ( 0.4415281,-0.0032827)|   1, 0, 0;0,  0;1, -1> +
           (-0.0001434, 0.0000012)|   1, 0, 0;1,  0;1,  1> +
           ( 0.0001434,-0.0000012)|   1, 0, 0;1,  1;1,  0> +
           ( 0.0001146,-0.0000009)|   1, 0, 0;1, -1;1,  0> +
           (-0.0001146, 0.0000009)|   1, 0, 0;1,  0;1, -1> +
           ( 0.0000555,-0.0000005)|   1, 0, 0;0,  0;2,  1> +
           (-0.0000555, 0.0000005)|   1, 0, 0;2,  1;0,  0> +
           (-0.0000444, 0.0000003)|   1, 0, 0;2, -1;0,  0> +
           ( 0.0000444,-0.0000003)|   1, 0, 0;0,  0;2, -1> +
            ...
 |  554> = ( 0.7071068, 0.0000000)|   1, 0, 0;0,  0;1,  0> +
           ( 0.7071068, 0.0000000)|   1, 0, 0;1,  0;0,  0> +
           ( 0.0000821, 0.0000000)|   1, 0, 0;0,  0;2,  0> +
           (-0.0000821,-0.0000000)|   1, 0, 0;2,  0;0,  0> +
            ...
 |  555> = ( 0.7071067, 0.0000000)|   1, 0, 0;1,  0;0,  0> +
           (-0.7071067, 0.0000000)|   1, 0, 0;0,  0;1,  0> +
           ( 0.0003671, 0.0000000)|   1, 0, 0;1,  0;1,  0> +
           ( 0.0003671, 0.0000000)|   1, 0, 0;0,  0;0,  0> +
           (-0.0000821,-0.0000000)|   1, 0, 0;2,  0;0,  0> +
           (-0.0000821, 0.0000000)|   1, 0, 0;0,  0;2,  0> +
            ...
 |  556> = (-0.7071054,-0.0000000)|   2, 0, 0;0,  0;1, -1> +
           ( 0.7071051, 0.0000000)|   2, 0, 0;1, -1;0,  0> +
           ( 0.0014499,-0.0000008)|   2, 0, 0;0,  0;1,  1> +
           (-0.0014499, 0.0000008)|   2, 0, 0;1,  1;0,  0> +
           ( 0.0001836, 0.0000000)|   2, 0, 0;1,  0;1, -1> +
           ( 0.0001836, 0.0000000)|   2, 0, 0;1, -1;1,  0> +
           (-0.0000711,-0.0000000)|   2, 0, 0;0,  0;2, -1> +
           (-0.0000711,-0.0000000)|   2, 0, 0;2, -1;0,  0> +
            ...
 |  557> = ( 0.7070857, 0.0052765)|   2, 0, 0;1,  1;0,  0> +
           (-0.7070855,-0.0052765)|   2, 0, 0;0,  0;1,  1> +
           (-0.0014499,-0.0000116)|   2, 0, 0;0,  0;1, -1> +
           ( 0.0014499, 0.0000116)|   2, 0, 0;1, -1;0,  0> +
           ( 0.0001836, 0.0000014)|   2, 0, 0;1,  1;1,  0> +
           ( 0.0001836, 0.0000014)|   2, 0, 0;1,  0;1,  1> +
           (-0.0000711,-0.0000005)|   2, 0, 0;2,  1;0,  0> +
           (-0.0000711,-0.0000005)|   2, 0, 0;0,  0;2,  1> +
            ...
 |  558> = (-0.7071052,-0.0000000)|   2, 0, 0;1, -1;0,  0> +
           (-0.7071049, 0.0000000)|   2, 0, 0;0,  0;1, -1> +
           ( 0.0015512, 0.0000000)|   2, 0, 0;0,  0;1,  1> +
           ( 0.0015512,-0.0000000)|   2, 0, 0;1,  1;0,  0> +
           (-0.0001836,-0.0000000)|   2, 0, 0;1, -1;1,  0> +
           ( 0.0001836,-0.0000000)|   2, 0, 0;1,  0;1, -1> +
           ( 0.0000711, 0.0000000)|   2, 0, 0;2, -1;0,  0> +
           (-0.0000711, 0.0000000)|   2, 0, 0;0,  0;2, -1> +
            ...
 |  559> = (-0.7070082,-0.0117051)|   2, 0, 0;0,  0;1,  1> +
           (-0.7070081,-0.0117051)|   2, 0, 0;1,  1;0,  0> +
           (-0.0015510,-0.0000257)|   2, 0, 0;0,  0;1, -1> +
           (-0.0015510,-0.0000257)|   2, 0, 0;1, -1;0,  0> +
           ( 0.0001835, 0.0000030)|   2, 0, 0;1,  0;1,  1> +
           (-0.0001835,-0.0000030)|   2, 0, 0;1,  1;1,  0> +
           (-0.0000711,-0.0000012)|   2, 0, 0;0,  0;2,  1> +
           ( 0.0000711, 0.0000012)|   2, 0, 0;2,  1;0,  0> +
            ...
 |  560> = (-0.7071068,-0.0000000)|   2, 0, 0;1,  0;0,  0> +
           (-0.7071068,-0.0000000)|   2, 0, 0;0,  0;1,  0> +
           ( 0.0000821, 0.0000000)|   2, 0, 0;2,  0;0,  0> +
           (-0.0000821,-0.0000000)|   2, 0, 0;0,  0;2,  0> +
            ...
 |  561> = (-0.7071067,-0.0000000)|   2, 0, 0;0,  0;1,  0> +
           ( 0.7071067,-0.0000000)|   2, 0, 0;1,  0;0,  0> +
           ( 0.0003671,-0.0000000)|   2, 0, 0;1,  0;1,  0> +
           ( 0.0003671,-0.0000000)|   2, 0, 0;0,  0;0,  0> +
           (-0.0000821,-0.0000000)|   2, 0, 0;0,  0;2,  0> +
           (-0.0000821, 0.0000000)|   2, 0, 0;2,  0;0,  0> +
            ...
 |  562> = (-0.7070582, 0.0082549)|   3, 0, 0;1,  1;0,  0> +
           ( 0.7070578,-0.0082549)|   3, 0, 0;0,  0;1,  1> +
           ( 0.0008870,-0.0000104)|   3, 0, 0;1, -1;0,  0> +
           (-0.0008870, 0.0000104)|   3, 0, 0;0,  0;1, -1> +
           (-0.0001835, 0.0000021)|   3, 0, 0;1,  1;1,  0> +
           (-0.0001835, 0.0000021)|   3, 0, 0;1,  0;1,  1> +
           ( 0.0000711,-0.0000008)|   3, 0, 0;2,  1;0,  0> +
           ( 0.0000711,-0.0000008)|   3, 0, 0;0,  0;2,  1> +
            ...
 |  563> = (-0.7071062,-0.0000000)|   3, 0, 0;1, -1;0,  0> +
           ( 0.7071062, 0.0000000)|   3, 0, 0;0,  0;1, -1> +
           (-0.0008871,-0.0000000)|   3, 0, 0;1,  1;0,  0> +
           ( 0.0008871,-0.0000000)|   3, 0, 0;0,  0;1,  1> +
           (-0.0001836,-0.0000000)|   3, 0, 0;1, -1;1,  0> +
           (-0.0001836,-0.0000000)|   3, 0, 0;1,  0;1, -1> +
           ( 0.0000711, 0.0000000)|   3, 0, 0;2, -1;0,  0> +
           ( 0.0000711, 0.0000000)|   3, 0, 0;0,  0;2, -1> +
            ...
 |  564> = (-0.7071062,-0.0000000)|   3, 0, 0;0,  0;1, -1> +
           (-0.7071062,-0.0000000)|   3, 0, 0;1, -1;0,  0> +
           (-0.0008821,-0.0000000)|   3, 0, 0;1,  1;0,  0> +
           (-0.0008821,-0.0000000)|   3, 0, 0;0,  0;1,  1> +
           ( 0.0001836, 0.0000000)|   3, 0, 0;1,  0;1, -1> +
           (-0.0001836,-0.0000000)|   3, 0, 0;1, -1;1,  0> +
           (-0.0000711,-0.0000000)|   3, 0, 0;0,  0;2, -1> +
           ( 0.0000711, 0.0000000)|   3, 0, 0;2, -1;0,  0> +
            ...
 |  565> = (-0.7069489,-0.0149246)|   3, 0, 0;0,  0;1,  1> +
           (-0.7069485,-0.0149246)|   3, 0, 0;1,  1;0,  0> +
           ( 0.0008819, 0.0000186)|   3, 0, 0;1, -1;0,  0> +
           ( 0.0008819, 0.0000186)|   3, 0, 0;0,  0;1, -1> +
           ( 0.0001835, 0.0000039)|   3, 0, 0;1,  0;1,  1> +
           (-0.0001835,-0.0000039)|   3, 0, 0;1,  1;1,  0> +
           (-0.0000711,-0.0000015)|   3, 0, 0;0,  0;2,  1> +
           ( 0.0000711, 0.0000015)|   3, 0, 0;2,  1;0,  0> +
            ...
 |  566> = (-0.7071068,-0.0000067)|   3, 0, 0;0,  0;1,  0> +
           (-0.7071068,-0.0000067)|   3, 0, 0;1,  0;0,  0> +
           (-0.0000821,-0.0000000)|   3, 0, 0;0,  0;2,  0> +
           ( 0.0000821, 0.0000000)|   3, 0, 0;2,  0;0,  0> +
            ...
 |  567> = (-0.7071067,-0.0000000)|   3, 0, 0;1,  0;0,  0> +
           ( 0.7071067,-0.0000000)|   3, 0, 0;0,  0;1,  0> +
           (-0.0003671,-0.0000000)|   3, 0, 0;1,  0;1,  0> +
           (-0.0003671,-0.0000000)|   3, 0, 0;0,  0;0,  0> +
           ( 0.0000821, 0.0000000)|   3, 0, 0;2,  0;0,  0> +
           ( 0.0000821,-0.0000000)|   3, 0, 0;0,  0;2,  0> +
            ...
 |  568> = (-0.7070934,-0.0000000)|   4, 0, 0;0,  0;1, -1> +
           ( 0.7070933, 0.0000000)|   4, 0, 0;1, -1;0,  0> +
           (-0.0043559,-0.0000000)|   4, 0, 0;0,  0;1,  1> +
           ( 0.0043559,-0.0000000)|   4, 0, 0;1,  1;0,  0> +
           ( 0.0001836, 0.0000000)|   4, 0, 0;1,  0;1, -1> +
           ( 0.0001836, 0.0000000)|   4, 0, 0;1, -1;1,  0> +
           (-0.0000711,-0.0000000)|   4, 0, 0;0,  0;2, -1> +
           (-0.0000711,-0.0000000)|   4, 0, 0;2, -1;0,  0> +
            ...
 |  569> = (-0.7064596, 0.0299329)|   4, 0, 0;0,  0;1,  1> +
           ( 0.7064594,-0.0299329)|   4, 0, 0;1,  1;0,  0> +
           ( 0.0043520,-0.0001844)|   4, 0, 0;0,  0;1, -1> +
           (-0.0043520, 0.0001844)|   4, 0, 0;1, -1;0,  0> +
           ( 0.0001834,-0.0000078)|   4, 0, 0;1,  0;1,  1> +
           ( 0.0001834,-0.0000078)|   4, 0, 0;1,  1;1,  0> +
           (-0.0000710, 0.0000030)|   4, 0, 0;0,  0;2,  1> +
           (-0.0000710, 0.0000030)|   4, 0, 0;2,  1;0,  0> +
            ...
 |  570> = ( 0.7070940,-0.0000000)|   4, 0, 0;1, -1;0,  0> +
           ( 0.7070938,-0.0000000)|   4, 0, 0;0,  0;1, -1> +
           ( 0.0042605, 0.0000054)|   4, 0, 0;1,  1;0,  0> +
           ( 0.0042605, 0.0000054)|   4, 0, 0;0,  0;1,  1> +
           ( 0.0001836,-0.0000000)|   4, 0, 0;1, -1;1,  0> +
           (-0.0001836, 0.0000000)|   4, 0, 0;1,  0;1, -1> +
           (-0.0000711, 0.0000000)|   4, 0, 0;2, -1;0,  0> +
           ( 0.0000711,-0.0000000)|   4, 0, 0;0,  0;2, -1> +
            ...
 |  571> = ( 0.7042055,-0.0638480)|   4, 0, 0;1,  1;0,  0> +
           ( 0.7042053,-0.0638480)|   4, 0, 0;0,  0;1,  1> +
           (-0.0042426, 0.0003901)|   4, 0, 0;1, -1;0,  0> +
           (-0.0042426, 0.0003901)|   4, 0, 0;0,  0;1, -1> +
           ( 0.0001828,-0.0000166)|   4, 0, 0;1,  1;1,  0> +
           (-0.0001828, 0.0000166)|   4, 0, 0;1,  0;1,  1> +
           (-0.0000708, 0.0000064)|   4, 0, 0;2,  1;0,  0> +
           ( 0.0000708,-0.0000064)|   4, 0, 0;0,  0;2,  1> +
            ...
 |  572> = ( 0.7070626, 0.0079016)|   4, 0, 0;1,  0;0,  0> +
           ( 0.7070626, 0.0079016)|   4, 0, 0;0,  0;1,  0> +
           (-0.0000821,-0.0000009)|   4, 0, 0;2,  0;0,  0> +
           ( 0.0000821, 0.0000009)|   4, 0, 0;0,  0;2,  0> +
            ...
 |  573> = (-0.7071067,-0.0000000)|   4, 0, 0;0,  0;1,  0> +
           ( 0.7071067, 0.0000000)|   4, 0, 0;1,  0;0,  0> +
           ( 0.0003671, 0.0000000)|   4, 0, 0;1,  0;1,  0> +
           ( 0.0003671, 0.0000000)|   4, 0, 0;0,  0;0,  0> +
           (-0.0000821,-0.0000000)|   4, 0, 0;0,  0;2,  0> +
           (-0.0000821,-0.0000000)|   4, 0, 0;2,  0;0,  0> +
            ...
 |  574> = (-0.5580995, 0.0942863)|   5, 0, 0;0,  0;1, -1> +
           ( 0.5580994,-0.0942863)|   5, 0, 0;1, -1;0,  0> +
           ( 0.4179015,-0.0706648)|   5, 0, 0;0,  0;1,  1> +
           (-0.4179012, 0.0706647)|   5, 0, 0;1,  1;0,  0> +
           ( 0.0001449,-0.0000245)|   5, 0, 0;1,  0;1, -1> +
           ( 0.0001449,-0.0000245)|   5, 0, 0;1, -1;1,  0> +
           (-0.0001085, 0.0000183)|   5, 0, 0;1,  0;1,  1> +
           (-0.0001085, 0.0000183)|   5, 0, 0;1,  1;1,  0> +
           (-0.0000561, 0.0000095)|   5, 0, 0;0,  0;2, -1> +
           (-0.0000561, 0.0000095)|   5, 0, 0;2, -1;0,  0> +
           ( 0.0000420,-0.0000071)|   5, 0, 0;0,  0;2,  1> +
           ( 0.0000420,-0.0000071)|   5, 0, 0;2,  1;0,  0> +
            ...
 |  575> = (-0.5660079,-0.0000099)|   5, 0, 0;0,  0;1,  1> +
           ( 0.5660079, 0.0000099)|   5, 0, 0;1,  1;0,  0> +
           ( 0.4238338, 0.0000703)|   5, 0, 0;1, -1;0,  0> +
           (-0.4238337,-0.0000703)|   5, 0, 0;0,  0;1, -1> +
           ( 0.0001469, 0.0000000)|   5, 0, 0;1,  0;1,  1> +
           ( 0.0001469, 0.0000000)|   5, 0, 0;1,  1;1,  0> +
           ( 0.0001100, 0.0000000)|   5, 0, 0;1, -1;1,  0> +
           ( 0.0001100, 0.0000000)|   5, 0, 0;1,  0;1, -1> +
           (-0.0000569,-0.0000000)|   5, 0, 0;0,  0;2,  1> +
           (-0.0000569,-0.0000000)|   5, 0, 0;2,  1;0,  0> +
           (-0.0000426,-0.0000000)|   5, 0, 0;2, -1;0,  0> +
           (-0.0000426,-0.0000000)|   5, 0, 0;0,  0;2, -1> +
            ...
 |  576> = (-0.5922461, 0.0342943)|   5, 0, 0;1,  1;0,  0> +
           (-0.5922459, 0.0342942)|   5, 0, 0;0,  0;1,  1> +
           ( 0.3841031,-0.0230948)|   5, 0, 0;1, -1;0,  0> +
           ( 0.3841029,-0.0230948)|   5, 0, 0;0,  0;1, -1> +
           (-0.0001537, 0.0000089)|   5, 0, 0;1,  1;1,  0> +
           ( 0.0001537,-0.0000089)|   5, 0, 0;1,  0;1,  1> +
           ( 0.0000997,-0.0000060)|   5, 0, 0;1, -1;1,  0> +
           (-0.0000997, 0.0000060)|   5, 0, 0;1,  0;1, -1> +
           ( 0.0000595,-0.0000034)|   5, 0, 0;2,  1;0,  0> +
           (-0.0000595, 0.0000034)|   5, 0, 0;0,  0;2,  1> +
           (-0.0000386, 0.0000023)|   5, 0, 0;2, -1;0,  0> +
           ( 0.0000386,-0.0000023)|   5, 0, 0;0,  0;2, -1> +
            ...
 |  577> = (-0.5932380, 0.0004242)|   5, 0, 0;0,  0;1, -1> +
           (-0.5932379, 0.0004242)|   5, 0, 0;1, -1;0,  0> +
           (-0.3847963,-0.0005766)|   5, 0, 0;0,  0;1,  1> +
           (-0.3847963,-0.0005766)|   5, 0, 0;1,  1;0,  0> +
           ( 0.0001540,-0.0000001)|   5, 0, 0;1,  0;1, -1> +
           (-0.0001540, 0.0000001)|   5, 0, 0;1, -1;1,  0> +
           ( 0.0000999, 0.0000001)|   5, 0, 0;1,  0;1,  1> +
           (-0.0000999,-0.0000001)|   5, 0, 0;1,  1;1,  0> +
           (-0.0000596, 0.0000000)|   5, 0, 0;0,  0;2, -1> +
           ( 0.0000596,-0.0000000)|   5, 0, 0;2, -1;0,  0> +
           (-0.0000387,-0.0000001)|   5, 0, 0;0,  0;2,  1> +
           ( 0.0000387, 0.0000001)|   5, 0, 0;2,  1;0,  0> +
            ...
 |  578> = (-0.7010459, 0.0923828)|   5, 0, 0;1,  0;0,  0> +
           (-0.7010459, 0.0923828)|   5, 0, 0;0,  0;1,  0> +
           ( 0.0000814,-0.0000107)|   5, 0, 0;2,  0;0,  0> +
           (-0.0000814, 0.0000107)|   5, 0, 0;0,  0;2,  0> +
            ...
 |  579> = (-0.7071067, 0.0000015)|   5, 0, 0;0,  0;1,  0> +
           ( 0.7071067,-0.0000015)|   5, 0, 0;1,  0;0,  0> +
           ( 0.0003671,-0.0000000)|   5, 0, 0;1,  0;1,  0> +
           ( 0.0003671,-0.0000000)|   5, 0, 0;0,  0;0,  0> +
           (-0.0000821, 0.0000000)|   5, 0, 0;0,  0;2,  0> +
           (-0.0000821, 0.0000000)|   5, 0, 0;2,  0;0,  0> +
            ...
 |  580> = (-0.4216580,-0.0240519)|   0, 1, 0;1, -1;0,  0> +
           ( 0.4216579, 0.0240519)|   0, 1, 0;0,  0;1, -1> +
           ( 0.0155437,-0.3737719)|   0, 0, 1;1, -1;0,  0> +
           (-0.0155436, 0.3737718)|   0, 0, 1;0,  0;1, -1> +
           ( 0.3233996, 0.0282105)|   0, 1, 0;0,  0;1,  1> +
           (-0.3233995,-0.0282105)|   0, 1, 0;1,  1;0,  0> +
           (-0.0197023, 0.2755136)|   0, 0, 1;1,  1;0,  0> +
           ( 0.0197022,-0.2755136)|   0, 0, 1;0,  0;1,  1> +
           (-0.0001095,-0.0000062)|   0, 1, 0;1, -1;1,  0> +
           (-0.0001095,-0.0000062)|   0, 1, 0;1,  0;1, -1> +
           ( 0.0000040,-0.0000970)|   0, 0, 1;1, -1;1,  0> +
           ( 0.0000040,-0.0000970)|   0, 0, 1;1,  0;1, -1> +
           (-0.0000840,-0.0000073)|   0, 1, 0;1,  0;1,  1> +
           (-0.0000840,-0.0000073)|   0, 1, 0;1,  1;1,  0> +
           (-0.0000051, 0.0000715)|   0, 0, 1;1,  1;1,  0> +
           (-0.0000051, 0.0000715)|   0, 0, 1;1,  0;1,  1> +
           ( 0.0000424, 0.0000024)|   0, 1, 0;2, -1;0,  0> +
           ( 0.0000424, 0.0000024)|   0, 1, 0;0,  0;2, -1> +
           (-0.0000016, 0.0000376)|   0, 0, 1;2, -1;0,  0> +
           (-0.0000016, 0.0000376)|   0, 0, 1;0,  0;2, -1> +
           ( 0.0000325, 0.0000028)|   0, 1, 0;0,  0;2,  1> +
           ( 0.0000325, 0.0000028)|   0, 1, 0;2,  1;0,  0> +
           ( 0.0000020,-0.0000277)|   0, 0, 1;2,  1;0,  0> +
           ( 0.0000020,-0.0000277)|   0, 0, 1;0,  0;2,  1> +
            ...
 |  581> = (-0.0021875,-0.4841269)|   0, 0, 1;1,  1;0,  0> +
           ( 0.0021875, 0.4841268)|   0, 0, 1;0,  0;1,  1> +
           (-0.4065218,-0.0002236)|   0, 1, 0;1, -1;0,  0> +
           ( 0.4065217, 0.0002237)|   0, 1, 0;0,  0;1, -1> +
           ( 0.0028290,-0.2594036)|   0, 0, 1;0,  0;1, -1> +
           (-0.0028290, 0.2594034)|   0, 0, 1;1, -1;0,  0> +
           (-0.1817437,-0.0052402)|   0, 1, 0;1,  1;0,  0> +
           ( 0.1817436, 0.0052402)|   0, 1, 0;0,  0;1,  1> +
           (-0.0000006,-0.0001257)|   0, 0, 1;1,  1;1,  0> +
           (-0.0000006,-0.0001257)|   0, 0, 1;1,  0;1,  1> +
           (-0.0001055,-0.0000001)|   0, 1, 0;1, -1;1,  0> +
           (-0.0001055,-0.0000001)|   0, 1, 0;1,  0;1, -1> +
           (-0.0000007, 0.0000673)|   0, 0, 1;1,  0;1, -1> +
           (-0.0000007, 0.0000673)|   0, 0, 1;1, -1;1,  0> +
           ( 0.0000002, 0.0000487)|   0, 0, 1;2,  1;0,  0> +
           ( 0.0000002, 0.0000487)|   0, 0, 1;0,  0;2,  1> +
           (-0.0000472,-0.0000014)|   0, 1, 0;1,  1;1,  0> +
           (-0.0000472,-0.0000014)|   0, 1, 0;1,  0;1,  1> +
           ( 0.0000409, 0.0000000)|   0, 1, 0;2, -1;0,  0> +
           ( 0.0000409, 0.0000000)|   0, 1, 0;0,  0;2, -1> +
           ( 0.0000003,-0.0000261)|   0, 0, 1;0,  0;2, -1> +
           ( 0.0000003,-0.0000261)|   0, 0, 1;2, -1;0,  0> +
           ( 0.0000183, 0.0000005)|   0, 1, 0;2,  1;0,  0> +
           ( 0.0000183, 0.0000005)|   0, 1, 0;0,  0;2,  1> +
            ...
 |  582> = ( 0.0000000, 0.3535734)|   0, 0, 1;0,  0;1,  1> +
           (-0.0000000,-0.3535733)|   0, 0, 1;1,  1;0,  0> +
           ( 0.3535580, 0.0000000)|   0, 1, 0;0,  0;1,  1> +
           (-0.3535580,-0.0000000)|   0, 1, 0;1,  1;0,  0> +
           ( 0.0000000, 0.3535454)|   0, 0, 1;0,  0;1, -1> +
           (-0.0000000,-0.3535454)|   0, 0, 1;1, -1;0,  0> +
           (-0.3535367, 0.0000000)|   0, 1, 0;0,  0;1, -1> +
           ( 0.3535367,-0.0000000)|   0, 1, 0;1, -1;0,  0> +
           (-0.0000000,-0.0000918)|   0, 0, 1;1,  0;1,  1> +
           (-0.0000000,-0.0000918)|   0, 0, 1;1,  1;1,  0> +
           (-0.0000918,-0.0000000)|   0, 1, 0;1,  0;1,  1> +
           (-0.0000918,-0.0000000)|   0, 1, 0;1,  1;1,  0> +
           (-0.0000000,-0.0000918)|   0, 0, 1;1,  0;1, -1> +
           (-0.0000000,-0.0000918)|   0, 0, 1;1, -1;1,  0> +
           ( 0.0000918,-0.0000000)|   0, 1, 0;1,  0;1, -1> +
           ( 0.0000918,-0.0000000)|   0, 1, 0;1, -1;1,  0> +
           ( 0.0000000, 0.0000355)|   0, 0, 1;0,  0;2,  1> +
           ( 0.0000000, 0.0000355)|   0, 0, 1;2,  1;0,  0> +
           ( 0.0000355, 0.0000000)|   0, 1, 0;0,  0;2,  1> +
           ( 0.0000355, 0.0000000)|   0, 1, 0;2,  1;0,  0> +
           ( 0.0000000, 0.0000355)|   0, 0, 1;0,  0;2, -1> +
           ( 0.0000000, 0.0000355)|   0, 0, 1;2, -1;0,  0> +
           (-0.0000355, 0.0000000)|   0, 1, 0;0,  0;2, -1> +
           (-0.0000355, 0.0000000)|   0, 1, 0;2, -1;0,  0> +
            ...
 |  583> = (-0.4853864,-0.0309111)|   0, 1, 0;1,  1;0,  0> +
           ( 0.4853863, 0.0309108)|   0, 1, 0;0,  0;1,  1> +
           ( 0.0164367,-0.4092558)|   0, 0, 1;0,  0;1, -1> +
           (-0.0164367, 0.4092556)|   0, 0, 1;1, -1;0,  0> +
           (-0.0129681, 0.2532551)|   0, 0, 1;1,  1;0,  0> +
           ( 0.0129681,-0.2532551)|   0, 0, 1;0,  0;1,  1> +
           (-0.1771319, 0.0015062)|   0, 1, 0;0,  0;1, -1> +
           ( 0.1771313,-0.0015061)|   0, 1, 0;1, -1;0,  0> +
           (-0.0001260,-0.0000080)|   0, 1, 0;1,  1;1,  0> +
           (-0.0001260,-0.0000080)|   0, 1, 0;1,  0;1,  1> +
           (-0.0000043, 0.0001062)|   0, 0, 1;1,  0;1, -1> +
           (-0.0000043, 0.0001062)|   0, 0, 1;1, -1;1,  0> +
           (-0.0000034, 0.0000657)|   0, 0, 1;1,  1;1,  0> +
           (-0.0000034, 0.0000657)|   0, 0, 1;1,  0;1,  1> +
           ( 0.0000488, 0.0000031)|   0, 1, 0;2,  1;0,  0> +
           ( 0.0000488, 0.0000031)|   0, 1, 0;0,  0;2,  1> +
           ( 0.0000460,-0.0000004)|   0, 1, 0;1,  0;1, -1> +
           ( 0.0000460,-0.0000004)|   0, 1, 0;1, -1;1,  0> +
           ( 0.0000017,-0.0000411)|   0, 0, 1;0,  0;2, -1> +
           ( 0.0000017,-0.0000411)|   0, 0, 1;2, -1;0,  0> +
           ( 0.0000013,-0.0000255)|   0, 0, 1;2,  1;0,  0> +
           ( 0.0000013,-0.0000255)|   0, 0, 1;0,  0;2,  1> +
           (-0.0000178, 0.0000002)|   0, 1, 0;0,  0;2, -1> +
           (-0.0000178, 0.0000002)|   0, 1, 0;2, -1;0,  0> +
            ...
 |  584> = (-0.1861363, 0.4167514)|   0, 0, 1;0,  0;1, -1> +
           (-0.1861362, 0.4167513)|   0, 0, 1;1, -1;0,  0> +
           (-0.2573214,-0.2843187)|   0, 1, 0;0,  0;1,  1> +
           (-0.2573214,-0.2843187)|   0, 1, 0;1,  1;0,  0> +
           ( 0.0492857,-0.3280189)|   0, 0, 1;0,  0;1,  1> +
           ( 0.0492857,-0.3280189)|   0, 0, 1;1,  1;0,  0> +
           (-0.1226349,-0.1398406)|   0, 1, 0;1, -1;0,  0> +
           (-0.1226348,-0.1398405)|   0, 1, 0;0,  0;1, -1> +
           ( 0.0000483,-0.0001082)|   0, 0, 1;1,  0;1, -1> +
           (-0.0000483, 0.0001082)|   0, 0, 1;1, -1;1,  0> +
           ( 0.0000668, 0.0000738)|   0, 1, 0;1,  0;1,  1> +
           (-0.0000668,-0.0000738)|   0, 1, 0;1,  1;1,  0> +
           (-0.0000128, 0.0000852)|   0, 0, 1;1,  0;1,  1> +
           ( 0.0000128,-0.0000852)|   0, 0, 1;1,  1;1,  0> +
           (-0.0000318,-0.0000363)|   0, 1, 0;1, -1;1,  0> +
           ( 0.0000318, 0.0000363)|   0, 1, 0;1,  0;1, -1> +
           (-0.0000187, 0.0000419)|   0, 0, 1;0,  0;2, -1> +
           ( 0.0000187,-0.0000419)|   0, 0, 1;2, -1;0,  0> +
           (-0.0000259,-0.0000286)|   0, 1, 0;0,  0;2,  1> +
           ( 0.0000259, 0.0000286)|   0, 1, 0;2,  1;0,  0> +
           ( 0.0000050,-0.0000330)|   0, 0, 1;0,  0;2,  1> +
           (-0.0000050, 0.0000330)|   0, 0, 1;2,  1;0,  0> +
           ( 0.0000123, 0.0000141)|   0, 1, 0;2, -1;0,  0> +
           (-0.0000123,-0.0000141)|   0, 1, 0;0,  0;2, -1> +
            ...
 |  585> = (-0.5628052, 0.1214803)|   0, 1, 0;1, -1;0,  0> +
           (-0.5628052, 0.1214803)|   0, 1, 0;0,  0;1, -1> +
           (-0.0516010,-0.3259094)|   0, 0, 1;1, -1;0,  0> +
           (-0.0516010,-0.3259091)|   0, 0, 1;0,  0;1, -1> +
           (-0.1058249,-0.1510866)|   0, 0, 1;1,  1;0,  0> +
           (-0.1058249,-0.1510864)|   0, 0, 1;0,  0;1,  1> +
           ( 0.0513956,-0.1514787)|   0, 1, 0;1,  1;0,  0> +
           ( 0.0513951,-0.1514787)|   0, 1, 0;0,  0;1,  1> +
           (-0.0001461, 0.0000315)|   0, 1, 0;1, -1;1,  0> +
           ( 0.0001461,-0.0000315)|   0, 1, 0;1,  0;1, -1> +
           (-0.0000134,-0.0000846)|   0, 0, 1;1, -1;1,  0> +
           ( 0.0000134, 0.0000846)|   0, 0, 1;1,  0;1, -1> +
           ( 0.0000566,-0.0000122)|   0, 1, 0;2, -1;0,  0> +
           (-0.0000566, 0.0000122)|   0, 1, 0;0,  0;2, -1> +
           (-0.0000275,-0.0000392)|   0, 0, 1;1,  1;1,  0> +
           ( 0.0000275, 0.0000392)|   0, 0, 1;1,  0;1,  1> +
           ( 0.0000133,-0.0000393)|   0, 1, 0;1,  1;1,  0> +
           (-0.0000133, 0.0000393)|   0, 1, 0;1,  0;1,  1> +
           ( 0.0000052, 0.0000328)|   0, 0, 1;2, -1;0,  0> +
           (-0.0000052,-0.0000328)|   0, 0, 1;0,  0;2, -1> +
           ( 0.0000106, 0.0000152)|   0, 0, 1;2,  1;0,  0> +
           (-0.0000106,-0.0000152)|   0, 0, 1;0,  0;2,  1> +
           (-0.0000052, 0.0000152)|   0, 1, 0;2,  1;0,  0> +
           ( 0.0000052,-0.0000152)|   0, 1, 0;0,  0;2,  1> +
            ...
 |  586> = ( 0.4115733,-0.2443355)|   0, 1, 0;0,  0;1,  1> +
           ( 0.4115732,-0.2443354)|   0, 1, 0;1,  1;0,  0> +
           (-0.3579239,-0.2674296)|   0, 0, 1;0,  0;1,  1> +
           (-0.3579239,-0.2674296)|   0, 0, 1;1,  1;0,  0> +
           ( 0.2072514, 0.0715181)|   0, 1, 0;1, -1;0,  0> +
           ( 0.2072514, 0.0715182)|   0, 1, 0;0,  0;1, -1> +
           ( 0.1374790, 0.0656585)|   0, 0, 1;1, -1;0,  0> +
           ( 0.1374790, 0.0656584)|   0, 0, 1;0,  0;1, -1> +
           (-0.0001068, 0.0000634)|   0, 1, 0;1,  0;1,  1> +
           ( 0.0001068,-0.0000634)|   0, 1, 0;1,  1;1,  0> +
           ( 0.0000929, 0.0000694)|   0, 0, 1;1,  0;1,  1> +
           (-0.0000929,-0.0000694)|   0, 0, 1;1,  1;1,  0> +
           ( 0.0000538, 0.0000186)|   0, 1, 0;1, -1;1,  0> +
           (-0.0000538,-0.0000186)|   0, 1, 0;1,  0;1, -1> +
           ( 0.0000414,-0.0000246)|   0, 1, 0;0,  0;2,  1> +
           (-0.0000414, 0.0000246)|   0, 1, 0;2,  1;0,  0> +
           (-0.0000360,-0.0000269)|   0, 0, 1;0,  0;2,  1> +
           ( 0.0000360, 0.0000269)|   0, 0, 1;2,  1;0,  0> +
           ( 0.0000357, 0.0000170)|   0, 0, 1;1, -1;1,  0> +
           (-0.0000357,-0.0000170)|   0, 0, 1;1,  0;1, -1> +
           (-0.0000208,-0.0000072)|   0, 1, 0;2, -1;0,  0> +
           ( 0.0000208, 0.0000072)|   0, 1, 0;0,  0;2, -1> +
           (-0.0000138,-0.0000066)|   0, 0, 1;2, -1;0,  0> +
           ( 0.0000138, 0.0000066)|   0, 0, 1;0,  0;2, -1> +
            ...
 |  587> = (-0.0153885, 0.3991789)|   0, 0, 1;0,  0;1, -1> +
           (-0.0153885, 0.3991788)|   0, 0, 1;1, -1;0,  0> +
           (-0.0138347, 0.3951316)|   0, 0, 1;0,  0;1,  1> +
           (-0.0138346, 0.3951315)|   0, 0, 1;1,  1;0,  0> +
           ( 0.3120675,-0.0297126)|   0, 1, 0;1,  1;0,  0> +
           ( 0.3120674,-0.0297126)|   0, 1, 0;0,  0;1,  1> +
           (-0.2922261, 0.0208348)|   0, 1, 0;1, -1;0,  0> +
           (-0.2922260, 0.0208348)|   0, 1, 0;0,  0;1, -1> +
           ( 0.0000040,-0.0001036)|   0, 0, 1;1,  0;1, -1> +
           (-0.0000040, 0.0001036)|   0, 0, 1;1, -1;1,  0> +
           ( 0.0000036,-0.0001026)|   0, 0, 1;1,  0;1,  1> +
           (-0.0000036, 0.0001026)|   0, 0, 1;1,  1;1,  0> +
           ( 0.0000810,-0.0000077)|   0, 1, 0;1,  1;1,  0> +
           (-0.0000810, 0.0000077)|   0, 1, 0;1,  0;1,  1> +
           (-0.0000759, 0.0000054)|   0, 1, 0;1, -1;1,  0> +
           ( 0.0000759,-0.0000054)|   0, 1, 0;1,  0;1, -1> +
           (-0.0000015, 0.0000401)|   0, 0, 1;0,  0;2, -1> +
           ( 0.0000015,-0.0000401)|   0, 0, 1;2, -1;0,  0> +
           (-0.0000014, 0.0000397)|   0, 0, 1;0,  0;2,  1> +
           ( 0.0000014,-0.0000397)|   0, 0, 1;2,  1;0,  0> +
           (-0.0000314, 0.0000030)|   0, 1, 0;2,  1;0,  0> +
           ( 0.0000314,-0.0000030)|   0, 1, 0;0,  0;2,  1> +
           ( 0.0000294,-0.0000021)|   0, 1, 0;2, -1;0,  0> +
           (-0.0000294, 0.0000021)|   0, 1, 0;0,  0;2, -1> +
            ...
 |  588> = (-0.6974422, 0.0252282)|   0, 1, 0;0,  0;1,  0> +
           (-0.6974419, 0.0252282)|   0, 1, 0;1,  0;0,  0> +
           (-0.0559611,-0.0990278)|   0, 0, 1;1,  0;0,  0> +
           (-0.0559611,-0.0990278)|   0, 0, 1;0,  0;1,  0> +
           (-0.0000810, 0.0000029)|   0, 1, 0;0,  0;2,  0> +
           ( 0.0000810,-0.0000029)|   0, 1, 0;2,  0;0,  0> +
           ( 0.0000065, 0.0000115)|   0, 0, 1;2,  0;0,  0> +
           (-0.0000065,-0.0000115)|   0, 0, 1;0,  0;2,  0> +
            ...
 |  589> = ( 0.0564744, 0.6956095)|   0, 0, 1;1,  0;0,  0> +
           ( 0.0564744, 0.6956094)|   0, 0, 1;0,  0;1,  0> +
           (-0.1048907,-0.0440013)|   0, 1, 0;0,  0;1,  0> +
           (-0.1048906,-0.0440013)|   0, 1, 0;1,  0;0,  0> +
           (-0.0000066,-0.0000808)|   0, 0, 1;2,  0;0,  0> +
           ( 0.0000066, 0.0000808)|   0, 0, 1;0,  0;2,  0> +
           (-0.0000122,-0.0000051)|   0, 1, 0;0,  0;2,  0> +
           ( 0.0000122, 0.0000051)|   0, 1, 0;2,  0;0,  0> +
            ...
 |  590> = ( 0.2914848,-0.6273644)|   0, 0, 1;0,  0;1,  0> +
           (-0.2914848, 0.6273643)|   0, 0, 1;1,  0;0,  0> +
           (-0.1396161,-0.0442464)|   0, 1, 0;1,  0;0,  0> +
           ( 0.1396161, 0.0442465)|   0, 1, 0;0,  0;1,  0> +
           (-0.0001513, 0.0003257)|   0, 0, 1;1,  0;1,  0> +
           (-0.0001513, 0.0003257)|   0, 0, 1;0,  0;0,  0> +
           ( 0.0000338,-0.0000728)|   0, 0, 1;0,  0;2,  0> +
           ( 0.0000338,-0.0000728)|   0, 0, 1;2,  0;0,  0> +
           (-0.0000725,-0.0000230)|   0, 1, 0;1,  0;1,  0> +
           (-0.0000725,-0.0000230)|   0, 1, 0;0,  0;0,  0> +
           ( 0.0000162, 0.0000051)|   0, 1, 0;2,  0;0,  0> +
           ( 0.0000162, 0.0000051)|   0, 1, 0;0,  0;2,  0> +
            ...
 |  591> = (-0.6917596, 0.0042784)|   0, 1, 0;1,  0;0,  0> +
           ( 0.6917593,-0.0042784)|   0, 1, 0;0,  0;1,  0> +
           (-0.0178029, 0.1453736)|   0, 0, 1;0,  0;1,  0> +
           ( 0.0178029,-0.1453735)|   0, 0, 1;1,  0;0,  0> +
           (-0.0003592, 0.0000022)|   0, 1, 0;1,  0;1,  0> +
           (-0.0003592, 0.0000022)|   0, 1, 0;0,  0;0,  0> +
           ( 0.0000803,-0.0000005)|   0, 1, 0;2,  0;0,  0> +
           ( 0.0000803,-0.0000005)|   0, 1, 0;0,  0;2,  0> +
           ( 0.0000092,-0.0000755)|   0, 0, 1;1,  0;1,  0> +
           ( 0.0000092,-0.0000755)|   0, 0, 1;0,  0;0,  0> +
           (-0.0000021, 0.0000169)|   0, 0, 1;0,  0;2,  0> +
           (-0.0000021, 0.0000169)|   0, 0, 1;2,  0;0,  0> +
            ...
 |  592> = (-0.7070562, 0.0040146)|   6, 0, 0;0,  0;1,  1> +
           ( 0.7070553,-0.0040144)|   6, 0, 0;1,  1;0,  0> +
           (-0.0074884, 0.0000297)|   6, 0, 0;0,  0;1, -1> +
           ( 0.0074884,-0.0000297)|   6, 0, 0;1, -1;0,  0> +
           ( 0.0001835,-0.0000010)|   6, 0, 0;1,  0;1,  1> +
           ( 0.0001835,-0.0000010)|   6, 0, 0;1,  1;1,  0> +
           (-0.0000711, 0.0000004)|   6, 0, 0;0,  0;2,  1> +
           (-0.0000711, 0.0000004)|   6, 0, 0;2,  1;0,  0> +
            ...
 |  593> = ( 0.7070673,-0.0000210)|   6, 0, 0;1, -1;0,  0> +
           (-0.7070669, 0.0000210)|   6, 0, 0;0,  0;1, -1> +
           (-0.0074884, 0.0000130)|   6, 0, 0;1,  1;0,  0> +
           ( 0.0074884,-0.0000130)|   6, 0, 0;0,  0;1,  1> +
           ( 0.0001836,-0.0000000)|   6, 0, 0;1, -1;1,  0> +
           ( 0.0001836,-0.0000000)|   6, 0, 0;1,  0;1, -1> +
           (-0.0000711, 0.0000000)|   6, 0, 0;2, -1;0,  0> +
           (-0.0000711, 0.0000000)|   6, 0, 0;0,  0;2, -1> +
            ...
