p1643
p1643
p1643
p1643
p1643
p1643
p1643
p1643
p1643
p1643
p1643
p1643
p1643
p1643
p1643
p1643
p1643
p1643
p1643
p1643
p1643
p1643
p1643
p1643
# Parameters of the model
#  mass:		  261.0000 u
#  charge:	    1.0000 e
#  dipole:	 125.00000 D
#  B:		    503.65 MHz
#  omega_rho:	    1.4000 MHz
#  omega_z:	  0.160000 MHz

# omega_1:	  0.277128 MHz
# omega_3/5:	   1.39083 MHz

# Basis truncation:	|34,4,4;2,2>
# Basis size:		44064

# Active terms of the Hamiltionian:
# 	Nomal modes:	1
# 	T_rot:      	1
# 	V_qd^{(0)}: 	1
# 	V_qd^{(1)}: 	1
# 	V_dd^{(0)}: 	1

# Results of the diagonalisation
# 100 smallest eigenvalues
 5.510164792 6.510164767 7.510164742 8.510164717 9.510164692 10.510164667 10.528879766 10.528879766 11.510164642 11.528879741 11.528879741 12.510164617 12.528879715 12.528879716 13.510164592 13.528879690 13.528879691 14.510164567 14.528879665 14.528879666 15.510164542 15.528879640 15.528879641 15.547594739 15.547594739 15.547594739 16.510164516 16.528879615 16.528879615 16.547594714 16.547594714 16.547594714 17.510164492 17.528879590 17.528879591 17.547594689 17.547594689 17.547594689 18.510164467 18.528879566 18.528879566 18.547594664 18.547594664 18.547594664 19.510164442 19.528879540 19.528879541 19.547594639 19.547594639 19.547594639 20.510164417 20.528879515 20.528879515 20.547594614 20.547594614 20.547594614 20.566309713 20.566309713 20.566309716 20.566309716 21.510164391 21.528879490 21.528879491 21.547594589 21.547594589 21.547594589 21.566309688 21.566309688 21.566309690 21.566309691 22.510164366 22.528879465 22.528879466 22.547594564 22.547594564 22.547594564 22.566309663 22.566309663 22.566309666 22.566309666 23.510164341 23.528879440 23.528879440 23.547594539 23.547594539 23.547594539 23.566309638 23.566309638 23.566309640 23.566309641 24.510164317 24.528879415 24.528879416 24.547594514 24.547594514 24.547594515 24.566309613 24.566309613 24.566309615 24.566309615

# Ground state and the lowest excitations:
 |    0> = ( 0.9999998, 0.0000000)|   0, 0, 0;0,  0;0,  0> +
           ( 0.0004327,-0.0000000)|   0, 0, 0;0,  0;1,  0> +
           (-0.0004327,-0.0000000)|   0, 0, 0;1,  0;0,  0> +
           (-0.0000207,-0.0000000)|   1, 0, 0;0,  0;0,  0> +
            ...
 |    1> = ( 0.9999998, 0.0000000)|   1, 0, 0;0,  0;0,  0> +
           ( 0.0004327, 0.0000000)|   1, 0, 0;0,  0;1,  0> +
           (-0.0004327, 0.0000000)|   1, 0, 0;1,  0;0,  0> +
           (-0.0000293,-0.0000000)|   2, 0, 0;0,  0;0,  0> +
           ( 0.0000207, 0.0000000)|   0, 0, 0;0,  0;0,  0> +
            ...
 |    2> = (-0.9999998, 0.0000000)|   2, 0, 0;0,  0;0,  0> +
           (-0.0004327,-0.0000000)|   2, 0, 0;0,  0;1,  0> +
           ( 0.0004327,-0.0000000)|   2, 0, 0;1,  0;0,  0> +
           ( 0.0000358, 0.0000000)|   3, 0, 0;0,  0;0,  0> +
           (-0.0000293,-0.0000000)|   1, 0, 0;0,  0;0,  0> +
            ...
 |    3> = (-0.9999998,-0.0000000)|   3, 0, 0;0,  0;0,  0> +
           (-0.0004327,-0.0000000)|   3, 0, 0;0,  0;1,  0> +
           ( 0.0004327,-0.0000000)|   3, 0, 0;1,  0;0,  0> +
           ( 0.0000414, 0.0000000)|   4, 0, 0;0,  0;0,  0> +
           (-0.0000358,-0.0000000)|   2, 0, 0;0,  0;0,  0> +
            ...
 |    4> = (-0.9999998, 0.0000000)|   4, 0, 0;0,  0;0,  0> +
           (-0.0004327,-0.0000000)|   4, 0, 0;0,  0;1,  0> +
           ( 0.0004327, 0.0000000)|   4, 0, 0;1,  0;0,  0> +
           ( 0.0000462, 0.0000000)|   5, 0, 0;0,  0;0,  0> +
           (-0.0000414,-0.0000000)|   3, 0, 0;0,  0;0,  0> +
            ...
 |    5> = ( 0.9999998, 0.0000000)|   5, 0, 0;0,  0;0,  0> +
           ( 0.0004327, 0.0000000)|   5, 0, 0;0,  0;1,  0> +
           (-0.0004327,-0.0000000)|   5, 0, 0;1,  0;0,  0> +
           (-0.0000507,-0.0000000)|   6, 0, 0;0,  0;0,  0> +
           ( 0.0000463, 0.0000000)|   4, 0, 0;0,  0;0,  0> +
            ...
 |    6> = (-0.8284548, 0.0919059)|   0, 1, 0;0,  0;0,  0> +
           ( 0.0922728,-0.5447030)|   0, 0, 1;0,  0;0,  0> +
           (-0.0003584, 0.0000398)|   0, 1, 0;0,  0;1,  0> +
           ( 0.0003584,-0.0000398)|   0, 1, 0;1,  0;0,  0> +
           ( 0.0000399,-0.0002357)|   0, 0, 1;0,  0;1,  0> +
           (-0.0000399, 0.0002357)|   0, 0, 1;1,  0;0,  0> +
           ( 0.0000171,-0.0000019)|   1, 1, 0;0,  0;0,  0> +
           (-0.0000019, 0.0000113)|   1, 0, 1;0,  0;0,  0> +
            ...
 |    7> = ( 0.3772604, 0.7432756)|   0, 0, 1;0,  0;0,  0> +
           (-0.4049937, 0.3757602)|   0, 1, 0;0,  0;0,  0> +
           (-0.0001632,-0.0003216)|   0, 0, 1;1,  0;0,  0> +
           ( 0.0001632, 0.0003216)|   0, 0, 1;0,  0;1,  0> +
           ( 0.0001752,-0.0001626)|   0, 1, 0;1,  0;0,  0> +
           (-0.0001752, 0.0001626)|   0, 1, 0;0,  0;1,  0> +
           (-0.0000078,-0.0000154)|   1, 0, 1;0,  0;0,  0> +
           ( 0.0000084,-0.0000078)|   1, 1, 0;0,  0;0,  0> +
            ...
 |    8> = ( 0.9999998, 0.0000000)|   6, 0, 0;0,  0;0,  0> +
           (-0.0004327,-0.0000000)|   6, 0, 0;1,  0;0,  0> +
           ( 0.0004327, 0.0000000)|   6, 0, 0;0,  0;1,  0> +
           (-0.0000547,-0.0000000)|   7, 0, 0;0,  0;0,  0> +
           ( 0.0000507,-0.0000000)|   5, 0, 0;0,  0;0,  0> +
            ...
 |    9> = ( 0.8737876,-0.0054014)|   1, 1, 0;0,  0;0,  0> +
           (-0.0054204, 0.4862471)|   1, 0, 1;0,  0;0,  0> +
           ( 0.0003780,-0.0000023)|   1, 1, 0;0,  0;1,  0> +
           (-0.0003780, 0.0000023)|   1, 1, 0;1,  0;0,  0> +
           ( 0.0000023,-0.0002104)|   1, 0, 1;1,  0;0,  0> +
           (-0.0000023, 0.0002104)|   1, 0, 1;0,  0;1,  0> +
           (-0.0000256, 0.0000002)|   2, 1, 0;0,  0;0,  0> +
           ( 0.0000181,-0.0000001)|   0, 1, 0;0,  0;0,  0> +
           ( 0.0000002,-0.0000142)|   2, 0, 1;0,  0;0,  0> +
           (-0.0000001, 0.0000101)|   0, 0, 1;0,  0;0,  0> +
            ...
 |   10> = ( 0.0191426, 0.8735946)|   1, 0, 1;0,  0;0,  0> +
           (-0.4859031, 0.0190753)|   1, 1, 0;0,  0;0,  0> +
           (-0.0000083,-0.0003780)|   1, 0, 1;1,  0;0,  0> +
           ( 0.0000083, 0.0003780)|   1, 0, 1;0,  0;1,  0> +
           (-0.0002102, 0.0000083)|   1, 1, 0;0,  0;1,  0> +
           ( 0.0002102,-0.0000083)|   1, 1, 0;1,  0;0,  0> +
           (-0.0000006,-0.0000256)|   2, 0, 1;0,  0;0,  0> +
           ( 0.0000004, 0.0000181)|   0, 0, 1;0,  0;0,  0> +
           ( 0.0000142,-0.0000006)|   2, 1, 0;0,  0;0,  0> +
           (-0.0000101, 0.0000004)|   0, 1, 0;0,  0;0,  0> +
            ...
 |   11> = ( 0.9999998, 0.0000000)|   7, 0, 0;0,  0;0,  0> +
           (-0.0004327,-0.0000000)|   7, 0, 0;1,  0;0,  0> +
           ( 0.0004327, 0.0000000)|   7, 0, 0;0,  0;1,  0> +
           (-0.0000585,-0.0000000)|   8, 0, 0;0,  0;0,  0> +
           ( 0.0000547,-0.0000000)|   6, 0, 0;0,  0;0,  0> +
            ...
 |   12> = ( 0.7623765, 0.0005520)|   2, 1, 0;0,  0;0,  0> +
           ( 0.0005538,-0.6471329)|   2, 0, 1;0,  0;0,  0> +
           (-0.0003298,-0.0000002)|   2, 1, 0;1,  0;0,  0> +
           ( 0.0003298, 0.0000002)|   2, 1, 0;0,  0;1,  0> +
           ( 0.0000002,-0.0002800)|   2, 0, 1;0,  0;1,  0> +
           (-0.0000002, 0.0002800)|   2, 0, 1;1,  0;0,  0> +
           (-0.0000273,-0.0000000)|   3, 1, 0;0,  0;0,  0> +
           (-0.0000000, 0.0000232)|   3, 0, 1;0,  0;0,  0> +
           ( 0.0000223, 0.0000000)|   1, 1, 0;0,  0;0,  0> +
           ( 0.0000000,-0.0000189)|   1, 0, 1;0,  0;0,  0> +
            ...
 |   13> = ( 0.0000462,-0.7623767)|   2, 0, 1;0,  0;0,  0> +
           (-0.6471332, 0.0000460)|   2, 1, 0;0,  0;0,  0> +
           (-0.0000000, 0.0003298)|   2, 0, 1;1,  0;0,  0> +
           ( 0.0000000,-0.0003298)|   2, 0, 1;0,  0;1,  0> +
           ( 0.0002800,-0.0000000)|   2, 1, 0;1,  0;0,  0> +
           (-0.0002800, 0.0000000)|   2, 1, 0;0,  0;1,  0> +
           (-0.0000000, 0.0000273)|   3, 0, 1;0,  0;0,  0> +
           ( 0.0000232,-0.0000000)|   3, 1, 0;0,  0;0,  0> +
           ( 0.0000000,-0.0000223)|   1, 0, 1;0,  0;0,  0> +
           (-0.0000189, 0.0000000)|   1, 1, 0;0,  0;0,  0> +
            ...
 |   14> = (-0.9999998,-0.0000000)|   8, 0, 0;0,  0;0,  0> +
           ( 0.0004327, 0.0000000)|   8, 0, 0;1,  0;0,  0> +
           (-0.0004327,-0.0000000)|   8, 0, 0;0,  0;1,  0> +
           ( 0.0000620, 0.0000000)|   9, 0, 0;0,  0;0,  0> +
           (-0.0000585, 0.0000000)|   7, 0, 0;0,  0;0,  0> +
            ...
 |   15> = (-0.0022606, 0.7595149)|   3, 0, 1;0,  0;0,  0> +
           (-0.6504817,-0.0022539)|   3, 1, 0;0,  0;0,  0> +
           (-0.0000010, 0.0003286)|   3, 0, 1;0,  0;1,  0> +
           ( 0.0000010,-0.0003286)|   3, 0, 1;1,  0;0,  0> +
           ( 0.0002814, 0.0000010)|   3, 1, 0;1,  0;0,  0> +
           (-0.0002814,-0.0000010)|   3, 1, 0;0,  0;1,  0> +
           ( 0.0000001,-0.0000314)|   4, 0, 1;0,  0;0,  0> +
           (-0.0000001, 0.0000272)|   2, 0, 1;0,  0;0,  0> +
           ( 0.0000269, 0.0000001)|   4, 1, 0;0,  0;0,  0> +
           (-0.0000233,-0.0000001)|   2, 1, 0;0,  0;0,  0> +
            ...
 |   16> = (-0.7595183,-0.0001709)|   3, 1, 0;0,  0;0,  0> +
           (-0.0001714,-0.6504856)|   3, 0, 1;0,  0;0,  0> +
           (-0.0003286,-0.0000001)|   3, 1, 0;0,  0;1,  0> +
           ( 0.0003286, 0.0000001)|   3, 1, 0;1,  0;0,  0> +
           ( 0.0000001, 0.0002814)|   3, 0, 1;1,  0;0,  0> +
           (-0.0000001,-0.0002814)|   3, 0, 1;0,  0;1,  0> +
           ( 0.0000314, 0.0000000)|   4, 1, 0;0,  0;0,  0> +
           (-0.0000272,-0.0000000)|   2, 1, 0;0,  0;0,  0> +
           ( 0.0000000, 0.0000269)|   4, 0, 1;0,  0;0,  0> +
           (-0.0000000,-0.0000233)|   2, 0, 1;0,  0;0,  0> +
            ...
 |   17> = ( 0.9999998, 0.0000000)|   9, 0, 0;0,  0;0,  0> +
           (-0.0004327,-0.0000000)|   9, 0, 0;1,  0;0,  0> +
           ( 0.0004327, 0.0000000)|   9, 0, 0;0,  0;1,  0> +
           (-0.0000654,-0.0000000)|  10, 0, 0;0,  0;0,  0> +
           ( 0.0000621, 0.0000000)|   8, 0, 0;0,  0;0,  0> +
            ...
 |   18> = ( 0.6643496, 0.2863541)|   4, 1, 0;0,  0;0,  0> +
           ( 0.2871685,-0.6278334)|   4, 0, 1;0,  0;0,  0> +
           ( 0.0002874, 0.0001239)|   4, 1, 0;0,  0;1,  0> +
           (-0.0002874,-0.0001239)|   4, 1, 0;1,  0;0,  0> +
           (-0.0001242, 0.0002716)|   4, 0, 1;1,  0;0,  0> +
           ( 0.0001242,-0.0002716)|   4, 0, 1;0,  0;1,  0> +
           (-0.0000307,-0.0000132)|   5, 1, 0;0,  0;0,  0> +
           (-0.0000133, 0.0000290)|   5, 0, 1;0,  0;0,  0> +
           ( 0.0000275, 0.0000118)|   3, 1, 0;0,  0;0,  0> +
           ( 0.0000119,-0.0000260)|   3, 0, 1;0,  0;0,  0> +
            ...
 |   19> = (-0.0077904, 0.7233936)|   4, 0, 1;0,  0;0,  0> +
           ( 0.6903479,-0.0077683)|   4, 1, 0;0,  0;0,  0> +
           ( 0.0000034,-0.0003130)|   4, 0, 1;1,  0;0,  0> +
           (-0.0000034, 0.0003130)|   4, 0, 1;0,  0;1,  0> +
           (-0.0002987, 0.0000034)|   4, 1, 0;1,  0;0,  0> +
           ( 0.0002987,-0.0000034)|   4, 1, 0;0,  0;1,  0> +
           ( 0.0000004,-0.0000335)|   5, 0, 1;0,  0;0,  0> +
           (-0.0000319, 0.0000004)|   5, 1, 0;0,  0;0,  0> +
           (-0.0000003, 0.0000299)|   3, 0, 1;0,  0;0,  0> +
           ( 0.0000286,-0.0000003)|   3, 1, 0;0,  0;0,  0> +
            ...
 |   20> = (-0.9999998, 0.0000000)|  10, 0, 0;0,  0;0,  0> +
           (-0.0004327, 0.0000000)|  10, 0, 0;0,  0;1,  0> +
           ( 0.0004327,-0.0000000)|  10, 0, 0;1,  0;0,  0> +
           ( 0.0000686,-0.0000000)|  11, 0, 0;0,  0;0,  0> +
           (-0.0000654, 0.0000000)|   9, 0, 0;0,  0;0,  0> +
            ...
 |   21> = ( 0.0016820, 0.7091730)|   5, 0, 1;0,  0;0,  0> +
           (-0.7050302, 0.0016772)|   5, 1, 0;0,  0;0,  0> +
           ( 0.0000007, 0.0003068)|   5, 0, 1;0,  0;1,  0> +
           (-0.0000007,-0.0003068)|   5, 0, 1;1,  0;0,  0> +
           ( 0.0003050,-0.0000007)|   5, 1, 0;1,  0;0,  0> +
           (-0.0003050, 0.0000007)|   5, 1, 0;0,  0;1,  0> +
           (-0.0000001,-0.0000359)|   6, 0, 1;0,  0;0,  0> +
           ( 0.0000357,-0.0000001)|   6, 1, 0;0,  0;0,  0> +
           ( 0.0000001, 0.0000328)|   4, 0, 1;0,  0;0,  0> +
           (-0.0000326, 0.0000001)|   4, 1, 0;0,  0;0,  0> +
            ...
 |   22> = ( 0.7091750,-0.0000026)|   5, 1, 0;0,  0;0,  0> +
           (-0.0000024, 0.7050322)|   5, 0, 1;0,  0;0,  0> +
           (-0.0003068, 0.0000000)|   5, 1, 0;1,  0;0,  0> +
           ( 0.0003068,-0.0000000)|   5, 1, 0;0,  0;1,  0> +
           ( 0.0000000,-0.0003050)|   5, 0, 1;1,  0;0,  0> +
           (-0.0000000, 0.0003050)|   5, 0, 1;0,  0;1,  0> +
           (-0.0000359, 0.0000000)|   6, 1, 0;0,  0;0,  0> +
           ( 0.0000000,-0.0000357)|   6, 0, 1;0,  0;0,  0> +
           ( 0.0000328,-0.0000000)|   4, 1, 0;0,  0;0,  0> +
           (-0.0000000, 0.0000326)|   4, 0, 1;0,  0;0,  0> +
            ...
 |   23> = ( 0.0179625,-0.9998385)|   0, 1, 1;0,  0;0,  0> +
           ( 0.0000078,-0.0004326)|   0, 1, 1;0,  0;1,  0> +
           (-0.0000078, 0.0004326)|   0, 1, 1;1,  0;0,  0> +
           (-0.0000004, 0.0000207)|   1, 1, 1;0,  0;0,  0> +
            ...
 |   24> = ( 0.7078478, 0.0000000)|   0, 0, 2;0,  0;0,  0> +
           ( 0.7063647,-0.0000000)|   0, 2, 0;0,  0;0,  0> +
           ( 0.0003063, 0.0000000)|   0, 0, 2;0,  0;1,  0> +
           (-0.0003063,-0.0000000)|   0, 0, 2;1,  0;0,  0> +
           ( 0.0003056,-0.0000000)|   0, 2, 0;0,  0;1,  0> +
           (-0.0003056, 0.0000000)|   0, 2, 0;1,  0;0,  0> +
           (-0.0000146,-0.0000000)|   1, 0, 2;0,  0;0,  0> +
           (-0.0000146, 0.0000000)|   1, 2, 0;0,  0;0,  0> +
            ...
 # The upper part of the spectrum
 # Eigenvalues first: 544	 last: 594
 22843.572922229 22843.572922229 22843.573779270 22843.573779270 22843.576341291 22843.578055370 22844.572922213 22844.572922213 22844.573779253 22844.573779253 22844.576341285 22844.578055365 22845.572922197 22845.572922197 22845.573779237 22845.573779237 22845.576341280 22845.578055360 22846.572922180 22846.572922180 22846.573779221 22846.573779221 22846.576341276 22846.578055355 22847.572922164 22847.572922164 22847.573779204 22847.573779205 22847.576341271 22847.578055350 22848.572922148 22848.572922149 22848.573779188 22848.573779189 22848.576341265 22848.578055346 22848.591637203 22848.591637204 22848.591637204 22848.591637204 22848.592494243 22848.592494244 22848.592494244 22848.592494245 22848.595056265 22848.595056265 22848.596770345 22848.596770345 22849.572922132 22849.572922132

# Excited states :
 |  543> = (-0.0025512, 0.9999966)|  33, 3, 3;0,  0;0,  0> +
           (-0.0000011, 0.0004327)|  33, 3, 3;0,  0;1,  0> +
           ( 0.0000011,-0.0004327)|  33, 3, 3;1,  0;0,  0> +
           (-0.0000003, 0.0001188)|  32, 3, 3;0,  0;0,  0> +
            ...
 |  544> = ( 0.6955723, 0.0545963)|   0, 0, 0;1,  1;0,  0> +
           (-0.6955721,-0.0545963)|   0, 0, 0;0,  0;1,  1> +
           (-0.1148828,-0.0006411)|   0, 0, 0;0,  0;1, -1> +
           ( 0.1148828, 0.0006411)|   0, 0, 0;1, -1;0,  0> +
           ( 0.0003009, 0.0000236)|   0, 0, 0;1,  1;1,  0> +
           ( 0.0003009, 0.0000236)|   0, 0, 0;1,  0;1,  1> +
           (-0.0001166,-0.0000091)|   0, 0, 0;2,  1;0,  0> +
           (-0.0001166,-0.0000091)|   0, 0, 0;0,  0;2,  1> +
           ( 0.0000497, 0.0000003)|   0, 0, 0;1,  0;1, -1> +
           ( 0.0000497, 0.0000003)|   0, 0, 0;1, -1;1,  0> +
           (-0.0000193,-0.0000001)|   0, 0, 0;0,  0;2, -1> +
           (-0.0000193,-0.0000001)|   0, 0, 0;2, -1;0,  0> +
            ...
 |  545> = ( 0.6977117,-0.0000979)|   0, 0, 0;0,  0;1, -1> +
           (-0.6977114, 0.0000979)|   0, 0, 0;1, -1;0,  0> +
           ( 0.1145819, 0.0083345)|   0, 0, 0;1,  1;0,  0> +
           (-0.1145818,-0.0083345)|   0, 0, 0;0,  0;1,  1> +
           (-0.0003019, 0.0000000)|   0, 0, 0;1,  0;1, -1> +
           (-0.0003019, 0.0000000)|   0, 0, 0;1, -1;1,  0> +
           ( 0.0001169,-0.0000000)|   0, 0, 0;0,  0;2, -1> +
           ( 0.0001169,-0.0000000)|   0, 0, 0;2, -1;0,  0> +
           ( 0.0000496, 0.0000036)|   0, 0, 0;1,  1;1,  0> +
           ( 0.0000496, 0.0000036)|   0, 0, 0;1,  0;1,  1> +
           (-0.0000192,-0.0000014)|   0, 0, 0;2,  1;0,  0> +
           (-0.0000192,-0.0000014)|   0, 0, 0;0,  0;2,  1> +
            ...
 |  546> = ( 0.7068890,-0.0000323)|   0, 0, 0;1, -1;0,  0> +
           ( 0.7068888,-0.0000323)|   0, 0, 0;0,  0;1, -1> +
           ( 0.0173315,-0.0027591)|   0, 0, 0;1,  1;0,  0> +
           ( 0.0173315,-0.0027591)|   0, 0, 0;0,  0;1,  1> +
           ( 0.0003058,-0.0000000)|   0, 0, 0;1, -1;1,  0> +
           (-0.0003058, 0.0000000)|   0, 0, 0;1,  0;1, -1> +
           (-0.0001185, 0.0000000)|   0, 0, 0;2, -1;0,  0> +
           ( 0.0001185,-0.0000000)|   0, 0, 0;0,  0;2, -1> +
            ...
 |  547> = ( 0.7028259,-0.0756823)|   0, 0, 0;0,  0;1,  1> +
           ( 0.7028257,-0.0756823)|   0, 0, 0;1,  1;0,  0> +
           (-0.0175273,-0.0008869)|   0, 0, 0;0,  0;1, -1> +
           (-0.0175273,-0.0008869)|   0, 0, 0;1, -1;0,  0> +
           (-0.0003041, 0.0000327)|   0, 0, 0;1,  0;1,  1> +
           ( 0.0003041,-0.0000327)|   0, 0, 0;1,  1;1,  0> +
           ( 0.0001178,-0.0000127)|   0, 0, 0;0,  0;2,  1> +
           (-0.0001178, 0.0000127)|   0, 0, 0;2,  1;0,  0> +
            ...
 |  548> = ( 0.7071068,-0.0000000)|   0, 0, 0;0,  0;1,  0> +
           ( 0.7071068,-0.0000000)|   0, 0, 0;1,  0;0,  0> +
           ( 0.0001368,-0.0000000)|   0, 0, 0;0,  0;2,  0> +
           (-0.0001368, 0.0000000)|   0, 0, 0;2,  0;0,  0> +
            ...
 |  549> = ( 0.7071065,-0.0000000)|   0, 0, 0;1,  0;0,  0> +
           (-0.7071065,-0.0000000)|   0, 0, 0;0,  0;1,  0> +
           ( 0.0006119, 0.0000000)|   0, 0, 0;1,  0;1,  0> +
           ( 0.0006119, 0.0000000)|   0, 0, 0;0,  0;0,  0> +
           (-0.0001368, 0.0000000)|   0, 0, 0;2,  0;0,  0> +
           (-0.0001368,-0.0000000)|   0, 0, 0;0,  0;2,  0> +
            ...
 |  550> = ( 0.6062907, 0.0106130)|   1, 0, 0;0,  0;1, -1> +
           (-0.6062905,-0.0106130)|   1, 0, 0;1, -1;0,  0> +
           ( 0.3636348, 0.0082925)|   1, 0, 0;0,  0;1,  1> +
           (-0.3636346,-0.0082925)|   1, 0, 0;1,  1;0,  0> +
           (-0.0002623,-0.0000046)|   1, 0, 0;1,  0;1, -1> +
           (-0.0002623,-0.0000046)|   1, 0, 0;1, -1;1,  0> +
           (-0.0001573,-0.0000036)|   1, 0, 0;1,  0;1,  1> +
           (-0.0001573,-0.0000036)|   1, 0, 0;1,  1;1,  0> +
           ( 0.0001016, 0.0000018)|   1, 0, 0;0,  0;2, -1> +
           ( 0.0001016, 0.0000018)|   1, 0, 0;2, -1;0,  0> +
           ( 0.0000609, 0.0000014)|   1, 0, 0;0,  0;2,  1> +
           ( 0.0000609, 0.0000014)|   1, 0, 0;2,  1;0,  0> +
           (-0.0000115,-0.0000002)|   2, 0, 0;0,  0;1, -1> +
           ( 0.0000115, 0.0000002)|   2, 0, 0;1, -1;0,  0> +
            ...
 |  551> = ( 0.6063827, 0.0010251)|   1, 0, 0;0,  0;1,  1> +
           (-0.6063825,-0.0010251)|   1, 0, 0;1,  1;0,  0> +
           (-0.3637269, 0.0013120)|   1, 0, 0;0,  0;1, -1> +
           ( 0.3637269,-0.0013120)|   1, 0, 0;1, -1;0,  0> +
           (-0.0002624,-0.0000004)|   1, 0, 0;1,  0;1,  1> +
           (-0.0002624,-0.0000004)|   1, 0, 0;1,  1;1,  0> +
           ( 0.0001574,-0.0000006)|   1, 0, 0;1,  0;1, -1> +
           ( 0.0001574,-0.0000006)|   1, 0, 0;1, -1;1,  0> +
           ( 0.0001016, 0.0000002)|   1, 0, 0;0,  0;2,  1> +
           ( 0.0001016, 0.0000002)|   1, 0, 0;2,  1;0,  0> +
           (-0.0000609, 0.0000002)|   1, 0, 0;0,  0;2, -1> +
           (-0.0000609, 0.0000002)|   1, 0, 0;2, -1;0,  0> +
           (-0.0000115,-0.0000000)|   2, 0, 0;0,  0;1,  1> +
           ( 0.0000115, 0.0000000)|   2, 0, 0;1,  1;0,  0> +
            ...
 |  552> = (-0.5450490, 0.0009600)|   1, 0, 0;1, -1;0,  0> +
           (-0.5450489, 0.0009600)|   1, 0, 0;0,  0;1, -1> +
           ( 0.4504660, 0.0010456)|   1, 0, 0;1,  1;0,  0> +
           ( 0.4504658, 0.0010456)|   1, 0, 0;0,  0;1,  1> +
           (-0.0002358, 0.0000004)|   1, 0, 0;1, -1;1,  0> +
           ( 0.0002358,-0.0000004)|   1, 0, 0;1,  0;1, -1> +
           ( 0.0001949, 0.0000005)|   1, 0, 0;1,  1;1,  0> +
           (-0.0001949,-0.0000005)|   1, 0, 0;1,  0;1,  1> +
           ( 0.0000913,-0.0000002)|   1, 0, 0;2, -1;0,  0> +
           (-0.0000913, 0.0000002)|   1, 0, 0;0,  0;2, -1> +
           (-0.0000755,-0.0000002)|   1, 0, 0;2,  1;0,  0> +
           ( 0.0000755, 0.0000002)|   1, 0, 0;0,  0;2,  1> +
           ( 0.0000104,-0.0000000)|   2, 0, 0;1, -1;0,  0> +
           ( 0.0000104,-0.0000000)|   2, 0, 0;0,  0;1, -1> +
            ...
 |  553> = (-0.5446807, 0.0200573)|   1, 0, 0;1,  1;0,  0> +
           (-0.5446805, 0.0200573)|   1, 0, 0;0,  0;1,  1> +
           (-0.4500907, 0.0184144)|   1, 0, 0;1, -1;0,  0> +
           (-0.4500905, 0.0184144)|   1, 0, 0;0,  0;1, -1> +
           (-0.0002357, 0.0000087)|   1, 0, 0;1,  1;1,  0> +
           ( 0.0002357,-0.0000087)|   1, 0, 0;1,  0;1,  1> +
           (-0.0001947, 0.0000080)|   1, 0, 0;1, -1;1,  0> +
           ( 0.0001947,-0.0000080)|   1, 0, 0;1,  0;1, -1> +
           ( 0.0000913,-0.0000034)|   1, 0, 0;2,  1;0,  0> +
           (-0.0000913, 0.0000034)|   1, 0, 0;0,  0;2,  1> +
           ( 0.0000754,-0.0000031)|   1, 0, 0;2, -1;0,  0> +
           (-0.0000754, 0.0000031)|   1, 0, 0;0,  0;2, -1> +
           ( 0.0000104,-0.0000004)|   2, 0, 0;1,  1;0,  0> +
           ( 0.0000104,-0.0000004)|   2, 0, 0;0,  0;1,  1> +
            ...
 |  554> = (-0.7071068, 0.0000000)|   1, 0, 0;0,  0;1,  0> +
           (-0.7071068, 0.0000000)|   1, 0, 0;1,  0;0,  0> +
           (-0.0001368, 0.0000000)|   1, 0, 0;0,  0;2,  0> +
           ( 0.0001368,-0.0000000)|   1, 0, 0;2,  0;0,  0> +
            ...
 |  555> = (-0.7071065, 0.0000000)|   1, 0, 0;1,  0;0,  0> +
           ( 0.7071065, 0.0000000)|   1, 0, 0;0,  0;1,  0> +
           (-0.0006119, 0.0000000)|   1, 0, 0;1,  0;1,  0> +
           (-0.0006119, 0.0000000)|   1, 0, 0;0,  0;0,  0> +
           ( 0.0001368,-0.0000000)|   1, 0, 0;2,  0;0,  0> +
           ( 0.0001368, 0.0000000)|   1, 0, 0;0,  0;2,  0> +
            ...
 |  556> = (-0.7071038,-0.0000000)|   2, 0, 0;0,  0;1, -1> +
           ( 0.7071035, 0.0000000)|   2, 0, 0;1, -1;0,  0> +
           (-0.0020726, 0.0000000)|   2, 0, 0;0,  0;1,  1> +
           ( 0.0020726,-0.0000000)|   2, 0, 0;1,  1;0,  0> +
           ( 0.0003059, 0.0000000)|   2, 0, 0;1,  0;1, -1> +
           ( 0.0003059, 0.0000000)|   2, 0, 0;1, -1;1,  0> +
           (-0.0001185,-0.0000000)|   2, 0, 0;0,  0;2, -1> +
           (-0.0001185,-0.0000000)|   2, 0, 0;2, -1;0,  0> +
           ( 0.0000165, 0.0000000)|   3, 0, 0;0,  0;1, -1> +
           (-0.0000165,-0.0000000)|   3, 0, 0;1, -1;0,  0> +
           (-0.0000134, 0.0000000)|   1, 0, 0;0,  0;1, -1> +
           ( 0.0000134, 0.0000000)|   1, 0, 0;1, -1;0,  0> +
            ...
 |  557> = ( 0.3588031, 0.6093077)|   2, 0, 0;0,  0;1,  1> +
           (-0.3588031,-0.6093077)|   2, 0, 0;1,  1;0,  0> +
           (-0.0010517,-0.0017860)|   2, 0, 0;0,  0;1, -1> +
           ( 0.0010517, 0.0017860)|   2, 0, 0;1, -1;0,  0> +
           (-0.0001552,-0.0002636)|   2, 0, 0;1,  0;1,  1> +
           (-0.0001552,-0.0002636)|   2, 0, 0;1,  1;1,  0> +
           ( 0.0000601, 0.0001021)|   2, 0, 0;0,  0;2,  1> +
           ( 0.0000601, 0.0001021)|   2, 0, 0;2,  1;0,  0> +
           (-0.0000084,-0.0000142)|   3, 0, 0;0,  0;1,  1> +
           ( 0.0000084, 0.0000142)|   3, 0, 0;1,  1;0,  0> +
           ( 0.0000068, 0.0000116)|   1, 0, 0;0,  0;1,  1> +
           (-0.0000068,-0.0000116)|   1, 0, 0;1,  1;0,  0> +
            ...
 |  558> = ( 0.7070873,-0.0048161)|   2, 0, 0;1,  1;0,  0> +
           ( 0.7070873,-0.0048161)|   2, 0, 0;0,  0;1,  1> +
           (-0.0020716, 0.0000140)|   2, 0, 0;1, -1;0,  0> +
           (-0.0020716, 0.0000140)|   2, 0, 0;0,  0;1, -1> +
           ( 0.0003059,-0.0000021)|   2, 0, 0;1,  1;1,  0> +
           (-0.0003059, 0.0000021)|   2, 0, 0;1,  0;1,  1> +
           (-0.0001185, 0.0000008)|   2, 0, 0;2,  1;0,  0> +
           ( 0.0001185,-0.0000008)|   2, 0, 0;0,  0;2,  1> +
           (-0.0000165, 0.0000001)|   3, 0, 0;1,  1;0,  0> +
           (-0.0000165, 0.0000001)|   3, 0, 0;0,  0;1,  1> +
           ( 0.0000134,-0.0000001)|   1, 0, 0;1,  1;0,  0> +
           ( 0.0000134,-0.0000001)|   1, 0, 0;0,  0;1,  1> +
            ...
 |  559> = (-0.7071038,-0.0000000)|   2, 0, 0;1, -1;0,  0> +
           (-0.7071035,-0.0000000)|   2, 0, 0;0,  0;1, -1> +
           (-0.0020716, 0.0000001)|   2, 0, 0;1,  1;0,  0> +
           (-0.0020716, 0.0000001)|   2, 0, 0;0,  0;1,  1> +
           (-0.0003059,-0.0000000)|   2, 0, 0;1, -1;1,  0> +
           ( 0.0003059, 0.0000000)|   2, 0, 0;1,  0;1, -1> +
           ( 0.0001185, 0.0000000)|   2, 0, 0;2, -1;0,  0> +
           (-0.0001185,-0.0000000)|   2, 0, 0;0,  0;2, -1> +
           ( 0.0000165, 0.0000000)|   3, 0, 0;1, -1;0,  0> +
           ( 0.0000165, 0.0000000)|   3, 0, 0;0,  0;1, -1> +
           (-0.0000134,-0.0000000)|   1, 0, 0;0,  0;1, -1> +
           (-0.0000134,-0.0000000)|   1, 0, 0;1, -1;0,  0> +
            ...
 |  560> = ( 0.7071068, 0.0000006)|   2, 0, 0;0,  0;1,  0> +
           ( 0.7071068, 0.0000006)|   2, 0, 0;1,  0;0,  0> +
           ( 0.0001368, 0.0000000)|   2, 0, 0;0,  0;2,  0> +
           (-0.0001368,-0.0000000)|   2, 0, 0;2,  0;0,  0> +
            ...
 |  561> = ( 0.7071065, 0.0000000)|   2, 0, 0;1,  0;0,  0> +
           (-0.7071065, 0.0000000)|   2, 0, 0;0,  0;1,  0> +
           ( 0.0006119, 0.0000000)|   2, 0, 0;1,  0;1,  0> +
           ( 0.0006119,-0.0000000)|   2, 0, 0;0,  0;0,  0> +
           (-0.0001368,-0.0000000)|   2, 0, 0;2,  0;0,  0> +
           (-0.0001368, 0.0000000)|   2, 0, 0;0,  0;2,  0> +
            ...
 |  562> = ( 0.6531773,-0.2708451)|   3, 0, 0;1,  1;0,  0> +
           (-0.6531770, 0.2708451)|   3, 0, 0;0,  0;1,  1> +
           ( 0.0014508,-0.0005994)|   3, 0, 0;1, -1;0,  0> +
           (-0.0014508, 0.0005994)|   3, 0, 0;0,  0;1, -1> +
           ( 0.0002826,-0.0001172)|   3, 0, 0;1,  1;1,  0> +
           ( 0.0002826,-0.0001172)|   3, 0, 0;1,  0;1,  1> +
           (-0.0001095, 0.0000454)|   3, 0, 0;2,  1;0,  0> +
           (-0.0001095, 0.0000454)|   3, 0, 0;0,  0;2,  1> +
           (-0.0000176, 0.0000073)|   4, 0, 0;1,  1;0,  0> +
           ( 0.0000176,-0.0000073)|   4, 0, 0;0,  0;1,  1> +
           ( 0.0000152,-0.0000063)|   2, 0, 0;1,  1;0,  0> +
           (-0.0000152, 0.0000063)|   2, 0, 0;0,  0;1,  1> +
            ...
 |  563> = (-0.7071050,-0.0000000)|   3, 0, 0;0,  0;1, -1> +
           ( 0.7071050, 0.0000000)|   3, 0, 0;1, -1;0,  0> +
           ( 0.0015698,-0.0000020)|   3, 0, 0;0,  0;1,  1> +
           (-0.0015698, 0.0000020)|   3, 0, 0;1,  1;0,  0> +
           ( 0.0003059, 0.0000000)|   3, 0, 0;1,  0;1, -1> +
           ( 0.0003059, 0.0000000)|   3, 0, 0;1, -1;1,  0> +
           (-0.0001185,-0.0000000)|   3, 0, 0;0,  0;2, -1> +
           (-0.0001185,-0.0000000)|   3, 0, 0;2, -1;0,  0> +
           (-0.0000190,-0.0000000)|   4, 0, 0;1, -1;0,  0> +
           ( 0.0000190, 0.0000000)|   4, 0, 0;0,  0;1, -1> +
           ( 0.0000165, 0.0000000)|   2, 0, 0;1, -1;0,  0> +
           (-0.0000165,-0.0000000)|   2, 0, 0;0,  0;1, -1> +
            ...
 |  564> = ( 0.7071052, 0.0000000)|   3, 0, 0;1, -1;0,  0> +
           ( 0.7071052, 0.0000000)|   3, 0, 0;0,  0;1, -1> +
           (-0.0014680, 0.0000083)|   3, 0, 0;1,  1;0,  0> +
           (-0.0014680, 0.0000083)|   3, 0, 0;0,  0;1,  1> +
           ( 0.0003059, 0.0000000)|   3, 0, 0;1, -1;1,  0> +
           (-0.0003059,-0.0000000)|   3, 0, 0;1,  0;1, -1> +
           (-0.0001185,-0.0000000)|   3, 0, 0;2, -1;0,  0> +
           ( 0.0001185, 0.0000000)|   3, 0, 0;0,  0;2, -1> +
           (-0.0000190,-0.0000000)|   4, 0, 0;0,  0;1, -1> +
           (-0.0000190,-0.0000000)|   4, 0, 0;1, -1;0,  0> +
           ( 0.0000165, 0.0000000)|   2, 0, 0;1, -1;0,  0> +
           ( 0.0000165, 0.0000000)|   2, 0, 0;0,  0;1, -1> +
            ...
 |  565> = ( 0.7048680, 0.0562054)|   3, 0, 0;0,  0;1,  1> +
           ( 0.7048677, 0.0562055)|   3, 0, 0;1,  1;0,  0> +
           ( 0.0014627, 0.0001250)|   3, 0, 0;0,  0;1, -1> +
           ( 0.0014627, 0.0001250)|   3, 0, 0;1, -1;0,  0> +
           (-0.0003050,-0.0000243)|   3, 0, 0;1,  0;1,  1> +
           ( 0.0003050, 0.0000243)|   3, 0, 0;1,  1;1,  0> +
           ( 0.0001181, 0.0000094)|   3, 0, 0;0,  0;2,  1> +
           (-0.0001181,-0.0000094)|   3, 0, 0;2,  1;0,  0> +
           (-0.0000190,-0.0000015)|   4, 0, 0;0,  0;1,  1> +
           (-0.0000190,-0.0000015)|   4, 0, 0;1,  1;0,  0> +
           ( 0.0000164, 0.0000013)|   2, 0, 0;0,  0;1,  1> +
           ( 0.0000164, 0.0000013)|   2, 0, 0;1,  1;0,  0> +
            ...
 |  566> = ( 0.7071068,-0.0000053)|   3, 0, 0;0,  0;1,  0> +
           ( 0.7071068,-0.0000053)|   3, 0, 0;1,  0;0,  0> +
           ( 0.0001368,-0.0000000)|   3, 0, 0;0,  0;2,  0> +
           (-0.0001368, 0.0000000)|   3, 0, 0;2,  0;0,  0> +
            ...
 |  567> = (-0.7071065, 0.0000000)|   3, 0, 0;1,  0;0,  0> +
           ( 0.7071065, 0.0000000)|   3, 0, 0;0,  0;1,  0> +
           (-0.0006119,-0.0000000)|   3, 0, 0;1,  0;1,  0> +
           (-0.0006119,-0.0000000)|   3, 0, 0;0,  0;0,  0> +
           ( 0.0001368,-0.0000000)|   3, 0, 0;2,  0;0,  0> +
           ( 0.0001368, 0.0000000)|   3, 0, 0;0,  0;2,  0> +
            ...
 |  568> = (-0.7070890,-0.0000000)|   4, 0, 0;0,  0;1, -1> +
           ( 0.7070888, 0.0000000)|   4, 0, 0;1, -1;0,  0> +
           (-0.0050203, 0.0000000)|   4, 0, 0;1,  1;0,  0> +
           ( 0.0050203,-0.0000000)|   4, 0, 0;0,  0;1,  1> +
           ( 0.0003059, 0.0000000)|   4, 0, 0;1,  0;1, -1> +
           ( 0.0003059, 0.0000000)|   4, 0, 0;1, -1;1,  0> +
           (-0.0001185,-0.0000000)|   4, 0, 0;0,  0;2, -1> +
           (-0.0001185,-0.0000000)|   4, 0, 0;2, -1;0,  0> +
           ( 0.0000213, 0.0000000)|   5, 0, 0;0,  0;1, -1> +
           (-0.0000213, 0.0000000)|   5, 0, 0;1, -1;0,  0> +
           (-0.0000190,-0.0000000)|   3, 0, 0;0,  0;1, -1> +
           ( 0.0000190,-0.0000000)|   3, 0, 0;1, -1;0,  0> +
            ...
 |  569> = ( 0.7070889,-0.0004323)|   4, 0, 0;0,  0;1,  1> +
           (-0.7070886, 0.0004323)|   4, 0, 0;1,  1;0,  0> +
           ( 0.0050203,-0.0000031)|   4, 0, 0;0,  0;1, -1> +
           (-0.0050203, 0.0000031)|   4, 0, 0;1, -1;0,  0> +
           (-0.0003059, 0.0000002)|   4, 0, 0;1,  0;1,  1> +
           (-0.0003059, 0.0000002)|   4, 0, 0;1,  1;1,  0> +
           ( 0.0001185,-0.0000001)|   4, 0, 0;0,  0;2,  1> +
           ( 0.0001185,-0.0000001)|   4, 0, 0;2,  1;0,  0> +
           (-0.0000213, 0.0000000)|   5, 0, 0;0,  0;1,  1> +
           ( 0.0000213,-0.0000000)|   5, 0, 0;1,  1;0,  0> +
           ( 0.0000190,-0.0000000)|   3, 0, 0;0,  0;1,  1> +
           (-0.0000190, 0.0000000)|   3, 0, 0;1,  1;0,  0> +
            ...
 |  570> = ( 0.7070840, 0.0024003)|   4, 0, 0;1,  1;0,  0> +
           ( 0.7070837, 0.0024003)|   4, 0, 0;0,  0;1,  1> +
           ( 0.0051535, 0.0000170)|   4, 0, 0;1, -1;0,  0> +
           ( 0.0051535, 0.0000170)|   4, 0, 0;0,  0;1, -1> +
           ( 0.0003059, 0.0000010)|   4, 0, 0;1,  1;1,  0> +
           (-0.0003059,-0.0000010)|   4, 0, 0;1,  0;1,  1> +
           (-0.0001185,-0.0000004)|   4, 0, 0;2,  1;0,  0> +
           ( 0.0001185, 0.0000004)|   4, 0, 0;0,  0;2,  1> +
           (-0.0000213,-0.0000001)|   5, 0, 0;0,  0;1,  1> +
           (-0.0000213,-0.0000001)|   5, 0, 0;1,  1;0,  0> +
           ( 0.0000190, 0.0000001)|   3, 0, 0;1,  1;0,  0> +
           ( 0.0000190, 0.0000001)|   3, 0, 0;0,  0;1,  1> +
            ...
 |  571> = ( 0.7070880,-0.0000000)|   4, 0, 0;1, -1;0,  0> +
           ( 0.7070878,-0.0000000)|   4, 0, 0;0,  0;1, -1> +
           (-0.0051535,-0.0000004)|   4, 0, 0;1,  1;0,  0> +
           (-0.0051535,-0.0000004)|   4, 0, 0;0,  0;1,  1> +
           ( 0.0003059,-0.0000000)|   4, 0, 0;1, -1;1,  0> +
           (-0.0003059, 0.0000000)|   4, 0, 0;1,  0;1, -1> +
           (-0.0001185, 0.0000000)|   4, 0, 0;2, -1;0,  0> +
           ( 0.0001185,-0.0000000)|   4, 0, 0;0,  0;2, -1> +
           (-0.0000213, 0.0000000)|   5, 0, 0;1, -1;0,  0> +
           (-0.0000213, 0.0000000)|   5, 0, 0;0,  0;1, -1> +
           ( 0.0000190,-0.0000000)|   3, 0, 0;1, -1;0,  0> +
           ( 0.0000190,-0.0000000)|   3, 0, 0;0,  0;1, -1> +
            ...
 |  572> = (-0.7040264,-0.0659300)|   4, 0, 0;0,  0;1,  0> +
           (-0.7040264,-0.0659300)|   4, 0, 0;1,  0;0,  0> +
           (-0.0001362,-0.0000128)|   4, 0, 0;0,  0;2,  0> +
           ( 0.0001362, 0.0000128)|   4, 0, 0;2,  0;0,  0> +
            ...
 |  573> = (-0.7071065,-0.0000000)|   4, 0, 0;1,  0;0,  0> +
           ( 0.7071065,-0.0000000)|   4, 0, 0;0,  0;1,  0> +
           (-0.0006119,-0.0000000)|   4, 0, 0;1,  0;1,  0> +
           (-0.0006119,-0.0000000)|   4, 0, 0;0,  0;0,  0> +
           ( 0.0001368, 0.0000000)|   4, 0, 0;2,  0;0,  0> +
           ( 0.0001368,-0.0000000)|   4, 0, 0;0,  0;2,  0> +
            ...
 |  574> = ( 0.6716998, 0.0000138)|   5, 0, 0;1, -1;0,  0> +
           (-0.6716994,-0.0000138)|   5, 0, 0;0,  0;1, -1> +
           (-0.2209514, 0.0000018)|   5, 0, 0;1,  1;0,  0> +
           ( 0.2209513,-0.0000018)|   5, 0, 0;0,  0;1,  1> +
           ( 0.0002906, 0.0000000)|   5, 0, 0;1, -1;1,  0> +
           ( 0.0002906, 0.0000000)|   5, 0, 0;1,  0;1, -1> +
           (-0.0001126,-0.0000000)|   5, 0, 0;2, -1;0,  0> +
           (-0.0001126,-0.0000000)|   5, 0, 0;0,  0;2, -1> +
           (-0.0000956, 0.0000000)|   5, 0, 0;1,  1;1,  0> +
           (-0.0000956, 0.0000000)|   5, 0, 0;1,  0;1,  1> +
           ( 0.0000370,-0.0000000)|   5, 0, 0;2,  1;0,  0> +
           ( 0.0000370,-0.0000000)|   5, 0, 0;0,  0;2,  1> +
           (-0.0000221,-0.0000000)|   6, 0, 0;1, -1;0,  0> +
           ( 0.0000221, 0.0000000)|   6, 0, 0;0,  0;1, -1> +
           ( 0.0000202, 0.0000000)|   4, 0, 0;1, -1;0,  0> +
           (-0.0000202,-0.0000000)|   4, 0, 0;0,  0;1, -1> +
            ...
 |  575> = ( 0.6665788, 0.0827847)|   5, 0, 0;1,  1;0,  0> +
           (-0.6665785,-0.0827847)|   5, 0, 0;0,  0;1,  1> +
           ( 0.2192661, 0.0272378)|   5, 0, 0;1, -1;0,  0> +
           (-0.2192660,-0.0272378)|   5, 0, 0;0,  0;1, -1> +
           ( 0.0002884, 0.0000358)|   5, 0, 0;1,  1;1,  0> +
           ( 0.0002884, 0.0000358)|   5, 0, 0;1,  0;1,  1> +
           (-0.0001117,-0.0000139)|   5, 0, 0;2,  1;0,  0> +
           (-0.0001117,-0.0000139)|   5, 0, 0;0,  0;2,  1> +
           ( 0.0000949, 0.0000118)|   5, 0, 0;1, -1;1,  0> +
           ( 0.0000949, 0.0000118)|   5, 0, 0;1,  0;1, -1> +
           (-0.0000367,-0.0000046)|   5, 0, 0;2, -1;0,  0> +
           (-0.0000367,-0.0000046)|   5, 0, 0;0,  0;2, -1> +
           (-0.0000220,-0.0000027)|   6, 0, 0;1,  1;0,  0> +
           ( 0.0000220, 0.0000027)|   6, 0, 0;0,  0;1,  1> +
           ( 0.0000200, 0.0000025)|   4, 0, 0;1,  1;0,  0> +
           (-0.0000200,-0.0000025)|   4, 0, 0;0,  0;1,  1> +
            ...
 |  576> = ( 0.6515920,-0.0000648)|   5, 0, 0;0,  0;1, -1> +
           ( 0.6515917,-0.0000648)|   5, 0, 0;1, -1;0,  0> +
           (-0.2746415,-0.0002397)|   5, 0, 0;0,  0;1,  1> +
           (-0.2746413,-0.0002397)|   5, 0, 0;1,  1;0,  0> +
           (-0.0002819, 0.0000000)|   5, 0, 0;1,  0;1, -1> +
           ( 0.0002819,-0.0000000)|   5, 0, 0;1, -1;1,  0> +
           ( 0.0001188, 0.0000001)|   5, 0, 0;1,  0;1,  1> +
           (-0.0001188,-0.0000001)|   5, 0, 0;1,  1;1,  0> +
           ( 0.0001092,-0.0000000)|   5, 0, 0;0,  0;2, -1> +
           (-0.0001092, 0.0000000)|   5, 0, 0;2, -1;0,  0> +
           (-0.0000460,-0.0000000)|   5, 0, 0;0,  0;2,  1> +
           ( 0.0000460, 0.0000000)|   5, 0, 0;2,  1;0,  0> +
           (-0.0000215, 0.0000000)|   6, 0, 0;0,  0;1, -1> +
           (-0.0000215, 0.0000000)|   6, 0, 0;1, -1;0,  0> +
           ( 0.0000196,-0.0000000)|   4, 0, 0;0,  0;1, -1> +
           ( 0.0000196,-0.0000000)|   4, 0, 0;1, -1;0,  0> +
            ...
 |  577> = ( 0.6513810, 0.0165789)|   5, 0, 0;0,  0;1,  1> +
           ( 0.6513808, 0.0165789)|   5, 0, 0;1,  1;0,  0> +
           ( 0.2745593, 0.0067210)|   5, 0, 0;0,  0;1, -1> +
           ( 0.2745592, 0.0067210)|   5, 0, 0;1, -1;0,  0> +
           (-0.0002818,-0.0000072)|   5, 0, 0;1,  0;1,  1> +
           ( 0.0002818, 0.0000072)|   5, 0, 0;1,  1;1,  0> +
           (-0.0001188,-0.0000029)|   5, 0, 0;1,  0;1, -1> +
           ( 0.0001188, 0.0000029)|   5, 0, 0;1, -1;1,  0> +
           ( 0.0001091, 0.0000028)|   5, 0, 0;0,  0;2,  1> +
           (-0.0001091,-0.0000028)|   5, 0, 0;2,  1;0,  0> +
           ( 0.0000460, 0.0000011)|   5, 0, 0;0,  0;2, -1> +
           (-0.0000460,-0.0000011)|   5, 0, 0;2, -1;0,  0> +
           (-0.0000215,-0.0000005)|   6, 0, 0;1,  1;0,  0> +
           (-0.0000215,-0.0000005)|   6, 0, 0;0,  0;1,  1> +
           ( 0.0000196, 0.0000005)|   4, 0, 0;0,  0;1,  1> +
           ( 0.0000196, 0.0000005)|   4, 0, 0;1,  1;0,  0> +
            ...
 |  578> = (-0.7068156, 0.0202894)|   5, 0, 0;1,  0;0,  0> +
           (-0.7068156, 0.0202894)|   5, 0, 0;0,  0;1,  0> +
           ( 0.0001368,-0.0000039)|   5, 0, 0;2,  0;0,  0> +
           (-0.0001368, 0.0000039)|   5, 0, 0;0,  0;2,  0> +
            ...
 |  579> = ( 0.7071065,-0.0000002)|   5, 0, 0;0,  0;1,  0> +
           (-0.7071065, 0.0000002)|   5, 0, 0;1,  0;0,  0> +
           (-0.0006119, 0.0000000)|   5, 0, 0;1,  0;1,  0> +
           (-0.0006119, 0.0000000)|   5, 0, 0;0,  0;0,  0> +
           ( 0.0001368,-0.0000000)|   5, 0, 0;0,  0;2,  0> +
           ( 0.0001368,-0.0000000)|   5, 0, 0;2,  0;0,  0> +
            ...
 |  580> = (-0.3646687, 0.0069194)|   0, 1, 0;1,  1;0,  0> +
           ( 0.3646687,-0.0069194)|   0, 1, 0;0,  0;1,  1> +
           ( 0.0107100, 0.3611343)|   0, 0, 1;1, -1;0,  0> +
           (-0.0107100,-0.3611343)|   0, 0, 1;0,  0;1, -1> +
           ( 0.3451035,-0.0162777)|   0, 1, 0;0,  0;1, -1> +
           (-0.3451035, 0.0162777)|   0, 1, 0;1, -1;0,  0> +
           (-0.0200683,-0.3415728)|   0, 0, 1;1,  1;0,  0> +
           ( 0.0200683, 0.3415728)|   0, 0, 1;0,  0;1,  1> +
           (-0.0001578, 0.0000030)|   0, 1, 0;1,  1;1,  0> +
           (-0.0001578, 0.0000030)|   0, 1, 0;1,  0;1,  1> +
           ( 0.0000046, 0.0001562)|   0, 0, 1;1, -1;1,  0> +
           ( 0.0000046, 0.0001562)|   0, 0, 1;1,  0;1, -1> +
           (-0.0001493, 0.0000070)|   0, 1, 0;1,  0;1, -1> +
           (-0.0001493, 0.0000070)|   0, 1, 0;1, -1;1,  0> +
           (-0.0000087,-0.0001478)|   0, 0, 1;1,  1;1,  0> +
           (-0.0000087,-0.0001478)|   0, 0, 1;1,  0;1,  1> +
           ( 0.0000611,-0.0000012)|   0, 1, 0;2,  1;0,  0> +
           ( 0.0000611,-0.0000012)|   0, 1, 0;0,  0;2,  1> +
           (-0.0000018,-0.0000605)|   0, 0, 1;2, -1;0,  0> +
           (-0.0000018,-0.0000605)|   0, 0, 1;0,  0;2, -1> +
           ( 0.0000578,-0.0000027)|   0, 1, 0;0,  0;2, -1> +
           ( 0.0000578,-0.0000027)|   0, 1, 0;2, -1;0,  0> +
           ( 0.0000034, 0.0000572)|   0, 0, 1;2,  1;0,  0> +
           ( 0.0000034, 0.0000572)|   0, 0, 1;0,  0;2,  1> +
            ...
 |  581> = (-0.3362349, 0.3772739)|   0, 0, 1;1,  1;0,  0> +
           ( 0.3362349,-0.3772739)|   0, 0, 1;0,  0;1,  1> +
           (-0.3599231,-0.3324998)|   0, 1, 0;1,  1;0,  0> +
           ( 0.3599231, 0.3324998)|   0, 1, 0;0,  0;1,  1> +
           (-0.0036954, 0.0552869)|   0, 0, 1;0,  0;1, -1> +
           ( 0.0036954,-0.0552869)|   0, 0, 1;1, -1;0,  0> +
           ( 0.0379384,-0.0000396)|   0, 1, 0;0,  0;1, -1> +
           (-0.0379384, 0.0000396)|   0, 1, 0;1, -1;0,  0> +
           (-0.0001455, 0.0001632)|   0, 0, 1;1,  1;1,  0> +
           (-0.0001455, 0.0001632)|   0, 0, 1;1,  0;1,  1> +
           (-0.0001557,-0.0001439)|   0, 1, 0;1,  1;1,  0> +
           (-0.0001557,-0.0001439)|   0, 1, 0;1,  0;1,  1> +
           ( 0.0000563,-0.0000632)|   0, 0, 1;2,  1;0,  0> +
           ( 0.0000563,-0.0000632)|   0, 0, 1;0,  0;2,  1> +
           ( 0.0000603, 0.0000557)|   0, 1, 0;2,  1;0,  0> +
           ( 0.0000603, 0.0000557)|   0, 1, 0;0,  0;2,  1> +
           ( 0.0000016,-0.0000239)|   0, 0, 1;1,  0;1, -1> +
           ( 0.0000016,-0.0000239)|   0, 0, 1;1, -1;1,  0> +
           (-0.0000164, 0.0000000)|   0, 1, 0;1,  0;1, -1> +
           (-0.0000164, 0.0000000)|   0, 1, 0;1, -1;1,  0> +
            ...
 |  582> = ( 0.5041802,-0.0026867)|   0, 1, 0;0,  0;1, -1> +
           (-0.5041802, 0.0026867)|   0, 1, 0;1, -1;0,  0> +
           (-0.0014280, 0.4913126)|   0, 0, 1;0,  0;1, -1> +
           ( 0.0014280,-0.4913126)|   0, 0, 1;1, -1;0,  0> +
           (-0.0278154, 0.0419827)|   0, 0, 1;0,  0;1,  1> +
           ( 0.0278154,-0.0419826)|   0, 0, 1;1,  1;0,  0> +
           ( 0.0291398, 0.0319301)|   0, 1, 0;1,  1;0,  0> +
           (-0.0291398,-0.0319301)|   0, 1, 0;0,  0;1,  1> +
           (-0.0002181, 0.0000012)|   0, 1, 0;1,  0;1, -1> +
           (-0.0002181, 0.0000012)|   0, 1, 0;1, -1;1,  0> +
           ( 0.0000006,-0.0002126)|   0, 0, 1;1,  0;1, -1> +
           ( 0.0000006,-0.0002126)|   0, 0, 1;1, -1;1,  0> +
           ( 0.0000845,-0.0000005)|   0, 1, 0;0,  0;2, -1> +
           ( 0.0000845,-0.0000005)|   0, 1, 0;2, -1;0,  0> +
           (-0.0000002, 0.0000823)|   0, 0, 1;0,  0;2, -1> +
           (-0.0000002, 0.0000823)|   0, 0, 1;2, -1;0,  0> +
           ( 0.0000120,-0.0000182)|   0, 0, 1;1,  0;1,  1> +
           ( 0.0000120,-0.0000182)|   0, 0, 1;1,  1;1,  0> +
           ( 0.0000126, 0.0000138)|   0, 1, 0;1,  1;1,  0> +
           ( 0.0000126, 0.0000138)|   0, 1, 0;1,  0;1,  1> +
            ...
 |  583> = (-0.0000000, 0.3535629)|   0, 0, 1;1, -1;0,  0> +
           ( 0.0000000,-0.3535629)|   0, 0, 1;0,  0;1, -1> +
           (-0.0000000, 0.3535526)|   0, 0, 1;1,  1;0,  0> +
           ( 0.0000000,-0.3535526)|   0, 0, 1;0,  0;1,  1> +
           ( 0.3535525,-0.0000000)|   0, 1, 0;1,  1;0,  0> +
           (-0.3535525, 0.0000000)|   0, 1, 0;0,  0;1,  1> +
           (-0.3535454,-0.0000000)|   0, 1, 0;1, -1;0,  0> +
           ( 0.3535454, 0.0000000)|   0, 1, 0;0,  0;1, -1> +
           (-0.0000000, 0.0001530)|   0, 0, 1;1, -1;1,  0> +
           (-0.0000000, 0.0001530)|   0, 0, 1;1,  0;1, -1> +
           (-0.0000000, 0.0001530)|   0, 0, 1;1,  1;1,  0> +
           (-0.0000000, 0.0001530)|   0, 0, 1;1,  0;1,  1> +
           ( 0.0001530,-0.0000000)|   0, 1, 0;1,  1;1,  0> +
           ( 0.0001530,-0.0000000)|   0, 1, 0;1,  0;1,  1> +
           (-0.0001530,-0.0000000)|   0, 1, 0;1, -1;1,  0> +
           (-0.0001530,-0.0000000)|   0, 1, 0;1,  0;1, -1> +
           ( 0.0000000,-0.0000592)|   0, 0, 1;2, -1;0,  0> +
           ( 0.0000000,-0.0000592)|   0, 0, 1;0,  0;2, -1> +
           ( 0.0000000,-0.0000592)|   0, 0, 1;2,  1;0,  0> +
           ( 0.0000000,-0.0000592)|   0, 0, 1;0,  0;2,  1> +
           (-0.0000592, 0.0000000)|   0, 1, 0;2,  1;0,  0> +
           (-0.0000592, 0.0000000)|   0, 1, 0;0,  0;2,  1> +
           ( 0.0000592, 0.0000000)|   0, 1, 0;2, -1;0,  0> +
           ( 0.0000592, 0.0000000)|   0, 1, 0;0,  0;2, -1> +
            ...
 |  584> = ( 0.4353489, 0.0048727)|   0, 1, 0;1, -1;0,  0> +
           ( 0.4353489, 0.0048727)|   0, 1, 0;0,  0;1, -1> +
           (-0.0019613, 0.3432990)|   0, 0, 1;0,  0;1,  1> +
           (-0.0019613, 0.3432990)|   0, 0, 1;1,  1;0,  0> +
           ( 0.3264660, 0.0004115)|   0, 1, 0;0,  0;1,  1> +
           ( 0.3264660, 0.0004115)|   0, 1, 0;1,  1;0,  0> +
           ( 0.0037974,-0.2932488)|   0, 0, 1;0,  0;1, -1> +
           ( 0.0037974,-0.2932487)|   0, 0, 1;1, -1;0,  0> +
           ( 0.0001884, 0.0000021)|   0, 1, 0;1, -1;1,  0> +
           (-0.0001884,-0.0000021)|   0, 1, 0;1,  0;1, -1> +
           ( 0.0000008,-0.0001485)|   0, 0, 1;1,  0;1,  1> +
           (-0.0000008, 0.0001485)|   0, 0, 1;1,  1;1,  0> +
           (-0.0001412,-0.0000002)|   0, 1, 0;1,  0;1,  1> +
           ( 0.0001412, 0.0000002)|   0, 1, 0;1,  1;1,  0> +
           (-0.0000016, 0.0001269)|   0, 0, 1;1,  0;1, -1> +
           ( 0.0000016,-0.0001269)|   0, 0, 1;1, -1;1,  0> +
           (-0.0000730,-0.0000008)|   0, 1, 0;2, -1;0,  0> +
           ( 0.0000730, 0.0000008)|   0, 1, 0;0,  0;2, -1> +
           (-0.0000003, 0.0000575)|   0, 0, 1;0,  0;2,  1> +
           ( 0.0000003,-0.0000575)|   0, 0, 1;2,  1;0,  0> +
           ( 0.0000547, 0.0000001)|   0, 1, 0;0,  0;2,  1> +
           (-0.0000547,-0.0000001)|   0, 1, 0;2,  1;0,  0> +
           ( 0.0000006,-0.0000491)|   0, 0, 1;0,  0;2, -1> +
           (-0.0000006, 0.0000491)|   0, 0, 1;2, -1;0,  0> +
            ...
 |  585> = ( 0.0145384,-0.5787484)|   0, 0, 1;0,  0;1, -1> +
           ( 0.0145384,-0.5787484)|   0, 0, 1;1, -1;0,  0> +
           (-0.4049582,-0.0162500)|   0, 1, 0;1, -1;0,  0> +
           (-0.4049581,-0.0162500)|   0, 1, 0;0,  0;1, -1> +
           ( 0.0230987, 0.0036007)|   0, 1, 0;0,  0;1,  1> +
           ( 0.0230987, 0.0036007)|   0, 1, 0;1,  1;0,  0> +
           (-0.0054302,-0.0027622)|   0, 0, 1;1,  1;0,  0> +
           (-0.0054301,-0.0027622)|   0, 0, 1;0,  0;1,  1> +
           (-0.0000063, 0.0002504)|   0, 0, 1;1,  0;1, -1> +
           ( 0.0000063,-0.0002504)|   0, 0, 1;1, -1;1,  0> +
           (-0.0001752,-0.0000070)|   0, 1, 0;1, -1;1,  0> +
           ( 0.0001752, 0.0000070)|   0, 1, 0;1,  0;1, -1> +
           ( 0.0000024,-0.0000970)|   0, 0, 1;0,  0;2, -1> +
           (-0.0000024, 0.0000970)|   0, 0, 1;2, -1;0,  0> +
           ( 0.0000679, 0.0000027)|   0, 1, 0;2, -1;0,  0> +
           (-0.0000679,-0.0000027)|   0, 1, 0;0,  0;2, -1> +
           (-0.0000100,-0.0000016)|   0, 1, 0;1,  0;1,  1> +
           ( 0.0000100, 0.0000016)|   0, 1, 0;1,  1;1,  0> +
            ...
 |  586> = (-0.5044972,-0.1299608)|   0, 1, 0;1,  1;0,  0> +
           (-0.5044972,-0.1299608)|   0, 1, 0;0,  0;1,  1> +
           (-0.1313854, 0.4591125)|   0, 0, 1;0,  0;1,  1> +
           (-0.1313854, 0.4591125)|   0, 0, 1;1,  1;0,  0> +
           ( 0.0030392,-0.0222536)|   0, 0, 1;0,  0;1, -1> +
           ( 0.0030392,-0.0222536)|   0, 0, 1;1, -1;0,  0> +
           ( 0.0008681,-0.0064003)|   0, 1, 0;1, -1;0,  0> +
           ( 0.0008681,-0.0064003)|   0, 1, 0;0,  0;1, -1> +
           (-0.0002183,-0.0000562)|   0, 1, 0;1,  1;1,  0> +
           ( 0.0002183, 0.0000562)|   0, 1, 0;1,  0;1,  1> +
           ( 0.0000568,-0.0001986)|   0, 0, 1;1,  0;1,  1> +
           (-0.0000568, 0.0001986)|   0, 0, 1;1,  1;1,  0> +
           ( 0.0000845, 0.0000218)|   0, 1, 0;2,  1;0,  0> +
           (-0.0000845,-0.0000218)|   0, 1, 0;0,  0;2,  1> +
           (-0.0000220, 0.0000769)|   0, 0, 1;0,  0;2,  1> +
           ( 0.0000220,-0.0000769)|   0, 0, 1;2,  1;0,  0> +
            ...
 |  587> = (-0.0092298, 0.3923941)|   0, 0, 1;0,  0;1,  1> +
           (-0.0092298, 0.3923940)|   0, 0, 1;1,  1;0,  0> +
           (-0.3821902,-0.0090160)|   0, 1, 0;0,  0;1, -1> +
           (-0.3821902,-0.0090160)|   0, 1, 0;1, -1;0,  0> +
           ( 0.3484483,-0.0070502)|   0, 1, 0;0,  0;1,  1> +
           ( 0.3484483,-0.0070502)|   0, 1, 0;1,  1;0,  0> +
           ( 0.0035677, 0.2798435)|   0, 0, 1;1, -1;0,  0> +
           ( 0.0035677, 0.2798434)|   0, 0, 1;0,  0;1, -1> +
           ( 0.0000040,-0.0001698)|   0, 0, 1;1,  0;1,  1> +
           (-0.0000040, 0.0001698)|   0, 0, 1;1,  1;1,  0> +
           ( 0.0001654, 0.0000039)|   0, 1, 0;1,  0;1, -1> +
           (-0.0001654,-0.0000039)|   0, 1, 0;1, -1;1,  0> +
           (-0.0001508, 0.0000031)|   0, 1, 0;1,  0;1,  1> +
           ( 0.0001508,-0.0000031)|   0, 1, 0;1,  1;1,  0> +
           ( 0.0000015, 0.0001211)|   0, 0, 1;1, -1;1,  0> +
           (-0.0000015,-0.0001211)|   0, 0, 1;1,  0;1, -1> +
           (-0.0000015, 0.0000658)|   0, 0, 1;0,  0;2,  1> +
           ( 0.0000015,-0.0000658)|   0, 0, 1;2,  1;0,  0> +
           (-0.0000640,-0.0000015)|   0, 1, 0;0,  0;2, -1> +
           ( 0.0000640, 0.0000015)|   0, 1, 0;2, -1;0,  0> +
           ( 0.0000584,-0.0000012)|   0, 1, 0;0,  0;2,  1> +
           (-0.0000584, 0.0000012)|   0, 1, 0;2,  1;0,  0> +
           (-0.0000006,-0.0000469)|   0, 0, 1;2, -1;0,  0> +
           ( 0.0000006, 0.0000469)|   0, 0, 1;0,  0;2, -1> +
            ...
 |  588> = ( 0.6232664, 0.0255566)|   0, 1, 0;0,  0;1,  0> +
           ( 0.6232663, 0.0255566)|   0, 1, 0;1,  0;0,  0> +
           (-0.0153673,-0.3326406)|   0, 0, 1;0,  0;1,  0> +
           (-0.0153673,-0.3326405)|   0, 0, 1;1,  0;0,  0> +
           ( 0.0001206, 0.0000049)|   0, 1, 0;0,  0;2,  0> +
           (-0.0001206,-0.0000049)|   0, 1, 0;2,  0;0,  0> +
           (-0.0000030,-0.0000644)|   0, 0, 1;0,  0;2,  0> +
           ( 0.0000030, 0.0000644)|   0, 0, 1;2,  0;0,  0> +
            ...
 |  589> = (-0.0248485, 0.6232950)|   0, 0, 1;0,  0;1,  0> +
           (-0.0248485, 0.6232950)|   0, 0, 1;1,  0;0,  0> +
           ( 0.3303138, 0.0421741)|   0, 1, 0;0,  0;1,  0> +
           ( 0.3303138, 0.0421741)|   0, 1, 0;1,  0;0,  0> +
           (-0.0000048, 0.0001206)|   0, 0, 1;0,  0;2,  0> +
           ( 0.0000048,-0.0001206)|   0, 0, 1;2,  0;0,  0> +
           ( 0.0000639, 0.0000082)|   0, 1, 0;0,  0;2,  0> +
           (-0.0000639,-0.0000082)|   0, 1, 0;2,  0;0,  0> +
            ...
 |  590> = ( 0.6542477,-0.0013367)|   0, 1, 0;1,  0;0,  0> +
           (-0.6542475, 0.0013367)|   0, 1, 0;0,  0;1,  0> +
           ( 0.0013942,-0.2682461)|   0, 0, 1;1,  0;0,  0> +
           (-0.0013942, 0.2682460)|   0, 0, 1;0,  0;1,  0> +
           ( 0.0005661,-0.0000012)|   0, 1, 0;1,  0;1,  0> +
           ( 0.0005661,-0.0000012)|   0, 1, 0;0,  0;0,  0> +
           ( 0.0000012,-0.0002321)|   0, 0, 1;1,  0;1,  0> +
           ( 0.0000012,-0.0002321)|   0, 0, 1;0,  0;0,  0> +
           (-0.0001266, 0.0000003)|   0, 1, 0;2,  0;0,  0> +
           (-0.0001266, 0.0000003)|   0, 1, 0;0,  0;2,  0> +
           (-0.0000003, 0.0000519)|   0, 0, 1;2,  0;0,  0> +
           (-0.0000003, 0.0000519)|   0, 0, 1;0,  0;2,  0> +
            ...
 |  591> = (-0.0021788,-0.6542454)|   0, 0, 1;1,  0;0,  0> +
           ( 0.0021788, 0.6542453)|   0, 0, 1;0,  0;1,  0> +
           (-0.2682347, 0.0028355)|   0, 1, 0;1,  0;0,  0> +
           ( 0.2682347,-0.0028355)|   0, 1, 0;0,  0;1,  0> +
           (-0.0000019,-0.0005661)|   0, 0, 1;1,  0;1,  0> +
           (-0.0000019,-0.0005661)|   0, 0, 1;0,  0;0,  0> +
           (-0.0002321, 0.0000025)|   0, 1, 0;1,  0;1,  0> +
           (-0.0002321, 0.0000025)|   0, 1, 0;0,  0;0,  0> +
           ( 0.0000004, 0.0001266)|   0, 0, 1;2,  0;0,  0> +
           ( 0.0000004, 0.0001266)|   0, 0, 1;0,  0;2,  0> +
           ( 0.0000519,-0.0000005)|   0, 1, 0;2,  0;0,  0> +
           ( 0.0000519,-0.0000005)|   0, 1, 0;0,  0;2,  0> +
            ...
 |  592> = ( 0.7069495,-0.0141524)|   6, 0, 0;1,  1;0,  0> +
           (-0.7069492, 0.0141524)|   6, 0, 0;0,  0;1,  1> +
           (-0.0047106, 0.0000878)|   6, 0, 0;1, -1;0,  0> +
           ( 0.0047106,-0.0000878)|   6, 0, 0;0,  0;1, -1> +
           ( 0.0003059,-0.0000061)|   6, 0, 0;1,  1;1,  0> +
           ( 0.0003059,-0.0000061)|   6, 0, 0;1,  0;1,  1> +
           (-0.0001185, 0.0000024)|   6, 0, 0;2,  1;0,  0> +
           (-0.0001185, 0.0000024)|   6, 0, 0;0,  0;2,  1> +
           (-0.0000251, 0.0000005)|   7, 0, 0;1,  1;0,  0> +
           ( 0.0000251,-0.0000005)|   7, 0, 0;0,  0;1,  1> +
           ( 0.0000233,-0.0000005)|   5, 0, 0;1,  1;0,  0> +
           (-0.0000233, 0.0000005)|   5, 0, 0;0,  0;1,  1> +
            ...
 |  593> = (-0.7070910, 0.0000010)|   6, 0, 0;1, -1;0,  0> +
           ( 0.7070910,-0.0000010)|   6, 0, 0;0,  0;1, -1> +
           (-0.0047114, 0.0000065)|   6, 0, 0;1,  1;0,  0> +
           ( 0.0047114,-0.0000065)|   6, 0, 0;0,  0;1,  1> +
           (-0.0003059, 0.0000000)|   6, 0, 0;1, -1;1,  0> +
           (-0.0003059, 0.0000000)|   6, 0, 0;1,  0;1, -1> +
           ( 0.0001185,-0.0000000)|   6, 0, 0;2, -1;0,  0> +
           ( 0.0001185,-0.0000000)|   6, 0, 0;0,  0;2, -1> +
           ( 0.0000252,-0.0000000)|   7, 0, 0;1, -1;0,  0> +
           (-0.0000252, 0.0000000)|   7, 0, 0;0,  0;1, -1> +
           ( 0.0000233,-0.0000000)|   5, 0, 0;0,  0;1, -1> +
           (-0.0000233, 0.0000000)|   5, 0, 0;1, -1;0,  0> +
            ...
