p1753
p1753
p1753
p1753
p1753
p1753
p1753
p1753
p1753
p1753
p1753
p1753
p1753
p1753
p1753
p1753
p1753
p1753
p1753
p1753
p1753
p1753
p1753
p1753
# Parameters of the model
#  mass:		  261.0000 u
#  charge:	    1.0000 e
#  dipole:	 150.00000 D
#  B:		    503.65 MHz
#  omega_rho:	    1.4000 MHz
#  omega_z:	  0.160000 MHz

# omega_1:	  0.277128 MHz
# omega_3/5:	   1.39083 MHz

# Basis truncation:	|34,4,4;2,2>
# Basis size:		44064

# Active terms of the Hamiltionian:
# 	Nomal modes:	1
# 	T_rot:      	1
# 	V_qd^{(0)}: 	1
# 	V_qd^{(1)}: 	1
# 	V_dd^{(0)}: 	1

# Results of the diagonalisation
# 100 smallest eigenvalues
 5.506402712 6.506402676 7.506402640 8.506402604 9.506402568 10.506402532 10.525117685 10.525117686 11.506402496 11.525117650 11.525117650 12.506402460 12.525117613 12.525117613 13.506402424 13.525117577 13.525117577 14.506402388 14.525117541 14.525117541 15.506402352 15.525117505 15.525117505 15.543832658 15.543832659 15.543832659 16.506402316 16.525117469 16.525117470 16.543832622 16.543832623 16.543832623 17.506402280 17.525117433 17.525117433 17.543832586 17.543832586 17.543832587 18.506402244 18.525117397 18.525117398 18.543832550 18.543832551 18.543832551 19.506402208 19.525117361 19.525117361 19.543832514 19.543832515 19.543832515 20.506402172 20.525117325 20.525117325 20.543832478 20.543832479 20.543832479 20.562547632 20.562547632 20.562547635 20.562547635 21.506402136 21.525117289 21.525117290 21.543832442 21.543832443 21.543832443 21.562547596 21.562547596 21.562547599 21.562547599 22.506402100 22.525117253 22.525117253 22.543832406 22.543832407 22.543832407 22.562547559 22.562547560 22.562547563 22.562547563 23.506402064 23.525117217 23.525117217 23.543832370 23.543832371 23.543832371 23.562547523 23.562547524 23.562547527 23.562547527 24.506402027 24.525117181 24.525117181 24.543832334 24.543832334 24.543832335 24.562547487 24.562547487 24.562547491 24.562547491

# Ground state and the lowest excitations:
 |    0> = ( 0.9999997, 0.0000000)|   0, 0, 0;0,  0;0,  0> +
           ( 0.0005192,-0.0000000)|   0, 0, 0;0,  0;1,  0> +
           (-0.0005192,-0.0000000)|   0, 0, 0;1,  0;0,  0> +
           (-0.0000298, 0.0000000)|   1, 0, 0;0,  0;0,  0> +
            ...
 |    1> = ( 0.9999997,-0.0000000)|   1, 0, 0;0,  0;0,  0> +
           (-0.0005192, 0.0000000)|   1, 0, 0;1,  0;0,  0> +
           ( 0.0005192, 0.0000000)|   1, 0, 0;0,  0;1,  0> +
           (-0.0000421,-0.0000000)|   2, 0, 0;0,  0;0,  0> +
           ( 0.0000298, 0.0000000)|   0, 0, 0;0,  0;0,  0> +
            ...
 |    2> = (-0.9999997, 0.0000000)|   2, 0, 0;0,  0;0,  0> +
           (-0.0005192,-0.0000000)|   2, 0, 0;0,  0;1,  0> +
           ( 0.0005192,-0.0000000)|   2, 0, 0;1,  0;0,  0> +
           ( 0.0000516,-0.0000000)|   3, 0, 0;0,  0;0,  0> +
           (-0.0000421, 0.0000000)|   1, 0, 0;0,  0;0,  0> +
            ...
 |    3> = (-0.9999997, 0.0000000)|   3, 0, 0;0,  0;0,  0> +
           ( 0.0005192,-0.0000000)|   3, 0, 0;1,  0;0,  0> +
           (-0.0005192,-0.0000000)|   3, 0, 0;0,  0;1,  0> +
           ( 0.0000596,-0.0000000)|   4, 0, 0;0,  0;0,  0> +
           (-0.0000516, 0.0000000)|   2, 0, 0;0,  0;0,  0> +
            ...
 |    4> = ( 0.9999997, 0.0000000)|   4, 0, 0;0,  0;0,  0> +
           ( 0.0005192,-0.0000000)|   4, 0, 0;0,  0;1,  0> +
           (-0.0005192, 0.0000000)|   4, 0, 0;1,  0;0,  0> +
           (-0.0000666, 0.0000000)|   5, 0, 0;0,  0;0,  0> +
           ( 0.0000596,-0.0000000)|   3, 0, 0;0,  0;0,  0> +
            ...
 |    5> = ( 0.9999997,-0.0000000)|   5, 0, 0;0,  0;0,  0> +
           (-0.0005192, 0.0000000)|   5, 0, 0;1,  0;0,  0> +
           ( 0.0005192,-0.0000000)|   5, 0, 0;0,  0;1,  0> +
           (-0.0000730, 0.0000000)|   6, 0, 0;0,  0;0,  0> +
           ( 0.0000666,-0.0000000)|   4, 0, 0;0,  0;0,  0> +
            ...
 |    6> = ( 0.7930148, 0.0106293)|   0, 1, 0;0,  0;0,  0> +
           ( 0.0105974, 0.6090170)|   0, 0, 1;0,  0;0,  0> +
           ( 0.0004117, 0.0000055)|   0, 1, 0;0,  0;1,  0> +
           (-0.0004117,-0.0000055)|   0, 1, 0;1,  0;0,  0> +
           ( 0.0000055, 0.0003162)|   0, 0, 1;0,  0;1,  0> +
           (-0.0000055,-0.0003162)|   0, 0, 1;1,  0;0,  0> +
           (-0.0000236,-0.0000003)|   1, 1, 0;0,  0;0,  0> +
           (-0.0000003,-0.0000181)|   1, 0, 1;0,  0;0,  0> +
            ...
 |    7> = (-0.0793036, 0.7891111)|   0, 0, 1;0,  0;0,  0> +
           (-0.6038932,-0.0795430)|   0, 1, 0;0,  0;0,  0> +
           (-0.0000412, 0.0004097)|   0, 0, 1;0,  0;1,  0> +
           ( 0.0000412,-0.0004097)|   0, 0, 1;1,  0;0,  0> +
           (-0.0003135,-0.0000413)|   0, 1, 0;0,  0;1,  0> +
           ( 0.0003135, 0.0000413)|   0, 1, 0;1,  0;0,  0> +
           ( 0.0000024,-0.0000235)|   1, 0, 1;0,  0;0,  0> +
           ( 0.0000180, 0.0000024)|   1, 1, 0;0,  0;0,  0> +
            ...
 |    8> = ( 0.9999997,-0.0000000)|   6, 0, 0;0,  0;0,  0> +
           ( 0.0005192,-0.0000000)|   6, 0, 0;0,  0;1,  0> +
           (-0.0005192, 0.0000000)|   6, 0, 0;1,  0;0,  0> +
           (-0.0000788, 0.0000000)|   7, 0, 0;0,  0;0,  0> +
           ( 0.0000730, 0.0000000)|   5, 0, 0;0,  0;0,  0> +
            ...
 |    9> = ( 0.7321006, 0.0162308)|   1, 1, 0;0,  0;0,  0> +
           ( 0.0161924,-0.6808102)|   1, 0, 1;0,  0;0,  0> +
           (-0.0003801,-0.0000084)|   1, 1, 0;1,  0;0,  0> +
           ( 0.0003801, 0.0000084)|   1, 1, 0;0,  0;1,  0> +
           ( 0.0000084,-0.0003535)|   1, 0, 1;0,  0;1,  0> +
           (-0.0000084, 0.0003535)|   1, 0, 1;1,  0;0,  0> +
           (-0.0000308,-0.0000007)|   2, 1, 0;0,  0;0,  0> +
           (-0.0000007, 0.0000287)|   2, 0, 1;0,  0;0,  0> +
           ( 0.0000218, 0.0000005)|   0, 1, 0;0,  0;0,  0> +
           ( 0.0000005,-0.0000203)|   0, 0, 1;0,  0;0,  0> +
            ...
 |   10> = (-0.0005685, 0.7322803)|   1, 0, 1;0,  0;0,  0> +
           ( 0.6810025,-0.0005698)|   1, 1, 0;0,  0;0,  0> +
           (-0.0000003, 0.0003802)|   1, 0, 1;0,  0;1,  0> +
           ( 0.0000003,-0.0003802)|   1, 0, 1;1,  0;0,  0> +
           ( 0.0003536,-0.0000003)|   1, 1, 0;0,  0;1,  0> +
           (-0.0003536, 0.0000003)|   1, 1, 0;1,  0;0,  0> +
           ( 0.0000000,-0.0000308)|   2, 0, 1;0,  0;0,  0> +
           (-0.0000287, 0.0000000)|   2, 1, 0;0,  0;0,  0> +
           (-0.0000000, 0.0000218)|   0, 0, 1;0,  0;0,  0> +
           ( 0.0000203,-0.0000000)|   0, 1, 0;0,  0;0,  0> +
            ...
 |   11> = (-0.9999997, 0.0000000)|   7, 0, 0;0,  0;0,  0> +
           ( 0.0005192,-0.0000000)|   7, 0, 0;1,  0;0,  0> +
           (-0.0005192, 0.0000000)|   7, 0, 0;0,  0;1,  0> +
           ( 0.0000842,-0.0000000)|   8, 0, 0;0,  0;0,  0> +
           (-0.0000788,-0.0000000)|   6, 0, 0;0,  0;0,  0> +
            ...
 |   12> = ( 0.7269322, 0.0031078)|   2, 1, 0;0,  0;0,  0> +
           ( 0.0031018,-0.6866948)|   2, 0, 1;0,  0;0,  0> +
           (-0.0003774,-0.0000016)|   2, 1, 0;1,  0;0,  0> +
           ( 0.0003774, 0.0000016)|   2, 1, 0;0,  0;1,  0> +
           (-0.0000016, 0.0003565)|   2, 0, 1;1,  0;0,  0> +
           ( 0.0000016,-0.0003565)|   2, 0, 1;0,  0;1,  0> +
           (-0.0000375,-0.0000002)|   3, 1, 0;0,  0;0,  0> +
           (-0.0000002, 0.0000354)|   3, 0, 1;0,  0;0,  0> +
           ( 0.0000306, 0.0000001)|   1, 1, 0;0,  0;0,  0> +
           ( 0.0000001,-0.0000289)|   1, 0, 1;0,  0;0,  0> +
            ...
 |   13> = (-0.0000853, 0.7269388)|   2, 0, 1;0,  0;0,  0> +
           ( 0.6867018,-0.0000855)|   2, 1, 0;0,  0;0,  0> +
           (-0.0000000, 0.0003774)|   2, 0, 1;0,  0;1,  0> +
           ( 0.0000000,-0.0003774)|   2, 0, 1;1,  0;0,  0> +
           ( 0.0003565,-0.0000000)|   2, 1, 0;0,  0;1,  0> +
           (-0.0003565, 0.0000000)|   2, 1, 0;1,  0;0,  0> +
           ( 0.0000000,-0.0000375)|   3, 0, 1;0,  0;0,  0> +
           (-0.0000354, 0.0000000)|   3, 1, 0;0,  0;0,  0> +
           (-0.0000000, 0.0000306)|   1, 0, 1;0,  0;0,  0> +
           ( 0.0000289,-0.0000000)|   1, 1, 0;0,  0;0,  0> +
            ...
 |   14> = (-0.9999997,-0.0000000)|   8, 0, 0;0,  0;0,  0> +
           (-0.0005192,-0.0000000)|   8, 0, 0;0,  0;1,  0> +
           ( 0.0005192, 0.0000000)|   8, 0, 0;1,  0;0,  0> +
           ( 0.0000894, 0.0000000)|   9, 0, 0;0,  0;0,  0> +
           (-0.0000842, 0.0000000)|   7, 0, 0;0,  0;0,  0> +
            ...
 |   15> = ( 0.0010261,-0.7348447)|   3, 0, 1;0,  0;0,  0> +
           ( 0.6782335, 0.0010278)|   3, 1, 0;0,  0;0,  0> +
           ( 0.0000005,-0.0003815)|   3, 0, 1;0,  0;1,  0> +
           (-0.0000005, 0.0003815)|   3, 0, 1;1,  0;0,  0> +
           (-0.0003521,-0.0000005)|   3, 1, 0;1,  0;0,  0> +
           ( 0.0003521, 0.0000005)|   3, 1, 0;0,  0;1,  0> +
           (-0.0000001, 0.0000438)|   4, 0, 1;0,  0;0,  0> +
           (-0.0000404,-0.0000001)|   4, 1, 0;0,  0;0,  0> +
           ( 0.0000001,-0.0000379)|   2, 0, 1;0,  0;0,  0> +
           ( 0.0000350, 0.0000001)|   2, 1, 0;0,  0;0,  0> +
            ...
 |   16> = (-0.7348454,-0.0000420)|   3, 1, 0;0,  0;0,  0> +
           (-0.0000419,-0.6782342)|   3, 0, 1;0,  0;0,  0> +
           ( 0.0003815, 0.0000000)|   3, 1, 0;1,  0;0,  0> +
           (-0.0003815,-0.0000000)|   3, 1, 0;0,  0;1,  0> +
           ( 0.0000000, 0.0003521)|   3, 0, 1;1,  0;0,  0> +
           (-0.0000000,-0.0003521)|   3, 0, 1;0,  0;1,  0> +
           ( 0.0000438, 0.0000000)|   4, 1, 0;0,  0;0,  0> +
           ( 0.0000000, 0.0000404)|   4, 0, 1;0,  0;0,  0> +
           (-0.0000379,-0.0000000)|   2, 1, 0;0,  0;0,  0> +
           (-0.0000000,-0.0000350)|   2, 0, 1;0,  0;0,  0> +
            ...
 |   17> = ( 0.9999997, 0.0000000)|   9, 0, 0;0,  0;0,  0> +
           (-0.0005192,-0.0000000)|   9, 0, 0;1,  0;0,  0> +
           ( 0.0005192, 0.0000000)|   9, 0, 0;0,  0;1,  0> +
           (-0.0000942,-0.0000000)|  10, 0, 0;0,  0;0,  0> +
           ( 0.0000894, 0.0000000)|   8, 0, 0;0,  0;0,  0> +
            ...
 |   18> = ( 0.0023418, 0.7243172)|   4, 0, 1;0,  0;0,  0> +
           (-0.6894586, 0.0023450)|   4, 1, 0;0,  0;0,  0> +
           ( 0.0000012, 0.0003761)|   4, 0, 1;0,  0;1,  0> +
           (-0.0000012,-0.0003761)|   4, 0, 1;1,  0;0,  0> +
           ( 0.0003580,-0.0000012)|   4, 1, 0;1,  0;0,  0> +
           (-0.0003580, 0.0000012)|   4, 1, 0;0,  0;1,  0> +
           (-0.0000002,-0.0000482)|   5, 0, 1;0,  0;0,  0> +
           ( 0.0000459,-0.0000002)|   5, 1, 0;0,  0;0,  0> +
           ( 0.0000001, 0.0000431)|   3, 0, 1;0,  0;0,  0> +
           (-0.0000411, 0.0000001)|   3, 1, 0;0,  0;0,  0> +
            ...
 |   19> = (-0.7243209, 0.0000594)|   4, 1, 0;0,  0;0,  0> +
           ( 0.0000594,-0.6894626)|   4, 0, 1;0,  0;0,  0> +
           ( 0.0003761,-0.0000000)|   4, 1, 0;1,  0;0,  0> +
           (-0.0003761, 0.0000000)|   4, 1, 0;0,  0;1,  0> +
           (-0.0000000, 0.0003580)|   4, 0, 1;1,  0;0,  0> +
           ( 0.0000000,-0.0003580)|   4, 0, 1;0,  0;1,  0> +
           ( 0.0000482,-0.0000000)|   5, 1, 0;0,  0;0,  0> +
           (-0.0000000, 0.0000459)|   5, 0, 1;0,  0;0,  0> +
           (-0.0000431, 0.0000000)|   3, 1, 0;0,  0;0,  0> +
           ( 0.0000000,-0.0000411)|   3, 0, 1;0,  0;0,  0> +
            ...
 |   20> = ( 0.9999997,-0.0000001)|  10, 0, 0;0,  0;0,  0> +
           ( 0.0005192,-0.0000000)|  10, 0, 0;0,  0;1,  0> +
           (-0.0005192, 0.0000000)|  10, 0, 0;1,  0;0,  0> +
           (-0.0000988, 0.0000000)|  11, 0, 0;0,  0;0,  0> +
           ( 0.0000942,-0.0000000)|   9, 0, 0;0,  0;0,  0> +
            ...
 |   21> = ( 0.7388015,-0.0001918)|   5, 1, 0;0,  0;0,  0> +
           (-0.0001918, 0.6739227)|   5, 0, 1;0,  0;0,  0> +
           ( 0.0003836,-0.0000001)|   5, 1, 0;0,  0;1,  0> +
           (-0.0003836, 0.0000001)|   5, 1, 0;1,  0;0,  0> +
           ( 0.0000001,-0.0003499)|   5, 0, 1;1,  0;0,  0> +
           (-0.0000001, 0.0003499)|   5, 0, 1;0,  0;1,  0> +
           (-0.0000539, 0.0000000)|   6, 1, 0;0,  0;0,  0> +
           ( 0.0000492,-0.0000000)|   4, 1, 0;0,  0;0,  0> +
           ( 0.0000000,-0.0000492)|   6, 0, 1;0,  0;0,  0> +
           (-0.0000000, 0.0000449)|   4, 0, 1;0,  0;0,  0> +
            ...
 |   22> = (-0.0041164,-0.7387900)|   5, 0, 1;0,  0;0,  0> +
           ( 0.6739101,-0.0041217)|   5, 1, 0;0,  0;0,  0> +
           (-0.0000021,-0.0003836)|   5, 0, 1;0,  0;1,  0> +
           ( 0.0000021, 0.0003836)|   5, 0, 1;1,  0;0,  0> +
           (-0.0003499, 0.0000021)|   5, 1, 0;1,  0;0,  0> +
           ( 0.0003499,-0.0000021)|   5, 1, 0;0,  0;1,  0> +
           ( 0.0000003, 0.0000539)|   6, 0, 1;0,  0;0,  0> +
           (-0.0000003,-0.0000492)|   4, 0, 1;0,  0;0,  0> +
           (-0.0000492, 0.0000003)|   6, 1, 0;0,  0;0,  0> +
           ( 0.0000449,-0.0000003)|   4, 1, 0;0,  0;0,  0> +
            ...
 |   23> = ( 0.7024476, 0.7117351)|   0, 1, 1;0,  0;0,  0> +
           (-0.0003647,-0.0003695)|   0, 1, 1;1,  0;0,  0> +
           ( 0.0003647, 0.0003695)|   0, 1, 1;0,  0;1,  0> +
           (-0.0000209,-0.0000212)|   1, 1, 1;0,  0;0,  0> +
            ...
 |   24> = ( 0.7099407,-0.0000000)|   0, 2, 0;0,  0;0,  0> +
           (-0.7042610, 0.0000000)|   0, 0, 2;0,  0;0,  0> +
           ( 0.0003686, 0.0000000)|   0, 2, 0;0,  0;1,  0> +
           (-0.0003686, 0.0000000)|   0, 2, 0;1,  0;0,  0> +
           ( 0.0003656,-0.0000000)|   0, 0, 2;1,  0;0,  0> +
           (-0.0003656, 0.0000000)|   0, 0, 2;0,  0;1,  0> +
           (-0.0000211,-0.0000000)|   1, 2, 0;0,  0;0,  0> +
           ( 0.0000210, 0.0000000)|   1, 0, 2;0,  0;0,  0> +
            ...
 # The upper part of the spectrum
 # Eigenvalues first: 544	 last: 594
 22843.570288328 22843.570288328 22843.571522466 22843.571522467 22843.575211777 22843.577680051 22844.570288305 22844.570288306 22844.571522443 22844.571522443 22844.575211769 22844.577680044 22845.570288282 22845.570288282 22845.571522420 22845.571522420 22845.575211762 22845.577680036 22846.570288258 22846.570288258 22846.571522396 22846.571522396 22846.575211755 22846.577680029 22847.570288235 22847.570288235 22847.571522373 22847.571522373 22847.575211747 22847.577680022 22848.570288211 22848.570288211 22848.571522349 22848.571522350 22848.575211740 22848.577680015 22848.589003302 22848.589003302 22848.589003303 22848.589003304 22848.590237440 22848.590237441 22848.590237441 22848.590237441 22848.593926750 22848.593926750 22848.596395025 22848.596395025 22849.570288187 22849.570288188

# Excited states :
 |  543> = (-0.0081012,-0.9999669)|  33, 3, 3;0,  0;0,  0> +
           (-0.0000042,-0.0005192)|  33, 3, 3;0,  0;1,  0> +
           ( 0.0000042, 0.0005192)|  33, 3, 3;1,  0;0,  0> +
           (-0.0000014,-0.0001711)|  32, 3, 3;0,  0;0,  0> +
            ...
 |  544> = (-0.6850329, 0.0002808)|   0, 0, 0;0,  0;1, -1> +
           ( 0.6850328,-0.0002808)|   0, 0, 0;1, -1;0,  0> +
           (-0.1700478,-0.0425847)|   0, 0, 0;0,  0;1,  1> +
           ( 0.1700478, 0.0425847)|   0, 0, 0;1,  1;0,  0> +
           ( 0.0003557,-0.0000001)|   0, 0, 0;1,  0;1, -1> +
           ( 0.0003557,-0.0000001)|   0, 0, 0;1, -1;1,  0> +
           (-0.0001377, 0.0000001)|   0, 0, 0;0,  0;2, -1> +
           (-0.0001377, 0.0000001)|   0, 0, 0;2, -1;0,  0> +
           ( 0.0000883, 0.0000221)|   0, 0, 0;1,  0;1,  1> +
           ( 0.0000883, 0.0000221)|   0, 0, 0;1,  1;1,  0> +
           (-0.0000342,-0.0000086)|   0, 0, 0;0,  0;2,  1> +
           (-0.0000342,-0.0000086)|   0, 0, 0;2,  1;0,  0> +
           (-0.0000133, 0.0000000)|   1, 0, 0;1, -1;0,  0> +
           ( 0.0000133,-0.0000000)|   1, 0, 0;0,  0;1, -1> +
            ...
 |  545> = (-0.6633587,-0.1709543)|   0, 0, 0;0,  0;1,  1> +
           ( 0.6633587, 0.1709543)|   0, 0, 0;1,  1;0,  0> +
           ( 0.1752953, 0.0011273)|   0, 0, 0;0,  0;1, -1> +
           (-0.1752953,-0.0011274)|   0, 0, 0;1, -1;0,  0> +
           ( 0.0003444, 0.0000888)|   0, 0, 0;1,  0;1,  1> +
           ( 0.0003444, 0.0000888)|   0, 0, 0;1,  1;1,  0> +
           (-0.0001334,-0.0000344)|   0, 0, 0;0,  0;2,  1> +
           (-0.0001334,-0.0000344)|   0, 0, 0;2,  1;0,  0> +
           (-0.0000910,-0.0000006)|   0, 0, 0;1,  0;1, -1> +
           (-0.0000910,-0.0000006)|   0, 0, 0;1, -1;1,  0> +
           ( 0.0000352, 0.0000002)|   0, 0, 0;0,  0;2, -1> +
           ( 0.0000352, 0.0000002)|   0, 0, 0;2, -1;0,  0> +
           (-0.0000128,-0.0000033)|   1, 0, 0;1,  1;0,  0> +
           ( 0.0000128, 0.0000033)|   1, 0, 0;0,  0;1,  1> +
            ...
 |  546> = ( 0.7068249, 0.0000115)|   0, 0, 0;1, -1;0,  0> +
           ( 0.7068248, 0.0000115)|   0, 0, 0;0,  0;1, -1> +
           ( 0.0198862,-0.0017422)|   0, 0, 0;1,  1;0,  0> +
           ( 0.0198862,-0.0017422)|   0, 0, 0;0,  0;1,  1> +
           ( 0.0003670, 0.0000000)|   0, 0, 0;1, -1;1,  0> +
           (-0.0003670,-0.0000000)|   0, 0, 0;1,  0;1, -1> +
           (-0.0001421,-0.0000000)|   0, 0, 0;2, -1;0,  0> +
           ( 0.0001421, 0.0000000)|   0, 0, 0;0,  0;2, -1> +
           (-0.0000137,-0.0000000)|   1, 0, 0;1, -1;0,  0> +
           (-0.0000137,-0.0000000)|   1, 0, 0;0,  0;1, -1> +
           ( 0.0000103,-0.0000009)|   0, 0, 0;1,  1;1,  0> +
           (-0.0000103, 0.0000009)|   0, 0, 0;1,  0;1,  1> +
            ...
 |  547> = (-0.7022326, 0.0804415)|   0, 0, 0;1,  1;0,  0> +
           (-0.7022325, 0.0804415)|   0, 0, 0;0,  0;1,  1> +
           ( 0.0199553,-0.0005320)|   0, 0, 0;0,  0;1, -1> +
           ( 0.0199553,-0.0005320)|   0, 0, 0;1, -1;0,  0> +
           (-0.0003646, 0.0000418)|   0, 0, 0;1,  1;1,  0> +
           ( 0.0003646,-0.0000418)|   0, 0, 0;1,  0;1,  1> +
           ( 0.0001412,-0.0000162)|   0, 0, 0;2,  1;0,  0> +
           (-0.0001412, 0.0000162)|   0, 0, 0;0,  0;2,  1> +
           ( 0.0000136,-0.0000016)|   1, 0, 0;1,  1;0,  0> +
           ( 0.0000136,-0.0000016)|   1, 0, 0;0,  0;1,  1> +
           (-0.0000104, 0.0000003)|   0, 0, 0;1,  0;1, -1> +
           ( 0.0000104,-0.0000003)|   0, 0, 0;1, -1;1,  0> +
            ...
 |  548> = (-0.7071068, 0.0000000)|   0, 0, 0;0,  0;1,  0> +
           (-0.7071068, 0.0000000)|   0, 0, 0;1,  0;0,  0> +
           (-0.0001642, 0.0000000)|   0, 0, 0;0,  0;2,  0> +
           ( 0.0001642,-0.0000000)|   0, 0, 0;2,  0;0,  0> +
            ...
 |  549> = (-0.7071064, 0.0000000)|   0, 0, 0;1,  0;0,  0> +
           ( 0.7071064, 0.0000000)|   0, 0, 0;0,  0;1,  0> +
           (-0.0007342, 0.0000000)|   0, 0, 0;1,  0;1,  0> +
           (-0.0007342, 0.0000000)|   0, 0, 0;0,  0;0,  0> +
           ( 0.0001642,-0.0000000)|   0, 0, 0;2,  0;0,  0> +
           ( 0.0001642, 0.0000000)|   0, 0, 0;0,  0;2,  0> +
            ...
 |  550> = ( 0.5873851, 0.0000000)|   1, 0, 0;1, -1;0,  0> +
           (-0.5873850,-0.0000000)|   1, 0, 0;0,  0;1, -1> +
           ( 0.3936733,-0.0000000)|   1, 0, 0;1,  1;0,  0> +
           (-0.3936732, 0.0000000)|   1, 0, 0;0,  0;1,  1> +
           ( 0.0003050, 0.0000000)|   1, 0, 0;1, -1;1,  0> +
           ( 0.0003050, 0.0000000)|   1, 0, 0;1,  0;1, -1> +
           ( 0.0002044,-0.0000000)|   1, 0, 0;1,  1;1,  0> +
           ( 0.0002044,-0.0000000)|   1, 0, 0;1,  0;1,  1> +
           (-0.0001181,-0.0000000)|   1, 0, 0;2, -1;0,  0> +
           (-0.0001181,-0.0000000)|   1, 0, 0;0,  0;2, -1> +
           (-0.0000792, 0.0000000)|   1, 0, 0;2,  1;0,  0> +
           (-0.0000792, 0.0000000)|   1, 0, 0;0,  0;2,  1> +
           (-0.0000161,-0.0000000)|   2, 0, 0;1, -1;0,  0> +
           ( 0.0000161, 0.0000000)|   2, 0, 0;0,  0;1, -1> +
           ( 0.0000114, 0.0000000)|   0, 0, 0;1, -1;0,  0> +
           (-0.0000114,-0.0000000)|   0, 0, 0;0,  0;1, -1> +
           (-0.0000108, 0.0000000)|   2, 0, 0;1,  1;0,  0> +
           ( 0.0000108,-0.0000000)|   2, 0, 0;0,  0;1,  1> +
            ...
 |  551> = ( 0.5856536, 0.0450680)|   1, 0, 0;1,  1;0,  0> +
           (-0.5856535,-0.0450680)|   1, 0, 0;0,  0;1,  1> +
           ( 0.3925128, 0.0302051)|   1, 0, 0;0,  0;1, -1> +
           (-0.3925128,-0.0302051)|   1, 0, 0;1, -1;0,  0> +
           ( 0.0003041, 0.0000234)|   1, 0, 0;1,  1;1,  0> +
           ( 0.0003041, 0.0000234)|   1, 0, 0;1,  0;1,  1> +
           (-0.0002038,-0.0000157)|   1, 0, 0;1,  0;1, -1> +
           (-0.0002038,-0.0000157)|   1, 0, 0;1, -1;1,  0> +
           (-0.0001178,-0.0000091)|   1, 0, 0;2,  1;0,  0> +
           (-0.0001178,-0.0000091)|   1, 0, 0;0,  0;2,  1> +
           ( 0.0000789, 0.0000061)|   1, 0, 0;0,  0;2, -1> +
           ( 0.0000789, 0.0000061)|   1, 0, 0;2, -1;0,  0> +
           (-0.0000160,-0.0000012)|   2, 0, 0;1,  1;0,  0> +
           ( 0.0000160, 0.0000012)|   2, 0, 0;0,  0;1,  1> +
           ( 0.0000113, 0.0000009)|   0, 0, 0;1,  1;0,  0> +
           (-0.0000113,-0.0000009)|   0, 0, 0;0,  0;1,  1> +
           (-0.0000107,-0.0000008)|   2, 0, 0;0,  0;1, -1> +
           ( 0.0000107, 0.0000008)|   2, 0, 0;1, -1;0,  0> +
            ...
 |  552> = (-0.5057978,-0.0000311)|   1, 0, 0;0,  0;1,  1> +
           (-0.5057977,-0.0000311)|   1, 0, 0;1,  1;0,  0> +
           (-0.4941341, 0.0000338)|   1, 0, 0;0,  0;1, -1> +
           (-0.4941340, 0.0000338)|   1, 0, 0;1, -1;0,  0> +
           ( 0.0002626, 0.0000000)|   1, 0, 0;1,  0;1,  1> +
           (-0.0002626,-0.0000000)|   1, 0, 0;1,  1;1,  0> +
           ( 0.0002565,-0.0000000)|   1, 0, 0;1,  0;1, -1> +
           (-0.0002565, 0.0000000)|   1, 0, 0;1, -1;1,  0> +
           (-0.0001017,-0.0000000)|   1, 0, 0;0,  0;2,  1> +
           ( 0.0001017, 0.0000000)|   1, 0, 0;2,  1;0,  0> +
           (-0.0000994, 0.0000000)|   1, 0, 0;0,  0;2, -1> +
           ( 0.0000994,-0.0000000)|   1, 0, 0;2, -1;0,  0> +
           ( 0.0000138, 0.0000000)|   2, 0, 0;0,  0;1,  1> +
           ( 0.0000138, 0.0000000)|   2, 0, 0;1,  1;0,  0> +
           ( 0.0000135,-0.0000000)|   2, 0, 0;0,  0;1, -1> +
           ( 0.0000135,-0.0000000)|   2, 0, 0;1, -1;0,  0> +
            ...
 |  553> = (-0.5057965, 0.0011058)|   1, 0, 0;1, -1;0,  0> +
           (-0.5057965, 0.0011058)|   1, 0, 0;0,  0;1, -1> +
           ( 0.4941330,-0.0010162)|   1, 0, 0;0,  0;1,  1> +
           ( 0.4941330,-0.0010162)|   1, 0, 0;1,  1;0,  0> +
           (-0.0002626, 0.0000006)|   1, 0, 0;1, -1;1,  0> +
           ( 0.0002626,-0.0000006)|   1, 0, 0;1,  0;1, -1> +
           (-0.0002565, 0.0000005)|   1, 0, 0;1,  0;1,  1> +
           ( 0.0002565,-0.0000005)|   1, 0, 0;1,  1;1,  0> +
           ( 0.0001017,-0.0000002)|   1, 0, 0;2, -1;0,  0> +
           (-0.0001017, 0.0000002)|   1, 0, 0;0,  0;2, -1> +
           ( 0.0000994,-0.0000002)|   1, 0, 0;0,  0;2,  1> +
           (-0.0000994, 0.0000002)|   1, 0, 0;2,  1;0,  0> +
           ( 0.0000138,-0.0000000)|   2, 0, 0;1, -1;0,  0> +
           ( 0.0000138,-0.0000000)|   2, 0, 0;0,  0;1, -1> +
           (-0.0000135, 0.0000000)|   2, 0, 0;1,  1;0,  0> +
           (-0.0000135, 0.0000000)|   2, 0, 0;0,  0;1,  1> +
            ...
 |  554> = ( 0.7071068,-0.0000000)|   1, 0, 0;1,  0;0,  0> +
           ( 0.7071068,-0.0000000)|   1, 0, 0;0,  0;1,  0> +
           (-0.0001642, 0.0000000)|   1, 0, 0;2,  0;0,  0> +
           ( 0.0001642,-0.0000000)|   1, 0, 0;0,  0;2,  0> +
            ...
 |  555> = (-0.7071064, 0.0000000)|   1, 0, 0;0,  0;1,  0> +
           ( 0.7071064, 0.0000000)|   1, 0, 0;1,  0;0,  0> +
           ( 0.0007342,-0.0000000)|   1, 0, 0;1,  0;1,  0> +
           ( 0.0007342, 0.0000000)|   1, 0, 0;0,  0;0,  0> +
           (-0.0001642, 0.0000000)|   1, 0, 0;0,  0;2,  0> +
           (-0.0001642,-0.0000000)|   1, 0, 0;2,  0;0,  0> +
            ...
 |  556> = (-0.7068401,-0.0191941)|   2, 0, 0;1,  1;0,  0> +
           ( 0.7068401, 0.0191941)|   2, 0, 0;0,  0;1,  1> +
           (-0.0029077,-0.0000793)|   2, 0, 0;1, -1;0,  0> +
           ( 0.0029077, 0.0000793)|   2, 0, 0;0,  0;1, -1> +
           (-0.0003670,-0.0000100)|   2, 0, 0;1,  1;1,  0> +
           (-0.0003670,-0.0000100)|   2, 0, 0;1,  0;1,  1> +
           ( 0.0001421, 0.0000039)|   2, 0, 0;2,  1;0,  0> +
           ( 0.0001421, 0.0000039)|   2, 0, 0;0,  0;2,  1> +
           ( 0.0000237, 0.0000006)|   3, 0, 0;1,  1;0,  0> +
           (-0.0000237,-0.0000006)|   3, 0, 0;0,  0;1,  1> +
           (-0.0000194,-0.0000005)|   1, 0, 0;1,  1;0,  0> +
           ( 0.0000194, 0.0000005)|   1, 0, 0;0,  0;1,  1> +
            ...
 |  557> = ( 0.7071007, 0.0000000)|   2, 0, 0;1, -1;0,  0> +
           (-0.7071007,-0.0000000)|   2, 0, 0;0,  0;1, -1> +
           (-0.0029088, 0.0000003)|   2, 0, 0;1,  1;0,  0> +
           ( 0.0029088,-0.0000003)|   2, 0, 0;0,  0;1,  1> +
           ( 0.0003671, 0.0000000)|   2, 0, 0;1, -1;1,  0> +
           ( 0.0003671, 0.0000000)|   2, 0, 0;1,  0;1, -1> +
           (-0.0001422,-0.0000000)|   2, 0, 0;2, -1;0,  0> +
           (-0.0001422,-0.0000000)|   2, 0, 0;0,  0;2, -1> +
           (-0.0000237,-0.0000000)|   3, 0, 0;1, -1;0,  0> +
           ( 0.0000237, 0.0000000)|   3, 0, 0;0,  0;1, -1> +
           ( 0.0000194, 0.0000000)|   1, 0, 0;1, -1;0,  0> +
           (-0.0000194, 0.0000000)|   1, 0, 0;0,  0;1, -1> +
            ...
 |  558> = ( 0.7058435,-0.0421458)|   2, 0, 0;0,  0;1,  1> +
           ( 0.7058435,-0.0421458)|   2, 0, 0;1,  1;0,  0> +
           ( 0.0029112,-0.0001739)|   2, 0, 0;0,  0;1, -1> +
           ( 0.0029112,-0.0001739)|   2, 0, 0;1, -1;0,  0> +
           (-0.0003665, 0.0000219)|   2, 0, 0;1,  0;1,  1> +
           ( 0.0003665,-0.0000219)|   2, 0, 0;1,  1;1,  0> +
           ( 0.0001419,-0.0000085)|   2, 0, 0;0,  0;2,  1> +
           (-0.0001419, 0.0000085)|   2, 0, 0;2,  1;0,  0> +
           (-0.0000237, 0.0000014)|   3, 0, 0;0,  0;1,  1> +
           (-0.0000237, 0.0000014)|   3, 0, 0;1,  1;0,  0> +
           ( 0.0000193,-0.0000012)|   1, 0, 0;0,  0;1,  1> +
           ( 0.0000193,-0.0000012)|   1, 0, 0;1,  1;0,  0> +
            ...
 |  559> = ( 0.7071007,-0.0000000)|   2, 0, 0;0,  0;1, -1> +
           ( 0.7071006,-0.0000000)|   2, 0, 0;1, -1;0,  0> +
           (-0.0029164,-0.0000001)|   2, 0, 0;0,  0;1,  1> +
           (-0.0029164,-0.0000001)|   2, 0, 0;1,  1;0,  0> +
           (-0.0003671, 0.0000000)|   2, 0, 0;1,  0;1, -1> +
           ( 0.0003671,-0.0000000)|   2, 0, 0;1, -1;1,  0> +
           ( 0.0001422,-0.0000000)|   2, 0, 0;0,  0;2, -1> +
           (-0.0001422, 0.0000000)|   2, 0, 0;2, -1;0,  0> +
           (-0.0000237, 0.0000000)|   3, 0, 0;0,  0;1, -1> +
           (-0.0000237, 0.0000000)|   3, 0, 0;1, -1;0,  0> +
           ( 0.0000194, 0.0000000)|   1, 0, 0;0,  0;1, -1> +
           ( 0.0000194, 0.0000000)|   1, 0, 0;1, -1;0,  0> +
            ...
 |  560> = ( 0.7071068, 0.0000001)|   2, 0, 0;1,  0;0,  0> +
           ( 0.7071068, 0.0000001)|   2, 0, 0;0,  0;1,  0> +
           (-0.0001642,-0.0000000)|   2, 0, 0;2,  0;0,  0> +
           ( 0.0001642, 0.0000000)|   2, 0, 0;0,  0;2,  0> +
            ...
 |  561> = (-0.7071064,-0.0000000)|   2, 0, 0;0,  0;1,  0> +
           ( 0.7071064,-0.0000000)|   2, 0, 0;1,  0;0,  0> +
           ( 0.0007342,-0.0000000)|   2, 0, 0;1,  0;1,  0> +
           ( 0.0007342,-0.0000000)|   2, 0, 0;0,  0;0,  0> +
           (-0.0001642,-0.0000000)|   2, 0, 0;0,  0;2,  0> +
           (-0.0001642, 0.0000000)|   2, 0, 0;2,  0;0,  0> +
            ...
 |  562> = (-0.7071067,-0.0000000)|   3, 0, 0;0,  0;1, -1> +
           ( 0.7071066,-0.0000000)|   3, 0, 0;1, -1;0,  0> +
           ( 0.0003671, 0.0000000)|   3, 0, 0;1,  0;1, -1> +
           ( 0.0003671,-0.0000000)|   3, 0, 0;1, -1;1,  0> +
           ( 0.0001488, 0.0000000)|   3, 0, 0;0,  0;1,  1> +
           (-0.0001488, 0.0000000)|   3, 0, 0;1,  1;0,  0> +
           (-0.0001422,-0.0000000)|   3, 0, 0;0,  0;2, -1> +
           (-0.0001422, 0.0000000)|   3, 0, 0;2, -1;0,  0> +
           ( 0.0000274, 0.0000000)|   4, 0, 0;0,  0;1, -1> +
           (-0.0000274, 0.0000000)|   4, 0, 0;1, -1;0,  0> +
           (-0.0000237,-0.0000000)|   2, 0, 0;0,  0;1, -1> +
           ( 0.0000237,-0.0000000)|   2, 0, 0;1, -1;0,  0> +
            ...
 |  563> = ( 0.7070900,-0.0048507)|   3, 0, 0;1,  1;0,  0> +
           (-0.7070900, 0.0048507)|   3, 0, 0;0,  0;1,  1> +
           ( 0.0003671,-0.0000025)|   3, 0, 0;1,  1;1,  0> +
           ( 0.0003671,-0.0000025)|   3, 0, 0;1,  0;1,  1> +
           ( 0.0001488,-0.0000010)|   3, 0, 0;1, -1;0,  0> +
           (-0.0001488, 0.0000010)|   3, 0, 0;0,  0;1, -1> +
           (-0.0001422, 0.0000010)|   3, 0, 0;2,  1;0,  0> +
           (-0.0001422, 0.0000010)|   3, 0, 0;0,  0;2,  1> +
           (-0.0000274, 0.0000002)|   4, 0, 0;1,  1;0,  0> +
           ( 0.0000274,-0.0000002)|   4, 0, 0;0,  0;1,  1> +
           ( 0.0000237,-0.0000002)|   2, 0, 0;1,  1;0,  0> +
           (-0.0000237, 0.0000002)|   2, 0, 0;0,  0;1,  1> +
            ...
 |  564> = ( 0.7071067,-0.0000000)|   3, 0, 0;1, -1;0,  0> +
           ( 0.7071066, 0.0000000)|   3, 0, 0;0,  0;1, -1> +
           ( 0.0003671,-0.0000000)|   3, 0, 0;1, -1;1,  0> +
           (-0.0003671,-0.0000000)|   3, 0, 0;1,  0;1, -1> +
           (-0.0001465,-0.0000000)|   3, 0, 0;1,  1;0,  0> +
           (-0.0001465,-0.0000000)|   3, 0, 0;0,  0;1,  1> +
           (-0.0001422, 0.0000000)|   3, 0, 0;2, -1;0,  0> +
           ( 0.0001422, 0.0000000)|   3, 0, 0;0,  0;2, -1> +
           (-0.0000274, 0.0000000)|   4, 0, 0;1, -1;0,  0> +
           (-0.0000274,-0.0000000)|   4, 0, 0;0,  0;1, -1> +
           ( 0.0000237, 0.0000000)|   2, 0, 0;1, -1;0,  0> +
           ( 0.0000237,-0.0000000)|   2, 0, 0;0,  0;1, -1> +
            ...
 |  565> = (-0.7070063,-0.0119119)|   3, 0, 0;0,  0;1,  1> +
           (-0.7070063,-0.0119119)|   3, 0, 0;1,  1;0,  0> +
           ( 0.0003671, 0.0000062)|   3, 0, 0;1,  0;1,  1> +
           (-0.0003671,-0.0000062)|   3, 0, 0;1,  1;1,  0> +
           (-0.0001465,-0.0000025)|   3, 0, 0;0,  0;1, -1> +
           (-0.0001465,-0.0000025)|   3, 0, 0;1, -1;0,  0> +
           (-0.0001422,-0.0000024)|   3, 0, 0;0,  0;2,  1> +
           ( 0.0001422, 0.0000024)|   3, 0, 0;2,  1;0,  0> +
           ( 0.0000274, 0.0000005)|   4, 0, 0;0,  0;1,  1> +
           ( 0.0000274, 0.0000005)|   4, 0, 0;1,  1;0,  0> +
           (-0.0000237,-0.0000004)|   2, 0, 0;0,  0;1,  1> +
           (-0.0000237,-0.0000004)|   2, 0, 0;1,  1;0,  0> +
            ...
 |  566> = ( 0.7071068,-0.0000022)|   3, 0, 0;1,  0;0,  0> +
           ( 0.7071068,-0.0000022)|   3, 0, 0;0,  0;1,  0> +
           (-0.0001642, 0.0000000)|   3, 0, 0;2,  0;0,  0> +
           ( 0.0001642,-0.0000000)|   3, 0, 0;0,  0;2,  0> +
            ...
 |  567> = (-0.7071064, 0.0000000)|   3, 0, 0;0,  0;1,  0> +
           ( 0.7071064, 0.0000000)|   3, 0, 0;1,  0;0,  0> +
           ( 0.0007342,-0.0000000)|   3, 0, 0;1,  0;1,  0> +
           ( 0.0007342, 0.0000000)|   3, 0, 0;0,  0;0,  0> +
           (-0.0001642, 0.0000000)|   3, 0, 0;0,  0;2,  0> +
           (-0.0001642,-0.0000000)|   3, 0, 0;2,  0;0,  0> +
            ...
 |  568> = (-0.7071016,-0.0000000)|   4, 0, 0;1, -1;0,  0> +
           ( 0.7071016, 0.0000000)|   4, 0, 0;0,  0;1, -1> +
           (-0.0026732, 0.0000001)|   4, 0, 0;1,  1;0,  0> +
           ( 0.0026732,-0.0000001)|   4, 0, 0;0,  0;1,  1> +
           (-0.0003671,-0.0000000)|   4, 0, 0;1, -1;1,  0> +
           (-0.0003671,-0.0000000)|   4, 0, 0;1,  0;1, -1> +
           ( 0.0001422, 0.0000000)|   4, 0, 0;2, -1;0,  0> +
           ( 0.0001422, 0.0000000)|   4, 0, 0;0,  0;2, -1> +
           ( 0.0000306, 0.0000000)|   5, 0, 0;1, -1;0,  0> +
           (-0.0000306,-0.0000000)|   5, 0, 0;0,  0;1, -1> +
           (-0.0000274,-0.0000000)|   3, 0, 0;1, -1;0,  0> +
           ( 0.0000274, 0.0000000)|   3, 0, 0;0,  0;1, -1> +
            ...
 |  569> = ( 0.7069691, 0.0136934)|   4, 0, 0;1,  1;0,  0> +
           (-0.7069690,-0.0136934)|   4, 0, 0;0,  0;1,  1> +
           (-0.0026727,-0.0000519)|   4, 0, 0;1, -1;0,  0> +
           ( 0.0026727, 0.0000519)|   4, 0, 0;0,  0;1, -1> +
           ( 0.0003670, 0.0000071)|   4, 0, 0;1,  1;1,  0> +
           ( 0.0003670, 0.0000071)|   4, 0, 0;1,  0;1,  1> +
           (-0.0001422,-0.0000028)|   4, 0, 0;2,  1;0,  0> +
           (-0.0001422,-0.0000028)|   4, 0, 0;0,  0;2,  1> +
           (-0.0000306,-0.0000006)|   5, 0, 0;1,  1;0,  0> +
           ( 0.0000306, 0.0000006)|   5, 0, 0;0,  0;1,  1> +
           ( 0.0000274, 0.0000005)|   3, 0, 0;1,  1;0,  0> +
           (-0.0000274,-0.0000005)|   3, 0, 0;0,  0;1,  1> +
            ...
 |  570> = ( 0.7071016,-0.0000000)|   4, 0, 0;0,  0;1, -1> +
           ( 0.7071016,-0.0000000)|   4, 0, 0;1, -1;0,  0> +
           ( 0.0026883, 0.0000002)|   4, 0, 0;0,  0;1,  1> +
           ( 0.0026883, 0.0000002)|   4, 0, 0;1,  1;0,  0> +
           (-0.0003671, 0.0000000)|   4, 0, 0;1,  0;1, -1> +
           ( 0.0003671,-0.0000000)|   4, 0, 0;1, -1;1,  0> +
           ( 0.0001422,-0.0000000)|   4, 0, 0;0,  0;2, -1> +
           (-0.0001422, 0.0000000)|   4, 0, 0;2, -1;0,  0> +
           (-0.0000306, 0.0000000)|   5, 0, 0;1, -1;0,  0> +
           (-0.0000306, 0.0000000)|   5, 0, 0;0,  0;1, -1> +
           ( 0.0000274,-0.0000000)|   3, 0, 0;0,  0;1, -1> +
           ( 0.0000274,-0.0000000)|   3, 0, 0;1, -1;0,  0> +
            ...
 |  571> = ( 0.7069531, 0.0144917)|   4, 0, 0;0,  0;1,  1> +
           ( 0.7069530, 0.0144917)|   4, 0, 0;1,  1;0,  0> +
           (-0.0026878,-0.0000549)|   4, 0, 0;1, -1;0,  0> +
           (-0.0026878,-0.0000549)|   4, 0, 0;0,  0;1, -1> +
           (-0.0003670,-0.0000075)|   4, 0, 0;1,  0;1,  1> +
           ( 0.0003670, 0.0000075)|   4, 0, 0;1,  1;1,  0> +
           ( 0.0001422, 0.0000029)|   4, 0, 0;0,  0;2,  1> +
           (-0.0001422,-0.0000029)|   4, 0, 0;2,  1;0,  0> +
           (-0.0000306,-0.0000006)|   5, 0, 0;0,  0;1,  1> +
           (-0.0000306,-0.0000006)|   5, 0, 0;1,  1;0,  0> +
           ( 0.0000274, 0.0000006)|   3, 0, 0;0,  0;1,  1> +
           ( 0.0000274, 0.0000006)|   3, 0, 0;1,  1;0,  0> +
            ...
 |  572> = ( 0.7067509,-0.0224304)|   4, 0, 0;1,  0;0,  0> +
           ( 0.7067509,-0.0224304)|   4, 0, 0;0,  0;1,  0> +
           (-0.0001641, 0.0000052)|   4, 0, 0;2,  0;0,  0> +
           ( 0.0001641,-0.0000052)|   4, 0, 0;0,  0;2,  0> +
            ...
 |  573> = (-0.7071064, 0.0000000)|   4, 0, 0;0,  0;1,  0> +
           ( 0.7071064, 0.0000000)|   4, 0, 0;1,  0;0,  0> +
           ( 0.0007342, 0.0000000)|   4, 0, 0;1,  0;1,  0> +
           ( 0.0007342, 0.0000000)|   4, 0, 0;0,  0;0,  0> +
           (-0.0001642, 0.0000000)|   4, 0, 0;0,  0;2,  0> +
           (-0.0001642,-0.0000000)|   4, 0, 0;2,  0;0,  0> +
            ...
 |  574> = (-0.6769543,-0.0000889)|   5, 0, 0;0,  0;1, -1> +
           ( 0.6769542, 0.0000889)|   5, 0, 0;1, -1;0,  0> +
           (-0.2042858, 0.0002772)|   5, 0, 0;0,  0;1,  1> +
           ( 0.2042858,-0.0002772)|   5, 0, 0;1,  1;0,  0> +
           ( 0.0003515, 0.0000000)|   5, 0, 0;1,  0;1, -1> +
           ( 0.0003515, 0.0000000)|   5, 0, 0;1, -1;1,  0> +
           (-0.0001361,-0.0000000)|   5, 0, 0;0,  0;2, -1> +
           (-0.0001361,-0.0000000)|   5, 0, 0;2, -1;0,  0> +
           ( 0.0001061,-0.0000001)|   5, 0, 0;1,  0;1,  1> +
           ( 0.0001061,-0.0000001)|   5, 0, 0;1,  1;1,  0> +
           (-0.0000411, 0.0000001)|   5, 0, 0;0,  0;2,  1> +
           (-0.0000411, 0.0000001)|   5, 0, 0;2,  1;0,  0> +
           ( 0.0000321, 0.0000000)|   6, 0, 0;0,  0;1, -1> +
           (-0.0000321,-0.0000000)|   6, 0, 0;1, -1;0,  0> +
           ( 0.0000293, 0.0000000)|   4, 0, 0;1, -1;0,  0> +
           (-0.0000293,-0.0000000)|   4, 0, 0;0,  0;1, -1> +
            ...
 |  575> = (-0.6767204, 0.0177986)|   5, 0, 0;1,  1;0,  0> +
           ( 0.6767201,-0.0177986)|   5, 0, 0;0,  0;1,  1> +
           ( 0.2042232,-0.0050672)|   5, 0, 0;1, -1;0,  0> +
           (-0.2042231, 0.0050672)|   5, 0, 0;0,  0;1, -1> +
           (-0.0003513, 0.0000092)|   5, 0, 0;1,  1;1,  0> +
           (-0.0003513, 0.0000092)|   5, 0, 0;1,  0;1,  1> +
           ( 0.0001361,-0.0000036)|   5, 0, 0;2,  1;0,  0> +
           ( 0.0001361,-0.0000036)|   5, 0, 0;0,  0;2,  1> +
           ( 0.0001060,-0.0000026)|   5, 0, 0;1, -1;1,  0> +
           ( 0.0001060,-0.0000026)|   5, 0, 0;1,  0;1, -1> +
           (-0.0000411, 0.0000010)|   5, 0, 0;2, -1;0,  0> +
           (-0.0000411, 0.0000010)|   5, 0, 0;0,  0;2, -1> +
           ( 0.0000321,-0.0000008)|   6, 0, 0;1,  1;0,  0> +
           (-0.0000321, 0.0000008)|   6, 0, 0;0,  0;1,  1> +
           (-0.0000293, 0.0000008)|   4, 0, 0;1,  1;0,  0> +
           ( 0.0000293,-0.0000008)|   4, 0, 0;0,  0;1,  1> +
            ...
 |  576> = (-0.6799272, 0.0000482)|   5, 0, 0;1, -1;0,  0> +
           (-0.6799271, 0.0000482)|   5, 0, 0;0,  0;1, -1> +
           (-0.1941620,-0.0001552)|   5, 0, 0;1,  1;0,  0> +
           (-0.1941620,-0.0001552)|   5, 0, 0;0,  0;1,  1> +
           (-0.0003530, 0.0000000)|   5, 0, 0;1, -1;1,  0> +
           ( 0.0003530,-0.0000000)|   5, 0, 0;1,  0;1, -1> +
           ( 0.0001367,-0.0000000)|   5, 0, 0;2, -1;0,  0> +
           (-0.0001367, 0.0000000)|   5, 0, 0;0,  0;2, -1> +
           (-0.0001008,-0.0000001)|   5, 0, 0;1,  1;1,  0> +
           ( 0.0001008, 0.0000001)|   5, 0, 0;1,  0;1,  1> +
           ( 0.0000390, 0.0000000)|   5, 0, 0;2,  1;0,  0> +
           (-0.0000390,-0.0000000)|   5, 0, 0;0,  0;2,  1> +
           ( 0.0000322,-0.0000000)|   6, 0, 0;1, -1;0,  0> +
           ( 0.0000322,-0.0000000)|   6, 0, 0;0,  0;1, -1> +
           (-0.0000294, 0.0000000)|   4, 0, 0;1, -1;0,  0> +
           (-0.0000294, 0.0000000)|   4, 0, 0;0,  0;1, -1> +
            ...
 |  577> = ( 0.6797695, 0.0146466)|   5, 0, 0;0,  0;1,  1> +
           ( 0.6797692, 0.0146466)|   5, 0, 0;1,  1;0,  0> +
           (-0.1941206,-0.0040136)|   5, 0, 0;0,  0;1, -1> +
           (-0.1941206,-0.0040136)|   5, 0, 0;1, -1;0,  0> +
           (-0.0003529,-0.0000076)|   5, 0, 0;1,  0;1,  1> +
           ( 0.0003529, 0.0000076)|   5, 0, 0;1,  1;1,  0> +
           ( 0.0001367, 0.0000029)|   5, 0, 0;0,  0;2,  1> +
           (-0.0001367,-0.0000029)|   5, 0, 0;2,  1;0,  0> +
           ( 0.0001008, 0.0000021)|   5, 0, 0;1,  0;1, -1> +
           (-0.0001008,-0.0000021)|   5, 0, 0;1, -1;1,  0> +
           (-0.0000390,-0.0000008)|   5, 0, 0;0,  0;2, -1> +
           ( 0.0000390, 0.0000008)|   5, 0, 0;2, -1;0,  0> +
           (-0.0000322,-0.0000007)|   6, 0, 0;0,  0;1,  1> +
           (-0.0000322,-0.0000007)|   6, 0, 0;1,  1;0,  0> +
           ( 0.0000294, 0.0000006)|   4, 0, 0;0,  0;1,  1> +
           ( 0.0000294, 0.0000006)|   4, 0, 0;1,  1;0,  0> +
            ...
 |  578> = ( 0.7070957, 0.0039558)|   5, 0, 0;1,  0;0,  0> +
           ( 0.7070957, 0.0039558)|   5, 0, 0;0,  0;1,  0> +
           (-0.0001642,-0.0000009)|   5, 0, 0;2,  0;0,  0> +
           ( 0.0001642, 0.0000009)|   5, 0, 0;0,  0;2,  0> +
           (-0.0000103,-0.0000001)|   6, 0, 0;1,  0;0,  0> +
           (-0.0000103,-0.0000001)|   6, 0, 0;0,  0;1,  0> +
            ...
 |  579> = (-0.7071064,-0.0000002)|   5, 0, 0;0,  0;1,  0> +
           ( 0.7071064, 0.0000002)|   5, 0, 0;1,  0;0,  0> +
           ( 0.0007342, 0.0000000)|   5, 0, 0;1,  0;1,  0> +
           ( 0.0007342, 0.0000000)|   5, 0, 0;0,  0;0,  0> +
           (-0.0001642,-0.0000000)|   5, 0, 0;0,  0;2,  0> +
           (-0.0001642,-0.0000000)|   5, 0, 0;2,  0;0,  0> +
           ( 0.0000103, 0.0000000)|   6, 0, 0;0,  0;1,  0> +
           (-0.0000103,-0.0000000)|   6, 0, 0;1,  0;0,  0> +
            ...
 |  580> = ( 0.3786102, 0.0030303)|   0, 1, 0;0,  0;1,  1> +
           (-0.3786102,-0.0030303)|   0, 1, 0;1,  1;0,  0> +
           (-0.0030286, 0.3771825)|   0, 0, 1;1, -1;0,  0> +
           ( 0.0030286,-0.3771825)|   0, 0, 1;0,  0;1, -1> +
           ( 0.3289682, 0.0011173)|   0, 1, 0;0,  0;1, -1> +
           (-0.3289682,-0.0011173)|   0, 1, 0;1, -1;0,  0> +
           ( 0.0011156,-0.3258016)|   0, 0, 1;1,  1;0,  0> +
           (-0.0011156, 0.3258016)|   0, 0, 1;0,  0;1,  1> +
           (-0.0001966,-0.0000016)|   0, 1, 0;1,  0;1,  1> +
           (-0.0001966,-0.0000016)|   0, 1, 0;1,  1;1,  0> +
           (-0.0000016, 0.0001958)|   0, 0, 1;1, -1;1,  0> +
           (-0.0000016, 0.0001958)|   0, 0, 1;1,  0;1, -1> +
           (-0.0001708,-0.0000006)|   0, 1, 0;1,  0;1, -1> +
           (-0.0001708,-0.0000006)|   0, 1, 0;1, -1;1,  0> +
           ( 0.0000006,-0.0001692)|   0, 0, 1;1,  1;1,  0> +
           ( 0.0000006,-0.0001692)|   0, 0, 1;1,  0;1,  1> +
           ( 0.0000761, 0.0000006)|   0, 1, 0;0,  0;2,  1> +
           ( 0.0000761, 0.0000006)|   0, 1, 0;2,  1;0,  0> +
           ( 0.0000006,-0.0000758)|   0, 0, 1;2, -1;0,  0> +
           ( 0.0000006,-0.0000758)|   0, 0, 1;0,  0;2, -1> +
           ( 0.0000661, 0.0000002)|   0, 1, 0;0,  0;2, -1> +
           ( 0.0000661, 0.0000002)|   0, 1, 0;2, -1;0,  0> +
           (-0.0000002, 0.0000655)|   0, 0, 1;2,  1;0,  0> +
           (-0.0000002, 0.0000655)|   0, 0, 1;0,  0;2,  1> +
            ...
 |  581> = ( 0.1325079,-0.5009676)|   0, 0, 1;0,  0;1,  1> +
           (-0.1325079, 0.5009676)|   0, 0, 1;1,  1;0,  0> +
           ( 0.4637960, 0.1241810)|   0, 1, 0;0,  0;1,  1> +
           (-0.4637959,-0.1241810)|   0, 1, 0;1,  1;0,  0> +
           ( 0.0288387, 0.0017711)|   0, 1, 0;1, -1;0,  0> +
           (-0.0288387,-0.0017711)|   0, 1, 0;0,  0;1, -1> +
           ( 0.0065559,-0.0082228)|   0, 0, 1;1, -1;0,  0> +
           (-0.0065559, 0.0082228)|   0, 0, 1;0,  0;1, -1> +
           (-0.0000688, 0.0002601)|   0, 0, 1;1,  0;1,  1> +
           (-0.0000688, 0.0002601)|   0, 0, 1;1,  1;1,  0> +
           (-0.0002408,-0.0000645)|   0, 1, 0;1,  0;1,  1> +
           (-0.0002408,-0.0000645)|   0, 1, 0;1,  1;1,  0> +
           ( 0.0000266,-0.0001007)|   0, 0, 1;0,  0;2,  1> +
           ( 0.0000266,-0.0001007)|   0, 0, 1;2,  1;0,  0> +
           ( 0.0000933, 0.0000250)|   0, 1, 0;0,  0;2,  1> +
           ( 0.0000933, 0.0000250)|   0, 1, 0;2,  1;0,  0> +
           ( 0.0000150, 0.0000009)|   0, 1, 0;1, -1;1,  0> +
           ( 0.0000150, 0.0000009)|   0, 1, 0;1,  0;1, -1> +
           (-0.0000026, 0.0000097)|   1, 0, 1;0,  0;1,  1> +
           ( 0.0000026,-0.0000097)|   1, 0, 1;1,  1;0,  0> +
            ...
 |  582> = ( 0.5156197,-0.0003784)|   0, 1, 0;0,  0;1, -1> +
           (-0.5156196, 0.0003784)|   0, 1, 0;1, -1;0,  0> +
           (-0.0010971, 0.4829903)|   0, 0, 1;0,  0;1, -1> +
           ( 0.0010971,-0.4829903)|   0, 0, 1;1, -1;0,  0> +
           (-0.0276376,-0.0042265)|   0, 1, 0;1,  1;0,  0> +
           ( 0.0276376, 0.0042265)|   0, 1, 0;0,  0;1,  1> +
           (-0.0057020,-0.0064040)|   0, 0, 1;1,  1;0,  0> +
           ( 0.0057020, 0.0064040)|   0, 0, 1;0,  0;1,  1> +
           (-0.0002677, 0.0000002)|   0, 1, 0;1,  0;1, -1> +
           (-0.0002677, 0.0000002)|   0, 1, 0;1, -1;1,  0> +
           ( 0.0000006,-0.0002508)|   0, 0, 1;1,  0;1, -1> +
           ( 0.0000006,-0.0002508)|   0, 0, 1;1, -1;1,  0> +
           ( 0.0001037,-0.0000001)|   0, 1, 0;0,  0;2, -1> +
           ( 0.0001037,-0.0000001)|   0, 1, 0;2, -1;0,  0> +
           (-0.0000002, 0.0000971)|   0, 0, 1;0,  0;2, -1> +
           (-0.0000002, 0.0000971)|   0, 0, 1;2, -1;0,  0> +
           (-0.0000143,-0.0000022)|   0, 1, 0;1,  1;1,  0> +
           (-0.0000143,-0.0000022)|   0, 1, 0;1,  0;1,  1> +
            ...
 |  583> = ( 0.3540279, 0.0000092)|   0, 1, 0;0,  0;1,  1> +
           (-0.3540279,-0.0000092)|   0, 1, 0;1,  1;0,  0> +
           ( 0.0000033, 0.3539090)|   0, 0, 1;0,  0;1,  1> +
           (-0.0000033,-0.3539090)|   0, 0, 1;1,  1;0,  0> +
           (-0.3536665, 0.0000016)|   0, 1, 0;0,  0;1, -1> +
           ( 0.3536665,-0.0000016)|   0, 1, 0;1, -1;0,  0> +
           ( 0.0000043, 0.3526083)|   0, 0, 1;0,  0;1, -1> +
           (-0.0000043,-0.3526083)|   0, 0, 1;1, -1;0,  0> +
           (-0.0001838,-0.0000000)|   0, 1, 0;1,  0;1,  1> +
           (-0.0001838,-0.0000000)|   0, 1, 0;1,  1;1,  0> +
           (-0.0000000,-0.0001837)|   0, 0, 1;1,  0;1,  1> +
           (-0.0000000,-0.0001837)|   0, 0, 1;1,  1;1,  0> +
           ( 0.0001836,-0.0000000)|   0, 1, 0;1,  0;1, -1> +
           ( 0.0001836,-0.0000000)|   0, 1, 0;1, -1;1,  0> +
           (-0.0000000,-0.0001831)|   0, 0, 1;1,  0;1, -1> +
           (-0.0000000,-0.0001831)|   0, 0, 1;1, -1;1,  0> +
           ( 0.0000712, 0.0000000)|   0, 1, 0;0,  0;2,  1> +
           ( 0.0000712, 0.0000000)|   0, 1, 0;2,  1;0,  0> +
           ( 0.0000000, 0.0000712)|   0, 0, 1;0,  0;2,  1> +
           ( 0.0000000, 0.0000712)|   0, 0, 1;2,  1;0,  0> +
           (-0.0000711, 0.0000000)|   0, 1, 0;0,  0;2, -1> +
           (-0.0000711, 0.0000000)|   0, 1, 0;2, -1;0,  0> +
           ( 0.0000000, 0.0000709)|   0, 0, 1;0,  0;2, -1> +
           ( 0.0000000, 0.0000709)|   0, 0, 1;2, -1;0,  0> +
            ...
 |  584> = (-0.3890129,-0.0064498)|   0, 1, 0;1,  1;0,  0> +
           (-0.3890129,-0.0064498)|   0, 1, 0;0,  0;1,  1> +
           ( 0.0009978,-0.3602254)|   0, 0, 1;0,  0;1,  1> +
           ( 0.0009978,-0.3602254)|   0, 0, 1;1,  1;0,  0> +
           (-0.3482628,-0.0011092)|   0, 1, 0;1, -1;0,  0> +
           (-0.3482628,-0.0011092)|   0, 1, 0;0,  0;1, -1> +
           (-0.0104979, 0.3121945)|   0, 0, 1;0,  0;1, -1> +
           (-0.0104979, 0.3121945)|   0, 0, 1;1, -1;0,  0> +
           (-0.0002020,-0.0000033)|   0, 1, 0;1,  1;1,  0> +
           ( 0.0002020, 0.0000033)|   0, 1, 0;1,  0;1,  1> +
           (-0.0000005, 0.0001870)|   0, 0, 1;1,  0;1,  1> +
           ( 0.0000005,-0.0001870)|   0, 0, 1;1,  1;1,  0> +
           (-0.0001808,-0.0000006)|   0, 1, 0;1, -1;1,  0> +
           ( 0.0001808, 0.0000006)|   0, 1, 0;1,  0;1, -1> +
           ( 0.0000055,-0.0001621)|   0, 0, 1;1,  0;1, -1> +
           (-0.0000055, 0.0001621)|   0, 0, 1;1, -1;1,  0> +
           ( 0.0000782, 0.0000013)|   0, 1, 0;2,  1;0,  0> +
           (-0.0000782,-0.0000013)|   0, 1, 0;0,  0;2,  1> +
           ( 0.0000002,-0.0000724)|   0, 0, 1;0,  0;2,  1> +
           (-0.0000002, 0.0000724)|   0, 0, 1;2,  1;0,  0> +
           ( 0.0000700, 0.0000002)|   0, 1, 0;2, -1;0,  0> +
           (-0.0000700,-0.0000002)|   0, 1, 0;0,  0;2, -1> +
           (-0.0000021, 0.0000628)|   0, 0, 1;0,  0;2, -1> +
           ( 0.0000021,-0.0000628)|   0, 0, 1;2, -1;0,  0> +
            ...
 |  585> = ( 0.0041542, 0.5562408)|   0, 0, 1;1, -1;0,  0> +
           ( 0.0041542, 0.5562408)|   0, 0, 1;0,  0;1, -1> +
           ( 0.4329173,-0.0034785)|   0, 1, 0;1, -1;0,  0> +
           ( 0.4329173,-0.0034785)|   0, 1, 0;0,  0;1, -1> +
           ( 0.0117310, 0.0541094)|   0, 0, 1;1,  1;0,  0> +
           ( 0.0117310, 0.0541094)|   0, 0, 1;0,  0;1,  1> +
           ( 0.0087017,-0.0028501)|   0, 1, 0;0,  0;1,  1> +
           ( 0.0087017,-0.0028501)|   0, 1, 0;1,  1;0,  0> +
           ( 0.0000022, 0.0002888)|   0, 0, 1;1, -1;1,  0> +
           (-0.0000022,-0.0002888)|   0, 0, 1;1,  0;1, -1> +
           ( 0.0002248,-0.0000018)|   0, 1, 0;1, -1;1,  0> +
           (-0.0002248, 0.0000018)|   0, 1, 0;1,  0;1, -1> +
           (-0.0000008,-0.0001118)|   0, 0, 1;2, -1;0,  0> +
           ( 0.0000008, 0.0001118)|   0, 0, 1;0,  0;2, -1> +
           (-0.0000871, 0.0000007)|   0, 1, 0;2, -1;0,  0> +
           ( 0.0000871,-0.0000007)|   0, 1, 0;0,  0;2, -1> +
           ( 0.0000061, 0.0000281)|   0, 0, 1;1,  1;1,  0> +
           (-0.0000061,-0.0000281)|   0, 0, 1;1,  0;1,  1> +
           (-0.0000024,-0.0000109)|   0, 0, 1;2,  1;0,  0> +
           ( 0.0000024, 0.0000109)|   0, 0, 1;0,  0;2,  1> +
           (-0.0000001,-0.0000108)|   1, 0, 1;1, -1;0,  0> +
           (-0.0000001,-0.0000108)|   1, 0, 1;0,  0;1, -1> +
            ...
 |  586> = (-0.4362763,-0.0017144)|   0, 1, 0;1, -1;0,  0> +
           (-0.4362762,-0.0017144)|   0, 1, 0;0,  0;1, -1> +
           ( 0.0445696, 0.3458287)|   0, 0, 1;0,  0;1,  1> +
           ( 0.0445696, 0.3458287)|   0, 0, 1;1,  1;0,  0> +
           ( 0.3107261, 0.0368450)|   0, 1, 0;0,  0;1,  1> +
           ( 0.3107261, 0.0368450)|   0, 1, 0;1,  1;0,  0> +
           ( 0.0033062, 0.3002613)|   0, 0, 1;0,  0;1, -1> +
           ( 0.0033062, 0.3002613)|   0, 0, 1;1, -1;0,  0> +
           (-0.0002265,-0.0000009)|   0, 1, 0;1, -1;1,  0> +
           ( 0.0002265, 0.0000009)|   0, 1, 0;1,  0;1, -1> +
           (-0.0000231,-0.0001795)|   0, 0, 1;1,  0;1,  1> +
           ( 0.0000231, 0.0001795)|   0, 0, 1;1,  1;1,  0> +
           (-0.0001613,-0.0000191)|   0, 1, 0;1,  0;1,  1> +
           ( 0.0001613, 0.0000191)|   0, 1, 0;1,  1;1,  0> +
           (-0.0000017,-0.0001559)|   0, 0, 1;1,  0;1, -1> +
           ( 0.0000017, 0.0001559)|   0, 0, 1;1, -1;1,  0> +
           ( 0.0000877, 0.0000003)|   0, 1, 0;2, -1;0,  0> +
           (-0.0000877,-0.0000003)|   0, 1, 0;0,  0;2, -1> +
           ( 0.0000090, 0.0000695)|   0, 0, 1;0,  0;2,  1> +
           (-0.0000090,-0.0000695)|   0, 0, 1;2,  1;0,  0> +
           ( 0.0000625, 0.0000074)|   0, 1, 0;0,  0;2,  1> +
           (-0.0000625,-0.0000074)|   0, 1, 0;2,  1;0,  0> +
           ( 0.0000007, 0.0000604)|   0, 0, 1;0,  0;2, -1> +
           (-0.0000007,-0.0000604)|   0, 0, 1;2, -1;0,  0> +
            ...
 |  587> = ( 0.1538844,-0.4763976)|   0, 1, 0;1,  1;0,  0> +
           ( 0.1538844,-0.4763976)|   0, 1, 0;0,  0;1,  1> +
           (-0.4859421,-0.0971978)|   0, 0, 1;1,  1;0,  0> +
           (-0.4859421,-0.0971978)|   0, 0, 1;0,  0;1,  1> +
           ( 0.0368984, 0.0383913)|   0, 0, 1;0,  0;1, -1> +
           ( 0.0368984, 0.0383913)|   0, 0, 1;1, -1;0,  0> +
           (-0.0306130,-0.0022534)|   0, 1, 0;1, -1;0,  0> +
           (-0.0306130,-0.0022534)|   0, 1, 0;0,  0;1, -1> +
           ( 0.0000799,-0.0002473)|   0, 1, 0;1,  1;1,  0> +
           (-0.0000799, 0.0002473)|   0, 1, 0;1,  0;1,  1> +
           (-0.0002523,-0.0000505)|   0, 0, 1;1,  1;1,  0> +
           ( 0.0002523, 0.0000505)|   0, 0, 1;1,  0;1,  1> +
           (-0.0000309, 0.0000958)|   0, 1, 0;2,  1;0,  0> +
           ( 0.0000309,-0.0000958)|   0, 1, 0;0,  0;2,  1> +
           ( 0.0000977, 0.0000195)|   0, 0, 1;2,  1;0,  0> +
           (-0.0000977,-0.0000195)|   0, 0, 1;0,  0;2,  1> +
           (-0.0000192,-0.0000199)|   0, 0, 1;1,  0;1, -1> +
           ( 0.0000192, 0.0000199)|   0, 0, 1;1, -1;1,  0> +
           (-0.0000159,-0.0000012)|   0, 1, 0;1, -1;1,  0> +
           ( 0.0000159, 0.0000012)|   0, 1, 0;1,  0;1, -1> +
           ( 0.0000074, 0.0000077)|   0, 0, 1;0,  0;2, -1> +
           (-0.0000074,-0.0000077)|   0, 0, 1;2, -1;0,  0> +
            ...
 |  588> = (-0.1508514,-0.5261310)|   0, 0, 1;0,  0;1,  0> +
           (-0.1508514,-0.5261310)|   0, 0, 1;1,  0;0,  0> +
           (-0.4243630, 0.1426395)|   0, 1, 0;0,  0;1,  0> +
           (-0.4243630, 0.1426395)|   0, 1, 0;1,  0;0,  0> +
           (-0.0000350,-0.0001222)|   0, 0, 1;0,  0;2,  0> +
           ( 0.0000350, 0.0001222)|   0, 0, 1;2,  0;0,  0> +
           (-0.0000985, 0.0000331)|   0, 1, 0;0,  0;2,  0> +
           ( 0.0000985,-0.0000331)|   0, 1, 0;2,  0;0,  0> +
            ...
 |  589> = ( 0.5472268,-0.0106216)|   0, 1, 0;1,  0;0,  0> +
           ( 0.5472268,-0.0106216)|   0, 1, 0;0,  0;1,  0> +
           ( 0.0114718,-0.4475471)|   0, 0, 1;0,  0;1,  0> +
           ( 0.0114718,-0.4475471)|   0, 0, 1;1,  0;0,  0> +
           (-0.0001271, 0.0000025)|   0, 1, 0;2,  0;0,  0> +
           ( 0.0001271,-0.0000025)|   0, 1, 0;0,  0;2,  0> +
           ( 0.0000027,-0.0001039)|   0, 0, 1;0,  0;2,  0> +
           (-0.0000027, 0.0001039)|   0, 0, 1;2,  0;0,  0> +
            ...
 |  590> = (-0.6554788, 0.2400240)|   0, 0, 1;1,  0;0,  0> +
           ( 0.6554787,-0.2400240)|   0, 0, 1;0,  0;1,  0> +
           (-0.0680108,-0.0900558)|   0, 1, 0;0,  0;1,  0> +
           ( 0.0680108, 0.0900558)|   0, 1, 0;1,  0;0,  0> +
           (-0.0006806, 0.0002492)|   0, 0, 1;1,  0;1,  0> +
           (-0.0006806, 0.0002492)|   0, 0, 1;0,  0;0,  0> +
           ( 0.0001522,-0.0000557)|   0, 0, 1;2,  0;0,  0> +
           ( 0.0001522,-0.0000557)|   0, 0, 1;0,  0;2,  0> +
           ( 0.0000706, 0.0000935)|   0, 1, 0;1,  0;1,  0> +
           ( 0.0000706, 0.0000935)|   0, 1, 0;0,  0;0,  0> +
           (-0.0000158,-0.0000209)|   0, 1, 0;0,  0;2,  0> +
           (-0.0000158,-0.0000209)|   0, 1, 0;2,  0;0,  0> +
            ...
 |  591> = ( 0.6980289,-0.0044213)|   0, 1, 0;1,  0;0,  0> +
           (-0.6980289, 0.0044213)|   0, 1, 0;0,  0;1,  0> +
           (-0.0322134, 0.1081564)|   0, 0, 1;0,  0;1,  0> +
           ( 0.0322134,-0.1081564)|   0, 0, 1;1,  0;0,  0> +
           ( 0.0007248,-0.0000046)|   0, 1, 0;1,  0;1,  0> +
           ( 0.0007248,-0.0000046)|   0, 1, 0;0,  0;0,  0> +
           (-0.0001621, 0.0000010)|   0, 1, 0;2,  0;0,  0> +
           (-0.0001621, 0.0000010)|   0, 1, 0;0,  0;2,  0> +
           ( 0.0000334,-0.0001123)|   0, 0, 1;1,  0;1,  0> +
           ( 0.0000334,-0.0001123)|   0, 0, 1;0,  0;0,  0> +
           (-0.0000075, 0.0000251)|   0, 0, 1;0,  0;2,  0> +
           (-0.0000075, 0.0000251)|   0, 0, 1;2,  0;0,  0> +
            ...
 |  592> = (-0.7069579, 0.0133470)|   6, 0, 0;0,  0;1,  1> +
           ( 0.7069578,-0.0133471)|   6, 0, 0;1,  1;0,  0> +
           (-0.0056859, 0.0001002)|   6, 0, 0;0,  0;1, -1> +
           ( 0.0056859,-0.0001002)|   6, 0, 0;1, -1;0,  0> +
           ( 0.0003670,-0.0000069)|   6, 0, 0;1,  0;1,  1> +
           ( 0.0003670,-0.0000069)|   6, 0, 0;1,  1;1,  0> +
           (-0.0001422, 0.0000027)|   6, 0, 0;0,  0;2,  1> +
           (-0.0001422, 0.0000027)|   6, 0, 0;2,  1;0,  0> +
           ( 0.0000362,-0.0000007)|   7, 0, 0;0,  0;1,  1> +
           (-0.0000362, 0.0000007)|   7, 0, 0;1,  1;0,  0> +
           (-0.0000335, 0.0000006)|   5, 0, 0;0,  0;1,  1> +
           ( 0.0000335,-0.0000006)|   5, 0, 0;1,  1;0,  0> +
            ...
 |  593> = (-0.7070838,-0.0000022)|   6, 0, 0;1, -1;0,  0> +
           ( 0.7070838, 0.0000022)|   6, 0, 0;0,  0;1, -1> +
           ( 0.0056868,-0.0000071)|   6, 0, 0;1,  1;0,  0> +
           (-0.0056868, 0.0000071)|   6, 0, 0;0,  0;1,  1> +
           (-0.0003671,-0.0000000)|   6, 0, 0;1, -1;1,  0> +
           (-0.0003671,-0.0000000)|   6, 0, 0;1,  0;1, -1> +
           ( 0.0001422, 0.0000000)|   6, 0, 0;2, -1;0,  0> +
           ( 0.0001422, 0.0000000)|   6, 0, 0;0,  0;2, -1> +
           ( 0.0000362, 0.0000000)|   7, 0, 0;1, -1;0,  0> +
           (-0.0000362,-0.0000000)|   7, 0, 0;0,  0;1, -1> +
           ( 0.0000335, 0.0000000)|   5, 0, 0;0,  0;1, -1> +
           (-0.0000335,-0.0000000)|   5, 0, 0;1, -1;0,  0> +
            ...
