p1542
# Parameters of the model
#  mass:		    261.00 u
#  charge:	      1.00 e
#  dipole:	      4.74 D
#  B:		    503.65 MHz
#  omega_rho:	      1.40 MHz
#  omega_z:	      0.02 MHz

# Basis truncation:	|32,4,4;2,2>
# omega_1:	      0.03 MHz
# omega_3/5:	      1.40 MHz
# Basis size:		41472

# Active terms of the Hamiltionian:
# 	Nomal modes:	1
# 	T_rot:      	1
# 	V_qd^{(0)}: 	1
# 	V_qd^{(1)}: 	1
# 	V_dd^{(0)}: 	1

# Results of the diagonalisation

# 100 smallest eigenvalues
 40.910388947 41.969074249 43.045639038 43.641159058 44.596343994 47.024044037 48.285499573 48.582931519 48.915996552 49.585815430 51.898925781 52.520854950 52.930629730 53.809638977 53.831947327 56.330833435 56.831485748 57.021060944 60.753879547 61.221725464 62.929988861 63.253093719 63.490608215 64.125404358 65.065734863 67.327354431 67.555572510 68.384544373 70.205078125 71.437461853 71.850006104 72.815414429 81.971336365 82.433807373 82.504440308 83.004737854 83.039764404 83.376419067 84.636291504 84.848594666 84.865234375 85.453483582 85.493858337 85.989624023 86.737190247 86.938491821 87.900596619 88.169319153 89.065155029 89.155326843 90.861862183 90.908447266 91.580657959 91.772232056 91.812110901 91.832969666 92.235435486 92.818145752 93.207374573 94.724189758 95.217018127 96.288482666 96.809898376 96.877891541 97.805862427 98.129379272 99.347198486 99.821441650 100.211784363 100.248130798 100.716796875 101.650131226 101.758377075 102.035125732 102.223777771 102.366775513 102.669403076 102.801872253 103.156883240 103.272941589 104.991035461 106.185493469 106.233421326 106.361137390 106.758934021 106.874465942 107.770294189 107.995819092 108.570587158 108.912788391 109.244979858 109.382644653 111.205245972 111.673164368 114.051956177 114.582473755 121.090255737 121.834732056 121.994560242 122.083953857

# Ground state and the lowest excitations:
 | 0> = ( 1.000000, 0.000000)|   0, 0, 0;0,  0;0,  0> +
         ...
 | 1> = (-1.000003,-0.000000)|   1, 0, 0;0,  0;0,  0> +
         ...
 | 2> = (-0.999998, 0.000000)|   3, 0, 0;0,  0;0,  0> +
        (-0.000847, 0.000000)|   1, 2, 0;0,  0;0,  0> +
        (-0.000847,-0.000000)|   1, 0, 2;0,  0;0,  0> +
         ...
 | 3> = ( 0.999995, 0.000000)|   2, 0, 0;0,  0;0,  0> +
        ( 0.001425, 0.000000)|   0, 0, 2;0,  0;0,  0> +
        ( 0.001425, 0.000000)|   0, 2, 0;0,  0;0,  0> +
         ...
 | 4> = ( 0.999987,-0.000000)|   4, 0, 0;0,  0;0,  0> +
        ( 0.000000,-0.003260)|   1, 0, 1;0,  0;0,  0> +
        (-0.002088,-0.000000)|   2, 2, 0;0,  0;0,  0> +
        (-0.002088, 0.000000)|   2, 0, 2;0,  0;0,  0> +
        (-0.001964, 0.000000)|   1, 1, 0;0,  0;0,  0> +
        ( 0.001729, 0.000000)|   0, 2, 2;0,  0;0,  0> +
        (-0.001202,-0.000000)|   0, 0, 2;0,  0;0,  0> +
        ( 0.001202, 0.000000)|   0, 2, 0;0,  0;0,  0> +
         ...
 | 5> = (-0.999987, 0.000217)|   5, 0, 0;0,  0;0,  0> +
        ( 0.000016,-0.002719)|   0, 1, 1;0,  0;0,  0> +
        ( 0.002556, 0.000000)|   1, 2, 2;0,  0;0,  0> +
        ( 0.002229,-0.000001)|   2, 1, 0;0,  0;0,  0> +
        (-0.000016, 0.001757)|   2, 0, 1;0,  0;0,  0> +
        (-0.000564, 0.000008)|   1, 2, 0;0,  0;0,  0> +
        ( 0.000563,-0.000008)|   1, 0, 2;0,  0;0,  0> +
         ...
 | 6> = ( 0.999976,-0.001451)|   7, 0, 0;0,  0;0,  0> +
        (-0.004317, 0.000006)|   3, 2, 0;0,  0;0,  0> +
        ( 0.004284, 0.000002)|   3, 0, 2;0,  0;0,  0> +
        (-0.000026, 0.001486)|   3, 0, 1;0,  0;0,  0> +
        (-0.001403,-0.000025)|   3, 1, 0;0,  0;0,  0> +
        (-0.000125, 0.001380)|   0, 1, 3;0,  0;0,  0> +
        ( 0.000742, 0.000053)|   4, 2, 0;0,  0;0,  0> +
        (-0.000611,-0.000017)|   4, 1, 0;0,  0;0,  0> +
        ( 0.000484,-0.000000)|   8, 0, 0;0,  0;0,  0> +
        (-0.000340,-0.000054)|   4, 0, 2;0,  0;0,  0> +
         ...
 | 7> = ( 0.999994,-0.000422)|   8, 0, 0;0,  0;0,  0> +
        ( 0.001377, 0.000107)|   4, 1, 0;0,  0;0,  0> +
        (-0.001340, 0.000033)|   1, 3, 2;0,  0;0,  0> +
        ( 0.000002, 0.001312)|   1, 3, 1;0,  0;0,  0> +
        (-0.000029,-0.001214)|   1, 2, 3;0,  0;0,  0> +
        (-0.000879,-0.000005)|   3, 2, 2;0,  0;0,  0> +
        ( 0.000659, 0.000070)|   4, 0, 2;0,  0;0,  0> +
        ( 0.000099,-0.000540)|   4, 0, 1;0,  0;0,  0> +
        (-0.000482, 0.000001)|   7, 0, 0;0,  0;0,  0> +
        ( 0.000030,-0.000334)|   0, 1, 3;0,  0;0,  0> +
        ( 0.000069, 0.000326)|   2, 2, 1;0,  0;0,  0> +
         ...
 | 8> = ( 0.999995,-0.000673)|   6, 0, 0;0,  0;0,  0> +
        ( 0.001109, 0.000007)|   0, 3, 2;0,  0;0,  0> +
        ( 0.000002, 0.001109)|   0, 2, 3;0,  0;0,  0> +
        ( 0.000487,-0.000001)|   3, 0, 2;0,  0;0,  0> +
        ( 0.000082,-0.000450)|   2, 0, 2;0,  0;0,  0> +
        (-0.000082, 0.000450)|   2, 2, 0;0,  0;0,  0> +
        ( 0.000353,-0.000001)|   3, 2, 0;0,  0;0,  0> +
         ...
 | 9> = (-0.999984,-0.000151)|   9, 0, 0;0,  0;0,  0> +
        (-0.000029, 0.002707)|   2, 0, 3;0,  0;0,  0> +
        (-0.002589,-0.000052)|   2, 3, 0;0,  0;0,  0> +
        (-0.001705, 0.000062)|   2, 1, 2;0,  0;0,  0> +
        ( 0.000010, 0.001421)|   2, 2, 1;0,  0;0,  0> +
        ( 0.000092,-0.001272)|   1, 2, 1;0,  0;0,  0> +
        (-0.001228, 0.000031)|   6, 1, 0;0,  0;0,  0> +
        (-0.000082, 0.001193)|   1, 0, 3;0,  0;0,  0> +
        (-0.000868,-0.000076)|   1, 3, 0;0,  0;0,  0> +
        ( 0.000666, 0.000070)|   1, 1, 2;0,  0;0,  0> +
        ( 0.000025,-0.000598)|   6, 0, 1;0,  0;0,  0> +
        ( 0.000491,-0.000040)|   5, 1, 0;0,  0;0,  0> +
        (-0.000410,-0.000002)|   5, 2, 0;0,  0;0,  0> +
        (-0.000038,-0.000399)|   5, 0, 1;0,  0;0,  0> +
        ( 0.000327,-0.000005)|   4, 2, 2;0,  0;0,  0> +
         ...
 |10> = ( 0.999992,-0.002286)|  10, 0, 0;0,  0;0,  0> +
        ( 0.000080, 0.001915)|   6, 0, 1;0,  0;0,  0> +
        (-0.000020, 0.001012)|   1, 2, 1;0,  0;0,  0> +
        (-0.000840,-0.000016)|   1, 3, 0;0,  0;0,  0> +
        ( 0.000778,-0.000104)|   2, 1, 2;0,  0;0,  0> +
        (-0.000766,-0.000019)|   1, 1, 2;0,  0;0,  0> +
        (-0.000016, 0.000722)|   1, 0, 3;0,  0;0,  0> +
        (-0.000043,-0.000547)|   5, 0, 1;0,  0;0,  0> +
        ( 0.000028,-0.000545)|   2, 0, 3;0,  0;0,  0> +
        (-0.000526, 0.000004)|   5, 2, 0;0,  0;0,  0> +
        (-0.000518,-0.000006)|   5, 0, 2;0,  0;0,  0> +
        ( 0.000398,-0.000045)|   5, 1, 0;0,  0;0,  0> +
        ( 0.000003, 0.000377)|   2, 2, 3;0,  0;0,  0> +
        (-0.000343, 0.000003)|   2, 3, 2;0,  0;0,  0> +
         ...
 |11> = (-0.999981,-0.000236)|  12, 0, 0;0,  0;0,  0> +
        (-0.004064,-0.000113)|   8, 1, 0;0,  0;0,  0> +
        (-0.003630, 0.000007)|   7, 1, 0;0,  0;0,  0> +
        (-0.000028,-0.002184)|   8, 0, 1;0,  0;0,  0> +
        (-0.001939,-0.000022)|   6, 0, 2;0,  0;0,  0> +
        ( 0.001883, 0.000022)|   6, 2, 0;0,  0;0,  0> +
        (-0.000001, 0.000742)|   3, 0, 3;0,  0;0,  0> +
        ( 0.000724,-0.000015)|   3, 3, 2;0,  0;0,  0> +
        ( 0.000569,-0.000106)|   7, 0, 2;0,  0;0,  0> +
        ( 0.000556,-0.000006)|   8, 2, 0;0,  0;0,  0> +
        ( 0.000532,-0.000001)|   5, 2, 2;0,  0;0,  0> +
        ( 0.000526,-0.000015)|   3, 3, 0;0,  0;0,  0> +
        ( 0.000501,-0.000000)|   4, 3, 2;0,  0;0,  0> +
        (-0.000010, 0.000455)|   4, 2, 1;0,  0;0,  0> +
        ( 0.000393,-0.000000)|   3, 1, 2;0,  0;0,  0> +
        ( 0.000385,-0.000001)|  11, 0, 0;0,  0;0,  0> +
        ( 0.000003, 0.000372)|   4, 2, 3;0,  0;0,  0> +
        ( 0.000369,-0.000006)|   8, 3, 2;0,  0;0,  0> +
        ( 0.000007,-0.000344)|   3, 3, 1;0,  0;0,  0> +
        ( 0.000006, 0.000340)|   5, 3, 3;0,  0;0,  0> +
        ( 0.000010,-0.000329)|   4, 1, 1;0,  0;0,  0> +
         ...
 |12> = (-0.999992, 0.001774)|  11, 0, 0;0,  0;0,  0> +
        ( 0.000174, 0.002289)|   6, 0, 1;0,  0;0,  0> +
        (-0.002218, 0.000175)|   6, 1, 0;0,  0;0,  0> +
        ( 0.000292, 0.001187)|   2, 2, 1;0,  0;0,  0> +
        ( 0.000695, 0.000002)|   6, 2, 0;0,  0;0,  0> +
        (-0.000148,-0.000643)|   2, 0, 3;0,  0;0,  0> +
        (-0.000481, 0.000168)|   2, 1, 2;0,  0;0,  0> +
        ( 0.000449, 0.000008)|   8, 1, 0;0,  0;0,  0> +
        (-0.000004,-0.000432)|   3, 0, 3;0,  0;0,  0> +
        (-0.000387,-0.000000)|  12, 0, 0;0,  0;0,  0> +
        (-0.000003, 0.000382)|   8, 0, 1;0,  0;0,  0> +
        (-0.000060,-0.000353)|   6, 2, 1;0,  0;0,  0> +
        ( 0.000033, 0.000333)|  16, 2, 2;0,  0;0,  0> +
         ...
 |13> = (-0.999736, 0.005645)|  14, 0, 0;0,  0;0,  0> +
        ( 0.016181,-0.000149)|   8, 2, 0;0,  0;0,  0> +
        ( 0.000309,-0.009267)|   4, 1, 1;0,  0;0,  0> +
        (-0.000585, 0.007290)|   8, 0, 1;0,  0;0,  0> +
        (-0.007016,-0.000570)|   8, 1, 0;0,  0;0,  0> +
        (-0.000356, 0.003266)|   9, 0, 1;0,  0;0,  0> +
        ( 0.002949,-0.000549)|   7, 0, 2;0,  0;0,  0> +
        ( 0.002192, 0.000804)|   8, 0, 2;0,  0;0,  0> +
        (-0.002172, 0.000121)|   7, 2, 0;0,  0;0,  0> +
        ( 0.001996, 0.000072)|  10, 0, 2;0,  0;0,  0> +
        (-0.000026, 0.001710)|   5, 2, 3;0,  0;0,  0> +
        (-0.001596,-0.000027)|   5, 3, 2;0,  0;0,  0> +
        ( 0.001335,-0.000031)|   5, 3, 0;0,  0;0,  0> +
        (-0.001048,-0.000632)|   4, 1, 3;0,  0;0,  0> +
        ( 0.001001, 0.000201)|  10, 1, 0;0,  0;0,  0> +
        (-0.000967,-0.000284)|   3, 1, 2;0,  0;0,  0> +
        (-0.000213, 0.000984)|  10, 0, 1;0,  0;0,  0> +
        ( 0.000982, 0.000145)|  13, 0, 0;0,  0;0,  0> +
        ( 0.000987, 0.000020)|  10, 2, 0;0,  0;0,  0> +
        ( 0.000187, 0.000905)|   4, 2, 1;0,  0;0,  0> +
        ( 0.000037,-0.000919)|   6, 0, 3;0,  0;0,  0> +
        ( 0.000112, 0.000818)|   8, 3, 1;0,  0;0,  0> +
        (-0.000225, 0.000569)|   4, 1, 2;0,  0;0,  0> +
        ( 0.000582, 0.000136)|  10, 1, 3;0,  0;0,  0> +
        ( 0.000570, 0.000136)|   3, 3, 0;0,  0;0,  0> +
        (-0.000099, 0.000555)|   5, 1, 1;0,  0;0,  0> +
        ( 0.000169,-0.000535)|   9, 2, 0;0,  0;0,  0> +
        ( 0.000031,-0.000557)|   3, 2, 1;0,  0;0,  0> +
        (-0.000158, 0.000518)|   7, 3, 1;0,  0;0,  0> +
        (-0.000464, 0.000247)|   4, 3, 0;0,  0;0,  0> +
        ( 0.000379,-0.000346)|   9, 1, 0;0,  0;0,  0> +
        ( 0.000498,-0.000042)|   6, 3, 2;0,  0;0,  0> +
        ( 0.000096, 0.000474)|   9, 0, 2;0,  0;0,  0> +
        ( 0.000470, 0.000085)|   4, 0, 3;0,  0;0,  0> +
        (-0.000162,-0.000395)|   5, 2, 1;0,  0;0,  0> +
        (-0.000000,-0.000405)|   6, 3, 3;0,  0;0,  0> +
        ( 0.000401,-0.000028)|  11, 1, 3;0,  0;0,  0> +
        (-0.000059,-0.000367)|   6, 1, 3;0,  0;0,  0> +
        (-0.000011,-0.000370)|   8, 2, 1;0,  0;0,  0> +
        (-0.000002,-0.000355)|  14, 2, 3;0,  0;0,  0> +
        ( 0.000345,-0.000023)|  12, 2, 2;0,  0;0,  0> +
        ( 0.000023, 0.000335)|  11, 2, 3;0,  0;0,  0> +
         ...
 |14> = ( 0.989196, 0.146471)|  13, 0, 0;0,  0;0,  0> +
        ( 0.000239,-0.003821)|   8, 0, 1;0,  0;0,  0> +
        ( 0.000036,-0.001944)|   3, 2, 1;0,  0;0,  0> +
        (-0.001458,-0.001021)|   4, 1, 3;0,  0;0,  0> +
        ( 0.001649, 0.000188)|   8, 1, 0;0,  0;0,  0> +
        (-0.000080, 0.001574)|   3, 0, 3;0,  0;0,  0> +
        ( 0.000062,-0.001362)|   4, 3, 1;0,  0;0,  0> +
        (-0.000020, 0.001344)|   7, 0, 1;0,  0;0,  0> +
        (-0.001333,-0.000018)|   7, 1, 0;0,  0;0,  0> +
        ( 0.001273, 0.000058)|   3, 1, 3;0,  0;0,  0> +
        ( 0.000033,-0.001026)|   4, 1, 1;0,  0;0,  0> +
        ( 0.000972,-0.000005)|  14, 0, 0;0,  0;0,  0> +
        ( 0.000184,-0.000844)|   4, 2, 1;0,  0;0,  0> +
        (-0.000813,-0.000145)|   3, 3, 0;0,  0;0,  0> +
        ( 0.000751,-0.000036)|   7, 2, 0;0,  0;0,  0> +
        ( 0.000212, 0.000720)|   6, 2, 1;0,  0;0,  0> +
        ( 0.000727,-0.000133)|   7, 0, 2;0,  0;0,  0> +
        (-0.000001,-0.000678)|   6, 3, 3;0,  0;0,  0> +
        (-0.000001, 0.000622)|   5, 2, 3;0,  0;0,  0> +
        ( 0.000579, 0.000135)|   3, 1, 2;0,  0;0,  0> +
        (-0.000584, 0.000009)|   3, 3, 1;0,  0;0,  0> +
        ( 0.000560, 0.000000)|   6, 2, 2;0,  0;0,  0> +
        (-0.000529,-0.000169)|   8, 0, 2;0,  0;0,  0> +
        (-0.000515, 0.000175)|   4, 1, 2;0,  0;0,  0> +
        ( 0.000477, 0.000001)|   8, 2, 2;0,  0;0,  0> +
        ( 0.000476,-0.000009)|   8, 2, 0;0,  0;0,  0> +
        ( 0.000423,-0.000027)|  12, 2, 2;0,  0;0,  0> +
        (-0.000020,-0.000420)|   8, 2, 1;0,  0;0,  0> +
        (-0.000413,-0.000037)|   6, 1, 2;0,  0;0,  0> +
        (-0.000254, 0.000319)|   9, 2, 0;0,  0;0,  0> +
        ( 0.000069, 0.000378)|   7, 1, 3;0,  0;0,  0> +
        ( 0.000372,-0.000004)|   5, 3, 2;0,  0;0,  0> +
        (-0.000322, 0.000156)|   6, 3, 0;0,  0;0,  0> +
        (-0.000317, 0.000011)|   5, 3, 0;0,  0;0,  0> +
         ...
 |15> = (-0.999883,-0.007224)|  16, 0, 0;0,  0;0,  0> +
        (-0.008120,-0.002599)|   8, 0, 2;0,  0;0,  0> +
        ( 0.006443, 0.002885)|  10, 1, 0;0,  0;0,  0> +
        ( 0.002043,-0.001907)|   4, 1, 2;0,  0;0,  0> +
        (-0.000096, 0.002188)|  10, 3, 3;0,  0;0,  0> +
        ( 0.000132, 0.001927)|   6, 1, 1;0,  0;0,  0> +
        ( 0.000155,-0.001925)|  11, 0, 1;0,  0;0,  0> +
        (-0.001878,-0.000155)|  11, 1, 0;0,  0;0,  0> +
        (-0.001775,-0.000001)|   8, 2, 2;0,  0;0,  0> +
        (-0.001665, 0.000135)|  10, 2, 0;0,  0;0,  0> +
        ( 0.001509, 0.000353)|  10, 0, 1;0,  0;0,  0> +
        (-0.001425,-0.000162)|  11, 2, 0;0,  0;0,  0> +
        (-0.000847,-0.001086)|   4, 0, 3;0,  0;0,  0> +
        ( 0.000110,-0.001363)|   6, 0, 3;0,  0;0,  0> +
        (-0.000014,-0.001284)|   7, 2, 3;0,  0;0,  0> +
        (-0.001270, 0.000019)|  12, 2, 0;0,  0;0,  0> +
        (-0.000026, 0.001243)|   9, 0, 2;0,  0;0,  0> +
        (-0.001167,-0.000116)|  10, 0, 2;0,  0;0,  0> +
        ( 0.000089,-0.001057)|   9, 2, 0;0,  0;0,  0> +
        ( 0.001047,-0.000145)|   7, 1, 2;0,  0;0,  0> +
        (-0.000982,-0.000270)|   4, 2, 1;0,  0;0,  0> +
        (-0.000009, 0.000936)|   5, 3, 1;0,  0;0,  0> +
        (-0.000906, 0.000015)|   7, 3, 2;0,  0;0,  0> +
        ( 0.000153,-0.000859)|   5, 1, 1;0,  0;0,  0> +
        (-0.000725,-0.000115)|   5, 1, 2;0,  0;0,  0> +
        (-0.000227,-0.000648)|  13, 2, 2;0,  0;0,  0> +
        ( 0.000677,-0.000025)|   7, 2, 2;0,  0;0,  0> +
        ( 0.000168,-0.000652)|   9, 0, 1;0,  0;0,  0> +
        (-0.000161, 0.000651)|   7, 0, 3;0,  0;0,  0> +
        ( 0.000596,-0.000293)|   6, 3, 0;0,  0;0,  0> +
        ( 0.000643, 0.000163)|   9, 1, 0;0,  0;0,  0> +
        ( 0.000028,-0.000636)|  14, 1, 3;0,  0;0,  0> +
        (-0.000509, 0.000354)|  15, 2, 2;0,  0;0,  0> +
        (-0.000314,-0.000525)|  12, 3, 1;0,  0;0,  0> +
        (-0.000600,-0.000010)|  14, 2, 2;0,  0;0,  0> +
        (-0.000003, 0.000563)|   7, 2, 1;0,  0;0,  0> +
        (-0.000235, 0.000512)|  15, 1, 3;0,  0;0,  0> +
        (-0.000352, 0.000429)|  16, 3, 1;0,  0;0,  0> +
        (-0.000543,-0.000038)|  13, 0, 2;0,  0;0,  0> +
        (-0.000533, 0.000075)|  13, 2, 0;0,  0;0,  0> +
        ( 0.000461,-0.000259)|   8, 1, 1;0,  0;0,  0> +
        ( 0.000417,-0.000274)|   9, 1, 3;0,  0;0,  0> +
        (-0.000418, 0.000255)|   6, 1, 2;0,  0;0,  0> +
        ( 0.000157,-0.000464)|   7, 1, 1;0,  0;0,  0> +
        (-0.000487, 0.000042)|  11, 3, 2;0,  0;0,  0> +
        (-0.000123,-0.000453)|  14, 3, 1;0,  0;0,  0> +
        ( 0.000462,-0.000029)|  12, 2, 2;0,  0;0,  0> +
        ( 0.000015,-0.000439)|   8, 0, 3;0,  0;0,  0> +
        (-0.000077,-0.000427)|  12, 1, 3;0,  0;0,  0> +
        (-0.000000,-0.000413)|   9, 3, 3;0,  0;0,  0> +
        (-0.000235,-0.000339)|   6, 2, 1;0,  0;0,  0> +
        ( 0.000287,-0.000279)|  10, 2, 2;0,  0;0,  0> +
        (-0.000249, 0.000295)|   9, 3, 1;0,  0;0,  0> +
        ( 0.000025, 0.000361)|   5, 1, 3;0,  0;0,  0> +
        ( 0.000351, 0.000043)|  13, 3, 2;0,  0;0,  0> +
        (-0.000307,-0.000171)|  10, 3, 1;0,  0;0,  0> +
         ...
 |16> = ( 0.980098, 0.198157)|  17, 0, 0;0,  0;0,  0> +
        ( 0.007549,-0.000506)|  11, 1, 0;0,  0;0,  0> +
        (-0.000662,-0.005472)|  11, 0, 1;0,  0;0,  0> +
        ( 0.000193, 0.002660)|   6, 1, 1;0,  0;0,  0> +
        ( 0.001291, 0.001229)|   5, 2, 1;0,  0;0,  0> +
        ( 0.001735,-0.000312)|  10, 3, 0;0,  0;0,  0> +
        (-0.000021, 0.001732)|  11, 3, 3;0,  0;0,  0> +
        (-0.000468, 0.001596)|   7, 1, 1;0,  0;0,  0> +
        ( 0.001447,-0.000169)|   8, 3, 0;0,  0;0,  0> +
        (-0.000098,-0.001357)|   6, 1, 3;0,  0;0,  0> +
        ( 0.000133, 0.001352)|  12, 0, 1;0,  0;0,  0> +
        ( 0.001319,-0.000155)|  12, 1, 0;0,  0;0,  0> +
        ( 0.001169,-0.000029)|  20, 2, 2;0,  0;0,  0> +
        (-0.001130, 0.000122)|   8, 1, 2;0,  0;0,  0> +
        ( 0.001083, 0.000057)|  11, 2, 0;0,  0;0,  0> +
        (-0.001052, 0.000198)|  13, 2, 0;0,  0;0,  0> +
        ( 0.000011, 0.001007)|   6, 0, 3;0,  0;0,  0> +
        (-0.000201, 0.000956)|   9, 0, 2;0,  0;0,  0> +
        (-0.000943,-0.000151)|   5, 3, 0;0,  0;0,  0> +
        (-0.000908, 0.000137)|  10, 2, 0;0,  0;0,  0> +
        (-0.000522,-0.000750)|   6, 3, 1;0,  0;0,  0> +
        (-0.000903,-0.000002)|   8, 2, 2;0,  0;0,  0> +
        (-0.000888,-0.000107)|  13, 0, 2;0,  0;0,  0> +
        ( 0.000132,-0.000863)|   5, 1, 3;0,  0;0,  0> +
        (-0.000249,-0.000836)|   9, 1, 1;0,  0;0,  0> +
        ( 0.000806,-0.000224)|   7, 3, 0;0,  0;0,  0> +
        (-0.000703, 0.000400)|   8, 1, 1;0,  0;0,  0> +
        (-0.000652, 0.000474)|   5, 0, 3;0,  0;0,  0> +
        (-0.000787,-0.000138)|  12, 0, 2;0,  0;0,  0> +
        (-0.000754, 0.000162)|  10, 1, 2;0,  0;0,  0> +
        ( 0.000749,-0.000091)|   6, 3, 0;0,  0;0,  0> +
        (-0.000474, 0.000388)|   5, 1, 2;0,  0;0,  0> +
        (-0.000100, 0.000588)|   5, 3, 1;0,  0;0,  0> +
        ( 0.000427, 0.000399)|  22, 2, 2;0,  0;0,  0> +
        ( 0.000083, 0.000572)|   7, 2, 1;0,  0;0,  0> +
        (-0.000367, 0.000433)|   9, 3, 1;0,  0;0,  0> +
        ( 0.000288, 0.000478)|  18, 3, 1;0,  0;0,  0> +
        ( 0.000554,-0.000008)|  15, 0, 2;0,  0;0,  0> +
        (-0.000127,-0.000539)|   9, 2, 0;0,  0;0,  0> +
        (-0.000524, 0.000009)|   7, 3, 2;0,  0;0,  0> +
        (-0.000369, 0.000359)|  10, 2, 2;0,  0;0,  0> +
        ( 0.000423,-0.000294)|  15, 2, 2;0,  0;0,  0> +
        ( 0.000151, 0.000491)|  16, 1, 3;0,  0;0,  0> +
        ( 0.000493,-0.000042)|  12, 1, 2;0,  0;0,  0> +
        ( 0.000142, 0.000457)|  19, 2, 2;0,  0;0,  0> +
        ( 0.000121, 0.000460)|  14, 3, 1;0,  0;0,  0> +
        ( 0.000023, 0.000474)|  12, 0, 3;0,  0;0,  0> +
        ( 0.000018,-0.000464)|  16, 3, 3;0,  0;0,  0> +
        (-0.000420,-0.000077)|  17, 2, 2;0,  0;0,  0> +
        ( 0.000133, 0.000403)|  11, 0, 2;0,  0;0,  0> +
        ( 0.000413, 0.000031)|   6, 1, 2;0,  0;0,  0> +
        (-0.000110,-0.000395)|  17, 1, 3;0,  0;0,  0> +
        (-0.000358,-0.000194)|  23, 2, 2;0,  0;0,  0> +
        (-0.000237, 0.000312)|  17, 3, 1;0,  0;0,  0> +
        (-0.000379,-0.000095)|  11, 2, 2;0,  0;0,  0> +
        (-0.000232, 0.000307)|   7, 0, 3;0,  0;0,  0> +
        ( 0.000372, 0.000064)|  13, 3, 1;0,  0;0,  0> +
        (-0.000008,-0.000376)|  25, 3, 1;0,  0;0,  0> +
        ( 0.000372, 0.000033)|  13, 1, 2;0,  0;0,  0> +
        ( 0.000030, 0.000363)|  11, 2, 3;0,  0;0,  0> +
        (-0.000008, 0.000359)|  18, 2, 2;0,  0;0,  0> +
        (-0.000081, 0.000349)|   6, 2, 1;0,  0;0,  0> +
        ( 0.000355, 0.000001)|   9, 1, 2;0,  0;0,  0> +
        ( 0.000116, 0.000331)|  13, 2, 2;0,  0;0,  0> +
        (-0.000018, 0.000346)|  12, 1, 3;0,  0;0,  0> +
        ( 0.000000, 0.000340)|   8, 2, 3;0,  0;0,  0> +
        (-0.000006,-0.000339)|  16, 2, 3;0,  0;0,  0> +
        ( 0.000291,-0.000165)|  10, 0, 3;0,  0;0,  0> +
        ( 0.000099,-0.000317)|  22, 1, 3;0,  0;0,  0> +
        ( 0.000010,-0.000329)|  18, 2, 3;0,  0;0,  0> +
        ( 0.000309, 0.000115)|  12, 3, 0;0,  0;0,  0> +
        ( 0.000329, 0.000004)|  13, 3, 2;0,  0;0,  0> +
        ( 0.000014,-0.000326)|  20, 3, 3;0,  0;0,  0> +
         ...
 |17> = ( 0.984331, 0.176182)|  15, 0, 0;0,  0;0,  0> +
        ( 0.000780,-0.004209)|   5, 1, 1;0,  0;0,  0> +
        (-0.002063,-0.000565)|  10, 1, 0;0,  0;0,  0> +
        (-0.001839, 0.000340)|   7, 0, 2;0,  0;0,  0> +
        ( 0.001793,-0.000322)|   6, 3, 2;0,  0;0,  0> +
        ( 0.000197,-0.001805)|   9, 0, 1;0,  0;0,  0> +
        ( 0.001111,-0.001361)|   9, 2, 0;0,  0;0,  0> +
        ( 0.000187,-0.001517)|  10, 0, 1;0,  0;0,  0> +
        (-0.000289,-0.001051)|   6, 2, 3;0,  0;0,  0> +
        (-0.001000, 0.000307)|   6, 3, 0;0,  0;0,  0> +
        ( 0.000966,-0.000139)|   5, 3, 0;0,  0;0,  0> +
        ( 0.000893,-0.000084)|   7, 1, 2;0,  0;0,  0> +
        ( 0.000850,-0.000153)|  10, 2, 0;0,  0;0,  0> +
        ( 0.000806, 0.000115)|   9, 0, 2;0,  0;0,  0> +
        ( 0.000726,-0.000279)|  11, 3, 1;0,  0;0,  0> +
        (-0.000730, 0.000059)|  10, 0, 2;0,  0;0,  0> +
        (-0.000048,-0.000665)|   6, 1, 1;0,  0;0,  0> +
        ( 0.000317, 0.000552)|   6, 2, 1;0,  0;0,  0> +
        ( 0.000584, 0.000195)|   5, 2, 1;0,  0;0,  0> +
        (-0.000351,-0.000500)|   5, 0, 3;0,  0;0,  0> +
        ( 0.000022,-0.000582)|   8, 3, 3;0,  0;0,  0> +
        ( 0.000456,-0.000358)|   4, 1, 2;0,  0;0,  0> +
        (-0.000087, 0.000549)|   6, 0, 3;0,  0;0,  0> +
        ( 0.000519, 0.000188)|   5, 1, 2;0,  0;0,  0> +
        (-0.000517, 0.000028)|   8, 3, 0;0,  0;0,  0> +
        (-0.000459,-0.000010)|   9, 1, 2;0,  0;0,  0> +
        (-0.000455,-0.000048)|  11, 2, 0;0,  0;0,  0> +
        ( 0.000133,-0.000437)|   7, 3, 1;0,  0;0,  0> +
        (-0.000142,-0.000405)|  13, 2, 2;0,  0;0,  0> +
        (-0.000418,-0.000004)|   5, 3, 2;0,  0;0,  0> +
        ( 0.000052,-0.000391)|   5, 3, 1;0,  0;0,  0> +
        (-0.000072, 0.000383)|   5, 1, 3;0,  0;0,  0> +
        (-0.000366, 0.000001)|  14, 3, 2;0,  0;0,  0> +
        ( 0.000005, 0.000363)|   7, 3, 3;0,  0;0,  0> +
        (-0.000032, 0.000360)|   7, 0, 3;0,  0;0,  0> +
        (-0.000294,-0.000203)|   6, 1, 2;0,  0;0,  0> +
        ( 0.000038, 0.000352)|  11, 2, 3;0,  0;0,  0> +
        ( 0.000345,-0.000046)|  10, 3, 0;0,  0;0,  0> +
        ( 0.000240,-0.000234)|  10, 2, 2;0,  0;0,  0> +
        ( 0.000319,-0.000027)|   7, 2, 0;0,  0;0,  0> +
         ...
 |18> = ( 0.999945, 0.000087)|  18, 0, 0;0,  0;0,  0> +
        (-0.004353,-0.000172)|   5, 1, 2;0,  0;0,  0> +
        ( 0.003164,-0.000832)|   9, 2, 2;0,  0;0,  0> +
        ( 0.002595,-0.000442)|  10, 2, 0;0,  0;0,  0> +
        ( 0.000145, 0.002510)|   6, 1, 1;0,  0;0,  0> +
        ( 0.002354, 0.000595)|  11, 2, 0;0,  0;0,  0> +
        (-0.002043, 0.001163)|   8, 1, 1;0,  0;0,  0> +
        (-0.000078, 0.001999)|   5, 0, 3;0,  0;0,  0> +
        ( 0.001837,-0.000109)|   8, 3, 0;0,  0;0,  0> +
        ( 0.001811,-0.000044)|  11, 1, 0;0,  0;0,  0> +
        ( 0.001698,-0.000124)|   6, 1, 2;0,  0;0,  0> +
        ( 0.000754,-0.001512)|  11, 0, 2;0,  0;0,  0> +
        (-0.001632, 0.000040)|  20, 2, 2;0,  0;0,  0> +
        (-0.001599, 0.000186)|  10, 0, 2;0,  0;0,  0> +
        ( 0.000096, 0.001403)|  12, 0, 1;0,  0;0,  0> +
        ( 0.000134,-0.001293)|   6, 0, 3;0,  0;0,  0> +
        ( 0.001239,-0.000190)|  12, 1, 0;0,  0;0,  0> +
        ( 0.000003,-0.001136)|  12, 0, 3;0,  0;0,  0> +
        ( 0.000174,-0.001087)|   7, 2, 1;0,  0;0,  0> +
        ( 0.000085,-0.000996)|   8, 0, 3;0,  0;0,  0> +
        (-0.000315, 0.000905)|   7, 1, 1;0,  0;0,  0> +
        (-0.000166,-0.000937)|   6, 1, 3;0,  0;0,  0> +
        ( 0.000281, 0.000908)|  19, 2, 2;0,  0;0,  0> +
        (-0.000870, 0.000017)|  10, 3, 0;0,  0;0,  0> +
        ( 0.000861, 0.000084)|   5, 3, 0;0,  0;0,  0> +
        ( 0.000392, 0.000740)|  12, 3, 1;0,  0;0,  0> +
        (-0.000744, 0.000259)|  13, 0, 2;0,  0;0,  0> +
        ( 0.000564, 0.000529)|   6, 3, 1;0,  0;0,  0> +
        (-0.000743, 0.000047)|  12, 2, 2;0,  0;0,  0> +
        ( 0.000585,-0.000398)|  13, 2, 0;0,  0;0,  0> +
        (-0.000505,-0.000476)|   7, 0, 3;0,  0;0,  0> +
        (-0.000134,-0.000666)|  11, 0, 1;0,  0;0,  0> +
        (-0.000059, 0.000674)|   9, 0, 3;0,  0;0,  0> +
        (-0.000437, 0.000508)|  10, 0, 3;0,  0;0,  0> +
        ( 0.000106,-0.000651)|  17, 3, 1;0,  0;0,  0> +
        ( 0.000644,-0.000004)|  12, 1, 2;0,  0;0,  0> +
        (-0.000385, 0.000454)|   9, 3, 1;0,  0;0,  0> +
        (-0.000302,-0.000505)|  18, 3, 1;0,  0;0,  0> +
        ( 0.000074, 0.000550)|   8, 3, 1;0,  0;0,  0> +
        ( 0.000225,-0.000486)|  15, 1, 3;0,  0;0,  0> +
        ( 0.000433, 0.000254)|   6, 3, 0;0,  0;0,  0> +
        ( 0.000157, 0.000475)|  16, 1, 3;0,  0;0,  0> +
        (-0.000157,-0.000440)|  19, 1, 3;0,  0;0,  0> +
        ( 0.000012, 0.000463)|  25, 3, 1;0,  0;0,  0> +
        ( 0.000331, 0.000308)|  22, 2, 2;0,  0;0,  0> +
        (-0.000014,-0.000444)|  25, 1, 3;0,  0;0,  0> +
        ( 0.000437,-0.000076)|  17, 3, 2;0,  0;0,  0> +
        ( 0.000361,-0.000251)|  15, 2, 2;0,  0;0,  0> +
        ( 0.000423, 0.000039)|   9, 3, 0;0,  0;0,  0> +
        ( 0.000355,-0.000225)|   7, 3, 0;0,  0;0,  0> +
        (-0.000220, 0.000327)|  16, 3, 1;0,  0;0,  0> +
        ( 0.000055,-0.000390)|  20, 3, 1;0,  0;0,  0> +
        ( 0.000068, 0.000387)|  12, 2, 1;0,  0;0,  0> +
        (-0.000030,-0.000385)|  24, 1, 3;0,  0;0,  0> +
        (-0.000053, 0.000376)|   5, 1, 3;0,  0;0,  0> +
        ( 0.000004,-0.000373)|  13, 3, 3;0,  0;0,  0> +
        ( 0.000368,-0.000051)|  14, 2, 0;0,  0;0,  0> +
        ( 0.000004,-0.000371)|  11, 3, 3;0,  0;0,  0> +
        (-0.000005, 0.000362)|  15, 3, 3;0,  0;0,  0> +
        (-0.000361,-0.000002)|  11, 3, 2;0,  0;0,  0> +
        ( 0.000346, 0.000055)|  14, 3, 0;0,  0;0,  0> +
        ( 0.000006,-0.000350)|  11, 2, 3;0,  0;0,  0> +
        ( 0.000011,-0.000346)|  18, 3, 3;0,  0;0,  0> +
        ( 0.000337, 0.000072)|  13, 3, 1;0,  0;0,  0> +
        (-0.000306,-0.000145)|  10, 1, 2;0,  0;0,  0> +
        (-0.000079, 0.000319)|  18, 1, 3;0,  0;0,  0> +
        (-0.000146,-0.000293)|  20, 1, 3;0,  0;0,  0> +
         ...
 |19> = ( 0.976822, 0.213551)|  19, 0, 0;0,  0;0,  0> +
        (-0.005447, 0.003129)|   8, 1, 1;0,  0;0,  0> +
        ( 0.002454,-0.004796)|  12, 0, 1;0,  0;0,  0> +
        ( 0.004461, 0.002449)|  12, 1, 0;0,  0;0,  0> +
        ( 0.004366, 0.002471)|   5, 2, 1;0,  0;0,  0> +
        (-0.003616,-0.000018)|  20, 0, 0;0,  0;0,  0> +
        (-0.003492, 0.000045)|  12, 2, 0;0,  0;0,  0> +
        (-0.002362,-0.001391)|   5, 0, 3;0,  0;0,  0> +
        ( 0.002296, 0.000375)|  12, 0, 2;0,  0;0,  0> +
        ( 0.000186, 0.002147)|   7, 0, 3;0,  0;0,  0> +
        ( 0.002106,-0.000238)|   7, 3, 0;0,  0;0,  0> +
        (-0.002005,-0.000538)|  16, 2, 0;0,  0;0,  0> +
        ( 0.000298,-0.001957)|  11, 0, 2;0,  0;0,  0> +
        ( 0.001808,-0.000422)|  14, 0, 2;0,  0;0,  0> +
        (-0.000329,-0.001695)|   7, 1, 3;0,  0;0,  0> +
        ( 0.001149,-0.001212)|  10, 0, 3;0,  0;0,  0> +
        ( 0.001660,-0.000016)|  15, 0, 2;0,  0;0,  0> +
        ( 0.001576,-0.000036)|   7, 1, 2;0,  0;0,  0> +
        (-0.000185, 0.001503)|  10, 2, 3;0,  0;0,  0> +
        (-0.000472, 0.001299)|   5, 1, 2;0,  0;0,  0> +
        ( 0.000014,-0.001265)|   9, 0, 3;0,  0;0,  0> +
        (-0.000004, 0.001159)|   7, 2, 1;0,  0;0,  0> +
        ( 0.001121,-0.000110)|   9, 1, 2;0,  0;0,  0> +
        ( 0.000286, 0.001053)|   6, 2, 1;0,  0;0,  0> +
        (-0.001008, 0.000265)|   9, 2, 2;0,  0;0,  0> +
        (-0.000650, 0.000762)|  10, 1, 1;0,  0;0,  0> +
        ( 0.000872,-0.000219)|  10, 3, 2;0,  0;0,  0> +
        ( 0.000771,-0.000343)|  14, 2, 0;0,  0;0,  0> +
        (-0.000828, 0.000066)|   9, 3, 2;0,  0;0,  0> +
        ( 0.000770,-0.000294)|  11, 3, 1;0,  0;0,  0> +
        (-0.000819,-0.000013)|  14, 2, 2;0,  0;0,  0> +
        (-0.000807, 0.000118)|  13, 2, 0;0,  0;0,  0> +
        ( 0.000280,-0.000701)|   5, 3, 0;0,  0;0,  0> +
        (-0.000754,-0.000020)|  19, 3, 2;0,  0;0,  0> +
        (-0.000071,-0.000724)|  16, 2, 2;0,  0;0,  0> +
        (-0.000594, 0.000413)|  15, 2, 2;0,  0;0,  0> +
        ( 0.000717, 0.000051)|   9, 3, 0;0,  0;0,  0> +
        (-0.000688,-0.000066)|  13, 0, 2;0,  0;0,  0> +
        ( 0.000448, 0.000498)|   6, 3, 1;0,  0;0,  0> +
        (-0.000579, 0.000316)|  11, 2, 0;0,  0;0,  0> +
        (-0.000055, 0.000641)|   8, 0, 3;0,  0;0,  0> +
        (-0.000612,-0.000015)|   8, 1, 2;0,  0;0,  0> +
        ( 0.000553, 0.000202)|  12, 3, 0;0,  0;0,  0> +
        (-0.000028, 0.000580)|  14, 1, 3;0,  0;0,  0> +
        ( 0.000547, 0.000142)|  15, 2, 0;0,  0;0,  0> +
        ( 0.000072, 0.000552)|  23, 1, 3;0,  0;0,  0> +
        ( 0.000019,-0.000553)|  22, 3, 3;0,  0;0,  0> +
        ( 0.000135, 0.000526)|  20, 1, 3;0,  0;0,  0> +
        (-0.000000,-0.000537)|  13, 0, 1;0,  0;0,  0> +
        (-0.000442, 0.000300)|   6, 3, 0;0,  0;0,  0> +
        (-0.000410,-0.000315)|  16, 0, 2;0,  0;0,  0> +
        ( 0.000365,-0.000357)|  10, 2, 2;0,  0;0,  0> +
        (-0.000205,-0.000468)|  12, 3, 1;0,  0;0,  0> +
        (-0.000302,-0.000399)|  19, 3, 1;0,  0;0,  0> +
        ( 0.000087, 0.000462)|  24, 3, 1;0,  0;0,  0> +
        (-0.000445,-0.000005)|  18, 0, 2;0,  0;0,  0> +
        (-0.000125, 0.000409)|   7, 1, 1;0,  0;0,  0> +
        (-0.000384,-0.000176)|   8, 1, 3;0,  0;0,  0> +
        ( 0.000031, 0.000407)|  21, 1, 3;0,  0;0,  0> +
        (-0.000398,-0.000043)|  13, 3, 1;0,  0;0,  0> +
        (-0.000035, 0.000399)|  24, 2, 2;0,  0;0,  0> +
        (-0.000397,-0.000010)|  18, 2, 0;0,  0;0,  0> +
        (-0.000111,-0.000379)|   9, 1, 1;0,  0;0,  0> +
        (-0.000016, 0.000378)|  27, 3, 3;0,  0;0,  0> +
        (-0.000372,-0.000037)|   8, 3, 0;0,  0;0,  0> +
        ( 0.000078, 0.000365)|  21, 3, 1;0,  0;0,  0> +
        (-0.000371, 0.000006)|  22, 3, 2;0,  0;0,  0> +
        ( 0.000070, 0.000360)|  21, 2, 2;0,  0;0,  0> +
        ( 0.000158,-0.000328)|  15, 1, 3;0,  0;0,  0> +
        ( 0.000360,-0.000027)|  12, 1, 2;0,  0;0,  0> +
        ( 0.000314, 0.000176)|  10, 3, 1;0,  0;0,  0> +
        (-0.000081, 0.000348)|  18, 1, 3;0,  0;0,  0> +
        (-0.000357, 0.000010)|  13, 1, 0;0,  0;0,  0> +
        (-0.000325,-0.000134)|   6, 1, 2;0,  0;0,  0> +
        (-0.000347, 0.000047)|  13, 1, 3;0,  0;0,  0> +
        (-0.000313, 0.000104)|  17, 0, 2;0,  0;0,  0> +
         ...
 |20> = ( 0.999870, 0.004953)|  20, 0, 0;0,  0;0,  0> +
        ( 0.000034,-0.008937)|  13, 0, 1;0,  0;0,  0> +
        (-0.003533, 0.004134)|  10, 1, 1;0,  0;0,  0> +
        (-0.004717, 0.000187)|  13, 1, 0;0,  0;0,  0> +
        ( 0.002011,-0.003742)|  10, 2, 3;0,  0;0,  0> +
        ( 0.003488, 0.000762)|  19, 0, 0;0,  0;0,  0> +
        ( 0.002562, 0.001992)|  10, 3, 2;0,  0;0,  0> +
        (-0.001878, 0.001067)|   8, 1, 1;0,  0;0,  0> +
        (-0.001675,-0.000326)|   9, 2, 1;0,  0;0,  0> +
        (-0.001555,-0.000595)|  10, 1, 2;0,  0;0,  0> +
        (-0.000447,-0.001548)|   9, 1, 1;0,  0;0,  0> +
        ( 0.000533, 0.001397)|  19, 1, 3;0,  0;0,  0> +
        ( 0.001254,-0.000611)|   6, 3, 0;0,  0;0,  0> +
        (-0.001337,-0.000113)|  13, 1, 2;0,  0;0,  0> +
        (-0.000148, 0.001327)|  12, 1, 1;0,  0;0,  0> +
        ( 0.001326,-0.000130)|   7, 3, 0;0,  0;0,  0> +
        (-0.001163, 0.000402)|  17, 0, 2;0,  0;0,  0> +
        ( 0.001216, 0.000039)|  15, 0, 2;0,  0;0,  0> +
        ( 0.000019,-0.001185)|   8, 0, 3;0,  0;0,  0> +
        ( 0.000928,-0.000630)|  10, 0, 3;0,  0;0,  0> +
        (-0.000213,-0.001086)|  21, 2, 2;0,  0;0,  0> +
        ( 0.001057,-0.000110)|  13, 3, 0;0,  0;0,  0> +
        (-0.000963, 0.000408)|   6, 1, 2;0,  0;0,  0> +
        (-0.001014,-0.000238)|  10, 3, 0;0,  0;0,  0> +
        ( 0.000722,-0.000701)|  10, 2, 2;0,  0;0,  0> +
        (-0.000227, 0.000969)|  18, 1, 3;0,  0;0,  0> +
        (-0.000197, 0.000949)|  13, 0, 3;0,  0;0,  0> +
        ( 0.000088, 0.000953)|   7, 0, 3;0,  0;0,  0> +
        ( 0.000875, 0.000375)|   8, 1, 3;0,  0;0,  0> +
        (-0.000916,-0.000025)|  19, 3, 2;0,  0;0,  0> +
        ( 0.000862,-0.000309)|  13, 0, 2;0,  0;0,  0> +
        (-0.000861,-0.000231)|  16, 2, 0;0,  0;0,  0> +
        (-0.000742, 0.000477)|  13, 2, 0;0,  0;0,  0> +
        ( 0.000767,-0.000201)|  14, 2, 0;0,  0;0,  0> +
        ( 0.000247, 0.000753)|  20, 1, 3;0,  0;0,  0> +
        ( 0.000122,-0.000782)|  11, 1, 2;0,  0;0,  0> +
        (-0.000782,-0.000082)|  13, 3, 1;0,  0;0,  0> +
        ( 0.000758, 0.000154)|  12, 0, 2;0,  0;0,  0> +
        (-0.000619,-0.000458)|  15, 3, 1;0,  0;0,  0> +
        ( 0.000101, 0.000752)|   8, 3, 1;0,  0;0,  0> +
        ( 0.000549, 0.000505)|  22, 2, 2;0,  0;0,  0> +
        (-0.000565, 0.000482)|  19, 3, 1;0,  0;0,  0> +
        (-0.000735, 0.000078)|  11, 1, 1;0,  0;0,  0> +
        (-0.000028,-0.000724)|   8, 2, 1;0,  0;0,  0> +
        ( 0.000688,-0.000220)|  14, 0, 2;0,  0;0,  0> +
        (-0.000338,-0.000624)|  12, 3, 1;0,  0;0,  0> +
        (-0.000675, 0.000090)|  13, 1, 3;0,  0;0,  0> +
        (-0.000427,-0.000525)|   6, 2, 1;0,  0;0,  0> +
        ( 0.000673,-0.000046)|  11, 1, 3;0,  0;0,  0> +
        ( 0.000665,-0.000031)|  11, 3, 0;0,  0;0,  0> +
        (-0.000621,-0.000202)|  12, 3, 0;0,  0;0,  0> +
        (-0.000028,-0.000608)|  24, 1, 3;0,  0;0,  0> +
        ( 0.000021, 0.000580)|  24, 2, 2;0,  0;0,  0> +
        ( 0.000573, 0.000080)|  25, 2, 2;0,  0;0,  0> +
        (-0.000578,-0.000012)|   8, 3, 0;0,  0;0,  0> +
        (-0.000578, 0.000014)|  16, 3, 2;0,  0;0,  0> +
        (-0.000564, 0.000114)|   9, 1, 2;0,  0;0,  0> +
        ( 0.000396,-0.000323)|  21, 3, 2;0,  0;0,  0> +
        ( 0.000431, 0.000251)|   5, 2, 1;0,  0;0,  0> +
        ( 0.000100, 0.000488)|   9, 0, 3;0,  0;0,  0> +
        ( 0.000100, 0.000487)|  11, 0, 3;0,  0;0,  0> +
        ( 0.000231,-0.000433)|  12, 0, 1;0,  0;0,  0> +
        ( 0.000432, 0.000228)|  12, 1, 0;0,  0;0,  0> +
        (-0.000104,-0.000475)|  25, 2, 3;0,  0;0,  0> +
        (-0.000313, 0.000369)|   9, 3, 1;0,  0;0,  0> +
        (-0.000108,-0.000470)|  24, 3, 1;0,  0;0,  0> +
        ( 0.000125,-0.000448)|  26, 3, 1;0,  0;0,  0> +
        (-0.000377, 0.000268)|  17, 2, 0;0,  0;0,  0> +
        (-0.000458, 0.000021)|   8, 1, 2;0,  0;0,  0> +
        (-0.000043,-0.000442)|  16, 2, 2;0,  0;0,  0> +
        (-0.000294,-0.000319)|  10, 2, 1;0,  0;0,  0> +
        ( 0.000030, 0.000421)|  26, 1, 3;0,  0;0,  0> +
        ( 0.000253,-0.000334)|  22, 1, 3;0,  0;0,  0> +
        ( 0.000017,-0.000418)|  25, 3, 3;0,  0;0,  0> +
        (-0.000154,-0.000389)|  11, 2, 1;0,  0;0,  0> +
        ( 0.000026, 0.000414)|  13, 2, 1;0,  0;0,  0> +
        ( 0.000397,-0.000001)|  14, 3, 2;0,  0;0,  0> +
        ( 0.000376, 0.000010)|   7, 1, 2;0,  0;0,  0> +
        (-0.000328,-0.000183)|  23, 2, 2;0,  0;0,  0> +
        (-0.000351, 0.000008)|  20, 2, 2;0,  0;0,  0> +
        ( 0.000342,-0.000076)|   9, 3, 0;0,  0;0,  0> +
        ( 0.000106, 0.000323)|  12, 2, 1;0,  0;0,  0> +
        (-0.000301, 0.000128)|  22, 3, 1;0,  0;0,  0> +
        ( 0.000166, 0.000274)|  18, 3, 1;0,  0;0,  0> +
        ( 0.000028, 0.000316)|   7, 2, 1;0,  0;0,  0> +
         ...
 |21> = (-0.972535,-0.232319)|  21, 0, 0;0,  0;0,  0> +
        ( 0.000426, 0.008045)|  14, 0, 1;0,  0;0,  0> +
        ( 0.000335,-0.006487)|  13, 0, 1;0,  0;0,  0> +
        ( 0.006442, 0.000335)|  13, 1, 0;0,  0;0,  0> +
        (-0.002516,-0.000498)|  12, 0, 2;0,  0;0,  0> +
        (-0.001566, 0.000056)|   7, 1, 2;0,  0;0,  0> +
        ( 0.001392, 0.000635)|   8, 1, 3;0,  0;0,  0> +
        (-0.000124, 0.001455)|   9, 0, 3;0,  0;0,  0> +
        ( 0.001419, 0.000220)|  10, 1, 2;0,  0;0,  0> +
        ( 0.001210, 0.000185)|  14, 3, 0;0,  0;0,  0> +
        ( 0.000127,-0.001121)|  12, 1, 1;0,  0;0,  0> +
        ( 0.001088,-0.000140)|   7, 3, 0;0,  0;0,  0> +
        (-0.000590,-0.000834)|  14, 1, 0;0,  0;0,  0> +
        (-0.000973, 0.000289)|  14, 0, 2;0,  0;0,  0> +
        (-0.000294, 0.000958)|   7, 3, 1;0,  0;0,  0> +
        ( 0.000976,-0.000057)|  13, 1, 2;0,  0;0,  0> +
        (-0.000854,-0.000405)|  12, 3, 0;0,  0;0,  0> +
        (-0.000896, 0.000264)|  14, 2, 0;0,  0;0,  0> +
        (-0.000149, 0.000919)|  11, 1, 2;0,  0;0,  0> +
        (-0.000807, 0.000423)|  17, 0, 2;0,  0;0,  0> +
        ( 0.000882,-0.000179)|  13, 0, 2;0,  0;0,  0> +
        (-0.000712, 0.000495)|  15, 2, 2;0,  0;0,  0> +
        ( 0.000841, 0.000014)|  18, 0, 2;0,  0;0,  0> +
        (-0.000809, 0.000131)|  17, 2, 0;0,  0;0,  0> +
        (-0.000012,-0.000812)|  25, 3, 1;0,  0;0,  0> +
        (-0.000197, 0.000785)|  26, 1, 3;0,  0;0,  0> +
        ( 0.000184,-0.000775)|  18, 1, 3;0,  0;0,  0> +
        (-0.000042, 0.000787)|  14, 2, 1;0,  0;0,  0> +
        ( 0.000758, 0.000009)|  18, 2, 0;0,  0;0,  0> +
        ( 0.000037, 0.000712)|   8, 2, 1;0,  0;0,  0> +
        ( 0.000174, 0.000688)|  24, 3, 1;0,  0;0,  0> +
        ( 0.000039, 0.000703)|  21, 1, 3;0,  0;0,  0> +
        ( 0.000689, 0.000130)|  11, 3, 0;0,  0;0,  0> +
        (-0.000022,-0.000688)|  12, 0, 3;0,  0;0,  0> +
        ( 0.000062,-0.000681)|  23, 3, 1;0,  0;0,  0> +
        (-0.000557, 0.000364)|   9, 1, 3;0,  0;0,  0> +
        ( 0.000424,-0.000495)|  10, 1, 1;0,  0;0,  0> +
        (-0.000531, 0.000376)|  10, 3, 0;0,  0;0,  0> +
        (-0.000579, 0.000271)|  10, 0, 3;0,  0;0,  0> +
        (-0.000006,-0.000617)|  12, 2, 1;0,  0;0,  0> +
        (-0.000607,-0.000065)|  15, 0, 2;0,  0;0,  0> +
        (-0.000561, 0.000218)|  17, 3, 2;0,  0;0,  0> +
        (-0.000199,-0.000567)|  13, 2, 2;0,  0;0,  0> +
        ( 0.000013, 0.000596)|  31, 1, 3;0,  0;0,  0> +
        (-0.000066,-0.000570)|  28, 3, 1;0,  0;0,  0> +
        ( 0.000109, 0.000548)|  21, 2, 2;0,  0;0,  0> +
        ( 0.000358,-0.000426)|  16, 3, 1;0,  0;0,  0> +
        (-0.000531,-0.000129)|  11, 2, 2;0,  0;0,  0> +
        ( 0.000012,-0.000529)|  18, 2, 2;0,  0;0,  0> +
        (-0.000513, 0.000084)|  20, 3, 2;0,  0;0,  0> +
        ( 0.000030,-0.000508)|  26, 2, 3;0,  0;0,  0> +
        (-0.000071, 0.000503)|  17, 3, 1;0,  0;0,  0> +
        ( 0.000464, 0.000181)|  10, 2, 1;0,  0;0,  0> +
        (-0.000133, 0.000475)|  16, 2, 1;0,  0;0,  0> +
        ( 0.000317,-0.000376)|   9, 3, 1;0,  0;0,  0> +
        ( 0.000006,-0.000461)|  15, 3, 3;0,  0;0,  0> +
        ( 0.000220, 0.000403)|  17, 2, 3;0,  0;0,  0> +
        (-0.000013,-0.000454)|  16, 2, 3;0,  0;0,  0> +
        (-0.000296,-0.000331)|  11, 2, 1;0,  0;0,  0> +
        (-0.000225,-0.000377)|  30, 1, 3;0,  0;0,  0> +
        ( 0.000012, 0.000431)|  25, 1, 3;0,  0;0,  0> +
        (-0.000419, 0.000012)|  13, 1, 3;0,  0;0,  0> +
        (-0.000220, 0.000355)|  22, 1, 3;0,  0;0,  0> +
        (-0.000390,-0.000132)|  16, 2, 0;0,  0;0,  0> +
        ( 0.000003,-0.000409)|  11, 0, 3;0,  0;0,  0> +
        ( 0.000353, 0.000185)|  19, 3, 1;0,  0;0,  0> +
        (-0.000397, 0.000004)|  18, 3, 2;0,  0;0,  0> +
        (-0.000375, 0.000094)|  12, 1, 2;0,  0;0,  0> +
        ( 0.000110, 0.000367)|   7, 2, 1;0,  0;0,  0> +
        (-0.000028,-0.000381)|  24, 2, 2;0,  0;0,  0> +
        (-0.000377,-0.000057)|  13, 3, 2;0,  0;0,  0> +
        (-0.000003,-0.000379)|  18, 2, 3;0,  0;0,  0> +
        ( 0.000017,-0.000376)|  14, 1, 3;0,  0;0,  0> +
        ( 0.000334,-0.000156)|  27, 3, 2;0,  0;0,  0> +
        (-0.000365,-0.000035)|  27, 3, 1;0,  0;0,  0> +
        ( 0.000358,-0.000023)|  12, 2, 2;0,  0;0,  0> +
        (-0.000096,-0.000345)|  14, 3, 1;0,  0;0,  0> +
        (-0.000348, 0.000033)|  26, 3, 2;0,  0;0,  0> +
        (-0.000273,-0.000216)|  19, 1, 3;0,  0;0,  0> +
        ( 0.000014,-0.000342)|  16, 3, 3;0,  0;0,  0> +
        ( 0.000088, 0.000330)|  20, 2, 3;0,  0;0,  0> +
        ( 0.000246, 0.000232)|  13, 2, 0;0,  0;0,  0> +
        ( 0.000152, 0.000294)|  27, 2, 3;0,  0;0,  0> +
        ( 0.000164, 0.000272)|  18, 3, 1;0,  0;0,  0> +
         ...
 |22> = ( 0.999863,-0.000949)|  22, 0, 0;0,  0;0,  0> +
        (-0.006386, 0.007446)|  10, 1, 1;0,  0;0,  0> +
        ( 0.004483, 0.001426)|   7, 0, 3;0,  0;0,  0> +
        ( 0.004112, 0.000169)|  14, 1, 0;0,  0;0,  0> +
        ( 0.000044,-0.003894)|   8, 2, 1;0,  0;0,  0> +
        ( 0.003817,-0.000537)|  14, 0, 2;0,  0;0,  0> +
        ( 0.000212,-0.003692)|  14, 0, 1;0,  0;0,  0> +
        (-0.002386, 0.002291)|   7, 1, 2;0,  0;0,  0> +
        (-0.000233, 0.002589)|   8, 0, 3;0,  0;0,  0> +
        ( 0.002534,-0.000563)|  17, 0, 2;0,  0;0,  0> +
        (-0.002582, 0.000203)|  12, 2, 2;0,  0;0,  0> +
        ( 0.002302,-0.000236)|  11, 1, 1;0,  0;0,  0> +
        ( 0.000491, 0.002225)|   7, 3, 0;0,  0;0,  0> +
        ( 0.001860, 0.000926)|  10, 2, 1;0,  0;0,  0> +
        (-0.000848,-0.001465)|   7, 2, 1;0,  0;0,  0> +
        (-0.000171,-0.001509)|  11, 2, 3;0,  0;0,  0> +
        ( 0.001433,-0.000443)|  13, 0, 2;0,  0;0,  0> +
        (-0.001472,-0.000227)|  14, 2, 0;0,  0;0,  0> +
        ( 0.001181,-0.000787)|   9, 1, 3;0,  0;0,  0> +
        ( 0.001358, 0.000026)|   8, 1, 2;0,  0;0,  0> +
        ( 0.001315,-0.000081)|  12, 1, 2;0,  0;0,  0> +
        (-0.001240,-0.000014)|   9, 3, 0;0,  0;0,  0> +
        (-0.000263, 0.001133)|  13, 0, 3;0,  0;0,  0> +
        (-0.001120,-0.000201)|  12, 0, 2;0,  0;0,  0> +
        (-0.000895, 0.000685)|  13, 2, 0;0,  0;0,  0> +
        ( 0.000032, 0.001113)|  15, 0, 1;0,  0;0,  0> +
        ( 0.000147, 0.001083)|   8, 3, 1;0,  0;0,  0> +
        ( 0.000232, 0.001005)|  12, 2, 1;0,  0;0,  0> +
        ( 0.000006,-0.001010)|  24, 2, 2;0,  0;0,  0> +
        ( 0.000982, 0.000224)|   9, 2, 1;0,  0;0,  0> +
        ( 0.000312, 0.000943)|  16, 0, 2;0,  0;0,  0> +
        ( 0.000044, 0.000970)|  12, 0, 3;0,  0;0,  0> +
        ( 0.000893, 0.000222)|  11, 2, 2;0,  0;0,  0> +
        ( 0.000915,-0.000041)|  15, 1, 0;0,  0;0,  0> +
        (-0.000837,-0.000337)|   8, 3, 0;0,  0;0,  0> +
        (-0.000086, 0.000872)|   9, 0, 3;0,  0;0,  0> +
        (-0.000371,-0.000705)|  17, 2, 0;0,  0;0,  0> +
        ( 0.000739,-0.000286)|  11, 3, 1;0,  0;0,  0> +
        (-0.000282,-0.000720)|  29, 3, 1;0,  0;0,  0> +
        (-0.000737,-0.000037)|  19, 2, 0;0,  0;0,  0> +
        (-0.000106, 0.000715)|  16, 2, 1;0,  0;0,  0> +
        ( 0.000716,-0.000088)|  15, 0, 2;0,  0;0,  0> +
        ( 0.000704, 0.000140)|  10, 1, 2;0,  0;0,  0> +
        (-0.000282,-0.000620)|  30, 1, 3;0,  0;0,  0> +
        (-0.000065,-0.000675)|  23, 1, 3;0,  0;0,  0> +
        ( 0.000572, 0.000362)|  15, 2, 0;0,  0;0,  0> +
        (-0.000007,-0.000671)|  25, 3, 1;0,  0;0,  0> +
        (-0.000014,-0.000669)|  12, 2, 3;0,  0;0,  0> +
        ( 0.000433,-0.000506)|   9, 3, 1;0,  0;0,  0> +
        (-0.000037, 0.000660)|  14, 1, 3;0,  0;0,  0> +
        (-0.000072, 0.000652)|  14, 2, 1;0,  0;0,  0> +
        ( 0.000124, 0.000623)|  28, 1, 3;0,  0;0,  0> +
        (-0.000630, 0.000013)|  12, 3, 2;0,  0;0,  0> +
        ( 0.000028, 0.000622)|  30, 2, 3;0,  0;0,  0> +
        ( 0.000569,-0.000190)|  11, 3, 2;0,  0;0,  0> +
        ( 0.000174,-0.000573)|   7, 3, 1;0,  0;0,  0> +
        (-0.000547,-0.000117)|  13, 1, 2;0,  0;0,  0> +
        ( 0.000116,-0.000539)|  28, 2, 3;0,  0;0,  0> +
        (-0.000536, 0.000122)|  28, 3, 2;0,  0;0,  0> +
        ( 0.000009,-0.000535)|  29, 1, 3;0,  0;0,  0> +
        (-0.000174,-0.000496)|  13, 2, 2;0,  0;0,  0> +
        ( 0.000341, 0.000337)|  22, 2, 2;0,  0;0,  0> +
        ( 0.000033, 0.000471)|  13, 2, 1;0,  0;0,  0> +
        (-0.000468, 0.000025)|   9, 1, 2;0,  0;0,  0> +
        ( 0.000052,-0.000464)|  13, 1, 1;0,  0;0,  0> +
        ( 0.000367, 0.000288)|  10, 3, 0;0,  0;0,  0> +
        ( 0.000458, 0.000007)|  15, 3, 0;0,  0;0,  0> +
        (-0.000110,-0.000441)|  14, 3, 1;0,  0;0,  0> +
        ( 0.000453, 0.000008)|  30, 3, 2;0,  0;0,  0> +
        ( 0.000144, 0.000414)|  24, 3, 1;0,  0;0,  0> +
        ( 0.000040, 0.000435)|  12, 1, 3;0,  0;0,  0> +
        (-0.000368,-0.000232)|  16, 2, 0;0,  0;0,  0> +
        ( 0.000098,-0.000422)|  18, 1, 3;0,  0;0,  0> +
        (-0.000412, 0.000036)|  20, 2, 0;0,  0;0,  0> +
        ( 0.000363,-0.000197)|  30, 2, 2;0,  0;0,  0> +
        ( 0.000384,-0.000124)|  16, 3, 0;0,  0;0,  0> +
        (-0.000184, 0.000358)|  11, 1, 2;0,  0;0,  0> +
        ( 0.000397,-0.000020)|  26, 2, 2;0,  0;0,  0> +
        (-0.000384,-0.000104)|  28, 2, 2;0,  0;0,  0> +
        ( 0.000076, 0.000369)|  21, 3, 1;0,  0;0,  0> +
        (-0.000365,-0.000085)|  14, 3, 0;0,  0;0,  0> +
        (-0.000046,-0.000370)|  20, 2, 3;0,  0;0,  0> +
        ( 0.000332,-0.000168)|  13, 3, 0;0,  0;0,  0> +
        (-0.000142,-0.000332)|  17, 2, 3;0,  0;0,  0> +
        (-0.000015,-0.000355)|  14, 1, 2;0,  0;0,  0> +
        (-0.000333, 0.000119)|  16, 1, 2;0,  0;0,  0> +
        ( 0.000204, 0.000288)|  12, 3, 1;0,  0;0,  0> +
        ( 0.000026,-0.000343)|  12, 1, 1;0,  0;0,  0> +
        ( 0.000318,-0.000124)|  30, 3, 1;0,  0;0,  0> +
        ( 0.000014,-0.000337)|  25, 3, 3;0,  0;0,  0> +
        (-0.000311,-0.000126)|  10, 0, 3;0,  0;0,  0> +
        ( 0.000035,-0.000332)|  29, 2, 2;0,  0;0,  0> +
        (-0.000304, 0.000139)|  20, 0, 2;0,  0;0,  0> +
        (-0.000004, 0.000329)|  15, 2, 3;0,  0;0,  0> +
        (-0.000005, 0.000327)|  19, 2, 3;0,  0;0,  0> +
        (-0.000319,-0.000033)|  27, 3, 1;0,  0;0,  0> +
        ( 0.000045,-0.000314)|  26, 2, 3;0,  0;0,  0> +
        ( 0.000285,-0.000140)|  17, 3, 2;0,  0;0,  0> +
         ...
 |23> = (-0.972836,-0.231096)|  23, 0, 0;0,  0;0,  0> +
        (-0.002010,-0.005803)|  13, 2, 2;0,  0;0,  0> +
        ( 0.000033, 0.004621)|  15, 0, 1;0,  0;0,  0> +
        (-0.003973,-0.000238)|  19, 2, 0;0,  0;0,  0> +
        (-0.003299,-0.000686)|  17, 2, 0;0,  0;0,  0> +
        (-0.002998,-0.000197)|   9, 3, 0;0,  0;0,  0> +
        (-0.002677,-0.000052)|   9, 1, 2;0,  0;0,  0> +
        ( 0.000266,-0.002530)|   7, 2, 1;0,  0;0,  0> +
        ( 0.002358, 0.000229)|  15, 0, 2;0,  0;0,  0> +
        ( 0.002108,-0.000151)|  15, 1, 0;0,  0;0,  0> +
        (-0.000130,-0.002106)|  16, 0, 1;0,  0;0,  0> +
        ( 0.000206,-0.002052)|  14, 1, 1;0,  0;0,  0> +
        (-0.001868, 0.000180)|  14, 0, 2;0,  0;0,  0> +
        (-0.000196, 0.001693)|  13, 1, 1;0,  0;0,  0> +
        ( 0.001588, 0.000332)|  11, 3, 0;0,  0;0,  0> +
        ( 0.001315, 0.000535)|  17, 0, 2;0,  0;0,  0> +
        (-0.001410, 0.000017)|  10, 3, 0;0,  0;0,  0> +
        (-0.001384, 0.000123)|  16, 1, 0;0,  0;0,  0> +
        ( 0.000045,-0.001352)|  18, 3, 3;0,  0;0,  0> +
        (-0.001335, 0.000190)|  13, 1, 2;0,  0;0,  0> +
        (-0.000130, 0.001184)|  12, 1, 1;0,  0;0,  0> +
        (-0.001112,-0.000358)|  16, 2, 0;0,  0;0,  0> +
        ( 0.001157, 0.000067)|  14, 2, 0;0,  0;0,  0> +
        ( 0.000102, 0.001135)|  12, 2, 1;0,  0;0,  0> +
        ( 0.001092,-0.000253)|   7, 3, 0;0,  0;0,  0> +
        (-0.000744,-0.000826)|  11, 2, 1;0,  0;0,  0> +
        (-0.001073, 0.000024)|  19, 0, 2;0,  0;0,  0> +
        (-0.001004, 0.000360)|  13, 0, 2;0,  0;0,  0> +
        ( 0.000867,-0.000557)|  13, 2, 0;0,  0;0,  0> +
        ( 0.000188,-0.000981)|  13, 0, 3;0,  0;0,  0> +
        (-0.000297,-0.000944)|  19, 2, 2;0,  0;0,  0> +
        (-0.000194,-0.000969)|  21, 3, 1;0,  0;0,  0> +
        ( 0.000700,-0.000686)|  11, 0, 3;0,  0;0,  0> +
        (-0.000798,-0.000518)|  10, 2, 1;0,  0;0,  0> +
        (-0.000950,-0.000019)|  14, 2, 2;0,  0;0,  0> +
        (-0.000901, 0.000065)|   8, 1, 2;0,  0;0,  0> +
        (-0.000881,-0.000079)|  13, 3, 2;0,  0;0,  0> +
        ( 0.000001, 0.000853)|  30, 3, 1;0,  0;0,  0> +
        ( 0.000836,-0.000153)|   8, 3, 0;0,  0;0,  0> +
        (-0.000846,-0.000025)|  19, 3, 2;0,  0;0,  0> +
        ( 0.000398, 0.000699)|  17, 1, 3;0,  0;0,  0> +
        ( 0.000623,-0.000503)|  18, 2, 0;0,  0;0,  0> +
        ( 0.000627,-0.000389)|   7, 1, 2;0,  0;0,  0> +
        ( 0.000214, 0.000697)|  16, 2, 1;0,  0;0,  0> +
        ( 0.000541, 0.000486)|  19, 3, 1;0,  0;0,  0> +
        (-0.000108, 0.000697)|  30, 1, 3;0,  0;0,  0> +
        (-0.000103,-0.000692)|  15, 2, 0;0,  0;0,  0> +
        (-0.000501, 0.000458)|  18, 0, 2;0,  0;0,  0> +
        ( 0.000286,-0.000607)|  15, 1, 3;0,  0;0,  0> +
        ( 0.000666,-0.000063)|  20, 2, 0;0,  0;0,  0> +
        ( 0.000638, 0.000121)|  15, 1, 2;0,  0;0,  0> +
        ( 0.000646,-0.000042)|  12, 2, 2;0,  0;0,  0> +
        ( 0.000572, 0.000295)|  13, 3, 0;0,  0;0,  0> +
        ( 0.000428,-0.000479)|   9, 3, 1;0,  0;0,  0> +
        ( 0.000629, 0.000092)|  25, 2, 2;0,  0;0,  0> +
        (-0.000115,-0.000605)|   8, 2, 1;0,  0;0,  0> +
        ( 0.000574, 0.000134)|  10, 1, 3;0,  0;0,  0> +
        ( 0.000258,-0.000515)|   9, 0, 3;0,  0;0,  0> +
        ( 0.000574,-0.000005)|  16, 3, 0;0,  0;0,  0> +
        (-0.000023, 0.000562)|  27, 3, 3;0,  0;0,  0> +
        (-0.000107,-0.000550)|  21, 2, 2;0,  0;0,  0> +
        ( 0.000444, 0.000323)|  12, 3, 0;0,  0;0,  0> +
        (-0.000529,-0.000087)|   7, 0, 3;0,  0;0,  0> +
        (-0.000532,-0.000061)|  27, 3, 1;0,  0;0,  0> +
        (-0.000089,-0.000518)|  13, 2, 1;0,  0;0,  0> +
        (-0.000517, 0.000013)|  20, 2, 2;0,  0;0,  0> +
        (-0.000197, 0.000468)|  26, 1, 3;0,  0;0,  0> +
        (-0.000126,-0.000485)|  25, 2, 3;0,  0;0,  0> +
        ( 0.000454,-0.000206)|  20, 0, 2;0,  0;0,  0> +
        (-0.000052, 0.000496)|  29, 2, 2;0,  0;0,  0> +
        ( 0.000065,-0.000487)|  15, 2, 1;0,  0;0,  0> +
        (-0.000470,-0.000125)|  28, 2, 2;0,  0;0,  0> +
        ( 0.000101, 0.000473)|  24, 3, 1;0,  0;0,  0> +
        (-0.000115, 0.000465)|  23, 3, 1;0,  0;0,  0> +
        (-0.000178,-0.000444)|  29, 3, 1;0,  0;0,  0> +
        (-0.000036,-0.000472)|  31, 3, 1;0,  0;0,  0> +
        ( 0.000445, 0.000005)|  19, 3, 0;0,  0;0,  0> +
        ( 0.000012,-0.000439)|  18, 0, 3;0,  0;0,  0> +
        ( 0.000433,-0.000002)|  15, 3, 0;0,  0;0,  0> +
        ( 0.000057, 0.000424)|  31, 1, 3;0,  0;0,  0> +
        (-0.000106,-0.000412)|  14, 3, 1;0,  0;0,  0> +
        ( 0.000005, 0.000426)|  27, 2, 2;0,  0;0,  0> +
        (-0.000381,-0.000185)|  29, 2, 3;0,  0;0,  0> +
        (-0.000009, 0.000422)|  18, 2, 2;0,  0;0,  0> +
        (-0.000045, 0.000415)|  24, 3, 2;0,  0;0,  0> +
        ( 0.000408,-0.000064)|  24, 2, 3;0,  0;0,  0> +
        ( 0.000401, 0.000006)|  19, 1, 2;0,  0;0,  0> +
        (-0.000391,-0.000045)|  19, 1, 3;0,  0;0,  0> +
        (-0.000042,-0.000382)|  15, 0, 3;0,  0;0,  0> +
        (-0.000382, 0.000009)|  16, 0, 3;0,  0;0,  0> +
        ( 0.000354,-0.000128)|  17, 3, 1;0,  0;0,  0> +
        ( 0.000014,-0.000369)|  29, 3, 3;0,  0;0,  0> +
        (-0.000356,-0.000095)|  12, 1, 2;0,  0;0,  0> +
        ( 0.000361,-0.000064)|  11, 1, 2;0,  0;0,  0> +
        ( 0.000289,-0.000212)|  23, 3, 2;0,  0;0,  0> +
        (-0.000013,-0.000357)|  14, 1, 2;0,  0;0,  0> +
        (-0.000278, 0.000217)|  26, 3, 1;0,  0;0,  0> +
        (-0.000069,-0.000345)|  13, 2, 3;0,  0;0,  0> +
        (-0.000035,-0.000347)|  17, 0, 3;0,  0;0,  0> +
        ( 0.000002, 0.000346)|  14, 2, 3;0,  0;0,  0> +
        ( 0.000007,-0.000343)|  29, 1, 3;0,  0;0,  0> +
        (-0.000141,-0.000311)|  31, 2, 2;0,  0;0,  0> +
        ( 0.000221,-0.000260)|  10, 1, 1;0,  0;0,  0> +
        (-0.000280,-0.000182)|  16, 1, 2;0,  0;0,  0> +
        ( 0.000292,-0.000156)|  31, 3, 2;0,  0;0,  0> +
        ( 0.000145, 0.000295)|  23, 2, 3;0,  0;0,  0> +
        ( 0.000327,-0.000027)|  17, 1, 2;0,  0;0,  0> +
        ( 0.000272,-0.000178)|   9, 1, 3;0,  0;0,  0> +
        (-0.000154,-0.000276)|  10, 1, 2;0,  0;0,  0> +
         ...
 |24> = ( 0.999664,-0.012196)|  24, 0, 0;0,  0;0,  0> +
        (-0.000532,-0.017229)|  16, 0, 1;0,  0;0,  0> +
        ( 0.000248,-0.006156)|  15, 0, 1;0,  0;0,  0> +
        ( 0.006129, 0.000245)|  15, 1, 0;0,  0;0,  0> +
        ( 0.004353, 0.000431)|  16, 1, 0;0,  0;0,  0> +
        (-0.003049, 0.002348)|  18, 2, 0;0,  0;0,  0> +
        (-0.000441, 0.003784)|  13, 1, 1;0,  0;0,  0> +
        (-0.003393, 0.000085)|  10, 3, 0;0,  0;0,  0> +
        ( 0.001999,-0.002128)|  18, 0, 2;0,  0;0,  0> +
        (-0.002828,-0.000041)|  14, 2, 2;0,  0;0,  0> +
        ( 0.000071,-0.002218)|  19, 3, 3;0,  0;0,  0> +
        ( 0.001820,-0.000178)|  11, 1, 1;0,  0;0,  0> +
        (-0.001601,-0.000728)|  16, 2, 0;0,  0;0,  0> +
        ( 0.000347, 0.001629)|  16, 0, 2;0,  0;0,  0> +
        (-0.001005, 0.001280)|  10, 0, 3;0,  0;0,  0> +
        ( 0.000177,-0.001610)|   7, 2, 1;0,  0;0,  0> +
        (-0.000518, 0.001450)|  13, 0, 3;0,  0;0,  0> +
        ( 0.001511,-0.000109)|  20, 2, 0;0,  0;0,  0> +
        ( 0.000178,-0.001468)|  12, 1, 1;0,  0;0,  0> +
        ( 0.001265,-0.000610)|  20, 0, 2;0,  0;0,  0> +
        ( 0.001324, 0.000252)|  11, 3, 0;0,  0;0,  0> +
        ( 0.001274,-0.000017)|  17, 1, 0;0,  0;0,  0> +
        (-0.001271,-0.000042)|  15, 3, 0;0,  0;0,  0> +
        (-0.001087,-0.000655)|  10, 2, 1;0,  0;0,  0> +
        ( 0.000031, 0.001258)|  17, 0, 1;0,  0;0,  0> +
        ( 0.000280, 0.001171)|  27, 1, 3;0,  0;0,  0> +
        ( 0.001098, 0.000268)|  21, 2, 0;0,  0;0,  0> +
        ( 0.001093, 0.000042)|  18, 3, 0;0,  0;0,  0> +
        ( 0.000181,-0.001005)|  13, 2, 3;0,  0;0,  0> +
        ( 0.000155,-0.000986)|   9, 0, 3;0,  0;0,  0> +
        (-0.000014,-0.000998)|  25, 3, 1;0,  0;0,  0> +
        ( 0.000903, 0.000417)|  12, 3, 0;0,  0;0,  0> +
        (-0.000983,-0.000120)|  13, 3, 0;0,  0;0,  0> +
        (-0.000937,-0.000089)|  15, 1, 2;0,  0;0,  0> +
        (-0.000682,-0.000601)|  11, 2, 1;0,  0;0,  0> +
        (-0.000088, 0.000856)|  14, 1, 1;0,  0;0,  0> +
        ( 0.000009,-0.000841)|  18, 0, 3;0,  0;0,  0> +
        (-0.000600,-0.000585)|  10, 1, 2;0,  0;0,  0> +
        ( 0.000791, 0.000109)|  25, 2, 2;0,  0;0,  0> +
        (-0.000078,-0.000788)|  24, 1, 3;0,  0;0,  0> +
        (-0.000054,-0.000787)|  18, 2, 1;0,  0;0,  0> +
        (-0.000770,-0.000071)|   9, 1, 2;0,  0;0,  0> +
        ( 0.000072,-0.000755)|  14, 2, 1;0,  0;0,  0> +
        ( 0.000688,-0.000228)|   7, 3, 0;0,  0;0,  0> +
        ( 0.000067, 0.000712)|  15, 0, 3;0,  0;0,  0> +
        (-0.000014, 0.000714)|  17, 3, 3;0,  0;0,  0> +
        ( 0.000642, 0.000283)|  21, 0, 2;0,  0;0,  0> +
        (-0.000016,-0.000695)|  14, 2, 3;0,  0;0,  0> +
        ( 0.000093, 0.000674)|   8, 3, 1;0,  0;0,  0> +
        ( 0.000642,-0.000068)|  27, 3, 1;0,  0;0,  0> +
        (-0.000626,-0.000070)|  12, 1, 2;0,  0;0,  0> +
        ( 0.000599,-0.000150)|  17, 0, 2;0,  0;0,  0> +
        (-0.000030,-0.000608)|  21, 1, 3;0,  0;0,  0> +
        ( 0.000364, 0.000477)|  16, 2, 1;0,  0;0,  0> +
        (-0.000451,-0.000365)|  16, 1, 2;0,  0;0,  0> +
        (-0.000078,-0.000574)|  28, 1, 3;0,  0;0,  0> +
        (-0.000572, 0.000017)|  14, 3, 2;0,  0;0,  0> +
        ( 0.000569,-0.000027)|  26, 2, 2;0,  0;0,  0> +
        (-0.000011,-0.000558)|  31, 1, 3;0,  0;0,  0> +
        ( 0.000462,-0.000311)|   7, 1, 2;0,  0;0,  0> +
        ( 0.000550, 0.000056)|  13, 3, 1;0,  0;0,  0> +
        ( 0.000546,-0.000064)|   8, 1, 2;0,  0;0,  0> +
        (-0.000526, 0.000140)|  17, 3, 2;0,  0;0,  0> +
        ( 0.000014, 0.000541)|  13, 2, 1;0,  0;0,  0> +
        (-0.000189,-0.000485)|  29, 3, 1;0,  0;0,  0> +
        ( 0.000382, 0.000353)|  22, 2, 0;0,  0;0,  0> +
        ( 0.000066,-0.000506)|  26, 2, 3;0,  0;0,  0> +
        ( 0.000415, 0.000294)|  29, 2, 3;0,  0;0,  0> +
        (-0.000018, 0.000503)|  24, 2, 2;0,  0;0,  0> +
        (-0.000351, 0.000353)|  26, 3, 1;0,  0;0,  0> +
        (-0.000494, 0.000035)|  11, 1, 3;0,  0;0,  0> +
        ( 0.000490,-0.000029)|  19, 0, 2;0,  0;0,  0> +
        (-0.000380,-0.000309)|  15, 2, 0;0,  0;0,  0> +
        ( 0.000255, 0.000417)|  18, 3, 1;0,  0;0,  0> +
        ( 0.000483,-0.000064)|  13, 1, 3;0,  0;0,  0> +
        (-0.000191,-0.000433)|  25, 2, 3;0,  0;0,  0> +
        ( 0.000154,-0.000444)|  20, 3, 1;0,  0;0,  0> +
        (-0.000237, 0.000405)|  26, 1, 3;0,  0;0,  0> +
        ( 0.000107,-0.000453)|  18, 1, 3;0,  0;0,  0> +
        (-0.000454,-0.000080)|   7, 0, 3;0,  0;0,  0> +
        ( 0.000454,-0.000056)|  20, 3, 2;0,  0;0,  0> +
        ( 0.000421, 0.000173)|  16, 3, 0;0,  0;0,  0> +
        (-0.000396, 0.000203)|  25, 3, 2;0,  0;0,  0> +
        (-0.000015,-0.000443)|   8, 0, 3;0,  0;0,  0> +
        (-0.000001,-0.000441)|  29, 1, 3;0,  0;0,  0> +
        ( 0.000376, 0.000224)|  23, 2, 2;0,  0;0,  0> +
        ( 0.000429,-0.000016)|  19, 3, 0;0,  0;0,  0> +
        (-0.000426, 0.000026)|  30, 3, 2;0,  0;0,  0> +
        (-0.000368,-0.000206)|  10, 3, 1;0,  0;0,  0> +
        ( 0.000106, 0.000406)|  27, 2, 3;0,  0;0,  0> +
        (-0.000204, 0.000360)|  28, 2, 3;0,  0;0,  0> +
        (-0.000017, 0.000413)|  27, 3, 3;0,  0;0,  0> +
        (-0.000378, 0.000146)|  11, 3, 1;0,  0;0,  0> +
        ( 0.000103, 0.000389)|  24, 3, 1;0,  0;0,  0> +
        ( 0.000077, 0.000384)|  21, 2, 2;0,  0;0,  0> +
        ( 0.000065, 0.000385)|  21, 3, 1;0,  0;0,  0> +
        ( 0.000389,-0.000013)|  17, 1, 2;0,  0;0,  0> +
        ( 0.000329,-0.000202)|  28, 3, 2;0,  0;0,  0> +
        (-0.000371,-0.000004)|  15, 3, 2;0,  0;0,  0> +
        ( 0.000275, 0.000238)|  22, 0, 2;0,  0;0,  0> +
        ( 0.000318, 0.000176)|  13, 3, 2;0,  0;0,  0> +
        (-0.000361, 0.000010)|  20, 2, 2;0,  0;0,  0> +
        (-0.000008, 0.000358)|  30, 3, 3;0,  0;0,  0> +
        (-0.000056,-0.000347)|  17, 0, 3;0,  0;0,  0> +
        ( 0.000157,-0.000312)|  11, 1, 2;0,  0;0,  0> +
        ( 0.000338,-0.000023)|  12, 2, 2;0,  0;0,  0> +
        (-0.000203,-0.000254)|  21, 2, 3;0,  0;0,  0> +
        ( 0.000310, 0.000087)|  11, 0, 3;0,  0;0,  0> +
         ...
