p1486
# Parameters of the model
#  mass:		    261.00 u
#  charge:	      1.00 e
#  dipole:	      4.74 D
#  B:		    503.65 MHz
#  omega_rho:	      1.40 MHz
#  omega_z:	      0.04 MHz

# Basis truncation:	|32,4,4;2,2>
# omega_1:	      0.07 MHz
# omega_3/5:	      1.40 MHz
# Basis size:		41472

# Active terms of the Hamiltionian:
# 	Nomal modes:	1
# 	T_rot:      	1
# 	V_qd^{(0)}: 	1
# 	V_qd^{(1)}: 	1
# 	V_dd^{(0)}: 	1

# Results of the diagonalisation

# 100 smallest eigenvalues
 20.698989868 21.982053757 22.571464539 22.583517075 24.203094482 25.964551926 26.634864807 28.386325836 28.465986252 29.624963760 31.301738739 31.597261429 32.392242432 33.958400726 35.052318573 35.555526733 36.159149170 37.427379608 39.483917236 39.691673279 39.965690613 40.751907349 40.902217865 41.802860260 42.441795349 42.614139557 42.901882172 43.269393921 43.331714630 43.442462921 44.168804169 44.188575745 44.329826355 44.331859589 44.713775635 45.516365051 45.804698944 46.069770813 46.438064575 46.814193726 47.003517151 47.780990601 48.168739319 48.214687347 48.456626892 48.770835876 49.272449493 49.935874939 50.307197571 50.397968292 50.555233002 50.830291748 51.188003540 51.539028168 51.723598480 51.822841644 52.729351044 53.781295776 54.231868744 54.525077820 54.679004669 55.466056824 55.990772247 56.187583923 56.318393707 56.805736542 57.447006226 57.785606384 59.130294800 59.389007568 59.597736359 60.735725403 60.860618591 60.980300903 61.014633179 61.451408386 61.497650146 61.634372711 62.100597382 62.214916229 62.376003265 62.459903717 63.126853943 63.142932892 63.167316437 63.420894623 63.525543213 63.893806458 63.933097839 64.154754639 64.264068604 64.564643860 65.041862488 65.068763733 65.069618225 65.192222595 65.227516174 65.759239197 66.054306030 66.155357361

# Ground state and the lowest excitations:
 | 0> = ( 1.000000, 0.000000)|   0, 0, 0;0,  0;0,  0> +
         ...
 | 1> = ( 0.999994,-0.000000)|   1, 0, 0;0,  0;0,  0> +
         ...
 | 2> = ( 0.999999,-0.000000)|   2, 0, 0;0,  0;0,  0> +
        ( 0.000505, 0.000000)|   0, 2, 0;0,  0;0,  0> +
        ( 0.000505,-0.000000)|   0, 0, 2;0,  0;0,  0> +
         ...
 | 3> = ( 1.000001,-0.000000)|   3, 0, 0;0,  0;0,  0> +
        ( 0.000000, 0.001365)|   0, 0, 1;0,  0;0,  0> +
        (-0.001362, 0.000000)|   0, 1, 0;0,  0;0,  0> +
         ...
 | 4> = (-0.999991,-0.000000)|   4, 0, 0;0,  0;0,  0> +
        (-0.002269,-0.000000)|   1, 2, 0;0,  0;0,  0> +
        ( 0.002265, 0.000000)|   1, 0, 2;0,  0;0,  0> +
        ( 0.001403, 0.000000)|   0, 2, 2;0,  0;0,  0> +
        ( 0.000004,-0.000945)|   2, 0, 1;0,  0;0,  0> +
        (-0.000691, 0.000005)|   2, 1, 0;0,  0;0,  0> +
         ...
 | 5> = ( 0.999985, 0.000039)|   5, 0, 0;0,  0;0,  0> +
        (-0.000024, 0.003395)|   2, 0, 1;0,  0;0,  0> +
        ( 0.002499,-0.000015)|   2, 1, 0;0,  0;0,  0> +
        (-0.001445,-0.000000)|   1, 2, 2;0,  0;0,  0> +
        ( 0.001134, 0.000094)|   2, 0, 2;0,  0;0,  0> +
        (-0.001133,-0.000094)|   2, 2, 0;0,  0;0,  0> +
        (-0.000000, 0.000472)|   0, 0, 3;0,  0;0,  0> +
         ...
 | 6> = (-0.999978,-0.000045)|   6, 0, 0;0,  0;0,  0> +
        ( 0.003517, 0.000002)|   2, 2, 2;0,  0;0,  0> +
        ( 0.000004, 0.003176)|   0, 1, 1;0,  0;0,  0> +
        ( 0.002326,-0.000097)|   0, 1, 2;0,  0;0,  0> +
        (-0.001433,-0.000064)|   2, 1, 0;0,  0;0,  0> +
        (-0.000068, 0.001424)|   2, 0, 1;0,  0;0,  0> +
        ( 0.000005,-0.001251)|   0, 3, 1;0,  0;0,  0> +
        (-0.001070,-0.000029)|   0, 3, 0;0,  0;0,  0> +
        ( 0.000015,-0.000603)|   0, 2, 1;0,  0;0,  0> +
        ( 0.000000,-0.000485)|   0, 2, 3;0,  0;0,  0> +
        (-0.000452,-0.000001)|   0, 3, 2;0,  0;0,  0> +
        (-0.000402,-0.000032)|   2, 2, 0;0,  0;0,  0> +
        ( 0.000402, 0.000032)|   2, 0, 2;0,  0;0,  0> +
        (-0.000001,-0.000396)|   3, 0, 1;0,  0;0,  0> +
        (-0.000373, 0.000015)|   4, 0, 2;0,  0;0,  0> +
         ...
 | 7> = (-0.999971,-0.000946)|   8, 0, 0;0,  0;0,  0> +
        ( 0.004026,-0.000109)|   1, 3, 0;0,  0;0,  0> +
        (-0.000101,-0.003627)|   1, 0, 3;0,  0;0,  0> +
        (-0.003242,-0.000001)|   7, 0, 0;0,  0;0,  0> +
        ( 0.000024,-0.002570)|   4, 0, 1;0,  0;0,  0> +
        (-0.000217, 0.001346)|   5, 0, 1;0,  0;0,  0> +
        (-0.000047, 0.001254)|   1, 2, 1;0,  0;0,  0> +
        (-0.000965,-0.000049)|   1, 1, 2;0,  0;0,  0> +
        ( 0.000064,-0.000887)|   1, 1, 1;0,  0;0,  0> +
        ( 0.000008,-0.000671)|   2, 0, 3;0,  0;0,  0> +
        ( 0.000605, 0.000001)|   3, 2, 2;0,  0;0,  0> +
        ( 0.000505,-0.000222)|   5, 1, 0;0,  0;0,  0> +
        (-0.000452,-0.000009)|   2, 3, 0;0,  0;0,  0> +
        (-0.000001,-0.000409)|   2, 3, 3;0,  0;0,  0> +
        (-0.000037,-0.000394)|   2, 2, 1;0,  0;0,  0> +
        (-0.000026, 0.000320)|   3, 1, 1;0,  0;0,  0> +
         ...
 | 8> = ( 0.999985, 0.000406)|   7, 0, 0;0,  0;0,  0> +
        (-0.003241,-0.000003)|   8, 0, 0;0,  0;0,  0> +
        (-0.000026,-0.001922)|   1, 0, 3;0,  0;0,  0> +
        ( 0.000002,-0.001573)|   3, 0, 1;0,  0;0,  0> +
        (-0.001397, 0.000007)|   1, 3, 0;0,  0;0,  0> +
        ( 0.001344, 0.000015)|   4, 1, 0;0,  0;0,  0> +
        ( 0.001315,-0.000007)|   4, 2, 0;0,  0;0,  0> +
        ( 0.001293,-0.000001)|   3, 1, 0;0,  0;0,  0> +
        ( 0.001127, 0.000004)|   4, 0, 2;0,  0;0,  0> +
        (-0.000019,-0.000996)|   1, 2, 1;0,  0;0,  0> +
        (-0.000949,-0.000000)|   3, 2, 0;0,  0;0,  0> +
        ( 0.000948,-0.000000)|   3, 0, 2;0,  0;0,  0> +
        (-0.000771, 0.000007)|   1, 1, 2;0,  0;0,  0> +
        ( 0.000000, 0.000596)|   5, 0, 1;0,  0;0,  0> +
        ( 0.000586, 0.000001)|   5, 1, 0;0,  0;0,  0> +
        (-0.000043, 0.000584)|   1, 1, 1;0,  0;0,  0> +
        (-0.000005,-0.000489)|   0, 1, 3;0,  0;0,  0> +
        (-0.000010,-0.000347)|   0, 2, 3;0,  0;0,  0> +
         ...
 | 9> = (-0.999983,-0.000407)|   9, 0, 0;0,  0;0,  0> +
        (-0.000003,-0.002001)|   1, 2, 1;0,  0;0,  0> +
        ( 0.000085,-0.001996)|   6, 0, 1;0,  0;0,  0> +
        ( 0.000721,-0.001606)|   5, 0, 1;0,  0;0,  0> +
        ( 0.000021, 0.001609)|   2, 2, 3;0,  0;0,  0> +
        ( 0.001467, 0.000007)|   2, 3, 2;0,  0;0,  0> +
        ( 0.001136, 0.000737)|   5, 1, 0;0,  0;0,  0> +
        ( 0.001235,-0.000131)|   1, 3, 2;0,  0;0,  0> +
        ( 0.000061,-0.001007)|   2, 3, 1;0,  0;0,  0> +
        ( 0.000001, 0.000977)|   3, 3, 3;0,  0;0,  0> +
        (-0.000944, 0.000051)|   2, 3, 0;0,  0;0,  0> +
        (-0.000879,-0.000020)|   5, 2, 0;0,  0;0,  0> +
        ( 0.000833,-0.000003)|   1, 3, 0;0,  0;0,  0> +
        (-0.000764, 0.000023)|   5, 0, 2;0,  0;0,  0> +
        ( 0.000691,-0.000001)|   4, 2, 2;0,  0;0,  0> +
        (-0.000667, 0.000095)|   6, 1, 0;0,  0;0,  0> +
        (-0.000130,-0.000577)|   1, 2, 3;0,  0;0,  0> +
        (-0.000444,-0.000381)|   2, 1, 1;0,  0;0,  0> +
        (-0.000504,-0.000047)|   2, 1, 2;0,  0;0,  0> +
        (-0.000008,-0.000492)|   3, 2, 1;0,  0;0,  0> +
        (-0.000084, 0.000429)|   2, 0, 3;0,  0;0,  0> +
        ( 0.000401,-0.000062)|  10, 2, 0;0,  0;0,  0> +
        (-0.000371,-0.000033)|   6, 0, 2;0,  0;0,  0> +
        (-0.000068, 0.000331)|   1, 0, 3;0,  0;0,  0> +
        (-0.000327, 0.000032)|   6, 2, 0;0,  0;0,  0> +
         ...
 |10> = (-0.999971,-0.000671)|  10, 0, 0;0,  0;0,  0> +
        ( 0.004297, 0.003824)|   2, 1, 1;0,  0;0,  0> +
        (-0.002447,-0.000250)|   6, 1, 0;0,  0;0,  0> +
        ( 0.002335, 0.000009)|   7, 1, 0;0,  0;0,  0> +
        (-0.001250,-0.001297)|   1, 1, 3;0,  0;0,  0> +
        ( 0.001692, 0.000027)|   1, 1, 2;0,  0;0,  0> +
        ( 0.000005, 0.001465)|   7, 0, 1;0,  0;0,  0> +
        (-0.000251, 0.001198)|   6, 0, 1;0,  0;0,  0> +
        (-0.000094, 0.001151)|   3, 1, 1;0,  0;0,  0> +
        (-0.000873, 0.000001)|   4, 2, 2;0,  0;0,  0> +
        ( 0.000771, 0.000023)|   2, 1, 2;0,  0;0,  0> +
        ( 0.000071, 0.000679)|   4, 1, 1;0,  0;0,  0> +
        (-0.000009,-0.000682)|   3, 2, 1;0,  0;0,  0> +
        ( 0.000007,-0.000680)|   1, 0, 3;0,  0;0,  0> +
        (-0.000586,-0.000040)|   2, 3, 2;0,  0;0,  0> +
        (-0.000141, 0.000536)|   5, 0, 1;0,  0;0,  0> +
        (-0.000511, 0.000012)|   7, 2, 0;0,  0;0,  0> +
        (-0.000469,-0.000189)|   5, 0, 2;0,  0;0,  0> +
        ( 0.000013,-0.000478)|   4, 3, 3;0,  0;0,  0> +
        (-0.000032, 0.000461)|   2, 3, 1;0,  0;0,  0> +
        ( 0.000398, 0.000183)|   5, 2, 0;0,  0;0,  0> +
        ( 0.000433,-0.000005)|   4, 1, 2;0,  0;0,  0> +
        ( 0.000004,-0.000431)|   4, 0, 3;0,  0;0,  0> +
        ( 0.000406, 0.000014)|   8, 0, 2;0,  0;0,  0> +
        (-0.000101,-0.000378)|   2, 2, 1;0,  0;0,  0> +
         ...
 |11> = (-0.735827,-0.676938)|  11, 0, 0;0,  0;0,  0> +
        (-0.011257,-0.001540)|   6, 1, 0;0,  0;0,  0> +
        (-0.001533, 0.011079)|   6, 0, 1;0,  0;0,  0> +
        (-0.000038, 0.004986)|   7, 0, 1;0,  0;0,  0> +
        (-0.002238,-0.000091)|   8, 1, 0;0,  0;0,  0> +
        ( 0.000022, 0.001739)|   3, 0, 3;0,  0;0,  0> +
        ( 0.001633,-0.000034)|   3, 3, 0;0,  0;0,  0> +
        ( 0.001304,-0.000029)|   7, 1, 0;0,  0;0,  0> +
        (-0.000000,-0.001057)|   5, 3, 3;0,  0;0,  0> +
        ( 0.000959, 0.000376)|   5, 0, 2;0,  0;0,  0> +
        (-0.000946,-0.000371)|   5, 2, 0;0,  0;0,  0> +
        (-0.000078, 0.000962)|   3, 1, 1;0,  0;0,  0> +
        (-0.000952,-0.000001)|   1, 1, 2;0,  0;0,  0> +
        ( 0.000913, 0.000007)|   3, 3, 2;0,  0;0,  0> +
        ( 0.000890,-0.000031)|   2, 1, 2;0,  0;0,  0> +
        (-0.000890, 0.000017)|   7, 0, 2;0,  0;0,  0> +
        (-0.000578,-0.000613)|   1, 1, 3;0,  0;0,  0> +
        ( 0.000838,-0.000001)|   5, 2, 2;0,  0;0,  0> +
        (-0.000770,-0.000022)|   8, 0, 2;0,  0;0,  0> +
        ( 0.000091, 0.000753)|   3, 2, 1;0,  0;0,  0> +
        (-0.000739, 0.000072)|  12, 0, 2;0,  0;0,  0> +
        (-0.000062,-0.000729)|   2, 2, 1;0,  0;0,  0> +
        ( 0.000602, 0.000152)|   3, 1, 2;0,  0;0,  0> +
        (-0.000048, 0.000584)|   4, 0, 3;0,  0;0,  0> +
        ( 0.000470, 0.000324)|   6, 0, 2;0,  0;0,  0> +
        (-0.000010, 0.000507)|   7, 1, 1;0,  0;0,  0> +
        ( 0.000497,-0.000017)|  12, 0, 0;0,  0;0,  0> +
        (-0.000465, 0.000073)|   5, 1, 2;0,  0;0,  0> +
        (-0.000461,-0.000050)|   2, 3, 2;0,  0;0,  0> +
        (-0.000049, 0.000457)|   2, 2, 3;0,  0;0,  0> +
        (-0.000144,-0.000435)|   8, 1, 1;0,  0;0,  0> +
        (-0.000106, 0.000444)|   8, 0, 1;0,  0;0,  0> +
        (-0.000335,-0.000273)|   9, 2, 0;0,  0;0,  0> +
        ( 0.000006,-0.000419)|   3, 2, 3;0,  0;0,  0> +
        (-0.000021, 0.000417)|   3, 1, 3;0,  0;0,  0> +
        ( 0.000387,-0.000005)|   7, 2, 0;0,  0;0,  0> +
        ( 0.000003, 0.000362)|   1, 0, 3;0,  0;0,  0> +
        (-0.000359, 0.000002)|  14, 0, 3;0,  0;0,  0> +
        (-0.000347,-0.000008)|   4, 3, 2;0,  0;0,  0> +
        (-0.000022,-0.000340)|   3, 3, 1;0,  0;0,  0> +
        (-0.000334,-0.000023)|   4, 3, 0;0,  0;0,  0> +
        (-0.000308,-0.000106)|  15, 2, 0;0,  0;0,  0> +
        (-0.000029,-0.000320)|   6, 2, 0;0,  0;0,  0> +
        (-0.000286,-0.000143)|   6, 2, 1;0,  0;0,  0> +
        ( 0.000314,-0.000048)|  10, 2, 0;0,  0;0,  0> +
         ...
 |12> = (-0.999380, 0.034571)|  12, 0, 0;0,  0;0,  0> +
        (-0.002972,-0.000023)|   8, 1, 0;0,  0;0,  0> +
        (-0.000068,-0.001776)|   8, 0, 1;0,  0;0,  0> +
        (-0.001635,-0.000011)|   7, 1, 0;0,  0;0,  0> +
        (-0.001313, 0.000030)|   7, 2, 0;0,  0;0,  0> +
        ( 0.000731, 0.001085)|   6, 2, 0;0,  0;0,  0> +
        (-0.000729,-0.001081)|   6, 0, 2;0,  0;0,  0> +
        (-0.001152, 0.000029)|   4, 3, 2;0,  0;0,  0> +
        (-0.000019,-0.001019)|   3, 3, 1;0,  0;0,  0> +
        ( 0.000000, 0.001011)|   4, 3, 3;0,  0;0,  0> +
        ( 0.000017,-0.000903)|   7, 1, 1;0,  0;0,  0> +
        ( 0.000852,-0.000040)|   4, 1, 2;0,  0;0,  0> +
        ( 0.000103,-0.000806)|   5, 1, 1;0,  0;0,  0> +
        ( 0.000250, 0.000758)|   8, 1, 1;0,  0;0,  0> +
        (-0.000764,-0.000022)|   8, 0, 2;0,  0;0,  0> +
        (-0.000718,-0.000198)|   9, 0, 2;0,  0;0,  0> +
        (-0.000004,-0.000744)|   7, 0, 1;0,  0;0,  0> +
        (-0.000699, 0.000013)|   3, 3, 0;0,  0;0,  0> +
        (-0.000093, 0.000650)|   2, 2, 1;0,  0;0,  0> +
        ( 0.000581,-0.000236)|  11, 0, 2;0,  0;0,  0> +
        ( 0.000612,-0.000056)|  14, 2, 0;0,  0;0,  0> +
        ( 0.000375, 0.000467)|   9, 2, 0;0,  0;0,  0> +
        (-0.000598, 0.000001)|   5, 2, 2;0,  0;0,  0> +
        ( 0.000528, 0.000143)|   2, 1, 2;0,  0;0,  0> +
        (-0.000043, 0.000510)|   3, 1, 1;0,  0;0,  0> +
        ( 0.000509,-0.000015)|   8, 2, 2;0,  0;0,  0> +
        (-0.000507, 0.000002)|   6, 2, 2;0,  0;0,  0> +
        (-0.000367,-0.000337)|  11, 0, 0;0,  0;0,  0> +
        ( 0.000105, 0.000462)|   6, 2, 1;0,  0;0,  0> +
        (-0.000459, 0.000015)|   7, 0, 2;0,  0;0,  0> +
        ( 0.000010, 0.000453)|   6, 1, 2;0,  0;0,  0> +
        ( 0.000009, 0.000432)|   4, 0, 3;0,  0;0,  0> +
        (-0.000401, 0.000159)|  13, 0, 2;0,  0;0,  0> +
        (-0.000000,-0.000431)|   5, 3, 3;0,  0;0,  0> +
        (-0.000430, 0.000003)|   2, 3, 0;0,  0;0,  0> +
        ( 0.000016,-0.000406)|   3, 1, 3;0,  0;0,  0> +
        (-0.000003, 0.000398)|   9, 0, 1;0,  0;0,  0> +
        ( 0.000360, 0.000003)|   9, 1, 0;0,  0;0,  0> +
        ( 0.000172,-0.000307)|   7, 3, 0;0,  0;0,  0> +
        ( 0.000290, 0.000178)|  11, 0, 3;0,  0;0,  0> +
        ( 0.000063,-0.000330)|   6, 0, 3;0,  0;0,  0> +
        (-0.000251,-0.000215)|  11, 2, 0;0,  0;0,  0> +
        (-0.000005, 0.000329)|   6, 3, 1;0,  0;0,  0> +
         ...
 |13> = (-0.964570, 0.263416)|  13, 0, 0;0,  0;0,  0> +
        ( 0.000644,-0.011169)|   8, 0, 1;0,  0;0,  0> +
        ( 0.005288, 0.000548)|   8, 1, 0;0,  0;0,  0> +
        ( 0.002506, 0.000055)|   9, 1, 0;0,  0;0,  0> +
        ( 0.000053,-0.002505)|   9, 0, 1;0,  0;0,  0> +
        ( 0.000235, 0.002284)|   4, 1, 1;0,  0;0,  0> +
        ( 0.000492,-0.002144)|   6, 1, 1;0,  0;0,  0> +
        ( 0.000103,-0.002108)|   3, 1, 3;0,  0;0,  0> +
        ( 0.000023, 0.001636)|   3, 3, 1;0,  0;0,  0> +
        (-0.001609, 0.000001)|   6, 2, 2;0,  0;0,  0> +
        ( 0.000030,-0.001483)|   7, 1, 1;0,  0;0,  0> +
        ( 0.001291, 0.000038)|   8, 2, 0;0,  0;0,  0> +
        ( 0.001223,-0.000139)|   4, 1, 2;0,  0;0,  0> +
        (-0.001138, 0.000027)|   7, 2, 0;0,  0;0,  0> +
        (-0.000168,-0.001108)|   8, 3, 3;0,  0;0,  0> +
        (-0.001074, 0.000029)|   7, 0, 2;0,  0;0,  0> +
        ( 0.001043, 0.000004)|   5, 3, 2;0,  0;0,  0> +
        ( 0.000015, 0.001038)|   5, 3, 1;0,  0;0,  0> +
        ( 0.001020,-0.000099)|  14, 2, 0;0,  0;0,  0> +
        ( 0.000002, 0.001008)|   5, 2, 3;0,  0;0,  0> +
        (-0.000016, 0.001003)|   3, 2, 1;0,  0;0,  0> +
        ( 0.000074, 0.000989)|   5, 2, 1;0,  0;0,  0> +
        ( 0.000081, 0.000956)|   4, 0, 3;0,  0;0,  0> +
        ( 0.000873, 0.000023)|  10, 0, 2;0,  0;0,  0> +
        ( 0.000865,-0.000045)|  17, 2, 0;0,  0;0,  0> +
        ( 0.000220, 0.000821)|  11, 2, 0;0,  0;0,  0> +
        ( 0.000805, 0.000023)|   3, 3, 2;0,  0;0,  0> +
        ( 0.000021,-0.000789)|   3, 2, 3;0,  0;0,  0> +
        ( 0.000008,-0.000727)|   4, 3, 1;0,  0;0,  0> +
        ( 0.000225, 0.000682)|   8, 1, 1;0,  0;0,  0> +
        (-0.000084, 0.000654)|   5, 1, 1;0,  0;0,  0> +
        (-0.000463,-0.000462)|   4, 2, 1;0,  0;0,  0> +
        ( 0.000631, 0.000015)|   9, 0, 2;0,  0;0,  0> +
        ( 0.000618, 0.000032)|  12, 2, 0;0,  0;0,  0> +
        (-0.000545, 0.000252)|  10, 0, 1;0,  0;0,  0> +
        ( 0.000265, 0.000535)|  10, 1, 0;0,  0;0,  0> +
        ( 0.000000,-0.000577)|   3, 0, 3;0,  0;0,  0> +
        (-0.000144, 0.000528)|  13, 1, 1;0,  0;0,  0> +
        ( 0.000531,-0.000110)|   4, 3, 0;0,  0;0,  0> +
        (-0.000498, 0.000128)|  18, 0, 2;0,  0;0,  0> +
        (-0.000475, 0.000186)|  18, 2, 0;0,  0;0,  0> +
        (-0.000095,-0.000494)|   9, 1, 1;0,  0;0,  0> +
        (-0.000483,-0.000070)|  11, 0, 3;0,  0;0,  0> +
        ( 0.000255,-0.000375)|  10, 1, 1;0,  0;0,  0> +
        (-0.000419, 0.000133)|   5, 1, 2;0,  0;0,  0> +
        (-0.000228, 0.000366)|  11, 0, 2;0,  0;0,  0> +
        ( 0.000426,-0.000003)|   3, 1, 2;0,  0;0,  0> +
        ( 0.000394,-0.000057)|  11, 1, 1;0,  0;0,  0> +
        ( 0.000012, 0.000397)|   5, 0, 3;0,  0;0,  0> +
        (-0.000394, 0.000047)|  10, 2, 0;0,  0;0,  0> +
        (-0.000368, 0.000012)|   4, 3, 2;0,  0;0,  0> +
        (-0.000364, 0.000042)|   8, 1, 2;0,  0;0,  0> +
        ( 0.000024,-0.000358)|  10, 2, 1;0,  0;0,  0> +
        ( 0.000350,-0.000072)|  14, 0, 2;0,  0;0,  0> +
        (-0.000331, 0.000125)|  19, 2, 0;0,  0;0,  0> +
        ( 0.000330,-0.000024)|  13, 2, 0;0,  0;0,  0> +
        (-0.000323,-0.000026)|   5, 3, 0;0,  0;0,  0> +
        ( 0.000318,-0.000004)|   7, 1, 0;0,  0;0,  0> +
         ...
 |14> = ( 0.999801,-0.003567)|  14, 0, 0;0,  0;0,  0> +
        (-0.011100,-0.000198)|   9, 1, 0;0,  0;0,  0> +
        ( 0.007645, 0.000543)|   8, 1, 0;0,  0;0,  0> +
        ( 0.000532,-0.007572)|   8, 0, 1;0,  0;0,  0> +
        ( 0.005744,-0.000107)|   7, 0, 2;0,  0;0,  0> +
        (-0.004760, 0.000080)|   7, 2, 0;0,  0;0,  0> +
        (-0.000136, 0.003977)|   9, 0, 1;0,  0;0,  0> +
        (-0.003486, 0.001617)|  10, 0, 1;0,  0;0,  0> +
        ( 0.001633, 0.003344)|  10, 1, 0;0,  0;0,  0> +
        ( 0.003527, 0.000069)|   8, 0, 2;0,  0;0,  0> +
        (-0.001023, 0.001003)|   3, 1, 2;0,  0;0,  0> +
        ( 0.000506, 0.001207)|   3, 2, 1;0,  0;0,  0> +
        (-0.000001,-0.001205)|   6, 2, 3;0,  0;0,  0> +
        ( 0.000383, 0.001119)|  11, 2, 0;0,  0;0,  0> +
        (-0.001167,-0.000002)|   6, 3, 2;0,  0;0,  0> +
        ( 0.000352, 0.001067)|   8, 1, 1;0,  0;0,  0> +
        ( 0.001116,-0.000062)|   8, 2, 0;0,  0;0,  0> +
        ( 0.001054,-0.000001)|   6, 2, 2;0,  0;0,  0> +
        ( 0.000973,-0.000012)|   5, 3, 2;0,  0;0,  0> +
        (-0.000941, 0.000152)|  10, 2, 0;0,  0;0,  0> +
        ( 0.000913,-0.000014)|   4, 1, 2;0,  0;0,  0> +
        (-0.000203, 0.000888)|   6, 1, 1;0,  0;0,  0> +
        (-0.000013,-0.000855)|   5, 2, 3;0,  0;0,  0> +
        (-0.000585,-0.000612)|  16, 2, 0;0,  0;0,  0> +
        ( 0.000834, 0.000029)|   4, 3, 0;0,  0;0,  0> +
        (-0.000533, 0.000560)|  11, 0, 2;0,  0;0,  0> +
        (-0.000027,-0.000713)|   5, 2, 1;0,  0;0,  0> +
        (-0.000186, 0.000680)|  13, 1, 1;0,  0;0,  0> +
        ( 0.000033, 0.000674)|   6, 0, 3;0,  0;0,  0> +
        ( 0.000491, 0.000442)|   9, 2, 0;0,  0;0,  0> +
        ( 0.000562,-0.000048)|  10, 3, 0;0,  0;0,  0> +
        ( 0.000287,-0.000462)|   7, 1, 2;0,  0;0,  0> +
        (-0.000540, 0.000014)|   5, 3, 0;0,  0;0,  0> +
        (-0.000041,-0.000508)|   9, 3, 3;0,  0;0,  0> +
        ( 0.000088,-0.000502)|   3, 0, 3;0,  0;0,  0> +
        ( 0.000401, 0.000286)|   6, 1, 2;0,  0;0,  0> +
        ( 0.000445,-0.000209)|   3, 3, 0;0,  0;0,  0> +
        ( 0.000468,-0.000067)|  11, 1, 1;0,  0;0,  0> +
        (-0.000007,-0.000470)|   5, 3, 1;0,  0;0,  0> +
        (-0.000469, 0.000016)|  17, 2, 0;0,  0;0,  0> +
        ( 0.000332,-0.000313)|  15, 0, 2;0,  0;0,  0> +
        ( 0.000454, 0.000025)|  15, 2, 0;0,  0;0,  0> +
        ( 0.000007,-0.000442)|   4, 3, 1;0,  0;0,  0> +
        (-0.000394,-0.000196)|   9, 0, 2;0,  0;0,  0> +
        (-0.000436,-0.000024)|  10, 1, 2;0,  0;0,  0> +
        (-0.000410,-0.000053)|   7, 3, 0;0,  0;0,  0> +
        (-0.000108, 0.000398)|   7, 0, 3;0,  0;0,  0> +
        (-0.000252,-0.000305)|   7, 2, 1;0,  0;0,  0> +
        ( 0.000005, 0.000385)|   4, 2, 1;0,  0;0,  0> +
        ( 0.000348,-0.000130)|  19, 2, 0;0,  0;0,  0> +
        ( 0.000340,-0.000133)|  13, 0, 2;0,  0;0,  0> +
        (-0.000343, 0.000061)|  14, 0, 2;0,  0;0,  0> +
        ( 0.000037,-0.000343)|  10, 0, 3;0,  0;0,  0> +
        ( 0.000063, 0.000332)|   9, 1, 1;0,  0;0,  0> +
        (-0.000042, 0.000331)|   5, 1, 1;0,  0;0,  0> +
        (-0.000329, 0.000019)|   8, 1, 2;0,  0;0,  0> +
         ...
 |15> = ( 0.999899, 0.010636)|  16, 0, 0;0,  0;0,  0> +
        (-0.000537, 0.002872)|  12, 1, 0;0,  0;0,  0> +
        ( 0.000080,-0.002703)|   6, 3, 1;0,  0;0,  0> +
        ( 0.000053,-0.002561)|   9, 0, 1;0,  0;0,  0> +
        ( 0.002529, 0.000055)|   9, 1, 0;0,  0;0,  0> +
        ( 0.002221,-0.000249)|  10, 0, 1;0,  0;0,  0> +
        (-0.002056, 0.000331)|  10, 2, 0;0,  0;0,  0> +
        ( 0.000006, 0.001759)|   5, 1, 3;0,  0;0,  0> +
        (-0.001266,-0.001163)|   9, 2, 0;0,  0;0,  0> +
        (-0.001628, 0.000546)|  15, 0, 2;0,  0;0,  0> +
        ( 0.000310, 0.001617)|   9, 1, 1;0,  0;0,  0> +
        ( 0.001316, 0.000795)|  12, 0, 1;0,  0;0,  0> +
        ( 0.001411,-0.000202)|  11, 1, 1;0,  0;0,  0> +
        ( 0.000428,-0.001350)|  11, 1, 0;0,  0;0,  0> +
        ( 0.001166, 0.000512)|   9, 0, 2;0,  0;0,  0> +
        ( 0.000124, 0.001237)|  11, 3, 3;0,  0;0,  0> +
        ( 0.000944, 0.000775)|  15, 2, 0;0,  0;0,  0> +
        (-0.000027, 0.001177)|   6, 1, 3;0,  0;0,  0> +
        (-0.000656, 0.000966)|  10, 1, 1;0,  0;0,  0> +
        ( 0.000863, 0.000671)|  11, 0, 1;0,  0;0,  0> +
        ( 0.000285,-0.001039)|  13, 1, 1;0,  0;0,  0> +
        (-0.000984, 0.000427)|  13, 0, 2;0,  0;0,  0> +
        (-0.000954, 0.000158)|   5, 1, 2;0,  0;0,  0> +
        (-0.000952, 0.000054)|  10, 3, 0;0,  0;0,  0> +
        ( 0.000037, 0.000844)|   6, 0, 3;0,  0;0,  0> +
        (-0.000816, 0.000201)|  18, 2, 0;0,  0;0,  0> +
        (-0.000002,-0.000796)|  14, 3, 1;0,  0;0,  0> +
        ( 0.000042,-0.000771)|  13, 3, 1;0,  0;0,  0> +
        ( 0.000764,-0.000083)|  18, 0, 2;0,  0;0,  0> +
        ( 0.000173,-0.000742)|   6, 1, 1;0,  0;0,  0> +
        (-0.000751, 0.000114)|  10, 1, 0;0,  0;0,  0> +
        (-0.000745, 0.000141)|  16, 0, 2;0,  0;0,  0> +
        ( 0.000577,-0.000476)|   8, 3, 2;0,  0;0,  0> +
        ( 0.000307, 0.000644)|  14, 1, 3;0,  0;0,  0> +
        (-0.000595, 0.000390)|  22, 2, 0;0,  0;0,  0> +
        ( 0.000639,-0.000308)|  19, 2, 0;0,  0;0,  0> +
        (-0.000685, 0.000129)|  14, 0, 2;0,  0;0,  0> +
        (-0.000694,-0.000040)|   8, 2, 0;0,  0;0,  0> +
        (-0.000521,-0.000430)|   7, 1, 2;0,  0;0,  0> +
        ( 0.000001,-0.000655)|   6, 2, 3;0,  0;0,  0> +
        (-0.000603, 0.000249)|  23, 2, 0;0,  0;0,  0> +
        ( 0.000635, 0.000036)|   8, 0, 2;0,  0;0,  0> +
        (-0.000620,-0.000122)|   7, 3, 2;0,  0;0,  0> +
        ( 0.000096,-0.000606)|   9, 2, 1;0,  0;0,  0> +
        ( 0.000425, 0.000417)|  16, 2, 0;0,  0;0,  0> +
        ( 0.000179, 0.000536)|  11, 2, 0;0,  0;0,  0> +
        ( 0.000523,-0.000213)|  20, 0, 2;0,  0;0,  0> +
        ( 0.000248, 0.000506)|   4, 2, 1;0,  0;0,  0> +
        ( 0.000533,-0.000141)|  13, 1, 2;0,  0;0,  0> +
        ( 0.000105, 0.000530)|   8, 2, 3;0,  0;0,  0> +
        ( 0.000012, 0.000537)|  10, 2, 1;0,  0;0,  0> +
        (-0.000293, 0.000447)|  13, 0, 3;0,  0;0,  0> +
        ( 0.000529,-0.000068)|  13, 2, 0;0,  0;0,  0> +
        ( 0.000427,-0.000317)|   7, 3, 0;0,  0;0,  0> +
        (-0.000510, 0.000146)|  16, 2, 2;0,  0;0,  0> +
        (-0.000526,-0.000028)|  12, 2, 0;0,  0;0,  0> +
        (-0.000498,-0.000126)|  15, 2, 1;0,  0;0,  0> +
        (-0.000513, 0.000000)|   6, 3, 2;0,  0;0,  0> +
        (-0.000160,-0.000472)|   8, 2, 1;0,  0;0,  0> +
        (-0.000253,-0.000429)|  11, 3, 0;0,  0;0,  0> +
        (-0.000369, 0.000326)|   7, 0, 3;0,  0;0,  0> +
        ( 0.000002, 0.000489)|  12, 1, 3;0,  0;0,  0> +
        (-0.000487,-0.000020)|  14, 2, 1;0,  0;0,  0> +
        ( 0.000010, 0.000467)|  19, 0, 2;0,  0;0,  0> +
        (-0.000446, 0.000129)|  23, 0, 2;0,  0;0,  0> +
        (-0.000455,-0.000078)|  11, 1, 3;0,  0;0,  0> +
        (-0.000455, 0.000013)|  17, 0, 2;0,  0;0,  0> +
        ( 0.000008, 0.000455)|   5, 3, 1;0,  0;0,  0> +
        (-0.000447,-0.000062)|  10, 3, 1;0,  0;0,  0> +
        (-0.000037,-0.000447)|   9, 3, 3;0,  0;0,  0> +
        ( 0.000251,-0.000359)|  13, 2, 1;0,  0;0,  0> +
        ( 0.000221,-0.000366)|  11, 1, 2;0,  0;0,  0> +
        (-0.000416, 0.000034)|  17, 2, 2;0,  0;0,  0> +
        ( 0.000410,-0.000031)|   5, 3, 0;0,  0;0,  0> +
        (-0.000356,-0.000206)|   8, 3, 0;0,  0;0,  0> +
        ( 0.000355, 0.000190)|   6, 1, 2;0,  0;0,  0> +
        ( 0.000323, 0.000238)|  19, 0, 3;0,  0;0,  0> +
        (-0.000042,-0.000395)|  21, 2, 1;0,  0;0,  0> +
        (-0.000348, 0.000188)|  10, 3, 2;0,  0;0,  0> +
        ( 0.000092, 0.000382)|  12, 0, 3;0,  0;0,  0> +
        (-0.000076, 0.000383)|  16, 1, 3;0,  0;0,  0> +
        ( 0.000308, 0.000237)|  16, 3, 1;0,  0;0,  0> +
        ( 0.000365, 0.000043)|   7, 2, 1;0,  0;0,  0> +
        (-0.000251, 0.000263)|  11, 0, 2;0,  0;0,  0> +
        ( 0.000114,-0.000328)|  17, 1, 1;0,  0;0,  0> +
        ( 0.000320,-0.000135)|   6, 3, 0;0,  0;0,  0> +
        ( 0.000338,-0.000034)|  19, 3, 0;0,  0;0,  0> +
        ( 0.000277, 0.000191)|  11, 0, 3;0,  0;0,  0> +
        ( 0.000159, 0.000292)|  10, 2, 3;0,  0;0,  0> +
        ( 0.000315, 0.000089)|  10, 1, 3;0,  0;0,  0> +
        ( 0.000088,-0.000312)|   9, 3, 1;0,  0;0,  0> +
         ...
 |16> = (-0.983642, 0.179848)|  15, 0, 0;0,  0;0,  0> +
        ( 0.003705, 0.000078)|   9, 1, 0;0,  0;0,  0> +
        ( 0.000073,-0.003500)|   9, 0, 1;0,  0;0,  0> +
        ( 0.001407,-0.002061)|  10, 1, 1;0,  0;0,  0> +
        ( 0.000214, 0.002425)|  10, 1, 0;0,  0;0,  0> +
        ( 0.000762, 0.002309)|   8, 1, 1;0,  0;0,  0> +
        ( 0.000305,-0.002389)|   5, 1, 1;0,  0;0,  0> +
        ( 0.002113, 0.000492)|   6, 3, 0;0,  0;0,  0> +
        (-0.000838, 0.001926)|  11, 1, 0;0,  0;0,  0> +
        (-0.001695,-0.000961)|  11, 0, 1;0,  0;0,  0> +
        (-0.001749,-0.000106)|   8, 2, 0;0,  0;0,  0> +
        (-0.001701, 0.000244)|  11, 1, 1;0,  0;0,  0> +
        (-0.000026,-0.001683)|   5, 3, 1;0,  0;0,  0> +
        ( 0.001613, 0.000095)|   8, 0, 2;0,  0;0,  0> +
        (-0.000265, 0.001262)|   9, 2, 1;0,  0;0,  0> +
        (-0.001201, 0.000386)|  18, 2, 0;0,  0;0,  0> +
        ( 0.001200,-0.000028)|   5, 3, 0;0,  0;0,  0> +
        ( 0.000394, 0.001101)|   6, 2, 1;0,  0;0,  0> +
        ( 0.001007,-0.000565)|  15, 0, 2;0,  0;0,  0> +
        ( 0.000254,-0.001112)|   6, 1, 1;0,  0;0,  0> +
        (-0.000251, 0.000944)|   7, 0, 3;0,  0;0,  0> +
        (-0.000015,-0.000964)|   6, 1, 3;0,  0;0,  0> +
        (-0.000018, 0.000957)|   7, 1, 1;0,  0;0,  0> +
        (-0.000043, 0.000910)|   6, 3, 1;0,  0;0,  0> +
        (-0.000890,-0.000028)|  10, 1, 2;0,  0;0,  0> +
        ( 0.000154, 0.000877)|  10, 0, 1;0,  0;0,  0> +
        (-0.000867,-0.000072)|   4, 3, 0;0,  0;0,  0> +
        ( 0.000005, 0.000863)|   5, 2, 3;0,  0;0,  0> +
        ( 0.000532,-0.000660)|   6, 1, 2;0,  0;0,  0> +
        (-0.000824, 0.000005)|   7, 2, 2;0,  0;0,  0> +
        ( 0.000776,-0.000121)|  10, 2, 0;0,  0;0,  0> +
        (-0.000107,-0.000740)|   8, 2, 1;0,  0;0,  0> +
        ( 0.000747,-0.000011)|  10, 3, 0;0,  0;0,  0> +
        (-0.000709, 0.000033)|  13, 2, 0;0,  0;0,  0> +
        (-0.000594, 0.000367)|  13, 0, 3;0,  0;0,  0> +
        (-0.000076, 0.000687)|   6, 0, 3;0,  0;0,  0> +
        ( 0.000027, 0.000685)|   7, 3, 3;0,  0;0,  0> +
        (-0.000601, 0.000105)|  14, 0, 2;0,  0;0,  0> +
        ( 0.000227, 0.000566)|   8, 3, 0;0,  0;0,  0> +
        ( 0.000602, 0.000001)|   4, 1, 2;0,  0;0,  0> +
        (-0.000001, 0.000596)|   6, 2, 3;0,  0;0,  0> +
        (-0.000538,-0.000229)|   9, 1, 2;0,  0;0,  0> +
        (-0.000557, 0.000163)|  11, 0, 2;0,  0;0,  0> +
        ( 0.000025,-0.000563)|   3, 1, 3;0,  0;0,  0> +
        ( 0.000093,-0.000538)|   7, 2, 3;0,  0;0,  0> +
        ( 0.000397,-0.000341)|   3, 1, 2;0,  0;0,  0> +
        (-0.000056, 0.000493)|   4, 0, 3;0,  0;0,  0> +
        ( 0.000076, 0.000489)|   8, 3, 3;0,  0;0,  0> +
        (-0.000491, 0.000048)|  12, 0, 2;0,  0;0,  0> +
        (-0.000072,-0.000474)|  16, 3, 0;0,  0;0,  0> +
        (-0.000467,-0.000086)|   7, 3, 2;0,  0;0,  0> +
        ( 0.000361,-0.000301)|  13, 1, 2;0,  0;0,  0> +
        ( 0.000460,-0.000047)|   8, 1, 2;0,  0;0,  0> +
        (-0.000428, 0.000102)|  19, 2, 0;0,  0;0,  0> +
        (-0.000417,-0.000072)|   7, 2, 1;0,  0;0,  0> +
        ( 0.000330,-0.000261)|  31, 0, 2;0,  0;0,  0> +
        ( 0.000405, 0.000069)|  13, 1, 3;0,  0;0,  0> +
        ( 0.000407,-0.000042)|   9, 0, 2;0,  0;0,  0> +
        (-0.000104,-0.000367)|  13, 3, 1;0,  0;0,  0> +
        (-0.000366, 0.000080)|  12, 2, 1;0,  0;0,  0> +
        ( 0.000373,-0.000001)|   6, 3, 2;0,  0;0,  0> +
        (-0.000056,-0.000359)|  12, 1, 0;0,  0;0,  0> +
        ( 0.000358,-0.000053)|  12, 0, 1;0,  0;0,  0> +
        (-0.000264,-0.000229)|  17, 3, 1;0,  0;0,  0> +
        (-0.000060,-0.000340)|  10, 3, 3;0,  0;0,  0> +
        ( 0.000023, 0.000335)|  14, 3, 0;0,  0;0,  0> +
        (-0.000192,-0.000271)|  16, 3, 1;0,  0;0,  0> +
        ( 0.000100,-0.000311)|  15, 3, 0;0,  0;0,  0> +
        (-0.000050, 0.000321)|  14, 1, 2;0,  0;0,  0> +
        ( 0.000267,-0.000175)|   9, 0, 3;0,  0;0,  0> +
         ...
 |17> = (-0.992112, 0.124580)|  17, 0, 0;0,  0;0,  0> +
        ( 0.007257,-0.001212)|  10, 2, 0;0,  0;0,  0> +
        ( 0.005141,-0.001513)|  11, 0, 1;0,  0;0,  0> +
        ( 0.002560, 0.003176)|  11, 1, 0;0,  0;0,  0> +
        ( 0.003920,-0.000029)|  10, 0, 2;0,  0;0,  0> +
        ( 0.002079,-0.000039)|  12, 0, 1;0,  0;0,  0> +
        ( 0.000446,-0.001976)|   6, 1, 1;0,  0;0,  0> +
        ( 0.001695,-0.000179)|  12, 0, 2;0,  0;0,  0> +
        ( 0.001496, 0.000560)|  13, 0, 1;0,  0;0,  0> +
        ( 0.000541,-0.001492)|  13, 1, 0;0,  0;0,  0> +
        (-0.001191,-0.001016)|   9, 2, 0;0,  0;0,  0> +
        (-0.001564, 0.000051)|  13, 2, 0;0,  0;0,  0> +
        ( 0.001517,-0.000285)|  14, 0, 2;0,  0;0,  0> +
        (-0.001450, 0.000347)|   9, 3, 2;0,  0;0,  0> +
        (-0.000274,-0.001431)|   9, 1, 1;0,  0;0,  0> +
        (-0.000323,-0.001308)|   9, 2, 3;0,  0;0,  0> +
        ( 0.000994,-0.000881)|  13, 0, 3;0,  0;0,  0> +
        (-0.000232,-0.001292)|  12, 1, 1;0,  0;0,  0> +
        ( 0.000007, 0.001299)|   6, 3, 1;0,  0;0,  0> +
        (-0.001089, 0.000459)|  20, 0, 2;0,  0;0,  0> +
        ( 0.000096, 0.001159)|   9, 3, 3;0,  0;0,  0> +
        ( 0.000295,-0.001077)|  13, 1, 1;0,  0;0,  0> +
        (-0.000406,-0.000981)|  12, 1, 0;0,  0;0,  0> +
        (-0.000999, 0.000349)|  12, 3, 0;0,  0;0,  0> +
        ( 0.000113, 0.001010)|  13, 3, 3;0,  0;0,  0> +
        (-0.001007, 0.000038)|  23, 0, 2;0,  0;0,  0> +
        (-0.000951, 0.000328)|  13, 0, 2;0,  0;0,  0> +
        (-0.000057,-0.000964)|   7, 0, 3;0,  0;0,  0> +
        (-0.000929,-0.000015)|  12, 2, 0;0,  0;0,  0> +
        (-0.000807, 0.000431)|  13, 1, 2;0,  0;0,  0> +
        ( 0.000899,-0.000098)|  14, 2, 0;0,  0;0,  0> +
        (-0.000002, 0.000887)|   6, 0, 3;0,  0;0,  0> +
        (-0.000048, 0.000883)|  14, 1, 1;0,  0;0,  0> +
        ( 0.000144, 0.000870)|  21, 0, 2;0,  0;0,  0> +
        ( 0.000490,-0.000719)|  10, 1, 1;0,  0;0,  0> +
        (-0.000849,-0.000088)|   7, 1, 2;0,  0;0,  0> +
        ( 0.000666, 0.000458)|   9, 0, 2;0,  0;0,  0> +
        (-0.000553, 0.000559)|  15, 3, 0;0,  0;0,  0> +
        (-0.000757, 0.000201)|  11, 0, 2;0,  0;0,  0> +
        (-0.000110, 0.000733)|  14, 1, 2;0,  0;0,  0> +
        ( 0.000179,-0.000695)|  19, 0, 2;0,  0;0,  0> +
        (-0.000711, 0.000003)|  10, 1, 2;0,  0;0,  0> +
        ( 0.000123, 0.000695)|  10, 3, 3;0,  0;0,  0> +
        (-0.000483,-0.000509)|   8, 3, 0;0,  0;0,  0> +
        ( 0.000076, 0.000693)|   6, 1, 3;0,  0;0,  0> +
        ( 0.000686,-0.000121)|  16, 0, 2;0,  0;0,  0> +
        (-0.000641, 0.000219)|  18, 2, 0;0,  0;0,  0> +
        ( 0.000121,-0.000666)|   7, 2, 3;0,  0;0,  0> +
        (-0.000628, 0.000200)|  19, 2, 1;0,  0;0,  0> +
        (-0.000436, 0.000493)|  15, 1, 2;0,  0;0,  0> +
        (-0.000653, 0.000018)|  17, 2, 0;0,  0;0,  0> +
        ( 0.000598, 0.000157)|  10, 1, 3;0,  0;0,  0> +
        ( 0.000000, 0.000605)|   5, 1, 3;0,  0;0,  0> +
        (-0.000582, 0.000099)|  12, 2, 2;0,  0;0,  0> +
        ( 0.000500, 0.000304)|  17, 3, 1;0,  0;0,  0> +
        ( 0.000572, 0.000024)|  24, 1, 2;0,  0;0,  0> +
        ( 0.000057, 0.000568)|   8, 3, 1;0,  0;0,  0> +
        ( 0.000562, 0.000095)|  11, 1, 3;0,  0;0,  0> +
        ( 0.000546, 0.000121)|  16, 2, 1;0,  0;0,  0> +
        ( 0.000551,-0.000089)|   5, 1, 2;0,  0;0,  0> +
        ( 0.000476, 0.000277)|   7, 2, 1;0,  0;0,  0> +
        ( 0.000070,-0.000535)|  14, 3, 1;0,  0;0,  0> +
        (-0.000171, 0.000506)|  13, 2, 1;0,  0;0,  0> +
        ( 0.000221,-0.000486)|   7, 3, 0;0,  0;0,  0> +
        (-0.000460,-0.000243)|   6, 2, 1;0,  0;0,  0> +
        ( 0.000041, 0.000518)|  16, 1, 2;0,  0;0,  0> +
        ( 0.000132,-0.000499)|   9, 2, 1;0,  0;0,  0> +
        ( 0.000091, 0.000504)|  12, 3, 3;0,  0;0,  0> +
        (-0.000298,-0.000408)|  15, 2, 1;0,  0;0,  0> +
        (-0.000017, 0.000505)|   7, 1, 1;0,  0;0,  0> +
        ( 0.000496,-0.000080)|  10, 2, 2;0,  0;0,  0> +
        ( 0.000153, 0.000478)|  21, 2, 0;0,  0;0,  0> +
        (-0.000004,-0.000493)|  14, 3, 0;0,  0;0,  0> +
        ( 0.000478, 0.000035)|  15, 2, 0;0,  0;0,  0> +
        (-0.000251,-0.000398)|   6, 3, 0;0,  0;0,  0> +
        (-0.000169,-0.000437)|   8, 2, 1;0,  0;0,  0> +
        (-0.000347, 0.000294)|  22, 2, 0;0,  0;0,  0> +
        ( 0.000312,-0.000313)|  15, 0, 2;0,  0;0,  0> +
        ( 0.000382, 0.000223)|  12, 0, 3;0,  0;0,  0> +
        ( 0.000387, 0.000210)|   6, 1, 2;0,  0;0,  0> +
        (-0.000403,-0.000163)|  11, 3, 0;0,  0;0,  0> +
        ( 0.000432, 0.000008)|  23, 2, 0;0,  0;0,  0> +
        ( 0.000252, 0.000343)|  19, 1, 2;0,  0;0,  0> +
        ( 0.000419,-0.000002)|  17, 0, 2;0,  0;0,  0> +
        (-0.000364,-0.000191)|  11, 0, 3;0,  0;0,  0> +
        ( 0.000399, 0.000022)|  31, 1, 2;0,  0;0,  0> +
        (-0.000350,-0.000182)|  18, 1, 2;0,  0;0,  0> +
        ( 0.000025, 0.000389)|  24, 1, 3;0,  0;0,  0> +
        ( 0.000389, 0.000014)|  23, 2, 1;0,  0;0,  0> +
        ( 0.000337,-0.000180)|  17, 1, 3;0,  0;0,  0> +
        ( 0.000377,-0.000041)|  22, 0, 2;0,  0;0,  0> +
        (-0.000054, 0.000365)|   9, 3, 1;0,  0;0,  0> +
        (-0.000137,-0.000341)|   8, 1, 3;0,  0;0,  0> +
        (-0.000273,-0.000245)|  15, 1, 1;0,  0;0,  0> +
        (-0.000133,-0.000341)|  12, 1, 2;0,  0;0,  0> +
        (-0.000004, 0.000365)|  18, 0, 3;0,  0;0,  0> +
        ( 0.000344,-0.000114)|  20, 1, 2;0,  0;0,  0> +
        ( 0.000011,-0.000359)|  10, 2, 1;0,  0;0,  0> +
        ( 0.000063, 0.000349)|  16, 3, 0;0,  0;0,  0> +
        (-0.000072,-0.000347)|  13, 3, 1;0,  0;0,  0> +
        ( 0.000325, 0.000120)|   9, 1, 2;0,  0;0,  0> +
        ( 0.000341, 0.000055)|   9, 2, 2;0,  0;0,  0> +
        (-0.000055,-0.000334)|  29, 3, 1;0,  0;0,  0> +
        (-0.000325, 0.000047)|  11, 1, 1;0,  0;0,  0> +
        ( 0.000124,-0.000300)|  18, 1, 1;0,  0;0,  0> +
        ( 0.000285,-0.000153)|  11, 2, 1;0,  0;0,  0> +
         ...
 |18> = (-0.938452,-0.344178)|  18, 0, 0;0,  0;0,  0> +
        (-0.013954, 0.006950)|  11, 0, 1;0,  0;0,  0> +
        (-0.007062,-0.013891)|  11, 1, 0;0,  0;0,  0> +
        ( 0.000483,-0.011143)|  12, 1, 0;0,  0;0,  0> +
        (-0.002809,-0.006362)|  11, 2, 0;0,  0;0,  0> +
        (-0.001434, 0.006699)|   7, 3, 1;0,  0;0,  0> +
        ( 0.004640,-0.003620)|  11, 0, 2;0,  0;0,  0> +
        ( 0.002912, 0.001081)|  13, 0, 1;0,  0;0,  0> +
        ( 0.001776,-0.002481)|  12, 0, 1;0,  0;0,  0> +
        ( 0.001002,-0.002737)|  13, 1, 0;0,  0;0,  0> +
        (-0.002081,-0.001633)|   9, 2, 0;0,  0;0,  0> +
        ( 0.000464,-0.002026)|   6, 1, 1;0,  0;0,  0> +
        (-0.001290,-0.001134)|  20, 2, 0;0,  0;0,  0> +
        ( 0.000110,-0.001700)|   8, 0, 3;0,  0;0,  0> +
        ( 0.000022,-0.001597)|  14, 1, 0;0,  0;0,  0> +
        (-0.001553, 0.000177)|   4, 1, 2;0,  0;0,  0> +
        ( 0.001530, 0.000019)|  14, 0, 1;0,  0;0,  0> +
        ( 0.000109,-0.001408)|   7, 1, 3;0,  0;0,  0> +
        ( 0.000206, 0.001372)|   8, 2, 1;0,  0;0,  0> +
        (-0.001322, 0.000416)|  19, 2, 0;0,  0;0,  0> +
        ( 0.000363, 0.001150)|   8, 1, 1;0,  0;0,  0> +
        ( 0.000952, 0.000739)|   9, 0, 2;0,  0;0,  0> +
        ( 0.000613, 0.001031)|   4, 2, 1;0,  0;0,  0> +
        (-0.000039, 0.001139)|  10, 2, 1;0,  0;0,  0> +
        ( 0.001059,-0.000305)|   7, 2, 1;0,  0;0,  0> +
        ( 0.000023,-0.001076)|   7, 1, 1;0,  0;0,  0> +
        (-0.001037, 0.000120)|  25, 2, 2;0,  0;0,  0> +
        ( 0.001024, 0.000138)|  15, 2, 0;0,  0;0,  0> +
        ( 0.000977,-0.000191)|  23, 2, 0;0,  0;0,  0> +
        ( 0.000449, 0.000878)|  15, 0, 3;0,  0;0,  0> +
        (-0.000682, 0.000675)|   9, 3, 2;0,  0;0,  0> +
        (-0.000749, 0.000597)|   7, 3, 0;0,  0;0,  0> +
        (-0.000662,-0.000663)|   6, 2, 1;0,  0;0,  0> +
        ( 0.000349,-0.000857)|  18, 3, 0;0,  0;0,  0> +
        ( 0.000876,-0.000146)|  10, 2, 2;0,  0;0,  0> +
        (-0.000189, 0.000819)|   9, 3, 0;0,  0;0,  0> +
        (-0.000783,-0.000061)|  23, 0, 2;0,  0;0,  0> +
        ( 0.000415,-0.000640)|   6, 1, 2;0,  0;0,  0> +
        ( 0.000644,-0.000379)|  22, 2, 0;0,  0;0,  0> +
        ( 0.000622, 0.000408)|   9, 2, 3;0,  0;0,  0> +
        ( 0.000473,-0.000566)|  15, 0, 2;0,  0;0,  0> +
        (-0.000039, 0.000725)|  14, 1, 1;0,  0;0,  0> +
        (-0.000674, 0.000245)|  20, 0, 2;0,  0;0,  0> +
        (-0.000016,-0.000715)|  23, 3, 1;0,  0;0,  0> +
        ( 0.000542,-0.000458)|  31, 0, 2;0,  0;0,  0> +
        ( 0.000580, 0.000402)|  19, 0, 3;0,  0;0,  0> +
        (-0.000696,-0.000056)|  19, 2, 2;0,  0;0,  0> +
        ( 0.000123, 0.000670)|  12, 1, 1;0,  0;0,  0> +
        (-0.000076,-0.000658)|  15, 3, 3;0,  0;0,  0> +
        ( 0.000112, 0.000648)|  14, 3, 3;0,  0;0,  0> +
        ( 0.000534, 0.000362)|  12, 0, 3;0,  0;0,  0> +
        (-0.000641,-0.000062)|  11, 0, 3;0,  0;0,  0> +
        ( 0.000637, 0.000020)|  12, 2, 0;0,  0;0,  0> +
        ( 0.000609, 0.000181)|   4, 3, 0;0,  0;0,  0> +
        (-0.000156, 0.000608)|  10, 0, 3;0,  0;0,  0> +
        ( 0.000626, 0.000035)|  19, 3, 0;0,  0;0,  0> +
        ( 0.000455,-0.000430)|   8, 3, 2;0,  0;0,  0> +
        (-0.000460,-0.000413)|  11, 3, 0;0,  0;0,  0> +
        ( 0.000601, 0.000066)|  30, 0, 2;0,  0;0,  0> +
        (-0.000590, 0.000023)|  13, 2, 0;0,  0;0,  0> +
        (-0.000225, 0.000544)|  18, 1, 1;0,  0;0,  0> +
        ( 0.000028, 0.000586)|  23, 1, 3;0,  0;0,  0> +
        ( 0.000577, 0.000091)|  22, 0, 2;0,  0;0,  0> +
        (-0.000569,-0.000032)|   9, 1, 2;0,  0;0,  0> +
        ( 0.000492,-0.000288)|   7, 0, 3;0,  0;0,  0> +
        (-0.000557,-0.000005)|  10, 0, 2;0,  0;0,  0> +
        ( 0.000546,-0.000088)|   5, 1, 2;0,  0;0,  0> +
        ( 0.000040,-0.000551)|  18, 2, 1;0,  0;0,  0> +
        ( 0.000019,-0.000530)|   6, 3, 1;0,  0;0,  0> +
        ( 0.000077, 0.000519)|  16, 3, 0;0,  0;0,  0> +
        (-0.000521,-0.000034)|  31, 1, 2;0,  0;0,  0> +
        ( 0.000486, 0.000176)|  17, 3, 0;0,  0;0,  0> +
        ( 0.000234,-0.000460)|   8, 3, 1;0,  0;0,  0> +
        (-0.000495, 0.000062)|  12, 3, 0;0,  0;0,  0> +
        ( 0.000027,-0.000491)|  21, 1, 3;0,  0;0,  0> +
        (-0.000473, 0.000134)|  17, 1, 2;0,  0;0,  0> +
        (-0.000364,-0.000329)|  15, 1, 1;0,  0;0,  0> +
        ( 0.000481,-0.000093)|  14, 0, 2;0,  0;0,  0> +
        ( 0.000482, 0.000047)|   8, 1, 3;0,  0;0,  0> +
        (-0.000300, 0.000377)|  12, 3, 1;0,  0;0,  0> +
        (-0.000037, 0.000476)|  14, 3, 1;0,  0;0,  0> +
        (-0.000438,-0.000173)|  12, 1, 2;0,  0;0,  0> +
        ( 0.000039,-0.000466)|  25, 1, 3;0,  0;0,  0> +
        (-0.000455,-0.000054)|  15, 2, 1;0,  0;0,  0> +
        (-0.000451, 0.000069)|  18, 0, 2;0,  0;0,  0> +
        (-0.000451, 0.000052)|  12, 0, 2;0,  0;0,  0> +
        (-0.000335, 0.000304)|   8, 1, 2;0,  0;0,  0> +
        ( 0.000432,-0.000123)|  17, 2, 1;0,  0;0,  0> +
        ( 0.000432,-0.000052)|  12, 2, 1;0,  0;0,  0> +
        (-0.000405,-0.000130)|  11, 1, 3;0,  0;0,  0> +
        (-0.000415,-0.000067)|   9, 2, 2;0,  0;0,  0> +
        (-0.000384,-0.000168)|  22, 2, 1;0,  0;0,  0> +
        (-0.000231, 0.000338)|  10, 1, 1;0,  0;0,  0> +
        ( 0.000023, 0.000408)|   8, 2, 3;0,  0;0,  0> +
        (-0.000378,-0.000148)|  16, 2, 1;0,  0;0,  0> +
        ( 0.000007,-0.000405)|  19, 1, 3;0,  0;0,  0> +
        (-0.000061,-0.000397)|  29, 3, 1;0,  0;0,  0> +
        ( 0.000001, 0.000395)|   6, 1, 3;0,  0;0,  0> +
        ( 0.000390,-0.000050)|  13, 0, 3;0,  0;0,  0> +
        ( 0.000192, 0.000343)|  10, 2, 3;0,  0;0,  0> +
        ( 0.000378, 0.000097)|  10, 1, 3;0,  0;0,  0> +
        (-0.000045, 0.000386)|  15, 1, 2;0,  0;0,  0> +
        (-0.000386,-0.000048)|  26, 1, 2;0,  0;0,  0> +
        ( 0.000362,-0.000139)|  17, 1, 3;0,  0;0,  0> +
        (-0.000361,-0.000141)|  26, 3, 0;0,  0;0,  0> +
        (-0.000379, 0.000068)|  25, 1, 2;0,  0;0,  0> +
        (-0.000326,-0.000204)|  27, 3, 0;0,  0;0,  0> +
        ( 0.000015,-0.000382)|   9, 2, 1;0,  0;0,  0> +
        ( 0.000092,-0.000352)|  18, 1, 2;0,  0;0,  0> +
        (-0.000035,-0.000353)|  11, 3, 1;0,  0;0,  0> +
        ( 0.000324, 0.000141)|  27, 2, 1;0,  0;0,  0> +
        ( 0.000312,-0.000161)|  30, 3, 0;0,  0;0,  0> +
        (-0.000091, 0.000332)|  13, 1, 1;0,  0;0,  0> +
        (-0.000182,-0.000291)|  14, 2, 3;0,  0;0,  0> +
        (-0.000340, 0.000018)|   5, 3, 0;0,  0;0,  0> +
        (-0.000315, 0.000128)|  15, 2, 2;0,  0;0,  0> +
        ( 0.000108, 0.000321)|  25, 2, 3;0,  0;0,  0> +
        ( 0.000333, 0.000049)|  22, 1, 2;0,  0;0,  0> +
        (-0.000336,-0.000024)|  20, 2, 1;0,  0;0,  0> +
        (-0.000062,-0.000328)|   9, 1, 1;0,  0;0,  0> +
        (-0.000064,-0.000324)|   4, 0, 3;0,  0;0,  0> +
        ( 0.000326, 0.000026)|  26, 2, 0;0,  0;0,  0> +
        (-0.000320,-0.000033)|  26, 2, 1;0,  0;0,  0> +
        ( 0.000319,-0.000002)|  10, 1, 2;0,  0;0,  0> +
        ( 0.000162, 0.000275)|   8, 3, 0;0,  0;0,  0> +
         ...
 |19> = (-0.991027, 0.133188)|  19, 0, 0;0,  0;0,  0> +
        (-0.003530,-0.000180)|  12, 2, 0;0,  0;0,  0> +
        ( 0.000044,-0.003327)|  14, 1, 0;0,  0;0,  0> +
        (-0.000855, 0.003179)|  13, 1, 0;0,  0;0,  0> +
        ( 0.002866, 0.000034)|  14, 0, 1;0,  0;0,  0> +
        (-0.000406,-0.002648)|  11, 2, 0;0,  0;0,  0> +
        ( 0.002377, 0.000594)|  13, 0, 1;0,  0;0,  0> +
        (-0.001583,-0.001260)|   9, 2, 0;0,  0;0,  0> +
        ( 0.001579,-0.000315)|   5, 1, 2;0,  0;0,  0> +
        (-0.001458, 0.000352)|  26, 2, 0;0,  0;0,  0> +
        (-0.001237,-0.000844)|  21, 2, 0;0,  0;0,  0> +
        ( 0.001425,-0.000228)|  16, 0, 2;0,  0;0,  0> +
        (-0.000166,-0.001375)|   5, 2, 1;0,  0;0,  0> +
        ( 0.000387,-0.001258)|  19, 1, 1;0,  0;0,  0> +
        (-0.000087, 0.001254)|   8, 0, 3;0,  0;0,  0> +
        ( 0.000708,-0.001038)|  10, 1, 1;0,  0;0,  0> +
        ( 0.000873, 0.000759)|  20, 2, 0;0,  0;0,  0> +
        (-0.000375, 0.001085)|  17, 1, 1;0,  0;0,  0> +
        ( 0.001035,-0.000460)|  13, 0, 2;0,  0;0,  0> +
        (-0.000731,-0.000847)|  26, 0, 2;0,  0;0,  0> +
        (-0.001117, 0.000047)|  12, 0, 2;0,  0;0,  0> +
        ( 0.001092,-0.000066)|  17, 2, 0;0,  0;0,  0> +
        ( 0.000947, 0.000521)|  15, 2, 0;0,  0;0,  0> +
        ( 0.000144, 0.001034)|  16, 1, 2;0,  0;0,  0> +
        ( 0.000664, 0.000727)|  16, 2, 0;0,  0;0,  0> +
        (-0.000070,-0.000977)|  11, 0, 2;0,  0;0,  0> +
        (-0.000300,-0.000926)|   8, 3, 0;0,  0;0,  0> +
        ( 0.000949, 0.000146)|  31, 2, 0;0,  0;0,  0> +
        (-0.000931,-0.000151)|   9, 2, 2;0,  0;0,  0> +
        ( 0.000741, 0.000570)|   9, 0, 2;0,  0;0,  0> +
        (-0.000859, 0.000087)|  13, 2, 0;0,  0;0,  0> +
        ( 0.000801,-0.000318)|  20, 0, 2;0,  0;0,  0> +
        (-0.000394, 0.000759)|  13, 1, 2;0,  0;0,  0> +
        ( 0.000844, 0.000069)|  22, 0, 2;0,  0;0,  0> +
        ( 0.000840, 0.000094)|  11, 2, 2;0,  0;0,  0> +
        (-0.000321, 0.000775)|  18, 1, 1;0,  0;0,  0> +
        (-0.000824, 0.000030)|  10, 3, 0;0,  0;0,  0> +
        ( 0.000173, 0.000792)|  23, 1, 2;0,  0;0,  0> +
        (-0.000800, 0.000123)|  15, 0, 2;0,  0;0,  0> +
        ( 0.000204,-0.000745)|  13, 1, 1;0,  0;0,  0> +
        ( 0.000471, 0.000603)|  16, 3, 1;0,  0;0,  0> +
        ( 0.000756,-0.000109)|  23, 0, 2;0,  0;0,  0> +
        (-0.000572,-0.000494)|   6, 1, 2;0,  0;0,  0> +
        ( 0.000133, 0.000740)|  12, 1, 1;0,  0;0,  0> +
        ( 0.000103,-0.000739)|  12, 1, 0;0,  0;0,  0> +
        (-0.000369,-0.000635)|  15, 0, 3;0,  0;0,  0> +
        ( 0.000440,-0.000581)|  21, 0, 2;0,  0;0,  0> +
        (-0.000715, 0.000121)|  10, 2, 0;0,  0;0,  0> +
        (-0.000659,-0.000198)|  12, 1, 2;0,  0;0,  0> +
        (-0.000160, 0.000629)|  19, 0, 2;0,  0;0,  0> +
        (-0.000075, 0.000643)|   6, 3, 0;0,  0;0,  0> +
        (-0.000063,-0.000644)|  22, 1, 3;0,  0;0,  0> +
        ( 0.000045,-0.000637)|   7, 0, 3;0,  0;0,  0> +
        ( 0.000571,-0.000247)|   6, 2, 1;0,  0;0,  0> +
        (-0.000481,-0.000389)|  13, 3, 0;0,  0;0,  0> +
        ( 0.000455, 0.000412)|  15, 1, 1;0,  0;0,  0> +
        (-0.000560, 0.000232)|  20, 3, 2;0,  0;0,  0> +
        ( 0.000601, 0.000045)|  28, 1, 2;0,  0;0,  0> +
        ( 0.000112, 0.000587)|   9, 1, 1;0,  0;0,  0> +
        ( 0.000329,-0.000496)|  20, 1, 1;0,  0;0,  0> +
        (-0.000017, 0.000573)|  30, 2, 1;0,  0;0,  0> +
        ( 0.000568,-0.000048)|  14, 2, 0;0,  0;0,  0> +
        (-0.000284,-0.000484)|  19, 1, 2;0,  0;0,  0> +
        (-0.000023, 0.000561)|  21, 3, 1;0,  0;0,  0> +
        ( 0.000547,-0.000068)|  11, 1, 2;0,  0;0,  0> +
        ( 0.000540,-0.000092)|  12, 2, 2;0,  0;0,  0> +
        ( 0.000061,-0.000543)|  10, 2, 1;0,  0;0,  0> +
        (-0.000535, 0.000090)|  14, 0, 2;0,  0;0,  0> +
        ( 0.000031, 0.000540)|   6, 0, 3;0,  0;0,  0> +
        ( 0.000207, 0.000498)|  21, 2, 3;0,  0;0,  0> +
        ( 0.000104, 0.000528)|  21, 2, 1;0,  0;0,  0> +
        ( 0.000483,-0.000234)|  22, 2, 0;0,  0;0,  0> +
        (-0.000505,-0.000145)|  12, 0, 1;0,  0;0,  0> +
        (-0.000317, 0.000403)|  23, 3, 0;0,  0;0,  0> +
        ( 0.000015, 0.000503)|  27, 3, 1;0,  0;0,  0> +
        ( 0.000088, 0.000492)|  12, 3, 3;0,  0;0,  0> +
        ( 0.000027,-0.000486)|  21, 1, 3;0,  0;0,  0> +
        (-0.000037, 0.000478)|  28, 2, 1;0,  0;0,  0> +
        ( 0.000127,-0.000460)|   9, 3, 0;0,  0;0,  0> +
        (-0.000287, 0.000372)|   7, 1, 2;0,  0;0,  0> +
        ( 0.000411, 0.000211)|  12, 0, 3;0,  0;0,  0> +
        ( 0.000392,-0.000240)|  27, 3, 2;0,  0;0,  0> +
        ( 0.000120,-0.000441)|  29, 2, 1;0,  0;0,  0> +
        (-0.000050, 0.000447)|  13, 3, 1;0,  0;0,  0> +
        ( 0.000406,-0.000173)|  19, 2, 1;0,  0;0,  0> +
        (-0.000430,-0.000002)|  16, 1, 1;0,  0;0,  0> +
        ( 0.000309,-0.000299)|  18, 3, 0;0,  0;0,  0> +
        (-0.000028,-0.000427)|  26, 1, 3;0,  0;0,  0> +
        ( 0.000426, 0.000027)|  23, 2, 1;0,  0;0,  0> +
        (-0.000020, 0.000419)|  14, 3, 1;0,  0;0,  0> +
        ( 0.000199, 0.000367)|  10, 2, 3;0,  0;0,  0> +
        (-0.000294, 0.000285)|  23, 2, 2;0,  0;0,  0> +
        (-0.000310, 0.000266)|  15, 3, 2;0,  0;0,  0> +
        ( 0.000025, 0.000407)|  22, 2, 3;0,  0;0,  0> +
        ( 0.000109, 0.000390)|  31, 1, 3;0,  0;0,  0> +
        ( 0.000080,-0.000396)|   7, 3, 1;0,  0;0,  0> +
        ( 0.000361, 0.000180)|  16, 1, 3;0,  0;0,  0> +
        ( 0.000169,-0.000358)|  12, 2, 3;0,  0;0,  0> +
        ( 0.000371,-0.000136)|  17, 1, 3;0,  0;0,  0> +
        ( 0.000370,-0.000117)|  16, 0, 3;0,  0;0,  0> +
        (-0.000376,-0.000030)|  19, 2, 2;0,  0;0,  0> +
        (-0.000169,-0.000330)|  13, 2, 1;0,  0;0,  0> +
        ( 0.000209,-0.000305)|  29, 0, 3;0,  0;0,  0> +
        (-0.000012,-0.000363)|  26, 3, 1;0,  0;0,  0> +
        (-0.000356,-0.000004)|  28, 0, 2;0,  0;0,  0> +
        ( 0.000080,-0.000347)|  15, 1, 2;0,  0;0,  0> +
        (-0.000095,-0.000341)|  30, 0, 3;0,  0;0,  0> +
        ( 0.000283,-0.000213)|  30, 3, 0;0,  0;0,  0> +
        ( 0.000023,-0.000353)|  20, 1, 3;0,  0;0,  0> +
        (-0.000351, 0.000038)|  12, 2, 1;0,  0;0,  0> +
        (-0.000310,-0.000168)|  18, 2, 1;0,  0;0,  0> +
        ( 0.000072, 0.000343)|   8, 2, 1;0,  0;0,  0> +
        (-0.000340,-0.000065)|  26, 3, 0;0,  0;0,  0> +
        ( 0.000342, 0.000025)|  11, 1, 3;0,  0;0,  0> +
        (-0.000189, 0.000285)|   7, 2, 1;0,  0;0,  0> +
        (-0.000204,-0.000268)|  30, 1, 3;0,  0;0,  0> +
        ( 0.000322, 0.000099)|  28, 2, 2;0,  0;0,  0> +
        ( 0.000313,-0.000123)|  25, 0, 2;0,  0;0,  0> +
        (-0.000258, 0.000213)|  18, 0, 3;0,  0;0,  0> +
        (-0.000195, 0.000270)|  12, 3, 1;0,  0;0,  0> +
        ( 0.000146, 0.000298)|  12, 3, 2;0,  0;0,  0> +
        (-0.000316,-0.000096)|  12, 3, 0;0,  0;0,  0> +
        ( 0.000243,-0.000222)|   7, 3, 0;0,  0;0,  0> +
        (-0.000328,-0.000019)|  18, 1, 3;0,  0;0,  0> +
        ( 0.000322,-0.000058)|  17, 0, 2;0,  0;0,  0> +
        ( 0.000318, 0.000052)|   9, 1, 2;0,  0;0,  0> +
        ( 0.000312, 0.000067)|  26, 2, 2;0,  0;0,  0> +
        ( 0.000298,-0.000107)|  18, 3, 1;0,  0;0,  0> +
         ...
 |20> = ( 0.000000, 0.719689)|   0, 0, 1;0,  0;0,  0> +
        (-0.694293, 0.000000)|   0, 1, 0;0,  0;0,  0> +
        (-0.001928, 0.000000)|   3, 0, 0;0,  0;0,  0> +
        ( 0.001207, 0.000000)|   1, 0, 2;0,  0;0,  0> +
        ( 0.001142,-0.000000)|   1, 2, 0;0,  0;0,  0> +
         ...
 |21> = (-0.719690, 0.000000)|   0, 1, 0;0,  0;0,  0> +
        (-0.000000,-0.694293)|   0, 0, 1;0,  0;0,  0> +
         ...
 |22> = (-0.999428, 0.018934)|  20, 0, 0;0,  0;0,  0> +
        (-0.015987,-0.005883)|  13, 0, 1;0,  0;0,  0> +
        (-0.005329, 0.014326)|  13, 1, 0;0,  0;0,  0> +
        (-0.001089,-0.005733)|   9, 1, 1;0,  0;0,  0> +
        (-0.005201,-0.000264)|  12, 2, 0;0,  0;0,  0> +
        (-0.002887, 0.003330)|   8, 1, 3;0,  0;0,  0> +
        ( 0.000836, 0.003597)|   8, 2, 1;0,  0;0,  0> +
        (-0.002761,-0.002158)|   8, 3, 1;0,  0;0,  0> +
        (-0.002412,-0.001406)|  15, 0, 1;0,  0;0,  0> +
        ( 0.000040,-0.002663)|  14, 1, 0;0,  0;0,  0> +
        (-0.001896,-0.001518)|  21, 2, 0;0,  0;0,  0> +
        ( 0.002395, 0.000354)|  16, 0, 1;0,  0;0,  0> +
        (-0.000710, 0.002304)|  19, 1, 1;0,  0;0,  0> +
        (-0.002188, 0.000925)|  13, 0, 2;0,  0;0,  0> +
        ( 0.000940, 0.002033)|   6, 1, 2;0,  0;0,  0> +
        ( 0.000067,-0.002189)|   7, 1, 2;0,  0;0,  0> +
        (-0.002014, 0.000791)|   8, 1, 2;0,  0;0,  0> +
        ( 0.002022,-0.000417)|   5, 1, 2;0,  0;0,  0> +
        ( 0.000349,-0.001901)|  16, 1, 0;0,  0;0,  0> +
        (-0.001828, 0.000089)|  12, 0, 2;0,  0;0,  0> +
        (-0.000783,-0.001514)|   6, 3, 0;0,  0;0,  0> +
        (-0.000255,-0.001685)|   5, 2, 1;0,  0;0,  0> +
        ( 0.000254, 0.001639)|  26, 0, 2;0,  0;0,  0> +
        ( 0.000884,-0.001329)|  20, 1, 1;0,  0;0,  0> +
        (-0.001412,-0.000678)|   7, 3, 0;0,  0;0,  0> +
        (-0.001373, 0.000742)|  12, 3, 2;0,  0;0,  0> +
        (-0.000881,-0.001255)|  12, 2, 3;0,  0;0,  0> +
        (-0.001066,-0.001070)|  16, 2, 0;0,  0;0,  0> +
        ( 0.001404,-0.000449)|  18, 2, 0;0,  0;0,  0> +
        ( 0.000565,-0.001334)|  21, 0, 2;0,  0;0,  0> +
        ( 0.001436, 0.000021)|  26, 3, 0;0,  0;0,  0> +
        (-0.001337, 0.000108)|  17, 0, 2;0,  0;0,  0> +
        ( 0.000100,-0.001308)|  10, 2, 1;0,  0;0,  0> +
        ( 0.000312, 0.001253)|  23, 1, 2;0,  0;0,  0> +
        ( 0.000319, 0.001167)|  20, 0, 3;0,  0;0,  0> +
        ( 0.000440,-0.001062)|  18, 1, 1;0,  0;0,  0> +
        (-0.000929, 0.000646)|   6, 2, 1;0,  0;0,  0> +
        ( 0.000179, 0.001064)|  29, 3, 0;0,  0;0,  0> +
        (-0.001021,-0.000331)|  16, 2, 1;0,  0;0,  0> +
        (-0.001040,-0.000015)|  14, 0, 1;0,  0;0,  0> +
        ( 0.001018, 0.000013)|  24, 3, 0;0,  0;0,  0> +
        (-0.000917, 0.000404)|   9, 3, 2;0,  0;0,  0> +
        (-0.000698, 0.000713)|  17, 1, 2;0,  0;0,  0> +
        ( 0.000971,-0.000201)|  16, 0, 2;0,  0;0,  0> +
        (-0.000987,-0.000019)|  28, 0, 2;0,  0;0,  0> +
        ( 0.000253,-0.000948)|   8, 0, 3;0,  0;0,  0> +
        (-0.000003,-0.000960)|   7, 2, 1;0,  0;0,  0> +
        ( 0.000629,-0.000695)|  13, 0, 3;0,  0;0,  0> +
        (-0.000248, 0.000903)|  13, 1, 1;0,  0;0,  0> +
        (-0.000266, 0.000888)|  10, 0, 3;0,  0;0,  0> +
        ( 0.000917, 0.000071)|  23, 0, 3;0,  0;0,  0> +
        (-0.000662,-0.000564)|  19, 0, 3;0,  0;0,  0> +
        (-0.000421, 0.000753)|  18, 3, 0;0,  0;0,  0> +
        (-0.000790, 0.000333)|  13, 1, 2;0,  0;0,  0> +
        ( 0.000496,-0.000675)|   8, 3, 0;0,  0;0,  0> +
        ( 0.000027,-0.000828)|  24, 0, 3;0,  0;0,  0> +
        (-0.000807, 0.000087)|  17, 2, 0;0,  0;0,  0> +
        ( 0.000795,-0.000134)|  11, 0, 2;0,  0;0,  0> +
        (-0.000515, 0.000591)|   7, 0, 3;0,  0;0,  0> +
        ( 0.000780,-0.000016)|  14, 0, 3;0,  0;0,  0> +
        (-0.000161,-0.000758)|  12, 0, 3;0,  0;0,  0> +
        (-0.000751,-0.000077)|  11, 2, 2;0,  0;0,  0> +
        (-0.000694, 0.000291)|  20, 0, 2;0,  0;0,  0> +
        ( 0.000200,-0.000723)|  26, 2, 0;0,  0;0,  0> +
        (-0.000737, 0.000091)|  19, 2, 0;0,  0;0,  0> +
        ( 0.000543, 0.000503)|  27, 3, 0;0,  0;0,  0> +
        (-0.000245, 0.000699)|  17, 1, 1;0,  0;0,  0> +
        (-0.000351, 0.000632)|  19, 0, 2;0,  0;0,  0> +
        (-0.000624, 0.000341)|  11, 2, 3;0,  0;0,  0> +
        (-0.000038, 0.000706)|  14, 1, 1;0,  0;0,  0> +
        (-0.000643, 0.000292)|  15, 2, 2;0,  0;0,  0> +
        (-0.000043, 0.000698)|  20, 1, 3;0,  0;0,  0> +
        ( 0.000129, 0.000676)|  26, 2, 1;0,  0;0,  0> +
        (-0.000263,-0.000633)|  11, 3, 2;0,  0;0,  0> +
        (-0.000642, 0.000183)|  11, 2, 1;0,  0;0,  0> +
        (-0.000378, 0.000547)|  10, 1, 1;0,  0;0,  0> +
        (-0.000581, 0.000293)|  25, 2, 0;0,  0;0,  0> +
        (-0.000038, 0.000648)|  30, 2, 2;0,  0;0,  0> +
        (-0.000088, 0.000630)|   9, 2, 1;0,  0;0,  0> +
        ( 0.000062, 0.000630)|  16, 1, 2;0,  0;0,  0> +
        (-0.000006,-0.000632)|   7, 1, 3;0,  0;0,  0> +
        ( 0.000631, 0.000004)|  16, 1, 1;0,  0;0,  0> +
        (-0.000179, 0.000599)|  18, 2, 1;0,  0;0,  0> +
        ( 0.000064, 0.000614)|  27, 1, 3;0,  0;0,  0> +
        (-0.000208,-0.000579)|  29, 0, 2;0,  0;0,  0> +
        (-0.000532, 0.000301)|  17, 0, 3;0,  0;0,  0> +
        (-0.000031,-0.000603)|  26, 1, 3;0,  0;0,  0> +
        (-0.000595, 0.000008)|  28, 1, 2;0,  0;0,  0> +
        ( 0.000131, 0.000573)|  18, 1, 2;0,  0;0,  0> +
        ( 0.000039,-0.000581)|  19, 1, 3;0,  0;0,  0> +
        (-0.000330, 0.000455)|  12, 3, 1;0,  0;0,  0> +
        (-0.000546,-0.000128)|  15, 2, 0;0,  0;0,  0> +
        ( 0.000035,-0.000554)|  14, 1, 2;0,  0;0,  0> +
        ( 0.000026, 0.000552)|  17, 3, 3;0,  0;0,  0> +
        (-0.000549,-0.000030)|  14, 2, 1;0,  0;0,  0> +
        (-0.000494, 0.000238)|  23, 3, 0;0,  0;0,  0> +
        (-0.000234,-0.000482)|  16, 3, 0;0,  0;0,  0> +
        (-0.000119, 0.000510)|   7, 3, 1;0,  0;0,  0> +
        ( 0.000034,-0.000520)|  24, 3, 3;0,  0;0,  0> +
        (-0.000259, 0.000448)|  13, 2, 1;0,  0;0,  0> +
        ( 0.000064,-0.000506)|   9, 2, 3;0,  0;0,  0> +
        (-0.000364, 0.000356)|  31, 0, 2;0,  0;0,  0> +
        (-0.000504,-0.000028)|  28, 2, 0;0,  0;0,  0> +
        ( 0.000476,-0.000159)|  29, 1, 2;0,  0;0,  0> +
        (-0.000497,-0.000057)|  25, 1, 2;0,  0;0,  0> +
        ( 0.000374,-0.000332)|  27, 2, 0;0,  0;0,  0> +
        (-0.000144,-0.000467)|  29, 2, 0;0,  0;0,  0> +
        (-0.000313,-0.000374)|  12, 1, 2;0,  0;0,  0> +
        ( 0.000451,-0.000151)|  17, 1, 3;0,  0;0,  0> +
        (-0.000463,-0.000100)|  24, 0, 2;0,  0;0,  0> +
        ( 0.000307,-0.000361)|  29, 0, 3;0,  0;0,  0> +
        (-0.000220,-0.000407)|  10, 2, 3;0,  0;0,  0> +
        (-0.000453, 0.000085)|  14, 0, 2;0,  0;0,  0> +
        ( 0.000458, 0.000051)|  10, 1, 2;0,  0;0,  0> +
        (-0.000456, 0.000016)|  27, 2, 1;0,  0;0,  0> +
        ( 0.000010,-0.000455)|  31, 3, 1;0,  0;0,  0> +
        ( 0.000354,-0.000263)|  22, 2, 0;0,  0;0,  0> +
        (-0.000327,-0.000296)|  15, 1, 1;0,  0;0,  0> +
        ( 0.000166, 0.000406)|  15, 1, 3;0,  0;0,  0> +
        ( 0.000332,-0.000279)|  27, 1, 2;0,  0;0,  0> +
        (-0.000015,-0.000429)|  14, 3, 0;0,  0;0,  0> +
        (-0.000328, 0.000274)|  25, 3, 0;0,  0;0,  0> +
        (-0.000419, 0.000039)|  23, 0, 2;0,  0;0,  0> +
        ( 0.000337, 0.000248)|  20, 2, 0;0,  0;0,  0> +
        (-0.000391, 0.000147)|   9, 0, 3;0,  0;0,  0> +
        ( 0.000170,-0.000381)|  12, 3, 0;0,  0;0,  0> +
        (-0.000174,-0.000378)|  18, 2, 3;0,  0;0,  0> +
        ( 0.000084, 0.000398)|  15, 1, 0;0,  0;0,  0> +
        ( 0.000136, 0.000377)|  14, 1, 3;0,  0;0,  0> +
        (-0.000333, 0.000219)|  18, 3, 2;0,  0;0,  0> +
        ( 0.000393,-0.000002)|  14, 2, 2;0,  0;0,  0> +
        ( 0.000383,-0.000017)|   9, 1, 2;0,  0;0,  0> +
        ( 0.000019,-0.000382)|  25, 0, 3;0,  0;0,  0> +
        (-0.000038,-0.000379)|  29, 3, 1;0,  0;0,  0> +
        ( 0.000020,-0.000377)|  21, 1, 3;0,  0;0,  0> +
        (-0.000377,-0.000015)|  25, 0, 2;0,  0;0,  0> +
        ( 0.000085,-0.000365)|  15, 1, 2;0,  0;0,  0> +
        (-0.000321, 0.000187)|  30, 3, 0;0,  0;0,  0> +
        (-0.000063,-0.000366)|  14, 3, 3;0,  0;0,  0> +
        (-0.000370, 0.000026)|  19, 2, 1;0,  0;0,  0> +
        (-0.000083, 0.000360)|  19, 3, 1;0,  0;0,  0> +
        ( 0.000328,-0.000126)|  24, 2, 0;0,  0;0,  0> +
        (-0.000164, 0.000304)|  17, 3, 0;0,  0;0,  0> +
        (-0.000340, 0.000062)|  31, 2, 0;0,  0;0,  0> +
        (-0.000249,-0.000236)|  22, 2, 1;0,  0;0,  0> +
        ( 0.000078,-0.000332)|  18, 0, 3;0,  0;0,  0> +
        (-0.000258, 0.000217)|  11, 2, 0;0,  0;0,  0> +
        (-0.000033,-0.000334)|  22, 1, 3;0,  0;0,  0> +
        (-0.000328, 0.000055)|  10, 2, 2;0,  0;0,  0> +
        (-0.000329,-0.000008)|  22, 1, 2;0,  0;0,  0> +
        ( 0.000238,-0.000227)|  24, 1, 2;0,  0;0,  0> +
        ( 0.000022, 0.000328)|  24, 3, 1;0,  0;0,  0> +
        ( 0.000278,-0.000171)|  14, 3, 2;0,  0;0,  0> +
        (-0.000323, 0.000026)|  17, 2, 2;0,  0;0,  0> +
        (-0.000209, 0.000244)|  20, 3, 0;0,  0;0,  0> +
        (-0.000142,-0.000284)|  16, 3, 1;0,  0;0,  0> +
        ( 0.000299, 0.000106)|  11, 1, 2;0,  0;0,  0> +
        ( 0.000158, 0.000276)|  30, 1, 3;0,  0;0,  0> +
         ...
 |23> = ( 0.000031, 0.711673)|   1, 0, 1;0,  0;0,  0> +
        (-0.701773, 0.000030)|   1, 1, 0;0,  0;0,  0> +
        (-0.024839,-0.000249)|   2, 1, 0;0,  0;0,  0> +
        (-0.000114,-0.020320)|   2, 0, 1;0,  0;0,  0> +
        ( 0.000009,-0.001062)|   0, 0, 3;0,  0;0,  0> +
        (-0.000961, 0.000013)|   0, 3, 0;0,  0;0,  0> +
        (-0.000004,-0.000596)|   0, 2, 1;0,  0;0,  0> +
        (-0.000579,-0.000006)|   0, 1, 2;0,  0;0,  0> +
        (-0.000385,-0.000035)|   2, 2, 0;0,  0;0,  0> +
        (-0.000369,-0.000000)|   0, 2, 2;0,  0;0,  0> +
         ...
 |24> = (-0.712044,-0.000000)|   1, 1, 0;0,  0;0,  0> +
        (-0.000000,-0.702131)|   1, 0, 1;0,  0;0,  0> +
        ( 0.000681,-0.000000)|   0, 2, 0;0,  0;0,  0> +
        (-0.000681, 0.000000)|   0, 0, 2;0,  0;0,  0> +
        ( 0.000429, 0.000000)|   1, 0, 2;0,  0;0,  0> +
        (-0.000419,-0.000000)|   1, 2, 0;0,  0;0,  0> +
        (-0.000319, 0.000000)|   0, 2, 2;0,  0;0,  0> +
        (-0.000317,-0.000000)|   2, 0, 2;0,  0;0,  0> +
         ...
