p1546
# Parameters of the model
#  mass:		    261.00 u
#  charge:	      1.00 e
#  dipole:	      4.74 D
#  B:		    503.65 MHz
#  omega_rho:	      1.40 MHz
#  omega_z:	      0.01 MHz

# Basis truncation:	|32,4,4;2,2>
# omega_1:	      0.02 MHz
# omega_3/5:	      1.40 MHz
# Basis size:		41472

# Active terms of the Hamiltionian:
# 	Nomal modes:	1
# 	T_rot:      	1
# 	V_qd^{(0)}: 	1
# 	V_qd^{(1)}: 	1
# 	V_dd^{(0)}: 	1

# Results of the diagonalisation

# 100 smallest eigenvalues
 61.596218109 63.441383362 69.349975586 70.586212158 71.250228882 72.482643127 77.478569031 81.326972961 82.900108337 83.360595703 84.896362305 85.411285400 86.329467773 86.340400696 90.462249756 92.056465149 92.969062805 93.146217346 94.284988403 103.378578186 103.667030334 103.985107422 104.378479004 106.414672852 107.794319153 108.650711060 109.667778015 111.413246155 113.238250732 114.002494812 122.028327942 127.847068787 143.127517700 150.807312012 152.352874756 152.557144165 153.323196411 154.740554810 155.206939697 155.916931152 155.980789185 155.982452393 156.380447388 159.375106812 159.977539062 162.249633789 163.095672607 164.381072998 164.552719116 164.606689453 165.941604614 166.454208374 166.822784424 167.966445923 169.209426880 169.766204834 170.253204346 170.562911987 170.646270752 170.968688965 173.507934570 174.775039673 175.784545898 176.069213867 176.124191284 176.202941895 176.415130615 177.898773193 179.111495972 180.917251587 181.936904907 182.041732788 182.168441772 183.172317505 184.038070679 184.101989746 185.228149414 186.044342041 186.616760254 187.316543579 187.791931152 188.648422241 191.437728882 191.562698364 192.572021484 192.688171387 192.922378540 193.823699951 194.253433228 194.746261597 195.628890991 197.279785156 197.527526855 200.749130249 200.811370850 213.196472168 218.557342529 222.476730347 226.120071411 230.117691040

# Ground state and the lowest excitations:
 | 0> = (-0.998879,-0.002422)|   8, 0, 0;0,  0;0,  0> +
        (-0.000020, 0.029206)|   4, 0, 1;0,  0;0,  0> +
        ( 0.027029, 0.000120)|   4, 1, 0;0,  0;0,  0> +
        ( 0.011369,-0.000608)|   1, 1, 2;0,  0;0,  0> +
        (-0.002261, 0.009791)|   3, 1, 0;0,  0;0,  0> +
        ( 0.009603, 0.002267)|   3, 0, 1;0,  0;0,  0> +
        (-0.007895,-0.000573)|   1, 3, 0;0,  0;0,  0> +
        ( 0.000004,-0.007664)|   1, 2, 3;0,  0;0,  0> +
        (-0.006810, 0.000004)|   1, 3, 2;0,  0;0,  0> +
        (-0.005971,-0.000027)|   3, 2, 2;0,  0;0,  0> +
        (-0.000494, 0.005386)|   1, 0, 3;0,  0;0,  0> +
        (-0.000771,-0.004950)|   1, 2, 1;0,  0;0,  0> +
        (-0.004665,-0.000034)|   4, 0, 2;0,  0;0,  0> +
        (-0.004539,-0.000040)|   4, 2, 0;0,  0;0,  0> +
        ( 0.000008,-0.004221)|   1, 3, 3;0,  0;0,  0> +
        (-0.000040,-0.002636)|   1, 1, 1;0,  0;0,  0> +
        (-0.000726, 0.000001)|   5, 1, 0;0,  0;0,  0> +
        (-0.000003,-0.000707)|   1, 1, 3;0,  0;0,  0> +
        (-0.000002,-0.000695)|   2, 0, 3;0,  0;0,  0> +
        (-0.000655, 0.000007)|   2, 3, 0;0,  0;0,  0> +
        ( 0.000006,-0.000570)|   5, 0, 1;0,  0;0,  0> +
        ( 0.000528,-0.000008)|   7, 2, 0;0,  0;0,  0> +
        (-0.000422,-0.000021)|   2, 1, 2;0,  0;0,  0> +
        (-0.000415,-0.000003)|   3, 3, 0;0,  0;0,  0> +
        (-0.000409, 0.000002)|   5, 0, 2;0,  0;0,  0> +
        ( 0.000035, 0.000382)|   3, 2, 1;0,  0;0,  0> +
        (-0.000369, 0.000017)|   3, 0, 2;0,  0;0,  0> +
        ( 0.000362,-0.000017)|   3, 2, 0;0,  0;0,  0> +
        ( 0.000183, 0.000294)|   2, 3, 1;0,  0;0,  0> +
        (-0.000316,-0.000003)|   7, 0, 0;0,  0;0,  0> +
         ...
 | 1> = (-0.998271, 0.000116)|   5, 0, 0;0,  0;0,  0> +
        (-0.032451,-0.000006)|   1, 2, 2;0,  0;0,  0> +
        ( 0.000337,-0.031607)|   2, 0, 1;0,  0;0,  0> +
        (-0.030640,-0.000004)|   2, 1, 0;0,  0;0,  0> +
        ( 0.000057, 0.017108)|   0, 1, 1;0,  0;0,  0> +
        (-0.009001, 0.000028)|   1, 2, 0;0,  0;0,  0> +
        ( 0.009000,-0.000028)|   1, 0, 2;0,  0;0,  0> +
        (-0.002905, 0.000007)|   0, 1, 2;0,  0;0,  0> +
        ( 0.000856,-0.000019)|   0, 3, 0;0,  0;0,  0> +
        (-0.000026, 0.000559)|   0, 0, 3;0,  0;0,  0> +
        ( 0.000004,-0.000491)|   1, 0, 1;0,  0;0,  0> +
        ( 0.000458, 0.000004)|   1, 1, 0;0,  0;0,  0> +
        ( 0.000020, 0.000445)|   0, 2, 1;0,  0;0,  0> +
         ...
 | 2> = (-0.999967,-0.000000)|   3, 0, 0;0,  0;0,  0> +
        (-0.004938, 0.000000)|   0, 1, 0;0,  0;0,  0> +
        ( 0.000000, 0.004937)|   0, 0, 1;0,  0;0,  0> +
        ( 0.002081, 0.000000)|   1, 0, 2;0,  0;0,  0> +
        ( 0.002081,-0.000000)|   1, 2, 0;0,  0;0,  0> +
         ...
 | 3> = ( 0.995678, 0.074099)|  14, 0, 0;0,  0;0,  0> +
        (-0.026983, 0.000721)|   8, 1, 0;0,  0;0,  0> +
        (-0.000048, 0.026509)|   7, 3, 3;0,  0;0,  0> +
        (-0.000953,-0.021425)|   8, 0, 1;0,  0;0,  0> +
        ( 0.020160, 0.000045)|   8, 2, 0;0,  0;0,  0> +
        ( 0.017272,-0.000228)|   7, 2, 0;0,  0;0,  0> +
        (-0.000148,-0.013930)|   4, 2, 1;0,  0;0,  0> +
        ( 0.011177, 0.000466)|   8, 0, 2;0,  0;0,  0> +
        ( 0.000199, 0.008016)|   4, 0, 3;0,  0;0,  0> +
        (-0.007642, 0.000040)|   3, 3, 0;0,  0;0,  0> +
        ( 0.000062, 0.005070)|   3, 2, 1;0,  0;0,  0> +
        ( 0.003999,-0.000163)|   3, 1, 2;0,  0;0,  0> +
        (-0.003197,-0.000611)|   7, 0, 2;0,  0;0,  0> +
        ( 0.000012,-0.002800)|   5, 2, 3;0,  0;0,  0> +
        (-0.002713, 0.000001)|   5, 3, 2;0,  0;0,  0> +
        ( 0.000015, 0.002149)|   3, 0, 3;0,  0;0,  0> +
        (-0.000354,-0.001743)|   5, 1, 1;0,  0;0,  0> +
        ( 0.000006, 0.001205)|   7, 0, 1;0,  0;0,  0> +
        (-0.001197, 0.000004)|   7, 1, 0;0,  0;0,  0> +
        ( 0.001087,-0.000086)|  15, 1, 0;0,  0;0,  0> +
        ( 0.000034, 0.001079)|  13, 0, 1;0,  0;0,  0> +
        (-0.000089,-0.001043)|  15, 0, 1;0,  0;0,  0> +
        ( 0.000017, 0.000874)|   6, 0, 3;0,  0;0,  0> +
        (-0.000821, 0.000218)|   8, 2, 2;0,  0;0,  0> +
        ( 0.000818,-0.000029)|   6, 3, 0;0,  0;0,  0> +
        (-0.000611,-0.000169)|   4, 3, 0;0,  0;0,  0> +
        (-0.000629, 0.000024)|  16, 2, 0;0,  0;0,  0> +
        ( 0.000598, 0.000037)|  10, 2, 0;0,  0;0,  0> +
        ( 0.000068, 0.000590)|   4, 1, 2;0,  0;0,  0> +
        ( 0.000563, 0.000004)|  11, 0, 2;0,  0;0,  0> +
        (-0.000024, 0.000553)|   9, 0, 1;0,  0;0,  0> +
        ( 0.000466,-0.000020)|   9, 3, 0;0,  0;0,  0> +
        (-0.000444,-0.000090)|  10, 3, 0;0,  0;0,  0> +
        (-0.000419, 0.000003)|  20, 2, 0;0,  0;0,  0> +
        ( 0.000400,-0.000032)|   9, 1, 2;0,  0;0,  0> +
        ( 0.000392, 0.000052)|  14, 1, 0;0,  0;0,  0> +
        ( 0.000049,-0.000385)|  14, 0, 1;0,  0;0,  0> +
        ( 0.000167,-0.000349)|   8, 2, 1;0,  0;0,  0> +
        (-0.000065,-0.000379)|   5, 2, 1;0,  0;0,  0> +
        ( 0.000216,-0.000310)|  11, 1, 1;0,  0;0,  0> +
        ( 0.000317, 0.000166)|  16, 1, 0;0,  0;0,  0> +
        ( 0.000304,-0.000181)|  17, 2, 0;0,  0;0,  0> +
        ( 0.000112, 0.000331)|   6, 1, 1;0,  0;0,  0> +
        (-0.000216, 0.000268)|  16, 0, 1;0,  0;0,  0> +
        (-0.000319, 0.000009)|  21, 2, 0;0,  0;0,  0> +
         ...
 | 4> = (-0.985346, 0.000617)|   6, 0, 0;0,  0;0,  0> +
        (-0.118975,-0.026010)|   2, 1, 0;0,  0;0,  0> +
        (-0.026460, 0.115031)|   2, 0, 1;0,  0;0,  0> +
        ( 0.012678,-0.000013)|   2, 2, 2;0,  0;0,  0> +
        ( 0.000725,-0.007170)|   2, 0, 2;0,  0;0,  0> +
        (-0.000725, 0.007170)|   2, 2, 0;0,  0;0,  0> +
        (-0.000011, 0.006149)|   0, 3, 1;0,  0;0,  0> +
        ( 0.000487,-0.002990)|   0, 0, 3;0,  0;0,  0> +
        ( 0.001767, 0.000260)|   0, 3, 0;0,  0;0,  0> +
        (-0.000314, 0.001721)|   0, 2, 1;0,  0;0,  0> +
        (-0.000009,-0.001187)|   0, 1, 3;0,  0;0,  0> +
        ( 0.000750,-0.000019)|   4, 2, 0;0,  0;0,  0> +
        (-0.000011,-0.000601)|   1, 1, 1;0,  0;0,  0> +
        (-0.000600, 0.000013)|   3, 2, 0;0,  0;0,  0> +
        ( 0.000386, 0.000077)|   0, 1, 2;0,  0;0,  0> +
        ( 0.000013, 0.000341)|   2, 1, 1;0,  0;0,  0> +
         ...
 | 5> = (-0.998072,-0.058206)|  12, 0, 0;0,  0;0,  0> +
        (-0.000278,-0.012369)|   3, 0, 3;0,  0;0,  0> +
        (-0.011859, 0.000070)|   3, 3, 0;0,  0;0,  0> +
        (-0.000169,-0.007215)|   3, 2, 1;0,  0;0,  0> +
        (-0.006579, 0.000073)|   3, 1, 2;0,  0;0,  0> +
        ( 0.000348,-0.006031)|   5, 3, 3;0,  0;0,  0> +
        ( 0.003268, 0.000044)|   5, 2, 2;0,  0;0,  0> +
        ( 0.000202, 0.002845)|   3, 1, 1;0,  0;0,  0> +
        ( 0.000006, 0.001591)|   4, 2, 3;0,  0;0,  0> +
        ( 0.001546,-0.000010)|   4, 3, 2;0,  0;0,  0> +
        (-0.001235, 0.000007)|  11, 1, 0;0,  0;0,  0> +
        (-0.000016,-0.001172)|  11, 0, 1;0,  0;0,  0> +
        ( 0.001171, 0.000025)|   6, 2, 0;0,  0;0,  0> +
        ( 0.001146, 0.000068)|   3, 3, 2;0,  0;0,  0> +
        (-0.000035,-0.001094)|   8, 0, 1;0,  0;0,  0> +
        (-0.001038,-0.000004)|   7, 1, 0;0,  0;0,  0> +
        (-0.000949,-0.000025)|   7, 3, 0;0,  0;0,  0> +
        (-0.000846,-0.000027)|   6, 0, 2;0,  0;0,  0> +
        (-0.000779, 0.000031)|   8, 1, 0;0,  0;0,  0> +
        ( 0.000067,-0.000690)|   3, 2, 3;0,  0;0,  0> +
        ( 0.000642, 0.000092)|   9, 1, 0;0,  0;0,  0> +
        ( 0.000095,-0.000633)|   9, 0, 1;0,  0;0,  0> +
        ( 0.000158, 0.000549)|  10, 1, 1;0,  0;0,  0> +
        (-0.000517,-0.000045)|  13, 0, 2;0,  0;0,  0> +
        ( 0.000480, 0.000038)|  14, 0, 2;0,  0;0,  0> +
        (-0.000093, 0.000442)|   8, 1, 1;0,  0;0,  0> +
        (-0.000149,-0.000413)|   8, 0, 3;0,  0;0,  0> +
        (-0.000162,-0.000392)|   7, 1, 1;0,  0;0,  0> +
        ( 0.000006,-0.000414)|   7, 0, 1;0,  0;0,  0> +
        ( 0.000351, 0.000208)|   9, 1, 1;0,  0;0,  0> +
        (-0.000393,-0.000007)|  13, 0, 0;0,  0;0,  0> +
        ( 0.000207,-0.000308)|   4, 1, 1;0,  0;0,  0> +
        (-0.000013,-0.000367)|  12, 0, 1;0,  0;0,  0> +
        ( 0.000013, 0.000357)|   4, 0, 3;0,  0;0,  0> +
        ( 0.000002,-0.000356)|  10, 0, 1;0,  0;0,  0> +
        (-0.000355, 0.000014)|  12, 1, 0;0,  0;0,  0> +
        (-0.000339,-0.000068)|   8, 0, 2;0,  0;0,  0> +
        ( 0.000333, 0.000003)|   2, 1, 2;0,  0;0,  0> +
        (-0.000280, 0.000169)|   8, 3, 0;0,  0;0,  0> +
        ( 0.000322,-0.000032)|   9, 0, 2;0,  0;0,  0> +
         ...
 | 6> = ( 0.999484,-0.000000)|   4, 0, 0;0,  0;0,  0> +
        (-0.027789, 0.000000)|   0, 2, 2;0,  0;0,  0> +
        (-0.010790,-0.000000)|   0, 2, 0;0,  0;0,  0> +
        ( 0.010789, 0.000000)|   0, 0, 2;0,  0;0,  0> +
        (-0.001283,-0.000000)|   2, 0, 2;0,  0;0,  0> +
        (-0.001283, 0.000000)|   2, 2, 0;0,  0;0,  0> +
        ( 0.000000, 0.000546)|   1, 0, 1;0,  0;0,  0> +
        ( 0.000531, 0.000000)|   1, 1, 0;0,  0;0,  0> +
         ...
 | 7> = ( 1.000000, 0.000000)|   0, 0, 0;0,  0;0,  0> +
         ...
 | 8> = ( 0.999852, 0.013841)|  15, 0, 0;0,  0;0,  0> +
        (-0.006967,-0.000054)|   6, 3, 2;0,  0;0,  0> +
        ( 0.000008,-0.006105)|   6, 2, 3;0,  0;0,  0> +
        (-0.000433,-0.001488)|  10, 1, 1;0,  0;0,  0> +
        ( 0.000270, 0.001326)|   5, 1, 1;0,  0;0,  0> +
        ( 0.001076,-0.000565)|  11, 2, 0;0,  0;0,  0> +
        (-0.001138,-0.000258)|  12, 2, 0;0,  0;0,  0> +
        (-0.000120, 0.001147)|   9, 0, 1;0,  0;0,  0> +
        (-0.000870, 0.000650)|   4, 3, 0;0,  0;0,  0> +
        (-0.000036,-0.001075)|  13, 0, 1;0,  0;0,  0> +
        (-0.001063, 0.000088)|   8, 1, 2;0,  0;0,  0> +
        (-0.000898, 0.000317)|  12, 0, 2;0,  0;0,  0> +
        (-0.000023,-0.000937)|  12, 0, 1;0,  0;0,  0> +
        ( 0.000893,-0.000049)|   5, 3, 2;0,  0;0,  0> +
        (-0.000258,-0.000756)|   6, 1, 1;0,  0;0,  0> +
        ( 0.000483, 0.000636)|   4, 0, 3;0,  0;0,  0> +
        ( 0.000205, 0.000767)|   3, 2, 1;0,  0;0,  0> +
        (-0.000769,-0.000013)|  14, 1, 0;0,  0;0,  0> +
        ( 0.000767,-0.000009)|  15, 1, 0;0,  0;0,  0> +
        ( 0.000008, 0.000734)|  15, 0, 1;0,  0;0,  0> +
        (-0.000396,-0.000607)|  15, 0, 2;0,  0;0,  0> +
        (-0.000670,-0.000257)|  14, 2, 0;0,  0;0,  0> +
        ( 0.000233,-0.000675)|   7, 0, 3;0,  0;0,  0> +
        (-0.000044,-0.000686)|   5, 2, 3;0,  0;0,  0> +
        ( 0.000665, 0.000148)|  10, 3, 0;0,  0;0,  0> +
        (-0.000661,-0.000013)|  10, 1, 0;0,  0;0,  0> +
        ( 0.000353, 0.000489)|   4, 2, 1;0,  0;0,  0> +
        (-0.000497,-0.000287)|   9, 1, 1;0,  0;0,  0> +
        ( 0.000005,-0.000567)|   6, 2, 1;0,  0;0,  0> +
        ( 0.000096,-0.000524)|   7, 2, 1;0,  0;0,  0> +
        ( 0.000524, 0.000033)|   7, 0, 2;0,  0;0,  0> +
        (-0.000505,-0.000124)|   9, 1, 0;0,  0;0,  0> +
        ( 0.000517, 0.000053)|   9, 0, 2;0,  0;0,  0> +
        (-0.000491, 0.000013)|   9, 3, 0;0,  0;0,  0> +
        (-0.000469,-0.000051)|  13, 0, 2;0,  0;0,  0> +
        ( 0.000178, 0.000432)|   7, 1, 1;0,  0;0,  0> +
        (-0.000451, 0.000003)|  19, 0, 2;0,  0;0,  0> +
        (-0.000424, 0.000080)|   5, 3, 1;0,  0;0,  0> +
        ( 0.000432,-0.000011)|   6, 3, 0;0,  0;0,  0> +
        (-0.000416, 0.000079)|   3, 1, 2;0,  0;0,  0> +
        ( 0.000179,-0.000374)|  16, 0, 1;0,  0;0,  0> +
        (-0.000275, 0.000302)|  11, 0, 2;0,  0;0,  0> +
        (-0.000099,-0.000394)|  15, 1, 1;0,  0;0,  0> +
        (-0.000403, 0.000031)|   9, 1, 2;0,  0;0,  0> +
        ( 0.000358, 0.000184)|  20, 0, 2;0,  0;0,  0> +
        (-0.000400, 0.000026)|  12, 1, 0;0,  0;0,  0> +
        ( 0.000340,-0.000187)|   7, 1, 2;0,  0;0,  0> +
        (-0.000092,-0.000372)|   3, 0, 3;0,  0;0,  0> +
        ( 0.000124, 0.000360)|   8, 2, 1;0,  0;0,  0> +
        (-0.000379,-0.000020)|  10, 2, 0;0,  0;0,  0> +
        ( 0.000344, 0.000127)|   9, 2, 0;0,  0;0,  0> +
        ( 0.000159,-0.000310)|  16, 1, 1;0,  0;0,  0> +
        (-0.000334,-0.000046)|  18, 0, 2;0,  0;0,  0> +
        (-0.000260,-0.000211)|  20, 2, 0;0,  0;0,  0> +
        (-0.000050,-0.000324)|  14, 0, 1;0,  0;0,  0> +
        ( 0.000316, 0.000084)|   5, 3, 0;0,  0;0,  0> +
        ( 0.000191,-0.000265)|  11, 1, 1;0,  0;0,  0> +
        ( 0.000318,-0.000014)|   7, 2, 0;0,  0;0,  0> +
         ...
 | 9> = (-0.999994,-0.000000)|   1, 0, 0;0,  0;0,  0> +
         ...
 |10> = (-0.997833, 0.002870)|  11, 0, 0;0,  0;0,  0> +
        (-0.000559, 0.045958)|   6, 0, 1;0,  0;0,  0> +
        ( 0.044266, 0.000713)|   6, 1, 0;0,  0;0,  0> +
        ( 0.008871,-0.000032)|   5, 2, 0;0,  0;0,  0> +
        (-0.008504, 0.000037)|   5, 0, 2;0,  0;0,  0> +
        (-0.004937,-0.000007)|   3, 3, 2;0,  0;0,  0> +
        (-0.000018,-0.004812)|   3, 2, 3;0,  0;0,  0> +
        (-0.000271,-0.002280)|   5, 0, 1;0,  0;0,  0> +
        ( 0.002084,-0.000232)|   5, 1, 0;0,  0;0,  0> +
        (-0.001975, 0.000005)|   6, 2, 0;0,  0;0,  0> +
        (-0.001962, 0.000007)|   6, 0, 2;0,  0;0,  0> +
        ( 0.001844, 0.000175)|   9, 1, 0;0,  0;0,  0> +
        (-0.001505, 0.000011)|   2, 1, 2;0,  0;0,  0> +
        ( 0.000294, 0.001023)|   2, 0, 3;0,  0;0,  0> +
        (-0.000555,-0.000773)|   2, 2, 1;0,  0;0,  0> +
        (-0.000280,-0.000829)|   6, 1, 1;0,  0;0,  0> +
        ( 0.000004, 0.000853)|   7, 2, 1;0,  0;0,  0> +
        (-0.000010, 0.000821)|   4, 3, 3;0,  0;0,  0> +
        ( 0.000732, 0.000101)|   9, 2, 0;0,  0;0,  0> +
        ( 0.000195,-0.000685)|   9, 0, 1;0,  0;0,  0> +
        ( 0.000697,-0.000053)|  13, 0, 2;0,  0;0,  0> +
        (-0.000595,-0.000354)|   9, 1, 1;0,  0;0,  0> +
        (-0.000659, 0.000010)|   8, 1, 0;0,  0;0,  0> +
        (-0.000118, 0.000549)|   8, 1, 1;0,  0;0,  0> +
        (-0.000480, 0.000276)|  12, 0, 2;0,  0;0,  0> +
        ( 0.000207, 0.000498)|   7, 1, 1;0,  0;0,  0> +
        (-0.000264,-0.000469)|   2, 3, 1;0,  0;0,  0> +
        (-0.000282, 0.000419)|   4, 1, 1;0,  0;0,  0> +
        ( 0.000129, 0.000455)|  10, 1, 1;0,  0;0,  0> +
        ( 0.000149, 0.000442)|  10, 0, 2;0,  0;0,  0> +
        (-0.000458,-0.000021)|   7, 0, 2;0,  0;0,  0> +
        ( 0.000399,-0.000048)|   6, 1, 2;0,  0;0,  0> +
        ( 0.000327, 0.000139)|  13, 2, 0;0,  0;0,  0> +
        (-0.000059, 0.000337)|   4, 1, 3;0,  0;0,  0> +
        ( 0.000020, 0.000325)|   7, 1, 3;0,  0;0,  0> +
         ...
 |11> = (-0.999976,-0.000000)|   2, 0, 0;0,  0;0,  0> +
        (-0.004427,-0.000000)|   0, 0, 2;0,  0;0,  0> +
        (-0.004427,-0.000000)|   0, 2, 0;0,  0;0,  0> +
         ...
 |12> = ( 0.998715, 0.000821)|  10, 0, 0;0,  0;0,  0> +
        (-0.033460, 0.001960)|   2, 3, 0;0,  0;0,  0> +
        ( 0.001482, 0.020334)|   2, 0, 3;0,  0;0,  0> +
        ( 0.012478, 0.000027)|   5, 1, 0;0,  0;0,  0> +
        (-0.001192, 0.012027)|   1, 0, 3;0,  0;0,  0> +
        (-0.010604, 0.000327)|   1, 1, 2;0,  0;0,  0> +
        ( 0.010599,-0.000353)|   2, 3, 2;0,  0;0,  0> +
        ( 0.000925, 0.010483)|   2, 2, 1;0,  0;0,  0> +
        (-0.009594,-0.003741)|   1, 3, 0;0,  0;0,  0> +
        (-0.000087, 0.010197)|   5, 0, 1;0,  0;0,  0> +
        (-0.000255,-0.007868)|   2, 2, 3;0,  0;0,  0> +
        ( 0.006649, 0.000310)|   2, 1, 2;0,  0;0,  0> +
        (-0.003744, 0.004159)|   1, 2, 1;0,  0;0,  0> +
        ( 0.000175,-0.003196)|   2, 1, 3;0,  0;0,  0> +
        ( 0.002441, 0.000007)|   4, 2, 2;0,  0;0,  0> +
        (-0.000023,-0.002268)|   6, 0, 1;0,  0;0,  0> +
        (-0.000000, 0.001912)|   7, 0, 1;0,  0;0,  0> +
        (-0.000279, 0.001462)|   1, 3, 1;0,  0;0,  0> +
        ( 0.001082,-0.000007)|   8, 1, 0;0,  0;0,  0> +
        (-0.000060, 0.000829)|   2, 3, 1;0,  0;0,  0> +
        (-0.000742,-0.000050)|   9, 2, 0;0,  0;0,  0> +
        ( 0.000457, 0.000081)|   8, 0, 2;0,  0;0,  0> +
        ( 0.000455,-0.000045)|   6, 1, 0;0,  0;0,  0> +
        ( 0.000011, 0.000402)|   2, 1, 1;0,  0;0,  0> +
        ( 0.000397, 0.000004)|   6, 0, 2;0,  0;0,  0> +
        ( 0.000386, 0.000013)|   7, 1, 0;0,  0;0,  0> +
        ( 0.000038, 0.000378)|   3, 3, 1;0,  0;0,  0> +
        (-0.000178, 0.000264)|   4, 1, 1;0,  0;0,  0> +
         ...
 |13> = (-0.996396,-0.057015)|  26, 0, 0;0,  0;0,  0> +
        ( 0.023784, 0.038415)|  15, 0, 2;0,  0;0,  0> +
        (-0.019255, 0.007390)|  16, 1, 0;0,  0;0,  0> +
        ( 0.006546, 0.017515)|  16, 0, 1;0,  0;0,  0> +
        ( 0.018503, 0.000401)|  17, 0, 2;0,  0;0,  0> +
        ( 0.014088,-0.000294)|  16, 2, 0;0,  0;0,  0> +
        (-0.008155,-0.010853)|  15, 2, 0;0,  0;0,  0> +
        ( 0.009001, 0.000158)|  27, 0, 0;0,  0;0,  0> +
        (-0.008583,-0.000599)|  30, 0, 0;0,  0;0,  0> +
        (-0.000137, 0.008101)|  20, 3, 3;0,  0;0,  0> +
        (-0.000017, 0.004464)|  25, 0, 1;0,  0;0,  0> +
        ( 0.003287, 0.001852)|  20, 1, 0;0,  0;0,  0> +
        (-0.003358, 0.000074)|  24, 2, 0;0,  0;0,  0> +
        (-0.003124,-0.000190)|  28, 0, 0;0,  0;0,  0> +
        ( 0.001312,-0.002792)|  20, 0, 1;0,  0;0,  0> +
        (-0.003074, 0.000039)|  14, 3, 2;0,  0;0,  0> +
        ( 0.002843, 0.000401)|  25, 1, 0;0,  0;0,  0> +
        (-0.000041,-0.002647)|  14, 2, 3;0,  0;0,  0> +
        (-0.002441, 0.000919)|  16, 0, 2;0,  0;0,  0> +
        (-0.002189, 0.000120)|  29, 2, 0;0,  0;0,  0> +
        ( 0.002120,-0.000072)|  27, 0, 2;0,  0;0,  0> +
        (-0.000348, 0.002061)|  30, 0, 1;0,  0;0,  0> +
        ( 0.001963,-0.000030)|  30, 1, 1;0,  0;0,  0> +
        ( 0.000033,-0.001957)|  19, 0, 1;0,  0;0,  0> +
        ( 0.000615,-0.001684)|  22, 0, 1;0,  0;0,  0> +
        (-0.001600,-0.000010)|  17, 1, 0;0,  0;0,  0> +
        (-0.001574, 0.000115)|  27, 2, 0;0,  0;0,  0> +
        ( 0.001148,-0.001008)|  22, 1, 1;0,  0;0,  0> +
        ( 0.000004,-0.001468)|  17, 0, 1;0,  0;0,  0> +
        (-0.000502,-0.001361)|  17, 1, 1;0,  0;0,  0> +
        ( 0.000304, 0.001340)|  24, 1, 1;0,  0;0,  0> +
        (-0.001358,-0.000168)|  30, 2, 0;0,  0;0,  0> +
        (-0.000131,-0.001343)|  14, 1, 1;0,  0;0,  0> +
        (-0.000333,-0.001256)|  10, 3, 1;0,  0;0,  0> +
        (-0.000317,-0.001252)|  22, 1, 0;0,  0;0,  0> +
        (-0.000100,-0.001221)|  12, 1, 1;0,  0;0,  0> +
        ( 0.001184,-0.000002)|  23, 0, 2;0,  0;0,  0> +
        (-0.000914,-0.000721)|  18, 1, 0;0,  0;0,  0> +
        (-0.001113, 0.000316)|  30, 1, 0;0,  0;0,  0> +
        ( 0.001089, 0.000284)|  25, 1, 1;0,  0;0,  0> +
        (-0.000650, 0.000883)|  31, 0, 2;0,  0;0,  0> +
        (-0.000680, 0.000843)|  28, 0, 1;0,  0;0,  0> +
        ( 0.000216,-0.001031)|  14, 2, 1;0,  0;0,  0> +
        ( 0.000001,-0.001036)|  23, 0, 1;0,  0;0,  0> +
        ( 0.001002, 0.000011)|  21, 2, 0;0,  0;0,  0> +
        ( 0.000987, 0.000019)|  29, 0, 0;0,  0;0,  0> +
        (-0.000832,-0.000515)|  25, 2, 0;0,  0;0,  0> +
        (-0.000740,-0.000520)|  26, 1, 1;0,  0;0,  0> +
        (-0.000632, 0.000600)|  18, 1, 1;0,  0;0,  0> +
        ( 0.000455, 0.000736)|  31, 1, 1;0,  0;0,  0> +
        ( 0.000561, 0.000645)|  28, 1, 0;0,  0;0,  0> +
        ( 0.000810, 0.000226)|  25, 0, 2;0,  0;0,  0> +
        (-0.000537, 0.000609)|  16, 0, 3;0,  0;0,  0> +
        ( 0.000228, 0.000779)|  15, 1, 1;0,  0;0,  0> +
        (-0.000807, 0.000044)|  31, 1, 0;0,  0;0,  0> +
        (-0.000801,-0.000054)|  14, 3, 0;0,  0;0,  0> +
        ( 0.000795, 0.000082)|  20, 2, 0;0,  0;0,  0> +
        (-0.000592, 0.000515)|  20, 1, 1;0,  0;0,  0> +
        ( 0.000603,-0.000482)|  16, 3, 0;0,  0;0,  0> +
        ( 0.000767, 0.000022)|  28, 0, 2;0,  0;0,  0> +
        ( 0.000382, 0.000664)|  28, 1, 1;0,  0;0,  0> +
        ( 0.000591,-0.000457)|  18, 0, 1;0,  0;0,  0> +
        ( 0.000733,-0.000069)|  24, 0, 2;0,  0;0,  0> +
        ( 0.000196,-0.000655)|  13, 2, 1;0,  0;0,  0> +
        (-0.000021,-0.000664)|   9, 0, 3;0,  0;0,  0> +
        (-0.000088, 0.000642)|  16, 1, 2;0,  0;0,  0> +
        (-0.000039, 0.000644)|  13, 3, 0;0,  0;0,  0> +
        ( 0.000122,-0.000615)|   9, 2, 1;0,  0;0,  0> +
        (-0.000556, 0.000219)|  30, 0, 2;0,  0;0,  0> +
        ( 0.000440, 0.000396)|  29, 0, 2;0,  0;0,  0> +
        ( 0.000227, 0.000534)|  24, 1, 0;0,  0;0,  0> +
        (-0.000004,-0.000579)|  21, 0, 1;0,  0;0,  0> +
        ( 0.000579, 0.000006)|  12, 3, 2;0,  0;0,  0> +
        (-0.000363, 0.000438)|  14, 0, 3;0,  0;0,  0> +
        ( 0.000563,-0.000027)|  28, 2, 0;0,  0;0,  0> +
        ( 0.000542,-0.000065)|  26, 0, 2;0,  0;0,  0> +
        ( 0.000544, 0.000009)|  18, 2, 0;0,  0;0,  0> +
        ( 0.000510,-0.000164)|  19, 2, 0;0,  0;0,  0> +
        (-0.000336,-0.000416)|  26, 1, 0;0,  0;0,  0> +
        ( 0.000322,-0.000398)|   9, 1, 3;0,  0;0,  0> +
        ( 0.000467,-0.000200)|  12, 1, 2;0,  0;0,  0> +
        ( 0.000021, 0.000505)|  12, 2, 3;0,  0;0,  0> +
        ( 0.000371,-0.000277)|  31, 2, 0;0,  0;0,  0> +
        (-0.000438,-0.000122)|  16, 2, 1;0,  0;0,  0> +
        (-0.000067, 0.000446)|  24, 0, 1;0,  0;0,  0> +
        (-0.000419, 0.000141)|  11, 1, 3;0,  0;0,  0> +
        (-0.000349,-0.000261)|  14, 2, 0;0,  0;0,  0> +
        ( 0.000214,-0.000379)|  11, 2, 1;0,  0;0,  0> +
        (-0.000343, 0.000262)|  11, 0, 3;0,  0;0,  0> +
        (-0.000431,-0.000018)|  15, 3, 0;0,  0;0,  0> +
        (-0.000424,-0.000014)|  21, 0, 2;0,  0;0,  0> +
        (-0.000424, 0.000016)|  19, 1, 0;0,  0;0,  0> +
        ( 0.000396,-0.000135)|  10, 0, 3;0,  0;0,  0> +
        (-0.000340, 0.000214)|  17, 2, 0;0,  0;0,  0> +
        (-0.000383,-0.000076)|  26, 2, 0;0,  0;0,  0> +
        ( 0.000389, 0.000007)|  31, 0, 0;0,  0;0,  0> +
        ( 0.000278,-0.000259)|  20, 0, 2;0,  0;0,  0> +
        (-0.000103,-0.000362)|  10, 2, 1;0,  0;0,  0> +
        ( 0.000006,-0.000366)|  12, 3, 3;0,  0;0,  0> +
        ( 0.000365, 0.000021)|  10, 3, 0;0,  0;0,  0> +
        (-0.000120,-0.000342)|   9, 3, 1;0,  0;0,  0> +
        ( 0.000360,-0.000011)|  15, 1, 2;0,  0;0,  0> +
        (-0.000007, 0.000353)|  14, 3, 3;0,  0;0,  0> +
        ( 0.000001,-0.000352)|  15, 3, 3;0,  0;0,  0> +
         ...
 |14> = ( 0.996184, 0.068743)|  24, 0, 0;0,  0;0,  0> +
        (-0.023012, 0.033397)|  11, 1, 1;0,  0;0,  0> +
        (-0.019756,-0.000444)|  25, 0, 0;0,  0;0,  0> +
        (-0.011159,-0.006568)|  14, 2, 0;0,  0;0,  0> +
        ( 0.008096, 0.006743)|   9, 3, 1;0,  0;0,  0> +
        ( 0.000113, 0.007818)|  15, 0, 1;0,  0;0,  0> +
        ( 0.007550,-0.000092)|  15, 1, 0;0,  0;0,  0> +
        (-0.006878,-0.001087)|  12, 3, 2;0,  0;0,  0> +
        ( 0.006188, 0.002866)|  14, 0, 2;0,  0;0,  0> +
        ( 0.006596, 0.000198)|  16, 0, 2;0,  0;0,  0> +
        (-0.006083,-0.000370)|  28, 0, 0;0,  0;0,  0> +
        (-0.005968, 0.000391)|  15, 2, 0;0,  0;0,  0> +
        (-0.000001,-0.005913)|   9, 1, 3;0,  0;0,  0> +
        (-0.000925, 0.005436)|  12, 2, 3;0,  0;0,  0> +
        ( 0.004989,-0.001270)|  16, 1, 0;0,  0;0,  0> +
        ( 0.003915, 0.000821)|  10, 1, 3;0,  0;0,  0> +
        ( 0.003909, 0.000003)|  17, 1, 0;0,  0;0,  0> +
        (-0.001931,-0.003303)|  16, 0, 1;0,  0;0,  0> +
        ( 0.000034, 0.003723)|  21, 0, 1;0,  0;0,  0> +
        ( 0.000497, 0.003099)|  12, 1, 1;0,  0;0,  0> +
        ( 0.002490, 0.000097)|  19, 1, 0;0,  0;0,  0> +
        (-0.002303,-0.000002)|  23, 1, 0;0,  0;0,  0> +
        (-0.002254, 0.000202)|  14, 2, 2;0,  0;0,  0> +
        (-0.000345,-0.002154)|  10, 3, 1;0,  0;0,  0> +
        (-0.002033, 0.000107)|  29, 2, 0;0,  0;0,  0> +
        ( 0.001505,-0.001331)|  26, 0, 1;0,  0;0,  0> +
        (-0.001613, 0.000528)|  15, 0, 2;0,  0;0,  0> +
        ( 0.001517,-0.000747)|  12, 1, 2;0,  0;0,  0> +
        (-0.001265, 0.001103)|  20, 1, 1;0,  0;0,  0> +
        ( 0.000018, 0.001522)|  22, 0, 1;0,  0;0,  0> +
        (-0.000937,-0.001165)|  21, 1, 1;0,  0;0,  0> +
        ( 0.000944,-0.001142)|  20, 0, 1;0,  0;0,  0> +
        ( 0.000420,-0.001378)|   8, 2, 1;0,  0;0,  0> +
        ( 0.001072,-0.000925)|  22, 1, 1;0,  0;0,  0> +
        (-0.000466,-0.001257)|  17, 1, 1;0,  0;0,  0> +
        (-0.001199,-0.000551)|  20, 2, 0;0,  0;0,  0> +
        (-0.001290, 0.000214)|  24, 0, 2;0,  0;0,  0> +
        ( 0.000014, 0.001277)|  23, 0, 1;0,  0;0,  0> +
        (-0.000621, 0.000964)|   7, 0, 3;0,  0;0,  0> +
        (-0.001126,-0.000019)|  28, 0, 2;0,  0;0,  0> +
        ( 0.001066,-0.000325)|  19, 2, 0;0,  0;0,  0> +
        (-0.000465,-0.000976)|  13, 2, 0;0,  0;0,  0> +
        ( 0.000064,-0.001044)|  23, 1, 1;0,  0;0,  0> +
        (-0.001032, 0.000037)|  24, 2, 0;0,  0;0,  0> +
        (-0.000568, 0.000807)|  22, 1, 0;0,  0;0,  0> +
        (-0.000318,-0.000893)|  24, 1, 0;0,  0;0,  0> +
        (-0.000023,-0.000914)|  17, 0, 1;0,  0;0,  0> +
        ( 0.000057,-0.000909)|  19, 0, 1;0,  0;0,  0> +
        ( 0.000561,-0.000689)|  31, 0, 2;0,  0;0,  0> +
        ( 0.000621, 0.000624)|  20, 0, 2;0,  0;0,  0> +
        ( 0.000863,-0.000141)|  22, 2, 0;0,  0;0,  0> +
        ( 0.000852,-0.000170)|  11, 1, 3;0,  0;0,  0> +
        (-0.000826,-0.000249)|  26, 2, 0;0,  0;0,  0> +
        ( 0.000820,-0.000129)|  26, 0, 2;0,  0;0,  0> +
        ( 0.000715, 0.000411)|   7, 1, 2;0,  0;0,  0> +
        ( 0.000802, 0.000014)|  21, 2, 0;0,  0;0,  0> +
        (-0.000685, 0.000416)|  17, 2, 0;0,  0;0,  0> +
        ( 0.000283, 0.000711)|  10, 1, 2;0,  0;0,  0> +
        ( 0.000338,-0.000675)|  11, 2, 1;0,  0;0,  0> +
        ( 0.000746, 0.000107)|  23, 2, 0;0,  0;0,  0> +
        ( 0.000036,-0.000742)|  24, 0, 1;0,  0;0,  0> +
        (-0.000741,-0.000012)|  28, 2, 0;0,  0;0,  0> +
        ( 0.000678,-0.000288)|   8, 1, 2;0,  0;0,  0> +
        (-0.000735,-0.000003)|  16, 2, 2;0,  0;0,  0> +
        (-0.000698, 0.000161)|  25, 1, 0;0,  0;0,  0> +
        (-0.000184, 0.000669)|  14, 0, 3;0,  0;0,  0> +
        ( 0.000176, 0.000669)|  15, 1, 1;0,  0;0,  0> +
        ( 0.000131, 0.000605)|  24, 1, 1;0,  0;0,  0> +
        ( 0.000486,-0.000383)|  10, 0, 3;0,  0;0,  0> +
        (-0.000319,-0.000526)|  20, 1, 0;0,  0;0,  0> +
        ( 0.000156, 0.000592)|  26, 1, 0;0,  0;0,  0> +
        ( 0.000544,-0.000229)|  22, 0, 2;0,  0;0,  0> +
        (-0.000219, 0.000526)|  13, 2, 1;0,  0;0,  0> +
        (-0.000011, 0.000569)|  18, 3, 3;0,  0;0,  0> +
        ( 0.000560,-0.000032)|  23, 0, 2;0,  0;0,  0> +
        ( 0.000413, 0.000362)|  25, 2, 0;0,  0;0,  0> +
        (-0.000000,-0.000545)|  10, 2, 3;0,  0;0,  0> +
        ( 0.000020, 0.000525)|   9, 0, 3;0,  0;0,  0> +
        (-0.000460,-0.000175)|  18, 1, 0;0,  0;0,  0> +
        (-0.000486, 0.000005)|  21, 0, 2;0,  0;0,  0> +
        (-0.000228, 0.000418)|   8, 0, 3;0,  0;0,  0> +
        (-0.000175,-0.000441)|  13, 3, 0;0,  0;0,  0> +
        ( 0.000349, 0.000321)|  29, 0, 2;0,  0;0,  0> +
        ( 0.000470,-0.000054)|   9, 1, 2;0,  0;0,  0> +
        (-0.000191, 0.000425)|  12, 1, 3;0,  0;0,  0> +
        (-0.000263, 0.000380)|  16, 0, 3;0,  0;0,  0> +
        (-0.000241,-0.000391)|  31, 1, 1;0,  0;0,  0> +
        ( 0.000209,-0.000407)|  16, 1, 1;0,  0;0,  0> +
        (-0.000244, 0.000385)|   7, 2, 1;0,  0;0,  0> +
        ( 0.000455, 0.000018)|  16, 2, 0;0,  0;0,  0> +
        ( 0.000433, 0.000081)|  14, 3, 0;0,  0;0,  0> +
        ( 0.000001,-0.000434)|  15, 3, 3;0,  0;0,  0> +
        (-0.000235,-0.000357)|  30, 0, 2;0,  0;0,  0> +
        (-0.000397, 0.000145)|  30, 2, 0;0,  0;0,  0> +
        (-0.000410, 0.000092)|  12, 3, 0;0,  0;0,  0> +
        ( 0.000246,-0.000336)|  14, 2, 1;0,  0;0,  0> +
        ( 0.000006,-0.000415)|  13, 3, 3;0,  0;0,  0> +
        ( 0.000254, 0.000322)|  13, 0, 2;0,  0;0,  0> +
        ( 0.000005,-0.000388)|  16, 3, 3;0,  0;0,  0> +
        (-0.000100, 0.000360)|  11, 1, 2;0,  0;0,  0> +
        ( 0.000371,-0.000020)|  27, 0, 2;0,  0;0,  0> +
        ( 0.000360, 0.000001)|  15, 2, 2;0,  0;0,  0> +
        ( 0.000283,-0.000222)|  16, 3, 0;0,  0;0,  0> +
        ( 0.000148, 0.000327)|  13, 1, 1;0,  0;0,  0> +
        (-0.000343, 0.000106)|  11, 0, 3;0,  0;0,  0> +
        ( 0.000254,-0.000240)|  18, 1, 1;0,  0;0,  0> +
        ( 0.000029, 0.000339)|  14, 1, 1;0,  0;0,  0> +
        (-0.000340, 0.000012)|  17, 0, 2;0,  0;0,  0> +
        (-0.000338,-0.000010)|  19, 0, 2;0,  0;0,  0> +
        (-0.000057, 0.000333)|  18, 0, 1;0,  0;0,  0> +
        ( 0.000010,-0.000318)|  17, 3, 3;0,  0;0,  0> +
         ...
 |15> = (-0.997193,-0.073416)|  16, 0, 0;0,  0;0,  0> +
        ( 0.000054,-0.008505)|   9, 3, 3;0,  0;0,  0> +
        ( 0.003720,-0.004707)|   4, 1, 2;0,  0;0,  0> +
        (-0.005558,-0.000227)|   7, 0, 2;0,  0;0,  0> +
        (-0.002297, 0.000053)|  10, 1, 0;0,  0;0,  0> +
        ( 0.002252, 0.000273)|   9, 1, 0;0,  0;0,  0> +
        (-0.000081,-0.002241)|  10, 0, 1;0,  0;0,  0> +
        (-0.001925,-0.000165)|   9, 0, 2;0,  0;0,  0> +
        (-0.001325, 0.001393)|   4, 3, 0;0,  0;0,  0> +
        (-0.001734,-0.000271)|  12, 2, 0;0,  0;0,  0> +
        ( 0.000288,-0.001678)|   9, 0, 1;0,  0;0,  0> +
        ( 0.000073,-0.001586)|   5, 0, 3;0,  0;0,  0> +
        (-0.001337, 0.000276)|   5, 3, 1;0,  0;0,  0> +
        ( 0.001315, 0.000060)|  10, 2, 0;0,  0;0,  0> +
        (-0.000411,-0.001193)|  10, 0, 2;0,  0;0,  0> +
        (-0.001195, 0.000141)|   7, 2, 0;0,  0;0,  0> +
        ( 0.001177,-0.000038)|  13, 1, 0;0,  0;0,  0> +
        (-0.001049,-0.000438)|   9, 2, 0;0,  0;0,  0> +
        (-0.001094,-0.000238)|  10, 3, 0;0,  0;0,  0> +
        (-0.000949,-0.000577)|   4, 0, 3;0,  0;0,  0> +
        ( 0.000242, 0.000970)|  15, 1, 1;0,  0;0,  0> +
        ( 0.000923,-0.000238)|   8, 2, 2;0,  0;0,  0> +
        (-0.000931, 0.000136)|   5, 3, 0;0,  0;0,  0> +
        (-0.000894, 0.000068)|  11, 0, 2;0,  0;0,  0> +
        ( 0.000775,-0.000246)|  19, 2, 0;0,  0;0,  0> +
        (-0.000801, 0.000025)|   6, 3, 1;0,  0;0,  0> +
        ( 0.000257, 0.000727)|   6, 1, 1;0,  0;0,  0> +
        ( 0.000766,-0.000022)|  12, 1, 0;0,  0;0,  0> +
        (-0.000744,-0.000006)|  14, 0, 2;0,  0;0,  0> +
        ( 0.000011,-0.000735)|   5, 2, 1;0,  0;0,  0> +
        (-0.000279,-0.000660)|   6, 1, 3;0,  0;0,  0> +
        (-0.000704,-0.000102)|   8, 0, 2;0,  0;0,  0> +
        (-0.000673,-0.000022)|  14, 1, 0;0,  0;0,  0> +
        (-0.000667, 0.000060)|  12, 0, 2;0,  0;0,  0> +
        ( 0.000607, 0.000182)|  13, 0, 2;0,  0;0,  0> +
        (-0.000222,-0.000526)|  13, 2, 0;0,  0;0,  0> +
        (-0.000521, 0.000038)|  21, 0, 2;0,  0;0,  0> +
        (-0.000423,-0.000251)|   9, 1, 1;0,  0;0,  0> +
        (-0.000450, 0.000029)|   9, 3, 0;0,  0;0,  0> +
        (-0.000433, 0.000021)|   9, 1, 2;0,  0;0,  0> +
        ( 0.000431,-0.000009)|   7, 1, 2;0,  0;0,  0> +
        ( 0.000036,-0.000428)|   8, 0, 3;0,  0;0,  0> +
        (-0.000242,-0.000353)|  15, 0, 2;0,  0;0,  0> +
        (-0.000216, 0.000369)|  10, 0, 3;0,  0;0,  0> +
        ( 0.000010,-0.000413)|   6, 2, 1;0,  0;0,  0> +
        ( 0.000402, 0.000067)|   8, 2, 0;0,  0;0,  0> +
        ( 0.000022, 0.000405)|  12, 0, 1;0,  0;0,  0> +
        ( 0.000397,-0.000016)|  11, 1, 0;0,  0;0,  0> +
        ( 0.000392,-0.000004)|  22, 2, 0;0,  0;0,  0> +
        ( 0.000000, 0.000382)|   6, 0, 3;0,  0;0,  0> +
        (-0.000161, 0.000290)|  10, 2, 1;0,  0;0,  0> +
        ( 0.000320,-0.000070)|   9, 2, 2;0,  0;0,  0> +
        (-0.000029,-0.000321)|  14, 1, 1;0,  0;0,  0> +
        (-0.000087,-0.000304)|  10, 1, 1;0,  0;0,  0> +
         ...
 |16> = (-0.999563,-0.020792)|  17, 0, 0;0,  0;0,  0> +
        ( 0.003735,-0.012777)|   5, 1, 3;0,  0;0,  0> +
        (-0.000083,-0.006835)|   6, 0, 3;0,  0;0,  0> +
        (-0.006721, 0.000088)|   6, 3, 0;0,  0;0,  0> +
        ( 0.005316, 0.000297)|  10, 2, 0;0,  0;0,  0> +
        ( 0.000021,-0.004258)|   6, 2, 1;0,  0;0,  0> +
        (-0.000677,-0.003909)|  12, 1, 1;0,  0;0,  0> +
        (-0.003701,-0.000243)|  18, 0, 0;0,  0;0,  0> +
        (-0.003646,-0.000020)|   6, 1, 2;0,  0;0,  0> +
        ( 0.003317, 0.000298)|   5, 3, 1;0,  0;0,  0> +
        ( 0.002595, 0.000149)|   9, 0, 2;0,  0;0,  0> +
        (-0.002592, 0.000060)|   5, 1, 2;0,  0;0,  0> +
        ( 0.001382,-0.002004)|  11, 1, 1;0,  0;0,  0> +
        ( 0.002247,-0.000070)|  12, 1, 0;0,  0;0,  0> +
        ( 0.002051,-0.000129)|   6, 3, 1;0,  0;0,  0> +
        (-0.000082,-0.001999)|   5, 2, 1;0,  0;0,  0> +
        (-0.001871, 0.000227)|  15, 2, 0;0,  0;0,  0> +
        ( 0.000070, 0.001530)|  12, 0, 1;0,  0;0,  0> +
        ( 0.000434, 0.001427)|  10, 0, 2;0,  0;0,  0> +
        (-0.001260, 0.000159)|   9, 1, 2;0,  0;0,  0> +
        ( 0.000029,-0.001161)|  10, 0, 1;0,  0;0,  0> +
        (-0.000234, 0.001105)|   8, 1, 1;0,  0;0,  0> +
        ( 0.000844, 0.000562)|  14, 2, 0;0,  0;0,  0> +
        ( 0.000990, 0.000177)|   5, 3, 0;0,  0;0,  0> +
        ( 0.000960, 0.000046)|  10, 1, 0;0,  0;0,  0> +
        ( 0.000782,-0.000454)|  12, 0, 2;0,  0;0,  0> +
        (-0.000830,-0.000231)|  14, 0, 2;0,  0;0,  0> +
        ( 0.000602, 0.000399)|   9, 2, 0;0,  0;0,  0> +
        ( 0.000717, 0.000019)|  16, 1, 0;0,  0;0,  0> +
        ( 0.000487, 0.000521)|  13, 2, 0;0,  0;0,  0> +
        ( 0.000025, 0.000703)|  14, 0, 1;0,  0;0,  0> +
        ( 0.000658,-0.000024)|  14, 1, 0;0,  0;0,  0> +
        (-0.000031,-0.000654)|  11, 0, 1;0,  0;0,  0> +
        (-0.000278,-0.000587)|  10, 1, 2;0,  0;0,  0> +
        (-0.000028,-0.000645)|  15, 0, 1;0,  0;0,  0> +
        (-0.000620,-0.000024)|  15, 0, 2;0,  0;0,  0> +
        ( 0.000175, 0.000595)|  10, 1, 1;0,  0;0,  0> +
        (-0.000024,-0.000603)|   8, 0, 3;0,  0;0,  0> +
        ( 0.000239, 0.000493)|   5, 0, 3;0,  0;0,  0> +
        ( 0.000525, 0.000006)|   8, 1, 2;0,  0;0,  0> +
        ( 0.000493,-0.000085)|   9, 3, 0;0,  0;0,  0> +
        ( 0.000469,-0.000117)|  11, 0, 2;0,  0;0,  0> +
        (-0.000016,-0.000446)|  13, 0, 1;0,  0;0,  0> +
        ( 0.000432,-0.000096)|   9, 2, 2;0,  0;0,  0> +
        ( 0.000294, 0.000293)|  10, 2, 2;0,  0;0,  0> +
        ( 0.000412, 0.000006)|  16, 0, 2;0,  0;0,  0> +
        ( 0.000335,-0.000191)|  13, 0, 2;0,  0;0,  0> +
        (-0.000353,-0.000084)|  16, 0, 1;0,  0;0,  0> +
        (-0.000328,-0.000148)|  22, 2, 0;0,  0;0,  0> +
        ( 0.000135, 0.000327)|   7, 1, 1;0,  0;0,  0> +
        ( 0.000354,-0.000006)|  10, 3, 0;0,  0;0,  0> +
        ( 0.000283, 0.000195)|  22, 0, 2;0,  0;0,  0> +
        (-0.000248, 0.000232)|  11, 2, 0;0,  0;0,  0> +
        ( 0.000334, 0.000056)|  18, 0, 2;0,  0;0,  0> +
        ( 0.000108, 0.000320)|   6, 1, 1;0,  0;0,  0> +
        (-0.000288, 0.000174)|  10, 0, 3;0,  0;0,  0> +
        (-0.000326, 0.000015)|  21, 0, 2;0,  0;0,  0> +
        (-0.000239, 0.000221)|  18, 1, 1;0,  0;0,  0> +
        ( 0.000319, 0.000022)|  23, 0, 2;0,  0;0,  0> +
        ( 0.000319,-0.000012)|   7, 1, 2;0,  0;0,  0> +
         ...
 |17> = ( 0.999168, 0.018083)|  13, 0, 0;0,  0;0,  0> +
        ( 0.020803, 0.000218)|   6, 2, 2;0,  0;0,  0> +
        ( 0.015350,-0.000125)|   3, 1, 2;0,  0;0,  0> +
        ( 0.000136,-0.014397)|   3, 0, 3;0,  0;0,  0> +
        ( 0.013117,-0.000137)|   4, 3, 0;0,  0;0,  0> +
        ( 0.000098, 0.009799)|   4, 0, 3;0,  0;0,  0> +
        ( 0.005892, 0.000334)|   3, 3, 0;0,  0;0,  0> +
        ( 0.005879, 0.000096)|   4, 1, 2;0,  0;0,  0> +
        (-0.003110, 0.004609)|   4, 1, 1;0,  0;0,  0> +
        ( 0.000097, 0.004860)|   4, 2, 1;0,  0;0,  0> +
        ( 0.003653,-0.000340)|   4, 3, 2;0,  0;0,  0> +
        (-0.000312,-0.003388)|   4, 2, 3;0,  0;0,  0> +
        (-0.000021, 0.003369)|   6, 3, 3;0,  0;0,  0> +
        (-0.000081, 0.002537)|   3, 2, 1;0,  0;0,  0> +
        ( 0.000041,-0.001577)|   7, 0, 1;0,  0;0,  0> +
        (-0.000070,-0.001346)|  11, 0, 1;0,  0;0,  0> +
        (-0.001266, 0.000026)|  10, 1, 0;0,  0;0,  0> +
        (-0.001218, 0.000011)|   7, 2, 0;0,  0;0,  0> +
        (-0.001147, 0.000022)|   7, 1, 0;0,  0;0,  0> +
        (-0.000044,-0.001117)|  10, 0, 1;0,  0;0,  0> +
        (-0.000794, 0.000468)|  11, 2, 0;0,  0;0,  0> +
        (-0.000001,-0.000833)|   3, 1, 3;0,  0;0,  0> +
        (-0.000752, 0.000045)|   9, 0, 2;0,  0;0,  0> +
        (-0.000653, 0.000027)|  16, 2, 0;0,  0;0,  0> +
        (-0.000561,-0.000269)|  14, 2, 0;0,  0;0,  0> +
        (-0.000584,-0.000081)|   8, 0, 2;0,  0;0,  0> +
        ( 0.000456,-0.000243)|  11, 0, 2;0,  0;0,  0> +
        ( 0.000502, 0.000008)|  16, 0, 2;0,  0;0,  0> +
        (-0.000472, 0.000014)|  12, 1, 0;0,  0;0,  0> +
        (-0.000441,-0.000046)|  11, 1, 0;0,  0;0,  0> +
        (-0.000408,-0.000003)|  18, 2, 0;0,  0;0,  0> +
        (-0.000390,-0.000023)|  12, 0, 0;0,  0;0,  0> +
        (-0.000371, 0.000008)|   8, 1, 0;0,  0;0,  0> +
        (-0.000147,-0.000324)|  13, 1, 1;0,  0;0,  0> +
        ( 0.000327,-0.000072)|   9, 2, 0;0,  0;0,  0> +
        (-0.000032,-0.000332)|   3, 3, 1;0,  0;0,  0> +
         ...
 |18> = (-0.998496,-0.008458)|   7, 0, 0;0,  0;0,  0> +
        ( 0.000330, 0.035458)|   3, 0, 1;0,  0;0,  0> +
        ( 0.034444, 0.001051)|   3, 1, 0;0,  0;0,  0> +
        ( 0.013038, 0.000063)|   1, 3, 0;0,  0;0,  0> +
        (-0.000214, 0.012566)|   1, 0, 3;0,  0;0,  0> +
        (-0.000202, 0.008740)|   1, 2, 1;0,  0;0,  0> +
        ( 0.006369, 0.000175)|   1, 1, 2;0,  0;0,  0> +
        (-0.000103,-0.002907)|   0, 1, 3;0,  0;0,  0> +
        ( 0.001437,-0.000060)|   3, 0, 2;0,  0;0,  0> +
        ( 0.000098, 0.001411)|   3, 1, 1;0,  0;0,  0> +
        ( 0.000003,-0.001163)|   4, 0, 1;0,  0;0,  0> +
        (-0.000863,-0.000003)|   4, 1, 0;0,  0;0,  0> +
        (-0.000798, 0.000061)|   3, 2, 0;0,  0;0,  0> +
        (-0.000013,-0.000775)|   1, 1, 1;0,  0;0,  0> +
        ( 0.000317,-0.000470)|   4, 1, 1;0,  0;0,  0> +
        ( 0.000474, 0.000005)|   6, 0, 2;0,  0;0,  0> +
        (-0.000012,-0.000445)|   0, 3, 1;0,  0;0,  0> +
        (-0.000387, 0.000002)|   5, 0, 2;0,  0;0,  0> +
         ...
 |19> = ( 0.990348, 0.019140)|  29, 0, 0;0,  0;0,  0> +
        ( 0.113166, 0.007900)|  30, 0, 0;0,  0;0,  0> +
        ( 0.047297, 0.014054)|  18, 1, 0;0,  0;0,  0> +
        ( 0.013247,-0.046088)|  18, 0, 1;0,  0;0,  0> +
        ( 0.014745,-0.008832)|  17, 2, 0;0,  0;0,  0> +
        (-0.014852, 0.002626)|  20, 0, 2;0,  0;0,  0> +
        (-0.014584, 0.002438)|  20, 2, 0;0,  0;0,  0> +
        ( 0.000333,-0.010737)|  23, 3, 3;0,  0;0,  0> +
        (-0.000060, 0.006716)|  19, 0, 1;0,  0;0,  0> +
        ( 0.001573,-0.005838)|  13, 1, 3;0,  0;0,  0> +
        ( 0.005073, 0.000059)|  19, 1, 0;0,  0;0,  0> +
        ( 0.004709, 0.000088)|  31, 0, 0;0,  0;0,  0> +
        (-0.001168,-0.004449)|  15, 1, 1;0,  0;0,  0> +
        (-0.002634, 0.002590)|  10, 2, 1;0,  0;0,  0> +
        ( 0.000443, 0.003621)|  14, 1, 1;0,  0;0,  0> +
        (-0.001955, 0.002607)|  10, 0, 3;0,  0;0,  0> +
        (-0.003239,-0.000018)|  23, 1, 0;0,  0;0,  0> +
        ( 0.000113,-0.003227)|  16, 2, 3;0,  0;0,  0> +
        ( 0.002886,-0.000232)|  26, 0, 2;0,  0;0,  0> +
        ( 0.001299,-0.002587)|  30, 0, 1;0,  0;0,  0> +
        ( 0.002640, 0.000122)|  16, 3, 2;0,  0;0,  0> +
        ( 0.000542,-0.002576)|  22, 0, 1;0,  0;0,  0> +
        (-0.002589, 0.000401)|  24, 0, 2;0,  0;0,  0> +
        (-0.000038,-0.002583)|  21, 0, 1;0,  0;0,  0> +
        ( 0.002487, 0.000622)|  18, 2, 0;0,  0;0,  0> +
        ( 0.000625, 0.002434)|  10, 1, 2;0,  0;0,  0> +
        (-0.000475, 0.002309)|   9, 2, 1;0,  0;0,  0> +
        ( 0.001934, 0.001227)|  10, 3, 0;0,  0;0,  0> +
        ( 0.002231,-0.000003)|  21, 1, 0;0,  0;0,  0> +
        ( 0.002083,-0.000008)|  19, 0, 2;0,  0;0,  0> +
        ( 0.001983,-0.000633)|  19, 2, 0;0,  0;0,  0> +
        (-0.001922, 0.000749)|  11, 3, 0;0,  0;0,  0> +
        (-0.001595,-0.001303)|  17, 2, 2;0,  0;0,  0> +
        ( 0.001604, 0.001214)|  28, 1, 0;0,  0;0,  0> +
        ( 0.000011,-0.001998)|  27, 0, 1;0,  0;0,  0> +
        ( 0.001709,-0.000279)|  22, 2, 0;0,  0;0,  0> +
        ( 0.000108,-0.001690)|  22, 1, 0;0,  0;0,  0> +
        ( 0.001622, 0.000007)|  30, 2, 0;0,  0;0,  0> +
        (-0.001597, 0.000159)|  25, 1, 0;0,  0;0,  0> +
        ( 0.000976,-0.001270)|  29, 0, 1;0,  0;0,  0> +
        (-0.000688,-0.001404)|  30, 1, 0;0,  0;0,  0> +
        (-0.000019, 0.001433)|  11, 3, 1;0,  0;0,  0> +
        ( 0.001397,-0.000021)|  30, 1, 1;0,  0;0,  0> +
        (-0.000091, 0.001391)|  31, 0, 1;0,  0;0,  0> +
        (-0.000723, 0.001164)|  31, 0, 2;0,  0;0,  0> +
        ( 0.000086,-0.001360)|  23, 1, 1;0,  0;0,  0> +
        ( 0.001339, 0.000156)|  31, 1, 0;0,  0;0,  0> +
        (-0.000277,-0.001257)|  24, 1, 1;0,  0;0,  0> +
        ( 0.000922,-0.000867)|  18, 1, 1;0,  0;0,  0> +
        (-0.001191,-0.000309)|  25, 1, 1;0,  0;0,  0> +
        (-0.000800,-0.000928)|  14, 1, 2;0,  0;0,  0> +
        (-0.000976, 0.000692)|  28, 0, 1;0,  0;0,  0> +
        ( 0.001092,-0.000449)|  22, 0, 2;0,  0;0,  0> +
        (-0.000533, 0.001045)|  16, 1, 1;0,  0;0,  0> +
        (-0.000138, 0.001161)|  24, 1, 0;0,  0;0,  0> +
        (-0.000854, 0.000765)|  22, 1, 1;0,  0;0,  0> +
        (-0.000862, 0.000748)|  29, 1, 0;0,  0;0,  0> +
        ( 0.000618, 0.000933)|  24, 0, 1;0,  0;0,  0> +
        ( 0.000528,-0.000983)|  13, 1, 2;0,  0;0,  0> +
        (-0.001061, 0.000057)|  14, 3, 2;0,  0;0,  0> +
        ( 0.000993, 0.000289)|  12, 3, 1;0,  0;0,  0> +
        (-0.000964,-0.000133)|  14, 3, 0;0,  0;0,  0> +
        (-0.000617,-0.000735)|  21, 1, 1;0,  0;0,  0> +
        (-0.000666,-0.000685)|  18, 0, 2;0,  0;0,  0> +
        (-0.000952, 0.000037)|  15, 1, 2;0,  0;0,  0> +
        (-0.000821,-0.000405)|  11, 0, 3;0,  0;0,  0> +
        (-0.000001, 0.000906)|   9, 0, 3;0,  0;0,  0> +
        ( 0.000888, 0.000175)|  23, 2, 0;0,  0;0,  0> +
        ( 0.000674, 0.000578)|  25, 2, 0;0,  0;0,  0> +
        ( 0.000248,-0.000847)|  25, 0, 1;0,  0;0,  0> +
        ( 0.000802,-0.000344)|  31, 2, 0;0,  0;0,  0> +
        ( 0.000138, 0.000854)|  12, 2, 1;0,  0;0,  0> +
        ( 0.000694, 0.000487)|  26, 1, 1;0,  0;0,  0> +
        ( 0.000832, 0.000025)|  27, 2, 0;0,  0;0,  0> +
        (-0.000535, 0.000619)|  26, 0, 1;0,  0;0,  0> +
        ( 0.000172, 0.000793)|  11, 1, 2;0,  0;0,  0> +
        ( 0.000083,-0.000766)|  15, 0, 3;0,  0;0,  0> +
        ( 0.000726, 0.000171)|  30, 0, 2;0,  0;0,  0> +
        ( 0.000504, 0.000527)|  26, 1, 0;0,  0;0,  0> +
        (-0.000714, 0.000033)|  29, 2, 0;0,  0;0,  0> +
        ( 0.000130,-0.000702)|  13, 3, 0;0,  0;0,  0> +
        ( 0.000065,-0.000706)|  15, 2, 1;0,  0;0,  0> +
        ( 0.000693,-0.000045)|  12, 3, 0;0,  0;0,  0> +
        ( 0.000020,-0.000675)|  23, 0, 1;0,  0;0,  0> +
        (-0.000500, 0.000438)|  20, 1, 1;0,  0;0,  0> +
        (-0.000070, 0.000658)|   8, 3, 1;0,  0;0,  0> +
        ( 0.000025,-0.000606)|  16, 0, 3;0,  0;0,  0> +
        (-0.000130, 0.000540)|  12, 0, 3;0,  0;0,  0> +
        (-0.000447,-0.000329)|  27, 1, 0;0,  0;0,  0> +
        (-0.000403,-0.000371)|  12, 1, 3;0,  0;0,  0> +
        (-0.000535, 0.000035)|  17, 3, 0;0,  0;0,  0> +
        (-0.000524, 0.000024)|  28, 0, 2;0,  0;0,  0> +
        ( 0.000520,-0.000031)|  28, 2, 0;0,  0;0,  0> +
        (-0.000514, 0.000058)|  26, 2, 0;0,  0;0,  0> +
        ( 0.000158, 0.000490)|  10, 3, 1;0,  0;0,  0> +
        (-0.000470,-0.000052)|  23, 0, 2;0,  0;0,  0> +
        (-0.000097, 0.000452)|  13, 2, 1;0,  0;0,  0> +
        ( 0.000061, 0.000452)|  15, 3, 1;0,  0;0,  0> +
        (-0.000376, 0.000213)|  11, 2, 1;0,  0;0,  0> +
        ( 0.000214, 0.000374)|  28, 1, 1;0,  0;0,  0> +
        ( 0.000425, 0.000021)|  15, 3, 2;0,  0;0,  0> +
        (-0.000075, 0.000413)|  14, 3, 1;0,  0;0,  0> +
        ( 0.000419,-0.000006)|  15, 2, 2;0,  0;0,  0> +
        (-0.000032,-0.000407)|  14, 2, 1;0,  0;0,  0> +
        ( 0.000270, 0.000286)|  18, 3, 0;0,  0;0,  0> +
        ( 0.000383, 0.000029)|  10, 1, 3;0,  0;0,  0> +
        (-0.000157,-0.000346)|  14, 0, 3;0,  0;0,  0> +
        ( 0.000086,-0.000367)|  13, 0, 3;0,  0;0,  0> +
        ( 0.000369,-0.000002)|  16, 2, 2;0,  0;0,  0> +
        (-0.000204, 0.000305)|   9, 1, 3;0,  0;0,  0> +
        ( 0.000335, 0.000039)|  12, 3, 2;0,  0;0,  0> +
        ( 0.000177, 0.000285)|  31, 1, 1;0,  0;0,  0> +
        (-0.000023,-0.000323)|  29, 1, 1;0,  0;0,  0> +
        ( 0.000318, 0.000015)|  24, 2, 0;0,  0;0,  0> +
        (-0.000317, 0.000029)|  21, 0, 2;0,  0;0,  0> +
         ...
 |20> = ( 0.997741, 0.065581)|  18, 0, 0;0,  0;0,  0> +
        ( 0.000072,-0.007969)|  11, 3, 3;0,  0;0,  0> +
        (-0.005994, 0.000028)|  12, 1, 0;0,  0;0,  0> +
        ( 0.000542, 0.005354)|  11, 0, 1;0,  0;0,  0> +
        (-0.000062, 0.003739)|  12, 0, 1;0,  0;0,  0> +
        (-0.003717,-0.000077)|  17, 0, 0;0,  0;0,  0> +
        (-0.003264, 0.000465)|  11, 1, 0;0,  0;0,  0> +
        (-0.000752,-0.002234)|  10, 0, 2;0,  0;0,  0> +
        (-0.001977,-0.000005)|   6, 3, 0;0,  0;0,  0> +
        (-0.001596,-0.001158)|  14, 2, 0;0,  0;0,  0> +
        ( 0.000374,-0.001708)|   8, 1, 1;0,  0;0,  0> +
        ( 0.001541, 0.000488)|  14, 0, 2;0,  0;0,  0> +
        (-0.000101,-0.001424)|  15, 0, 1;0,  0;0,  0> +
        ( 0.000045, 0.001407)|  13, 0, 1;0,  0;0,  0> +
        (-0.000053, 0.001396)|   6, 0, 3;0,  0;0,  0> +
        ( 0.000789,-0.001085)|  11, 1, 1;0,  0;0,  0> +
        (-0.000462,-0.001108)|   7, 1, 1;0,  0;0,  0> +
        (-0.000434,-0.001092)|  10, 1, 2;0,  0;0,  0> +
        ( 0.000914,-0.000092)|  15, 1, 0;0,  0;0,  0> +
        (-0.000709, 0.000521)|  10, 0, 3;0,  0;0,  0> +
        (-0.000325,-0.000760)|  13, 2, 0;0,  0;0,  0> +
        ( 0.000810,-0.000067)|   5, 1, 2;0,  0;0,  0> +
        ( 0.000701,-0.000127)|  11, 0, 2;0,  0;0,  0> +
        ( 0.000316,-0.000626)|  16, 1, 1;0,  0;0,  0> +
        (-0.000691, 0.000025)|  15, 2, 0;0,  0;0,  0> +
        ( 0.000631, 0.000235)|  13, 0, 2;0,  0;0,  0> +
        (-0.000119,-0.000657)|  12, 1, 1;0,  0;0,  0> +
        ( 0.000633,-0.000026)|   8, 3, 2;0,  0;0,  0> +
        (-0.000523, 0.000345)|  17, 2, 0;0,  0;0,  0> +
        (-0.000528, 0.000288)|  11, 3, 0;0,  0;0,  0> +
        ( 0.000596,-0.000011)|   7, 3, 1;0,  0;0,  0> +
        (-0.000582,-0.000117)|  20, 0, 2;0,  0;0,  0> +
        (-0.000106,-0.000581)|   5, 2, 1;0,  0;0,  0> +
        (-0.000590,-0.000008)|   7, 1, 2;0,  0;0,  0> +
        ( 0.000407, 0.000407)|  10, 2, 2;0,  0;0,  0> +
        ( 0.000155, 0.000553)|  10, 1, 1;0,  0;0,  0> +
        (-0.000560,-0.000119)|  18, 0, 2;0,  0;0,  0> +
        (-0.000549, 0.000016)|  16, 0, 2;0,  0;0,  0> +
        ( 0.000537,-0.000022)|  21, 0, 2;0,  0;0,  0> +
        ( 0.000024, 0.000508)|   6, 2, 1;0,  0;0,  0> +
        ( 0.000499, 0.000045)|  18, 2, 0;0,  0;0,  0> +
        ( 0.000453,-0.000050)|   9, 1, 2;0,  0;0,  0> +
        ( 0.000116, 0.000436)|  15, 1, 1;0,  0;0,  0> +
        ( 0.000080,-0.000396)|   9, 2, 1;0,  0;0,  0> +
        ( 0.000167, 0.000366)|  13, 1, 1;0,  0;0,  0> +
        ( 0.000007, 0.000396)|  14, 0, 1;0,  0;0,  0> +
        ( 0.000342, 0.000199)|   9, 1, 1;0,  0;0,  0> +
        ( 0.000377,-0.000118)|  19, 2, 0;0,  0;0,  0> +
        (-0.000168,-0.000346)|   6, 1, 3;0,  0;0,  0> +
        ( 0.000370, 0.000001)|  17, 1, 0;0,  0;0,  0> +
        ( 0.000362,-0.000017)|   8, 1, 2;0,  0;0,  0> +
        (-0.000211, 0.000272)|  11, 2, 0;0,  0;0,  0> +
        ( 0.000005,-0.000340)|  10, 3, 3;0,  0;0,  0> +
        (-0.000325,-0.000026)|  21, 2, 0;0,  0;0,  0> +
        ( 0.000324, 0.000009)|  19, 0, 0;0,  0;0,  0> +
        ( 0.000323,-0.000015)|  22, 0, 2;0,  0;0,  0> +
         ...
 |21> = ( 0.999489, 0.017579)|  27, 0, 0;0,  0;0,  0> +
        ( 0.000009, 0.016496)|  17, 0, 1;0,  0;0,  0> +
        ( 0.010042, 0.000109)|  17, 1, 0;0,  0;0,  0> +
        ( 0.008946, 0.000512)|  26, 0, 0;0,  0;0,  0> +
        (-0.007591,-0.000461)|  28, 0, 0;0,  0;0,  0> +
        (-0.000083, 0.005613)|  19, 0, 1;0,  0;0,  0> +
        (-0.002183,-0.004817)|  13, 1, 1;0,  0;0,  0> +
        (-0.004135, 0.000050)|  18, 2, 0;0,  0;0,  0> +
        (-0.003846,-0.000435)|  18, 0, 2;0,  0;0,  0> +
        (-0.003269,-0.000007)|  16, 2, 2;0,  0;0,  0> +
        ( 0.002976,-0.000104)|  19, 0, 2;0,  0;0,  0> +
        ( 0.001967, 0.001382)|  26, 1, 1;0,  0;0,  0> +
        (-0.001028,-0.002150)|  22, 0, 1;0,  0;0,  0> +
        ( 0.002294,-0.000571)|  22, 1, 0;0,  0;0,  0> +
        (-0.001746, 0.001541)|  22, 1, 1;0,  0;0,  0> +
        ( 0.000022,-0.001936)|  11, 3, 1;0,  0;0,  0> +
        ( 0.001904,-0.000024)|  19, 1, 0;0,  0;0,  0> +
        (-0.001786,-0.000038)|  28, 0, 2;0,  0;0,  0> +
        (-0.001776,-0.000002)|  28, 2, 0;0,  0;0,  0> +
        (-0.000771, 0.001523)|  16, 1, 1;0,  0;0,  0> +
        (-0.000737,-0.001463)|  24, 1, 0;0,  0;0,  0> +
        ( 0.001622,-0.000020)|  27, 0, 2;0,  0;0,  0> +
        ( 0.000189,-0.001606)|  14, 2, 1;0,  0;0,  0> +
        (-0.001306,-0.000941)|  20, 1, 0;0,  0;0,  0> +
        (-0.000163,-0.001503)|  25, 0, 1;0,  0;0,  0> +
        ( 0.001404, 0.000194)|  15, 3, 0;0,  0;0,  0> +
        ( 0.000890, 0.001021)|  26, 1, 0;0,  0;0,  0> +
        ( 0.000320,-0.001228)|  24, 0, 1;0,  0;0,  0> +
        (-0.001266, 0.000070)|  29, 2, 0;0,  0;0,  0> +
        ( 0.000101, 0.001255)|  13, 3, 0;0,  0;0,  0> +
        (-0.000119,-0.001238)|  14, 1, 1;0,  0;0,  0> +
        ( 0.000005,-0.001241)|  23, 0, 1;0,  0;0,  0> +
        ( 0.001151,-0.000392)|  19, 2, 0;0,  0;0,  0> +
        ( 0.001206, 0.000006)|  13, 3, 2;0,  0;0,  0> +
        (-0.000006,-0.001162)|  21, 0, 1;0,  0;0,  0> +
        ( 0.001111, 0.000167)|  30, 1, 0;0,  0;0,  0> +
        (-0.001095, 0.000107)|  27, 1, 0;0,  0;0,  0> +
        (-0.000929,-0.000490)|  18, 1, 0;0,  0;0,  0> +
        ( 0.000872, 0.000471)|  25, 0, 2;0,  0;0,  0> +
        (-0.000597, 0.000770)|  26, 0, 1;0,  0;0,  0> +
        ( 0.000703,-0.000573)|  31, 0, 2;0,  0;0,  0> +
        (-0.000110,-0.000892)|  30, 0, 1;0,  0;0,  0> +
        (-0.000895, 0.000084)|  27, 2, 0;0,  0;0,  0> +
        (-0.000854,-0.000093)|  31, 1, 0;0,  0;0,  0> +
        ( 0.000062,-0.000857)|  31, 0, 1;0,  0;0,  0> +
        (-0.000051, 0.000850)|  15, 2, 1;0,  0;0,  0> +
        (-0.000802, 0.000258)|  10, 0, 3;0,  0;0,  0> +
        (-0.000024, 0.000826)|  21, 3, 3;0,  0;0,  0> +
        ( 0.000177, 0.000806)|  24, 1, 1;0,  0;0,  0> +
        ( 0.000812, 0.000143)|  23, 2, 0;0,  0;0,  0> +
        (-0.000818, 0.000047)|  30, 2, 0;0,  0;0,  0> +
        (-0.000808,-0.000033)|  12, 3, 0;0,  0;0,  0> +
        (-0.000806,-0.000011)|  23, 1, 0;0,  0;0,  0> +
        ( 0.000562, 0.000522)|  29, 0, 2;0,  0;0,  0> +
        ( 0.000704, 0.000241)|  22, 2, 0;0,  0;0,  0> +
        ( 0.000244,-0.000688)|  13, 2, 1;0,  0;0,  0> +
        (-0.000438,-0.000533)|  10, 1, 2;0,  0;0,  0> +
        ( 0.000504,-0.000467)|  18, 1, 1;0,  0;0,  0> +
        ( 0.000644, 0.000221)|  31, 2, 0;0,  0;0,  0> +
        ( 0.000671,-0.000084)|   9, 1, 2;0,  0;0,  0> +
        (-0.000627,-0.000013)|  21, 1, 0;0,  0;0,  0> +
        ( 0.000201, 0.000586)|  27, 0, 1;0,  0;0,  0> +
        ( 0.000612,-0.000086)|  24, 0, 2;0,  0;0,  0> +
        (-0.000576,-0.000175)|  16, 1, 2;0,  0;0,  0> +
        ( 0.000019,-0.000596)|  17, 3, 3;0,  0;0,  0> +
        ( 0.000488, 0.000323)|  10, 2, 1;0,  0;0,  0> +
        (-0.000438,-0.000371)|  22, 0, 2;0,  0;0,  0> +
        (-0.000545, 0.000048)|   9, 3, 0;0,  0;0,  0> +
        ( 0.000444, 0.000268)|  14, 1, 2;0,  0;0,  0> +
        (-0.000297, 0.000406)|  13, 1, 2;0,  0;0,  0> +
        ( 0.000398, 0.000295)|  28, 1, 0;0,  0;0,  0> +
        (-0.000490, 0.000058)|  14, 0, 3;0,  0;0,  0> +
        (-0.000002, 0.000491)|  10, 2, 3;0,  0;0,  0> +
        (-0.000321,-0.000364)|  13, 0, 3;0,  0;0,  0> +
        (-0.000086, 0.000476)|   9, 2, 1;0,  0;0,  0> +
        (-0.000112, 0.000449)|  15, 0, 3;0,  0;0,  0> +
        (-0.000232,-0.000370)|  15, 0, 2;0,  0;0,  0> +
        ( 0.000369, 0.000222)|  20, 0, 2;0,  0;0,  0> +
        (-0.000224,-0.000364)|  31, 1, 1;0,  0;0,  0> +
        (-0.000380,-0.000184)|  30, 0, 2;0,  0;0,  0> +
        ( 0.000419, 0.000043)|  12, 3, 2;0,  0;0,  0> +
        (-0.000331,-0.000237)|  20, 2, 0;0,  0;0,  0> +
        (-0.000405,-0.000028)|  30, 0, 0;0,  0;0,  0> +
        ( 0.000404,-0.000019)|  16, 2, 0;0,  0;0,  0> +
        ( 0.000329,-0.000196)|  17, 2, 0;0,  0;0,  0> +
        ( 0.000238,-0.000299)|  11, 0, 3;0,  0;0,  0> +
        ( 0.000368, 0.000067)|  15, 1, 2;0,  0;0,  0> +
        ( 0.000291,-0.000223)|  19, 1, 1;0,  0;0,  0> +
        (-0.000214,-0.000296)|  25, 1, 0;0,  0;0,  0> +
        (-0.000185,-0.000310)|  29, 1, 0;0,  0;0,  0> +
        (-0.000348, 0.000080)|  16, 3, 0;0,  0;0,  0> +
        ( 0.000040, 0.000353)|  12, 2, 1;0,  0;0,  0> +
        (-0.000124, 0.000330)|  12, 1, 3;0,  0;0,  0> +
        ( 0.000347,-0.000027)|  14, 3, 2;0,  0;0,  0> +
        ( 0.000021,-0.000346)|  23, 1, 1;0,  0;0,  0> +
        ( 0.000155, 0.000310)|  16, 0, 3;0,  0;0,  0> +
        (-0.000321,-0.000000)|  29, 0, 1;0,  0;0,  0> +
         ...
 |22> = (-0.995841,-0.088495)|  22, 0, 0;0,  0;0,  0> +
        (-0.016261,-0.000292)|  23, 0, 0;0,  0;0,  0> +
        ( 0.004458, 0.000041)|  11, 3, 2;0,  0;0,  0> +
        (-0.000053, 0.004443)|  11, 2, 3;0,  0;0,  0> +
        (-0.000189,-0.004421)|  13, 0, 1;0,  0;0,  0> +
        ( 0.004336,-0.000177)|  13, 1, 0;0,  0;0,  0> +
        ( 0.000338, 0.003535)|  14, 1, 1;0,  0;0,  0> +
        ( 0.003070,-0.000070)|  15, 1, 0;0,  0;0,  0> +
        (-0.001807,-0.002213)|  21, 1, 1;0,  0;0,  0> +
        ( 0.002853, 0.000019)|  17, 1, 0;0,  0;0,  0> +
        (-0.000006, 0.002710)|  17, 0, 1;0,  0;0,  0> +
        ( 0.000024,-0.002678)|  14, 0, 1;0,  0;0,  0> +
        (-0.001489,-0.001245)|  18, 1, 0;0,  0;0,  0> +
        (-0.000016, 0.001924)|  15, 0, 1;0,  0;0,  0> +
        (-0.001719, 0.000692)|  16, 1, 0;0,  0;0,  0> +
        ( 0.000569, 0.001631)|  16, 0, 1;0,  0;0,  0> +
        (-0.000958, 0.001417)|  11, 1, 1;0,  0;0,  0> +
        (-0.001438,-0.000818)|  14, 2, 0;0,  0;0,  0> +
        ( 0.001547, 0.000037)|  19, 1, 0;0,  0;0,  0> +
        ( 0.001518,-0.000142)|  20, 2, 0;0,  0;0,  0> +
        (-0.000424,-0.001434)|  10, 1, 1;0,  0;0,  0> +
        ( 0.001099,-0.000960)|  18, 0, 1;0,  0;0,  0> +
        ( 0.001423,-0.000047)|  24, 2, 0;0,  0;0,  0> +
        ( 0.001293,-0.000344)|  20, 0, 2;0,  0;0,  0> +
        ( 0.000361, 0.001272)|  12, 2, 1;0,  0;0,  0> +
        (-0.000214,-0.001204)|  12, 1, 1;0,  0;0,  0> +
        ( 0.000514,-0.001013)|  16, 1, 1;0,  0;0,  0> +
        (-0.001119, 0.000173)|  14, 1, 0;0,  0;0,  0> +
        (-0.000067, 0.001075)|  23, 1, 1;0,  0;0,  0> +
        ( 0.000762,-0.000711)|  18, 1, 1;0,  0;0,  0> +
        (-0.001032, 0.000038)|  16, 2, 0;0,  0;0,  0> +
        (-0.000991,-0.000244)|  23, 2, 0;0,  0;0,  0> +
        (-0.000803,-0.000587)|  22, 1, 0;0,  0;0,  0> +
        ( 0.000743,-0.000628)|  22, 1, 1;0,  0;0,  0> +
        ( 0.000770, 0.000558)|  25, 2, 0;0,  0;0,  0> +
        ( 0.000006, 0.000923)|  19, 0, 1;0,  0;0,  0> +
        ( 0.000841,-0.000333)|  10, 0, 3;0,  0;0,  0> +
        ( 0.000870,-0.000060)|  12, 3, 0;0,  0;0,  0> +
        ( 0.000854,-0.000155)|  24, 0, 2;0,  0;0,  0> +
        ( 0.000844,-0.000005)|  19, 0, 2;0,  0;0,  0> +
        (-0.000011,-0.000792)|  14, 2, 1;0,  0;0,  0> +
        (-0.000189,-0.000767)|  15, 1, 1;0,  0;0,  0> +
        ( 0.000773, 0.000086)|  23, 0, 2;0,  0;0,  0> +
        ( 0.000639,-0.000419)|  22, 0, 1;0,  0;0,  0> +
        ( 0.000747, 0.000040)|  18, 2, 0;0,  0;0,  0> +
        ( 0.000657, 0.000357)|  14, 0, 2;0,  0;0,  0> +
        ( 0.000002,-0.000740)|  15, 3, 3;0,  0;0,  0> +
        ( 0.000734, 0.000007)|  21, 1, 0;0,  0;0,  0> +
        ( 0.000391, 0.000569)|  13, 2, 0;0,  0;0,  0> +
        (-0.000244,-0.000622)|  10, 2, 1;0,  0;0,  0> +
        ( 0.000251, 0.000600)|   8, 0, 3;0,  0;0,  0> +
        ( 0.000611, 0.000014)|   7, 3, 0;0,  0;0,  0> +
        (-0.000468, 0.000345)|  11, 0, 3;0,  0;0,  0> +
        ( 0.000572,-0.000030)|   9, 3, 0;0,  0;0,  0> +
        (-0.000550,-0.000073)|  25, 0, 2;0,  0;0,  0> +
        (-0.000521,-0.000009)|  28, 0, 2;0,  0;0,  0> +
        (-0.000440, 0.000258)|  17, 2, 0;0,  0;0,  0> +
        ( 0.000504, 0.000034)|  27, 2, 0;0,  0;0,  0> +
        (-0.000211,-0.000452)|  14, 0, 3;0,  0;0,  0> +
        (-0.000460,-0.000183)|  26, 2, 0;0,  0;0,  0> +
        (-0.000281,-0.000394)|  12, 0, 3;0,  0;0,  0> +
        (-0.000008, 0.000484)|  12, 3, 3;0,  0;0,  0> +
        ( 0.000475, 0.000086)|  14, 3, 0;0,  0;0,  0> +
        (-0.000166,-0.000449)|  17, 1, 1;0,  0;0,  0> +
        (-0.000001, 0.000475)|  12, 2, 3;0,  0;0,  0> +
        (-0.000468,-0.000007)|  21, 2, 0;0,  0;0,  0> +
        (-0.000021, 0.000438)|   8, 2, 1;0,  0;0,  0> +
        (-0.000325, 0.000233)|  19, 1, 1;0,  0;0,  0> +
        ( 0.000331,-0.000208)|   8, 3, 0;0,  0;0,  0> +
        ( 0.000378, 0.000033)|  27, 0, 2;0,  0;0,  0> +
        (-0.000348,-0.000094)|  22, 2, 0;0,  0;0,  0> +
        ( 0.000346, 0.000067)|  10, 1, 3;0,  0;0,  0> +
        ( 0.000058,-0.000344)|   9, 2, 1;0,  0;0,  0> +
        ( 0.000321,-0.000131)|  12, 2, 2;0,  0;0,  0> +
        ( 0.000258,-0.000225)|  20, 1, 1;0,  0;0,  0> +
        (-0.000006,-0.000332)|   9, 0, 3;0,  0;0,  0> +
        ( 0.000319,-0.000002)|  17, 0, 2;0,  0;0,  0> +
         ...
 |23> = ( 0.996120, 0.028106)|  19, 0, 0;0,  0;0,  0> +
        (-0.038551,-0.000461)|  11, 0, 2;0,  0;0,  0> +
        (-0.004200,-0.035412)|  11, 0, 1;0,  0;0,  0> +
        ( 0.033647,-0.003725)|  11, 1, 0;0,  0;0,  0> +
        ( 0.013034, 0.031158)|   7, 1, 1;0,  0;0,  0> +
        ( 0.000143,-0.022568)|   6, 2, 1;0,  0;0,  0> +
        (-0.006355,-0.018817)|  10, 0, 2;0,  0;0,  0> +
        (-0.019288,-0.000648)|  11, 2, 0;0,  0;0,  0> +
        ( 0.010790, 0.000314)|  21, 0, 0;0,  0;0,  0> +
        ( 0.008454,-0.000508)|   6, 3, 0;0,  0;0,  0> +
        (-0.007492, 0.000288)|  12, 1, 0;0,  0;0,  0> +
        ( 0.000067, 0.007062)|   6, 0, 3;0,  0;0,  0> +
        (-0.000268,-0.007011)|  12, 0, 1;0,  0;0,  0> +
        ( 0.001441,-0.005985)|   5, 0, 3;0,  0;0,  0> +
        ( 0.001129,-0.005607)|   8, 1, 1;0,  0;0,  0> +
        (-0.000145,-0.005060)|  13, 0, 1;0,  0;0,  0> +
        ( 0.004619, 0.001543)|   5, 3, 0;0,  0;0,  0> +
        (-0.002779,-0.002789)|  10, 2, 2;0,  0;0,  0> +
        (-0.003896,-0.000076)|   9, 3, 2;0,  0;0,  0> +
        ( 0.000075,-0.003885)|   9, 2, 3;0,  0;0,  0> +
        ( 0.003034,-0.000677)|   9, 2, 2;0,  0;0,  0> +
        ( 0.002869, 0.000044)|  12, 2, 0;0,  0;0,  0> +
        ( 0.002489, 0.001178)|  14, 2, 0;0,  0;0,  0> +
        (-0.002556, 0.000033)|  13, 1, 0;0,  0;0,  0> +
        ( 0.001490,-0.001965)|  18, 0, 1;0,  0;0,  0> +
        (-0.002197, 0.000670)|   6, 1, 2;0,  0;0,  0> +
        ( 0.002274,-0.000091)|   5, 1, 2;0,  0;0,  0> +
        ( 0.001260,-0.001867)|  11, 1, 1;0,  0;0,  0> +
        (-0.001166, 0.001230)|  12, 0, 2;0,  0;0,  0> +
        (-0.000902,-0.001394)|  13, 2, 0;0,  0;0,  0> +
        ( 0.000661, 0.001370)|   6, 1, 3;0,  0;0,  0> +
        (-0.000764,-0.001129)|  18, 1, 0;0,  0;0,  0> +
        ( 0.000152,-0.001315)|  14, 0, 1;0,  0;0,  0> +
        (-0.001283, 0.000154)|  22, 2, 0;0,  0;0,  0> +
        ( 0.001284,-0.000027)|   7, 3, 1;0,  0;0,  0> +
        ( 0.000539,-0.001147)|   5, 2, 1;0,  0;0,  0> +
        (-0.001260, 0.000030)|  19, 0, 2;0,  0;0,  0> +
        ( 0.000050, 0.001213)|   9, 0, 3;0,  0;0,  0> +
        ( 0.001163, 0.000169)|  14, 1, 0;0,  0;0,  0> +
        ( 0.001057,-0.000090)|  10, 2, 0;0,  0;0,  0> +
        ( 0.000520,-0.000789)|  10, 0, 3;0,  0;0,  0> +
        (-0.000811,-0.000179)|  18, 0, 2;0,  0;0,  0> +
        ( 0.000146, 0.000785)|  12, 1, 1;0,  0;0,  0> +
        (-0.000693, 0.000371)|  22, 0, 2;0,  0;0,  0> +
        ( 0.000781, 0.000064)|  18, 2, 0;0,  0;0,  0> +
        ( 0.000763,-0.000001)|  16, 0, 2;0,  0;0,  0> +
        ( 0.000648, 0.000381)|   9, 1, 1;0,  0;0,  0> +
        (-0.000748,-0.000068)|  20, 0, 2;0,  0;0,  0> +
        ( 0.000110, 0.000738)|  10, 1, 2;0,  0;0,  0> +
        (-0.000711,-0.000140)|   7, 1, 2;0,  0;0,  0> +
        ( 0.000012,-0.000703)|  12, 3, 3;0,  0;0,  0> +
        (-0.000700, 0.000001)|  11, 2, 2;0,  0;0,  0> +
        (-0.000559, 0.000375)|  17, 2, 0;0,  0;0,  0> +
        ( 0.000476, 0.000445)|  13, 0, 2;0,  0;0,  0> +
        (-0.000001,-0.000612)|  17, 0, 1;0,  0;0,  0> +
        (-0.000572, 0.000216)|  11, 3, 0;0,  0;0,  0> +
        (-0.000128,-0.000570)|  16, 0, 1;0,  0;0,  0> +
        (-0.000117,-0.000556)|  14, 0, 2;0,  0;0,  0> +
        (-0.000215,-0.000508)|   8, 1, 3;0,  0;0,  0> +
        (-0.000036,-0.000543)|   7, 1, 3;0,  0;0,  0> +
        ( 0.000464,-0.000254)|  16, 1, 0;0,  0;0,  0> +
        ( 0.000026, 0.000526)|  12, 0, 3;0,  0;0,  0> +
        (-0.000234, 0.000463)|  16, 1, 1;0,  0;0,  0> +
        (-0.000482, 0.000011)|   9, 2, 0;0,  0;0,  0> +
        ( 0.000355,-0.000306)|  10, 2, 1;0,  0;0,  0> +
        (-0.000459, 0.000021)|  16, 2, 0;0,  0;0,  0> +
        (-0.000455, 0.000006)|  12, 3, 0;0,  0;0,  0> +
        ( 0.000449,-0.000071)|   9, 0, 2;0,  0;0,  0> +
        ( 0.000007, 0.000437)|  12, 2, 1;0,  0;0,  0> +
        (-0.000429, 0.000016)|  11, 0, 3;0,  0;0,  0> +
        ( 0.000002,-0.000393)|   9, 3, 3;0,  0;0,  0> +
        (-0.000017,-0.000374)|  15, 0, 1;0,  0;0,  0> +
        (-0.000249, 0.000244)|  20, 2, 0;0,  0;0,  0> +
        ( 0.000002,-0.000344)|  19, 0, 1;0,  0;0,  0> +
        (-0.000340,-0.000006)|  19, 1, 0;0,  0;0,  0> +
        ( 0.000337, 0.000001)|  17, 0, 2;0,  0;0,  0> +
        ( 0.000334, 0.000010)|  23, 0, 2;0,  0;0,  0> +
        (-0.000243, 0.000210)|  20, 1, 1;0,  0;0,  0> +
        ( 0.000303, 0.000100)|  10, 3, 0;0,  0;0,  0> +
         ...
 |24> = (-0.998248, 0.000652)|   9, 0, 0;0,  0;0,  0> +
        (-0.000154,-0.037615)|   2, 2, 3;0,  0;0,  0> +
        (-0.027307, 0.000125)|   2, 3, 2;0,  0;0,  0> +
        (-0.022124,-0.000074)|   4, 2, 2;0,  0;0,  0> +
        ( 0.001210,-0.022016)|   2, 1, 3;0,  0;0,  0> +
        ( 0.002443,-0.013512)|   1, 3, 1;0,  0;0,  0> +
        (-0.000241, 0.006285)|   2, 3, 1;0,  0;0,  0> +
        (-0.004045,-0.001631)|   1, 3, 0;0,  0;0,  0> +
        (-0.000132,-0.003578)|   2, 1, 1;0,  0;0,  0> +
        (-0.001445, 0.003273)|   1, 2, 1;0,  0;0,  0> +
        (-0.000797, 0.003370)|   1, 0, 3;0,  0;0,  0> +
        (-0.003109,-0.000136)|   1, 1, 2;0,  0;0,  0> +
        ( 0.000180, 0.003039)|   5, 0, 1;0,  0;0,  0> +
        ( 0.002715,-0.000121)|   2, 3, 0;0,  0;0,  0> +
        (-0.000117,-0.001602)|   2, 0, 3;0,  0;0,  0> +
        (-0.000265,-0.001311)|   5, 1, 1;0,  0;0,  0> +
        (-0.000357, 0.001173)|   1, 1, 3;0,  0;0,  0> +
        ( 0.000001,-0.000832)|   2, 2, 1;0,  0;0,  0> +
        ( 0.000808,-0.000003)|   7, 2, 0;0,  0;0,  0> +
        (-0.000654,-0.000005)|   6, 3, 0;0,  0;0,  0> +
        ( 0.000593, 0.000167)|   5, 1, 0;0,  0;0,  0> +
        ( 0.000593, 0.000008)|   5, 2, 2;0,  0;0,  0> +
        (-0.000517,-0.000039)|   7, 0, 2;0,  0;0,  0> +
        (-0.000469,-0.000005)|   6, 1, 0;0,  0;0,  0> +
        ( 0.000431,-0.000033)|   1, 3, 2;0,  0;0,  0> +
        (-0.000419,-0.000034)|   8, 0, 2;0,  0;0,  0> +
        (-0.000018, 0.000417)|   6, 0, 3;0,  0;0,  0> +
        (-0.000029,-0.000395)|   1, 2, 3;0,  0;0,  0> +
        ( 0.000381,-0.000030)|   5, 1, 2;0,  0;0,  0> +
        ( 0.000332,-0.000022)|   4, 2, 0;0,  0;0,  0> +
        (-0.000328, 0.000022)|   4, 0, 2;0,  0;0,  0> +
        (-0.000327, 0.000011)|   8, 2, 0;0,  0;0,  0> +
        ( 0.000008,-0.000316)|   6, 0, 1;0,  0;0,  0> +
         ...
