p1653
# Parameters of the model
#  mass:		     25.30 u
#  charge:	      1.00 e
#  dipole:	      3.00 D
#  B:		 191477.00 MHz
#  omega_rho:	      1.40 MHz
#  omega_z:	      0.18 MHz

# Basis truncation:	|34,4,4;2,2>
# omega_1:	      0.31 MHz
# omega_3/5:	      1.39 MHz
# Basis size:		44064

# Active terms of the Hamiltionian:
# 	Nomal modes:	1
# 	T_rot:      	1
# 	V_qd^{(0)}: 	1
# 	V_qd^{(1)}: 	1
# 	V_dd^{(0)}: 	1

# Results of the diagonalisation

# 100 smallest eigenvalues
 -729.767639160 -674.408874512 -640.488586426 -634.665588379 -567.000244141 -512.117309570 -463.843139648 -450.452880859 -435.914001465 -428.786102295 -418.277862549 -379.705596924 -373.836730957 -369.682739258 -357.912658691 -357.420471191 -355.369995117 -341.005371094 -332.801727295 -331.101562500 -329.299468994 -302.210144043 -299.088928223 -296.956878662 -283.058471680 -280.196289062 -278.247497559 -277.190277100 -270.510772705 -270.301177979 -267.987121582 -255.574203491 -253.439559937 -249.403671265 -246.500000000 -246.447357178 -244.628936768 -241.125015259 -240.202728271 -234.566497803 -234.544525146 -227.536956787 -224.413024902 -222.594711304 -221.496917725 -220.927795410 -217.523880005 -216.943740845 -210.216354370 -209.258041382 -199.101181030 -193.201690674 -191.106750488 -190.701477051 -187.564514160 -176.407424927 -175.639465332 -174.387588501 -173.367218018 -171.326110840 -170.011474609 -169.076309204 -161.569458008 -160.288223267 -160.241058350 -157.761825562 -157.614425659 -156.651245117 -154.098678589 -152.291137695 -151.584884644 -145.794433594 -144.012680054 -141.726333618 -137.966033936 -137.823013306 -131.145782471 -130.595397949 -129.412277222 -125.049919128 -117.515594482 -116.006202698 -113.182785034 -110.893211365 -107.347190857 -106.101982117 -106.001739502 -99.899917603 -99.042556763 -97.604789734 -89.232475281 -88.961845398 -87.704208374 -85.384521484 -79.303955078 -79.072860718 -77.842773438 -76.517570496 -75.069892883 -72.089576721

# Ground state and the lowest excitations:
 | 0> = (-0.752668, 0.021253)|  10, 1, 0;0,  0;0,  0> +
        (-0.221767,-0.533824)|  13, 0, 0;0,  0;0,  0> +
        (-0.150771,-0.129873)|  17, 3, 3;0,  0;0,  0> +
        ( 0.014533, 0.126992)|   7, 0, 3;0,  0;0,  0> +
        ( 0.101739, 0.002383)|   7, 3, 0;0,  0;0,  0> +
        (-0.043294, 0.078499)|  10, 2, 0;0,  0;0,  0> +
        (-0.080525,-0.025611)|  10, 2, 3;0,  0;0,  0> +
        (-0.066140,-0.047859)|  11, 2, 2;0,  0;0,  0> +
        ( 0.070894,-0.017391)|  11, 3, 1;0,  0;0,  0> +
        (-0.008321, 0.048970)|  11, 1, 3;0,  0;0,  0> +
        ( 0.032837, 0.002370)|  10, 0, 1;0,  0;0,  0> +
        ( 0.000401, 0.026064)|  10, 0, 2;0,  0;0,  0> +
        ( 0.021567,-0.008916)|  12, 1, 3;0,  0;0,  0> +
        (-0.004118, 0.017547)|   7, 1, 2;0,  0;0,  0> +
        (-0.012606, 0.002306)|  18, 3, 3;0,  0;0,  0> +
        ( 0.012522, 0.000385)|   7, 2, 1;0,  0;0,  0> +
        (-0.000974, 0.002336)|  10, 3, 2;0,  0;0,  0> +
        ( 0.001665, 0.000443)|  12, 2, 3;0,  0;0,  0> +
        (-0.001440, 0.000580)|   9, 2, 0;0,  0;0,  0> +
        ( 0.000180,-0.000827)|  11, 2, 3;0,  0;0,  0> +
        (-0.000804,-0.000035)|  12, 3, 2;0,  0;0,  0> +
        ( 0.000327, 0.000629)|   9, 2, 2;0,  0;0,  0> +
        (-0.000318, 0.000563)|  11, 3, 2;0,  0;0,  0> +
        (-0.000312, 0.000477)|   9, 2, 3;0,  0;0,  0> +
        ( 0.000036,-0.000470)|  10, 2, 2;0,  0;0,  0> +
        (-0.000106,-0.000451)|  12, 2, 2;0,  0;0,  0> +
        ( 0.000301,-0.000177)|   9, 1, 0;0,  0;0,  0> +
         ...
 | 1> = (-0.481772, 0.071775)|  17, 0, 0;0,  0;0,  0> +
        (-0.188783, 0.405429)|  13, 0, 1;0,  0;0,  0> +
        ( 0.037097, 0.375610)|  13, 1, 0;0,  0;0,  0> +
        (-0.268941, 0.187072)|  18, 1, 3;0,  0;0,  0> +
        (-0.288521, 0.149000)|  11, 1, 1;0,  0;0,  0> +
        (-0.106336, 0.211376)|  12, 1, 2;0,  0;0,  0> +
        ( 0.196707, 0.120292)|  17, 3, 2;0,  0;0,  0> +
        (-0.015976, 0.157935)|  20, 3, 1;0,  0;0,  0> +
        (-0.083094, 0.133471)|  12, 0, 3;0,  0;0,  0> +
        ( 0.050867, 0.102266)|  21, 1, 3;0,  0;0,  0> +
        ( 0.050342,-0.081054)|  15, 2, 2;0,  0;0,  0> +
        ( 0.042503,-0.071308)|  17, 1, 3;0,  0;0,  0> +
        ( 0.078399, 0.010329)|  17, 3, 1;0,  0;0,  0> +
        (-0.009607, 0.070332)|  12, 3, 0;0,  0;0,  0> +
        (-0.033126,-0.051845)|  12, 2, 1;0,  0;0,  0> +
        (-0.021631,-0.036511)|  18, 2, 3;0,  0;0,  0> +
        (-0.011289, 0.021020)|  11, 2, 1;0,  0;0,  0> +
        ( 0.001148, 0.022551)|  13, 2, 0;0,  0;0,  0> +
        (-0.005642,-0.020615)|  16, 2, 2;0,  0;0,  0> +
        ( 0.014857, 0.008101)|  19, 3, 1;0,  0;0,  0> +
        (-0.014089, 0.001259)|  11, 0, 3;0,  0;0,  0> +
        ( 0.011393, 0.003549)|  21, 3, 1;0,  0;0,  0> +
        (-0.009000, 0.000480)|  18, 3, 2;0,  0;0,  0> +
        (-0.006931, 0.005409)|  17, 2, 3;0,  0;0,  0> +
        ( 0.000883,-0.006786)|  13, 0, 2;0,  0;0,  0> +
        (-0.002879,-0.005266)|  11, 1, 2;0,  0;0,  0> +
        (-0.003200, 0.004826)|  26, 3, 3;0,  0;0,  0> +
        ( 0.001229,-0.004837)|  11, 3, 0;0,  0;0,  0> +
        (-0.002962, 0.003491)|  22, 1, 3;0,  0;0,  0> +
        ( 0.003189,-0.000300)|  19, 1, 3;0,  0;0,  0> +
        (-0.001957, 0.001587)|  20, 1, 3;0,  0;0,  0> +
        ( 0.001126,-0.002135)|  22, 3, 1;0,  0;0,  0> +
        ( 0.000347,-0.000759)|  12, 2, 0;0,  0;0,  0> +
        ( 0.000424, 0.000097)|  27, 3, 3;0,  0;0,  0> +
        (-0.000200, 0.000320)|   9, 1, 2;0,  0;0,  0> +
        ( 0.000183, 0.000297)|  10, 2, 1;0,  0;0,  0> +
        (-0.000331, 0.000025)|  15, 1, 3;0,  0;0,  0> +
        (-0.000040,-0.000327)|  10, 3, 0;0,  0;0,  0> +
         ...
 | 2> = (-0.742638,-0.148594)|   6, 2, 3;0,  0;0,  0> +
        ( 0.148881, 0.374133)|   5, 1, 1;0,  0;0,  0> +
        (-0.274499, 0.014374)|   7, 1, 0;0,  0;0,  0> +
        (-0.074242,-0.251089)|   7, 0, 2;0,  0;0,  0> +
        ( 0.163829,-0.188440)|   6, 3, 2;0,  0;0,  0> +
        ( 0.202491,-0.023298)|   5, 3, 2;0,  0;0,  0> +
        (-0.098440, 0.031588)|   4, 0, 3;0,  0;0,  0> +
        (-0.055461,-0.003137)|   7, 2, 0;0,  0;0,  0> +
        (-0.036260,-0.012549)|   6, 3, 1;0,  0;0,  0> +
        ( 0.006301,-0.018669)|   7, 0, 1;0,  0;0,  0> +
        ( 0.004817, 0.011528)|   4, 1, 2;0,  0;0,  0> +
        (-0.001277, 0.009659)|   7, 1, 3;0,  0;0,  0> +
        (-0.000896,-0.009280)|   6, 1, 1;0,  0;0,  0> +
        ( 0.003846,-0.007848)|   8, 0, 2;0,  0;0,  0> +
        (-0.001161,-0.008137)|  10, 3, 3;0,  0;0,  0> +
        ( 0.004364, 0.004027)|   8, 2, 0;0,  0;0,  0> +
        ( 0.000955, 0.005856)|  10, 0, 0;0,  0;0,  0> +
        ( 0.001205,-0.005626)|   4, 3, 0;0,  0;0,  0> +
        (-0.004329,-0.000085)|   5, 2, 3;0,  0;0,  0> +
        ( 0.002349,-0.000455)|   4, 2, 1;0,  0;0,  0> +
        (-0.000224, 0.001722)|   5, 1, 2;0,  0;0,  0> +
        ( 0.000642, 0.000415)|   6, 2, 0;0,  0;0,  0> +
        ( 0.000193,-0.000661)|   7, 3, 1;0,  0;0,  0> +
        ( 0.000016, 0.000590)|   9, 3, 3;0,  0;0,  0> +
        ( 0.000444, 0.000024)|   6, 1, 3;0,  0;0,  0> +
        (-0.000195, 0.000324)|   3, 1, 2;0,  0;0,  0> +
         ...
 | 3> = (-0.729264, 0.234586)|  13, 1, 3;0,  0;0,  0> +
        ( 0.167673,-0.452458)|  14, 1, 3;0,  0;0,  0> +
        ( 0.232886, 0.004749)|  14, 3, 2;0,  0;0,  0> +
        ( 0.031840, 0.173719)|  13, 3, 2;0,  0;0,  0> +
        ( 0.161007,-0.020866)|  12, 3, 1;0,  0;0,  0> +
        ( 0.018132,-0.153917)|  12, 2, 2;0,  0;0,  0> +
        ( 0.004237,-0.134762)|   8, 2, 1;0,  0;0,  0> +
        (-0.005066,-0.095171)|   8, 3, 0;0,  0;0,  0> +
        (-0.063863,-0.031686)|   8, 0, 3;0,  0;0,  0> +
        ( 0.067642, 0.002490)|   8, 1, 2;0,  0;0,  0> +
        (-0.001482,-0.060859)|  13, 2, 3;0,  0;0,  0> +
        ( 0.016246,-0.047194)|  11, 0, 2;0,  0;0,  0> +
        (-0.022283,-0.020471)|  21, 3, 3;0,  0;0,  0> +
        ( 0.010066, 0.011259)|  11, 1, 0;0,  0;0,  0> +
        ( 0.007602, 0.001257)|  13, 3, 1;0,  0;0,  0> +
        (-0.006485, 0.001648)|   8, 1, 1;0,  0;0,  0> +
        ( 0.001890,-0.005375)|   9, 1, 1;0,  0;0,  0> +
        (-0.001396, 0.005079)|  11, 2, 0;0,  0;0,  0> +
        (-0.002318,-0.003956)|  11, 0, 1;0,  0;0,  0> +
        ( 0.003038, 0.000292)|  14, 0, 0;0,  0;0,  0> +
        (-0.000438, 0.002174)|  14, 2, 3;0,  0;0,  0> +
        (-0.001236,-0.000865)|  14, 3, 1;0,  0;0,  0> +
        (-0.001423,-0.000204)|  12, 1, 3;0,  0;0,  0> +
        (-0.001332,-0.000095)|   7, 2, 1;0,  0;0,  0> +
        (-0.000800,-0.000992)|  20, 3, 3;0,  0;0,  0> +
        (-0.000874, 0.000771)|  11, 3, 1;0,  0;0,  0> +
        (-0.000104, 0.001092)|  11, 1, 3;0,  0;0,  0> +
        ( 0.000655,-0.000821)|  14, 2, 2;0,  0;0,  0> +
        (-0.000663, 0.000231)|  11, 2, 2;0,  0;0,  0> +
        (-0.000042,-0.000561)|  10, 0, 2;0,  0;0,  0> +
        (-0.000096,-0.000307)|  22, 3, 3;0,  0;0,  0> +
         ...
 | 4> = (-0.597005, 0.130851)|  24, 3, 0;0,  0;0,  0> +
        (-0.146491, 0.452338)|  21, 0, 3;0,  0;0,  0> +
        (-0.066644,-0.444394)|  24, 1, 2;0,  0;0,  0> +
        ( 0.002947,-0.329365)|  28, 0, 0;0,  0;0,  0> +
        ( 0.133542,-0.150038)|  21, 3, 0;0,  0;0,  0> +
        ( 0.158759, 0.096244)|  26, 2, 0;0,  0;0,  0> +
        ( 0.067029,-0.052428)|  31, 2, 3;0,  0;0,  0> +
        (-0.019412,-0.042686)|  23, 1, 2;0,  0;0,  0> +
        ( 0.017836,-0.039891)|  27, 2, 0;0,  0;0,  0> +
        (-0.032184,-0.015650)|  22, 0, 3;0,  0;0,  0> +
        ( 0.025791,-0.011899)|  21, 1, 2;0,  0;0,  0> +
        ( 0.019222,-0.001535)|  22, 3, 0;0,  0;0,  0> +
        (-0.009473, 0.014707)|  22, 1, 0;0,  0;0,  0> +
        (-0.013516, 0.003639)|  29, 2, 0;0,  0;0,  0> +
        ( 0.012161, 0.002626)|  29, 0, 2;0,  0;0,  0> +
        ( 0.011351,-0.001345)|  28, 0, 2;0,  0;0,  0> +
        ( 0.005515, 0.008543)|  30, 2, 0;0,  0;0,  0> +
        (-0.008241, 0.001910)|  22, 2, 1;0,  0;0,  0> +
        (-0.006903,-0.004594)|  33, 2, 0;0,  0;0,  0> +
        ( 0.007842, 0.001488)|  27, 0, 0;0,  0;0,  0> +
        ( 0.002679, 0.006697)|  32, 2, 3;0,  0;0,  0> +
        (-0.007176,-0.000567)|  21, 2, 1;0,  0;0,  0> +
        ( 0.000315,-0.005676)|  22, 0, 1;0,  0;0,  0> +
        (-0.005152, 0.001753)|  33, 3, 2;0,  0;0,  0> +
        (-0.001009, 0.003756)|  23, 3, 0;0,  0;0,  0> +
        ( 0.003131, 0.001905)|  24, 0, 2;0,  0;0,  0> +
        (-0.001928, 0.002758)|  26, 0, 0;0,  0;0,  0> +
        (-0.003316, 0.000530)|  28, 2, 0;0,  0;0,  0> +
        ( 0.002980,-0.000700)|  22, 1, 2;0,  0;0,  0> +
        (-0.001354,-0.002065)|  30, 2, 3;0,  0;0,  0> +
        ( 0.001462, 0.001854)|  31, 2, 0;0,  0;0,  0> +
        (-0.002244, 0.000093)|  32, 2, 0;0,  0;0,  0> +
        (-0.002196, 0.000342)|  21, 1, 0;0,  0;0,  0> +
        (-0.001033, 0.001950)|  33, 0, 2;0,  0;0,  0> +
        ( 0.001248,-0.001494)|  23, 2, 1;0,  0;0,  0> +
        (-0.001890,-0.000216)|  30, 0, 2;0,  0;0,  0> +
        (-0.000723,-0.001535)|  26, 0, 2;0,  0;0,  0> +
        ( 0.001210, 0.001182)|  32, 0, 2;0,  0;0,  0> +
        ( 0.000996,-0.001284)|  25, 0, 0;0,  0;0,  0> +
        ( 0.000159,-0.001533)|  21, 0, 1;0,  0;0,  0> +
        ( 0.000490,-0.001246)|  29, 2, 3;0,  0;0,  0> +
        (-0.000663,-0.001146)|  31, 0, 2;0,  0;0,  0> +
        ( 0.001084, 0.000562)|  23, 2, 0;0,  0;0,  0> +
        ( 0.001028,-0.000439)|  23, 0, 2;0,  0;0,  0> +
        ( 0.000802,-0.000489)|  24, 2, 0;0,  0;0,  0> +
        (-0.000856, 0.000363)|  25, 2, 0;0,  0;0,  0> +
        ( 0.000821, 0.000219)|  22, 2, 0;0,  0;0,  0> +
        ( 0.000119,-0.000807)|  27, 0, 2;0,  0;0,  0> +
        ( 0.000741, 0.000204)|  23, 0, 3;0,  0;0,  0> +
        (-0.000259, 0.000470)|  24, 2, 1;0,  0;0,  0> +
        ( 0.000470,-0.000044)|  27, 2, 3;0,  0;0,  0> +
        (-0.000470,-0.000018)|  30, 3, 2;0,  0;0,  0> +
        ( 0.000184, 0.000419)|  32, 3, 2;0,  0;0,  0> +
        ( 0.000137, 0.000387)|  28, 2, 3;0,  0;0,  0> +
         ...
 | 5> = ( 0.519734,-0.357306)|  23, 3, 3;0,  0;0,  0> +
        ( 0.280168,-0.428850)|  13, 2, 2;0,  0;0,  0> +
        (-0.318482,-0.262642)|  14, 3, 1;0,  0;0,  0> +
        (-0.290307, 0.050100)|  12, 1, 0;0,  0;0,  0> +
        (-0.042395, 0.194649)|  15, 3, 2;0,  0;0,  0> +
        ( 0.097150,-0.052464)|   9, 0, 3;0,  0;0,  0> +
        ( 0.051374, 0.078024)|  10, 0, 3;0,  0;0,  0> +
        (-0.075177,-0.010067)|  14, 2, 2;0,  0;0,  0> +
        (-0.058440, 0.026297)|   9, 3, 0;0,  0;0,  0> +
        (-0.029097,-0.057081)|   9, 2, 1;0,  0;0,  0> +
        ( 0.018135, 0.048666)|  11, 2, 0;0,  0;0,  0> +
        ( 0.005098,-0.034539)|  16, 3, 1;0,  0;0,  0> +
        (-0.003966, 0.034514)|  11, 0, 2;0,  0;0,  0> +
        ( 0.016244,-0.024158)|   9, 1, 1;0,  0;0,  0> +
        ( 0.024232, 0.002211)|  10, 1, 2;0,  0;0,  0> +
        (-0.017813, 0.012637)|   9, 1, 2;0,  0;0,  0> +
        ( 0.015840,-0.001565)|  12, 0, 1;0,  0;0,  0> +
        ( 0.002217,-0.013239)|  10, 3, 0;0,  0;0,  0> +
        ( 0.003263, 0.012571)|  10, 2, 1;0,  0;0,  0> +
        ( 0.008790,-0.001342)|  15, 0, 0;0,  0;0,  0> +
        ( 0.001507, 0.007193)|  12, 0, 2;0,  0;0,  0> +
        (-0.005612, 0.003344)|  14, 2, 3;0,  0;0,  0> +
        (-0.005534,-0.001944)|  11, 0, 1;0,  0;0,  0> +
        ( 0.004714,-0.003145)|  13, 3, 1;0,  0;0,  0> +
        (-0.004800, 0.000631)|  24, 3, 3;0,  0;0,  0> +
        (-0.003802, 0.000127)|  10, 1, 1;0,  0;0,  0> +
        (-0.000812,-0.003529)|   8, 2, 1;0,  0;0,  0> +
        (-0.000552,-0.003343)|  16, 2, 3;0,  0;0,  0> +
        ( 0.003245, 0.000874)|  16, 1, 3;0,  0;0,  0> +
        (-0.002735,-0.001871)|  15, 3, 1;0,  0;0,  0> +
        ( 0.000241, 0.003225)|  11, 1, 0;0,  0;0,  0> +
        (-0.002630,-0.001659)|  16, 3, 2;0,  0;0,  0> +
        ( 0.001034, 0.002836)|  13, 3, 2;0,  0;0,  0> +
        (-0.001882,-0.001256)|   8, 3, 0;0,  0;0,  0> +
        ( 0.002181, 0.000416)|  13, 1, 3;0,  0;0,  0> +
        ( 0.002062,-0.000457)|   8, 1, 2;0,  0;0,  0> +
        ( 0.001721,-0.000344)|  14, 1, 3;0,  0;0,  0> +
        ( 0.000293,-0.001586)|  15, 1, 3;0,  0;0,  0> +
        ( 0.001389, 0.000162)|  12, 3, 1;0,  0;0,  0> +
        ( 0.001316, 0.000024)|  13, 2, 3;0,  0;0,  0> +
        ( 0.000485,-0.001148)|  12, 2, 2;0,  0;0,  0> +
        ( 0.000557, 0.000484)|  22, 3, 3;0,  0;0,  0> +
        (-0.000678, 0.000101)|  14, 3, 2;0,  0;0,  0> +
        (-0.000392,-0.000493)|   8, 0, 3;0,  0;0,  0> +
        ( 0.000412,-0.000041)|  21, 3, 3;0,  0;0,  0> +
         ...
 | 6> = (-0.073128, 0.480108)|  15, 3, 1;0,  0;0,  0> +
        (-0.446203,-0.038513)|  10, 1, 1;0,  0;0,  0> +
        (-0.224152,-0.332066)|  16, 3, 2;0,  0;0,  0> +
        ( 0.212810, 0.215124)|  16, 1, 3;0,  0;0,  0> +
        (-0.068277,-0.243996)|  10, 3, 0;0,  0;0,  0> +
        ( 0.091170, 0.227295)|  12, 0, 2;0,  0;0,  0> +
        (-0.214410,-0.008197)|   9, 0, 3;0,  0;0,  0> +
        (-0.169070, 0.126370)|  16, 2, 3;0,  0;0,  0> +
        (-0.170374, 0.003396)|  10, 2, 1;0,  0;0,  0> +
        (-0.016894, 0.123350)|  15, 1, 3;0,  0;0,  0> +
        (-0.081423, 0.085859)|  10, 1, 2;0,  0;0,  0> +
        (-0.070282,-0.090837)|   9, 1, 2;0,  0;0,  0> +
        (-0.106875,-0.016280)|   9, 3, 0;0,  0;0,  0> +
        (-0.049966, 0.072688)|  15, 2, 3;0,  0;0,  0> +
        (-0.004515,-0.047562)|   9, 2, 1;0,  0;0,  0> +
        ( 0.004074, 0.038468)|  10, 0, 3;0,  0;0,  0> +
        (-0.023660,-0.011513)|  24, 3, 3;0,  0;0,  0> +
        ( 0.021827,-0.000553)|  12, 2, 0;0,  0;0,  0> +
        ( 0.014537, 0.000775)|  16, 0, 0;0,  0;0,  0> +
        ( 0.012045, 0.006860)|  16, 3, 1;0,  0;0,  0> +
        ( 0.006037, 0.001281)|  12, 1, 0;0,  0;0,  0> +
        ( 0.001381, 0.005807)|  11, 2, 0;0,  0;0,  0> +
        ( 0.003746,-0.003722)|  13, 2, 2;0,  0;0,  0> +
        (-0.003048,-0.002901)|  12, 0, 1;0,  0;0,  0> +
        (-0.000718, 0.003574)|  11, 0, 2;0,  0;0,  0> +
        ( 0.002757, 0.002213)|  18, 3, 1;0,  0;0,  0> +
        (-0.001234,-0.002301)|  14, 3, 1;0,  0;0,  0> +
        ( 0.001553,-0.001880)|   9, 1, 1;0,  0;0,  0> +
        (-0.000747, 0.002238)|  15, 3, 2;0,  0;0,  0> +
        ( 0.001013,-0.000025)|  23, 3, 3;0,  0;0,  0> +
        (-0.000644,-0.000476)|  13, 3, 1;0,  0;0,  0> +
        ( 0.000398, 0.000263)|  12, 1, 2;0,  0;0,  0> +
        (-0.000388,-0.000269)|  11, 0, 1;0,  0;0,  0> +
        (-0.000392, 0.000255)|  14, 2, 2;0,  0;0,  0> +
        ( 0.000158, 0.000383)|  22, 3, 3;0,  0;0,  0> +
        (-0.000050,-0.000385)|   8, 2, 1;0,  0;0,  0> +
        ( 0.000362,-0.000088)|  12, 0, 3;0,  0;0,  0> +
        ( 0.000072, 0.000361)|  11, 1, 0;0,  0;0,  0> +
        ( 0.000248, 0.000245)|  14, 2, 3;0,  0;0,  0> +
         ...
 | 7> = ( 0.027074,-0.570506)|  12, 3, 3;0,  0;0,  0> +
        ( 0.112765,-0.437194)|   8, 0, 2;0,  0;0,  0> +
        (-0.371102, 0.085723)|   7, 3, 2;0,  0;0,  0> +
        (-0.306909,-0.114767)|   7, 2, 3;0,  0;0,  0> +
        ( 0.003340,-0.295413)|   6, 1, 1;0,  0;0,  0> +
        ( 0.196823, 0.020215)|   8, 1, 0;0,  0;0,  0> +
        (-0.122053, 0.151709)|   7, 2, 2;0,  0;0,  0> +
        (-0.065140,-0.172442)|   8, 2, 2;0,  0;0,  0> +
        ( 0.013297, 0.087329)|   8, 2, 0;0,  0;0,  0> +
        (-0.051151, 0.024679)|   5, 1, 2;0,  0;0,  0> +
        ( 0.042209, 0.032483)|   5, 0, 3;0,  0;0,  0> +
        ( 0.033826, 0.028196)|   6, 1, 3;0,  0;0,  0> +
        (-0.029487, 0.010491)|   8, 2, 3;0,  0;0,  0> +
        ( 0.019279,-0.019037)|   4, 0, 3;0,  0;0,  0> +
        ( 0.022217,-0.010370)|   8, 3, 2;0,  0;0,  0> +
        (-0.021476,-0.002609)|   7, 2, 0;0,  0;0,  0> +
        ( 0.002237, 0.018916)|   7, 0, 2;0,  0;0,  0> +
        ( 0.005822, 0.007321)|   8, 1, 3;0,  0;0,  0> +
        ( 0.000498,-0.007068)|   6, 2, 1;0,  0;0,  0> +
        (-0.003959, 0.000668)|   6, 3, 1;0,  0;0,  0> +
        (-0.000181, 0.003975)|   5, 2, 1;0,  0;0,  0> +
        (-0.003912,-0.000564)|  11, 0, 0;0,  0;0,  0> +
        (-0.002550,-0.001455)|   4, 1, 2;0,  0;0,  0> +
        ( 0.002306,-0.000426)|   7, 1, 0;0,  0;0,  0> +
        (-0.000662, 0.002153)|   8, 3, 1;0,  0;0,  0> +
        ( 0.001065,-0.001355)|   5, 3, 2;0,  0;0,  0> +
        (-0.001162,-0.001236)|   5, 3, 0;0,  0;0,  0> +
        (-0.000825,-0.001315)|   7, 0, 1;0,  0;0,  0> +
        ( 0.000390, 0.001186)|   4, 3, 0;0,  0;0,  0> +
        ( 0.000196,-0.001011)|   6, 3, 2;0,  0;0,  0> +
        ( 0.000908,-0.000226)|   6, 2, 3;0,  0;0,  0> +
        ( 0.000635,-0.000653)|   5, 1, 1;0,  0;0,  0> +
        (-0.000341, 0.000800)|  11, 3, 3;0,  0;0,  0> +
        (-0.000738,-0.000385)|   6, 1, 2;0,  0;0,  0> +
        ( 0.000790,-0.000106)|   9, 3, 1;0,  0;0,  0> +
        (-0.000348, 0.000368)|   4, 2, 1;0,  0;0,  0> +
        ( 0.000006, 0.000498)|   7, 1, 3;0,  0;0,  0> +
        (-0.000373, 0.000164)|   6, 3, 0;0,  0;0,  0> +
         ...
 | 8> = (-0.572345, 0.193256)|   3, 3, 1;0,  0;0,  0> +
        (-0.406084,-0.014368)|   3, 3, 2;0,  0;0,  0> +
        ( 0.125694, 0.384592)|   5, 0, 1;0,  0;0,  0> +
        (-0.284284, 0.206471)|   4, 3, 1;0,  0;0,  0> +
        ( 0.332040, 0.084887)|   3, 1, 3;0,  0;0,  0> +
        (-0.023044,-0.164629)|   5, 1, 0;0,  0;0,  0> +
        ( 0.010103,-0.146801)|   5, 2, 0;0,  0;0,  0> +
        ( 0.085838, 0.015653)|   5, 0, 2;0,  0;0,  0> +
        ( 0.019620, 0.081746)|   3, 2, 3;0,  0;0,  0> +
        (-0.011557, 0.031161)|   4, 1, 3;0,  0;0,  0> +
        ( 0.003521,-0.012232)|   4, 2, 3;0,  0;0,  0> +
        (-0.001290, 0.008047)|   4, 1, 1;0,  0;0,  0> +
        (-0.000503,-0.004944)|   6, 3, 3;0,  0;0,  0> +
        ( 0.001212, 0.003154)|   5, 1, 3;0,  0;0,  0> +
        ( 0.000346, 0.002891)|   8, 0, 0;0,  0;0,  0> +
        (-0.001083,-0.000505)|   4, 3, 2;0,  0;0,  0> +
        (-0.000707,-0.000898)|   5, 3, 3;0,  0;0,  0> +
        ( 0.000217,-0.001087)|   3, 3, 0;0,  0;0,  0> +
        (-0.000779, 0.000298)|   4, 2, 2;0,  0;0,  0> +
        ( 0.000605, 0.000223)|   3, 2, 1;0,  0;0,  0> +
        (-0.000065,-0.000424)|   3, 0, 3;0,  0;0,  0> +
        ( 0.000369,-0.000068)|   6, 1, 0;0,  0;0,  0> +
         ...
 | 9> = ( 0.080319, 0.749575)|  21, 2, 3;0,  0;0,  0> +
        ( 0.257008, 0.183600)|  30, 3, 1;0,  0;0,  0> +
        ( 0.190087, 0.100085)|  18, 2, 1;0,  0;0,  0> +
        ( 0.196795,-0.047132)|  32, 1, 3;0,  0;0,  0> +
        ( 0.166938,-0.091752)|  29, 1, 3;0,  0;0,  0> +
        (-0.031846,-0.163806)|  18, 0, 3;0,  0;0,  0> +
        (-0.145752,-0.079669)|  29, 3, 1;0,  0;0,  0> +
        (-0.012566,-0.164265)|  30, 1, 3;0,  0;0,  0> +
        ( 0.094551,-0.109049)|  16, 2, 0;0,  0;0,  0> +
        (-0.098387, 0.094010)|  32, 3, 1;0,  0;0,  0> +
        ( 0.046122,-0.119571)|  18, 1, 1;0,  0;0,  0> +
        ( 0.069174, 0.096823)|  16, 0, 2;0,  0;0,  0> +
        ( 0.044088,-0.097320)|  17, 2, 1;0,  0;0,  0> +
        ( 0.099556, 0.011704)|  26, 2, 2;0,  0;0,  0> +
        (-0.060633, 0.063271)|  17, 0, 3;0,  0;0,  0> +
        ( 0.035145, 0.048161)|  18, 1, 2;0,  0;0,  0> +
        (-0.058861, 0.004855)|  17, 3, 0;0,  0;0,  0> +
        (-0.037040, 0.036367)|  21, 0, 0;0,  0;0,  0> +
        (-0.004660, 0.051437)|  27, 2, 2;0,  0;0,  0> +
        (-0.026168,-0.041051)|  23, 1, 1;0,  0;0,  0> +
        (-0.000180,-0.044474)|  15, 0, 3;0,  0;0,  0> +
        ( 0.036941,-0.021085)|  17, 1, 1;0,  0;0,  0> +
        (-0.039730,-0.013392)|  16, 1, 2;0,  0;0,  0> +
        ( 0.001649,-0.034957)|  21, 3, 2;0,  0;0,  0> +
        ( 0.028701, 0.019460)|  18, 0, 2;0,  0;0,  0> +
        ( 0.028430,-0.010710)|  17, 2, 0;0,  0;0,  0> +
        (-0.026587, 0.013681)|  18, 3, 0;0,  0;0,  0> +
        (-0.021885, 0.015774)|  31, 1, 3;0,  0;0,  0> +
        (-0.016714,-0.011312)|  31, 3, 1;0,  0;0,  0> +
        ( 0.017595, 0.002314)|  17, 1, 2;0,  0;0,  0> +
        ( 0.014875, 0.003997)|  22, 3, 2;0,  0;0,  0> +
        ( 0.012407,-0.007738)|  22, 1, 1;0,  0;0,  0> +
        ( 0.005710,-0.009115)|  15, 2, 1;0,  0;0,  0> +
        (-0.002821,-0.008995)|  24, 2, 2;0,  0;0,  0> +
        (-0.006759,-0.003971)|  20, 1, 1;0,  0;0,  0> +
        ( 0.006442, 0.001547)|  16, 3, 0;0,  0;0,  0> +
        ( 0.004970,-0.000521)|  18, 2, 0;0,  0;0,  0> +
        (-0.001302,-0.004380)|  25, 2, 2;0,  0;0,  0> +
        ( 0.003255, 0.002080)|  22, 2, 3;0,  0;0,  0> +
        (-0.003454,-0.000616)|  16, 2, 1;0,  0;0,  0> +
        (-0.001427, 0.002834)|  19, 1, 1;0,  0;0,  0> +
        (-0.001709,-0.002282)|  21, 1, 1;0,  0;0,  0> +
        ( 0.000654,-0.001918)|  20, 0, 0;0,  0;0,  0> +
        ( 0.001696,-0.000882)|  17, 1, 0;0,  0;0,  0> +
        (-0.001252, 0.000180)|  28, 2, 2;0,  0;0,  0> +
        (-0.000494,-0.000763)|  15, 3, 0;0,  0;0,  0> +
        (-0.000622, 0.000042)|  24, 1, 1;0,  0;0,  0> +
        (-0.000473, 0.000405)|  16, 1, 1;0,  0;0,  0> +
        ( 0.000005, 0.000617)|  17, 0, 1;0,  0;0,  0> +
        (-0.000480, 0.000375)|  15, 1, 2;0,  0;0,  0> +
        ( 0.000324,-0.000427)|  15, 0, 2;0,  0;0,  0> +
        ( 0.000480, 0.000147)|  16, 0, 1;0,  0;0,  0> +
        ( 0.000323, 0.000373)|  26, 3, 1;0,  0;0,  0> +
        (-0.000041, 0.000446)|  28, 1, 3;0,  0;0,  0> +
        (-0.000098, 0.000365)|  23, 2, 2;0,  0;0,  0> +
        ( 0.000278,-0.000208)|  30, 2, 2;0,  0;0,  0> +
         ...
 |10> = ( 0.748265, 0.149407)|  22, 0, 1;0,  0;0,  0> +
        (-0.082162,-0.334740)|  29, 2, 0;0,  0;0,  0> +
        ( 0.027175,-0.235146)|  26, 0, 0;0,  0;0,  0> +
        (-0.191220, 0.092863)|  30, 2, 0;0,  0;0,  0> +
        ( 0.174121,-0.113274)|  21, 1, 2;0,  0;0,  0> +
        (-0.027145, 0.186210)|  33, 2, 0;0,  0;0,  0> +
        (-0.128819,-0.053931)|  22, 2, 1;0,  0;0,  0> +
        ( 0.059317,-0.095953)|  22, 1, 2;0,  0;0,  0> +
        ( 0.088181, 0.063603)|  27, 2, 0;0,  0;0,  0> +
        ( 0.071508, 0.078673)|  22, 3, 0;0,  0;0,  0> +
        (-0.005263,-0.096565)|  28, 2, 0;0,  0;0,  0> +
        (-0.090782, 0.006169)|  29, 0, 2;0,  0;0,  0> +
        ( 0.034989, 0.081946)|  26, 0, 2;0,  0;0,  0> +
        ( 0.073217, 0.049919)|  28, 0, 2;0,  0;0,  0> +
        ( 0.068160,-0.017886)|  26, 2, 0;0,  0;0,  0> +
        (-0.003889, 0.061070)|  22, 0, 3;0,  0;0,  0> +
        (-0.001358, 0.057449)|  24, 0, 2;0,  0;0,  0> +
        (-0.047570, 0.026134)|  32, 2, 0;0,  0;0,  0> +
        ( 0.047043,-0.020954)|  27, 0, 2;0,  0;0,  0> +
        (-0.024448, 0.033371)|  31, 2, 0;0,  0;0,  0> +
        ( 0.002167,-0.039112)|  30, 2, 3;0,  0;0,  0> +
        (-0.033936, 0.010034)|  32, 0, 2;0,  0;0,  0> +
        ( 0.007129,-0.033238)|  30, 0, 2;0,  0;0,  0> +
        ( 0.015471,-0.024091)|  21, 0, 3;0,  0;0,  0> +
        (-0.016271,-0.021714)|  33, 0, 2;0,  0;0,  0> +
        ( 0.018081, 0.018977)|  25, 0, 0;0,  0;0,  0> +
        (-0.010256, 0.022342)|  23, 2, 0;0,  0;0,  0> +
        (-0.005799, 0.023371)|  21, 2, 1;0,  0;0,  0> +
        ( 0.007037, 0.019254)|  24, 2, 0;0,  0;0,  0> +
        (-0.013477,-0.012762)|  21, 3, 0;0,  0;0,  0> +
        ( 0.017318,-0.006357)|  21, 0, 1;0,  0;0,  0> +
        ( 0.013871,-0.011869)|  23, 1, 2;0,  0;0,  0> +
        ( 0.018012,-0.001327)|  25, 0, 2;0,  0;0,  0> +
        ( 0.014488,-0.009099)|  31, 0, 2;0,  0;0,  0> +
        ( 0.001394, 0.016519)|  23, 0, 2;0,  0;0,  0> +
        (-0.013887, 0.004981)|  21, 1, 0;0,  0;0,  0> +
        ( 0.005769, 0.012798)|  27, 2, 3;0,  0;0,  0> +
        (-0.009312,-0.006607)|  29, 2, 3;0,  0;0,  0> +
        (-0.000365, 0.011226)|  25, 2, 0;0,  0;0,  0> +
        ( 0.006664,-0.008569)|  20, 3, 0;0,  0;0,  0> +
        (-0.004325, 0.008928)|  22, 2, 0;0,  0;0,  0> +
        ( 0.002335,-0.008473)|  30, 3, 2;0,  0;0,  0> +
        ( 0.003341, 0.007718)|  32, 3, 2;0,  0;0,  0> +
        (-0.006429,-0.004749)|  28, 2, 3;0,  0;0,  0> +
        (-0.004281,-0.006511)|  20, 0, 1;0,  0;0,  0> +
        ( 0.000599,-0.006420)|  24, 0, 0;0,  0;0,  0> +
        ( 0.005418, 0.001648)|  22, 1, 0;0,  0;0,  0> +
        ( 0.001181,-0.005282)|  22, 0, 2;0,  0;0,  0> +
        (-0.004970,-0.000178)|  33, 1, 1;0,  0;0,  0> +
        ( 0.000828, 0.003844)|  21, 0, 2;0,  0;0,  0> +
        ( 0.001844,-0.003458)|  29, 3, 2;0,  0;0,  0> +
        (-0.002645,-0.002555)|  20, 1, 2;0,  0;0,  0> +
        ( 0.000139,-0.003102)|  27, 0, 0;0,  0;0,  0> +
        ( 0.003008,-0.000115)|  31, 3, 2;0,  0;0,  0> +
        ( 0.002234, 0.001664)|  20, 1, 0;0,  0;0,  0> +
        (-0.000382,-0.002749)|  21, 2, 0;0,  0;0,  0> +
        ( 0.002442, 0.000494)|  20, 2, 1;0,  0;0,  0> +
        ( 0.001689, 0.001240)|  25, 2, 3;0,  0;0,  0> +
        ( 0.001054, 0.000993)|  31, 1, 1;0,  0;0,  0> +
        (-0.001195,-0.000136)|  20, 0, 2;0,  0;0,  0> +
        (-0.001109,-0.000326)|  28, 3, 2;0,  0;0,  0> +
        ( 0.000578, 0.000854)|  23, 3, 0;0,  0;0,  0> +
        (-0.000795, 0.000535)|  19, 3, 0;0,  0;0,  0> +
        ( 0.000646,-0.000506)|  19, 0, 3;0,  0;0,  0> +
        ( 0.000233, 0.000590)|  29, 1, 1;0,  0;0,  0> +
        (-0.000072,-0.000624)|  19, 2, 1;0,  0;0,  0> +
        ( 0.000488, 0.000348)|  20, 0, 3;0,  0;0,  0> +
        (-0.000464,-0.000268)|  20, 2, 0;0,  0;0,  0> +
        ( 0.000389, 0.000187)|  32, 1, 1;0,  0;0,  0> +
        ( 0.000053, 0.000408)|  24, 1, 2;0,  0;0,  0> +
         ...
 |11> = ( 0.679972,-0.090161)|   6, 1, 0;0,  0;0,  0> +
        (-0.100703, 0.582310)|   3, 3, 0;0,  0;0,  0> +
        ( 0.059214,-0.244350)|   5, 1, 3;0,  0;0,  0> +
        ( 0.168330,-0.165281)|   4, 3, 2;0,  0;0,  0> +
        ( 0.022900, 0.177442)|   3, 0, 3;0,  0;0,  0> +
        ( 0.129086,-0.007187)|   7, 3, 3;0,  0;0,  0> +
        (-0.016140,-0.066547)|   3, 2, 1;0,  0;0,  0> +
        ( 0.045443,-0.020637)|   4, 2, 3;0,  0;0,  0> +
        ( 0.047021,-0.003876)|   5, 0, 2;0,  0;0,  0> +
        ( 0.033114, 0.028543)|   3, 1, 2;0,  0;0,  0> +
        ( 0.019327, 0.014792)|   5, 3, 1;0,  0;0,  0> +
        ( 0.005213, 0.022731)|   5, 2, 0;0,  0;0,  0> +
        ( 0.004628,-0.009231)|   5, 2, 2;0,  0;0,  0> +
        (-0.002310, 0.006498)|   6, 0, 2;0,  0;0,  0> +
        ( 0.001405,-0.005596)|   6, 2, 2;0,  0;0,  0> +
        (-0.001305, 0.003124)|   4, 2, 1;0,  0;0,  0> +
        (-0.000753,-0.002491)|   6, 0, 1;0,  0;0,  0> +
        (-0.002329,-0.000128)|   4, 3, 0;0,  0;0,  0> +
        (-0.001534, 0.001695)|   4, 3, 1;0,  0;0,  0> +
        (-0.001263, 0.000934)|   6, 3, 3;0,  0;0,  0> +
        ( 0.000099, 0.001375)|   3, 3, 2;0,  0;0,  0> +
        (-0.000316,-0.001068)|   5, 0, 1;0,  0;0,  0> +
        (-0.000049, 0.000766)|   3, 1, 3;0,  0;0,  0> +
        ( 0.000662, 0.000199)|   3, 2, 3;0,  0;0,  0> +
        (-0.000037,-0.000618)|   3, 3, 1;0,  0;0,  0> +
        (-0.000321, 0.000510)|   4, 1, 1;0,  0;0,  0> +
        (-0.000137,-0.000504)|   4, 1, 2;0,  0;0,  0> +
        ( 0.000137, 0.000341)|   6, 2, 0;0,  0;0,  0> +
        ( 0.000013, 0.000324)|   5, 1, 0;0,  0;0,  0> +
         ...
 |12> = ( 0.105753, 0.773491)|   7, 0, 1;0,  0;0,  0> +
        ( 0.449245, 0.060156)|   6, 1, 3;0,  0;0,  0> +
        (-0.031323, 0.245883)|   5, 1, 2;0,  0;0,  0> +
        ( 0.229972, 0.076438)|   7, 2, 0;0,  0;0,  0> +
        ( 0.025398, 0.207794)|   8, 2, 0;0,  0;0,  0> +
        ( 0.028162,-0.102412)|   7, 2, 2;0,  0;0,  0> +
        ( 0.015499, 0.051040)|   8, 0, 2;0,  0;0,  0> +
        (-0.044059,-0.007052)|   5, 0, 3;0,  0;0,  0> +
        ( 0.027746,-0.027795)|   7, 0, 2;0,  0;0,  0> +
        (-0.031224, 0.018560)|   7, 1, 0;0,  0;0,  0> +
        ( 0.029440, 0.020943)|   5, 1, 1;0,  0;0,  0> +
        ( 0.008173, 0.019323)|  11, 3, 3;0,  0;0,  0> +
        ( 0.001275,-0.013974)|   8, 2, 2;0,  0;0,  0> +
        ( 0.005806, 0.008218)|   4, 0, 3;0,  0;0,  0> +
        (-0.004098,-0.003126)|   6, 3, 2;0,  0;0,  0> +
        ( 0.000513,-0.004475)|   6, 1, 1;0,  0;0,  0> +
        (-0.001934,-0.002394)|   7, 2, 3;0,  0;0,  0> +
        (-0.000548,-0.001865)|   6, 3, 1;0,  0;0,  0> +
        (-0.001906, 0.000306)|   7, 3, 2;0,  0;0,  0> +
        (-0.000136, 0.001807)|   6, 2, 1;0,  0;0,  0> +
        ( 0.001715, 0.000352)|   5, 3, 0;0,  0;0,  0> +
        ( 0.000610,-0.001433)|   6, 2, 3;0,  0;0,  0> +
        (-0.000240, 0.001207)|   8, 1, 3;0,  0;0,  0> +
        ( 0.001054,-0.000083)|   8, 1, 0;0,  0;0,  0> +
        ( 0.000588,-0.000877)|   4, 1, 2;0,  0;0,  0> +
        (-0.000796,-0.000587)|   5, 2, 1;0,  0;0,  0> +
        (-0.000850, 0.000183)|  10, 0, 0;0,  0;0,  0> +
        ( 0.000691, 0.000114)|   6, 1, 2;0,  0;0,  0> +
        ( 0.000507, 0.000454)|   5, 3, 2;0,  0;0,  0> +
        (-0.000453, 0.000111)|   4, 3, 0;0,  0;0,  0> +
         ...
 |13> = ( 0.541498,-0.091592)|  24, 1, 3;0,  0;0,  0> +
        ( 0.520477,-0.000922)|  25, 1, 3;0,  0;0,  0> +
        ( 0.304782,-0.165929)|  13, 2, 1;0,  0;0,  0> +
        (-0.282314, 0.134135)|  18, 2, 2;0,  0;0,  0> +
        (-0.031343,-0.263584)|  20, 2, 2;0,  0;0,  0> +
        (-0.190456,-0.016214)|  25, 3, 1;0,  0;0,  0> +
        (-0.180119, 0.047536)|  13, 0, 3;0,  0;0,  0> +
        (-0.133540,-0.126195)|  14, 2, 1;0,  0;0,  0> +
        (-0.094489, 0.020531)|  19, 3, 2;0,  0;0,  0> +
        (-0.009160, 0.073579)|  31, 3, 3;0,  0;0,  0> +
        (-0.048436,-0.055831)|  19, 2, 3;0,  0;0,  0> +
        ( 0.016938,-0.052314)|  14, 2, 0;0,  0;0,  0> +
        ( 0.012505,-0.051363)|  13, 3, 0;0,  0;0,  0> +
        (-0.042405, 0.028214)|  13, 1, 1;0,  0;0,  0> +
        ( 0.045447, 0.021991)|  14, 0, 3;0,  0;0,  0> +
        ( 0.037946,-0.017610)|  14, 1, 1;0,  0;0,  0> +
        (-0.014699, 0.002744)|  13, 1, 2;0,  0;0,  0> +
        ( 0.008444, 0.010047)|  24, 3, 1;0,  0;0,  0> +
        ( 0.005878,-0.009999)|  14, 3, 0;0,  0;0,  0> +
        ( 0.005909,-0.003735)|  14, 0, 2;0,  0;0,  0> +
        (-0.006960,-0.000444)|  19, 0, 0;0,  0;0,  0> +
        ( 0.004761, 0.004900)|  22, 3, 1;0,  0;0,  0> +
        ( 0.004262,-0.003697)|  18, 0, 0;0,  0;0,  0> +
        (-0.002546,-0.004241)|  14, 1, 2;0,  0;0,  0> +
        (-0.002647,-0.003396)|  20, 2, 3;0,  0;0,  0> +
        ( 0.002333,-0.003218)|  16, 0, 3;0,  0;0,  0> +
        ( 0.003153,-0.002254)|  17, 2, 2;0,  0;0,  0> +
        (-0.000889,-0.003509)|  15, 1, 2;0,  0;0,  0> +
        (-0.001567,-0.003191)|  21, 2, 2;0,  0;0,  0> +
        ( 0.002948, 0.000364)|  32, 3, 3;0,  0;0,  0> +
        (-0.002313,-0.001719)|  11, 0, 3;0,  0;0,  0> +
        ( 0.001816,-0.002121)|  26, 1, 3;0,  0;0,  0> +
        (-0.002086,-0.001659)|  20, 3, 2;0,  0;0,  0> +
        (-0.001084, 0.002423)|  12, 1, 1;0,  0;0,  0> +
        ( 0.002206,-0.000688)|  20, 1, 3;0,  0;0,  0> +
        (-0.001783,-0.000958)|  11, 3, 0;0,  0;0,  0> +
        ( 0.000210, 0.001783)|  23, 3, 1;0,  0;0,  0> +
        (-0.001391, 0.000841)|  19, 1, 3;0,  0;0,  0> +
        ( 0.000669,-0.001193)|  18, 3, 2;0,  0;0,  0> +
        ( 0.001020, 0.000868)|  23, 1, 3;0,  0;0,  0> +
        ( 0.000766, 0.001075)|  22, 2, 2;0,  0;0,  0> +
        (-0.000999, 0.000269)|  15, 2, 0;0,  0;0,  0> +
        (-0.000103, 0.000913)|  14, 1, 0;0,  0;0,  0> +
        ( 0.000810, 0.000077)|  27, 1, 3;0,  0;0,  0> +
        ( 0.000530,-0.000396)|  14, 0, 1;0,  0;0,  0> +
        ( 0.000603,-0.000020)|  19, 2, 2;0,  0;0,  0> +
        (-0.000026,-0.000559)|  30, 3, 3;0,  0;0,  0> +
        (-0.000545,-0.000063)|  11, 1, 2;0,  0;0,  0> +
        ( 0.000218, 0.000422)|  26, 3, 1;0,  0;0,  0> +
        ( 0.000188, 0.000393)|  22, 1, 3;0,  0;0,  0> +
        ( 0.000085,-0.000322)|  11, 2, 1;0,  0;0,  0> +
         ...
 |14> = (-0.587503, 0.497027)|   5, 2, 1;0,  0;0,  0> +
        (-0.364854,-0.143245)|   6, 1, 2;0,  0;0,  0> +
        (-0.243729,-0.217025)|   8, 3, 1;0,  0;0,  0> +
        ( 0.068205,-0.223841)|   5, 3, 0;0,  0;0,  0> +
        (-0.100369,-0.086240)|   8, 1, 3;0,  0;0,  0> +
        (-0.112938,-0.057989)|  14, 3, 3;0,  0;0,  0> +
        (-0.061492,-0.108711)|   5, 0, 3;0,  0;0,  0> +
        (-0.039968, 0.109035)|   6, 2, 1;0,  0;0,  0> +
        ( 0.092075, 0.003995)|   8, 0, 1;0,  0;0,  0> +
        ( 0.049886,-0.068194)|   6, 3, 0;0,  0;0,  0> +
        (-0.052034,-0.010210)|   8, 3, 2;0,  0;0,  0> +
        (-0.045934,-0.020892)|   6, 0, 3;0,  0;0,  0> +
        (-0.042073,-0.026873)|   9, 3, 1;0,  0;0,  0> +
        (-0.039964, 0.021524)|   8, 2, 3;0,  0;0,  0> +
        ( 0.024221,-0.035358)|   9, 1, 3;0,  0;0,  0> +
        ( 0.031731,-0.022110)|  13, 3, 3;0,  0;0,  0> +
        (-0.011290,-0.014774)|  11, 0, 0;0,  0;0,  0> +
        ( 0.008254,-0.013388)|   8, 0, 2;0,  0;0,  0> +
        ( 0.012634,-0.008953)|   5, 1, 2;0,  0;0,  0> +
        (-0.011085,-0.006275)|   8, 2, 2;0,  0;0,  0> +
        ( 0.008203,-0.008179)|  10, 1, 3;0,  0;0,  0> +
        (-0.008635, 0.004539)|   6, 1, 1;0,  0;0,  0> +
        (-0.003829, 0.003666)|   8, 2, 0;0,  0;0,  0> +
        ( 0.003247,-0.001532)|   7, 2, 3;0,  0;0,  0> +
        (-0.001812,-0.001769)|   7, 3, 2;0,  0;0,  0> +
        ( 0.001263,-0.002119)|   7, 2, 2;0,  0;0,  0> +
        (-0.001662,-0.001272)|   6, 1, 3;0,  0;0,  0> +
        (-0.001659, 0.001210)|   8, 1, 0;0,  0;0,  0> +
        (-0.001690,-0.000170)|   9, 0, 2;0,  0;0,  0> +
        (-0.000674, 0.000661)|   7, 2, 0;0,  0;0,  0> +
        ( 0.000704,-0.000465)|   4, 0, 3;0,  0;0,  0> +
        ( 0.000453,-0.000625)|   7, 0, 1;0,  0;0,  0> +
        ( 0.000219, 0.000534)|  10, 3, 1;0,  0;0,  0> +
        (-0.000460, 0.000002)|  12, 3, 3;0,  0;0,  0> +
        ( 0.000289, 0.000161)|   7, 0, 2;0,  0;0,  0> +
        ( 0.000012, 0.000330)|   9, 2, 0;0,  0;0,  0> +
         ...
 |15> = ( 0.258921,-0.671967)|  21, 2, 0;0,  0;0,  0> +
        ( 0.111102, 0.389454)|  26, 2, 3;0,  0;0,  0> +
        (-0.022342, 0.272851)|  20, 0, 2;0,  0;0,  0> +
        (-0.242981,-0.122665)|  22, 0, 2;0,  0;0,  0> +
        ( 0.143180, 0.222426)|  20, 3, 0;0,  0;0,  0> +
        ( 0.118485, 0.123592)|  20, 0, 3;0,  0;0,  0> +
        ( 0.102250,-0.077122)|  21, 0, 2;0,  0;0,  0> +
        (-0.069149,-0.099066)|  20, 1, 2;0,  0;0,  0> +
        ( 0.078685, 0.059643)|  20, 2, 1;0,  0;0,  0> +
        (-0.078830,-0.028085)|  31, 1, 1;0,  0;0,  0> +
        ( 0.063254,-0.037693)|  25, 0, 2;0,  0;0,  0> +
        ( 0.043670,-0.054713)|  22, 2, 0;0,  0;0,  0> +
        ( 0.004391,-0.057557)|  23, 2, 0;0,  0;0,  0> +
        (-0.011384,-0.032858)|  27, 0, 2;0,  0;0,  0> +
        (-0.023868, 0.024434)|  19, 3, 0;0,  0;0,  0> +
        ( 0.019858,-0.027457)|  20, 1, 0;0,  0;0,  0> +
        ( 0.003138, 0.030341)|  29, 1, 1;0,  0;0,  0> +
        ( 0.026978,-0.009420)|  19, 0, 3;0,  0;0,  0> +
        (-0.010704,-0.020164)|  19, 2, 1;0,  0;0,  0> +
        (-0.018414,-0.012024)|  20, 2, 0;0,  0;0,  0> +
        (-0.018609, 0.010553)|  25, 2, 0;0,  0;0,  0> +
        (-0.004701,-0.011835)|  32, 1, 1;0,  0;0,  0> +
        (-0.003684, 0.011581)|  28, 2, 0;0,  0;0,  0> +
        (-0.007392,-0.009546)|  25, 2, 3;0,  0;0,  0> +
        (-0.007107, 0.008753)|  19, 0, 1;0,  0;0,  0> +
        (-0.008397, 0.001184)|  23, 0, 0;0,  0;0,  0> +
        (-0.002885,-0.006471)|  19, 1, 2;0,  0;0,  0> +
        ( 0.003951,-0.003072)|  22, 2, 1;0,  0;0,  0> +
        ( 0.003632,-0.003412)|  26, 3, 2;0,  0;0,  0> +
        ( 0.001616, 0.004595)|  23, 0, 2;0,  0;0,  0> +
        (-0.004554,-0.001064)|  19, 2, 0;0,  0;0,  0> +
        ( 0.001678,-0.004014)|  17, 1, 2;0,  0;0,  0> +
        ( 0.004246,-0.000480)|  25, 3, 2;0,  0;0,  0> +
        (-0.001990, 0.003421)|  30, 1, 1;0,  0;0,  0> +
        (-0.003518,-0.001078)|  27, 3, 2;0,  0;0,  0> +
        (-0.003650,-0.000168)|  24, 3, 2;0,  0;0,  0> +
        ( 0.003084, 0.000477)|  23, 2, 3;0,  0;0,  0> +
        ( 0.001836, 0.002327)|  21, 1, 1;0,  0;0,  0> +
        (-0.001075, 0.002524)|  33, 1, 1;0,  0;0,  0> +
        ( 0.000405, 0.002566)|  19, 1, 0;0,  0;0,  0> +
        ( 0.000049,-0.002570)|  22, 1, 2;0,  0;0,  0> +
        (-0.001970, 0.001211)|  19, 0, 2;0,  0;0,  0> +
        (-0.001255,-0.001795)|  27, 1, 1;0,  0;0,  0> +
        ( 0.001814, 0.000681)|  24, 0, 2;0,  0;0,  0> +
        (-0.001334, 0.001370)|  26, 1, 1;0,  0;0,  0> +
        (-0.001140,-0.001369)|  28, 1, 1;0,  0;0,  0> +
        (-0.001467, 0.000816)|  24, 2, 0;0,  0;0,  0> +
        (-0.001648,-0.000240)|  26, 0, 2;0,  0;0,  0> +
        ( 0.000913,-0.001070)|  22, 1, 1;0,  0;0,  0> +
        (-0.000597, 0.001185)|  25, 1, 1;0,  0;0,  0> +
        ( 0.000754,-0.001081)|  21, 2, 1;0,  0;0,  0> +
        (-0.000718, 0.001007)|  28, 0, 2;0,  0;0,  0> +
        (-0.000796, 0.000684)|  24, 1, 1;0,  0;0,  0> +
        (-0.000826, 0.000367)|  24, 2, 3;0,  0;0,  0> +
        ( 0.000786, 0.000041)|  23, 3, 2;0,  0;0,  0> +
        ( 0.000772, 0.000120)|  23, 1, 1;0,  0;0,  0> +
        (-0.000595, 0.000381)|  21, 1, 2;0,  0;0,  0> +
        (-0.000678,-0.000052)|  24, 0, 0;0,  0;0,  0> +
        ( 0.000071,-0.000630)|  17, 3, 0;0,  0;0,  0> +
        (-0.000478, 0.000255)|  18, 1, 2;0,  0;0,  0> +
        (-0.000444,-0.000308)|  20, 1, 1;0,  0;0,  0> +
        (-0.000346, 0.000258)|  18, 2, 0;0,  0;0,  0> +
        ( 0.000182,-0.000382)|  19, 1, 1;0,  0;0,  0> +
        (-0.000333, 0.000174)|  17, 0, 2;0,  0;0,  0> +
        ( 0.000144, 0.000333)|  27, 2, 0;0,  0;0,  0> +
        ( 0.000072, 0.000331)|  18, 0, 1;0,  0;0,  0> +
         ...
 |16> = (-0.553588, 0.016512)|   7, 1, 0;0,  0;0,  0> +
        ( 0.542822, 0.104148)|   6, 3, 1;0,  0;0,  0> +
        (-0.139165,-0.312050)|   5, 1, 1;0,  0;0,  0> +
        (-0.284004, 0.143884)|   5, 3, 2;0,  0;0,  0> +
        (-0.237397, 0.124380)|   4, 0, 3;0,  0;0,  0> +
        ( 0.055291, 0.238256)|   7, 0, 2;0,  0;0,  0> +
        (-0.134213, 0.003959)|   6, 2, 3;0,  0;0,  0> +
        ( 0.006976,-0.077614)|   7, 1, 3;0,  0;0,  0> +
        ( 0.066524, 0.007596)|   7, 2, 0;0,  0;0,  0> +
        (-0.007795, 0.065741)|   4, 1, 2;0,  0;0,  0> +
        ( 0.010330,-0.032780)|   6, 3, 2;0,  0;0,  0> +
        ( 0.004445, 0.032634)|  10, 3, 3;0,  0;0,  0> +
        ( 0.017718,-0.020821)|   8, 0, 2;0,  0;0,  0> +
        ( 0.001102, 0.024250)|  10, 0, 0;0,  0;0,  0> +
        ( 0.007575,-0.020123)|   4, 3, 0;0,  0;0,  0> +
        ( 0.008089,-0.018538)|   7, 0, 1;0,  0;0,  0> +
        ( 0.011443,-0.013566)|   8, 2, 0;0,  0;0,  0> +
        ( 0.010800, 0.000504)|   4, 2, 1;0,  0;0,  0> +
        ( 0.000298, 0.008004)|   6, 1, 1;0,  0;0,  0> +
        ( 0.004090,-0.004457)|   5, 2, 3;0,  0;0,  0> +
        ( 0.002068, 0.005335)|   7, 3, 1;0,  0;0,  0> +
        (-0.000897, 0.001017)|   6, 2, 2;0,  0;0,  0> +
        (-0.000725, 0.000985)|   3, 1, 2;0,  0;0,  0> +
        ( 0.000613,-0.000712)|   3, 0, 3;0,  0;0,  0> +
        ( 0.000514, 0.000414)|   3, 2, 1;0,  0;0,  0> +
        ( 0.000025,-0.000552)|   9, 3, 3;0,  0;0,  0> +
        (-0.000287,-0.000397)|   6, 2, 0;0,  0;0,  0> +
        (-0.000335,-0.000336)|   6, 0, 2;0,  0;0,  0> +
        (-0.000140, 0.000316)|   3, 3, 0;0,  0;0,  0> +
         ...
 |17> = ( 0.422093,-0.257845)|  13, 1, 1;0,  0;0,  0> +
        (-0.160843, 0.433781)|  14, 0, 3;0,  0;0,  0> +
        (-0.403307,-0.045025)|  25, 1, 3;0,  0;0,  0> +
        (-0.309991, 0.154228)|  18, 2, 2;0,  0;0,  0> +
        (-0.231842,-0.234316)|  14, 2, 1;0,  0;0,  0> +
        ( 0.258758, 0.000689)|  24, 1, 3;0,  0;0,  0> +
        (-0.156662, 0.049364)|  13, 2, 1;0,  0;0,  0> +
        (-0.129291, 0.011857)|  13, 3, 0;0,  0;0,  0> +
        ( 0.012842, 0.092222)|  20, 2, 2;0,  0;0,  0> +
        (-0.067290, 0.060140)|  14, 0, 2;0,  0;0,  0> +
        (-0.081225,-0.004185)|  25, 3, 1;0,  0;0,  0> +
        ( 0.059777, 0.010570)|  13, 0, 3;0,  0;0,  0> +
        ( 0.046564,-0.028918)|  14, 1, 2;0,  0;0,  0> +
        ( 0.023962, 0.042120)|  13, 1, 2;0,  0;0,  0> +
        (-0.012245, 0.039092)|  14, 3, 0;0,  0;0,  0> +
        (-0.016225, 0.012459)|  11, 0, 3;0,  0;0,  0> +
        (-0.013372,-0.014524)|  18, 0, 0;0,  0;0,  0> +
        (-0.018336, 0.005206)|  19, 3, 2;0,  0;0,  0> +
        ( 0.003937, 0.017528)|  12, 1, 1;0,  0;0,  0> +
        (-0.008898,-0.014236)|  19, 2, 3;0,  0;0,  0> +
        (-0.011053,-0.011678)|  24, 3, 1;0,  0;0,  0> +
        (-0.001575,-0.013174)|  14, 2, 0;0,  0;0,  0> +
        ( 0.001390,-0.011739)|  31, 3, 3;0,  0;0,  0> +
        (-0.011304,-0.003429)|  14, 0, 1;0,  0;0,  0> +
        (-0.002192, 0.010797)|  22, 3, 1;0,  0;0,  0> +
        (-0.009678,-0.000478)|  19, 0, 0;0,  0;0,  0> +
        (-0.000097, 0.009547)|  20, 1, 3;0,  0;0,  0> +
        (-0.008567,-0.001397)|  19, 1, 3;0,  0;0,  0> +
        ( 0.006495,-0.005427)|  11, 3, 0;0,  0;0,  0> +
        ( 0.000911, 0.007478)|  18, 3, 2;0,  0;0,  0> +
        ( 0.005428, 0.000041)|  17, 2, 2;0,  0;0,  0> +
        ( 0.004074, 0.002211)|  32, 3, 3;0,  0;0,  0> +
        (-0.000803,-0.004011)|  11, 1, 2;0,  0;0,  0> +
        ( 0.004061,-0.000236)|  14, 1, 0;0,  0;0,  0> +
        (-0.000877,-0.003947)|  15, 1, 2;0,  0;0,  0> +
        (-0.000681,-0.003675)|  11, 2, 1;0,  0;0,  0> +
        ( 0.002758, 0.000544)|  14, 1, 1;0,  0;0,  0> +
        (-0.002756,-0.000429)|  22, 1, 3;0,  0;0,  0> +
        ( 0.000641,-0.002643)|  30, 3, 3;0,  0;0,  0> +
        (-0.000612,-0.002612)|  20, 3, 2;0,  0;0,  0> +
        ( 0.001998,-0.001777)|  16, 0, 3;0,  0;0,  0> +
        (-0.001012,-0.002119)|  23, 3, 1;0,  0;0,  0> +
        (-0.000863,-0.001962)|  20, 2, 3;0,  0;0,  0> +
        ( 0.000802, 0.001142)|  19, 2, 2;0,  0;0,  0> +
        (-0.001135,-0.000395)|  13, 2, 0;0,  0;0,  0> +
        (-0.000159,-0.001080)|  19, 3, 1;0,  0;0,  0> +
        (-0.000491, 0.000875)|  23, 1, 3;0,  0;0,  0> +
        (-0.000402, 0.000716)|  18, 2, 3;0,  0;0,  0> +
        (-0.000457, 0.000587)|  26, 1, 3;0,  0;0,  0> +
        ( 0.000143,-0.000722)|  12, 0, 3;0,  0;0,  0> +
        (-0.000536,-0.000249)|  21, 3, 1;0,  0;0,  0> +
        ( 0.000486, 0.000241)|  12, 2, 1;0,  0;0,  0> +
        (-0.000242, 0.000331)|  20, 3, 1;0,  0;0,  0> +
        ( 0.000236, 0.000325)|  13, 0, 2;0,  0;0,  0> +
        ( 0.000384, 0.000052)|  12, 1, 2;0,  0;0,  0> +
        (-0.000094, 0.000376)|  15, 3, 0;0,  0;0,  0> +
         ...
 |18> = ( 0.227550, 0.744495)|   7, 0, 2;0,  0;0,  0> +
        ( 0.207218, 0.475104)|   5, 1, 1;0,  0;0,  0> +
        ( 0.233447, 0.005532)|   7, 2, 0;0,  0;0,  0> +
        (-0.146124,-0.149721)|   6, 3, 2;0,  0;0,  0> +
        ( 0.112379,-0.047678)|   4, 0, 3;0,  0;0,  0> +
        ( 0.020461,-0.066096)|   7, 0, 1;0,  0;0,  0> +
        ( 0.003395,-0.064239)|   6, 2, 3;0,  0;0,  0> +
        (-0.023363,-0.025576)|   7, 1, 0;0,  0;0,  0> +
        (-0.012833,-0.025465)|   8, 2, 0;0,  0;0,  0> +
        (-0.015683, 0.002781)|   6, 3, 1;0,  0;0,  0> +
        ( 0.001744, 0.015642)|   6, 1, 1;0,  0;0,  0> +
        (-0.006749,-0.012764)|   4, 1, 2;0,  0;0,  0> +
        (-0.005415, 0.011277)|   8, 0, 2;0,  0;0,  0> +
        ( 0.010709,-0.000212)|   5, 3, 2;0,  0;0,  0> +
        ( 0.000705,-0.008386)|   5, 1, 2;0,  0;0,  0> +
        (-0.000654, 0.006552)|   4, 3, 0;0,  0;0,  0> +
        (-0.000760,-0.003568)|  11, 3, 3;0,  0;0,  0> +
        (-0.002550,-0.001802)|  10, 0, 0;0,  0;0,  0> +
        (-0.002854, 0.000727)|   4, 2, 1;0,  0;0,  0> +
        (-0.002319,-0.000089)|   6, 1, 3;0,  0;0,  0> +
        ( 0.000069, 0.001754)|   7, 1, 3;0,  0;0,  0> +
        ( 0.001233, 0.000364)|   5, 0, 3;0,  0;0,  0> +
        ( 0.001023, 0.000530)|  10, 3, 3;0,  0;0,  0> +
        (-0.000545,-0.000251)|   6, 2, 0;0,  0;0,  0> +
        (-0.000116, 0.000514)|   7, 2, 2;0,  0;0,  0> +
        ( 0.000188,-0.000395)|   3, 1, 2;0,  0;0,  0> +
         ...
 |19> = (-0.529740, 0.679896)|  10, 1, 3;0,  0;0,  0> +
        ( 0.083557,-0.279525)|   9, 1, 3;0,  0;0,  0> +
        ( 0.247974,-0.039988)|   6, 3, 0;0,  0;0,  0> +
        (-0.212868, 0.107581)|   5, 3, 0;0,  0;0,  0> +
        ( 0.002045,-0.163776)|  10, 3, 1;0,  0;0,  0> +
        ( 0.005267,-0.088080)|   7, 1, 1;0,  0;0,  0> +
        (-0.059111,-0.019708)|   5, 2, 1;0,  0;0,  0> +
        ( 0.007488,-0.055077)|   9, 3, 1;0,  0;0,  0> +
        (-0.000482, 0.046620)|   6, 0, 3;0,  0;0,  0> +
        ( 0.033654, 0.028196)|   9, 0, 2;0,  0;0,  0> +
        ( 0.017080,-0.039192)|  15, 3, 3;0,  0;0,  0> +
        (-0.038814, 0.002009)|  12, 0, 0;0,  0;0,  0> +
        ( 0.036235,-0.010537)|   6, 2, 1;0,  0;0,  0> +
        (-0.011355, 0.026089)|   6, 1, 2;0,  0;0,  0> +
        ( 0.015243,-0.012996)|   5, 0, 3;0,  0;0,  0> +
        (-0.011026, 0.000300)|   9, 3, 2;0,  0;0,  0> +
        ( 0.000204, 0.007035)|   8, 3, 2;0,  0;0,  0> +
        ( 0.000349, 0.006528)|   8, 1, 3;0,  0;0,  0> +
        ( 0.003586, 0.003642)|   8, 2, 3;0,  0;0,  0> +
        ( 0.003894, 0.002478)|   8, 3, 1;0,  0;0,  0> +
        ( 0.003750, 0.002267)|   8, 0, 2;0,  0;0,  0> +
        ( 0.000617,-0.003969)|   9, 2, 0;0,  0;0,  0> +
        ( 0.003622,-0.001102)|   8, 0, 1;0,  0;0,  0> +
        ( 0.002156, 0.003056)|   5, 1, 2;0,  0;0,  0> +
        (-0.002703,-0.001652)|   6, 1, 1;0,  0;0,  0> +
        (-0.001479, 0.000471)|  14, 3, 3;0,  0;0,  0> +
        ( 0.001419, 0.000044)|  11, 0, 0;0,  0;0,  0> +
        (-0.001056,-0.000947)|   8, 2, 0;0,  0;0,  0> +
        (-0.000746, 0.000380)|   7, 3, 2;0,  0;0,  0> +
        ( 0.000715, 0.000009)|   7, 2, 3;0,  0;0,  0> +
        (-0.000495,-0.000039)|  13, 3, 3;0,  0;0,  0> +
        (-0.000320, 0.000347)|   8, 1, 0;0,  0;0,  0> +
        ( 0.000351,-0.000275)|   6, 1, 3;0,  0;0,  0> +
        (-0.000166, 0.000350)|   8, 2, 2;0,  0;0,  0> +
         ...
 |20> = (-0.075634, 0.684848)|  30, 0, 3;0,  0;0,  0> +
        ( 0.363956, 0.014377)|  28, 2, 1;0,  0;0,  0> +
        (-0.193018, 0.234974)|  28, 0, 3;0,  0;0,  0> +
        ( 0.149158,-0.194807)|  33, 0, 0;0,  0;0,  0> +
        ( 0.048704, 0.239643)|  29, 0, 3;0,  0;0,  0> +
        ( 0.164147,-0.003715)|  25, 3, 0;0,  0;0,  0> +
        (-0.150390,-0.058580)|  25, 0, 3;0,  0;0,  0> +
        (-0.021846,-0.153135)|  25, 1, 2;0,  0;0,  0> +
        ( 0.048299,-0.119481)|  26, 0, 3;0,  0;0,  0> +
        (-0.123365, 0.034128)|  30, 2, 1;0,  0;0,  0> +
        ( 0.044256,-0.120090)|  29, 2, 1;0,  0;0,  0> +
        ( 0.119908,-0.001378)|  26, 2, 1;0,  0;0,  0> +
        ( 0.116756,-0.002841)|  33, 3, 0;0,  0;0,  0> +
        ( 0.024807,-0.113370)|  24, 0, 3;0,  0;0,  0> +
        (-0.006630, 0.055421)|  25, 1, 0;0,  0;0,  0> +
        (-0.043681,-0.030061)|  32, 3, 0;0,  0;0,  0> +
        (-0.005483, 0.045597)|  25, 0, 1;0,  0;0,  0> +
        (-0.045022, 0.002306)|  32, 1, 2;0,  0;0,  0> +
        (-0.022521,-0.010259)|  33, 1, 2;0,  0;0,  0> +
        (-0.004374, 0.018668)|  28, 1, 2;0,  0;0,  0> +
        ( 0.007799,-0.016972)|  31, 3, 0;0,  0;0,  0> +
        ( 0.014036,-0.002590)|  32, 0, 0;0,  0;0,  0> +
        ( 0.013518,-0.001448)|  23, 2, 1;0,  0;0,  0> +
        ( 0.011953,-0.005785)|  31, 1, 2;0,  0;0,  0> +
        ( 0.006493, 0.005512)|  28, 3, 0;0,  0;0,  0> +
        ( 0.005251,-0.006283)|  25, 2, 1;0,  0;0,  0> +
        (-0.006685, 0.003743)|  23, 0, 3;0,  0;0,  0> +
        (-0.006211, 0.003762)|  26, 3, 0;0,  0;0,  0> +
        ( 0.002300,-0.006225)|  30, 3, 0;0,  0;0,  0> +
        ( 0.001940,-0.004266)|  24, 2, 1;0,  0;0,  0> +
        ( 0.001080, 0.004451)|  31, 2, 1;0,  0;0,  0> +
        (-0.003069, 0.003238)|  26, 1, 0;0,  0;0,  0> +
        (-0.001736, 0.003118)|  31, 0, 0;0,  0;0,  0> +
        ( 0.001107, 0.001560)|  27, 1, 2;0,  0;0,  0> +
        ( 0.000697,-0.001227)|  26, 1, 2;0,  0;0,  0> +
        (-0.001126, 0.000713)|  29, 1, 2;0,  0;0,  0> +
        (-0.000962, 0.000720)|  27, 0, 3;0,  0;0,  0> +
        ( 0.000453, 0.001052)|  29, 3, 0;0,  0;0,  0> +
        ( 0.000427,-0.000966)|  27, 3, 0;0,  0;0,  0> +
        (-0.001022,-0.000218)|  27, 2, 1;0,  0;0,  0> +
        ( 0.000812, 0.000652)|  24, 0, 1;0,  0;0,  0> +
        ( 0.000500, 0.000864)|  24, 1, 0;0,  0;0,  0> +
        (-0.000454,-0.000386)|  30, 0, 0;0,  0;0,  0> +
        ( 0.000342,-0.000048)|  23, 0, 1;0,  0;0,  0> +
         ...
 |21> = (-0.368593, 0.761223)|  33, 2, 3;0,  0;0,  0> +
        (-0.312937,-0.109524)|  29, 3, 0;0,  0;0,  0> +
        ( 0.185430, 0.018680)|  27, 3, 0;0,  0;0,  0> +
        ( 0.142172,-0.088667)|  26, 1, 2;0,  0;0,  0> +
        (-0.123532,-0.070320)|  23, 0, 1;0,  0;0,  0> +
        (-0.058612,-0.124825)|  26, 3, 0;0,  0;0,  0> +
        (-0.095657, 0.086783)|  30, 0, 0;0,  0;0,  0> +
        ( 0.077434, 0.097658)|  29, 0, 0;0,  0;0,  0> +
        ( 0.041094,-0.097310)|  28, 3, 0;0,  0;0,  0> +
        ( 0.068875,-0.056656)|  29, 1, 2;0,  0;0,  0> +
        (-0.000631, 0.070775)|  27, 1, 2;0,  0;0,  0> +
        (-0.066460, 0.022823)|  30, 3, 0;0,  0;0,  0> +
        ( 0.007477,-0.061059)|  23, 2, 1;0,  0;0,  0> +
        (-0.061386, 0.001885)|  24, 2, 1;0,  0;0,  0> +
        (-0.009023,-0.041651)|  23, 0, 3;0,  0;0,  0> +
        (-0.029762, 0.024838)|  28, 1, 2;0,  0;0,  0> +
        (-0.007743,-0.015655)|  23, 1, 0;0,  0;0,  0> +
        (-0.010864,-0.000829)|  30, 1, 2;0,  0;0,  0> +
        (-0.008979, 0.000911)|  24, 1, 0;0,  0;0,  0> +
        (-0.001550, 0.005066)|  24, 0, 3;0,  0;0,  0> +
        (-0.000986,-0.005041)|  25, 1, 2;0,  0;0,  0> +
        (-0.002819,-0.001077)|  31, 0, 0;0,  0;0,  0> +
        ( 0.001292,-0.002711)|  23, 3, 0;0,  0;0,  0> +
        ( 0.001392, 0.000766)|  31, 1, 2;0,  0;0,  0> +
        ( 0.001485,-0.000198)|  31, 3, 0;0,  0;0,  0> +
        (-0.000640, 0.000592)|  28, 2, 1;0,  0;0,  0> +
        (-0.000038, 0.000400)|  28, 0, 3;0,  0;0,  0> +
        ( 0.000376, 0.000082)|  24, 3, 0;0,  0;0,  0> +
        ( 0.000247,-0.000227)|  24, 1, 2;0,  0;0,  0> +
         ...
 |22> = (-0.424356, 0.231993)|  17, 3, 0;0,  0;0,  0> +
        ( 0.179745,-0.335641)|  16, 2, 0;0,  0;0,  0> +
        (-0.099522, 0.321488)|  18, 1, 1;0,  0;0,  0> +
        ( 0.325210,-0.000770)|  31, 3, 1;0,  0;0,  0> +
        ( 0.117371,-0.285140)|  27, 2, 2;0,  0;0,  0> +
        (-0.273170,-0.012536)|  18, 0, 2;0,  0;0,  0> +
        (-0.193431, 0.146985)|  31, 1, 3;0,  0;0,  0> +
        ( 0.224513, 0.091305)|  26, 2, 2;0,  0;0,  0> +
        ( 0.166167, 0.110434)|  18, 1, 2;0,  0;0,  0> +
        (-0.115124, 0.001998)|  17, 2, 0;0,  0;0,  0> +
        ( 0.097439, 0.007740)|  17, 1, 2;0,  0;0,  0> +
        ( 0.089305, 0.017409)|  23, 1, 1;0,  0;0,  0> +
        ( 0.088246,-0.012384)|  22, 3, 2;0,  0;0,  0> +
        (-0.060574,-0.062470)|  16, 0, 2;0,  0;0,  0> +
        (-0.057255, 0.035375)|  18, 2, 1;0,  0;0,  0> +
        ( 0.054035,-0.027679)|  21, 3, 2;0,  0;0,  0> +
        ( 0.020397,-0.054654)|  17, 0, 3;0,  0;0,  0> +
        (-0.053242, 0.019364)|  15, 0, 3;0,  0;0,  0> +
        (-0.002890, 0.042042)|  17, 2, 1;0,  0;0,  0> +
        ( 0.017685,-0.037800)|  22, 1, 1;0,  0;0,  0> +
        (-0.034762, 0.021437)|  18, 2, 0;0,  0;0,  0> +
        ( 0.040271, 0.005361)|  18, 0, 3;0,  0;0,  0> +
        ( 0.011525,-0.033946)|  28, 2, 2;0,  0;0,  0> +
        ( 0.022955,-0.024679)|  21, 0, 0;0,  0;0,  0> +
        (-0.027120,-0.011578)|  17, 1, 1;0,  0;0,  0> +
        ( 0.021310,-0.001665)|  18, 3, 0;0,  0;0,  0> +
        ( 0.008295,-0.019165)|  21, 2, 3;0,  0;0,  0> +
        (-0.003811,-0.020323)|  19, 1, 1;0,  0;0,  0> +
        (-0.016369,-0.008168)|  20, 1, 1;0,  0;0,  0> +
        (-0.016910, 0.004453)|  21, 1, 1;0,  0;0,  0> +
        (-0.014367, 0.009654)|  30, 2, 2;0,  0;0,  0> +
        ( 0.011677, 0.006096)|  16, 1, 2;0,  0;0,  0> +
        ( 0.012704,-0.001445)|  17, 1, 0;0,  0;0,  0> +
        (-0.008613,-0.007460)|  15, 2, 1;0,  0;0,  0> +
        ( 0.004812,-0.008218)|  32, 1, 3;0,  0;0,  0> +
        ( 0.000840, 0.009316)|  17, 0, 1;0,  0;0,  0> +
        ( 0.006924, 0.002364)|  22, 2, 3;0,  0;0,  0> +
        ( 0.004493, 0.003947)|  32, 3, 1;0,  0;0,  0> +
        ( 0.000883, 0.004754)|  24, 2, 2;0,  0;0,  0> +
        ( 0.001786,-0.003163)|  24, 1, 1;0,  0;0,  0> +
        (-0.002627, 0.002383)|  29, 1, 3;0,  0;0,  0> +
        (-0.003205, 0.000503)|  30, 3, 1;0,  0;0,  0> +
        ( 0.003031,-0.000916)|  30, 1, 3;0,  0;0,  0> +
        (-0.002905,-0.001178)|  33, 3, 1;0,  0;0,  0> +
        ( 0.001501, 0.001985)|  20, 0, 0;0,  0;0,  0> +
        (-0.001897,-0.000995)|  16, 3, 0;0,  0;0,  0> +
        ( 0.001657, 0.001196)|  29, 3, 1;0,  0;0,  0> +
        ( 0.000283, 0.001491)|  16, 0, 1;0,  0;0,  0> +
        (-0.001340,-0.000044)|  33, 1, 3;0,  0;0,  0> +
        ( 0.001193, 0.000517)|  16, 2, 1;0,  0;0,  0> +
        ( 0.000214,-0.000543)|  29, 2, 2;0,  0;0,  0> +
        ( 0.000523,-0.000114)|  19, 1, 2;0,  0;0,  0> +
        ( 0.000214, 0.000414)|  25, 2, 2;0,  0;0,  0> +
         ...
 |23> = ( 0.510360, 0.516979)|  13, 2, 3;0,  0;0,  0> +
        ( 0.010677,-0.425957)|  13, 3, 2;0,  0;0,  0> +
        (-0.019256, 0.266713)|   8, 2, 1;0,  0;0,  0> +
        (-0.221841, 0.094731)|  12, 3, 1;0,  0;0,  0> +
        ( 0.022035, 0.233052)|  12, 2, 2;0,  0;0,  0> +
        (-0.193226, 0.121284)|  13, 1, 3;0,  0;0,  0> +
        ( 0.080778,-0.131104)|  14, 1, 3;0,  0;0,  0> +
        (-0.147533,-0.015457)|   8, 1, 2;0,  0;0,  0> +
        ( 0.042963, 0.056955)|   8, 0, 3;0,  0;0,  0> +
        (-0.005452, 0.037379)|   8, 3, 0;0,  0;0,  0> +
        (-0.034794, 0.002102)|  14, 3, 2;0,  0;0,  0> +
        (-0.006935, 0.016015)|  11, 0, 2;0,  0;0,  0> +
        ( 0.000611, 0.012812)|  11, 2, 0;0,  0;0,  0> +
        ( 0.011517,-0.002129)|   8, 1, 1;0,  0;0,  0> +
        (-0.000725,-0.005737)|  14, 2, 3;0,  0;0,  0> +
        (-0.001767, 0.004643)|  20, 3, 3;0,  0;0,  0> +
        (-0.003541,-0.001717)|  14, 3, 1;0,  0;0,  0> +
        ( 0.002756, 0.000320)|   7, 2, 1;0,  0;0,  0> +
        ( 0.001776, 0.002003)|  14, 2, 2;0,  0;0,  0> +
        ( 0.000188,-0.002577)|   9, 2, 1;0,  0;0,  0> +
        ( 0.002340,-0.000001)|  12, 1, 3;0,  0;0,  0> +
        (-0.001273,-0.001737)|  11, 1, 0;0,  0;0,  0> +
        ( 0.001034,-0.001430)|  11, 3, 1;0,  0;0,  0> +
        ( 0.000233,-0.001744)|  10, 0, 3;0,  0;0,  0> +
        (-0.000200,-0.001651)|  11, 1, 3;0,  0;0,  0> +
        ( 0.000869, 0.000993)|  11, 0, 1;0,  0;0,  0> +
        (-0.000685, 0.001105)|   9, 1, 1;0,  0;0,  0> +
        (-0.001213, 0.000177)|  15, 0, 0;0,  0;0,  0> +
        ( 0.000037, 0.001185)|  10, 0, 2;0,  0;0,  0> +
        ( 0.000900,-0.000566)|  11, 2, 2;0,  0;0,  0> +
        ( 0.000876, 0.000538)|  21, 3, 3;0,  0;0,  0> +
        ( 0.000636,-0.000013)|   9, 0, 3;0,  0;0,  0> +
        ( 0.000236,-0.000583)|   7, 1, 2;0,  0;0,  0> +
        ( 0.000586, 0.000023)|  13, 3, 1;0,  0;0,  0> +
        ( 0.000489,-0.000168)|  14, 0, 0;0,  0;0,  0> +
        (-0.000366, 0.000132)|  13, 2, 2;0,  0;0,  0> +
        ( 0.000158,-0.000336)|  10, 2, 0;0,  0;0,  0> +
        (-0.000301,-0.000195)|  10, 2, 1;0,  0;0,  0> +
        ( 0.000343, 0.000071)|  19, 3, 3;0,  0;0,  0> +
         ...
 |24> = (-0.416909, 0.366517)|   3, 1, 0;0,  0;0,  0> +
        ( 0.097041,-0.493789)|   2, 1, 1;0,  0;0,  0> +
        ( 0.422140, 0.156677)|   4, 0, 2;0,  0;0,  0> +
        ( 0.251355,-0.234448)|   2, 1, 3;0,  0;0,  0> +
        ( 0.113285, 0.137674)|   1, 1, 2;0,  0;0,  0> +
        (-0.055688,-0.140927)|   2, 3, 1;0,  0;0,  0> +
        (-0.030274, 0.133102)|   3, 0, 2;0,  0;0,  0> +
        ( 0.025961,-0.133389)|   3, 2, 0;0,  0;0,  0> +
        ( 0.106032,-0.042813)|   1, 3, 1;0,  0;0,  0> +
        (-0.047412, 0.092430)|   1, 1, 3;0,  0;0,  0> +
        (-0.003478, 0.035941)|   1, 2, 1;0,  0;0,  0> +
        ( 0.019311,-0.002868)|   3, 0, 1;0,  0;0,  0> +
        (-0.006984,-0.012486)|   4, 2, 0;0,  0;0,  0> +
        ( 0.006527,-0.006966)|   1, 1, 1;0,  0;0,  0> +
        ( 0.003303, 0.000388)|   6, 0, 0;0,  0;0,  0> +
        (-0.001691,-0.001580)|   1, 3, 0;0,  0;0,  0> +
        (-0.001207,-0.001135)|   0, 3, 2;0,  0;0,  0> +
        (-0.000168, 0.001138)|   1, 0, 3;0,  0;0,  0> +
        (-0.000916,-0.000033)|   2, 3, 0;0,  0;0,  0> +
        (-0.000164,-0.000407)|   0, 2, 3;0,  0;0,  0> +
         ...
