p1652
# Parameters of the model
#  mass:		     25.30 u
#  charge:	      1.00 e
#  dipole:	      3.00 D
#  B:		 191477.00 MHz
#  omega_rho:	      1.40 MHz
#  omega_z:	      0.20 MHz

# Basis truncation:	|34,4,4;2,2>
# omega_1:	      0.35 MHz
# omega_3/5:	      1.39 MHz
# Basis size:		44064

# Active terms of the Hamiltionian:
# 	Nomal modes:	1
# 	T_rot:      	1
# 	V_qd^{(0)}: 	1
# 	V_qd^{(1)}: 	1
# 	V_dd^{(0)}: 	1

# Results of the diagonalisation

# 100 smallest eigenvalues
 -671.176818848 -598.903381348 -597.680297852 -508.000732422 -444.815277100 -433.738586426 -423.050567627 -417.656250000 -396.324523926 -369.234405518 -343.840270996 -313.846313477 -312.560974121 -310.304138184 -308.373779297 -291.501953125 -286.729858398 -286.315948486 -284.488128662 -283.506988525 -257.212554932 -241.831268311 -236.450241089 -232.251403809 -230.651611328 -228.327499390 -220.302810669 -217.042190552 -203.507736206 -201.841491699 -198.494384766 -194.076293945 -193.488082886 -183.330993652 -177.999969482 -172.507003784 -171.837844849 -164.098449707 -160.451629639 -159.250274658 -151.943984985 -148.798660278 -140.128860474 -139.364868164 -137.380798340 -131.024154663 -127.125640869 -127.063262939 -124.221588135 -121.884040833 -115.035140991 -107.911911011 -105.626190186 -103.154251099 -102.449661255 -102.382972717 -100.674713135 -100.013458252 -99.976081848 -99.647789001 -95.326850891 -94.892211914 -94.112930298 -93.612701416 -88.477172852 -86.285766602 -77.838439941 -70.152664185 -65.698455811 -64.805625916 -63.399078369 -62.909900665 -62.081733704 -61.512134552 -60.826587677 -60.412425995 -59.354209900 -59.319690704 -57.207721710 -54.769950867 -52.813697815 -52.789070129 -50.024677277 -49.444801331 -44.536262512 -43.684505463 -42.370643616 -41.292911530 -40.825222015 -40.252269745 -39.537734985 -39.047447205 -38.782001495 -38.148532867 -38.107788086 -36.231513977 -35.584159851 -35.314235687 -35.047775269 -34.294090271

# Ground state and the lowest excitations:
 | 0> = (-0.783621,-0.486452)|  31, 3, 2;0,  0;0,  0> +
        (-0.153909, 0.103068)|  26, 0, 0;0,  0;0,  0> +
        ( 0.018749, 0.180521)|  25, 0, 0;0,  0;0,  0> +
        ( 0.005376, 0.167486)|  32, 3, 2;0,  0;0,  0> +
        ( 0.039773, 0.127529)|  33, 3, 2;0,  0;0,  0> +
        ( 0.103991,-0.034780)|  24, 2, 1;0,  0;0,  0> +
        (-0.079038, 0.018653)|  29, 0, 2;0,  0;0,  0> +
        ( 0.042293, 0.067136)|  32, 0, 2;0,  0;0,  0> +
        (-0.010372, 0.054960)|  23, 0, 1;0,  0;0,  0> +
        ( 0.028669, 0.037441)|  25, 0, 3;0,  0;0,  0> +
        (-0.031661,-0.000646)|  32, 2, 1;0,  0;0,  0> +
        (-0.024329, 0.012510)|  22, 1, 2;0,  0;0,  0> +
        ( 0.025988,-0.008537)|  32, 0, 3;0,  0;0,  0> +
        ( 0.009427, 0.025061)|  27, 0, 0;0,  0;0,  0> +
        ( 0.006634, 0.022628)|  24, 0, 2;0,  0;0,  0> +
        (-0.005366,-0.020172)|  22, 0, 1;0,  0;0,  0> +
        (-0.019450, 0.006261)|  32, 2, 0;0,  0;0,  0> +
        (-0.013014,-0.002750)|  29, 2, 0;0,  0;0,  0> +
        (-0.008979,-0.007114)|  23, 1, 2;0,  0;0,  0> +
        (-0.001547,-0.011195)|  21, 1, 2;0,  0;0,  0> +
        ( 0.002715, 0.010008)|  19, 3, 0;0,  0;0,  0> +
        ( 0.006109, 0.008198)|  33, 2, 0;0,  0;0,  0> +
        (-0.009992,-0.001368)|  25, 2, 0;0,  0;0,  0> +
        ( 0.001774,-0.009289)|  25, 2, 1;0,  0;0,  0> +
        ( 0.005381, 0.006506)|  21, 1, 0;0,  0;0,  0> +
        (-0.000020,-0.006628)|  25, 0, 2;0,  0;0,  0> +
        (-0.004864, 0.002926)|  28, 2, 0;0,  0;0,  0> +
        ( 0.002798,-0.004905)|  31, 2, 1;0,  0;0,  0> +
        ( 0.002232,-0.004982)|  30, 2, 1;0,  0;0,  0> +
        ( 0.001765,-0.004783)|  29, 0, 3;0,  0;0,  0> +
        ( 0.000907,-0.004977)|  28, 0, 2;0,  0;0,  0> +
        (-0.002833,-0.003828)|  27, 0, 2;0,  0;0,  0> +
        (-0.004434, 0.001156)|  30, 0, 3;0,  0;0,  0> +
        ( 0.001831,-0.003631)|  23, 2, 1;0,  0;0,  0> +
        (-0.003772,-0.000519)|  30, 2, 0;0,  0;0,  0> +
        (-0.000090, 0.003753)|  24, 0, 3;0,  0;0,  0> +
        ( 0.001085,-0.002640)|  26, 2, 1;0,  0;0,  0> +
        (-0.002294,-0.000384)|  33, 2, 1;0,  0;0,  0> +
        (-0.001441, 0.001700)|  27, 2, 1;0,  0;0,  0> +
        (-0.002041, 0.000606)|  33, 0, 2;0,  0;0,  0> +
        ( 0.000021, 0.001856)|  30, 0, 2;0,  0;0,  0> +
        (-0.001190,-0.001295)|  31, 0, 3;0,  0;0,  0> +
        ( 0.000944, 0.001351)|  24, 2, 0;0,  0;0,  0> +
        ( 0.001404,-0.000695)|  31, 0, 2;0,  0;0,  0> +
        (-0.001464,-0.000482)|  23, 0, 2;0,  0;0,  0> +
        ( 0.000056,-0.001417)|  23, 1, 0;0,  0;0,  0> +
        ( 0.001336, 0.000365)|  27, 2, 0;0,  0;0,  0> +
        ( 0.001190, 0.000690)|  22, 1, 0;0,  0;0,  0> +
        ( 0.000299, 0.001089)|  23, 2, 0;0,  0;0,  0> +
        (-0.000947, 0.000405)|  29, 2, 1;0,  0;0,  0> +
        (-0.000780, 0.000517)|  29, 3, 2;0,  0;0,  0> +
        ( 0.000238,-0.000869)|  22, 2, 1;0,  0;0,  0> +
        ( 0.000459,-0.000714)|  28, 3, 2;0,  0;0,  0> +
        (-0.000442,-0.000509)|  31, 1, 1;0,  0;0,  0> +
        ( 0.000074, 0.000657)|  33, 0, 3;0,  0;0,  0> +
        ( 0.000572,-0.000306)|  20, 1, 2;0,  0;0,  0> +
        ( 0.000427, 0.000434)|  31, 2, 0;0,  0;0,  0> +
        (-0.000215,-0.000492)|  33, 2, 3;0,  0;0,  0> +
        ( 0.000373, 0.000356)|  26, 0, 2;0,  0;0,  0> +
        ( 0.000393,-0.000306)|  24, 0, 0;0,  0;0,  0> +
        (-0.000450,-0.000104)|  21, 1, 1;0,  0;0,  0> +
        ( 0.000204,-0.000407)|  20, 3, 0;0,  0;0,  0> +
        (-0.000403,-0.000154)|  20, 1, 0;0,  0;0,  0> +
         ...
 | 1> = (-0.513379, 0.185393)|  21, 0, 0;0,  0;0,  0> +
        ( 0.408148, 0.006495)|  15, 3, 0;0,  0;0,  0> +
        ( 0.331381,-0.029626)|  14, 3, 0;0,  0;0,  0> +
        (-0.322824,-0.078439)|  20, 2, 1;0,  0;0,  0> +
        ( 0.015091,-0.241596)|  24, 2, 3;0,  0;0,  0> +
        ( 0.206429, 0.105931)|  29, 2, 2;0,  0;0,  0> +
        (-0.213185, 0.020157)|  16, 1, 2;0,  0;0,  0> +
        ( 0.189053,-0.026304)|  19, 2, 1;0,  0;0,  0> +
        ( 0.173026,-0.014410)|  20, 2, 0;0,  0;0,  0> +
        ( 0.116193,-0.119269)|  20, 0, 3;0,  0;0,  0> +
        ( 0.138921, 0.003381)|  33, 2, 2;0,  0;0,  0> +
        (-0.087947, 0.023589)|  19, 0, 3;0,  0;0,  0> +
        ( 0.079022,-0.002625)|  19, 1, 1;0,  0;0,  0> +
        (-0.073892, 0.026440)|  30, 2, 2;0,  0;0,  0> +
        ( 0.065198, 0.040567)|  17, 1, 0;0,  0;0,  0> +
        (-0.015127,-0.060167)|  25, 2, 3;0,  0;0,  0> +
        ( 0.049743,-0.016767)|  17, 0, 1;0,  0;0,  0> +
        (-0.049288,-0.010845)|  20, 0, 2;0,  0;0,  0> +
        ( 0.032204,-0.027981)|  18, 1, 1;0,  0;0,  0> +
        (-0.016981, 0.028775)|  31, 3, 1;0,  0;0,  0> +
        (-0.013749,-0.026715)|  31, 2, 2;0,  0;0,  0> +
        (-0.021413,-0.018021)|  18, 0, 3;0,  0;0,  0> +
        ( 0.016518, 0.001672)|  32, 2, 2;0,  0;0,  0> +
        ( 0.009440, 0.011707)|  16, 3, 0;0,  0;0,  0> +
        (-0.012302,-0.007328)|  22, 1, 1;0,  0;0,  0> +
        (-0.003145, 0.013441)|  15, 1, 2;0,  0;0,  0> +
        (-0.005860, 0.011886)|  31, 1, 3;0,  0;0,  0> +
        (-0.002519,-0.011296)|  17, 1, 1;0,  0;0,  0> +
        (-0.006214,-0.007204)|  16, 1, 0;0,  0;0,  0> +
        (-0.008029, 0.004469)|  33, 3, 1;0,  0;0,  0> +
        (-0.008291,-0.002652)|  26, 1, 1;0,  0;0,  0> +
        ( 0.007393,-0.003796)|  14, 1, 2;0,  0;0,  0> +
        (-0.004222, 0.006974)|  13, 3, 0;0,  0;0,  0> +
        (-0.007754, 0.001968)|  17, 0, 3;0,  0;0,  0> +
        (-0.007723,-0.001945)|  19, 0, 2;0,  0;0,  0> +
        ( 0.004501, 0.005338)|  16, 1, 1;0,  0;0,  0> +
        ( 0.006299,-0.002029)|  21, 3, 2;0,  0;0,  0> +
        (-0.004673, 0.004394)|  16, 0, 3;0,  0;0,  0> +
        ( 0.005479, 0.000033)|  33, 1, 3;0,  0;0,  0> +
        ( 0.003064, 0.004475)|  18, 2, 1;0,  0;0,  0> +
        ( 0.004934,-0.001983)|  21, 2, 1;0,  0;0,  0> +
        (-0.004302,-0.000739)|  17, 2, 1;0,  0;0,  0> +
        (-0.004252,-0.000112)|  17, 1, 2;0,  0;0,  0> +
        (-0.000091,-0.004023)|  16, 0, 1;0,  0;0,  0> +
        (-0.000174, 0.003890)|  28, 2, 2;0,  0;0,  0> +
        (-0.003822,-0.000697)|  24, 1, 1;0,  0;0,  0> +
        (-0.003717, 0.001090)|  16, 2, 1;0,  0;0,  0> +
        (-0.003295, 0.000584)|  17, 0, 2;0,  0;0,  0> +
        (-0.002606, 0.001388)|  25, 2, 2;0,  0;0,  0> +
        (-0.002944,-0.000130)|  18, 2, 0;0,  0;0,  0> +
        ( 0.001991, 0.002018)|  20, 1, 1;0,  0;0,  0> +
        ( 0.000340,-0.002766)|  20, 3, 2;0,  0;0,  0> +
        (-0.002073,-0.001351)|  32, 1, 3;0,  0;0,  0> +
        ( 0.000634, 0.002119)|  19, 2, 0;0,  0;0,  0> +
        ( 0.000650,-0.001802)|  28, 1, 1;0,  0;0,  0> +
        ( 0.001522,-0.000953)|  21, 0, 3;0,  0;0,  0> +
        ( 0.000587,-0.001668)|  20, 0, 0;0,  0;0,  0> +
        (-0.001280,-0.000982)|  19, 3, 2;0,  0;0,  0> +
        (-0.000455,-0.001463)|  25, 1, 1;0,  0;0,  0> +
        ( 0.001338,-0.000409)|  21, 0, 2;0,  0;0,  0> +
        (-0.000806, 0.000828)|  18, 0, 2;0,  0;0,  0> +
        (-0.000603, 0.000736)|  24, 2, 2;0,  0;0,  0> +
        (-0.000633, 0.000638)|  29, 3, 1;0,  0;0,  0> +
        (-0.000684,-0.000126)|  13, 1, 2;0,  0;0,  0> +
        ( 0.000664,-0.000099)|  27, 2, 2;0,  0;0,  0> +
        (-0.000318,-0.000570)|  30, 3, 1;0,  0;0,  0> +
        (-0.000408,-0.000367)|  17, 2, 0;0,  0;0,  0> +
        ( 0.000454, 0.000216)|  15, 1, 0;0,  0;0,  0> +
        (-0.000334,-0.000353)|  15, 0, 1;0,  0;0,  0> +
        ( 0.000170, 0.000424)|  32, 3, 1;0,  0;0,  0> +
        (-0.000019, 0.000387)|  22, 0, 2;0,  0;0,  0> +
        (-0.000329,-0.000129)|  29, 1, 3;0,  0;0,  0> +
        ( 0.000013, 0.000336)|  19, 0, 0;0,  0;0,  0> +
         ...
 | 2> = (-0.389689,-0.595221)|  22, 3, 2;0,  0;0,  0> +
        ( 0.369270, 0.158138)|  22, 1, 1;0,  0;0,  0> +
        ( 0.046813,-0.319027)|  17, 1, 2;0,  0;0,  0> +
        (-0.241233, 0.008267)|  27, 2, 3;0,  0;0,  0> +
        (-0.122938,-0.181358)|  26, 2, 3;0,  0;0,  0> +
        (-0.153503, 0.067713)|  24, 1, 1;0,  0;0,  0> +
        ( 0.160552,-0.030912)|  21, 0, 3;0,  0;0,  0> +
        ( 0.060201, 0.140958)|  20, 1, 1;0,  0;0,  0> +
        (-0.085550, 0.028500)|  21, 0, 2;0,  0;0,  0> +
        (-0.077271,-0.038426)|  25, 1, 1;0,  0;0,  0> +
        ( 0.073347, 0.035660)|  16, 3, 0;0,  0;0,  0> +
        ( 0.069619,-0.030809)|  21, 2, 1;0,  0;0,  0> +
        ( 0.061749,-0.003754)|  28, 1, 1;0,  0;0,  0> +
        ( 0.040193, 0.037010)|  18, 1, 0;0,  0;0,  0> +
        (-0.038374,-0.035449)|  22, 0, 0;0,  0;0,  0> +
        (-0.031719,-0.001379)|  19, 1, 1;0,  0;0,  0> +
        ( 0.020346,-0.020084)|  22, 0, 2;0,  0;0,  0> +
        (-0.004684,-0.024800)|  18, 0, 1;0,  0;0,  0> +
        ( 0.010125, 0.020810)|  17, 1, 0;0,  0;0,  0> +
        ( 0.001685, 0.021965)|  29, 1, 1;0,  0;0,  0> +
        ( 0.021237, 0.000065)|  33, 2, 2;0,  0;0,  0> +
        ( 0.001158,-0.019122)|  23, 3, 2;0,  0;0,  0> +
        (-0.015226, 0.003790)|  26, 1, 1;0,  0;0,  0> +
        (-0.007888,-0.012974)|  22, 2, 0;0,  0;0,  0> +
        ( 0.006722, 0.013593)|  20, 0, 3;0,  0;0,  0> +
        ( 0.005677,-0.011699)|  15, 3, 0;0,  0;0,  0> +
        (-0.012311,-0.003394)|  21, 2, 0;0,  0;0,  0> +
        ( 0.001034, 0.012268)|  27, 1, 1;0,  0;0,  0> +
        ( 0.010265,-0.001580)|  18, 1, 1;0,  0;0,  0> +
        ( 0.005626,-0.007505)|  28, 2, 3;0,  0;0,  0> +
        ( 0.003860,-0.008214)|  20, 2, 1;0,  0;0,  0> +
        (-0.000240, 0.008425)|  25, 2, 3;0,  0;0,  0> +
        ( 0.005316, 0.006142)|  17, 0, 1;0,  0;0,  0> +
        ( 0.005036,-0.005779)|  14, 3, 0;0,  0;0,  0> +
        ( 0.007097,-0.002019)|  30, 1, 1;0,  0;0,  0> +
        ( 0.001091,-0.007004)|  23, 1, 1;0,  0;0,  0> +
        (-0.005975,-0.002443)|  19, 2, 1;0,  0;0,  0> +
        ( 0.006225, 0.000589)|  19, 0, 3;0,  0;0,  0> +
        (-0.005412,-0.002231)|  29, 2, 2;0,  0;0,  0> +
        ( 0.004004, 0.002466)|  32, 2, 2;0,  0;0,  0> +
        (-0.004208, 0.000578)|  16, 1, 2;0,  0;0,  0> +
        ( 0.003745,-0.000449)|  21, 3, 2;0,  0;0,  0> +
        ( 0.003482,-0.001371)|  20, 2, 0;0,  0;0,  0> +
        ( 0.003461,-0.000725)|  23, 0, 3;0,  0;0,  0> +
        (-0.003315,-0.000415)|  18, 0, 3;0,  0;0,  0> +
        ( 0.001217, 0.003083)|  22, 0, 3;0,  0;0,  0> +
        (-0.002196,-0.000443)|  20, 0, 2;0,  0;0,  0> +
        ( 0.002211,-0.000231)|  26, 2, 0;0,  0;0,  0> +
        ( 0.001424, 0.001163)|  18, 3, 0;0,  0;0,  0> +
        ( 0.000153, 0.001673)|  24, 2, 3;0,  0;0,  0> +
        (-0.001359, 0.000069)|  30, 2, 2;0,  0;0,  0> +
        (-0.001182, 0.000640)|  18, 1, 2;0,  0;0,  0> +
        ( 0.001312, 0.000224)|  26, 0, 2;0,  0;0,  0> +
        ( 0.000654, 0.000778)|  21, 0, 0;0,  0;0,  0> +
        ( 0.000283,-0.000548)|  19, 1, 2;0,  0;0,  0> +
        (-0.000449, 0.000305)|  17, 0, 3;0,  0;0,  0> +
        ( 0.000011, 0.000525)|  31, 3, 1;0,  0;0,  0> +
        ( 0.000018,-0.000374)|  21, 1, 1;0,  0;0,  0> +
        ( 0.000266,-0.000264)|  17, 1, 1;0,  0;0,  0> +
        (-0.000018,-0.000369)|  19, 0, 2;0,  0;0,  0> +
         ...
 | 3> = ( 0.085632,-0.523777)|  29, 3, 0;0,  0;0,  0> +
        (-0.310913,-0.345005)|  24, 3, 0;0,  0;0,  0> +
        (-0.107323, 0.313752)|  31, 3, 0;0,  0;0,  0> +
        ( 0.209786,-0.233841)|  27, 0, 1;0,  0;0,  0> +
        (-0.075148,-0.241188)|  26, 1, 0;0,  0;0,  0> +
        ( 0.213220,-0.115028)|  33, 3, 0;0,  0;0,  0> +
        (-0.113773, 0.211242)|  28, 3, 0;0,  0;0,  0> +
        (-0.035289,-0.166944)|  30, 3, 0;0,  0;0,  0> +
        (-0.038975, 0.153210)|  31, 0, 0;0,  0;0,  0> +
        ( 0.114553,-0.055064)|  27, 3, 0;0,  0;0,  0> +
        (-0.084372,-0.047137)|  25, 3, 0;0,  0;0,  0> +
        (-0.063887, 0.057415)|  28, 1, 2;0,  0;0,  0> +
        ( 0.037181, 0.070311)|  29, 1, 2;0,  0;0,  0> +
        (-0.008994, 0.055331)|  32, 0, 0;0,  0;0,  0> +
        (-0.051774, 0.006112)|  27, 1, 2;0,  0;0,  0> +
        ( 0.050503,-0.005547)|  26, 0, 1;0,  0;0,  0> +
        (-0.043484,-0.017975)|  26, 0, 3;0,  0;0,  0> +
        ( 0.024608, 0.039158)|  24, 1, 2;0,  0;0,  0> +
        (-0.007611, 0.041035)|  25, 1, 0;0,  0;0,  0> +
        ( 0.032848, 0.002391)|  27, 0, 3;0,  0;0,  0> +
        ( 0.000399, 0.031611)|  25, 1, 2;0,  0;0,  0> +
        (-0.030719,-0.000470)|  25, 0, 1;0,  0;0,  0> +
        (-0.029104,-0.006502)|  26, 1, 2;0,  0;0,  0> +
        ( 0.022608, 0.009974)|  29, 0, 1;0,  0;0,  0> +
        ( 0.014683,-0.005192)|  33, 0, 0;0,  0;0,  0> +
        (-0.011362, 0.010101)|  28, 2, 1;0,  0;0,  0> +
        ( 0.004034,-0.013565)|  30, 1, 2;0,  0;0,  0> +
        (-0.013064, 0.004460)|  26, 3, 0;0,  0;0,  0> +
        (-0.006578, 0.012099)|  23, 3, 0;0,  0;0,  0> +
        (-0.008610,-0.007077)|  22, 3, 0;0,  0;0,  0> +
        (-0.002642, 0.009726)|  28, 0, 3;0,  0;0,  0> +
        ( 0.002736, 0.008699)|  32, 3, 0;0,  0;0,  0> +
        (-0.001285, 0.006361)|  31, 1, 2;0,  0;0,  0> +
        (-0.005292,-0.003721)|  33, 1, 2;0,  0;0,  0> +
        (-0.000288,-0.003704)|  28, 0, 1;0,  0;0,  0> +
        (-0.003000, 0.001923)|  29, 0, 0;0,  0;0,  0> +
        ( 0.002828,-0.001052)|  32, 1, 2;0,  0;0,  0> +
        (-0.001862,-0.001965)|  33, 0, 1;0,  0;0,  0> +
        (-0.002369, 0.000936)|  24, 1, 0;0,  0;0,  0> +
        ( 0.002410,-0.000126)|  32, 0, 1;0,  0;0,  0> +
        (-0.001625,-0.001114)|  27, 1, 0;0,  0;0,  0> +
        ( 0.000256,-0.001496)|  30, 0, 0;0,  0;0,  0> +
        (-0.001341, 0.000057)|  30, 0, 1;0,  0;0,  0> +
        (-0.000668, 0.000071)|  31, 0, 1;0,  0;0,  0> +
        (-0.000187,-0.000477)|  24, 0, 1;0,  0;0,  0> +
        (-0.000117,-0.000484)|  25, 2, 1;0,  0;0,  0> +
        ( 0.000069, 0.000317)|  29, 2, 1;0,  0;0,  0> +
        ( 0.000320, 0.000020)|  27, 2, 1;0,  0;0,  0> +
         ...
 | 4> = ( 0.580286,-0.017241)|  33, 1, 2;0,  0;0,  0> +
        ( 0.003124,-0.441960)|  28, 2, 1;0,  0;0,  0> +
        ( 0.336423, 0.123773)|  24, 1, 2;0,  0;0,  0> +
        ( 0.193378,-0.201689)|  26, 0, 3;0,  0;0,  0> +
        ( 0.252303, 0.115623)|  25, 1, 2;0,  0;0,  0> +
        ( 0.064906, 0.186396)|  32, 3, 0;0,  0;0,  0> +
        ( 0.084778,-0.155553)|  22, 3, 0;0,  0;0,  0> +
        (-0.138438,-0.099362)|  27, 0, 3;0,  0;0,  0> +
        (-0.143532, 0.004199)|  24, 1, 0;0,  0;0,  0> +
        ( 0.039544,-0.118745)|  32, 0, 0;0,  0;0,  0> +
        (-0.089851, 0.010282)|  27, 1, 2;0,  0;0,  0> +
        ( 0.082643, 0.015487)|  26, 0, 1;0,  0;0,  0> +
        ( 0.043660,-0.059253)|  28, 3, 0;0,  0;0,  0> +
        ( 0.020638,-0.068441)|  25, 1, 0;0,  0;0,  0> +
        (-0.060747,-0.029196)|  28, 0, 3;0,  0;0,  0> +
        (-0.057091, 0.034160)|  26, 1, 2;0,  0;0,  0> +
        ( 0.011812,-0.057579)|  30, 3, 0;0,  0;0,  0> +
        (-0.020530, 0.052468)|  30, 0, 0;0,  0;0,  0> +
        (-0.047919, 0.020685)|  28, 1, 2;0,  0;0,  0> +
        (-0.036749, 0.008406)|  33, 0, 0;0,  0;0,  0> +
        (-0.004028,-0.035521)|  29, 1, 2;0,  0;0,  0> +
        ( 0.010798, 0.023161)|  32, 1, 2;0,  0;0,  0> +
        ( 0.006416, 0.015415)|  23, 3, 0;0,  0;0,  0> +
        (-0.004955,-0.008387)|  24, 3, 0;0,  0;0,  0> +
        ( 0.001230,-0.009428)|  33, 3, 0;0,  0;0,  0> +
        ( 0.008295, 0.003542)|  30, 1, 2;0,  0;0,  0> +
        (-0.008707, 0.002057)|  29, 0, 0;0,  0;0,  0> +
        ( 0.003332,-0.007771)|  31, 1, 2;0,  0;0,  0> +
        (-0.004967,-0.005795)|  29, 2, 1;0,  0;0,  0> +
        ( 0.003061,-0.004572)|  24, 0, 1;0,  0;0,  0> +
        (-0.004957,-0.000313)|  30, 0, 1;0,  0;0,  0> +
        ( 0.003537,-0.003300)|  25, 2, 1;0,  0;0,  0> +
        (-0.000290, 0.004133)|  31, 0, 0;0,  0;0,  0> +
        (-0.001073, 0.003678)|  29, 3, 0;0,  0;0,  0> +
        (-0.002823,-0.001306)|  21, 3, 0;0,  0;0,  0> +
        (-0.000546, 0.002685)|  27, 2, 1;0,  0;0,  0> +
        (-0.001396,-0.002089)|  25, 0, 1;0,  0;0,  0> +
        (-0.000459, 0.001850)|  31, 0, 3;0,  0;0,  0> +
        ( 0.001264, 0.001233)|  26, 2, 1;0,  0;0,  0> +
        (-0.000154,-0.001706)|  29, 0, 3;0,  0;0,  0> +
        ( 0.000589, 0.001580)|  31, 2, 1;0,  0;0,  0> +
        ( 0.000042, 0.001512)|  31, 3, 0;0,  0;0,  0> +
        (-0.001230, 0.000424)|  27, 3, 0;0,  0;0,  0> +
        ( 0.000012,-0.001208)|  30, 2, 1;0,  0;0,  0> +
        ( 0.001069,-0.000456)|  26, 3, 0;0,  0;0,  0> +
        (-0.001104, 0.000290)|  33, 0, 3;0,  0;0,  0> +
        ( 0.000691, 0.000329)|  25, 3, 0;0,  0;0,  0> +
        (-0.000354,-0.000579)|  20, 3, 0;0,  0;0,  0> +
        (-0.000666,-0.000106)|  25, 0, 3;0,  0;0,  0> +
        (-0.000662,-0.000011)|  31, 0, 1;0,  0;0,  0> +
        ( 0.000023, 0.000558)|  28, 0, 1;0,  0;0,  0> +
        (-0.000545,-0.000000)|  32, 0, 1;0,  0;0,  0> +
        ( 0.000450,-0.000254)|  23, 1, 2;0,  0;0,  0> +
        (-0.000126,-0.000494)|  26, 1, 0;0,  0;0,  0> +
        (-0.000465,-0.000121)|  29, 0, 1;0,  0;0,  0> +
        ( 0.000179, 0.000412)|  29, 0, 2;0,  0;0,  0> +
        ( 0.000107, 0.000434)|  29, 2, 0;0,  0;0,  0> +
        (-0.000331,-0.000262)|  23, 1, 0;0,  0;0,  0> +
        ( 0.000133,-0.000367)|  33, 2, 1;0,  0;0,  0> +
         ...
 | 5> = ( 0.679979, 0.138033)|  24, 1, 1;0,  0;0,  0> +
        ( 0.473993,-0.042907)|  28, 1, 1;0,  0;0,  0> +
        ( 0.254223,-0.134088)|  25, 1, 1;0,  0;0,  0> +
        (-0.016230,-0.196502)|  29, 1, 1;0,  0;0,  0> +
        ( 0.163495,-0.075686)|  21, 2, 1;0,  0;0,  0> +
        ( 0.088940, 0.155375)|  16, 3, 0;0,  0;0,  0> +
        ( 0.039362, 0.145012)|  22, 1, 1;0,  0;0,  0> +
        ( 0.010343,-0.120042)|  23, 3, 2;0,  0;0,  0> +
        (-0.087764, 0.052919)|  21, 0, 3;0,  0;0,  0> +
        (-0.023553, 0.087095)|  17, 1, 2;0,  0;0,  0> +
        (-0.054707,-0.068533)|  22, 3, 2;0,  0;0,  0> +
        (-0.070195, 0.020905)|  30, 1, 1;0,  0;0,  0> +
        (-0.040652, 0.054037)|  28, 2, 3;0,  0;0,  0> +
        ( 0.061133, 0.023760)|  21, 3, 2;0,  0;0,  0> +
        (-0.061372,-0.002784)|  33, 2, 2;0,  0;0,  0> +
        (-0.048887, 0.032428)|  26, 1, 1;0,  0;0,  0> +
        (-0.014310,-0.054132)|  17, 1, 0;0,  0;0,  0> +
        (-0.034509, 0.031317)|  22, 0, 2;0,  0;0,  0> +
        (-0.042507, 0.001700)|  27, 2, 3;0,  0;0,  0> +
        (-0.040550, 0.007072)|  23, 0, 3;0,  0;0,  0> +
        ( 0.040780,-0.003708)|  18, 1, 0;0,  0;0,  0> +
        (-0.013320, 0.036226)|  22, 2, 0;0,  0;0,  0> +
        ( 0.037735, 0.007632)|  32, 2, 2;0,  0;0,  0> +
        ( 0.009759,-0.031796)|  22, 0, 0;0,  0;0,  0> +
        (-0.005325,-0.031427)|  18, 0, 1;0,  0;0,  0> +
        (-0.007449,-0.027820)|  25, 2, 3;0,  0;0,  0> +
        (-0.025539, 0.011289)|  23, 1, 1;0,  0;0,  0> +
        ( 0.012907,-0.023738)|  20, 1, 1;0,  0;0,  0> +
        (-0.021650, 0.012826)|  18, 1, 1;0,  0;0,  0> +
        ( 0.001217,-0.022897)|  27, 1, 1;0,  0;0,  0> +
        ( 0.008634, 0.020637)|  19, 1, 1;0,  0;0,  0> +
        ( 0.021020, 0.001875)|  29, 2, 2;0,  0;0,  0> +
        ( 0.008756, 0.014491)|  26, 2, 3;0,  0;0,  0> +
        (-0.006718,-0.010775)|  22, 0, 3;0,  0;0,  0> +
        (-0.001993,-0.012161)|  21, 0, 2;0,  0;0,  0> +
        ( 0.010516,-0.000880)|  15, 3, 0;0,  0;0,  0> +
        ( 0.009816,-0.001414)|  21, 2, 0;0,  0;0,  0> +
        (-0.009188, 0.001141)|  26, 2, 0;0,  0;0,  0> +
        ( 0.003494,-0.007255)|  20, 2, 1;0,  0;0,  0> +
        ( 0.001703, 0.006195)|  20, 0, 3;0,  0;0,  0> +
        (-0.001985,-0.005421)|  16, 1, 2;0,  0;0,  0> +
        ( 0.001626, 0.005093)|  19, 0, 3;0,  0;0,  0> +
        (-0.005124, 0.000440)|  26, 0, 2;0,  0;0,  0> +
        ( 0.004148,-0.001151)|  14, 3, 0;0,  0;0,  0> +
        (-0.001910,-0.003828)|  19, 2, 1;0,  0;0,  0> +
        ( 0.002810, 0.001548)|  20, 2, 0;0,  0;0,  0> +
        ( 0.000395, 0.003058)|  18, 1, 2;0,  0;0,  0> +
        ( 0.002108,-0.001417)|  18, 3, 0;0,  0;0,  0> +
        ( 0.001566,-0.001769)|  17, 0, 1;0,  0;0,  0> +
        ( 0.000593,-0.001704)|  18, 0, 3;0,  0;0,  0> +
        ( 0.000080,-0.001773)|  21, 0, 0;0,  0;0,  0> +
        (-0.001710,-0.000016)|  19, 1, 2;0,  0;0,  0> +
        ( 0.001548, 0.000372)|  29, 2, 3;0,  0;0,  0> +
        (-0.001098,-0.000818)|  20, 0, 2;0,  0;0,  0> +
        (-0.000050,-0.001260)|  30, 2, 2;0,  0;0,  0> +
        (-0.000722, 0.000491)|  24, 2, 3;0,  0;0,  0> +
        (-0.000581,-0.000092)|  27, 2, 0;0,  0;0,  0> +
        (-0.000399, 0.000082)|  22, 2, 1;0,  0;0,  0> +
        ( 0.000318, 0.000160)|  31, 2, 2;0,  0;0,  0> +
        ( 0.000139, 0.000310)|  17, 1, 1;0,  0;0,  0> +
         ...
 | 6> = (-0.482111, 0.672239)|  28, 2, 3;0,  0;0,  0> +
        (-0.346725,-0.033307)|  29, 2, 3;0,  0;0,  0> +
        ( 0.053184, 0.257754)|  29, 1, 1;0,  0;0,  0> +
        ( 0.182429,-0.057748)|  30, 1, 1;0,  0;0,  0> +
        ( 0.009016,-0.186908)|  23, 3, 2;0,  0;0,  0> +
        ( 0.094279,-0.090623)|  21, 0, 2;0,  0;0,  0> +
        (-0.086038,-0.003331)|  21, 2, 1;0,  0;0,  0> +
        ( 0.080660,-0.005832)|  20, 1, 1;0,  0;0,  0> +
        ( 0.009283,-0.065908)|  22, 0, 2;0,  0;0,  0> +
        ( 0.048504,-0.041411)|  25, 1, 1;0,  0;0,  0> +
        (-0.049685,-0.020077)|  18, 1, 0;0,  0;0,  0> +
        ( 0.047166,-0.021770)|  17, 1, 2;0,  0;0,  0> +
        ( 0.033828, 0.027344)|  22, 0, 0;0,  0;0,  0> +
        (-0.017519, 0.030313)|  18, 0, 1;0,  0;0,  0> +
        (-0.016610, 0.022072)|  23, 1, 1;0,  0;0,  0> +
        ( 0.005468,-0.024947)|  21, 2, 0;0,  0;0,  0> +
        ( 0.023263,-0.004374)|  23, 0, 3;0,  0;0,  0> +
        ( 0.016725, 0.010945)|  22, 2, 0;0,  0;0,  0> +
        ( 0.016211,-0.010165)|  23, 0, 0;0,  0;0,  0> +
        (-0.007271, 0.016099)|  24, 1, 1;0,  0;0,  0> +
        (-0.001902, 0.016221)|  31, 2, 3;0,  0;0,  0> +
        ( 0.013541,-0.007603)|  33, 1, 1;0,  0;0,  0> +
        ( 0.006958,-0.013229)|  22, 1, 1;0,  0;0,  0> +
        ( 0.001997,-0.012877)|  21, 0, 3;0,  0;0,  0> +
        (-0.001042, 0.012598)|  20, 0, 1;0,  0;0,  0> +
        (-0.009721,-0.007727)|  28, 1, 1;0,  0;0,  0> +
        ( 0.000118,-0.012187)|  25, 3, 2;0,  0;0,  0> +
        (-0.003510, 0.010044)|  22, 0, 3;0,  0;0,  0> +
        (-0.003708,-0.009721)|  24, 3, 2;0,  0;0,  0> +
        ( 0.005570,-0.008351)|  19, 1, 2;0,  0;0,  0> +
        ( 0.008621,-0.004943)|  18, 1, 2;0,  0;0,  0> +
        (-0.005463, 0.006716)|  32, 2, 3;0,  0;0,  0> +
        (-0.001026, 0.007281)|  30, 2, 3;0,  0;0,  0> +
        ( 0.002625, 0.004976)|  19, 0, 1;0,  0;0,  0> +
        (-0.004145, 0.003397)|  27, 1, 1;0,  0;0,  0> +
        ( 0.003938, 0.003311)|  26, 0, 2;0,  0;0,  0> +
        ( 0.000259,-0.005011)|  22, 3, 2;0,  0;0,  0> +
        ( 0.002434,-0.003538)|  16, 3, 0;0,  0;0,  0> +
        (-0.001305,-0.003869)|  26, 2, 0;0,  0;0,  0> +
        (-0.003408,-0.001785)|  26, 2, 3;0,  0;0,  0> +
        (-0.003313,-0.000593)|  27, 3, 2;0,  0;0,  0> +
        (-0.002994,-0.000795)|  20, 2, 1;0,  0;0,  0> +
        ( 0.001133,-0.002562)|  21, 1, 1;0,  0;0,  0> +
        ( 0.002462, 0.000387)|  26, 1, 1;0,  0;0,  0> +
        (-0.001533,-0.001818)|  27, 2, 3;0,  0;0,  0> +
        ( 0.001598, 0.001238)|  21, 3, 2;0,  0;0,  0> +
        ( 0.001247, 0.001418)|  20, 0, 3;0,  0;0,  0> +
        ( 0.001841,-0.000324)|  27, 2, 0;0,  0;0,  0> +
        (-0.000126,-0.001849)|  20, 1, 2;0,  0;0,  0> +
        ( 0.000587,-0.001706)|  18, 3, 0;0,  0;0,  0> +
        (-0.001208, 0.000768)|  19, 1, 1;0,  0;0,  0> +
        (-0.000480,-0.001339)|  32, 2, 2;0,  0;0,  0> +
        ( 0.001180, 0.000782)|  32, 1, 1;0,  0;0,  0> +
        ( 0.000711,-0.001044)|  19, 1, 0;0,  0;0,  0> +
        (-0.001049,-0.000190)|  15, 3, 0;0,  0;0,  0> +
        ( 0.000912, 0.000152)|  31, 1, 1;0,  0;0,  0> +
        (-0.000865,-0.000317)|  26, 3, 2;0,  0;0,  0> +
        ( 0.000887, 0.000141)|  33, 2, 2;0,  0;0,  0> +
        ( 0.000135,-0.000655)|  23, 2, 0;0,  0;0,  0> +
        (-0.000643, 0.000058)|  14, 3, 0;0,  0;0,  0> +
        (-0.000378,-0.000371)|  29, 2, 2;0,  0;0,  0> +
        (-0.000468, 0.000073)|  23, 0, 2;0,  0;0,  0> +
        (-0.000322,-0.000290)|  20, 2, 0;0,  0;0,  0> +
        ( 0.000396,-0.000164)|  31, 2, 0;0,  0;0,  0> +
        ( 0.000346,-0.000244)|  17, 1, 0;0,  0;0,  0> +
        ( 0.000367, 0.000032)|  19, 2, 1;0,  0;0,  0> +
        ( 0.000132,-0.000314)|  25, 2, 3;0,  0;0,  0> +
        (-0.000070, 0.000322)|  30, 0, 2;0,  0;0,  0> +
         ...
 | 7> = ( 0.692766, 0.020949)|  25, 0, 1;0,  0;0,  0> +
        (-0.045414, 0.554874)|  31, 1, 2;0,  0;0,  0> +
        (-0.250673, 0.002639)|  33, 1, 2;0,  0;0,  0> +
        ( 0.001046, 0.160588)|  26, 1, 2;0,  0;0,  0> +
        ( 0.055538, 0.136159)|  32, 3, 0;0,  0;0,  0> +
        ( 0.127145,-0.066860)|  26, 0, 3;0,  0;0,  0> +
        (-0.029123, 0.112677)|  31, 0, 0;0,  0;0,  0> +
        (-0.107893, 0.011379)|  27, 0, 3;0,  0;0,  0> +
        ( 0.014568, 0.097264)|  30, 1, 2;0,  0;0,  0> +
        (-0.095866, 0.021330)|  29, 0, 0;0,  0;0,  0> +
        ( 0.037269, 0.072266)|  29, 1, 2;0,  0;0,  0> +
        (-0.073770, 0.003296)|  24, 1, 0;0,  0;0,  0> +
        ( 0.005571,-0.073214)|  28, 2, 1;0,  0;0,  0> +
        (-0.015890, 0.064703)|  32, 0, 0;0,  0;0,  0> +
        ( 0.021271, 0.049382)|  23, 3, 0;0,  0;0,  0> +
        ( 0.043422, 0.012859)|  25, 1, 2;0,  0;0,  0> +
        ( 0.027787, 0.032574)|  24, 1, 2;0,  0;0,  0> +
        (-0.022058,-0.027199)|  28, 0, 3;0,  0;0,  0> +
        ( 0.015972,-0.027994)|  22, 3, 0;0,  0;0,  0> +
        ( 0.002777, 0.030208)|  30, 0, 0;0,  0;0,  0> +
        ( 0.025817,-0.005097)|  27, 1, 2;0,  0;0,  0> +
        ( 0.004108,-0.025542)|  32, 1, 2;0,  0;0,  0> +
        (-0.001316, 0.016348)|  25, 1, 0;0,  0;0,  0> +
        ( 0.013388,-0.006554)|  33, 0, 0;0,  0;0,  0> +
        (-0.004998, 0.009120)|  30, 3, 0;0,  0;0,  0> +
        ( 0.004611, 0.006023)|  25, 3, 0;0,  0;0,  0> +
        (-0.004453,-0.005969)|  33, 3, 0;0,  0;0,  0> +
        ( 0.002060, 0.005971)|  26, 1, 0;0,  0;0,  0> +
        ( 0.006055, 0.000299)|  24, 3, 0;0,  0;0,  0> +
        ( 0.005765,-0.001065)|  27, 3, 0;0,  0;0,  0> +
        (-0.004729,-0.001841)|  28, 3, 0;0,  0;0,  0> +
        (-0.004650, 0.001343)|  28, 1, 2;0,  0;0,  0> +
        (-0.001292, 0.004069)|  31, 3, 0;0,  0;0,  0> +
        (-0.001676,-0.003339)|  26, 0, 1;0,  0;0,  0> +
        (-0.000295, 0.003630)|  29, 3, 0;0,  0;0,  0> +
        ( 0.002698,-0.001179)|  24, 0, 1;0,  0;0,  0> +
        (-0.002397, 0.001040)|  26, 3, 0;0,  0;0,  0> +
        ( 0.001713, 0.000328)|  25, 2, 1;0,  0;0,  0> +
        ( 0.001220, 0.000499)|  27, 1, 0;0,  0;0,  0> +
        ( 0.001196, 0.000333)|  29, 0, 1;0,  0;0,  0> +
        (-0.000783, 0.000870)|  27, 2, 1;0,  0;0,  0> +
        (-0.001133, 0.000061)|  32, 0, 1;0,  0;0,  0> +
        (-0.001113,-0.000070)|  30, 0, 1;0,  0;0,  0> +
        (-0.000116, 0.000993)|  28, 0, 1;0,  0;0,  0> +
        (-0.000405,-0.000905)|  29, 2, 1;0,  0;0,  0> +
        ( 0.000114,-0.000808)|  29, 0, 3;0,  0;0,  0> +
        (-0.000259,-0.000733)|  21, 3, 0;0,  0;0,  0> +
        (-0.000321, 0.000538)|  31, 2, 1;0,  0;0,  0> +
        (-0.000455,-0.000423)|  30, 0, 3;0,  0;0,  0> +
        (-0.000225,-0.000536)|  26, 2, 1;0,  0;0,  0> +
        (-0.000419, 0.000291)|  27, 0, 1;0,  0;0,  0> +
         ...
 | 8> = ( 0.513459, 0.050363)|  29, 2, 3;0,  0;0,  0> +
        ( 0.095195, 0.446274)|  18, 3, 0;0,  0;0,  0> +
        ( 0.212075,-0.200350)|  21, 1, 1;0,  0;0,  0> +
        ( 0.169154,-0.223970)|  26, 0, 2;0,  0;0,  0> +
        (-0.052639, 0.234605)|  22, 0, 2;0,  0;0,  0> +
        (-0.078565, 0.196471)|  19, 1, 2;0,  0;0,  0> +
        (-0.118469, 0.146635)|  28, 2, 3;0,  0;0,  0> +
        (-0.146387,-0.079025)|  19, 1, 0;0,  0;0,  0> +
        (-0.047521,-0.151216)|  31, 2, 0;0,  0;0,  0> +
        ( 0.003993, 0.148749)|  21, 2, 1;0,  0;0,  0> +
        (-0.066819,-0.131383)|  18, 1, 2;0,  0;0,  0> +
        ( 0.124244, 0.021240)|  22, 0, 3;0,  0;0,  0> +
        (-0.120694, 0.007810)|  22, 2, 0;0,  0;0,  0> +
        (-0.084105,-0.074840)|  25, 1, 1;0,  0;0,  0> +
        (-0.042822, 0.097908)|  29, 1, 1;0,  0;0,  0> +
        ( 0.042353, 0.093184)|  19, 0, 1;0,  0;0,  0> +
        ( 0.066981, 0.076302)|  20, 1, 2;0,  0;0,  0> +
        ( 0.004182,-0.074146)|  25, 3, 2;0,  0;0,  0> +
        (-0.052282, 0.052527)|  23, 1, 1;0,  0;0,  0> +
        ( 0.065929, 0.018985)|  27, 3, 2;0,  0;0,  0> +
        ( 0.026898,-0.062718)|  31, 1, 1;0,  0;0,  0> +
        ( 0.050196,-0.030076)|  23, 0, 3;0,  0;0,  0> +
        (-0.004040, 0.058337)|  27, 1, 1;0,  0;0,  0> +
        ( 0.046050,-0.013944)|  30, 1, 1;0,  0;0,  0> +
        ( 0.012052,-0.045976)|  32, 1, 1;0,  0;0,  0> +
        ( 0.034846, 0.026162)|  24, 1, 1;0,  0;0,  0> +
        ( 0.022019,-0.034061)|  21, 0, 2;0,  0;0,  0> +
        ( 0.038649, 0.001046)|  23, 0, 2;0,  0;0,  0> +
        (-0.028146, 0.025897)|  23, 0, 0;0,  0;0,  0> +
        ( 0.013884,-0.034696)|  20, 0, 1;0,  0;0,  0> +
        ( 0.006053,-0.036005)|  23, 3, 2;0,  0;0,  0> +
        ( 0.021738,-0.027933)|  22, 1, 1;0,  0;0,  0> +
        ( 0.026997, 0.020803)|  26, 2, 0;0,  0;0,  0> +
        ( 0.031713, 0.011728)|  26, 3, 2;0,  0;0,  0> +
        ( 0.011253, 0.028517)|  30, 0, 2;0,  0;0,  0> +
        (-0.029077, 0.002731)|  21, 0, 3;0,  0;0,  0> +
        ( 0.028087,-0.000917)|  31, 0, 2;0,  0;0,  0> +
        (-0.010191,-0.024706)|  24, 3, 2;0,  0;0,  0> +
        ( 0.001687, 0.025413)|  23, 2, 0;0,  0;0,  0> +
        ( 0.003524, 0.025128)|  21, 2, 0;0,  0;0,  0> +
        ( 0.012314, 0.018390)|  22, 2, 1;0,  0;0,  0> +
        (-0.020463, 0.006266)|  27, 2, 0;0,  0;0,  0> +
        (-0.019126, 0.004798)|  20, 1, 1;0,  0;0,  0> +
        (-0.009764, 0.011163)|  28, 1, 1;0,  0;0,  0> +
        ( 0.003539,-0.011297)|  17, 1, 2;0,  0;0,  0> +
        (-0.009089, 0.003477)|  32, 2, 3;0,  0;0,  0> +
        ( 0.002891,-0.008445)|  31, 2, 3;0,  0;0,  0> +
        ( 0.006299, 0.006252)|  33, 1, 1;0,  0;0,  0> +
        (-0.005716,-0.005442)|  22, 0, 0;0,  0;0,  0> +
        (-0.000733,-0.007097)|  16, 3, 0;0,  0;0,  0> +
        ( 0.001604,-0.006539)|  24, 2, 0;0,  0;0,  0> +
        (-0.005312,-0.003961)|  28, 2, 0;0,  0;0,  0> +
        ( 0.002291,-0.004555)|  30, 2, 3;0,  0;0,  0> +
        (-0.002164, 0.004540)|  20, 2, 1;0,  0;0,  0> +
        ( 0.004521,-0.002166)|  20, 0, 3;0,  0;0,  0> +
        ( 0.000396, 0.004109)|  17, 3, 0;0,  0;0,  0> +
        ( 0.003355, 0.001865)|  18, 0, 1;0,  0;0,  0> +
        ( 0.001031,-0.003524)|  26, 1, 1;0,  0;0,  0> +
        ( 0.001815, 0.002725)|  19, 1, 1;0,  0;0,  0> +
        ( 0.001123,-0.002907)|  21, 3, 2;0,  0;0,  0> +
        ( 0.002680,-0.001376)|  18, 1, 0;0,  0;0,  0> +
        (-0.002332, 0.001493)|  32, 2, 2;0,  0;0,  0> +
        (-0.002469,-0.001112)|  22, 3, 2;0,  0;0,  0> +
        ( 0.000312,-0.002309)|  26, 2, 3;0,  0;0,  0> +
        ( 0.000043, 0.001908)|  23, 2, 1;0,  0;0,  0> +
        (-0.000719, 0.001578)|  27, 2, 3;0,  0;0,  0> +
        ( 0.000222,-0.001559)|  27, 0, 2;0,  0;0,  0> +
        ( 0.000028,-0.001460)|  33, 2, 2;0,  0;0,  0> +
        (-0.000290,-0.000971)|  30, 2, 0;0,  0;0,  0> +
        (-0.000982,-0.000087)|  15, 3, 0;0,  0;0,  0> +
        (-0.000433,-0.000700)|  17, 1, 0;0,  0;0,  0> +
        (-0.000747,-0.000271)|  19, 2, 1;0,  0;0,  0> +
        (-0.000684,-0.000338)|  25, 2, 3;0,  0;0,  0> +
        (-0.000497, 0.000545)|  29, 2, 2;0,  0;0,  0> +
        ( 0.000693,-0.000110)|  19, 0, 3;0,  0;0,  0> +
        ( 0.000139,-0.000566)|  17, 0, 1;0,  0;0,  0> +
        (-0.000226,-0.000400)|  28, 0, 2;0,  0;0,  0> +
        (-0.000326, 0.000184)|  14, 3, 0;0,  0;0,  0> +
        ( 0.000345,-0.000002)|  24, 2, 3;0,  0;0,  0> +
        (-0.000065,-0.000311)|  21, 0, 0;0,  0;0,  0> +
         ...
 | 9> = ( 0.651840, 0.047238)|  31, 0, 1;0,  0;0,  0> +
        (-0.566675,-0.021779)|  32, 0, 1;0,  0;0,  0> +
        (-0.013683,-0.392305)|  28, 0, 1;0,  0;0,  0> +
        (-0.057086, 0.215124)|  28, 1, 0;0,  0;0,  0> +
        (-0.140856,-0.008554)|  32, 1, 0;0,  0;0,  0> +
        (-0.067329,-0.123295)|  27, 1, 0;0,  0;0,  0> +
        (-0.069536,-0.005188)|  30, 0, 1;0,  0;0,  0> +
        (-0.007516,-0.042318)|  29, 1, 0;0,  0;0,  0> +
        (-0.019017,-0.016589)|  33, 0, 1;0,  0;0,  0> +
        (-0.002675, 0.024546)|  30, 1, 0;0,  0;0,  0> +
        ( 0.003925,-0.004110)|  26, 3, 0;0,  0;0,  0> +
        (-0.000449,-0.002362)|  31, 1, 0;0,  0;0,  0> +
        (-0.002389,-0.000103)|  33, 1, 0;0,  0;0,  0> +
        (-0.000591,-0.000477)|  29, 0, 1;0,  0;0,  0> +
         ...
 |10> = (-0.014465,-0.604132)|  30, 1, 2;0,  0;0,  0> +
        ( 0.126229, 0.280883)|  29, 1, 2;0,  0;0,  0> +
        (-0.118364,-0.278284)|  23, 3, 0;0,  0;0,  0> +
        (-0.273405, 0.024733)|  27, 1, 2;0,  0;0,  0> +
        ( 0.221485, 0.098075)|  26, 0, 3;0,  0;0,  0> +
        (-0.224928, 0.083555)|  33, 0, 0;0,  0;0,  0> +
        (-0.082706,-0.221655)|  24, 1, 2;0,  0;0,  0> +
        (-0.054140, 0.216819)|  31, 0, 0;0,  0;0,  0> +
        ( 0.155270,-0.118231)|  26, 1, 2;0,  0;0,  0> +
        ( 0.022101,-0.155823)|  25, 1, 2;0,  0;0,  0> +
        (-0.038359, 0.121053)|  31, 1, 2;0,  0;0,  0> +
        (-0.115678, 0.037494)|  27, 0, 3;0,  0;0,  0> +
        ( 0.050739,-0.107485)|  28, 3, 0;0,  0;0,  0> +
        ( 0.079652,-0.061822)|  28, 2, 1;0,  0;0,  0> +
        (-0.052847, 0.077308)|  25, 1, 0;0,  0;0,  0> +
        (-0.069948, 0.025766)|  28, 1, 2;0,  0;0,  0> +
        ( 0.040952, 0.051714)|  22, 3, 0;0,  0;0,  0> +
        ( 0.055467,-0.003624)|  24, 1, 0;0,  0;0,  0> +
        ( 0.009992,-0.049247)|  28, 0, 3;0,  0;0,  0> +
        (-0.049089,-0.004843)|  25, 0, 1;0,  0;0,  0> +
        (-0.022979, 0.031958)|  30, 3, 0;0,  0;0,  0> +
        ( 0.011245, 0.031503)|  24, 3, 0;0,  0;0,  0> +
        ( 0.021637, 0.020661)|  33, 1, 2;0,  0;0,  0> +
        (-0.005626,-0.027283)|  32, 3, 0;0,  0;0,  0> +
        (-0.021989,-0.013743)|  29, 0, 0;0,  0;0,  0> +
        ( 0.018966, 0.009644)|  26, 0, 1;0,  0;0,  0> +
        ( 0.017854,-0.004917)|  32, 0, 0;0,  0;0,  0> +
        (-0.016340, 0.000172)|  32, 1, 2;0,  0;0,  0> +
        ( 0.000064, 0.007821)|  29, 3, 0;0,  0;0,  0> +
        (-0.005295,-0.001007)|  30, 0, 0;0,  0;0,  0> +
        (-0.000918, 0.002588)|  31, 3, 0;0,  0;0,  0> +
        ( 0.001136, 0.002346)|  25, 2, 1;0,  0;0,  0> +
        ( 0.000445, 0.002398)|  24, 0, 1;0,  0;0,  0> +
        ( 0.000879, 0.002234)|  26, 1, 0;0,  0;0,  0> +
        ( 0.002051, 0.000716)|  27, 1, 0;0,  0;0,  0> +
        (-0.000465,-0.002033)|  29, 2, 1;0,  0;0,  0> +
        ( 0.001771,-0.000747)|  33, 3, 0;0,  0;0,  0> +
        ( 0.001105, 0.001428)|  25, 3, 0;0,  0;0,  0> +
        (-0.001597, 0.000123)|  27, 2, 1;0,  0;0,  0> +
        ( 0.001405,-0.000593)|  26, 3, 0;0,  0;0,  0> +
        (-0.001455, 0.000088)|  32, 0, 1;0,  0;0,  0> +
        ( 0.001315, 0.000055)|  30, 0, 1;0,  0;0,  0> +
        ( 0.000787,-0.000966)|  27, 0, 1;0,  0;0,  0> +
        (-0.000244, 0.001034)|  28, 0, 1;0,  0;0,  0> +
        ( 0.000924, 0.000290)|  29, 0, 1;0,  0;0,  0> +
        ( 0.000301,-0.000881)|  27, 3, 0;0,  0;0,  0> +
        ( 0.000850,-0.000197)|  21, 3, 0;0,  0;0,  0> +
        ( 0.000777,-0.000360)|  29, 0, 3;0,  0;0,  0> +
        (-0.000814, 0.000127)|  31, 2, 1;0,  0;0,  0> +
        ( 0.000101,-0.000724)|  30, 0, 3;0,  0;0,  0> +
        (-0.000400,-0.000443)|  33, 0, 1;0,  0;0,  0> +
        ( 0.000154,-0.000542)|  30, 2, 1;0,  0;0,  0> +
        ( 0.000246,-0.000413)|  26, 2, 1;0,  0;0,  0> +
        (-0.000337,-0.000275)|  33, 0, 3;0,  0;0,  0> +
        (-0.000048,-0.000406)|  25, 0, 3;0,  0;0,  0> +
        (-0.000279, 0.000169)|  29, 0, 2;0,  0;0,  0> +
        ( 0.000268, 0.000172)|  23, 1, 2;0,  0;0,  0> +
         ...
 |11> = ( 0.606697, 0.185812)|  30, 2, 2;0,  0;0,  0> +
        ( 0.199579,-0.288124)|  24, 2, 3;0,  0;0,  0> +
        (-0.318652,-0.129628)|  16, 1, 2;0,  0;0,  0> +
        ( 0.268462,-0.151614)|  31, 3, 1;0,  0;0,  0> +
        ( 0.200934, 0.045890)|  20, 2, 0;0,  0;0,  0> +
        (-0.030378, 0.187398)|  31, 2, 2;0,  0;0,  0> +
        ( 0.146851, 0.102976)|  19, 0, 3;0,  0;0,  0> +
        (-0.085754,-0.150206)|  15, 3, 0;0,  0;0,  0> +
        (-0.142830,-0.004309)|  19, 2, 1;0,  0;0,  0> +
        (-0.093048, 0.098106)|  18, 1, 1;0,  0;0,  0> +
        ( 0.011827, 0.128696)|  20, 0, 3;0,  0;0,  0> +
        (-0.086033,-0.067675)|  29, 2, 2;0,  0;0,  0> +
        ( 0.095615,-0.030436)|  31, 1, 3;0,  0;0,  0> +
        (-0.087793, 0.009759)|  19, 1, 1;0,  0;0,  0> +
        ( 0.035110,-0.070774)|  18, 0, 3;0,  0;0,  0> +
        ( 0.064366, 0.019469)|  33, 3, 1;0,  0;0,  0> +
        (-0.066424, 0.003280)|  20, 0, 2;0,  0;0,  0> +
        (-0.044936,-0.037291)|  16, 3, 0;0,  0;0,  0> +
        (-0.039982,-0.021096)|  21, 3, 2;0,  0;0,  0> +
        (-0.042886, 0.000309)|  33, 2, 2;0,  0;0,  0> +
        (-0.008045,-0.039786)|  20, 2, 1;0,  0;0,  0> +
        (-0.038066, 0.007556)|  17, 0, 1;0,  0;0,  0> +
        ( 0.021545,-0.028494)|  25, 2, 3;0,  0;0,  0> +
        (-0.029002,-0.015828)|  28, 2, 2;0,  0;0,  0> +
        (-0.025022, 0.016242)|  15, 1, 2;0,  0;0,  0> +
        (-0.027060,-0.002599)|  32, 2, 2;0,  0;0,  0> +
        ( 0.009171, 0.025042)|  18, 2, 1;0,  0;0,  0> +
        ( 0.025845,-0.005728)|  17, 1, 1;0,  0;0,  0> +
        (-0.002483,-0.024826)|  33, 1, 3;0,  0;0,  0> +
        ( 0.020241, 0.009477)|  26, 1, 1;0,  0;0,  0> +
        (-0.020151, 0.003987)|  21, 0, 0;0,  0;0,  0> +
        ( 0.009073,-0.017301)|  17, 1, 0;0,  0;0,  0> +
        (-0.016663, 0.002008)|  14, 3, 0;0,  0;0,  0> +
        (-0.016205,-0.004368)|  19, 0, 2;0,  0;0,  0> +
        ( 0.016585,-0.002576)|  14, 1, 2;0,  0;0,  0> +
        ( 0.005030, 0.016001)|  20, 3, 2;0,  0;0,  0> +
        (-0.004314,-0.012680)|  16, 1, 0;0,  0;0,  0> +
        (-0.010246, 0.008054)|  16, 0, 3;0,  0;0,  0> +
        ( 0.010250,-0.004051)|  21, 2, 1;0,  0;0,  0> +
        (-0.010254, 0.003982)|  13, 3, 0;0,  0;0,  0> +
        ( 0.001775, 0.009350)|  32, 1, 3;0,  0;0,  0> +
        ( 0.003711,-0.007873)|  25, 1, 1;0,  0;0,  0> +
        ( 0.007757, 0.003838)|  24, 1, 1;0,  0;0,  0> +
        (-0.002550, 0.007445)|  25, 2, 2;0,  0;0,  0> +
        (-0.007482, 0.001469)|  22, 1, 1;0,  0;0,  0> +
        (-0.005662,-0.003814)|  17, 2, 1;0,  0;0,  0> +
        (-0.004944,-0.001126)|  28, 1, 1;0,  0;0,  0> +
        (-0.004919,-0.000624)|  16, 2, 1;0,  0;0,  0> +
        (-0.003720,-0.002368)|  18, 2, 0;0,  0;0,  0> +
        (-0.004050,-0.001314)|  17, 0, 3;0,  0;0,  0> +
        (-0.000961, 0.004147)|  16, 1, 1;0,  0;0,  0> +
        (-0.002707, 0.003093)|  17, 0, 2;0,  0;0,  0> +
        ( 0.001410,-0.003225)|  17, 1, 2;0,  0;0,  0> +
        ( 0.003424, 0.000060)|  21, 0, 3;0,  0;0,  0> +
        (-0.000443,-0.003280)|  16, 0, 1;0,  0;0,  0> +
        ( 0.000478, 0.003028)|  19, 2, 0;0,  0;0,  0> +
        ( 0.001645,-0.001612)|  20, 0, 0;0,  0;0,  0> +
        (-0.000464,-0.002226)|  19, 3, 2;0,  0;0,  0> +
        (-0.001891, 0.000245)|  18, 0, 2;0,  0;0,  0> +
        (-0.001345,-0.001166)|  13, 1, 2;0,  0;0,  0> +
        (-0.001287, 0.000870)|  24, 2, 2;0,  0;0,  0> +
        (-0.001514,-0.000241)|  32, 3, 1;0,  0;0,  0> +
        (-0.001090, 0.000908)|  29, 3, 1;0,  0;0,  0> +
        (-0.000995,-0.000619)|  20, 1, 1;0,  0;0,  0> +
        ( 0.000057, 0.001103)|  22, 2, 3;0,  0;0,  0> +
        (-0.000335,-0.000941)|  30, 3, 1;0,  0;0,  0> +
        (-0.000505,-0.000688)|  15, 0, 1;0,  0;0,  0> +
        (-0.000477,-0.000599)|  17, 2, 0;0,  0;0,  0> +
        ( 0.000400,-0.000561)|  23, 2, 3;0,  0;0,  0> +
        (-0.000136, 0.000550)|  19, 0, 0;0,  0;0,  0> +
        ( 0.000284,-0.000342)|  22, 0, 2;0,  0;0,  0> +
        (-0.000237,-0.000361)|  27, 3, 1;0,  0;0,  0> +
        (-0.000398, 0.000129)|  26, 2, 2;0,  0;0,  0> +
        ( 0.000364,-0.000199)|  21, 0, 2;0,  0;0,  0> +
        (-0.000402,-0.000096)|  15, 1, 1;0,  0;0,  0> +
        (-0.000296,-0.000154)|  22, 3, 2;0,  0;0,  0> +
        ( 0.000222, 0.000226)|  15, 1, 0;0,  0;0,  0> +
         ...
 |12> = ( 0.522730, 0.098529)|  27, 3, 2;0,  0;0,  0> +
        ( 0.182002,-0.356594)|  32, 1, 1;0,  0;0,  0> +
        (-0.258669, 0.298162)|  22, 0, 3;0,  0;0,  0> +
        ( 0.265202,-0.127205)|  26, 2, 0;0,  0;0,  0> +
        (-0.194260,-0.119770)|  19, 1, 0;0,  0;0,  0> +
        (-0.210769, 0.008549)|  21, 2, 0;0,  0;0,  0> +
        (-0.045682, 0.176613)|  31, 1, 1;0,  0;0,  0> +
        ( 0.040685, 0.177704)|  31, 2, 0;0,  0;0,  0> +
        ( 0.091096,-0.103241)|  19, 1, 2;0,  0;0,  0> +
        (-0.076050, 0.109690)|  23, 1, 1;0,  0;0,  0> +
        ( 0.007211, 0.132527)|  25, 3, 2;0,  0;0,  0> +
        (-0.076732, 0.082411)|  32, 2, 3;0,  0;0,  0> +
        ( 0.004375, 0.112265)|  20, 1, 2;0,  0;0,  0> +
        ( 0.073381,-0.065767)|  33, 1, 1;0,  0;0,  0> +
        (-0.095226,-0.020506)|  26, 3, 2;0,  0;0,  0> +
        ( 0.022097,-0.076198)|  20, 0, 1;0,  0;0,  0> +
        (-0.028662,-0.059430)|  24, 3, 2;0,  0;0,  0> +
        (-0.038605, 0.053434)|  23, 0, 0;0,  0;0,  0> +
        (-0.003688, 0.065235)|  31, 2, 3;0,  0;0,  0> +
        ( 0.013366,-0.056711)|  18, 1, 2;0,  0;0,  0> +
        (-0.028515, 0.050373)|  22, 2, 0;0,  0;0,  0> +
        (-0.005011,-0.054311)|  30, 0, 2;0,  0;0,  0> +
        (-0.050645,-0.019556)|  26, 0, 2;0,  0;0,  0> +
        (-0.024754, 0.047912)|  21, 1, 1;0,  0;0,  0> +
        (-0.044977, 0.013263)|  28, 2, 0;0,  0;0,  0> +
        (-0.014766, 0.042194)|  31, 0, 2;0,  0;0,  0> +
        (-0.004026, 0.040790)|  27, 2, 0;0,  0;0,  0> +
        ( 0.011684,-0.037144)|  22, 0, 2;0,  0;0,  0> +
        (-0.038535, 0.003350)|  33, 2, 3;0,  0;0,  0> +
        ( 0.033690,-0.013387)|  21, 2, 1;0,  0;0,  0> +
        ( 0.028999, 0.011191)|  18, 3, 0;0,  0;0,  0> +
        ( 0.025100, 0.017591)|  23, 2, 0;0,  0;0,  0> +
        ( 0.019950,-0.023077)|  27, 1, 1;0,  0;0,  0> +
        ( 0.026523, 0.006537)|  23, 0, 2;0,  0;0,  0> +
        (-0.010877, 0.024290)|  25, 1, 1;0,  0;0,  0> +
        (-0.000457, 0.022872)|  30, 2, 3;0,  0;0,  0> +
        ( 0.020393,-0.005623)|  23, 0, 3;0,  0;0,  0> +
        (-0.013740, 0.014115)|  21, 0, 2;0,  0;0,  0> +
        ( 0.015436,-0.005025)|  19, 0, 1;0,  0;0,  0> +
        (-0.010507, 0.011401)|  22, 2, 1;0,  0;0,  0> +
        (-0.013456, 0.003856)|  22, 1, 1;0,  0;0,  0> +
        (-0.005125, 0.012475)|  23, 2, 1;0,  0;0,  0> +
        ( 0.011475, 0.005228)|  30, 2, 0;0,  0;0,  0> +
        ( 0.009695,-0.002255)|  24, 2, 0;0,  0;0,  0> +
        (-0.000567, 0.009160)|  17, 3, 0;0,  0;0,  0> +
        (-0.007458, 0.003460)|  20, 1, 1;0,  0;0,  0> +
        ( 0.001039,-0.007986)|  24, 1, 1;0,  0;0,  0> +
        (-0.007222, 0.003553)|  21, 0, 3;0,  0;0,  0> +
        (-0.003564,-0.006611)|  28, 0, 2;0,  0;0,  0> +
        ( 0.006737,-0.002424)|  29, 1, 1;0,  0;0,  0> +
        (-0.002711, 0.005964)|  30, 1, 1;0,  0;0,  0> +
        (-0.004386,-0.004478)|  29, 3, 2;0,  0;0,  0> +
        (-0.000471, 0.005585)|  33, 0, 2;0,  0;0,  0> +
        (-0.005288, 0.000487)|  17, 1, 2;0,  0;0,  0> +
        (-0.000096, 0.004541)|  28, 3, 2;0,  0;0,  0> +
        (-0.001239,-0.004046)|  29, 2, 3;0,  0;0,  0> +
        ( 0.002089, 0.002976)|  20, 1, 0;0,  0;0,  0> +
        ( 0.002912,-0.000926)|  18, 1, 0;0,  0;0,  0> +
        ( 0.002359,-0.001802)|  22, 0, 0;0,  0;0,  0> +
        (-0.002265, 0.001850)|  16, 3, 0;0,  0;0,  0> +
        ( 0.002588, 0.001276)|  28, 1, 1;0,  0;0,  0> +
        ( 0.002268,-0.000552)|  27, 2, 3;0,  0;0,  0> +
        ( 0.002020, 0.000559)|  27, 0, 2;0,  0;0,  0> +
        ( 0.001992,-0.000528)|  18, 0, 1;0,  0;0,  0> +
        (-0.001483, 0.000090)|  33, 2, 0;0,  0;0,  0> +
        ( 0.001422, 0.000085)|  20, 2, 1;0,  0;0,  0> +
        (-0.001223,-0.000672)|  20, 0, 3;0,  0;0,  0> +
        (-0.000733,-0.001130)|  21, 0, 1;0,  0;0,  0> +
        (-0.000657, 0.001050)|  23, 3, 2;0,  0;0,  0> +
        (-0.000803, 0.000087)|  26, 1, 1;0,  0;0,  0> +
        (-0.000721,-0.000145)|  21, 3, 2;0,  0;0,  0> +
        ( 0.000192,-0.000692)|  21, 1, 2;0,  0;0,  0> +
        ( 0.000369,-0.000564)|  19, 1, 1;0,  0;0,  0> +
        (-0.000349,-0.000568)|  24, 2, 1;0,  0;0,  0> +
        ( 0.000512, 0.000305)|  32, 2, 2;0,  0;0,  0> +
        ( 0.000520, 0.000236)|  28, 2, 3;0,  0;0,  0> +
        (-0.000094, 0.000536)|  22, 3, 2;0,  0;0,  0> +
        ( 0.000037, 0.000479)|  32, 2, 0;0,  0;0,  0> +
        ( 0.000287, 0.000345)|  15, 3, 0;0,  0;0,  0> +
        ( 0.000097,-0.000413)|  24, 0, 0;0,  0;0,  0> +
        (-0.000333, 0.000095)|  33, 2, 2;0,  0;0,  0> +
         ...
 |13> = (-0.629084, 0.147001)|  26, 0, 0;0,  0;0,  0> +
        ( 0.034707,-0.429625)|  21, 1, 0;0,  0;0,  0> +
        ( 0.244589, 0.216168)|  32, 2, 0;0,  0;0,  0> +
        (-0.248878, 0.165623)|  21, 1, 2;0,  0;0,  0> +
        (-0.146283,-0.228777)|  22, 0, 1;0,  0;0,  0> +
        ( 0.195814,-0.089317)|  25, 0, 0;0,  0;0,  0> +
        ( 0.171658,-0.034412)|  33, 2, 0;0,  0;0,  0> +
        (-0.130035,-0.031522)|  32, 0, 2;0,  0;0,  0> +
        ( 0.077753, 0.051988)|  31, 3, 2;0,  0;0,  0> +
        ( 0.026492,-0.073043)|  19, 3, 0;0,  0;0,  0> +
        (-0.025156,-0.048308)|  29, 2, 0;0,  0;0,  0> +
        ( 0.021595, 0.038256)|  25, 2, 0;0,  0;0,  0> +
        ( 0.010459, 0.041213)|  24, 0, 2;0,  0;0,  0> +
        (-0.016668,-0.036446)|  32, 3, 2;0,  0;0,  0> +
        (-0.011179, 0.033671)|  23, 0, 1;0,  0;0,  0> +
        ( 0.010052,-0.029988)|  22, 1, 2;0,  0;0,  0> +
        (-0.029573, 0.000504)|  23, 2, 1;0,  0;0,  0> +
        (-0.007482, 0.027403)|  33, 0, 2;0,  0;0,  0> +
        (-0.024808, 0.009514)|  29, 0, 2;0,  0;0,  0> +
        ( 0.010906, 0.022484)|  28, 2, 0;0,  0;0,  0> +
        (-0.005705, 0.024172)|  24, 2, 1;0,  0;0,  0> +
        ( 0.003061,-0.022155)|  30, 2, 0;0,  0;0,  0> +
        ( 0.011719, 0.018332)|  25, 0, 2;0,  0;0,  0> +
        (-0.006822, 0.017788)|  27, 0, 2;0,  0;0,  0> +
        (-0.000357, 0.015693)|  28, 0, 2;0,  0;0,  0> +
        (-0.013875, 0.005649)|  24, 0, 3;0,  0;0,  0> +
        (-0.014690,-0.000490)|  32, 2, 1;0,  0;0,  0> +
        (-0.005451,-0.012957)|  33, 3, 2;0,  0;0,  0> +
        ( 0.004329, 0.012181)|  27, 0, 0;0,  0;0,  0> +
        ( 0.007234, 0.008510)|  24, 2, 0;0,  0;0,  0> +
        ( 0.004642,-0.009682)|  30, 0, 2;0,  0;0,  0> +
        (-0.009887,-0.003150)|  22, 2, 1;0,  0;0,  0> +
        (-0.010292,-0.000313)|  31, 0, 2;0,  0;0,  0> +
        ( 0.007052, 0.003292)|  29, 3, 2;0,  0;0,  0> +
        ( 0.002810, 0.007132)|  30, 3, 2;0,  0;0,  0> +
        ( 0.007180, 0.001361)|  25, 0, 3;0,  0;0,  0> +
        ( 0.001304, 0.007120)|  23, 0, 2;0,  0;0,  0> +
        ( 0.001509,-0.005878)|  25, 2, 1;0,  0;0,  0> +
        (-0.004717,-0.003536)|  24, 0, 0;0,  0;0,  0> +
        ( 0.003196, 0.004803)|  20, 1, 0;0,  0;0,  0> +
        ( 0.005063,-0.002473)|  32, 0, 3;0,  0;0,  0> +
        (-0.000518,-0.005272)|  31, 2, 0;0,  0;0,  0> +
        ( 0.003999, 0.000818)|  27, 2, 0;0,  0;0,  0> +
        (-0.003248, 0.001916)|  31, 1, 1;0,  0;0,  0> +
        ( 0.001709,-0.002405)|  31, 2, 1;0,  0;0,  0> +
        ( 0.000357,-0.002556)|  30, 2, 1;0,  0;0,  0> +
        ( 0.001071, 0.002266)|  21, 0, 1;0,  0;0,  0> +
        (-0.002061, 0.001122)|  33, 2, 3;0,  0;0,  0> +
        ( 0.000723,-0.002229)|  29, 0, 3;0,  0;0,  0> +
        (-0.001817,-0.001452)|  28, 3, 2;0,  0;0,  0> +
        (-0.002280,-0.000188)|  23, 1, 2;0,  0;0,  0> +
        ( 0.001608,-0.001460)|  26, 0, 2;0,  0;0,  0> +
        (-0.002029, 0.000571)|  30, 0, 3;0,  0;0,  0> +
        ( 0.001699,-0.001104)|  23, 2, 0;0,  0;0,  0> +
        ( 0.000207,-0.001762)|  20, 1, 2;0,  0;0,  0> +
        ( 0.000466, 0.001413)|  17, 3, 0;0,  0;0,  0> +
        ( 0.000216, 0.001357)|  21, 1, 1;0,  0;0,  0> +
        ( 0.000252,-0.001314)|  26, 2, 1;0,  0;0,  0> +
        (-0.000322, 0.001239)|  27, 2, 1;0,  0;0,  0> +
        ( 0.001126, 0.000435)|  19, 1, 2;0,  0;0,  0> +
        (-0.000568,-0.000776)|  31, 0, 3;0,  0;0,  0> +
        ( 0.000851, 0.000336)|  22, 1, 0;0,  0;0,  0> +
        ( 0.000579, 0.000482)|  22, 0, 3;0,  0;0,  0> +
        (-0.000591, 0.000060)|  33, 2, 1;0,  0;0,  0> +
        (-0.000520,-0.000240)|  26, 3, 2;0,  0;0,  0> +
        (-0.000410, 0.000273)|  29, 2, 1;0,  0;0,  0> +
        ( 0.000451,-0.000125)|  18, 3, 0;0,  0;0,  0> +
        (-0.000266,-0.000322)|  18, 1, 2;0,  0;0,  0> +
        (-0.000306, 0.000195)|  26, 2, 0;0,  0;0,  0> +
         ...
 |14> = (-0.656941,-0.007001)|  31, 0, 1;0,  0;0,  0> +
        (-0.582300, 0.002883)|  32, 0, 1;0,  0;0,  0> +
        (-0.390131,-0.138830)|  27, 1, 0;0,  0;0,  0> +
        ( 0.062676,-0.154958)|  28, 0, 1;0,  0;0,  0> +
        ( 0.133071, 0.009758)|  30, 0, 1;0,  0;0,  0> +
        ( 0.069079, 0.068028)|  33, 0, 1;0,  0;0,  0> +
        ( 0.000120,-0.036662)|  29, 1, 0;0,  0;0,  0> +
        (-0.005148, 0.024319)|  28, 1, 0;0,  0;0,  0> +
        (-0.018525,-0.000442)|  33, 1, 0;0,  0;0,  0> +
        (-0.003206,-0.013278)|  31, 1, 0;0,  0;0,  0> +
        ( 0.000657,-0.010926)|  30, 1, 0;0,  0;0,  0> +
        (-0.004972, 0.006052)|  26, 3, 0;0,  0;0,  0> +
        (-0.001623,-0.000195)|  32, 1, 0;0,  0;0,  0> +
         ...
 |15> = ( 0.704235, 0.046247)|  32, 1, 0;0,  0;0,  0> +
        ( 0.039128,-0.675758)|  30, 1, 0;0,  0;0,  0> +
        (-0.006710, 0.167581)|  29, 1, 0;0,  0;0,  0> +
        ( 0.082286, 0.005966)|  31, 0, 1;0,  0;0,  0> +
        (-0.071539,-0.002746)|  32, 0, 1;0,  0;0,  0> +
        (-0.001727,-0.049519)|  28, 0, 1;0,  0;0,  0> +
        (-0.012285, 0.025331)|  28, 1, 0;0,  0;0,  0> +
        (-0.008501,-0.015562)|  27, 1, 0;0,  0;0,  0> +
        (-0.008777,-0.000656)|  30, 0, 1;0,  0;0,  0> +
        (-0.002070,-0.006112)|  31, 1, 0;0,  0;0,  0> +
        (-0.002512,-0.001817)|  33, 0, 1;0,  0;0,  0> +
        ( 0.000496,-0.000519)|  26, 3, 0;0,  0;0,  0> +
        (-0.000300, 0.000323)|  33, 1, 0;0,  0;0,  0> +
         ...
 |16> = ( 0.828769, 0.099688)|  21, 3, 0;0,  0;0,  0> +
        ( 0.250651,-0.054287)|  29, 2, 1;0,  0;0,  0> +
        (-0.034569,-0.231384)|  25, 2, 1;0,  0;0,  0> +
        (-0.030901, 0.226833)|  26, 2, 1;0,  0;0,  0> +
        (-0.001430, 0.171035)|  32, 1, 2;0,  0;0,  0> +
        (-0.121494, 0.111533)|  22, 3, 0;0,  0;0,  0> +
        (-0.032709,-0.133387)|  28, 0, 0;0,  0;0,  0> +
        ( 0.022526, 0.090056)|  24, 0, 1;0,  0;0,  0> +
        (-0.011062,-0.079796)|  26, 1, 2;0,  0;0,  0> +
        (-0.063116,-0.041347)|  31, 0, 3;0,  0;0,  0> +
        (-0.071243,-0.006974)|  28, 0, 3;0,  0;0,  0> +
        ( 0.028983,-0.058385)|  30, 0, 0;0,  0;0,  0> +
        ( 0.053647, 0.003512)|  25, 0, 1;0,  0;0,  0> +
        (-0.042427, 0.026225)|  30, 0, 3;0,  0;0,  0> +
        ( 0.002465,-0.046194)|  28, 2, 1;0,  0;0,  0> +
        ( 0.008707,-0.044715)|  29, 0, 3;0,  0;0,  0> +
        ( 0.044986,-0.004365)|  24, 1, 2;0,  0;0,  0> +
        (-0.014407, 0.041429)|  31, 2, 1;0,  0;0,  0> +
        ( 0.033121, 0.027959)|  30, 2, 1;0,  0;0,  0> +
        ( 0.002386,-0.043115)|  31, 1, 2;0,  0;0,  0> +
        ( 0.042037,-0.001951)|  29, 0, 0;0,  0;0,  0> +
        ( 0.030079,-0.021621)|  33, 0, 3;0,  0;0,  0> +
        ( 0.027280,-0.004245)|  29, 0, 2;0,  0;0,  0> +
        ( 0.025997,-0.003589)|  26, 0, 3;0,  0;0,  0> +
        (-0.022245, 0.003536)|  33, 1, 2;0,  0;0,  0> +
        ( 0.000737, 0.022251)|  25, 0, 3;0,  0;0,  0> +
        ( 0.013027,-0.015521)|  27, 0, 3;0,  0;0,  0> +
        (-0.004040, 0.017132)|  23, 1, 0;0,  0;0,  0> +
        (-0.006401, 0.014226)|  25, 0, 2;0,  0;0,  0> +
        ( 0.013342, 0.005189)|  29, 2, 0;0,  0;0,  0> +
        (-0.004724,-0.009991)|  20, 3, 0;0,  0;0,  0> +
        (-0.005957,-0.008162)|  23, 1, 2;0,  0;0,  0> +
        (-0.002669, 0.008164)|  31, 0, 0;0,  0;0,  0> +
        ( 0.000408, 0.008433)|  30, 1, 2;0,  0;0,  0> +
        (-0.001425, 0.008286)|  27, 2, 1;0,  0;0,  0> +
        ( 0.002737, 0.006940)|  33, 2, 1;0,  0;0,  0> +
        ( 0.003230,-0.006477)|  25, 2, 0;0,  0;0,  0> +
        (-0.004428,-0.004772)|  22, 1, 2;0,  0;0,  0> +
        ( 0.004645,-0.003751)|  25, 1, 2;0,  0;0,  0> +
        (-0.005349, 0.001307)|  32, 2, 1;0,  0;0,  0> +
        (-0.004068,-0.002618)|  22, 1, 0;0,  0;0,  0> +
        (-0.003338, 0.000505)|  24, 0, 2;0,  0;0,  0> +
        ( 0.003375,-0.000052)|  24, 1, 0;0,  0;0,  0> +
        (-0.001989, 0.002708)|  24, 0, 3;0,  0;0,  0> +
        ( 0.002031, 0.001927)|  27, 0, 0;0,  0;0,  0> +
        (-0.000998, 0.001218)|  32, 0, 3;0,  0;0,  0> +
        (-0.001247,-0.000953)|  24, 2, 1;0,  0;0,  0> +
        (-0.000488,-0.001248)|  23, 3, 0;0,  0;0,  0> +
        (-0.000539,-0.001208)|  29, 1, 2;0,  0;0,  0> +
        (-0.000699,-0.001064)|  32, 3, 2;0,  0;0,  0> +
        (-0.000369, 0.001069)|  19, 3, 0;0,  0;0,  0> +
        ( 0.000819,-0.000179)|  33, 0, 0;0,  0;0,  0> +
        (-0.000021,-0.000796)|  33, 3, 2;0,  0;0,  0> +
        ( 0.000393, 0.000303)|  23, 0, 1;0,  0;0,  0> +
         ...
 |17> = ( 0.368844,-0.411336)|  32, 2, 3;0,  0;0,  0> +
        (-0.359439, 0.220140)|  30, 1, 1;0,  0;0,  0> +
        ( 0.025743, 0.238192)|  29, 1, 1;0,  0;0,  0> +
        ( 0.030584, 0.224723)|  30, 2, 3;0,  0;0,  0> +
        ( 0.221183, 0.039479)|  27, 3, 2;0,  0;0,  0> +
        (-0.122658, 0.180062)|  22, 0, 2;0,  0;0,  0> +
        ( 0.070370,-0.158163)|  32, 1, 1;0,  0;0,  0> +
        (-0.035653, 0.169052)|  31, 2, 3;0,  0;0,  0> +
        (-0.027331, 0.163741)|  21, 2, 1;0,  0;0,  0> +
        (-0.089403, 0.137433)|  23, 1, 1;0,  0;0,  0> +
        ( 0.066003,-0.134349)|  22, 0, 3;0,  0;0,  0> +
        (-0.145132,-0.013146)|  29, 2, 3;0,  0;0,  0> +
        (-0.024106, 0.139203)|  22, 2, 0;0,  0;0,  0> +
        (-0.042732,-0.126330)|  19, 0, 1;0,  0;0,  0> +
        (-0.079156,-0.098528)|  25, 1, 1;0,  0;0,  0> +
        (-0.120374, 0.006942)|  26, 2, 0;0,  0;0,  0> +
        (-0.100700, 0.054159)|  23, 0, 3;0,  0;0,  0> +
        (-0.010080, 0.108826)|  26, 0, 2;0,  0;0,  0> +
        (-0.049729, 0.079050)|  20, 0, 1;0,  0;0,  0> +
        (-0.026005,-0.085744)|  31, 2, 0;0,  0;0,  0> +
        ( 0.042294, 0.072796)|  24, 3, 2;0,  0;0,  0> +
        ( 0.074114,-0.031573)|  21, 2, 0;0,  0;0,  0> +
        ( 0.036176,-0.047377)|  21, 0, 2;0,  0;0,  0> +
        ( 0.013899,-0.057663)|  18, 3, 0;0,  0;0,  0> +
        ( 0.053005, 0.019789)|  26, 3, 2;0,  0;0,  0> +
        ( 0.019280,-0.049280)|  18, 1, 2;0,  0;0,  0> +
        ( 0.031185, 0.038737)|  24, 1, 1;0,  0;0,  0> +
        (-0.019271, 0.042498)|  27, 1, 1;0,  0;0,  0> +
        ( 0.018852,-0.036362)|  31, 1, 1;0,  0;0,  0> +
        ( 0.020150,-0.034019)|  28, 2, 3;0,  0;0,  0> +
        (-0.006440,-0.031790)|  23, 0, 0;0,  0;0,  0> +
        (-0.030489, 0.000755)|  21, 0, 3;0,  0;0,  0> +
        ( 0.025248,-0.015868)|  22, 1, 1;0,  0;0,  0> +
        (-0.008357,-0.026790)|  20, 1, 2;0,  0;0,  0> +
        ( 0.006846, 0.025161)|  30, 0, 2;0,  0;0,  0> +
        ( 0.004266,-0.022026)|  25, 3, 2;0,  0;0,  0> +
        (-0.018457,-0.012544)|  22, 0, 0;0,  0;0,  0> +
        ( 0.000164,-0.019805)|  17, 1, 2;0,  0;0,  0> +
        ( 0.018119, 0.000279)|  33, 1, 1;0,  0;0,  0> +
        ( 0.017886, 0.001076)|  31, 0, 2;0,  0;0,  0> +
        (-0.013658, 0.011176)|  28, 1, 1;0,  0;0,  0> +
        (-0.011705,-0.005771)|  19, 1, 2;0,  0;0,  0> +
        ( 0.007193, 0.010274)|  18, 1, 0;0,  0;0,  0> +
        (-0.012007,-0.000193)|  20, 1, 1;0,  0;0,  0> +
        ( 0.011507, 0.000177)|  28, 2, 0;0,  0;0,  0> +
        ( 0.003779,-0.009983)|  21, 1, 1;0,  0;0,  0> +
        ( 0.005880,-0.007368)|  27, 2, 0;0,  0;0,  0> +
        ( 0.005431, 0.005896)|  23, 3, 2;0,  0;0,  0> +
        ( 0.000672,-0.006808)|  16, 3, 0;0,  0;0,  0> +
        (-0.005614, 0.000209)|  23, 0, 2;0,  0;0,  0> +
        (-0.003063, 0.004470)|  20, 2, 1;0,  0;0,  0> +
        ( 0.005033,-0.001078)|  20, 0, 3;0,  0;0,  0> +
        ( 0.000443,-0.004617)|  23, 2, 1;0,  0;0,  0> +
        ( 0.001804,-0.003741)|  26, 1, 1;0,  0;0,  0> +
        ( 0.001817,-0.003155)|  21, 3, 2;0,  0;0,  0> +
        (-0.003151,-0.001640)|  22, 3, 2;0,  0;0,  0> +
        ( 0.001345, 0.003238)|  19, 1, 1;0,  0;0,  0> +
        (-0.002938, 0.001068)|  32, 2, 2;0,  0;0,  0> +
        ( 0.002818, 0.000666)|  18, 0, 1;0,  0;0,  0> +
        ( 0.000451,-0.002624)|  26, 2, 3;0,  0;0,  0> +
        (-0.001140,-0.002308)|  23, 2, 0;0,  0;0,  0> +
        (-0.002318, 0.000746)|  27, 2, 3;0,  0;0,  0> +
        (-0.002226,-0.000218)|  22, 2, 1;0,  0;0,  0> +
        (-0.000712, 0.001599)|  24, 2, 0;0,  0;0,  0> +
        ( 0.000326,-0.001622)|  33, 2, 2;0,  0;0,  0> +
        ( 0.001454,-0.000663)|  19, 1, 0;0,  0;0,  0> +
        (-0.000660,-0.000682)|  19, 2, 1;0,  0;0,  0> +
        ( 0.000399, 0.000810)|  28, 0, 2;0,  0;0,  0> +
        (-0.000341,-0.000820)|  17, 1, 0;0,  0;0,  0> +
        (-0.000859,-0.000129)|  15, 3, 0;0,  0;0,  0> +
        (-0.000674, 0.000537)|  29, 2, 2;0,  0;0,  0> +
        (-0.000624,-0.000478)|  25, 2, 3;0,  0;0,  0> +
        ( 0.000683, 0.000243)|  19, 0, 3;0,  0;0,  0> +
        ( 0.000393,-0.000570)|  17, 0, 1;0,  0;0,  0> +
        ( 0.000013,-0.000679)|  30, 2, 0;0,  0;0,  0> +
        (-0.000289, 0.000268)|  14, 3, 0;0,  0;0,  0> +
        ( 0.000331, 0.000069)|  24, 2, 3;0,  0;0,  0> +
         ...
 |18> = (-0.181341,-0.802425)|  24, 0, 1;0,  0;0,  0> +
        (-0.388513, 0.048035)|  28, 0, 3;0,  0;0,  0> +
        ( 0.096787,-0.215907)|  30, 0, 0;0,  0;0,  0> +
        ( 0.116100,-0.079246)|  25, 2, 1;0,  0;0,  0> +
        (-0.004540,-0.137520)|  32, 1, 2;0,  0;0,  0> +
        (-0.027527,-0.111176)|  27, 0, 3;0,  0;0,  0> +
        (-0.047642,-0.097600)|  29, 0, 3;0,  0;0,  0> +
        ( 0.016879, 0.088338)|  31, 2, 1;0,  0;0,  0> +
        (-0.068677, 0.036940)|  30, 2, 1;0,  0;0,  0> +
        ( 0.067207,-0.028016)|  33, 0, 3;0,  0;0,  0> +
        ( 0.051684,-0.040726)|  29, 2, 1;0,  0;0,  0> +
        ( 0.055068,-0.011059)|  29, 0, 2;0,  0;0,  0> +
        (-0.005822,-0.050501)|  23, 1, 0;0,  0;0,  0> +
        ( 0.048616, 0.010546)|  33, 2, 1;0,  0;0,  0> +
        ( 0.044330, 0.003799)|  24, 0, 3;0,  0;0,  0> +
        ( 0.023114, 0.036978)|  26, 0, 3;0,  0;0,  0> +
        (-0.004940,-0.041861)|  23, 1, 2;0,  0;0,  0> +
        (-0.034344,-0.018264)|  25, 1, 2;0,  0;0,  0> +
        (-0.012241, 0.036305)|  28, 2, 1;0,  0;0,  0> +
        (-0.010921,-0.035084)|  28, 0, 0;0,  0;0,  0> +
        ( 0.025891,-0.018366)|  26, 2, 1;0,  0;0,  0> +
        ( 0.008003, 0.029948)|  25, 0, 3;0,  0;0,  0> +
        (-0.030644,-0.000604)|  30, 0, 3;0,  0;0,  0> +
        (-0.024637,-0.016123)|  29, 2, 0;0,  0;0,  0> +
        ( 0.010828,-0.027065)|  26, 1, 2;0,  0;0,  0> +
        (-0.018049,-0.021963)|  27, 2, 1;0,  0;0,  0> +
        (-0.002051, 0.023756)|  22, 1, 2;0,  0;0,  0> +
        (-0.019467,-0.005355)|  29, 0, 0;0,  0;0,  0> +
        (-0.017681, 0.006685)|  22, 3, 0;0,  0;0,  0> +
        (-0.013209,-0.010061)|  20, 3, 0;0,  0;0,  0> +
        ( 0.013591,-0.009405)|  21, 3, 0;0,  0;0,  0> +
        (-0.015916,-0.001639)|  31, 0, 3;0,  0;0,  0> +
        ( 0.011519, 0.010535)|  24, 1, 2;0,  0;0,  0> +
        ( 0.005267, 0.009601)|  24, 0, 2;0,  0;0,  0> +
        (-0.007763, 0.005832)|  32, 2, 1;0,  0;0,  0> +
        ( 0.008445, 0.003617)|  22, 1, 0;0,  0;0,  0> +
        ( 0.005528,-0.005215)|  24, 2, 1;0,  0;0,  0> +
        (-0.006153,-0.004359)|  25, 0, 2;0,  0;0,  0> +
        ( 0.007149,-0.001452)|  33, 1, 2;0,  0;0,  0> +
        (-0.002981, 0.004662)|  25, 2, 0;0,  0;0,  0> +
        ( 0.004067, 0.002299)|  25, 0, 1;0,  0;0,  0> +
        ( 0.000454, 0.004514)|  27, 0, 0;0,  0;0,  0> +
        ( 0.003362,-0.002477)|  19, 3, 0;0,  0;0,  0> +
        (-0.000284,-0.002836)|  31, 1, 2;0,  0;0,  0> +
        (-0.001211,-0.002339)|  32, 0, 3;0,  0;0,  0> +
        (-0.000910,-0.001188)|  32, 3, 2;0,  0;0,  0> +
        (-0.000539,-0.001284)|  33, 3, 2;0,  0;0,  0> +
        (-0.000638,-0.000996)|  30, 1, 2;0,  0;0,  0> +
        (-0.000179,-0.000871)|  23, 0, 1;0,  0;0,  0> +
        (-0.000599,-0.000281)|  21, 1, 2;0,  0;0,  0> +
        (-0.000591,-0.000060)|  31, 3, 2;0,  0;0,  0> +
        ( 0.000229,-0.000449)|  28, 0, 2;0,  0;0,  0> +
        (-0.000472,-0.000013)|  27, 0, 2;0,  0;0,  0> +
        (-0.000236, 0.000304)|  28, 2, 0;0,  0;0,  0> +
        (-0.000376, 0.000006)|  30, 2, 0;0,  0;0,  0> +
         ...
 |19> = (-0.955154, 0.027157)|  24, 1, 0;0,  0;0,  0> +
        (-0.057893,-0.162654)|  32, 3, 0;0,  0;0,  0> +
        (-0.004555,-0.120585)|  30, 1, 2;0,  0;0,  0> +
        (-0.035104, 0.098429)|  32, 0, 0;0,  0;0,  0> +
        ( 0.071910,-0.008015)|  27, 1, 2;0,  0;0,  0> +
        (-0.036746, 0.052975)|  28, 3, 0;0,  0;0,  0> +
        (-0.055949,-0.011026)|  26, 0, 1;0,  0;0,  0> +
        (-0.035234,-0.035306)|  24, 1, 2;0,  0;0,  0> +
        (-0.009532, 0.043930)|  25, 1, 0;0,  0;0,  0> +
        (-0.007794, 0.042607)|  30, 3, 0;0,  0;0,  0> +
        ( 0.038998,-0.018023)|  28, 1, 2;0,  0;0,  0> +
        ( 0.039642,-0.010441)|  33, 0, 0;0,  0;0,  0> +
        ( 0.007763, 0.038419)|  28, 2, 1;0,  0;0,  0> +
        ( 0.021148,-0.032575)|  26, 1, 2;0,  0;0,  0> +
        (-0.010688, 0.035142)|  26, 0, 3;0,  0;0,  0> +
        ( 0.034830,-0.003440)|  29, 0, 0;0,  0;0,  0> +
        (-0.021598,-0.024987)|  25, 1, 2;0,  0;0,  0> +
        (-0.002618,-0.026210)|  31, 1, 2;0,  0;0,  0> +
        (-0.005009, 0.020705)|  22, 3, 0;0,  0;0,  0> +
        ( 0.012563, 0.008943)|  27, 0, 3;0,  0;0,  0> +
        (-0.012324,-0.005757)|  29, 1, 2;0,  0;0,  0> +
        (-0.011523,-0.001511)|  25, 0, 1;0,  0;0,  0> +
        ( 0.003975,-0.009873)|  31, 0, 0;0,  0;0,  0> +
        (-0.001957, 0.009113)|  33, 3, 0;0,  0;0,  0> +
        ( 0.004492, 0.008158)|  24, 3, 0;0,  0;0,  0> +
        ( 0.008836, 0.001009)|  28, 0, 3;0,  0;0,  0> +
        ( 0.001093,-0.008358)|  30, 0, 0;0,  0;0,  0> +
        ( 0.004768, 0.005822)|  25, 3, 0;0,  0;0,  0> +
        ( 0.002200, 0.006434)|  26, 1, 0;0,  0;0,  0> +
        (-0.006021, 0.003016)|  33, 1, 2;0,  0;0,  0> +
        ( 0.001365,-0.005925)|  29, 3, 0;0,  0;0,  0> +
        ( 0.005287,-0.000330)|  27, 3, 0;0,  0;0,  0> +
        (-0.002913, 0.001552)|  32, 1, 2;0,  0;0,  0> +
        (-0.000757,-0.002226)|  23, 3, 0;0,  0;0,  0> +
        (-0.001156, 0.001914)|  31, 3, 0;0,  0;0,  0> +
        (-0.000531, 0.000655)|  24, 0, 1;0,  0;0,  0> +
        (-0.000395, 0.000453)|  25, 2, 1;0,  0;0,  0> +
        ( 0.000420, 0.000362)|  29, 2, 1;0,  0;0,  0> +
        (-0.000350, 0.000238)|  27, 0, 1;0,  0;0,  0> +
        ( 0.000335, 0.000177)|  21, 3, 0;0,  0;0,  0> +
        (-0.000017,-0.000319)|  27, 2, 1;0,  0;0,  0> +
         ...
 |20> = ( 0.379696,-0.389942)|  16, 1, 1;0,  0;0,  0> +
        ( 0.392815,-0.368168)|  27, 2, 2;0,  0;0,  0> +
        (-0.394603,-0.152582)|  32, 3, 1;0,  0;0,  0> +
        (-0.254073, 0.074620)|  13, 3, 0;0,  0;0,  0> +
        ( 0.033555, 0.201459)|  22, 2, 3;0,  0;0,  0> +
        ( 0.104892, 0.142227)|  23, 2, 3;0,  0;0,  0> +
        (-0.078013,-0.135401)|  16, 0, 1;0,  0;0,  0> +
        (-0.032465, 0.148825)|  15, 1, 2;0,  0;0,  0> +
        (-0.001970,-0.085761)|  16, 0, 3;0,  0;0,  0> +
        ( 0.066396,-0.030277)|  16, 1, 0;0,  0;0,  0> +
        ( 0.064673,-0.032012)|  19, 3, 2;0,  0;0,  0> +
        ( 0.019896, 0.068900)|  18, 2, 1;0,  0;0,  0> +
        (-0.053086,-0.001588)|  14, 1, 2;0,  0;0,  0> +
        (-0.044502, 0.024888)|  20, 0, 2;0,  0;0,  0> +
        (-0.016350,-0.045817)|  20, 0, 0;0,  0;0,  0> +
        (-0.039518, 0.007926)|  32, 1, 3;0,  0;0,  0> +
        (-0.031809,-0.020526)|  17, 0, 3;0,  0;0,  0> +
        (-0.007066, 0.033914)|  29, 1, 3;0,  0;0,  0> +
        (-0.010524, 0.032433)|  18, 0, 3;0,  0;0,  0> +
        ( 0.032225, 0.001131)|  29, 3, 1;0,  0;0,  0> +
        (-0.029427, 0.011095)|  20, 2, 0;0,  0;0,  0> +
        ( 0.024005,-0.019103)|  27, 1, 3;0,  0;0,  0> +
        ( 0.026716, 0.002372)|  33, 1, 3;0,  0;0,  0> +
        ( 0.010436, 0.022687)|  26, 2, 2;0,  0;0,  0> +
        (-0.010137, 0.020155)|  17, 2, 1;0,  0;0,  0> +
        (-0.022295,-0.002395)|  24, 2, 2;0,  0;0,  0> +
        ( 0.001659,-0.020722)|  17, 0, 2;0,  0;0,  0> +
        ( 0.005528,-0.015788)|  20, 3, 2;0,  0;0,  0> +
        (-0.009962, 0.011196)|  25, 2, 2;0,  0;0,  0> +
        (-0.012329,-0.006909)|  28, 2, 2;0,  0;0,  0> +
        ( 0.001418,-0.014018)|  31, 1, 3;0,  0;0,  0> +
        (-0.001310, 0.013492)|  30, 3, 1;0,  0;0,  0> +
        ( 0.001352, 0.012830)|  19, 0, 2;0,  0;0,  0> +
        ( 0.009177, 0.007443)|  19, 2, 1;0,  0;0,  0> +
        ( 0.004093, 0.009968)|  13, 1, 2;0,  0;0,  0> +
        (-0.010496,-0.000558)|  27, 3, 1;0,  0;0,  0> +
        (-0.010335,-0.001124)|  16, 2, 1;0,  0;0,  0> +
        ( 0.007658, 0.003310)|  19, 0, 3;0,  0;0,  0> +
        ( 0.001337, 0.008200)|  19, 2, 0;0,  0;0,  0> +
        ( 0.005298, 0.006012)|  30, 1, 3;0,  0;0,  0> +
        (-0.003197, 0.006801)|  18, 2, 0;0,  0;0,  0> +
        ( 0.006606,-0.001209)|  17, 1, 1;0,  0;0,  0> +
        ( 0.002102, 0.005362)|  19, 0, 0;0,  0;0,  0> +
        (-0.004389, 0.002586)|  31, 3, 1;0,  0;0,  0> +
        (-0.001653, 0.004704)|  12, 1, 2;0,  0;0,  0> +
        ( 0.001885,-0.004389)|  15, 0, 1;0,  0;0,  0> +
        (-0.000093, 0.004259)|  18, 0, 2;0,  0;0,  0> +
        ( 0.002866,-0.002181)|  16, 1, 2;0,  0;0,  0> +
        ( 0.003239, 0.000908)|  31, 2, 2;0,  0;0,  0> +
        (-0.000800, 0.002518)|  14, 3, 0;0,  0;0,  0> +
        ( 0.002374,-0.000979)|  15, 1, 1;0,  0;0,  0> +
        (-0.000194, 0.002342)|  33, 3, 1;0,  0;0,  0> +
        (-0.000528, 0.002081)|  17, 2, 0;0,  0;0,  0> +
        ( 0.001372,-0.001519)|  16, 2, 0;0,  0;0,  0> +
        (-0.000502, 0.001963)|  30, 2, 2;0,  0;0,  0> +
        (-0.000068, 0.001665)|  15, 1, 0;0,  0;0,  0> +
        (-0.000683,-0.001368)|  28, 3, 1;0,  0;0,  0> +
        ( 0.000432, 0.000916)|  12, 3, 0;0,  0;0,  0> +
        (-0.000921, 0.000223)|  25, 1, 3;0,  0;0,  0> +
        (-0.000916,-0.000176)|  23, 2, 2;0,  0;0,  0> +
        ( 0.000765, 0.000169)|  20, 2, 1;0,  0;0,  0> +
        (-0.000274,-0.000498)|  14, 1, 1;0,  0;0,  0> +
        (-0.000139, 0.000460)|  22, 1, 1;0,  0;0,  0> +
        (-0.000370,-0.000022)|  21, 3, 1;0,  0;0,  0> +
        ( 0.000270, 0.000187)|  19, 1, 1;0,  0;0,  0> +
        ( 0.000284, 0.000146)|  18, 3, 2;0,  0;0,  0> +
         ...
 |21> = (-0.156974,-0.689339)|  24, 0, 0;0,  0;0,  0> +
        ( 0.270984,-0.092574)|  24, 2, 1;0,  0;0,  0> +
        (-0.039814,-0.274888)|  33, 3, 2;0,  0;0,  0> +
        ( 0.048005,-0.269455)|  19, 3, 0;0,  0;0,  0> +
        ( 0.071113,-0.249286)|  23, 0, 1;0,  0;0,  0> +
        ( 0.115647, 0.164147)|  32, 3, 2;0,  0;0,  0> +
        (-0.095838,-0.159962)|  24, 0, 2;0,  0;0,  0> +
        ( 0.051908, 0.141350)|  23, 2, 0;0,  0;0,  0> +
        (-0.077173,-0.110804)|  25, 2, 0;0,  0;0,  0> +
        ( 0.093433, 0.088879)|  24, 2, 0;0,  0;0,  0> +
        (-0.114541,-0.053670)|  24, 0, 3;0,  0;0,  0> +
        (-0.089701,-0.065620)|  23, 0, 2;0,  0;0,  0> +
        ( 0.018758, 0.075166)|  28, 0, 2;0,  0;0,  0> +
        (-0.035087, 0.065577)|  22, 1, 2;0,  0;0,  0> +
        (-0.036616,-0.046532)|  29, 2, 0;0,  0;0,  0> +
        (-0.016889,-0.051984)|  21, 1, 0;0,  0;0,  0> +
        (-0.031686,-0.035567)|  25, 0, 2;0,  0;0,  0> +
        (-0.040476, 0.022069)|  21, 1, 2;0,  0;0,  0> +
        ( 0.033143, 0.024745)|  32, 0, 2;0,  0;0,  0> +
        (-0.037393,-0.010395)|  32, 2, 0;0,  0;0,  0> +
        ( 0.023582,-0.027177)|  20, 1, 2;0,  0;0,  0> +
        (-0.022913,-0.027206)|  27, 0, 2;0,  0;0,  0> +
        ( 0.034675,-0.006811)|  21, 0, 1;0,  0;0,  0> +
        (-0.008961, 0.031301)|  27, 2, 0;0,  0;0,  0> +
        ( 0.019151,-0.021332)|  31, 3, 2;0,  0;0,  0> +
        (-0.014952, 0.022887)|  23, 2, 1;0,  0;0,  0> +
        (-0.024488,-0.006093)|  21, 1, 1;0,  0;0,  0> +
        (-0.014106, 0.020817)|  20, 1, 0;0,  0;0,  0> +
        (-0.009763,-0.022824)|  28, 2, 0;0,  0;0,  0> +
        (-0.023759, 0.003207)|  33, 2, 0;0,  0;0,  0> +
        (-0.002801, 0.023422)|  22, 2, 1;0,  0;0,  0> +
        ( 0.016398,-0.011128)|  26, 0, 0;0,  0;0,  0> +
        (-0.002568, 0.018889)|  30, 3, 2;0,  0;0,  0> +
        ( 0.001215, 0.017696)|  33, 0, 2;0,  0;0,  0> +
        (-0.012962, 0.011619)|  18, 3, 0;0,  0;0,  0> +
        ( 0.013705,-0.000828)|  29, 0, 2;0,  0;0,  0> +
        (-0.012036, 0.003807)|  17, 3, 0;0,  0;0,  0> +
        ( 0.002291,-0.010712)|  22, 0, 1;0,  0;0,  0> +
        (-0.002249,-0.009976)|  25, 0, 3;0,  0;0,  0> +
        (-0.009663,-0.002258)|  19, 1, 2;0,  0;0,  0> +
        ( 0.003181,-0.009247)|  31, 0, 2;0,  0;0,  0> +
        ( 0.000330, 0.009669)|  28, 3, 2;0,  0;0,  0> +
        (-0.000694,-0.009604)|  23, 1, 2;0,  0;0,  0> +
        (-0.004005, 0.007788)|  25, 0, 0;0,  0;0,  0> +
        ( 0.006628,-0.005476)|  18, 1, 2;0,  0;0,  0> +
        ( 0.005483, 0.005907)|  30, 0, 2;0,  0;0,  0> +
        ( 0.003458, 0.007267)|  26, 0, 2;0,  0;0,  0> +
        (-0.001533, 0.007254)|  30, 2, 0;0,  0;0,  0> +
        ( 0.006482, 0.001715)|  31, 2, 0;0,  0;0,  0> +
        ( 0.003033, 0.005034)|  29, 3, 2;0,  0;0,  0> +
        ( 0.000924, 0.004269)|  22, 0, 3;0,  0;0,  0> +
        (-0.002097,-0.003577)|  25, 2, 1;0,  0;0,  0> +
        ( 0.000858, 0.004044)|  26, 2, 0;0,  0;0,  0> +
        ( 0.002840,-0.000101)|  33, 2, 3;0,  0;0,  0> +
        ( 0.002348, 0.001431)|  21, 2, 0;0,  0;0,  0> +
        (-0.001607, 0.000426)|  32, 0, 3;0,  0;0,  0> +
        ( 0.000544, 0.001534)|  20, 3, 0;0,  0;0,  0> +
        ( 0.000255,-0.001604)|  23, 0, 3;0,  0;0,  0> +
        ( 0.000907, 0.000901)|  23, 0, 0;0,  0;0,  0> +
        ( 0.000936,-0.000849)|  31, 1, 1;0,  0;0,  0> +
        ( 0.000740,-0.000872)|  26, 3, 2;0,  0;0,  0> +
        (-0.001054,-0.000138)|  32, 1, 1;0,  0;0,  0> +
        (-0.000097,-0.001016)|  27, 0, 0;0,  0;0,  0> +
        (-0.000597, 0.000741)|  19, 1, 0;0,  0;0,  0> +
        (-0.000880, 0.000131)|  23, 1, 1;0,  0;0,  0> +
        (-0.000574,-0.000642)|  33, 1, 1;0,  0;0,  0> +
        (-0.000621,-0.000489)|  20, 0, 1;0,  0;0,  0> +
        ( 0.000635,-0.000446)|  21, 2, 1;0,  0;0,  0> +
        ( 0.000004, 0.000634)|  27, 3, 2;0,  0;0,  0> +
        ( 0.000580,-0.000180)|  27, 1, 1;0,  0;0,  0> +
        (-0.000082, 0.000564)|  25, 1, 1;0,  0;0,  0> +
        (-0.000306, 0.000373)|  25, 3, 2;0,  0;0,  0> +
        (-0.000010, 0.000406)|  19, 0, 1;0,  0;0,  0> +
        (-0.000076,-0.000329)|  26, 2, 1;0,  0;0,  0> +
         ...
 |22> = (-0.030239, 0.503558)|  23, 1, 0;0,  0;0,  0> +
        ( 0.357380,-0.263537)|  30, 0, 3;0,  0;0,  0> +
        (-0.033749,-0.357911)|  29, 0, 3;0,  0;0,  0> +
        ( 0.345376, 0.049948)|  33, 0, 3;0,  0;0,  0> +
        (-0.206830,-0.252262)|  33, 2, 1;0,  0;0,  0> +
        (-0.244397,-0.037309)|  27, 2, 1;0,  0;0,  0> +
        (-0.019650,-0.201847)|  31, 2, 1;0,  0;0,  0> +
        (-0.088261, 0.140539)|  23, 1, 2;0,  0;0,  0> +
        (-0.021028,-0.111225)|  28, 0, 0;0,  0;0,  0> +
        ( 0.028787,-0.099284)|  31, 0, 3;0,  0;0,  0> +
        (-0.017792, 0.095410)|  25, 0, 2;0,  0;0,  0> +
        (-0.025475, 0.081046)|  30, 2, 1;0,  0;0,  0> +
        (-0.001044,-0.083869)|  29, 2, 1;0,  0;0,  0> +
        ( 0.021506, 0.066182)|  20, 3, 0;0,  0;0,  0> +
        (-0.048973,-0.007230)|  22, 1, 2;0,  0;0,  0> +
        (-0.010470, 0.041610)|  25, 2, 1;0,  0;0,  0> +
        (-0.001588,-0.036006)|  25, 2, 0;0,  0;0,  0> +
        (-0.012624,-0.024895)|  26, 2, 1;0,  0;0,  0> +
        (-0.021785, 0.009391)|  24, 0, 3;0,  0;0,  0> +
        ( 0.020830, 0.003664)|  32, 2, 1;0,  0;0,  0> +
        (-0.010452, 0.015648)|  28, 0, 3;0,  0;0,  0> +
        ( 0.017689, 0.000127)|  29, 2, 0;0,  0;0,  0> +
        ( 0.003258,-0.016582)|  22, 1, 0;0,  0;0,  0> +
        ( 0.015671,-0.004876)|  25, 0, 3;0,  0;0,  0> +
        (-0.014147, 0.001258)|  21, 3, 0;0,  0;0,  0> +
        (-0.006268,-0.006500)|  29, 0, 2;0,  0;0,  0> +
        (-0.008101, 0.001585)|  27, 0, 0;0,  0;0,  0> +
        (-0.001186, 0.006787)|  24, 0, 2;0,  0;0,  0> +
        (-0.001661, 0.004501)|  24, 2, 1;0,  0;0,  0> +
        (-0.001784,-0.004251)|  32, 0, 3;0,  0;0,  0> +
        (-0.002253, 0.002492)|  19, 3, 0;0,  0;0,  0> +
        ( 0.001119,-0.002406)|  30, 0, 0;0,  0;0,  0> +
        (-0.000031,-0.002093)|  32, 1, 2;0,  0;0,  0> +
        ( 0.001932,-0.000211)|  32, 3, 2;0,  0;0,  0> +
        ( 0.001376, 0.000271)|  23, 0, 1;0,  0;0,  0> +
        ( 0.001156,-0.000709)|  28, 2, 1;0,  0;0,  0> +
        ( 0.000295, 0.001159)|  24, 0, 1;0,  0;0,  0> +
        ( 0.001195,-0.000012)|  26, 0, 3;0,  0;0,  0> +
        ( 0.001050, 0.000261)|  27, 0, 3;0,  0;0,  0> +
        (-0.000959,-0.000294)|  25, 1, 2;0,  0;0,  0> +
        ( 0.000851, 0.000417)|  33, 3, 2;0,  0;0,  0> +
        ( 0.000681, 0.000070)|  24, 1, 2;0,  0;0,  0> +
        ( 0.000375,-0.000417)|  31, 3, 2;0,  0;0,  0> +
        ( 0.000352,-0.000141)|  27, 0, 2;0,  0;0,  0> +
         ...
 |23> = (-0.562466, 0.161427)|  24, 2, 1;0,  0;0,  0> +
        (-0.116590,-0.448512)|  33, 3, 2;0,  0;0,  0> +
        (-0.033891, 0.392325)|  25, 0, 0;0,  0;0,  0> +
        ( 0.059036, 0.308661)|  21, 1, 0;0,  0;0,  0> +
        (-0.193524, 0.218134)|  26, 0, 0;0,  0;0,  0> +
        (-0.138377,-0.068887)|  32, 3, 2;0,  0;0,  0> +
        ( 0.036832,-0.145564)|  19, 3, 0;0,  0;0,  0> +
        (-0.052870,-0.116761)|  29, 2, 0;0,  0;0,  0> +
        ( 0.025582,-0.077817)|  23, 0, 1;0,  0;0,  0> +
        (-0.045580,-0.051121)|  24, 0, 2;0,  0;0,  0> +
        (-0.025045,-0.057726)|  25, 0, 3;0,  0;0,  0> +
        ( 0.050170,-0.029942)|  21, 1, 2;0,  0;0,  0> +
        ( 0.055347, 0.013870)|  32, 2, 0;0,  0;0,  0> +
        ( 0.032416, 0.045418)|  22, 0, 1;0,  0;0,  0> +
        (-0.050369,-0.015315)|  32, 0, 2;0,  0;0,  0> +
        (-0.024677,-0.038554)|  25, 2, 0;0,  0;0,  0> +
        (-0.022953,-0.037506)|  24, 0, 3;0,  0;0,  0> +
        ( 0.042715, 0.001032)|  29, 0, 2;0,  0;0,  0> +
        (-0.039122, 0.001784)|  31, 3, 2;0,  0;0,  0> +
        ( 0.023990,-0.011618)|  28, 2, 0;0,  0;0,  0> +
        (-0.011867, 0.022971)|  28, 0, 2;0,  0;0,  0> +
        ( 0.005225,-0.024081)|  33, 2, 0;0,  0;0,  0> +
        (-0.024172, 0.000435)|  32, 2, 1;0,  0;0,  0> +
        ( 0.013364, 0.019352)|  27, 0, 2;0,  0;0,  0> +
        (-0.014431, 0.016720)|  22, 1, 2;0,  0;0,  0> +
        ( 0.018185, 0.006888)|  30, 2, 0;0,  0;0,  0> +
        ( 0.005627,-0.017272)|  23, 1, 2;0,  0;0,  0> +
        (-0.010031, 0.013455)|  23, 2, 1;0,  0;0,  0> +
        ( 0.004558, 0.013740)|  27, 0, 0;0,  0;0,  0> +
        (-0.010935,-0.005660)|  25, 0, 2;0,  0;0,  0> +
        ( 0.001441,-0.011036)|  31, 2, 1;0,  0;0,  0> +
        ( 0.008313,-0.005694)|  33, 0, 2;0,  0;0,  0> +
        ( 0.007817, 0.003279)|  23, 0, 2;0,  0;0,  0> +
        ( 0.001438,-0.007856)|  30, 0, 2;0,  0;0,  0> +
        (-0.005864,-0.005322)|  24, 2, 0;0,  0;0,  0> +
        (-0.007346,-0.002764)|  27, 2, 0;0,  0;0,  0> +
        (-0.006375, 0.001546)|  31, 0, 2;0,  0;0,  0> +
        (-0.000900, 0.005664)|  27, 2, 1;0,  0;0,  0> +
        (-0.001879,-0.005114)|  23, 2, 0;0,  0;0,  0> +
        ( 0.004829,-0.001975)|  25, 2, 1;0,  0;0,  0> +
        (-0.002650,-0.003952)|  31, 0, 3;0,  0;0,  0> +
        (-0.002861, 0.003697)|  28, 3, 2;0,  0;0,  0> +
        (-0.003658,-0.001806)|  32, 0, 3;0,  0;0,  0> +
        ( 0.003553,-0.000106)|  29, 3, 2;0,  0;0,  0> +
        ( 0.003345,-0.000245)|  30, 0, 3;0,  0;0,  0> +
        ( 0.002668,-0.001747)|  30, 2, 1;0,  0;0,  0> +
        ( 0.000122,-0.003146)|  23, 1, 0;0,  0;0,  0> +
        ( 0.001952, 0.002408)|  31, 1, 1;0,  0;0,  0> +
        (-0.002611, 0.001496)|  20, 1, 2;0,  0;0,  0> +
        ( 0.000777, 0.002369)|  33, 2, 3;0,  0;0,  0> +
        (-0.001631,-0.001829)|  26, 0, 2;0,  0;0,  0> +
        ( 0.002317, 0.000374)|  21, 1, 1;0,  0;0,  0> +
        (-0.001371,-0.001850)|  31, 2, 0;0,  0;0,  0> +
        ( 0.002139, 0.000413)|  29, 0, 3;0,  0;0,  0> +
        ( 0.000098, 0.002009)|  22, 2, 1;0,  0;0,  0> +
        ( 0.000954, 0.001534)|  20, 1, 0;0,  0;0,  0> +
        ( 0.001393, 0.000969)|  22, 1, 0;0,  0;0,  0> +
        (-0.001556,-0.000471)|  33, 2, 1;0,  0;0,  0> +
        (-0.001513,-0.000476)|  17, 3, 0;0,  0;0,  0> +
        ( 0.000978,-0.001225)|  19, 1, 2;0,  0;0,  0> +
        ( 0.001412,-0.000356)|  33, 0, 3;0,  0;0,  0> +
        ( 0.000305,-0.001023)|  18, 3, 0;0,  0;0,  0> +
        (-0.000939,-0.000487)|  20, 3, 0;0,  0;0,  0> +
        (-0.000880, 0.000388)|  18, 1, 2;0,  0;0,  0> +
        ( 0.000599,-0.000624)|  22, 0, 3;0,  0;0,  0> +
        ( 0.000409,-0.000072)|  26, 2, 0;0,  0;0,  0> +
        ( 0.000312,-0.000194)|  21, 0, 1;0,  0;0,  0> +
        (-0.000210,-0.000280)|  28, 0, 0;0,  0;0,  0> +
        (-0.000283, 0.000179)|  23, 0, 3;0,  0;0,  0> +
         ...
 |24> = (-0.664894, 0.043625)|  27, 2, 3;0,  0;0,  0> +
        (-0.035578, 0.468704)|  23, 3, 2;0,  0;0,  0> +
        ( 0.209304,-0.033466)|  21, 0, 3;0,  0;0,  0> +
        ( 0.190519, 0.056449)|  18, 1, 0;0,  0;0,  0> +
        ( 0.161023,-0.089881)|  21, 0, 2;0,  0;0,  0> +
        ( 0.000882, 0.172682)|  18, 0, 1;0,  0;0,  0> +
        (-0.014618,-0.169795)|  29, 1, 1;0,  0;0,  0> +
        ( 0.019278, 0.152376)|  27, 1, 1;0,  0;0,  0> +
        (-0.091098, 0.120718)|  28, 2, 3;0,  0;0,  0> +
        (-0.020250,-0.147704)|  22, 0, 0;0,  0;0,  0> +
        ( 0.097480, 0.093149)|  26, 2, 3;0,  0;0,  0> +
        ( 0.070342, 0.104267)|  22, 3, 2;0,  0;0,  0> +
        (-0.113477,-0.038029)|  22, 1, 1;0,  0;0,  0> +
        ( 0.108562, 0.036134)|  20, 1, 1;0,  0;0,  0> +
        ( 0.020335, 0.096149)|  25, 1, 1;0,  0;0,  0> +
        (-0.064840, 0.011786)|  23, 0, 3;0,  0;0,  0> +
        ( 0.042397,-0.050166)|  24, 1, 1;0,  0;0,  0> +
        (-0.049358, 0.015711)|  30, 1, 1;0,  0;0,  0> +
        (-0.022056, 0.032022)|  21, 2, 1;0,  0;0,  0> +
        ( 0.034838, 0.004175)|  19, 1, 1;0,  0;0,  0> +
        ( 0.008077, 0.027819)|  22, 2, 0;0,  0;0,  0> +
        (-0.008485, 0.023133)|  22, 0, 2;0,  0;0,  0> +
        (-0.021201,-0.000511)|  33, 2, 2;0,  0;0,  0> +
        (-0.015019, 0.013540)|  23, 1, 1;0,  0;0,  0> +
        (-0.019248,-0.003757)|  16, 3, 0;0,  0;0,  0> +
        (-0.016340, 0.006431)|  18, 1, 1;0,  0;0,  0> +
        (-0.015355,-0.005991)|  26, 1, 1;0,  0;0,  0> +
        (-0.014920,-0.002274)|  21, 2, 0;0,  0;0,  0> +
        ( 0.009856, 0.004788)|  17, 1, 2;0,  0;0,  0> +
        (-0.003308,-0.008915)|  17, 1, 0;0,  0;0,  0> +
        (-0.004217, 0.004485)|  20, 2, 1;0,  0;0,  0> +
        (-0.005425,-0.002157)|  21, 3, 2;0,  0;0,  0> +
        ( 0.002270,-0.004172)|  28, 1, 1;0,  0;0,  0> +
        ( 0.004708, 0.000363)|  32, 2, 2;0,  0;0,  0> +
        (-0.003573,-0.002298)|  29, 2, 2;0,  0;0,  0> +
        (-0.000129, 0.004092)|  15, 3, 0;0,  0;0,  0> +
        ( 0.003408, 0.001629)|  17, 0, 1;0,  0;0,  0> +
        ( 0.003197, 0.000803)|  29, 2, 3;0,  0;0,  0> +
        (-0.001676, 0.002444)|  25, 2, 3;0,  0;0,  0> +
        ( 0.000378,-0.002745)|  20, 0, 3;0,  0;0,  0> +
        (-0.001329, 0.002305)|  22, 0, 3;0,  0;0,  0> +
        (-0.001472, 0.001962)|  14, 3, 0;0,  0;0,  0> +
        (-0.001173, 0.001899)|  26, 0, 2;0,  0;0,  0> +
        ( 0.001754,-0.000025)|  19, 2, 1;0,  0;0,  0> +
        (-0.001576, 0.000440)|  19, 0, 3;0,  0;0,  0> +
        ( 0.000969,-0.001257)|  26, 2, 0;0,  0;0,  0> +
        (-0.001268, 0.000376)|  20, 2, 0;0,  0;0,  0> +
        (-0.001097, 0.000294)|  19, 1, 2;0,  0;0,  0> +
        (-0.001076, 0.000191)|  27, 2, 0;0,  0;0,  0> +
        ( 0.000624,-0.000893)|  16, 1, 2;0,  0;0,  0> +
        ( 0.000377,-0.000957)|  18, 3, 0;0,  0;0,  0> +
        ( 0.000968, 0.000014)|  18, 0, 3;0,  0;0,  0> +
        ( 0.000838, 0.000103)|  21, 0, 0;0,  0;0,  0> +
        ( 0.000540, 0.000456)|  18, 1, 2;0,  0;0,  0> +
        ( 0.000621, 0.000169)|  20, 0, 2;0,  0;0,  0> +
        (-0.000093, 0.000480)|  21, 1, 1;0,  0;0,  0> +
        (-0.000043,-0.000352)|  23, 2, 1;0,  0;0,  0> +
        (-0.000131,-0.000326)|  24, 3, 2;0,  0;0,  0> +
        ( 0.000304,-0.000171)|  30, 2, 2;0,  0;0,  0> +
         ...
