p1364
# Parameters of the model
#  mass:		     25.30 u
#  charge:	      1.00 e
#  dipole:	      3.00 D
#  B:		 191477.00 MHz
#  omega_rho:	      1.40 MHz
#  omega_z:	      0.09 MHz

# Basis truncation:	|34,4,4;2,2>
# omega_1:	      0.16 MHz
# omega_3/5:	      1.40 MHz
# Basis size:		44064

# Active terms of the Hamiltionian:
# 	Nomal modes:	1
# 	T_rot:      	1
# 	V_qd^{(0)}: 	1
# 	V_qd^{(1)}: 	1
# 	V_dd^{(0)}: 	1

# Results of the diagonalisation

# 100 smallest eigenvalues
 -672.000000000 -506.638122559 -461.048522949 -432.147583008 -430.336456299 -389.768920898 -388.930206299 -346.493438721 -346.401763916 -343.250549316 -321.025634766 -306.142578125 -302.064941406 -290.048980713 -285.698394775 -276.316589355 -273.115112305 -268.520324707 -254.831542969 -245.042053223 -242.690032959 -242.113723755 -238.353973389 -236.029602051 -233.469604492 -229.525146484 -228.869094849 -225.312255859 -224.276306152 -221.852035522 -217.394317627 -215.080657959 -214.336273193 -213.211502075 -210.705078125 -209.356155396 -206.973632812 -204.781677246 -203.808319092 -199.036468506 -198.137985229 -194.455596924 -194.278930664 -191.928405762 -191.505294800 -182.651718140 -182.549346924 -182.193893433 -181.869140625 -181.575485229 -177.090728760 -171.578750610 -169.816818237 -168.560073853 -167.016052246 -162.794387817 -160.761550903 -160.354858398 -159.995376587 -159.740570068 -159.038742065 -157.541946411 -154.421646118 -153.436737061 -153.426956177 -151.955932617 -148.279342651 -148.098327637 -143.631408691 -141.726242065 -139.302474976 -137.511550903 -136.366851807 -135.352508545 -131.129089355 -128.755691528 -128.297668457 -127.651298523 -127.627357483 -122.880653381 -122.783218384 -120.990547180 -116.435852051 -116.121635437 -114.646492004 -114.559150696 -109.435798645 -108.636329651 -106.161735535 -104.117111206 -103.663490295 -101.930694580 -100.600112915 -96.136779785 -95.039901733 -91.620269775 -88.532852173 -88.415527344 -88.384933472 -80.387489319

# Ground state and the lowest excitations:
 | 0> = (-0.426008, 0.866636)|  32, 0, 1;0,  0;0,  0> +
        (-0.207805,-0.051081)|  33, 3, 0;0,  0;0,  0> +
        (-0.042049,-0.120164)|  32, 3, 0;0,  0;0,  0> +
        (-0.040904, 0.024268)|  33, 0, 1;0,  0;0,  0> +
        ( 0.020593,-0.038630)|  33, 1, 0;0,  0;0,  0> +
        (-0.001241, 0.022112)|  32, 1, 2;0,  0;0,  0> +
        ( 0.004128, 0.016723)|  31, 0, 3;0,  0;0,  0> +
        (-0.008550, 0.010599)|  31, 3, 0;0,  0;0,  0> +
        ( 0.004153, 0.008697)|  30, 3, 0;0,  0;0,  0> +
        ( 0.005457,-0.006535)|  32, 1, 0;0,  0;0,  0> +
        ( 0.000012,-0.008272)|  33, 0, 3;0,  0;0,  0> +
        (-0.004866, 0.004136)|  33, 2, 1;0,  0;0,  0> +
        ( 0.002795,-0.002312)|  31, 2, 1;0,  0;0,  0> +
        ( 0.000389, 0.003178)|  33, 1, 2;0,  0;0,  0> +
        (-0.001484,-0.001447)|  32, 2, 0;0,  0;0,  0> +
        ( 0.000464, 0.001004)|  32, 0, 3;0,  0;0,  0> +
        (-0.001068, 0.000045)|  33, 2, 0;0,  0;0,  0> +
        ( 0.000780,-0.000621)|  31, 1, 2;0,  0;0,  0> +
        ( 0.000813, 0.000031)|  30, 1, 2;0,  0;0,  0> +
        (-0.000237, 0.000652)|  32, 0, 2;0,  0;0,  0> +
         ...
 | 1> = (-0.853247, 0.138943)|  30, 0, 0;0,  0;0,  0> +
        ( 0.376447,-0.018971)|  30, 3, 1;0,  0;0,  0> +
        ( 0.164621, 0.089560)|  25, 3, 2;0,  0;0,  0> +
        (-0.114595,-0.035413)|  19, 2, 1;0,  0;0,  0> +
        ( 0.049977,-0.098970)|  26, 2, 3;0,  0;0,  0> +
        (-0.041286, 0.074869)|  25, 2, 3;0,  0;0,  0> +
        (-0.009195, 0.084191)|  19, 1, 2;0,  0;0,  0> +
        (-0.015958, 0.068576)|  31, 1, 3;0,  0;0,  0> +
        (-0.016958, 0.066515)|  22, 0, 3;0,  0;0,  0> +
        ( 0.061784, 0.006319)|  27, 2, 2;0,  0;0,  0> +
        ( 0.038951, 0.034917)|  30, 1, 3;0,  0;0,  0> +
        (-0.040610, 0.015035)|  23, 1, 0;0,  0;0,  0> +
        (-0.037181,-0.016188)|  31, 3, 1;0,  0;0,  0> +
        ( 0.037586,-0.009590)|  20, 0, 3;0,  0;0,  0> +
        ( 0.033955, 0.012577)|  31, 0, 0;0,  0;0,  0> +
        ( 0.016848,-0.031685)|  29, 2, 2;0,  0;0,  0> +
        (-0.001927, 0.033748)|  23, 1, 1;0,  0;0,  0> +
        (-0.007555,-0.029136)|  30, 2, 2;0,  0;0,  0> +
        ( 0.002897,-0.029061)|  20, 1, 2;0,  0;0,  0> +
        (-0.011256, 0.026911)|  33, 1, 3;0,  0;0,  0> +
        ( 0.024353,-0.012895)|  21, 2, 1;0,  0;0,  0> +
        ( 0.025493,-0.009395)|  20, 2, 1;0,  0;0,  0> +
        ( 0.000323, 0.023269)|  22, 1, 1;0,  0;0,  0> +
        ( 0.021215,-0.008792)|  24, 0, 2;0,  0;0,  0> +
        ( 0.017146, 0.014627)|  32, 1, 3;0,  0;0,  0> +
        (-0.016605,-0.014735)|  26, 3, 2;0,  0;0,  0> +
        (-0.018305,-0.005459)|  19, 0, 3;0,  0;0,  0> +
        ( 0.011044, 0.015494)|  23, 0, 1;0,  0;0,  0> +
        ( 0.016298,-0.005738)|  23, 0, 2;0,  0;0,  0> +
        ( 0.006729, 0.015686)|  32, 3, 1;0,  0;0,  0> +
        (-0.015024, 0.007447)|  25, 2, 0;0,  0;0,  0> +
        (-0.002520, 0.014195)|  24, 1, 0;0,  0;0,  0> +
        ( 0.004672, 0.013367)|  20, 3, 0;0,  0;0,  0> +
        ( 0.005791,-0.012125)|  33, 3, 1;0,  0;0,  0> +
        ( 0.002738, 0.011947)|  24, 1, 1;0,  0;0,  0> +
        (-0.004293,-0.010423)|  27, 2, 3;0,  0;0,  0> +
        ( 0.001465, 0.010555)|  21, 3, 0;0,  0;0,  0> +
        (-0.001723,-0.008797)|  24, 0, 1;0,  0;0,  0> +
        (-0.002550,-0.007708)|  21, 1, 2;0,  0;0,  0> +
        ( 0.000188, 0.008005)|  19, 3, 0;0,  0;0,  0> +
        ( 0.006594, 0.001209)|  21, 0, 3;0,  0;0,  0> +
        (-0.004885,-0.004296)|  28, 3, 2;0,  0;0,  0> +
        ( 0.003798,-0.004724)|  25, 0, 1;0,  0;0,  0> +
        (-0.004908, 0.002335)|  31, 2, 2;0,  0;0,  0> +
        (-0.004990,-0.001868)|  25, 0, 2;0,  0;0,  0> +
        ( 0.002084, 0.004854)|  33, 2, 2;0,  0;0,  0> +
        ( 0.000023, 0.004857)|  22, 3, 0;0,  0;0,  0> +
        (-0.000275, 0.004236)|  28, 2, 3;0,  0;0,  0> +
        ( 0.000494,-0.003779)|  25, 1, 0;0,  0;0,  0> +
        ( 0.000177,-0.003734)|  26, 0, 2;0,  0;0,  0> +
        ( 0.001938,-0.003144)|  26, 2, 2;0,  0;0,  0> +
        ( 0.000350, 0.002739)|  24, 2, 0;0,  0;0,  0> +
        (-0.000184,-0.002620)|  18, 3, 0;0,  0;0,  0> +
        ( 0.001757,-0.001724)|  28, 2, 2;0,  0;0,  0> +
        (-0.000022, 0.002106)|  26, 2, 0;0,  0;0,  0> +
        ( 0.001863,-0.000853)|  22, 1, 2;0,  0;0,  0> +
        ( 0.001586,-0.000502)|  29, 0, 0;0,  0;0,  0> +
        (-0.000252,-0.001466)|  22, 2, 1;0,  0;0,  0> +
        (-0.000516, 0.001340)|  23, 1, 2;0,  0;0,  0> +
        (-0.001131,-0.000448)|  27, 3, 2;0,  0;0,  0> +
        ( 0.000532,-0.000231)|  29, 1, 3;0,  0;0,  0> +
        ( 0.000525, 0.000073)|  25, 2, 2;0,  0;0,  0> +
        (-0.000080, 0.000489)|  28, 3, 1;0,  0;0,  0> +
        (-0.000411, 0.000104)|  25, 1, 1;0,  0;0,  0> +
        ( 0.000067,-0.000367)|  28, 1, 3;0,  0;0,  0> +
        ( 0.000019,-0.000359)|  29, 3, 1;0,  0;0,  0> +
        (-0.000267,-0.000188)|  32, 0, 0;0,  0;0,  0> +
         ...
 | 2> = (-0.130272, 0.631197)|  20, 1, 2;0,  0;0,  0> +
        ( 0.283326,-0.438389)|  20, 0, 3;0,  0;0,  0> +
        ( 0.311957, 0.023969)|  27, 2, 2;0,  0;0,  0> +
        (-0.250493,-0.183736)|  25, 3, 2;0,  0;0,  0> +
        ( 0.171222,-0.098868)|  19, 2, 1;0,  0;0,  0> +
        ( 0.143168,-0.016109)|  30, 3, 1;0,  0;0,  0> +
        (-0.100114, 0.002292)|  19, 1, 2;0,  0;0,  0> +
        ( 0.089021, 0.003147)|  23, 0, 1;0,  0;0,  0> +
        ( 0.043523,-0.062618)|  20, 2, 1;0,  0;0,  0> +
        ( 0.069481,-0.007104)|  26, 2, 3;0,  0;0,  0> +
        (-0.011168, 0.065567)|  24, 1, 0;0,  0;0,  0> +
        (-0.061610,-0.001928)|  24, 0, 2;0,  0;0,  0> +
        (-0.008613, 0.057902)|  22, 0, 3;0,  0;0,  0> +
        ( 0.028625, 0.038266)|  30, 1, 3;0,  0;0,  0> +
        ( 0.007516,-0.046851)|  24, 2, 0;0,  0;0,  0> +
        (-0.045442, 0.012704)|  25, 2, 0;0,  0;0,  0> +
        ( 0.035614,-0.021006)|  19, 0, 3;0,  0;0,  0> +
        ( 0.003868,-0.038560)|  28, 2, 2;0,  0;0,  0> +
        (-0.035501,-0.010925)|  23, 0, 2;0,  0;0,  0> +
        ( 0.020566,-0.026007)|  25, 2, 3;0,  0;0,  0> +
        (-0.011197, 0.029556)|  31, 1, 3;0,  0;0,  0> +
        (-0.021404,-0.009490)|  31, 3, 1;0,  0;0,  0> +
        ( 0.011736,-0.017294)|  29, 2, 2;0,  0;0,  0> +
        ( 0.016542,-0.010635)|  21, 2, 1;0,  0;0,  0> +
        ( 0.013162, 0.014045)|  21, 0, 3;0,  0;0,  0> +
        ( 0.006034, 0.017884)|  22, 2, 1;0,  0;0,  0> +
        (-0.013960,-0.010784)|  26, 3, 2;0,  0;0,  0> +
        ( 0.005066,-0.013688)|  22, 1, 1;0,  0;0,  0> +
        ( 0.000019,-0.014071)|  23, 1, 1;0,  0;0,  0> +
        ( 0.013305, 0.000073)|  30, 0, 0;0,  0;0,  0> +
        (-0.003741, 0.012624)|  33, 1, 3;0,  0;0,  0> +
        (-0.010211,-0.006013)|  25, 0, 2;0,  0;0,  0> +
        (-0.009858, 0.005784)|  32, 3, 1;0,  0;0,  0> +
        ( 0.010934,-0.000502)|  23, 1, 0;0,  0;0,  0> +
        ( 0.009120,-0.002095)|  32, 1, 3;0,  0;0,  0> +
        (-0.008456,-0.001655)|  20, 3, 0;0,  0;0,  0> +
        (-0.002610,-0.008105)|  30, 2, 2;0,  0;0,  0> +
        ( 0.000858,-0.008222)|  25, 1, 0;0,  0;0,  0> +
        (-0.003276,-0.007581)|  27, 2, 3;0,  0;0,  0> +
        (-0.000178, 0.006346)|  24, 0, 1;0,  0;0,  0> +
        (-0.005310,-0.002943)|  21, 1, 2;0,  0;0,  0> +
        (-0.005733,-0.001928)|  31, 0, 0;0,  0;0,  0> +
        (-0.002057, 0.005322)|  22, 3, 0;0,  0;0,  0> +
        ( 0.000069,-0.003723)|  26, 2, 2;0,  0;0,  0> +
        ( 0.001074, 0.003053)|  24, 1, 1;0,  0;0,  0> +
        ( 0.002199, 0.001934)|  28, 3, 2;0,  0;0,  0> +
        ( 0.000151, 0.002823)|  21, 3, 0;0,  0;0,  0> +
        (-0.001695, 0.002116)|  25, 0, 1;0,  0;0,  0> +
        ( 0.002207,-0.001057)|  31, 2, 2;0,  0;0,  0> +
        (-0.000944,-0.002162)|  33, 2, 2;0,  0;0,  0> +
        (-0.002233,-0.000559)|  19, 3, 0;0,  0;0,  0> +
        ( 0.001192, 0.001813)|  29, 0, 0;0,  0;0,  0> +
        ( 0.000988, 0.001899)|  18, 3, 0;0,  0;0,  0> +
        (-0.000048, 0.001279)|  26, 0, 2;0,  0;0,  0> +
        ( 0.001175,-0.000221)|  29, 1, 3;0,  0;0,  0> +
        ( 0.001105,-0.000059)|  22, 1, 2;0,  0;0,  0> +
        ( 0.000914,-0.000522)|  23, 1, 2;0,  0;0,  0> +
        ( 0.000390,-0.000967)|  33, 3, 1;0,  0;0,  0> +
        ( 0.000001,-0.000962)|  26, 2, 0;0,  0;0,  0> +
        (-0.000177,-0.000800)|  21, 1, 1;0,  0;0,  0> +
        ( 0.000617, 0.000119)|  28, 3, 1;0,  0;0,  0> +
        (-0.000394,-0.000426)|  32, 2, 2;0,  0;0,  0> +
        ( 0.000543, 0.000113)|  28, 2, 3;0,  0;0,  0> +
        ( 0.000502, 0.000042)|  24, 3, 2;0,  0;0,  0> +
        ( 0.000044,-0.000403)|  28, 1, 3;0,  0;0,  0> +
        (-0.000379,-0.000103)|  18, 1, 2;0,  0;0,  0> +
        ( 0.000049,-0.000388)|  32, 0, 0;0,  0;0,  0> +
        (-0.000002,-0.000357)|  23, 2, 0;0,  0;0,  0> +
        ( 0.000212, 0.000242)|  25, 2, 2;0,  0;0,  0> +
         ...
 | 3> = ( 0.544007,-0.163646)|  25, 2, 0;0,  0;0,  0> +
        ( 0.387932,-0.156075)|  21, 2, 1;0,  0;0,  0> +
        ( 0.146006, 0.326215)|  21, 0, 3;0,  0;0,  0> +
        ( 0.269052, 0.209677)|  32, 1, 3;0,  0;0,  0> +
        (-0.280840, 0.100589)|  32, 3, 1;0,  0;0,  0> +
        (-0.211509,-0.050623)|  29, 2, 2;0,  0;0,  0> +
        (-0.210477, 0.013734)|  20, 3, 0;0,  0;0,  0> +
        ( 0.078062,-0.150867)|  33, 1, 3;0,  0;0,  0> +
        (-0.086966,-0.026835)|  21, 3, 0;0,  0;0,  0> +
        (-0.063341,-0.065310)|  21, 1, 2;0,  0;0,  0> +
        (-0.052206,-0.067705)|  24, 2, 0;0,  0;0,  0> +
        (-0.019026,-0.059928)|  27, 2, 3;0,  0;0,  0> +
        (-0.054023,-0.018331)|  31, 0, 0;0,  0;0,  0> +
        (-0.016521, 0.048007)|  24, 1, 0;0,  0;0,  0> +
        ( 0.049435,-0.004206)|  22, 3, 0;0,  0;0,  0> +
        (-0.004992,-0.043691)|  24, 1, 1;0,  0;0,  0> +
        ( 0.038392,-0.020791)|  22, 0, 3;0,  0;0,  0> +
        (-0.014567, 0.035862)|  22, 2, 1;0,  0;0,  0> +
        (-0.006255, 0.036013)|  24, 0, 1;0,  0;0,  0> +
        (-0.027818,-0.020809)|  27, 3, 2;0,  0;0,  0> +
        ( 0.021295,-0.022339)|  33, 3, 1;0,  0;0,  0> +
        ( 0.020906,-0.022607)|  28, 2, 2;0,  0;0,  0> +
        (-0.019542, 0.006231)|  32, 0, 0;0,  0;0,  0> +
        ( 0.006097,-0.018752)|  25, 0, 2;0,  0;0,  0> +
        (-0.000314,-0.019498)|  22, 1, 2;0,  0;0,  0> +
        ( 0.018307,-0.000403)|  23, 1, 2;0,  0;0,  0> +
        ( 0.008246,-0.014252)|  33, 2, 2;0,  0;0,  0> +
        (-0.013789,-0.005929)|  31, 2, 2;0,  0;0,  0> +
        ( 0.013517,-0.005591)|  26, 2, 0;0,  0;0,  0> +
        ( 0.010983,-0.006297)|  26, 3, 2;0,  0;0,  0> +
        ( 0.008247, 0.006333)|  26, 0, 2;0,  0;0,  0> +
        ( 0.008592,-0.000081)|  23, 1, 1;0,  0;0,  0> +
        ( 0.006656,-0.005222)|  25, 1, 1;0,  0;0,  0> +
        ( 0.005651,-0.005158)|  28, 2, 3;0,  0;0,  0> +
        (-0.001825,-0.004965)|  25, 1, 0;0,  0;0,  0> +
        ( 0.004177, 0.002500)|  28, 3, 2;0,  0;0,  0> +
        ( 0.003442,-0.001477)|  30, 2, 2;0,  0;0,  0> +
        ( 0.000358,-0.003586)|  23, 0, 3;0,  0;0,  0> +
        ( 0.001834, 0.002687)|  23, 3, 0;0,  0;0,  0> +
        ( 0.001537,-0.002102)|  20, 0, 3;0,  0;0,  0> +
        ( 0.001827, 0.000127)|  25, 0, 1;0,  0;0,  0> +
        ( 0.000953,-0.000762)|  19, 2, 1;0,  0;0,  0> +
        (-0.000833,-0.000654)|  23, 2, 1;0,  0;0,  0> +
        ( 0.000990, 0.000219)|  26, 2, 3;0,  0;0,  0> +
        (-0.000068,-0.000757)|  24, 0, 3;0,  0;0,  0> +
        (-0.000311,-0.000559)|  20, 1, 2;0,  0;0,  0> +
        (-0.000554, 0.000106)|  32, 2, 2;0,  0;0,  0> +
        ( 0.000209,-0.000514)|  29, 2, 3;0,  0;0,  0> +
        ( 0.000094,-0.000489)|  27, 2, 2;0,  0;0,  0> +
        (-0.000426,-0.000249)|  19, 1, 2;0,  0;0,  0> +
        (-0.000356, 0.000165)|  24, 0, 2;0,  0;0,  0> +
        ( 0.000174, 0.000320)|  26, 1, 0;0,  0;0,  0> +
        ( 0.000208,-0.000270)|  19, 0, 3;0,  0;0,  0> +
         ...
 | 4> = ( 0.230905, 0.664051)|  26, 3, 0;0,  0;0,  0> +
        (-0.335205, 0.398527)|  32, 1, 1;0,  0;0,  0> +
        ( 0.116096,-0.272064)|  27, 1, 2;0,  0;0,  0> +
        ( 0.245423, 0.027355)|  33, 1, 1;0,  0;0,  0> +
        ( 0.195963,-0.005645)|  29, 2, 0;0,  0;0,  0> +
        (-0.113626,-0.088906)|  29, 1, 0;0,  0;0,  0> +
        ( 0.008994, 0.116238)|  29, 0, 2;0,  0;0,  0> +
        ( 0.038575, 0.022046)|  30, 1, 2;0,  0;0,  0> +
        (-0.007003,-0.043037)|  33, 0, 2;0,  0;0,  0> +
        ( 0.029776, 0.023714)|  30, 1, 0;0,  0;0,  0> +
        ( 0.028747,-0.022047)|  30, 2, 0;0,  0;0,  0> +
        ( 0.032272,-0.013601)|  28, 1, 2;0,  0;0,  0> +
        ( 0.027620, 0.007720)|  28, 3, 0;0,  0;0,  0> +
        (-0.000757, 0.026457)|  30, 0, 3;0,  0;0,  0> +
        ( 0.014342,-0.021326)|  30, 2, 1;0,  0;0,  0> +
        (-0.013679, 0.021547)|  27, 3, 0;0,  0;0,  0> +
        (-0.014240,-0.019910)|  31, 0, 2;0,  0;0,  0> +
        ( 0.017965,-0.004013)|  29, 1, 2;0,  0;0,  0> +
        ( 0.017892,-0.001785)|  29, 0, 1;0,  0;0,  0> +
        ( 0.016280, 0.002985)|  32, 2, 1;0,  0;0,  0> +
        (-0.004721,-0.011376)|  29, 3, 0;0,  0;0,  0> +
        ( 0.007620,-0.007695)|  30, 0, 1;0,  0;0,  0> +
        (-0.005781, 0.008699)|  30, 0, 2;0,  0;0,  0> +
        (-0.007874, 0.005877)|  32, 0, 2;0,  0;0,  0> +
        ( 0.009650, 0.000245)|  29, 0, 3;0,  0;0,  0> +
        ( 0.008270,-0.003591)|  29, 2, 1;0,  0;0,  0> +
        ( 0.007110, 0.004773)|  31, 1, 1;0,  0;0,  0> +
        ( 0.003015,-0.007819)|  31, 2, 0;0,  0;0,  0> +
        ( 0.007339,-0.002615)|  33, 2, 0;0,  0;0,  0> +
        (-0.000087,-0.005970)|  30, 1, 1;0,  0;0,  0> +
        ( 0.000301,-0.004328)|  30, 3, 0;0,  0;0,  0> +
        (-0.001547,-0.003692)|  32, 0, 3;0,  0;0,  0> +
        ( 0.002847, 0.001986)|  31, 2, 1;0,  0;0,  0> +
        (-0.002778,-0.001816)|  32, 2, 0;0,  0;0,  0> +
        ( 0.003203,-0.000197)|  31, 1, 0;0,  0;0,  0> +
        ( 0.001553, 0.002233)|  28, 0, 3;0,  0;0,  0> +
        (-0.002518, 0.000010)|  27, 0, 3;0,  0;0,  0> +
        ( 0.001153, 0.002228)|  27, 2, 1;0,  0;0,  0> +
        (-0.001445, 0.000411)|  31, 1, 2;0,  0;0,  0> +
        ( 0.001282, 0.000242)|  26, 1, 2;0,  0;0,  0> +
        (-0.000310, 0.001029)|  25, 3, 0;0,  0;0,  0> +
        (-0.000730, 0.000030)|  33, 0, 3;0,  0;0,  0> +
        (-0.000674, 0.000008)|  28, 0, 1;0,  0;0,  0> +
        ( 0.000382, 0.000403)|  28, 2, 1;0,  0;0,  0> +
        ( 0.000421,-0.000080)|  33, 2, 1;0,  0;0,  0> +
        ( 0.000108, 0.000378)|  26, 2, 1;0,  0;0,  0> +
        ( 0.000115, 0.000346)|  31, 3, 0;0,  0;0,  0> +
         ...
 | 5> = (-0.528200,-0.582700)|  11, 3, 1;0,  0;0,  0> +
        ( 0.278422, 0.528293)|  11, 1, 3;0,  0;0,  0> +
        ( 0.100770, 0.033938)|  11, 3, 2;0,  0;0,  0> +
        (-0.059628,-0.045421)|  11, 1, 1;0,  0;0,  0> +
        ( 0.049391, 0.037869)|  12, 2, 2;0,  0;0,  0> +
        (-0.031787, 0.029575)|   9, 0, 3;0,  0;0,  0> +
        ( 0.000386, 0.023803)|   8, 0, 3;0,  0;0,  0> +
        ( 0.022172, 0.000365)|  18, 0, 0;0,  0;0,  0> +
        (-0.017503, 0.013426)|  12, 0, 1;0,  0;0,  0> +
        (-0.015699, 0.002480)|  12, 3, 2;0,  0;0,  0> +
        ( 0.003087,-0.009407)|  13, 0, 2;0,  0;0,  0> +
        ( 0.008473, 0.003197)|  16, 3, 3;0,  0;0,  0> +
        (-0.007651, 0.000414)|  12, 1, 1;0,  0;0,  0> +
        ( 0.003957,-0.004100)|   9, 2, 1;0,  0;0,  0> +
        (-0.004628, 0.002019)|  12, 2, 3;0,  0;0,  0> +
        ( 0.003379,-0.003201)|   8, 1, 2;0,  0;0,  0> +
        ( 0.003134,-0.001573)|   9, 1, 2;0,  0;0,  0> +
        ( 0.001710,-0.002604)|   9, 3, 0;0,  0;0,  0> +
        ( 0.000114,-0.003014)|  17, 3, 3;0,  0;0,  0> +
        ( 0.002102, 0.002074)|  11, 2, 3;0,  0;0,  0> +
        (-0.002597,-0.000479)|  18, 3, 3;0,  0;0,  0> +
        (-0.000678, 0.001952)|  13, 2, 3;0,  0;0,  0> +
        ( 0.001234,-0.001225)|  10, 3, 1;0,  0;0,  0> +
        ( 0.001182, 0.000788)|   8, 2, 1;0,  0;0,  0> +
        (-0.001109, 0.000545)|  12, 2, 0;0,  0;0,  0> +
        ( 0.000971,-0.000511)|  10, 1, 2;0,  0;0,  0> +
        ( 0.000690,-0.000464)|  12, 1, 0;0,  0;0,  0> +
        ( 0.000111, 0.000816)|  10, 1, 3;0,  0;0,  0> +
        (-0.000236, 0.000734)|  13, 1, 0;0,  0;0,  0> +
        (-0.000516, 0.000314)|  13, 0, 1;0,  0;0,  0> +
        ( 0.000491, 0.000316)|  17, 0, 0;0,  0;0,  0> +
        (-0.000200,-0.000504)|  12, 1, 3;0,  0;0,  0> +
        (-0.000153,-0.000515)|  10, 3, 0;0,  0;0,  0> +
        ( 0.000423, 0.000103)|  12, 3, 1;0,  0;0,  0> +
         ...
 | 6> = (-0.371982,-0.597575)|  32, 2, 2;0,  0;0,  0> +
        (-0.417806, 0.085895)|  32, 0, 0;0,  0;0,  0> +
        ( 0.251787,-0.109547)|  31, 2, 2;0,  0;0,  0> +
        (-0.268146, 0.014929)|  23, 1, 2;0,  0;0,  0> +
        (-0.175923,-0.160877)|  28, 3, 2;0,  0;0,  0> +
        (-0.149326, 0.114017)|  22, 1, 2;0,  0;0,  0> +
        ( 0.169066, 0.025532)|  26, 2, 0;0,  0;0,  0> +
        (-0.090818,-0.139893)|  33, 2, 2;0,  0;0,  0> +
        ( 0.013028,-0.079507)|  25, 1, 1;0,  0;0,  0> +
        ( 0.033890,-0.063500)|  26, 0, 2;0,  0;0,  0> +
        ( 0.046833,-0.042713)|  25, 0, 1;0,  0;0,  0> +
        ( 0.007830, 0.037703)|  24, 0, 3;0,  0;0,  0> +
        ( 0.017080, 0.032606)|  25, 1, 0;0,  0;0,  0> +
        ( 0.026001, 0.020863)|  27, 3, 2;0,  0;0,  0> +
        ( 0.007132,-0.031967)|  24, 1, 2;0,  0;0,  0> +
        (-0.000625, 0.030036)|  22, 3, 0;0,  0;0,  0> +
        (-0.011018,-0.023006)|  23, 2, 1;0,  0;0,  0> +
        ( 0.019969,-0.014862)|  23, 3, 0;0,  0;0,  0> +
        ( 0.013356,-0.017105)|  30, 2, 3;0,  0;0,  0> +
        ( 0.018103,-0.011271)|  21, 3, 0;0,  0;0,  0> +
        ( 0.015838, 0.010338)|  21, 1, 2;0,  0;0,  0> +
        ( 0.005382,-0.018039)|  29, 3, 2;0,  0;0,  0> +
        (-0.011240,-0.013390)|  25, 0, 2;0,  0;0,  0> +
        (-0.006288,-0.014342)|  23, 0, 3;0,  0;0,  0> +
        (-0.009756,-0.004260)|  33, 0, 0;0,  0;0,  0> +
        (-0.003567,-0.009989)|  22, 2, 1;0,  0;0,  0> +
        (-0.005653,-0.008529)|  26, 1, 0;0,  0;0,  0> +
        ( 0.005145,-0.007400)|  27, 2, 0;0,  0;0,  0> +
        (-0.008227, 0.002392)|  30, 3, 2;0,  0;0,  0> +
        ( 0.007994,-0.002918)|  26, 1, 1;0,  0;0,  0> +
        ( 0.004383, 0.006671)|  21, 0, 3;0,  0;0,  0> +
        (-0.003220, 0.005363)|  28, 2, 3;0,  0;0,  0> +
        ( 0.005210, 0.003106)|  20, 3, 0;0,  0;0,  0> +
        (-0.002395, 0.005395)|  29, 2, 3;0,  0;0,  0> +
        ( 0.005774, 0.000457)|  24, 1, 1;0,  0;0,  0> +
        ( 0.003188,-0.002438)|  24, 2, 1;0,  0;0,  0> +
        ( 0.000281, 0.003481)|  22, 0, 3;0,  0;0,  0> +
        ( 0.002345,-0.001016)|  27, 0, 2;0,  0;0,  0> +
        ( 0.001616,-0.001916)|  25, 2, 0;0,  0;0,  0> +
        (-0.000470,-0.002022)|  21, 2, 1;0,  0;0,  0> +
        ( 0.001564, 0.000426)|  24, 3, 0;0,  0;0,  0> +
        (-0.000291,-0.001466)|  31, 0, 0;0,  0;0,  0> +
        (-0.000848,-0.001228)|  33, 3, 1;0,  0;0,  0> +
        (-0.001050,-0.000559)|  26, 0, 1;0,  0;0,  0> +
        (-0.000863, 0.000336)|  24, 0, 1;0,  0;0,  0> +
        ( 0.000860,-0.000085)|  30, 2, 2;0,  0;0,  0> +
        ( 0.000535,-0.000433)|  27, 2, 3;0,  0;0,  0> +
        ( 0.000389,-0.000551)|  29, 2, 2;0,  0;0,  0> +
        (-0.000438, 0.000395)|  32, 1, 3;0,  0;0,  0> +
        (-0.000461, 0.000323)|  28, 2, 0;0,  0;0,  0> +
        ( 0.000170,-0.000479)|  24, 1, 0;0,  0;0,  0> +
        (-0.000426,-0.000065)|  24, 2, 0;0,  0;0,  0> +
        (-0.000051, 0.000366)|  33, 1, 3;0,  0;0,  0> +
        (-0.000247, 0.000218)|  28, 0, 2;0,  0;0,  0> +
         ...
 | 7> = (-0.371402,-0.616053)|  20, 1, 0;0,  0;0,  0> +
        (-0.039107,-0.338958)|  16, 1, 2;0,  0;0,  0> +
        (-0.197806, 0.253093)|  18, 1, 1;0,  0;0,  0> +
        (-0.275262, 0.085298)|  21, 2, 3;0,  0;0,  0> +
        (-0.111908,-0.235214)|  16, 3, 0;0,  0;0,  0> +
        (-0.062649, 0.203252)|  24, 3, 1;0,  0;0,  0> +
        (-0.092541, 0.126464)|  15, 3, 0;0,  0;0,  0> +
        ( 0.083673,-0.115829)|  20, 2, 0;0,  0;0,  0> +
        ( 0.064049, 0.026967)|  15, 2, 1;0,  0;0,  0> +
        (-0.039943, 0.055555)|  16, 0, 3;0,  0;0,  0> +
        ( 0.063178, 0.014141)|  22, 2, 2;0,  0;0,  0> +
        (-0.049630, 0.015970)|  17, 2, 1;0,  0;0,  0> +
        (-0.047808, 0.011462)|  16, 2, 1;0,  0;0,  0> +
        ( 0.018052, 0.024655)|  22, 2, 3;0,  0;0,  0> +
        ( 0.023546,-0.013548)|  24, 1, 3;0,  0;0,  0> +
        (-0.001896, 0.019704)|  26, 0, 0;0,  0;0,  0> +
        ( 0.004191, 0.016485)|  20, 2, 2;0,  0;0,  0> +
        ( 0.011809,-0.009573)|  21, 3, 2;0,  0;0,  0> +
        ( 0.010109, 0.001700)|  20, 0, 2;0,  0;0,  0> +
        (-0.001591,-0.009263)|  31, 3, 3;0,  0;0,  0> +
        (-0.004327, 0.005380)|  22, 3, 2;0,  0;0,  0> +
        ( 0.004545, 0.000699)|  17, 0, 3;0,  0;0,  0> +
        ( 0.000159, 0.004593)|  25, 1, 3;0,  0;0,  0> +
        (-0.001840,-0.003757)|  20, 0, 1;0,  0;0,  0> +
        (-0.001751, 0.003192)|  21, 2, 0;0,  0;0,  0> +
        ( 0.001144, 0.003267)|  30, 3, 3;0,  0;0,  0> +
        ( 0.002844,-0.001413)|  15, 1, 2;0,  0;0,  0> +
        (-0.001705,-0.002652)|  26, 1, 3;0,  0;0,  0> +
        ( 0.000549,-0.003007)|  21, 1, 3;0,  0;0,  0> +
        (-0.002631,-0.001232)|  23, 3, 1;0,  0;0,  0> +
        (-0.001328, 0.002455)|  15, 0, 3;0,  0;0,  0> +
        (-0.000233,-0.002728)|  19, 1, 1;0,  0;0,  0> +
        (-0.002571,-0.000862)|  27, 0, 0;0,  0;0,  0> +
        ( 0.002518,-0.000615)|  23, 1, 3;0,  0;0,  0> +
        ( 0.000729, 0.001818)|  19, 0, 1;0,  0;0,  0> +
        (-0.001451, 0.001183)|  20, 3, 2;0,  0;0,  0> +
        (-0.000230,-0.001610)|  25, 3, 1;0,  0;0,  0> +
        (-0.001274,-0.000845)|  32, 3, 3;0,  0;0,  0> +
        ( 0.000106, 0.001450)|  22, 2, 0;0,  0;0,  0> +
        (-0.000826,-0.000869)|  19, 1, 0;0,  0;0,  0> +
        ( 0.001158, 0.000307)|  21, 2, 2;0,  0;0,  0> +
        ( 0.000484,-0.000711)|  21, 0, 2;0,  0;0,  0> +
        (-0.000118, 0.000774)|  21, 3, 1;0,  0;0,  0> +
        (-0.000675, 0.000318)|  19, 2, 2;0,  0;0,  0> +
         ...
 | 8> = ( 0.510566,-0.369568)|  28, 2, 1;0,  0;0,  0> +
        (-0.154814, 0.364129)|  25, 3, 0;0,  0;0,  0> +
        ( 0.274436,-0.100887)|  32, 3, 2;0,  0;0,  0> +
        ( 0.180256, 0.127231)|  30, 2, 0;0,  0;0,  0> +
        (-0.186207, 0.115314)|  27, 0, 3;0,  0;0,  0> +
        ( 0.171972,-0.116868)|  30, 1, 1;0,  0;0,  0> +
        ( 0.187919, 0.013669)|  28, 1, 0;0,  0;0,  0> +
        (-0.017832,-0.165263)|  31, 1, 1;0,  0;0,  0> +
        ( 0.154969,-0.056071)|  29, 1, 1;0,  0;0,  0> +
        (-0.076540,-0.132633)|  28, 0, 3;0,  0;0,  0> +
        ( 0.007526, 0.145830)|  26, 1, 2;0,  0;0,  0> +
        (-0.121288,-0.023783)|  27, 2, 1;0,  0;0,  0> +
        ( 0.019591, 0.117804)|  26, 2, 1;0,  0;0,  0> +
        ( 0.094314,-0.045638)|  28, 0, 1;0,  0;0,  0> +
        (-0.066550, 0.077876)|  33, 3, 2;0,  0;0,  0> +
        (-0.041249,-0.086945)|  25, 2, 1;0,  0;0,  0> +
        ( 0.057331, 0.046265)|  25, 0, 3;0,  0;0,  0> +
        (-0.058300, 0.005650)|  33, 2, 3;0,  0;0,  0> +
        (-0.016210, 0.055988)|  28, 1, 1;0,  0;0,  0> +
        (-0.034958,-0.044818)|  29, 2, 0;0,  0;0,  0> +
        (-0.012617,-0.042962)|  27, 1, 2;0,  0;0,  0> +
        (-0.041508,-0.003516)|  26, 0, 3;0,  0;0,  0> +
        ( 0.031533,-0.018933)|  27, 0, 1;0,  0;0,  0> +
        (-0.024480, 0.017368)|  25, 1, 2;0,  0;0,  0> +
        ( 0.028280, 0.006075)|  27, 3, 0;0,  0;0,  0> +
        (-0.018944,-0.012373)|  29, 1, 0;0,  0;0,  0> +
        (-0.018230, 0.003098)|  27, 1, 1;0,  0;0,  0> +
        ( 0.002600,-0.015915)|  28, 3, 0;0,  0;0,  0> +
        (-0.013569,-0.007256)|  32, 2, 3;0,  0;0,  0> +
        (-0.015176,-0.000379)|  26, 3, 0;0,  0;0,  0> +
        ( 0.009333, 0.011862)|  31, 0, 2;0,  0;0,  0> +
        (-0.014586,-0.001409)|  29, 0, 1;0,  0;0,  0> +
        (-0.014027, 0.001515)|  28, 1, 2;0,  0;0,  0> +
        (-0.001454,-0.013199)|  30, 0, 3;0,  0;0,  0> +
        (-0.006855, 0.009214)|  29, 0, 2;0,  0;0,  0> +
        (-0.010249,-0.004036)|  29, 0, 3;0,  0;0,  0> +
        (-0.005422,-0.008360)|  31, 3, 2;0,  0;0,  0> +
        (-0.007808,-0.000572)|  28, 0, 2;0,  0;0,  0> +
        (-0.005490,-0.003765)|  33, 1, 1;0,  0;0,  0> +
        ( 0.001880,-0.006357)|  32, 1, 1;0,  0;0,  0> +
        (-0.003536, 0.005514)|  30, 2, 1;0,  0;0,  0> +
        (-0.001186,-0.006118)|  28, 2, 0;0,  0;0,  0> +
        ( 0.004318, 0.003791)|  24, 3, 0;0,  0;0,  0> +
        (-0.000571,-0.005562)|  33, 0, 2;0,  0;0,  0> +
        (-0.001860, 0.005146)|  31, 2, 0;0,  0;0,  0> +
        (-0.003803, 0.000706)|  29, 2, 1;0,  0;0,  0> +
        ( 0.003418,-0.001602)|  29, 1, 2;0,  0;0,  0> +
        (-0.002974, 0.002154)|  30, 0, 1;0,  0;0,  0> +
        (-0.002894,-0.001783)|  27, 0, 2;0,  0;0,  0> +
        (-0.003010,-0.001455)|  30, 1, 2;0,  0;0,  0> +
        (-0.002324, 0.001172)|  27, 1, 0;0,  0;0,  0> +
        (-0.001355, 0.001676)|  29, 3, 0;0,  0;0,  0> +
        (-0.001910,-0.000196)|  32, 2, 1;0,  0;0,  0> +
        (-0.000415,-0.001655)|  30, 0, 2;0,  0;0,  0> +
        (-0.000999,-0.000738)|  30, 1, 0;0,  0;0,  0> +
        ( 0.000725,-0.000569)|  32, 0, 2;0,  0;0,  0> +
        (-0.000654, 0.000125)|  33, 2, 0;0,  0;0,  0> +
        ( 0.000026, 0.000595)|  31, 2, 3;0,  0;0,  0> +
         ...
 | 9> = (-0.698011,-0.065109)|  29, 0, 1;0,  0;0,  0> +
        ( 0.225600,-0.221158)|  29, 0, 2;0,  0;0,  0> +
        ( 0.277555,-0.117374)|  28, 1, 2;0,  0;0,  0> +
        ( 0.042670,-0.293313)|  33, 1, 1;0,  0;0,  0> +
        ( 0.046019,-0.251294)|  30, 2, 1;0,  0;0,  0> +
        ( 0.104843, 0.216875)|  28, 3, 0;0,  0;0,  0> +
        (-0.201034,-0.083547)|  32, 1, 1;0,  0;0,  0> +
        ( 0.139178,-0.024355)|  29, 1, 2;0,  0;0,  0> +
        (-0.106750,-0.083904)|  30, 1, 0;0,  0;0,  0> +
        (-0.071713,-0.011287)|  33, 0, 2;0,  0;0,  0> +
        (-0.015088,-0.052483)|  30, 0, 2;0,  0;0,  0> +
        (-0.053054, 0.012617)|  27, 1, 2;0,  0;0,  0> +
        ( 0.045558, 0.026029)|  30, 1, 2;0,  0;0,  0> +
        (-0.007631,-0.050359)|  30, 0, 3;0,  0;0,  0> +
        ( 0.008869, 0.029907)|  32, 2, 0;0,  0;0,  0> +
        (-0.015317, 0.022222)|  30, 0, 1;0,  0;0,  0> +
        (-0.023921,-0.003656)|  32, 2, 1;0,  0;0,  0> +
        ( 0.020304, 0.007191)|  29, 0, 3;0,  0;0,  0> +
        ( 0.008303,-0.018052)|  27, 3, 0;0,  0;0,  0> +
        (-0.018198,-0.003124)|  31, 2, 0;0,  0;0,  0> +
        (-0.013776,-0.009764)|  26, 3, 0;0,  0;0,  0> +
        ( 0.003989,-0.015862)|  29, 3, 0;0,  0;0,  0> +
        (-0.000286,-0.009052)|  31, 1, 2;0,  0;0,  0> +
        ( 0.001950,-0.008672)|  31, 0, 2;0,  0;0,  0> +
        (-0.001618,-0.008428)|  29, 2, 1;0,  0;0,  0> +
        ( 0.005490,-0.001017)|  29, 1, 0;0,  0;0,  0> +
        ( 0.003928, 0.003826)|  32, 0, 3;0,  0;0,  0> +
        (-0.004297,-0.002064)|  32, 0, 2;0,  0;0,  0> +
        ( 0.003539, 0.002110)|  33, 2, 0;0,  0;0,  0> +
        ( 0.001383, 0.002949)|  31, 2, 1;0,  0;0,  0> +
        (-0.000993, 0.002772)|  29, 2, 0;0,  0;0,  0> +
        ( 0.000531,-0.002647)|  30, 2, 0;0,  0;0,  0> +
        (-0.001075, 0.002443)|  30, 3, 0;0,  0;0,  0> +
        (-0.001117, 0.000913)|  27, 2, 1;0,  0;0,  0> +
        ( 0.000847, 0.000917)|  31, 1, 0;0,  0;0,  0> +
        (-0.000502, 0.000524)|  31, 1, 1;0,  0;0,  0> +
        (-0.000265,-0.000638)|  27, 0, 3;0,  0;0,  0> +
        ( 0.000627, 0.000109)|  31, 0, 3;0,  0;0,  0> +
        (-0.000426, 0.000160)|  30, 1, 1;0,  0;0,  0> +
        ( 0.000411,-0.000181)|  33, 2, 1;0,  0;0,  0> +
         ...
 |10> = ( 0.813457,-0.097678)|  12, 3, 2;0,  0;0,  0> +
        ( 0.318536,-0.053044)|  12, 2, 3;0,  0;0,  0> +
        (-0.224462, 0.199974)|   9, 0, 3;0,  0;0,  0> +
        (-0.130792, 0.192440)|  12, 1, 1;0,  0;0,  0> +
        (-0.011025, 0.188874)|  17, 3, 3;0,  0;0,  0> +
        ( 0.097509,-0.108128)|  13, 0, 2;0,  0;0,  0> +
        (-0.142561,-0.000613)|  18, 0, 0;0,  0;0,  0> +
        (-0.010277,-0.032622)|  11, 1, 1;0,  0;0,  0> +
        ( 0.015886,-0.018635)|   9, 2, 1;0,  0;0,  0> +
        ( 0.016845,-0.015915)|   9, 1, 2;0,  0;0,  0> +
        ( 0.009752,-0.007118)|   9, 3, 0;0,  0;0,  0> +
        ( 0.001860,-0.009450)|  12, 2, 2;0,  0;0,  0> +
        ( 0.005302, 0.000142)|  11, 1, 3;0,  0;0,  0> +
        (-0.004533,-0.000824)|  18, 3, 3;0,  0;0,  0> +
        ( 0.003722,-0.002059)|  11, 3, 1;0,  0;0,  0> +
        (-0.000137,-0.004212)|  10, 1, 2;0,  0;0,  0> +
        (-0.002420,-0.000669)|  10, 3, 0;0,  0;0,  0> +
        (-0.000235, 0.001258)|  13, 1, 0;0,  0;0,  0> +
        ( 0.000127, 0.001203)|  12, 3, 1;0,  0;0,  0> +
        (-0.000941,-0.000292)|  12, 1, 3;0,  0;0,  0> +
        (-0.000178, 0.000521)|  13, 2, 3;0,  0;0,  0> +
        ( 0.000285,-0.000220)|  10, 0, 3;0,  0;0,  0> +
        (-0.000159, 0.000296)|  13, 2, 0;0,  0;0,  0> +
         ...
 |11> = (-0.535147, 0.567596)|  10, 1, 1;0,  0;0,  0> +
        (-0.021498,-0.392679)|  10, 3, 2;0,  0;0,  0> +
        (-0.012037,-0.350034)|  11, 0, 1;0,  0;0,  0> +
        (-0.134777, 0.175893)|  10, 2, 3;0,  0;0,  0> +
        (-0.158334,-0.027405)|   7, 1, 2;0,  0;0,  0> +
        (-0.003524,-0.153186)|  11, 1, 0;0,  0;0,  0> +
        ( 0.029103, 0.081187)|  11, 2, 2;0,  0;0,  0> +
        ( 0.015859, 0.057936)|   8, 3, 0;0,  0;0,  0> +
        (-0.014979, 0.030432)|  10, 1, 3;0,  0;0,  0> +
        (-0.005510,-0.030068)|   9, 3, 1;0,  0;0,  0> +
        ( 0.013685,-0.027332)|  11, 0, 2;0,  0;0,  0> +
        (-0.003600,-0.027249)|   7, 0, 3;0,  0;0,  0> +
        ( 0.013439, 0.016053)|  12, 0, 2;0,  0;0,  0> +
        (-0.006278,-0.007886)|  10, 3, 1;0,  0;0,  0> +
        ( 0.002708,-0.008451)|   7, 2, 1;0,  0;0,  0> +
        (-0.008193, 0.001254)|   8, 1, 2;0,  0;0,  0> +
        ( 0.000165,-0.007217)|   8, 2, 1;0,  0;0,  0> +
        (-0.001309,-0.006644)|   9, 1, 3;0,  0;0,  0> +
        (-0.005329, 0.001837)|   9, 3, 2;0,  0;0,  0> +
        ( 0.004565, 0.001233)|  12, 1, 0;0,  0;0,  0> +
        ( 0.003131,-0.002156)|  12, 2, 0;0,  0;0,  0> +
        (-0.000512,-0.003080)|   9, 2, 3;0,  0;0,  0> +
        ( 0.002686, 0.001403)|   7, 3, 0;0,  0;0,  0> +
        ( 0.002820, 0.000286)|  15, 3, 3;0,  0;0,  0> +
        ( 0.002037,-0.001809)|  16, 0, 0;0,  0;0,  0> +
        ( 0.002710, 0.000058)|  17, 0, 0;0,  0;0,  0> +
        (-0.001374, 0.001898)|   8, 0, 3;0,  0;0,  0> +
        ( 0.001365,-0.001153)|  14, 3, 3;0,  0;0,  0> +
        ( 0.000746,-0.001466)|  11, 2, 3;0,  0;0,  0> +
        (-0.000988, 0.000218)|  15, 0, 0;0,  0;0,  0> +
         ...
 |12> = (-0.182147, 0.641096)|   9, 1, 2;0,  0;0,  0> +
        ( 0.089852,-0.516165)|  13, 1, 0;0,  0;0,  0> +
        (-0.329504,-0.081191)|   9, 2, 1;0,  0;0,  0> +
        (-0.273908,-0.048287)|  18, 3, 3;0,  0;0,  0> +
        ( 0.010605, 0.192282)|  12, 3, 1;0,  0;0,  0> +
        (-0.118508,-0.093400)|  12, 1, 3;0,  0;0,  0> +
        ( 0.012136, 0.115677)|  13, 0, 1;0,  0;0,  0> +
        (-0.016322, 0.067459)|   9, 3, 0;0,  0;0,  0> +
        (-0.056322, 0.031908)|  10, 1, 2;0,  0;0,  0> +
        (-0.035661, 0.040691)|   9, 0, 3;0,  0;0,  0> +
        ( 0.036041, 0.017927)|  14, 2, 0;0,  0;0,  0> +
        ( 0.005219,-0.024778)|  10, 3, 0;0,  0;0,  0> +
        ( 0.018592,-0.002970)|  13, 0, 2;0,  0;0,  0> +
        (-0.017305,-0.003363)|  13, 2, 2;0,  0;0,  0> +
        ( 0.016014,-0.001186)|  12, 2, 3;0,  0;0,  0> +
        ( 0.004703,-0.009383)|  13, 2, 3;0,  0;0,  0> +
        ( 0.008337,-0.001547)|  12, 1, 1;0,  0;0,  0> +
        (-0.006834, 0.001091)|  12, 3, 2;0,  0;0,  0> +
        (-0.001764, 0.006236)|  14, 0, 2;0,  0;0,  0> +
        (-0.003187,-0.000960)|  19, 3, 3;0,  0;0,  0> +
        (-0.001157, 0.002514)|  17, 3, 3;0,  0;0,  0> +
        (-0.002074, 0.001173)|  13, 2, 0;0,  0;0,  0> +
        ( 0.001988,-0.000804)|  19, 0, 0;0,  0;0,  0> +
        ( 0.000587,-0.001725)|  13, 3, 2;0,  0;0,  0> +
        ( 0.001279,-0.000065)|  10, 0, 3;0,  0;0,  0> +
        (-0.000572, 0.000832)|  11, 1, 1;0,  0;0,  0> +
        ( 0.000406, 0.000379)|  18, 0, 0;0,  0;0,  0> +
        ( 0.000443, 0.000302)|  10, 2, 1;0,  0;0,  0> +
        ( 0.000152,-0.000437)|  12, 2, 2;0,  0;0,  0> +
         ...
 |13> = ( 0.220124,-0.789278)|  27, 2, 1;0,  0;0,  0> +
        ( 0.229038, 0.180323)|  27, 0, 3;0,  0;0,  0> +
        ( 0.199695, 0.130126)|  29, 1, 0;0,  0;0,  0> +
        (-0.127596, 0.137126)|  32, 1, 1;0,  0;0,  0> +
        ( 0.074610, 0.122914)|  31, 1, 1;0,  0;0,  0> +
        (-0.121289,-0.057846)|  30, 2, 0;0,  0;0,  0> +
        ( 0.103109,-0.081271)|  30, 1, 1;0,  0;0,  0> +
        (-0.028621,-0.113804)|  28, 2, 1;0,  0;0,  0> +
        (-0.103645, 0.038414)|  29, 2, 0;0,  0;0,  0> +
        (-0.036183, 0.101205)|  29, 0, 2;0,  0;0,  0> +
        (-0.072476, 0.075517)|  33, 3, 2;0,  0;0,  0> +
        (-0.035030,-0.096865)|  26, 3, 0;0,  0;0,  0> +
        (-0.062750,-0.063137)|  26, 1, 2;0,  0;0,  0> +
        ( 0.083826, 0.009678)|  33, 1, 1;0,  0;0,  0> +
        ( 0.050897,-0.025164)|  28, 0, 1;0,  0;0,  0> +
        (-0.040845, 0.034973)|  25, 3, 0;0,  0;0,  0> +
        (-0.038011,-0.037496)|  27, 1, 2;0,  0;0,  0> +
        ( 0.014369,-0.048277)|  27, 3, 0;0,  0;0,  0> +
        ( 0.024375, 0.037092)|  28, 0, 3;0,  0;0,  0> +
        (-0.000805,-0.042129)|  28, 3, 0;0,  0;0,  0> +
        (-0.034158,-0.002563)|  29, 0, 1;0,  0;0,  0> +
        ( 0.017869, 0.022916)|  31, 0, 2;0,  0;0,  0> +
        (-0.001287,-0.028243)|  30, 0, 3;0,  0;0,  0> +
        (-0.021285,-0.016930)|  30, 1, 0;0,  0;0,  0> +
        (-0.019814,-0.005181)|  28, 1, 2;0,  0;0,  0> +
        ( 0.001345,-0.019934)|  25, 2, 1;0,  0;0,  0> +
        (-0.004656, 0.016985)|  30, 2, 1;0,  0;0,  0> +
        (-0.016133,-0.003684)|  29, 0, 3;0,  0;0,  0> +
        (-0.000475, 0.014070)|  26, 2, 1;0,  0;0,  0> +
        ( 0.009002, 0.008456)|  29, 1, 2;0,  0;0,  0> +
        ( 0.003122, 0.011911)|  25, 0, 3;0,  0;0,  0> +
        (-0.006525, 0.009743)|  28, 1, 1;0,  0;0,  0> +
        (-0.009474, 0.006221)|  28, 1, 0;0,  0;0,  0> +
        (-0.004253, 0.009863)|  31, 2, 0;0,  0;0,  0> +
        (-0.003745,-0.009553)|  33, 0, 2;0,  0;0,  0> +
        ( 0.002639, 0.009283)|  29, 3, 0;0,  0;0,  0> +
        (-0.008380, 0.001189)|  26, 0, 3;0,  0;0,  0> +
        (-0.005401, 0.003758)|  30, 0, 1;0,  0;0,  0> +
        (-0.006388, 0.000591)|  29, 2, 1;0,  0;0,  0> +
        ( 0.006099,-0.000662)|  27, 0, 1;0,  0;0,  0> +
        ( 0.003220,-0.005027)|  32, 3, 2;0,  0;0,  0> +
        ( 0.000521, 0.004630)|  29, 1, 1;0,  0;0,  0> +
        (-0.003407,-0.000304)|  27, 1, 1;0,  0;0,  0> +
        (-0.002792,-0.001947)|  33, 2, 3;0,  0;0,  0> +
        (-0.002859,-0.000074)|  25, 1, 2;0,  0;0,  0> +
        (-0.000773,-0.002674)|  32, 0, 3;0,  0;0,  0> +
        ( 0.002620, 0.000079)|  31, 1, 0;0,  0;0,  0> +
        ( 0.000666, 0.001883)|  31, 1, 2;0,  0;0,  0> +
        (-0.001334,-0.001196)|  32, 2, 3;0,  0;0,  0> +
        (-0.000229,-0.001339)|  31, 3, 2;0,  0;0,  0> +
        (-0.001331,-0.000024)|  33, 2, 0;0,  0;0,  0> +
        ( 0.000679, 0.000988)|  30, 1, 2;0,  0;0,  0> +
        ( 0.000223, 0.000836)|  30, 3, 0;0,  0;0,  0> +
        (-0.000810,-0.000026)|  31, 2, 1;0,  0;0,  0> +
        (-0.000794, 0.000105)|  32, 2, 1;0,  0;0,  0> +
        ( 0.000191, 0.000695)|  32, 2, 0;0,  0;0,  0> +
        ( 0.000345,-0.000530)|  32, 0, 2;0,  0;0,  0> +
        (-0.000569, 0.000130)|  28, 0, 2;0,  0;0,  0> +
        ( 0.000312, 0.000317)|  24, 3, 0;0,  0;0,  0> +
        (-0.000047,-0.000392)|  28, 2, 0;0,  0;0,  0> +
         ...
 |14> = (-0.500620, 0.188995)|  32, 3, 1;0,  0;0,  0> +
        ( 0.358111, 0.296335)|  32, 1, 3;0,  0;0,  0> +
        (-0.336430, 0.137857)|  21, 2, 1;0,  0;0,  0> +
        (-0.351275, 0.022000)|  29, 2, 2;0,  0;0,  0> +
        (-0.257409, 0.082116)|  25, 2, 0;0,  0;0,  0> +
        ( 0.092788,-0.161749)|  33, 1, 3;0,  0;0,  0> +
        (-0.074545,-0.160963)|  21, 0, 3;0,  0;0,  0> +
        ( 0.150464,-0.067394)|  20, 3, 0;0,  0;0,  0> +
        ( 0.128467, 0.047204)|  31, 0, 0;0,  0;0,  0> +
        (-0.077927, 0.038903)|  22, 0, 3;0,  0;0,  0> +
        (-0.014626,-0.076635)|  24, 0, 1;0,  0;0,  0> +
        ( 0.061378,-0.041540)|  22, 2, 1;0,  0;0,  0> +
        ( 0.021359, 0.062688)|  30, 2, 2;0,  0;0,  0> +
        ( 0.055205,-0.033752)|  21, 1, 2;0,  0;0,  0> +
        (-0.049879,-0.036514)|  27, 3, 2;0,  0;0,  0> +
        ( 0.040624,-0.046494)|  33, 3, 1;0,  0;0,  0> +
        (-0.018636,-0.058655)|  27, 2, 3;0,  0;0,  0> +
        ( 0.059083, 0.003875)|  26, 3, 2;0,  0;0,  0> +
        (-0.012029, 0.054164)|  22, 1, 2;0,  0;0,  0> +
        ( 0.023167, 0.043467)|  24, 2, 0;0,  0;0,  0> +
        ( 0.005870, 0.038484)|  24, 1, 1;0,  0;0,  0> +
        ( 0.026057,-0.026037)|  24, 1, 0;0,  0;0,  0> +
        ( 0.011670,-0.031429)|  28, 2, 2;0,  0;0,  0> +
        ( 0.030822, 0.010113)|  21, 3, 0;0,  0;0,  0> +
        (-0.030116,-0.010409)|  22, 3, 0;0,  0;0,  0> +
        ( 0.013327,-0.018556)|  28, 2, 3;0,  0;0,  0> +
        ( 0.014634, 0.016438)|  25, 0, 2;0,  0;0,  0> +
        ( 0.013925, 0.012417)|  28, 3, 2;0,  0;0,  0> +
        (-0.005488,-0.015680)|  23, 1, 2;0,  0;0,  0> +
        ( 0.008146,-0.009571)|  26, 0, 2;0,  0;0,  0> +
        ( 0.007221, 0.008295)|  32, 2, 2;0,  0;0,  0> +
        (-0.007530,-0.000623)|  32, 0, 0;0,  0;0,  0> +
        ( 0.007111,-0.002083)|  25, 1, 0;0,  0;0,  0> +
        ( 0.004996, 0.003160)|  26, 2, 0;0,  0;0,  0> +
        (-0.005132, 0.000305)|  23, 1, 1;0,  0;0,  0> +
        ( 0.004708, 0.000184)|  31, 2, 2;0,  0;0,  0> +
        (-0.002595, 0.002358)|  25, 0, 1;0,  0;0,  0> +
        (-0.002924,-0.000707)|  33, 2, 2;0,  0;0,  0> +
        ( 0.000586, 0.002244)|  23, 3, 0;0,  0;0,  0> +
        (-0.000058,-0.001891)|  24, 0, 3;0,  0;0,  0> +
        (-0.000716, 0.001641)|  20, 0, 3;0,  0;0,  0> +
        ( 0.000813,-0.001064)|  23, 0, 3;0,  0;0,  0> +
        ( 0.001307,-0.000174)|  25, 1, 1;0,  0;0,  0> +
        ( 0.000594, 0.001001)|  20, 1, 2;0,  0;0,  0> +
        (-0.000651, 0.000659)|  19, 2, 1;0,  0;0,  0> +
        ( 0.000339,-0.000834)|  29, 2, 3;0,  0;0,  0> +
        (-0.000697, 0.000270)|  26, 2, 3;0,  0;0,  0> +
        ( 0.000258, 0.000479)|  26, 1, 0;0,  0;0,  0> +
        ( 0.000299, 0.000264)|  30, 3, 1;0,  0;0,  0> +
        ( 0.000314, 0.000233)|  19, 1, 2;0,  0;0,  0> +
         ...
 |15> = ( 0.332940, 0.315787)|  28, 3, 2;0,  0;0,  0> +
        (-0.395476, 0.200942)|  31, 2, 2;0,  0;0,  0> +
        ( 0.115602, 0.371525)|  33, 2, 2;0,  0;0,  0> +
        (-0.200225, 0.306295)|  26, 0, 2;0,  0;0,  0> +
        (-0.171480,-0.300911)|  32, 2, 2;0,  0;0,  0> +
        (-0.257789,-0.130968)|  26, 2, 0;0,  0;0,  0> +
        (-0.207346, 0.044604)|  32, 0, 0;0,  0;0,  0> +
        (-0.131354,-0.084483)|  23, 1, 2;0,  0;0,  0> +
        (-0.038842, 0.098784)|  25, 1, 1;0,  0;0,  0> +
        (-0.050065,-0.083502)|  26, 1, 0;0,  0;0,  0> +
        ( 0.041417, 0.039039)|  23, 0, 3;0,  0;0,  0> +
        ( 0.022789, 0.042469)|  23, 3, 0;0,  0;0,  0> +
        (-0.020404, 0.042917)|  23, 2, 1;0,  0;0,  0> +
        (-0.023692, 0.031226)|  22, 1, 2;0,  0;0,  0> +
        ( 0.010875,-0.034496)|  24, 0, 3;0,  0;0,  0> +
        ( 0.017652, 0.010687)|  24, 1, 2;0,  0;0,  0> +
        (-0.017650,-0.009409)|  33, 0, 0;0,  0;0,  0> +
        ( 0.008701, 0.016072)|  25, 1, 0;0,  0;0,  0> +
        ( 0.013244, 0.011429)|  27, 3, 2;0,  0;0,  0> +
        ( 0.012539,-0.010952)|  27, 2, 0;0,  0;0,  0> +
        (-0.011110, 0.011060)|  24, 2, 1;0,  0;0,  0> +
        (-0.010448,-0.010443)|  25, 0, 2;0,  0;0,  0> +
        (-0.008107, 0.009235)|  25, 0, 1;0,  0;0,  0> +
        (-0.005792, 0.010748)|  22, 3, 0;0,  0;0,  0> +
        ( 0.006292,-0.009642)|  30, 2, 3;0,  0;0,  0> +
        (-0.007634,-0.006512)|  21, 3, 0;0,  0;0,  0> +
        ( 0.008369, 0.001357)|  26, 1, 1;0,  0;0,  0> +
        ( 0.006835, 0.004455)|  21, 1, 2;0,  0;0,  0> +
        ( 0.003133,-0.007222)|  29, 3, 2;0,  0;0,  0> +
        (-0.003619,-0.001924)|  22, 2, 1;0,  0;0,  0> +
        (-0.001537, 0.003460)|  28, 2, 3;0,  0;0,  0> +
        ( 0.003486, 0.000148)|  20, 3, 0;0,  0;0,  0> +
        ( 0.002867, 0.000860)|  24, 1, 1;0,  0;0,  0> +
        (-0.001966,-0.000171)|  29, 2, 3;0,  0;0,  0> +
        ( 0.001088, 0.001424)|  22, 0, 3;0,  0;0,  0> +
        ( 0.000919, 0.001475)|  21, 0, 3;0,  0;0,  0> +
        ( 0.000034,-0.001571)|  21, 2, 1;0,  0;0,  0> +
        ( 0.000488,-0.000785)|  25, 2, 0;0,  0;0,  0> +
        (-0.000676,-0.000542)|  27, 0, 2;0,  0;0,  0> +
        (-0.000784,-0.000167)|  26, 0, 1;0,  0;0,  0> +
        ( 0.000493, 0.000542)|  28, 0, 2;0,  0;0,  0> +
        ( 0.000577,-0.000230)|  24, 3, 0;0,  0;0,  0> +
        ( 0.000571,-0.000168)|  30, 3, 2;0,  0;0,  0> +
        (-0.000276,-0.000498)|  33, 3, 1;0,  0;0,  0> +
        ( 0.000273,-0.000412)|  27, 2, 3;0,  0;0,  0> +
         ...
 |16> = ( 0.421616,-0.666479)|  19, 2, 3;0,  0;0,  0> +
        (-0.203684, 0.275078)|  14, 3, 0;0,  0;0,  0> +
        ( 0.176927,-0.171955)|  13, 1, 2;0,  0;0,  0> +
        ( 0.118514,-0.188300)|  18, 2, 0;0,  0;0,  0> +
        ( 0.058438,-0.212075)|  13, 3, 0;0,  0;0,  0> +
        (-0.074682, 0.172011)|  14, 2, 1;0,  0;0,  0> +
        ( 0.132410, 0.023122)|  18, 0, 1;0,  0;0,  0> +
        ( 0.053047,-0.110665)|  14, 1, 2;0,  0;0,  0> +
        ( 0.047800, 0.096829)|  13, 0, 3;0,  0;0,  0> +
        ( 0.032903,-0.098171)|  20, 3, 1;0,  0;0,  0> +
        (-0.049207,-0.003259)|  19, 3, 2;0,  0;0,  0> +
        ( 0.040669,-0.006439)|  14, 0, 3;0,  0;0,  0> +
        ( 0.022521, 0.029805)|  18, 2, 2;0,  0;0,  0> +
        ( 0.025684,-0.026587)|  22, 3, 1;0,  0;0,  0> +
        (-0.034131, 0.009370)|  21, 3, 1;0,  0;0,  0> +
        ( 0.008230, 0.033806)|  24, 0, 0;0,  0;0,  0> +
        (-0.023269,-0.004143)|  20, 1, 3;0,  0;0,  0> +
        ( 0.019276,-0.002050)|  19, 1, 3;0,  0;0,  0> +
        (-0.013944, 0.008166)|  17, 1, 1;0,  0;0,  0> +
        ( 0.003536,-0.013259)|  19, 2, 0;0,  0;0,  0> +
        (-0.008651,-0.009673)|  18, 1, 0;0,  0;0,  0> +
        ( 0.009618, 0.006100)|  22, 1, 3;0,  0;0,  0> +
        (-0.004306, 0.008193)|  25, 0, 0;0,  0;0,  0> +
        (-0.000567, 0.009121)|  19, 0, 2;0,  0;0,  0> +
        ( 0.007249, 0.002126)|  19, 2, 2;0,  0;0,  0> +
        (-0.006663,-0.000001)|  21, 1, 3;0,  0;0,  0> +
        (-0.003532,-0.004311)|  18, 0, 2;0,  0;0,  0> +
        ( 0.005218,-0.001400)|  28, 3, 3;0,  0;0,  0> +
        ( 0.000834,-0.004955)|  13, 2, 1;0,  0;0,  0> +
        ( 0.004399, 0.000710)|  15, 1, 2;0,  0;0,  0> +
        ( 0.003987,-0.001234)|  29, 3, 3;0,  0;0,  0> +
        ( 0.000505,-0.003648)|  27, 3, 3;0,  0;0,  0> +
        (-0.001258,-0.001837)|  20, 2, 3;0,  0;0,  0> +
        (-0.000756, 0.001526)|  23, 0, 0;0,  0;0,  0> +
        ( 0.001353,-0.000867)|  15, 0, 3;0,  0;0,  0> +
        ( 0.000596,-0.001467)|  20, 3, 2;0,  0;0,  0> +
        ( 0.000435, 0.001358)|  26, 3, 3;0,  0;0,  0> +
        (-0.000119,-0.001191)|  23, 1, 3;0,  0;0,  0> +
        (-0.000645,-0.000995)|  19, 1, 0;0,  0;0,  0> +
        ( 0.000556,-0.001009)|  19, 3, 1;0,  0;0,  0> +
        (-0.000732,-0.000854)|  17, 0, 1;0,  0;0,  0> +
        ( 0.000190, 0.000919)|  17, 2, 2;0,  0;0,  0> +
        (-0.000515, 0.000229)|  23, 3, 1;0,  0;0,  0> +
        ( 0.000001, 0.000472)|  18, 3, 2;0,  0;0,  0> +
        (-0.000355,-0.000019)|  19, 0, 1;0,  0;0,  0> +
         ...
 |17> = ( 0.625704,-0.128674)|  11, 1, 2;0,  0;0,  0> +
        (-0.228161,-0.265947)|  17, 3, 1;0,  0;0,  0> +
        (-0.307762, 0.166360)|  11, 0, 3;0,  0;0,  0> +
        ( 0.142591,-0.216304)|  12, 0, 3;0,  0;0,  0> +
        (-0.230598,-0.093887)|  12, 3, 0;0,  0;0,  0> +
        (-0.191838,-0.137520)|  12, 1, 2;0,  0;0,  0> +
        ( 0.114747, 0.197323)|  11, 3, 0;0,  0;0,  0> +
        (-0.006606,-0.192320)|  16, 3, 2;0,  0;0,  0> +
        (-0.078525, 0.103540)|  17, 1, 3;0,  0;0,  0> +
        (-0.056494,-0.108235)|  11, 2, 1;0,  0;0,  0> +
        ( 0.064853, 0.098841)|  22, 0, 0;0,  0;0,  0> +
        ( 0.076750, 0.055368)|  16, 0, 2;0,  0;0,  0> +
        (-0.051271, 0.021971)|  17, 2, 3;0,  0;0,  0> +
        ( 0.034447, 0.031954)|  15, 1, 1;0,  0;0,  0> +
        ( 0.011003,-0.044560)|  16, 2, 0;0,  0;0,  0> +
        (-0.006396,-0.042019)|  15, 2, 2;0,  0;0,  0> +
        ( 0.006090, 0.040202)|  24, 3, 3;0,  0;0,  0> +
        ( 0.017505,-0.034139)|  17, 0, 2;0,  0;0,  0> +
        ( 0.034048,-0.010022)|  18, 3, 1;0,  0;0,  0> +
        ( 0.031014, 0.008983)|  13, 1, 1;0,  0;0,  0> +
        ( 0.015914, 0.019748)|  23, 3, 3;0,  0;0,  0> +
        ( 0.014871, 0.019515)|  16, 1, 3;0,  0;0,  0> +
        ( 0.018987, 0.010069)|  14, 2, 2;0,  0;0,  0> +
        ( 0.013400,-0.015263)|  21, 0, 0;0,  0;0,  0> +
        (-0.014659, 0.010935)|  16, 1, 0;0,  0;0,  0> +
        ( 0.002417,-0.014699)|  15, 1, 0;0,  0;0,  0> +
        ( 0.012184, 0.003488)|  18, 1, 3;0,  0;0,  0> +
        ( 0.000243,-0.011551)|  15, 3, 2;0,  0;0,  0> +
        (-0.011309,-0.001850)|  15, 1, 3;0,  0;0,  0> +
        (-0.010523, 0.000649)|  15, 0, 1;0,  0;0,  0> +
        ( 0.000066, 0.006567)|  16, 3, 1;0,  0;0,  0> +
        ( 0.006384, 0.001482)|  14, 1, 1;0,  0;0,  0> +
        (-0.000786, 0.005564)|  22, 3, 3;0,  0;0,  0> +
        ( 0.003619,-0.003008)|  12, 2, 1;0,  0;0,  0> +
        (-0.002085,-0.004194)|  15, 0, 2;0,  0;0,  0> +
        (-0.003232, 0.001384)|  17, 3, 2;0,  0;0,  0> +
        ( 0.001790, 0.002486)|  21, 3, 3;0,  0;0,  0> +
        ( 0.001511, 0.002559)|  15, 3, 1;0,  0;0,  0> +
        ( 0.001462, 0.001218)|  16, 0, 1;0,  0;0,  0> +
        ( 0.000612, 0.001300)|  16, 2, 2;0,  0;0,  0> +
        (-0.001055,-0.000869)|  16, 2, 3;0,  0;0,  0> +
        (-0.000163, 0.000485)|  25, 3, 3;0,  0;0,  0> +
        ( 0.000117,-0.000460)|  16, 1, 1;0,  0;0,  0> +
        ( 0.000277, 0.000268)|  15, 2, 3;0,  0;0,  0> +
        ( 0.000010,-0.000361)|  17, 1, 0;0,  0;0,  0> +
         ...
 |18> = (-0.730776,-0.094847)|  27, 2, 2;0,  0;0,  0> +
        ( 0.440386, 0.132780)|  23, 0, 1;0,  0;0,  0> +
        (-0.204803,-0.175953)|  25, 3, 2;0,  0;0,  0> +
        (-0.162589,-0.125154)|  26, 3, 2;0,  0;0,  0> +
        ( 0.195671, 0.024105)|  30, 3, 1;0,  0;0,  0> +
        ( 0.011972, 0.195657)|  24, 2, 0;0,  0;0,  0> +
        ( 0.022893,-0.138802)|  28, 2, 2;0,  0;0,  0> +
        ( 0.021535, 0.085081)|  20, 1, 2;0,  0;0,  0> +
        (-0.012837, 0.067789)|  24, 1, 0;0,  0;0,  0> +
        ( 0.000680,-0.061912)|  24, 0, 1;0,  0;0,  0> +
        (-0.011761,-0.049059)|  23, 1, 1;0,  0;0,  0> +
        (-0.027418, 0.030940)|  31, 1, 3;0,  0;0,  0> +
        ( 0.038357,-0.005619)|  21, 2, 1;0,  0;0,  0> +
        ( 0.026821,-0.017159)|  20, 0, 3;0,  0;0,  0> +
        ( 0.001963, 0.031034)|  32, 1, 3;0,  0;0,  0> +
        (-0.013547, 0.027483)|  26, 2, 3;0,  0;0,  0> +
        ( 0.013373, 0.026824)|  27, 2, 3;0,  0;0,  0> +
        (-0.013810,-0.022221)|  22, 2, 1;0,  0;0,  0> +
        ( 0.020391, 0.015180)|  30, 1, 3;0,  0;0,  0> +
        ( 0.020104,-0.010274)|  22, 3, 0;0,  0;0,  0> +
        (-0.004163, 0.021752)|  22, 0, 3;0,  0;0,  0> +
        (-0.003105, 0.021768)|  25, 2, 0;0,  0;0,  0> +
        ( 0.011939,-0.017433)|  25, 2, 3;0,  0;0,  0> +
        ( 0.009863,-0.017594)|  33, 3, 1;0,  0;0,  0> +
        ( 0.019473,-0.000462)|  19, 2, 1;0,  0;0,  0> +
        ( 0.018601, 0.005282)|  31, 0, 0;0,  0;0,  0> +
        (-0.016975, 0.009008)|  21, 3, 0;0,  0;0,  0> +
        ( 0.008390, 0.017069)|  21, 1, 2;0,  0;0,  0> +
        (-0.002361,-0.018842)|  24, 1, 1;0,  0;0,  0> +
        (-0.014359,-0.011438)|  31, 3, 1;0,  0;0,  0> +
        ( 0.015596,-0.007993)|  21, 0, 3;0,  0;0,  0> +
        ( 0.017129, 0.000665)|  32, 3, 1;0,  0;0,  0> +
        ( 0.016740,-0.001549)|  25, 0, 2;0,  0;0,  0> +
        (-0.012380, 0.000682)|  30, 0, 0;0,  0;0,  0> +
        (-0.005141,-0.011006)|  33, 1, 3;0,  0;0,  0> +
        ( 0.001269,-0.008456)|  29, 2, 2;0,  0;0,  0> +
        ( 0.007884,-0.000908)|  20, 3, 0;0,  0;0,  0> +
        (-0.007064,-0.002825)|  24, 0, 2;0,  0;0,  0> +
        (-0.006627,-0.003129)|  19, 1, 2;0,  0;0,  0> +
        ( 0.005120, 0.003370)|  27, 3, 2;0,  0;0,  0> +
        ( 0.004730,-0.003680)|  20, 2, 1;0,  0;0,  0> +
        (-0.003725,-0.002485)|  23, 0, 2;0,  0;0,  0> +
        ( 0.003823, 0.001476)|  19, 0, 3;0,  0;0,  0> +
        (-0.001358,-0.003253)|  26, 2, 2;0,  0;0,  0> +
        (-0.002873,-0.000343)|  22, 1, 2;0,  0;0,  0> +
        ( 0.001955,-0.001621)|  23, 1, 0;0,  0;0,  0> +
        (-0.000338, 0.002481)|  30, 2, 2;0,  0;0,  0> +
        (-0.001665,-0.001409)|  28, 2, 3;0,  0;0,  0> +
        ( 0.000442,-0.002074)|  22, 1, 1;0,  0;0,  0> +
        ( 0.000389,-0.001010)|  29, 1, 3;0,  0;0,  0> +
        (-0.000106,-0.000893)|  25, 1, 0;0,  0;0,  0> +
        (-0.000630, 0.000589)|  19, 3, 0;0,  0;0,  0> +
        ( 0.000456, 0.000400)|  28, 3, 1;0,  0;0,  0> +
        ( 0.000259,-0.000410)|  29, 3, 1;0,  0;0,  0> +
        (-0.000283,-0.000386)|  28, 1, 3;0,  0;0,  0> +
        ( 0.000386,-0.000170)|  25, 2, 2;0,  0;0,  0> +
        ( 0.000210, 0.000296)|  32, 2, 2;0,  0;0,  0> +
         ...
 |19> = ( 0.825460, 0.075837)|  15, 2, 0;0,  0;0,  0> +
        ( 0.197055, 0.299864)|  14, 3, 2;0,  0;0,  0> +
        ( 0.052250, 0.302527)|  15, 0, 2;0,  0;0,  0> +
        ( 0.208454,-0.029694)|  14, 1, 1;0,  0;0,  0> +
        ( 0.158685,-0.121596)|  20, 0, 0;0,  0;0,  0> +
        (-0.036223,-0.004261)|  15, 0, 1;0,  0;0,  0> +
        (-0.018587, 0.024626)|  15, 1, 0;0,  0;0,  0> +
        (-0.011725,-0.023705)|  16, 2, 0;0,  0;0,  0> +
        ( 0.002812, 0.024614)|  16, 3, 1;0,  0;0,  0> +
        ( 0.020096, 0.001840)|  10, 2, 1;0,  0;0,  0> +
        ( 0.012611, 0.010253)|  22, 3, 3;0,  0;0,  0> +
        ( 0.013281, 0.005592)|  13, 1, 1;0,  0;0,  0> +
        ( 0.005247, 0.013204)|  13, 1, 3;0,  0;0,  0> +
        (-0.007540,-0.011605)|  21, 3, 3;0,  0;0,  0> +
        ( 0.011764, 0.000956)|  15, 2, 3;0,  0;0,  0> +
        ( 0.006440, 0.007657)|  11, 3, 0;0,  0;0,  0> +
        (-0.009750, 0.002021)|  16, 0, 2;0,  0;0,  0> +
        ( 0.000766, 0.009379)|  15, 3, 2;0,  0;0,  0> +
        (-0.008396,-0.002064)|  14, 2, 2;0,  0;0,  0> +
        (-0.006974, 0.003802)|  15, 3, 1;0,  0;0,  0> +
        ( 0.000304,-0.006692)|  11, 0, 3;0,  0;0,  0> +
        (-0.003638,-0.004483)|  15, 1, 3;0,  0;0,  0> +
        (-0.002973, 0.000364)|  11, 1, 2;0,  0;0,  0> +
        ( 0.000682,-0.002837)|  20, 3, 3;0,  0;0,  0> +
        ( 0.002470,-0.001155)|  14, 0, 1;0,  0;0,  0> +
        ( 0.000081, 0.002036)|  14, 1, 3;0,  0;0,  0> +
        (-0.000105, 0.001927)|  14, 3, 1;0,  0;0,  0> +
        (-0.000806,-0.001415)|  12, 0, 3;0,  0;0,  0> +
        ( 0.001183, 0.000143)|  16, 1, 0;0,  0;0,  0> +
        ( 0.000405,-0.001106)|  13, 2, 0;0,  0;0,  0> +
        ( 0.000832,-0.000766)|  10, 0, 3;0,  0;0,  0> +
        ( 0.000924, 0.000643)|  11, 2, 1;0,  0;0,  0> +
        (-0.000640,-0.000024)|  12, 1, 2;0,  0;0,  0> +
        (-0.000510, 0.000275)|  13, 3, 1;0,  0;0,  0> +
        (-0.000316, 0.000421)|  14, 0, 2;0,  0;0,  0> +
        ( 0.000265,-0.000425)|  14, 1, 0;0,  0;0,  0> +
        ( 0.000107, 0.000404)|  10, 3, 0;0,  0;0,  0> +
        ( 0.000149,-0.000358)|  16, 1, 3;0,  0;0,  0> +
         ...
 |20> = ( 0.444794, 0.299501)|  32, 3, 3;0,  0;0,  0> +
        ( 0.449977, 0.182323)|  17, 0, 3;0,  0;0,  0> +
        (-0.163815,-0.369951)|  20, 0, 1;0,  0;0,  0> +
        (-0.216022, 0.240291)|  21, 2, 0;0,  0;0,  0> +
        (-0.211161, 0.053936)|  17, 2, 1;0,  0;0,  0> +
        (-0.144455, 0.137654)|  22, 3, 2;0,  0;0,  0> +
        (-0.164195,-0.053835)|  22, 2, 2;0,  0;0,  0> +
        (-0.160342, 0.037333)|  24, 1, 3;0,  0;0,  0> +
        ( 0.004193, 0.153661)|  25, 3, 1;0,  0;0,  0> +
        ( 0.088599, 0.049286)|  27, 0, 0;0,  0;0,  0> +
        ( 0.090265, 0.038811)|  25, 1, 3;0,  0;0,  0> +
        (-0.015088, 0.076493)|  22, 2, 0;0,  0;0,  0> +
        ( 0.043300,-0.054015)|  21, 0, 2;0,  0;0,  0> +
        (-0.005946,-0.064830)|  19, 1, 1;0,  0;0,  0> +
        ( 0.033053,-0.023243)|  26, 1, 3;0,  0;0,  0> +
        ( 0.008728,-0.031502)|  17, 1, 2;0,  0;0,  0> +
        (-0.019417, 0.016773)|  17, 3, 0;0,  0;0,  0> +
        ( 0.004175, 0.021195)|  21, 3, 2;0,  0;0,  0> +
        ( 0.020350, 0.002239)|  21, 1, 0;0,  0;0,  0> +
        (-0.017596, 0.009890)|  18, 2, 1;0,  0;0,  0> +
        (-0.016746,-0.008139)|  22, 2, 3;0,  0;0,  0> +
        ( 0.009167,-0.005799)|  16, 0, 3;0,  0;0,  0> +
        (-0.002563, 0.009481)|  20, 1, 1;0,  0;0,  0> +
        (-0.001522, 0.009486)|  16, 2, 1;0,  0;0,  0> +
        (-0.008672, 0.004117)|  21, 2, 2;0,  0;0,  0> +
        (-0.007292, 0.001524)|  22, 0, 2;0,  0;0,  0> +
        (-0.002761,-0.006477)|  21, 2, 3;0,  0;0,  0> +
        ( 0.006109, 0.001563)|  33, 3, 3;0,  0;0,  0> +
        ( 0.003450,-0.004712)|  26, 3, 1;0,  0;0,  0> +
        (-0.005358, 0.000063)|  28, 0, 0;0,  0;0,  0> +
        ( 0.003507,-0.002606)|  24, 3, 1;0,  0;0,  0> +
        (-0.002916, 0.003238)|  24, 2, 2;0,  0;0,  0> +
        ( 0.002714, 0.002409)|  20, 2, 2;0,  0;0,  0> +
        ( 0.000806,-0.003417)|  23, 2, 2;0,  0;0,  0> +
        (-0.003207, 0.000700)|  23, 2, 3;0,  0;0,  0> +
        (-0.001589, 0.000182)|  16, 1, 2;0,  0;0,  0> +
        ( 0.000409,-0.001034)|  21, 0, 1;0,  0;0,  0> +
        ( 0.000143,-0.000974)|  20, 1, 0;0,  0;0,  0> +
        ( 0.000592,-0.000699)|  15, 3, 0;0,  0;0,  0> +
        ( 0.000663,-0.000445)|  18, 1, 1;0,  0;0,  0> +
        (-0.000140,-0.000668)|  15, 2, 1;0,  0;0,  0> +
        ( 0.000235, 0.000440)|  18, 0, 3;0,  0;0,  0> +
        (-0.000460,-0.000114)|  27, 3, 1;0,  0;0,  0> +
        (-0.000326, 0.000019)|  23, 3, 2;0,  0;0,  0> +
         ...
 |21> = (-0.820367,-0.037340)|  31, 1, 0;0,  0;0,  0> +
        (-0.122482,-0.403809)|  32, 0, 3;0,  0;0,  0> +
        ( 0.052448, 0.281368)|  31, 1, 2;0,  0;0,  0> +
        (-0.187758,-0.015723)|  31, 2, 1;0,  0;0,  0> +
        ( 0.051365, 0.126423)|  30, 3, 0;0,  0;0,  0> +
        ( 0.050565, 0.028259)|  30, 1, 2;0,  0;0,  0> +
        ( 0.019496, 0.052542)|  32, 2, 0;0,  0;0,  0> +
        (-0.017674,-0.025949)|  33, 0, 3;0,  0;0,  0> +
        (-0.007093,-0.029492)|  31, 3, 0;0,  0;0,  0> +
        ( 0.019347, 0.022441)|  33, 2, 1;0,  0;0,  0> +
        (-0.027202, 0.001207)|  32, 2, 1;0,  0;0,  0> +
        (-0.020671,-0.009218)|  33, 2, 0;0,  0;0,  0> +
        (-0.018371,-0.012658)|  31, 0, 3;0,  0;0,  0> +
        (-0.013396, 0.000829)|  32, 0, 2;0,  0;0,  0> +
        (-0.002374,-0.011425)|  32, 3, 0;0,  0;0,  0> +
        ( 0.007430, 0.004538)|  32, 1, 2;0,  0;0,  0> +
        (-0.005678, 0.001717)|  31, 0, 1;0,  0;0,  0> +
        ( 0.004166,-0.002303)|  33, 1, 2;0,  0;0,  0> +
        ( 0.001360,-0.003229)|  29, 2, 1;0,  0;0,  0> +
        ( 0.002207,-0.000591)|  32, 1, 0;0,  0;0,  0> +
        ( 0.000674,-0.001307)|  32, 0, 1;0,  0;0,  0> +
        (-0.000705, 0.000888)|  29, 0, 3;0,  0;0,  0> +
        (-0.000478, 0.000926)|  30, 0, 3;0,  0;0,  0> +
        ( 0.000729, 0.000051)|  33, 3, 0;0,  0;0,  0> +
        ( 0.000127, 0.000602)|  29, 3, 0;0,  0;0,  0> +
        ( 0.000120, 0.000556)|  31, 0, 2;0,  0;0,  0> +
        ( 0.000132,-0.000385)|  29, 1, 2;0,  0;0,  0> +
        ( 0.000349,-0.000050)|  31, 2, 0;0,  0;0,  0> +
         ...
 |22> = ( 0.718438,-0.524670)|  12, 0, 1;0,  0;0,  0> +
        (-0.396495,-0.141311)|  11, 3, 2;0,  0;0,  0> +
        ( 0.002049, 0.095845)|   8, 0, 3;0,  0;0,  0> +
        ( 0.067893, 0.052220)|  11, 1, 1;0,  0;0,  0> +
        (-0.076267,-0.032732)|  16, 3, 3;0,  0;0,  0> +
        (-0.043095,-0.038526)|  11, 3, 1;0,  0;0,  0> +
        ( 0.007551, 0.042308)|  11, 1, 3;0,  0;0,  0> +
        ( 0.004893,-0.027540)|  12, 2, 2;0,  0;0,  0> +
        ( 0.022148, 0.000006)|  18, 0, 0;0,  0;0,  0> +
        (-0.003589, 0.019414)|  12, 1, 1;0,  0;0,  0> +
        ( 0.014316,-0.012335)|   8, 1, 2;0,  0;0,  0> +
        (-0.015728,-0.003751)|  12, 1, 0;0,  0;0,  0> +
        (-0.008272,-0.013494)|  11, 2, 3;0,  0;0,  0> +
        (-0.008701, 0.007759)|  17, 0, 0;0,  0;0,  0> +
        ( 0.004520, 0.006555)|   8, 2, 1;0,  0;0,  0> +
        ( 0.005399, 0.001486)|  12, 2, 0;0,  0;0,  0> +
        ( 0.003399, 0.000667)|  13, 0, 2;0,  0;0,  0> +
        ( 0.002784,-0.001633)|   9, 0, 3;0,  0;0,  0> +
        ( 0.001780,-0.000277)|  12, 3, 2;0,  0;0,  0> +
        ( 0.000913,-0.000133)|  12, 2, 3;0,  0;0,  0> +
        (-0.000493,-0.000345)|  10, 1, 3;0,  0;0,  0> +
        ( 0.000199, 0.000447)|  10, 3, 1;0,  0;0,  0> +
         ...
 |23> = (-0.247686,-0.742635)|  21, 0, 2;0,  0;0,  0> +
        (-0.325267,-0.085335)|  33, 3, 3;0,  0;0,  0> +
        (-0.010307,-0.233493)|  21, 2, 0;0,  0;0,  0> +
        (-0.147693, 0.166955)|  21, 2, 2;0,  0;0,  0> +
        (-0.174073, 0.112797)|  22, 2, 0;0,  0;0,  0> +
        ( 0.167243,-0.051565)|  17, 1, 2;0,  0;0,  0> +
        ( 0.155099, 0.015118)|  21, 1, 0;0,  0;0,  0> +
        (-0.040108, 0.126728)|  20, 1, 1;0,  0;0,  0> +
        (-0.060093, 0.094598)|  25, 1, 3;0,  0;0,  0> +
        ( 0.096442,-0.001250)|  23, 2, 3;0,  0;0,  0> +
        ( 0.072964,-0.042314)|  25, 3, 1;0,  0;0,  0> +
        ( 0.071323, 0.015658)|  27, 0, 0;0,  0;0,  0> +
        ( 0.060810, 0.023845)|  17, 3, 0;0,  0;0,  0> +
        ( 0.007184,-0.056155)|  22, 0, 2;0,  0;0,  0> +
        ( 0.054163,-0.008067)|  21, 0, 1;0,  0;0,  0> +
        ( 0.034739,-0.036281)|  17, 0, 3;0,  0;0,  0> +
        ( 0.033415,-0.000215)|  22, 3, 2;0,  0;0,  0> +
        ( 0.031321, 0.001219)|  23, 3, 2;0,  0;0,  0> +
        (-0.027388,-0.002139)|  19, 1, 1;0,  0;0,  0> +
        (-0.019195,-0.016753)|  26, 1, 3;0,  0;0,  0> +
        ( 0.016666,-0.019012)|  18, 2, 1;0,  0;0,  0> +
        (-0.024757, 0.001987)|  28, 0, 0;0,  0;0,  0> +
        (-0.021419,-0.001819)|  27, 3, 1;0,  0;0,  0> +
        (-0.016221,-0.010591)|  24, 1, 3;0,  0;0,  0> +
        ( 0.015449,-0.006794)|  26, 3, 1;0,  0;0,  0> +
        (-0.002783, 0.015538)|  18, 0, 3;0,  0;0,  0> +
        (-0.011969,-0.009142)|  17, 2, 1;0,  0;0,  0> +
        ( 0.010539,-0.003926)|  20, 0, 1;0,  0;0,  0> +
        (-0.000015,-0.009319)|  22, 2, 2;0,  0;0,  0> +
        (-0.006061, 0.005630)|  24, 2, 2;0,  0;0,  0> +
        ( 0.006802,-0.002966)|  24, 2, 3;0,  0;0,  0> +
        ( 0.006468,-0.003050)|  18, 1, 2;0,  0;0,  0> +
        (-0.005865, 0.000520)|  23, 2, 2;0,  0;0,  0> +
        (-0.003800,-0.003839)|  28, 1, 3;0,  0;0,  0> +
        (-0.001530,-0.002762)|  28, 3, 1;0,  0;0,  0> +
        ( 0.002425,-0.000160)|  23, 2, 0;0,  0;0,  0> +
        (-0.001494, 0.001463)|  21, 3, 2;0,  0;0,  0> +
        (-0.001835, 0.000997)|  29, 3, 1;0,  0;0,  0> +
        (-0.000790,-0.001574)|  25, 2, 2;0,  0;0,  0> +
        (-0.000543,-0.001380)|  32, 3, 3;0,  0;0,  0> +
        (-0.001437, 0.000356)|  27, 1, 3;0,  0;0,  0> +
        (-0.000194,-0.001156)|  24, 3, 2;0,  0;0,  0> +
        ( 0.001085, 0.000215)|  16, 0, 3;0,  0;0,  0> +
        (-0.000573, 0.000883)|  16, 2, 1;0,  0;0,  0> +
        ( 0.000781, 0.000299)|  22, 1, 0;0,  0;0,  0> +
        ( 0.000325,-0.000760)|  21, 2, 3;0,  0;0,  0> +
        (-0.000621, 0.000436)|  18, 3, 0;0,  0;0,  0> +
        (-0.000513,-0.000363)|  22, 2, 3;0,  0;0,  0> +
        ( 0.000547,-0.000070)|  29, 1, 3;0,  0;0,  0> +
        ( 0.000455,-0.000265)|  26, 2, 2;0,  0;0,  0> +
        ( 0.000466, 0.000101)|  24, 3, 1;0,  0;0,  0> +
        (-0.000009, 0.000470)|  20, 2, 2;0,  0;0,  0> +
        (-0.000116,-0.000300)|  21, 1, 1;0,  0;0,  0> +
         ...
 |24> = ( 0.081681, 0.682027)|  30, 2, 1;0,  0;0,  0> +
        ( 0.248329,-0.359309)|  28, 1, 2;0,  0;0,  0> +
        ( 0.323259, 0.167551)|  29, 1, 2;0,  0;0,  0> +
        (-0.071152, 0.283119)|  33, 1, 1;0,  0;0,  0> +
        ( 0.014892,-0.216369)|  30, 0, 2;0,  0;0,  0> +
        ( 0.112681, 0.143440)|  28, 3, 0;0,  0;0,  0> +
        ( 0.088921, 0.084364)|  32, 1, 1;0,  0;0,  0> +
        ( 0.075553,-0.043171)|  29, 0, 2;0,  0;0,  0> +
        (-0.071984, 0.001821)|  27, 1, 2;0,  0;0,  0> +
        (-0.062028,-0.009585)|  29, 0, 1;0,  0;0,  0> +
        ( 0.032095,-0.014833)|  29, 0, 3;0,  0;0,  0> +
        ( 0.020526, 0.028380)|  31, 0, 2;0,  0;0,  0> +
        ( 0.025971, 0.020565)|  30, 1, 0;0,  0;0,  0> +
        ( 0.021347,-0.024402)|  27, 3, 0;0,  0;0,  0> +
        (-0.004751,-0.024773)|  33, 0, 2;0,  0;0,  0> +
        (-0.009062, 0.021152)|  26, 3, 0;0,  0;0,  0> +
        (-0.013723, 0.016568)|  30, 0, 1;0,  0;0,  0> +
        (-0.006808,-0.014959)|  29, 3, 0;0,  0;0,  0> +
        ( 0.005053, 0.015546)|  32, 2, 0;0,  0;0,  0> +
        (-0.001732, 0.013741)|  31, 2, 0;0,  0;0,  0> +
        (-0.002038, 0.011894)|  29, 2, 1;0,  0;0,  0> +
        ( 0.009669, 0.002144)|  32, 2, 1;0,  0;0,  0> +
        (-0.003839,-0.007646)|  32, 0, 3;0,  0;0,  0> +
        ( 0.006552, 0.003717)|  31, 2, 1;0,  0;0,  0> +
        ( 0.002244,-0.007012)|  29, 2, 0;0,  0;0,  0> +
        (-0.002317,-0.006590)|  30, 0, 3;0,  0;0,  0> +
        ( 0.004541,-0.004731)|  32, 0, 2;0,  0;0,  0> +
        ( 0.005189, 0.000301)|  31, 1, 0;0,  0;0,  0> +
        (-0.003073, 0.004131)|  31, 1, 2;0,  0;0,  0> +
        (-0.000808, 0.002853)|  30, 3, 0;0,  0;0,  0> +
        (-0.002077, 0.001915)|  33, 2, 0;0,  0;0,  0> +
        (-0.001974,-0.000354)|  33, 0, 3;0,  0;0,  0> +
        ( 0.001848,-0.000275)|  33, 2, 1;0,  0;0,  0> +
        (-0.001101, 0.000424)|  29, 1, 0;0,  0;0,  0> +
        (-0.000588, 0.000631)|  31, 3, 0;0,  0;0,  0> +
        ( 0.000562,-0.000460)|  31, 1, 1;0,  0;0,  0> +
        ( 0.000426, 0.000515)|  31, 0, 3;0,  0;0,  0> +
        (-0.000147, 0.000538)|  30, 1, 2;0,  0;0,  0> +
        ( 0.000364,-0.000258)|  30, 2, 0;0,  0;0,  0> +
        (-0.000226, 0.000326)|  27, 2, 1;0,  0;0,  0> +
        ( 0.000072,-0.000370)|  28, 0, 3;0,  0;0,  0> +
         ...
