p1653
# Parameters of the model
#  mass:		     25.30 u
#  charge:	      1.00 e
#  dipole:	      3.00 D
#  B:		 191477.00 MHz
#  omega_rho:	      1.40 MHz
#  omega_z:	      0.19 MHz

# Basis truncation:	|34,4,4;2,2>
# omega_1:	      0.33 MHz
# omega_3/5:	      1.39 MHz
# Basis size:		44064

# Active terms of the Hamiltionian:
# 	Nomal modes:	1
# 	T_rot:      	1
# 	V_qd^{(0)}: 	1
# 	V_qd^{(1)}: 	1
# 	V_dd^{(0)}: 	1

# Results of the diagonalisation

# 100 smallest eigenvalues
 -300.820678711 -141.989654541 -140.630264282 -138.568878174 -123.633361816 -122.776443481 -120.103416443 -119.718963623 -118.462623596 -118.254409790 -111.273216248 -108.500175476 -107.841278076 -106.543075562 -103.240722656 -101.700988770 -100.766700745 -96.836921692 -96.217430115 -95.083572388 -89.596740723 -88.708274841 -88.583862305 -88.178070068 -86.694458008 -86.397666931 -83.928192139 -83.000488281 -83.000274658 -81.551780701 -80.384147644 -79.848983765 -79.606452942 -79.559333801 -79.200592041 -78.871299744 -78.790199280 -77.814422607 -77.098693848 -77.064964294 -75.894172668 -72.510238647 -70.806137085 -69.088027954 -68.845214844 -67.104408264 -65.557586670 -62.763309479 -62.016914368 -61.850128174 -61.512954712 -60.353595734 -59.267738342 -59.112041473 -59.070571899 -57.770748138 -57.230464935 -55.416240692 -54.142684937 -51.226261139 -48.928867340 -48.901504517 -48.327522278 -46.794513702 -46.610031128 -45.805877686 -45.592853546 -45.501487732 -45.056777954 -43.975364685 -43.892269135 -43.448856354 -43.307052612 -40.626617432 -40.508747101 -39.192134857 -37.619247437 -36.918197632 -36.518238068 -36.448776245 -35.783359528 -34.189708710 -33.160610199 -32.601036072 -32.414093018 -32.121414185 -31.539800644 -31.412717819 -30.780580521 -29.715431213 -29.676189423 -29.594530106 -28.372081757 -27.504484177 -27.322822571 -26.595407486 -26.131345749 -25.930957794 -23.489843369 -22.495006561

# Ground state and the lowest excitations:
 | 0> = (-0.242396,-0.829003)|  27, 0, 1;0,  0;0,  0> +
        ( 0.104641, 0.385828)|  33, 0, 3;0,  0;0,  0> +
        (-0.052570,-0.192579)|  32, 0, 3;0,  0;0,  0> +
        ( 0.127017,-0.083968)|  28, 1, 0;0,  0;0,  0> +
        (-0.057354, 0.083644)|  32, 1, 0;0,  0;0,  0> +
        (-0.097991,-0.018265)|  30, 1, 0;0,  0;0,  0> +
        (-0.082148,-0.022691)|  29, 1, 0;0,  0;0,  0> +
        ( 0.037702, 0.002670)|  32, 0, 1;0,  0;0,  0> +
        ( 0.022331, 0.008931)|  29, 0, 1;0,  0;0,  0> +
        (-0.023394,-0.001184)|  31, 0, 1;0,  0;0,  0> +
        (-0.023316, 0.000957)|  30, 0, 1;0,  0;0,  0> +
        (-0.018169,-0.000671)|  33, 1, 0;0,  0;0,  0> +
        ( 0.001947,-0.011922)|  31, 0, 3;0,  0;0,  0> +
        ( 0.003281,-0.004229)|  28, 0, 1;0,  0;0,  0> +
        (-0.003559, 0.003283)|  27, 1, 0;0,  0;0,  0> +
        (-0.001766, 0.004239)|  26, 0, 1;0,  0;0,  0> +
        (-0.002966,-0.003159)|  31, 1, 0;0,  0;0,  0> +
        (-0.001891, 0.000631)|  33, 0, 1;0,  0;0,  0> +
        (-0.001451,-0.000577)|  30, 0, 3;0,  0;0,  0> +
        (-0.000386, 0.000285)|  23, 0, 3;0,  0;0,  0> +
        (-0.000335,-0.000026)|  28, 0, 3;0,  0;0,  0> +
        (-0.000263, 0.000202)|  29, 0, 3;0,  0;0,  0> +
         ...
 | 1> = ( 0.079106,-0.491520)|  24, 0, 2;0,  0;0,  0> +
        ( 0.330254, 0.185970)|  19, 0, 2;0,  0;0,  0> +
        ( 0.029637,-0.301384)|  33, 1, 1;0,  0;0,  0> +
        ( 0.108975,-0.243887)|  29, 0, 2;0,  0;0,  0> +
        ( 0.144210, 0.205115)|  27, 2, 0;0,  0;0,  0> +
        (-0.223266, 0.003367)|  21, 2, 3;0,  0;0,  0> +
        (-0.207175, 0.032626)|  27, 0, 2;0,  0;0,  0> +
        ( 0.169252,-0.076176)|  24, 2, 0;0,  0;0,  0> +
        ( 0.136265, 0.110752)|  20, 2, 0;0,  0;0,  0> +
        ( 0.163396, 0.060659)|  26, 3, 2;0,  0;0,  0> +
        (-0.168108, 0.028412)|  29, 2, 0;0,  0;0,  0> +
        ( 0.161075, 0.002941)|  16, 0, 3;0,  0;0,  0> +
        ( 0.098139,-0.100250)|  20, 0, 1;0,  0;0,  0> +
        (-0.128130,-0.013555)|  22, 2, 3;0,  0;0,  0> +
        ( 0.090090, 0.091308)|  28, 3, 2;0,  0;0,  0> +
        ( 0.064692, 0.102098)|  31, 1, 1;0,  0;0,  0> +
        ( 0.104569,-0.048365)|  20, 1, 2;0,  0;0,  0> +
        (-0.002283,-0.110646)|  30, 1, 1;0,  0;0,  0> +
        ( 0.003634, 0.103689)|  19, 1, 0;0,  0;0,  0> +
        ( 0.016377, 0.097545)|  23, 0, 0;0,  0;0,  0> +
        (-0.072522,-0.028852)|  19, 1, 2;0,  0;0,  0> +
        ( 0.073527,-0.011807)|  25, 0, 2;0,  0;0,  0> +
        (-0.040244,-0.034658)|  18, 2, 1;0,  0;0,  0> +
        (-0.001177,-0.052510)|  19, 0, 1;0,  0;0,  0> +
        ( 0.012515, 0.039812)|  17, 2, 1;0,  0;0,  0> +
        (-0.007488,-0.037457)|  25, 2, 0;0,  0;0,  0> +
        (-0.033713,-0.009613)|  20, 1, 0;0,  0;0,  0> +
        (-0.002575,-0.028805)|  19, 2, 1;0,  0;0,  0> +
        ( 0.007124,-0.021154)|  32, 1, 1;0,  0;0,  0> +
        (-0.017141, 0.003356)|  19, 3, 0;0,  0;0,  0> +
        ( 0.012029,-0.010501)|  21, 2, 0;0,  0;0,  0> +
        (-0.011142, 0.009025)|  23, 0, 2;0,  0;0,  0> +
        ( 0.006821, 0.010922)|  23, 2, 0;0,  0;0,  0> +
        ( 0.008760,-0.007546)|  21, 0, 2;0,  0;0,  0> +
        ( 0.009779, 0.005579)|  25, 3, 2;0,  0;0,  0> +
        ( 0.010569, 0.001668)|  19, 2, 0;0,  0;0,  0> +
        (-0.008951, 0.003893)|  15, 0, 3;0,  0;0,  0> +
        (-0.003662, 0.006737)|  20, 3, 0;0,  0;0,  0> +
        (-0.006773,-0.002270)|  26, 0, 2;0,  0;0,  0> +
        ( 0.006322, 0.001022)|  22, 0, 2;0,  0;0,  0> +
        ( 0.005125, 0.003724)|  27, 3, 2;0,  0;0,  0> +
        (-0.003129,-0.003093)|  20, 2, 3;0,  0;0,  0> +
        ( 0.003242,-0.001929)|  24, 3, 2;0,  0;0,  0> +
        (-0.001396, 0.001451)|  29, 1, 1;0,  0;0,  0> +
        (-0.000972,-0.001350)|  26, 2, 0;0,  0;0,  0> +
        (-0.000011, 0.001214)|  22, 2, 0;0,  0;0,  0> +
        (-0.000794,-0.000848)|  28, 1, 1;0,  0;0,  0> +
        ( 0.001056, 0.000401)|  19, 2, 3;0,  0;0,  0> +
        ( 0.000965, 0.000543)|  28, 0, 2;0,  0;0,  0> +
        (-0.000332, 0.000776)|  28, 2, 0;0,  0;0,  0> +
        ( 0.000221,-0.000779)|  20, 0, 2;0,  0;0,  0> +
        (-0.000686, 0.000278)|  23, 3, 2;0,  0;0,  0> +
        (-0.000336, 0.000656)|  22, 0, 0;0,  0;0,  0> +
        (-0.000600, 0.000210)|  19, 1, 1;0,  0;0,  0> +
        (-0.000484,-0.000226)|  24, 0, 0;0,  0;0,  0> +
        (-0.000195, 0.000431)|  24, 1, 1;0,  0;0,  0> +
        ( 0.000442,-0.000029)|  31, 2, 0;0,  0;0,  0> +
        (-0.000003,-0.000440)|  26, 1, 1;0,  0;0,  0> +
        (-0.000409,-0.000012)|  30, 0, 2;0,  0;0,  0> +
        (-0.000305,-0.000103)|  27, 1, 1;0,  0;0,  0> +
         ...
 | 2> = ( 0.435408, 0.050233)|  23, 1, 1;0,  0;0,  0> +
        ( 0.095043,-0.348367)|  31, 2, 2;0,  0;0,  0> +
        (-0.350711,-0.061769)|  32, 1, 3;0,  0;0,  0> +
        (-0.247526, 0.216235)|  21, 0, 0;0,  0;0,  0> +
        ( 0.034251,-0.296869)|  28, 2, 2;0,  0;0,  0> +
        (-0.074966,-0.213940)|  18, 2, 3;0,  0;0,  0> +
        ( 0.215859, 0.048934)|  18, 1, 1;0,  0;0,  0> +
        ( 0.051921,-0.206559)|  16, 2, 1;0,  0;0,  0> +
        ( 0.064544,-0.154963)|  17, 1, 2;0,  0;0,  0> +
        ( 0.024383,-0.161209)|  25, 1, 1;0,  0;0,  0> +
        ( 0.073688,-0.115833)|  17, 0, 1;0,  0;0,  0> +
        (-0.119152,-0.020996)|  18, 0, 1;0,  0;0,  0> +
        ( 0.107062, 0.053406)|  14, 0, 3;0,  0;0,  0> +
        ( 0.073039, 0.091364)|  18, 2, 0;0,  0;0,  0> +
        ( 0.026530, 0.113606)|  18, 3, 0;0,  0;0,  0> +
        (-0.077791,-0.068527)|  17, 3, 0;0,  0;0,  0> +
        (-0.097560,-0.023903)|  22, 1, 1;0,  0;0,  0> +
        (-0.066050,-0.073703)|  32, 3, 1;0,  0;0,  0> +
        ( 0.074146, 0.064387)|  17, 1, 0;0,  0;0,  0> +
        ( 0.061311, 0.057867)|  21, 1, 1;0,  0;0,  0> +
        (-0.010732, 0.073222)|  24, 1, 1;0,  0;0,  0> +
        ( 0.055996,-0.036577)|  22, 3, 2;0,  0;0,  0> +
        ( 0.061984, 0.006893)|  21, 3, 2;0,  0;0,  0> +
        (-0.051546,-0.029125)|  17, 2, 0;0,  0;0,  0> +
        (-0.005125,-0.040708)|  17, 1, 1;0,  0;0,  0> +
        ( 0.040049,-0.002092)|  20, 0, 2;0,  0;0,  0> +
        ( 0.004255, 0.038994)|  33, 2, 2;0,  0;0,  0> +
        (-0.036646,-0.008654)|  30, 2, 2;0,  0;0,  0> +
        (-0.009243, 0.036422)|  19, 1, 1;0,  0;0,  0> +
        (-0.037221, 0.002727)|  17, 0, 2;0,  0;0,  0> +
        (-0.006573,-0.028687)|  18, 0, 2;0,  0;0,  0> +
        ( 0.026068, 0.006209)|  15, 2, 1;0,  0;0,  0> +
        ( 0.020293, 0.007810)|  24, 2, 2;0,  0;0,  0> +
        ( 0.000677,-0.019517)|  32, 2, 2;0,  0;0,  0> +
        (-0.008678,-0.016351)|  26, 1, 1;0,  0;0,  0> +
        ( 0.013219,-0.011133)|  20, 0, 0;0,  0;0,  0> +
        ( 0.003524, 0.013794)|  33, 3, 1;0,  0;0,  0> +
        (-0.010165,-0.001582)|  17, 2, 3;0,  0;0,  0> +
        ( 0.008850, 0.004989)|  20, 3, 2;0,  0;0,  0> +
        (-0.004621,-0.008967)|  18, 1, 2;0,  0;0,  0> +
        ( 0.003607, 0.008899)|  18, 1, 0;0,  0;0,  0> +
        ( 0.000559,-0.008899)|  26, 2, 2;0,  0;0,  0> +
        ( 0.006607,-0.003821)|  30, 1, 3;0,  0;0,  0> +
        (-0.004395, 0.004707)|  16, 1, 1;0,  0;0,  0> +
        ( 0.004545,-0.003138)|  33, 1, 3;0,  0;0,  0> +
        ( 0.005384, 0.001177)|  30, 3, 1;0,  0;0,  0> +
        (-0.002387, 0.002936)|  28, 3, 1;0,  0;0,  0> +
        ( 0.001434,-0.003065)|  27, 2, 2;0,  0;0,  0> +
        (-0.002622,-0.000274)|  25, 2, 2;0,  0;0,  0> +
        ( 0.002347,-0.000029)|  22, 0, 2;0,  0;0,  0> +
        ( 0.001562, 0.000836)|  28, 1, 3;0,  0;0,  0> +
        ( 0.001435,-0.000636)|  29, 2, 2;0,  0;0,  0> +
        ( 0.001228,-0.000715)|  31, 3, 1;0,  0;0,  0> +
        (-0.001341, 0.000018)|  21, 0, 2;0,  0;0,  0> +
        (-0.001246, 0.000476)|  27, 1, 1;0,  0;0,  0> +
        ( 0.001332, 0.000063)|  19, 3, 0;0,  0;0,  0> +
        (-0.001110,-0.000269)|  22, 2, 0;0,  0;0,  0> +
        (-0.000961, 0.000311)|  13, 0, 3;0,  0;0,  0> +
        (-0.000866,-0.000412)|  21, 2, 0;0,  0;0,  0> +
        (-0.000331, 0.000741)|  16, 2, 0;0,  0;0,  0> +
        (-0.000527, 0.000577)|  29, 3, 1;0,  0;0,  0> +
        ( 0.000560,-0.000034)|  23, 0, 2;0,  0;0,  0> +
        (-0.000485,-0.000192)|  14, 2, 1;0,  0;0,  0> +
        (-0.000176, 0.000470)|  29, 1, 3;0,  0;0,  0> +
        ( 0.000127, 0.000462)|  23, 2, 0;0,  0;0,  0> +
        ( 0.000023, 0.000442)|  20, 1, 1;0,  0;0,  0> +
        (-0.000420,-0.000095)|  16, 1, 2;0,  0;0,  0> +
        (-0.000331,-0.000059)|  16, 0, 1;0,  0;0,  0> +
        ( 0.000262, 0.000190)|  19, 1, 2;0,  0;0,  0> +
         ...
 | 3> = ( 0.044400, 0.543083)|  32, 3, 2;0,  0;0,  0> +
        (-0.143249, 0.390071)|  18, 0, 3;0,  0;0,  0> +
        ( 0.342977,-0.224029)|  22, 1, 2;0,  0;0,  0> +
        ( 0.368069,-0.024868)|  28, 2, 3;0,  0;0,  0> +
        (-0.288156,-0.004080)|  22, 3, 0;0,  0;0,  0> +
        ( 0.035025, 0.226415)|  23, 1, 2;0,  0;0,  0> +
        (-0.046598,-0.192115)|  21, 1, 2;0,  0;0,  0> +
        (-0.002027,-0.119561)|  23, 2, 1;0,  0;0,  0> +
        ( 0.039926,-0.082521)|  21, 2, 1;0,  0;0,  0> +
        ( 0.066988,-0.030703)|  22, 1, 0;0,  0;0,  0> +
        ( 0.060249,-0.020827)|  27, 0, 0;0,  0;0,  0> +
        (-0.049334, 0.040075)|  20, 2, 1;0,  0;0,  0> +
        (-0.005959, 0.059043)|  29, 0, 0;0,  0;0,  0> +
        ( 0.001733,-0.046429)|  33, 2, 0;0,  0;0,  0> +
        ( 0.020858, 0.038769)|  24, 3, 0;0,  0;0,  0> +
        ( 0.029803, 0.032135)|  26, 0, 0;0,  0;0,  0> +
        ( 0.026287, 0.028715)|  24, 1, 2;0,  0;0,  0> +
        (-0.018722,-0.027866)|  33, 0, 2;0,  0;0,  0> +
        (-0.011813, 0.021915)|  29, 2, 3;0,  0;0,  0> +
        (-0.022275,-0.004938)|  22, 2, 1;0,  0;0,  0> +
        ( 0.018521, 0.002487)|  22, 0, 1;0,  0;0,  0> +
        ( 0.000087, 0.018023)|  33, 3, 2;0,  0;0,  0> +
        ( 0.009444,-0.014052)|  23, 3, 0;0,  0;0,  0> +
        (-0.001942, 0.015772)|  21, 1, 0;0,  0;0,  0> +
        ( 0.012431, 0.001838)|  30, 2, 0;0,  0;0,  0> +
        (-0.010480,-0.005720)|  31, 3, 2;0,  0;0,  0> +
        (-0.008801, 0.008024)|  30, 2, 3;0,  0;0,  0> +
        ( 0.011123, 0.004059)|  21, 3, 0;0,  0;0,  0> +
        (-0.010307,-0.005226)|  27, 2, 3;0,  0;0,  0> +
        ( 0.002222,-0.008528)|  26, 2, 3;0,  0;0,  0> +
        (-0.001500, 0.007042)|  28, 0, 0;0,  0;0,  0> +
        ( 0.006503,-0.001514)|  29, 3, 0;0,  0;0,  0> +
        ( 0.002913, 0.005229)|  31, 2, 0;0,  0;0,  0> +
        (-0.005849, 0.000458)|  32, 0, 2;0,  0;0,  0> +
        ( 0.005720,-0.001076)|  32, 2, 0;0,  0;0,  0> +
        ( 0.003675,-0.004428)|  17, 0, 3;0,  0;0,  0> +
        (-0.004373,-0.000896)|  20, 3, 0;0,  0;0,  0> +
        ( 0.003323,-0.002350)|  28, 2, 0;0,  0;0,  0> +
        (-0.001027,-0.003274)|  26, 2, 0;0,  0;0,  0> +
        ( 0.001938,-0.001713)|  21, 0, 1;0,  0;0,  0> +
        ( 0.001831,-0.001189)|  28, 0, 2;0,  0;0,  0> +
        (-0.001531,-0.001453)|  30, 0, 2;0,  0;0,  0> +
        (-0.000233,-0.002069)|  28, 1, 2;0,  0;0,  0> +
        (-0.000644, 0.001760)|  31, 0, 2;0,  0;0,  0> +
        ( 0.000649,-0.001429)|  25, 0, 0;0,  0;0,  0> +
        (-0.000274, 0.001351)|  29, 3, 2;0,  0;0,  0> +
        ( 0.001132, 0.000659)|  29, 1, 2;0,  0;0,  0> +
        (-0.001052, 0.000259)|  23, 0, 1;0,  0;0,  0> +
        ( 0.000671, 0.000190)|  28, 3, 0;0,  0;0,  0> +
        (-0.000670, 0.000165)|  19, 2, 1;0,  0;0,  0> +
        (-0.000238,-0.000613)|  26, 3, 0;0,  0;0,  0> +
        (-0.000572,-0.000218)|  24, 2, 3;0,  0;0,  0> +
        ( 0.000575,-0.000003)|  23, 2, 3;0,  0;0,  0> +
        (-0.000251, 0.000450)|  30, 3, 2;0,  0;0,  0> +
        (-0.000111, 0.000497)|  30, 1, 2;0,  0;0,  0> +
        ( 0.000359,-0.000306)|  26, 0, 2;0,  0;0,  0> +
        ( 0.000445, 0.000090)|  25, 2, 0;0,  0;0,  0> +
        (-0.000214,-0.000350)|  24, 2, 0;0,  0;0,  0> +
        ( 0.000143,-0.000293)|  30, 3, 0;0,  0;0,  0> +
         ...
 | 4> = (-0.114403, 0.498504)|  26, 0, 2;0,  0;0,  0> +
        (-0.448387,-0.145030)|  24, 0, 0;0,  0;0,  0> +
        (-0.155684,-0.413207)|  25, 2, 0;0,  0;0,  0> +
        (-0.386896, 0.006589)|  25, 0, 2;0,  0;0,  0> +
        ( 0.195793, 0.066854)|  19, 2, 1;0,  0;0,  0> +
        ( 0.035128, 0.144198)|  27, 3, 2;0,  0;0,  0> +
        (-0.005371, 0.143224)|  20, 1, 2;0,  0;0,  0> +
        (-0.000664,-0.130930)|  31, 0, 2;0,  0;0,  0> +
        ( 0.094571, 0.067210)|  25, 0, 0;0,  0;0,  0> +
        ( 0.080219,-0.041339)|  27, 0, 2;0,  0;0,  0> +
        (-0.038961,-0.080144)|  26, 2, 0;0,  0;0,  0> +
        ( 0.077661, 0.034930)|  28, 0, 2;0,  0;0,  0> +
        ( 0.047893,-0.062856)|  24, 2, 0;0,  0;0,  0> +
        ( 0.048923,-0.035720)|  29, 0, 2;0,  0;0,  0> +
        ( 0.044312, 0.038417)|  20, 1, 0;0,  0;0,  0> +
        (-0.008522,-0.049431)|  24, 0, 2;0,  0;0,  0> +
        ( 0.037704,-0.029387)|  29, 3, 2;0,  0;0,  0> +
        ( 0.031396, 0.034512)|  23, 2, 3;0,  0;0,  0> +
        (-0.027320, 0.031544)|  28, 2, 0;0,  0;0,  0> +
        (-0.022357,-0.033420)|  30, 0, 2;0,  0;0,  0> +
        (-0.038112, 0.007165)|  16, 0, 3;0,  0;0,  0> +
        ( 0.038498,-0.004291)|  21, 2, 3;0,  0;0,  0> +
        ( 0.017858, 0.024002)|  27, 2, 0;0,  0;0,  0> +
        ( 0.029245,-0.002729)|  32, 1, 1;0,  0;0,  0> +
        (-0.008902,-0.023846)|  21, 0, 1;0,  0;0,  0> +
        (-0.017428,-0.009055)|  20, 3, 0;0,  0;0,  0> +
        ( 0.008167,-0.015362)|  20, 2, 0;0,  0;0,  0> +
        (-0.003808, 0.016030)|  22, 2, 3;0,  0;0,  0> +
        (-0.002059,-0.016334)|  19, 0, 2;0,  0;0,  0> +
        ( 0.014366, 0.006634)|  28, 3, 2;0,  0;0,  0> +
        ( 0.004006,-0.012994)|  20, 0, 1;0,  0;0,  0> +
        (-0.004500,-0.012222)|  24, 2, 3;0,  0;0,  0> +
        ( 0.001974, 0.012360)|  18, 2, 1;0,  0;0,  0> +
        (-0.004438,-0.011306)|  21, 3, 0;0,  0;0,  0> +
        ( 0.010674,-0.005549)|  31, 2, 0;0,  0;0,  0> +
        ( 0.009199,-0.007637)|  25, 2, 3;0,  0;0,  0> +
        ( 0.002618,-0.011238)|  29, 2, 0;0,  0;0,  0> +
        ( 0.002981,-0.010202)|  17, 0, 3;0,  0;0,  0> +
        (-0.008699, 0.003114)|  19, 1, 2;0,  0;0,  0> +
        (-0.007042,-0.004182)|  31, 1, 1;0,  0;0,  0> +
        ( 0.005921,-0.004605)|  32, 2, 0;0,  0;0,  0> +
        ( 0.006157,-0.003610)|  19, 1, 0;0,  0;0,  0> +
        ( 0.006693,-0.002462)|  30, 1, 1;0,  0;0,  0> +
        ( 0.006679, 0.001515)|  17, 2, 1;0,  0;0,  0> +
        ( 0.005111,-0.004124)|  30, 3, 2;0,  0;0,  0> +
        (-0.002805, 0.004587)|  32, 0, 2;0,  0;0,  0> +
        (-0.004849,-0.001921)|  26, 3, 2;0,  0;0,  0> +
        (-0.003882,-0.000963)|  30, 2, 0;0,  0;0,  0> +
        (-0.003495, 0.001256)|  19, 0, 1;0,  0;0,  0> +
        ( 0.002491,-0.002227)|  23, 0, 0;0,  0;0,  0> +
        ( 0.001768, 0.001293)|  23, 2, 0;0,  0;0,  0> +
        ( 0.002006, 0.000259)|  15, 0, 3;0,  0;0,  0> +
        (-0.000293, 0.001962)|  19, 3, 0;0,  0;0,  0> +
        ( 0.001735,-0.000919)|  21, 1, 2;0,  0;0,  0> +
        (-0.001567, 0.000301)|  21, 2, 0;0,  0;0,  0> +
        ( 0.000765, 0.001155)|  20, 2, 1;0,  0;0,  0> +
        ( 0.000333, 0.001335)|  23, 0, 2;0,  0;0,  0> +
        (-0.000125,-0.001350)|  21, 0, 2;0,  0;0,  0> +
        (-0.001221,-0.000243)|  21, 1, 0;0,  0;0,  0> +
        ( 0.000059,-0.001075)|  22, 1, 2;0,  0;0,  0> +
        (-0.000700,-0.000524)|  19, 2, 0;0,  0;0,  0> +
        ( 0.000355,-0.000784)|  33, 1, 1;0,  0;0,  0> +
        ( 0.000063, 0.000463)|  33, 2, 0;0,  0;0,  0> +
        ( 0.000427, 0.000111)|  25, 3, 2;0,  0;0,  0> +
        (-0.000435, 0.000039)|  20, 2, 3;0,  0;0,  0> +
        ( 0.000212,-0.000316)|  22, 0, 2;0,  0;0,  0> +
        ( 0.000195,-0.000291)|  24, 3, 2;0,  0;0,  0> +
        ( 0.000117,-0.000301)|  22, 3, 0;0,  0;0,  0> +
         ...
 | 5> = (-0.532843,-0.183352)|  26, 3, 2;0,  0;0,  0> +
        (-0.532186,-0.006950)|  22, 2, 3;0,  0;0,  0> +
        (-0.400473,-0.099040)|  27, 0, 2;0,  0;0,  0> +
        (-0.257118,-0.046737)|  25, 0, 2;0,  0;0,  0> +
        (-0.201624,-0.117771)|  27, 2, 0;0,  0;0,  0> +
        (-0.120912, 0.126988)|  20, 0, 1;0,  0;0,  0> +
        (-0.114200,-0.026167)|  21, 2, 3;0,  0;0,  0> +
        ( 0.111462, 0.001016)|  16, 0, 3;0,  0;0,  0> +
        (-0.090916, 0.040605)|  29, 0, 2;0,  0;0,  0> +
        (-0.019265,-0.087706)|  24, 0, 2;0,  0;0,  0> +
        (-0.073129,-0.023407)|  20, 1, 0;0,  0;0,  0> +
        ( 0.022622, 0.065366)|  25, 2, 0;0,  0;0,  0> +
        ( 0.015325,-0.066375)|  31, 1, 1;0,  0;0,  0> +
        ( 0.016536,-0.058415)|  26, 0, 2;0,  0;0,  0> +
        ( 0.044599, 0.000648)|  29, 2, 0;0,  0;0,  0> +
        ( 0.031013, 0.027130)|  28, 3, 2;0,  0;0,  0> +
        (-0.012861, 0.033818)|  32, 1, 1;0,  0;0,  0> +
        (-0.011787,-0.030396)|  30, 0, 2;0,  0;0,  0> +
        (-0.017482,-0.022036)|  20, 3, 0;0,  0;0,  0> +
        ( 0.005484, 0.024271)|  27, 3, 2;0,  0;0,  0> +
        (-0.006428, 0.023638)|  30, 1, 1;0,  0;0,  0> +
        ( 0.003512,-0.023267)|  20, 2, 0;0,  0;0,  0> +
        (-0.017813,-0.009685)|  24, 2, 0;0,  0;0,  0> +
        (-0.010533,-0.017214)|  23, 2, 3;0,  0;0,  0> +
        (-0.006932,-0.018010)|  31, 0, 2;0,  0;0,  0> +
        ( 0.015756,-0.008627)|  19, 1, 0;0,  0;0,  0> +
        (-0.008693,-0.015536)|  19, 0, 2;0,  0;0,  0> +
        (-0.011878, 0.007951)|  28, 2, 0;0,  0;0,  0> +
        (-0.009686, 0.009586)|  25, 2, 3;0,  0;0,  0> +
        ( 0.013543,-0.000874)|  19, 2, 1;0,  0;0,  0> +
        ( 0.004467, 0.012777)|  18, 2, 1;0,  0;0,  0> +
        ( 0.010581,-0.008065)|  26, 2, 0;0,  0;0,  0> +
        ( 0.000344,-0.012897)|  33, 1, 1;0,  0;0,  0> +
        (-0.011286, 0.002791)|  19, 1, 2;0,  0;0,  0> +
        ( 0.009988,-0.003339)|  31, 2, 0;0,  0;0,  0> +
        ( 0.009352, 0.004429)|  24, 0, 0;0,  0;0,  0> +
        (-0.009479, 0.002417)|  19, 0, 1;0,  0;0,  0> +
        ( 0.009370,-0.001021)|  17, 2, 1;0,  0;0,  0> +
        ( 0.002337, 0.008848)|  20, 1, 2;0,  0;0,  0> +
        ( 0.006757, 0.001063)|  28, 0, 2;0,  0;0,  0> +
        ( 0.001010,-0.003691)|  23, 0, 0;0,  0;0,  0> +
        ( 0.003461,-0.000328)|  15, 0, 3;0,  0;0,  0> +
        (-0.002776, 0.001637)|  29, 3, 2;0,  0;0,  0> +
        (-0.002480, 0.002042)|  21, 2, 0;0,  0;0,  0> +
        (-0.001468,-0.002207)|  30, 2, 0;0,  0;0,  0> +
        ( 0.002039, 0.001693)|  23, 2, 0;0,  0;0,  0> +
        (-0.000763,-0.002459)|  21, 3, 0;0,  0;0,  0> +
        (-0.001100, 0.002273)|  19, 3, 0;0,  0;0,  0> +
        (-0.001799,-0.001330)|  25, 0, 0;0,  0;0,  0> +
        ( 0.001402, 0.000881)|  22, 0, 2;0,  0;0,  0> +
        (-0.001447,-0.000176)|  19, 2, 0;0,  0;0,  0> +
        (-0.001425, 0.000194)|  23, 0, 2;0,  0;0,  0> +
        ( 0.000629,-0.001200)|  24, 2, 3;0,  0;0,  0> +
        (-0.000134,-0.000817)|  21, 0, 2;0,  0;0,  0> +
        (-0.000725,-0.000374)|  17, 0, 3;0,  0;0,  0> +
        ( 0.000380,-0.000447)|  24, 3, 2;0,  0;0,  0> +
        ( 0.000230, 0.000510)|  21, 0, 1;0,  0;0,  0> +
        (-0.000533, 0.000168)|  32, 2, 0;0,  0;0,  0> +
        ( 0.000492, 0.000192)|  25, 3, 2;0,  0;0,  0> +
        ( 0.000436, 0.000197)|  21, 1, 2;0,  0;0,  0> +
        (-0.000436, 0.000143)|  32, 0, 2;0,  0;0,  0> +
        (-0.000096, 0.000423)|  29, 1, 1;0,  0;0,  0> +
        (-0.000363,-0.000143)|  20, 2, 3;0,  0;0,  0> +
         ...
 | 6> = (-0.532542, 0.774999)|  32, 1, 0;0,  0;0,  0> +
        (-0.281584, 0.014412)|  30, 0, 1;0,  0;0,  0> +
        (-0.113314,-0.062833)|  31, 1, 0;0,  0;0,  0> +
        ( 0.025661, 0.087762)|  27, 0, 1;0,  0;0,  0> +
        ( 0.017845,-0.073497)|  33, 0, 1;0,  0;0,  0> +
        ( 0.042290, 0.023509)|  29, 0, 1;0,  0;0,  0> +
        (-0.011079,-0.040846)|  33, 0, 3;0,  0;0,  0> +
        ( 0.005562, 0.020386)|  32, 0, 3;0,  0;0,  0> +
        ( 0.018020, 0.000459)|  32, 0, 1;0,  0;0,  0> +
        (-0.013447, 0.008889)|  28, 1, 0;0,  0;0,  0> +
        ( 0.010377, 0.001912)|  30, 1, 0;0,  0;0,  0> +
        ( 0.008696, 0.002403)|  29, 1, 0;0,  0;0,  0> +
        (-0.003669, 0.004325)|  33, 1, 0;0,  0;0,  0> +
        (-0.004759, 0.000698)|  31, 0, 1;0,  0;0,  0> +
        (-0.000205, 0.001261)|  31, 0, 3;0,  0;0,  0> +
        ( 0.000377,-0.000348)|  27, 1, 0;0,  0;0,  0> +
        ( 0.000187,-0.000449)|  26, 0, 1;0,  0;0,  0> +
        (-0.000273, 0.000401)|  28, 0, 1;0,  0;0,  0> +
         ...
 | 7> = (-0.803869,-0.148441)|  26, 0, 0;0,  0;0,  0> +
        ( 0.135911,-0.250114)|  22, 0, 1;0,  0;0,  0> +
        (-0.035796, 0.211261)|  31, 3, 2;0,  0;0,  0> +
        (-0.204903,-0.014933)|  27, 0, 0;0,  0;0,  0> +
        ( 0.016255, 0.199018)|  32, 3, 2;0,  0;0,  0> +
        ( 0.172369,-0.047990)|  27, 2, 3;0,  0;0,  0> +
        (-0.048082,-0.163603)|  33, 0, 2;0,  0;0,  0> +
        (-0.093689, 0.065630)|  21, 1, 2;0,  0;0,  0> +
        ( 0.063579,-0.066696)|  21, 2, 1;0,  0;0,  0> +
        ( 0.003468, 0.085454)|  33, 2, 0;0,  0;0,  0> +
        ( 0.007657,-0.075438)|  23, 2, 1;0,  0;0,  0> +
        (-0.050226, 0.046072)|  22, 1, 2;0,  0;0,  0> +
        (-0.067055, 0.005261)|  28, 2, 3;0,  0;0,  0> +
        ( 0.065741,-0.001133)|  22, 3, 0;0,  0;0,  0> +
        ( 0.056584, 0.011031)|  24, 3, 0;0,  0;0,  0> +
        ( 0.051422,-0.010517)|  22, 1, 0;0,  0;0,  0> +
        ( 0.007101, 0.038363)|  32, 0, 2;0,  0;0,  0> +
        ( 0.014667,-0.026931)|  18, 0, 3;0,  0;0,  0> +
        ( 0.003002,-0.028526)|  29, 0, 0;0,  0;0,  0> +
        (-0.001951, 0.025744)|  28, 0, 0;0,  0;0,  0> +
        (-0.016943,-0.016277)|  20, 2, 1;0,  0;0,  0> +
        ( 0.000017,-0.023242)|  33, 3, 2;0,  0;0,  0> +
        (-0.021249, 0.004897)|  29, 3, 0;0,  0;0,  0> +
        (-0.013523,-0.015671)|  22, 2, 1;0,  0;0,  0> +
        (-0.006227,-0.016239)|  21, 1, 0;0,  0;0,  0> +
        ( 0.000856,-0.015293)|  32, 2, 0;0,  0;0,  0> +
        ( 0.013956,-0.004819)|  31, 2, 0;0,  0;0,  0> +
        (-0.008106,-0.011836)|  23, 3, 0;0,  0;0,  0> +
        (-0.002819, 0.011214)|  23, 1, 2;0,  0;0,  0> +
        (-0.010725, 0.001107)|  30, 2, 0;0,  0;0,  0> +
        (-0.006937, 0.004130)|  24, 1, 2;0,  0;0,  0> +
        ( 0.000920, 0.007167)|  28, 1, 2;0,  0;0,  0> +
        (-0.003057, 0.005743)|  29, 2, 3;0,  0;0,  0> +
        ( 0.004094,-0.001036)|  23, 0, 1;0,  0;0,  0> +
        ( 0.002223, 0.003256)|  26, 2, 3;0,  0;0,  0> +
        ( 0.003044,-0.002501)|  30, 2, 3;0,  0;0,  0> +
        (-0.002907,-0.001622)|  26, 2, 0;0,  0;0,  0> +
        ( 0.002048, 0.002547)|  31, 0, 2;0,  0;0,  0> +
        (-0.002849,-0.001544)|  29, 1, 2;0,  0;0,  0> +
        (-0.000463, 0.002616)|  21, 3, 0;0,  0;0,  0> +
        ( 0.001073, 0.002355)|  30, 0, 2;0,  0;0,  0> +
        (-0.002217,-0.000662)|  28, 3, 0;0,  0;0,  0> +
        ( 0.001192,-0.001722)|  20, 3, 0;0,  0;0,  0> +
        ( 0.000736, 0.001878)|  26, 3, 0;0,  0;0,  0> +
        (-0.000759, 0.001840)|  17, 0, 3;0,  0;0,  0> +
        ( 0.001424,-0.000786)|  28, 2, 0;0,  0;0,  0> +
        ( 0.000408,-0.001389)|  30, 1, 2;0,  0;0,  0> +
        (-0.000477, 0.001060)|  28, 0, 2;0,  0;0,  0> +
        (-0.000175,-0.000741)|  19, 0, 3;0,  0;0,  0> +
        (-0.000228, 0.000696)|  30, 3, 0;0,  0;0,  0> +
        ( 0.000507,-0.000404)|  31, 2, 3;0,  0;0,  0> +
        ( 0.000006,-0.000646)|  29, 3, 2;0,  0;0,  0> +
        (-0.000584, 0.000094)|  25, 0, 0;0,  0;0,  0> +
        (-0.000375, 0.000315)|  24, 2, 3;0,  0;0,  0> +
        ( 0.000399, 0.000213)|  26, 1, 2;0,  0;0,  0> +
        ( 0.000450,-0.000026)|  23, 1, 0;0,  0;0,  0> +
        (-0.000240, 0.000230)|  30, 3, 2;0,  0;0,  0> +
         ...
 | 8> = ( 0.635045, 0.165973)|  27, 1, 1;0,  0;0,  0> +
        ( 0.508434, 0.129045)|  22, 2, 0;0,  0;0,  0> +
        (-0.296392, 0.017984)|  26, 1, 1;0,  0;0,  0> +
        ( 0.054236,-0.209272)|  19, 2, 3;0,  0;0,  0> +
        (-0.183705,-0.079427)|  21, 0, 2;0,  0;0,  0> +
        (-0.049963,-0.154863)|  28, 1, 1;0,  0;0,  0> +
        (-0.148244, 0.037031)|  22, 0, 2;0,  0;0,  0> +
        ( 0.095433, 0.063765)|  20, 0, 2;0,  0;0,  0> +
        ( 0.069836, 0.056168)|  18, 1, 0;0,  0;0,  0> +
        ( 0.012974, 0.078915)|  25, 1, 1;0,  0;0,  0> +
        ( 0.068547,-0.025968)|  22, 3, 2;0,  0;0,  0> +
        ( 0.013504, 0.071313)|  23, 3, 2;0,  0;0,  0> +
        ( 0.031856, 0.059255)|  21, 2, 0;0,  0;0,  0> +
        (-0.052523, 0.030548)|  19, 3, 0;0,  0;0,  0> +
        ( 0.035142,-0.044546)|  19, 2, 0;0,  0;0,  0> +
        ( 0.011974, 0.048381)|  24, 1, 1;0,  0;0,  0> +
        (-0.020168,-0.042645)|  19, 1, 1;0,  0;0,  0> +
        (-0.045148,-0.006227)|  23, 0, 2;0,  0;0,  0> +
        ( 0.012151, 0.042139)|  32, 2, 2;0,  0;0,  0> +
        (-0.009933,-0.041547)|  22, 0, 0;0,  0;0,  0> +
        ( 0.012537, 0.040447)|  33, 2, 2;0,  0;0,  0> +
        ( 0.019642,-0.029654)|  15, 0, 3;0,  0;0,  0> +
        (-0.001295,-0.032713)|  29, 1, 1;0,  0;0,  0> +
        (-0.023758,-0.022461)|  17, 2, 0;0,  0;0,  0> +
        (-0.003563, 0.025727)|  23, 2, 0;0,  0;0,  0> +
        (-0.023342,-0.004023)|  18, 2, 0;0,  0;0,  0> +
        (-0.015230,-0.016404)|  18, 0, 2;0,  0;0,  0> +
        ( 0.017793,-0.000213)|  18, 0, 1;0,  0;0,  0> +
        ( 0.009101,-0.012034)|  23, 1, 1;0,  0;0,  0> +
        ( 0.014730, 0.002850)|  18, 1, 2;0,  0;0,  0> +
        ( 0.007830, 0.012029)|  16, 2, 1;0,  0;0,  0> +
        ( 0.011085, 0.008471)|  21, 1, 1;0,  0;0,  0> +
        (-0.000699, 0.011900)|  30, 2, 2;0,  0;0,  0> +
        (-0.010970,-0.004317)|  14, 0, 3;0,  0;0,  0> +
        ( 0.000014,-0.009987)|  19, 1, 2;0,  0;0,  0> +
        (-0.008567, 0.001302)|  17, 0, 1;0,  0;0,  0> +
        (-0.000260, 0.008466)|  17, 1, 0;0,  0;0,  0> +
        ( 0.007761, 0.002224)|  24, 3, 2;0,  0;0,  0> +
        (-0.007105,-0.001177)|  15, 2, 1;0,  0;0,  0> +
        (-0.006979, 0.001309)|  20, 2, 3;0,  0;0,  0> +
        (-0.005637,-0.003725)|  17, 2, 1;0,  0;0,  0> +
        (-0.003999, 0.003400)|  17, 3, 0;0,  0;0,  0> +
        (-0.004456, 0.002257)|  22, 1, 1;0,  0;0,  0> +
        ( 0.000176, 0.004806)|  20, 2, 0;0,  0;0,  0> +
        (-0.000136, 0.004226)|  18, 2, 1;0,  0;0,  0> +
        (-0.003947,-0.000359)|  16, 1, 1;0,  0;0,  0> +
        ( 0.003055, 0.001625)|  18, 1, 1;0,  0;0,  0> +
        (-0.001137, 0.003205)|  17, 1, 2;0,  0;0,  0> +
        ( 0.002216,-0.000041)|  18, 2, 3;0,  0;0,  0> +
        (-0.001994, 0.000635)|  17, 0, 2;0,  0;0,  0> +
        ( 0.000960,-0.001601)|  21, 3, 2;0,  0;0,  0> +
        (-0.001357,-0.000909)|  32, 3, 1;0,  0;0,  0> +
        (-0.000783,-0.001241)|  28, 2, 2;0,  0;0,  0> +
        (-0.000032,-0.001238)|  17, 1, 1;0,  0;0,  0> +
        (-0.000837,-0.000877)|  21, 0, 0;0,  0;0,  0> +
        ( 0.000790,-0.000869)|  32, 1, 3;0,  0;0,  0> +
        (-0.000715,-0.000462)|  17, 2, 3;0,  0;0,  0> +
        ( 0.000792,-0.000199)|  18, 3, 0;0,  0;0,  0> +
        (-0.000628, 0.000128)|  31, 2, 2;0,  0;0,  0> +
        ( 0.000600,-0.000193)|  26, 2, 2;0,  0;0,  0> +
        ( 0.000194, 0.000575)|  33, 3, 1;0,  0;0,  0> +
        ( 0.000211,-0.000561)|  20, 0, 0;0,  0;0,  0> +
        (-0.000058,-0.000586)|  29, 2, 2;0,  0;0,  0> +
        ( 0.000540,-0.000012)|  24, 2, 2;0,  0;0,  0> +
        ( 0.000136,-0.000495)|  33, 1, 3;0,  0;0,  0> +
        ( 0.000372, 0.000134)|  27, 2, 2;0,  0;0,  0> +
        ( 0.000340, 0.000131)|  30, 1, 3;0,  0;0,  0> +
         ...
 | 9> = ( 0.603424,-0.237910)|  26, 0, 1;0,  0;0,  0> +
        (-0.485992, 0.183534)|  27, 1, 0;0,  0;0,  0> +
        ( 0.300398,-0.035711)|  23, 0, 3;0,  0;0,  0> +
        ( 0.192643, 0.143500)|  29, 0, 3;0,  0;0,  0> +
        ( 0.196651,-0.032599)|  32, 2, 1;0,  0;0,  0> +
        ( 0.006218, 0.180638)|  24, 0, 3;0,  0;0,  0> +
        (-0.132972,-0.085202)|  28, 0, 3;0,  0;0,  0> +
        ( 0.047452,-0.116562)|  26, 0, 3;0,  0;0,  0> +
        (-0.104129,-0.016141)|  30, 1, 0;0,  0;0,  0> +
        ( 0.019614, 0.076558)|  30, 0, 3;0,  0;0,  0> +
        (-0.014705, 0.074890)|  27, 0, 3;0,  0;0,  0> +
        (-0.059436, 0.013157)|  31, 0, 3;0,  0;0,  0> +
        ( 0.047319,-0.036422)|  27, 2, 1;0,  0;0,  0> +
        ( 0.034690, 0.046406)|  25, 2, 1;0,  0;0,  0> +
        (-0.047433, 0.021100)|  29, 2, 1;0,  0;0,  0> +
        ( 0.033063, 0.033296)|  30, 2, 1;0,  0;0,  0> +
        ( 0.014253, 0.033811)|  31, 2, 1;0,  0;0,  0> +
        (-0.011156,-0.034827)|  33, 0, 3;0,  0;0,  0> +
        ( 0.034863, 0.006238)|  26, 2, 1;0,  0;0,  0> +
        (-0.001224, 0.028644)|  24, 2, 1;0,  0;0,  0> +
        ( 0.019115, 0.017573)|  28, 2, 1;0,  0;0,  0> +
        (-0.004947,-0.023212)|  32, 0, 3;0,  0;0,  0> +
        ( 0.018795,-0.013584)|  28, 1, 0;0,  0;0,  0> +
        ( 0.016644, 0.007470)|  29, 1, 0;0,  0;0,  0> +
        ( 0.002856, 0.017444)|  26, 1, 0;0,  0;0,  0> +
        ( 0.003135,-0.015930)|  33, 0, 1;0,  0;0,  0> +
        (-0.015275,-0.000939)|  31, 0, 1;0,  0;0,  0> +
        (-0.013759,-0.002470)|  33, 2, 1;0,  0;0,  0> +
        ( 0.005641, 0.008502)|  33, 1, 2;0,  0;0,  0> +
        (-0.009696, 0.000621)|  33, 3, 0;0,  0;0,  0> +
        ( 0.001296, 0.007460)|  22, 0, 3;0,  0;0,  0> +
        ( 0.000329,-0.007072)|  25, 1, 0;0,  0;0,  0> +
        ( 0.004600,-0.002617)|  25, 0, 3;0,  0;0,  0> +
        ( 0.004487, 0.001974)|  31, 1, 0;0,  0;0,  0> +
        ( 0.004500, 0.000278)|  33, 1, 0;0,  0;0,  0> +
        ( 0.002964, 0.002393)|  27, 0, 1;0,  0;0,  0> +
        ( 0.001932, 0.002268)|  33, 0, 0;0,  0;0,  0> +
        (-0.002908,-0.000011)|  30, 0, 1;0,  0;0,  0> +
        (-0.000382, 0.002677)|  27, 3, 0;0,  0;0,  0> +
        ( 0.002476,-0.000776)|  32, 0, 1;0,  0;0,  0> +
        ( 0.001850, 0.000535)|  29, 0, 1;0,  0;0,  0> +
        ( 0.000989,-0.001428)|  32, 1, 0;0,  0;0,  0> +
        (-0.001116,-0.001143)|  21, 0, 3;0,  0;0,  0> +
        (-0.000676, 0.000140)|  32, 1, 2;0,  0;0,  0> +
        ( 0.000271, 0.000291)|  31, 0, 0;0,  0;0,  0> +
        (-0.000324,-0.000116)|  32, 0, 0;0,  0;0,  0> +
         ...
 |10> = ( 0.632352, 0.219078)|  25, 3, 2;0,  0;0,  0> +
        (-0.086765,-0.588152)|  30, 1, 1;0,  0;0,  0> +
        (-0.070694,-0.245105)|  23, 0, 0;0,  0;0,  0> +
        (-0.118420,-0.176953)|  19, 1, 0;0,  0;0,  0> +
        ( 0.102922, 0.084084)|  19, 1, 2;0,  0;0,  0> +
        (-0.021753, 0.123819)|  33, 1, 1;0,  0;0,  0> +
        ( 0.039529, 0.097648)|  19, 0, 1;0,  0;0,  0> +
        ( 0.087288,-0.005323)|  20, 2, 0;0,  0;0,  0> +
        ( 0.050552, 0.069932)|  27, 2, 0;0,  0;0,  0> +
        ( 0.023745, 0.078715)|  17, 2, 1;0,  0;0,  0> +
        ( 0.073182,-0.012489)|  29, 2, 0;0,  0;0,  0> +
        (-0.020752,-0.057481)|  18, 2, 1;0,  0;0,  0> +
        (-0.044741,-0.031866)|  27, 0, 2;0,  0;0,  0> +
        ( 0.024028, 0.037097)|  31, 1, 1;0,  0;0,  0> +
        ( 0.012762, 0.039844)|  29, 0, 2;0,  0;0,  0> +
        ( 0.031799,-0.018556)|  19, 0, 2;0,  0;0,  0> +
        ( 0.003832, 0.031557)|  24, 0, 2;0,  0;0,  0> +
        ( 0.020067,-0.020105)|  23, 0, 2;0,  0;0,  0> +
        (-0.025550, 0.000502)|  22, 2, 3;0,  0;0,  0> +
        (-0.012199,-0.018162)|  23, 2, 0;0,  0;0,  0> +
        (-0.016229,-0.006988)|  25, 0, 2;0,  0;0,  0> +
        (-0.011321,-0.010334)|  15, 0, 3;0,  0;0,  0> +
        ( 0.011357, 0.007509)|  25, 2, 0;0,  0;0,  0> +
        (-0.013410, 0.000904)|  21, 0, 2;0,  0;0,  0> +
        ( 0.013212,-0.001860)|  21, 2, 3;0,  0;0,  0> +
        (-0.012864,-0.001802)|  22, 0, 2;0,  0;0,  0> +
        ( 0.005940, 0.009134)|  19, 3, 0;0,  0;0,  0> +
        ( 0.005742, 0.004834)|  19, 2, 0;0,  0;0,  0> +
        ( 0.005102, 0.002280)|  26, 3, 2;0,  0;0,  0> +
        ( 0.004798, 0.000912)|  24, 2, 0;0,  0;0,  0> +
        (-0.003916,-0.001557)|  22, 2, 0;0,  0;0,  0> +
        (-0.003795,-0.001756)|  24, 3, 2;0,  0;0,  0> +
        ( 0.003633,-0.000524)|  20, 2, 3;0,  0;0,  0> +
        ( 0.003592,-0.000112)|  20, 1, 2;0,  0;0,  0> +
        ( 0.000250,-0.002905)|  29, 1, 1;0,  0;0,  0> +
        (-0.000492,-0.002120)|  26, 0, 2;0,  0;0,  0> +
        ( 0.000638,-0.001962)|  22, 0, 0;0,  0;0,  0> +
        (-0.001270, 0.001487)|  21, 2, 0;0,  0;0,  0> +
        ( 0.001696, 0.000497)|  16, 0, 3;0,  0;0,  0> +
        ( 0.001064,-0.001287)|  20, 0, 1;0,  0;0,  0> +
        (-0.000698, 0.001084)|  26, 2, 0;0,  0;0,  0> +
        ( 0.000823,-0.000910)|  28, 1, 1;0,  0;0,  0> +
        ( 0.001151, 0.000086)|  23, 3, 2;0,  0;0,  0> +
        ( 0.000143, 0.000845)|  20, 3, 0;0,  0;0,  0> +
        ( 0.000555,-0.000492)|  24, 1, 1;0,  0;0,  0> +
        ( 0.000591,-0.000197)|  27, 1, 1;0,  0;0,  0> +
        (-0.000512, 0.000336)|  20, 0, 2;0,  0;0,  0> +
        (-0.000017, 0.000584)|  26, 1, 1;0,  0;0,  0> +
        (-0.000465,-0.000343)|  19, 2, 3;0,  0;0,  0> +
        (-0.000304,-0.000362)|  19, 2, 1;0,  0;0,  0> +
        ( 0.000454, 0.000118)|  19, 1, 1;0,  0;0,  0> +
         ...
 |11> = ( 0.252562, 0.609489)|  30, 0, 3;0,  0;0,  0> +
        (-0.422443,-0.286436)|  29, 0, 3;0,  0;0,  0> +
        ( 0.365979,-0.189781)|  28, 1, 0;0,  0;0,  0> +
        ( 0.245440,-0.056476)|  31, 0, 3;0,  0;0,  0> +
        ( 0.139829, 0.053537)|  29, 1, 0;0,  0;0,  0> +
        ( 0.021766, 0.148065)|  32, 0, 3;0,  0;0,  0> +
        ( 0.084623,-0.033585)|  26, 0, 1;0,  0;0,  0> +
        ( 0.021438, 0.079799)|  33, 0, 3;0,  0;0,  0> +
        ( 0.015081, 0.067762)|  27, 0, 1;0,  0;0,  0> +
        (-0.064441,-0.012531)|  30, 1, 0;0,  0;0,  0> +
        (-0.025031, 0.008868)|  27, 1, 0;0,  0;0,  0> +
        ( 0.016910, 0.007450)|  31, 1, 0;0,  0;0,  0> +
        (-0.002493, 0.012604)|  33, 0, 1;0,  0;0,  0> +
        ( 0.011496, 0.004651)|  28, 0, 3;0,  0;0,  0> +
        ( 0.012014, 0.000653)|  31, 0, 1;0,  0;0,  0> +
        ( 0.009791, 0.000670)|  33, 1, 0;0,  0;0,  0> +
        ( 0.009447,-0.000982)|  23, 0, 3;0,  0;0,  0> +
        ( 0.005998, 0.001741)|  29, 0, 1;0,  0;0,  0> +
        (-0.005189, 0.000451)|  30, 0, 1;0,  0;0,  0> +
        ( 0.002782,-0.003697)|  28, 0, 1;0,  0;0,  0> +
        (-0.001946, 0.000608)|  32, 0, 1;0,  0;0,  0> +
        (-0.000960, 0.001574)|  32, 1, 0;0,  0;0,  0> +
        (-0.000934, 0.000699)|  26, 0, 3;0,  0;0,  0> +
        ( 0.000344,-0.000059)|  33, 2, 1;0,  0;0,  0> +
         ...
 |12> = ( 0.662189,-0.054865)|  17, 0, 2;0,  0;0,  0> +
        (-0.038948, 0.447623)|  17, 1, 1;0,  0;0,  0> +
        ( 0.277098,-0.125616)|  20, 0, 0;0,  0;0,  0> +
        (-0.180364, 0.243083)|  30, 3, 1;0,  0;0,  0> +
        (-0.200626,-0.043686)|  16, 1, 1;0,  0;0,  0> +
        (-0.151660, 0.108527)|  15, 2, 1;0,  0;0,  0> +
        ( 0.050678, 0.142437)|  29, 2, 2;0,  0;0,  0> +
        ( 0.114184, 0.024756)|  14, 0, 3;0,  0;0,  0> +
        ( 0.104707, 0.015473)|  17, 2, 3;0,  0;0,  0> +
        (-0.025321,-0.084991)|  16, 2, 1;0,  0;0,  0> +
        (-0.080729,-0.021094)|  18, 2, 0;0,  0;0,  0> +
        (-0.067814,-0.047768)|  24, 2, 2;0,  0;0,  0> +
        ( 0.047361, 0.050488)|  18, 3, 0;0,  0;0,  0> +
        (-0.053288,-0.031224)|  20, 3, 2;0,  0;0,  0> +
        (-0.026292,-0.047524)|  31, 1, 3;0,  0;0,  0> +
        ( 0.041353, 0.021513)|  17, 3, 0;0,  0;0,  0> +
        ( 0.031510, 0.033808)|  30, 1, 3;0,  0;0,  0> +
        ( 0.040869,-0.017094)|  18, 1, 2;0,  0;0,  0> +
        ( 0.041336, 0.006305)|  23, 1, 1;0,  0;0,  0> +
        ( 0.035651, 0.007153)|  22, 1, 1;0,  0;0,  0> +
        (-0.021743, 0.028675)|  21, 1, 1;0,  0;0,  0> +
        (-0.000908,-0.028963)|  17, 1, 2;0,  0;0,  0> +
        (-0.011771,-0.026470)|  31, 3, 1;0,  0;0,  0> +
        (-0.008067,-0.021396)|  25, 2, 2;0,  0;0,  0> +
        (-0.005242,-0.019896)|  28, 3, 1;0,  0;0,  0> +
        ( 0.018260,-0.006238)|  27, 2, 2;0,  0;0,  0> +
        ( 0.001940, 0.015339)|  18, 1, 1;0,  0;0,  0> +
        (-0.005087, 0.014343)|  33, 3, 1;0,  0;0,  0> +
        (-0.004115, 0.009902)|  26, 2, 2;0,  0;0,  0> +
        (-0.009413, 0.001122)|  28, 1, 3;0,  0;0,  0> +
        (-0.000803, 0.009057)|  33, 1, 3;0,  0;0,  0> +
        ( 0.003118,-0.004642)|  29, 3, 1;0,  0;0,  0> +
        (-0.000541, 0.005247)|  20, 0, 2;0,  0;0,  0> +
        (-0.004600,-0.000310)|  18, 0, 2;0,  0;0,  0> +
        ( 0.002729,-0.002081)|  13, 0, 3;0,  0;0,  0> +
        ( 0.002672,-0.001455)|  16, 2, 0;0,  0;0,  0> +
        ( 0.000036,-0.002661)|  29, 1, 3;0,  0;0,  0> +
        ( 0.000809, 0.002286)|  14, 2, 1;0,  0;0,  0> +
        (-0.001870,-0.001011)|  17, 1, 0;0,  0;0,  0> +
        (-0.001363, 0.000909)|  20, 1, 1;0,  0;0,  0> +
        (-0.001236, 0.001073)|  17, 0, 1;0,  0;0,  0> +
        (-0.001233, 0.000848)|  15, 0, 2;0,  0;0,  0> +
        ( 0.000992, 0.001043)|  19, 1, 1;0,  0;0,  0> +
        ( 0.001319, 0.000305)|  12, 0, 3;0,  0;0,  0> +
        (-0.000109,-0.001288)|  26, 3, 1;0,  0;0,  0> +
        ( 0.000753, 0.000716)|  16, 0, 2;0,  0;0,  0> +
        (-0.000790, 0.000501)|  19, 3, 2;0,  0;0,  0> +
        ( 0.000765,-0.000465)|  16, 0, 1;0,  0;0,  0> +
        ( 0.000441, 0.000473)|  16, 1, 0;0,  0;0,  0> +
        (-0.000303,-0.000463)|  15, 1, 1;0,  0;0,  0> +
        ( 0.000414, 0.000118)|  16, 1, 2;0,  0;0,  0> +
        ( 0.000322,-0.000276)|  23, 2, 2;0,  0;0,  0> +
        ( 0.000203,-0.000319)|  16, 2, 3;0,  0;0,  0> +
        (-0.000033, 0.000330)|  13, 2, 1;0,  0;0,  0> +
         ...
 |13> = ( 0.057589, 0.699480)|  32, 3, 2;0,  0;0,  0> +
        ( 0.244100,-0.235557)|  21, 2, 1;0,  0;0,  0> +
        ( 0.125677,-0.295269)|  18, 0, 3;0,  0;0,  0> +
        (-0.237334, 0.136007)|  22, 1, 2;0,  0;0,  0> +
        (-0.235142, 0.016031)|  28, 2, 3;0,  0;0,  0> +
        ( 0.218496, 0.022646)|  26, 0, 0;0,  0;0,  0> +
        ( 0.193470, 0.006645)|  22, 3, 0;0,  0;0,  0> +
        ( 0.050025, 0.123914)|  21, 1, 2;0,  0;0,  0> +
        ( 0.104990,-0.005965)|  22, 1, 0;0,  0;0,  0> +
        (-0.000394,-0.093465)|  33, 3, 2;0,  0;0,  0> +
        ( 0.061211,-0.058801)|  30, 2, 3;0,  0;0,  0> +
        (-0.046204, 0.067829)|  22, 0, 1;0,  0;0,  0> +
        ( 0.026430, 0.068404)|  33, 0, 2;0,  0;0,  0> +
        ( 0.018917,-0.058683)|  31, 3, 2;0,  0;0,  0> +
        (-0.043556,-0.032475)|  22, 2, 1;0,  0;0,  0> +
        (-0.005917, 0.051523)|  28, 0, 0;0,  0;0,  0> +
        (-0.044200, 0.018622)|  27, 2, 3;0,  0;0,  0> +
        ( 0.041760,-0.021782)|  20, 2, 1;0,  0;0,  0> +
        ( 0.024849, 0.021347)|  27, 0, 0;0,  0;0,  0> +
        (-0.005443,-0.017097)|  23, 1, 2;0,  0;0,  0> +
        ( 0.005645,-0.010733)|  29, 2, 3;0,  0;0,  0> +
        ( 0.002061,-0.011704)|  32, 0, 2;0,  0;0,  0> +
        ( 0.009045,-0.002291)|  24, 3, 0;0,  0;0,  0> +
        (-0.007897,-0.004137)|  21, 3, 0;0,  0;0,  0> +
        ( 0.000329,-0.008550)|  29, 0, 0;0,  0;0,  0> +
        ( 0.003454,-0.006433)|  21, 1, 0;0,  0;0,  0> +
        (-0.000466, 0.006920)|  33, 2, 0;0,  0;0,  0> +
        (-0.004409, 0.005265)|  32, 2, 0;0,  0;0,  0> +
        (-0.006152,-0.002492)|  31, 2, 0;0,  0;0,  0> +
        ( 0.002121, 0.006045)|  23, 2, 1;0,  0;0,  0> +
        (-0.005655,-0.001956)|  30, 2, 0;0,  0;0,  0> +
        (-0.002371, 0.005053)|  26, 2, 3;0,  0;0,  0> +
        (-0.004883, 0.000574)|  24, 1, 2;0,  0;0,  0> +
        (-0.002718, 0.002833)|  17, 0, 3;0,  0;0,  0> +
        (-0.003563, 0.001517)|  23, 3, 0;0,  0;0,  0> +
        (-0.002899, 0.001767)|  28, 2, 0;0,  0;0,  0> +
        ( 0.001331, 0.002744)|  26, 2, 0;0,  0;0,  0> +
        ( 0.002779, 0.001171)|  20, 3, 0;0,  0;0,  0> +
        (-0.002578, 0.000605)|  29, 3, 0;0,  0;0,  0> +
        (-0.000050,-0.001972)|  31, 0, 2;0,  0;0,  0> +
        (-0.001370, 0.001223)|  21, 0, 1;0,  0;0,  0> +
        (-0.001227, 0.000444)|  28, 0, 2;0,  0;0,  0> +
        (-0.000333, 0.001041)|  25, 0, 0;0,  0;0,  0> +
        ( 0.001019,-0.000246)|  23, 0, 1;0,  0;0,  0> +
        ( 0.000106, 0.000829)|  28, 1, 2;0,  0;0,  0> +
        ( 0.000713, 0.000340)|  30, 0, 2;0,  0;0,  0> +
        ( 0.000207,-0.000758)|  29, 3, 2;0,  0;0,  0> +
        ( 0.000529, 0.000055)|  24, 2, 3;0,  0;0,  0> +
        ( 0.000259,-0.000407)|  30, 3, 2;0,  0;0,  0> +
        ( 0.000467,-0.000066)|  19, 2, 1;0,  0;0,  0> +
        (-0.000389,-0.000220)|  29, 1, 2;0,  0;0,  0> +
        (-0.000384, 0.000009)|  23, 2, 3;0,  0;0,  0> +
         ...
 |14> = (-0.090316, 0.632737)|  25, 1, 1;0,  0;0,  0> +
        ( 0.148921,-0.528291)|  18, 0, 2;0,  0;0,  0> +
        ( 0.077249,-0.201197)|  17, 2, 0;0,  0;0,  0> +
        ( 0.201546, 0.022803)|  26, 1, 1;0,  0;0,  0> +
        (-0.133966, 0.099295)|  19, 1, 1;0,  0;0,  0> +
        (-0.037488, 0.158901)|  32, 3, 1;0,  0;0,  0> +
        (-0.157090,-0.036799)|  32, 1, 3;0,  0;0,  0> +
        (-0.011256,-0.150318)|  32, 2, 2;0,  0;0,  0> +
        (-0.046106,-0.132345)|  18, 2, 3;0,  0;0,  0> +
        (-0.000953, 0.108417)|  33, 2, 2;0,  0;0,  0> +
        ( 0.071501, 0.076727)|  18, 2, 0;0,  0;0,  0> +
        ( 0.084452, 0.042680)|  20, 0, 2;0,  0;0,  0> +
        (-0.086659,-0.001913)|  16, 2, 1;0,  0;0,  0> +
        ( 0.000829,-0.081160)|  21, 1, 1;0,  0;0,  0> +
        ( 0.058161, 0.044517)|  18, 0, 1;0,  0;0,  0> +
        ( 0.024764, 0.068709)|  18, 1, 1;0,  0;0,  0> +
        ( 0.000063, 0.066617)|  31, 2, 2;0,  0;0,  0> +
        ( 0.014433,-0.062284)|  28, 2, 2;0,  0;0,  0> +
        (-0.058798, 0.011718)|  18, 1, 2;0,  0;0,  0> +
        (-0.045901, 0.005849)|  17, 1, 2;0,  0;0,  0> +
        ( 0.037901, 0.009458)|  14, 0, 3;0,  0;0,  0> +
        ( 0.022529,-0.024867)|  22, 3, 2;0,  0;0,  0> +
        (-0.012985,-0.029966)|  18, 3, 0;0,  0;0,  0> +
        (-0.006548, 0.030504)|  30, 2, 2;0,  0;0,  0> +
        (-0.012753,-0.017671)|  23, 1, 1;0,  0;0,  0> +
        (-0.017951,-0.012030)|  21, 0, 0;0,  0;0,  0> +
        ( 0.004957, 0.020513)|  16, 1, 1;0,  0;0,  0> +
        ( 0.018412,-0.008618)|  15, 2, 1;0,  0;0,  0> +
        ( 0.013786, 0.014201)|  22, 1, 1;0,  0;0,  0> +
        ( 0.013626, 0.013518)|  17, 0, 2;0,  0;0,  0> +
        (-0.005732,-0.017364)|  27, 1, 1;0,  0;0,  0> +
        ( 0.009397,-0.012607)|  17, 0, 1;0,  0;0,  0> +
        (-0.012759, 0.009007)|  17, 1, 1;0,  0;0,  0> +
        ( 0.015402, 0.001354)|  17, 1, 0;0,  0;0,  0> +
        ( 0.009847,-0.011232)|  24, 1, 1;0,  0;0,  0> +
        (-0.002797,-0.012734)|  18, 1, 0;0,  0;0,  0> +
        ( 0.004272, 0.006649)|  17, 2, 3;0,  0;0,  0> +
        (-0.007247, 0.000609)|  26, 2, 2;0,  0;0,  0> +
        (-0.005186, 0.002268)|  17, 3, 0;0,  0;0,  0> +
        ( 0.005350, 0.001070)|  22, 2, 0;0,  0;0,  0> +
        (-0.004763,-0.000876)|  22, 0, 2;0,  0;0,  0> +
        ( 0.004034, 0.000264)|  21, 0, 2;0,  0;0,  0> +
        (-0.003493,-0.001993)|  20, 0, 0;0,  0;0,  0> +
        ( 0.002565,-0.003079)|  33, 3, 1;0,  0;0,  0> +
        (-0.003555, 0.001176)|  33, 1, 3;0,  0;0,  0> +
        (-0.001946,-0.001733)|  21, 3, 2;0,  0;0,  0> +
        (-0.002096,-0.000159)|  29, 2, 2;0,  0;0,  0> +
        (-0.000357,-0.001730)|  30, 1, 3;0,  0;0,  0> +
        ( 0.000382, 0.001649)|  23, 3, 2;0,  0;0,  0> +
        ( 0.001557,-0.000347)|  19, 1, 2;0,  0;0,  0> +
        (-0.001187, 0.000957)|  21, 2, 0;0,  0;0,  0> +
        (-0.000253,-0.001453)|  27, 2, 2;0,  0;0,  0> +
        (-0.000364,-0.001409)|  24, 2, 2;0,  0;0,  0> +
        (-0.001449, 0.000048)|  23, 0, 2;0,  0;0,  0> +
        (-0.001236, 0.000504)|  30, 3, 1;0,  0;0,  0> +
        (-0.000333,-0.001157)|  28, 1, 1;0,  0;0,  0> +
        (-0.000937, 0.000546)|  19, 3, 0;0,  0;0,  0> +
        ( 0.000098,-0.000852)|  29, 1, 1;0,  0;0,  0> +
        ( 0.000340, 0.000689)|  19, 2, 0;0,  0;0,  0> +
        ( 0.000717, 0.000088)|  28, 3, 1;0,  0;0,  0> +
        (-0.000153,-0.000598)|  22, 0, 0;0,  0;0,  0> +
        ( 0.000101, 0.000603)|  25, 2, 2;0,  0;0,  0> +
        ( 0.000094,-0.000449)|  19, 2, 3;0,  0;0,  0> +
        (-0.000403,-0.000187)|  23, 2, 0;0,  0;0,  0> +
        ( 0.000335, 0.000273)|  13, 0, 3;0,  0;0,  0> +
         ...
 |15> = (-0.596947, 0.036709)|  24, 1, 2;0,  0;0,  0> +
        ( 0.575903,-0.132791)|  23, 3, 0;0,  0;0,  0> +
        (-0.436763, 0.108110)|  23, 0, 1;0,  0;0,  0> +
        (-0.127654, 0.022658)|  29, 3, 0;0,  0;0,  0> +
        ( 0.047615, 0.093619)|  30, 3, 0;0,  0;0,  0> +
        ( 0.076100,-0.068766)|  24, 3, 0;0,  0;0,  0> +
        (-0.019888,-0.097969)|  19, 0, 3;0,  0;0,  0> +
        (-0.062060, 0.072783)|  23, 2, 1;0,  0;0,  0> +
        ( 0.066130, 0.066382)|  23, 1, 2;0,  0;0,  0> +
        ( 0.024150, 0.074673)|  23, 1, 0;0,  0;0,  0> +
        ( 0.040922, 0.044277)|  25, 1, 2;0,  0;0,  0> +
        ( 0.043426, 0.031463)|  28, 1, 2;0,  0;0,  0> +
        ( 0.040822,-0.031356)|  31, 2, 3;0,  0;0,  0> +
        (-0.044249,-0.025547)|  25, 3, 0;0,  0;0,  0> +
        (-0.001374,-0.048072)|  26, 1, 2;0,  0;0,  0> +
        ( 0.019843,-0.025379)|  28, 0, 0;0,  0;0,  0> +
        (-0.008395, 0.024727)|  26, 3, 0;0,  0;0,  0> +
        ( 0.022894,-0.010822)|  29, 1, 2;0,  0;0,  0> +
        (-0.017564,-0.011122)|  28, 3, 0;0,  0;0,  0> +
        (-0.004468, 0.019165)|  24, 0, 1;0,  0;0,  0> +
        ( 0.010987,-0.012208)|  32, 2, 3;0,  0;0,  0> +
        ( 0.009287,-0.006343)|  30, 2, 3;0,  0;0,  0> +
        (-0.001819, 0.009806)|  27, 1, 2;0,  0;0,  0> +
        (-0.002087, 0.008612)|  31, 3, 0;0,  0;0,  0> +
        (-0.006206,-0.006055)|  30, 0, 0;0,  0;0,  0> +
        ( 0.002342,-0.007927)|  30, 1, 2;0,  0;0,  0> +
        ( 0.005303, 0.006030)|  29, 0, 0;0,  0;0,  0> +
        ( 0.000847,-0.004524)|  31, 1, 2;0,  0;0,  0> +
        (-0.003363,-0.002502)|  20, 0, 3;0,  0;0,  0> +
        (-0.001304,-0.003286)|  31, 0, 0;0,  0;0,  0> +
        ( 0.002193, 0.000936)|  22, 2, 1;0,  0;0,  0> +
        (-0.001350, 0.001277)|  24, 1, 0;0,  0;0,  0> +
        (-0.001231,-0.000887)|  33, 3, 2;0,  0;0,  0> +
        ( 0.001153,-0.000499)|  21, 2, 1;0,  0;0,  0> +
        (-0.000302,-0.001108)|  21, 0, 3;0,  0;0,  0> +
        (-0.001012, 0.000477)|  33, 2, 3;0,  0;0,  0> +
        (-0.000524, 0.000113)|  32, 3, 0;0,  0;0,  0> +
        (-0.000119,-0.000518)|  27, 3, 0;0,  0;0,  0> +
        (-0.000485, 0.000173)|  32, 1, 2;0,  0;0,  0> +
        (-0.000219, 0.000416)|  29, 2, 3;0,  0;0,  0> +
        ( 0.000016,-0.000437)|  25, 0, 3;0,  0;0,  0> +
        (-0.000268,-0.000183)|  32, 0, 0;0,  0;0,  0> +
         ...
 |16> = ( 0.336049, 0.528308)|  26, 2, 3;0,  0;0,  0> +
        (-0.210878,-0.509877)|  21, 1, 0;0,  0;0,  0> +
        (-0.282066,-0.227245)|  20, 2, 1;0,  0;0,  0> +
        (-0.051898,-0.260503)|  32, 0, 2;0,  0;0,  0> +
        (-0.026199, 0.148105)|  32, 2, 0;0,  0;0,  0> +
        (-0.125004, 0.081769)|  21, 1, 2;0,  0;0,  0> +
        (-0.119618, 0.030592)|  31, 2, 0;0,  0;0,  0> +
        (-0.020139,-0.100271)|  33, 0, 2;0,  0;0,  0> +
        ( 0.068036,-0.018888)|  27, 2, 3;0,  0;0,  0> +
        ( 0.014022, 0.067624)|  22, 3, 0;0,  0;0,  0> +
        ( 0.067503,-0.010813)|  22, 1, 2;0,  0;0,  0> +
        (-0.006271, 0.053888)|  33, 2, 0;0,  0;0,  0> +
        ( 0.051780, 0.003104)|  27, 0, 0;0,  0;0,  0> +
        (-0.020455, 0.043868)|  21, 0, 1;0,  0;0,  0> +
        ( 0.041871, 0.009661)|  26, 0, 0;0,  0;0,  0> +
        ( 0.010815, 0.038830)|  17, 0, 3;0,  0;0,  0> +
        (-0.021730, 0.031528)|  22, 0, 1;0,  0;0,  0> +
        (-0.004471,-0.024817)|  30, 0, 2;0,  0;0,  0> +
        (-0.022170,-0.008995)|  21, 3, 0;0,  0;0,  0> +
        (-0.020880, 0.006839)|  22, 1, 0;0,  0;0,  0> +
        (-0.014810,-0.012513)|  31, 0, 2;0,  0;0,  0> +
        ( 0.013977, 0.011582)|  25, 0, 0;0,  0;0,  0> +
        (-0.018040, 0.000316)|  30, 2, 0;0,  0;0,  0> +
        ( 0.007445,-0.015367)|  18, 0, 3;0,  0;0,  0> +
        ( 0.001845,-0.010947)|  30, 3, 2;0,  0;0,  0> +
        ( 0.001339, 0.010740)|  31, 3, 2;0,  0;0,  0> +
        (-0.010563,-0.002355)|  28, 2, 0;0,  0;0,  0> +
        ( 0.003951,-0.009235)|  21, 2, 1;0,  0;0,  0> +
        (-0.000025,-0.009607)|  33, 3, 2;0,  0;0,  0> +
        (-0.002507,-0.006474)|  20, 3, 0;0,  0;0,  0> +
        ( 0.006161,-0.001944)|  24, 2, 3;0,  0;0,  0> +
        (-0.005472, 0.003089)|  29, 3, 2;0,  0;0,  0> +
        ( 0.003881,-0.004749)|  28, 0, 2;0,  0;0,  0> +
        ( 0.003442,-0.000109)|  28, 2, 3;0,  0;0,  0> +
        (-0.002080,-0.001886)|  22, 2, 1;0,  0;0,  0> +
        (-0.000061,-0.002243)|  32, 3, 2;0,  0;0,  0> +
        (-0.001999,-0.000358)|  24, 3, 0;0,  0;0,  0> +
        ( 0.000446,-0.001953)|  32, 1, 1;0,  0;0,  0> +
        (-0.000733, 0.001421)|  29, 2, 3;0,  0;0,  0> +
        ( 0.001351, 0.000706)|  23, 2, 3;0,  0;0,  0> +
        (-0.000125, 0.001459)|  23, 2, 1;0,  0;0,  0> +
        (-0.000128, 0.001284)|  29, 0, 0;0,  0;0,  0> +
        ( 0.001168,-0.000057)|  26, 2, 0;0,  0;0,  0> +
        ( 0.000132,-0.001034)|  19, 2, 1;0,  0;0,  0> +
        ( 0.000506, 0.000747)|  20, 1, 2;0,  0;0,  0> +
        (-0.000750,-0.000341)|  25, 2, 3;0,  0;0,  0> +
        (-0.000272,-0.000707)|  24, 2, 0;0,  0;0,  0> +
        ( 0.000155, 0.000668)|  25, 2, 0;0,  0;0,  0> +
        (-0.000609, 0.000022)|  26, 0, 2;0,  0;0,  0> +
        (-0.000308, 0.000269)|  30, 2, 3;0,  0;0,  0> +
        (-0.000068, 0.000363)|  23, 3, 0;0,  0;0,  0> +
        ( 0.000063,-0.000329)|  23, 1, 2;0,  0;0,  0> +
         ...
 |17> = (-0.549049,-0.188011)|  19, 0, 1;0,  0;0,  0> +
        ( 0.053746,-0.455889)|  18, 2, 1;0,  0;0,  0> +
        ( 0.178395,-0.330564)|  17, 2, 1;0,  0;0,  0> +
        (-0.330465,-0.099447)|  19, 1, 0;0,  0;0,  0> +
        ( 0.290576,-0.026206)|  20, 2, 0;0,  0;0,  0> +
        ( 0.134147,-0.011723)|  29, 2, 0;0,  0;0,  0> +
        (-0.127762,-0.035868)|  25, 3, 2;0,  0;0,  0> +
        (-0.099593, 0.017860)|  19, 0, 2;0,  0;0,  0> +
        (-0.088548,-0.042897)|  19, 1, 2;0,  0;0,  0> +
        ( 0.029691,-0.089807)|  21, 2, 0;0,  0;0,  0> +
        (-0.061078, 0.068136)|  23, 0, 2;0,  0;0,  0> +
        (-0.053511, 0.068386)|  15, 0, 3;0,  0;0,  0> +
        ( 0.054503,-0.045735)|  19, 2, 0;0,  0;0,  0> +
        (-0.012661,-0.058532)|  30, 1, 1;0,  0;0,  0> +
        ( 0.010092, 0.057161)|  31, 1, 1;0,  0;0,  0> +
        (-0.029818, 0.037879)|  24, 0, 2;0,  0;0,  0> +
        (-0.004284,-0.047368)|  23, 0, 0;0,  0;0,  0> +
        ( 0.034223,-0.023416)|  21, 0, 2;0,  0;0,  0> +
        ( 0.039396, 0.009651)|  23, 2, 0;0,  0;0,  0> +
        ( 0.000860, 0.037178)|  19, 3, 0;0,  0;0,  0> +
        ( 0.023271,-0.027649)|  20, 0, 1;0,  0;0,  0> +
        ( 0.010453, 0.031004)|  27, 2, 0;0,  0;0,  0> +
        ( 0.015621,-0.024385)|  22, 0, 2;0,  0;0,  0> +
        (-0.001771,-0.020672)|  27, 0, 2;0,  0;0,  0> +
        ( 0.017214, 0.005952)|  22, 2, 0;0,  0;0,  0> +
        (-0.017825, 0.001073)|  22, 2, 3;0,  0;0,  0> +
        ( 0.006759,-0.014934)|  33, 1, 1;0,  0;0,  0> +
        ( 0.012416,-0.000858)|  21, 2, 3;0,  0;0,  0> +
        ( 0.010332, 0.000157)|  29, 0, 2;0,  0;0,  0> +
        ( 0.000432, 0.009225)|  29, 1, 1;0,  0;0,  0> +
        (-0.007218, 0.005545)|  20, 2, 3;0,  0;0,  0> +
        ( 0.002998, 0.007248)|  24, 2, 0;0,  0;0,  0> +
        (-0.000955,-0.005757)|  24, 3, 2;0,  0;0,  0> +
        (-0.005246,-0.001416)|  28, 1, 1;0,  0;0,  0> +
        (-0.004052,-0.003512)|  25, 0, 2;0,  0;0,  0> +
        ( 0.003291, 0.004155)|  25, 2, 0;0,  0;0,  0> +
        (-0.005167,-0.000953)|  26, 3, 2;0,  0;0,  0> +
        (-0.002309, 0.004280)|  22, 0, 0;0,  0;0,  0> +
        (-0.003523,-0.000520)|  16, 0, 3;0,  0;0,  0> +
        (-0.001354, 0.002374)|  23, 3, 2;0,  0;0,  0> +
        ( 0.002425,-0.001130)|  19, 2, 3;0,  0;0,  0> +
        (-0.001636,-0.001635)|  28, 3, 2;0,  0;0,  0> +
        ( 0.000948, 0.002095)|  20, 1, 2;0,  0;0,  0> +
        ( 0.000661,-0.002106)|  20, 0, 2;0,  0;0,  0> +
        (-0.001734, 0.000462)|  26, 2, 0;0,  0;0,  0> +
        (-0.000721, 0.001623)|  32, 1, 1;0,  0;0,  0> +
        (-0.001283,-0.000513)|  27, 1, 1;0,  0;0,  0> +
        ( 0.000576,-0.001243)|  26, 1, 1;0,  0;0,  0> +
        (-0.001337, 0.000254)|  19, 1, 1;0,  0;0,  0> +
        ( 0.000745, 0.000543)|  19, 2, 1;0,  0;0,  0> +
        (-0.000618, 0.000220)|  20, 3, 0;0,  0;0,  0> +
        ( 0.000420, 0.000288)|  17, 2, 0;0,  0;0,  0> +
        (-0.000437,-0.000199)|  25, 1, 1;0,  0;0,  0> +
        ( 0.000169, 0.000419)|  20, 1, 0;0,  0;0,  0> +
        (-0.000225, 0.000348)|  24, 1, 1;0,  0;0,  0> +
        ( 0.000288,-0.000260)|  16, 2, 1;0,  0;0,  0> +
        ( 0.000145,-0.000328)|  18, 1, 2;0,  0;0,  0> +
        (-0.000241,-0.000265)|  33, 2, 2;0,  0;0,  0> +
        (-0.000160,-0.000301)|  27, 3, 2;0,  0;0,  0> +
         ...
 |18> = ( 0.117499,-0.736831)|  31, 3, 2;0,  0;0,  0> +
        (-0.360743, 0.095387)|  27, 2, 3;0,  0;0,  0> +
        (-0.115653,-0.251617)|  33, 0, 2;0,  0;0,  0> +
        (-0.268737, 0.001211)|  27, 0, 0;0,  0;0,  0> +
        (-0.222096, 0.045310)|  21, 1, 2;0,  0;0,  0> +
        ( 0.003073,-0.188708)|  22, 3, 0;0,  0;0,  0> +
        (-0.086202, 0.167724)|  33, 2, 0;0,  0;0,  0> +
        ( 0.084246,-0.137213)|  22, 0, 1;0,  0;0,  0> +
        (-0.049102,-0.009796)|  26, 0, 0;0,  0;0,  0> +
        ( 0.000191, 0.035433)|  32, 0, 2;0,  0;0,  0> +
        ( 0.026236,-0.003366)|  28, 2, 3;0,  0;0,  0> +
        (-0.010628,-0.019567)|  21, 1, 0;0,  0;0,  0> +
        (-0.015732,-0.010251)|  22, 1, 2;0,  0;0,  0> +
        ( 0.011356, 0.013877)|  20, 2, 1;0,  0;0,  0> +
        ( 0.017132,-0.002294)|  31, 2, 0;0,  0;0,  0> +
        ( 0.003195,-0.016057)|  32, 2, 0;0,  0;0,  0> +
        ( 0.007873, 0.012970)|  26, 2, 3;0,  0;0,  0> +
        (-0.008317, 0.002206)|  18, 0, 3;0,  0;0,  0> +
        (-0.005758, 0.001746)|  30, 2, 0;0,  0;0,  0> +
        (-0.004092,-0.004133)|  26, 2, 0;0,  0;0,  0> +
        ( 0.001649, 0.003880)|  31, 0, 2;0,  0;0,  0> +
        (-0.002370,-0.002382)|  17, 0, 3;0,  0;0,  0> +
        (-0.000881, 0.002714)|  21, 2, 1;0,  0;0,  0> +
        ( 0.001923,-0.001737)|  21, 3, 0;0,  0;0,  0> +
        (-0.000090, 0.002267)|  30, 0, 2;0,  0;0,  0> +
        (-0.002028, 0.000994)|  22, 1, 0;0,  0;0,  0> +
        ( 0.001752,-0.000947)|  20, 3, 0;0,  0;0,  0> +
        (-0.001398,-0.001037)|  25, 0, 0;0,  0;0,  0> +
        ( 0.001053,-0.001166)|  28, 2, 0;0,  0;0,  0> +
        (-0.001263,-0.000584)|  28, 0, 2;0,  0;0,  0> +
        (-0.000799, 0.000850)|  21, 0, 1;0,  0;0,  0> +
        ( 0.000428, 0.000975)|  22, 2, 1;0,  0;0,  0> +
        ( 0.000040,-0.000517)|  29, 3, 2;0,  0;0,  0> +
        ( 0.000470, 0.000201)|  30, 3, 2;0,  0;0,  0> +
        (-0.000482,-0.000053)|  26, 0, 2;0,  0;0,  0> +
        (-0.000465, 0.000046)|  24, 2, 3;0,  0;0,  0> +
         ...
 |19> = ( 0.159561,-0.674030)|  12, 2, 0;0,  0;0,  0> +
        ( 0.067224, 0.522047)|  10, 1, 1;0,  0;0,  0> +
        ( 0.329885,-0.002848)|   9, 3, 0;0,  0;0,  0> +
        (-0.025187,-0.256170)|  16, 1, 3;0,  0;0,  0> +
        (-0.132497,-0.001080)|  24, 3, 3;0,  0;0,  0> +
        ( 0.102240, 0.063803)|  16, 3, 2;0,  0;0,  0> +
        (-0.093806, 0.065401)|  11, 1, 2;0,  0;0,  0> +
        (-0.010990, 0.075918)|  16, 3, 1;0,  0;0,  0> +
        ( 0.065283,-0.029610)|  10, 3, 0;0,  0;0,  0> +
        (-0.002710,-0.056198)|   9, 0, 3;0,  0;0,  0> +
        ( 0.004536,-0.045842)|  15, 3, 1;0,  0;0,  0> +
        ( 0.042443, 0.007268)|  11, 3, 0;0,  0;0,  0> +
        ( 0.024610, 0.033677)|  15, 1, 3;0,  0;0,  0> +
        (-0.015494, 0.027464)|   9, 1, 2;0,  0;0,  0> +
        ( 0.024513,-0.018402)|  10, 1, 2;0,  0;0,  0> +
        (-0.009034, 0.016154)|  12, 0, 1;0,  0;0,  0> +
        (-0.011898, 0.005124)|  11, 2, 0;0,  0;0,  0> +
        ( 0.006564,-0.010305)|  12, 1, 0;0,  0;0,  0> +
        (-0.006473, 0.007144)|  15, 0, 0;0,  0;0,  0> +
        (-0.001680, 0.007473)|  17, 1, 3;0,  0;0,  0> +
        (-0.004932, 0.005441)|  12, 0, 2;0,  0;0,  0> +
        (-0.000334,-0.007122)|  23, 3, 3;0,  0;0,  0> +
        (-0.002672, 0.005315)|  14, 3, 1;0,  0;0,  0> +
        ( 0.005035, 0.000757)|  16, 2, 2;0,  0;0,  0> +
        ( 0.003648, 0.002704)|  17, 3, 1;0,  0;0,  0> +
        ( 0.001058,-0.003835)|  18, 1, 3;0,  0;0,  0> +
        (-0.002926,-0.001462)|  15, 3, 2;0,  0;0,  0> +
        ( 0.003013, 0.000392)|  13, 1, 3;0,  0;0,  0> +
        (-0.000029,-0.002949)|   9, 2, 1;0,  0;0,  0> +
        (-0.002303,-0.000913)|  16, 0, 0;0,  0;0,  0> +
        (-0.001308, 0.002049)|  15, 2, 2;0,  0;0,  0> +
        (-0.002317, 0.000529)|  18, 3, 1;0,  0;0,  0> +
        (-0.000795, 0.002164)|  13, 3, 1;0,  0;0,  0> +
        (-0.000663,-0.002075)|  17, 2, 2;0,  0;0,  0> +
        ( 0.000158,-0.002028)|  25, 3, 3;0,  0;0,  0> +
        ( 0.001107,-0.001320)|  20, 1, 3;0,  0;0,  0> +
        ( 0.000507, 0.001571)|   8, 2, 1;0,  0;0,  0> +
        ( 0.001526,-0.000509)|  12, 2, 3;0,  0;0,  0> +
        ( 0.001379, 0.000741)|  10, 0, 3;0,  0;0,  0> +
        ( 0.001319, 0.000268)|  20, 3, 1;0,  0;0,  0> +
        ( 0.000593,-0.000682)|  22, 3, 3;0,  0;0,  0> +
        (-0.000063,-0.000529)|  11, 0, 2;0,  0;0,  0> +
        ( 0.000487, 0.000110)|  14, 1, 3;0,  0;0,  0> +
        (-0.000282, 0.000383)|  12, 3, 0;0,  0;0,  0> +
        ( 0.000404,-0.000039)|  12, 1, 2;0,  0;0,  0> +
        ( 0.000304, 0.000217)|  11, 1, 1;0,  0;0,  0> +
        (-0.000294,-0.000221)|  11, 2, 3;0,  0;0,  0> +
         ...
 |20> = (-0.893850,-0.008965)|  11, 3, 1;0,  0;0,  0> +
        (-0.002118,-0.398548)|  13, 2, 2;0,  0;0,  0> +
        (-0.132799,-0.035000)|  10, 2, 0;0,  0;0,  0> +
        (-0.042603, 0.076628)|  13, 0, 0;0,  0;0,  0> +
        ( 0.026582,-0.082946)|  10, 3, 1;0,  0;0,  0> +
        (-0.013323,-0.050924)|  10, 1, 0;0,  0;0,  0> +
        (-0.050132,-0.000750)|   9, 2, 3;0,  0;0,  0> +
        (-0.031904,-0.019790)|  11, 3, 2;0,  0;0,  0> +
        ( 0.000750, 0.016327)|  10, 1, 3;0,  0;0,  0> +
        (-0.011340,-0.009999)|  10, 0, 2;0,  0;0,  0> +
        ( 0.007788, 0.012899)|  12, 3, 2;0,  0;0,  0> +
        (-0.007445,-0.010230)|   7, 3, 0;0,  0;0,  0> +
        ( 0.009381, 0.007241)|  17, 3, 3;0,  0;0,  0> +
        (-0.008660,-0.006206)|   8, 1, 1;0,  0;0,  0> +
        (-0.009061,-0.003830)|   7, 0, 3;0,  0;0,  0> +
        (-0.004341,-0.000983)|  10, 0, 1;0,  0;0,  0> +
        (-0.001023,-0.003110)|  12, 2, 2;0,  0;0,  0> +
        ( 0.002629, 0.001192)|  16, 3, 3;0,  0;0,  0> +
        ( 0.002016, 0.000206)|   9, 2, 0;0,  0;0,  0> +
        (-0.000054,-0.001327)|  10, 2, 3;0,  0;0,  0> +
        ( 0.000458,-0.000447)|   9, 1, 3;0,  0;0,  0> +
        ( 0.000205,-0.000500)|   9, 0, 2;0,  0;0,  0> +
        (-0.000360,-0.000261)|  18, 3, 3;0,  0;0,  0> +
        (-0.000098, 0.000418)|   9, 0, 1;0,  0;0,  0> +
         ...
 |21> = (-0.445561, 0.240942)|  13, 0, 3;0,  0;0,  0> +
        (-0.054727,-0.405336)|  31, 3, 1;0,  0;0,  0> +
        (-0.356478, 0.179428)|  29, 3, 1;0,  0;0,  0> +
        ( 0.131641, 0.290168)|  28, 1, 3;0,  0;0,  0> +
        ( 0.205278,-0.015325)|  28, 3, 1;0,  0;0,  0> +
        ( 0.017788, 0.202367)|  16, 2, 0;0,  0;0,  0> +
        ( 0.165973, 0.097151)|  16, 0, 1;0,  0;0,  0> +
        ( 0.061620, 0.162588)|  31, 1, 3;0,  0;0,  0> +
        (-0.105931, 0.098666)|  14, 2, 1;0,  0;0,  0> +
        ( 0.032305, 0.140315)|  12, 0, 3;0,  0;0,  0> +
        (-0.119902, 0.078103)|  29, 1, 3;0,  0;0,  0> +
        (-0.094737, 0.073945)|  16, 1, 0;0,  0;0,  0> +
        (-0.037973,-0.103101)|  20, 1, 1;0,  0;0,  0> +
        (-0.081294,-0.068637)|  15, 0, 2;0,  0;0,  0> +
        ( 0.022434, 0.100861)|  16, 0, 2;0,  0;0,  0> +
        (-0.050917,-0.080830)|  25, 2, 2;0,  0;0,  0> +
        ( 0.092033, 0.011880)|  20, 3, 2;0,  0;0,  0> +
        (-0.055884, 0.066806)|  24, 2, 2;0,  0;0,  0> +
        ( 0.053823,-0.033450)|  20, 0, 0;0,  0;0,  0> +
        (-0.040648, 0.044045)|  16, 1, 2;0,  0;0,  0> +
        (-0.044632,-0.038868)|  15, 1, 1;0,  0;0,  0> +
        ( 0.021368, 0.049436)|  29, 2, 2;0,  0;0,  0> +
        ( 0.013416, 0.045823)|  22, 1, 1;0,  0;0,  0> +
        (-0.038040, 0.010687)|  17, 0, 2;0,  0;0,  0> +
        ( 0.036711,-0.004422)|  27, 2, 2;0,  0;0,  0> +
        ( 0.036789, 0.000893)|  16, 1, 1;0,  0;0,  0> +
        ( 0.011654, 0.025757)|  17, 1, 1;0,  0;0,  0> +
        (-0.027576,-0.002532)|  17, 2, 3;0,  0;0,  0> +
        (-0.026711,-0.005985)|  18, 3, 0;0,  0;0,  0> +
        ( 0.002933,-0.027024)|  26, 3, 1;0,  0;0,  0> +
        (-0.005607,-0.025090)|  17, 3, 0;0,  0;0,  0> +
        ( 0.004771, 0.025155)|  15, 1, 0;0,  0;0,  0> +
        ( 0.022201, 0.002285)|  30, 1, 3;0,  0;0,  0> +
        (-0.018925,-0.009506)|  15, 2, 0;0,  0;0,  0> +
        ( 0.017480, 0.007738)|  15, 3, 0;0,  0;0,  0> +
        (-0.000609,-0.017608)|  27, 3, 1;0,  0;0,  0> +
        ( 0.012976,-0.011887)|  14, 1, 1;0,  0;0,  0> +
        ( 0.013363,-0.010421)|  15, 0, 1;0,  0;0,  0> +
        (-0.014434,-0.003639)|  27, 1, 3;0,  0;0,  0> +
        (-0.009254, 0.008838)|  21, 1, 1;0,  0;0,  0> +
        (-0.010111,-0.001964)|  30, 3, 1;0,  0;0,  0> +
        ( 0.005719, 0.008195)|  13, 2, 1;0,  0;0,  0> +
        (-0.000325, 0.009895)|  16, 2, 3;0,  0;0,  0> +
        (-0.007446, 0.006421)|  19, 0, 0;0,  0;0,  0> +
        (-0.008085,-0.001741)|  26, 1, 3;0,  0;0,  0> +
        (-0.006081,-0.005008)|  16, 3, 0;0,  0;0,  0> +
        ( 0.007114, 0.003358)|  14, 0, 3;0,  0;0,  0> +
        (-0.005725,-0.004807)|  23, 1, 1;0,  0;0,  0> +
        ( 0.002167,-0.006069)|  19, 3, 2;0,  0;0,  0> +
        (-0.004798, 0.004270)|  23, 2, 2;0,  0;0,  0> +
        (-0.002235,-0.005599)|  17, 1, 2;0,  0;0,  0> +
        ( 0.006007, 0.000013)|  22, 2, 2;0,  0;0,  0> +
        ( 0.005393,-0.001239)|  11, 0, 3;0,  0;0,  0> +
        (-0.004392,-0.002029)|  15, 2, 1;0,  0;0,  0> +
        (-0.004487,-0.000624)|  18, 2, 0;0,  0;0,  0> +
        ( 0.003573,-0.000835)|  18, 1, 2;0,  0;0,  0> +
        ( 0.001062,-0.002446)|  24, 1, 3;0,  0;0,  0> +
        ( 0.000263, 0.002274)|  33, 1, 3;0,  0;0,  0> +
        (-0.001189, 0.001553)|  26, 2, 2;0,  0;0,  0> +
        ( 0.001715, 0.000424)|  15, 1, 2;0,  0;0,  0> +
        ( 0.001355,-0.000502)|  14, 2, 0;0,  0;0,  0> +
        ( 0.000664,-0.001232)|  33, 3, 3;0,  0;0,  0> +
        (-0.000507,-0.001263)|  16, 2, 1;0,  0;0,  0> +
        ( 0.001000,-0.000600)|  19, 2, 2;0,  0;0,  0> +
        (-0.000244,-0.001112)|  15, 2, 3;0,  0;0,  0> +
        (-0.000272,-0.001013)|  12, 2, 1;0,  0;0,  0> +
        (-0.000442, 0.000850)|  32, 3, 3;0,  0;0,  0> +
        ( 0.000698, 0.000009)|  25, 1, 3;0,  0;0,  0> +
        (-0.000120,-0.000606)|  19, 1, 1;0,  0;0,  0> +
        (-0.000233, 0.000495)|  20, 2, 2;0,  0;0,  0> +
        (-0.000307, 0.000350)|  18, 0, 0;0,  0;0,  0> +
        (-0.000299, 0.000355)|  24, 3, 1;0,  0;0,  0> +
        (-0.000451,-0.000104)|  13, 1, 1;0,  0;0,  0> +
         ...
 |22> = ( 0.595147, 0.155491)|  12, 0, 3;0,  0;0,  0> +
        (-0.398127,-0.123974)|  16, 0, 2;0,  0;0,  0> +
        ( 0.037208, 0.367393)|  15, 1, 0;0,  0;0,  0> +
        (-0.274073, 0.083980)|  14, 2, 1;0,  0;0,  0> +
        ( 0.053534,-0.254447)|  19, 0, 0;0,  0;0,  0> +
        ( 0.005025, 0.241139)|  15, 1, 1;0,  0;0,  0> +
        (-0.083166,-0.172878)|  16, 2, 0;0,  0;0,  0> +
        ( 0.029307,-0.114977)|  16, 1, 2;0,  0;0,  0> +
        ( 0.086673, 0.051291)|  27, 3, 1;0,  0;0,  0> +
        (-0.073847, 0.049551)|  15, 0, 2;0,  0;0,  0> +
        ( 0.006404, 0.085167)|  26, 1, 3;0,  0;0,  0> +
        ( 0.053011,-0.055943)|  22, 2, 2;0,  0;0,  0> +
        ( 0.002854,-0.064839)|  19, 3, 2;0,  0;0,  0> +
        (-0.006172, 0.061961)|  14, 1, 1;0,  0;0,  0> +
        ( 0.001445,-0.047036)|  13, 0, 3;0,  0;0,  0> +
        ( 0.007975,-0.040902)|  16, 2, 3;0,  0;0,  0> +
        ( 0.035971, 0.017758)|  16, 3, 0;0,  0;0,  0> +
        (-0.000489,-0.039072)|  26, 3, 1;0,  0;0,  0> +
        (-0.011454, 0.036851)|  27, 1, 3;0,  0;0,  0> +
        (-0.005972, 0.032408)|  15, 0, 1;0,  0;0,  0> +
        ( 0.029520, 0.012291)|  20, 1, 1;0,  0;0,  0> +
        (-0.022302, 0.007297)|  15, 2, 0;0,  0;0,  0> +
        ( 0.002723,-0.023255)|  29, 1, 3;0,  0;0,  0> +
        ( 0.004389, 0.021384)|  23, 2, 2;0,  0;0,  0> +
        ( 0.015609,-0.012586)|  24, 1, 3;0,  0;0,  0> +
        ( 0.005024, 0.010645)|  28, 1, 3;0,  0;0,  0> +
        ( 0.008041, 0.005169)|  29, 3, 1;0,  0;0,  0> +
        (-0.004232,-0.007925)|  15, 3, 0;0,  0;0,  0> +
        ( 0.003514,-0.007005)|  13, 2, 1;0,  0;0,  0> +
        (-0.005366,-0.003853)|  16, 1, 0;0,  0;0,  0> +
        ( 0.003874,-0.004709)|  11, 0, 3;0,  0;0,  0> +
        (-0.000017,-0.004467)|  16, 0, 1;0,  0;0,  0> +
        ( 0.001660,-0.003059)|  25, 1, 3;0,  0;0,  0> +
        ( 0.000826, 0.002279)|  28, 3, 1;0,  0;0,  0> +
        (-0.002048, 0.000864)|  33, 3, 3;0,  0;0,  0> +
        (-0.000194,-0.002095)|  31, 3, 1;0,  0;0,  0> +
        (-0.000788, 0.001914)|  12, 2, 1;0,  0;0,  0> +
        ( 0.000432, 0.001461)|  31, 1, 3;0,  0;0,  0> +
        ( 0.000159, 0.001338)|  24, 3, 1;0,  0;0,  0> +
        ( 0.000230,-0.001054)|  14, 2, 0;0,  0;0,  0> +
        ( 0.000443,-0.000922)|  32, 3, 3;0,  0;0,  0> +
        (-0.000537,-0.000403)|  17, 0, 2;0,  0;0,  0> +
        (-0.000555,-0.000326)|  19, 2, 2;0,  0;0,  0> +
        (-0.000353,-0.000518)|  17, 1, 1;0,  0;0,  0> +
        ( 0.000294, 0.000499)|  18, 0, 0;0,  0;0,  0> +
        ( 0.000481, 0.000209)|  14, 0, 2;0,  0;0,  0> +
        ( 0.000022,-0.000470)|  25, 3, 1;0,  0;0,  0> +
        ( 0.000373,-0.000256)|  15, 1, 2;0,  0;0,  0> +
        (-0.000350, 0.000176)|  15, 2, 3;0,  0;0,  0> +
        ( 0.000377, 0.000043)|  13, 1, 1;0,  0;0,  0> +
        ( 0.000022,-0.000341)|  21, 2, 2;0,  0;0,  0> +
         ...
 |23> = (-0.458445,-0.193577)|  13, 1, 1;0,  0;0,  0> +
        ( 0.400762, 0.197015)|  14, 2, 0;0,  0;0,  0> +
        (-0.364514, 0.196707)|  18, 0, 0;0,  0;0,  0> +
        ( 0.188733,-0.269743)|  24, 3, 1;0,  0;0,  0> +
        (-0.273733, 0.059147)|  25, 3, 1;0,  0;0,  0> +
        (-0.077326,-0.224725)|  15, 1, 2;0,  0;0,  0> +
        (-0.104184, 0.146356)|  11, 0, 3;0,  0;0,  0> +
        (-0.065675, 0.146388)|  15, 2, 3;0,  0;0,  0> +
        ( 0.111867,-0.107764)|  20, 2, 2;0,  0;0,  0> +
        ( 0.118365,-0.068726)|  19, 2, 2;0,  0;0,  0> +
        ( 0.123224, 0.004052)|  21, 2, 2;0,  0;0,  0> +
        ( 0.104759,-0.005779)|  25, 1, 3;0,  0;0,  0> +
        (-0.065234, 0.013325)|  15, 2, 0;0,  0;0,  0> +
        (-0.026061, 0.022218)|  12, 2, 1;0,  0;0,  0> +
        (-0.034109,-0.001811)|  32, 3, 3;0,  0;0,  0> +
        ( 0.001972,-0.030333)|  14, 1, 1;0,  0;0,  0> +
        ( 0.000729, 0.029491)|  13, 2, 1;0,  0;0,  0> +
        ( 0.024014, 0.012485)|  15, 3, 0;0,  0;0,  0> +
        ( 0.024425,-0.006277)|  14, 0, 2;0,  0;0,  0> +
        ( 0.016180, 0.005070)|  15, 0, 2;0,  0;0,  0> +
        (-0.003331, 0.013436)|  24, 1, 3;0,  0;0,  0> +
        ( 0.002899, 0.010778)|  26, 1, 3;0,  0;0,  0> +
        ( 0.000072,-0.009401)|  27, 1, 3;0,  0;0,  0> +
        ( 0.009340,-0.000090)|  31, 3, 3;0,  0;0,  0> +
        (-0.004473,-0.007862)|  18, 3, 2;0,  0;0,  0> +
        (-0.004041,-0.001980)|  27, 3, 1;0,  0;0,  0> +
        (-0.001618,-0.003945)|  23, 3, 1;0,  0;0,  0> +
        (-0.003980,-0.000897)|  33, 3, 3;0,  0;0,  0> +
        (-0.003317,-0.002102)|  30, 3, 3;0,  0;0,  0> +
        (-0.000144, 0.003792)|  19, 0, 0;0,  0;0,  0> +
        ( 0.000881, 0.003674)|  15, 1, 0;0,  0;0,  0> +
        (-0.000398, 0.003616)|  21, 1, 3;0,  0;0,  0> +
        ( 0.001706,-0.002832)|  13, 3, 0;0,  0;0,  0> +
        (-0.001021,-0.002807)|  14, 3, 0;0,  0;0,  0> +
        ( 0.001096,-0.002770)|  16, 2, 0;0,  0;0,  0> +
        ( 0.001415, 0.002584)|  12, 1, 1;0,  0;0,  0> +
        ( 0.002578,-0.000978)|  23, 1, 3;0,  0;0,  0> +
        (-0.002414, 0.001179)|  16, 0, 2;0,  0;0,  0> +
        (-0.001345, 0.002118)|  15, 1, 1;0,  0;0,  0> +
        ( 0.002207, 0.000427)|  22, 3, 1;0,  0;0,  0> +
        (-0.001686, 0.001180)|  15, 0, 1;0,  0;0,  0> +
        ( 0.001698,-0.000138)|  19, 1, 3;0,  0;0,  0> +
        ( 0.000945,-0.001355)|  14, 1, 2;0,  0;0,  0> +
        ( 0.001434, 0.000330)|  12, 0, 3;0,  0;0,  0> +
        ( 0.000697,-0.001240)|  22, 2, 2;0,  0;0,  0> +
        (-0.001121,-0.000137)|  22, 1, 3;0,  0;0,  0> +
        ( 0.000182,-0.000934)|  19, 3, 2;0,  0;0,  0> +
        (-0.000628, 0.000191)|  13, 0, 2;0,  0;0,  0> +
        ( 0.000627, 0.000038)|  16, 3, 0;0,  0;0,  0> +
        (-0.000527,-0.000187)|  23, 2, 2;0,  0;0,  0> +
        (-0.000503,-0.000162)|  17, 3, 2;0,  0;0,  0> +
        (-0.000476, 0.000001)|  11, 2, 1;0,  0;0,  0> +
        (-0.000350, 0.000249)|  21, 3, 1;0,  0;0,  0> +
        (-0.000261, 0.000243)|  19, 3, 1;0,  0;0,  0> +
        ( 0.000026,-0.000324)|  16, 2, 3;0,  0;0,  0> +
         ...
 |24> = ( 0.589962, 0.155316)|  10, 1, 2;0,  0;0,  0> +
        ( 0.074997, 0.556571)|  15, 0, 0;0,  0;0,  0> +
        (-0.089010, 0.299489)|  22, 3, 3;0,  0;0,  0> +
        (-0.238052, 0.155928)|   9, 1, 2;0,  0;0,  0> +
        ( 0.170121, 0.134339)|  12, 2, 3;0,  0;0,  0> +
        (-0.166676,-0.052757)|  12, 0, 2;0,  0;0,  0> +
        (-0.119195, 0.005253)|  14, 1, 3;0,  0;0,  0> +
        (-0.095568,-0.037063)|   9, 3, 0;0,  0;0,  0> +
        ( 0.014246, 0.095743)|  15, 3, 2;0,  0;0,  0> +
        ( 0.063550,-0.053884)|  10, 3, 0;0,  0;0,  0> +
        (-0.001342, 0.073537)|  11, 2, 0;0,  0;0,  0> +
        (-0.022559, 0.054549)|  12, 1, 0;0,  0;0,  0> +
        ( 0.014609,-0.043569)|  13, 1, 3;0,  0;0,  0> +
        (-0.017844,-0.034851)|  14, 3, 1;0,  0;0,  0> +
        ( 0.028902,-0.012115)|  12, 0, 1;0,  0;0,  0> +
        ( 0.025715,-0.012706)|  16, 2, 2;0,  0;0,  0> +
        (-0.003477,-0.020019)|  15, 2, 2;0,  0;0,  0> +
        ( 0.003771, 0.013532)|  23, 3, 3;0,  0;0,  0> +
        ( 0.010645, 0.004709)|  13, 3, 1;0,  0;0,  0> +
        ( 0.004963, 0.005876)|   8, 2, 1;0,  0;0,  0> +
        (-0.000114,-0.005457)|  12, 2, 0;0,  0;0,  0> +
        ( 0.003253,-0.000247)|  11, 2, 3;0,  0;0,  0> +
        ( 0.001422,-0.002842)|  14, 3, 2;0,  0;0,  0> +
        ( 0.002979, 0.001033)|  11, 0, 2;0,  0;0,  0> +
        (-0.002060,-0.001048)|  11, 0, 1;0,  0;0,  0> +
        (-0.000004, 0.001708)|  16, 1, 3;0,  0;0,  0> +
        ( 0.000886,-0.000034)|   9, 1, 1;0,  0;0,  0> +
        (-0.000702,-0.000276)|  11, 1, 0;0,  0;0,  0> +
        (-0.000135, 0.000687)|  15, 3, 1;0,  0;0,  0> +
        (-0.000455,-0.000524)|  15, 1, 3;0,  0;0,  0> +
        (-0.000569, 0.000368)|  10, 1, 1;0,  0;0,  0> +
        ( 0.000656,-0.000018)|  11, 1, 2;0,  0;0,  0> +
        ( 0.000473, 0.000436)|   8, 1, 2;0,  0;0,  0> +
        (-0.000318, 0.000525)|  14, 2, 2;0,  0;0,  0> +
        ( 0.000132,-0.000462)|  16, 3, 1;0,  0;0,  0> +
        ( 0.000041,-0.000429)|  12, 1, 3;0,  0;0,  0> +
        ( 0.000264,-0.000309)|  11, 3, 0;0,  0;0,  0> +
        (-0.000141, 0.000296)|  21, 3, 3;0,  0;0,  0> +
         ...
