p1430
# Parameters of the model
#  mass:		     25.30 u
#  charge:	      1.00 e
#  dipole:	      3.00 D
#  B:		 191477.00 MHz
#  omega_rho:	      1.40 MHz
#  omega_z:	      0.05 MHz

# Basis truncation:	|34,4,4;2,2>
# omega_1:	      0.09 MHz
# omega_3/5:	      1.40 MHz
# Basis size:		44064

# Active terms of the Hamiltionian:
# 	Nomal modes:	1
# 	T_rot:      	1
# 	V_qd^{(0)}: 	1
# 	V_qd^{(1)}: 	1
# 	V_dd^{(0)}: 	1

# Results of the diagonalisation

# 100 smallest eigenvalues
 -3012.052001953 -2738.647460938 -2533.493164062 -2407.870361328 -2383.718994141 -2360.954589844 -2328.500000000 -2323.699707031 -1981.975097656 -1933.777709961 -1929.658691406 -1891.668212891 -1815.805053711 -1781.633178711 -1770.563110352 -1747.487548828 -1699.366210938 -1669.723510742 -1667.498901367 -1618.959838867 -1587.777587891 -1544.418457031 -1529.147705078 -1500.447875977 -1463.118408203 -1453.004028320 -1426.070800781 -1422.275634766 -1383.995483398 -1374.221801758 -1341.016723633 -1337.300048828 -1332.650390625 -1326.188842773 -1323.898559570 -1294.186157227 -1272.633789062 -1258.824218750 -1242.837402344 -1218.521972656 -1212.788696289 -1202.865722656 -1162.175415039 -1146.812500000 -1135.599121094 -1111.410766602 -1065.970458984 -1054.128051758 -1053.373168945 -1044.291137695 -1015.297912598 -1006.282165527 -973.302734375 -951.343872070 -940.800415039 -904.985168457 -901.479919434 -898.276245117 -885.592712402 -884.386596680 -876.925170898 -861.216796875 -846.757568359 -841.223815918 -835.860351562 -831.753479004 -826.474060059 -824.269531250 -821.605102539 -820.143249512 -817.237304688 -815.650817871 -815.181396484 -814.841064453 -796.842224121 -740.935424805 -736.979492188 -730.018554688 -728.349243164 -727.302307129 -727.195739746 -725.065551758 -724.971801758 -720.001831055 -712.580322266 -683.875427246 -680.573425293 -678.539672852 -670.739868164 -669.831420898 -661.077453613 -652.625183105 -646.712036133 -635.560241699 -634.175537109 -633.823852539 -627.418212891 -618.492736816 -618.465026855 -613.701904297

# Ground state and the lowest excitations:
 | 0> = ( 0.519783, 0.359076)|  24, 3, 1;0,  0;0,  0> +
        (-0.580867,-0.184963)|  17, 1, 2;0,  0;0,  0> +
        (-0.258426, 0.000534)|  22, 2, 2;0,  0;0,  0> +
        (-0.215331,-0.016810)|  25, 0, 2;0,  0;0,  0> +
        ( 0.022466, 0.183509)|  17, 0, 3;0,  0;0,  0> +
        ( 0.179245, 0.039488)|  21, 3, 2;0,  0;0,  0> +
        ( 0.040035, 0.146511)|  23, 2, 2;0,  0;0,  0> +
        (-0.010129, 0.110196)|  26, 0, 2;0,  0;0,  0> +
        (-0.054020,-0.051751)|  18, 3, 0;0,  0;0,  0> +
        (-0.013336, 0.036869)|  24, 1, 1;0,  0;0,  0> +
        (-0.034281,-0.013466)|  17, 2, 1;0,  0;0,  0> +
        (-0.012733, 0.029899)|  17, 3, 0;0,  0;0,  0> +
        ( 0.015626, 0.020297)|  25, 3, 1;0,  0;0,  0> +
        ( 0.000585,-0.020688)|  23, 1, 1;0,  0;0,  0> +
        (-0.010368, 0.008473)|  16, 1, 2;0,  0;0,  0> +
        (-0.011901, 0.002891)|  31, 3, 3;0,  0;0,  0> +
        ( 0.003952,-0.011418)|  18, 2, 1;0,  0;0,  0> +
        ( 0.011841, 0.001454)|  20, 2, 1;0,  0;0,  0> +
        ( 0.003973,-0.009647)|  25, 1, 0;0,  0;0,  0> +
        (-0.007535,-0.005411)|  20, 3, 0;0,  0;0,  0> +
        ( 0.003753, 0.007987)|  18, 0, 3;0,  0;0,  0> +
        ( 0.006754,-0.005619)|  21, 2, 3;0,  0;0,  0> +
        ( 0.000553,-0.008203)|  23, 0, 1;0,  0;0,  0> +
        (-0.006724, 0.003303)|  21, 2, 2;0,  0;0,  0> +
        (-0.006580, 0.002481)|  22, 3, 2;0,  0;0,  0> +
        ( 0.006445,-0.000599)|  29, 1, 0;0,  0;0,  0> +
        (-0.002116, 0.006106)|  24, 1, 0;0,  0;0,  0> +
        (-0.000252, 0.005915)|  31, 3, 1;0,  0;0,  0> +
        (-0.005817, 0.000838)|  22, 0, 1;0,  0;0,  0> +
        ( 0.004368, 0.003871)|  25, 1, 3;0,  0;0,  0> +
        (-0.003230,-0.004684)|  32, 3, 1;0,  0;0,  0> +
        ( 0.005297,-0.001641)|  24, 2, 2;0,  0;0,  0> +
        (-0.001510,-0.004960)|  30, 3, 1;0,  0;0,  0> +
        ( 0.004984,-0.000720)|  19, 3, 0;0,  0;0,  0> +
        ( 0.003270, 0.003705)|  27, 2, 2;0,  0;0,  0> +
        (-0.000768, 0.004824)|  20, 0, 3;0,  0;0,  0> +
        ( 0.004804, 0.000037)|  22, 2, 3;0,  0;0,  0> +
        (-0.004669, 0.000960)|  22, 3, 1;0,  0;0,  0> +
        (-0.003764,-0.002697)|  26, 1, 1;0,  0;0,  0> +
        ( 0.004396, 0.000745)|  24, 0, 1;0,  0;0,  0> +
        ( 0.000530, 0.004361)|  31, 2, 0;0,  0;0,  0> +
        ( 0.002591,-0.003489)|  27, 1, 3;0,  0;0,  0> +
        ( 0.001684,-0.003845)|  31, 0, 2;0,  0;0,  0> +
        ( 0.003765, 0.001740)|  21, 0, 3;0,  0;0,  0> +
        ( 0.003913,-0.000085)|  33, 3, 3;0,  0;0,  0> +
        (-0.003172,-0.002095)|  19, 2, 1;0,  0;0,  0> +
        (-0.003479,-0.000296)|  24, 1, 3;0,  0;0,  0> +
        ( 0.002659, 0.002213)|  26, 3, 1;0,  0;0,  0> +
        (-0.001087, 0.003265)|  21, 2, 1;0,  0;0,  0> +
        ( 0.003423,-0.000097)|  26, 2, 2;0,  0;0,  0> +
        (-0.001049, 0.003195)|  28, 2, 3;0,  0;0,  0> +
        ( 0.000518, 0.003292)|  31, 1, 3;0,  0;0,  0> +
        ( 0.000319, 0.003184)|  33, 3, 1;0,  0;0,  0> +
        ( 0.002140, 0.002334)|  18, 1, 2;0,  0;0,  0> +
        ( 0.000854, 0.003041)|  22, 3, 0;0,  0;0,  0> +
        (-0.000311, 0.003132)|  26, 1, 3;0,  0;0,  0> +
        (-0.002906, 0.000935)|  25, 3, 2;0,  0;0,  0> +
        ( 0.002051,-0.002227)|  22, 2, 1;0,  0;0,  0> +
        ( 0.002442,-0.001774)|  26, 2, 0;0,  0;0,  0> +
        (-0.001000,-0.002844)|  33, 0, 0;0,  0;0,  0> +
        ( 0.002763,-0.000795)|  23, 2, 3;0,  0;0,  0> +
        (-0.001947, 0.002109)|  24, 2, 3;0,  0;0,  0> +
        (-0.002103, 0.001950)|  32, 0, 0;0,  0;0,  0> +
        (-0.000792, 0.002693)|  32, 2, 2;0,  0;0,  0> +
        ( 0.000016,-0.002806)|  23, 1, 0;0,  0;0,  0> +
        (-0.000174, 0.002768)|  26, 2, 3;0,  0;0,  0> +
        ( 0.001095, 0.002540)|  30, 1, 3;0,  0;0,  0> +
        ( 0.000481,-0.002659)|  28, 3, 1;0,  0;0,  0> +
        ( 0.001162,-0.002254)|  22, 1, 2;0,  0;0,  0> +
        ( 0.002494,-0.000282)|  27, 0, 2;0,  0;0,  0> +
        ( 0.001105,-0.002148)|  29, 0, 2;0,  0;0,  0> +
        (-0.000870,-0.002193)|  25, 0, 1;0,  0;0,  0> +
        ( 0.002355, 0.000051)|  24, 1, 2;0,  0;0,  0> +
        ( 0.002251, 0.000534)|  19, 1, 2;0,  0;0,  0> +
        (-0.002216,-0.000025)|  28, 0, 1;0,  0;0,  0> +
        (-0.001366, 0.001727)|  25, 2, 2;0,  0;0,  0> +
        ( 0.001936, 0.000818)|  32, 1, 3;0,  0;0,  0> +
        ( 0.000772,-0.001937)|  21, 1, 2;0,  0;0,  0> +
        (-0.000448,-0.002014)|  23, 3, 1;0,  0;0,  0> +
        (-0.001946, 0.000404)|  27, 2, 3;0,  0;0,  0> +
        ( 0.001785,-0.000800)|  20, 1, 2;0,  0;0,  0> +
        (-0.001886, 0.000427)|  25, 2, 0;0,  0;0,  0> +
        ( 0.001034, 0.001583)|  26, 1, 0;0,  0;0,  0> +
        (-0.001695,-0.000798)|  33, 1, 3;0,  0;0,  0> +
        (-0.000538, 0.001743)|  26, 3, 2;0,  0;0,  0> +
        (-0.001741, 0.000425)|  29, 1, 1;0,  0;0,  0> +
        ( 0.001464,-0.001021)|  27, 3, 1;0,  0;0,  0> +
        ( 0.001635,-0.000636)|  22, 0, 3;0,  0;0,  0> +
        ( 0.000151,-0.001747)|  28, 2, 0;0,  0;0,  0> +
        (-0.000583, 0.001573)|  27, 0, 1;0,  0;0,  0> +
        (-0.001382, 0.000883)|  28, 1, 1;0,  0;0,  0> +
        ( 0.000203,-0.001588)|  27, 1, 1;0,  0;0,  0> +
        (-0.000886, 0.001295)|  22, 1, 1;0,  0;0,  0> +
        ( 0.001506, 0.000338)|  25, 1, 1;0,  0;0,  0> +
        (-0.001474,-0.000407)|  30, 0, 2;0,  0;0,  0> +
        ( 0.001497,-0.000299)|  26, 0, 1;0,  0;0,  0> +
        ( 0.001367,-0.000300)|  22, 1, 0;0,  0;0,  0> +
        (-0.001341, 0.000197)|  23, 0, 3;0,  0;0,  0> +
        ( 0.000878,-0.001000)|  30, 2, 0;0,  0;0,  0> +
        ( 0.001275,-0.000362)|  28, 0, 2;0,  0;0,  0> +
        (-0.001304,-0.000142)|  29, 3, 1;0,  0;0,  0> +
        (-0.001178,-0.000393)|  27, 3, 2;0,  0;0,  0> +
        ( 0.001164, 0.000274)|  23, 3, 0;0,  0;0,  0> +
        ( 0.001131, 0.000171)|  28, 1, 3;0,  0;0,  0> +
        ( 0.001120,-0.000160)|  28, 1, 0;0,  0;0,  0> +
        ( 0.000057, 0.001125)|  23, 3, 2;0,  0;0,  0> +
        (-0.001106, 0.000160)|  29, 3, 2;0,  0;0,  0> +
        (-0.000649, 0.000755)|  31, 2, 2;0,  0;0,  0> +
        ( 0.000076,-0.000916)|  29, 2, 3;0,  0;0,  0> +
        (-0.000827, 0.000384)|  29, 2, 0;0,  0;0,  0> +
        (-0.000463,-0.000782)|  28, 2, 2;0,  0;0,  0> +
        ( 0.000536, 0.000717)|  19, 0, 3;0,  0;0,  0> +
        (-0.000853, 0.000086)|  29, 1, 3;0,  0;0,  0> +
        (-0.000059,-0.000804)|  32, 0, 2;0,  0;0,  0> +
        ( 0.000035, 0.000689)|  30, 1, 1;0,  0;0,  0> +
        ( 0.000084,-0.000679)|  27, 1, 0;0,  0;0,  0> +
        (-0.000072, 0.000649)|  29, 2, 2;0,  0;0,  0> +
        (-0.000221, 0.000610)|  24, 2, 0;0,  0;0,  0> +
        ( 0.000134,-0.000625)|  27, 2, 0;0,  0;0,  0> +
        ( 0.000415,-0.000360)|  23, 1, 2;0,  0;0,  0> +
        ( 0.000487, 0.000233)|  28, 3, 2;0,  0;0,  0> +
        ( 0.000473, 0.000064)|  32, 3, 3;0,  0;0,  0> +
        ( 0.000439, 0.000015)|  30, 2, 2;0,  0;0,  0> +
        ( 0.000393, 0.000159)|  32, 2, 0;0,  0;0,  0> +
        (-0.000038, 0.000414)|  29, 0, 1;0,  0;0,  0> +
        ( 0.000082, 0.000401)|  23, 1, 3;0,  0;0,  0> +
        ( 0.000398,-0.000092)|  24, 3, 2;0,  0;0,  0> +
        ( 0.000329,-0.000061)|  30, 3, 3;0,  0;0,  0> +
        (-0.000289, 0.000141)|  16, 0, 3;0,  0;0,  0> +
         ...
 | 1> = (-0.671336,-0.410636)|  22, 0, 0;0,  0;0,  0> +
        (-0.069736, 0.561147)|  13, 3, 1;0,  0;0,  0> +
        (-0.176114, 0.049879)|  13, 1, 3;0,  0;0,  0> +
        (-0.078568, 0.034473)|  15, 1, 0;0,  0;0,  0> +
        (-0.019212,-0.067044)|  14, 3, 2;0,  0;0,  0> +
        ( 0.038113,-0.043253)|  16, 2, 0;0,  0;0,  0> +
        ( 0.033952,-0.044306)|  15, 0, 1;0,  0;0,  0> +
        (-0.045380, 0.030600)|  14, 2, 3;0,  0;0,  0> +
        ( 0.017131, 0.039812)|  16, 0, 2;0,  0;0,  0> +
        ( 0.000898, 0.027607)|  14, 1, 3;0,  0;0,  0> +
        (-0.011906, 0.024865)|  14, 1, 1;0,  0;0,  0> +
        (-0.002314, 0.021287)|  15, 0, 2;0,  0;0,  0> +
        ( 0.018927,-0.007374)|  14, 2, 2;0,  0;0,  0> +
        ( 0.015208, 0.010289)|  14, 3, 1;0,  0;0,  0> +
        (-0.000389,-0.010378)|  11, 2, 1;0,  0;0,  0> +
        (-0.008401,-0.005999)|  11, 1, 2;0,  0;0,  0> +
        (-0.001049,-0.010066)|  11, 0, 3;0,  0;0,  0> +
        (-0.002096, 0.009454)|  16, 0, 1;0,  0;0,  0> +
        (-0.009613, 0.000108)|  12, 1, 2;0,  0;0,  0> +
        ( 0.003394, 0.008489)|  19, 3, 3;0,  0;0,  0> +
        (-0.008169, 0.003448)|  11, 3, 0;0,  0;0,  0> +
        ( 0.000587, 0.008014)|  17, 2, 0;0,  0;0,  0> +
        (-0.007687, 0.001136)|  12, 3, 0;0,  0;0,  0> +
        (-0.007470, 0.000704)|  16, 1, 0;0,  0;0,  0> +
        (-0.005176, 0.004896)|  20, 3, 3;0,  0;0,  0> +
        ( 0.004215, 0.004549)|   9, 1, 2;0,  0;0,  0> +
        (-0.005548, 0.002575)|  15, 3, 1;0,  0;0,  0> +
        ( 0.005940, 0.000062)|  23, 0, 0;0,  0;0,  0> +
        ( 0.000589, 0.005773)|  15, 1, 1;0,  0;0,  0> +
        (-0.004550,-0.000333)|  22, 3, 3;0,  0;0,  0> +
        ( 0.001853,-0.003210)|  10, 3, 0;0,  0;0,  0> +
        (-0.002478,-0.001939)|  15, 2, 0;0,  0;0,  0> +
        ( 0.002103, 0.002140)|  13, 2, 2;0,  0;0,  0> +
        ( 0.002022,-0.001936)|  16, 2, 3;0,  0;0,  0> +
        (-0.002668, 0.000716)|  15, 3, 2;0,  0;0,  0> +
        ( 0.001866, 0.001986)|  17, 1, 0;0,  0;0,  0> +
        (-0.001982,-0.001707)|  21, 3, 3;0,  0;0,  0> +
        (-0.001847, 0.001793)|  12, 0, 3;0,  0;0,  0> +
        (-0.002431,-0.000080)|  18, 0, 2;0,  0;0,  0> +
        ( 0.001188, 0.002110)|  21, 0, 0;0,  0;0,  0> +
        ( 0.002099,-0.000756)|  15, 2, 3;0,  0;0,  0> +
        (-0.001991,-0.000727)|  18, 2, 0;0,  0;0,  0> +
        (-0.000117, 0.001937)|  12, 2, 1;0,  0;0,  0> +
        (-0.001788,-0.000136)|  24, 0, 0;0,  0;0,  0> +
        (-0.001105,-0.000432)|  23, 3, 3;0,  0;0,  0> +
        ( 0.000370, 0.001105)|  13, 1, 1;0,  0;0,  0> +
        (-0.000955, 0.000623)|  16, 1, 3;0,  0;0,  0> +
        (-0.000786,-0.000199)|  17, 0, 1;0,  0;0,  0> +
        (-0.000080,-0.000784)|  17, 1, 3;0,  0;0,  0> +
        (-0.000456, 0.000615)|  13, 2, 3;0,  0;0,  0> +
        ( 0.000552,-0.000221)|  16, 1, 1;0,  0;0,  0> +
        (-0.000519, 0.000254)|   9, 3, 0;0,  0;0,  0> +
        (-0.000119, 0.000564)|  16, 3, 1;0,  0;0,  0> +
        (-0.000379, 0.000360)|  19, 0, 2;0,  0;0,  0> +
        ( 0.000017,-0.000503)|  12, 3, 1;0,  0;0,  0> +
        ( 0.000331,-0.000321)|  17, 0, 2;0,  0;0,  0> +
        (-0.000288, 0.000219)|  15, 2, 2;0,  0;0,  0> +
        (-0.000302,-0.000176)|  18, 1, 0;0,  0;0,  0> +
         ...
 | 2> = (-0.643040, 0.603419)|  20, 0, 2;0,  0;0,  0> +
        ( 0.221345, 0.095276)|  13, 3, 0;0,  0;0,  0> +
        (-0.191669,-0.080381)|  13, 1, 2;0,  0;0,  0> +
        (-0.180159, 0.014828)|  16, 2, 2;0,  0;0,  0> +
        ( 0.076916,-0.136582)|  24, 3, 3;0,  0;0,  0> +
        ( 0.024552, 0.123139)|  19, 2, 0;0,  0;0,  0> +
        ( 0.116613, 0.030169)|  19, 0, 2;0,  0;0,  0> +
        (-0.104030, 0.057741)|  13, 0, 3;0,  0;0,  0> +
        (-0.022893, 0.076367)|  18, 1, 3;0,  0;0,  0> +
        ( 0.027578,-0.046099)|  17, 2, 3;0,  0;0,  0> +
        (-0.033029, 0.038845)|  17, 1, 1;0,  0;0,  0> +
        (-0.037822,-0.032260)|  18, 3, 1;0,  0;0,  0> +
        (-0.014696, 0.044098)|  13, 2, 1;0,  0;0,  0> +
        ( 0.021111, 0.006961)|  25, 0, 0;0,  0;0,  0> +
        ( 0.000292, 0.016778)|  25, 3, 3;0,  0;0,  0> +
        (-0.002376, 0.015461)|  19, 1, 0;0,  0;0,  0> +
        (-0.013032, 0.007723)|  14, 0, 3;0,  0;0,  0> +
        ( 0.005321, 0.013020)|  17, 3, 2;0,  0;0,  0> +
        (-0.010527, 0.007138)|  14, 2, 1;0,  0;0,  0> +
        ( 0.011301, 0.002673)|  20, 1, 1;0,  0;0,  0> +
        ( 0.008960,-0.007246)|  19, 3, 1;0,  0;0,  0> +
        (-0.010792, 0.001337)|  20, 2, 0;0,  0;0,  0> +
        ( 0.010372,-0.000426)|  18, 2, 2;0,  0;0,  0> +
        (-0.008587,-0.001418)|  18, 1, 1;0,  0;0,  0> +
        ( 0.000439,-0.008686)|  18, 0, 1;0,  0;0,  0> +
        (-0.007702,-0.002855)|  19, 0, 1;0,  0;0,  0> +
        (-0.008093, 0.000631)|  20, 1, 0;0,  0;0,  0> +
        (-0.001422, 0.007377)|  22, 2, 0;0,  0;0,  0> +
        ( 0.003802, 0.005927)|  17, 2, 2;0,  0;0,  0> +
        (-0.001697, 0.006644)|  18, 1, 0;0,  0;0,  0> +
        (-0.004447, 0.004814)|  26, 0, 0;0,  0;0,  0> +
        ( 0.003337, 0.005021)|  14, 3, 0;0,  0;0,  0> +
        ( 0.001828, 0.004938)|  22, 0, 2;0,  0;0,  0> +
        (-0.004943, 0.000560)|  17, 3, 1;0,  0;0,  0> +
        ( 0.003419,-0.003608)|  27, 0, 0;0,  0;0,  0> +
        ( 0.003972, 0.002457)|  15, 0, 3;0,  0;0,  0> +
        (-0.004478,-0.001282)|  22, 1, 3;0,  0;0,  0> +
        ( 0.001643,-0.004293)|  19, 2, 2;0,  0;0,  0> +
        ( 0.004551, 0.000264)|  20, 1, 3;0,  0;0,  0> +
        (-0.001852, 0.004021)|  21, 1, 3;0,  0;0,  0> +
        (-0.004049,-0.001002)|  20, 3, 1;0,  0;0,  0> +
        (-0.004139,-0.000025)|  21, 3, 1;0,  0;0,  0> +
        (-0.003793, 0.000618)|  21, 1, 0;0,  0;0,  0> +
        ( 0.002146, 0.003139)|  23, 3, 3;0,  0;0,  0> +
        ( 0.001597, 0.003440)|  20, 3, 2;0,  0;0,  0> +
        ( 0.000721, 0.002630)|  19, 1, 3;0,  0;0,  0> +
        ( 0.002577, 0.000867)|  19, 1, 1;0,  0;0,  0> +
        ( 0.001914,-0.001739)|  26, 3, 3;0,  0;0,  0> +
        ( 0.000127,-0.002451)|  27, 3, 3;0,  0;0,  0> +
        (-0.000698, 0.002347)|  14, 1, 2;0,  0;0,  0> +
        (-0.002361,-0.000341)|  23, 1, 3;0,  0;0,  0> +
        (-0.002236,-0.000796)|  16, 2, 1;0,  0;0,  0> +
        (-0.001611,-0.001494)|  18, 3, 2;0,  0;0,  0> +
        (-0.000137,-0.002185)|  20, 2, 2;0,  0;0,  0> +
        (-0.000551, 0.001978)|  20, 0, 1;0,  0;0,  0> +
        ( 0.000227, 0.001697)|  16, 3, 0;0,  0;0,  0> +
        (-0.000459, 0.001524)|  21, 2, 0;0,  0;0,  0> +
        (-0.001065,-0.001173)|  18, 2, 0;0,  0;0,  0> +
        (-0.000733, 0.001187)|  19, 3, 2;0,  0;0,  0> +
        ( 0.001061, 0.000867)|  19, 2, 3;0,  0;0,  0> +
        ( 0.000866, 0.001034)|  18, 2, 3;0,  0;0,  0> +
        (-0.001232, 0.000174)|  20, 2, 3;0,  0;0,  0> +
        (-0.001019, 0.000628)|  21, 0, 2;0,  0;0,  0> +
        ( 0.000466,-0.000995)|  15, 3, 0;0,  0;0,  0> +
        ( 0.001031,-0.000245)|  28, 3, 3;0,  0;0,  0> +
        (-0.000113, 0.001047)|  23, 2, 0;0,  0;0,  0> +
        ( 0.000329, 0.000972)|  28, 0, 0;0,  0;0,  0> +
        ( 0.000488, 0.000766)|  15, 2, 1;0,  0;0,  0> +
        ( 0.000337, 0.000689)|  22, 3, 1;0,  0;0,  0> +
        (-0.000742,-0.000012)|  16, 0, 3;0,  0;0,  0> +
        (-0.000545, 0.000259)|  29, 3, 3;0,  0;0,  0> +
        ( 0.000068, 0.000430)|  17, 1, 0;0,  0;0,  0> +
        (-0.000080,-0.000417)|  15, 1, 2;0,  0;0,  0> +
        ( 0.000061,-0.000396)|  17, 1, 3;0,  0;0,  0> +
        ( 0.000361,-0.000131)|  29, 0, 0;0,  0;0,  0> +
         ...
 | 3> = (-0.139968, 0.795732)|  10, 3, 3;0,  0;0,  0> +
        ( 0.417438,-0.140287)|   9, 2, 0;0,  0;0,  0> +
        ( 0.361260, 0.108787)|   9, 1, 0;0,  0;0,  0> +
        ( 0.015749, 0.057824)|   7, 2, 2;0,  0;0,  0> +
        (-0.053463, 0.023053)|   6, 0, 3;0,  0;0,  0> +
        (-0.019205, 0.022625)|   5, 2, 1;0,  0;0,  0> +
        (-0.015793,-0.018141)|   9, 0, 2;0,  0;0,  0> +
        ( 0.006222,-0.022467)|   5, 1, 2;0,  0;0,  0> +
        ( 0.004628, 0.019536)|   8, 2, 2;0,  0;0,  0> +
        ( 0.007081, 0.016931)|   6, 3, 0;0,  0;0,  0> +
        (-0.010352, 0.014556)|  10, 0, 2;0,  0;0,  0> +
        ( 0.005554,-0.016362)|   9, 0, 1;0,  0;0,  0> +
        (-0.010936,-0.009656)|   7, 1, 3;0,  0;0,  0> +
        ( 0.008104, 0.010044)|   7, 3, 1;0,  0;0,  0> +
        (-0.001059,-0.007088)|   6, 2, 1;0,  0;0,  0> +
        ( 0.003078, 0.005857)|  11, 3, 3;0,  0;0,  0> +
        ( 0.005427,-0.001369)|   7, 3, 2;0,  0;0,  0> +
        (-0.004322,-0.003343)|   7, 2, 3;0,  0;0,  0> +
        (-0.004312, 0.000366)|   8, 2, 3;0,  0;0,  0> +
        ( 0.001591,-0.003174)|   6, 1, 2;0,  0;0,  0> +
        ( 0.002970, 0.001744)|  10, 1, 0;0,  0;0,  0> +
        ( 0.000998, 0.002313)|   8, 1, 3;0,  0;0,  0> +
        ( 0.002284,-0.000852)|   5, 3, 0;0,  0;0,  0> +
        ( 0.000924,-0.002141)|  10, 2, 0;0,  0;0,  0> +
        ( 0.000746,-0.001978)|  10, 0, 1;0,  0;0,  0> +
        (-0.002041,-0.000399)|  10, 1, 1;0,  0;0,  0> +
        ( 0.000426, 0.001765)|  16, 0, 0;0,  0;0,  0> +
        (-0.000526, 0.001171)|  11, 0, 1;0,  0;0,  0> +
        (-0.000446,-0.000934)|   8, 3, 2;0,  0;0,  0> +
        ( 0.000841,-0.000527)|   6, 1, 3;0,  0;0,  0> +
        (-0.000814,-0.000492)|  15, 0, 0;0,  0;0,  0> +
        (-0.000180, 0.000909)|   9, 1, 1;0,  0;0,  0> +
        ( 0.000843,-0.000284)|   6, 3, 1;0,  0;0,  0> +
        ( 0.000746, 0.000454)|   7, 0, 3;0,  0;0,  0> +
        ( 0.000404,-0.000562)|  14, 0, 0;0,  0;0,  0> +
        (-0.000651,-0.000111)|   7, 2, 1;0,  0;0,  0> +
        (-0.000388,-0.000507)|   8, 3, 1;0,  0;0,  0> +
        (-0.000513, 0.000129)|   8, 1, 1;0,  0;0,  0> +
        ( 0.000098, 0.000425)|  11, 1, 0;0,  0;0,  0> +
        ( 0.000141,-0.000304)|  12, 3, 3;0,  0;0,  0> +
         ...
 | 4> = (-0.510370, 0.174697)|  33, 1, 3;0,  0;0,  0> +
        (-0.453186, 0.253405)|  28, 1, 1;0,  0;0,  0> +
        ( 0.240433, 0.326366)|  30, 2, 0;0,  0;0,  0> +
        (-0.252366,-0.306537)|  33, 3, 1;0,  0;0,  0> +
        (-0.174747, 0.027188)|  27, 2, 3;0,  0;0,  0> +
        (-0.120426, 0.034322)|  29, 2, 0;0,  0;0,  0> +
        (-0.064762, 0.087797)|  30, 0, 2;0,  0;0,  0> +
        (-0.106528, 0.019084)|  22, 1, 2;0,  0;0,  0> +
        (-0.089165, 0.032590)|  22, 2, 1;0,  0;0,  0> +
        ( 0.081662, 0.024123)|  21, 1, 2;0,  0;0,  0> +
        ( 0.075867,-0.003859)|  28, 0, 1;0,  0;0,  0> +
        (-0.032533,-0.062404)|  21, 0, 3;0,  0;0,  0> +
        ( 0.057612,-0.008326)|  27, 3, 2;0,  0;0,  0> +
        ( 0.048940,-0.023211)|  21, 2, 1;0,  0;0,  0> +
        ( 0.008882, 0.042862)|  22, 3, 0;0,  0;0,  0> +
        ( 0.004789, 0.039019)|  29, 0, 1;0,  0;0,  0> +
        ( 0.034853,-0.000373)|  28, 1, 0;0,  0;0,  0> +
        (-0.027067, 0.019135)|  33, 2, 2;0,  0;0,  0> +
        ( 0.000402, 0.029676)|  30, 1, 0;0,  0;0,  0> +
        (-0.000894, 0.028735)|  32, 2, 0;0,  0;0,  0> +
        (-0.011660,-0.025152)|  22, 0, 3;0,  0;0,  0> +
        (-0.024588,-0.001620)|  23, 1, 2;0,  0;0,  0> +
        ( 0.023874,-0.003953)|  27, 1, 0;0,  0;0,  0> +
        ( 0.017350,-0.002697)|  29, 2, 2;0,  0;0,  0> +
        (-0.000838,-0.016884)|  24, 0, 3;0,  0;0,  0> +
        ( 0.013185, 0.002711)|  32, 1, 1;0,  0;0,  0> +
        ( 0.009127, 0.009264)|  26, 2, 1;0,  0;0,  0> +
        (-0.009226, 0.008674)|  33, 3, 2;0,  0;0,  0> +
        (-0.011752,-0.000914)|  23, 0, 3;0,  0;0,  0> +
        ( 0.011625,-0.001822)|  29, 3, 2;0,  0;0,  0> +
        (-0.010757, 0.000203)|  27, 0, 1;0,  0;0,  0> +
        ( 0.000047,-0.010674)|  30, 1, 1;0,  0;0,  0> +
        (-0.010278, 0.002694)|  25, 2, 1;0,  0;0,  0> +
        ( 0.003129,-0.009984)|  30, 2, 2;0,  0;0,  0> +
        ( 0.010056, 0.002560)|  29, 0, 3;0,  0;0,  0> +
        (-0.000937,-0.010070)|  32, 0, 2;0,  0;0,  0> +
        (-0.008264, 0.005800)|  23, 2, 1;0,  0;0,  0> +
        (-0.009847,-0.000740)|  31, 1, 1;0,  0;0,  0> +
        (-0.006287, 0.007558)|  23, 3, 0;0,  0;0,  0> +
        ( 0.009375,-0.002826)|  24, 2, 1;0,  0;0,  0> +
        (-0.009657, 0.000835)|  29, 1, 0;0,  0;0,  0> +
        ( 0.004791, 0.008249)|  27, 2, 1;0,  0;0,  0> +
        ( 0.008641, 0.003945)|  28, 3, 2;0,  0;0,  0> +
        ( 0.003731,-0.008606)|  28, 1, 2;0,  0;0,  0> +
        (-0.000157,-0.009063)|  31, 2, 0;0,  0;0,  0> +
        ( 0.002407, 0.008519)|  33, 0, 2;0,  0;0,  0> +
        ( 0.004961,-0.007107)|  31, 2, 3;0,  0;0,  0> +
        ( 0.008411,-0.000983)|  30, 2, 3;0,  0;0,  0> +
        (-0.000661, 0.008394)|  25, 3, 0;0,  0;0,  0> +
        ( 0.005566, 0.006105)|  32, 3, 1;0,  0;0,  0> +
        ( 0.003069,-0.007453)|  29, 1, 1;0,  0;0,  0> +
        (-0.004525,-0.006485)|  29, 2, 1;0,  0;0,  0> +
        (-0.000432,-0.007320)|  31, 1, 0;0,  0;0,  0> +
        (-0.006759, 0.002758)|  31, 3, 2;0,  0;0,  0> +
        (-0.001041,-0.006958)|  33, 1, 0;0,  0;0,  0> +
        (-0.004714, 0.004742)|  27, 1, 2;0,  0;0,  0> +
        (-0.003169, 0.005868)|  24, 3, 0;0,  0;0,  0> +
        ( 0.001533, 0.006373)|  26, 3, 0;0,  0;0,  0> +
        (-0.000166,-0.006523)|  29, 0, 2;0,  0;0,  0> +
        (-0.000087,-0.006439)|  26, 0, 3;0,  0;0,  0> +
        (-0.003923,-0.004749)|  31, 0, 1;0,  0;0,  0> +
        (-0.002743,-0.005355)|  31, 0, 2;0,  0;0,  0> +
        (-0.000111, 0.005434)|  28, 0, 3;0,  0;0,  0> +
        ( 0.004340,-0.002664)|  25, 1, 2;0,  0;0,  0> +
        ( 0.004985,-0.000540)|  24, 1, 2;0,  0;0,  0> +
        (-0.004823,-0.001317)|  33, 2, 0;0,  0;0,  0> +
        ( 0.004751, 0.000553)|  32, 3, 2;0,  0;0,  0> +
        ( 0.000662,-0.004511)|  26, 2, 3;0,  0;0,  0> +
        (-0.001928, 0.003871)|  28, 2, 3;0,  0;0,  0> +
        ( 0.001420,-0.003964)|  25, 0, 3;0,  0;0,  0> +
        ( 0.001246,-0.003654)|  32, 2, 2;0,  0;0,  0> +
        ( 0.003167, 0.001507)|  27, 0, 3;0,  0;0,  0> +
        ( 0.002477, 0.002467)|  33, 1, 1;0,  0;0,  0> +
        (-0.002564, 0.001806)|  28, 3, 0;0,  0;0,  0> +
        (-0.003011,-0.000620)|  21, 3, 0;0,  0;0,  0> +
        ( 0.002270,-0.001833)|  28, 2, 1;0,  0;0,  0> +
        (-0.002162, 0.001776)|  26, 1, 2;0,  0;0,  0> +
        ( 0.002355,-0.001497)|  27, 3, 0;0,  0;0,  0> +
        ( 0.001905,-0.000905)|  33, 0, 1;0,  0;0,  0> +
        ( 0.001509, 0.001077)|  32, 2, 3;0,  0;0,  0> +
        ( 0.001441, 0.001035)|  33, 2, 3;0,  0;0,  0> +
        ( 0.000732, 0.001244)|  26, 3, 2;0,  0;0,  0> +
        (-0.000079,-0.001288)|  30, 3, 2;0,  0;0,  0> +
        (-0.000764, 0.000980)|  32, 1, 3;0,  0;0,  0> +
        ( 0.000264,-0.001104)|  31, 2, 2;0,  0;0,  0> +
        (-0.000764, 0.000826)|  30, 0, 1;0,  0;0,  0> +
        (-0.000540, 0.000366)|  27, 1, 1;0,  0;0,  0> +
        (-0.000609, 0.000040)|  30, 1, 2;0,  0;0,  0> +
        ( 0.000090,-0.000601)|  28, 0, 2;0,  0;0,  0> +
        ( 0.000029,-0.000570)|  28, 2, 2;0,  0;0,  0> +
        ( 0.000329,-0.000442)|  32, 0, 1;0,  0;0,  0> +
        (-0.000116, 0.000388)|  29, 1, 2;0,  0;0,  0> +
         ...
 | 5> = (-0.607369, 0.759657)|  19, 3, 2;0,  0;0,  0> +
        (-0.135546,-0.006940)|  18, 2, 2;0,  0;0,  0> +
        ( 0.125870, 0.037160)|  16, 2, 1;0,  0;0,  0> +
        ( 0.060527, 0.060261)|  15, 2, 1;0,  0;0,  0> +
        ( 0.067304, 0.004195)|  19, 2, 3;0,  0;0,  0> +
        ( 0.009993, 0.038908)|  22, 0, 2;0,  0;0,  0> +
        (-0.014539, 0.032333)|  19, 2, 2;0,  0;0,  0> +
        (-0.022680,-0.005191)|  15, 3, 0;0,  0;0,  0> +
        ( 0.014467, 0.012217)|  15, 0, 3;0,  0;0,  0> +
        ( 0.016918,-0.005437)|  29, 0, 0;0,  0;0,  0> +
        ( 0.006119, 0.015446)|  20, 3, 2;0,  0;0,  0> +
        (-0.000942, 0.015856)|  20, 2, 2;0,  0;0,  0> +
        ( 0.015429,-0.003334)|  19, 1, 1;0,  0;0,  0> +
        (-0.006430, 0.013039)|  23, 2, 0;0,  0;0,  0> +
        (-0.010205, 0.008216)|  15, 1, 2;0,  0;0,  0> +
        ( 0.007249,-0.008744)|  21, 1, 3;0,  0;0,  0> +
        ( 0.000407, 0.009267)|  16, 3, 0;0,  0;0,  0> +
        (-0.008400,-0.003574)|  23, 3, 1;0,  0;0,  0> +
        ( 0.008829,-0.001952)|  21, 2, 2;0,  0;0,  0> +
        (-0.008001, 0.002327)|  23, 2, 2;0,  0;0,  0> +
        (-0.005961,-0.004974)|  23, 0, 2;0,  0;0,  0> +
        ( 0.000550,-0.007240)|  23, 0, 1;0,  0;0,  0> +
        (-0.006548, 0.003062)|  22, 3, 2;0,  0;0,  0> +
        ( 0.005950, 0.002749)|  20, 1, 1;0,  0;0,  0> +
        (-0.006491, 0.000737)|  17, 3, 0;0,  0;0,  0> +
        ( 0.001943, 0.006133)|  25, 3, 1;0,  0;0,  0> +
        ( 0.004754, 0.004036)|  22, 3, 1;0,  0;0,  0> +
        ( 0.005226,-0.003147)|  29, 3, 3;0,  0;0,  0> +
        ( 0.005558,-0.000859)|  21, 1, 0;0,  0;0,  0> +
        ( 0.005574, 0.000635)|  18, 3, 0;0,  0;0,  0> +
        (-0.000559, 0.005369)|  24, 0, 2;0,  0;0,  0> +
        ( 0.005296,-0.000501)|  22, 1, 3;0,  0;0,  0> +
        ( 0.005255,-0.000541)|  28, 3, 3;0,  0;0,  0> +
        (-0.000120,-0.004766)|  24, 3, 1;0,  0;0,  0> +
        ( 0.003967,-0.002601)|  22, 2, 2;0,  0;0,  0> +
        (-0.003964,-0.001482)|  16, 1, 2;0,  0;0,  0> +
        ( 0.003442, 0.002291)|  31, 0, 0;0,  0;0,  0> +
        (-0.004082,-0.000146)|  25, 0, 2;0,  0;0,  0> +
        (-0.003851, 0.000386)|  30, 3, 3;0,  0;0,  0> +
        (-0.003209,-0.002113)|  22, 2, 0;0,  0;0,  0> +
        (-0.003684,-0.000455)|  32, 3, 3;0,  0;0,  0> +
        ( 0.002816,-0.002356)|  27, 3, 3;0,  0;0,  0> +
        (-0.000416, 0.003339)|  21, 2, 3;0,  0;0,  0> +
        ( 0.000128,-0.003322)|  23, 1, 0;0,  0;0,  0> +
        (-0.003219,-0.000801)|  17, 1, 2;0,  0;0,  0> +
        (-0.000433,-0.003137)|  26, 3, 1;0,  0;0,  0> +
        (-0.003090, 0.000603)|  21, 3, 2;0,  0;0,  0> +
        ( 0.003000, 0.000948)|  28, 1, 3;0,  0;0,  0> +
        ( 0.000016, 0.003135)|  30, 0, 0;0,  0;0,  0> +
        ( 0.002645, 0.001664)|  26, 1, 3;0,  0;0,  0> +
        (-0.001103, 0.002727)|  28, 3, 1;0,  0;0,  0> +
        (-0.002606,-0.001080)|  23, 1, 3;0,  0;0,  0> +
        ( 0.000817,-0.002285)|  17, 2, 1;0,  0;0,  0> +
        (-0.001911,-0.001439)|  25, 1, 3;0,  0;0,  0> +
        ( 0.002190, 0.000411)|  19, 2, 1;0,  0;0,  0> +
        (-0.002045, 0.000479)|  20, 2, 3;0,  0;0,  0> +
        ( 0.000063,-0.002070)|  23, 3, 2;0,  0;0,  0> +
        (-0.000088, 0.001982)|  18, 2, 1;0,  0;0,  0> +
        ( 0.001874, 0.000085)|  26, 2, 2;0,  0;0,  0> +
        ( 0.001299,-0.001328)|  27, 1, 3;0,  0;0,  0> +
        ( 0.000984, 0.001565)|  17, 0, 3;0,  0;0,  0> +
        (-0.000336,-0.001793)|  25, 2, 0;0,  0;0,  0> +
        ( 0.001592,-0.000761)|  19, 0, 3;0,  0;0,  0> +
        (-0.001736, 0.000016)|  24, 2, 0;0,  0;0,  0> +
        (-0.001171, 0.001249)|  26, 2, 0;0,  0;0,  0> +
        ( 0.001622, 0.000546)|  24, 1, 3;0,  0;0,  0> +
        (-0.001654, 0.000328)|  27, 0, 2;0,  0;0,  0> +
        ( 0.001614, 0.000414)|  24, 0, 1;0,  0;0,  0> +
        ( 0.001318, 0.000911)|  21, 1, 1;0,  0;0,  0> +
        (-0.001129,-0.001060)|  27, 2, 0;0,  0;0,  0> +
        (-0.001272,-0.000777)|  21, 0, 1;0,  0;0,  0> +
        (-0.000216, 0.001432)|  26, 0, 2;0,  0;0,  0> +
        ( 0.001445, 0.000055)|  31, 3, 3;0,  0;0,  0> +
        (-0.001276,-0.000012)|  22, 2, 3;0,  0;0,  0> +
        (-0.000417, 0.000977)|  22, 1, 0;0,  0;0,  0> +
        ( 0.001046,-0.000012)|  20, 0, 1;0,  0;0,  0> +
        ( 0.000670, 0.000760)|  21, 3, 1;0,  0;0,  0> +
        ( 0.000895,-0.000352)|  28, 0, 0;0,  0;0,  0> +
        (-0.000919,-0.000264)|  22, 1, 1;0,  0;0,  0> +
        ( 0.000001,-0.000931)|  23, 1, 1;0,  0;0,  0> +
        ( 0.000646, 0.000635)|  24, 2, 2;0,  0;0,  0> +
        (-0.000833,-0.000344)|  27, 3, 1;0,  0;0,  0> +
        (-0.000543,-0.000411)|  19, 1, 2;0,  0;0,  0> +
        ( 0.000457, 0.000422)|  24, 1, 1;0,  0;0,  0> +
        (-0.000105,-0.000555)|  22, 0, 1;0,  0;0,  0> +
        (-0.000479, 0.000055)|  23, 2, 3;0,  0;0,  0> +
        (-0.000101, 0.000350)|  24, 1, 0;0,  0;0,  0> +
        ( 0.000024,-0.000359)|  18, 1, 2;0,  0;0,  0> +
        ( 0.000224,-0.000228)|  32, 0, 0;0,  0;0,  0> +
        ( 0.000179, 0.000264)|  20, 1, 3;0,  0;0,  0> +
         ...
 | 6> = (-0.983002, 0.000000)|   1, 1, 0;0,  0;0,  0> +
        ( 0.000000,-0.166054)|   0, 1, 1;0,  0;0,  0> +
        (-0.065056, 0.000000)|   4, 0, 0;0,  0;0,  0> +
        (-0.027600,-0.000000)|   0, 2, 0;0,  0;0,  0> +
        ( 0.027600, 0.000000)|   0, 0, 2;0,  0;0,  0> +
        ( 0.012075, 0.000000)|   2, 2, 0;0,  0;0,  0> +
        ( 0.012075,-0.000000)|   2, 0, 2;0,  0;0,  0> +
        ( 0.007173, 0.000000)|   0, 2, 2;0,  0;0,  0> +
        ( 0.000000,-0.004500)|   1, 0, 1;0,  0;0,  0> +
        ( 0.001460,-0.000000)|   0, 3, 0;0,  0;0,  0> +
        ( 0.001249, 0.000000)|   0, 1, 2;0,  0;0,  0> +
        ( 0.000000, 0.000574)|   0, 0, 3;0,  0;0,  0> +
        ( 0.000000, 0.000552)|   0, 2, 1;0,  0;0,  0> +
        ( 0.000351,-0.000000)|   2, 1, 0;0,  0;0,  0> +
         ...
 | 7> = ( 0.124271,-0.611192)|  23, 2, 0;0,  0;0,  0> +
        ( 0.176332,-0.489666)|  15, 3, 0;0,  0;0,  0> +
        (-0.386811,-0.168399)|  15, 1, 2;0,  0;0,  0> +
        (-0.079906,-0.187217)|  20, 3, 2;0,  0;0,  0> +
        ( 0.154932, 0.042441)|  22, 1, 3;0,  0;0,  0> +
        ( 0.009783, 0.159433)|  20, 2, 2;0,  0;0,  0> +
        ( 0.141617, 0.043901)|  20, 1, 1;0,  0;0,  0> +
        ( 0.131314, 0.034391)|  15, 2, 1;0,  0;0,  0> +
        ( 0.016279,-0.108265)|  16, 2, 1;0,  0;0,  0> +
        ( 0.099083, 0.015586)|  23, 0, 2;0,  0;0,  0> +
        ( 0.009387, 0.060659)|  16, 0, 3;0,  0;0,  0> +
        (-0.023457,-0.017493)|  16, 3, 0;0,  0;0,  0> +
        ( 0.018628,-0.003173)|  17, 3, 0;0,  0;0,  0> +
        ( 0.017334,-0.005610)|  29, 0, 0;0,  0;0,  0> +
        ( 0.004193,-0.016245)|  24, 0, 2;0,  0;0,  0> +
        ( 0.009730, 0.001865)|  21, 1, 1;0,  0;0,  0> +
        ( 0.002687,-0.009173)|  22, 1, 0;0,  0;0,  0> +
        (-0.001400, 0.009357)|  22, 2, 2;0,  0;0,  0> +
        (-0.008434,-0.003082)|  23, 1, 3;0,  0;0,  0> +
        ( 0.008542,-0.000290)|  31, 3, 3;0,  0;0,  0> +
        (-0.000237,-0.007193)|  26, 3, 1;0,  0;0,  0> +
        ( 0.006898, 0.001635)|  15, 0, 3;0,  0;0,  0> +
        ( 0.006236, 0.001343)|  22, 3, 1;0,  0;0,  0> +
        (-0.006071, 0.000038)|  24, 3, 1;0,  0;0,  0> +
        ( 0.000154, 0.005833)|  21, 2, 3;0,  0;0,  0> +
        (-0.004641,-0.003469)|  25, 1, 3;0,  0;0,  0> +
        (-0.003182, 0.004838)|  21, 3, 2;0,  0;0,  0> +
        ( 0.005659,-0.001045)|  16, 1, 2;0,  0;0,  0> +
        (-0.005520,-0.001605)|  17, 1, 2;0,  0;0,  0> +
        ( 0.005706,-0.000323)|  20, 2, 3;0,  0;0,  0> +
        ( 0.004578, 0.003292)|  26, 1, 3;0,  0;0,  0> +
        ( 0.005515,-0.000788)|  30, 3, 3;0,  0;0,  0> +
        ( 0.005392, 0.001114)|  23, 3, 1;0,  0;0,  0> +
        (-0.005343, 0.000605)|  18, 1, 2;0,  0;0,  0> +
        (-0.004890, 0.001422)|  24, 2, 0;0,  0;0,  0> +
        (-0.002189,-0.004498)|  18, 2, 1;0,  0;0,  0> +
        ( 0.003157,-0.003814)|  24, 2, 2;0,  0;0,  0> +
        ( 0.003663, 0.003289)|  18, 0, 3;0,  0;0,  0> +
        ( 0.004471, 0.001673)|  28, 3, 3;0,  0;0,  0> +
        (-0.003976,-0.002531)|  31, 0, 0;0,  0;0,  0> +
        (-0.004398, 0.001550)|  23, 2, 3;0,  0;0,  0> +
        ( 0.003793,-0.002573)|  26, 2, 0;0,  0;0,  0> +
        (-0.002089, 0.003441)|  22, 1, 1;0,  0;0,  0> +
        ( 0.001145, 0.003665)|  17, 0, 3;0,  0;0,  0> +
        ( 0.003536, 0.001269)|  24, 1, 1;0,  0;0,  0> +
        ( 0.003332,-0.000824)|  18, 3, 0;0,  0;0,  0> +
        (-0.000780, 0.003276)|  28, 3, 1;0,  0;0,  0> +
        (-0.003170, 0.001060)|  29, 3, 3;0,  0;0,  0> +
        ( 0.003178,-0.000423)|  21, 1, 0;0,  0;0,  0> +
        (-0.001950, 0.002477)|  22, 0, 1;0,  0;0,  0> +
        ( 0.002396,-0.002011)|  27, 3, 1;0,  0;0,  0> +
        (-0.000121,-0.003097)|  23, 3, 2;0,  0;0,  0> +
        (-0.002937,-0.000039)|  22, 2, 3;0,  0;0,  0> +
        ( 0.001517,-0.002392)|  22, 0, 2;0,  0;0,  0> +
        ( 0.002252,-0.001536)|  21, 2, 2;0,  0;0,  0> +
        (-0.000223, 0.002599)|  23, 0, 1;0,  0;0,  0> +
        ( 0.000559, 0.002483)|  25, 2, 0;0,  0;0,  0> +
        ( 0.002358, 0.000778)|  28, 1, 3;0,  0;0,  0> +
        (-0.001177,-0.002169)|  25, 3, 1;0,  0;0,  0> +
        (-0.002312,-0.000539)|  24, 0, 1;0,  0;0,  0> +
        ( 0.002085, 0.000529)|  25, 0, 2;0,  0;0,  0> +
        ( 0.001349,-0.001376)|  27, 1, 3;0,  0;0,  0> +
        ( 0.001868, 0.000055)|  26, 2, 2;0,  0;0,  0> +
        (-0.001424, 0.001035)|  26, 0, 2;0,  0;0,  0> +
        ( 0.000210,-0.001734)|  23, 1, 0;0,  0;0,  0> +
        (-0.001699, 0.000023)|  33, 3, 3;0,  0;0,  0> +
        ( 0.000097,-0.001664)|  23, 1, 1;0,  0;0,  0> +
        ( 0.001415,-0.000469)|  21, 1, 3;0,  0;0,  0> +
        (-0.000786, 0.001187)|  19, 0, 3;0,  0;0,  0> +
        ( 0.000475,-0.001222)|  24, 1, 0;0,  0;0,  0> +
        (-0.001212,-0.000237)|  32, 3, 3;0,  0;0,  0> +
        (-0.000789,-0.000728)|  19, 1, 2;0,  0;0,  0> +
        (-0.000978,-0.000387)|  24, 1, 3;0,  0;0,  0> +
        (-0.000297,-0.000887)|  27, 2, 0;0,  0;0,  0> +
        (-0.000218, 0.000854)|  22, 2, 0;0,  0;0,  0> +
        (-0.000758, 0.000322)|  22, 3, 2;0,  0;0,  0> +
        ( 0.000156,-0.000787)|  19, 3, 2;0,  0;0,  0> +
        ( 0.000583,-0.000548)|  32, 0, 0;0,  0;0,  0> +
        ( 0.000320,-0.000635)|  18, 2, 2;0,  0;0,  0> +
        (-0.000096,-0.000672)|  17, 2, 1;0,  0;0,  0> +
        (-0.000574, 0.000276)|  27, 0, 2;0,  0;0,  0> +
        ( 0.000192, 0.000600)|  19, 2, 1;0,  0;0,  0> +
        ( 0.000571,-0.000195)|  24, 3, 2;0,  0;0,  0> +
        ( 0.000020,-0.000538)|  19, 1, 1;0,  0;0,  0> +
        ( 0.000205, 0.000464)|  19, 2, 2;0,  0;0,  0> +
        ( 0.000447, 0.000152)|  21, 3, 1;0,  0;0,  0> +
        ( 0.000216,-0.000347)|  20, 0, 1;0,  0;0,  0> +
        (-0.000123,-0.000348)|  30, 0, 0;0,  0;0,  0> +
        ( 0.000127,-0.000324)|  23, 2, 2;0,  0;0,  0> +
         ...
 | 8> = ( 0.379577,-0.396842)|   7, 0, 2;0,  0;0,  0> +
        (-0.223962, 0.398960)|   4, 1, 2;0,  0;0,  0> +
        ( 0.044291,-0.396433)|   4, 3, 0;0,  0;0,  0> +
        (-0.361248,-0.066638)|   4, 0, 3;0,  0;0,  0> +
        ( 0.224349,-0.226052)|   4, 2, 1;0,  0;0,  0> +
        ( 0.132854,-0.176096)|   7, 1, 0;0,  0;0,  0> +
        (-0.008939,-0.150387)|   7, 2, 0;0,  0;0,  0> +
        ( 0.020036,-0.092891)|   5, 2, 2;0,  0;0,  0> +
        ( 0.030608, 0.085287)|   8, 0, 2;0,  0;0,  0> +
        (-0.008027,-0.065610)|   7, 0, 1;0,  0;0,  0> +
        ( 0.009228, 0.010071)|  12, 0, 0;0,  0;0,  0> +
        ( 0.002273,-0.012622)|   4, 2, 3;0,  0;0,  0> +
        ( 0.007421,-0.005181)|  11, 0, 0;0,  0;0,  0> +
        (-0.003109,-0.006346)|   5, 1, 1;0,  0;0,  0> +
        ( 0.001902,-0.006753)|   6, 3, 3;0,  0;0,  0> +
        (-0.004145, 0.003242)|   8, 2, 0;0,  0;0,  0> +
        (-0.004868, 0.000688)|   4, 3, 2;0,  0;0,  0> +
        (-0.003715, 0.000068)|   8, 1, 0;0,  0;0,  0> +
        ( 0.002464,-0.002699)|   5, 1, 3;0,  0;0,  0> +
        ( 0.003209, 0.001164)|   8, 3, 3;0,  0;0,  0> +
        (-0.001245, 0.002957)|   4, 3, 1;0,  0;0,  0> +
        (-0.001738, 0.001420)|   7, 3, 3;0,  0;0,  0> +
        ( 0.002061, 0.000150)|   3, 1, 2;0,  0;0,  0> +
        ( 0.000805, 0.001340)|   3, 3, 0;0,  0;0,  0> +
        (-0.001160,-0.000869)|   4, 1, 3;0,  0;0,  0> +
        ( 0.001224,-0.000243)|   8, 0, 1;0,  0;0,  0> +
        (-0.001018,-0.000421)|   6, 2, 2;0,  0;0,  0> +
        ( 0.000299, 0.000763)|   3, 2, 1;0,  0;0,  0> +
        (-0.000464, 0.000530)|   3, 0, 3;0,  0;0,  0> +
        ( 0.000623, 0.000043)|   5, 2, 3;0,  0;0,  0> +
        ( 0.000402, 0.000020)|   3, 1, 3;0,  0;0,  0> +
         ...
 | 9> = ( 0.527651,-0.180072)|   1, 3, 2;0,  0;0,  0> +
        ( 0.332916,-0.367873)|   8, 0, 0;0,  0;0,  0> +
        ( 0.462319, 0.003420)|   2, 0, 3;0,  0;0,  0> +
        (-0.342979, 0.012442)|   2, 2, 1;0,  0;0,  0> +
        ( 0.254769, 0.152991)|   3, 1, 1;0,  0;0,  0> +
        ( 0.111441, 0.050202)|   2, 1, 2;0,  0;0,  0> +
        ( 0.062933, 0.016048)|   2, 3, 0;0,  0;0,  0> +
        (-0.004812, 0.056348)|   1, 2, 3;0,  0;0,  0> +
        (-0.016798,-0.015480)|   2, 3, 1;0,  0;0,  0> +
        (-0.011189, 0.003168)|   4, 2, 0;0,  0;0,  0> +
        ( 0.008093, 0.003649)|   4, 0, 2;0,  0;0,  0> +
        (-0.004120,-0.004820)|   3, 2, 2;0,  0;0,  0> +
        ( 0.002673, 0.000675)|   2, 1, 3;0,  0;0,  0> +
        (-0.001978, 0.001517)|   1, 1, 2;0,  0;0,  0> +
        (-0.001491,-0.001530)|   4, 0, 1;0,  0;0,  0> +
        (-0.001306, 0.001153)|   1, 2, 1;0,  0;0,  0> +
        (-0.000483, 0.000807)|   2, 3, 3;0,  0;0,  0> +
        (-0.000530,-0.000491)|   2, 1, 1;0,  0;0,  0> +
        (-0.000262, 0.000614)|   7, 0, 0;0,  0;0,  0> +
        (-0.000636, 0.000152)|   2, 3, 2;0,  0;0,  0> +
        ( 0.000517, 0.000330)|   4, 1, 0;0,  0;0,  0> +
         ...
 |10> = (-0.571523, 0.411106)|   6, 1, 1;0,  0;0,  0> +
        ( 0.081321,-0.669926)|   5, 3, 1;0,  0;0,  0> +
        (-0.052077, 0.156954)|   7, 1, 1;0,  0;0,  0> +
        (-0.142373,-0.027627)|   5, 2, 3;0,  0;0,  0> +
        (-0.013496, 0.000106)|   8, 1, 1;0,  0;0,  0> +
        ( 0.008799, 0.003903)|   8, 3, 3;0,  0;0,  0> +
        (-0.008994,-0.002892)|   5, 3, 2;0,  0;0,  0> +
        (-0.000464,-0.008118)|   6, 3, 1;0,  0;0,  0> +
        ( 0.005253, 0.005468)|   5, 0, 3;0,  0;0,  0> +
        (-0.004171,-0.000184)|   8, 1, 0;0,  0;0,  0> +
        (-0.000031,-0.003947)|   9, 0, 1;0,  0;0,  0> +
        (-0.000574,-0.003787)|  14, 0, 0;0,  0;0,  0> +
        (-0.003246, 0.000367)|   5, 3, 0;0,  0;0,  0> +
        ( 0.001824,-0.001040)|   6, 1, 3;0,  0;0,  0> +
        (-0.001572, 0.001273)|   5, 1, 3;0,  0;0,  0> +
        ( 0.000822,-0.000835)|   9, 3, 3;0,  0;0,  0> +
        (-0.000029, 0.001090)|   6, 2, 3;0,  0;0,  0> +
        ( 0.000628, 0.000664)|  13, 0, 0;0,  0;0,  0> +
        ( 0.000757,-0.000202)|   9, 2, 0;0,  0;0,  0> +
        ( 0.000112,-0.000748)|  10, 3, 3;0,  0;0,  0> +
        (-0.000511, 0.000460)|   5, 2, 1;0,  0;0,  0> +
        ( 0.000601,-0.000200)|   8, 0, 1;0,  0;0,  0> +
        (-0.000523, 0.000037)|   6, 3, 2;0,  0;0,  0> +
        ( 0.000421, 0.000183)|   9, 1, 0;0,  0;0,  0> +
        ( 0.000418, 0.000026)|   8, 2, 0;0,  0;0,  0> +
         ...
 |11> = (-0.321242, 0.425742)|  27, 1, 3;0,  0;0,  0> +
        ( 0.168504,-0.481494)|  24, 1, 0;0,  0;0,  0> +
        (-0.386798, 0.123160)|  23, 2, 3;0,  0;0,  0> +
        (-0.223000, 0.176199)|  26, 2, 0;0,  0;0,  0> +
        (-0.271168,-0.047688)|  24, 0, 1;0,  0;0,  0> +
        ( 0.214607, 0.073121)|  19, 2, 1;0,  0;0,  0> +
        (-0.139838, 0.107998)|  27, 3, 1;0,  0;0,  0> +
        ( 0.150695,-0.077283)|  19, 0, 3;0,  0;0,  0> +
        (-0.076583,-0.025338)|  27, 2, 0;0,  0;0,  0> +
        (-0.012047,-0.069756)|  23, 3, 2;0,  0;0,  0> +
        ( 0.027218,-0.057105)|  28, 3, 1;0,  0;0,  0> +
        ( 0.045020,-0.025633)|  18, 1, 2;0,  0;0,  0> +
        ( 0.022132, 0.024959)|  19, 1, 2;0,  0;0,  0> +
        ( 0.002549, 0.018549)|  30, 3, 1;0,  0;0,  0> +
        ( 0.016764, 0.004058)|  26, 1, 0;0,  0;0,  0> +
        (-0.014881, 0.006797)|  20, 0, 3;0,  0;0,  0> +
        ( 0.012571,-0.009242)|  20, 1, 2;0,  0;0,  0> +
        (-0.012756, 0.004687)|  25, 3, 2;0,  0;0,  0> +
        ( 0.013107, 0.000063)|  28, 1, 3;0,  0;0,  0> +
        ( 0.000779, 0.011475)|  31, 3, 1;0,  0;0,  0> +
        (-0.008053,-0.007999)|  20, 3, 0;0,  0;0,  0> +
        (-0.010967,-0.000098)|  25, 2, 0;0,  0;0,  0> +
        ( 0.007070, 0.008200)|  26, 0, 1;0,  0;0,  0> +
        ( 0.007318,-0.006145)|  20, 2, 1;0,  0;0,  0> +
        (-0.004482,-0.006934)|  26, 1, 1;0,  0;0,  0> +
        ( 0.005091,-0.006062)|  26, 2, 2;0,  0;0,  0> +
        ( 0.004803,-0.005968)|  28, 2, 0;0,  0;0,  0> +
        ( 0.004497, 0.006112)|  27, 2, 2;0,  0;0,  0> +
        ( 0.006264,-0.004096)|  27, 0, 2;0,  0;0,  0> +
        (-0.007384, 0.000133)|  21, 0, 3;0,  0;0,  0> +
        ( 0.000652,-0.006980)|  26, 2, 3;0,  0;0,  0> +
        (-0.003891,-0.005831)|  32, 3, 1;0,  0;0,  0> +
        (-0.006202, 0.003142)|  30, 1, 3;0,  0;0,  0> +
        (-0.000157,-0.006754)|  33, 3, 1;0,  0;0,  0> +
        (-0.002246,-0.006342)|  33, 0, 0;0,  0;0,  0> +
        (-0.001267, 0.006352)|  23, 1, 0;0,  0;0,  0> +
        (-0.004977,-0.004055)|  27, 3, 2;0,  0;0,  0> +
        (-0.006014,-0.002209)|  19, 3, 0;0,  0;0,  0> +
        ( 0.004919, 0.003428)|  24, 3, 1;0,  0;0,  0> +
        ( 0.003786, 0.004518)|  29, 3, 1;0,  0;0,  0> +
        (-0.002416,-0.005344)|  29, 1, 3;0,  0;0,  0> +
        (-0.001935, 0.005276)|  24, 1, 1;0,  0;0,  0> +
        (-0.005205,-0.001587)|  17, 1, 2;0,  0;0,  0> +
        (-0.004868, 0.001906)|  24, 3, 2;0,  0;0,  0> +
        ( 0.005113,-0.000474)|  25, 1, 1;0,  0;0,  0> +
        ( 0.000270,-0.004748)|  28, 0, 2;0,  0;0,  0> +
        ( 0.000695,-0.004393)|  27, 0, 1;0,  0;0,  0> +
        ( 0.000393,-0.004323)|  22, 3, 0;0,  0;0,  0> +
        ( 0.001993,-0.003850)|  25, 1, 0;0,  0;0,  0> +
        ( 0.004261,-0.000048)|  22, 0, 3;0,  0;0,  0> +
        (-0.001449,-0.003734)|  25, 0, 1;0,  0;0,  0> +
        ( 0.003574, 0.001447)|  33, 1, 3;0,  0;0,  0> +
        (-0.002629, 0.002632)|  24, 2, 3;0,  0;0,  0> +
        (-0.001254, 0.003475)|  21, 1, 2;0,  0;0,  0> +
        (-0.000444,-0.003541)|  18, 2, 1;0,  0;0,  0> +
        ( 0.002844,-0.001449)|  28, 1, 1;0,  0;0,  0> +
        (-0.001429,-0.002627)|  25, 1, 3;0,  0;0,  0> +
        (-0.002706, 0.001207)|  21, 3, 0;0,  0;0,  0> +
        ( 0.002694, 0.001194)|  21, 2, 1;0,  0;0,  0> +
        (-0.002890,-0.000473)|  26, 1, 3;0,  0;0,  0> +
        (-0.000798, 0.002696)|  27, 1, 1;0,  0;0,  0> +
        (-0.000772, 0.002623)|  26, 3, 2;0,  0;0,  0> +
        (-0.001769, 0.002078)|  22, 1, 2;0,  0;0,  0> +
        ( 0.001021, 0.002410)|  30, 2, 0;0,  0;0,  0> +
        (-0.002452,-0.000004)|  22, 2, 2;0,  0;0,  0> +
        (-0.002173,-0.000505)|  25, 0, 2;0,  0;0,  0> +
        (-0.000266,-0.002094)|  28, 2, 2;0,  0;0,  0> +
        (-0.000072, 0.002076)|  25, 2, 2;0,  0;0,  0> +
        ( 0.001969, 0.000228)|  29, 2, 2;0,  0;0,  0> +
        ( 0.000808,-0.001725)|  32, 1, 3;0,  0;0,  0> +
        ( 0.001453,-0.001170)|  32, 0, 0;0,  0;0,  0> +
        (-0.000258,-0.001762)|  25, 2, 3;0,  0;0,  0> +
        ( 0.001699, 0.000383)|  21, 3, 2;0,  0;0,  0> +
        (-0.001492, 0.000841)|  18, 0, 3;0,  0;0,  0> +
        ( 0.000188, 0.001681)|  17, 0, 3;0,  0;0,  0> +
        ( 0.000382, 0.001380)|  23, 2, 2;0,  0;0,  0> +
        ( 0.001159, 0.000514)|  30, 0, 2;0,  0;0,  0> +
        ( 0.000090, 0.000839)|  27, 1, 0;0,  0;0,  0> +
        (-0.000661, 0.000400)|  31, 1, 3;0,  0;0,  0> +
        ( 0.000583,-0.000501)|  23, 1, 1;0,  0;0,  0> +
        ( 0.000413,-0.000556)|  29, 0, 2;0,  0;0,  0> +
        (-0.000492, 0.000200)|  29, 2, 0;0,  0;0,  0> +
        ( 0.000229, 0.000396)|  24, 2, 2;0,  0;0,  0> +
        (-0.000444,-0.000007)|  33, 3, 3;0,  0;0,  0> +
        ( 0.000234, 0.000323)|  25, 3, 1;0,  0;0,  0> +
        ( 0.000352,-0.000141)|  26, 0, 2;0,  0;0,  0> +
        (-0.000320,-0.000127)|  17, 2, 1;0,  0;0,  0> +
        (-0.000134,-0.000310)|  18, 3, 0;0,  0;0,  0> +
        (-0.000071, 0.000330)|  26, 3, 1;0,  0;0,  0> +
         ...
 |12> = ( 0.151282, 0.752956)|   2, 2, 2;0,  0;0,  0> +
        (-0.522608,-0.040466)|   1, 1, 1;0,  0;0,  0> +
        ( 0.355379,-0.011036)|   0, 3, 2;0,  0;0,  0> +
        ( 0.061597,-0.019212)|   3, 2, 0;0,  0;0,  0> +
        (-0.028903, 0.045446)|   3, 0, 2;0,  0;0,  0> +
        (-0.004022, 0.040290)|   0, 2, 3;0,  0;0,  0> +
        ( 0.003523,-0.014168)|   1, 3, 1;0,  0;0,  0> +
        ( 0.007467, 0.003617)|   2, 1, 1;0,  0;0,  0> +
        (-0.000797,-0.002392)|   1, 1, 3;0,  0;0,  0> +
        ( 0.001557, 0.000431)|   4, 2, 0;0,  0;0,  0> +
        ( 0.001483, 0.000128)|   6, 0, 0;0,  0;0,  0> +
        (-0.001064, 0.000066)|   1, 2, 2;0,  0;0,  0> +
        (-0.000948, 0.000071)|   4, 0, 2;0,  0;0,  0> +
        ( 0.000072,-0.000766)|   1, 0, 3;0,  0;0,  0> +
        (-0.000500, 0.000199)|   1, 3, 0;0,  0;0,  0> +
        ( 0.000099,-0.000389)|   3, 0, 1;0,  0;0,  0> +
         ...
 |13> = ( 0.386310,-0.699212)|  28, 2, 3;0,  0;0,  0> +
        ( 0.168628, 0.363311)|  31, 2, 0;0,  0;0,  0> +
        (-0.261443,-0.032346)|  29, 1, 1;0,  0;0,  0> +
        ( 0.217853,-0.003882)|  31, 0, 2;0,  0;0,  0> +
        ( 0.193122,-0.036212)|  23, 2, 1;0,  0;0,  0> +
        (-0.134062, 0.095016)|  33, 2, 2;0,  0;0,  0> +
        ( 0.070323, 0.044692)|  23, 3, 0;0,  0;0,  0> +
        ( 0.003690, 0.067995)|  29, 0, 1;0,  0;0,  0> +
        (-0.048842, 0.031929)|  32, 2, 0;0,  0;0,  0> +
        ( 0.000397,-0.027389)|  32, 0, 2;0,  0;0,  0> +
        ( 0.012132, 0.016142)|  26, 2, 1;0,  0;0,  0> +
        (-0.013885, 0.007271)|  31, 3, 2;0,  0;0,  0> +
        (-0.001310, 0.015097)|  29, 2, 3;0,  0;0,  0> +
        (-0.001302,-0.014839)|  24, 0, 3;0,  0;0,  0> +
        ( 0.007798, 0.010564)|  31, 0, 1;0,  0;0,  0> +
        ( 0.002404, 0.012748)|  23, 1, 2;0,  0;0,  0> +
        (-0.000344,-0.012633)|  30, 1, 0;0,  0;0,  0> +
        ( 0.003077,-0.009986)|  28, 2, 1;0,  0;0,  0> +
        (-0.009750,-0.001781)|  31, 2, 1;0,  0;0,  0> +
        (-0.006245,-0.006964)|  31, 0, 3;0,  0;0,  0> +
        (-0.008199,-0.004199)|  27, 0, 3;0,  0;0,  0> +
        ( 0.008711, 0.001255)|  29, 0, 3;0,  0;0,  0> +
        ( 0.007512, 0.003536)|  33, 2, 3;0,  0;0,  0> +
        (-0.007706, 0.000671)|  30, 2, 3;0,  0;0,  0> +
        ( 0.002879,-0.006713)|  25, 3, 0;0,  0;0,  0> +
        ( 0.004872, 0.005125)|  33, 1, 1;0,  0;0,  0> +
        (-0.005871, 0.003823)|  24, 3, 0;0,  0;0,  0> +
        (-0.000799, 0.006960)|  28, 3, 0;0,  0;0,  0> +
        (-0.006949, 0.000645)|  29, 1, 0;0,  0;0,  0> +
        ( 0.001002, 0.006798)|  33, 1, 0;0,  0;0,  0> +
        ( 0.000125,-0.006797)|  31, 1, 2;0,  0;0,  0> +
        (-0.006599, 0.000780)|  27, 1, 2;0,  0;0,  0> +
        (-0.005472, 0.003088)|  25, 2, 1;0,  0;0,  0> +
        (-0.005824,-0.002200)|  29, 2, 1;0,  0;0,  0> +
        (-0.006076,-0.000869)|  32, 3, 2;0,  0;0,  0> +
        (-0.005116,-0.003204)|  33, 2, 0;0,  0;0,  0> +
        ( 0.004222,-0.004009)|  32, 0, 1;0,  0;0,  0> +
        (-0.003547,-0.004599)|  26, 1, 2;0,  0;0,  0> +
        ( 0.005337,-0.002064)|  28, 1, 2;0,  0;0,  0> +
        (-0.002690,-0.004467)|  27, 3, 0;0,  0;0,  0> +
        (-0.004218, 0.002924)|  31, 1, 1;0,  0;0,  0> +
        (-0.000825, 0.004635)|  32, 1, 2;0,  0;0,  0> +
        ( 0.004470, 0.000601)|  32, 1, 1;0,  0;0,  0> +
        (-0.003420,-0.002887)|  32, 2, 1;0,  0;0,  0> +
        (-0.002576, 0.003658)|  23, 0, 3;0,  0;0,  0> +
        ( 0.000614, 0.004332)|  33, 3, 0;0,  0;0,  0> +
        ( 0.000235, 0.004322)|  30, 1, 1;0,  0;0,  0> +
        (-0.001822, 0.003887)|  31, 3, 0;0,  0;0,  0> +
        ( 0.000636,-0.004167)|  26, 0, 3;0,  0;0,  0> +
        (-0.003570, 0.002107)|  28, 0, 3;0,  0;0,  0> +
        (-0.004100, 0.000180)|  32, 3, 0;0,  0;0,  0> +
        (-0.000040, 0.003983)|  30, 3, 2;0,  0;0,  0> +
        ( 0.002740,-0.002445)|  31, 2, 3;0,  0;0,  0> +
        ( 0.000970, 0.003386)|  32, 1, 0;0,  0;0,  0> +
        ( 0.001383, 0.003056)|  26, 3, 0;0,  0;0,  0> +
        ( 0.002788, 0.001347)|  28, 3, 2;0,  0;0,  0> +
        (-0.002160,-0.002192)|  33, 0, 2;0,  0;0,  0> +
        ( 0.000550,-0.002919)|  29, 1, 2;0,  0;0,  0> +
        ( 0.001406, 0.002445)|  25, 0, 3;0,  0;0,  0> +
        ( 0.002748, 0.000024)|  30, 1, 2;0,  0;0,  0> +
        ( 0.002521, 0.000239)|  29, 3, 0;0,  0;0,  0> +
        (-0.002034,-0.001440)|  32, 2, 3;0,  0;0,  0> +
        (-0.001863,-0.000260)|  30, 0, 1;0,  0;0,  0> +
        ( 0.001746,-0.000684)|  27, 2, 1;0,  0;0,  0> +
        ( 0.001257,-0.001362)|  33, 3, 2;0,  0;0,  0> +
        (-0.001749, 0.000489)|  24, 1, 2;0,  0;0,  0> +
        (-0.000212,-0.001743)|  31, 1, 0;0,  0;0,  0> +
        (-0.001263,-0.000535)|  25, 1, 2;0,  0;0,  0> +
        (-0.000864, 0.000313)|  32, 0, 3;0,  0;0,  0> +
        (-0.000307, 0.000831)|  24, 2, 1;0,  0;0,  0> +
        (-0.000271,-0.000740)|  30, 2, 1;0,  0;0,  0> +
        (-0.000740, 0.000138)|  29, 3, 2;0,  0;0,  0> +
        ( 0.000607, 0.000326)|  22, 2, 1;0,  0;0,  0> +
        ( 0.000424, 0.000182)|  32, 2, 2;0,  0;0,  0> +
         ...
 |14> = ( 0.008750, 0.633508)|  25, 3, 3;0,  0;0,  0> +
        (-0.558405, 0.063657)|  14, 0, 3;0,  0;0,  0> +
        (-0.292845,-0.186036)|  18, 1, 1;0,  0;0,  0> +
        ( 0.156832, 0.200567)|  17, 2, 2;0,  0;0,  0> +
        ( 0.046167, 0.225589)|  14, 3, 0;0,  0;0,  0> +
        ( 0.000230, 0.171337)|  19, 1, 3;0,  0;0,  0> +
        ( 0.049310,-0.048239)|  20, 2, 0;0,  0;0,  0> +
        ( 0.064636,-0.008398)|  20, 3, 1;0,  0;0,  0> +
        (-0.045608,-0.023409)|  14, 2, 1;0,  0;0,  0> +
        (-0.026583, 0.019463)|  19, 3, 1;0,  0;0,  0> +
        ( 0.016019,-0.018268)|  14, 1, 2;0,  0;0,  0> +
        (-0.004375,-0.018939)|  13, 3, 0;0,  0;0,  0> +
        ( 0.014959,-0.011441)|  20, 0, 2;0,  0;0,  0> +
        ( 0.011394, 0.004035)|  19, 0, 1;0,  0;0,  0> +
        ( 0.006753,-0.008644)|  26, 0, 0;0,  0;0,  0> +
        (-0.007088,-0.007722)|  20, 1, 3;0,  0;0,  0> +
        (-0.000956,-0.009723)|  13, 0, 3;0,  0;0,  0> +
        (-0.001739,-0.008621)|  18, 2, 3;0,  0;0,  0> +
        ( 0.002224, 0.007532)|  13, 1, 2;0,  0;0,  0> +
        ( 0.004754, 0.005123)|  18, 3, 2;0,  0;0,  0> +
        ( 0.001987,-0.006684)|  21, 2, 0;0,  0;0,  0> +
        ( 0.006808, 0.001050)|  21, 3, 1;0,  0;0,  0> +
        (-0.003291,-0.006026)|  17, 3, 2;0,  0;0,  0> +
        ( 0.004405,-0.004692)|  19, 2, 0;0,  0;0,  0> +
        ( 0.005287,-0.003350)|  16, 2, 2;0,  0;0,  0> +
        ( 0.004724,-0.003499)|  13, 2, 1;0,  0;0,  0> +
        (-0.001413,-0.004677)|  22, 0, 2;0,  0;0,  0> +
        (-0.000335, 0.004706)|  19, 1, 0;0,  0;0,  0> +
        ( 0.004247, 0.000098)|  20, 1, 0;0,  0;0,  0> +
        (-0.001018,-0.003951)|  20, 0, 1;0,  0;0,  0> +
        ( 0.001559,-0.003737)|  17, 2, 3;0,  0;0,  0> +
        ( 0.003922, 0.000959)|  20, 1, 1;0,  0;0,  0> +
        ( 0.003702, 0.001507)|  18, 1, 3;0,  0;0,  0> +
        (-0.001673, 0.003085)|  24, 3, 3;0,  0;0,  0> +
        (-0.003115,-0.001567)|  19, 0, 2;0,  0;0,  0> +
        (-0.000035,-0.002766)|  17, 1, 1;0,  0;0,  0> +
        (-0.002637,-0.000247)|  21, 0, 2;0,  0;0,  0> +
        ( 0.001384,-0.001764)|  27, 0, 0;0,  0;0,  0> +
        (-0.002213, 0.000325)|  19, 1, 1;0,  0;0,  0> +
        ( 0.001564, 0.000651)|  18, 3, 1;0,  0;0,  0> +
        (-0.001525, 0.000264)|  21, 1, 3;0,  0;0,  0> +
        (-0.001196, 0.000189)|  18, 2, 2;0,  0;0,  0> +
        (-0.000805,-0.000517)|  15, 0, 3;0,  0;0,  0> +
        ( 0.000851,-0.000243)|  28, 3, 3;0,  0;0,  0> +
        ( 0.000587,-0.000532)|  22, 2, 0;0,  0;0,  0> +
        (-0.000554, 0.000448)|  19, 2, 2;0,  0;0,  0> +
        (-0.000028, 0.000686)|  27, 3, 3;0,  0;0,  0> +
        (-0.000131, 0.000653)|  23, 2, 0;0,  0;0,  0> +
        (-0.000625, 0.000168)|  25, 0, 0;0,  0;0,  0> +
        ( 0.000567, 0.000247)|  22, 1, 3;0,  0;0,  0> +
        ( 0.000485, 0.000314)|  16, 2, 1;0,  0;0,  0> +
        ( 0.000247, 0.000491)|  19, 2, 3;0,  0;0,  0> +
        (-0.000353, 0.000335)|  26, 3, 3;0,  0;0,  0> +
        (-0.000183,-0.000326)|  15, 2, 1;0,  0;0,  0> +
        ( 0.000287,-0.000147)|  17, 3, 1;0,  0;0,  0> +
         ...
 |15> = (-0.637045, 0.394817)|  21, 3, 0;0,  0;0,  0> +
        ( 0.024321,-0.339203)|  28, 2, 2;0,  0;0,  0> +
        ( 0.077747,-0.297901)|  26, 3, 2;0,  0;0,  0> +
        (-0.120740,-0.244610)|  32, 1, 3;0,  0;0,  0> +
        ( 0.230185,-0.059432)|  30, 1, 3;0,  0;0,  0> +
        ( 0.067169,-0.140007)|  29, 0, 2;0,  0;0,  0> +
        (-0.126934, 0.031017)|  22, 0, 3;0,  0;0,  0> +
        ( 0.060794, 0.063107)|  28, 0, 2;0,  0;0,  0> +
        ( 0.007338,-0.084837)|  27, 1, 1;0,  0;0,  0> +
        (-0.045103, 0.067042)|  21, 1, 2;0,  0;0,  0> +
        ( 0.038595,-0.068115)|  32, 3, 1;0,  0;0,  0> +
        (-0.044395, 0.059411)|  31, 3, 1;0,  0;0,  0> +
        (-0.020297,-0.068986)|  21, 2, 1;0,  0;0,  0> +
        (-0.015897,-0.046904)|  22, 3, 0;0,  0;0,  0> +
        ( 0.031377,-0.035669)|  22, 1, 2;0,  0;0,  0> +
        (-0.029374, 0.025376)|  25, 2, 3;0,  0;0,  0> +
        (-0.014898,-0.035317)|  28, 2, 0;0,  0;0,  0> +
        (-0.037678, 0.002551)|  28, 1, 0;0,  0;0,  0> +
        (-0.034458,-0.006439)|  30, 0, 2;0,  0;0,  0> +
        (-0.021274,-0.026476)|  26, 0, 1;0,  0;0,  0> +
        (-0.011621, 0.029567)|  27, 0, 1;0,  0;0,  0> +
        (-0.013366, 0.023461)|  26, 1, 1;0,  0;0,  0> +
        ( 0.021397, 0.009803)|  30, 2, 0;0,  0;0,  0> +
        ( 0.004118,-0.022300)|  31, 2, 2;0,  0;0,  0> +
        ( 0.012226,-0.015695)|  25, 3, 2;0,  0;0,  0> +
        (-0.000532, 0.019439)|  26, 2, 3;0,  0;0,  0> +
        ( 0.001204, 0.018707)|  27, 1, 0;0,  0;0,  0> +
        ( 0.012024, 0.011890)|  26, 1, 0;0,  0;0,  0> +
        ( 0.007841,-0.014280)|  30, 3, 1;0,  0;0,  0> +
        ( 0.013595,-0.008190)|  21, 0, 3;0,  0;0,  0> +
        ( 0.012178,-0.007766)|  29, 2, 2;0,  0;0,  0> +
        ( 0.011307,-0.004322)|  24, 2, 1;0,  0;0,  0> +
        ( 0.003226,-0.011011)|  31, 1, 3;0,  0;0,  0> +
        ( 0.009869, 0.002417)|  29, 2, 0;0,  0;0,  0> +
        ( 0.008506,-0.004176)|  28, 1, 1;0,  0;0,  0> +
        (-0.008538, 0.001333)|  27, 2, 3;0,  0;0,  0> +
        ( 0.007742,-0.000769)|  29, 1, 0;0,  0;0,  0> +
        (-0.006919,-0.000338)|  24, 1, 2;0,  0;0,  0> +
        ( 0.006692,-0.001103)|  28, 0, 1;0,  0;0,  0> +
        (-0.005514,-0.003355)|  27, 3, 2;0,  0;0,  0> +
        ( 0.001970,-0.005705)|  31, 0, 2;0,  0;0,  0> +
        (-0.004971,-0.003047)|  30, 2, 2;0,  0;0,  0> +
        ( 0.000057,-0.005279)|  30, 1, 1;0,  0;0,  0> +
        ( 0.000362, 0.005239)|  33, 3, 1;0,  0;0,  0> +
        ( 0.004947,-0.000876)|  29, 3, 2;0,  0;0,  0> +
        ( 0.004353,-0.000347)|  32, 2, 2;0,  0;0,  0> +
        (-0.000846, 0.004228)|  31, 2, 0;0,  0;0,  0> +
        ( 0.000084,-0.004154)|  22, 2, 1;0,  0;0,  0> +
        (-0.003857,-0.000785)|  33, 1, 3;0,  0;0,  0> +
        (-0.002858, 0.002433)|  23, 2, 1;0,  0;0,  0> +
        ( 0.000179, 0.002807)|  29, 0, 1;0,  0;0,  0> +
        ( 0.002157,-0.001577)|  33, 2, 2;0,  0;0,  0> +
        ( 0.002130,-0.000960)|  23, 3, 0;0,  0;0,  0> +
        ( 0.000160,-0.002305)|  29, 2, 3;0,  0;0,  0> +
        ( 0.002293, 0.000072)|  24, 3, 0;0,  0;0,  0> +
        (-0.000460,-0.001959)|  25, 2, 1;0,  0;0,  0> +
        (-0.000961, 0.001370)|  29, 1, 1;0,  0;0,  0> +
        (-0.000171, 0.001590)|  28, 2, 3;0,  0;0,  0> +
        (-0.001545, 0.000384)|  23, 0, 3;0,  0;0,  0> +
        ( 0.001396,-0.000580)|  23, 1, 2;0,  0;0,  0> +
        ( 0.000627, 0.001240)|  32, 2, 0;0,  0;0,  0> +
        (-0.001257,-0.000567)|  20, 1, 2;0,  0;0,  0> +
        (-0.001243, 0.000397)|  25, 1, 2;0,  0;0,  0> +
        ( 0.000520, 0.001028)|  25, 2, 2;0,  0;0,  0> +
        ( 0.000839,-0.000650)|  29, 1, 3;0,  0;0,  0> +
        ( 0.000923, 0.000504)|  28, 3, 2;0,  0;0,  0> +
        (-0.000839, 0.000313)|  31, 1, 1;0,  0;0,  0> +
        (-0.000651,-0.000221)|  33, 2, 0;0,  0;0,  0> +
        (-0.000415,-0.000467)|  26, 3, 0;0,  0;0,  0> +
        (-0.000014,-0.000496)|  32, 0, 2;0,  0;0,  0> +
        (-0.000224, 0.000406)|  29, 3, 1;0,  0;0,  0> +
        ( 0.000299,-0.000132)|  24, 0, 3;0,  0;0,  0> +
         ...
 |16> = (-0.247415,-0.845169)|  17, 0, 0;0,  0;0,  0> +
        (-0.363080,-0.085231)|   9, 2, 3;0,  0;0,  0> +
        (-0.158984, 0.064626)|   8, 0, 3;0,  0;0,  0> +
        (-0.022566,-0.148671)|  11, 0, 2;0,  0;0,  0> +
        (-0.023337,-0.124769)|   9, 2, 2;0,  0;0,  0> +
        ( 0.022839,-0.087608)|  12, 0, 1;0,  0;0,  0> +
        (-0.048117, 0.017100)|   7, 3, 0;0,  0;0,  0> +
        ( 0.006397, 0.048758)|  12, 1, 0;0,  0;0,  0> +
        (-0.042261,-0.014416)|  12, 0, 2;0,  0;0,  0> +
        ( 0.027605,-0.023050)|  14, 3, 3;0,  0;0,  0> +
        (-0.016948, 0.001329)|   9, 1, 3;0,  0;0,  0> +
        ( 0.002804,-0.011782)|  12, 2, 0;0,  0;0,  0> +
        (-0.008863, 0.007009)|   9, 3, 2;0,  0;0,  0> +
        ( 0.006609,-0.002449)|   8, 1, 2;0,  0;0,  0> +
        (-0.001254, 0.005894)|  10, 2, 2;0,  0;0,  0> +
        ( 0.000732,-0.004456)|  11, 1, 0;0,  0;0,  0> +
        (-0.002893,-0.001745)|   7, 2, 1;0,  0;0,  0> +
        (-0.002490, 0.000348)|   9, 3, 1;0,  0;0,  0> +
        ( 0.001643, 0.001341)|   7, 1, 2;0,  0;0,  0> +
        (-0.000773, 0.001425)|  11, 0, 1;0,  0;0,  0> +
        ( 0.000570, 0.001348)|  13, 3, 3;0,  0;0,  0> +
        ( 0.001311, 0.000598)|  10, 3, 2;0,  0;0,  0> +
        ( 0.000823, 0.000185)|   8, 2, 1;0,  0;0,  0> +
        ( 0.000199,-0.000442)|   7, 0, 3;0,  0;0,  0> +
        ( 0.000420, 0.000104)|  10, 2, 3;0,  0;0,  0> +
        (-0.000314, 0.000094)|   9, 1, 1;0,  0;0,  0> +
         ...
 |17> = ( 0.131319, 0.623474)|   8, 2, 2;0,  0;0,  0> +
        ( 0.212908, 0.520539)|   6, 3, 0;0,  0;0,  0> +
        (-0.343193,-0.102262)|   7, 1, 3;0,  0;0,  0> +
        ( 0.113444, 0.267082)|   7, 3, 1;0,  0;0,  0> +
        (-0.008121,-0.168589)|  10, 2, 0;0,  0;0,  0> +
        ( 0.080285,-0.108365)|  10, 0, 1;0,  0;0,  0> +
        (-0.066546,-0.045255)|   7, 2, 3;0,  0;0,  0> +
        (-0.072390,-0.004660)|  10, 0, 2;0,  0;0,  0> +
        (-0.018811, 0.056890)|   6, 2, 1;0,  0;0,  0> +
        ( 0.004360,-0.025076)|  10, 3, 3;0,  0;0,  0> +
        ( 0.024853,-0.004261)|  10, 1, 0;0,  0;0,  0> +
        ( 0.011355, 0.021428)|   8, 3, 2;0,  0;0,  0> +
        (-0.015981,-0.010559)|   7, 2, 2;0,  0;0,  0> +
        (-0.016542, 0.003831)|   9, 0, 2;0,  0;0,  0> +
        (-0.014764, 0.004360)|   9, 2, 0;0,  0;0,  0> +
        ( 0.013903, 0.000201)|   6, 1, 2;0,  0;0,  0> +
        (-0.012193,-0.003816)|   9, 1, 0;0,  0;0,  0> +
        (-0.003165,-0.008919)|   7, 3, 2;0,  0;0,  0> +
        (-0.001649, 0.004660)|  12, 3, 3;0,  0;0,  0> +
        ( 0.000886, 0.003838)|  16, 0, 0;0,  0;0,  0> +
        ( 0.000712,-0.003566)|   9, 1, 1;0,  0;0,  0> +
        ( 0.002168, 0.002500)|  11, 3, 3;0,  0;0,  0> +
        ( 0.001626, 0.002055)|   8, 1, 3;0,  0;0,  0> +
        ( 0.001434, 0.001170)|   6, 0, 3;0,  0;0,  0> +
        (-0.001446,-0.000934)|   7, 0, 3;0,  0;0,  0> +
        ( 0.001304, 0.000356)|  11, 2, 0;0,  0;0,  0> +
        ( 0.000097,-0.000830)|   5, 2, 1;0,  0;0,  0> +
        (-0.000488,-0.000621)|   8, 3, 1;0,  0;0,  0> +
        ( 0.000241,-0.000550)|  11, 0, 1;0,  0;0,  0> +
        (-0.000203, 0.000549)|   9, 0, 1;0,  0;0,  0> +
        ( 0.000493,-0.000053)|  15, 0, 0;0,  0;0,  0> +
        ( 0.000454, 0.000037)|   7, 2, 1;0,  0;0,  0> +
        ( 0.000156,-0.000358)|   5, 1, 2;0,  0;0,  0> +
         ...
 |18> = ( 0.837718, 0.101105)|  10, 1, 1;0,  0;0,  0> +
        (-0.459108, 0.038987)|   8, 2, 3;0,  0;0,  0> +
        (-0.215050, 0.035673)|  11, 2, 0;0,  0;0,  0> +
        ( 0.046582, 0.125894)|   8, 1, 3;0,  0;0,  0> +
        ( 0.003376,-0.072091)|   6, 1, 2;0,  0;0,  0> +
        (-0.013857,-0.060270)|  16, 0, 0;0,  0;0,  0> +
        (-0.014860,-0.014374)|   8, 3, 2;0,  0;0,  0> +
        (-0.011492,-0.005318)|   8, 3, 1;0,  0;0,  0> +
        ( 0.011966, 0.002538)|  15, 0, 0;0,  0;0,  0> +
        ( 0.003009,-0.011245)|   9, 1, 1;0,  0;0,  0> +
        (-0.002828, 0.007318)|  12, 3, 3;0,  0;0,  0> +
        (-0.004163,-0.005025)|  10, 1, 0;0,  0;0,  0> +
        ( 0.005625, 0.001933)|   7, 0, 3;0,  0;0,  0> +
        (-0.005147,-0.002657)|   7, 2, 3;0,  0;0,  0> +
        (-0.003462,-0.003066)|  11, 3, 3;0,  0;0,  0> +
        (-0.001777, 0.003932)|  11, 0, 1;0,  0;0,  0> +
        (-0.000238,-0.002980)|  10, 2, 0;0,  0;0,  0> +
        (-0.002697,-0.000413)|   7, 2, 1;0,  0;0,  0> +
        (-0.002146, 0.000490)|   7, 3, 1;0,  0;0,  0> +
        (-0.002006, 0.000451)|   6, 3, 0;0,  0;0,  0> +
        ( 0.001569,-0.000115)|   8, 2, 2;0,  0;0,  0> +
        ( 0.000335, 0.001450)|  10, 0, 1;0,  0;0,  0> +
        ( 0.000328, 0.001433)|  11, 1, 0;0,  0;0,  0> +
        (-0.000850,-0.001003)|  12, 2, 0;0,  0;0,  0> +
        (-0.000806, 0.000034)|   6, 2, 1;0,  0;0,  0> +
        ( 0.000095,-0.000552)|  10, 3, 3;0,  0;0,  0> +
        ( 0.000112, 0.000395)|   7, 1, 3;0,  0;0,  0> +
        (-0.000298, 0.000107)|   9, 2, 0;0,  0;0,  0> +
         ...
 |19> = (-0.731746,-0.520022)|  12, 0, 0;0,  0;0,  0> +
        (-0.275070, 0.155929)|   7, 3, 3;0,  0;0,  0> +
        ( 0.145148, 0.120036)|   4, 2, 1;0,  0;0,  0> +
        ( 0.067108, 0.112032)|   4, 1, 2;0,  0;0,  0> +
        ( 0.051928,-0.114524)|   8, 0, 2;0,  0;0,  0> +
        (-0.018579, 0.102000)|   4, 3, 0;0,  0;0,  0> +
        ( 0.076706,-0.028488)|   7, 0, 2;0,  0;0,  0> +
        ( 0.055906, 0.054846)|   4, 0, 3;0,  0;0,  0> +
        (-0.023133,-0.011945)|   5, 2, 2;0,  0;0,  0> +
        ( 0.012816,-0.021225)|   7, 1, 0;0,  0;0,  0> +
        (-0.003953,-0.017329)|   7, 2, 0;0,  0;0,  0> +
        ( 0.013041, 0.005703)|   6, 2, 2;0,  0;0,  0> +
        (-0.010231, 0.003850)|   8, 0, 1;0,  0;0,  0> +
        ( 0.007833,-0.006561)|   5, 1, 3;0,  0;0,  0> +
        (-0.009393,-0.000647)|   8, 2, 0;0,  0;0,  0> +
        (-0.000301,-0.005317)|   7, 0, 1;0,  0;0,  0> +
        ( 0.000209, 0.004204)|   4, 2, 3;0,  0;0,  0> +
        (-0.003734, 0.000288)|   8, 1, 0;0,  0;0,  0> +
        ( 0.002910, 0.001571)|   5, 1, 1;0,  0;0,  0> +
        ( 0.001858, 0.001870)|   4, 3, 2;0,  0;0,  0> +
        ( 0.000304, 0.002076)|   4, 3, 1;0,  0;0,  0> +
        (-0.001367, 0.000215)|   4, 1, 3;0,  0;0,  0> +
        (-0.000422,-0.001237)|   3, 1, 2;0,  0;0,  0> +
        (-0.000517, 0.001180)|   6, 3, 3;0,  0;0,  0> +
        (-0.001272, 0.000175)|   5, 3, 2;0,  0;0,  0> +
        ( 0.000551,-0.000590)|  11, 0, 0;0,  0;0,  0> +
        (-0.000666,-0.000276)|   8, 3, 3;0,  0;0,  0> +
        ( 0.000167,-0.000471)|   3, 3, 0;0,  0;0,  0> +
         ...
 |20> = ( 0.699023,-0.480219)|  33, 0, 1;0,  0;0,  0> +
        (-0.217723,-0.172914)|  28, 3, 0;0,  0;0,  0> +
        (-0.223278, 0.062755)|  27, 1, 2;0,  0;0,  0> +
        (-0.111760,-0.197572)|  28, 0, 3;0,  0;0,  0> +
        (-0.021886,-0.165831)|  28, 2, 1;0,  0;0,  0> +
        (-0.151908, 0.026190)|  28, 1, 2;0,  0;0,  0> +
        ( 0.060711, 0.128595)|  29, 2, 1;0,  0;0,  0> +
        ( 0.025627, 0.123146)|  27, 3, 0;0,  0;0,  0> +
        (-0.041519,-0.057960)|  29, 0, 3;0,  0;0,  0> +
        ( 0.032940, 0.014076)|  33, 2, 3;0,  0;0,  0> +
        (-0.026662,-0.009956)|  30, 0, 3;0,  0;0,  0> +
        (-0.020082,-0.018983)|  33, 3, 0;0,  0;0,  0> +
        (-0.015747,-0.020996)|  30, 2, 1;0,  0;0,  0> +
        (-0.019439, 0.001970)|  32, 2, 1;0,  0;0,  0> +
        ( 0.002248,-0.018004)|  31, 1, 2;0,  0;0,  0> +
        (-0.006551, 0.012486)|  32, 1, 2;0,  0;0,  0> +
        ( 0.013059, 0.002616)|  29, 3, 0;0,  0;0,  0> +
        (-0.010732, 0.003325)|  32, 3, 0;0,  0;0,  0> +
        ( 0.002954, 0.010626)|  33, 1, 1;0,  0;0,  0> +
        (-0.010395, 0.002129)|  31, 3, 0;0,  0;0,  0> +
        (-0.002162, 0.009805)|  31, 0, 3;0,  0;0,  0> +
        ( 0.008379, 0.003240)|  33, 0, 3;0,  0;0,  0> +
        ( 0.002466, 0.004028)|  30, 3, 0;0,  0;0,  0> +
        (-0.000371, 0.004555)|  29, 1, 2;0,  0;0,  0> +
        ( 0.002398,-0.003321)|  33, 3, 2;0,  0;0,  0> +
        ( 0.001213,-0.002604)|  33, 1, 2;0,  0;0,  0> +
        (-0.002168,-0.000559)|  30, 1, 2;0,  0;0,  0> +
        ( 0.001344,-0.000621)|  31, 2, 1;0,  0;0,  0> +
        (-0.000516, 0.001145)|  32, 0, 3;0,  0;0,  0> +
        ( 0.000179, 0.001210)|  33, 1, 0;0,  0;0,  0> +
        (-0.000272, 0.001078)|  32, 0, 1;0,  0;0,  0> +
        ( 0.000664,-0.000422)|  33, 2, 1;0,  0;0,  0> +
        ( 0.000543, 0.000481)|  32, 1, 0;0,  0;0,  0> +
        (-0.000623,-0.000198)|  27, 0, 3;0,  0;0,  0> +
         ...
 |21> = (-0.496652,-0.324636)|   2, 1, 3;0,  0;0,  0> +
        ( 0.449138, 0.308705)|   4, 0, 1;0,  0;0,  0> +
        (-0.374879,-0.036621)|   4, 0, 2;0,  0;0,  0> +
        ( 0.318481,-0.197675)|   4, 2, 0;0,  0;0,  0> +
        (-0.195982, 0.144702)|   4, 1, 0;0,  0;0,  0> +
        (-0.028775,-0.040520)|   1, 2, 1;0,  0;0,  0> +
        (-0.000087,-0.042456)|   2, 3, 3;0,  0;0,  0> +
        (-0.021304, 0.032277)|   7, 0, 0;0,  0;0,  0> +
        (-0.000072,-0.036864)|   1, 1, 2;0,  0;0,  0> +
        ( 0.032555, 0.009115)|   3, 1, 1;0,  0;0,  0> +
        ( 0.017594, 0.013828)|   2, 1, 1;0,  0;0,  0> +
        (-0.005505,-0.010629)|   1, 1, 3;0,  0;0,  0> +
        ( 0.007009,-0.002772)|   3, 0, 2;0,  0;0,  0> +
        ( 0.002828,-0.006180)|   1, 3, 0;0,  0;0,  0> +
        (-0.004513, 0.004866)|   1, 0, 3;0,  0;0,  0> +
        (-0.005725,-0.000527)|   3, 1, 0;0,  0;0,  0> +
        (-0.002731,-0.003874)|   1, 3, 1;0,  0;0,  0> +
        ( 0.001022,-0.004164)|   3, 2, 0;0,  0;0,  0> +
        (-0.003563, 0.001111)|   1, 3, 3;0,  0;0,  0> +
        ( 0.001904,-0.000738)|   2, 1, 2;0,  0;0,  0> +
        ( 0.001380,-0.001355)|   1, 1, 1;0,  0;0,  0> +
        ( 0.001654,-0.000938)|   2, 3, 0;0,  0;0,  0> +
        (-0.001364, 0.001198)|   0, 2, 3;0,  0;0,  0> +
        ( 0.000342,-0.001589)|   3, 0, 1;0,  0;0,  0> +
        ( 0.000533, 0.001329)|   2, 0, 3;0,  0;0,  0> +
        (-0.000403, 0.000614)|   8, 0, 0;0,  0;0,  0> +
        (-0.000399, 0.000044)|   2, 2, 1;0,  0;0,  0> +
        ( 0.000349,-0.000161)|   1, 3, 2;0,  0;0,  0> +
        (-0.000205, 0.000253)|   2, 3, 1;0,  0;0,  0> +
         ...
 |22> = (-0.576111,-0.078190)|  15, 1, 2;0,  0;0,  0> +
        ( 0.190350, 0.469144)|  20, 3, 2;0,  0;0,  0> +
        (-0.019729, 0.448830)|  20, 2, 2;0,  0;0,  0> +
        (-0.138497, 0.237288)|  23, 2, 0;0,  0;0,  0> +
        ( 0.180963, 0.168543)|  15, 3, 0;0,  0;0,  0> +
        (-0.163321,-0.066304)|  23, 0, 2;0,  0;0,  0> +
        ( 0.150253, 0.041181)|  22, 1, 3;0,  0;0,  0> +
        ( 0.040195, 0.004256)|  15, 2, 1;0,  0;0,  0> +
        (-0.004657, 0.038401)|  24, 0, 2;0,  0;0,  0> +
        ( 0.033954,-0.016742)|  23, 2, 2;0,  0;0,  0> +
        ( 0.012766,-0.032898)|  16, 3, 0;0,  0;0,  0> +
        ( 0.030771, 0.004495)|  16, 2, 1;0,  0;0,  0> +
        (-0.026863,-0.013834)|  20, 1, 1;0,  0;0,  0> +
        ( 0.017146,-0.021874)|  19, 3, 2;0,  0;0,  0> +
        (-0.020656,-0.005633)|  23, 1, 3;0,  0;0,  0> +
        ( 0.020285,-0.003859)|  21, 1, 0;0,  0;0,  0> +
        (-0.016955,-0.006506)|  21, 1, 1;0,  0;0,  0> +
        ( 0.015779, 0.008115)|  16, 0, 3;0,  0;0,  0> +
        ( 0.017722, 0.000116)|  24, 1, 3;0,  0;0,  0> +
        ( 0.016056,-0.004885)|  24, 2, 0;0,  0;0,  0> +
        (-0.007047,-0.014289)|  22, 3, 1;0,  0;0,  0> +
        (-0.002745, 0.012935)|  17, 2, 1;0,  0;0,  0> +
        ( 0.010056,-0.005506)|  22, 1, 1;0,  0;0,  0> +
        (-0.002037,-0.008489)|  22, 2, 2;0,  0;0,  0> +
        (-0.008423, 0.002250)|  17, 3, 0;0,  0;0,  0> +
        ( 0.007301,-0.003726)|  29, 3, 3;0,  0;0,  0> +
        (-0.004128,-0.006310)|  17, 0, 3;0,  0;0,  0> +
        (-0.004792, 0.004087)|  15, 0, 3;0,  0;0,  0> +
        (-0.003182, 0.004963)|  24, 3, 1;0,  0;0,  0> +
        ( 0.005575, 0.000577)|  18, 2, 2;0,  0;0,  0> +
        (-0.005344, 0.001509)|  21, 2, 2;0,  0;0,  0> +
        (-0.005531, 0.000021)|  18, 3, 0;0,  0;0,  0> +
        ( 0.004807, 0.001367)|  23, 3, 1;0,  0;0,  0> +
        ( 0.000112,-0.004890)|  21, 2, 3;0,  0;0,  0> +
        ( 0.000321,-0.004604)|  23, 0, 1;0,  0;0,  0> +
        (-0.004420, 0.001189)|  29, 0, 0;0,  0;0,  0> +
        ( 0.004307,-0.000482)|  31, 3, 3;0,  0;0,  0> +
        (-0.002098, 0.003631)|  22, 1, 0;0,  0;0,  0> +
        (-0.004000, 0.001047)|  20, 2, 3;0,  0;0,  0> +
        ( 0.002186, 0.003481)|  18, 2, 1;0,  0;0,  0> +
        (-0.003247,-0.001033)|  21, 0, 1;0,  0;0,  0> +
        (-0.002995, 0.001425)|  22, 3, 2;0,  0;0,  0> +
        (-0.002723,-0.001140)|  24, 1, 1;0,  0;0,  0> +
        ( 0.002205,-0.001726)|  16, 1, 2;0,  0;0,  0> +
        (-0.002551,-0.000327)|  19, 2, 3;0,  0;0,  0> +
        (-0.001400, 0.002021)|  28, 3, 3;0,  0;0,  0> +
        (-0.002095,-0.000373)|  17, 1, 2;0,  0;0,  0> +
        ( 0.000198,-0.002042)|  22, 0, 1;0,  0;0,  0> +
        ( 0.001687, 0.001061)|  31, 0, 0;0,  0;0,  0> +
        ( 0.001768, 0.000524)|  22, 0, 2;0,  0;0,  0> +
        ( 0.001029,-0.001358)|  21, 3, 2;0,  0;0,  0> +
        ( 0.000038,-0.001689)|  30, 0, 0;0,  0;0,  0> +
        (-0.001606,-0.000214)|  32, 3, 3;0,  0;0,  0> +
        ( 0.001188,-0.000739)|  26, 0, 2;0,  0;0,  0> +
        ( 0.000215, 0.001116)|  25, 2, 0;0,  0;0,  0> +
        (-0.000779, 0.000558)|  24, 2, 2;0,  0;0,  0> +
        ( 0.000790,-0.000395)|  23, 1, 1;0,  0;0,  0> +
        (-0.000749,-0.000021)|  22, 2, 3;0,  0;0,  0> +
        ( 0.000262,-0.000697)|  19, 2, 2;0,  0;0,  0> +
        ( 0.000661,-0.000089)|  25, 3, 1;0,  0;0,  0> +
        ( 0.000524,-0.000352)|  21, 1, 3;0,  0;0,  0> +
        (-0.000530,-0.000080)|  22, 2, 0;0,  0;0,  0> +
        ( 0.000058, 0.000526)|  26, 3, 1;0,  0;0,  0> +
        ( 0.000458, 0.000009)|  19, 1, 1;0,  0;0,  0> +
        (-0.000323, 0.000303)|  32, 0, 0;0,  0;0,  0> +
        ( 0.000318, 0.000072)|  21, 3, 1;0,  0;0,  0> +
         ...
 |23> = ( 0.091424,-0.618279)|  19, 1, 0;0,  0;0,  0> +
        ( 0.394570,-0.318642)|  14, 2, 1;0,  0;0,  0> +
        (-0.392636, 0.302249)|  19, 3, 1;0,  0;0,  0> +
        ( 0.053625,-0.132800)|  14, 1, 2;0,  0;0,  0> +
        (-0.000197,-0.139159)|  19, 1, 3;0,  0;0,  0> +
        (-0.122817, 0.024602)|  20, 1, 3;0,  0;0,  0> +
        ( 0.111816, 0.022467)|  20, 3, 1;0,  0;0,  0> +
        (-0.079733, 0.072721)|  26, 3, 3;0,  0;0,  0> +
        ( 0.029447,-0.101500)|  21, 2, 0;0,  0;0,  0> +
        (-0.011607, 0.072162)|  18, 2, 3;0,  0;0,  0> +
        (-0.060917,-0.022602)|  21, 0, 2;0,  0;0,  0> +
        (-0.007841, 0.036316)|  14, 0, 3;0,  0;0,  0> +
        (-0.026319, 0.026035)|  27, 0, 0;0,  0;0,  0> +
        (-0.006655,-0.028054)|  22, 0, 2;0,  0;0,  0> +
        ( 0.019104, 0.011257)|  14, 3, 0;0,  0;0,  0> +
        (-0.015227, 0.014470)|  20, 0, 2;0,  0;0,  0> +
        ( 0.015401, 0.004459)|  20, 2, 0;0,  0;0,  0> +
        ( 0.013579, 0.000752)|  18, 2, 2;0,  0;0,  0> +
        ( 0.010961, 0.002654)|  20, 1, 1;0,  0;0,  0> +
        (-0.008465, 0.003596)|  21, 3, 1;0,  0;0,  0> +
        ( 0.008564,-0.002524)|  28, 3, 3;0,  0;0,  0> +
        (-0.005360, 0.004880)|  18, 3, 2;0,  0;0,  0> +
        (-0.006201,-0.001971)|  22, 1, 3;0,  0;0,  0> +
        (-0.004746, 0.003288)|  19, 1, 1;0,  0;0,  0> +
        ( 0.000750,-0.005257)|  27, 3, 3;0,  0;0,  0> +
        ( 0.003140, 0.004024)|  15, 2, 1;0,  0;0,  0> +
        ( 0.004343, 0.002129)|  13, 3, 0;0,  0;0,  0> +
        (-0.002143, 0.003931)|  18, 1, 1;0,  0;0,  0> +
        (-0.004420, 0.000331)|  16, 2, 2;0,  0;0,  0> +
        (-0.004019,-0.001509)|  13, 1, 2;0,  0;0,  0> +
        ( 0.000144, 0.004021)|  19, 2, 0;0,  0;0,  0> +
        (-0.003682, 0.001293)|  21, 1, 3;0,  0;0,  0> +
        (-0.000741, 0.003780)|  19, 0, 1;0,  0;0,  0> +
        ( 0.001849,-0.003266)|  24, 3, 3;0,  0;0,  0> +
        ( 0.000564, 0.003372)|  22, 2, 0;0,  0;0,  0> +
        ( 0.002857, 0.001632)|  17, 2, 2;0,  0;0,  0> +
        (-0.002767, 0.001592)|  13, 0, 3;0,  0;0,  0> +
        ( 0.002740, 0.000679)|  19, 0, 2;0,  0;0,  0> +
        (-0.001832,-0.001854)|  25, 3, 3;0,  0;0,  0> +
        ( 0.000745, 0.002487)|  28, 0, 0;0,  0;0,  0> +
        (-0.001707, 0.001852)|  19, 3, 2;0,  0;0,  0> +
        (-0.000764,-0.002022)|  19, 2, 3;0,  0;0,  0> +
        ( 0.002100, 0.000158)|  20, 1, 0;0,  0;0,  0> +
        (-0.000523, 0.001780)|  18, 1, 3;0,  0;0,  0> +
        (-0.000330, 0.001732)|  23, 2, 0;0,  0;0,  0> +
        (-0.000028, 0.001667)|  19, 2, 2;0,  0;0,  0> +
        (-0.000956, 0.001193)|  17, 1, 1;0,  0;0,  0> +
        ( 0.000577,-0.001208)|  17, 2, 3;0,  0;0,  0> +
        (-0.000916,-0.000843)|  18, 3, 1;0,  0;0,  0> +
        (-0.000768, 0.000975)|  20, 0, 1;0,  0;0,  0> +
        (-0.000333, 0.000880)|  13, 2, 1;0,  0;0,  0> +
        ( 0.000425, 0.000804)|  20, 3, 2;0,  0;0,  0> +
        ( 0.000811,-0.000028)|  16, 2, 1;0,  0;0,  0> +
        ( 0.000521, 0.000176)|  25, 0, 0;0,  0;0,  0> +
        (-0.000526, 0.000138)|  15, 1, 2;0,  0;0,  0> +
        (-0.000438, 0.000121)|  15, 3, 0;0,  0;0,  0> +
        (-0.000337,-0.000197)|  23, 0, 2;0,  0;0,  0> +
        (-0.000077, 0.000369)|  17, 3, 2;0,  0;0,  0> +
         ...
 |24> = (-0.661478, 0.142052)|  22, 1, 1;0,  0;0,  0> +
        (-0.270333, 0.304402)|  22, 1, 0;0,  0;0,  0> +
        ( 0.001219, 0.311745)|  17, 2, 1;0,  0;0,  0> +
        (-0.262053, 0.009748)|  17, 3, 0;0,  0;0,  0> +
        (-0.013895,-0.247969)|  22, 0, 1;0,  0;0,  0> +
        (-0.016116, 0.226342)|  21, 2, 3;0,  0;0,  0> +
        ( 0.133202, 0.142676)|  16, 1, 2;0,  0;0,  0> +
        (-0.177687, 0.039841)|  24, 2, 0;0,  0;0,  0> +
        (-0.073843,-0.084142)|  21, 1, 1;0,  0;0,  0> +
        (-0.038340,-0.048104)|  23, 3, 1;0,  0;0,  0> +
        (-0.042746, 0.020323)|  22, 3, 2;0,  0;0,  0> +
        (-0.035523, 0.009495)|  21, 2, 2;0,  0;0,  0> +
        (-0.004641,-0.036000)|  24, 0, 2;0,  0;0,  0> +
        (-0.008991,-0.023616)|  25, 3, 1;0,  0;0,  0> +
        ( 0.020621, 0.011108)|  24, 1, 3;0,  0;0,  0> +
        ( 0.002198,-0.023127)|  16, 3, 0;0,  0;0,  0> +
        (-0.015417,-0.009916)|  31, 0, 0;0,  0;0,  0> +
        ( 0.016585, 0.004943)|  16, 0, 3;0,  0;0,  0> +
        ( 0.007292, 0.015657)|  30, 0, 0;0,  0;0,  0> +
        (-0.001432, 0.016962)|  23, 0, 1;0,  0;0,  0> +
        (-0.016371,-0.003370)|  18, 3, 0;0,  0;0,  0> +
        ( 0.014171, 0.000173)|  22, 2, 3;0,  0;0,  0> +
        (-0.012463, 0.006078)|  23, 2, 2;0,  0;0,  0> +
        (-0.012334,-0.005098)|  17, 0, 3;0,  0;0,  0> +
        (-0.002440, 0.012412)|  22, 2, 2;0,  0;0,  0> +
        (-0.009992,-0.001760)|  32, 3, 3;0,  0;0,  0> +
        ( 0.005684,-0.007834)|  15, 3, 0;0,  0;0,  0> +
        (-0.001833,-0.009471)|  23, 0, 2;0,  0;0,  0> +
        ( 0.001990, 0.008099)|  26, 3, 1;0,  0;0,  0> +
        (-0.003220, 0.006834)|  21, 3, 2;0,  0;0,  0> +
        (-0.007049, 0.002181)|  30, 3, 3;0,  0;0,  0> +
        (-0.006488, 0.001647)|  21, 1, 0;0,  0;0,  0> +
        ( 0.006373,-0.000590)|  21, 0, 1;0,  0;0,  0> +
        ( 0.005305, 0.003497)|  26, 1, 3;0,  0;0,  0> +
        (-0.005653,-0.002629)|  17, 1, 2;0,  0;0,  0> +
        ( 0.000039,-0.005405)|  18, 2, 1;0,  0;0,  0> +
        (-0.002988, 0.004006)|  27, 1, 3;0,  0;0,  0> +
        (-0.000748,-0.004174)|  24, 2, 2;0,  0;0,  0> +
        (-0.003157, 0.002468)|  23, 2, 0;0,  0;0,  0> +
        (-0.003928, 0.000108)|  33, 3, 3;0,  0;0,  0> +
        ( 0.000639,-0.003872)|  26, 0, 2;0,  0;0,  0> +
        ( 0.003051,-0.002401)|  26, 2, 0;0,  0;0,  0> +
        ( 0.000586, 0.003733)|  25, 2, 0;0,  0;0,  0> +
        (-0.003660,-0.000931)|  29, 0, 0;0,  0;0,  0> +
        (-0.000629, 0.003705)|  23, 1, 1;0,  0;0,  0> +
        (-0.003596,-0.000813)|  19, 2, 1;0,  0;0,  0> +
        (-0.002446,-0.002621)|  24, 3, 1;0,  0;0,  0> +
        (-0.003297, 0.000377)|  31, 3, 3;0,  0;0,  0> +
        (-0.000243,-0.003310)|  15, 1, 2;0,  0;0,  0> +
        (-0.002982,-0.000431)|  22, 3, 1;0,  0;0,  0> +
        ( 0.000058, 0.002751)|  23, 3, 2;0,  0;0,  0> +
        ( 0.002496,-0.000662)|  23, 2, 3;0,  0;0,  0> +
        (-0.001836, 0.001757)|  32, 0, 0;0,  0;0,  0> +
        (-0.002459,-0.000610)|  24, 1, 1;0,  0;0,  0> +
        (-0.001807, 0.001649)|  19, 0, 3;0,  0;0,  0> +
        ( 0.001255, 0.001923)|  23, 1, 3;0,  0;0,  0> +
        ( 0.001317,-0.001661)|  19, 3, 2;0,  0;0,  0> +
        ( 0.001061, 0.001709)|  20, 2, 3;0,  0;0,  0> +
        (-0.001890,-0.000476)|  24, 0, 1;0,  0;0,  0> +
        ( 0.001101,-0.001587)|  16, 2, 1;0,  0;0,  0> +
        (-0.001661, 0.000197)|  18, 1, 2;0,  0;0,  0> +
        (-0.000406,-0.001541)|  20, 3, 2;0,  0;0,  0> +
        ( 0.001361, 0.000376)|  15, 2, 1;0,  0;0,  0> +
        ( 0.000625, 0.000864)|  18, 0, 3;0,  0;0,  0> +
        ( 0.000957, 0.000436)|  22, 1, 3;0,  0;0,  0> +
        (-0.000912,-0.000220)|  25, 0, 2;0,  0;0,  0> +
        (-0.000175, 0.000903)|  25, 1, 3;0,  0;0,  0> +
        (-0.000422, 0.000774)|  27, 3, 1;0,  0;0,  0> +
        ( 0.000185,-0.000793)|  24, 1, 0;0,  0;0,  0> +
        ( 0.000147, 0.000690)|  20, 2, 2;0,  0;0,  0> +
        ( 0.000697, 0.000014)|  27, 2, 0;0,  0;0,  0> +
        ( 0.000263, 0.000505)|  28, 3, 1;0,  0;0,  0> +
        (-0.000540,-0.000074)|  28, 1, 3;0,  0;0,  0> +
        (-0.000519,-0.000103)|  26, 2, 2;0,  0;0,  0> +
        (-0.000475,-0.000190)|  29, 3, 3;0,  0;0,  0> +
        ( 0.000435,-0.000037)|  27, 0, 2;0,  0;0,  0> +
         ...
