p0896
# Parameters of the model
#  mass:		     25.30 u
#  charge:	      1.00 e
#  dipole:	      3.00 D
#  B:		 191477.00 MHz
#  omega_rho:	      1.40 MHz
#  omega_z:	      0.15 MHz

# Basis truncation:	|34,4,4;2,2>
# omega_1:	      0.26 MHz
# omega_3/5:	      1.39 MHz
# Basis size:		44064

# Active terms of the Hamiltionian:
# 	Nomal modes:	1
# 	T_rot:      	1
# 	V_qd^{(0)}: 	1
# 	V_qd^{(1)}: 	1
# 	V_dd^{(0)}: 	1

# Results of the diagonalisation

# 100 smallest eigenvalues
 -711.771728516 -629.491210938 -613.738525391 -583.852539062 -522.411315918 -378.414154053 -328.091094971 -311.577423096 -280.975189209 -266.520477295 -257.874847412 -256.384033203 -233.267532349 -233.000000000 -224.897781372 -219.837677002 -219.758163452 -215.077590942 -210.981964111 -210.626083374 -209.312545776 -207.628509521 -205.330398560 -177.400085449 -172.917831421 -169.548004150 -163.644790649 -162.809249878 -160.812713623 -150.311279297 -148.946624756 -146.868438721 -143.796325684 -138.544586182 -138.164428711 -137.035934448 -135.344833374 -127.358421326 -118.906135559 -118.360145569 -114.083198547 -113.837577820 -113.617683411 -106.926834106 -106.470710754 -101.916633606 -94.150283813 -94.140541077 -89.685646057 -86.084281921 -84.478332520 -82.412628174 -81.949600220 -80.262565613 -78.466171265 -75.855812073 -72.170707703 -70.623970032 -67.969261169 -67.571441650 -61.879241943 -61.572158813 -59.233055115 -58.424060822 -56.620090485 -56.263469696 -55.025779724 -54.052474976 -53.132419586 -53.045375824 -49.545425415 -48.453033447 -46.671817780 -46.307346344 -45.846355438 -43.476600647 -43.096981049 -43.076171875 -41.831546783 -39.932380676 -38.546005249 -38.448970795 -38.044151306 -37.193119049 -33.719284058 -29.006631851 -28.938919067 -28.399925232 -26.427705765 -24.106277466 -23.338165283 -23.193792343 -23.020801544 -22.406557083 -22.220834732 -21.039813995 -20.660686493 -19.175350189 -16.606563568 -14.744776726

# Ground state and the lowest excitations:
 | 0> = (-0.441231,-0.229274)|  27, 3, 1;0,  0;0,  0> +
        (-0.310316, 0.294662)|  15, 1, 2;0,  0;0,  0> +
        (-0.279723, 0.069548)|  15, 0, 3;0,  0;0,  0> +
        ( 0.175309, 0.226381)|  27, 1, 3;0,  0;0,  0> +
        (-0.233201,-0.110437)|  15, 2, 1;0,  0;0,  0> +
        (-0.238849, 0.089100)|  15, 3, 0;0,  0;0,  0> +
        ( 0.163320,-0.180905)|  21, 0, 0;0,  0;0,  0> +
        (-0.166454, 0.072016)|  14, 2, 1;0,  0;0,  0> +
        ( 0.008480,-0.179006)|  26, 3, 1;0,  0;0,  0> +
        ( 0.026972,-0.176667)|  28, 1, 3;0,  0;0,  0> +
        ( 0.122280,-0.095248)|  18, 2, 3;0,  0;0,  0> +
        ( 0.139043, 0.035263)|  16, 1, 1;0,  0;0,  0> +
        ( 0.133627, 0.041127)|  26, 1, 3;0,  0;0,  0> +
        (-0.030382,-0.121475)|  14, 3, 0;0,  0;0,  0> +
        (-0.092891, 0.034898)|  21, 2, 2;0,  0;0,  0> +
        (-0.037140,-0.064971)|  24, 2, 2;0,  0;0,  0> +
        (-0.058776, 0.044382)|  17, 0, 1;0,  0;0,  0> +
        ( 0.022259, 0.065346)|  28, 3, 1;0,  0;0,  0> +
        (-0.013619,-0.043998)|  14, 1, 2;0,  0;0,  0> +
        (-0.033096,-0.003600)|  23, 2, 2;0,  0;0,  0> +
        ( 0.018312,-0.027213)|  20, 2, 2;0,  0;0,  0> +
        ( 0.003966,-0.030805)|  16, 3, 0;0,  0;0,  0> +
        ( 0.026887,-0.009144)|  25, 3, 1;0,  0;0,  0> +
        (-0.000614,-0.024522)|  16, 2, 1;0,  0;0,  0> +
        ( 0.023503, 0.006872)|  25, 1, 3;0,  0;0,  0> +
        (-0.005253,-0.023682)|  17, 1, 0;0,  0;0,  0> +
        (-0.007301,-0.022120)|  33, 3, 3;0,  0;0,  0> +
        ( 0.018102,-0.014437)|  17, 2, 0;0,  0;0,  0> +
        (-0.015225,-0.016025)|  30, 3, 1;0,  0;0,  0> +
        (-0.017334, 0.011218)|  19, 3, 2;0,  0;0,  0> +
        ( 0.014330, 0.014005)|  19, 2, 2;0,  0;0,  0> +
        (-0.014367,-0.001096)|  16, 0, 3;0,  0;0,  0> +
        (-0.000995, 0.014011)|  14, 0, 3;0,  0;0,  0> +
        ( 0.012029, 0.000540)|  28, 2, 2;0,  0;0,  0> +
        ( 0.009461, 0.002027)|  17, 0, 2;0,  0;0,  0> +
        (-0.008028, 0.002249)|  19, 2, 3;0,  0;0,  0> +
        ( 0.003826,-0.005953)|  22, 2, 2;0,  0;0,  0> +
        ( 0.002310,-0.006111)|  13, 0, 3;0,  0;0,  0> +
        ( 0.003908,-0.004983)|  26, 2, 2;0,  0;0,  0> +
        (-0.003598,-0.002250)|  18, 2, 2;0,  0;0,  0> +
        ( 0.003659,-0.001567)|  23, 1, 3;0,  0;0,  0> +
        (-0.000249,-0.003690)|  32, 3, 3;0,  0;0,  0> +
        (-0.003544,-0.000451)|  18, 3, 2;0,  0;0,  0> +
        ( 0.003274, 0.001058)|  16, 2, 0;0,  0;0,  0> +
        (-0.001727,-0.000405)|  16, 1, 2;0,  0;0,  0> +
        ( 0.000142,-0.001612)|  13, 1, 2;0,  0;0,  0> +
        ( 0.001284,-0.000523)|  22, 0, 0;0,  0;0,  0> +
        ( 0.000293, 0.001355)|  24, 3, 1;0,  0;0,  0> +
        (-0.001002,-0.000928)|  29, 3, 1;0,  0;0,  0> +
        (-0.001279, 0.000450)|  30, 1, 3;0,  0;0,  0> +
        ( 0.000760, 0.000938)|  31, 3, 3;0,  0;0,  0> +
        ( 0.000899, 0.000721)|  15, 1, 1;0,  0;0,  0> +
        ( 0.000246, 0.000459)|  24, 1, 3;0,  0;0,  0> +
        ( 0.000140, 0.000444)|  23, 3, 1;0,  0;0,  0> +
        (-0.000261, 0.000340)|  16, 1, 0;0,  0;0,  0> +
        ( 0.000309, 0.000232)|  17, 2, 3;0,  0;0,  0> +
        (-0.000346, 0.000081)|  17, 1, 1;0,  0;0,  0> +
         ...
 | 1> = ( 0.507692, 0.132121)|  13, 0, 3;0,  0;0,  0> +
        ( 0.346769, 0.125990)|  16, 0, 1;0,  0;0,  0> +
        (-0.345232, 0.058592)|  16, 0, 2;0,  0;0,  0> +
        ( 0.202327, 0.221484)|  31, 3, 3;0,  0;0,  0> +
        ( 0.104930,-0.262487)|  16, 1, 0;0,  0;0,  0> +
        ( 0.280471,-0.034623)|  18, 3, 2;0,  0;0,  0> +
        (-0.006964,-0.269630)|  24, 3, 1;0,  0;0,  0> +
        ( 0.223010, 0.011127)|  13, 1, 2;0,  0;0,  0> +
        ( 0.152362,-0.043453)|  14, 0, 3;0,  0;0,  0> +
        (-0.123949,-0.016855)|  23, 1, 3;0,  0;0,  0> +
        ( 0.102870, 0.006309)|  25, 1, 3;0,  0;0,  0> +
        (-0.072404, 0.059959)|  15, 1, 1;0,  0;0,  0> +
        (-0.074843, 0.037483)|  18, 2, 2;0,  0;0,  0> +
        (-0.079074,-0.018557)|  20, 2, 2;0,  0;0,  0> +
        (-0.002041, 0.061801)|  19, 2, 2;0,  0;0,  0> +
        (-0.059281, 0.013199)|  25, 3, 1;0,  0;0,  0> +
        ( 0.046996,-0.013891)|  16, 2, 0;0,  0;0,  0> +
        ( 0.008962,-0.042732)|  23, 3, 1;0,  0;0,  0> +
        (-0.034408, 0.000937)|  21, 2, 2;0,  0;0,  0> +
        (-0.029884, 0.016360)|  13, 2, 1;0,  0;0,  0> +
        ( 0.015106,-0.028486)|  24, 1, 3;0,  0;0,  0> +
        (-0.023761,-0.017922)|  14, 1, 2;0,  0;0,  0> +
        ( 0.008540, 0.027787)|  26, 3, 1;0,  0;0,  0> +
        (-0.024659,-0.009078)|  20, 0, 0;0,  0;0,  0> +
        ( 0.022048, 0.004108)|  26, 1, 3;0,  0;0,  0> +
        (-0.008658,-0.020265)|  17, 2, 3;0,  0;0,  0> +
        (-0.016100, 0.013728)|  13, 3, 0;0,  0;0,  0> +
        ( 0.006230,-0.017351)|  17, 3, 2;0,  0;0,  0> +
        (-0.003379,-0.011645)|  22, 3, 1;0,  0;0,  0> +
        (-0.001516,-0.010529)|  32, 3, 3;0,  0;0,  0> +
        ( 0.006385, 0.004235)|  21, 3, 1;0,  0;0,  0> +
        ( 0.006787, 0.000356)|  14, 2, 1;0,  0;0,  0> +
        ( 0.005273,-0.000012)|  14, 3, 0;0,  0;0,  0> +
        ( 0.003420,-0.002637)|  22, 1, 3;0,  0;0,  0> +
        (-0.001551,-0.003725)|  30, 3, 3;0,  0;0,  0> +
        (-0.000156, 0.003310)|  15, 2, 1;0,  0;0,  0> +
        ( 0.002504,-0.000667)|  12, 2, 1;0,  0;0,  0> +
        (-0.001696,-0.000295)|  22, 2, 2;0,  0;0,  0> +
        ( 0.001128,-0.000872)|  12, 0, 3;0,  0;0,  0> +
        (-0.001274, 0.000081)|  12, 1, 2;0,  0;0,  0> +
        ( 0.001014,-0.000560)|  15, 2, 0;0,  0;0,  0> +
        ( 0.000387,-0.001002)|  21, 1, 3;0,  0;0,  0> +
        (-0.000385,-0.000615)|  17, 2, 2;0,  0;0,  0> +
        ( 0.000525,-0.000137)|  18, 2, 3;0,  0;0,  0> +
        (-0.000510,-0.000010)|  28, 1, 3;0,  0;0,  0> +
        ( 0.000454, 0.000222)|  15, 0, 1;0,  0;0,  0> +
        (-0.000103, 0.000377)|  28, 3, 1;0,  0;0,  0> +
         ...
 | 2> = (-0.182316,-0.714249)|  27, 3, 3;0,  0;0,  0> +
        (-0.245448,-0.316375)|  14, 0, 2;0,  0;0,  0> +
        ( 0.311776,-0.026184)|  12, 3, 0;0,  0;0,  0> +
        ( 0.159003, 0.154680)|  28, 3, 3;0,  0;0,  0> +
        ( 0.150664,-0.103612)|  22, 3, 1;0,  0;0,  0> +
        (-0.060255,-0.142369)|  14, 1, 1;0,  0;0,  0> +
        ( 0.116409, 0.064635)|  22, 1, 3;0,  0;0,  0> +
        (-0.122326, 0.016116)|  15, 1, 0;0,  0;0,  0> +
        (-0.103827,-0.065909)|  21, 3, 1;0,  0;0,  0> +
        (-0.074759,-0.077540)|  15, 0, 2;0,  0;0,  0> +
        (-0.103824,-0.008189)|  17, 3, 2;0,  0;0,  0> +
        ( 0.005929, 0.064541)|  12, 1, 2;0,  0;0,  0> +
        (-0.061470,-0.008496)|  12, 0, 3;0,  0;0,  0> +
        ( 0.024418,-0.046354)|  19, 3, 1;0,  0;0,  0> +
        ( 0.038700,-0.032461)|  13, 1, 1;0,  0;0,  0> +
        (-0.036794, 0.000207)|  15, 2, 0;0,  0;0,  0> +
        ( 0.026325, 0.025313)|  19, 1, 3;0,  0;0,  0> +
        (-0.035521,-0.000401)|  20, 1, 3;0,  0;0,  0> +
        (-0.004352,-0.025909)|  20, 3, 1;0,  0;0,  0> +
        (-0.020966, 0.011893)|  14, 2, 0;0,  0;0,  0> +
        (-0.017766, 0.010254)|  19, 0, 0;0,  0;0,  0> +
        ( 0.016855, 0.008343)|  21, 1, 3;0,  0;0,  0> +
        ( 0.004098, 0.017234)|  17, 2, 3;0,  0;0,  0> +
        ( 0.006824, 0.015601)|  17, 2, 2;0,  0;0,  0> +
        ( 0.011306,-0.011939)|  16, 3, 2;0,  0;0,  0> +
        ( 0.014338,-0.006494)|  15, 0, 1;0,  0;0,  0> +
        (-0.012940, 0.007938)|  11, 0, 3;0,  0;0,  0> +
        (-0.006375,-0.011747)|  16, 2, 3;0,  0;0,  0> +
        ( 0.011145,-0.005880)|  16, 2, 2;0,  0;0,  0> +
        ( 0.005461, 0.008114)|  11, 3, 0;0,  0;0,  0> +
        ( 0.004017,-0.006946)|  23, 3, 1;0,  0;0,  0> +
        (-0.005836, 0.000980)|  12, 2, 1;0,  0;0,  0> +
        (-0.005487, 0.000695)|  23, 1, 3;0,  0;0,  0> +
        (-0.001998,-0.003637)|  29, 3, 3;0,  0;0,  0> +
        (-0.001196,-0.003477)|  24, 3, 1;0,  0;0,  0> +
        (-0.003094,-0.000562)|  18, 3, 2;0,  0;0,  0> +
        (-0.000193, 0.002856)|  24, 1, 3;0,  0;0,  0> +
        (-0.001707, 0.001415)|  17, 3, 1;0,  0;0,  0> +
        ( 0.001792,-0.001240)|  15, 2, 2;0,  0;0,  0> +
        ( 0.001338, 0.000921)|  13, 2, 1;0,  0;0,  0> +
        ( 0.001142,-0.000510)|  26, 3, 3;0,  0;0,  0> +
        (-0.000144, 0.000447)|  18, 1, 3;0,  0;0,  0> +
        ( 0.000276, 0.000324)|  17, 1, 3;0,  0;0,  0> +
        (-0.000018, 0.000357)|  13, 1, 2;0,  0;0,  0> +
         ...
 | 3> = ( 0.405162, 0.239378)|  19, 2, 3;0,  0;0,  0> +
        (-0.124666,-0.368916)|  16, 2, 1;0,  0;0,  0> +
        ( 0.386736,-0.044779)|  26, 2, 2;0,  0;0,  0> +
        (-0.132393,-0.329962)|  18, 1, 0;0,  0;0,  0> +
        (-0.104895, 0.324677)|  16, 3, 0;0,  0;0,  0> +
        ( 0.024216,-0.335099)|  29, 3, 1;0,  0;0,  0> +
        ( 0.221659,-0.007274)|  16, 1, 2;0,  0;0,  0> +
        ( 0.054700, 0.124577)|  16, 0, 3;0,  0;0,  0> +
        (-0.000387, 0.115144)|  18, 0, 1;0,  0;0,  0> +
        ( 0.108074, 0.004005)|  17, 1, 1;0,  0;0,  0> +
        ( 0.073451, 0.003072)|  30, 1, 3;0,  0;0,  0> +
        (-0.023812,-0.068587)|  23, 2, 2;0,  0;0,  0> +
        (-0.043004,-0.034659)|  29, 1, 3;0,  0;0,  0> +
        (-0.041005, 0.029125)|  28, 2, 2;0,  0;0,  0> +
        (-0.043206,-0.024410)|  15, 3, 0;0,  0;0,  0> +
        ( 0.012955, 0.040676)|  15, 0, 3;0,  0;0,  0> +
        (-0.020761, 0.036466)|  19, 3, 2;0,  0;0,  0> +
        ( 0.027425, 0.017159)|  17, 0, 2;0,  0;0,  0> +
        (-0.028644,-0.002269)|  32, 1, 3;0,  0;0,  0> +
        (-0.011190, 0.020967)|  31, 1, 3;0,  0;0,  0> +
        ( 0.020876, 0.010309)|  30, 3, 1;0,  0;0,  0> +
        ( 0.002606, 0.022619)|  18, 1, 1;0,  0;0,  0> +
        (-0.004514,-0.021154)|  15, 1, 2;0,  0;0,  0> +
        (-0.011438, 0.007350)|  20, 2, 3;0,  0;0,  0> +
        ( 0.004579,-0.011393)|  24, 2, 2;0,  0;0,  0> +
        ( 0.009356, 0.003552)|  22, 0, 0;0,  0;0,  0> +
        (-0.008729, 0.000595)|  18, 2, 3;0,  0;0,  0> +
        ( 0.006169,-0.003278)|  23, 0, 0;0,  0;0,  0> +
        (-0.006342, 0.002426)|  32, 3, 1;0,  0;0,  0> +
        ( 0.002507,-0.003676)|  25, 2, 2;0,  0;0,  0> +
        ( 0.002486, 0.003651)|  27, 1, 3;0,  0;0,  0> +
        (-0.002192,-0.003115)|  19, 0, 2;0,  0;0,  0> +
        (-0.001397, 0.002569)|  17, 2, 1;0,  0;0,  0> +
        ( 0.000954, 0.002644)|  22, 2, 2;0,  0;0,  0> +
        (-0.002085, 0.001483)|  18, 0, 2;0,  0;0,  0> +
        ( 0.001731, 0.001875)|  27, 3, 1;0,  0;0,  0> +
        (-0.000111, 0.002504)|  17, 2, 0;0,  0;0,  0> +
        ( 0.000586,-0.001622)|  30, 2, 2;0,  0;0,  0> +
        (-0.001454, 0.000056)|  19, 1, 0;0,  0;0,  0> +
        (-0.001298,-0.000212)|  15, 2, 1;0,  0;0,  0> +
        (-0.001172,-0.000256)|  18, 1, 2;0,  0;0,  0> +
        (-0.001180,-0.000036)|  19, 2, 0;0,  0;0,  0> +
        ( 0.001085, 0.000204)|  17, 0, 1;0,  0;0,  0> +
        (-0.001055, 0.000052)|  31, 3, 1;0,  0;0,  0> +
        ( 0.000132, 0.001035)|  20, 3, 2;0,  0;0,  0> +
        ( 0.000826,-0.000008)|  23, 1, 1;0,  0;0,  0> +
        ( 0.000492, 0.000656)|  16, 1, 1;0,  0;0,  0> +
        ( 0.000077, 0.000592)|  14, 3, 0;0,  0;0,  0> +
        ( 0.000228,-0.000503)|  26, 1, 3;0,  0;0,  0> +
        (-0.000485,-0.000133)|  20, 1, 1;0,  0;0,  0> +
        (-0.000310,-0.000298)|  17, 1, 2;0,  0;0,  0> +
        (-0.000373, 0.000140)|  26, 3, 1;0,  0;0,  0> +
        (-0.000071,-0.000389)|  19, 1, 1;0,  0;0,  0> +
        ( 0.000085,-0.000384)|  25, 1, 3;0,  0;0,  0> +
        (-0.000250, 0.000278)|  21, 1, 1;0,  0;0,  0> +
        (-0.000349,-0.000011)|  22, 1, 1;0,  0;0,  0> +
         ...
 | 4> = ( 0.067378, 0.460719)|  32, 3, 3;0,  0;0,  0> +
        ( 0.018410, 0.443561)|  19, 2, 2;0,  0;0,  0> +
        (-0.139180, 0.409397)|  14, 0, 3;0,  0;0,  0> +
        ( 0.313252, 0.083070)|  16, 2, 0;0,  0;0,  0> +
        (-0.304930,-0.017068)|  25, 1, 3;0,  0;0,  0> +
        ( 0.218697, 0.140086)|  14, 1, 2;0,  0;0,  0> +
        ( 0.197265,-0.005933)|  26, 1, 3;0,  0;0,  0> +
        ( 0.138983,-0.011126)|  17, 1, 0;0,  0;0,  0> +
        (-0.066009, 0.106792)|  15, 2, 1;0,  0;0,  0> +
        ( 0.090328,-0.080316)|  13, 0, 3;0,  0;0,  0> +
        ( 0.114052,-0.039205)|  21, 2, 2;0,  0;0,  0> +
        ( 0.022355, 0.082147)|  15, 1, 1;0,  0;0,  0> +
        (-0.016665,-0.073004)|  14, 2, 1;0,  0;0,  0> +
        ( 0.065055, 0.033135)|  25, 3, 1;0,  0;0,  0> +
        (-0.052772, 0.015819)|  28, 3, 1;0,  0;0,  0> +
        ( 0.008314, 0.051805)|  26, 3, 1;0,  0;0,  0> +
        (-0.035447, 0.029737)|  20, 2, 2;0,  0;0,  0> +
        ( 0.029772, 0.007669)|  14, 3, 0;0,  0;0,  0> +
        (-0.020204,-0.017641)|  23, 1, 3;0,  0;0,  0> +
        ( 0.021493, 0.007769)|  18, 3, 2;0,  0;0,  0> +
        ( 0.000055,-0.019907)|  24, 3, 1;0,  0;0,  0> +
        ( 0.016248, 0.010961)|  18, 2, 2;0,  0;0,  0> +
        (-0.014782,-0.009336)|  16, 0, 1;0,  0;0,  0> +
        (-0.016215, 0.002434)|  28, 1, 3;0,  0;0,  0> +
        (-0.003074, 0.009004)|  16, 1, 0;0,  0;0,  0> +
        ( 0.005776,-0.006186)|  13, 2, 1;0,  0;0,  0> +
        (-0.003712,-0.006785)|  13, 1, 2;0,  0;0,  0> +
        ( 0.006108, 0.001118)|  16, 1, 1;0,  0;0,  0> +
        ( 0.004292,-0.002929)|  16, 0, 2;0,  0;0,  0> +
        ( 0.001893,-0.004792)|  23, 3, 1;0,  0;0,  0> +
        ( 0.001992,-0.004289)|  24, 1, 3;0,  0;0,  0> +
        ( 0.002191,-0.003914)|  21, 0, 0;0,  0;0,  0> +
        (-0.003617,-0.000787)|  13, 3, 0;0,  0;0,  0> +
        (-0.001646,-0.002776)|  17, 2, 0;0,  0;0,  0> +
        ( 0.000133,-0.003148)|  17, 2, 3;0,  0;0,  0> +
        ( 0.000432, 0.002760)|  31, 3, 3;0,  0;0,  0> +
        ( 0.002203,-0.000943)|  15, 1, 2;0,  0;0,  0> +
        ( 0.001340,-0.001873)|  17, 3, 2;0,  0;0,  0> +
        (-0.001523, 0.001441)|  12, 2, 1;0,  0;0,  0> +
        (-0.001528, 0.000675)|  22, 2, 2;0,  0;0,  0> +
        (-0.000171,-0.001431)|  22, 3, 1;0,  0;0,  0> +
        ( 0.000166, 0.001222)|  27, 1, 3;0,  0;0,  0> +
        (-0.001026, 0.000342)|  18, 2, 3;0,  0;0,  0> +
        ( 0.000558,-0.000780)|  15, 3, 0;0,  0;0,  0> +
        ( 0.000900, 0.000291)|  20, 0, 0;0,  0;0,  0> +
        ( 0.000619, 0.000683)|  21, 3, 1;0,  0;0,  0> +
        (-0.000520, 0.000616)|  12, 1, 2;0,  0;0,  0> +
        (-0.000647,-0.000362)|  15, 0, 3;0,  0;0,  0> +
        (-0.000156,-0.000725)|  27, 3, 1;0,  0;0,  0> +
        (-0.000473, 0.000302)|  17, 0, 1;0,  0;0,  0> +
        ( 0.000467,-0.000281)|  22, 1, 3;0,  0;0,  0> +
        ( 0.000118, 0.000312)|  33, 3, 3;0,  0;0,  0> +
         ...
 | 5> = ( 0.026192, 0.568842)|  26, 3, 0;0,  0;0,  0> +
        (-0.500440, 0.121467)|  28, 1, 2;0,  0;0,  0> +
        (-0.217460,-0.219579)|  33, 0, 0;0,  0;0,  0> +
        ( 0.013215, 0.270703)|  23, 2, 1;0,  0;0,  0> +
        (-0.214929, 0.010750)|  24, 0, 3;0,  0;0,  0> +
        (-0.168340, 0.046905)|  28, 0, 3;0,  0;0,  0> +
        (-0.099937, 0.098284)|  25, 2, 1;0,  0;0,  0> +
        ( 0.068895, 0.121553)|  24, 3, 0;0,  0;0,  0> +
        ( 0.000697, 0.122586)|  27, 2, 1;0,  0;0,  0> +
        (-0.007671, 0.114484)|  26, 0, 3;0,  0;0,  0> +
        (-0.101178, 0.052530)|  27, 0, 3;0,  0;0,  0> +
        (-0.106253, 0.038591)|  25, 0, 3;0,  0;0,  0> +
        (-0.095558, 0.056416)|  25, 1, 2;0,  0;0,  0> +
        (-0.027322,-0.099796)|  28, 2, 1;0,  0;0,  0> +
        ( 0.094949,-0.000574)|  26, 1, 2;0,  0;0,  0> +
        ( 0.084948,-0.000874)|  26, 2, 1;0,  0;0,  0> +
        (-0.056437, 0.052534)|  29, 0, 3;0,  0;0,  0> +
        (-0.070015,-0.010671)|  33, 3, 2;0,  0;0,  0> +
        ( 0.030023, 0.055112)|  25, 3, 0;0,  0;0,  0> +
        (-0.055872, 0.022037)|  24, 2, 1;0,  0;0,  0> +
        ( 0.041370, 0.020969)|  25, 0, 1;0,  0;0,  0> +
        (-0.021782,-0.040926)|  23, 0, 3;0,  0;0,  0> +
        (-0.001187,-0.046124)|  31, 0, 0;0,  0;0,  0> +
        (-0.004961, 0.045703)|  29, 2, 1;0,  0;0,  0> +
        (-0.014727, 0.029320)|  25, 1, 0;0,  0;0,  0> +
        (-0.014595, 0.022593)|  32, 0, 0;0,  0;0,  0> +
        (-0.010558, 0.018554)|  32, 2, 1;0,  0;0,  0> +
        ( 0.009344, 0.017830)|  30, 2, 1;0,  0;0,  0> +
        (-0.013665,-0.013976)|  30, 0, 3;0,  0;0,  0> +
        ( 0.019257,-0.001033)|  28, 3, 0;0,  0;0,  0> +
        ( 0.010694, 0.009382)|  29, 3, 0;0,  0;0,  0> +
        (-0.013255,-0.000058)|  32, 1, 0;0,  0;0,  0> +
        ( 0.003947, 0.011728)|  29, 1, 2;0,  0;0,  0> +
        (-0.011351, 0.002268)|  31, 3, 0;0,  0;0,  0> +
        (-0.008360, 0.006756)|  27, 3, 0;0,  0;0,  0> +
        ( 0.005771, 0.008410)|  31, 1, 2;0,  0;0,  0> +
        ( 0.000227,-0.010040)|  33, 3, 0;0,  0;0,  0> +
        (-0.000216,-0.009996)|  24, 1, 2;0,  0;0,  0> +
        ( 0.009667,-0.001178)|  29, 1, 0;0,  0;0,  0> +
        (-0.009360, 0.001188)|  30, 0, 1;0,  0;0,  0> +
        (-0.003207, 0.008411)|  26, 0, 1;0,  0;0,  0> +
        (-0.008229, 0.002275)|  33, 2, 1;0,  0;0,  0> +
        ( 0.003340,-0.007009)|  32, 1, 2;0,  0;0,  0> +
        (-0.003017,-0.006525)|  28, 0, 1;0,  0;0,  0> +
        ( 0.005932,-0.003308)|  28, 1, 0;0,  0;0,  0> +
        (-0.002410,-0.006095)|  26, 1, 0;0,  0;0,  0> +
        ( 0.002186, 0.005076)|  29, 0, 1;0,  0;0,  0> +
        ( 0.000173,-0.005381)|  30, 1, 2;0,  0;0,  0> +
        (-0.004707,-0.001169)|  30, 3, 0;0,  0;0,  0> +
        ( 0.004349,-0.001968)|  31, 0, 3;0,  0;0,  0> +
        ( 0.002696, 0.003544)|  27, 1, 0;0,  0;0,  0> +
        ( 0.002206, 0.003821)|  30, 1, 0;0,  0;0,  0> +
        (-0.000346, 0.004358)|  23, 1, 2;0,  0;0,  0> +
        (-0.003686, 0.000565)|  23, 3, 0;0,  0;0,  0> +
        (-0.003255, 0.000906)|  32, 3, 0;0,  0;0,  0> +
        ( 0.001437,-0.002927)|  33, 0, 3;0,  0;0,  0> +
        (-0.001917, 0.002394)|  31, 2, 1;0,  0;0,  0> +
        (-0.001504,-0.001802)|  33, 1, 2;0,  0;0,  0> +
        (-0.001624,-0.001591)|  22, 0, 3;0,  0;0,  0> +
        (-0.001734, 0.001339)|  32, 0, 3;0,  0;0,  0> +
        (-0.001948,-0.000645)|  27, 0, 1;0,  0;0,  0> +
        (-0.001541,-0.001328)|  33, 2, 3;0,  0;0,  0> +
        (-0.001191,-0.001062)|  22, 2, 1;0,  0;0,  0> +
        (-0.001409,-0.000713)|  27, 1, 2;0,  0;0,  0> +
        ( 0.001479,-0.000230)|  33, 0, 1;0,  0;0,  0> +
        (-0.000056, 0.001246)|  31, 1, 0;0,  0;0,  0> +
        (-0.000792,-0.000603)|  22, 1, 2;0,  0;0,  0> +
        ( 0.000065, 0.000431)|  32, 0, 1;0,  0;0,  0> +
         ...
 | 6> = ( 0.393151, 0.524051)|  18, 3, 1;0,  0;0,  0> +
        (-0.067476, 0.583552)|  13, 0, 2;0,  0;0,  0> +
        (-0.027461,-0.253080)|  15, 3, 2;0,  0;0,  0> +
        ( 0.226449, 0.101638)|  15, 2, 3;0,  0;0,  0> +
        ( 0.127541, 0.120897)|  11, 2, 1;0,  0;0,  0> +
        ( 0.125777,-0.032226)|  10, 2, 1;0,  0;0,  0> +
        (-0.092333, 0.080232)|  17, 1, 3;0,  0;0,  0> +
        (-0.096247,-0.029980)|  17, 3, 1;0,  0;0,  0> +
        (-0.084663,-0.024456)|  13, 0, 1;0,  0;0,  0> +
        (-0.006998,-0.086273)|  18, 1, 3;0,  0;0,  0> +
        ( 0.065648,-0.010346)|  10, 1, 2;0,  0;0,  0> +
        ( 0.030599,-0.058107)|  13, 2, 0;0,  0;0,  0> +
        ( 0.008658, 0.028429)|  16, 1, 3;0,  0;0,  0> +
        ( 0.003585,-0.028003)|  24, 3, 3;0,  0;0,  0> +
        (-0.013686,-0.016784)|  12, 1, 1;0,  0;0,  0> +
        ( 0.010761, 0.003794)|  11, 1, 2;0,  0;0,  0> +
        ( 0.006183, 0.003005)|  10, 0, 3;0,  0;0,  0> +
        (-0.006215, 0.000018)|  15, 2, 2;0,  0;0,  0> +
        ( 0.000257,-0.006187)|  14, 1, 0;0,  0;0,  0> +
        (-0.002997, 0.000243)|  10, 3, 0;0,  0;0,  0> +
        (-0.002129,-0.001268)|  11, 1, 1;0,  0;0,  0> +
        (-0.001660,-0.000440)|  14, 2, 3;0,  0;0,  0> +
        (-0.000278,-0.001649)|  15, 1, 3;0,  0;0,  0> +
        ( 0.000122, 0.001002)|  23, 3, 3;0,  0;0,  0> +
        ( 0.000673,-0.000618)|  11, 0, 3;0,  0;0,  0> +
        (-0.000048, 0.000752)|  14, 2, 0;0,  0;0,  0> +
        ( 0.000417,-0.000310)|  17, 0, 0;0,  0;0,  0> +
        (-0.000023,-0.000484)|  16, 3, 1;0,  0;0,  0> +
        (-0.000461,-0.000143)|  14, 2, 2;0,  0;0,  0> +
        (-0.000462,-0.000070)|  16, 2, 2;0,  0;0,  0> +
        (-0.000214,-0.000373)|   9, 2, 1;0,  0;0,  0> +
        (-0.000134,-0.000373)|  16, 3, 2;0,  0;0,  0> +
        ( 0.000379, 0.000092)|  11, 3, 0;0,  0;0,  0> +
        (-0.000034,-0.000351)|  12, 0, 2;0,  0;0,  0> +
        (-0.000313,-0.000136)|  20, 3, 1;0,  0;0,  0> +
         ...
 | 7> = ( 0.081371,-0.498299)|  13, 0, 2;0,  0;0,  0> +
        ( 0.274231, 0.409474)|  18, 3, 1;0,  0;0,  0> +
        ( 0.390797, 0.070015)|  15, 2, 3;0,  0;0,  0> +
        (-0.147204, 0.255402)|  13, 2, 0;0,  0;0,  0> +
        (-0.234385, 0.083047)|  10, 2, 1;0,  0;0,  0> +
        ( 0.117045, 0.212573)|  15, 3, 2;0,  0;0,  0> +
        ( 0.052671, 0.171709)|  12, 1, 1;0,  0;0,  0> +
        ( 0.139413, 0.082184)|  11, 1, 2;0,  0;0,  0> +
        (-0.094657,-0.106171)|  11, 2, 1;0,  0;0,  0> +
        (-0.118769, 0.042107)|  10, 1, 2;0,  0;0,  0> +
        ( 0.005012,-0.117156)|  14, 1, 0;0,  0;0,  0> +
        (-0.068253,-0.060349)|  18, 1, 3;0,  0;0,  0> +
        (-0.053319, 0.063441)|  17, 1, 3;0,  0;0,  0> +
        (-0.061101, 0.040461)|  11, 1, 1;0,  0;0,  0> +
        (-0.037046,-0.018539)|  13, 0, 1;0,  0;0,  0> +
        ( 0.018120, 0.036599)|  18, 0, 0;0,  0;0,  0> +
        (-0.014681,-0.035147)|  17, 3, 1;0,  0;0,  0> +
        (-0.001751,-0.036102)|  16, 1, 3;0,  0;0,  0> +
        (-0.023009,-0.000211)|  25, 3, 3;0,  0;0,  0> +
        ( 0.015652,-0.010003)|  15, 2, 2;0,  0;0,  0> +
        ( 0.016591,-0.008125)|  14, 0, 1;0,  0;0,  0> +
        (-0.014896,-0.008654)|  10, 0, 3;0,  0;0,  0> +
        ( 0.001415,-0.015610)|  24, 3, 3;0,  0;0,  0> +
        ( 0.005990,-0.002951)|  16, 3, 2;0,  0;0,  0> +
        ( 0.005519,-0.001421)|  10, 3, 0;0,  0;0,  0> +
        ( 0.004374, 0.003625)|  11, 3, 0;0,  0;0,  0> +
        ( 0.005150,-0.000548)|  16, 2, 2;0,  0;0,  0> +
        ( 0.003989,-0.000226)|  20, 1, 3;0,  0;0,  0> +
        (-0.001529, 0.003690)|  16, 2, 3;0,  0;0,  0> +
        ( 0.003256,-0.000937)|  11, 0, 3;0,  0;0,  0> +
        ( 0.000604, 0.003204)|  15, 1, 3;0,  0;0,  0> +
        ( 0.003233, 0.000379)|  14, 2, 3;0,  0;0,  0> +
        ( 0.000934,-0.002034)|  20, 3, 1;0,  0;0,  0> +
        (-0.000076,-0.001616)|  23, 3, 3;0,  0;0,  0> +
        (-0.000484,-0.001411)|  14, 2, 0;0,  0;0,  0> +
        ( 0.001087, 0.000771)|   9, 2, 1;0,  0;0,  0> +
        (-0.000776,-0.000557)|  19, 3, 1;0,  0;0,  0> +
        (-0.000001, 0.000855)|  16, 3, 1;0,  0;0,  0> +
        ( 0.000655, 0.000448)|  14, 2, 2;0,  0;0,  0> +
        (-0.000481,-0.000385)|  17, 0, 0;0,  0;0,  0> +
        (-0.000009, 0.000445)|  12, 0, 2;0,  0;0,  0> +
        ( 0.000271,-0.000337)|  15, 0, 2;0,  0;0,  0> +
        ( 0.000395,-0.000022)|  19, 1, 3;0,  0;0,  0> +
        (-0.000252, 0.000192)|  13, 2, 2;0,  0;0,  0> +
         ...
 | 8> = ( 0.062389,-0.795685)|  22, 0, 1;0,  0;0,  0> +
        ( 0.180176,-0.204157)|  25, 2, 0;0,  0;0,  0> +
        ( 0.264556, 0.040820)|  22, 1, 0;0,  0;0,  0> +
        ( 0.154591,-0.159959)|  26, 3, 2;0,  0;0,  0> +
        ( 0.190564,-0.056949)|  30, 0, 2;0,  0;0,  0> +
        ( 0.025488, 0.160756)|  27, 2, 0;0,  0;0,  0> +
        (-0.002031,-0.153496)|  19, 3, 0;0,  0;0,  0> +
        ( 0.093944, 0.071969)|  25, 0, 2;0,  0;0,  0> +
        ( 0.055178, 0.103138)|  24, 2, 0;0,  0;0,  0> +
        ( 0.107348,-0.009797)|  19, 1, 2;0,  0;0,  0> +
        (-0.071107, 0.080628)|  20, 2, 1;0,  0;0,  0> +
        ( 0.020216,-0.080782)|  27, 0, 2;0,  0;0,  0> +
        (-0.036196, 0.068229)|  20, 3, 0;0,  0;0,  0> +
        (-0.010770, 0.057713)|  24, 0, 2;0,  0;0,  0> +
        (-0.056009, 0.001296)|  30, 2, 0;0,  0;0,  0> +
        (-0.011086, 0.039171)|  32, 2, 0;0,  0;0,  0> +
        ( 0.019087,-0.025105)|  23, 0, 2;0,  0;0,  0> +
        ( 0.023226,-0.015385)|  27, 2, 3;0,  0;0,  0> +
        ( 0.006023,-0.027074)|  21, 0, 2;0,  0;0,  0> +
        ( 0.027566,-0.001364)|  19, 2, 1;0,  0;0,  0> +
        (-0.026960,-0.004540)|  33, 1, 1;0,  0;0,  0> +
        ( 0.000809, 0.019230)|  20, 0, 3;0,  0;0,  0> +
        ( 0.006107, 0.018068)|  20, 1, 2;0,  0;0,  0> +
        (-0.016701, 0.001778)|  28, 3, 2;0,  0;0,  0> +
        ( 0.000193, 0.013698)|  32, 0, 2;0,  0;0,  0> +
        (-0.011924, 0.006010)|  18, 2, 1;0,  0;0,  0> +
        (-0.003434,-0.012789)|  28, 2, 3;0,  0;0,  0> +
        ( 0.011590, 0.001255)|  19, 0, 3;0,  0;0,  0> +
        (-0.007185,-0.006296)|  26, 0, 2;0,  0;0,  0> +
        (-0.005914,-0.005299)|  26, 2, 0;0,  0;0,  0> +
        (-0.004361,-0.004117)|  26, 2, 3;0,  0;0,  0> +
        (-0.000113, 0.005392)|  27, 0, 0;0,  0;0,  0> +
        ( 0.001405,-0.004501)|  32, 1, 1;0,  0;0,  0> +
        ( 0.004248,-0.001437)|  29, 0, 2;0,  0;0,  0> +
        ( 0.002158,-0.002942)|  26, 0, 0;0,  0;0,  0> +
        (-0.001886, 0.002507)|  28, 0, 0;0,  0;0,  0> +
        (-0.000414, 0.002746)|  29, 1, 1;0,  0;0,  0> +
        ( 0.001339,-0.001431)|  31, 2, 0;0,  0;0,  0> +
        ( 0.001792,-0.000722)|  28, 2, 0;0,  0;0,  0> +
        ( 0.000119,-0.001904)|  18, 0, 3;0,  0;0,  0> +
        (-0.001841, 0.000010)|  21, 2, 0;0,  0;0,  0> +
        (-0.000353, 0.001756)|  25, 2, 3;0,  0;0,  0> +
        ( 0.001662, 0.000651)|  22, 2, 0;0,  0;0,  0> +
        ( 0.001450,-0.001008)|  21, 0, 1;0,  0;0,  0> +
        ( 0.001575, 0.000781)|  25, 3, 2;0,  0;0,  0> +
        (-0.000317, 0.001245)|  31, 1, 1;0,  0;0,  0> +
        ( 0.000604, 0.001088)|  27, 3, 2;0,  0;0,  0> +
        ( 0.000863,-0.000703)|  30, 1, 1;0,  0;0,  0> +
        ( 0.001102, 0.000042)|  24, 2, 3;0,  0;0,  0> +
        ( 0.000793,-0.000531)|  31, 0, 2;0,  0;0,  0> +
        (-0.000645,-0.000461)|  17, 3, 0;0,  0;0,  0> +
        ( 0.000637, 0.000328)|  23, 1, 0;0,  0;0,  0> +
        (-0.000012, 0.000516)|  21, 1, 0;0,  0;0,  0> +
        ( 0.000443, 0.000225)|  20, 2, 0;0,  0;0,  0> +
        ( 0.000375,-0.000187)|  22, 0, 2;0,  0;0,  0> +
        ( 0.000151,-0.000361)|  29, 2, 0;0,  0;0,  0> +
         ...
 | 9> = ( 0.994248,-0.101370)|  31, 0, 1;0,  0;0,  0> +
        (-0.004312,-0.025873)|  32, 0, 1;0,  0;0,  0> +
        (-0.019393, 0.001934)|  33, 0, 1;0,  0;0,  0> +
        ( 0.000746,-0.007142)|  31, 1, 0;0,  0;0,  0> +
        ( 0.004365, 0.000496)|  33, 1, 0;0,  0;0,  0> +
        ( 0.003906,-0.000143)|  32, 1, 0;0,  0;0,  0> +
        ( 0.002716, 0.001543)|  32, 3, 0;0,  0;0,  0> +
        (-0.000023, 0.002676)|  33, 3, 0;0,  0;0,  0> +
        ( 0.002460,-0.000739)|  30, 1, 0;0,  0;0,  0> +
        ( 0.002478, 0.000638)|  33, 1, 2;0,  0;0,  0> +
        ( 0.001668,-0.001298)|  30, 0, 1;0,  0;0,  0> +
        (-0.001602, 0.000065)|  31, 3, 0;0,  0;0,  0> +
        ( 0.001116, 0.000762)|  29, 1, 0;0,  0;0,  0> +
        (-0.000060, 0.000892)|  31, 1, 2;0,  0;0,  0> +
        (-0.000206, 0.000749)|  32, 2, 1;0,  0;0,  0> +
        (-0.000420,-0.000137)|  27, 1, 2;0,  0;0,  0> +
        (-0.000389, 0.000052)|  23, 3, 0;0,  0;0,  0> +
         ...
 |10> = (-0.335329,-0.456238)|  27, 1, 0;0,  0;0,  0> +
        (-0.104357, 0.416780)|  29, 3, 0;0,  0;0,  0> +
        ( 0.322853, 0.137992)|  29, 1, 2;0,  0;0,  0> +
        ( 0.199956,-0.125428)|  23, 1, 2;0,  0;0,  0> +
        ( 0.209637, 0.068413)|  28, 3, 0;0,  0;0,  0> +
        ( 0.089553, 0.178613)|  27, 2, 1;0,  0;0,  0> +
        ( 0.110140,-0.163581)|  26, 2, 1;0,  0;0,  0> +
        (-0.186936,-0.003971)|  30, 1, 2;0,  0;0,  0> +
        ( 0.153355, 0.008282)|  30, 3, 0;0,  0;0,  0> +
        (-0.112643,-0.069619)|  25, 2, 1;0,  0;0,  0> +
        ( 0.116485, 0.012213)|  31, 2, 1;0,  0;0,  0> +
        (-0.037047, 0.106904)|  28, 2, 1;0,  0;0,  0> +
        ( 0.000004, 0.105691)|  23, 0, 3;0,  0;0,  0> +
        (-0.062137,-0.082891)|  30, 2, 1;0,  0;0,  0> +
        ( 0.001211,-0.099784)|  27, 1, 2;0,  0;0,  0> +
        (-0.093411,-0.032623)|  27, 3, 0;0,  0;0,  0> +
        (-0.037987,-0.068406)|  28, 0, 3;0,  0;0,  0> +
        ( 0.013809, 0.072592)|  27, 0, 3;0,  0;0,  0> +
        ( 0.063860,-0.024205)|  30, 0, 3;0,  0;0,  0> +
        ( 0.060154,-0.016784)|  25, 1, 2;0,  0;0,  0> +
        (-0.017251,-0.054895)|  26, 3, 0;0,  0;0,  0> +
        ( 0.044135,-0.023268)|  23, 2, 1;0,  0;0,  0> +
        ( 0.010646, 0.045678)|  33, 0, 3;0,  0;0,  0> +
        ( 0.027632,-0.036319)|  24, 0, 3;0,  0;0,  0> +
        (-0.036564, 0.019102)|  32, 0, 3;0,  0;0,  0> +
        (-0.039140,-0.011991)|  28, 1, 2;0,  0;0,  0> +
        (-0.035118, 0.000397)|  26, 1, 2;0,  0;0,  0> +
        (-0.031558, 0.009120)|  26, 0, 3;0,  0;0,  0> +
        ( 0.031681, 0.008471)|  31, 1, 2;0,  0;0,  0> +
        (-0.014148,-0.027878)|  29, 0, 1;0,  0;0,  0> +
        ( 0.028109,-0.006371)|  24, 3, 0;0,  0;0,  0> +
        ( 0.026220,-0.006099)|  25, 3, 0;0,  0;0,  0> +
        (-0.020366, 0.016050)|  24, 2, 1;0,  0;0,  0> +
        (-0.019799, 0.012604)|  26, 1, 0;0,  0;0,  0> +
        (-0.021325,-0.002377)|  23, 3, 0;0,  0;0,  0> +
        (-0.003047,-0.020070)|  31, 3, 0;0,  0;0,  0> +
        (-0.017108,-0.005393)|  31, 0, 3;0,  0;0,  0> +
        (-0.002739, 0.016621)|  33, 3, 0;0,  0;0,  0> +
        (-0.011078, 0.011903)|  29, 0, 3;0,  0;0,  0> +
        (-0.000430, 0.015274)|  33, 0, 0;0,  0;0,  0> +
        (-0.013339, 0.007448)|  25, 0, 3;0,  0;0,  0> +
        ( 0.014608, 0.000997)|  33, 1, 2;0,  0;0,  0> +
        ( 0.007312,-0.012545)|  32, 1, 2;0,  0;0,  0> +
        (-0.011623,-0.006505)|  27, 0, 1;0,  0;0,  0> +
        ( 0.003535, 0.009696)|  32, 2, 1;0,  0;0,  0> +
        (-0.004682, 0.008681)|  26, 0, 1;0,  0;0,  0> +
        ( 0.006840,-0.005106)|  33, 2, 1;0,  0;0,  0> +
        (-0.001230,-0.007401)|  32, 0, 1;0,  0;0,  0> +
        ( 0.006700, 0.001023)|  30, 1, 0;0,  0;0,  0> +
        ( 0.000528, 0.006735)|  29, 2, 1;0,  0;0,  0> +
        (-0.000610, 0.005035)|  31, 1, 0;0,  0;0,  0> +
        ( 0.002211, 0.003304)|  28, 0, 1;0,  0;0,  0> +
        ( 0.003639, 0.000418)|  33, 1, 0;0,  0;0,  0> +
        (-0.003284, 0.000009)|  32, 1, 0;0,  0;0,  0> +
        ( 0.002316, 0.001394)|  25, 0, 1;0,  0;0,  0> +
        ( 0.002199, 0.001369)|  32, 3, 0;0,  0;0,  0> +
        (-0.002350, 0.000291)|  31, 0, 0;0,  0;0,  0> +
        (-0.001535,-0.001716)|  30, 0, 1;0,  0;0,  0> +
        ( 0.001143,-0.001942)|  32, 0, 0;0,  0;0,  0> +
        (-0.002237, 0.000204)|  33, 0, 1;0,  0;0,  0> +
        ( 0.001369, 0.001644)|  33, 3, 2;0,  0;0,  0> +
        (-0.001287,-0.000800)|  33, 2, 3;0,  0;0,  0> +
        ( 0.001116, 0.000696)|  24, 1, 2;0,  0;0,  0> +
        ( 0.000335,-0.000894)|  28, 1, 0;0,  0;0,  0> +
        (-0.000338, 0.000655)|  29, 1, 0;0,  0;0,  0> +
        ( 0.000400, 0.000328)|  22, 0, 3;0,  0;0,  0> +
        ( 0.000402, 0.000108)|  22, 1, 2;0,  0;0,  0> +
        ( 0.000271, 0.000204)|  22, 2, 1;0,  0;0,  0> +
        (-0.000329, 0.000031)|  31, 0, 1;0,  0;0,  0> +
        (-0.000025, 0.000328)|  25, 1, 0;0,  0;0,  0> +
         ...
 |11> = ( 0.535860,-0.046021)|  28, 2, 0;0,  0;0,  0> +
        ( 0.488265,-0.072973)|  26, 2, 0;0,  0;0,  0> +
        (-0.278329,-0.249409)|  18, 0, 3;0,  0;0,  0> +
        (-0.063172,-0.288478)|  22, 0, 2;0,  0;0,  0> +
        (-0.268212, 0.034193)|  26, 0, 2;0,  0;0,  0> +
        (-0.235446, 0.069486)|  30, 1, 1;0,  0;0,  0> +
        (-0.175312, 0.028925)|  17, 3, 0;0,  0;0,  0> +
        ( 0.125759, 0.121779)|  20, 2, 0;0,  0;0,  0> +
        (-0.092520, 0.052857)|  22, 2, 0;0,  0;0,  0> +
        (-0.085833,-0.032254)|  22, 2, 3;0,  0;0,  0> +
        ( 0.069692,-0.039473)|  19, 0, 3;0,  0;0,  0> +
        ( 0.050536,-0.019890)|  28, 0, 2;0,  0;0,  0> +
        (-0.049272, 0.016087)|  29, 1, 1;0,  0;0,  0> +
        ( 0.032055, 0.035900)|  18, 2, 1;0,  0;0,  0> +
        ( 0.026262, 0.029366)|  17, 0, 3;0,  0;0,  0> +
        (-0.034177, 0.019529)|  21, 2, 0;0,  0;0,  0> +
        (-0.010041, 0.037302)|  20, 0, 2;0,  0;0,  0> +
        ( 0.020101, 0.024607)|  21, 1, 1;0,  0;0,  0> +
        (-0.015791, 0.026341)|  22, 1, 1;0,  0;0,  0> +
        (-0.023335,-0.004298)|  18, 3, 0;0,  0;0,  0> +
        (-0.019332, 0.006600)|  24, 2, 3;0,  0;0,  0> +
        (-0.017226,-0.008205)|  25, 0, 0;0,  0;0,  0> +
        ( 0.017623, 0.005771)|  23, 1, 1;0,  0;0,  0> +
        ( 0.001007, 0.017013)|  28, 1, 1;0,  0;0,  0> +
        (-0.002256, 0.016330)|  25, 1, 1;0,  0;0,  0> +
        ( 0.014098,-0.003901)|  23, 0, 2;0,  0;0,  0> +
        ( 0.005062, 0.013438)|  18, 1, 2;0,  0;0,  0> +
        (-0.002871,-0.012051)|  26, 1, 1;0,  0;0,  0> +
        (-0.009573,-0.007760)|  19, 1, 1;0,  0;0,  0> +
        (-0.005685,-0.008134)|  23, 2, 3;0,  0;0,  0> +
        ( 0.003276,-0.008942)|  23, 3, 2;0,  0;0,  0> +
        ( 0.007485,-0.005416)|  17, 1, 2;0,  0;0,  0> +
        ( 0.005746, 0.006598)|  32, 1, 1;0,  0;0,  0> +
        ( 0.001856, 0.007523)|  24, 0, 2;0,  0;0,  0> +
        ( 0.004153, 0.006359)|  21, 0, 2;0,  0;0,  0> +
        ( 0.001394, 0.006465)|  19, 3, 0;0,  0;0,  0> +
        (-0.004923,-0.003413)|  20, 1, 1;0,  0;0,  0> +
        ( 0.002897,-0.004966)|  27, 1, 1;0,  0;0,  0> +
        ( 0.000362,-0.004826)|  19, 2, 0;0,  0;0,  0> +
        (-0.003608, 0.003156)|  31, 1, 1;0,  0;0,  0> +
        (-0.000645,-0.004604)|  21, 3, 2;0,  0;0,  0> +
        ( 0.003963, 0.002250)|  19, 0, 2;0,  0;0,  0> +
        (-0.000457, 0.004528)|  22, 3, 2;0,  0;0,  0> +
        (-0.000678,-0.004399)|  18, 2, 0;0,  0;0,  0> +
        ( 0.001275, 0.003959)|  20, 0, 1;0,  0;0,  0> +
        (-0.001843, 0.003583)|  20, 1, 0;0,  0;0,  0> +
        ( 0.003542,-0.001581)|  32, 2, 2;0,  0;0,  0> +
        (-0.002776,-0.002468)|  24, 3, 2;0,  0;0,  0> +
        (-0.003482,-0.001138)|  25, 0, 2;0,  0;0,  0> +
        ( 0.001160, 0.003153)|  17, 2, 1;0,  0;0,  0> +
        (-0.002707, 0.001989)|  24, 0, 0;0,  0;0,  0> +
        ( 0.002848,-0.001710)|  25, 3, 2;0,  0;0,  0> +
        ( 0.001690, 0.002797)|  21, 2, 3;0,  0;0,  0> +
        (-0.003066,-0.000074)|  24, 2, 0;0,  0;0,  0> +
        (-0.000094,-0.002119)|  25, 2, 3;0,  0;0,  0> +
        ( 0.002026,-0.000226)|  33, 2, 2;0,  0;0,  0> +
        (-0.001998,-0.000072)|  19, 0, 1;0,  0;0,  0> +
        ( 0.001651, 0.000119)|  20, 3, 0;0,  0;0,  0> +
        ( 0.001053, 0.001255)|  20, 2, 1;0,  0;0,  0> +
        ( 0.001250,-0.001018)|  24, 1, 1;0,  0;0,  0> +
        (-0.001489,-0.000178)|  25, 2, 0;0,  0;0,  0> +
        ( 0.001059, 0.000810)|  21, 1, 0;0,  0;0,  0> +
        ( 0.001092, 0.000551)|  27, 2, 2;0,  0;0,  0> +
        (-0.000383, 0.001100)|  19, 1, 2;0,  0;0,  0> +
        ( 0.000833, 0.000570)|  26, 0, 0;0,  0;0,  0> +
        ( 0.000031,-0.000950)|  23, 0, 0;0,  0;0,  0> +
        (-0.000050, 0.000869)|  33, 1, 3;0,  0;0,  0> +
        ( 0.000558,-0.000458)|  31, 2, 2;0,  0;0,  0> +
        (-0.000534, 0.000427)|  18, 1, 1;0,  0;0,  0> +
        ( 0.000008, 0.000611)|  20, 0, 3;0,  0;0,  0> +
        (-0.000565, 0.000014)|  29, 2, 2;0,  0;0,  0> +
        (-0.000397, 0.000378)|  19, 1, 0;0,  0;0,  0> +
        (-0.000116, 0.000436)|  18, 0, 2;0,  0;0,  0> +
        ( 0.000297, 0.000232)|  20, 1, 2;0,  0;0,  0> +
        (-0.000312,-0.000198)|  21, 0, 1;0,  0;0,  0> +
        (-0.000068,-0.000354)|  27, 2, 0;0,  0;0,  0> +
         ...
 |12> = (-0.492490,-0.544647)|  31, 3, 3;0,  0;0,  0> +
        ( 0.535699, 0.246922)|  16, 0, 1;0,  0;0,  0> +
        (-0.168426,-0.037793)|  25, 1, 3;0,  0;0,  0> +
        ( 0.138965,-0.027137)|  25, 3, 1;0,  0;0,  0> +
        ( 0.104962,-0.047944)|  20, 2, 2;0,  0;0,  0> +
        (-0.074913, 0.081568)|  15, 1, 1;0,  0;0,  0> +
        (-0.016861,-0.072799)|  26, 3, 1;0,  0;0,  0> +
        (-0.073395,-0.006728)|  26, 1, 3;0,  0;0,  0> +
        (-0.052718,-0.040212)|  16, 2, 0;0,  0;0,  0> +
        (-0.006143,-0.060650)|  19, 2, 2;0,  0;0,  0> +
        ( 0.055907,-0.004437)|  18, 3, 2;0,  0;0,  0> +
        (-0.050261,-0.010730)|  23, 1, 3;0,  0;0,  0> +
        (-0.029611,-0.040942)|  16, 0, 2;0,  0;0,  0> +
        ( 0.045110, 0.015372)|  18, 2, 2;0,  0;0,  0> +
        (-0.020819,-0.041936)|  24, 3, 1;0,  0;0,  0> +
        (-0.033456,-0.026231)|  16, 1, 0;0,  0;0,  0> +
        ( 0.032547,-0.006815)|  21, 2, 2;0,  0;0,  0> +
        ( 0.003051,-0.031022)|  13, 0, 3;0,  0;0,  0> +
        (-0.023677,-0.017541)|  20, 0, 0;0,  0;0,  0> +
        (-0.010624, 0.013569)|  14, 0, 3;0,  0;0,  0> +
        ( 0.000089,-0.011080)|  23, 3, 1;0,  0;0,  0> +
        (-0.000932,-0.009676)|  24, 1, 3;0,  0;0,  0> +
        (-0.008283, 0.002538)|  13, 1, 2;0,  0;0,  0> +
        ( 0.003840,-0.005109)|  14, 1, 2;0,  0;0,  0> +
        (-0.002777,-0.005562)|  17, 2, 3;0,  0;0,  0> +
        ( 0.000618,-0.004766)|  17, 3, 2;0,  0;0,  0> +
        ( 0.004233,-0.001710)|  28, 3, 1;0,  0;0,  0> +
        (-0.001534,-0.002543)|  22, 3, 1;0,  0;0,  0> +
        ( 0.002593,-0.000084)|  28, 1, 3;0,  0;0,  0> +
        (-0.000047,-0.002350)|  13, 2, 1;0,  0;0,  0> +
        ( 0.002044, 0.000242)|  14, 2, 1;0,  0;0,  0> +
        ( 0.001826, 0.000667)|  21, 3, 1;0,  0;0,  0> +
        ( 0.000183,-0.001146)|  32, 3, 3;0,  0;0,  0> +
        ( 0.000659,-0.000930)|  22, 1, 3;0,  0;0,  0> +
        (-0.000759,-0.000769)|  14, 3, 0;0,  0;0,  0> +
        (-0.000736,-0.000465)|  30, 3, 3;0,  0;0,  0> +
        ( 0.000844,-0.000078)|  22, 2, 2;0,  0;0,  0> +
        (-0.000751, 0.000169)|  18, 2, 3;0,  0;0,  0> +
        (-0.000055, 0.000544)|  12, 2, 1;0,  0;0,  0> +
        ( 0.000196, 0.000379)|  15, 2, 1;0,  0;0,  0> +
        (-0.000095, 0.000337)|  12, 1, 2;0,  0;0,  0> +
        ( 0.000014, 0.000327)|  27, 3, 1;0,  0;0,  0> +
        ( 0.000139,-0.000295)|  13, 3, 0;0,  0;0,  0> +
         ...
 |13> = (-0.884977, 0.083505)|  33, 0, 1;0,  0;0,  0> +
        ( 0.054388,-0.429131)|  31, 1, 0;0,  0;0,  0> +
        (-0.139277,-0.009883)|  32, 1, 0;0,  0;0,  0> +
        ( 0.005811, 0.047730)|  32, 0, 1;0,  0;0,  0> +
        ( 0.020805, 0.002472)|  33, 1, 0;0,  0;0,  0> +
        (-0.018649, 0.001854)|  31, 0, 1;0,  0;0,  0> +
        (-0.006741,-0.002235)|  27, 1, 2;0,  0;0,  0> +
        (-0.006253, 0.000824)|  23, 3, 0;0,  0;0,  0> +
        (-0.001386,-0.003064)|  28, 0, 1;0,  0;0,  0> +
        (-0.001460,-0.001540)|  29, 3, 0;0,  0;0,  0> +
        (-0.000610,-0.001896)|  27, 3, 0;0,  0;0,  0> +
        (-0.000329, 0.001244)|  32, 1, 2;0,  0;0,  0> +
        (-0.000560,-0.001000)|  30, 1, 2;0,  0;0,  0> +
        (-0.000674, 0.000238)|  26, 2, 1;0,  0;0,  0> +
        ( 0.000431, 0.000491)|  25, 2, 1;0,  0;0,  0> +
        (-0.000345,-0.000522)|  31, 2, 1;0,  0;0,  0> +
        ( 0.000547, 0.000046)|  30, 3, 0;0,  0;0,  0> +
        (-0.000470, 0.000165)|  33, 2, 1;0,  0;0,  0> +
        (-0.000091, 0.000482)|  33, 3, 0;0,  0;0,  0> +
        ( 0.000441, 0.000156)|  23, 1, 2;0,  0;0,  0> +
        ( 0.000397,-0.000232)|  28, 3, 0;0,  0;0,  0> +
        (-0.000162, 0.000371)|  31, 0, 3;0,  0;0,  0> +
        (-0.000323,-0.000235)|  23, 2, 1;0,  0;0,  0> +
        ( 0.000005,-0.000391)|  29, 1, 2;0,  0;0,  0> +
        (-0.000318,-0.000042)|  25, 1, 2;0,  0;0,  0> +
         ...
 |14> = ( 0.265640, 0.516699)|  17, 2, 0;0,  0;0,  0> +
        (-0.358622, 0.288608)|  18, 2, 3;0,  0;0,  0> +
        (-0.296121, 0.310937)|  17, 0, 1;0,  0;0,  0> +
        ( 0.234399, 0.310599)|  27, 1, 3;0,  0;0,  0> +
        (-0.154374,-0.191482)|  24, 2, 2;0,  0;0,  0> +
        (-0.097603, 0.066706)|  22, 2, 2;0,  0;0,  0> +
        (-0.052683,-0.084157)|  14, 3, 0;0,  0;0,  0> +
        ( 0.065115,-0.066516)|  15, 1, 2;0,  0;0,  0> +
        ( 0.067038, 0.016054)|  27, 3, 1;0,  0;0,  0> +
        ( 0.060567,-0.016345)|  15, 3, 0;0,  0;0,  0> +
        ( 0.061189,-0.007331)|  16, 1, 1;0,  0;0,  0> +
        ( 0.051141,-0.013885)|  15, 0, 3;0,  0;0,  0> +
        ( 0.002960,-0.036905)|  19, 3, 2;0,  0;0,  0> +
        ( 0.006311,-0.031942)|  14, 2, 1;0,  0;0,  0> +
        (-0.030906,-0.000234)|  15, 2, 1;0,  0;0,  0> +
        (-0.028564, 0.011174)|  26, 3, 1;0,  0;0,  0> +
        ( 0.006105, 0.025267)|  33, 3, 3;0,  0;0,  0> +
        ( 0.005177,-0.018601)|  26, 1, 3;0,  0;0,  0> +
        (-0.015597, 0.004961)|  19, 2, 3;0,  0;0,  0> +
        (-0.012964, 0.001595)|  21, 0, 0;0,  0;0,  0> +
        ( 0.000377, 0.012820)|  21, 2, 2;0,  0;0,  0> +
        ( 0.008690,-0.004886)|  25, 3, 1;0,  0;0,  0> +
        ( 0.007490,-0.003082)|  25, 1, 3;0,  0;0,  0> +
        ( 0.004585,-0.006337)|  28, 3, 1;0,  0;0,  0> +
        (-0.000680, 0.007739)|  16, 3, 0;0,  0;0,  0> +
        ( 0.004146,-0.004437)|  14, 1, 2;0,  0;0,  0> +
        (-0.000391, 0.005882)|  16, 2, 1;0,  0;0,  0> +
        ( 0.004333,-0.003182)|  20, 2, 2;0,  0;0,  0> +
        (-0.000982,-0.004843)|  26, 2, 2;0,  0;0,  0> +
        ( 0.000823,-0.004719)|  14, 0, 3;0,  0;0,  0> +
        ( 0.002213, 0.003476)|  28, 1, 3;0,  0;0,  0> +
        (-0.003662,-0.000124)|  16, 0, 3;0,  0;0,  0> +
        ( 0.001969,-0.002305)|  28, 2, 2;0,  0;0,  0> +
        ( 0.001092, 0.002757)|  19, 2, 2;0,  0;0,  0> +
        (-0.002537,-0.000267)|  17, 0, 2;0,  0;0,  0> +
        ( 0.002072, 0.001480)|  23, 2, 2;0,  0;0,  0> +
        (-0.000697, 0.001985)|  13, 0, 3;0,  0;0,  0> +
        (-0.000624,-0.001502)|  17, 1, 0;0,  0;0,  0> +
        (-0.001442,-0.000170)|  30, 3, 1;0,  0;0,  0> +
        ( 0.000828, 0.000141)|  16, 2, 0;0,  0;0,  0> +
        ( 0.000594,-0.000192)|  16, 1, 2;0,  0;0,  0> +
        (-0.000541,-0.000072)|  32, 3, 3;0,  0;0,  0> +
        ( 0.000464,-0.000200)|  30, 1, 3;0,  0;0,  0> +
        (-0.000372,-0.000198)|  18, 2, 2;0,  0;0,  0> +
        (-0.000229, 0.000281)|  29, 3, 1;0,  0;0,  0> +
        ( 0.000325, 0.000020)|  17, 1, 1;0,  0;0,  0> +
         ...
 |15> = ( 0.829494, 0.157631)|  10, 3, 0;0,  0;0,  0> +
        ( 0.147692, 0.236989)|  13, 1, 0;0,  0;0,  0> +
        (-0.198108, 0.160327)|  14, 3, 2;0,  0;0,  0> +
        (-0.214908, 0.026420)|   9, 2, 1;0,  0;0,  0> +
        ( 0.089052, 0.133834)|  14, 2, 2;0,  0;0,  0> +
        ( 0.099818, 0.101882)|  15, 3, 1;0,  0;0,  0> +
        (-0.060531,-0.104323)|  13, 2, 2;0,  0;0,  0> +
        ( 0.056814,-0.100227)|  16, 3, 1;0,  0;0,  0> +
        (-0.109844,-0.004681)|  12, 0, 2;0,  0;0,  0> +
        (-0.032855,-0.054164)|  15, 1, 3;0,  0;0,  0> +
        (-0.037508,-0.025882)|   9, 0, 3;0,  0;0,  0> +
        ( 0.042880, 0.010491)|  10, 1, 2;0,  0;0,  0> +
        ( 0.030858, 0.017346)|  12, 2, 0;0,  0;0,  0> +
        (-0.003859,-0.029523)|   9, 1, 2;0,  0;0,  0> +
        ( 0.024859,-0.001491)|  17, 0, 0;0,  0;0,  0> +
        (-0.001494,-0.016411)|  10, 0, 3;0,  0;0,  0> +
        ( 0.002335, 0.007217)|   9, 3, 0;0,  0;0,  0> +
        ( 0.000051,-0.004188)|  14, 2, 3;0,  0;0,  0> +
        (-0.001101,-0.003327)|  22, 3, 3;0,  0;0,  0> +
        (-0.002488,-0.001627)|  10, 2, 1;0,  0;0,  0> +
        ( 0.001184,-0.002504)|  12, 2, 2;0,  0;0,  0> +
        (-0.001464, 0.000604)|  16, 1, 3;0,  0;0,  0> +
        (-0.001500, 0.000468)|  16, 0, 0;0,  0;0,  0> +
        (-0.000254, 0.000869)|  13, 3, 2;0,  0;0,  0> +
        ( 0.000805,-0.000040)|  21, 3, 3;0,  0;0,  0> +
        (-0.000638,-0.000157)|  11, 0, 2;0,  0;0,  0> +
        ( 0.000579,-0.000281)|  11, 1, 1;0,  0;0,  0> +
         ...
 |16> = (-0.816753,-0.316033)|  16, 2, 0;0,  0;0,  0> +
        (-0.144231, 0.278292)|  14, 0, 3;0,  0;0,  0> +
        ( 0.001065, 0.192510)|  19, 2, 2;0,  0;0,  0> +
        (-0.032605,-0.148109)|  15, 1, 1;0,  0;0,  0> +
        ( 0.142954, 0.001023)|  13, 0, 3;0,  0;0,  0> +
        (-0.125146, 0.034473)|  20, 2, 2;0,  0;0,  0> +
        ( 0.016634, 0.105145)|  32, 3, 3;0,  0;0,  0> +
        ( 0.078781, 0.033665)|  14, 1, 2;0,  0;0,  0> +
        ( 0.078314, 0.010377)|  16, 0, 2;0,  0;0,  0> +
        ( 0.056399, 0.014123)|  25, 1, 3;0,  0;0,  0> +
        (-0.040830, 0.003647)|  21, 2, 2;0,  0;0,  0> +
        ( 0.039025,-0.003673)|  26, 1, 3;0,  0;0,  0> +
        ( 0.009187, 0.032771)|  26, 3, 1;0,  0;0,  0> +
        (-0.030105, 0.010972)|  18, 3, 2;0,  0;0,  0> +
        ( 0.024473, 0.009829)|  14, 2, 1;0,  0;0,  0> +
        ( 0.019223,-0.010221)|  23, 1, 3;0,  0;0,  0> +
        ( 0.011950, 0.017798)|  24, 3, 1;0,  0;0,  0> +
        (-0.019927, 0.000391)|  18, 2, 2;0,  0;0,  0> +
        ( 0.017573,-0.008536)|  13, 1, 2;0,  0;0,  0> +
        ( 0.016868, 0.005861)|  16, 0, 1;0,  0;0,  0> +
        (-0.013735,-0.010832)|  14, 3, 0;0,  0;0,  0> +
        ( 0.005857, 0.014920)|  31, 3, 3;0,  0;0,  0> +
        (-0.000841, 0.014153)|  25, 3, 1;0,  0;0,  0> +
        ( 0.000020, 0.007703)|  15, 2, 1;0,  0;0,  0> +
        ( 0.006550,-0.001900)|  16, 1, 0;0,  0;0,  0> +
        ( 0.004747,-0.001845)|  13, 2, 1;0,  0;0,  0> +
        ( 0.001804, 0.004572)|  23, 3, 1;0,  0;0,  0> +
        (-0.004544, 0.001740)|  28, 3, 1;0,  0;0,  0> +
        (-0.003737, 0.000609)|  13, 3, 0;0,  0;0,  0> +
        ( 0.002102, 0.003121)|  24, 1, 3;0,  0;0,  0> +
        ( 0.002200, 0.001393)|  17, 2, 3;0,  0;0,  0> +
        (-0.002248, 0.000250)|  28, 1, 3;0,  0;0,  0> +
        ( 0.000682, 0.001968)|  17, 3, 2;0,  0;0,  0> +
        (-0.001583, 0.000528)|  12, 2, 1;0,  0;0,  0> +
        (-0.000347,-0.001296)|  20, 0, 0;0,  0;0,  0> +
        ( 0.000950, 0.000702)|  22, 3, 1;0,  0;0,  0> +
        (-0.000824, 0.000061)|  21, 3, 1;0,  0;0,  0> +
        ( 0.000759, 0.000163)|  30, 3, 3;0,  0;0,  0> +
        (-0.000693, 0.000049)|  22, 2, 2;0,  0;0,  0> +
        (-0.000567, 0.000218)|  12, 1, 2;0,  0;0,  0> +
        (-0.000088, 0.000435)|  22, 1, 3;0,  0;0,  0> +
        ( 0.000393,-0.000063)|  18, 2, 3;0,  0;0,  0> +
        ( 0.000298, 0.000164)|  17, 2, 0;0,  0;0,  0> +
         ...
 |17> = ( 0.426247,-0.000520)|  21, 2, 3;0,  0;0,  0> +
        (-0.310447, 0.184486)|  18, 2, 0;0,  0;0,  0> +
        (-0.188057,-0.287894)|  29, 2, 2;0,  0;0,  0> +
        ( 0.165964, 0.269711)|  26, 1, 1;0,  0;0,  0> +
        (-0.262956, 0.116614)|  23, 1, 1;0,  0;0,  0> +
        (-0.127158, 0.212079)|  28, 1, 1;0,  0;0,  0> +
        (-0.139761, 0.188655)|  32, 2, 2;0,  0;0,  0> +
        ( 0.072324,-0.207948)|  31, 2, 2;0,  0;0,  0> +
        ( 0.168797, 0.113509)|  25, 1, 1;0,  0;0,  0> +
        ( 0.075294,-0.171462)|  24, 0, 0;0,  0;0,  0> +
        ( 0.160701,-0.027174)|  18, 1, 2;0,  0;0,  0> +
        ( 0.097575, 0.121772)|  22, 1, 1;0,  0;0,  0> +
        ( 0.028728, 0.145443)|  21, 1, 1;0,  0;0,  0> +
        (-0.101442,-0.064785)|  17, 0, 3;0,  0;0,  0> +
        ( 0.087817, 0.067382)|  19, 2, 0;0,  0;0,  0> +
        ( 0.091359,-0.059592)|  20, 1, 1;0,  0;0,  0> +
        ( 0.099695,-0.022923)|  19, 1, 1;0,  0;0,  0> +
        (-0.069917,-0.059482)|  18, 3, 0;0,  0;0,  0> +
        (-0.008394, 0.061466)|  21, 3, 2;0,  0;0,  0> +
        (-0.050588,-0.033722)|  19, 0, 2;0,  0;0,  0> +
        ( 0.017824, 0.051957)|  17, 2, 1;0,  0;0,  0> +
        (-0.045041, 0.005288)|  17, 1, 2;0,  0;0,  0> +
        (-0.038852, 0.002271)|  24, 1, 1;0,  0;0,  0> +
        (-0.001908,-0.012875)|  19, 0, 1;0,  0;0,  0> +
        (-0.005506, 0.008494)|  31, 3, 1;0,  0;0,  0> +
        ( 0.004988, 0.007958)|  18, 1, 1;0,  0;0,  0> +
        (-0.005655, 0.007301)|  33, 2, 2;0,  0;0,  0> +
        (-0.001404, 0.007830)|  27, 1, 1;0,  0;0,  0> +
        ( 0.003095, 0.006551)|  23, 0, 0;0,  0;0,  0> +
        (-0.006264,-0.002875)|  27, 2, 2;0,  0;0,  0> +
        (-0.004349, 0.005050)|  18, 0, 3;0,  0;0,  0> +
        ( 0.000735,-0.005939)|  19, 1, 0;0,  0;0,  0> +
        ( 0.001130, 0.005736)|  33, 1, 3;0,  0;0,  0> +
        ( 0.002628,-0.004579)|  22, 0, 2;0,  0;0,  0> +
        (-0.004419,-0.000968)|  33, 3, 1;0,  0;0,  0> +
        (-0.000613,-0.004285)|  30, 2, 2;0,  0;0,  0> +
        (-0.003765, 0.001585)|  17, 3, 0;0,  0;0,  0> +
        (-0.003406, 0.000337)|  20, 3, 2;0,  0;0,  0> +
        ( 0.003210,-0.000120)|  20, 0, 2;0,  0;0,  0> +
        (-0.002948, 0.000911)|  20, 1, 0;0,  0;0,  0> +
        (-0.001027, 0.002850)|  20, 0, 1;0,  0;0,  0> +
        ( 0.000900, 0.002544)|  16, 1, 2;0,  0;0,  0> +
        ( 0.001867,-0.000031)|  32, 3, 1;0,  0;0,  0> +
        (-0.000117,-0.001831)|  20, 2, 3;0,  0;0,  0> +
        (-0.001583,-0.000781)|  28, 0, 2;0,  0;0,  0> +
        ( 0.001253, 0.000864)|  18, 0, 2;0,  0;0,  0> +
        ( 0.001159, 0.000844)|  22, 2, 3;0,  0;0,  0> +
        ( 0.001382, 0.000024)|  16, 3, 0;0,  0;0,  0> +
        ( 0.000469,-0.001039)|  25, 2, 2;0,  0;0,  0> +
        ( 0.001114, 0.000240)|  20, 2, 0;0,  0;0,  0> +
        (-0.001099,-0.000152)|  22, 3, 2;0,  0;0,  0> +
        ( 0.000074, 0.000458)|  15, 3, 0;0,  0;0,  0> +
        ( 0.000347,-0.000224)|  15, 0, 3;0,  0;0,  0> +
        ( 0.000379, 0.000043)|  28, 2, 0;0,  0;0,  0> +
        ( 0.000375,-0.000069)|  26, 2, 0;0,  0;0,  0> +
        ( 0.000135,-0.000321)|  29, 1, 3;0,  0;0,  0> +
        (-0.000334, 0.000026)|  26, 0, 2;0,  0;0,  0> +
         ...
 |18> = (-0.596304,-0.001656)|  29, 0, 3;0,  0;0,  0> +
        (-0.223377,-0.359583)|  33, 2, 3;0,  0;0,  0> +
        (-0.287635,-0.215018)|  26, 1, 2;0,  0;0,  0> +
        (-0.003884, 0.347031)|  31, 0, 0;0,  0;0,  0> +
        ( 0.157811,-0.181216)|  25, 1, 0;0,  0;0,  0> +
        (-0.109482, 0.208744)|  29, 2, 1;0,  0;0,  0> +
        ( 0.091227,-0.132283)|  32, 0, 0;0,  0;0,  0> +
        ( 0.043453,-0.147015)|  28, 2, 1;0,  0;0,  0> +
        ( 0.133037, 0.030606)|  28, 1, 2;0,  0;0,  0> +
        (-0.106445, 0.027485)|  28, 0, 3;0,  0;0,  0> +
        ( 0.068845, 0.067065)|  24, 3, 0;0,  0;0,  0> +
        (-0.012710,-0.064162)|  24, 0, 3;0,  0;0,  0> +
        (-0.015970, 0.041166)|  26, 3, 0;0,  0;0,  0> +
        (-0.024579,-0.026080)|  24, 1, 2;0,  0;0,  0> +
        ( 0.026461, 0.013780)|  25, 0, 1;0,  0;0,  0> +
        (-0.023236,-0.013743)|  26, 2, 1;0,  0;0,  0> +
        ( 0.021002,-0.016106)|  25, 3, 0;0,  0;0,  0> +
        ( 0.007386,-0.024356)|  23, 2, 1;0,  0;0,  0> +
        (-0.023610,-0.005332)|  33, 3, 2;0,  0;0,  0> +
        ( 0.015792, 0.009978)|  26, 0, 3;0,  0;0,  0> +
        ( 0.004743, 0.014808)|  27, 0, 3;0,  0;0,  0> +
        (-0.003997, 0.014385)|  22, 0, 3;0,  0;0,  0> +
        ( 0.010280, 0.010665)|  27, 2, 1;0,  0;0,  0> +
        (-0.008512, 0.009025)|  25, 1, 2;0,  0;0,  0> +
        (-0.005329, 0.009501)|  30, 2, 1;0,  0;0,  0> +
        ( 0.009710,-0.004058)|  23, 0, 3;0,  0;0,  0> +
        (-0.009966,-0.001002)|  25, 0, 3;0,  0;0,  0> +
        (-0.003120, 0.009252)|  25, 2, 1;0,  0;0,  0> +
        (-0.005470, 0.007609)|  23, 1, 2;0,  0;0,  0> +
        ( 0.003791, 0.008216)|  22, 1, 2;0,  0;0,  0> +
        (-0.007243, 0.003797)|  30, 3, 0;0,  0;0,  0> +
        (-0.003328, 0.007228)|  24, 2, 1;0,  0;0,  0> +
        (-0.007255, 0.001515)|  29, 3, 0;0,  0;0,  0> +
        ( 0.003021, 0.005312)|  26, 1, 0;0,  0;0,  0> +
        (-0.003437,-0.004376)|  33, 0, 0;0,  0;0,  0> +
        ( 0.002101,-0.004184)|  30, 0, 3;0,  0;0,  0> +
        (-0.001086, 0.004553)|  26, 0, 1;0,  0;0,  0> +
        (-0.004104,-0.001624)|  29, 1, 2;0,  0;0,  0> +
        ( 0.002452, 0.003302)|  31, 2, 1;0,  0;0,  0> +
        (-0.000043, 0.003266)|  22, 2, 1;0,  0;0,  0> +
        (-0.002572,-0.001654)|  28, 3, 0;0,  0;0,  0> +
        (-0.000638,-0.002353)|  32, 3, 2;0,  0;0,  0> +
        ( 0.001142,-0.001702)|  32, 2, 3;0,  0;0,  0> +
        (-0.001831,-0.000660)|  27, 3, 0;0,  0;0,  0> +
        ( 0.001308,-0.000201)|  27, 1, 2;0,  0;0,  0> +
        ( 0.000432, 0.000452)|  31, 3, 2;0,  0;0,  0> +
        ( 0.000004, 0.000623)|  22, 3, 0;0,  0;0,  0> +
        ( 0.000514, 0.000149)|  31, 0, 3;0,  0;0,  0> +
        ( 0.000074, 0.000428)|  30, 0, 0;0,  0;0,  0> +
        (-0.000247,-0.000260)|  30, 1, 2;0,  0;0,  0> +
        (-0.000091, 0.000317)|  21, 2, 1;0,  0;0,  0> +
        (-0.000185,-0.000268)|  27, 1, 0;0,  0;0,  0> +
         ...
 |19> = (-0.076469,-0.540842)|  31, 2, 1;0,  0;0,  0> +
        (-0.188179, 0.507092)|  30, 2, 1;0,  0;0,  0> +
        (-0.243342,-0.002888)|  27, 2, 1;0,  0;0,  0> +
        ( 0.181983, 0.141249)|  26, 2, 1;0,  0;0,  0> +
        ( 0.107224, 0.194266)|  28, 3, 0;0,  0;0,  0> +
        (-0.176911,-0.098704)|  30, 0, 3;0,  0;0,  0> +
        (-0.145689, 0.110661)|  25, 3, 0;0,  0;0,  0> +
        ( 0.031318,-0.128982)|  30, 3, 0;0,  0;0,  0> +
        ( 0.126302, 0.028807)|  29, 3, 0;0,  0;0,  0> +
        ( 0.108646, 0.066426)|  23, 2, 1;0,  0;0,  0> +
        (-0.019424, 0.118139)|  25, 1, 2;0,  0;0,  0> +
        ( 0.041847, 0.100554)|  26, 1, 0;0,  0;0,  0> +
        (-0.077647,-0.065555)|  28, 2, 1;0,  0;0,  0> +
        (-0.060055,-0.080605)|  30, 1, 2;0,  0;0,  0> +
        (-0.087689,-0.037882)|  25, 2, 1;0,  0;0,  0> +
        ( 0.039059, 0.086345)|  29, 1, 2;0,  0;0,  0> +
        ( 0.044856,-0.078319)|  25, 0, 3;0,  0;0,  0> +
        ( 0.065720,-0.056956)|  28, 1, 2;0,  0;0,  0> +
        (-0.071917,-0.045248)|  26, 0, 3;0,  0;0,  0> +
        ( 0.032480, 0.077221)|  33, 0, 0;0,  0;0,  0> +
        ( 0.071765, 0.016441)|  26, 3, 0;0,  0;0,  0> +
        ( 0.049092, 0.047113)|  23, 0, 3;0,  0;0,  0> +
        ( 0.053353,-0.029765)|  28, 0, 3;0,  0;0,  0> +
        ( 0.041557, 0.040510)|  24, 3, 0;0,  0;0,  0> +
        ( 0.011870, 0.055386)|  24, 0, 3;0,  0;0,  0> +
        ( 0.001313,-0.052699)|  26, 1, 2;0,  0;0,  0> +
        (-0.034134, 0.002263)|  24, 2, 1;0,  0;0,  0> +
        ( 0.020356, 0.017024)|  27, 0, 3;0,  0;0,  0> +
        ( 0.020240,-0.002133)|  31, 0, 3;0,  0;0,  0> +
        ( 0.017840, 0.001965)|  30, 0, 1;0,  0;0,  0> +
        (-0.017251, 0.001058)|  33, 1, 2;0,  0;0,  0> +
        (-0.006660,-0.015269)|  28, 0, 1;0,  0;0,  0> +
        (-0.004893, 0.014773)|  23, 1, 2;0,  0;0,  0> +
        (-0.014792, 0.000504)|  31, 1, 2;0,  0;0,  0> +
        (-0.009016,-0.005407)|  30, 1, 0;0,  0;0,  0> +
        ( 0.008917,-0.005390)|  29, 0, 3;0,  0;0,  0> +
        ( 0.004531, 0.009073)|  29, 0, 1;0,  0;0,  0> +
        (-0.008297, 0.005822)|  31, 3, 0;0,  0;0,  0> +
        (-0.000910, 0.009745)|  33, 0, 3;0,  0;0,  0> +
        (-0.006583,-0.005730)|  27, 3, 0;0,  0;0,  0> +
        ( 0.007655, 0.003015)|  27, 0, 1;0,  0;0,  0> +
        (-0.001640,-0.006599)|  29, 2, 1;0,  0;0,  0> +
        ( 0.005909, 0.000014)|  32, 3, 0;0,  0;0,  0> +
        ( 0.005356,-0.002307)|  33, 2, 1;0,  0;0,  0> +
        ( 0.004884,-0.002644)|  28, 1, 0;0,  0;0,  0> +
        ( 0.000224,-0.005080)|  26, 0, 1;0,  0;0,  0> +
        (-0.003346, 0.003804)|  32, 1, 2;0,  0;0,  0> +
        ( 0.004883,-0.000080)|  23, 3, 0;0,  0;0,  0> +
        ( 0.004103,-0.000787)|  32, 2, 1;0,  0;0,  0> +
        ( 0.003260, 0.001984)|  32, 0, 0;0,  0;0,  0> +
        (-0.003178, 0.000299)|  33, 3, 2;0,  0;0,  0> +
        (-0.000112, 0.002814)|  27, 1, 2;0,  0;0,  0> +
        (-0.000777, 0.002014)|  25, 0, 1;0,  0;0,  0> +
        ( 0.001839,-0.000891)|  33, 2, 3;0,  0;0,  0> +
        ( 0.001899,-0.000185)|  25, 1, 0;0,  0;0,  0> +
        (-0.001452,-0.001232)|  27, 1, 0;0,  0;0,  0> +
        ( 0.001653, 0.000836)|  33, 3, 0;0,  0;0,  0> +
        (-0.001229,-0.001273)|  31, 0, 0;0,  0;0,  0> +
        ( 0.000753, 0.001351)|  29, 1, 0;0,  0;0,  0> +
        (-0.001040,-0.001050)|  24, 1, 2;0,  0;0,  0> +
        ( 0.000473, 0.001180)|  32, 0, 3;0,  0;0,  0> +
        (-0.000978, 0.000479)|  22, 0, 3;0,  0;0,  0> +
        (-0.000629, 0.000343)|  22, 2, 1;0,  0;0,  0> +
        (-0.000404, 0.000513)|  22, 1, 2;0,  0;0,  0> +
         ...
 |20> = ( 0.447142, 0.587118)|  33, 0, 0;0,  0;0,  0> +
        (-0.358856, 0.159303)|  26, 0, 3;0,  0;0,  0> +
        (-0.049744, 0.346501)|  23, 2, 1;0,  0;0,  0> +
        (-0.153589, 0.036956)|  27, 0, 3;0,  0;0,  0> +
        ( 0.049444,-0.124653)|  28, 2, 1;0,  0;0,  0> +
        ( 0.029084,-0.126845)|  26, 2, 1;0,  0;0,  0> +
        ( 0.050180,-0.107224)|  27, 2, 1;0,  0;0,  0> +
        ( 0.033060,-0.112990)|  26, 0, 1;0,  0;0,  0> +
        (-0.089079, 0.075201)|  25, 1, 2;0,  0;0,  0> +
        (-0.105719, 0.035884)|  28, 0, 3;0,  0;0,  0> +
        ( 0.084016, 0.061880)|  24, 3, 0;0,  0;0,  0> +
        (-0.028542,-0.098254)|  23, 0, 3;0,  0;0,  0> +
        (-0.082645, 0.047598)|  28, 1, 2;0,  0;0,  0> +
        ( 0.081674,-0.015253)|  24, 0, 3;0,  0;0,  0> +
        ( 0.015088, 0.068712)|  30, 0, 3;0,  0;0,  0> +
        (-0.063681, 0.017402)|  25, 2, 1;0,  0;0,  0> +
        ( 0.047378, 0.031279)|  29, 0, 3;0,  0;0,  0> +
        ( 0.010033,-0.050923)|  30, 2, 1;0,  0;0,  0> +
        (-0.042563, 0.014786)|  24, 2, 1;0,  0;0,  0> +
        ( 0.009669, 0.041605)|  31, 2, 1;0,  0;0,  0> +
        ( 0.033173, 0.026518)|  25, 3, 0;0,  0;0,  0> +
        (-0.018799, 0.032047)|  25, 0, 3;0,  0;0,  0> +
        (-0.031211,-0.006762)|  26, 1, 2;0,  0;0,  0> +
        (-0.023800,-0.014700)|  28, 3, 0;0,  0;0,  0> +
        ( 0.006757, 0.020033)|  30, 3, 0;0,  0;0,  0> +
        (-0.019957, 0.005729)|  33, 2, 1;0,  0;0,  0> +
        (-0.007992,-0.017793)|  29, 1, 2;0,  0;0,  0> +
        (-0.006532,-0.014662)|  28, 0, 1;0,  0;0,  0> +
        ( 0.014274, 0.007252)|  30, 1, 2;0,  0;0,  0> +
        ( 0.014628, 0.002066)|  29, 2, 1;0,  0;0,  0> +
        ( 0.003574, 0.012892)|  23, 1, 2;0,  0;0,  0> +
        (-0.006291, 0.011308)|  32, 2, 1;0,  0;0,  0> +
        (-0.012256, 0.000350)|  29, 3, 0;0,  0;0,  0> +
        ( 0.011501, 0.004150)|  32, 0, 3;0,  0;0,  0> +
        (-0.010457,-0.001375)|  25, 0, 1;0,  0;0,  0> +
        (-0.002325, 0.010262)|  26, 3, 0;0,  0;0,  0> +
        ( 0.001367, 0.010326)|  26, 1, 0;0,  0;0,  0> +
        ( 0.004518,-0.008100)|  31, 0, 3;0,  0;0,  0> +
        ( 0.003675,-0.007946)|  32, 1, 2;0,  0;0,  0> +
        ( 0.005231,-0.005690)|  27, 3, 0;0,  0;0,  0> +
        ( 0.006879, 0.000018)|  31, 3, 0;0,  0;0,  0> +
        (-0.004565, 0.003491)|  28, 1, 0;0,  0;0,  0> +
        (-0.002480, 0.004953)|  33, 0, 3;0,  0;0,  0> +
        (-0.004989, 0.000662)|  23, 3, 0;0,  0;0,  0> +
        (-0.002075,-0.004207)|  27, 1, 0;0,  0;0,  0> +
        (-0.003445,-0.003006)|  33, 3, 2;0,  0;0,  0> +
        (-0.003935, 0.000348)|  31, 1, 2;0,  0;0,  0> +
        (-0.003304, 0.002113)|  31, 0, 0;0,  0;0,  0> +
        ( 0.003330, 0.000608)|  24, 1, 2;0,  0;0,  0> +
        (-0.000332, 0.003277)|  33, 2, 3;0,  0;0,  0> +
        ( 0.001275,-0.002959)|  32, 0, 0;0,  0;0,  0> +
        ( 0.001503,-0.002037)|  25, 1, 0;0,  0;0,  0> +
        ( 0.000200, 0.002140)|  27, 1, 2;0,  0;0,  0> +
        ( 0.001787, 0.000983)|  27, 0, 1;0,  0;0,  0> +
        ( 0.000517, 0.000131)|  29, 1, 0;0,  0;0,  0> +
        ( 0.000356, 0.000233)|  29, 0, 1;0,  0;0,  0> +
        (-0.000101,-0.000386)|  33, 1, 2;0,  0;0,  0> +
        (-0.000113, 0.000328)|  22, 1, 2;0,  0;0,  0> +
         ...
 |21> = ( 0.719605,-0.285419)|   7, 2, 3;0,  0;0,  0> +
        (-0.095878, 0.433548)|   6, 1, 1;0,  0;0,  0> +
        ( 0.015429,-0.330791)|  11, 3, 3;0,  0;0,  0> +
        (-0.198471, 0.226432)|   8, 0, 1;0,  0;0,  0> +
        (-0.019662,-0.029090)|   7, 0, 2;0,  0;0,  0> +
        (-0.010020,-0.025853)|   8, 1, 0;0,  0;0,  0> +
        (-0.014732, 0.007398)|  12, 3, 3;0,  0;0,  0> +
        ( 0.003927, 0.015124)|   8, 1, 3;0,  0;0,  0> +
        (-0.000026, 0.010285)|   5, 2, 1;0,  0;0,  0> +
        ( 0.004166, 0.009109)|   5, 1, 2;0,  0;0,  0> +
        ( 0.007731,-0.006109)|   7, 1, 3;0,  0;0,  0> +
        (-0.006978, 0.004928)|   7, 2, 2;0,  0;0,  0> +
        ( 0.007071,-0.004646)|   7, 3, 1;0,  0;0,  0> +
        ( 0.007704,-0.002588)|   7, 3, 2;0,  0;0,  0> +
        ( 0.005940, 0.002454)|   8, 3, 1;0,  0;0,  0> +
        (-0.001349,-0.006177)|   6, 3, 2;0,  0;0,  0> +
        (-0.000576, 0.005705)|  11, 0, 0;0,  0;0,  0> +
        ( 0.004134, 0.003886)|   5, 0, 3;0,  0;0,  0> +
        ( 0.000413, 0.004509)|   5, 3, 0;0,  0;0,  0> +
        (-0.004482, 0.000331)|   7, 2, 0;0,  0;0,  0> +
        ( 0.001536,-0.002029)|   6, 2, 1;0,  0;0,  0> +
        ( 0.000442,-0.002256)|   8, 3, 2;0,  0;0,  0> +
        (-0.000973,-0.001097)|   8, 0, 2;0,  0;0,  0> +
        (-0.001093, 0.000267)|   8, 2, 0;0,  0;0,  0> +
        (-0.000465, 0.000916)|  12, 0, 0;0,  0;0,  0> +
        ( 0.000781, 0.000659)|   6, 2, 3;0,  0;0,  0> +
        ( 0.000123,-0.000622)|   7, 0, 1;0,  0;0,  0> +
        (-0.000326,-0.000355)|   6, 3, 0;0,  0;0,  0> +
        ( 0.000255,-0.000214)|   5, 1, 1;0,  0;0,  0> +
         ...
 |22> = (-0.409874,-0.271509)|  14, 1, 1;0,  0;0,  0> +
        ( 0.454665,-0.049591)|  15, 2, 0;0,  0;0,  0> +
        ( 0.171318, 0.376896)|  29, 3, 3;0,  0;0,  0> +
        ( 0.048934, 0.322824)|  17, 2, 3;0,  0;0,  0> +
        (-0.043383,-0.259736)|  12, 1, 2;0,  0;0,  0> +
        ( 0.148071,-0.204855)|  17, 3, 2;0,  0;0,  0> +
        ( 0.135218, 0.187429)|  13, 1, 1;0,  0;0,  0> +
        ( 0.017799, 0.177777)|  12, 2, 1;0,  0;0,  0> +
        ( 0.104508, 0.079921)|  21, 3, 1;0,  0;0,  0> +
        ( 0.063151,-0.059346)|  14, 0, 2;0,  0;0,  0> +
        (-0.054003,-0.061300)|  22, 3, 1;0,  0;0,  0> +
        ( 0.066754,-0.033781)|  15, 0, 1;0,  0;0,  0> +
        ( 0.051557, 0.053464)|  12, 0, 3;0,  0;0,  0> +
        ( 0.021341, 0.048921)|  17, 2, 2;0,  0;0,  0> +
        ( 0.030874,-0.042620)|  22, 1, 3;0,  0;0,  0> +
        (-0.002408, 0.027537)|  13, 3, 0;0,  0;0,  0> +
        ( 0.016341,-0.019864)|  16, 1, 0;0,  0;0,  0> +
        ( 0.001700,-0.022669)|  21, 1, 3;0,  0;0,  0> +
        ( 0.013547, 0.014109)|  18, 2, 2;0,  0;0,  0> +
        ( 0.008744, 0.015510)|  24, 3, 1;0,  0;0,  0> +
        (-0.015873,-0.007624)|  12, 3, 0;0,  0;0,  0> +
        (-0.012084,-0.012600)|  13, 2, 1;0,  0;0,  0> +
        (-0.015559, 0.001106)|  19, 0, 0;0,  0;0,  0> +
        (-0.011631,-0.009861)|  13, 1, 2;0,  0;0,  0> +
        (-0.012771, 0.004182)|  23, 1, 3;0,  0;0,  0> +
        ( 0.001018, 0.009359)|  30, 3, 3;0,  0;0,  0> +
        (-0.007173,-0.001544)|  18, 3, 2;0,  0;0,  0> +
        (-0.005850,-0.004219)|  15, 0, 2;0,  0;0,  0> +
        (-0.006312,-0.002808)|  20, 0, 0;0,  0;0,  0> +
        (-0.005743,-0.001401)|  14, 2, 0;0,  0;0,  0> +
        (-0.001265, 0.004328)|  24, 1, 3;0,  0;0,  0> +
        ( 0.001396, 0.004014)|  15, 1, 0;0,  0;0,  0> +
        (-0.001535, 0.003434)|  15, 1, 1;0,  0;0,  0> +
        (-0.001655, 0.002785)|  23, 3, 1;0,  0;0,  0> +
        ( 0.000329, 0.002880)|  13, 0, 3;0,  0;0,  0> +
        ( 0.000366, 0.002103)|  11, 3, 0;0,  0;0,  0> +
        ( 0.001802, 0.001070)|  11, 0, 3;0,  0;0,  0> +
        ( 0.000159,-0.001760)|  28, 3, 3;0,  0;0,  0> +
        ( 0.000004,-0.001645)|  16, 0, 1;0,  0;0,  0> +
        ( 0.001383,-0.000763)|  27, 3, 3;0,  0;0,  0> +
        ( 0.001209, 0.000996)|  16, 0, 2;0,  0;0,  0> +
        ( 0.000417,-0.001047)|  20, 2, 2;0,  0;0,  0> +
        (-0.000812, 0.000284)|  20, 3, 1;0,  0;0,  0> +
        ( 0.000675, 0.000019)|  15, 2, 2;0,  0;0,  0> +
        ( 0.000052, 0.000494)|  20, 1, 3;0,  0;0,  0> +
        (-0.000060, 0.000446)|  19, 2, 2;0,  0;0,  0> +
        (-0.000143, 0.000399)|  25, 1, 3;0,  0;0,  0> +
        ( 0.000028,-0.000413)|  16, 2, 0;0,  0;0,  0> +
        (-0.000107,-0.000348)|  16, 2, 2;0,  0;0,  0> +
        (-0.000344,-0.000068)|  19, 3, 1;0,  0;0,  0> +
         ...
 |23> = (-0.431652,-0.448579)|   6, 3, 0;0,  0;0,  0> +
        (-0.001116, 0.618788)|   9, 1, 0;0,  0;0,  0> +
        (-0.010179, 0.341689)|   6, 0, 3;0,  0;0,  0> +
        ( 0.026894, 0.279500)|  13, 3, 3;0,  0;0,  0> +
        ( 0.003706,-0.096764)|  14, 3, 3;0,  0;0,  0> +
        ( 0.006326, 0.085290)|   6, 1, 2;0,  0;0,  0> +
        (-0.002380, 0.060608)|   9, 0, 1;0,  0;0,  0> +
        ( 0.021855,-0.048117)|   8, 2, 0;0,  0;0,  0> +
        ( 0.044766, 0.020376)|   5, 3, 0;0,  0;0,  0> +
        (-0.029579, 0.038152)|   6, 2, 1;0,  0;0,  0> +
        (-0.040582, 0.014992)|   8, 2, 2;0,  0;0,  0> +
        ( 0.005383,-0.031584)|  13, 0, 0;0,  0;0,  0> +
        (-0.023462, 0.008398)|   9, 2, 3;0,  0;0,  0> +
        ( 0.018386,-0.016424)|   9, 2, 2;0,  0;0,  0> +
        (-0.013117,-0.017530)|   8, 2, 3;0,  0;0,  0> +
        (-0.008772,-0.019186)|   5, 2, 1;0,  0;0,  0> +
        ( 0.014887, 0.008252)|   8, 0, 2;0,  0;0,  0> +
        ( 0.003156,-0.016043)|   7, 1, 1;0,  0;0,  0> +
        (-0.004308,-0.011288)|  15, 3, 3;0,  0;0,  0> +
        (-0.003596,-0.004939)|   8, 1, 1;0,  0;0,  0> +
        ( 0.002078,-0.005115)|   9, 2, 0;0,  0;0,  0> +
        (-0.000611, 0.005434)|  10, 3, 1;0,  0;0,  0> +
        (-0.004847,-0.001065)|   9, 3, 1;0,  0;0,  0> +
        ( 0.002136, 0.003760)|  12, 0, 0;0,  0;0,  0> +
        ( 0.002797, 0.001844)|   8, 1, 3;0,  0;0,  0> +
        ( 0.003071,-0.001245)|   8, 3, 1;0,  0;0,  0> +
        (-0.001909,-0.001746)|   5, 1, 2;0,  0;0,  0> +
        ( 0.000918, 0.001880)|   7, 3, 2;0,  0;0,  0> +
        ( 0.001249, 0.001579)|   9, 3, 2;0,  0;0,  0> +
        ( 0.001668,-0.000934)|   8, 3, 2;0,  0;0,  0> +
        ( 0.000573,-0.001736)|   9, 1, 3;0,  0;0,  0> +
        (-0.001468,-0.000566)|  10, 2, 2;0,  0;0,  0> +
        (-0.001078, 0.000774)|  10, 3, 2;0,  0;0,  0> +
        ( 0.000928, 0.000895)|   7, 1, 3;0,  0;0,  0> +
        (-0.000009,-0.001195)|  12, 3, 3;0,  0;0,  0> +
        (-0.000917, 0.000124)|   9, 0, 2;0,  0;0,  0> +
        ( 0.000752,-0.000118)|  10, 1, 0;0,  0;0,  0> +
        ( 0.000224, 0.000589)|   7, 3, 1;0,  0;0,  0> +
        (-0.000014, 0.000621)|  16, 3, 3;0,  0;0,  0> +
         ...
 |24> = ( 0.598985,-0.050211)|  22, 0, 0;0,  0;0,  0> +
        ( 0.328891,-0.088108)|  28, 2, 2;0,  0;0,  0> +
        ( 0.143547, 0.240144)|  15, 1, 2;0,  0;0,  0> +
        ( 0.024127,-0.265556)|  15, 0, 3;0,  0;0,  0> +
        (-0.254514, 0.032358)|  30, 1, 3;0,  0;0,  0> +
        (-0.214834,-0.010640)|  23, 2, 2;0,  0;0,  0> +
        (-0.089204,-0.173830)|  15, 3, 0;0,  0;0,  0> +
        (-0.189274,-0.027328)|  17, 0, 2;0,  0;0,  0> +
        (-0.173565,-0.075576)|  19, 3, 2;0,  0;0,  0> +
        ( 0.064851, 0.169340)|  16, 2, 1;0,  0;0,  0> +
        ( 0.077824, 0.154437)|  30, 3, 1;0,  0;0,  0> +
        ( 0.163823, 0.029954)|  16, 0, 3;0,  0;0,  0> +
        (-0.070049, 0.123870)|  16, 3, 0;0,  0;0,  0> +
        ( 0.098809, 0.003615)|  17, 1, 1;0,  0;0,  0> +
        ( 0.074425, 0.019429)|  16, 1, 2;0,  0;0,  0> +
        (-0.061196, 0.045082)|  26, 2, 2;0,  0;0,  0> +
        ( 0.030842,-0.061109)|  18, 0, 1;0,  0;0,  0> +
        ( 0.061602,-0.016082)|  19, 2, 3;0,  0;0,  0> +
        ( 0.040830,-0.041731)|  29, 3, 1;0,  0;0,  0> +
        (-0.052460,-0.016135)|  29, 1, 3;0,  0;0,  0> +
        (-0.017593,-0.034953)|  24, 2, 2;0,  0;0,  0> +
        ( 0.000973,-0.030614)|  18, 1, 0;0,  0;0,  0> +
        ( 0.006689,-0.017823)|  18, 2, 3;0,  0;0,  0> +
        ( 0.011856, 0.012797)|  27, 3, 1;0,  0;0,  0> +
        (-0.002152,-0.007537)|  27, 1, 3;0,  0;0,  0> +
        (-0.004034, 0.003400)|  14, 2, 1;0,  0;0,  0> +
        (-0.004405,-0.001673)|  14, 3, 0;0,  0;0,  0> +
        ( 0.001510, 0.003918)|  20, 2, 3;0,  0;0,  0> +
        ( 0.002009,-0.001740)|  22, 2, 2;0,  0;0,  0> +
        ( 0.001294, 0.002036)|  17, 2, 0;0,  0;0,  0> +
        (-0.001244,-0.002063)|  17, 0, 1;0,  0;0,  0> +
        (-0.000547,-0.001313)|  18, 1, 1;0,  0;0,  0> +
        (-0.000662, 0.001003)|  25, 2, 2;0,  0;0,  0> +
        (-0.000324,-0.001099)|  31, 1, 3;0,  0;0,  0> +
        (-0.000749, 0.000225)|  16, 1, 1;0,  0;0,  0> +
        (-0.000221,-0.000602)|  14, 1, 2;0,  0;0,  0> +
        ( 0.000287, 0.000541)|  15, 2, 1;0,  0;0,  0> +
        ( 0.000074, 0.000469)|  14, 0, 3;0,  0;0,  0> +
        (-0.000104,-0.000423)|  20, 3, 2;0,  0;0,  0> +
        (-0.000375,-0.000004)|  25, 3, 1;0,  0;0,  0> +
        (-0.000247,-0.000281)|  26, 1, 3;0,  0;0,  0> +
        (-0.000097,-0.000319)|  28, 1, 3;0,  0;0,  0> +
        (-0.000313,-0.000058)|  25, 1, 3;0,  0;0,  0> +
         ...
