p1224
# Parameters of the model
#  mass:		     25.30 u
#  charge:	      1.00 e
#  dipole:	      3.00 D
#  B:		 191477.00 MHz
#  omega_rho:	      1.40 MHz
#  omega_z:	      0.11 MHz

# Basis truncation:	|34,4,4;2,2>
# omega_1:	      0.19 MHz
# omega_3/5:	      1.40 MHz
# Basis size:		44064

# Active terms of the Hamiltionian:
# 	Nomal modes:	1
# 	T_rot:      	1
# 	V_qd^{(0)}: 	1
# 	V_qd^{(1)}: 	1
# 	V_dd^{(0)}: 	1

# Results of the diagonalisation

# 100 smallest eigenvalues
 -464.736694336 -371.995452881 -325.620574951 -297.964813232 -281.448974609 -267.654876709 -247.367492676 -245.129592896 -232.908843994 -223.676620483 -209.822357178 -209.657745361 -206.164733887 -200.857315063 -197.532516479 -191.906677246 -189.713699341 -182.241287231 -180.560150146 -174.588867188 -169.176681519 -168.445297241 -168.125564575 -167.682983398 -167.003524780 -165.071670532 -161.998260498 -154.573791504 -153.308776855 -151.895446777 -145.636444092 -142.874542236 -136.768630981 -136.084564209 -135.785125732 -135.479690552 -129.194427490 -128.486984253 -128.098907471 -123.508819580 -120.705772400 -120.199111938 -117.897789001 -116.108505249 -115.422821045 -114.836845398 -113.517333984 -111.801605225 -111.468925476 -108.888427734 -101.922691345 -101.620643616 -98.893867493 -98.430603027 -98.024200439 -96.403396606 -95.339080811 -95.334175110 -90.964950562 -90.073493958 -86.960319519 -84.652259827 -84.592453003 -84.458297729 -84.370056152 -83.793655396 -83.629325867 -83.567970276 -83.057952881 -82.675872803 -82.084434509 -80.298797607 -78.939247131 -77.252388000 -76.106445312 -73.365737915 -72.254402161 -69.481391907 -69.294349670 -68.972984314 -68.241638184 -67.847946167 -67.024833679 -66.977188110 -66.400619507 -65.822135925 -64.402137756 -62.492355347 -61.216640472 -60.992137909 -59.780330658 -59.483634949 -58.309833527 -58.193172455 -56.919597626 -56.363132477 -55.814365387 -52.621681213 -51.358928680 -50.933444977

# Ground state and the lowest excitations:
 | 0> = (-0.839110,-0.146944)|  31, 2, 1;0,  0;0,  0> +
        ( 0.264691,-0.207975)|  33, 3, 0;0,  0;0,  0> +
        (-0.003330, 0.265263)|  30, 2, 1;0,  0;0,  0> +
        ( 0.108556,-0.142250)|  31, 0, 1;0,  0;0,  0> +
        (-0.108728,-0.029823)|  31, 1, 0;0,  0;0,  0> +
        ( 0.053644, 0.088481)|  31, 0, 3;0,  0;0,  0> +
        ( 0.008296, 0.096775)|  28, 0, 3;0,  0;0,  0> +
        ( 0.069379,-0.060288)|  32, 0, 3;0,  0;0,  0> +
        (-0.054975, 0.053793)|  32, 1, 0;0,  0;0,  0> +
        (-0.069352, 0.008344)|  33, 2, 1;0,  0;0,  0> +
        ( 0.040082,-0.025019)|  32, 2, 1;0,  0;0,  0> +
        (-0.022420, 0.021132)|  33, 1, 2;0,  0;0,  0> +
        ( 0.023264,-0.009865)|  31, 3, 0;0,  0;0,  0> +
        ( 0.004570, 0.023819)|  33, 0, 3;0,  0;0,  0> +
        ( 0.008864, 0.021933)|  31, 1, 2;0,  0;0,  0> +
        (-0.015915,-0.008610)|  26, 2, 1;0,  0;0,  0> +
        ( 0.015738, 0.003880)|  32, 0, 1;0,  0;0,  0> +
        ( 0.011344, 0.010521)|  29, 1, 2;0,  0;0,  0> +
        (-0.011786,-0.007570)|  30, 0, 3;0,  0;0,  0> +
        ( 0.012895,-0.000176)|  32, 3, 0;0,  0;0,  0> +
        (-0.005679, 0.009719)|  26, 0, 3;0,  0;0,  0> +
        (-0.009211,-0.002612)|  27, 0, 3;0,  0;0,  0> +
        (-0.002538,-0.008533)|  28, 2, 1;0,  0;0,  0> +
        ( 0.002859,-0.003321)|  29, 0, 3;0,  0;0,  0> +
        (-0.002062,-0.002214)|  30, 0, 1;0,  0;0,  0> +
        ( 0.001402,-0.002510)|  27, 1, 2;0,  0;0,  0> +
        ( 0.001786,-0.000716)|  30, 1, 0;0,  0;0,  0> +
        ( 0.000781,-0.001749)|  32, 1, 2;0,  0;0,  0> +
        (-0.000658,-0.001596)|  28, 3, 0;0,  0;0,  0> +
        ( 0.001043, 0.000147)|  29, 2, 1;0,  0;0,  0> +
        (-0.000878,-0.000173)|  27, 3, 0;0,  0;0,  0> +
        (-0.000328,-0.000747)|  29, 0, 1;0,  0;0,  0> +
        (-0.000476, 0.000277)|  29, 1, 0;0,  0;0,  0> +
        (-0.000109,-0.000516)|  30, 3, 0;0,  0;0,  0> +
         ...
 | 1> = (-0.207278,-0.861943)|  33, 0, 3;0,  0;0,  0> +
        (-0.327655,-0.254948)|  32, 2, 1;0,  0;0,  0> +
        (-0.070108,-0.131509)|  33, 2, 1;0,  0;0,  0> +
        (-0.026273, 0.077802)|  33, 1, 2;0,  0;0,  0> +
        ( 0.044753,-0.039164)|  32, 0, 3;0,  0;0,  0> +
        (-0.055952,-0.011202)|  33, 0, 1;0,  0;0,  0> +
        ( 0.021598, 0.045860)|  30, 2, 1;0,  0;0,  0> +
        ( 0.032871, 0.007013)|  33, 1, 0;0,  0;0,  0> +
        (-0.030456,-0.009522)|  32, 0, 1;0,  0;0,  0> +
        ( 0.016900, 0.018830)|  33, 3, 0;0,  0;0,  0> +
        ( 0.010448, 0.009016)|  31, 1, 0;0,  0;0,  0> +
        (-0.006173,-0.011407)|  31, 2, 1;0,  0;0,  0> +
        ( 0.008645,-0.006475)|  28, 0, 3;0,  0;0,  0> +
        (-0.008114,-0.004952)|  31, 0, 1;0,  0;0,  0> +
        (-0.007919, 0.003709)|  31, 0, 3;0,  0;0,  0> +
        (-0.000906, 0.001121)|  27, 1, 2;0,  0;0,  0> +
        ( 0.000610,-0.000143)|  28, 2, 1;0,  0;0,  0> +
        (-0.000557, 0.000202)|  31, 1, 2;0,  0;0,  0> +
        (-0.000477, 0.000007)|  29, 1, 2;0,  0;0,  0> +
        ( 0.000039, 0.000358)|  32, 3, 0;0,  0;0,  0> +
        (-0.000200,-0.000267)|  26, 0, 3;0,  0;0,  0> +
         ...
 | 2> = ( 0.048471,-0.654376)|  33, 0, 0;0,  0;0,  0> +
        (-0.132313, 0.593696)|  26, 1, 2;0,  0;0,  0> +
        ( 0.257824, 0.047348)|  24, 0, 3;0,  0;0,  0> +
        ( 0.165954,-0.131869)|  33, 3, 2;0,  0;0,  0> +
        ( 0.154946, 0.064805)|  26, 3, 0;0,  0;0,  0> +
        ( 0.115812,-0.086153)|  32, 2, 0;0,  0;0,  0> +
        ( 0.058510,-0.073172)|  32, 0, 2;0,  0;0,  0> +
        ( 0.045525,-0.079538)|  32, 2, 3;0,  0;0,  0> +
        (-0.064885, 0.024045)|  25, 1, 2;0,  0;0,  0> +
        (-0.036640, 0.050614)|  31, 0, 2;0,  0;0,  0> +
        ( 0.050096, 0.017788)|  29, 0, 2;0,  0;0,  0> +
        (-0.013061, 0.042989)|  24, 2, 1;0,  0;0,  0> +
        (-0.007446,-0.042898)|  33, 2, 0;0,  0;0,  0> +
        (-0.009048, 0.025761)|  28, 1, 2;0,  0;0,  0> +
        (-0.024850, 0.011001)|  30, 2, 0;0,  0;0,  0> +
        ( 0.013407,-0.019344)|  27, 2, 0;0,  0;0,  0> +
        (-0.018260, 0.005168)|  25, 3, 0;0,  0;0,  0> +
        (-0.018360,-0.001874)|  31, 2, 0;0,  0;0,  0> +
        (-0.011038,-0.014073)|  27, 2, 1;0,  0;0,  0> +
        ( 0.013092,-0.009831)|  25, 0, 3;0,  0;0,  0> +
        ( 0.003273, 0.013838)|  25, 2, 1;0,  0;0,  0> +
        ( 0.005929,-0.012655)|  27, 1, 0;0,  0;0,  0> +
        (-0.007435,-0.007631)|  30, 1, 2;0,  0;0,  0> +
        ( 0.007410,-0.006997)|  33, 0, 2;0,  0;0,  0> +
        ( 0.001702,-0.010039)|  26, 0, 2;0,  0;0,  0> +
        ( 0.004527, 0.004194)|  33, 2, 3;0,  0;0,  0> +
        ( 0.004252, 0.003192)|  26, 1, 0;0,  0;0,  0> +
        ( 0.000108, 0.004548)|  27, 0, 1;0,  0;0,  0> +
        ( 0.002626, 0.002692)|  28, 0, 1;0,  0;0,  0> +
        ( 0.002201,-0.001654)|  29, 2, 0;0,  0;0,  0> +
        (-0.000040, 0.002174)|  28, 2, 0;0,  0;0,  0> +
        (-0.001087, 0.000489)|  29, 2, 1;0,  0;0,  0> +
        (-0.000013,-0.001162)|  30, 3, 0;0,  0;0,  0> +
        ( 0.000743,-0.000608)|  26, 0, 1;0,  0;0,  0> +
        ( 0.000900,-0.000151)|  24, 1, 2;0,  0;0,  0> +
        ( 0.000272,-0.000603)|  28, 0, 2;0,  0;0,  0> +
        ( 0.000640,-0.000114)|  29, 1, 0;0,  0;0,  0> +
        ( 0.000424, 0.000408)|  28, 3, 0;0,  0;0,  0> +
        (-0.000582, 0.000056)|  27, 3, 0;0,  0;0,  0> +
        ( 0.000165, 0.000437)|  32, 1, 1;0,  0;0,  0> +
        ( 0.000081,-0.000368)|  27, 0, 3;0,  0;0,  0> +
        (-0.000357, 0.000031)|  29, 0, 3;0,  0;0,  0> +
         ...
 | 3> = (-0.352616,-0.139719)|  31, 0, 2;0,  0;0,  0> +
        (-0.222049, 0.290628)|  29, 0, 2;0,  0;0,  0> +
        ( 0.284703,-0.228364)|  33, 3, 2;0,  0;0,  0> +
        (-0.295620,-0.183670)|  24, 2, 1;0,  0;0,  0> +
        ( 0.042694,-0.323549)|  26, 1, 2;0,  0;0,  0> +
        (-0.156488, 0.260838)|  32, 2, 3;0,  0;0,  0> +
        ( 0.073661,-0.286749)|  26, 3, 0;0,  0;0,  0> +
        ( 0.044257,-0.236202)|  33, 0, 0;0,  0;0,  0> +
        ( 0.223649, 0.057261)|  27, 2, 0;0,  0;0,  0> +
        ( 0.005983,-0.157355)|  24, 0, 3;0,  0;0,  0> +
        (-0.132876,-0.012609)|  25, 3, 0;0,  0;0,  0> +
        ( 0.029931,-0.092561)|  32, 0, 2;0,  0;0,  0> +
        ( 0.076447,-0.005768)|  27, 1, 0;0,  0;0,  0> +
        ( 0.047323, 0.020441)|  26, 0, 2;0,  0;0,  0> +
        (-0.042370,-0.019711)|  32, 2, 0;0,  0;0,  0> +
        ( 0.011575,-0.038815)|  27, 0, 1;0,  0;0,  0> +
        (-0.014725, 0.033937)|  26, 1, 0;0,  0;0,  0> +
        (-0.001201, 0.036326)|  28, 2, 0;0,  0;0,  0> +
        (-0.000657, 0.035708)|  33, 0, 2;0,  0;0,  0> +
        (-0.007986,-0.027106)|  33, 2, 3;0,  0;0,  0> +
        (-0.013029, 0.014631)|  25, 0, 3;0,  0;0,  0> +
        ( 0.013298, 0.011729)|  29, 2, 0;0,  0;0,  0> +
        ( 0.000519,-0.011580)|  25, 1, 2;0,  0;0,  0> +
        ( 0.008916,-0.002288)|  30, 2, 0;0,  0;0,  0> +
        ( 0.002228, 0.006488)|  24, 1, 2;0,  0;0,  0> +
        ( 0.004853, 0.002981)|  26, 0, 1;0,  0;0,  0> +
        (-0.003584, 0.002889)|  32, 1, 1;0,  0;0,  0> +
        ( 0.003964, 0.002208)|  28, 0, 2;0,  0;0,  0> +
        ( 0.004271, 0.000613)|  30, 1, 2;0,  0;0,  0> +
        ( 0.000674, 0.004171)|  28, 1, 2;0,  0;0,  0> +
        (-0.001845, 0.001729)|  23, 2, 1;0,  0;0,  0> +
        ( 0.001568,-0.001943)|  31, 2, 0;0,  0;0,  0> +
        (-0.000306, 0.002302)|  30, 0, 2;0,  0;0,  0> +
        (-0.000502, 0.001966)|  24, 3, 0;0,  0;0,  0> +
        (-0.000756,-0.001488)|  33, 2, 0;0,  0;0,  0> +
        ( 0.001615, 0.000394)|  26, 2, 0;0,  0;0,  0> +
        (-0.001632, 0.000114)|  25, 2, 1;0,  0;0,  0> +
        (-0.000354, 0.001288)|  27, 0, 2;0,  0;0,  0> +
        (-0.001104,-0.000078)|  31, 2, 3;0,  0;0,  0> +
        (-0.000607, 0.000716)|  27, 2, 1;0,  0;0,  0> +
        (-0.000266, 0.000640)|  29, 2, 1;0,  0;0,  0> +
        (-0.000634, 0.000203)|  22, 2, 1;0,  0;0,  0> +
        ( 0.000389,-0.000510)|  30, 1, 1;0,  0;0,  0> +
        (-0.000586,-0.000181)|  32, 3, 2;0,  0;0,  0> +
        (-0.000449, 0.000297)|  29, 1, 1;0,  0;0,  0> +
        (-0.000097, 0.000514)|  23, 0, 3;0,  0;0,  0> +
        ( 0.000079, 0.000501)|  31, 1, 1;0,  0;0,  0> +
        (-0.000220, 0.000442)|  33, 1, 1;0,  0;0,  0> +
        (-0.000319,-0.000113)|  28, 3, 0;0,  0;0,  0> +
         ...
 | 4> = (-0.327996,-0.650753)|  31, 0, 3;0,  0;0,  0> +
        ( 0.370884, 0.067131)|  27, 1, 2;0,  0;0,  0> +
        ( 0.122529,-0.346629)|  30, 1, 0;0,  0;0,  0> +
        ( 0.301058,-0.205439)|  30, 0, 1;0,  0;0,  0> +
        ( 0.089665,-0.070677)|  29, 1, 2;0,  0;0,  0> +
        ( 0.037311, 0.103974)|  26, 2, 1;0,  0;0,  0> +
        ( 0.084292,-0.028238)|  33, 3, 0;0,  0;0,  0> +
        (-0.040268, 0.056999)|  27, 0, 3;0,  0;0,  0> +
        ( 0.063841, 0.020299)|  26, 0, 3;0,  0;0,  0> +
        (-0.056947, 0.002778)|  30, 0, 3;0,  0;0,  0> +
        ( 0.026890,-0.048643)|  31, 3, 0;0,  0;0,  0> +
        (-0.043657,-0.014554)|  31, 2, 1;0,  0;0,  0> +
        (-0.039665,-0.021056)|  32, 3, 0;0,  0;0,  0> +
        (-0.033264,-0.025065)|  31, 1, 0;0,  0;0,  0> +
        (-0.023850,-0.021488)|  29, 0, 3;0,  0;0,  0> +
        (-0.019051, 0.019978)|  28, 2, 1;0,  0;0,  0> +
        ( 0.005044,-0.022384)|  31, 0, 1;0,  0;0,  0> +
        ( 0.020067,-0.006171)|  30, 2, 1;0,  0;0,  0> +
        ( 0.005811, 0.015054)|  33, 1, 2;0,  0;0,  0> +
        (-0.010666, 0.011769)|  32, 1, 0;0,  0;0,  0> +
        (-0.003513, 0.013884)|  32, 2, 1;0,  0;0,  0> +
        (-0.010027,-0.008045)|  33, 2, 1;0,  0;0,  0> +
        (-0.010666,-0.000932)|  28, 3, 0;0,  0;0,  0> +
        (-0.009559,-0.004030)|  31, 1, 2;0,  0;0,  0> +
        ( 0.008952,-0.003172)|  29, 3, 0;0,  0;0,  0> +
        (-0.006964, 0.004577)|  27, 3, 0;0,  0;0,  0> +
        ( 0.004432,-0.003331)|  29, 2, 1;0,  0;0,  0> +
        ( 0.004455,-0.002666)|  28, 0, 3;0,  0;0,  0> +
        ( 0.005150, 0.000188)|  33, 0, 3;0,  0;0,  0> +
        (-0.001547,-0.004793)|  32, 1, 2;0,  0;0,  0> +
        ( 0.001473, 0.003094)|  29, 1, 0;0,  0;0,  0> +
        (-0.001359, 0.002562)|  29, 0, 1;0,  0;0,  0> +
        ( 0.001092,-0.001802)|  30, 3, 0;0,  0;0,  0> +
        ( 0.000666, 0.000414)|  30, 1, 2;0,  0;0,  0> +
        (-0.000481,-0.000437)|  33, 2, 0;0,  0;0,  0> +
        (-0.000050, 0.000573)|  25, 0, 3;0,  0;0,  0> +
        ( 0.000400, 0.000316)|  25, 2, 1;0,  0;0,  0> +
        (-0.000339,-0.000280)|  33, 0, 2;0,  0;0,  0> +
        (-0.000235, 0.000259)|  32, 2, 0;0,  0;0,  0> +
        ( 0.000236, 0.000253)|  27, 2, 1;0,  0;0,  0> +
         ...
 | 5> = (-0.786565, 0.028826)|  28, 1, 0;0,  0;0,  0> +
        ( 0.379143,-0.137700)|  29, 2, 1;0,  0;0,  0> +
        (-0.248238,-0.025707)|  27, 3, 0;0,  0;0,  0> +
        ( 0.242504,-0.035105)|  29, 3, 0;0,  0;0,  0> +
        (-0.085409,-0.188517)|  30, 3, 0;0,  0;0,  0> +
        ( 0.047722, 0.122053)|  25, 2, 1;0,  0;0,  0> +
        ( 0.118862, 0.017767)|  28, 3, 0;0,  0;0,  0> +
        (-0.072445, 0.014241)|  29, 1, 0;0,  0;0,  0> +
        (-0.009782, 0.061602)|  32, 1, 2;0,  0;0,  0> +
        ( 0.037676, 0.033859)|  30, 1, 2;0,  0;0,  0> +
        (-0.036586, 0.032732)|  33, 2, 0;0,  0;0,  0> +
        ( 0.031827,-0.005498)|  32, 3, 0;0,  0;0,  0> +
        (-0.026747, 0.007673)|  33, 0, 2;0,  0;0,  0> +
        (-0.026808, 0.004254)|  29, 1, 2;0,  0;0,  0> +
        (-0.001819, 0.024377)|  30, 0, 3;0,  0;0,  0> +
        ( 0.004634, 0.023689)|  32, 2, 0;0,  0;0,  0> +
        (-0.011998,-0.020095)|  25, 1, 2;0,  0;0,  0> +
        ( 0.020829,-0.003693)|  29, 0, 3;0,  0;0,  0> +
        ( 0.016199, 0.010374)|  25, 0, 3;0,  0;0,  0> +
        ( 0.015349,-0.010988)|  27, 0, 3;0,  0;0,  0> +
        ( 0.015160, 0.007292)|  27, 2, 1;0,  0;0,  0> +
        (-0.004420, 0.015147)|  31, 1, 2;0,  0;0,  0> +
        (-0.005405, 0.012218)|  30, 2, 0;0,  0;0,  0> +
        (-0.002203,-0.011700)|  29, 0, 1;0,  0;0,  0> +
        (-0.007946, 0.000928)|  31, 3, 0;0,  0;0,  0> +
        (-0.007827, 0.000216)|  28, 0, 1;0,  0;0,  0> +
        (-0.007450,-0.000895)|  28, 2, 1;0,  0;0,  0> +
        ( 0.002907,-0.005830)|  31, 2, 0;0,  0;0,  0> +
        ( 0.004831,-0.001753)|  28, 1, 2;0,  0;0,  0> +
        ( 0.004492,-0.002331)|  26, 0, 3;0,  0;0,  0> +
        ( 0.003260,-0.002936)|  30, 0, 1;0,  0;0,  0> +
        ( 0.003775,-0.000930)|  26, 3, 0;0,  0;0,  0> +
        (-0.002009,-0.003046)|  26, 2, 1;0,  0;0,  0> +
        ( 0.003562, 0.000749)|  26, 1, 2;0,  0;0,  0> +
        (-0.000207,-0.002502)|  27, 1, 2;0,  0;0,  0> +
        ( 0.002321, 0.000670)|  24, 0, 3;0,  0;0,  0> +
        ( 0.000184, 0.002326)|  30, 1, 0;0,  0;0,  0> +
        (-0.001995,-0.000495)|  27, 0, 1;0,  0;0,  0> +
        (-0.001155, 0.001461)|  24, 2, 1;0,  0;0,  0> +
        ( 0.000511, 0.001710)|  29, 0, 2;0,  0;0,  0> +
        ( 0.001135,-0.001260)|  31, 0, 3;0,  0;0,  0> +
        ( 0.000874, 0.001206)|  31, 0, 2;0,  0;0,  0> +
        ( 0.000740, 0.000914)|  27, 1, 0;0,  0;0,  0> +
        (-0.000825,-0.000091)|  32, 0, 2;0,  0;0,  0> +
        (-0.000030, 0.000749)|  25, 3, 0;0,  0;0,  0> +
        ( 0.000636, 0.000172)|  31, 2, 1;0,  0;0,  0> +
        ( 0.000477,-0.000336)|  27, 2, 0;0,  0;0,  0> +
        (-0.000228, 0.000232)|  33, 2, 3;0,  0;0,  0> +
         ...
 | 6> = ( 0.398145,-0.440389)|  15, 3, 0;0,  0;0,  0> +
        (-0.393960, 0.382137)|  16, 1, 2;0,  0;0,  0> +
        ( 0.366468, 0.149739)|  19, 0, 2;0,  0;0,  0> +
        (-0.216617, 0.103084)|  14, 1, 2;0,  0;0,  0> +
        ( 0.084551,-0.186582)|  24, 3, 1;0,  0;0,  0> +
        (-0.188012, 0.023443)|  15, 0, 3;0,  0;0,  0> +
        ( 0.006347, 0.105832)|  31, 3, 3;0,  0;0,  0> +
        ( 0.084213, 0.044599)|  24, 0, 0;0,  0;0,  0> +
        ( 0.087924, 0.033869)|  23, 3, 1;0,  0;0,  0> +
        (-0.001654,-0.080236)|  21, 2, 2;0,  0;0,  0> +
        ( 0.005438, 0.073380)|  24, 1, 3;0,  0;0,  0> +
        ( 0.023033,-0.052179)|  32, 3, 3;0,  0;0,  0> +
        (-0.053191,-0.019514)|  18, 1, 0;0,  0;0,  0> +
        ( 0.043833, 0.025565)|  23, 1, 3;0,  0;0,  0> +
        ( 0.036499,-0.002562)|  20, 2, 3;0,  0;0,  0> +
        (-0.004879, 0.029040)|  16, 3, 0;0,  0;0,  0> +
        ( 0.000102,-0.021127)|  15, 2, 1;0,  0;0,  0> +
        ( 0.000068, 0.019448)|  22, 2, 2;0,  0;0,  0> +
        ( 0.001796, 0.012322)|  18, 2, 0;0,  0;0,  0> +
        (-0.010139, 0.007130)|  19, 0, 1;0,  0;0,  0> +
        ( 0.011544,-0.004280)|  15, 1, 2;0,  0;0,  0> +
        ( 0.006653, 0.009719)|  14, 0, 3;0,  0;0,  0> +
        (-0.009749,-0.004768)|  19, 1, 0;0,  0;0,  0> +
        (-0.010547, 0.001241)|  18, 0, 2;0,  0;0,  0> +
        ( 0.009783, 0.002053)|  25, 1, 3;0,  0;0,  0> +
        (-0.003145,-0.004918)|  19, 2, 0;0,  0;0,  0> +
        (-0.005006,-0.000491)|  13, 1, 2;0,  0;0,  0> +
        ( 0.004927, 0.000234)|  21, 2, 3;0,  0;0,  0> +
        (-0.002630, 0.002934)|  20, 2, 2;0,  0;0,  0> +
        ( 0.001745, 0.002123)|  17, 1, 1;0,  0;0,  0> +
        (-0.001142,-0.001659)|  14, 3, 0;0,  0;0,  0> +
        ( 0.001639, 0.001066)|  16, 2, 1;0,  0;0,  0> +
        ( 0.000422,-0.001777)|  20, 3, 2;0,  0;0,  0> +
        ( 0.000388,-0.001693)|  18, 0, 1;0,  0;0,  0> +
        (-0.001360,-0.000734)|  14, 2, 1;0,  0;0,  0> +
        ( 0.001187,-0.000279)|  22, 1, 3;0,  0;0,  0> +
        ( 0.000290,-0.001071)|  26, 3, 1;0,  0;0,  0> +
        (-0.000086, 0.000935)|  17, 3, 0;0,  0;0,  0> +
        (-0.000091,-0.000818)|  19, 2, 2;0,  0;0,  0> +
        (-0.000612, 0.000444)|  19, 3, 2;0,  0;0,  0> +
        ( 0.000662, 0.000054)|  16, 1, 1;0,  0;0,  0> +
        (-0.000575, 0.000313)|  23, 0, 0;0,  0;0,  0> +
        (-0.000563, 0.000119)|  19, 2, 3;0,  0;0,  0> +
        ( 0.000513, 0.000001)|  18, 2, 2;0,  0;0,  0> +
        (-0.000102,-0.000420)|  25, 3, 1;0,  0;0,  0> +
        ( 0.000306, 0.000193)|  22, 3, 1;0,  0;0,  0> +
        (-0.000329, 0.000054)|  30, 3, 3;0,  0;0,  0> +
         ...
 | 7> = ( 0.502976, 0.345896)|  28, 1, 3;0,  0;0,  0> +
        ( 0.233422, 0.448548)|  18, 1, 2;0,  0;0,  0> +
        (-0.056141,-0.361725)|  27, 1, 3;0,  0;0,  0> +
        (-0.156680, 0.215442)|  20, 1, 0;0,  0;0,  0> +
        ( 0.133454,-0.178250)|  18, 3, 0;0,  0;0,  0> +
        (-0.162473,-0.140426)|  27, 3, 1;0,  0;0,  0> +
        ( 0.175717,-0.078148)|  17, 2, 1;0,  0;0,  0> +
        ( 0.083088,-0.011151)|  20, 0, 2;0,  0;0,  0> +
        ( 0.027881,-0.076801)|  17, 1, 2;0,  0;0,  0> +
        (-0.071901,-0.016778)|  24, 2, 2;0,  0;0,  0> +
        ( 0.061319,-0.014346)|  17, 0, 3;0,  0;0,  0> +
        ( 0.058243, 0.011145)|  29, 3, 1;0,  0;0,  0> +
        ( 0.022197,-0.035259)|  23, 2, 2;0,  0;0,  0> +
        (-0.029810, 0.009333)|  22, 2, 3;0,  0;0,  0> +
        (-0.025859,-0.015632)|  16, 0, 3;0,  0;0,  0> +
        (-0.009381, 0.027251)|  16, 2, 1;0,  0;0,  0> +
        ( 0.008724, 0.025923)|  26, 0, 0;0,  0;0,  0> +
        (-0.026294,-0.001197)|  19, 1, 1;0,  0;0,  0> +
        ( 0.021839, 0.010488)|  17, 3, 0;0,  0;0,  0> +
        (-0.001828,-0.020173)|  25, 3, 1;0,  0;0,  0> +
        (-0.010161, 0.008039)|  20, 2, 0;0,  0;0,  0> +
        (-0.001112, 0.010831)|  18, 1, 1;0,  0;0,  0> +
        (-0.008456, 0.001403)|  21, 0, 2;0,  0;0,  0> +
        (-0.002810,-0.005418)|  28, 3, 1;0,  0;0,  0> +
        (-0.000760,-0.005575)|  23, 3, 2;0,  0;0,  0> +
        ( 0.005403,-0.000103)|  20, 0, 1;0,  0;0,  0> +
        (-0.000432,-0.004987)|  26, 1, 3;0,  0;0,  0> +
        ( 0.002614, 0.001829)|  22, 3, 2;0,  0;0,  0> +
        ( 0.001655, 0.001903)|  21, 3, 2;0,  0;0,  0> +
        (-0.001155,-0.001974)|  25, 1, 3;0,  0;0,  0> +
        ( 0.001870, 0.000799)|  21, 2, 0;0,  0;0,  0> +
        ( 0.001370, 0.000972)|  26, 2, 2;0,  0;0,  0> +
        (-0.001275,-0.000816)|  25, 0, 0;0,  0;0,  0> +
        ( 0.000576,-0.000831)|  29, 1, 3;0,  0;0,  0> +
        ( 0.000815, 0.000074)|  16, 3, 0;0,  0;0,  0> +
        ( 0.000427, 0.000610)|  19, 3, 0;0,  0;0,  0> +
        ( 0.000028,-0.000728)|  26, 3, 1;0,  0;0,  0> +
        ( 0.000225,-0.000564)|  30, 1, 3;0,  0;0,  0> +
        (-0.000559, 0.000195)|  18, 0, 3;0,  0;0,  0> +
        (-0.000149,-0.000519)|  23, 2, 3;0,  0;0,  0> +
        ( 0.000322, 0.000332)|  19, 0, 1;0,  0;0,  0> +
        ( 0.000019, 0.000419)|  20, 2, 3;0,  0;0,  0> +
        (-0.000110, 0.000371)|  30, 3, 1;0,  0;0,  0> +
        (-0.000028,-0.000362)|  21, 2, 3;0,  0;0,  0> +
        ( 0.000214,-0.000273)|  19, 2, 0;0,  0;0,  0> +
        ( 0.000102, 0.000306)|  22, 2, 2;0,  0;0,  0> +
         ...
 | 8> = (-0.171516, 0.465752)|  14, 2, 1;0,  0;0,  0> +
        (-0.419427, 0.211438)|  17, 0, 1;0,  0;0,  0> +
        (-0.427456,-0.070060)|  21, 1, 3;0,  0;0,  0> +
        (-0.100768, 0.254340)|  14, 3, 0;0,  0;0,  0> +
        (-0.055640,-0.240729)|  18, 2, 2;0,  0;0,  0> +
        ( 0.175046, 0.142272)|  17, 1, 0;0,  0;0,  0> +
        ( 0.195914,-0.060078)|  21, 3, 1;0,  0;0,  0> +
        ( 0.085422,-0.163060)|  13, 0, 3;0,  0;0,  0> +
        ( 0.148020,-0.082378)|  19, 2, 2;0,  0;0,  0> +
        (-0.118342, 0.120924)|  18, 2, 3;0,  0;0,  0> +
        (-0.033149,-0.106367)|  17, 0, 2;0,  0;0,  0> +
        (-0.019143,-0.062767)|  13, 2, 1;0,  0;0,  0> +
        ( 0.020736,-0.040554)|  19, 2, 3;0,  0;0,  0> +
        (-0.000511, 0.038295)|  28, 3, 3;0,  0;0,  0> +
        ( 0.029085, 0.020021)|  16, 1, 1;0,  0;0,  0> +
        ( 0.020037, 0.025185)|  15, 1, 2;0,  0;0,  0> +
        ( 0.027766,-0.008899)|  22, 3, 1;0,  0;0,  0> +
        (-0.013099, 0.019792)|  13, 3, 0;0,  0;0,  0> +
        (-0.003140,-0.019986)|  22, 1, 3;0,  0;0,  0> +
        ( 0.004476, 0.019472)|  22, 0, 0;0,  0;0,  0> +
        (-0.014499,-0.012244)|  17, 2, 0;0,  0;0,  0> +
        (-0.006394,-0.007661)|  13, 1, 2;0,  0;0,  0> +
        (-0.007778, 0.002554)|  14, 0, 3;0,  0;0,  0> +
        (-0.000031,-0.005858)|  29, 3, 3;0,  0;0,  0> +
        ( 0.001388,-0.005425)|  19, 3, 2;0,  0;0,  0> +
        ( 0.000728,-0.005466)|  18, 2, 0;0,  0;0,  0> +
        (-0.005199, 0.000756)|  18, 0, 2;0,  0;0,  0> +
        ( 0.001841,-0.000233)|  18, 3, 2;0,  0;0,  0> +
        ( 0.001697, 0.000513)|  17, 2, 2;0,  0;0,  0> +
        (-0.001277, 0.000723)|  27, 3, 3;0,  0;0,  0> +
        ( 0.001183, 0.000720)|  15, 3, 0;0,  0;0,  0> +
        (-0.001252, 0.000024)|  12, 2, 1;0,  0;0,  0> +
        ( 0.001090, 0.000602)|  20, 1, 3;0,  0;0,  0> +
        (-0.001130, 0.000380)|  23, 0, 0;0,  0;0,  0> +
        (-0.000701, 0.000250)|  14, 1, 2;0,  0;0,  0> +
        ( 0.000225, 0.000537)|  12, 3, 0;0,  0;0,  0> +
        ( 0.000123,-0.000324)|  20, 2, 2;0,  0;0,  0> +
         ...
 | 9> = ( 0.123826,-0.711207)|  32, 1, 2;0,  0;0,  0> +
        (-0.519509,-0.067716)|  28, 3, 0;0,  0;0,  0> +
        ( 0.252894,-0.178801)|  29, 0, 3;0,  0;0,  0> +
        ( 0.192188,-0.009506)|  29, 2, 1;0,  0;0,  0> +
        (-0.013597,-0.133836)|  30, 3, 0;0,  0;0,  0> +
        ( 0.002010, 0.130916)|  27, 3, 0;0,  0;0,  0> +
        (-0.117579,-0.031853)|  29, 1, 2;0,  0;0,  0> +
        (-0.065114,-0.003345)|  32, 3, 0;0,  0;0,  0> +
        (-0.010422,-0.061405)|  31, 1, 2;0,  0;0,  0> +
        (-0.053320, 0.021415)|  26, 0, 3;0,  0;0,  0> +
        ( 0.004987, 0.045926)|  25, 2, 1;0,  0;0,  0> +
        (-0.025873,-0.022913)|  29, 3, 0;0,  0;0,  0> +
        ( 0.010692,-0.029680)|  31, 2, 0;0,  0;0,  0> +
        ( 0.011717,-0.029285)|  27, 0, 3;0,  0;0,  0> +
        ( 0.014215, 0.020022)|  30, 1, 2;0,  0;0,  0> +
        (-0.024104, 0.000536)|  30, 0, 3;0,  0;0,  0> +
        ( 0.002698, 0.023831)|  25, 0, 3;0,  0;0,  0> +
        (-0.010448, 0.021298)|  29, 0, 1;0,  0;0,  0> +
        ( 0.013145, 0.017166)|  27, 2, 1;0,  0;0,  0> +
        (-0.002765, 0.019846)|  31, 3, 0;0,  0;0,  0> +
        (-0.017774, 0.000482)|  29, 1, 0;0,  0;0,  0> +
        (-0.013583,-0.009191)|  33, 0, 2;0,  0;0,  0> +
        ( 0.009834,-0.008837)|  30, 0, 1;0,  0;0,  0> +
        (-0.012189,-0.001506)|  32, 2, 0;0,  0;0,  0> +
        (-0.009807,-0.000621)|  25, 1, 2;0,  0;0,  0> +
        (-0.004245, 0.006676)|  33, 2, 0;0,  0;0,  0> +
        ( 0.001443, 0.007572)|  28, 1, 2;0,  0;0,  0> +
        ( 0.007074, 0.001682)|  28, 2, 1;0,  0;0,  0> +
        ( 0.000552, 0.006993)|  30, 1, 0;0,  0;0,  0> +
        (-0.001112,-0.006666)|  28, 1, 0;0,  0;0,  0> +
        ( 0.001590,-0.006026)|  27, 1, 2;0,  0;0,  0> +
        (-0.000892, 0.005443)|  30, 2, 0;0,  0;0,  0> +
        (-0.004816, 0.000688)|  26, 2, 1;0,  0;0,  0> +
        ( 0.001382,-0.002746)|  28, 0, 1;0,  0;0,  0> +
        (-0.001083, 0.002242)|  26, 1, 2;0,  0;0,  0> +
        ( 0.002223, 0.000599)|  26, 3, 0;0,  0;0,  0> +
        (-0.001769, 0.000737)|  24, 0, 3;0,  0;0,  0> +
        ( 0.000693, 0.001346)|  31, 0, 2;0,  0;0,  0> +
        (-0.000649, 0.001276)|  31, 0, 3;0,  0;0,  0> +
        (-0.001172, 0.000396)|  29, 0, 2;0,  0;0,  0> +
        ( 0.000115,-0.000891)|  24, 2, 1;0,  0;0,  0> +
        (-0.000108, 0.000719)|  31, 2, 1;0,  0;0,  0> +
        ( 0.000433,-0.000574)|  27, 0, 1;0,  0;0,  0> +
        (-0.000362, 0.000035)|  32, 0, 2;0,  0;0,  0> +
         ...
 |10> = (-0.401531,-0.443977)|  28, 0, 1;0,  0;0,  0> +
        (-0.569144, 0.111811)|  25, 0, 3;0,  0;0,  0> +
        ( 0.032075, 0.368548)|  27, 2, 1;0,  0;0,  0> +
        ( 0.152585,-0.118614)|  33, 2, 0;0,  0;0,  0> +
        ( 0.143942,-0.061936)|  33, 0, 2;0,  0;0,  0> +
        ( 0.004230, 0.142389)|  25, 2, 1;0,  0;0,  0> +
        ( 0.140820, 0.014615)|  27, 3, 0;0,  0;0,  0> +
        ( 0.011957, 0.114972)|  30, 3, 0;0,  0;0,  0> +
        ( 0.001301, 0.112254)|  25, 1, 2;0,  0;0,  0> +
        (-0.037854,-0.100373)|  30, 2, 0;0,  0;0,  0> +
        ( 0.014596,-0.095440)|  32, 2, 0;0,  0;0,  0> +
        ( 0.065258,-0.037576)|  29, 2, 1;0,  0;0,  0> +
        ( 0.066770,-0.033825)|  30, 1, 2;0,  0;0,  0> +
        (-0.009019, 0.051348)|  28, 1, 2;0,  0;0,  0> +
        (-0.035335, 0.017254)|  29, 0, 3;0,  0;0,  0> +
        (-0.036746, 0.003640)|  28, 1, 0;0,  0;0,  0> +
        (-0.013879, 0.017466)|  26, 3, 0;0,  0;0,  0> +
        (-0.018968,-0.005729)|  26, 1, 2;0,  0;0,  0> +
        (-0.003896,-0.015894)|  28, 3, 0;0,  0;0,  0> +
        ( 0.000011,-0.012540)|  29, 0, 2;0,  0;0,  0> +
        ( 0.007675,-0.007874)|  29, 3, 0;0,  0;0,  0> +
        (-0.005357,-0.008671)|  24, 0, 3;0,  0;0,  0> +
        ( 0.009123,-0.004216)|  24, 2, 1;0,  0;0,  0> +
        ( 0.006283, 0.006700)|  27, 0, 1;0,  0;0,  0> +
        ( 0.005016,-0.007664)|  27, 0, 3;0,  0;0,  0> +
        ( 0.005233,-0.007446)|  31, 2, 0;0,  0;0,  0> +
        ( 0.006288, 0.005703)|  29, 1, 2;0,  0;0,  0> +
        (-0.001464, 0.008097)|  31, 3, 0;0,  0;0,  0> +
        (-0.007515, 0.002177)|  29, 1, 0;0,  0;0,  0> +
        (-0.007583, 0.001524)|  31, 0, 2;0,  0;0,  0> +
        ( 0.007432, 0.000971)|  31, 1, 2;0,  0;0,  0> +
        ( 0.002173, 0.005993)|  28, 2, 1;0,  0;0,  0> +
        ( 0.006204, 0.001154)|  26, 0, 3;0,  0;0,  0> +
        ( 0.005946, 0.001923)|  32, 3, 0;0,  0;0,  0> +
        ( 0.003551,-0.003084)|  32, 0, 2;0,  0;0,  0> +
        ( 0.001671,-0.004350)|  27, 1, 0;0,  0;0,  0> +
        ( 0.000734,-0.004121)|  29, 0, 1;0,  0;0,  0> +
        ( 0.002198,-0.002512)|  25, 3, 0;0,  0;0,  0> +
        ( 0.001556, 0.002932)|  32, 1, 2;0,  0;0,  0> +
        (-0.003055, 0.000316)|  27, 2, 0;0,  0;0,  0> +
        ( 0.002262,-0.000630)|  33, 2, 3;0,  0;0,  0> +
        (-0.001681,-0.000025)|  26, 0, 2;0,  0;0,  0> +
        ( 0.001655,-0.000178)|  30, 0, 3;0,  0;0,  0> +
        (-0.000634, 0.001318)|  28, 2, 0;0,  0;0,  0> +
        ( 0.000618, 0.001035)|  27, 1, 2;0,  0;0,  0> +
        ( 0.000290, 0.001132)|  33, 0, 0;0,  0;0,  0> +
        (-0.001040, 0.000281)|  32, 2, 3;0,  0;0,  0> +
        (-0.000655,-0.000692)|  33, 3, 2;0,  0;0,  0> +
        (-0.000733,-0.000369)|  31, 0, 3;0,  0;0,  0> +
        (-0.000749,-0.000235)|  26, 2, 1;0,  0;0,  0> +
        ( 0.000435,-0.000226)|  29, 2, 0;0,  0;0,  0> +
         ...
 |11> = (-0.475486, 0.020927)|  30, 3, 2;0,  0;0,  0> +
        (-0.330225, 0.335513)|  22, 2, 1;0,  0;0,  0> +
        ( 0.104499,-0.427991)|  27, 0, 2;0,  0;0,  0> +
        ( 0.006731, 0.311609)|  23, 3, 0;0,  0;0,  0> +
        (-0.233017,-0.047172)|  25, 0, 1;0,  0;0,  0> +
        ( 0.057769,-0.225220)|  23, 0, 3;0,  0;0,  0> +
        (-0.018862, 0.159127)|  23, 2, 1;0,  0;0,  0> +
        (-0.002658, 0.159186)|  29, 3, 2;0,  0;0,  0> +
        ( 0.149732,-0.016724)|  25, 1, 0;0,  0;0,  0> +
        ( 0.112944,-0.070252)|  25, 2, 0;0,  0;0,  0> +
        (-0.042383,-0.103072)|  29, 1, 1;0,  0;0,  0> +
        ( 0.053496, 0.093929)|  33, 1, 1;0,  0;0,  0> +
        ( 0.036328,-0.080546)|  24, 3, 0;0,  0;0,  0> +
        ( 0.052312,-0.064101)|  31, 1, 1;0,  0;0,  0> +
        (-0.063917,-0.042799)|  30, 0, 2;0,  0;0,  0> +
        ( 0.059729,-0.011878)|  31, 0, 0;0,  0;0,  0> +
        (-0.052703,-0.022232)|  24, 1, 2;0,  0;0,  0> +
        ( 0.056129,-0.001587)|  28, 0, 2;0,  0;0,  0> +
        (-0.020014,-0.024557)|  28, 1, 1;0,  0;0,  0> +
        ( 0.001686, 0.029728)|  28, 2, 3;0,  0;0,  0> +
        (-0.016730, 0.014547)|  27, 1, 1;0,  0;0,  0> +
        ( 0.018835,-0.002448)|  23, 1, 2;0,  0;0,  0> +
        ( 0.011607, 0.009759)|  30, 1, 1;0,  0;0,  0> +
        (-0.009336,-0.011668)|  29, 2, 3;0,  0;0,  0> +
        (-0.001691, 0.014764)|  25, 0, 2;0,  0;0,  0> +
        ( 0.008150, 0.007614)|  32, 1, 1;0,  0;0,  0> +
        ( 0.005019, 0.008164)|  29, 2, 0;0,  0;0,  0> +
        ( 0.003528, 0.006820)|  26, 2, 0;0,  0;0,  0> +
        (-0.003064, 0.005072)|  28, 2, 0;0,  0;0,  0> +
        ( 0.004442,-0.003108)|  25, 1, 1;0,  0;0,  0> +
        ( 0.005235,-0.000455)|  30, 2, 3;0,  0;0,  0> +
        (-0.000918, 0.004555)|  24, 1, 0;0,  0;0,  0> +
        (-0.001696, 0.001865)|  22, 3, 0;0,  0;0,  0> +
        (-0.001395,-0.001250)|  24, 0, 2;0,  0;0,  0> +
        (-0.001794,-0.000400)|  26, 1, 1;0,  0;0,  0> +
        ( 0.000795,-0.000892)|  31, 3, 2;0,  0;0,  0> +
        (-0.000086, 0.000595)|  24, 2, 0;0,  0;0,  0> +
        (-0.000467, 0.000179)|  30, 0, 0;0,  0;0,  0> +
        (-0.000457, 0.000105)|  28, 3, 2;0,  0;0,  0> +
        (-0.000127,-0.000449)|  27, 2, 3;0,  0;0,  0> +
        (-0.000365, 0.000080)|  22, 0, 3;0,  0;0,  0> +
        ( 0.000177,-0.000318)|  26, 2, 3;0,  0;0,  0> +
         ...
 |12> = ( 0.181498, 0.696845)|  28, 0, 3;0,  0;0,  0> +
        (-0.243635,-0.351852)|  33, 1, 2;0,  0;0,  0> +
        ( 0.386002, 0.170569)|  33, 2, 1;0,  0;0,  0> +
        (-0.216520,-0.056391)|  31, 1, 0;0,  0;0,  0> +
        (-0.182253,-0.016564)|  32, 2, 1;0,  0;0,  0> +
        ( 0.090351,-0.057551)|  31, 0, 1;0,  0;0,  0> +
        ( 0.104443, 0.016753)|  31, 2, 1;0,  0;0,  0> +
        (-0.050645, 0.083339)|  30, 2, 1;0,  0;0,  0> +
        (-0.048530,-0.003524)|  33, 0, 3;0,  0;0,  0> +
        (-0.027320, 0.023732)|  32, 0, 3;0,  0;0,  0> +
        (-0.017955,-0.009054)|  31, 0, 3;0,  0;0,  0> +
        (-0.016635, 0.000263)|  33, 3, 0;0,  0;0,  0> +
        ( 0.004099, 0.006333)|  32, 1, 0;0,  0;0,  0> +
        (-0.003766, 0.001278)|  27, 1, 2;0,  0;0,  0> +
        (-0.003623, 0.000735)|  31, 3, 0;0,  0;0,  0> +
        (-0.001617,-0.002951)|  31, 1, 2;0,  0;0,  0> +
        (-0.002316,-0.001756)|  29, 1, 2;0,  0;0,  0> +
        ( 0.002215, 0.001077)|  26, 2, 1;0,  0;0,  0> +
        ( 0.001907, 0.000990)|  30, 0, 3;0,  0;0,  0> +
        ( 0.000748,-0.001872)|  26, 0, 3;0,  0;0,  0> +
        ( 0.001144, 0.001397)|  28, 2, 1;0,  0;0,  0> +
        (-0.001746, 0.000391)|  32, 3, 0;0,  0;0,  0> +
        ( 0.001677, 0.000450)|  27, 0, 3;0,  0;0,  0> +
        (-0.000485, 0.000659)|  29, 0, 3;0,  0;0,  0> +
        (-0.000407, 0.000185)|  32, 0, 1;0,  0;0,  0> +
        ( 0.000101, 0.000434)|  30, 0, 1;0,  0;0,  0> +
        (-0.000191, 0.000344)|  30, 1, 0;0,  0;0,  0> +
         ...
 |13> = ( 0.103481,-0.662036)|  25, 1, 1;0,  0;0,  0> +
        ( 0.391172, 0.017984)|  22, 3, 0;0,  0;0,  0> +
        ( 0.309363,-0.005919)|  28, 3, 2;0,  0;0,  0> +
        ( 0.019669,-0.288186)|  24, 1, 0;0,  0;0,  0> +
        ( 0.085329, 0.271882)|  25, 0, 2;0,  0;0,  0> +
        (-0.054781,-0.189241)|  27, 2, 3;0,  0;0,  0> +
        (-0.147750,-0.021052)|  24, 0, 2;0,  0;0,  0> +
        ( 0.059811, 0.135243)|  28, 1, 1;0,  0;0,  0> +
        ( 0.137490,-0.052722)|  26, 2, 3;0,  0;0,  0> +
        (-0.102599, 0.053243)|  26, 1, 1;0,  0;0,  0> +
        (-0.004670, 0.079312)|  24, 2, 0;0,  0;0,  0> +
        ( 0.011738,-0.049074)|  27, 1, 1;0,  0;0,  0> +
        ( 0.005133, 0.044699)|  30, 1, 1;0,  0;0,  0> +
        ( 0.000412, 0.042300)|  28, 2, 3;0,  0;0,  0> +
        ( 0.018003,-0.035041)|  30, 0, 0;0,  0;0,  0> +
        (-0.008591, 0.026546)|  27, 3, 2;0,  0;0,  0> +
        (-0.020781, 0.018221)|  24, 0, 1;0,  0;0,  0> +
        (-0.026293, 0.000901)|  22, 0, 3;0,  0;0,  0> +
        ( 0.021369, 0.008069)|  31, 1, 1;0,  0;0,  0> +
        ( 0.020942, 0.008291)|  29, 1, 1;0,  0;0,  0> +
        ( 0.021583, 0.006298)|  31, 0, 0;0,  0;0,  0> +
        (-0.013304, 0.012997)|  25, 2, 0;0,  0;0,  0> +
        ( 0.008072, 0.011699)|  33, 1, 1;0,  0;0,  0> +
        (-0.011815, 0.000267)|  23, 1, 2;0,  0;0,  0> +
        ( 0.001790,-0.010697)|  29, 2, 3;0,  0;0,  0> +
        (-0.004345,-0.009540)|  21, 0, 3;0,  0;0,  0> +
        ( 0.000558,-0.008043)|  24, 1, 1;0,  0;0,  0> +
        (-0.004077, 0.006067)|  21, 2, 1;0,  0;0,  0> +
        (-0.005080,-0.004893)|  21, 1, 2;0,  0;0,  0> +
        (-0.000102,-0.006417)|  29, 3, 2;0,  0;0,  0> +
        ( 0.003642,-0.004640)|  23, 3, 0;0,  0;0,  0> +
        (-0.001521,-0.004676)|  25, 1, 0;0,  0;0,  0> +
        (-0.000077, 0.004574)|  20, 2, 1;0,  0;0,  0> +
        (-0.003199, 0.001751)|  22, 2, 1;0,  0;0,  0> +
        (-0.002409, 0.002594)|  33, 2, 2;0,  0;0,  0> +
        ( 0.003340,-0.000690)|  24, 3, 0;0,  0;0,  0> +
        ( 0.003181,-0.000643)|  23, 0, 3;0,  0;0,  0> +
        (-0.002536,-0.001891)|  30, 0, 2;0,  0;0,  0> +
        ( 0.002100, 0.001932)|  27, 0, 2;0,  0;0,  0> +
        (-0.002558,-0.000132)|  25, 0, 1;0,  0;0,  0> +
        ( 0.002017,-0.000209)|  30, 2, 3;0,  0;0,  0> +
        ( 0.000234, 0.001797)|  23, 2, 1;0,  0;0,  0> +
        ( 0.000168, 0.001697)|  23, 1, 1;0,  0;0,  0> +
        (-0.001549, 0.000183)|  28, 0, 2;0,  0;0,  0> +
        ( 0.000972,-0.000064)|  24, 1, 2;0,  0;0,  0> +
        ( 0.000238, 0.000776)|  32, 1, 1;0,  0;0,  0> +
        ( 0.000540,-0.000190)|  24, 2, 3;0,  0;0,  0> +
        ( 0.000452, 0.000308)|  21, 3, 0;0,  0;0,  0> +
        ( 0.000047, 0.000544)|  23, 0, 1;0,  0;0,  0> +
        (-0.000261, 0.000455)|  22, 1, 2;0,  0;0,  0> +
        (-0.000198, 0.000478)|  31, 2, 2;0,  0;0,  0> +
        ( 0.000103, 0.000485)|  20, 0, 3;0,  0;0,  0> +
        ( 0.000456, 0.000015)|  30, 3, 2;0,  0;0,  0> +
        ( 0.000414, 0.000108)|  29, 2, 0;0,  0;0,  0> +
        ( 0.000362,-0.000212)|  31, 3, 2;0,  0;0,  0> +
        (-0.000093,-0.000406)|  29, 0, 0;0,  0;0,  0> +
        (-0.000307,-0.000204)|  32, 2, 2;0,  0;0,  0> +
        (-0.000366,-0.000008)|  25, 3, 2;0,  0;0,  0> +
        ( 0.000091, 0.000343)|  25, 2, 3;0,  0;0,  0> +
         ...
 |14> = (-0.025123,-0.706782)|  13, 2, 3;0,  0;0,  0> +
        ( 0.279506,-0.254767)|  18, 0, 0;0,  0;0,  0> +
        ( 0.314329,-0.186864)|  13, 3, 2;0,  0;0,  0> +
        (-0.258941,-0.056596)|   9, 2, 1;0,  0;0,  0> +
        ( 0.048087,-0.233893)|  13, 1, 3;0,  0;0,  0> +
        ( 0.163100, 0.021607)|  13, 1, 0;0,  0;0,  0> +
        (-0.114176,-0.099095)|  13, 0, 2;0,  0;0,  0> +
        ( 0.051207, 0.128541)|  11, 1, 1;0,  0;0,  0> +
        (-0.088381, 0.001034)|   9, 0, 3;0,  0;0,  0> +
        (-0.068567, 0.000196)|  14, 1, 3;0,  0;0,  0> +
        (-0.045662, 0.042204)|   9, 1, 2;0,  0;0,  0> +
        (-0.000922,-0.055033)|  14, 3, 1;0,  0;0,  0> +
        (-0.044192, 0.002936)|  10, 0, 3;0,  0;0,  0> +
        (-0.034893, 0.022824)|  13, 0, 1;0,  0;0,  0> +
        (-0.035376,-0.011623)|  12, 2, 2;0,  0;0,  0> +
        ( 0.035339, 0.002347)|  13, 2, 0;0,  0;0,  0> +
        ( 0.016721,-0.025388)|  20, 3, 3;0,  0;0,  0> +
        ( 0.004608,-0.003313)|  13, 3, 1;0,  0;0,  0> +
        ( 0.001126,-0.003804)|   9, 3, 0;0,  0;0,  0> +
        ( 0.000061, 0.003470)|  12, 3, 1;0,  0;0,  0> +
        (-0.001838,-0.000319)|  14, 2, 0;0,  0;0,  0> +
        (-0.000235,-0.001437)|  10, 2, 1;0,  0;0,  0> +
        ( 0.001037,-0.000932)|  10, 1, 2;0,  0;0,  0> +
        (-0.000045, 0.000810)|  12, 2, 3;0,  0;0,  0> +
        (-0.000674,-0.000302)|  12, 1, 3;0,  0;0,  0> +
        (-0.000398, 0.000139)|  12, 3, 2;0,  0;0,  0> +
         ...
 |15> = ( 0.244520, 0.545299)|  21, 0, 2;0,  0;0,  0> +
        ( 0.452495,-0.001402)|  28, 3, 1;0,  0;0,  0> +
        (-0.097223,-0.368586)|  21, 1, 0;0,  0;0,  0> +
        ( 0.251831, 0.123256)|  23, 3, 2;0,  0;0,  0> +
        (-0.102082, 0.219438)|  29, 1, 3;0,  0;0,  0> +
        ( 0.152022,-0.174361)|  30, 3, 1;0,  0;0,  0> +
        ( 0.133626, 0.091723)|  26, 2, 2;0,  0;0,  0> +
        (-0.159446, 0.024615)|  21, 2, 0;0,  0;0,  0> +
        ( 0.076824, 0.068766)|  23, 2, 3;0,  0;0,  0> +
        (-0.059399,-0.044617)|  22, 2, 3;0,  0;0,  0> +
        (-0.057047,-0.038700)|  19, 3, 0;0,  0;0,  0> +
        ( 0.044532, 0.045617)|  19, 1, 2;0,  0;0,  0> +
        ( 0.046661,-0.042563)|  29, 3, 1;0,  0;0,  0> +
        (-0.055399, 0.026941)|  19, 2, 1;0,  0;0,  0> +
        (-0.038842,-0.033365)|  20, 1, 2;0,  0;0,  0> +
        ( 0.037844,-0.031029)|  18, 0, 3;0,  0;0,  0> +
        (-0.041679,-0.023402)|  17, 0, 3;0,  0;0,  0> +
        ( 0.044949,-0.003028)|  17, 2, 1;0,  0;0,  0> +
        ( 0.038981, 0.003904)|  21, 0, 1;0,  0;0,  0> +
        ( 0.035692, 0.006040)|  27, 0, 0;0,  0;0,  0> +
        (-0.008824, 0.033366)|  31, 3, 1;0,  0;0,  0> +
        ( 0.015235, 0.029013)|  20, 0, 2;0,  0;0,  0> +
        (-0.022327,-0.020319)|  30, 1, 3;0,  0;0,  0> +
        ( 0.018142, 0.009125)|  18, 3, 0;0,  0;0,  0> +
        (-0.012910,-0.013361)|  19, 1, 1;0,  0;0,  0> +
        ( 0.003448,-0.015212)|  18, 1, 2;0,  0;0,  0> +
        ( 0.007270,-0.012500)|  20, 1, 1;0,  0;0,  0> +
        ( 0.006251,-0.012933)|  31, 1, 3;0,  0;0,  0> +
        ( 0.009089,-0.004058)|  18, 2, 1;0,  0;0,  0> +
        (-0.007114, 0.001096)|  24, 2, 2;0,  0;0,  0> +
        ( 0.005873, 0.000508)|  17, 1, 2;0,  0;0,  0> +
        (-0.001161,-0.005733)|  26, 0, 0;0,  0;0,  0> +
        (-0.001729, 0.004002)|  20, 3, 0;0,  0;0,  0> +
        (-0.001694,-0.002771)|  25, 2, 2;0,  0;0,  0> +
        (-0.000809,-0.003082)|  28, 1, 3;0,  0;0,  0> +
        (-0.002357,-0.000563)|  16, 2, 1;0,  0;0,  0> +
        (-0.001731, 0.001632)|  19, 0, 3;0,  0;0,  0> +
        (-0.000424, 0.001877)|  17, 3, 0;0,  0;0,  0> +
        (-0.000802, 0.001512)|  27, 1, 3;0,  0;0,  0> +
        ( 0.000666,-0.001024)|  16, 0, 3;0,  0;0,  0> +
        (-0.000217,-0.001096)|  20, 2, 0;0,  0;0,  0> +
        (-0.001078, 0.000167)|  18, 1, 1;0,  0;0,  0> +
        ( 0.000932, 0.000347)|  27, 3, 1;0,  0;0,  0> +
        (-0.000383, 0.000541)|  32, 1, 3;0,  0;0,  0> +
        ( 0.000550, 0.000176)|  24, 3, 2;0,  0;0,  0> +
        (-0.000412, 0.000305)|  25, 3, 1;0,  0;0,  0> +
        ( 0.000313,-0.000269)|  21, 1, 1;0,  0;0,  0> +
        ( 0.000234, 0.000298)|  20, 0, 1;0,  0;0,  0> +
         ...
 |16> = (-0.692768, 0.129644)|   8, 0, 3;0,  0;0,  0> +
        (-0.348642,-0.131826)|   8, 1, 2;0,  0;0,  0> +
        ( 0.332112,-0.049933)|   8, 2, 1;0,  0;0,  0> +
        (-0.288450, 0.155181)|  10, 1, 1;0,  0;0,  0> +
        ( 0.211588, 0.030260)|  11, 2, 0;0,  0;0,  0> +
        (-0.021749,-0.202323)|   8, 3, 0;0,  0;0,  0> +
        ( 0.122631,-0.125862)|  17, 3, 3;0,  0;0,  0> +
        ( 0.081921,-0.005669)|  12, 0, 1;0,  0;0,  0> +
        (-0.075510,-0.004817)|  11, 2, 2;0,  0;0,  0> +
        ( 0.069727, 0.005460)|  16, 0, 0;0,  0;0,  0> +
        (-0.049168,-0.027541)|  11, 0, 2;0,  0;0,  0> +
        ( 0.001893,-0.052826)|  12, 2, 0;0,  0;0,  0> +
        (-0.029018,-0.010276)|  10, 3, 1;0,  0;0,  0> +
        (-0.009492,-0.026148)|  11, 2, 3;0,  0;0,  0> +
        ( 0.022547,-0.000848)|  11, 3, 1;0,  0;0,  0> +
        (-0.013563, 0.002834)|  11, 0, 1;0,  0;0,  0> +
        ( 0.010893,-0.001085)|  11, 3, 2;0,  0;0,  0> +
        (-0.008260, 0.005666)|  12, 0, 2;0,  0;0,  0> +
        ( 0.009763, 0.002130)|  11, 1, 3;0,  0;0,  0> +
        ( 0.006456,-0.006162)|   7, 0, 3;0,  0;0,  0> +
        (-0.000651,-0.008581)|   7, 2, 1;0,  0;0,  0> +
        ( 0.006633, 0.002325)|  12, 1, 0;0,  0;0,  0> +
        (-0.000017, 0.003125)|  10, 1, 3;0,  0;0,  0> +
        (-0.001191,-0.000558)|  12, 1, 3;0,  0;0,  0> +
        (-0.000927, 0.000502)|  16, 3, 3;0,  0;0,  0> +
        (-0.000023, 0.001044)|  10, 2, 3;0,  0;0,  0> +
        (-0.000032, 0.000781)|   7, 1, 2;0,  0;0,  0> +
        ( 0.000539,-0.000460)|  11, 1, 0;0,  0;0,  0> +
        (-0.000081, 0.000458)|   9, 1, 1;0,  0;0,  0> +
        (-0.000215,-0.000296)|  17, 0, 0;0,  0;0,  0> +
        (-0.000351, 0.000036)|  12, 3, 1;0,  0;0,  0> +
         ...
 |17> = (-0.499744, 0.495657)|  11, 3, 1;0,  0;0,  0> +
        (-0.092278,-0.358508)|   8, 1, 2;0,  0;0,  0> +
        (-0.290735, 0.066166)|  12, 0, 1;0,  0;0,  0> +
        ( 0.175359, 0.155612)|  11, 1, 3;0,  0;0,  0> +
        (-0.202966,-0.037879)|  10, 1, 1;0,  0;0,  0> +
        ( 0.142524, 0.146293)|   8, 0, 3;0,  0;0,  0> +
        (-0.129842, 0.151899)|  18, 3, 3;0,  0;0,  0> +
        (-0.176538,-0.051045)|  11, 2, 2;0,  0;0,  0> +
        ( 0.117496, 0.013705)|  12, 0, 2;0,  0;0,  0> +
        (-0.083223,-0.071558)|   8, 2, 1;0,  0;0,  0> +
        ( 0.032090,-0.103777)|  12, 2, 0;0,  0;0,  0> +
        ( 0.082441, 0.022459)|  12, 1, 0;0,  0;0,  0> +
        (-0.019294,-0.069682)|  17, 0, 0;0,  0;0,  0> +
        (-0.050816, 0.049695)|   8, 3, 0;0,  0;0,  0> +
        (-0.007865,-0.060481)|  11, 2, 0;0,  0;0,  0> +
        (-0.049815,-0.015534)|  12, 3, 2;0,  0;0,  0> +
        (-0.015303, 0.026033)|  11, 2, 3;0,  0;0,  0> +
        (-0.003032, 0.027945)|  11, 0, 2;0,  0;0,  0> +
        ( 0.018275,-0.013494)|  12, 2, 3;0,  0;0,  0> +
        (-0.010928,-0.019203)|  16, 0, 0;0,  0;0,  0> +
        ( 0.021675,-0.001058)|  12, 1, 3;0,  0;0,  0> +
        (-0.007020,-0.017038)|  12, 3, 1;0,  0;0,  0> +
        ( 0.009060,-0.002999)|  17, 3, 3;0,  0;0,  0> +
        ( 0.003526, 0.008810)|  10, 3, 1;0,  0;0,  0> +
        ( 0.002893, 0.003921)|  11, 0, 1;0,  0;0,  0> +
        (-0.003345,-0.000668)|   7, 0, 3;0,  0;0,  0> +
        (-0.002435, 0.002107)|   7, 2, 1;0,  0;0,  0> +
        (-0.001826,-0.001566)|  11, 3, 2;0,  0;0,  0> +
        (-0.001769,-0.000525)|  12, 2, 2;0,  0;0,  0> +
        (-0.000059, 0.001437)|   9, 3, 0;0,  0;0,  0> +
        (-0.000742, 0.000677)|  13, 3, 1;0,  0;0,  0> +
        ( 0.000734,-0.000635)|  10, 1, 3;0,  0;0,  0> +
        ( 0.000333, 0.000171)|  16, 3, 3;0,  0;0,  0> +
         ...
 |18> = (-0.184221, 0.540092)|  27, 0, 1;0,  0;0,  0> +
        ( 0.444406, 0.010647)|  27, 1, 0;0,  0;0,  0> +
        (-0.032327, 0.435965)|  33, 2, 3;0,  0;0,  0> +
        (-0.021449, 0.405956)|  28, 1, 2;0,  0;0,  0> +
        (-0.280861, 0.036302)|  26, 3, 0;0,  0;0,  0> +
        ( 0.074346,-0.054292)|  24, 0, 3;0,  0;0,  0> +
        ( 0.023162,-0.066125)|  33, 0, 2;0,  0;0,  0> +
        (-0.003736,-0.065165)|  27, 2, 1;0,  0;0,  0> +
        (-0.054778,-0.033486)|  25, 1, 2;0,  0;0,  0> +
        ( 0.054062,-0.019635)|  32, 0, 2;0,  0;0,  0> +
        ( 0.015115,-0.053419)|  24, 2, 1;0,  0;0,  0> +
        (-0.042771,-0.015638)|  29, 0, 2;0,  0;0,  0> +
        (-0.018226, 0.041158)|  32, 2, 0;0,  0;0,  0> +
        (-0.001508,-0.041711)|  31, 0, 2;0,  0;0,  0> +
        ( 0.024296, 0.029684)|  26, 1, 2;0,  0;0,  0> +
        (-0.024513, 0.020986)|  32, 2, 3;0,  0;0,  0> +
        (-0.014160,-0.026535)|  25, 3, 0;0,  0;0,  0> +
        (-0.025151,-0.001989)|  31, 2, 0;0,  0;0,  0> +
        ( 0.024798,-0.004285)|  30, 2, 0;0,  0;0,  0> +
        ( 0.001135, 0.023431)|  27, 2, 0;0,  0;0,  0> +
        ( 0.018372, 0.007929)|  25, 0, 3;0,  0;0,  0> +
        ( 0.013069, 0.001668)|  30, 1, 2;0,  0;0,  0> +
        (-0.001064,-0.011087)|  33, 2, 0;0,  0;0,  0> +
        (-0.006757,-0.001327)|  33, 0, 0;0,  0;0,  0> +
        (-0.004806,-0.004920)|  28, 0, 1;0,  0;0,  0> +
        (-0.000790, 0.006143)|  26, 0, 2;0,  0;0,  0> +
        (-0.005880, 0.000509)|  33, 3, 2;0,  0;0,  0> +
        (-0.003365, 0.002277)|  28, 2, 0;0,  0;0,  0> +
        (-0.004012, 0.000194)|  26, 1, 0;0,  0;0,  0> +
        (-0.002635,-0.002673)|  25, 2, 1;0,  0;0,  0> +
        ( 0.003370,-0.000331)|  28, 3, 0;0,  0;0,  0> +
        ( 0.001253, 0.002915)|  30, 3, 0;0,  0;0,  0> +
        ( 0.002279,-0.002156)|  29, 2, 1;0,  0;0,  0> +
        (-0.000770, 0.001628)|  29, 2, 0;0,  0;0,  0> +
        (-0.001479, 0.000264)|  29, 1, 0;0,  0;0,  0> +
        ( 0.001052,-0.000347)|  29, 0, 3;0,  0;0,  0> +
        (-0.000173, 0.000874)|  27, 0, 3;0,  0;0,  0> +
        (-0.000519, 0.000474)|  24, 1, 2;0,  0;0,  0> +
        (-0.000604,-0.000228)|  32, 1, 1;0,  0;0,  0> +
        (-0.000013, 0.000558)|  26, 0, 1;0,  0;0,  0> +
        ( 0.000388,-0.000334)|  27, 3, 0;0,  0;0,  0> +
        (-0.000031, 0.000500)|  28, 0, 2;0,  0;0,  0> +
        (-0.000113, 0.000390)|  32, 1, 2;0,  0;0,  0> +
        (-0.000350,-0.000032)|  29, 1, 2;0,  0;0,  0> +
        (-0.000335, 0.000083)|  29, 3, 0;0,  0;0,  0> +
         ...
 |19> = ( 0.602926, 0.285462)|  20, 3, 2;0,  0;0,  0> +
        (-0.032021,-0.519151)|  20, 2, 2;0,  0;0,  0> +
        ( 0.148613, 0.204539)|  18, 2, 0;0,  0;0,  0> +
        (-0.063550,-0.212000)|  15, 2, 1;0,  0;0,  0> +
        (-0.119810, 0.146526)|  18, 0, 2;0,  0;0,  0> +
        (-0.179651,-0.035287)|  17, 1, 1;0,  0;0,  0> +
        (-0.009634, 0.174958)|  30, 3, 3;0,  0;0,  0> +
        ( 0.043681,-0.147159)|  14, 1, 2;0,  0;0,  0> +
        ( 0.021062, 0.134256)|  23, 1, 3;0,  0;0,  0> +
        ( 0.090426, 0.016521)|  19, 3, 2;0,  0;0,  0> +
        ( 0.031647, 0.079368)|  14, 0, 3;0,  0;0,  0> +
        (-0.034340,-0.060704)|  15, 3, 0;0,  0;0,  0> +
        (-0.008696,-0.060811)|  23, 3, 1;0,  0;0,  0> +
        (-0.027452,-0.047602)|  18, 0, 1;0,  0;0,  0> +
        (-0.027113,-0.009268)|  16, 1, 2;0,  0;0,  0> +
        ( 0.017329,-0.002698)|  13, 1, 2;0,  0;0,  0> +
        (-0.017043,-0.000081)|  19, 2, 3;0,  0;0,  0> +
        ( 0.012552, 0.008177)|  15, 0, 3;0,  0;0,  0> +
        ( 0.002338,-0.010146)|  15, 1, 2;0,  0;0,  0> +
        (-0.000168, 0.010053)|  22, 3, 1;0,  0;0,  0> +
        (-0.006627,-0.004715)|  24, 1, 3;0,  0;0,  0> +
        (-0.006491, 0.001740)|  22, 1, 3;0,  0;0,  0> +
        (-0.001660, 0.004278)|  24, 3, 1;0,  0;0,  0> +
        ( 0.003489, 0.002226)|  16, 1, 1;0,  0;0,  0> +
        (-0.001273, 0.003829)|  23, 0, 0;0,  0;0,  0> +
        (-0.001349,-0.003767)|  19, 2, 2;0,  0;0,  0> +
        ( 0.002199,-0.000258)|  18, 1, 0;0,  0;0,  0> +
        (-0.002117,-0.000546)|  19, 0, 2;0,  0;0,  0> +
        (-0.000090,-0.001771)|  31, 3, 3;0,  0;0,  0> +
        ( 0.000773,-0.001311)|  21, 1, 3;0,  0;0,  0> +
        ( 0.000073, 0.001514)|  29, 3, 3;0,  0;0,  0> +
        (-0.000189,-0.001465)|  18, 2, 2;0,  0;0,  0> +
        (-0.001360, 0.000067)|  14, 2, 1;0,  0;0,  0> +
        ( 0.000625, 0.001070)|  21, 2, 2;0,  0;0,  0> +
        (-0.000613, 0.000967)|  18, 2, 3;0,  0;0,  0> +
        (-0.000116, 0.001031)|  21, 3, 1;0,  0;0,  0> +
        ( 0.000115, 0.000545)|  14, 3, 0;0,  0;0,  0> +
         ...
 |20> = (-0.605249, 0.090205)|  25, 0, 1;0,  0;0,  0> +
        (-0.061130,-0.395231)|  23, 2, 1;0,  0;0,  0> +
        (-0.012797, 0.323921)|  23, 0, 3;0,  0;0,  0> +
        (-0.084292, 0.253140)|  24, 3, 0;0,  0;0,  0> +
        ( 0.007885, 0.247096)|  25, 1, 0;0,  0;0,  0> +
        ( 0.031534,-0.231691)|  23, 3, 0;0,  0;0,  0> +
        ( 0.128321,-0.173954)|  27, 0, 2;0,  0;0,  0> +
        ( 0.162937, 0.081724)|  24, 1, 2;0,  0;0,  0> +
        ( 0.143409, 0.019781)|  30, 0, 2;0,  0;0,  0> +
        (-0.005520, 0.134663)|  22, 2, 1;0,  0;0,  0> +
        (-0.095540, 0.080061)|  31, 1, 1;0,  0;0,  0> +
        ( 0.093636,-0.006390)|  28, 0, 2;0,  0;0,  0> +
        (-0.090372,-0.006741)|  29, 1, 1;0,  0;0,  0> +
        (-0.060572,-0.022660)|  29, 2, 0;0,  0;0,  0> +
        ( 0.054384,-0.021922)|  30, 1, 1;0,  0;0,  0> +
        ( 0.033508, 0.045669)|  33, 1, 1;0,  0;0,  0> +
        ( 0.045878, 0.005921)|  26, 2, 0;0,  0;0,  0> +
        ( 0.045325, 0.000901)|  30, 3, 2;0,  0;0,  0> +
        (-0.011421, 0.035579)|  32, 1, 1;0,  0;0,  0> +
        (-0.013127,-0.034722)|  31, 3, 2;0,  0;0,  0> +
        (-0.030327, 0.006244)|  23, 1, 2;0,  0;0,  0> +
        (-0.022504, 0.015413)|  31, 0, 0;0,  0;0,  0> +
        (-0.013258, 0.022514)|  28, 1, 1;0,  0;0,  0> +
        ( 0.018784, 0.009786)|  32, 0, 0;0,  0;0,  0> +
        (-0.005653, 0.017482)|  29, 2, 3;0,  0;0,  0> +
        ( 0.011974, 0.007739)|  30, 2, 3;0,  0;0,  0> +
        ( 0.010133, 0.009947)|  25, 2, 0;0,  0;0,  0> +
        (-0.014028,-0.001874)|  29, 3, 2;0,  0;0,  0> +
        ( 0.008821,-0.001576)|  25, 0, 2;0,  0;0,  0> +
        (-0.007637, 0.002753)|  28, 2, 0;0,  0;0,  0> +
        ( 0.002567, 0.007393)|  28, 2, 3;0,  0;0,  0> +
        (-0.007220, 0.002697)|  27, 1, 1;0,  0;0,  0> +
        ( 0.000243, 0.006064)|  32, 3, 2;0,  0;0,  0> +
        ( 0.001819,-0.002267)|  24, 1, 0;0,  0;0,  0> +
        ( 0.001184,-0.002270)|  22, 3, 0;0,  0;0,  0> +
        ( 0.000879,-0.001470)|  26, 0, 2;0,  0;0,  0> +
        (-0.000192,-0.001442)|  26, 0, 1;0,  0;0,  0> +
        ( 0.000330,-0.000965)|  29, 0, 2;0,  0;0,  0> +
        (-0.000744,-0.000046)|  31, 2, 3;0,  0;0,  0> +
        ( 0.000532,-0.000429)|  31, 0, 2;0,  0;0,  0> +
        ( 0.000006, 0.000533)|  25, 1, 1;0,  0;0,  0> +
        (-0.000296, 0.000281)|  22, 0, 3;0,  0;0,  0> +
        ( 0.000223,-0.000335)|  28, 3, 2;0,  0;0,  0> +
        (-0.000165,-0.000299)|  26, 1, 1;0,  0;0,  0> +
        ( 0.000184, 0.000278)|  24, 2, 1;0,  0;0,  0> +
         ...
 |21> = (-0.295391, 0.880854)|  14, 0, 0;0,  0;0,  0> +
        (-0.165460, 0.193013)|   6, 0, 3;0,  0;0,  0> +
        ( 0.150254,-0.049294)|   9, 0, 1;0,  0;0,  0> +
        ( 0.013380,-0.141937)|   8, 2, 3;0,  0;0,  0> +
        (-0.134074, 0.041868)|   6, 2, 1;0,  0;0,  0> +
        (-0.068597,-0.030491)|   9, 0, 2;0,  0;0,  0> +
        (-0.022884,-0.011024)|   9, 2, 2;0,  0;0,  0> +
        (-0.001808,-0.016534)|   6, 3, 0;0,  0;0,  0> +
        ( 0.012944,-0.006565)|   8, 3, 2;0,  0;0,  0> +
        ( 0.012728, 0.000271)|  13, 3, 3;0,  0;0,  0> +
        ( 0.003586,-0.008649)|   9, 2, 0;0,  0;0,  0> +
        ( 0.008199, 0.002318)|   8, 1, 1;0,  0;0,  0> +
        (-0.002268, 0.004620)|   9, 1, 0;0,  0;0,  0> +
        (-0.000664,-0.004887)|   5, 1, 2;0,  0;0,  0> +
        (-0.000475, 0.001986)|   6, 1, 2;0,  0;0,  0> +
        ( 0.000296, 0.001856)|  10, 0, 2;0,  0;0,  0> +
        (-0.001133, 0.000894)|   5, 0, 3;0,  0;0,  0> +
        ( 0.000298, 0.001006)|  10, 0, 1;0,  0;0,  0> +
        ( 0.000733, 0.000038)|   8, 3, 1;0,  0;0,  0> +
        (-0.000237, 0.000355)|   7, 3, 0;0,  0;0,  0> +
        (-0.000287, 0.000253)|  12, 3, 3;0,  0;0,  0> +
         ...
 |22> = (-0.188274,-0.511283)|  27, 1, 3;0,  0;0,  0> +
        (-0.390700,-0.273480)|  27, 3, 1;0,  0;0,  0> +
        (-0.415090, 0.065429)|  18, 3, 0;0,  0;0,  0> +
        (-0.285826,-0.128225)|  28, 1, 3;0,  0;0,  0> +
        (-0.011810,-0.226687)|  22, 2, 3;0,  0;0,  0> +
        (-0.125753,-0.119646)|  26, 0, 0;0,  0;0,  0> +
        (-0.152870,-0.065296)|  18, 1, 2;0,  0;0,  0> +
        ( 0.145787, 0.030511)|  17, 2, 1;0,  0;0,  0> +
        ( 0.037202,-0.116013)|  17, 1, 2;0,  0;0,  0> +
        ( 0.052817,-0.087482)|  23, 2, 2;0,  0;0,  0> +
        ( 0.101138, 0.001834)|  24, 2, 2;0,  0;0,  0> +
        ( 0.096791,-0.020678)|  20, 0, 2;0,  0;0,  0> +
        (-0.067326, 0.006784)|  19, 1, 1;0,  0;0,  0> +
        (-0.056544, 0.027228)|  17, 0, 3;0,  0;0,  0> +
        (-0.053969,-0.028519)|  16, 0, 3;0,  0;0,  0> +
        (-0.023009,-0.051719)|  23, 3, 2;0,  0;0,  0> +
        (-0.044073, 0.018217)|  29, 3, 1;0,  0;0,  0> +
        (-0.013045, 0.040606)|  16, 2, 1;0,  0;0,  0> +
        ( 0.025611,-0.030426)|  20, 1, 0;0,  0;0,  0> +
        ( 0.032724, 0.016335)|  17, 3, 0;0,  0;0,  0> +
        (-0.008547,-0.026781)|  25, 3, 1;0,  0;0,  0> +
        (-0.002007, 0.015646)|  18, 1, 1;0,  0;0,  0> +
        (-0.008323, 0.010816)|  20, 2, 0;0,  0;0,  0> +
        ( 0.006609, 0.007586)|  22, 3, 2;0,  0;0,  0> +
        (-0.000224,-0.008953)|  23, 2, 3;0,  0;0,  0> +
        ( 0.007295, 0.003975)|  21, 3, 2;0,  0;0,  0> +
        (-0.007750,-0.001761)|  21, 0, 2;0,  0;0,  0> +
        ( 0.007091,-0.000435)|  28, 3, 1;0,  0;0,  0> +
        ( 0.005725,-0.003870)|  20, 0, 1;0,  0;0,  0> +
        (-0.003950,-0.002807)|  25, 1, 3;0,  0;0,  0> +
        ( 0.001014,-0.004399)|  26, 1, 3;0,  0;0,  0> +
        (-0.000567, 0.003477)|  29, 1, 3;0,  0;0,  0> +
        ( 0.002321, 0.002305)|  26, 2, 2;0,  0;0,  0> +
        (-0.000940,-0.002931)|  26, 3, 1;0,  0;0,  0> +
        (-0.000434, 0.002553)|  30, 1, 3;0,  0;0,  0> +
        (-0.001938,-0.001137)|  25, 0, 0;0,  0;0,  0> +
        ( 0.000211,-0.002180)|  30, 3, 1;0,  0;0,  0> +
        ( 0.000675,-0.001323)|  31, 1, 3;0,  0;0,  0> +
        ( 0.001260, 0.000050)|  16, 3, 0;0,  0;0,  0> +
        ( 0.000688, 0.000672)|  20, 2, 3;0,  0;0,  0> +
        ( 0.000372, 0.000851)|  21, 1, 0;0,  0;0,  0> +
        ( 0.000882,-0.000249)|  21, 2, 0;0,  0;0,  0> +
        ( 0.000623, 0.000600)|  31, 3, 1;0,  0;0,  0> +
        (-0.000307,-0.000717)|  21, 2, 3;0,  0;0,  0> +
        ( 0.000540, 0.000466)|  19, 0, 1;0,  0;0,  0> +
        ( 0.000354, 0.000539)|  22, 2, 2;0,  0;0,  0> +
        ( 0.000307,-0.000420)|  19, 2, 0;0,  0;0,  0> +
        (-0.000286,-0.000364)|  19, 3, 0;0,  0;0,  0> +
        ( 0.000276,-0.000250)|  33, 3, 3;0,  0;0,  0> +
         ...
 |23> = ( 0.572511, 0.450339)|  28, 0, 0;0,  0;0,  0> +
        (-0.023667,-0.594137)|  22, 1, 1;0,  0;0,  0> +
        (-0.189705,-0.071791)|  22, 2, 0;0,  0;0,  0> +
        ( 0.132073,-0.079610)|  33, 1, 3;0,  0;0,  0> +
        (-0.115730,-0.035819)|  22, 1, 0;0,  0;0,  0> +
        (-0.023393, 0.118080)|  22, 0, 2;0,  0;0,  0> +
        ( 0.086382, 0.054404)|  28, 2, 2;0,  0;0,  0> +
        ( 0.037989,-0.024086)|  23, 2, 0;0,  0;0,  0> +
        (-0.042954,-0.004037)|  33, 3, 1;0,  0;0,  0> +
        (-0.039525, 0.014982)|  24, 3, 2;0,  0;0,  0> +
        (-0.021914, 0.034139)|  23, 0, 2;0,  0;0,  0> +
        (-0.015214, 0.029856)|  24, 2, 3;0,  0;0,  0> +
        (-0.009107, 0.025183)|  32, 3, 1;0,  0;0,  0> +
        ( 0.020122,-0.013074)|  21, 1, 1;0,  0;0,  0> +
        (-0.017598, 0.006373)|  22, 1, 2;0,  0;0,  0> +
        ( 0.006186,-0.014082)|  19, 0, 3;0,  0;0,  0> +
        (-0.014056, 0.004501)|  25, 3, 2;0,  0;0,  0> +
        (-0.012638, 0.002955)|  29, 0, 0;0,  0;0,  0> +
        (-0.011247,-0.003692)|  29, 2, 2;0,  0;0,  0> +
        (-0.007841, 0.008323)|  20, 3, 0;0,  0;0,  0> +
        ( 0.010649,-0.001160)|  31, 2, 2;0,  0;0,  0> +
        ( 0.002725,-0.008636)|  26, 3, 2;0,  0;0,  0> +
        ( 0.005860, 0.004648)|  23, 1, 0;0,  0;0,  0> +
        (-0.000619,-0.005689)|  20, 0, 3;0,  0;0,  0> +
        ( 0.002626, 0.004398)|  20, 2, 1;0,  0;0,  0> +
        (-0.000322,-0.003569)|  23, 1, 1;0,  0;0,  0> +
        (-0.003293,-0.000748)|  27, 2, 2;0,  0;0,  0> +
        ( 0.000094, 0.003117)|  18, 2, 1;0,  0;0,  0> +
        (-0.001669, 0.002613)|  21, 3, 0;0,  0;0,  0> +
        (-0.002199, 0.000933)|  30, 2, 2;0,  0;0,  0> +
        ( 0.001750,-0.001335)|  22, 0, 1;0,  0;0,  0> +
        (-0.001391, 0.001666)|  32, 1, 3;0,  0;0,  0> +
        ( 0.001509, 0.000434)|  31, 1, 3;0,  0;0,  0> +
        (-0.001257, 0.000076)|  31, 3, 1;0,  0;0,  0> +
        (-0.000994, 0.000332)|  23, 0, 1;0,  0;0,  0> +
        ( 0.000915,-0.000464)|  23, 2, 3;0,  0;0,  0> +
        (-0.000986,-0.000221)|  30, 3, 1;0,  0;0,  0> +
        (-0.000096,-0.000815)|  25, 2, 3;0,  0;0,  0> +
        ( 0.000174,-0.000770)|  30, 1, 3;0,  0;0,  0> +
        ( 0.000688, 0.000104)|  32, 2, 2;0,  0;0,  0> +
        ( 0.000609, 0.000248)|  21, 1, 2;0,  0;0,  0> +
        ( 0.000467,-0.000421)|  19, 1, 2;0,  0;0,  0> +
        ( 0.000223,-0.000467)|  25, 2, 2;0,  0;0,  0> +
        (-0.000039,-0.000493)|  20, 1, 1;0,  0;0,  0> +
        (-0.000383, 0.000024)|  18, 0, 3;0,  0;0,  0> +
        ( 0.000070, 0.000375)|  23, 3, 2;0,  0;0,  0> +
        (-0.000258, 0.000224)|  24, 2, 0;0,  0;0,  0> +
         ...
 |24> = (-0.176839, 0.530220)|  10, 1, 2;0,  0;0,  0> +
        ( 0.468083,-0.257415)|  15, 1, 3;0,  0;0,  0> +
        (-0.062478,-0.379776)|  10, 2, 1;0,  0;0,  0> +
        ( 0.288121, 0.005197)|  14, 2, 0;0,  0;0,  0> +
        (-0.133931, 0.182569)|  14, 2, 3;0,  0;0,  0> +
        ( 0.042095,-0.204302)|  12, 1, 1;0,  0;0,  0> +
        (-0.156598, 0.023519)|  10, 3, 0;0,  0;0,  0> +
        (-0.072740,-0.112544)|  14, 0, 2;0,  0;0,  0> +
        (-0.074540, 0.105519)|  14, 0, 1;0,  0;0,  0> +
        ( 0.076896,-0.021096)|  14, 3, 1;0,  0;0,  0> +
        ( 0.061017,-0.022231)|  14, 3, 2;0,  0;0,  0> +
        ( 0.023935, 0.038969)|  13, 2, 2;0,  0;0,  0> +
        (-0.024451, 0.030258)|  13, 2, 0;0,  0;0,  0> +
        ( 0.002509,-0.028867)|  15, 3, 1;0,  0;0,  0> +
        (-0.021829,-0.003017)|  13, 0, 2;0,  0;0,  0> +
        (-0.013038,-0.007086)|  19, 0, 0;0,  0;0,  0> +
        ( 0.013690, 0.002781)|  21, 3, 3;0,  0;0,  0> +
        ( 0.012308, 0.006254)|  13, 1, 3;0,  0;0,  0> +
        ( 0.012519,-0.002364)|  10, 0, 3;0,  0;0,  0> +
        (-0.009400,-0.000062)|  13, 2, 3;0,  0;0,  0> +
        (-0.006003,-0.005922)|  11, 1, 1;0,  0;0,  0> +
        ( 0.005400, 0.004416)|  14, 1, 3;0,  0;0,  0> +
        (-0.000018,-0.005237)|  15, 3, 2;0,  0;0,  0> +
        (-0.004121,-0.000441)|  22, 3, 3;0,  0;0,  0> +
        (-0.001937,-0.003294)|  13, 3, 2;0,  0;0,  0> +
        ( 0.000453,-0.001826)|   9, 2, 1;0,  0;0,  0> +
        ( 0.001314, 0.000442)|  14, 1, 0;0,  0;0,  0> +
        (-0.001116,-0.000561)|  20, 3, 3;0,  0;0,  0> +
        ( 0.000090,-0.001231)|  16, 1, 3;0,  0;0,  0> +
        ( 0.000525,-0.000831)|  13, 1, 0;0,  0;0,  0> +
        (-0.000020,-0.000921)|   9, 0, 3;0,  0;0,  0> +
        ( 0.000538,-0.000587)|  13, 0, 1;0,  0;0,  0> +
        ( 0.000150,-0.000557)|  12, 2, 2;0,  0;0,  0> +
        (-0.000290,-0.000496)|  13, 1, 1;0,  0;0,  0> +
        ( 0.000458, 0.000108)|  18, 0, 0;0,  0;0,  0> +
        (-0.000267,-0.000295)|   9, 1, 2;0,  0;0,  0> +
         ...
