p2035
# Parameters of the model
#  mass:		    261.00 u
#  charge:	      1.00 e
#  dipole:	      4.74 D
#  B:		    503.65 MHz
#  omega_rho:	      1.40 MHz
#  omega_z:	      0.16 MHz

# Basis truncation:	|26,4,4;2,2>
# omega_1:	      0.28 MHz
# omega_3/5:	      1.39 MHz
# Basis size:		33696

# Active terms of the Hamiltionian:
# 	Nomal modes:	1
# 	T_rot:      	1
# 	V_qd^{(0)}: 	1
# 	V_qd^{(1)}: 	1
# 	V_dd^{(0)}: 	1

# Results of the diagonalisation

# 100 smallest eigenvalues
 5.518517494 6.520830154 7.500464439 8.510484695 9.530233383 10.410308838 10.567586899 10.583415985 11.568034172 11.596578598 11.642575264 12.494701385 12.535568237 12.588729858 13.574409485 13.595948219 13.603432655 14.514715195 14.640940666 14.735452652 15.497739792 15.523471832 15.552286148 15.625804901 15.638424873 15.664151192 16.457067490 16.524501801 16.535230637 16.535512924 16.561014175 16.622951508 17.558877945 17.580070496 17.666900635 17.693321228 17.717208862 17.734413147 18.299974442 18.467006683 18.503013611 18.523542404 18.546562195 18.698768616 19.269153595 19.464817047 19.573463440 19.609109879 19.679830551 19.840103149 20.458236694 20.479331970 20.506950378 20.528661728 20.537027359 20.563137054 20.609882355 20.615396500 20.656436920 20.706392288 21.302553177 21.415029526 21.528495789 21.539680481 21.562553406 21.593040466 21.613338470 21.637874603 21.639249802 21.658573151 22.432241440 22.476745605 22.520647049 22.576820374 22.590726852 22.642152786 22.652996063 22.680950165 22.706312180 22.743373871 23.296066284 23.430892944 23.496912003 23.559379578 23.580951691 23.637517929 23.678249359 23.680870056 23.777688980 23.794235229 24.398647308 24.414155960 24.510576248 24.514684677 24.621749878 24.627065659 24.663574219 24.690137863 24.722326279 24.852214813

# Ground state and the lowest excitations:
 | 0> = ( 1.0000000, 0.0000000)|   0, 0, 0;0,  0;0,  0> +
        (-0.0000658, 0.0000000)|   0, 0, 0;1,  0;0,  0> +
        ( 0.0000658, 0.0000000)|   0, 0, 0;0,  0;1,  0> +
         ...
 | 1> = (-1.0000004,-0.0000000)|   1, 0, 0;0,  0;0,  0> +
        (-0.0000658,-0.0000000)|   1, 0, 0;0,  0;1,  0> +
        ( 0.0000658,-0.0000000)|   1, 0, 0;1,  0;0,  0> +
        (-0.0000109,-0.0000000)|   2, 0, 0;0,  0;0,  0> +
         ...
 | 2> = ( 1.0000001,-0.0000000)|   2, 0, 0;0,  0;0,  0> +
        ( 0.0001631,-0.0000000)|   0, 2, 0;0,  0;0,  0> +
        ( 0.0001631, 0.0000000)|   0, 0, 2;0,  0;0,  0> +
        ( 0.0000658, 0.0000000)|   2, 0, 0;0,  0;1,  0> +
        (-0.0000658, 0.0000000)|   2, 0, 0;1,  0;0,  0> +
        (-0.0000109,-0.0000000)|   1, 0, 0;0,  0;0,  0> +
         ...
 | 3> = ( 0.9999862,-0.0000000)|   3, 0, 0;0,  0;0,  0> +
        ( 0.0038526, 0.0000000)|   0, 1, 0;0,  0;0,  0> +
        ( 0.0000000,-0.0035313)|   0, 0, 1;0,  0;0,  0> +
        (-0.0002488,-0.0000000)|   1, 2, 0;0,  0;0,  0> +
        (-0.0002481, 0.0000000)|   1, 0, 2;0,  0;0,  0> +
        ( 0.0000658, 0.0000000)|   3, 0, 0;0,  0;1,  0> +
        (-0.0000658, 0.0000000)|   3, 0, 0;1,  0;0,  0> +
        ( 0.0000092,-0.0000000)|   0, 0, 2;0,  0;0,  0> +
        (-0.0000085, 0.0000000)|   0, 2, 0;0,  0;0,  0> +
         ...
 | 4> = ( 0.9998494, 0.0000000)|   4, 0, 0;0,  0;0,  0> +
        (-0.0119713, 0.0000000)|   1, 1, 0;0,  0;0,  0> +
        ( 0.0000000,-0.0119566)|   1, 0, 1;0,  0;0,  0> +
        ( 0.0022508, 0.0000000)|   0, 2, 0;0,  0;0,  0> +
        (-0.0022507,-0.0000000)|   0, 0, 2;0,  0;0,  0> +
        (-0.0014847, 0.0000000)|   2, 2, 0;0,  0;0,  0> +
        (-0.0014847,-0.0000000)|   2, 0, 2;0,  0;0,  0> +
        ( 0.0003311, 0.0000000)|   0, 2, 2;0,  0;0,  0> +
        (-0.0000658, 0.0000000)|   4, 0, 0;1,  0;0,  0> +
        ( 0.0000658, 0.0000000)|   4, 0, 0;0,  0;1,  0> +
        (-0.0000000,-0.0000371)|   0, 1, 1;0,  0;0,  0> +
        ( 0.0000294,-0.0000000)|   1, 2, 0;0,  0;0,  0> +
        (-0.0000256, 0.0000000)|   1, 0, 2;0,  0;0,  0> +
        ( 0.0000098,-0.0000000)|   0, 3, 0;0,  0;0,  0> +
        (-0.0000000, 0.0000094)|   0, 0, 3;0,  0;0,  0> +
        ( 0.0000065,-0.0000000)|   0, 1, 2;0,  0;0,  0> +
        (-0.0000000, 0.0000062)|   0, 2, 1;0,  0;0,  0> +
        (-0.0000045, 0.0000000)|   2, 1, 0;0,  0;0,  0> +
        ( 0.0000000,-0.0000044)|   2, 0, 1;0,  0;0,  0> +
        ( 0.0000000,-0.0000013)|   0, 0, 1;0,  0;0,  0> +
        ( 0.0000013, 0.0000000)|   0, 1, 0;0,  0;0,  0> +
         ...
 | 5> = ( 0.9999158,-0.0002062)|   5, 0, 0;0,  0;0,  0> +
        (-0.0006379,-0.0087825)|   2, 0, 1;0,  0;0,  0> +
        ( 0.0085189,-0.0006444)|   2, 1, 0;0,  0;0,  0> +
        (-0.0021051, 0.0000000)|   1, 2, 0;0,  0;0,  0> +
        ( 0.0021051,-0.0000000)|   1, 0, 2;0,  0;0,  0> +
        (-0.0000980,-0.0016541)|   0, 0, 3;0,  0;0,  0> +
        ( 0.0014695,-0.0000676)|   0, 3, 0;0,  0;0,  0> +
        (-0.0001004, 0.0013724)|   2, 0, 2;0,  0;0,  0> +
        (-0.0000402,-0.0013724)|   2, 2, 0;0,  0;0,  0> +
        (-0.0012341,-0.0000741)|   0, 1, 2;0,  0;0,  0> +
        ( 0.0000015, 0.0009883)|   0, 3, 3;0,  0;0,  0> +
        ( 0.0004774, 0.0000000)|   0, 2, 2;0,  0;0,  0> +
        ( 0.0002751,-0.0000048)|   3, 0, 2;0,  0;0,  0> +
        (-0.0000217, 0.0002505)|   0, 2, 1;0,  0;0,  0> +
        (-0.0002398,-0.0000002)|   2, 2, 2;0,  0;0,  0> +
        (-0.0001740,-0.0000001)|   1, 2, 2;0,  0;0,  0> +
        ( 0.0000003, 0.0001560)|   0, 3, 1;0,  0;0,  0> +
        (-0.0001448, 0.0000009)|   0, 3, 2;0,  0;0,  0> +
        ( 0.0000024,-0.0001413)|   0, 2, 3;0,  0;0,  0> +
        ( 0.0000012, 0.0000838)|   1, 0, 3;0,  0;0,  0> +
        ( 0.0000768, 0.0000016)|   1, 3, 0;0,  0;0,  0> +
        ( 0.0000658,-0.0000000)|   5, 0, 0;0,  0;1,  0> +
        (-0.0000658, 0.0000000)|   5, 0, 0;1,  0;0,  0> +
        (-0.0000641, 0.0000080)|   3, 2, 0;0,  0;0,  0> +
        (-0.0000012, 0.0000480)|   1, 2, 1;0,  0;0,  0> +
        ( 0.0000475, 0.0000005)|   1, 1, 2;0,  0;0,  0> +
        ( 0.0000011, 0.0000387)|   0, 1, 1;0,  0;0,  0> +
        (-0.0000212,-0.0000000)|   4, 2, 0;0,  0;0,  0> +
        (-0.0000201,-0.0000001)|   4, 0, 2;0,  0;0,  0> +
        ( 0.0000000, 0.0000175)|   0, 1, 3;0,  0;0,  0> +
        ( 0.0000008, 0.0000161)|   1, 0, 1;0,  0;0,  0> +
        (-0.0000150, 0.0000008)|   1, 1, 0;0,  0;0,  0> +
        (-0.0000077, 0.0000003)|   3, 1, 0;0,  0;0,  0> +
        ( 0.0000003,-0.0000067)|   3, 0, 1;0,  0;0,  0> +
        (-0.0000019,-0.0000000)|   0, 2, 0;0,  0;0,  0> +
        ( 0.0000019, 0.0000000)|   0, 0, 2;0,  0;0,  0> +
        (-0.0000017, 0.0000000)|   3, 2, 2;0,  0;0,  0> +
         ...
 | 6> = (-0.8049772, 0.0000000)|   0, 1, 0;0,  0;0,  0> +
        (-0.0000000,-0.5933051)|   0, 0, 1;0,  0;0,  0> +
        ( 0.0010060, 0.0000000)|   3, 0, 0;0,  0;0,  0> +
        (-0.0000530,-0.0000000)|   0, 1, 0;0,  0;1,  0> +
        ( 0.0000530,-0.0000000)|   0, 1, 0;1,  0;0,  0> +
        ( 0.0000484, 0.0000000)|   1, 0, 2;0,  0;0,  0> +
        ( 0.0000482,-0.0000000)|   1, 2, 0;0,  0;0,  0> +
        ( 0.0000000, 0.0000390)|   0, 0, 1;1,  0;0,  0> +
        (-0.0000000,-0.0000390)|   0, 0, 1;0,  0;1,  0> +
        (-0.0000200,-0.0000000)|   0, 2, 0;0,  0;0,  0> +
        (-0.0000109, 0.0000000)|   0, 0, 2;0,  0;0,  0> +
        ( 0.0000031, 0.0000000)|   1, 1, 0;0,  0;0,  0> +
        (-0.0000024, 0.0000001)|   2, 1, 0;0,  0;0,  0> +
        ( 0.0000000, 0.0000021)|   1, 0, 1;0,  0;0,  0> +
         ...
 | 7> = ( 0.0000000,-0.8049700)|   0, 0, 1;0,  0;0,  0> +
        ( 0.5932932,-0.0000000)|   0, 1, 0;0,  0;0,  0> +
        (-0.0051286, 0.0000000)|   3, 0, 0;0,  0;0,  0> +
        (-0.0003361,-0.0000000)|   1, 0, 2;0,  0;0,  0> +
        (-0.0003332, 0.0000000)|   1, 2, 0;0,  0;0,  0> +
        (-0.0000000, 0.0000530)|   0, 0, 1;1,  0;0,  0> +
        ( 0.0000000,-0.0000530)|   0, 0, 1;0,  0;1,  0> +
        ( 0.0000390, 0.0000000)|   0, 1, 0;0,  0;1,  0> +
        (-0.0000390, 0.0000000)|   0, 1, 0;1,  0;0,  0> +
        (-0.0000330,-0.0000000)|   0, 0, 2;0,  0;0,  0> +
        ( 0.0000284, 0.0000000)|   0, 2, 0;0,  0;0,  0> +
        (-0.0000151,-0.0000000)|   1, 1, 0;0,  0;0,  0> +
        (-0.0000000,-0.0000119)|   1, 0, 1;0,  0;0,  0> +
        (-0.0000023,-0.0000000)|   4, 0, 0;0,  0;0,  0> +
        ( 0.0000017,-0.0000001)|   2, 1, 0;0,  0;0,  0> +
        (-0.0000001,-0.0000015)|   2, 0, 1;0,  0;0,  0> +
        ( 0.0000014, 0.0000000)|   0, 2, 2;0,  0;0,  0> +
         ...
 | 8> = (-0.7364527,-0.0008050)|   1, 1, 0;0,  0;0,  0> +
        (-0.0007983, 0.6764727)|   1, 0, 1;0,  0;0,  0> +
        ( 0.0022964,-0.0000069)|   0, 3, 0;0,  0;0,  0> +
        ( 0.0000073, 0.0022303)|   0, 0, 3;0,  0;0,  0> +
        (-0.0015808, 0.0000475)|   1, 2, 0;0,  0;0,  0> +
        ( 0.0015797,-0.0000475)|   1, 0, 2;0,  0;0,  0> +
        ( 0.0000038, 0.0012530)|   0, 2, 1;0,  0;0,  0> +
        ( 0.0011312,-0.0000050)|   0, 1, 2;0,  0;0,  0> +
        ( 0.0010196, 0.0000084)|   1, 2, 2;0,  0;0,  0> +
        (-0.0007283,-0.0000002)|   4, 0, 0;0,  0;0,  0> +
        (-0.0007117, 0.0000356)|   2, 1, 0;0,  0;0,  0> +
        (-0.0000746, 0.0003158)|   2, 0, 1;0,  0;0,  0> +
        (-0.0002952,-0.0000323)|   2, 0, 2;0,  0;0,  0> +
        (-0.0002417, 0.0000325)|   2, 2, 0;0,  0;0,  0> +
        ( 0.0001960, 0.0000013)|   0, 0, 2;0,  0;0,  0> +
        (-0.0001960,-0.0000013)|   0, 2, 0;0,  0;0,  0> +
        (-0.0001108,-0.0000000)|   0, 2, 2;0,  0;0,  0> +
        (-0.0000019,-0.0000571)|   0, 1, 1;0,  0;0,  0> +
        (-0.0000485,-0.0000001)|   1, 1, 0;0,  0;1,  0> +
        ( 0.0000485, 0.0000001)|   1, 1, 0;1,  0;0,  0> +
        (-0.0000001, 0.0000445)|   1, 0, 1;0,  0;1,  0> +
        ( 0.0000001,-0.0000445)|   1, 0, 1;1,  0;0,  0> +
        ( 0.0000390,-0.0000003)|   2, 2, 2;0,  0;0,  0> +
        ( 0.0000245,-0.0000022)|   3, 2, 0;0,  0;0,  0> +
        ( 0.0000201,-0.0000029)|   3, 0, 2;0,  0;0,  0> +
        (-0.0000180,-0.0000000)|   5, 0, 0;0,  0;0,  0> +
        (-0.0000023,-0.0000000)|   0, 1, 0;0,  0;0,  0> +
        (-0.0000000, 0.0000019)|   0, 0, 1;0,  0;0,  0> +
         ...
 | 9> = (-0.0000305, 0.7363551)|   1, 0, 1;0,  0;0,  0> +
        ( 0.6763637,-0.0000308)|   1, 1, 0;0,  0;0,  0> +
        ( 0.0168899,-0.0000000)|   4, 0, 0;0,  0;0,  0> +
        ( 0.0036810,-0.0000001)|   0, 2, 0;0,  0;0,  0> +
        (-0.0036809, 0.0000001)|   0, 0, 2;0,  0;0,  0> +
        ( 0.0008956, 0.0000013)|   2, 2, 0;0,  0;0,  0> +
        ( 0.0008937,-0.0000012)|   2, 0, 2;0,  0;0,  0> +
        ( 0.0001419,-0.0000003)|   0, 3, 0;0,  0;0,  0> +
        ( 0.0000003, 0.0001369)|   0, 0, 3;0,  0;0,  0> +
        ( 0.0001055,-0.0000000)|   0, 2, 2;0,  0;0,  0> +
        ( 0.0000924, 0.0000018)|   1, 2, 0;0,  0;0,  0> +
        ( 0.0000001, 0.0000832)|   0, 2, 1;0,  0;0,  0> +
        (-0.0000029, 0.0000810)|   2, 0, 1;0,  0;0,  0> +
        ( 0.0000784,-0.0000002)|   0, 1, 2;0,  0;0,  0> +
        (-0.0000753,-0.0000018)|   1, 0, 2;0,  0;0,  0> +
        (-0.0000001,-0.0000570)|   0, 1, 1;0,  0;0,  0> +
        (-0.0000000, 0.0000484)|   1, 0, 1;0,  0;1,  0> +
        ( 0.0000000,-0.0000484)|   1, 0, 1;1,  0;0,  0> +
        (-0.0000445, 0.0000000)|   1, 1, 0;1,  0;0,  0> +
        ( 0.0000445,-0.0000000)|   1, 1, 0;0,  0;1,  0> +
        ( 0.0000380, 0.0000003)|   1, 2, 2;0,  0;0,  0> +
        ( 0.0000373, 0.0000015)|   2, 1, 0;0,  0;0,  0> +
        ( 0.0000142,-0.0000000)|   0, 1, 0;0,  0;0,  0> +
        (-0.0000000,-0.0000136)|   0, 0, 1;0,  0;0,  0> +
        ( 0.0000016,-0.0000000)|   2, 2, 2;0,  0;0,  0> +
        ( 0.0000011,-0.0000001)|   3, 2, 0;0,  0;0,  0> +
        (-0.0000011, 0.0000000)|   4, 0, 0;1,  0;0,  0> +
        ( 0.0000011,-0.0000000)|   4, 0, 0;0,  0;1,  0> +
         ...
 |10> = (-0.9999632,-0.0060607)|   6, 0, 0;0,  0;0,  0> +
        ( 0.0029177, 0.0001955)|   3, 1, 0;0,  0;0,  0> +
        ( 0.0001970, 0.0028941)|   3, 0, 1;0,  0;0,  0> +
        (-0.0000880,-0.0015989)|   0, 2, 1;0,  0;0,  0> +
        ( 0.0015524,-0.0001607)|   1, 3, 0;0,  0;0,  0> +
        ( 0.0015314,-0.0000025)|   3, 0, 2;0,  0;0,  0> +
        (-0.0001298,-0.0015086)|   0, 0, 3;0,  0;0,  0> +
        (-0.0002076, 0.0014011)|   1, 0, 3;0,  0;0,  0> +
        ( 0.0012977,-0.0001162)|   0, 3, 0;0,  0;0,  0> +
        ( 0.0000043,-0.0011504)|   0, 2, 3;0,  0;0,  0> +
        ( 0.0000308, 0.0009782)|   1, 2, 1;0,  0;0,  0> +
        ( 0.0009548,-0.0000472)|   1, 1, 2;0,  0;0,  0> +
        (-0.0007131, 0.0000001)|   2, 2, 2;0,  0;0,  0> +
        (-0.0006450, 0.0000041)|   2, 3, 0;0,  0;0,  0> +
        ( 0.0005979,-0.0001112)|   0, 1, 2;0,  0;0,  0> +
        (-0.0000066,-0.0005958)|   2, 0, 3;0,  0;0,  0> +
        ( 0.0005567,-0.0000126)|   4, 2, 0;0,  0;0,  0> +
        (-0.0000046,-0.0004656)|   2, 0, 2;0,  0;0,  0> +
        ( 0.0000046, 0.0004656)|   2, 2, 0;0,  0;0,  0> +
        (-0.0004429, 0.0000030)|   2, 1, 2;0,  0;0,  0> +
        ( 0.0000000,-0.0004248)|   0, 3, 3;0,  0;0,  0> +
        ( 0.0000006, 0.0003979)|   1, 3, 3;0,  0;0,  0> +
        (-0.0000037,-0.0003969)|   2, 2, 1;0,  0;0,  0> +
        (-0.0003090,-0.0000001)|   1, 2, 2;0,  0;0,  0> +
        ( 0.0000022,-0.0002969)|   0, 3, 1;0,  0;0,  0> +
        ( 0.0002569, 0.0000000)|   3, 2, 2;0,  0;0,  0> +
        ( 0.0002362,-0.0000015)|   1, 3, 2;0,  0;0,  0> +
        (-0.0002289, 0.0000015)|   3, 2, 0;0,  0;0,  0> +
        ( 0.0000015, 0.0002259)|   1, 2, 3;0,  0;0,  0> +
        ( 0.0002140, 0.0000207)|   4, 0, 2;0,  0;0,  0> +
        (-0.0001475, 0.0000045)|   0, 3, 2;0,  0;0,  0> +
        (-0.0000658,-0.0000004)|   6, 0, 0;0,  0;1,  0> +
        ( 0.0000658, 0.0000004)|   6, 0, 0;1,  0;0,  0> +
        (-0.0000540,-0.0000001)|   4, 1, 0;0,  0;0,  0> +
        (-0.0000001,-0.0000523)|   4, 0, 1;0,  0;0,  0> +
        (-0.0000006,-0.0000356)|   1, 1, 1;0,  0;0,  0> +
        (-0.0000154, 0.0000080)|   0, 1, 3;0,  0;0,  0> +
        ( 0.0000005, 0.0000118)|   1, 1, 3;0,  0;0,  0> +
        (-0.0000108, 0.0000001)|   4, 2, 2;0,  0;0,  0> +
        (-0.0000000,-0.0000074)|   2, 3, 3;0,  0;0,  0> +
        (-0.0000001,-0.0000036)|   0, 1, 1;0,  0;0,  0> +
        (-0.0000034,-0.0000001)|   5, 0, 0;0,  0;0,  0> +
        (-0.0000018,-0.0000002)|   8, 0, 0;0,  0;0,  0> +
        (-0.0000017, 0.0000000)|   2, 3, 2;0,  0;0,  0> +
        ( 0.0000000, 0.0000014)|   1, 0, 1;0,  0;0,  0> +
        (-0.0000014, 0.0000000)|   1, 1, 0;0,  0;0,  0> +
        ( 0.0000013, 0.0000000)|   7, 0, 0;0,  0;0,  0> +
        (-0.0000007, 0.0000010)|   0, 2, 0;0,  0;1,  0> +
        ( 0.0000012,-0.0000001)|   2, 1, 0;0,  0;0,  0> +
        (-0.0000011, 0.0000000)|   2, 2, 0;0,  0;1,  0> +
         ...
 |11> = ( 0.7131688,-0.0005520)|   2, 1, 0;0,  0;0,  0> +
        (-0.0007925, 0.7009889)|   2, 0, 1;0,  0;0,  0> +
        (-0.0000015, 0.0010841)|   0, 1, 1;0,  0;0,  0> +
        (-0.0009331, 0.0001194)|   2, 2, 0;0,  0;0,  0> +
        ( 0.0009392, 0.0000159)|   0, 3, 0;0,  0;0,  0> +
        (-0.0008602,-0.0001194)|   2, 0, 2;0,  0;0,  0> +
        ( 0.0000203, 0.0007705)|   0, 0, 3;0,  0;0,  0> +
        ( 0.0000068, 0.0002790)|   0, 2, 1;0,  0;0,  0> +
        (-0.0002635,-0.0000549)|   1, 1, 0;0,  0;0,  0> +
        ( 0.0002142,-0.0000005)|   1, 2, 0;0,  0;0,  0> +
        (-0.0002136, 0.0000005)|   1, 0, 2;0,  0;0,  0> +
        (-0.0002066, 0.0000146)|   0, 1, 2;0,  0;0,  0> +
        ( 0.0001481,-0.0000011)|   2, 2, 2;0,  0;0,  0> +
        (-0.0000546, 0.0001299)|   1, 0, 1;0,  0;0,  0> +
        ( 0.0001121,-0.0000078)|   3, 2, 0;0,  0;0,  0> +
        ( 0.0000960,-0.0000099)|   3, 0, 2;0,  0;0,  0> +
        ( 0.0000809,-0.0000007)|   5, 0, 0;0,  0;0,  0> +
        (-0.0000469, 0.0000000)|   2, 1, 0;1,  0;0,  0> +
        ( 0.0000469,-0.0000000)|   2, 1, 0;0,  0;1,  0> +
        (-0.0000001, 0.0000461)|   2, 0, 1;0,  0;1,  0> +
        ( 0.0000001,-0.0000461)|   2, 0, 1;1,  0;0,  0> +
        ( 0.0000355, 0.0000002)|   1, 2, 2;0,  0;0,  0> +
        (-0.0000261,-0.0000000)|   0, 2, 2;0,  0;0,  0> +
        (-0.0000001,-0.0000111)|   0, 2, 3;0,  0;0,  0> +
        (-0.0000106, 0.0000001)|   0, 3, 2;0,  0;0,  0> +
        ( 0.0000061,-0.0000000)|   0, 0, 2;0,  0;0,  0> +
        (-0.0000061, 0.0000000)|   0, 2, 0;0,  0;0,  0> +
        (-0.0000000,-0.0000059)|   0, 3, 3;0,  0;0,  0> +
        ( 0.0000021,-0.0000000)|   4, 0, 0;0,  0;0,  0> +
        (-0.0000012, 0.0000000)|   0, 1, 0;0,  0;0,  0> +
        (-0.0000012,-0.0000001)|   1, 3, 0;0,  0;0,  0> +
        (-0.0000000,-0.0000011)|   1, 0, 3;0,  0;0,  0> +
         ...
 |12> = ( 0.9998474, 0.0140958)|   7, 0, 0;0,  0;0,  0> +
        ( 0.0061673, 0.0014563)|   4, 1, 0;0,  0;0,  0> +
        ( 0.0002006, 0.0055795)|   1, 1, 1;0,  0;0,  0> +
        ( 0.0000957, 0.0022808)|   2, 0, 3;0,  0;0,  0> +
        ( 0.0000202,-0.0019764)|   2, 1, 3;0,  0;0,  0> +
        (-0.0018820, 0.0001147)|   2, 1, 2;0,  0;0,  0> +
        (-0.0000036, 0.0018230)|   2, 3, 1;0,  0;0,  0> +
        (-0.0004707, 0.0015840)|   0, 1, 3;0,  0;0,  0> +
        ( 0.0014642, 0.0006068)|   4, 0, 1;0,  0;0,  0> +
        ( 0.0000681, 0.0013277)|   0, 3, 1;0,  0;0,  0> +
        ( 0.0012707,-0.0000085)|   2, 3, 0;0,  0;0,  0> +
        ( 0.0000022, 0.0011176)|   3, 3, 3;0,  0;0,  0> +
        ( 0.0000321, 0.0011046)|   0, 2, 1;0,  0;0,  0> +
        ( 0.0009719, 0.0001181)|   1, 3, 0;0,  0;0,  0> +
        ( 0.0000930, 0.0008556)|   1, 0, 3;0,  0;0,  0> +
        ( 0.0006405,-0.0000225)|   4, 2, 0;0,  0;0,  0> +
        (-0.0000052,-0.0005927)|   0, 0, 3;0,  0;0,  0> +
        ( 0.0003583,-0.0004512)|   3, 1, 0;0,  0;0,  0> +
        (-0.0004491,-0.0003550)|   3, 0, 1;0,  0;0,  0> +
        (-0.0005318, 0.0000104)|   0, 1, 2;0,  0;0,  0> +
        (-0.0004576, 0.0001042)|   1, 1, 2;0,  0;0,  0> +
        (-0.0004127,-0.0000070)|   2, 3, 2;0,  0;0,  0> +
        (-0.0004122, 0.0000047)|   1, 3, 2;0,  0;0,  0> +
        ( 0.0004111,-0.0000000)|   1, 2, 2;0,  0;0,  0> +
        (-0.0004074, 0.0000232)|   4, 0, 2;0,  0;0,  0> +
        ( 0.0000047, 0.0004000)|   1, 2, 3;0,  0;0,  0> +
        (-0.0003288, 0.0000000)|   3, 2, 2;0,  0;0,  0> +
        (-0.0000003, 0.0003170)|   2, 1, 1;0,  0;0,  0> +
        (-0.0000047,-0.0002874)|   1, 1, 3;0,  0;0,  0> +
        ( 0.0002609, 0.0000073)|   0, 3, 0;0,  0;0,  0> +
        ( 0.0002368, 0.0000007)|   0, 3, 2;0,  0;0,  0> +
        ( 0.0001457,-0.0001655)|   1, 2, 1;0,  0;0,  0> +
        ( 0.0001481,-0.0000000)|   4, 2, 2;0,  0;0,  0> +
        (-0.0000641, 0.0001283)|   2, 2, 1;0,  0;0,  0> +
        (-0.0000069, 0.0001414)|   2, 2, 3;0,  0;0,  0> +
        ( 0.0001221,-0.0000000)|   2, 2, 2;0,  0;0,  0> +
        (-0.0001003, 0.0000004)|   3, 2, 0;0,  0;0,  0> +
        ( 0.0000899,-0.0000001)|   3, 0, 2;0,  0;0,  0> +
        ( 0.0000658, 0.0000009)|   7, 0, 0;0,  0;1,  0> +
        (-0.0000658,-0.0000009)|   7, 0, 0;1,  0;0,  0> +
        (-0.0000000, 0.0000638)|   0, 3, 3;0,  0;0,  0> +
        ( 0.0000000,-0.0000558)|   1, 3, 3;0,  0;0,  0> +
        ( 0.0000007, 0.0000548)|   0, 2, 3;0,  0;0,  0> +
        ( 0.0000000,-0.0000525)|   4, 3, 3;0,  0;0,  0> +
        (-0.0000001,-0.0000376)|   2, 3, 3;0,  0;0,  0> +
        ( 0.0000224,-0.0000302)|   1, 3, 1;0,  0;0,  0> +
        (-0.0000002, 0.0000300)|   3, 0, 3;0,  0;0,  0> +
        ( 0.0000261, 0.0000003)|   3, 3, 0;0,  0;0,  0> +
        (-0.0000001, 0.0000176)|   3, 2, 1;0,  0;0,  0> +
        ( 0.0000144, 0.0000002)|   3, 1, 2;0,  0;0,  0> +
        ( 0.0000064, 0.0000000)|   3, 3, 2;0,  0;0,  0> +
        ( 0.0000000, 0.0000059)|   3, 2, 3;0,  0;0,  0> +
        (-0.0000024, 0.0000000)|   5, 0, 0;0,  0;0,  0> +
        (-0.0000001,-0.0000022)|   2, 0, 1;0,  0;0,  0> +
        ( 0.0000018,-0.0000001)|   2, 1, 0;0,  0;0,  0> +
        (-0.0000000, 0.0000013)|   0, 1, 1;0,  0;0,  0> +
        (-0.0000000,-0.0000011)|   2, 0, 2;0,  0;0,  0> +
        ( 0.0000000, 0.0000011)|   2, 2, 0;0,  0;0,  0> +
         ...
 |13> = (-0.0492081,-0.7114094)|   2, 0, 1;0,  0;0,  0> +
        ( 0.6991613,-0.0496992)|   2, 1, 0;0,  0;0,  0> +
        (-0.0122463,-0.0000461)|   5, 0, 0;0,  0;0,  0> +
        ( 0.0000568, 0.0027690)|   0, 0, 3;0,  0;0,  0> +
        ( 0.0026351, 0.0000007)|   1, 2, 0;0,  0;0,  0> +
        (-0.0026351,-0.0000007)|   1, 0, 2;0,  0;0,  0> +
        ( 0.0015682, 0.0000606)|   0, 1, 2;0,  0;0,  0> +
        ( 0.0000778,-0.0014462)|   2, 0, 2;0,  0;0,  0> +
        ( 0.0000040, 0.0014462)|   2, 2, 0;0,  0;0,  0> +
        (-0.0000383, 0.0012235)|   0, 1, 1;0,  0;0,  0> +
        (-0.0000087,-0.0008632)|   0, 2, 3;0,  0;0,  0> +
        (-0.0008282, 0.0000063)|   0, 3, 2;0,  0;0,  0> +
        (-0.0007567,-0.0000001)|   1, 2, 2;0,  0;0,  0> +
        ( 0.0006218,-0.0000000)|   0, 2, 2;0,  0;0,  0> +
        ( 0.0000552, 0.0005103)|   1, 0, 1;0,  0;0,  0> +
        (-0.0005101, 0.0000554)|   1, 1, 0;0,  0;0,  0> +
        ( 0.0004698,-0.0000336)|   3, 2, 0;0,  0;0,  0> +
        (-0.0000004,-0.0004701)|   0, 3, 3;0,  0;0,  0> +
        (-0.0000307, 0.0004004)|   0, 2, 1;0,  0;0,  0> +
        ( 0.0002331,-0.0000443)|   3, 0, 2;0,  0;0,  0> +
        (-0.0001602,-0.0000160)|   2, 2, 2;0,  0;0,  0> +
        ( 0.0000003,-0.0000717)|   1, 0, 3;0,  0;0,  0> +
        (-0.0000649, 0.0000001)|   1, 3, 0;0,  0;0,  0> +
        (-0.0000032,-0.0000468)|   2, 0, 1;0,  0;1,  0> +
        ( 0.0000032, 0.0000468)|   2, 0, 1;1,  0;0,  0> +
        ( 0.0000001,-0.0000462)|   0, 3, 1;0,  0;0,  0> +
        (-0.0000460, 0.0000033)|   2, 1, 0;1,  0;0,  0> +
        ( 0.0000460,-0.0000033)|   2, 1, 0;0,  0;1,  0> +
        (-0.0000421,-0.0000004)|   1, 1, 2;0,  0;0,  0> +
        ( 0.0000007,-0.0000408)|   1, 2, 1;0,  0;0,  0> +
        (-0.0000323, 0.0000036)|   0, 3, 0;0,  0;0,  0> +
        ( 0.0000190,-0.0000000)|   4, 0, 2;0,  0;0,  0> +
        ( 0.0000188, 0.0000000)|   4, 2, 0;0,  0;0,  0> +
        (-0.0000134,-0.0000003)|   0, 0, 2;0,  0;0,  0> +
        ( 0.0000134, 0.0000003)|   0, 2, 0;0,  0;0,  0> +
        ( 0.0000007, 0.0000053)|   3, 0, 1;0,  0;0,  0> +
        ( 0.0000043, 0.0000006)|   3, 1, 0;0,  0;0,  0> +
        ( 0.0000001,-0.0000042)|   0, 1, 3;0,  0;0,  0> +
        (-0.0000027,-0.0000000)|   0, 1, 0;0,  0;0,  0> +
        ( 0.0000000, 0.0000011)|   0, 0, 1;0,  0;0,  0> +
         ...
 |14> = (-0.4399506, 0.5550612)|   3, 1, 0;0,  0;0,  0> +
        ( 0.5524793, 0.4345926)|   3, 0, 1;0,  0;0,  0> +
        ( 0.0001965,-0.0457444)|   4, 0, 1;0,  0;0,  0> +
        (-0.0455919,-0.0001646)|   4, 1, 0;0,  0;0,  0> +
        ( 0.0041802,-0.0002091)|   0, 1, 2;0,  0;0,  0> +
        (-0.0003016,-0.0033300)|   0, 0, 3;0,  0;0,  0> +
        (-0.0001205,-0.0032030)|   1, 0, 3;0,  0;0,  0> +
        (-0.0023141, 0.0000974)|   4, 2, 0;0,  0;0,  0> +
        ( 0.0020699,-0.0003090)|   0, 3, 0;0,  0;0,  0> +
        (-0.0000346, 0.0020620)|   1, 1, 1;0,  0;0,  0> +
        (-0.0002222,-0.0020039)|   0, 2, 1;0,  0;0,  0> +
        (-0.0000093,-0.0018763)|   1, 1, 3;0,  0;0,  0> +
        ( 0.0006060,-0.0017533)|   0, 1, 3;0,  0;0,  0> +
        ( 0.0016541, 0.0000107)|   3, 2, 0;0,  0;0,  0> +
        (-0.0012746,-0.0001475)|   1, 3, 0;0,  0;0,  0> +
        ( 0.0011165, 0.0000156)|   7, 0, 0;0,  0;0,  0> +
        (-0.0010669,-0.0000115)|   3, 0, 2;0,  0;0,  0> +
        (-0.0008650,-0.0000139)|   4, 2, 2;0,  0;0,  0> +
        ( 0.0000599, 0.0008545)|   1, 2, 1;0,  0;0,  0> +
        (-0.0007977,-0.0000877)|   4, 0, 2;0,  0;0,  0> +
        (-0.0000157,-0.0007729)|   2, 3, 3;0,  0;0,  0> +
        (-0.0006544, 0.0000002)|   2, 2, 2;0,  0;0,  0> +
        ( 0.0000032, 0.0005399)|   2, 0, 2;0,  0;0,  0> +
        (-0.0000032,-0.0005398)|   2, 2, 0;0,  0;0,  0> +
        (-0.0000863, 0.0004026)|   0, 3, 1;0,  0;0,  0> +
        ( 0.0000050, 0.0004025)|   0, 2, 3;0,  0;0,  0> +
        (-0.0000000, 0.0003858)|   0, 3, 3;0,  0;0,  0> +
        ( 0.0000123, 0.0003616)|   1, 2, 3;0,  0;0,  0> +
        (-0.0000082,-0.0003337)|   1, 3, 3;0,  0;0,  0> +
        ( 0.0000246, 0.0003046)|   2, 0, 3;0,  0;0,  0> +
        ( 0.0002937, 0.0000240)|   2, 3, 0;0,  0;0,  0> +
        ( 0.0002869, 0.0000284)|   1, 3, 2;0,  0;0,  0> +
        ( 0.0001984, 0.0001938)|   6, 0, 0;0,  0;0,  0> +
        ( 0.0001937,-0.0000018)|   2, 1, 2;0,  0;0,  0> +
        ( 0.0001803, 0.0000015)|   2, 3, 2;0,  0;0,  0> +
        (-0.0000008, 0.0001656)|   2, 2, 3;0,  0;0,  0> +
        (-0.0001220, 0.0000735)|   1, 1, 2;0,  0;0,  0> +
        ( 0.0000028, 0.0001268)|   2, 2, 1;0,  0;0,  0> +
        ( 0.0000730,-0.0000001)|   1, 2, 2;0,  0;0,  0> +
        (-0.0000289, 0.0000365)|   3, 1, 0;0,  0;1,  0> +
        ( 0.0000289,-0.0000365)|   3, 1, 0;1,  0;0,  0> +
        (-0.0000364,-0.0000286)|   3, 0, 1;1,  0;0,  0> +
        ( 0.0000364, 0.0000286)|   3, 0, 1;0,  0;1,  0> +
        (-0.0000449,-0.0000040)|   3, 2, 2;0,  0;0,  0> +
        ( 0.0000027,-0.0000265)|   1, 3, 1;0,  0;0,  0> +
        ( 0.0000003,-0.0000197)|   0, 1, 1;0,  0;0,  0> +
        ( 0.0000139, 0.0000053)|   0, 3, 2;0,  0;0,  0> +
        (-0.0000000,-0.0000058)|   2, 1, 1;0,  0;0,  0> +
        (-0.0000055, 0.0000001)|   5, 0, 0;0,  0;0,  0> +
        (-0.0000000,-0.0000048)|   2, 1, 3;0,  0;0,  0> +
        ( 0.0000042,-0.0000003)|   2, 1, 0;0,  0;0,  0> +
        ( 0.0000000, 0.0000030)|   4, 0, 1;1,  0;0,  0> +
        (-0.0000000,-0.0000030)|   4, 0, 1;0,  0;1,  0> +
        (-0.0000030,-0.0000000)|   4, 1, 0;0,  0;1,  0> +
        ( 0.0000030, 0.0000000)|   4, 1, 0;1,  0;0,  0> +
        ( 0.0000001, 0.0000027)|   2, 3, 1;0,  0;0,  0> +
        (-0.0000004,-0.0000013)|   2, 0, 1;0,  0;0,  0> +
        ( 0.0000000, 0.0000010)|   3, 3, 3;0,  0;0,  0> +
         ...
 |15> = ( 0.0015763, 0.7097675)|   3, 0, 1;0,  0;0,  0> +
        ( 0.7044041, 0.0010414)|   3, 1, 0;0,  0;0,  0> +
        ( 0.0041047, 0.0000254)|   6, 0, 0;0,  0;0,  0> +
        ( 0.0001103, 0.0022318)|   0, 0, 3;0,  0;0,  0> +
        ( 0.0017345, 0.0000000)|   3, 0, 2;0,  0;0,  0> +
        (-0.0000145,-0.0017279)|   2, 2, 0;0,  0;0,  0> +
        ( 0.0000144, 0.0017279)|   2, 0, 2;0,  0;0,  0> +
        (-0.0016518, 0.0000415)|   0, 1, 2;0,  0;0,  0> +
        (-0.0014347, 0.0000011)|   3, 2, 0;0,  0;0,  0> +
        ( 0.0008889, 0.0000000)|   1, 2, 2;0,  0;0,  0> +
        ( 0.0008375,-0.0000010)|   4, 0, 2;0,  0;0,  0> +
        ( 0.0008354, 0.0000037)|   0, 3, 2;0,  0;0,  0> +
        ( 0.0007190, 0.0000011)|   4, 2, 0;0,  0;0,  0> +
        ( 0.0000023,-0.0007017)|   1, 0, 3;0,  0;0,  0> +
        (-0.0006915, 0.0000009)|   1, 3, 0;0,  0;0,  0> +
        ( 0.0004631, 0.0000038)|   3, 2, 2;0,  0;0,  0> +
        (-0.0000030,-0.0004264)|   1, 2, 1;0,  0;0,  0> +
        (-0.0004095, 0.0000011)|   1, 1, 2;0,  0;0,  0> +
        ( 0.0000420,-0.0004014)|   0, 2, 1;0,  0;0,  0> +
        (-0.0000000, 0.0001853)|   0, 3, 3;0,  0;0,  0> +
        (-0.0001714,-0.0000001)|   2, 2, 2;0,  0;0,  0> +
        (-0.0000292, 0.0001105)|   0, 3, 0;0,  0;0,  0> +
        (-0.0001009,-0.0000020)|   4, 1, 0;0,  0;0,  0> +
        (-0.0000012,-0.0000962)|   4, 0, 1;0,  0;0,  0> +
        (-0.0000001,-0.0000467)|   3, 0, 1;1,  0;0,  0> +
        ( 0.0000001, 0.0000467)|   3, 0, 1;0,  0;1,  0> +
        (-0.0000463,-0.0000001)|   3, 1, 0;1,  0;0,  0> +
        ( 0.0000463, 0.0000001)|   3, 1, 0;0,  0;1,  0> +
        ( 0.0000424,-0.0000001)|   2, 3, 0;0,  0;0,  0> +
        ( 0.0000001, 0.0000353)|   2, 0, 3;0,  0;0,  0> +
        ( 0.0000039, 0.0000240)|   0, 2, 3;0,  0;0,  0> +
        ( 0.0000228,-0.0000000)|   2, 1, 2;0,  0;0,  0> +
        ( 0.0000000, 0.0000208)|   2, 2, 1;0,  0;0,  0> +
        (-0.0000004, 0.0000176)|   0, 3, 1;0,  0;0,  0> +
        ( 0.0000007, 0.0000126)|   0, 1, 1;0,  0;0,  0> +
        ( 0.0000069, 0.0000002)|   5, 0, 0;0,  0;0,  0> +
        (-0.0000005,-0.0000069)|   1, 1, 1;0,  0;0,  0> +
        (-0.0000000,-0.0000049)|   1, 1, 3;0,  0;0,  0> +
        (-0.0000000,-0.0000044)|   1, 3, 3;0,  0;0,  0> +
        (-0.0000001,-0.0000033)|   1, 0, 1;0,  0;0,  0> +
        (-0.0000031,-0.0000001)|   2, 1, 0;0,  0;0,  0> +
        ( 0.0000026,-0.0000001)|   1, 1, 0;0,  0;0,  0> +
        ( 0.0000025, 0.0000000)|   7, 0, 0;0,  0;0,  0> +
        ( 0.0000002, 0.0000022)|   2, 0, 1;0,  0;0,  0> +
        (-0.0000021,-0.0000000)|   4, 2, 2;0,  0;0,  0> +
        (-0.0000000,-0.0000016)|   2, 3, 3;0,  0;0,  0> +
        ( 0.0000013,-0.0000009)|   0, 1, 3;0,  0;0,  0> +
        (-0.0000015,-0.0000000)|   1, 2, 0;0,  0;0,  0> +
        ( 0.0000014, 0.0000000)|   1, 0, 2;0,  0;0,  0> +
        (-0.0000011, 0.0000001)|   1, 3, 2;0,  0;0,  0> +
        (-0.0000010,-0.0000000)|   4, 0, 0;0,  0;0,  0> +
         ...
 |16> = ( 0.9951506, 0.0980031)|   8, 0, 0;0,  0;0,  0> +
        ( 0.0000341, 0.0039078)|   2, 1, 1;0,  0;0,  0> +
        (-0.0003171, 0.0032504)|   1, 0, 3;0,  0;0,  0> +
        ( 0.0030842,-0.0005490)|   1, 1, 2;0,  0;0,  0> +
        (-0.0028437, 0.0001001)|   2, 1, 2;0,  0;0,  0> +
        (-0.0006395, 0.0020382)|   0, 1, 3;0,  0;0,  0> +
        (-0.0020367, 0.0000806)|   4, 2, 0;0,  0;0,  0> +
        ( 0.0016291,-0.0000817)|   4, 0, 2;0,  0;0,  0> +
        ( 0.0012902, 0.0000472)|   5, 1, 0;0,  0;0,  0> +
        (-0.0000783,-0.0012080)|   2, 2, 1;0,  0;0,  0> +
        (-0.0010709,-0.0000717)|   1, 2, 1;0,  0;0,  0> +
        ( 0.0000923, 0.0010279)|   0, 3, 1;0,  0;0,  0> +
        (-0.0000068, 0.0010000)|   0, 2, 3;0,  0;0,  0> +
        (-0.0009970, 0.0000082)|   1, 3, 2;0,  0;0,  0> +
        (-0.0000799,-0.0009256)|   5, 0, 1;0,  0;0,  0> +
        ( 0.0000159,-0.0008958)|   2, 1, 3;0,  0;0,  0> +
        (-0.0006014,-0.0006221)|   1, 3, 0;0,  0;0,  0> +
        (-0.0000439, 0.0007553)|   3, 0, 3;0,  0;0,  0> +
        ( 0.0000002, 0.0007271)|   2, 3, 3;0,  0;0,  0> +
        ( 0.0006897,-0.0000000)|   3, 2, 2;0,  0;0,  0> +
        ( 0.0006564,-0.0000595)|   3, 3, 0;0,  0;0,  0> +
        ( 0.0000099,-0.0006442)|   2, 3, 1;0,  0;0,  0> +
        (-0.0000104,-0.0006320)|   1, 1, 3;0,  0;0,  0> +
        ( 0.0000311, 0.0005958)|   0, 2, 1;0,  0;0,  0> +
        ( 0.0000084, 0.0005619)|   1, 2, 3;0,  0;0,  0> +
        (-0.0001673,-0.0005137)|   5, 3, 3;0,  0;0,  0> +
        (-0.0005214,-0.0000068)|   0, 3, 2;0,  0;0,  0> +
        (-0.0005066, 0.0000270)|   2, 3, 0;0,  0;0,  0> +
        ( 0.0004763, 0.0000422)|   3, 1, 2;0,  0;0,  0> +
        ( 0.0000065,-0.0004605)|   2, 2, 3;0,  0;0,  0> +
        (-0.0004263,-0.0000000)|   2, 2, 2;0,  0;0,  0> +
        ( 0.0003545,-0.0000002)|   4, 2, 2;0,  0;0,  0> +
        (-0.0000196, 0.0003528)|   3, 2, 1;0,  0;0,  0> +
        (-0.0003149, 0.0000305)|   0, 3, 0;0,  0;0,  0> +
        ( 0.0001693,-0.0002552)|   1, 3, 1;0,  0;0,  0> +
        ( 0.0000000,-0.0003033)|   0, 3, 3;0,  0;0,  0> +
        (-0.0003015, 0.0000300)|   0, 1, 2;0,  0;0,  0> +
        ( 0.0000000,-0.0002939)|   1, 3, 3;0,  0;0,  0> +
        (-0.0002801, 0.0000061)|   2, 3, 2;0,  0;0,  0> +
        ( 0.0002614, 0.0000170)|   3, 3, 2;0,  0;0,  0> +
        ( 0.0000170, 0.0002589)|   3, 2, 3;0,  0;0,  0> +
        ( 0.0000000,-0.0001974)|   3, 3, 3;0,  0;0,  0> +
        ( 0.0001270,-0.0000909)|   2, 0, 3;0,  0;0,  0> +
        ( 0.0000299, 0.0001447)|   0, 0, 3;0,  0;0,  0> +
        (-0.0000093, 0.0000652)|   4, 2, 3;0,  0;0,  0> +
        (-0.0000655,-0.0000064)|   8, 0, 0;1,  0;0,  0> +
        ( 0.0000655, 0.0000064)|   8, 0, 0;0,  0;1,  0> +
        ( 0.0000598, 0.0000101)|   4, 3, 2;0,  0;0,  0> +
        (-0.0000462, 0.0000046)|   6, 3, 3;0,  0;0,  0> +
        ( 0.0000281,-0.0000040)|   5, 2, 0;0,  0;0,  0> +
        ( 0.0000266,-0.0000028)|   5, 0, 2;0,  0;0,  0> +
        ( 0.0000006, 0.0000149)|   1, 1, 1;0,  0;0,  0> +
        (-0.0000000, 0.0000136)|   4, 3, 3;0,  0;0,  0> +
        (-0.0000116,-0.0000043)|   4, 1, 0;0,  0;0,  0> +
        (-0.0000121, 0.0000002)|   7, 0, 0;0,  0;0,  0> +
        ( 0.0000077, 0.0000077)|   3, 0, 1;0,  0;0,  0> +
        (-0.0000039, 0.0000078)|   3, 1, 0;0,  0;0,  0> +
        (-0.0000043, 0.0000017)|   4, 0, 1;0,  0;0,  0> +
        ( 0.0000035,-0.0000004)|   9, 0, 0;0,  0;0,  0> +
        ( 0.0000035, 0.0000001)|   3, 2, 0;0,  0;0,  0> +
        ( 0.0000034,-0.0000006)|   6, 0, 0;0,  0;0,  0> +
        ( 0.0000030, 0.0000006)|   5, 2, 2;0,  0;0,  0> +
        (-0.0000024,-0.0000001)|   3, 0, 2;0,  0;0,  0> +
        ( 0.0000000,-0.0000023)|   4, 0, 3;0,  0;0,  0> +
        ( 0.0000000, 0.0000021)|   3, 1, 1;0,  0;0,  0> +
        (-0.0000020,-0.0000001)|   4, 3, 0;0,  0;0,  0> +
        ( 0.0000017, 0.0000000)|  10, 0, 0;0,  0;0,  0> +
        ( 0.0000001,-0.0000013)|   4, 2, 1;0,  0;0,  0> +
        (-0.0000000,-0.0000012)|   0, 1, 1;0,  0;0,  0> +
        (-0.0000010,-0.0000000)|   4, 1, 2;0,  0;0,  0> +
         ...
 |17> = (-0.5915980,-0.3892420)|   4, 1, 0;0,  0;0,  0> +
        (-0.3892714, 0.5889784)|   4, 0, 1;0,  0;0,  0> +
        ( 0.0044306, 0.0005034)|   7, 0, 0;0,  0;0,  0> +
        (-0.0042459, 0.0001409)|   4, 0, 2;0,  0;0,  0> +
        ( 0.0002045, 0.0037889)|   1, 0, 3;0,  0;0,  0> +
        ( 0.0000866, 0.0021184)|   0, 0, 3;0,  0;0,  0> +
        ( 0.0019549, 0.0002003)|   1, 3, 0;0,  0;0,  0> +
        (-0.0000222,-0.0018833)|   0, 2, 1;0,  0;0,  0> +
        (-0.0000152, 0.0014325)|   2, 1, 3;0,  0;0,  0> +
        (-0.0014291, 0.0000523)|   0, 3, 0;0,  0;0,  0> +
        (-0.0000218,-0.0011413)|   2, 3, 1;0,  0;0,  0> +
        ( 0.0000728,-0.0009837)|   1, 1, 1;0,  0;0,  0> +
        (-0.0000508,-0.0008666)|   1, 2, 1;0,  0;0,  0> +
        (-0.0002621, 0.0008218)|   0, 1, 3;0,  0;0,  0> +
        (-0.0000019,-0.0007495)|   2, 3, 3;0,  0;0,  0> +
        (-0.0000159, 0.0006958)|   1, 1, 3;0,  0;0,  0> +
        ( 0.0006929, 0.0000369)|   0, 1, 2;0,  0;0,  0> +
        (-0.0006665,-0.0000461)|   1, 1, 2;0,  0;0,  0> +
        ( 0.0000027,-0.0006503)|   4, 3, 3;0,  0;0,  0> +
        (-0.0000192,-0.0006445)|   2, 0, 3;0,  0;0,  0> +
        ( 0.0005983,-0.0001404)|   4, 2, 0;0,  0;0,  0> +
        (-0.0000117,-0.0005958)|   1, 2, 3;0,  0;0,  0> +
        ( 0.0000001,-0.0005792)|   1, 3, 3;0,  0;0,  0> +
        (-0.0005238, 0.0000012)|   2, 3, 0;0,  0;0,  0> +
        ( 0.0005133,-0.0000018)|   3, 2, 0;0,  0;0,  0> +
        (-0.0005122, 0.0000013)|   3, 0, 2;0,  0;0,  0> +
        (-0.0000111, 0.0004948)|   2, 2, 3;0,  0;0,  0> +
        (-0.0004890,-0.0000000)|   2, 2, 2;0,  0;0,  0> +
        (-0.0000114,-0.0004888)|   3, 3, 3;0,  0;0,  0> +
        (-0.0000029, 0.0004619)|   0, 2, 3;0,  0;0,  0> +
        (-0.0000000, 0.0004140)|   0, 3, 3;0,  0;0,  0> +
        (-0.0000233, 0.0004112)|   2, 1, 1;0,  0;0,  0> +
        (-0.0000257,-0.0003314)|   2, 2, 1;0,  0;0,  0> +
        (-0.0003178, 0.0000075)|   4, 2, 2;0,  0;0,  0> +
        (-0.0002056,-0.0000030)|   0, 3, 2;0,  0;0,  0> +
        ( 0.0001977, 0.0000000)|   3, 2, 2;0,  0;0,  0> +
        ( 0.0001818,-0.0000116)|   1, 3, 2;0,  0;0,  0> +
        ( 0.0000380,-0.0001362)|   0, 3, 1;0,  0;0,  0> +
        ( 0.0000629,-0.0000694)|   2, 1, 2;0,  0;0,  0> +
        ( 0.0000760, 0.0000001)|   1, 2, 2;0,  0;0,  0> +
        ( 0.0000389, 0.0000256)|   4, 1, 0;1,  0;0,  0> +
        (-0.0000389,-0.0000256)|   4, 1, 0;0,  0;1,  0> +
        (-0.0000256, 0.0000388)|   4, 0, 1;0,  0;1,  0> +
        ( 0.0000256,-0.0000388)|   4, 0, 1;1,  0;0,  0> +
        ( 0.0000028, 0.0000345)|   2, 3, 2;0,  0;0,  0> +
        (-0.0000222,-0.0000202)|   3, 1, 0;0,  0;0,  0> +
        (-0.0000200, 0.0000217)|   3, 0, 1;0,  0;0,  0> +
        (-0.0000103, 0.0000250)|   1, 3, 1;0,  0;0,  0> +
        ( 0.0000220, 0.0000004)|   3, 3, 2;0,  0;0,  0> +
        (-0.0000200, 0.0000054)|   3, 3, 0;0,  0;0,  0> +
        (-0.0000003, 0.0000205)|   3, 2, 3;0,  0;0,  0> +
        ( 0.0000001,-0.0000171)|   2, 0, 2;0,  0;0,  0> +
        (-0.0000001, 0.0000171)|   2, 2, 0;0,  0;0,  0> +
        (-0.0000139,-0.0000014)|   8, 0, 0;0,  0;0,  0> +
        (-0.0000068,-0.0000086)|   3, 0, 3;0,  0;0,  0> +
        (-0.0000073, 0.0000033)|   3, 1, 2;0,  0;0,  0> +
        ( 0.0000061, 0.0000000)|   5, 0, 0;0,  0;0,  0> +
        (-0.0000022,-0.0000053)|   3, 2, 1;0,  0;0,  0> +
        ( 0.0000050, 0.0000001)|   6, 0, 0;0,  0;0,  0> +
        ( 0.0000004, 0.0000049)|   2, 0, 1;0,  0;0,  0> +
        (-0.0000040, 0.0000003)|   2, 1, 0;0,  0;0,  0> +
        (-0.0000000,-0.0000029)|   0, 1, 1;0,  0;0,  0> +
        (-0.0000012, 0.0000000)|   1, 0, 2;0,  0;0,  0> +
        ( 0.0000012,-0.0000000)|   1, 2, 0;0,  0;0,  0> +
        ( 0.0000010, 0.0000002)|   5, 1, 0;0,  0;0,  0> +
         ...
 |18> = ( 0.9964382,-0.0815106)|   9, 0, 0;0,  0;0,  0> +
        (-0.0000318,-0.0132018)|   6, 0, 1;0,  0;0,  0> +
        ( 0.0122576,-0.0002995)|   6, 1, 0;0,  0;0,  0> +
        ( 0.0001056, 0.0056028)|   3, 1, 1;0,  0;0,  0> +
        ( 0.0048968, 0.0000188)|   5, 2, 0;0,  0;0,  0> +
        ( 0.0040227, 0.0000117)|   2, 3, 0;0,  0;0,  0> +
        ( 0.0000404,-0.0037706)|   3, 0, 3;0,  0;0,  0> +
        ( 0.0021596, 0.0015104)|   1, 3, 0;0,  0;0,  0> +
        ( 0.0003767,-0.0024534)|   5, 0, 1;0,  0;0,  0> +
        ( 0.0000314, 0.0024775)|   2, 0, 3;0,  0;0,  0> +
        ( 0.0022947,-0.0000499)|   5, 0, 2;0,  0;0,  0> +
        ( 0.0008571,-0.0018666)|   1, 0, 3;0,  0;0,  0> +
        ( 0.0019812,-0.0000340)|   2, 1, 2;0,  0;0,  0> +
        ( 0.0015718,-0.0004686)|   1, 2, 1;0,  0;0,  0> +
        (-0.0015268,-0.0004846)|   5, 1, 0;0,  0;0,  0> +
        (-0.0000613, 0.0015759)|   2, 1, 3;0,  0;0,  0> +
        ( 0.0000146,-0.0013630)|   4, 1, 1;0,  0;0,  0> +
        (-0.0012987, 0.0000123)|   5, 3, 2;0,  0;0,  0> +
        ( 0.0012675, 0.0000361)|   2, 3, 2;0,  0;0,  0> +
        (-0.0000118,-0.0011899)|   5, 2, 3;0,  0;0,  0> +
        (-0.0000582, 0.0011509)|   2, 2, 1;0,  0;0,  0> +
        (-0.0000257,-0.0010954)|   0, 3, 1;0,  0;0,  0> +
        (-0.0009012,-0.0000000)|   4, 2, 2;0,  0;0,  0> +
        ( 0.0008642,-0.0000047)|   1, 3, 2;0,  0;0,  0> +
        (-0.0000584, 0.0007808)|   2, 3, 1;0,  0;0,  0> +
        ( 0.0000103, 0.0007246)|   1, 1, 3;0,  0;0,  0> +
        ( 0.0001796,-0.0006901)|   0, 1, 3;0,  0;0,  0> +
        (-0.0000068,-0.0005687)|   4, 0, 3;0,  0;0,  0> +
        (-0.0005155, 0.0000127)|   4, 3, 0;0,  0;0,  0> +
        (-0.0005082, 0.0000000)|   3, 2, 2;0,  0;0,  0> +
        (-0.0000048, 0.0004908)|   3, 1, 3;0,  0;0,  0> +
        (-0.0000000,-0.0004872)|   0, 3, 3;0,  0;0,  0> +
        (-0.0004687,-0.0000039)|   0, 3, 2;0,  0;0,  0> +
        (-0.0004439, 0.0000855)|   3, 3, 0;0,  0;0,  0> +
        (-0.0000393, 0.0004451)|   1, 1, 2;0,  0;0,  0> +
        (-0.0000504,-0.0004238)|   4, 1, 3;0,  0;0,  0> +
        (-0.0000039, 0.0003994)|   0, 2, 3;0,  0;0,  0> +
        ( 0.0000001, 0.0003650)|   4, 3, 3;0,  0;0,  0> +
        ( 0.0000012,-0.0003476)|   3, 2, 3;0,  0;0,  0> +
        (-0.0002965,-0.0000177)|   4, 1, 2;0,  0;0,  0> +
        ( 0.0000060,-0.0002902)|   4, 2, 1;0,  0;0,  0> +
        ( 0.0000070,-0.0002652)|   3, 3, 1;0,  0;0,  0> +
        ( 0.0002602,-0.0000010)|   5, 2, 2;0,  0;0,  0> +
        (-0.0002308, 0.0000021)|   4, 3, 2;0,  0;0,  0> +
        (-0.0001364, 0.0001830)|   1, 3, 1;0,  0;0,  0> +
        (-0.0000001,-0.0002187)|   3, 3, 3;0,  0;0,  0> +
        (-0.0002054,-0.0000061)|   6, 2, 2;0,  0;0,  0> +
        (-0.0000003,-0.0002002)|   2, 3, 3;0,  0;0,  0> +
        (-0.0001922, 0.0000220)|   6, 3, 3;0,  0;0,  0> +
        ( 0.0000616,-0.0001785)|   3, 2, 1;0,  0;0,  0> +
        ( 0.0001757, 0.0000014)|   3, 1, 2;0,  0;0,  0> +
        (-0.0001577, 0.0000010)|   3, 3, 2;0,  0;0,  0> +
        (-0.0000071, 0.0001300)|   4, 3, 1;0,  0;0,  0> +
        ( 0.0000366, 0.0001154)|   2, 2, 3;0,  0;0,  0> +
        ( 0.0000994,-0.0000336)|   7, 3, 3;0,  0;0,  0> +
        (-0.0000690, 0.0000326)|   8, 3, 3;0,  0;0,  0> +
        ( 0.0000656,-0.0000054)|   9, 0, 0;0,  0;1,  0> +
        (-0.0000656, 0.0000054)|   9, 0, 0;1,  0;0,  0> +
        ( 0.0000616,-0.0000000)|   2, 2, 2;0,  0;0,  0> +
        ( 0.0000020,-0.0000504)|   4, 2, 3;0,  0;0,  0> +
        (-0.0000001, 0.0000450)|   1, 3, 3;0,  0;0,  0> +
        ( 0.0000155, 0.0000421)|   5, 3, 3;0,  0;0,  0> +
        (-0.0000004,-0.0000417)|   2, 1, 1;0,  0;0,  0> +
        (-0.0000378,-0.0000008)|   4, 0, 2;0,  0;0,  0> +
        ( 0.0000366,-0.0000000)|   4, 2, 0;0,  0;0,  0> +
        (-0.0000049,-0.0000318)|   1, 2, 3;0,  0;0,  0> +
        ( 0.0000259, 0.0000023)|   8, 0, 0;0,  0;0,  0> +
        (-0.0000191, 0.0000002)|   6, 3, 2;0,  0;0,  0> +
        (-0.0000002,-0.0000181)|   6, 2, 3;0,  0;0,  0> +
        (-0.0000094,-0.0000002)|  10, 0, 0;0,  0;0,  0> +
        ( 0.0000075,-0.0000023)|   9, 3, 3;0,  0;0,  0> +
        (-0.0000055, 0.0000007)|   6, 0, 0;0,  0;0,  0> +
        (-0.0000002,-0.0000053)|   1, 1, 1;0,  0;0,  0> +
        ( 0.0000026,-0.0000030)|   3, 1, 0;0,  0;0,  0> +
        (-0.0000029,-0.0000019)|   3, 0, 1;0,  0;0,  0> +
        (-0.0000013, 0.0000030)|   4, 0, 1;0,  0;0,  0> +
        (-0.0000030,-0.0000003)|   7, 0, 0;0,  0;0,  0> +
        (-0.0000017,-0.0000019)|   4, 1, 0;0,  0;0,  0> +
        (-0.0000018,-0.0000016)|   0, 2, 1;0,  0;0,  0> +
        (-0.0000022, 0.0000002)|   3, 0, 2;0,  0;0,  0> +
        ( 0.0000021,-0.0000002)|   3, 2, 0;0,  0;0,  0> +
        ( 0.0000000, 0.0000018)|   2, 0, 2;0,  0;0,  0> +
        (-0.0000000,-0.0000018)|   2, 2, 0;0,  0;0,  0> +
        ( 0.0000007,-0.0000009)|   0, 1, 2;0,  0;0,  0> +
         ...
 |19> = ( 0.0001309, 0.7067059)|   4, 0, 1;0,  0;0,  0> +
        ( 0.7044867,-0.0016253)|   4, 1, 0;0,  0;0,  0> +
        (-0.0281825, 0.0360652)|   3, 1, 0;0,  0;0,  0> +
        ( 0.0358974, 0.0280378)|   3, 0, 1;0,  0;0,  0> +
        ( 0.0001500, 0.0050849)|   1, 1, 1;0,  0;0,  0> +
        (-0.0047492,-0.0000662)|   7, 0, 0;0,  0;0,  0> +
        (-0.0000041, 0.0029869)|   0, 3, 1;0,  0;0,  0> +
        (-0.0029259, 0.0000058)|   3, 0, 2;0,  0;0,  0> +
        ( 0.0023933,-0.0000049)|   3, 2, 0;0,  0;0,  0> +
        ( 0.0022945,-0.0001370)|   4, 0, 2;0,  0;0,  0> +
        (-0.0020696, 0.0000294)|   0, 1, 2;0,  0;0,  0> +
        (-0.0015608, 0.0001361)|   4, 2, 0;0,  0;0,  0> +
        (-0.0000604,-0.0014143)|   1, 0, 3;0,  0;0,  0> +
        (-0.0008447,-0.0000021)|   4, 2, 2;0,  0;0,  0> +
        ( 0.0000180,-0.0006266)|   1, 1, 3;0,  0;0,  0> +
        ( 0.0000690, 0.0005772)|   0, 2, 1;0,  0;0,  0> +
        (-0.0000044, 0.0005689)|   2, 3, 3;0,  0;0,  0> +
        (-0.0005591,-0.0000000)|   2, 2, 2;0,  0;0,  0> +
        ( 0.0000000, 0.0005511)|   0, 3, 3;0,  0;0,  0> +
        ( 0.0000587, 0.0005097)|   0, 0, 3;0,  0;0,  0> +
        ( 0.0000044,-0.0005012)|   0, 2, 3;0,  0;0,  0> +
        (-0.0000031,-0.0004614)|   2, 0, 2;0,  0;0,  0> +
        ( 0.0000031, 0.0004614)|   2, 2, 0;0,  0;0,  0> +
        ( 0.0004126, 0.0000043)|   0, 3, 2;0,  0;0,  0> +
        (-0.0004087, 0.0000014)|   1, 3, 0;0,  0;0,  0> +
        ( 0.0000096, 0.0003840)|   2, 2, 3;0,  0;0,  0> +
        ( 0.0003537, 0.0000816)|   0, 3, 0;0,  0;0,  0> +
        ( 0.0003287,-0.0000005)|   2, 3, 2;0,  0;0,  0> +
        ( 0.0000284, 0.0002751)|   0, 1, 3;0,  0;0,  0> +
        (-0.0002573,-0.0000003)|   3, 2, 2;0,  0;0,  0> +
        ( 0.0000182, 0.0002077)|   2, 0, 3;0,  0;0,  0> +
        (-0.0000006,-0.0002012)|   1, 3, 3;0,  0;0,  0> +
        (-0.0001888,-0.0000001)|   1, 2, 2;0,  0;0,  0> +
        ( 0.0000676, 0.0001659)|   1, 2, 1;0,  0;0,  0> +
        (-0.0000125, 0.0001344)|   2, 2, 1;0,  0;0,  0> +
        ( 0.0001024, 0.0000029)|   2, 1, 2;0,  0;0,  0> +
        ( 0.0000833, 0.0000053)|   2, 3, 0;0,  0;0,  0> +
        (-0.0000725, 0.0000122)|   6, 0, 0;0,  0;0,  0> +
        (-0.0000000,-0.0000465)|   4, 0, 1;1,  0;0,  0> +
        ( 0.0000000, 0.0000465)|   4, 0, 1;0,  0;1,  0> +
        (-0.0000464, 0.0000001)|   4, 1, 0;1,  0;0,  0> +
        ( 0.0000464,-0.0000001)|   4, 1, 0;0,  0;1,  0> +
        ( 0.0000239, 0.0000386)|   1, 2, 3;0,  0;0,  0> +
        ( 0.0000056,-0.0000393)|   1, 1, 2;0,  0;0,  0> +
        (-0.0000005,-0.0000349)|   2, 1, 1;0,  0;0,  0> +
        ( 0.0000082, 0.0000251)|   1, 3, 2;0,  0;0,  0> +
        (-0.0000003, 0.0000136)|   2, 1, 3;0,  0;0,  0> +
        ( 0.0000001,-0.0000106)|   2, 3, 1;0,  0;0,  0> +
        (-0.0000002, 0.0000093)|   0, 1, 1;0,  0;0,  0> +
        ( 0.0000033,-0.0000086)|   1, 3, 1;0,  0;0,  0> +
        (-0.0000000,-0.0000072)|   3, 3, 3;0,  0;0,  0> +
        (-0.0000019, 0.0000024)|   3, 1, 0;0,  0;1,  0> +
        ( 0.0000019,-0.0000024)|   3, 1, 0;1,  0;0,  0> +
        (-0.0000024,-0.0000018)|   3, 0, 1;1,  0;0,  0> +
        ( 0.0000024, 0.0000018)|   3, 0, 1;0,  0;1,  0> +
        (-0.0000004, 0.0000018)|   5, 0, 1;0,  0;0,  0> +
        ( 0.0000015, 0.0000005)|   5, 1, 0;0,  0;0,  0> +
        ( 0.0000012, 0.0000002)|  12, 0, 0;0,  0;0,  0> +
        (-0.0000011, 0.0000000)|   5, 0, 0;0,  0;0,  0> +
        ( 0.0000000,-0.0000011)|   4, 3, 3;0,  0;0,  0> +
         ...
 |20> = (-0.0009387,-0.9998338)|   0, 1, 1;0,  0;0,  0> +
        ( 0.0087130,-0.0000084)|   0, 0, 2;0,  0;0,  0> +
        (-0.0087130, 0.0000084)|   0, 2, 0;0,  0;0,  0> +
        (-0.0078329,-0.0000578)|   0, 1, 2;0,  0;0,  0> +
        (-0.0051119,-0.0000001)|   3, 2, 0;0,  0;0,  0> +
        ( 0.0000725,-0.0047801)|   0, 2, 1;0,  0;0,  0> +
        (-0.0045237,-0.0000041)|   3, 0, 2;0,  0;0,  0> +
        ( 0.0000532,-0.0045099)|   0, 0, 3;0,  0;0,  0> +
        (-0.0032066, 0.0001291)|   0, 3, 0;0,  0;0,  0> +
        ( 0.0025055,-0.0000027)|   2, 2, 2;0,  0;0,  0> +
        ( 0.0024450,-0.0000022)|   1, 2, 0;0,  0;0,  0> +
        (-0.0024441, 0.0000022)|   1, 0, 2;0,  0;0,  0> +
        ( 0.0016439,-0.0000912)|   2, 1, 0;0,  0;0,  0> +
        ( 0.0004152,-0.0000001)|   1, 2, 2;0,  0;0,  0> +
        ( 0.0001930,-0.0003221)|   2, 2, 0;0,  0;0,  0> +
        (-0.0001890, 0.0003221)|   2, 0, 2;0,  0;0,  0> +
        (-0.0000878,-0.0001183)|   2, 0, 1;0,  0;0,  0> +
        ( 0.0000681, 0.0000000)|   0, 2, 2;0,  0;0,  0> +
        (-0.0000001,-0.0000658)|   0, 1, 1;0,  0;1,  0> +
        ( 0.0000001, 0.0000658)|   0, 1, 1;1,  0;0,  0> +
        ( 0.0000234, 0.0000008)|   5, 0, 0;0,  0;0,  0> +
        ( 0.0000004, 0.0000216)|   0, 2, 3;0,  0;0,  0> +
        ( 0.0000213,-0.0000002)|   0, 3, 2;0,  0;0,  0> +
        (-0.0000000, 0.0000207)|   0, 3, 3;0,  0;0,  0> +
        ( 0.0000203, 0.0000011)|   1, 1, 0;0,  0;0,  0> +
        ( 0.0000011,-0.0000067)|   1, 0, 1;0,  0;0,  0> +
        (-0.0000066,-0.0000001)|   1, 3, 0;0,  0;0,  0> +
        (-0.0000001,-0.0000061)|   1, 0, 3;0,  0;0,  0> +
        (-0.0000000, 0.0000057)|   0, 3, 1;0,  0;0,  0> +
        ( 0.0000000, 0.0000051)|   3, 0, 1;0,  0;0,  0> +
        ( 0.0000051,-0.0000000)|   3, 1, 0;0,  0;0,  0> +
        (-0.0000037, 0.0000000)|   1, 1, 2;0,  0;0,  0> +
        (-0.0000001,-0.0000033)|   1, 2, 1;0,  0;0,  0> +
        ( 0.0000022,-0.0000000)|   4, 2, 0;0,  0;0,  0> +
        ( 0.0000021,-0.0000000)|   4, 0, 0;0,  0;0,  0> +
        ( 0.0000019, 0.0000000)|   4, 0, 2;0,  0;0,  0> +
        ( 0.0000017,-0.0000002)|   7, 1, 0;0,  0;0,  0> +
        (-0.0000001,-0.0000015)|   1, 1, 1;0,  0;0,  0> +
        ( 0.0000012, 0.0000000)|   6, 0, 0;0,  0;0,  0> +
         ...
 |21> = (-0.7071068,-0.0000000)|   0, 0, 2;0,  0;0,  0> +
        (-0.7071068, 0.0000000)|   0, 2, 0;0,  0;0,  0> +
        ( 0.0002307, 0.0000000)|   2, 0, 0;0,  0;0,  0> +
        (-0.0000465, 0.0000000)|   0, 0, 2;0,  0;1,  0> +
        (-0.0000465, 0.0000000)|   0, 2, 0;0,  0;1,  0> +
        ( 0.0000465,-0.0000000)|   0, 0, 2;1,  0;0,  0> +
        ( 0.0000465, 0.0000000)|   0, 2, 0;1,  0;0,  0> +
        ( 0.0000000, 0.0000156)|   0, 0, 1;0,  0;0,  0> +
        ( 0.0000156, 0.0000000)|   0, 1, 0;0,  0;0,  0> +
         ...
 |22> = ( 0.1314680,-0.8086029)|   5, 0, 1;0,  0;0,  0> +
        (-0.5486190,-0.1666165)|   5, 1, 0;0,  0;0,  0> +
        ( 0.0000880, 0.0057036)|   3, 1, 1;0,  0;0,  0> +
        ( 0.0000086, 0.0041734)|   6, 0, 1;0,  0;0,  0> +
        (-0.0036133, 0.0000958)|   6, 1, 0;0,  0;0,  0> +
        (-0.0026639,-0.0023278)|   1, 3, 0;0,  0;0,  0> +
        (-0.0021445, 0.0023634)|   1, 2, 1;0,  0;0,  0> +
        (-0.0028496, 0.0002265)|   9, 0, 0;0,  0;0,  0> +
        (-0.0000147, 0.0027509)|   3, 0, 3;0,  0;0,  0> +
        ( 0.0023158,-0.0000442)|   3, 3, 0;0,  0;0,  0> +
        (-0.0000548, 0.0022676)|   2, 3, 1;0,  0;0,  0> +
        (-0.0014142, 0.0011774)|   1, 0, 3;0,  0;0,  0> +
        ( 0.0000071,-0.0015089)|   0, 2, 3;0,  0;0,  0> +
        (-0.0008729, 0.0011048)|   1, 3, 1;0,  0;0,  0> +
        (-0.0001100,-0.0012586)|   2, 2, 1;0,  0;0,  0> +
        (-0.0000238, 0.0011449)|   3, 2, 1;0,  0;0,  0> +
        ( 0.0011329,-0.0000044)|   3, 1, 2;0,  0;0,  0> +
        ( 0.0011080,-0.0000471)|   4, 0, 2;0,  0;0,  0> +
        (-0.0010870, 0.0000468)|   4, 2, 0;0,  0;0,  0> +
        (-0.0009734, 0.0000407)|   2, 1, 2;0,  0;0,  0> +
        (-0.0009200, 0.0000160)|   4, 3, 2;0,  0;0,  0> +
        (-0.0008720, 0.0000001)|   1, 3, 2;0,  0;0,  0> +
        ( 0.0008566,-0.0000476)|   2, 3, 0;0,  0;0,  0> +
        ( 0.0000003,-0.0008575)|   1, 2, 3;0,  0;0,  0> +
        (-0.0002731, 0.0008080)|   0, 1, 3;0,  0;0,  0> +
        (-0.0000195, 0.0007930)|   2, 2, 3;0,  0;0,  0> +
        ( 0.0000123, 0.0007409)|   4, 2, 3;0,  0;0,  0> +
        ( 0.0006473,-0.0000001)|   4, 2, 2;0,  0;0,  0> +
        ( 0.0003033,-0.0005651)|   1, 1, 2;0,  0;0,  0> +
        (-0.0000005, 0.0004526)|   4, 3, 3;0,  0;0,  0> +
        ( 0.0004266, 0.0000026)|   5, 2, 0;0,  0;0,  0> +
        (-0.0000393,-0.0003559)|   2, 1, 3;0,  0;0,  0> +
        ( 0.0000110,-0.0003274)|   3, 1, 3;0,  0;0,  0> +
        ( 0.0002966,-0.0000138)|   5, 0, 2;0,  0;0,  0> +
        (-0.0002805,-0.0000000)|   3, 2, 2;0,  0;0,  0> +
        ( 0.0000005, 0.0002295)|   2, 3, 3;0,  0;0,  0> +
        ( 0.0002004,-0.0000190)|   2, 3, 2;0,  0;0,  0> +
        (-0.0002005,-0.0000104)|   4, 3, 0;0,  0;0,  0> +
        ( 0.0001975, 0.0000000)|   2, 2, 2;0,  0;0,  0> +
        (-0.0000111, 0.0001932)|   3, 3, 1;0,  0;0,  0> +
        (-0.0001632, 0.0000104)|   5, 2, 2;0,  0;0,  0> +
        ( 0.0000365,-0.0001364)|   2, 0, 3;0,  0;0,  0> +
        ( 0.0000121, 0.0001393)|   1, 1, 3;0,  0;0,  0> +
        (-0.0001349, 0.0000001)|   4, 1, 2;0,  0;0,  0> +
        (-0.0001276, 0.0000127)|   6, 3, 3;0,  0;0,  0> +
        ( 0.0000116,-0.0001245)|   4, 0, 3;0,  0;0,  0> +
        ( 0.0000362, 0.0001025)|   5, 3, 3;0,  0;0,  0> +
        (-0.0000024,-0.0001073)|   4, 2, 1;0,  0;0,  0> +
        ( 0.0000001,-0.0000920)|   3, 3, 3;0,  0;0,  0> +
        ( 0.0000000, 0.0000871)|   0, 3, 3;0,  0;0,  0> +
        (-0.0000699, 0.0000312)|   7, 3, 3;0,  0;0,  0> +
        (-0.0000005,-0.0000750)|   2, 1, 1;0,  0;0,  0> +
        ( 0.0000063, 0.0000588)|   3, 2, 3;0,  0;0,  0> +
        (-0.0000087, 0.0000532)|   5, 0, 1;1,  0;0,  0> +
        ( 0.0000087,-0.0000532)|   5, 0, 1;0,  0;1,  0> +
        ( 0.0000532, 0.0000070)|   0, 3, 2;0,  0;0,  0> +
        ( 0.0000493,-0.0000198)|   8, 3, 3;0,  0;0,  0> +
        (-0.0000487, 0.0000061)|   3, 3, 2;0,  0;0,  0> +
        (-0.0000437,-0.0000010)|   8, 0, 0;0,  0;0,  0> +
        ( 0.0000392, 0.0000083)|   0, 3, 1;0,  0;0,  0> +
        ( 0.0000361, 0.0000110)|   5, 1, 0;1,  0;0,  0> +
        (-0.0000361,-0.0000110)|   5, 1, 0;0,  0;1,  0> +
        ( 0.0000001,-0.0000345)|   1, 3, 3;0,  0;0,  0> +
        ( 0.0000001,-0.0000345)|   0, 2, 1;0,  0;0,  0> +
        (-0.0000023,-0.0000301)|   4, 1, 1;0,  0;0,  0> +
        ( 0.0000028, 0.0000262)|   4, 1, 3;0,  0;0,  0> +
        ( 0.0000170,-0.0000007)|   0, 1, 2;0,  0;0,  0> +
        (-0.0000156, 0.0000002)|   5, 3, 2;0,  0;0,  0> +
        (-0.0000002,-0.0000148)|   5, 2, 3;0,  0;0,  0> +
        ( 0.0000143,-0.0000008)|   0, 3, 0;0,  0;0,  0> +
        (-0.0000085,-0.0000045)|   4, 1, 0;0,  0;0,  0> +
        (-0.0000086, 0.0000000)|   6, 2, 2;0,  0;0,  0> +
        (-0.0000051, 0.0000055)|   4, 0, 1;0,  0;0,  0> +
        ( 0.0000013,-0.0000052)|   4, 3, 1;0,  0;0,  0> +
        (-0.0000012,-0.0000042)|   0, 0, 3;0,  0;0,  0> +
        (-0.0000043, 0.0000004)|   7, 0, 0;0,  0;0,  0> +
        (-0.0000001,-0.0000041)|   1, 1, 1;0,  0;0,  0> +
        (-0.0000037,-0.0000002)|  11, 0, 0;0,  0;0,  0> +
        (-0.0000035,-0.0000004)|   3, 0, 2;0,  0;0,  0> +
        ( 0.0000032, 0.0000004)|   3, 2, 0;0,  0;0,  0> +
        ( 0.0000023,-0.0000007)|   6, 0, 0;0,  0;0,  0> +
        (-0.0000000, 0.0000019)|   2, 0, 2;0,  0;0,  0> +
        ( 0.0000000,-0.0000019)|   2, 2, 0;0,  0;0,  0> +
        (-0.0000012, 0.0000001)|   2, 1, 0;0,  0;0,  0> +
         ...
 |23> = ( 0.7070293,-0.0000000)|   0, 0, 2;0,  0;0,  0> +
        (-0.7070293, 0.0000000)|   0, 2, 0;0,  0;0,  0> +
        (-0.0000003, 0.0123260)|   0, 1, 1;0,  0;0,  0> +
        (-0.0037726, 0.0000009)|   2, 0, 2;0,  0;0,  0> +
        (-0.0037724,-0.0000009)|   2, 2, 0;0,  0;0,  0> +
        ( 0.0036911,-0.0000013)|   1, 1, 0;0,  0;0,  0> +
        (-0.0000013, 0.0036141)|   1, 0, 1;0,  0;0,  0> +
        ( 0.0032595,-0.0000000)|   4, 0, 0;0,  0;0,  0> +
        ( 0.0010637, 0.0000001)|   1, 2, 0;0,  0;0,  0> +
        (-0.0009121,-0.0000001)|   1, 0, 2;0,  0;0,  0> +
        ( 0.0002756,-0.0000000)|   0, 2, 2;0,  0;0,  0> +
        ( 0.0001090,-0.0000004)|   0, 3, 0;0,  0;0,  0> +
        (-0.0000002, 0.0000936)|   0, 0, 3;0,  0;0,  0> +
        (-0.0000002, 0.0000722)|   0, 2, 1;0,  0;0,  0> +
        ( 0.0000637, 0.0000001)|   0, 1, 2;0,  0;0,  0> +
        ( 0.0000466, 0.0000000)|   0, 2, 0;1,  0;0,  0> +
        (-0.0000466, 0.0000000)|   0, 2, 0;0,  0;1,  0> +
        ( 0.0000464, 0.0000000)|   0, 0, 2;0,  0;1,  0> +
        (-0.0000464,-0.0000000)|   0, 0, 2;1,  0;0,  0> +
        (-0.0000000,-0.0000312)|   0, 0, 1;0,  0;0,  0> +
        ( 0.0000311,-0.0000000)|   0, 1, 0;0,  0;0,  0> +
        (-0.0000217, 0.0000001)|   2, 1, 0;0,  0;0,  0> +
        ( 0.0000002,-0.0000192)|   2, 0, 1;0,  0;0,  0> +
        (-0.0000127,-0.0000000)|   3, 0, 0;0,  0;0,  0> +
        (-0.0000032,-0.0000000)|   1, 2, 2;0,  0;0,  0> +
        (-0.0000021, 0.0000000)|   3, 0, 2;0,  0;0,  0> +
        (-0.0000016, 0.0000000)|   3, 2, 0;0,  0;0,  0> +
        (-0.0000000,-0.0000011)|   1, 1, 1;0,  0;0,  0> +
         ...
 |24> = (-0.8185711,-0.0323410)|   5, 1, 0;0,  0;0,  0> +
        ( 0.0539213, 0.5708120)|   5, 0, 1;0,  0;0,  0> +
        (-0.0000456,-0.0050894)|   2, 1, 1;0,  0;0,  0> +
        (-0.0005331,-0.0046740)|   2, 2, 1;0,  0;0,  0> +
        ( 0.0042977, 0.0000252)|   2, 3, 0;0,  0;0,  0> +
        ( 0.0001703, 0.0035126)|   0, 2, 1;0,  0;0,  0> +
        ( 0.0033722, 0.0000204)|   1, 1, 2;0,  0;0,  0> +
        (-0.0000447, 0.0029053)|   2, 1, 3;0,  0;0,  0> +
        ( 0.0027497, 0.0000120)|   5, 2, 0;0,  0;0,  0> +
        ( 0.0002850,-0.0027159)|   2, 0, 3;0,  0;0,  0> +
        ( 0.0025451,-0.0001151)|   4, 0, 2;0,  0;0,  0> +
        (-0.0024510, 0.0001124)|   4, 2, 0;0,  0;0,  0> +
        ( 0.0012380,-0.0018463)|   1, 2, 1;0,  0;0,  0> +
        ( 0.0009536, 0.0017500)|   1, 3, 0;0,  0;0,  0> +
        ( 0.0018671, 0.0000034)|   5, 0, 2;0,  0;0,  0> +
        (-0.0017532, 0.0001608)|   0, 1, 2;0,  0;0,  0> +
        (-0.0016047, 0.0001613)|   0, 3, 0;0,  0;0,  0> +
        ( 0.0015836, 0.0001548)|   8, 0, 0;0,  0;0,  0> +
        (-0.0000179,-0.0015821)|   2, 3, 1;0,  0;0,  0> +
        (-0.0015224,-0.0000910)|   2, 1, 2;0,  0;0,  0> +
        (-0.0000483,-0.0014335)|   0, 3, 1;0,  0;0,  0> +
        ( 0.0003368,-0.0012037)|   0, 1, 3;0,  0;0,  0> +
        ( 0.0010469,-0.0005827)|   1, 0, 3;0,  0;0,  0> +
        ( 0.0011976,-0.0000092)|   1, 3, 2;0,  0;0,  0> +
        (-0.0000066, 0.0006095)|   2, 2, 3;0,  0;0,  0> +
        ( 0.0001559, 0.0005869)|   0, 0, 3;0,  0;0,  0> +
        (-0.0000091,-0.0005265)|   1, 2, 3;0,  0;0,  0> +
        (-0.0000002, 0.0005198)|   2, 3, 3;0,  0;0,  0> +
        ( 0.0000003,-0.0004789)|   4, 3, 3;0,  0;0,  0> +
        ( 0.0004746,-0.0000010)|   3, 3, 2;0,  0;0,  0> +
        (-0.0004616,-0.0000025)|   0, 3, 2;0,  0;0,  0> +
        ( 0.0004076,-0.0000065)|   2, 3, 2;0,  0;0,  0> +
        (-0.0003652, 0.0000405)|   6, 3, 3;0,  0;0,  0> +
        (-0.0003617, 0.0000000)|   3, 2, 2;0,  0;0,  0> +
        ( 0.0002443,-0.0000057)|   4, 3, 2;0,  0;0,  0> +
        (-0.0000010, 0.0002145)|   3, 2, 3;0,  0;0,  0> +
        (-0.0000084, 0.0002135)|   4, 2, 3;0,  0;0,  0> +
        (-0.0002092,-0.0000000)|   4, 2, 2;0,  0;0,  0> +
        (-0.0000000, 0.0002063)|   0, 3, 3;0,  0;0,  0> +
        ( 0.0000018, 0.0001333)|   3, 1, 1;0,  0;0,  0> +
        (-0.0000028,-0.0001014)|   3, 0, 3;0,  0;0,  0> +
        ( 0.0000884,-0.0000078)|   3, 1, 2;0,  0;0,  0> +
        ( 0.0000022, 0.0000779)|   1, 1, 3;0,  0;0,  0> +
        ( 0.0000761,-0.0000062)|   9, 0, 0;0,  0;0,  0> +
        (-0.0000022, 0.0000739)|   0, 2, 3;0,  0;0,  0> +
        (-0.0000358, 0.0000501)|   1, 3, 1;0,  0;0,  0> +
        (-0.0000539,-0.0000021)|   5, 1, 0;0,  0;1,  0> +
        ( 0.0000539, 0.0000021)|   5, 1, 0;1,  0;0,  0> +
        (-0.0000028, 0.0000378)|   3, 2, 1;0,  0;0,  0> +
        ( 0.0000035, 0.0000376)|   5, 0, 1;0,  0;1,  0> +
        (-0.0000035,-0.0000376)|   5, 0, 1;1,  0;0,  0> +
        ( 0.0000012, 0.0000366)|   1, 1, 1;0,  0;0,  0> +
        ( 0.0000112, 0.0000346)|   5, 3, 3;0,  0;0,  0> +
        ( 0.0000316,-0.0000060)|   3, 3, 0;0,  0;0,  0> +
        (-0.0000001,-0.0000317)|   3, 3, 3;0,  0;0,  0> +
        (-0.0000214,-0.0000019)|   5, 2, 2;0,  0;0,  0> +
        (-0.0000163,-0.0000054)|   4, 1, 0;0,  0;0,  0> +
        ( 0.0000001,-0.0000136)|   3, 1, 3;0,  0;0,  0> +
        (-0.0000001,-0.0000123)|   1, 3, 3;0,  0;0,  0> +
        ( 0.0000123, 0.0000001)|   7, 0, 0;0,  0;0,  0> +
        (-0.0000084, 0.0000089)|   3, 1, 0;0,  0;0,  0> +
        (-0.0000108, 0.0000003)|   4, 3, 0;0,  0;0,  0> +
        (-0.0000003, 0.0000107)|   3, 3, 1;0,  0;0,  0> +
        ( 0.0000087, 0.0000054)|   3, 0, 1;0,  0;0,  0> +
        ( 0.0000002,-0.0000095)|   4, 0, 3;0,  0;0,  0> +
        (-0.0000001,-0.0000093)|   6, 0, 1;0,  0;0,  0> +
        (-0.0000089,-0.0000001)|   4, 1, 2;0,  0;0,  0> +
        ( 0.0000075,-0.0000003)|   6, 1, 0;0,  0;0,  0> +
        (-0.0000069, 0.0000004)|   6, 0, 0;0,  0;0,  0> +
        ( 0.0000001,-0.0000054)|   4, 2, 1;0,  0;0,  0> +
        ( 0.0000003, 0.0000049)|   2, 0, 2;0,  0;0,  0> +
        (-0.0000003,-0.0000049)|   2, 2, 0;0,  0;0,  0> +
        (-0.0000041,-0.0000001)|   4, 0, 1;0,  0;0,  0> +
        ( 0.0000000,-0.0000031)|   4, 1, 1;0,  0;0,  0> +
        ( 0.0000024,-0.0000001)|   2, 2, 2;0,  0;0,  0> +
        ( 0.0000020, 0.0000003)|   3, 2, 0;0,  0;0,  0> +
        (-0.0000016, 0.0000000)|   3, 0, 2;0,  0;0,  0> +
         ...
