p2036
# Parameters of the model
#  mass:		    261.00 u
#  charge:	      1.00 e
#  dipole:	      4.74 D
#  B:		    503.65 MHz
#  omega_rho:	      1.40 MHz
#  omega_z:	      0.16 MHz

# Basis truncation:	|24,4,4;2,2>
# omega_1:	      0.28 MHz
# omega_3/5:	      1.39 MHz
# Basis size:		31104

# Active terms of the Hamiltionian:
# 	Nomal modes:	1
# 	T_rot:      	1
# 	V_qd^{(0)}: 	1
# 	V_qd^{(1)}: 	1
# 	V_dd^{(0)}: 	1

# Results of the diagonalisation

# 100 smallest eigenvalues
 5.518517017 6.528882027 7.502005577 8.537491798 9.501893997 10.494336128 10.576458931 10.593162537 11.504532814 11.507295609 11.630313873 12.492708206 12.633590698 12.636072159 13.505787849 13.554492950 13.733164787 14.297538757 14.404109955 14.610589027 15.448282242 15.493840218 15.500847816 15.528081894 15.533167839 15.582433701 16.453472137 16.517942429 16.524805069 16.600059509 16.612169266 16.665702820 17.531066895 17.553119659 17.558748245 17.565828323 17.701570511 17.707466125 18.473718643 18.550733566 18.612457275 18.634117126 18.637800217 18.666278839 19.387004852 19.493717194 19.539884567 19.541378021 19.549179077 19.696758270 20.335828781 20.382450104 20.508382797 20.520393372 20.562351227 20.571466446 20.593921661 20.600261688 20.657199860 20.684341431 21.543392181 21.580722809 21.598871231 21.636205673 21.647508621 21.720947266 21.729522705 21.744306564 21.793136597 21.911539078 22.450742722 22.542121887 22.545179367 22.559011459 22.570266724 22.593080521 22.595998764 22.632930756 22.711053848 22.754209518 23.463882446 23.479309082 23.498315811 23.527563095 23.553167343 23.644098282 23.723169327 23.746719360 23.795984268 23.917444229 24.411090851 24.475330353 24.596696854 24.615610123 24.653394699 24.682155609 24.700721741 24.729240417 24.764148712 24.820976257

# Ground state and the lowest excitations:
 | 0> = ( 1.0000000, 0.0000000)|   0, 0, 0;0,  0;0,  0> +
        ( 0.0000658, 0.0000000)|   0, 0, 0;0,  0;1,  0> +
        (-0.0000658, 0.0000000)|   0, 0, 0;1,  0;0,  0> +
         ...
 | 1> = (-1.0000004,-0.0000000)|   1, 0, 0;0,  0;0,  0> +
        (-0.0000658,-0.0000000)|   1, 0, 0;0,  0;1,  0> +
        ( 0.0000658, 0.0000000)|   1, 0, 0;1,  0;0,  0> +
        (-0.0000105,-0.0000000)|   2, 0, 0;0,  0;0,  0> +
         ...
 | 2> = (-1.0000011, 0.0000000)|   2, 0, 0;0,  0;0,  0> +
        ( 0.0002573, 0.0000000)|   0, 2, 0;0,  0;0,  0> +
        ( 0.0002571,-0.0000000)|   0, 0, 2;0,  0;0,  0> +
        ( 0.0000658,-0.0000000)|   2, 0, 0;1,  0;0,  0> +
        (-0.0000658,-0.0000000)|   2, 0, 0;0,  0;1,  0> +
        ( 0.0000106,-0.0000000)|   1, 0, 0;0,  0;0,  0> +
        ( 0.0000055,-0.0000000)|   0, 1, 0;0,  0;0,  0> +
        ( 0.0000000, 0.0000054)|   0, 0, 1;0,  0;0,  0> +
        (-0.0000017, 0.0000000)|   3, 0, 0;0,  0;0,  0> +
        (-0.0000012,-0.0000000)|   7, 0, 0;0,  0;0,  0> +
        (-0.0000011,-0.0000000)|   4, 0, 0;0,  0;0,  0> +
         ...
 | 3> = ( 0.9999021,-0.0000000)|   3, 0, 0;0,  0;0,  0> +
        (-0.0099130, 0.0000000)|   0, 1, 0;0,  0;0,  0> +
        ( 0.0000000, 0.0097744)|   0, 0, 1;0,  0;0,  0> +
        ( 0.0008727,-0.0000000)|   1, 0, 2;0,  0;0,  0> +
        ( 0.0008718, 0.0000000)|   1, 2, 0;0,  0;0,  0> +
        ( 0.0000658,-0.0000000)|   3, 0, 0;0,  0;1,  0> +
        (-0.0000658,-0.0000000)|   3, 0, 0;1,  0;0,  0> +
        (-0.0000101,-0.0000000)|   0, 2, 0;0,  0;0,  0> +
        ( 0.0000097,-0.0000000)|   0, 0, 2;0,  0;0,  0> +
        (-0.0000060,-0.0000000)|   1, 1, 0;0,  0;0,  0> +
        (-0.0000000,-0.0000059)|   1, 0, 1;0,  0;0,  0> +
        (-0.0000034,-0.0000000)|   4, 0, 0;0,  0;0,  0> +
        (-0.0000013, 0.0000000)|   2, 0, 0;0,  0;0,  0> +
        (-0.0000013, 0.0000000)|   5, 0, 0;0,  0;0,  0> +
         ...
 | 4> = (-0.9999920,-0.0000000)|   4, 0, 0;0,  0;0,  0> +
        (-0.0000004, 0.0021091)|   1, 0, 1;0,  0;0,  0> +
        (-0.0015640,-0.0000000)|   0, 2, 0;0,  0;0,  0> +
        ( 0.0015639, 0.0000000)|   0, 0, 2;0,  0;0,  0> +
        ( 0.0015618,-0.0000004)|   1, 1, 0;0,  0;0,  0> +
        ( 0.0014963, 0.0000000)|   2, 2, 0;0,  0;0,  0> +
        ( 0.0014963,-0.0000000)|   2, 0, 2;0,  0;0,  0> +
        ( 0.0006628,-0.0000000)|   0, 2, 2;0,  0;0,  0> +
        (-0.0004421, 0.0000000)|   1, 2, 0;0,  0;0,  0> +
        (-0.0003670,-0.0000000)|   1, 0, 2;0,  0;0,  0> +
        ( 0.0000658,-0.0000000)|   4, 0, 0;1,  0;0,  0> +
        (-0.0000658,-0.0000000)|   4, 0, 0;0,  0;1,  0> +
        (-0.0000000, 0.0000236)|   0, 1, 1;0,  0;0,  0> +
        (-0.0000107, 0.0000000)|   0, 3, 0;0,  0;0,  0> +
        ( 0.0000000,-0.0000103)|   0, 0, 3;0,  0;0,  0> +
        (-0.0000092,-0.0000000)|   0, 1, 0;0,  0;0,  0> +
        (-0.0000000, 0.0000090)|   0, 0, 1;0,  0;0,  0> +
        (-0.0000073,-0.0000000)|   0, 1, 2;0,  0;0,  0> +
        ( 0.0000000,-0.0000069)|   0, 2, 1;0,  0;0,  0> +
        ( 0.0000055,-0.0000000)|   5, 0, 0;0,  0;0,  0> +
        (-0.0000039, 0.0000000)|   2, 1, 0;0,  0;0,  0> +
        (-0.0000000,-0.0000033)|   2, 0, 1;0,  0;0,  0> +
        (-0.0000026, 0.0000000)|   3, 0, 0;0,  0;0,  0> +
        (-0.0000014,-0.0000000)|   6, 0, 0;0,  0;0,  0> +
         ...
 | 5> = ( 0.9999663,-0.0002055)|   5, 0, 0;0,  0;0,  0> +
        ( 0.0003193, 0.0051072)|   2, 0, 1;0,  0;0,  0> +
        (-0.0050282, 0.0003227)|   2, 1, 0;0,  0;0,  0> +
        ( 0.0022655, 0.0000000)|   0, 2, 2;0,  0;0,  0> +
        ( 0.0016291,-0.0000593)|   0, 3, 0;0,  0;0,  0> +
        (-0.0002585,-0.0013342)|   2, 0, 2;0,  0;0,  0> +
        (-0.0001502, 0.0013342)|   2, 2, 0;0,  0;0,  0> +
        (-0.0000004,-0.0011201)|   0, 1, 1;0,  0;0,  0> +
        (-0.0009323, 0.0000002)|   2, 2, 2;0,  0;0,  0> +
        ( 0.0000015, 0.0008833)|   0, 3, 3;0,  0;0,  0> +
        (-0.0008272,-0.0000000)|   1, 2, 0;0,  0;0,  0> +
        ( 0.0008271, 0.0000000)|   1, 0, 2;0,  0;0,  0> +
        (-0.0000247, 0.0007434)|   0, 2, 1;0,  0;0,  0> +
        ( 0.0000001, 0.0005383)|   3, 0, 1;0,  0;0,  0> +
        ( 0.0005356,-0.0000003)|   3, 1, 0;0,  0;0,  0> +
        ( 0.0004404, 0.0000078)|   3, 2, 0;0,  0;0,  0> +
        (-0.0004387,-0.0000001)|   1, 2, 2;0,  0;0,  0> +
        ( 0.0004043,-0.0000053)|   3, 0, 2;0,  0;0,  0> +
        (-0.0000727,-0.0002566)|   0, 0, 3;0,  0;0,  0> +
        ( 0.0000999,-0.0000477)|   0, 1, 2;0,  0;0,  0> +
        ( 0.0000003, 0.0001065)|   0, 3, 1;0,  0;0,  0> +
        (-0.0000794, 0.0000000)|   0, 2, 0;0,  0;0,  0> +
        ( 0.0000793, 0.0000000)|   0, 0, 2;0,  0;0,  0> +
        ( 0.0000013, 0.0000662)|   1, 0, 3;0,  0;0,  0> +
        ( 0.0000658,-0.0000000)|   5, 0, 0;0,  0;1,  0> +
        (-0.0000658, 0.0000000)|   5, 0, 0;1,  0;0,  0> +
        ( 0.0000587, 0.0000016)|   1, 3, 0;0,  0;0,  0> +
        (-0.0000012, 0.0000374)|   1, 2, 1;0,  0;0,  0> +
        ( 0.0000372, 0.0000004)|   1, 1, 2;0,  0;0,  0> +
        ( 0.0000000, 0.0000102)|   0, 1, 3;0,  0;0,  0> +
        ( 0.0000073,-0.0000002)|   1, 1, 0;0,  0;0,  0> +
        (-0.0000002,-0.0000069)|   1, 0, 1;0,  0;0,  0> +
        ( 0.0000062,-0.0000000)|   4, 0, 0;0,  0;0,  0> +
        ( 0.0000024, 0.0000051)|   0, 2, 3;0,  0;0,  0> +
        (-0.0000053,-0.0000000)|   4, 2, 0;0,  0;0,  0> +
        (-0.0000040,-0.0000001)|   4, 0, 2;0,  0;0,  0> +
        (-0.0000028,-0.0000000)|   6, 0, 0;0,  0;0,  0> +
        (-0.0000020,-0.0000000)|   7, 0, 0;0,  0;0,  0> +
        (-0.0000014, 0.0000000)|   3, 2, 2;0,  0;0,  0> +
        (-0.0000011, 0.0000008)|   0, 3, 2;0,  0;0,  0> +
        ( 0.0000010,-0.0000000)|   3, 0, 0;0,  0;0,  0> +
        (-0.0000010,-0.0000001)|   8, 0, 0;0,  0;0,  0> +
         ...
 | 6> = (-0.7994713,-0.0000000)|   0, 1, 0;0,  0;0,  0> +
        ( 0.0000000,-0.6007032)|   0, 0, 1;0,  0;0,  0> +
        (-0.0020540, 0.0000000)|   3, 0, 0;0,  0;0,  0> +
        (-0.0000526,-0.0000000)|   0, 1, 0;0,  0;1,  0> +
        ( 0.0000526, 0.0000000)|   0, 1, 0;1,  0;0,  0> +
        (-0.0000000, 0.0000395)|   0, 0, 1;1,  0;0,  0> +
        (-0.0000000,-0.0000395)|   0, 0, 1;0,  0;1,  0> +
        ( 0.0000323,-0.0000000)|   1, 0, 2;0,  0;0,  0> +
        ( 0.0000321, 0.0000000)|   1, 2, 0;0,  0;0,  0> +
        (-0.0000076, 0.0000000)|   2, 0, 0;0,  0;0,  0> +
        ( 0.0000044, 0.0000000)|   0, 0, 2;0,  0;0,  0> +
        (-0.0000040,-0.0000000)|   0, 2, 0;0,  0;0,  0> +
        (-0.0000002,-0.0000033)|   2, 0, 1;0,  0;0,  0> +
        ( 0.0000019,-0.0000000)|   4, 0, 0;0,  0;0,  0> +
        ( 0.0000017,-0.0000002)|   2, 1, 0;0,  0;0,  0> +
        (-0.0000001, 0.0000013)|   5, 0, 1;0,  0;0,  0> +
         ...
 | 7> = ( 0.0000000,-0.7994126)|   0, 0, 1;0,  0;0,  0> +
        ( 0.6006227, 0.0000000)|   0, 1, 0;0,  0;0,  0> +
        ( 0.0137694,-0.0000000)|   3, 0, 0;0,  0;0,  0> +
        (-0.0002044, 0.0000000)|   1, 0, 2;0,  0;0,  0> +
        (-0.0002019,-0.0000000)|   1, 2, 0;0,  0;0,  0> +
        ( 0.0000000, 0.0000526)|   0, 0, 1;1,  0;0,  0> +
        ( 0.0000000,-0.0000526)|   0, 0, 1;0,  0;1,  0> +
        ( 0.0000395,-0.0000000)|   0, 1, 0;0,  0;1,  0> +
        (-0.0000395,-0.0000000)|   0, 1, 0;1,  0;0,  0> +
        (-0.0000297,-0.0000000)|   0, 0, 2;0,  0;0,  0> +
        ( 0.0000295, 0.0000000)|   0, 2, 0;0,  0;0,  0> +
        (-0.0000127, 0.0000000)|   4, 0, 0;0,  0;0,  0> +
        ( 0.0000000,-0.0000058)|   1, 0, 1;0,  0;0,  0> +
        (-0.0000054, 0.0000000)|   1, 1, 0;0,  0;0,  0> +
        ( 0.0000009,-0.0000007)|   3, 1, 0;0,  0;0,  0> +
        (-0.0000011,-0.0000000)|   2, 0, 0;0,  0;0,  0> +
         ...
 | 8> = (-0.7104154,-0.0000072)|   1, 1, 0;0,  0;0,  0> +
        (-0.0000071,-0.7037768)|   1, 0, 1;0,  0;0,  0> +
        (-0.0025901,-0.0000000)|   4, 0, 0;0,  0;0,  0> +
        (-0.0013614,-0.0000000)|   0, 2, 0;0,  0;0,  0> +
        ( 0.0013613, 0.0000000)|   0, 0, 2;0,  0;0,  0> +
        ( 0.0010297,-0.0000004)|   1, 0, 2;0,  0;0,  0> +
        ( 0.0008606, 0.0000004)|   1, 2, 0;0,  0;0,  0> +
        (-0.0000005, 0.0001055)|   2, 0, 1;0,  0;0,  0> +
        ( 0.0000938, 0.0000004)|   2, 1, 0;0,  0;0,  0> +
        ( 0.0000618, 0.0000002)|   2, 2, 0;0,  0;0,  0> +
        ( 0.0000613,-0.0000002)|   2, 0, 2;0,  0;0,  0> +
        ( 0.0000467, 0.0000000)|   1, 1, 0;1,  0;0,  0> +
        (-0.0000467,-0.0000000)|   1, 1, 0;0,  0;1,  0> +
        (-0.0000000,-0.0000463)|   1, 0, 1;0,  0;1,  0> +
        ( 0.0000000, 0.0000463)|   1, 0, 1;1,  0;0,  0> +
        (-0.0000403,-0.0000000)|   0, 3, 0;0,  0;0,  0> +
        ( 0.0000001,-0.0000384)|   0, 0, 3;0,  0;0,  0> +
        (-0.0000290,-0.0000001)|   0, 1, 2;0,  0;0,  0> +
        ( 0.0000000,-0.0000279)|   0, 2, 1;0,  0;0,  0> +
        (-0.0000000, 0.0000153)|   0, 1, 1;0,  0;0,  0> +
        (-0.0000103, 0.0000000)|   3, 0, 0;0,  0;0,  0> +
        (-0.0000000, 0.0000051)|   0, 0, 1;0,  0;0,  0> +
        (-0.0000051,-0.0000000)|   0, 1, 0;0,  0;0,  0> +
        ( 0.0000038,-0.0000000)|   0, 2, 2;0,  0;0,  0> +
        ( 0.0000025, 0.0000001)|   1, 2, 2;0,  0;0,  0> +
        ( 0.0000010,-0.0000006)|   3, 1, 0;0,  0;0,  0> +
         ...
 | 9> = (-0.9999551,-0.0060608)|   6, 0, 0;0,  0;0,  0> +
        ( 0.0047522,-0.0003167)|   3, 1, 0;0,  0;0,  0> +
        (-0.0003119, 0.0039290)|   3, 0, 1;0,  0;0,  0> +
        ( 0.0000203, 0.0023249)|   2, 0, 2;0,  0;0,  0> +
        (-0.0000186,-0.0023249)|   2, 2, 0;0,  0;0,  0> +
        (-0.0010773, 0.0000023)|   3, 2, 0;0,  0;0,  0> +
        ( 0.0008812,-0.0000297)|   0, 3, 0;0,  0;0,  0> +
        ( 0.0008288,-0.0000008)|   3, 0, 2;0,  0;0,  0> +
        ( 0.0000084, 0.0007792)|   0, 2, 1;0,  0;0,  0> +
        (-0.0000458,-0.0007779)|   0, 0, 3;0,  0;0,  0> +
        (-0.0005906, 0.0000000)|   3, 2, 2;0,  0;0,  0> +
        ( 0.0005164,-0.0001562)|   1, 3, 0;0,  0;0,  0> +
        (-0.0002023, 0.0004241)|   1, 0, 3;0,  0;0,  0> +
        (-0.0004458, 0.0000040)|   2, 3, 0;0,  0;0,  0> +
        ( 0.0000163, 0.0004301)|   1, 1, 1;0,  0;0,  0> +
        (-0.0000066,-0.0003969)|   2, 0, 3;0,  0;0,  0> +
        ( 0.0000020,-0.0003697)|   0, 3, 1;0,  0;0,  0> +
        ( 0.0003395,-0.0000001)|   2, 2, 2;0,  0;0,  0> +
        ( 0.0003325,-0.0000468)|   1, 1, 2;0,  0;0,  0> +
        ( 0.0000286, 0.0003302)|   1, 2, 1;0,  0;0,  0> +
        (-0.0003286, 0.0000030)|   2, 1, 2;0,  0;0,  0> +
        ( 0.0003191,-0.0000015)|   1, 3, 2;0,  0;0,  0> +
        ( 0.0000014, 0.0003090)|   1, 2, 3;0,  0;0,  0> +
        ( 0.0000006,-0.0002870)|   1, 3, 3;0,  0;0,  0> +
        (-0.0000036,-0.0002818)|   2, 2, 1;0,  0;0,  0> +
        ( 0.0002587, 0.0000008)|   0, 3, 2;0,  0;0,  0> +
        ( 0.0002439,-0.0000124)|   4, 2, 0;0,  0;0,  0> +
        ( 0.0000011, 0.0002141)|   0, 1, 1;0,  0;0,  0> +
        (-0.0001172, 0.0000000)|   0, 2, 2;0,  0;0,  0> +
        (-0.0000000,-0.0001034)|   0, 3, 3;0,  0;0,  0> +
        (-0.0000830, 0.0000206)|   4, 0, 2;0,  0;0,  0> +
        (-0.0000658,-0.0000004)|   6, 0, 0;0,  0;1,  0> +
        ( 0.0000658, 0.0000004)|   6, 0, 0;1,  0;0,  0> +
        ( 0.0000009, 0.0000619)|   0, 2, 3;0,  0;0,  0> +
        ( 0.0000001, 0.0000486)|   4, 0, 1;0,  0;0,  0> +
        ( 0.0000477, 0.0000003)|   4, 1, 0;0,  0;0,  0> +
        ( 0.0000407,-0.0000000)|   1, 2, 2;0,  0;0,  0> +
        ( 0.0000257, 0.0000000)|   1, 2, 0;0,  0;0,  0> +
        (-0.0000257,-0.0000000)|   1, 0, 2;0,  0;0,  0> +
        ( 0.0000017, 0.0000251)|   2, 0, 1;0,  0;0,  0> +
        ( 0.0000147,-0.0000194)|   0, 1, 2;0,  0;0,  0> +
        (-0.0000242, 0.0000015)|   2, 1, 0;0,  0;0,  0> +
        (-0.0000139,-0.0000070)|   0, 1, 3;0,  0;0,  0> +
        (-0.0000109, 0.0000001)|   4, 2, 2;0,  0;0,  0> +
        ( 0.0000005, 0.0000093)|   1, 1, 3;0,  0;0,  0> +
        ( 0.0000000,-0.0000063)|   2, 3, 3;0,  0;0,  0> +
        (-0.0000026, 0.0000000)|   2, 3, 2;0,  0;0,  0> +
        (-0.0000020, 0.0000002)|   5, 0, 0;0,  0;0,  0> +
        ( 0.0000020,-0.0000000)|   0, 2, 0;0,  0;0,  0> +
        (-0.0000020, 0.0000000)|   0, 0, 2;0,  0;0,  0> +
        (-0.0000018,-0.0000000)|   7, 0, 0;0,  0;0,  0> +
        (-0.0000000,-0.0000015)|   2, 2, 3;0,  0;0,  0> +
        (-0.0000007, 0.0000010)|   0, 2, 0;0,  0;1,  0> +
        (-0.0000012,-0.0000001)|   8, 0, 0;0,  0;0,  0> +
        (-0.0000012, 0.0000001)|   9, 0, 0;0,  0;0,  0> +
        (-0.0000012,-0.0000002)|   2, 2, 0;0,  0;1,  0> +
        (-0.0000012,-0.0000000)|  10, 0, 0;0,  0;0,  0> +
        ( 0.0000011, 0.0000000)|   4, 0, 0;0,  0;0,  0> +
         ...
 |10> = (-0.0007990, 0.7104158)|   1, 0, 1;0,  0;0,  0> +
        (-0.7037702,-0.0008057)|   1, 1, 0;0,  0;0,  0> +
        ( 0.0023353, 0.0000013)|   0, 0, 2;0,  0;0,  0> +
        (-0.0023350,-0.0000013)|   0, 2, 0;0,  0;0,  0> +
        (-0.0000715, 0.0019222)|   2, 0, 1;0,  0;0,  0> +
        (-0.0008056, 0.0000475)|   1, 2, 0;0,  0;0,  0> +
        ( 0.0007800, 0.0000393)|   2, 1, 0;0,  0;0,  0> +
        ( 0.0006306,-0.0000475)|   1, 0, 2;0,  0;0,  0> +
        ( 0.0004069,-0.0000002)|   4, 0, 0;0,  0;0,  0> +
        (-0.0003435,-0.0000050)|   0, 1, 2;0,  0;0,  0> +
        ( 0.0000072,-0.0003208)|   0, 0, 3;0,  0;0,  0> +
        (-0.0002540,-0.0000070)|   0, 3, 0;0,  0;0,  0> +
        ( 0.0000038,-0.0002216)|   0, 2, 1;0,  0;0,  0> +
        ( 0.0001474, 0.0000084)|   1, 2, 2;0,  0;0,  0> +
        ( 0.0001312, 0.0000311)|   2, 2, 0;0,  0;0,  0> +
        (-0.0000910,-0.0000000)|   0, 2, 2;0,  0;0,  0> +
        ( 0.0000779,-0.0000310)|   2, 0, 2;0,  0;0,  0> +
        (-0.0000001, 0.0000467)|   1, 0, 1;0,  0;1,  0> +
        ( 0.0000001,-0.0000467)|   1, 0, 1;1,  0;0,  0> +
        (-0.0000463,-0.0000001)|   1, 1, 0;0,  0;1,  0> +
        ( 0.0000463, 0.0000001)|   1, 1, 0;1,  0;0,  0> +
        ( 0.0000449,-0.0000003)|   2, 2, 2;0,  0;0,  0> +
        (-0.0000019, 0.0000411)|   0, 1, 1;0,  0;0,  0> +
        ( 0.0000093,-0.0000022)|   3, 2, 0;0,  0;0,  0> +
        ( 0.0000049,-0.0000029)|   3, 0, 2;0,  0;0,  0> +
        ( 0.0000034,-0.0000000)|   5, 0, 0;0,  0;0,  0> +
        (-0.0000011,-0.0000017)|   3, 0, 1;0,  0;0,  0> +
        (-0.0000020,-0.0000003)|   4, 1, 0;0,  0;0,  0> +
        (-0.0000003,-0.0000011)|   4, 0, 1;0,  0;0,  0> +
        ( 0.0000001,-0.0000011)|   3, 1, 0;0,  0;0,  0> +
         ...
 |11> = (-0.9998215,-0.0141013)|   7, 0, 0;0,  0;0,  0> +
        ( 0.0069187, 0.0036915)|   4, 1, 0;0,  0;0,  0> +
        ( 0.0036965,-0.0031528)|   4, 0, 1;0,  0;0,  0> +
        (-0.0000384,-0.0047430)|   2, 1, 1;0,  0;0,  0> +
        (-0.0001251,-0.0034424)|   1, 1, 1;0,  0;0,  0> +
        (-0.0024552, 0.0000047)|   3, 2, 0;0,  0;0,  0> +
        (-0.0000209, 0.0020509)|   2, 1, 3;0,  0;0,  0> +
        ( 0.0000040,-0.0018871)|   2, 3, 1;0,  0;0,  0> +
        ( 0.0000902, 0.0016877)|   0, 0, 3;0,  0;0,  0> +
        ( 0.0016792,-0.0000048)|   3, 0, 2;0,  0;0,  0> +
        (-0.0016695, 0.0000566)|   0, 3, 0;0,  0;0,  0> +
        ( 0.0000197, 0.0015394)|   1, 0, 3;0,  0;0,  0> +
        ( 0.0014454,-0.0000256)|   4, 0, 2;0,  0;0,  0> +
        ( 0.0012935,-0.0000001)|   4, 2, 2;0,  0;0,  0> +
        ( 0.0012169, 0.0000171)|   1, 3, 0;0,  0;0,  0> +
        ( 0.0011528,-0.0000385)|   2, 1, 2;0,  0;0,  0> +
        ( 0.0000057, 0.0010117)|   1, 2, 3;0,  0;0,  0> +
        (-0.0000021,-0.0009100)|   3, 3, 3;0,  0;0,  0> +
        ( 0.0008216, 0.0000630)|   0, 1, 2;0,  0;0,  0> +
        (-0.0000081,-0.0007527)|   1, 1, 3;0,  0;0,  0> +
        ( 0.0000051,-0.0007457)|   0, 2, 1;0,  0;0,  0> +
        ( 0.0007062,-0.0000228)|   1, 1, 2;0,  0;0,  0> +
        (-0.0000273, 0.0006753)|   1, 2, 1;0,  0;0,  0> +
        ( 0.0000129, 0.0006639)|   0, 3, 1;0,  0;0,  0> +
        (-0.0000000,-0.0006001)|   0, 3, 3;0,  0;0,  0> +
        ( 0.0000198, 0.0004976)|   2, 2, 1;0,  0;0,  0> +
        ( 0.0004314, 0.0000013)|   2, 3, 0;0,  0;0,  0> +
        ( 0.0000083,-0.0004294)|   2, 2, 3;0,  0;0,  0> +
        (-0.0000909, 0.0003645)|   0, 1, 3;0,  0;0,  0> +
        ( 0.0003498, 0.0000256)|   4, 2, 0;0,  0;0,  0> +
        ( 0.0003421,-0.0000000)|   3, 2, 2;0,  0;0,  0> +
        ( 0.0002807,-0.0000001)|   2, 2, 2;0,  0;0,  0> +
        (-0.0000000,-0.0002547)|   1, 3, 3;0,  0;0,  0> +
        (-0.0001843, 0.0000001)|   1, 2, 2;0,  0;0,  0> +
        (-0.0000007, 0.0001797)|   0, 2, 3;0,  0;0,  0> +
        ( 0.0001590, 0.0000075)|   2, 3, 2;0,  0;0,  0> +
        ( 0.0000008, 0.0001362)|   2, 0, 2;0,  0;0,  0> +
        (-0.0000008,-0.0001362)|   2, 2, 0;0,  0;0,  0> +
        ( 0.0000860, 0.0000084)|   8, 0, 0;0,  0;0,  0> +
        (-0.0000325,-0.0000598)|   2, 0, 3;0,  0;0,  0> +
        (-0.0000658,-0.0000009)|   7, 0, 0;0,  0;1,  0> +
        ( 0.0000658, 0.0000009)|   7, 0, 0;1,  0;0,  0> +
        (-0.0000000, 0.0000428)|   4, 3, 3;0,  0;0,  0> +
        (-0.0000000,-0.0000376)|   2, 3, 3;0,  0;0,  0> +
        (-0.0000350, 0.0000058)|   1, 3, 2;0,  0;0,  0> +
        ( 0.0000311,-0.0000007)|   0, 3, 2;0,  0;0,  0> +
        (-0.0000187, 0.0000124)|   1, 3, 1;0,  0;0,  0> +
        ( 0.0000003,-0.0000194)|   3, 0, 3;0,  0;0,  0> +
        (-0.0000155,-0.0000004)|   3, 3, 0;0,  0;0,  0> +
        ( 0.0000105, 0.0000074)|   3, 0, 1;0,  0;0,  0> +
        (-0.0000062, 0.0000105)|   3, 1, 0;0,  0;0,  0> +
        ( 0.0000001,-0.0000115)|   3, 2, 1;0,  0;0,  0> +
        (-0.0000084,-0.0000002)|   3, 1, 2;0,  0;0,  0> +
        (-0.0000000, 0.0000072)|   0, 1, 1;0,  0;0,  0> +
        (-0.0000066,-0.0000000)|   3, 3, 2;0,  0;0,  0> +
        ( 0.0000000,-0.0000062)|   3, 2, 3;0,  0;0,  0> +
        ( 0.0000031, 0.0000000)|   5, 0, 0;0,  0;0,  0> +
        ( 0.0000003, 0.0000030)|   2, 0, 1;0,  0;0,  0> +
        ( 0.0000028,-0.0000001)|   6, 0, 0;0,  0;0,  0> +
        (-0.0000023, 0.0000002)|   2, 1, 0;0,  0;0,  0> +
        ( 0.0000010, 0.0000000)|   2, 0, 0;0,  0;0,  0> +
         ...
 |12> = ( 0.9362108,-0.0452125)|   2, 1, 0;0,  0;0,  0> +
        (-0.0448701,-0.3455114)|   2, 0, 1;0,  0;0,  0> +
        ( 0.0065127,-0.0000455)|   5, 0, 0;0,  0;0,  0> +
        (-0.0000337, 0.0025736)|   0, 1, 1;0,  0;0,  0> +
        (-0.0025629,-0.0000050)|   0, 3, 0;0,  0;0,  0> +
        (-0.0019361, 0.0000003)|   0, 2, 0;0,  0;0,  0> +
        ( 0.0019361,-0.0000003)|   0, 0, 2;0,  0;0,  0> +
        (-0.0000261,-0.0013547)|   0, 2, 1;0,  0;0,  0> +
        ( 0.0000013, 0.0012717)|   3, 0, 1;0,  0;0,  0> +
        ( 0.0012646, 0.0000003)|   3, 1, 0;0,  0;0,  0> +
        ( 0.0011268, 0.0002551)|   2, 0, 2;0,  0;0,  0> +
        ( 0.0000345,-0.0010829)|   0, 0, 3;0,  0;0,  0> +
        ( 0.0010023,-0.0002551)|   2, 2, 0;0,  0;0,  0> +
        (-0.0009951, 0.0000418)|   0, 1, 2;0,  0;0,  0> +
        (-0.0009385,-0.0000000)|   0, 2, 2;0,  0;0,  0> +
        (-0.0007568,-0.0000326)|   3, 2, 0;0,  0;0,  0> +
        (-0.0007529,-0.0000430)|   3, 0, 2;0,  0;0,  0> +
        (-0.0005569,-0.0000004)|   1, 0, 2;0,  0;0,  0> +
        ( 0.0005565, 0.0000004)|   1, 2, 0;0,  0;0,  0> +
        (-0.0000079,-0.0005006)|   0, 2, 3;0,  0;0,  0> +
        (-0.0004693, 0.0000057)|   0, 3, 2;0,  0;0,  0> +
        (-0.0000004,-0.0003683)|   0, 3, 3;0,  0;0,  0> +
        (-0.0003570,-0.0000150)|   2, 2, 2;0,  0;0,  0> +
        ( 0.0000953, 0.0000275)|   1, 1, 0;0,  0;0,  0> +
        ( 0.0000616,-0.0000030)|   2, 1, 0;0,  0;1,  0> +
        (-0.0000616, 0.0000030)|   2, 1, 0;1,  0;0,  0> +
        ( 0.0000003,-0.0000394)|   1, 0, 3;0,  0;0,  0> +
        ( 0.0000001,-0.0000380)|   0, 3, 1;0,  0;0,  0> +
        ( 0.0000339,-0.0000000)|   1, 2, 2;0,  0;0,  0> +
        (-0.0000331, 0.0000001)|   1, 3, 0;0,  0;0,  0> +
        ( 0.0000274,-0.0000147)|   1, 0, 1;0,  0;0,  0> +
        (-0.0000233,-0.0000003)|   1, 1, 2;0,  0;0,  0> +
        ( 0.0000030, 0.0000227)|   2, 0, 1;1,  0;0,  0> +
        (-0.0000030,-0.0000227)|   2, 0, 1;0,  0;1,  0> +
        ( 0.0000006,-0.0000219)|   1, 2, 1;0,  0;0,  0> +
        (-0.0000211,-0.0000001)|   6, 0, 0;0,  0;0,  0> +
        ( 0.0000079,-0.0000000)|   4, 0, 2;0,  0;0,  0> +
        ( 0.0000074, 0.0000000)|   4, 2, 0;0,  0;0,  0> +
        ( 0.0000060, 0.0000000)|   4, 0, 0;0,  0;0,  0> +
        ( 0.0000001,-0.0000033)|   0, 1, 3;0,  0;0,  0> +
        ( 0.0000027,-0.0000000)|   0, 1, 0;0,  0;0,  0> +
        ( 0.0000014, 0.0000004)|   4, 1, 0;0,  0;0,  0> +
        ( 0.0000000, 0.0000012)|   5, 0, 1;0,  0;0,  0> +
        (-0.0000011, 0.0000000)|   5, 1, 0;0,  0;0,  0> +
        ( 0.0000000, 0.0000010)|   0, 0, 1;0,  0;0,  0> +
         ...
 |13> = ( 0.0202253, 0.9370867)|   2, 0, 1;0,  0;0,  0> +
        ( 0.3478001, 0.0206517)|   2, 1, 0;0,  0;0,  0> +
        ( 0.0043414, 0.0000001)|   0, 0, 2;0,  0;0,  0> +
        (-0.0043414,-0.0000001)|   0, 2, 0;0,  0;0,  0> +
        (-0.0030498, 0.0000207)|   5, 0, 0;0,  0;0,  0> +
        ( 0.0023739,-0.0002172)|   2, 0, 2;0,  0;0,  0> +
        ( 0.0023515, 0.0002172)|   2, 2, 0;0,  0;0,  0> +
        ( 0.0015747,-0.0000717)|   1, 1, 0;0,  0;0,  0> +
        (-0.0000713,-0.0013853)|   1, 0, 1;0,  0;0,  0> +
        (-0.0009028, 0.0000002)|   1, 2, 2;0,  0;0,  0> +
        (-0.0007832,-0.0000027)|   0, 1, 2;0,  0;0,  0> +
        ( 0.0000135,-0.0007425)|   0, 1, 1;0,  0;0,  0> +
        (-0.0007179, 0.0000008)|   1, 0, 2;0,  0;0,  0> +
        ( 0.0007173,-0.0000008)|   1, 2, 0;0,  0;0,  0> +
        ( 0.0000039,-0.0006782)|   0, 0, 3;0,  0;0,  0> +
        ( 0.0000001,-0.0005831)|   3, 0, 1;0,  0;0,  0> +
        (-0.0005807, 0.0000006)|   3, 1, 0;0,  0;0,  0> +
        (-0.0004225, 0.0000000)|   0, 2, 2;0,  0;0,  0> +
        ( 0.0003516, 0.0000058)|   2, 2, 2;0,  0;0,  0> +
        ( 0.0003068, 0.0000068)|   3, 2, 0;0,  0;0,  0> +
        ( 0.0002919, 0.0000094)|   3, 0, 2;0,  0;0,  0> +
        ( 0.0000036, 0.0002276)|   0, 2, 3;0,  0;0,  0> +
        ( 0.0002135,-0.0000026)|   0, 3, 2;0,  0;0,  0> +
        ( 0.0002037, 0.0000161)|   0, 3, 0;0,  0;0,  0> +
        ( 0.0000002, 0.0001675)|   0, 3, 3;0,  0;0,  0> +
        ( 0.0000181,-0.0001556)|   0, 2, 1;0,  0;0,  0> +
        ( 0.0000013, 0.0000617)|   2, 0, 1;0,  0;1,  0> +
        (-0.0000013,-0.0000617)|   2, 0, 1;1,  0;0,  0> +
        (-0.0000229,-0.0000014)|   2, 1, 0;1,  0;0,  0> +
        ( 0.0000229, 0.0000014)|   2, 1, 0;0,  0;1,  0> +
        (-0.0000001, 0.0000176)|   1, 0, 3;0,  0;0,  0> +
        (-0.0000001, 0.0000174)|   0, 3, 1;0,  0;0,  0> +
        ( 0.0000152,-0.0000000)|   4, 0, 0;0,  0;0,  0> +
        ( 0.0000147,-0.0000000)|   1, 3, 0;0,  0;0,  0> +
        ( 0.0000105, 0.0000001)|   1, 1, 2;0,  0;0,  0> +
        (-0.0000003, 0.0000099)|   1, 2, 1;0,  0;0,  0> +
        ( 0.0000096, 0.0000001)|   6, 0, 0;0,  0;0,  0> +
        ( 0.0000046, 0.0000005)|   8, 0, 0;0,  0;0,  0> +
        (-0.0000037, 0.0000000)|   4, 0, 2;0,  0;0,  0> +
        (-0.0000034,-0.0000000)|   4, 2, 0;0,  0;0,  0> +
        ( 0.0000019, 0.0000005)|   4, 1, 0;0,  0;0,  0> +
        (-0.0000000, 0.0000016)|   0, 1, 3;0,  0;0,  0> +
        (-0.0000015, 0.0000000)|   0, 1, 0;0,  0;0,  0> +
        (-0.0000000,-0.0000013)|   0, 0, 1;0,  0;0,  0> +
        (-0.0000000,-0.0000011)|   5, 0, 1;0,  0;0,  0> +
         ...
 |14> = ( 0.0002664, 0.7086912)|   3, 0, 1;0,  0;0,  0> +
        ( 0.7054013,-0.0002746)|   3, 1, 0;0,  0;0,  0> +
        (-0.0000095,-0.0101012)|   0, 1, 1;0,  0;0,  0> +
        ( 0.0061306, 0.0000372)|   6, 0, 0;0,  0;0,  0> +
        ( 0.0028619,-0.0000044)|   3, 2, 0;0,  0;0,  0> +
        ( 0.0028550, 0.0000011)|   3, 0, 2;0,  0;0,  0> +
        (-0.0016308, 0.0000207)|   0, 1, 2;0,  0;0,  0> +
        ( 0.0000951, 0.0013681)|   2, 0, 1;0,  0;0,  0> +
        (-0.0013679, 0.0000959)|   2, 1, 0;0,  0;0,  0> +
        (-0.0009878,-0.0000001)|   2, 2, 2;0,  0;0,  0> +
        ( 0.0000193,-0.0009255)|   0, 2, 1;0,  0;0,  0> +
        ( 0.0000747, 0.0008130)|   0, 0, 3;0,  0;0,  0> +
        (-0.0007868, 0.0000003)|   5, 0, 0;0,  0;0,  0> +
        (-0.0007789, 0.0000739)|   0, 3, 0;0,  0;0,  0> +
        (-0.0006303,-0.0000000)|   1, 2, 2;0,  0;0,  0> +
        (-0.0003856,-0.0000000)|   1, 2, 0;0,  0;0,  0> +
        ( 0.0003856, 0.0000000)|   1, 0, 2;0,  0;0,  0> +
        ( 0.0003779,-0.0000007)|   4, 0, 2;0,  0;0,  0> +
        (-0.0000001,-0.0003288)|   0, 3, 1;0,  0;0,  0> +
        ( 0.0002605, 0.0000006)|   4, 2, 0;0,  0;0,  0> +
        ( 0.0000027,-0.0002264)|   1, 0, 3;0,  0;0,  0> +
        (-0.0002122, 0.0000015)|   1, 3, 0;0,  0;0,  0> +
        (-0.0000000, 0.0002008)|   0, 3, 3;0,  0;0,  0> +
        (-0.0000029,-0.0001473)|   1, 2, 1;0,  0;0,  0> +
        (-0.0001321, 0.0000009)|   1, 1, 2;0,  0;0,  0> +
        ( 0.0001291, 0.0000039)|   3, 2, 2;0,  0;0,  0> +
        ( 0.0000900,-0.0000001)|   0, 0, 2;0,  0;0,  0> +
        (-0.0000900, 0.0000001)|   0, 2, 0;0,  0;0,  0> +
        ( 0.0000004,-0.0000577)|   0, 2, 3;0,  0;0,  0> +
        (-0.0000107,-0.0000564)|   2, 0, 2;0,  0;0,  0> +
        (-0.0000047, 0.0000564)|   2, 2, 0;0,  0;0,  0> +
        ( 0.0000000, 0.0000466)|   3, 0, 1;0,  0;1,  0> +
        (-0.0000000,-0.0000466)|   3, 0, 1;1,  0;0,  0> +
        ( 0.0000464,-0.0000000)|   3, 1, 0;0,  0;1,  0> +
        (-0.0000464, 0.0000000)|   3, 1, 0;1,  0;0,  0> +
        (-0.0000003,-0.0000464)|   0, 1, 3;0,  0;0,  0> +
        ( 0.0000447, 0.0000000)|   0, 2, 2;0,  0;0,  0> +
        (-0.0000266, 0.0000003)|   0, 3, 2;0,  0;0,  0> +
        ( 0.0000219,-0.0000001)|   2, 3, 0;0,  0;0,  0> +
        ( 0.0000001, 0.0000144)|   2, 0, 3;0,  0;0,  0> +
        ( 0.0000110,-0.0000000)|   2, 1, 2;0,  0;0,  0> +
        ( 0.0000000, 0.0000090)|   2, 2, 1;0,  0;0,  0> +
        ( 0.0000001,-0.0000079)|   4, 0, 1;0,  0;0,  0> +
        (-0.0000076, 0.0000002)|   4, 1, 0;0,  0;0,  0> +
        (-0.0000002,-0.0000067)|   1, 1, 1;0,  0;0,  0> +
        (-0.0000000, 0.0000042)|   1, 3, 3;0,  0;0,  0> +
        (-0.0000042, 0.0000000)|   1, 3, 2;0,  0;0,  0> +
        ( 0.0000000,-0.0000041)|   1, 2, 3;0,  0;0,  0> +
        ( 0.0000020,-0.0000001)|   1, 1, 0;0,  0;0,  0> +
         ...
 |15> = ( 0.9948251, 0.0979710)|   8, 0, 0;0,  0;0,  0> +
        (-0.0103031, 0.0156448)|   4, 0, 1;0,  0;0,  0> +
        (-0.0156035,-0.0103024)|   4, 1, 0;0,  0;0,  0> +
        (-0.0020522, 0.0000656)|   4, 0, 2;0,  0;0,  0> +
        ( 0.0000412,-0.0013909)|   2, 1, 3;0,  0;0,  0> +
        ( 0.0012134,-0.0002089)|   1, 1, 2;0,  0;0,  0> +
        ( 0.0000348,-0.0011412)|   2, 3, 1;0,  0;0,  0> +
        ( 0.0011228,-0.0000821)|   0, 3, 0;0,  0;0,  0> +
        (-0.0011010,-0.0000447)|   5, 1, 0;0,  0;0,  0> +
        (-0.0000673,-0.0010358)|   0, 2, 1;0,  0;0,  0> +
        (-0.0010366, 0.0000037)|   1, 3, 2;0,  0;0,  0> +
        (-0.0009324,-0.0002531)|   1, 3, 0;0,  0;0,  0> +
        (-0.0000092,-0.0009474)|   2, 1, 1;0,  0;0,  0> +
        (-0.0005384, 0.0006504)|   1, 3, 1;0,  0;0,  0> +
        (-0.0000900,-0.0008052)|   0, 0, 3;0,  0;0,  0> +
        ( 0.0000760, 0.0007628)|   5, 0, 1;0,  0;0,  0> +
        (-0.0007601, 0.0000000)|   3, 2, 2;0,  0;0,  0> +
        ( 0.0007484,-0.0000648)|   4, 2, 0;0,  0;0,  0> +
        (-0.0001912,-0.0007066)|   1, 0, 3;0,  0;0,  0> +
        ( 0.0000003,-0.0007223)|   4, 3, 3;0,  0;0,  0> +
        ( 0.0006463, 0.0000001)|   2, 2, 2;0,  0;0,  0> +
        (-0.0000448, 0.0004946)|   3, 0, 3;0,  0;0,  0> +
        ( 0.0004858,-0.0000807)|   0, 1, 2;0,  0;0,  0> +
        (-0.0003135, 0.0003712)|   1, 2, 1;0,  0;0,  0> +
        (-0.0001482,-0.0004617)|   5, 3, 3;0,  0;0,  0> +
        (-0.0004592,-0.0000001)|   1, 2, 2;0,  0;0,  0> +
        (-0.0000129,-0.0004381)|   1, 1, 1;0,  0;0,  0> +
        ( 0.0000022,-0.0004172)|   0, 2, 3;0,  0;0,  0> +
        ( 0.0003936,-0.0000586)|   3, 3, 0;0,  0;0,  0> +
        ( 0.0000000, 0.0003910)|   1, 3, 3;0,  0;0,  0> +
        ( 0.0000102, 0.0003441)|   1, 1, 3;0,  0;0,  0> +
        (-0.0000176,-0.0003301)|   2, 2, 1;0,  0;0,  0> +
        ( 0.0003246, 0.0000426)|   3, 1, 2;0,  0;0,  0> +
        ( 0.0000037,-0.0003134)|   1, 2, 3;0,  0;0,  0> +
        (-0.0000003,-0.0002873)|   3, 3, 3;0,  0;0,  0> +
        (-0.0002748, 0.0000013)|   2, 1, 2;0,  0;0,  0> +
        ( 0.0000002, 0.0002243)|   2, 3, 3;0,  0;0,  0> +
        ( 0.0000105,-0.0002042)|   2, 2, 3;0,  0;0,  0> +
        (-0.0000202, 0.0002013)|   3, 2, 1;0,  0;0,  0> +
        (-0.0000093, 0.0001794)|   4, 2, 3;0,  0;0,  0> +
        (-0.0000000, 0.0001755)|   0, 3, 3;0,  0;0,  0> +
        ( 0.0001752, 0.0000101)|   4, 3, 2;0,  0;0,  0> +
        ( 0.0000173,-0.0001569)|   3, 2, 3;0,  0;0,  0> +
        (-0.0001491, 0.0000097)|   7, 0, 0;0,  0;0,  0> +
        (-0.0001371, 0.0000170)|   3, 3, 2;0,  0;0,  0> +
        ( 0.0000417,-0.0001069)|   0, 1, 3;0,  0;0,  0> +
        ( 0.0001126, 0.0000115)|   2, 3, 2;0,  0;0,  0> +
        (-0.0001035, 0.0000003)|   3, 0, 2;0,  0;0,  0> +
        (-0.0000061, 0.0001025)|   0, 3, 1;0,  0;0,  0> +
        ( 0.0000946,-0.0000002)|   3, 2, 0;0,  0;0,  0> +
        ( 0.0000442,-0.0000802)|   2, 0, 3;0,  0;0,  0> +
        ( 0.0000823, 0.0000336)|   2, 3, 0;0,  0;0,  0> +
        ( 0.0000872, 0.0000023)|   0, 3, 2;0,  0;0,  0> +
        (-0.0000824,-0.0000001)|   4, 2, 2;0,  0;0,  0> +
        ( 0.0000797,-0.0000040)|   5, 2, 0;0,  0;0,  0> +
        (-0.0000655,-0.0000064)|   8, 0, 0;1,  0;0,  0> +
        ( 0.0000655, 0.0000064)|   8, 0, 0;0,  0;1,  0> +
        ( 0.0000602,-0.0000029)|   5, 0, 2;0,  0;0,  0> +
        (-0.0000287, 0.0000026)|   6, 3, 3;0,  0;0,  0> +
        (-0.0000003,-0.0000060)|   2, 0, 1;0,  0;0,  0> +
        ( 0.0000042, 0.0000006)|   5, 2, 2;0,  0;0,  0> +
        ( 0.0000001, 0.0000030)|   3, 1, 1;0,  0;0,  0> +
        ( 0.0000001, 0.0000028)|   0, 1, 1;0,  0;0,  0> +
        (-0.0000024, 0.0000001)|   9, 0, 0;0,  0;0,  0> +
        (-0.0000013, 0.0000018)|   3, 0, 1;0,  0;0,  0> +
        ( 0.0000000,-0.0000021)|   4, 0, 3;0,  0;0,  0> +
        ( 0.0000015,-0.0000014)|   3, 1, 0;0,  0;0,  0> +
        (-0.0000017,-0.0000001)|  11, 0, 0;0,  0;0,  0> +
        (-0.0000017,-0.0000001)|   4, 3, 0;0,  0;0,  0> +
        ( 0.0000001, 0.0000016)|   2, 2, 0;0,  0;0,  0> +
        (-0.0000001,-0.0000016)|   2, 0, 2;0,  0;0,  0> +
        (-0.0000000,-0.0000014)|   3, 1, 3;0,  0;0,  0> +
        (-0.0000007, 0.0000010)|   4, 0, 1;0,  0;1,  0> +
        ( 0.0000007,-0.0000010)|   4, 0, 1;1,  0;0,  0> +
        (-0.0000010,-0.0000007)|   4, 1, 0;0,  0;1,  0> +
        ( 0.0000010, 0.0000007)|   4, 1, 0;1,  0;0,  0> +
        ( 0.0000001,-0.0000011)|   4, 2, 1;0,  0;0,  0> +
         ...
 |16> = (-0.4392003, 0.5562325)|   3, 1, 0;0,  0;0,  0> +
        ( 0.5536457, 0.4371552)|   3, 0, 1;0,  0;0,  0> +
        ( 0.0058636, 0.0000048)|   3, 2, 0;0,  0;0,  0> +
        ( 0.0026580, 0.0000612)|   4, 2, 0;0,  0;0,  0> +
        ( 0.0022843,-0.0000488)|   4, 0, 2;0,  0;0,  0> +
        ( 0.0020697,-0.0002367)|   4, 1, 0;0,  0;0,  0> +
        ( 0.0002419, 0.0019552)|   4, 0, 1;0,  0;0,  0> +
        ( 0.0018798,-0.0000805)|   0, 3, 0;0,  0;0,  0> +
        (-0.0017215, 0.0000257)|   2, 3, 0;0,  0;0,  0> +
        ( 0.0000247,-0.0017034)|   2, 0, 3;0,  0;0,  0> +
        (-0.0000124,-0.0015710)|   2, 2, 0;0,  0;0,  0> +
        ( 0.0000124, 0.0015710)|   2, 0, 2;0,  0;0,  0> +
        (-0.0001100,-0.0014500)|   0, 0, 3;0,  0;0,  0> +
        (-0.0000023,-0.0014001)|   1, 1, 3;0,  0;0,  0> +
        ( 0.0004549,-0.0012366)|   0, 1, 3;0,  0;0,  0> +
        (-0.0013022,-0.0000063)|   3, 0, 2;0,  0;0,  0> +
        ( 0.0000018,-0.0010371)|   2, 2, 1;0,  0;0,  0> +
        (-0.0009601,-0.0000015)|   2, 1, 2;0,  0;0,  0> +
        (-0.0000643, 0.0009405)|   0, 3, 1;0,  0;0,  0> +
        ( 0.0000092,-0.0008531)|   1, 0, 3;0,  0;0,  0> +
        (-0.0007897, 0.0000033)|   0, 3, 2;0,  0;0,  0> +
        (-0.0007156, 0.0001885)|   6, 0, 0;0,  0;0,  0> +
        (-0.0006561, 0.0000301)|   1, 3, 2;0,  0;0,  0> +
        ( 0.0000141,-0.0005859)|   1, 2, 3;0,  0;0,  0> +
        (-0.0005711,-0.0000140)|   4, 2, 2;0,  0;0,  0> +
        (-0.0005371,-0.0000001)|   1, 2, 2;0,  0;0,  0> +
        (-0.0000969, 0.0003883)|   1, 1, 1;0,  0;0,  0> +
        ( 0.0000157, 0.0003327)|   1, 2, 1;0,  0;0,  0> +
        (-0.0000392,-0.0002883)|   0, 2, 1;0,  0;0,  0> +
        (-0.0002447,-0.0000900)|   0, 1, 2;0,  0;0,  0> +
        (-0.0000159,-0.0002584)|   2, 3, 3;0,  0;0,  0> +
        ( 0.0002284, 0.0000015)|   2, 3, 2;0,  0;0,  0> +
        ( 0.0000000,-0.0002163)|   0, 3, 3;0,  0;0,  0> +
        (-0.0000002, 0.0002160)|   2, 2, 3;0,  0;0,  0> +
        (-0.0001784,-0.0000378)|   1, 3, 0;0,  0;0,  0> +
        (-0.0000081,-0.0001454)|   1, 3, 3;0,  0;0,  0> +
        (-0.0000872, 0.0000655)|   1, 1, 2;0,  0;0,  0> +
        (-0.0000915, 0.0000000)|   2, 2, 2;0,  0;0,  0> +
        ( 0.0000006,-0.0000503)|   0, 1, 1;0,  0;0,  0> +
        (-0.0000289, 0.0000366)|   3, 1, 0;0,  0;1,  0> +
        ( 0.0000289,-0.0000366)|   3, 1, 0;1,  0;0,  0> +
        (-0.0000364,-0.0000288)|   3, 0, 1;1,  0;0,  0> +
        ( 0.0000364, 0.0000288)|   3, 0, 1;0,  0;1,  0> +
        (-0.0000299,-0.0000000)|   0, 2, 2;0,  0;0,  0> +
        ( 0.0000012,-0.0000184)|   1, 3, 1;0,  0;0,  0> +
        (-0.0000121,-0.0000040)|   3, 2, 2;0,  0;0,  0> +
        ( 0.0000034, 0.0000055)|   0, 2, 3;0,  0;0,  0> +
        (-0.0000004,-0.0000042)|   2, 0, 1;0,  0;0,  0> +
        ( 0.0000034,-0.0000001)|   7, 0, 0;0,  0;0,  0> +
        ( 0.0000022,-0.0000006)|   2, 1, 0;0,  0;0,  0> +
        (-0.0000019,-0.0000000)|   1, 1, 0;0,  0;0,  0> +
        ( 0.0000000,-0.0000015)|   2, 1, 1;0,  0;0,  0> +
        (-0.0000013, 0.0000003)|   5, 0, 0;0,  0;0,  0> +
        (-0.0000001,-0.0000013)|   2, 1, 3;0,  0;0,  0> +
        (-0.0000011,-0.0000000)|   5, 1, 0;0,  0;0,  0> +
         ...
 |17> = ( 0.9954985,-0.0814331)|   9, 0, 0;0,  0;0,  0> +
        (-0.0049279, 0.0355773)|   5, 0, 1;0,  0;0,  0> +
        (-0.0000664,-0.0196807)|   6, 0, 1;0,  0;0,  0> +
        ( 0.0170545, 0.0064534)|   5, 1, 0;0,  0;0,  0> +
        ( 0.0169995,-0.0004251)|   6, 1, 0;0,  0;0,  0> +
        (-0.0002730, 0.0026796)|   2, 0, 3;0,  0;0,  0> +
        ( 0.0024941, 0.0000208)|   5, 2, 0;0,  0;0,  0> +
        ( 0.0000472, 0.0024714)|   3, 1, 1;0,  0;0,  0> +
        (-0.0021271,-0.0002151)|   2, 3, 0;0,  0;0,  0> +
        (-0.0006033,-0.0017657)|   1, 2, 1;0,  0;0,  0> +
        ( 0.0017610,-0.0003895)|   1, 1, 2;0,  0;0,  0> +
        (-0.0017107,-0.0001105)|   1, 3, 0;0,  0;0,  0> +
        ( 0.0000169, 0.0016790)|   1, 0, 3;0,  0;0,  0> +
        (-0.0000294, 0.0014896)|   2, 3, 1;0,  0;0,  0> +
        ( 0.0000078, 0.0011764)|   1, 1, 3;0,  0;0,  0> +
        (-0.0011628, 0.0000116)|   5, 3, 2;0,  0;0,  0> +
        ( 0.0000576, 0.0011593)|   0, 2, 1;0,  0;0,  0> +
        ( 0.0000135,-0.0011117)|   4, 1, 1;0,  0;0,  0> +
        (-0.0000113,-0.0010583)|   5, 2, 3;0,  0;0,  0> +
        ( 0.0010188,-0.0000049)|   5, 2, 2;0,  0;0,  0> +
        ( 0.0008843,-0.0000404)|   5, 0, 2;0,  0;0,  0> +
        ( 0.0008853, 0.0000000)|   4, 2, 2;0,  0;0,  0> +
        ( 0.0005409,-0.0006675)|   1, 3, 1;0,  0;0,  0> +
        ( 0.0002994, 0.0007781)|   2, 2, 1;0,  0;0,  0> +
        (-0.0000277, 0.0007704)|   0, 3, 1;0,  0;0,  0> +
        (-0.0000161,-0.0006086)|   2, 1, 3;0,  0;0,  0> +
        (-0.0005773, 0.0000536)|   0, 1, 2;0,  0;0,  0> +
        (-0.0005248, 0.0000536)|   0, 3, 0;0,  0;0,  0> +
        ( 0.0001910,-0.0004560)|   0, 1, 3;0,  0;0,  0> +
        (-0.0000046,-0.0004866)|   2, 1, 1;0,  0;0,  0> +
        ( 0.0000041, 0.0004861)|   3, 0, 3;0,  0;0,  0> +
        ( 0.0004852,-0.0000014)|   3, 3, 0;0,  0;0,  0> +
        ( 0.0000042, 0.0004737)|   4, 2, 3;0,  0;0,  0> +
        (-0.0004570,-0.0000101)|   6, 2, 2;0,  0;0,  0> +
        (-0.0000069,-0.0004204)|   4, 0, 3;0,  0;0,  0> +
        (-0.0004023,-0.0000042)|   3, 3, 2;0,  0;0,  0> +
        (-0.0003857,-0.0000000)|   2, 2, 2;0,  0;0,  0> +
        (-0.0003720, 0.0000129)|   4, 3, 0;0,  0;0,  0> +
        ( 0.0003548,-0.0000046)|   3, 1, 2;0,  0;0,  0> +
        ( 0.0000010, 0.0003476)|   1, 2, 3;0,  0;0,  0> +
        ( 0.0002657, 0.0002052)|   2, 1, 2;0,  0;0,  0> +
        (-0.0000073, 0.0003265)|   3, 2, 1;0,  0;0,  0> +
        (-0.0000831,-0.0002271)|   5, 3, 3;0,  0;0,  0> +
        (-0.0002317,-0.0000178)|   4, 1, 2;0,  0;0,  0> +
        ( 0.0000070, 0.0002175)|   4, 1, 3;0,  0;0,  0> +
        ( 0.0000000,-0.0002173)|   0, 3, 3;0,  0;0,  0> +
        ( 0.0000061,-0.0002157)|   4, 2, 1;0,  0;0,  0> +
        ( 0.0002072, 0.0000009)|   1, 3, 2;0,  0;0,  0> +
        (-0.0000042, 0.0002025)|   3, 2, 3;0,  0;0,  0> +
        ( 0.0000514, 0.0001881)|   0, 0, 3;0,  0;0,  0> +
        ( 0.0001869, 0.0000000)|   0, 3, 2;0,  0;0,  0> +
        ( 0.0000001, 0.0001831)|   0, 2, 3;0,  0;0,  0> +
        (-0.0001672,-0.0000006)|   2, 3, 2;0,  0;0,  0> +
        (-0.0001527, 0.0000176)|   6, 3, 3;0,  0;0,  0> +
        (-0.0000004,-0.0001500)|   2, 2, 3;0,  0;0,  0> +
        ( 0.0000001, 0.0001497)|   3, 1, 3;0,  0;0,  0> +
        ( 0.0000001, 0.0001237)|   4, 3, 3;0,  0;0,  0> +
        ( 0.0000064,-0.0001205)|   3, 3, 1;0,  0;0,  0> +
        ( 0.0000000,-0.0001064)|   1, 3, 3;0,  0;0,  0> +
        ( 0.0000987, 0.0000041)|   4, 3, 2;0,  0;0,  0> +
        (-0.0000001,-0.0000920)|   3, 3, 3;0,  0;0,  0> +
        ( 0.0000914,-0.0000000)|   3, 2, 2;0,  0;0,  0> +
        ( 0.0000786,-0.0000033)|   4, 2, 0;0,  0;0,  0> +
        (-0.0000655, 0.0000054)|   9, 0, 0;1,  0;0,  0> +
        ( 0.0000655,-0.0000054)|   9, 0, 0;0,  0;1,  0> +
        (-0.0000628, 0.0000039)|   4, 0, 2;0,  0;0,  0> +
        ( 0.0000001,-0.0000605)|   2, 3, 3;0,  0;0,  0> +
        (-0.0000330, 0.0000110)|   7, 3, 3;0,  0;0,  0> +
        ( 0.0000249,-0.0000165)|   4, 3, 1;0,  0;0,  0> +
        ( 0.0000156,-0.0000088)|   8, 3, 3;0,  0;0,  0> +
        (-0.0000165, 0.0000002)|   6, 3, 2;0,  0;0,  0> +
        (-0.0000002,-0.0000155)|   6, 2, 3;0,  0;0,  0> +
        ( 0.0000066,-0.0000020)|   9, 3, 3;0,  0;0,  0> +
        (-0.0000050,-0.0000009)|   8, 0, 0;0,  0;0,  0> +
        (-0.0000031, 0.0000037)|   3, 1, 0;0,  0;0,  0> +
        ( 0.0000037, 0.0000023)|   3, 0, 1;0,  0;0,  0> +
        (-0.0000030,-0.0000001)|   4, 1, 0;0,  0;0,  0> +
        (-0.0000003, 0.0000023)|   5, 0, 1;0,  0;1,  0> +
        ( 0.0000003,-0.0000023)|   5, 0, 1;1,  0;0,  0> +
        ( 0.0000001,-0.0000023)|   4, 0, 1;0,  0;0,  0> +
        ( 0.0000022, 0.0000000)|   1, 2, 2;0,  0;0,  0> +
        (-0.0000017, 0.0000000)|  10, 0, 0;0,  0;0,  0> +
        ( 0.0000017, 0.0000001)|   3, 2, 0;0,  0;0,  0> +
        (-0.0000015,-0.0000006)|   6, 0, 0;0,  0;0,  0> +
        ( 0.0000001, 0.0000015)|   2, 0, 2;0,  0;0,  0> +
        (-0.0000001,-0.0000015)|   2, 2, 0;0,  0;0,  0> +
        (-0.0000000,-0.0000014)|   0, 1, 1;0,  0;0,  0> +
        (-0.0000000,-0.0000013)|   6, 0, 1;0,  0;1,  0> +
        ( 0.0000000, 0.0000013)|   6, 0, 1;1,  0;0,  0> +
        ( 0.0000011, 0.0000004)|   5, 1, 0;0,  0;1,  0> +
        (-0.0000011,-0.0000004)|   5, 1, 0;1,  0;0,  0> +
        ( 0.0000001, 0.0000011)|   2, 0, 1;0,  0;0,  0> +
        (-0.0000011, 0.0000000)|   6, 1, 0;1,  0;0,  0> +
        ( 0.0000011,-0.0000000)|   6, 1, 0;0,  0;1,  0> +
        (-0.0000011, 0.0000000)|   7, 0, 0;0,  0;0,  0> +
        (-0.0000011, 0.0000000)|   5, 0, 0;0,  0;0,  0> +
         ...
 |18> = (-0.7082113, 0.0001156)|   4, 1, 0;0,  0;0,  0> +
        (-0.0016126,-0.7058887)|   4, 0, 1;0,  0;0,  0> +
        ( 0.0004342, 0.0113315)|   1, 1, 1;0,  0;0,  0> +
        (-0.0027153,-0.0000374)|   7, 0, 0;0,  0;0,  0> +
        (-0.0014449, 0.0014375)|   3, 1, 0;0,  0;0,  0> +
        (-0.0020300,-0.0000238)|   4, 2, 0;0,  0;0,  0> +
        ( 0.0014308, 0.0014254)|   3, 0, 1;0,  0;0,  0> +
        (-0.0000419,-0.0014825)|   1, 1, 3;0,  0;0,  0> +
        (-0.0009894, 0.0000225)|   4, 0, 2;0,  0;0,  0> +
        (-0.0009268,-0.0000080)|   0, 3, 2;0,  0;0,  0> +
        (-0.0000189,-0.0008887)|   0, 2, 1;0,  0;0,  0> +
        (-0.0000081, 0.0008838)|   0, 2, 3;0,  0;0,  0> +
        (-0.0007853, 0.0000017)|   3, 2, 0;0,  0;0,  0> +
        ( 0.0005778,-0.0000015)|   3, 0, 2;0,  0;0,  0> +
        (-0.0000352, 0.0005578)|   1, 2, 1;0,  0;0,  0> +
        (-0.0004571, 0.0000000)|   3, 2, 2;0,  0;0,  0> +
        ( 0.0000000,-0.0004451)|   0, 3, 3;0,  0;0,  0> +
        ( 0.0000006, 0.0004219)|   0, 0, 3;0,  0;0,  0> +
        ( 0.0000056, 0.0004212)|   0, 3, 1;0,  0;0,  0> +
        (-0.0000096,-0.0004036)|   2, 2, 3;0,  0;0,  0> +
        (-0.0000233,-0.0003504)|   1, 2, 3;0,  0;0,  0> +
        (-0.0003489, 0.0000007)|   2, 3, 2;0,  0;0,  0> +
        (-0.0003421,-0.0000234)|   1, 3, 2;0,  0;0,  0> +
        ( 0.0000030, 0.0003412)|   2, 3, 3;0,  0;0,  0> +
        (-0.0000172,-0.0003371)|   2, 0, 3;0,  0;0,  0> +
        ( 0.0002979, 0.0000471)|   1, 1, 2;0,  0;0,  0> +
        (-0.0000399, 0.0002571)|   0, 1, 3;0,  0;0,  0> +
        (-0.0000000, 0.0002427)|   1, 3, 3;0,  0;0,  0> +
        (-0.0000304, 0.0002224)|   1, 0, 3;0,  0;0,  0> +
        ( 0.0002083, 0.0000005)|   0, 3, 0;0,  0;0,  0> +
        ( 0.0000016, 0.0002076)|   2, 0, 2;0,  0;0,  0> +
        (-0.0000016,-0.0002076)|   2, 2, 0;0,  0;0,  0> +
        (-0.0001982,-0.0000042)|   2, 3, 0;0,  0;0,  0> +
        ( 0.0001817,-0.0000783)|   1, 3, 0;0,  0;0,  0> +
        ( 0.0000137,-0.0001964)|   2, 2, 1;0,  0;0,  0> +
        (-0.0001830, 0.0000011)|   4, 2, 2;0,  0;0,  0> +
        (-0.0001809,-0.0000000)|   2, 2, 2;0,  0;0,  0> +
        (-0.0001557,-0.0000186)|   0, 1, 2;0,  0;0,  0> +
        (-0.0001400,-0.0000049)|   2, 1, 2;0,  0;0,  0> +
        ( 0.0000868,-0.0000000)|   1, 2, 2;0,  0;0,  0> +
        (-0.0000640, 0.0000001)|   6, 0, 0;0,  0;0,  0> +
        ( 0.0000466,-0.0000000)|   4, 1, 0;1,  0;0,  0> +
        (-0.0000466, 0.0000000)|   4, 1, 0;0,  0;1,  0> +
        ( 0.0000001, 0.0000464)|   4, 0, 1;1,  0;0,  0> +
        (-0.0000001,-0.0000464)|   4, 0, 1;0,  0;1,  0> +
        ( 0.0000036,-0.0000266)|   1, 3, 1;0,  0;0,  0> +
        (-0.0000192,-0.0000019)|   8, 0, 0;0,  0;0,  0> +
        ( 0.0000000,-0.0000088)|   2, 1, 1;0,  0;0,  0> +
        ( 0.0000001, 0.0000032)|   0, 1, 1;0,  0;0,  0> +
        (-0.0000031,-0.0000001)|   5, 1, 0;0,  0;0,  0> +
        ( 0.0000002, 0.0000029)|   5, 0, 1;0,  0;0,  0> +
        (-0.0000001,-0.0000023)|   3, 3, 3;0,  0;0,  0> +
        ( 0.0000000, 0.0000020)|   2, 0, 1;0,  0;0,  0> +
        ( 0.0000002,-0.0000019)|   2, 1, 3;0,  0;0,  0> +
        (-0.0000017,-0.0000000)|   6, 1, 0;0,  0;0,  0> +
        (-0.0000000,-0.0000013)|   1, 0, 1;0,  0;0,  0> +
        ( 0.0000013,-0.0000000)|   1, 1, 0;0,  0;0,  0> +
        ( 0.0000013,-0.0000000)|   5, 0, 0;0,  0;0,  0> +
         ...
 |19> = ( 0.3891054,-0.5914165)|   4, 0, 1;0,  0;0,  0> +
        ( 0.5886810, 0.3890832)|   4, 1, 0;0,  0;0,  0> +
        ( 0.0263361, 0.0025936)|   8, 0, 0;0,  0;0,  0> +
        ( 0.0087798,-0.0003169)|   7, 0, 0;0,  0;0,  0> +
        (-0.0058334, 0.0000068)|   4, 0, 2;0,  0;0,  0> +
        ( 0.0000782, 0.0058301)|   2, 1, 1;0,  0;0,  0> +
        (-0.0043010,-0.0000064)|   4, 2, 0;0,  0;0,  0> +
        (-0.0000168, 0.0025301)|   1, 1, 1;0,  0;0,  0> +
        ( 0.0001114, 0.0021999)|   0, 0, 3;0,  0;0,  0> +
        (-0.0018459, 0.0000747)|   0, 3, 0;0,  0;0,  0> +
        (-0.0016213, 0.0001490)|   2, 1, 2;0,  0;0,  0> +
        ( 0.0000855, 0.0015960)|   2, 0, 3;0,  0;0,  0> +
        (-0.0001405,-0.0014214)|   1, 0, 3;0,  0;0,  0> +
        ( 0.0013470,-0.0000231)|   1, 1, 2;0,  0;0,  0> +
        ( 0.0000045,-0.0012845)|   0, 2, 1;0,  0;0,  0> +
        ( 0.0000347, 0.0009508)|   1, 1, 3;0,  0;0,  0> +
        ( 0.0009449,-0.0000063)|   2, 3, 0;0,  0;0,  0> +
        (-0.0008957,-0.0001797)|   1, 3, 0;0,  0;0,  0> +
        ( 0.0008258,-0.0000110)|   2, 3, 2;0,  0;0,  0> +
        ( 0.0008208,-0.0000001)|   3, 2, 2;0,  0;0,  0> +
        (-0.0000257,-0.0007633)|   0, 3, 1;0,  0;0,  0> +
        (-0.0000904, 0.0007231)|   1, 2, 1;0,  0;0,  0> +
        ( 0.0001772,-0.0007035)|   0, 1, 3;0,  0;0,  0> +
        ( 0.0006771, 0.0000676)|   0, 1, 2;0,  0;0,  0> +
        (-0.0000045, 0.0006320)|   0, 2, 3;0,  0;0,  0> +
        ( 0.0004560, 0.0000066)|   1, 3, 2;0,  0;0,  0> +
        ( 0.0004289,-0.0000013)|   3, 0, 2;0,  0;0,  0> +
        ( 0.0000000,-0.0004271)|   0, 3, 3;0,  0;0,  0> +
        (-0.0004107, 0.0000007)|   3, 2, 0;0,  0;0,  0> +
        ( 0.0000346,-0.0004068)|   2, 2, 3;0,  0;0,  0> +
        (-0.0000026, 0.0004037)|   4, 3, 3;0,  0;0,  0> +
        (-0.0003932,-0.0000046)|   0, 3, 2;0,  0;0,  0> +
        (-0.0003117,-0.0000001)|   2, 2, 2;0,  0;0,  0> +
        ( 0.0000068, 0.0003049)|   1, 2, 3;0,  0;0,  0> +
        (-0.0000000,-0.0002861)|   1, 3, 3;0,  0;0,  0> +
        ( 0.0000114, 0.0002308)|   3, 3, 3;0,  0;0,  0> +
        (-0.0002086,-0.0000075)|   4, 2, 2;0,  0;0,  0> +
        (-0.0000211, 0.0001829)|   2, 2, 1;0,  0;0,  0> +
        ( 0.0000022, 0.0001358)|   2, 3, 3;0,  0;0,  0> +
        ( 0.0000031,-0.0001276)|   2, 1, 3;0,  0;0,  0> +
        ( 0.0000876, 0.0000001)|   1, 2, 2;0,  0;0,  0> +
        ( 0.0000546,-0.0000069)|   3, 3, 0;0,  0;0,  0> +
        (-0.0000256, 0.0000389)|   4, 0, 1;1,  0;0,  0> +
        ( 0.0000256,-0.0000389)|   4, 0, 1;0,  0;1,  0> +
        ( 0.0000387, 0.0000256)|   4, 1, 0;0,  0;1,  0> +
        (-0.0000387,-0.0000256)|   4, 1, 0;1,  0;0,  0> +
        ( 0.0000057, 0.0000459)|   3, 0, 3;0,  0;0,  0> +
        ( 0.0000009,-0.0000361)|   3, 0, 1;0,  0;0,  0> +
        (-0.0000179, 0.0000305)|   1, 3, 1;0,  0;0,  0> +
        ( 0.0000349, 0.0000010)|   3, 1, 0;0,  0;0,  0> +
        (-0.0000335,-0.0000016)|   5, 1, 0;0,  0;0,  0> +
        (-0.0000332, 0.0000001)|   3, 3, 2;0,  0;0,  0> +
        ( 0.0000007,-0.0000323)|   3, 2, 3;0,  0;0,  0> +
        ( 0.0000300,-0.0000022)|   3, 1, 2;0,  0;0,  0> +
        ( 0.0000250, 0.0000114)|   2, 3, 1;0,  0;0,  0> +
        ( 0.0000017, 0.0000248)|   3, 2, 1;0,  0;0,  0> +
        ( 0.0000022, 0.0000226)|   5, 0, 1;0,  0;0,  0> +
        (-0.0000039,-0.0000122)|   5, 3, 3;0,  0;0,  0> +
        (-0.0000000,-0.0000053)|   2, 0, 2;0,  0;0,  0> +
        ( 0.0000000, 0.0000053)|   2, 2, 0;0,  0;0,  0> +
        (-0.0000002, 0.0000050)|   4, 2, 3;0,  0;0,  0> +
        ( 0.0000048, 0.0000003)|   4, 3, 2;0,  0;0,  0> +
        ( 0.0000046, 0.0000000)|   5, 0, 0;0,  0;0,  0> +
        (-0.0000045,-0.0000003)|   6, 0, 0;0,  0;0,  0> +
        (-0.0000036, 0.0000003)|   2, 1, 0;0,  0;0,  0> +
        (-0.0000001,-0.0000031)|   0, 1, 1;0,  0;0,  0> +
        ( 0.0000003, 0.0000026)|   2, 0, 1;0,  0;0,  0> +
        ( 0.0000018,-0.0000001)|   5, 2, 0;0,  0;0,  0> +
        ( 0.0000017, 0.0000002)|   8, 0, 0;0,  0;1,  0> +
        (-0.0000017,-0.0000002)|   8, 0, 0;1,  0;0,  0> +
        (-0.0000014,-0.0000001)|  11, 0, 0;0,  0;0,  0> +
        ( 0.0000014,-0.0000001)|   5, 0, 2;0,  0;0,  0> +
        (-0.0000012, 0.0000000)|   1, 0, 2;0,  0;0,  0> +
        ( 0.0000012,-0.0000000)|   1, 2, 0;0,  0;0,  0> +
         ...
 |20> = (-0.9995348,-0.0274405)|  10, 0, 0;0,  0;0,  0> +
        ( 0.0076485,-0.0000090)|   5, 2, 0;0,  0;0,  0> +
        (-0.0058917,-0.0002646)|   6, 2, 0;0,  0;0,  0> +
        ( 0.0000054,-0.0037214)|   4, 2, 1;0,  0;0,  0> +
        (-0.0000931,-0.0032438)|   2, 2, 1;0,  0;0,  0> +
        (-0.0030600, 0.0000043)|   4, 3, 0;0,  0;0,  0> +
        ( 0.0025326,-0.0000134)|   5, 0, 2;0,  0;0,  0> +
        ( 0.0024828,-0.0004690)|   3, 1, 2;0,  0;0,  0> +
        (-0.0023316, 0.0002683)|   2, 1, 2;0,  0;0,  0> +
        (-0.0000466, 0.0022803)|   2, 0, 3;0,  0;0,  0> +
        (-0.0022271, 0.0000583)|   3, 3, 0;0,  0;0,  0> +
        (-0.0020484,-0.0000553)|   6, 0, 2;0,  0;0,  0> +
        ( 0.0000059, 0.0019623)|   4, 0, 3;0,  0;0,  0> +
        (-0.0000080, 0.0015120)|   4, 1, 1;0,  0;0,  0> +
        ( 0.0008518, 0.0005220)|   4, 3, 1;0,  0;0,  0> +
        ( 0.0009533,-0.0002559)|   2, 3, 0;0,  0;0,  0> +
        (-0.0003816,-0.0008794)|   3, 2, 1;0,  0;0,  0> +
        (-0.0009528, 0.0000154)|   4, 1, 2;0,  0;0,  0> +
        (-0.0000328, 0.0009096)|   3, 1, 3;0,  0;0,  0> +
        (-0.0008577, 0.0002145)|  10, 3, 3;0,  0;0,  0> +
        ( 0.0000071, 0.0008693)|   1, 2, 3;0,  0;0,  0> +
        (-0.0002399, 0.0006952)|   0, 1, 3;0,  0;0,  0> +
        (-0.0000485, 0.0006945)|   3, 3, 1;0,  0;0,  0> +
        ( 0.0000220,-0.0006823)|   2, 1, 3;0,  0;0,  0> +
        (-0.0000005, 0.0006693)|   0, 2, 3;0,  0;0,  0> +
        ( 0.0000000, 0.0006472)|   3, 3, 3;0,  0;0,  0> +
        (-0.0005612,-0.0003038)|   1, 3, 0;0,  0;0,  0> +
        ( 0.0003861,-0.0004875)|   1, 3, 1;0,  0;0,  0> +
        ( 0.0005787,-0.0000735)|   7, 1, 0;0,  0;0,  0> +
        ( 0.0000052, 0.0005813)|   3, 0, 3;0,  0;0,  0> +
        ( 0.0005547,-0.0000005)|   0, 3, 2;0,  0;0,  0> +
        (-0.0000018, 0.0004603)|   7, 2, 3;0,  0;0,  0> +
        (-0.0004458, 0.0000072)|   1, 3, 2;0,  0;0,  0> +
        (-0.0004264, 0.0000019)|   5, 2, 2;0,  0;0,  0> +
        (-0.0004169, 0.0000012)|   4, 3, 2;0,  0;0,  0> +
        (-0.0000001, 0.0004132)|   4, 3, 3;0,  0;0,  0> +
        ( 0.0003785, 0.0000033)|   3, 3, 2;0,  0;0,  0> +
        (-0.0003413, 0.0001258)|   1, 2, 1;0,  0;0,  0> +
        ( 0.0003355,-0.0001238)|   1, 1, 2;0,  0;0,  0> +
        (-0.0001775, 0.0002920)|   1, 0, 3;0,  0;0,  0> +
        ( 0.0000012,-0.0003345)|   4, 2, 3;0,  0;0,  0> +
        ( 0.0002407, 0.0002234)|   4, 1, 3;0,  0;0,  0> +
        ( 0.0003138,-0.0000090)|   7, 2, 2;0,  0;0,  0> +
        (-0.0002979, 0.0000008)|   6, 3, 2;0,  0;0,  0> +
        ( 0.0002721,-0.0000927)|   7, 3, 3;0,  0;0,  0> +
        (-0.0002847, 0.0000325)|   6, 3, 3;0,  0;0,  0> +
        (-0.0002699, 0.0000696)|  11, 3, 3;0,  0;0,  0> +
        ( 0.0002406, 0.0000001)|   7, 3, 2;0,  0;0,  0> +
        (-0.0000796,-0.0002175)|   5, 3, 3;0,  0;0,  0> +
        ( 0.0000041,-0.0002197)|   6, 0, 1;0,  0;0,  0> +
        ( 0.0002168, 0.0000054)|   5, 3, 2;0,  0;0,  0> +
        (-0.0000174,-0.0002064)|   7, 0, 1;0,  0;0,  0> +
        ( 0.0000000, 0.0001953)|   0, 3, 3;0,  0;0,  0> +
        ( 0.0000011, 0.0001920)|   6, 2, 3;0,  0;0,  0> +
        ( 0.0000000, 0.0001712)|   2, 3, 3;0,  0;0,  0> +
        (-0.0001698,-0.0000024)|   6, 1, 0;0,  0;0,  0> +
        ( 0.0000030,-0.0001584)|   3, 2, 3;0,  0;0,  0> +
        (-0.0000033, 0.0001582)|   2, 2, 3;0,  0;0,  0> +
        (-0.0001415,-0.0000003)|   4, 2, 2;0,  0;0,  0> +
        ( 0.0000188,-0.0001341)|   2, 3, 1;0,  0;0,  0> +
        ( 0.0000070, 0.0001112)|   5, 2, 3;0,  0;0,  0> +
        ( 0.0000992,-0.0000479)|   8, 3, 3;0,  0;0,  0> +
        ( 0.0000347,-0.0001006)|   0, 3, 1;0,  0;0,  0> +
        ( 0.0001009,-0.0000000)|   3, 2, 2;0,  0;0,  0> +
        (-0.0000935, 0.0000276)|   9, 3, 3;0,  0;0,  0> +
        ( 0.0000972, 0.0000015)|   6, 2, 2;0,  0;0,  0> +
        ( 0.0000016, 0.0000831)|   3, 1, 1;0,  0;0,  0> +
        ( 0.0000000,-0.0000804)|   1, 3, 3;0,  0;0,  0> +
        (-0.0000658,-0.0000018)|  10, 0, 0;0,  0;1,  0> +
        ( 0.0000658, 0.0000018)|  10, 0, 0;1,  0;0,  0> +
        ( 0.0000550,-0.0000032)|   2, 3, 2;0,  0;0,  0> +
        (-0.0000542,-0.0000022)|   8, 2, 2;0,  0;0,  0> +
        (-0.0000285, 0.0000025)|   9, 0, 0;0,  0;0,  0> +
        ( 0.0000223, 0.0000051)|   5, 1, 0;0,  0;0,  0> +
        (-0.0000056,-0.0000201)|   1, 1, 3;0,  0;0,  0> +
        (-0.0000043, 0.0000203)|   5, 0, 1;0,  0;0,  0> +
        (-0.0000002, 0.0000128)|   2, 1, 1;0,  0;0,  0> +
        (-0.0000082, 0.0000004)|   5, 3, 0;0,  0;0,  0> +
        (-0.0000036, 0.0000056)|   4, 0, 1;0,  0;0,  0> +
        (-0.0000054,-0.0000037)|   4, 1, 0;0,  0;0,  0> +
        ( 0.0000043,-0.0000015)|  12, 3, 3;0,  0;0,  0> +
        (-0.0000037, 0.0000000)|   7, 0, 0;0,  0;0,  0> +
        ( 0.0000000, 0.0000036)|   5, 0, 3;0,  0;0,  0> +
        (-0.0000018, 0.0000025)|   8, 2, 3;0,  0;0,  0> +
        ( 0.0000025, 0.0000017)|   8, 3, 2;0,  0;0,  0> +
        (-0.0000028,-0.0000003)|   5, 1, 2;0,  0;0,  0> +
        (-0.0000027, 0.0000000)|   8, 0, 0;0,  0;0,  0> +
        ( 0.0000001, 0.0000025)|   5, 2, 1;0,  0;0,  0> +
        (-0.0000001,-0.0000023)|   1, 1, 1;0,  0;0,  0> +
        ( 0.0000015, 0.0000005)|   4, 0, 2;0,  0;0,  0> +
        (-0.0000014,-0.0000005)|   4, 2, 0;0,  0;0,  0> +
        ( 0.0000014,-0.0000001)|   6, 0, 0;0,  0;0,  0> +
        ( 0.0000012, 0.0000001)|  11, 0, 0;0,  0;0,  0> +
        (-0.0000000,-0.0000010)|   5, 1, 1;0,  0;0,  0> +
         ...
 |21> = (-0.0009384,-0.9998444)|   0, 1, 1;0,  0;0,  0> +
        (-0.0100073, 0.0000025)|   3, 2, 0;0,  0;0,  0> +
        (-0.0093852,-0.0000014)|   3, 0, 2;0,  0;0,  0> +
        (-0.0000072,-0.0071188)|   3, 0, 1;0,  0;0,  0> +
        (-0.0070786,-0.0000018)|   3, 1, 0;0,  0;0,  0> +
        ( 0.0031956,-0.0000026)|   2, 2, 2;0,  0;0,  0> +
        ( 0.0021560,-0.0001607)|   2, 1, 0;0,  0;0,  0> +
        (-0.0020759,-0.0000321)|   0, 1, 2;0,  0;0,  0> +
        (-0.0001566,-0.0015919)|   2, 0, 1;0,  0;0,  0> +
        (-0.0010811, 0.0000010)|   5, 0, 0;0,  0;0,  0> +
        ( 0.0000356,-0.0009328)|   0, 2, 1;0,  0;0,  0> +
        ( 0.0002190,-0.0006587)|   2, 2, 0;0,  0;0,  0> +
        (-0.0001547, 0.0006587)|   2, 0, 2;0,  0;0,  0> +
        ( 0.0000108,-0.0006365)|   0, 0, 3;0,  0;0,  0> +
        ( 0.0004654, 0.0000000)|   0, 2, 2;0,  0;0,  0> +
        ( 0.0003382, 0.0000504)|   0, 3, 0;0,  0;0,  0> +
        ( 0.0002816, 0.0000084)|   0, 2, 0;0,  0;0,  0> +
        (-0.0002816,-0.0000084)|   0, 0, 2;0,  0;0,  0> +
        (-0.0002687,-0.0000016)|   6, 0, 0;0,  0;0,  0> +
        ( 0.0002394, 0.0000000)|   1, 2, 2;0,  0;0,  0> +
        (-0.0000001,-0.0000658)|   0, 1, 1;0,  0;1,  0> +
        ( 0.0000001, 0.0000658)|   0, 1, 1;1,  0;0,  0> +
        ( 0.0000576,-0.0000022)|   1, 2, 0;0,  0;0,  0> +
        (-0.0000572, 0.0000022)|   1, 0, 2;0,  0;0,  0> +
        (-0.0000415, 0.0000014)|   1, 1, 0;0,  0;0,  0> +
        (-0.0000241,-0.0000000)|   4, 0, 0;0,  0;0,  0> +
        ( 0.0000014, 0.0000191)|   1, 0, 1;0,  0;0,  0> +
        (-0.0000000, 0.0000167)|   0, 3, 3;0,  0;0,  0> +
        ( 0.0000003, 0.0000095)|   0, 2, 3;0,  0;0,  0> +
        ( 0.0000093,-0.0000002)|   0, 3, 2;0,  0;0,  0> +
        (-0.0000000, 0.0000084)|   0, 3, 1;0,  0;0,  0> +
        (-0.0000041,-0.0000001)|   1, 3, 0;0,  0;0,  0> +
        (-0.0000002,-0.0000033)|   1, 0, 3;0,  0;0,  0> +
        (-0.0000020,-0.0000000)|   1, 1, 2;0,  0;0,  0> +
        (-0.0000009, 0.0000015)|   7, 0, 1;0,  0;0,  0> +
        (-0.0000016,-0.0000000)|   3, 2, 2;0,  0;0,  0> +
        (-0.0000001,-0.0000015)|   1, 2, 1;0,  0;0,  0> +
        (-0.0000000, 0.0000012)|   0, 1, 3;0,  0;0,  0> +
        ( 0.0000000, 0.0000012)|   1, 1, 1;0,  0;0,  0> +
        ( 0.0000011,-0.0000000)|   4, 2, 0;0,  0;0,  0> +
         ...
 |22> = ( 0.7070804,-0.0000001)|   0, 2, 0;0,  0;0,  0> +
        (-0.7070804, 0.0000001)|   0, 0, 2;0,  0;0,  0> +
        ( 0.0000014, 0.0048068)|   2, 0, 1;0,  0;0,  0> +
        ( 0.0046921, 0.0000036)|   2, 1, 0;0,  0;0,  0> +
        (-0.0036788,-0.0000017)|   1, 1, 0;0,  0;0,  0> +
        ( 0.0022754,-0.0000106)|   2, 0, 2;0,  0;0,  0> +
        ( 0.0022702, 0.0000106)|   2, 2, 0;0,  0;0,  0> +
        (-0.0022083,-0.0000000)|   4, 0, 0;0,  0;0,  0> +
        (-0.0000017, 0.0009870)|   1, 0, 1;0,  0;0,  0> +
        ( 0.0006637,-0.0000000)|   0, 2, 2;0,  0;0,  0> +
        ( 0.0000122, 0.0003974)|   0, 1, 1;0,  0;0,  0> +
        (-0.0003016,-0.0000001)|   1, 0, 2;0,  0;0,  0> +
        ( 0.0002518, 0.0000001)|   1, 2, 0;0,  0;0,  0> +
        ( 0.0001299,-0.0000001)|   3, 2, 0;0,  0;0,  0> +
        ( 0.0001222,-0.0000001)|   3, 0, 2;0,  0;0,  0> +
        ( 0.0001113,-0.0000000)|   5, 0, 0;0,  0;0,  0> +
        ( 0.0000001, 0.0000927)|   3, 0, 1;0,  0;0,  0> +
        ( 0.0000921, 0.0000000)|   3, 1, 0;0,  0;0,  0> +
        ( 0.0000465, 0.0000000)|   0, 2, 0;0,  0;1,  0> +
        (-0.0000465,-0.0000000)|   0, 2, 0;1,  0;0,  0> +
        ( 0.0000465, 0.0000000)|   0, 0, 2;1,  0;0,  0> +
        (-0.0000465,-0.0000000)|   0, 0, 2;0,  0;1,  0> +
        (-0.0000401, 0.0000000)|   2, 2, 2;0,  0;0,  0> +
        (-0.0000303,-0.0000000)|   0, 1, 0;0,  0;0,  0> +
        (-0.0000000, 0.0000301)|   0, 0, 1;0,  0;0,  0> +
        (-0.0000279,-0.0000002)|   0, 3, 0;0,  0;0,  0> +
        ( 0.0000134, 0.0000000)|   3, 0, 0;0,  0;0,  0> +
        (-0.0000002,-0.0000128)|   0, 2, 1;0,  0;0,  0> +
        (-0.0000069, 0.0000001)|   1, 2, 2;0,  0;0,  0> +
        ( 0.0000065, 0.0000004)|   0, 1, 2;0,  0;0,  0> +
        ( 0.0000035, 0.0000000)|   6, 0, 0;0,  0;0,  0> +
        ( 0.0000002,-0.0000027)|   0, 0, 3;0,  0;0,  0> +
        (-0.0000001,-0.0000024)|   1, 1, 1;0,  0;0,  0> +
        ( 0.0000000,-0.0000010)|   8, 0, 1;0,  0;0,  0> +
         ...
 |23> = ( 0.8259745, 0.0346497)|   5, 1, 0;0,  0;0,  0> +
        (-0.0557349,-0.5594093)|   5, 0, 1;0,  0;0,  0> +
        (-0.0000941,-0.0174829)|   6, 0, 1;0,  0;0,  0> +
        ( 0.0127176,-0.0003377)|   6, 1, 0;0,  0;0,  0> +
        ( 0.0047481,-0.0003873)|   9, 0, 0;0,  0;0,  0> +
        ( 0.0000378, 0.0030270)|   0, 3, 1;0,  0;0,  0> +
        (-0.0000336,-0.0020366)|   1, 0, 3;0,  0;0,  0> +
        ( 0.0010150,-0.0012824)|   1, 3, 1;0,  0;0,  0> +
        ( 0.0000662,-0.0013838)|   2, 1, 3;0,  0;0,  0> +
        ( 0.0000663,-0.0013491)|   2, 3, 1;0,  0;0,  0> +
        ( 0.0013334, 0.0001323)|   8, 0, 0;0,  0;0,  0> +
        (-0.0012254, 0.0002082)|   1, 1, 2;0,  0;0,  0> +
        (-0.0002629, 0.0012148)|   0, 1, 3;0,  0;0,  0> +
        (-0.0000200, 0.0011964)|   2, 0, 3;0,  0;0,  0> +
        ( 0.0001287, 0.0010896)|   2, 2, 1;0,  0;0,  0> +
        (-0.0009682,-0.0000129)|   5, 2, 0;0,  0;0,  0> +
        ( 0.0003340, 0.0007200)|   1, 2, 1;0,  0;0,  0> +
        (-0.0007655, 0.0000178)|   2, 3, 0;0,  0;0,  0> +
        ( 0.0007518, 0.0000120)|   3, 3, 0;0,  0;0,  0> +
        (-0.0006989,-0.0000114)|   5, 0, 2;0,  0;0,  0> +
        (-0.0006698, 0.0000000)|   3, 2, 2;0,  0;0,  0> +
        ( 0.0000094, 0.0006173)|   3, 0, 3;0,  0;0,  0> +
        ( 0.0005855, 0.0000037)|   0, 3, 2;0,  0;0,  0> +
        (-0.0005438,-0.0000001)|   4, 2, 2;0,  0;0,  0> +
        (-0.0004850, 0.0000016)|   1, 3, 2;0,  0;0,  0> +
        ( 0.0000020, 0.0004609)|   3, 2, 3;0,  0;0,  0> +
        ( 0.0000213, 0.0004527)|   0, 2, 1;0,  0;0,  0> +
        ( 0.0004065, 0.0000026)|   3, 3, 2;0,  0;0,  0> +
        ( 0.0000115, 0.0004053)|   3, 2, 1;0,  0;0,  0> +
        ( 0.0003848, 0.0000068)|   3, 1, 2;0,  0;0,  0> +
        (-0.0000091, 0.0003678)|   1, 1, 3;0,  0;0,  0> +
        (-0.0003568, 0.0000600)|   2, 1, 2;0,  0;0,  0> +
        (-0.0003451,-0.0000023)|   2, 3, 2;0,  0;0,  0> +
        (-0.0000001, 0.0003077)|   4, 3, 3;0,  0;0,  0> +
        (-0.0000044,-0.0002870)|   3, 1, 1;0,  0;0,  0> +
        ( 0.0000037,-0.0002829)|   0, 2, 3;0,  0;0,  0> +
        (-0.0000023,-0.0002653)|   2, 2, 3;0,  0;0,  0> +
        (-0.0000002, 0.0002403)|   2, 3, 3;0,  0;0,  0> +
        (-0.0002239, 0.0000198)|   0, 1, 2;0,  0;0,  0> +
        (-0.0001910, 0.0000196)|   0, 3, 0;0,  0;0,  0> +
        ( 0.0000015,-0.0001701)|   1, 2, 3;0,  0;0,  0> +
        ( 0.0001568, 0.0000013)|   5, 2, 2;0,  0;0,  0> +
        (-0.0000000,-0.0001442)|   3, 3, 3;0,  0;0,  0> +
        (-0.0001388, 0.0000060)|   4, 2, 0;0,  0;0,  0> +
        ( 0.0001285,-0.0000064)|   4, 0, 2;0,  0;0,  0> +
        (-0.0000000, 0.0001271)|   0, 3, 3;0,  0;0,  0> +
        (-0.0000000, 0.0001181)|   1, 3, 3;0,  0;0,  0> +
        ( 0.0000083, 0.0000911)|   4, 2, 3;0,  0;0,  0> +
        (-0.0000275,-0.0000802)|   5, 3, 3;0,  0;0,  0> +
        ( 0.0000683, 0.0000057)|   4, 3, 2;0,  0;0,  0> +
        ( 0.0000187, 0.0000587)|   0, 0, 3;0,  0;0,  0> +
        ( 0.0000419, 0.0000416)|   1, 3, 0;0,  0;0,  0> +
        (-0.0000584,-0.0000000)|   2, 2, 2;0,  0;0,  0> +
        (-0.0000543,-0.0000023)|   5, 1, 0;1,  0;0,  0> +
        ( 0.0000543, 0.0000023)|   5, 1, 0;0,  0;1,  0> +
        (-0.0000002,-0.0000391)|   2, 1, 1;0,  0;0,  0> +
        (-0.0000037,-0.0000368)|   5, 0, 1;0,  0;1,  0> +
        ( 0.0000037, 0.0000368)|   5, 0, 1;1,  0;0,  0> +
        (-0.0000003, 0.0000189)|   3, 1, 3;0,  0;0,  0> +
        (-0.0000162, 0.0000066)|   8, 3, 3;0,  0;0,  0> +
        (-0.0000134, 0.0000028)|   6, 3, 3;0,  0;0,  0> +
        ( 0.0000004,-0.0000130)|   3, 3, 1;0,  0;0,  0> +
        (-0.0000106,-0.0000003)|   4, 3, 0;0,  0;0,  0> +
        (-0.0000008,-0.0000097)|   4, 0, 3;0,  0;0,  0> +
        ( 0.0000080,-0.0000030)|   7, 3, 3;0,  0;0,  0> +
        ( 0.0000019,-0.0000063)|   4, 0, 1;0,  0;0,  0> +
        (-0.0000002,-0.0000057)|   4, 2, 1;0,  0;0,  0> +
        (-0.0000048, 0.0000001)|   4, 1, 2;0,  0;0,  0> +
        ( 0.0000040, 0.0000000)|   1, 2, 2;0,  0;0,  0> +
        ( 0.0000002, 0.0000040)|   1, 1, 1;0,  0;0,  0> +
        (-0.0000007,-0.0000030)|   4, 1, 3;0,  0;0,  0> +
        (-0.0000028,-0.0000001)|   7, 0, 0;0,  0;0,  0> +
        ( 0.0000027,-0.0000000)|   6, 2, 2;0,  0;0,  0> +
        ( 0.0000023, 0.0000001)|   3, 0, 2;0,  0;0,  0> +
        (-0.0000023, 0.0000004)|   6, 0, 0;0,  0;0,  0> +
        ( 0.0000007, 0.0000022)|   4, 1, 1;0,  0;0,  0> +
        (-0.0000023,-0.0000000)|   3, 2, 0;0,  0;0,  0> +
        ( 0.0000008, 0.0000020)|   4, 1, 0;0,  0;0,  0> +
        (-0.0000000, 0.0000018)|   2, 2, 0;0,  0;0,  0> +
        ( 0.0000000,-0.0000018)|   2, 0, 2;0,  0;0,  0> +
        (-0.0000001,-0.0000016)|   2, 0, 1;0,  0;0,  0> +
        (-0.0000015,-0.0000000)|   5, 3, 2;0,  0;0,  0> +
        ( 0.0000013,-0.0000000)|   1, 1, 0;0,  0;0,  0> +
        ( 0.0000000,-0.0000012)|   5, 2, 3;0,  0;0,  0> +
        (-0.0000000,-0.0000011)|   6, 0, 1;0,  0;1,  0> +
        ( 0.0000000, 0.0000011)|   6, 0, 1;1,  0;0,  0> +
        ( 0.0000000,-0.0000010)|   6, 2, 3;0,  0;0,  0> +
         ...
 |24> = (-0.7071068, 0.0000000)|   0, 0, 2;0,  0;0,  0> +
        (-0.7071068,-0.0000000)|   0, 2, 0;0,  0;0,  0> +
        (-0.0003634, 0.0000000)|   2, 0, 0;0,  0;0,  0> +
        (-0.0000465, 0.0000000)|   0, 2, 0;0,  0;1,  0> +
        ( 0.0000465, 0.0000000)|   0, 0, 2;1,  0;0,  0> +
        ( 0.0000465,-0.0000000)|   0, 2, 0;1,  0;0,  0> +
        (-0.0000465,-0.0000000)|   0, 0, 2;0,  0;1,  0> +
         ...
