p1717
# Parameters of the model
#  mass:		    261.00 u
#  charge:	      1.00 e
#  dipole:	      4.74 D
#  B:		    503.65 MHz
#  omega_rho:	      1.40 MHz
#  omega_z:	      0.16 MHz

# Basis truncation:	|34,4,4;2,2>
# omega_1:	      0.28 MHz
# omega_3/5:	      1.39 MHz
# Basis size:		44064

# Active terms of the Hamiltionian:
# 	Nomal modes:	1
# 	T_rot:      	1
# 	V_qd^{(0)}: 	1
# 	V_qd^{(1)}: 	1
# 	V_dd^{(0)}: 	1

# Results of the diagonalisation

# 100 smallest eigenvalues
 5.518517017 6.527809620 7.509507656 8.517025948 9.542365074 10.511771202 10.597550392 10.613921165 11.564345360 11.569835663 11.627792358 12.502917290 12.562975883 12.565400124 13.482549667 13.495096207 13.589346886 14.443071365 14.590100288 14.726937294 15.243386269 15.540636063 15.545772552 15.575157166 15.598893166 15.840826035 16.465288162 16.519969940 16.556140900 16.602035522 16.657299042 16.726408005 17.489023209 17.490095139 17.500494003 17.631944656 17.720193863 17.807790756 18.387573242 18.396268845 18.519920349 18.627441406 18.639678955 18.650041580 19.497928619 19.598356247 19.611362457 19.641872406 19.672552109 19.692737579 20.484275818 20.537128448 20.541173935 20.615146637 20.621452332 20.627513885 20.649925232 20.670629501 20.706958771 20.753198624 21.363563538 21.374771118 21.461202621 21.544918060 21.549451828 21.594652176 21.603525162 21.632993698 21.656215668 21.687677383 22.433309555 22.434556961 22.505420685 22.543352127 22.605745316 22.618289948 22.618804932 22.704055786 22.753740311 22.774137497 23.362655640 23.467510223 23.470817566 23.495725632 23.517166138 23.541215897 23.587331772 23.631589890 23.658035278 23.710897446 24.563060760 24.566999435 24.618396759 24.643074036 24.649875641 24.711889267 24.770727158 24.780916214 24.788387299 24.808794022

# Ground state and the lowest excitations:
 | 0> = ( 1.0000000, 0.0000000)|   0, 0, 0;0,  0;0,  0> +
        ( 0.0000658,-0.0000000)|   0, 0, 0;0,  0;1,  0> +
        (-0.0000658,-0.0000000)|   0, 0, 0;1,  0;0,  0> +
         ...
 | 1> = (-1.0000010, 0.0000000)|   1, 0, 0;0,  0;0,  0> +
        (-0.0000658,-0.0000000)|   1, 0, 0;0,  0;1,  0> +
        ( 0.0000658, 0.0000000)|   1, 0, 0;1,  0;0,  0> +
        (-0.0000056,-0.0000000)|   2, 0, 0;0,  0;0,  0> +
         ...
 | 2> = (-0.9999979,-0.0000000)|   2, 0, 0;0,  0;0,  0> +
        ( 0.0011395, 0.0000000)|   0, 0, 2;0,  0;0,  0> +
        ( 0.0011394,-0.0000000)|   0, 2, 0;0,  0;0,  0> +
        (-0.0000658,-0.0000000)|   2, 0, 0;0,  0;1,  0> +
        ( 0.0000658, 0.0000000)|   2, 0, 0;1,  0;0,  0> +
        ( 0.0000068, 0.0000000)|   1, 0, 0;0,  0;0,  0> +
        ( 0.0000020,-0.0000000)|   5, 0, 0;0,  0;0,  0> +
        ( 0.0000012, 0.0000000)|   0, 1, 0;0,  0;0,  0> +
        ( 0.0000000, 0.0000011)|   0, 0, 1;0,  0;0,  0> +
         ...
 | 3> = (-0.9999933, 0.0000000)|   3, 0, 0;0,  0;0,  0> +
        ( 0.0027693,-0.0000000)|   0, 1, 0;0,  0;0,  0> +
        (-0.0000000,-0.0021679)|   0, 0, 1;0,  0;0,  0> +
        ( 0.0001754,-0.0000000)|   1, 2, 0;0,  0;0,  0> +
        ( 0.0001746, 0.0000000)|   1, 0, 2;0,  0;0,  0> +
        (-0.0000658,-0.0000000)|   3, 0, 0;0,  0;1,  0> +
        ( 0.0000658,-0.0000000)|   3, 0, 0;1,  0;0,  0> +
        ( 0.0000316, 0.0000000)|   4, 0, 0;0,  0;0,  0> +
        (-0.0000092,-0.0000000)|   0, 0, 2;0,  0;0,  0> +
        ( 0.0000090, 0.0000000)|   0, 2, 0;0,  0;0,  0> +
         ...
 | 4> = (-0.9999841,-0.0000000)|   4, 0, 0;0,  0;0,  0> +
        (-0.0000001, 0.0038668)|   1, 0, 1;0,  0;0,  0> +
        ( 0.0038410,-0.0000001)|   1, 1, 0;0,  0;0,  0> +
        (-0.0008344,-0.0000000)|   0, 2, 0;0,  0;0,  0> +
        ( 0.0008343, 0.0000000)|   0, 0, 2;0,  0;0,  0> +
        ( 0.0007291,-0.0000000)|   0, 2, 2;0,  0;0,  0> +
        ( 0.0002649,-0.0000000)|   1, 0, 2;0,  0;0,  0> +
        ( 0.0002212, 0.0000000)|   1, 2, 0;0,  0;0,  0> +
        ( 0.0000658, 0.0000000)|   4, 0, 0;1,  0;0,  0> +
        (-0.0000658, 0.0000000)|   4, 0, 0;0,  0;1,  0> +
        (-0.0000000,-0.0000629)|   0, 0, 1;0,  0;0,  0> +
        ( 0.0000622,-0.0000000)|   0, 1, 0;0,  0;0,  0> +
        ( 0.0000484, 0.0000001)|   2, 2, 0;0,  0;0,  0> +
        ( 0.0000484,-0.0000001)|   2, 0, 2;0,  0;0,  0> +
        (-0.0000311, 0.0000000)|   3, 0, 0;0,  0;0,  0> +
        (-0.0000129, 0.0000000)|   0, 3, 0;0,  0;0,  0> +
        ( 0.0000000,-0.0000125)|   0, 0, 3;0,  0;0,  0> +
        (-0.0000000, 0.0000107)|   0, 1, 1;0,  0;0,  0> +
        (-0.0000085,-0.0000000)|   0, 1, 2;0,  0;0,  0> +
        ( 0.0000000,-0.0000082)|   0, 2, 1;0,  0;0,  0> +
        ( 0.0000021,-0.0000000)|   5, 0, 0;0,  0;0,  0> +
         ...
 | 5> = (-0.7226544,-0.0000000)|   0, 1, 0;0,  0;0,  0> +
        (-0.0000000, 0.6911911)|   0, 0, 1;0,  0;0,  0> +
        (-0.0034987, 0.0000000)|   3, 0, 0;0,  0;0,  0> +
        ( 0.0025689, 0.0000000)|   1, 0, 2;0,  0;0,  0> +
        ( 0.0025667,-0.0000000)|   1, 2, 0;0,  0;0,  0> +
        (-0.0000869, 0.0000000)|   4, 0, 0;0,  0;0,  0> +
        (-0.0000475, 0.0000000)|   0, 1, 0;0,  0;1,  0> +
        ( 0.0000475,-0.0000000)|   0, 1, 0;1,  0;0,  0> +
        ( 0.0000000,-0.0000455)|   0, 0, 1;1,  0;0,  0> +
        ( 0.0000000, 0.0000455)|   0, 0, 1;0,  0;1,  0> +
        (-0.0000305, 0.0000000)|   0, 2, 0;0,  0;0,  0> +
        ( 0.0000298,-0.0000000)|   0, 0, 2;0,  0;0,  0> +
        ( 0.0000261, 0.0000000)|   1, 1, 0;0,  0;0,  0> +
        ( 0.0000000, 0.0000222)|   1, 0, 1;0,  0;0,  0> +
        (-0.0000012,-0.0000001)|   2, 0, 2;0,  0;0,  0> +
        (-0.0000012, 0.0000001)|   2, 2, 0;0,  0;0,  0> +
        (-0.0000001,-0.0000011)|   2, 0, 1;0,  0;0,  0> +
         ...
 | 6> = ( 0.9999049,-0.0002062)|   5, 0, 0;0,  0;0,  0> +
        ( 0.0106322,-0.0006831)|   2, 1, 0;0,  0;0,  0> +
        (-0.0006767,-0.0077580)|   2, 0, 1;0,  0;0,  0> +
        ( 0.0019225,-0.0000635)|   0, 3, 0;0,  0;0,  0> +
        (-0.0000004,-0.0015600)|   0, 1, 1;0,  0;0,  0> +
        (-0.0000692, 0.0014749)|   2, 0, 2;0,  0;0,  0> +
        (-0.0000104,-0.0014749)|   2, 2, 0;0,  0;0,  0> +
        (-0.0000934,-0.0010782)|   0, 0, 3;0,  0;0,  0> +
        ( 0.0010070, 0.0000000)|   1, 2, 0;0,  0;0,  0> +
        (-0.0010070,-0.0000000)|   1, 0, 2;0,  0;0,  0> +
        (-0.0009875,-0.0000722)|   0, 1, 2;0,  0;0,  0> +
        ( 0.0000015, 0.0009498)|   0, 3, 3;0,  0;0,  0> +
        ( 0.0007493,-0.0000002)|   2, 2, 2;0,  0;0,  0> +
        (-0.0000207, 0.0004798)|   0, 2, 1;0,  0;0,  0> +
        ( 0.0003053,-0.0000046)|   3, 0, 2;0,  0;0,  0> +
        ( 0.0002671,-0.0000001)|   1, 2, 2;0,  0;0,  0> +
        (-0.0002218, 0.0000009)|   0, 3, 2;0,  0;0,  0> +
        ( 0.0000024,-0.0002182)|   0, 2, 3;0,  0;0,  0> +
        ( 0.0000003, 0.0002153)|   0, 3, 1;0,  0;0,  0> +
        ( 0.0001828, 0.0000076)|   3, 2, 0;0,  0;0,  0> +
        ( 0.0001072, 0.0000000)|   0, 0, 2;0,  0;0,  0> +
        (-0.0001071, 0.0000000)|   0, 2, 0;0,  0;0,  0> +
        ( 0.0000658,-0.0000000)|   5, 0, 0;0,  0;1,  0> +
        (-0.0000658, 0.0000000)|   5, 0, 0;1,  0;0,  0> +
        ( 0.0000612, 0.0000000)|   0, 2, 2;0,  0;0,  0> +
        ( 0.0000012, 0.0000591)|   1, 0, 3;0,  0;0,  0> +
        ( 0.0000516, 0.0000015)|   1, 3, 0;0,  0;0,  0> +
        (-0.0000013, 0.0000333)|   1, 2, 1;0,  0;0,  0> +
        ( 0.0000329, 0.0000004)|   1, 1, 2;0,  0;0,  0> +
        ( 0.0000001, 0.0000260)|   0, 1, 3;0,  0;0,  0> +
        (-0.0000214,-0.0000000)|   4, 2, 0;0,  0;0,  0> +
        (-0.0000202,-0.0000001)|   4, 0, 2;0,  0;0,  0> +
        ( 0.0000005, 0.0000041)|   1, 0, 1;0,  0;0,  0> +
        (-0.0000033, 0.0000005)|   1, 1, 0;0,  0;0,  0> +
        ( 0.0000000, 0.0000029)|   3, 0, 1;0,  0;0,  0> +
        ( 0.0000025, 0.0000000)|   3, 1, 0;0,  0;0,  0> +
        (-0.0000023,-0.0000000)|   6, 0, 0;0,  0;0,  0> +
        ( 0.0000021,-0.0000000)|   2, 0, 0;0,  0;0,  0> +
        (-0.0000021, 0.0000000)|   3, 2, 2;0,  0;0,  0> +
        ( 0.0000019,-0.0000000)|   4, 0, 0;0,  0;0,  0> +
         ...
 | 7> = (-0.0000000, 0.7226635)|   0, 0, 1;0,  0;0,  0> +
        ( 0.6911983,-0.0000000)|   0, 1, 0;0,  0;0,  0> +
        ( 0.0003476, 0.0000000)|   3, 0, 0;0,  0;0,  0> +
        ( 0.0000564, 0.0000000)|   1, 0, 2;0,  0;0,  0> +
        ( 0.0000562,-0.0000000)|   1, 2, 0;0,  0;0,  0> +
        ( 0.0000000, 0.0000475)|   0, 0, 1;0,  0;1,  0> +
        ( 0.0000000,-0.0000475)|   0, 0, 1;1,  0;0,  0> +
        ( 0.0000455,-0.0000000)|   0, 1, 0;0,  0;1,  0> +
        (-0.0000455,-0.0000000)|   0, 1, 0;1,  0;0,  0> +
        ( 0.0000207,-0.0000000)|   0, 0, 2;0,  0;0,  0> +
        ( 0.0000196, 0.0000000)|   0, 2, 0;0,  0;0,  0> +
        ( 0.0000053, 0.0000000)|   1, 1, 0;0,  0;0,  0> +
        ( 0.0000000, 0.0000045)|   1, 0, 1;0,  0;0,  0> +
        (-0.0000024, 0.0000000)|   4, 0, 0;0,  0;0,  0> +
        ( 0.0000017, 0.0000000)|   2, 0, 0;0,  0;0,  0> +
         ...
 | 8> = (-0.9999647,-0.0060607)|   6, 0, 0;0,  0;0,  0> +
        (-0.0025523, 0.0000222)|   0, 1, 2;0,  0;0,  0> +
        ( 0.0001040,-0.0023694)|   3, 0, 1;0,  0;0,  0> +
        ( 0.0023619,-0.0000039)|   3, 2, 0;0,  0;0,  0> +
        (-0.0021776, 0.0001062)|   3, 1, 0;0,  0;0,  0> +
        (-0.0021299, 0.0000206)|   4, 0, 2;0,  0;0,  0> +
        (-0.0018262,-0.0000131)|   4, 2, 0;0,  0;0,  0> +
        ( 0.0000328,-0.0010594)|   0, 0, 3;0,  0;0,  0> +
        (-0.0009386,-0.0000000)|   2, 2, 2;0,  0;0,  0> +
        ( 0.0008586,-0.0000000)|   3, 2, 2;0,  0;0,  0> +
        (-0.0008513, 0.0000038)|   3, 0, 2;0,  0;0,  0> +
        ( 0.0000006,-0.0005383)|   1, 3, 3;0,  0;0,  0> +
        (-0.0001969,-0.0004704)|   1, 0, 3;0,  0;0,  0> +
        (-0.0004361,-0.0001523)|   1, 3, 0;0,  0;0,  0> +
        ( 0.0000758, 0.0004015)|   0, 2, 1;0,  0;0,  0> +
        ( 0.0004074,-0.0000000)|   1, 2, 2;0,  0;0,  0> +
        (-0.0003544, 0.0000639)|   0, 3, 0;0,  0;0,  0> +
        ( 0.0000003, 0.0003198)|   0, 1, 1;0,  0;0,  0> +
        ( 0.0000264,-0.0002695)|   1, 2, 1;0,  0;0,  0> +
        (-0.0002417,-0.0000464)|   1, 1, 2;0,  0;0,  0> +
        ( 0.0002128,-0.0000015)|   1, 3, 2;0,  0;0,  0> +
        ( 0.0000015, 0.0002025)|   1, 2, 3;0,  0;0,  0> +
        ( 0.0001654, 0.0000009)|   0, 3, 2;0,  0;0,  0> +
        (-0.0001441, 0.0000030)|   2, 1, 2;0,  0;0,  0> +
        (-0.0001259, 0.0000040)|   2, 3, 0;0,  0;0,  0> +
        (-0.0000036,-0.0000973)|   2, 2, 1;0,  0;0,  0> +
        ( 0.0000012,-0.0000887)|   0, 3, 1;0,  0;0,  0> +
        (-0.0000065,-0.0000773)|   2, 0, 3;0,  0;0,  0> +
        ( 0.0000658, 0.0000004)|   6, 0, 0;1,  0;0,  0> +
        (-0.0000658,-0.0000004)|   6, 0, 0;0,  0;1,  0> +
        (-0.0000593, 0.0000000)|   0, 2, 2;0,  0;0,  0> +
        ( 0.0000009, 0.0000538)|   2, 0, 2;0,  0;0,  0> +
        (-0.0000008,-0.0000538)|   2, 2, 0;0,  0;0,  0> +
        ( 0.0000010,-0.0000420)|   0, 2, 3;0,  0;0,  0> +
        ( 0.0000002, 0.0000312)|   4, 0, 1;0,  0;0,  0> +
        ( 0.0000301, 0.0000000)|   4, 1, 0;0,  0;0,  0> +
        ( 0.0000000,-0.0000280)|   0, 3, 3;0,  0;0,  0> +
        (-0.0000074, 0.0000144)|   0, 1, 3;0,  0;0,  0> +
        ( 0.0000003,-0.0000079)|   1, 1, 3;0,  0;0,  0> +
        (-0.0000000,-0.0000052)|   2, 3, 3;0,  0;0,  0> +
        ( 0.0000047,-0.0000000)|   1, 2, 0;0,  0;0,  0> +
        (-0.0000047, 0.0000000)|   1, 0, 2;0,  0;0,  0> +
        (-0.0000043, 0.0000000)|   5, 0, 0;0,  0;0,  0> +
        ( 0.0000006,-0.0000031)|   1, 1, 1;0,  0;0,  0> +
        ( 0.0000028,-0.0000000)|   0, 2, 0;0,  0;0,  0> +
        (-0.0000028, 0.0000000)|   0, 0, 2;0,  0;0,  0> +
        (-0.0000024, 0.0000001)|   4, 2, 2;0,  0;0,  0> +
        ( 0.0000022,-0.0000000)|   1, 1, 0;0,  0;0,  0> +
        (-0.0000000,-0.0000020)|   1, 0, 1;0,  0;0,  0> +
        (-0.0000018, 0.0000000)|   2, 3, 2;0,  0;0,  0> +
        (-0.0000016, 0.0000001)|   2, 1, 0;0,  0;0,  0> +
        ( 0.0000001, 0.0000016)|   2, 0, 1;0,  0;0,  0> +
        (-0.0000008, 0.0000010)|   0, 2, 0;0,  0;1,  0> +
        ( 0.0000012, 0.0000001)|   8, 0, 0;0,  0;0,  0> +
        (-0.0000011,-0.0000000)|   2, 2, 0;0,  0;1,  0> +
         ...
 | 9> = (-0.8028679,-0.0001212)|   1, 1, 0;0,  0;0,  0> +
        (-0.0001201,-0.5961015)|   1, 0, 1;0,  0;0,  0> +
        (-0.0053825,-0.0000000)|   4, 0, 0;0,  0;0,  0> +
        (-0.0041800,-0.0000002)|   0, 2, 0;0,  0;0,  0> +
        ( 0.0041800, 0.0000002)|   0, 0, 2;0,  0;0,  0> +
        (-0.0009541,-0.0000072)|   1, 0, 2;0,  0;0,  0> +
        (-0.0004497,-0.0000046)|   2, 0, 2;0,  0;0,  0> +
        (-0.0004416, 0.0000046)|   2, 2, 0;0,  0;0,  0> +
        (-0.0003535, 0.0000052)|   2, 1, 0;0,  0;0,  0> +
        (-0.0003463, 0.0000072)|   1, 2, 0;0,  0;0,  0> +
        ( 0.0000009,-0.0002118)|   0, 0, 3;0,  0;0,  0> +
        (-0.0000112,-0.0002052)|   2, 0, 1;0,  0;0,  0> +
        (-0.0002055,-0.0000014)|   0, 3, 0;0,  0;0,  0> +
        ( 0.0001417, 0.0000013)|   1, 2, 2;0,  0;0,  0> +
        (-0.0001348,-0.0000006)|   0, 1, 2;0,  0;0,  0> +
        ( 0.0000004,-0.0001255)|   0, 2, 1;0,  0;0,  0> +
        (-0.0000003, 0.0000720)|   0, 1, 1;0,  0;0,  0> +
        ( 0.0000528, 0.0000000)|   1, 1, 0;1,  0;0,  0> +
        (-0.0000528,-0.0000000)|   1, 1, 0;0,  0;1,  0> +
        (-0.0000000,-0.0000392)|   1, 0, 1;0,  0;1,  0> +
        ( 0.0000000, 0.0000392)|   1, 0, 1;1,  0;0,  0> +
        (-0.0000000, 0.0000308)|   0, 0, 1;0,  0;0,  0> +
        (-0.0000304,-0.0000000)|   0, 2, 2;0,  0;0,  0> +
        (-0.0000284,-0.0000003)|   3, 2, 0;0,  0;0,  0> +
        (-0.0000283,-0.0000004)|   3, 0, 2;0,  0;0,  0> +
        (-0.0000216,-0.0000000)|   0, 1, 0;0,  0;0,  0> +
        ( 0.0000060,-0.0000000)|   2, 2, 2;0,  0;0,  0> +
        (-0.0000014, 0.0000000)|   3, 0, 0;0,  0;0,  0> +
        (-0.0000002, 0.0000011)|   4, 0, 1;0,  0;0,  0> +
         ...
 |10> = (-0.0007900, 0.8028834)|   1, 0, 1;0,  0;0,  0> +
        (-0.5961097,-0.0007966)|   1, 1, 0;0,  0;0,  0> +
        ( 0.0028235, 0.0000470)|   1, 2, 0;0,  0;0,  0> +
        (-0.0027363,-0.0000470)|   1, 0, 2;0,  0;0,  0> +
        (-0.0023317, 0.0000346)|   2, 1, 0;0,  0;0,  0> +
        (-0.0000738,-0.0013392)|   2, 0, 1;0,  0;0,  0> +
        ( 0.0000057,-0.0010120)|   0, 0, 3;0,  0;0,  0> +
        (-0.0009545,-0.0000096)|   0, 3, 0;0,  0;0,  0> +
        ( 0.0009258, 0.0000083)|   1, 2, 2;0,  0;0,  0> +
        ( 0.0008319, 0.0000308)|   2, 2, 0;0,  0;0,  0> +
        ( 0.0008155,-0.0000001)|   4, 0, 0;0,  0;0,  0> +
        ( 0.0007790,-0.0000306)|   2, 0, 2;0,  0;0,  0> +
        (-0.0006300,-0.0000041)|   0, 1, 2;0,  0;0,  0> +
        ( 0.0000025,-0.0005683)|   0, 2, 1;0,  0;0,  0> +
        (-0.0004142,-0.0000000)|   0, 2, 2;0,  0;0,  0> +
        ( 0.0003865, 0.0000013)|   0, 0, 2;0,  0;0,  0> +
        (-0.0003865,-0.0000013)|   0, 2, 0;0,  0;0,  0> +
        (-0.0001865,-0.0000020)|   3, 2, 0;0,  0;0,  0> +
        (-0.0001843,-0.0000027)|   3, 0, 2;0,  0;0,  0> +
        (-0.0000001, 0.0000528)|   1, 0, 1;0,  0;1,  0> +
        ( 0.0000001,-0.0000528)|   1, 0, 1;1,  0;0,  0> +
        (-0.0000018, 0.0000509)|   0, 1, 1;0,  0;0,  0> +
        ( 0.0000399,-0.0000003)|   2, 2, 2;0,  0;0,  0> +
        (-0.0000392,-0.0000001)|   1, 1, 0;0,  0;1,  0> +
        ( 0.0000392, 0.0000001)|   1, 1, 0;1,  0;0,  0> +
        ( 0.0000039,-0.0000000)|   5, 0, 0;0,  0;0,  0> +
        (-0.0000000,-0.0000023)|   0, 0, 1;0,  0;0,  0> +
         ...
 |11> = (-0.9998321,-0.0140969)|   7, 0, 0;0,  0;0,  0> +
        (-0.0001775,-0.0049562)|   1, 1, 1;0,  0;0,  0> +
        ( 0.0028772,-0.0036505)|   3, 1, 0;0,  0;0,  0> +
        (-0.0036335,-0.0028714)|   3, 0, 1;0,  0;0,  0> +
        (-0.0043426,-0.0002727)|   4, 1, 0;0,  0;0,  0> +
        (-0.0002840,-0.0023651)|   4, 0, 1;0,  0;0,  0> +
        (-0.0000234, 0.0022999)|   2, 1, 3;0,  0;0,  0> +
        ( 0.0022845,-0.0001158)|   2, 1, 2;0,  0;0,  0> +
        ( 0.0021650,-0.0000138)|   4, 2, 0;0,  0;0,  0> +
        ( 0.0000043,-0.0020904)|   2, 3, 1;0,  0;0,  0> +
        (-0.0002007,-0.0020213)|   1, 0, 3;0,  0;0,  0> +
        (-0.0001297,-0.0019941)|   0, 2, 1;0,  0;0,  0> +
        ( 0.0016394,-0.0001508)|   0, 3, 0;0,  0;0,  0> +
        (-0.0000964,-0.0016401)|   2, 0, 3;0,  0;0,  0> +
        ( 0.0015755, 0.0000140)|   4, 0, 2;0,  0;0,  0> +
        ( 0.0013608,-0.0001369)|   0, 1, 2;0,  0;0,  0> +
        (-0.0001551,-0.0012727)|   0, 0, 3;0,  0;0,  0> +
        (-0.0000717, 0.0012205)|   1, 2, 1;0,  0;0,  0> +
        (-0.0008823,-0.0001951)|   1, 3, 0;0,  0;0,  0> +
        ( 0.0008922,-0.0000822)|   1, 1, 2;0,  0;0,  0> +
        (-0.0000045,-0.0008659)|   2, 1, 1;0,  0;0,  0> +
        (-0.0002102, 0.0006475)|   0, 1, 3;0,  0;0,  0> +
        (-0.0000021,-0.0006532)|   3, 3, 3;0,  0;0,  0> +
        (-0.0006206, 0.0000075)|   2, 3, 0;0,  0;0,  0> +
        (-0.0006028, 0.0000001)|   2, 2, 2;0,  0;0,  0> +
        (-0.0005666, 0.0000027)|   1, 3, 2;0,  0;0,  0> +
        ( 0.0005043, 0.0000071)|   2, 3, 2;0,  0;0,  0> +
        (-0.0000057,-0.0004708)|   1, 1, 3;0,  0;0,  0> +
        ( 0.0004630, 0.0000000)|   3, 2, 2;0,  0;0,  0> +
        ( 0.0000000,-0.0003293)|   1, 3, 3;0,  0;0,  0> +
        ( 0.0003213, 0.0000021)|   0, 3, 2;0,  0;0,  0> +
        ( 0.0000649, 0.0002574)|   2, 2, 1;0,  0;0,  0> +
        ( 0.0000304, 0.0001794)|   0, 3, 1;0,  0;0,  0> +
        (-0.0000000, 0.0001685)|   0, 3, 3;0,  0;0,  0> +
        ( 0.0000019,-0.0001492)|   0, 2, 3;0,  0;0,  0> +
        (-0.0001396, 0.0000005)|   3, 0, 2;0,  0;0,  0> +
        ( 0.0001303,-0.0000006)|   3, 2, 0;0,  0;0,  0> +
        ( 0.0001054,-0.0000001)|   4, 2, 2;0,  0;0,  0> +
        ( 0.0000003, 0.0000724)|   2, 3, 3;0,  0;0,  0> +
        (-0.0000658,-0.0000009)|   7, 0, 0;0,  0;1,  0> +
        ( 0.0000658, 0.0000009)|   7, 0, 0;1,  0;0,  0> +
        ( 0.0000071,-0.0000594)|   2, 2, 3;0,  0;0,  0> +
        (-0.0000000, 0.0000426)|   4, 3, 3;0,  0;0,  0> +
        (-0.0000349,-0.0000001)|   1, 2, 2;0,  0;0,  0> +
        ( 0.0000002,-0.0000334)|   3, 0, 3;0,  0;0,  0> +
        (-0.0000232, 0.0000216)|   1, 3, 1;0,  0;0,  0> +
        (-0.0000295,-0.0000003)|   3, 3, 0;0,  0;0,  0> +
        ( 0.0000028, 0.0000242)|   1, 2, 3;0,  0;0,  0> +
        ( 0.0000001,-0.0000196)|   3, 2, 1;0,  0;0,  0> +
        (-0.0000165,-0.0000002)|   3, 1, 2;0,  0;0,  0> +
        (-0.0000096,-0.0000010)|   6, 0, 0;0,  0;0,  0> +
        (-0.0000003,-0.0000087)|   2, 0, 2;0,  0;0,  0> +
        ( 0.0000003, 0.0000087)|   2, 2, 0;0,  0;0,  0> +
        (-0.0000060,-0.0000000)|   3, 3, 2;0,  0;0,  0> +
        (-0.0000000,-0.0000055)|   3, 2, 3;0,  0;0,  0> +
        ( 0.0000025,-0.0000002)|   2, 1, 0;0,  0;0,  0> +
        (-0.0000021,-0.0000001)|   5, 0, 0;0,  0;0,  0> +
        (-0.0000003,-0.0000021)|   2, 0, 1;0,  0;0,  0> +
        ( 0.0000001,-0.0000019)|   0, 1, 1;0,  0;0,  0> +
         ...
 |12> = (-0.9123317, 0.0178635)|   2, 1, 0;0,  0;0,  0> +
        ( 0.0179177,-0.4085922)|   2, 0, 1;0,  0;0,  0> +
        ( 0.0065535, 0.0000162)|   5, 0, 0;0,  0;0,  0> +
        ( 0.0019278, 0.0000338)|   1, 1, 0;0,  0;0,  0> +
        ( 0.0000336,-0.0018933)|   1, 0, 1;0,  0;0,  0> +
        ( 0.0014827, 0.0000002)|   0, 0, 2;0,  0;0,  0> +
        (-0.0014827,-0.0000002)|   0, 2, 0;0,  0;0,  0> +
        (-0.0011171, 0.0008205)|   2, 0, 2;0,  0;0,  0> +
        (-0.0010269,-0.0008205)|   2, 2, 0;0,  0;0,  0> +
        (-0.0010375,-0.0000002)|   1, 2, 2;0,  0;0,  0> +
        ( 0.0000169, 0.0007656)|   0, 1, 1;0,  0;0,  0> +
        ( 0.0005693, 0.0000244)|   3, 0, 2;0,  0;0,  0> +
        ( 0.0005561, 0.0000185)|   3, 2, 0;0,  0;0,  0> +
        (-0.0005416, 0.0000066)|   2, 2, 2;0,  0;0,  0> +
        ( 0.0005140,-0.0000344)|   0, 1, 2;0,  0;0,  0> +
        ( 0.0004722, 0.0000000)|   0, 2, 2;0,  0;0,  0> +
        ( 0.0004393,-0.0000184)|   0, 3, 0;0,  0;0,  0> +
        ( 0.0000031, 0.0004084)|   0, 2, 1;0,  0;0,  0> +
        (-0.0000401,-0.0003709)|   0, 0, 3;0,  0;0,  0> +
        (-0.0003569, 0.0000001)|   1, 2, 0;0,  0;0,  0> +
        ( 0.0003555,-0.0000001)|   1, 0, 2;0,  0;0,  0> +
        ( 0.0000032, 0.0001973)|   0, 2, 3;0,  0;0,  0> +
        ( 0.0001846,-0.0000023)|   0, 3, 2;0,  0;0,  0> +
        ( 0.0000002, 0.0001607)|   0, 3, 3;0,  0;0,  0> +
        (-0.0000600, 0.0000012)|   2, 1, 0;0,  0;1,  0> +
        ( 0.0000600,-0.0000012)|   2, 1, 0;1,  0;0,  0> +
        (-0.0000000, 0.0000306)|   0, 3, 1;0,  0;0,  0> +
        (-0.0000012, 0.0000269)|   2, 0, 1;1,  0;0,  0> +
        ( 0.0000012,-0.0000269)|   2, 0, 1;0,  0;1,  0> +
        (-0.0000001, 0.0000205)|   1, 0, 3;0,  0;0,  0> +
        ( 0.0000178,-0.0000001)|   1, 3, 0;0,  0;0,  0> +
        ( 0.0000119, 0.0000001)|   1, 1, 2;0,  0;0,  0> +
        (-0.0000003, 0.0000113)|   1, 2, 1;0,  0;0,  0> +
        (-0.0000073, 0.0000000)|   4, 0, 2;0,  0;0,  0> +
        (-0.0000071,-0.0000000)|   4, 2, 0;0,  0;0,  0> +
        ( 0.0000040, 0.0000000)|   4, 0, 0;0,  0;0,  0> +
        (-0.0000000, 0.0000035)|   0, 1, 3;0,  0;0,  0> +
        (-0.0000011,-0.0000002)|   4, 1, 0;0,  0;0,  0> +
        ( 0.0000011, 0.0000000)|   6, 0, 0;0,  0;0,  0> +
         ...
 |13> = ( 0.0458367, 0.9113476)|   2, 0, 1;0,  0;0,  0> +
        (-0.4062601, 0.0463809)|   2, 1, 0;0,  0;0,  0> +
        ( 0.0114438, 0.0000430)|   5, 0, 0;0,  0;0,  0> +
        ( 0.0004255,-0.0018477)|   2, 2, 0;0,  0;0,  0> +
        ( 0.0003909, 0.0018477)|   2, 0, 2;0,  0;0,  0> +
        ( 0.0013878,-0.0000276)|   0, 3, 0;0,  0;0,  0> +
        (-0.0000619,-0.0011515)|   0, 0, 3;0,  0;0,  0> +
        ( 0.0000168, 0.0010105)|   0, 2, 1;0,  0;0,  0> +
        (-0.0009378, 0.0000146)|   2, 2, 2;0,  0;0,  0> +
        (-0.0005636, 0.0000003)|   0, 0, 2;0,  0;0,  0> +
        ( 0.0005636,-0.0000003)|   0, 2, 0;0,  0;0,  0> +
        ( 0.0000082, 0.0005108)|   0, 2, 3;0,  0;0,  0> +
        ( 0.0004909,-0.0000421)|   0, 1, 2;0,  0;0,  0> +
        ( 0.0004782,-0.0000059)|   0, 3, 2;0,  0;0,  0> +
        ( 0.0000004, 0.0004095)|   0, 3, 3;0,  0;0,  0> +
        ( 0.0003095,-0.0000008)|   1, 2, 0;0,  0;0,  0> +
        (-0.0003090, 0.0000008)|   1, 0, 2;0,  0;0,  0> +
        (-0.0002027,-0.0000720)|   1, 1, 0;0,  0;0,  0> +
        (-0.0000716, 0.0001908)|   1, 0, 1;0,  0;0,  0> +
        (-0.0001844, 0.0000283)|   3, 2, 0;0,  0;0,  0> +
        (-0.0001284, 0.0000383)|   3, 0, 2;0,  0;0,  0> +
        ( 0.0001263, 0.0000002)|   1, 2, 2;0,  0;0,  0> +
        ( 0.0000950, 0.0000000)|   0, 2, 2;0,  0;0,  0> +
        (-0.0000001, 0.0000781)|   0, 3, 1;0,  0;0,  0> +
        ( 0.0000363,-0.0000636)|   0, 1, 1;0,  0;0,  0> +
        (-0.0000030,-0.0000600)|   2, 0, 1;1,  0;0,  0> +
        ( 0.0000030, 0.0000600)|   2, 0, 1;0,  0;1,  0> +
        (-0.0000004, 0.0000520)|   1, 0, 3;0,  0;0,  0> +
        ( 0.0000453,-0.0000002)|   1, 3, 0;0,  0;0,  0> +
        ( 0.0000305, 0.0000003)|   1, 1, 2;0,  0;0,  0> +
        (-0.0000008, 0.0000292)|   1, 2, 1;0,  0;0,  0> +
        ( 0.0000267,-0.0000031)|   2, 1, 0;1,  0;0,  0> +
        (-0.0000267, 0.0000031)|   2, 1, 0;0,  0;1,  0> +
        (-0.0000184, 0.0000000)|   4, 0, 2;0,  0;0,  0> +
        (-0.0000179,-0.0000000)|   4, 2, 0;0,  0;0,  0> +
        (-0.0000001, 0.0000089)|   0, 1, 3;0,  0;0,  0> +
        (-0.0000032, 0.0000008)|   3, 1, 0;0,  0;0,  0> +
        ( 0.0000028, 0.0000000)|   6, 0, 0;0,  0;0,  0> +
        ( 0.0000006,-0.0000019)|   3, 0, 1;0,  0;0,  0> +
        (-0.0000005, 0.0000012)|   4, 0, 1;0,  0;0,  0> +
        (-0.0000011,-0.0000000)|   4, 0, 0;0,  0;0,  0> +
         ...
 |14> = (-0.0000688,-0.7085671)|   3, 0, 1;0,  0;0,  0> +
        (-0.7055927, 0.0004731)|   3, 1, 0;0,  0;0,  0> +
        (-0.0045115, 0.0000132)|   3, 2, 0;0,  0;0,  0> +
        ( 0.0042348,-0.0000115)|   3, 0, 2;0,  0;0,  0> +
        ( 0.0032034, 0.0000194)|   6, 0, 0;0,  0;0,  0> +
        ( 0.0000233, 0.0029047)|   2, 0, 2;0,  0;0,  0> +
        (-0.0000233,-0.0029047)|   2, 2, 0;0,  0;0,  0> +
        ( 0.0000123,-0.0014300)|   0, 2, 1;0,  0;0,  0> +
        ( 0.0000407, 0.0011105)|   0, 0, 3;0,  0;0,  0> +
        (-0.0009660, 0.0000007)|   4, 0, 2;0,  0;0,  0> +
        (-0.0008724,-0.0000003)|   0, 1, 2;0,  0;0,  0> +
        (-0.0008519,-0.0000007)|   4, 2, 0;0,  0;0,  0> +
        ( 0.0006476,-0.0000001)|   2, 2, 2;0,  0;0,  0> +
        (-0.0000037, 0.0006007)|   0, 2, 3;0,  0;0,  0> +
        (-0.0000012, 0.0004944)|   1, 0, 3;0,  0;0,  0> +
        ( 0.0004853,-0.0000003)|   1, 3, 0;0,  0;0,  0> +
        (-0.0003704,-0.0000039)|   3, 2, 2;0,  0;0,  0> +
        (-0.0003229,-0.0000000)|   1, 2, 2;0,  0;0,  0> +
        ( 0.0000030, 0.0003111)|   1, 2, 1;0,  0;0,  0> +
        ( 0.0002927,-0.0000006)|   1, 1, 2;0,  0;0,  0> +
        (-0.0002006,-0.0000038)|   0, 3, 2;0,  0;0,  0> +
        (-0.0000000, 0.0001549)|   0, 3, 3;0,  0;0,  0> +
        ( 0.0001238, 0.0000480)|   0, 3, 0;0,  0;0,  0> +
        (-0.0000003, 0.0001163)|   0, 3, 1;0,  0;0,  0> +
        ( 0.0000000, 0.0000466)|   3, 0, 1;1,  0;0,  0> +
        (-0.0000000,-0.0000466)|   3, 0, 1;0,  0;1,  0> +
        ( 0.0000464,-0.0000000)|   3, 1, 0;1,  0;0,  0> +
        (-0.0000464, 0.0000000)|   3, 1, 0;0,  0;1,  0> +
        (-0.0000327, 0.0000001)|   2, 3, 0;0,  0;0,  0> +
        (-0.0000000,-0.0000257)|   2, 0, 3;0,  0;0,  0> +
        (-0.0000167, 0.0000000)|   2, 1, 2;0,  0;0,  0> +
        (-0.0000000,-0.0000153)|   2, 2, 1;0,  0;0,  0> +
        ( 0.0000005, 0.0000152)|   0, 1, 3;0,  0;0,  0> +
        ( 0.0000004, 0.0000136)|   1, 1, 1;0,  0;0,  0> +
        ( 0.0000125, 0.0000002)|   4, 1, 0;0,  0;0,  0> +
        ( 0.0000005, 0.0000115)|   4, 0, 1;0,  0;0,  0> +
        (-0.0000006,-0.0000085)|   2, 0, 1;0,  0;0,  0> +
        ( 0.0000078,-0.0000010)|   2, 1, 0;0,  0;0,  0> +
        ( 0.0000000,-0.0000065)|   1, 3, 3;0,  0;0,  0> +
        (-0.0000051, 0.0000002)|   5, 0, 0;0,  0;0,  0> +
        (-0.0000028,-0.0000000)|   7, 0, 0;0,  0;0,  0> +
        ( 0.0000022,-0.0000000)|   0, 2, 2;0,  0;0,  0> +
        ( 0.0000011, 0.0000013)|   0, 1, 1;0,  0;0,  0> +
         ...
 |15> = (-0.9951528,-0.0980032)|   8, 0, 0;0,  0;0,  0> +
        ( 0.0055531, 0.0002237)|   5, 1, 0;0,  0;0,  0> +
        (-0.0003712,-0.0038423)|   5, 0, 1;0,  0;0,  0> +
        ( 0.0000228, 0.0025845)|   2, 1, 1;0,  0;0,  0> +
        (-0.0005655, 0.0022668)|   1, 2, 1;0,  0;0,  0> +
        ( 0.0013790,-0.0001527)|   1, 1, 2;0,  0;0,  0> +
        (-0.0012177,-0.0000228)|   2, 3, 2;0,  0;0,  0> +
        ( 0.0003409,-0.0010606)|   0, 1, 3;0,  0;0,  0> +
        (-0.0000295,-0.0008345)|   2, 0, 3;0,  0;0,  0> +
        ( 0.0000755,-0.0007387)|   1, 3, 0;0,  0;0,  0> +
        (-0.0000008,-0.0007318)|   1, 2, 3;0,  0;0,  0> +
        (-0.0006731, 0.0000303)|   4, 0, 2;0,  0;0,  0> +
        ( 0.0006045,-0.0000299)|   4, 2, 0;0,  0;0,  0> +
        (-0.0005887,-0.0000009)|   1, 3, 2;0,  0;0,  0> +
        ( 0.0000441,-0.0005710)|   3, 0, 3;0,  0;0,  0> +
        (-0.0000262,-0.0005378)|   0, 2, 1;0,  0;0,  0> +
        (-0.0005008, 0.0001860)|   1, 0, 3;0,  0;0,  0> +
        (-0.0005183,-0.0000301)|   2, 3, 0;0,  0;0,  0> +
        (-0.0004992,-0.0000000)|   3, 2, 2;0,  0;0,  0> +
        (-0.0000232,-0.0004856)|   2, 2, 3;0,  0;0,  0> +
        (-0.0004588, 0.0000593)|   3, 3, 0;0,  0;0,  0> +
        ( 0.0000074, 0.0004521)|   2, 1, 3;0,  0;0,  0> +
        ( 0.0000026,-0.0004217)|   0, 2, 3;0,  0;0,  0> +
        ( 0.0000000, 0.0003729)|   1, 3, 3;0,  0;0,  0> +
        (-0.0000494,-0.0003691)|   0, 3, 1;0,  0;0,  0> +
        (-0.0003622,-0.0000419)|   3, 1, 2;0,  0;0,  0> +
        (-0.0000130,-0.0003560)|   2, 2, 1;0,  0;0,  0> +
        ( 0.0000000,-0.0003445)|   0, 3, 3;0,  0;0,  0> +
        ( 0.0001991,-0.0002150)|   1, 3, 1;0,  0;0,  0> +
        ( 0.0000013, 0.0002897)|   1, 1, 3;0,  0;0,  0> +
        (-0.0002801, 0.0000000)|   2, 2, 2;0,  0;0,  0> +
        ( 0.0002675,-0.0000243)|   0, 1, 2;0,  0;0,  0> +
        ( 0.0000199,-0.0002401)|   3, 2, 1;0,  0;0,  0> +
        ( 0.0002351,-0.0000242)|   0, 3, 0;0,  0;0,  0> +
        ( 0.0000552, 0.0002076)|   5, 3, 3;0,  0;0,  0> +
        ( 0.0001908,-0.0000001)|   4, 2, 2;0,  0;0,  0> +
        (-0.0000171,-0.0001725)|   3, 2, 3;0,  0;0,  0> +
        (-0.0001672,-0.0000169)|   3, 3, 2;0,  0;0,  0> +
        (-0.0001672, 0.0000039)|   5, 2, 0;0,  0;0,  0> +
        ( 0.0001596, 0.0000026)|   0, 3, 2;0,  0;0,  0> +
        (-0.0001336,-0.0000113)|   2, 1, 2;0,  0;0,  0> +
        ( 0.0000150, 0.0001270)|   2, 3, 1;0,  0;0,  0> +
        (-0.0001176, 0.0000031)|   5, 0, 2;0,  0;0,  0> +
        (-0.0000001, 0.0000951)|   4, 3, 3;0,  0;0,  0> +
        (-0.0000231,-0.0000787)|   0, 0, 3;0,  0;0,  0> +
        ( 0.0000000, 0.0000699)|   3, 3, 3;0,  0;0,  0> +
        (-0.0000655,-0.0000064)|   8, 0, 0;0,  0;1,  0> +
        ( 0.0000655, 0.0000064)|   8, 0, 0;1,  0;0,  0> +
        (-0.0000509,-0.0000313)|   4, 1, 0;0,  0;0,  0> +
        (-0.0000315, 0.0000445)|   4, 0, 1;0,  0;0,  0> +
        ( 0.0000003, 0.0000523)|   2, 3, 3;0,  0;0,  0> +
        ( 0.0000094,-0.0000207)|   4, 2, 3;0,  0;0,  0> +
        (-0.0000155,-0.0000101)|   4, 3, 2;0,  0;0,  0> +
        ( 0.0000172, 0.0000000)|   3, 2, 0;0,  0;0,  0> +
        (-0.0000167,-0.0000001)|   3, 0, 2;0,  0;0,  0> +
        ( 0.0000165,-0.0000012)|   6, 3, 3;0,  0;0,  0> +
        (-0.0000076,-0.0000000)|   1, 2, 2;0,  0;0,  0> +
        ( 0.0000049, 0.0000002)|   7, 0, 0;0,  0;0,  0> +
        (-0.0000001,-0.0000044)|   3, 1, 1;0,  0;0,  0> +
        ( 0.0000030,-0.0000028)|   3, 1, 0;0,  0;0,  0> +
        (-0.0000028,-0.0000011)|   3, 0, 1;0,  0;0,  0> +
        (-0.0000030, 0.0000001)|   6, 0, 0;0,  0;0,  0> +
        ( 0.0000001, 0.0000024)|   1, 1, 1;0,  0;0,  0> +
        ( 0.0000021,-0.0000001)|   9, 0, 0;0,  0;0,  0> +
        ( 0.0000000,-0.0000017)|   2, 2, 0;0,  0;0,  0> +
        (-0.0000000, 0.0000017)|   2, 0, 2;0,  0;0,  0> +
        ( 0.0000013,-0.0000000)|   5, 0, 0;0,  0;0,  0> +
         ...
 |16> = ( 0.4388368,-0.5561051)|   3, 1, 0;0,  0;0,  0> +
        (-0.5535191,-0.4373086)|   3, 0, 1;0,  0;0,  0> +
        (-0.0153831, 0.0002659)|   4, 1, 0;0,  0;0,  0> +
        (-0.0002452,-0.0153144)|   4, 0, 1;0,  0;0,  0> +
        ( 0.0066627, 0.0000941)|   7, 0, 0;0,  0;0,  0> +
        (-0.0020122, 0.0000326)|   1, 3, 0;0,  0;0,  0> +
        ( 0.0000846,-0.0019642)|   0, 3, 1;0,  0;0,  0> +
        ( 0.0000058, 0.0017527)|   1, 1, 3;0,  0;0,  0> +
        (-0.0005934, 0.0014976)|   0, 1, 3;0,  0;0,  0> +
        (-0.0000144,-0.0015605)|   1, 2, 1;0,  0;0,  0> +
        (-0.0014309, 0.0000222)|   0, 1, 2;0,  0;0,  0> +
        (-0.0000133,-0.0013688)|   1, 0, 3;0,  0;0,  0> +
        (-0.0011614,-0.0000632)|   1, 1, 2;0,  0;0,  0> +
        ( 0.0000513, 0.0010812)|   0, 2, 1;0,  0;0,  0> +
        ( 0.0010308, 0.0000492)|   4, 0, 2;0,  0;0,  0> +
        ( 0.0008034, 0.0000127)|   3, 0, 2;0,  0;0,  0> +
        (-0.0007752,-0.0000123)|   3, 2, 0;0,  0;0,  0> +
        ( 0.0007687, 0.0000140)|   4, 2, 2;0,  0;0,  0> +
        ( 0.0000082, 0.0007083)|   1, 3, 3;0,  0;0,  0> +
        ( 0.0007075,-0.0000000)|   2, 2, 2;0,  0;0,  0> +
        (-0.0000247,-0.0006913)|   2, 0, 3;0,  0;0,  0> +
        (-0.0006738,-0.0000251)|   2, 3, 0;0,  0;0,  0> +
        ( 0.0006653,-0.0000606)|   4, 2, 0;0,  0;0,  0> +
        (-0.0000144,-0.0004938)|   1, 2, 3;0,  0;0,  0> +
        (-0.0004686,-0.0000083)|   0, 3, 2;0,  0;0,  0> +
        (-0.0004428, 0.0000020)|   2, 1, 2;0,  0;0,  0> +
        (-0.0004321,-0.0000000)|   1, 2, 2;0,  0;0,  0> +
        (-0.0004092,-0.0000305)|   1, 3, 2;0,  0;0,  0> +
        (-0.0000021,-0.0003576)|   2, 2, 1;0,  0;0,  0> +
        ( 0.0002775, 0.0000456)|   0, 3, 0;0,  0;0,  0> +
        (-0.0002349,-0.0000015)|   2, 3, 2;0,  0;0,  0> +
        (-0.0000001,-0.0002197)|   2, 2, 3;0,  0;0,  0> +
        ( 0.0000159, 0.0001990)|   2, 3, 3;0,  0;0,  0> +
        (-0.0000370,-0.0001930)|   6, 0, 0;0,  0;0,  0> +
        (-0.0000082,-0.0001463)|   0, 2, 3;0,  0;0,  0> +
        ( 0.0001138, 0.0000671)|   1, 1, 1;0,  0;0,  0> +
        ( 0.0000000, 0.0000849)|   0, 3, 3;0,  0;0,  0> +
        ( 0.0000288,-0.0000777)|   0, 0, 3;0,  0;0,  0> +
        ( 0.0000289,-0.0000366)|   3, 1, 0;0,  0;1,  0> +
        (-0.0000289, 0.0000366)|   3, 1, 0;1,  0;0,  0> +
        (-0.0000364,-0.0000288)|   3, 0, 1;0,  0;1,  0> +
        ( 0.0000364, 0.0000288)|   3, 0, 1;1,  0;0,  0> +
        ( 0.0000265, 0.0000041)|   3, 2, 2;0,  0;0,  0> +
        (-0.0000022, 0.0000240)|   1, 3, 1;0,  0;0,  0> +
        (-0.0000001, 0.0000138)|   2, 3, 1;0,  0;0,  0> +
        ( 0.0000002,-0.0000137)|   2, 1, 3;0,  0;0,  0> +
        (-0.0000009, 0.0000132)|   2, 2, 0;0,  0;0,  0> +
        ( 0.0000009,-0.0000132)|   2, 0, 2;0,  0;0,  0> +
        (-0.0000000, 0.0000057)|   0, 1, 1;0,  0;0,  0> +
        (-0.0000000, 0.0000056)|   2, 1, 1;0,  0;0,  0> +
        ( 0.0000000, 0.0000045)|   3, 3, 3;0,  0;0,  0> +
        (-0.0000023,-0.0000002)|   5, 0, 0;0,  0;0,  0> +
        ( 0.0000001, 0.0000015)|   2, 0, 1;0,  0;0,  0> +
        ( 0.0000013,-0.0000001)|   9, 0, 0;0,  0;0,  0> +
        (-0.0000012, 0.0000001)|   2, 1, 0;0,  0;0,  0> +
        (-0.0000010, 0.0000000)|   4, 1, 0;0,  0;1,  0> +
        ( 0.0000010,-0.0000000)|   4, 1, 0;1,  0;0,  0> +
         ...
 |17> = (-0.3892518, 0.5906869)|   4, 0, 1;0,  0;0,  0> +
        (-0.5898402,-0.3892269)|   4, 1, 0;0,  0;0,  0> +
        ( 0.0000534, 0.0091256)|   2, 1, 1;0,  0;0,  0> +
        ( 0.0001998, 0.0047126)|   1, 0, 3;0,  0;0,  0> +
        (-0.0002108,-0.0043224)|   0, 2, 1;0,  0;0,  0> +
        ( 0.0027327,-0.0001674)|   2, 1, 2;0,  0;0,  0> +
        (-0.0023772, 0.0000003)|   4, 2, 0;0,  0;0,  0> +
        ( 0.0021498,-0.0001979)|   0, 1, 2;0,  0;0,  0> +
        (-0.0004103,-0.0020811)|   1, 2, 1;0,  0;0,  0> +
        ( 0.0019618,-0.0001979)|   0, 3, 0;0,  0;0,  0> +
        ( 0.0013685, 0.0004603)|   7, 0, 0;0,  0;0,  0> +
        ( 0.0005203,-0.0013261)|   0, 1, 3;0,  0;0,  0> +
        (-0.0000219,-0.0013532)|   1, 2, 3;0,  0;0,  0> +
        ( 0.0013254,-0.0000220)|   1, 3, 2;0,  0;0,  0> +
        (-0.0011333,-0.0000001)|   1, 2, 2;0,  0;0,  0> +
        (-0.0000350,-0.0011217)|   1, 1, 3;0,  0;0,  0> +
        (-0.0000755, 0.0009696)|   0, 3, 1;0,  0;0,  0> +
        (-0.0009405,-0.0000026)|   4, 0, 2;0,  0;0,  0> +
        ( 0.0008282, 0.0000968)|   1, 3, 0;0,  0;0,  0> +
        (-0.0001906,-0.0007043)|   0, 0, 3;0,  0;0,  0> +
        (-0.0001017,-0.0005939)|   2, 0, 3;0,  0;0,  0> +
        ( 0.0000330, 0.0005634)|   2, 2, 1;0,  0;0,  0> +
        ( 0.0000026,-0.0005097)|   4, 3, 3;0,  0;0,  0> +
        (-0.0004863,-0.0000010)|   0, 3, 2;0,  0;0,  0> +
        ( 0.0004468, 0.0000080)|   4, 2, 2;0,  0;0,  0> +
        (-0.0001703,-0.0002418)|   1, 1, 2;0,  0;0,  0> +
        (-0.0000020, 0.0002948)|   2, 3, 3;0,  0;0,  0> +
        (-0.0000000,-0.0002923)|   0, 3, 3;0,  0;0,  0> +
        (-0.0002674, 0.0000444)|   2, 3, 2;0,  0;0,  0> +
        (-0.0000013,-0.0002303)|   0, 2, 3;0,  0;0,  0> +
        ( 0.0001956, 0.0000105)|   2, 3, 0;0,  0;0,  0> +
        ( 0.0000001, 0.0001596)|   1, 3, 3;0,  0;0,  0> +
        (-0.0000241, 0.0001306)|   2, 3, 1;0,  0;0,  0> +
        (-0.0000113,-0.0001201)|   3, 3, 3;0,  0;0,  0> +
        ( 0.0000002,-0.0001155)|   2, 1, 3;0,  0;0,  0> +
        ( 0.0001065,-0.0000407)|   1, 1, 1;0,  0;0,  0> +
        ( 0.0001041, 0.0000102)|   8, 0, 0;0,  0;0,  0> +
        ( 0.0000909, 0.0000000)|   3, 2, 2;0,  0;0,  0> +
        (-0.0000008,-0.0000763)|   2, 2, 3;0,  0;0,  0> +
        ( 0.0000550, 0.0000002)|   2, 2, 2;0,  0;0,  0> +
        ( 0.0000256,-0.0000389)|   4, 0, 1;1,  0;0,  0> +
        (-0.0000256, 0.0000389)|   4, 0, 1;0,  0;1,  0> +
        ( 0.0000388, 0.0000256)|   4, 1, 0;1,  0;0,  0> +
        (-0.0000388,-0.0000256)|   4, 1, 0;0,  0;1,  0> +
        (-0.0000380, 0.0000003)|   3, 0, 2;0,  0;0,  0> +
        ( 0.0000369,-0.0000007)|   3, 2, 0;0,  0;0,  0> +
        (-0.0000343, 0.0000054)|   3, 3, 0;0,  0;0,  0> +
        (-0.0000133, 0.0000312)|   3, 0, 1;0,  0;0,  0> +
        (-0.0000213,-0.0000135)|   3, 1, 0;0,  0;0,  0> +
        (-0.0000069,-0.0000229)|   3, 0, 3;0,  0;0,  0> +
        (-0.0000155, 0.0000033)|   3, 1, 2;0,  0;0,  0> +
        (-0.0000022,-0.0000136)|   3, 2, 1;0,  0;0,  0> +
        ( 0.0000002,-0.0000110)|   1, 3, 1;0,  0;0,  0> +
        ( 0.0000108, 0.0000004)|   3, 3, 2;0,  0;0,  0> +
        (-0.0000002, 0.0000093)|   3, 2, 3;0,  0;0,  0> +
        ( 0.0000003, 0.0000040)|   2, 2, 0;0,  0;0,  0> +
        (-0.0000003,-0.0000040)|   2, 0, 2;0,  0;0,  0> +
        (-0.0000030,-0.0000004)|   6, 0, 0;0,  0;0,  0> +
        ( 0.0000020,-0.0000002)|   2, 1, 0;0,  0;0,  0> +
        (-0.0000014, 0.0000000)|   5, 1, 0;0,  0;0,  0> +
        ( 0.0000002, 0.0000012)|   0, 1, 1;0,  0;0,  0> +
         ...
 |18> = (-0.7072561, 0.0006330)|   4, 1, 0;0,  0;0,  0> +
        (-0.0010859,-0.7065273)|   4, 0, 1;0,  0;0,  0> +
        (-0.0097488, 0.0119462)|   3, 1, 0;0,  0;0,  0> +
        ( 0.0118907, 0.0096780)|   3, 0, 1;0,  0;0,  0> +
        ( 0.0003641, 0.0094450)|   1, 1, 1;0,  0;0,  0> +
        ( 0.0045476, 0.0000645)|   7, 0, 0;0,  0;0,  0> +
        ( 0.0001139, 0.0030986)|   0, 2, 1;0,  0;0,  0> +
        ( 0.0019083,-0.0000724)|   4, 2, 0;0,  0;0,  0> +
        (-0.0016245, 0.0000680)|   0, 1, 2;0,  0;0,  0> +
        ( 0.0000931, 0.0009550)|   1, 0, 3;0,  0;0,  0> +
        ( 0.0000393,-0.0008973)|   0, 0, 3;0,  0;0,  0> +
        ( 0.0008442, 0.0000001)|   0, 3, 2;0,  0;0,  0> +
        ( 0.0000002, 0.0008426)|   0, 2, 3;0,  0;0,  0> +
        (-0.0000802,-0.0008387)|   1, 2, 1;0,  0;0,  0> +
        (-0.0000328,-0.0007239)|   1, 1, 3;0,  0;0,  0> +
        ( 0.0006008, 0.0000740)|   4, 0, 2;0,  0;0,  0> +
        (-0.0006003, 0.0000008)|   4, 2, 2;0,  0;0,  0> +
        (-0.0005680, 0.0000441)|   1, 1, 2;0,  0;0,  0> +
        (-0.0005563,-0.0000000)|   1, 2, 2;0,  0;0,  0> +
        ( 0.0000036, 0.0004959)|   0, 3, 1;0,  0;0,  0> +
        (-0.0004511,-0.0000001)|   3, 2, 2;0,  0;0,  0> +
        (-0.0000096,-0.0004078)|   2, 2, 3;0,  0;0,  0> +
        (-0.0003790, 0.0000006)|   3, 0, 2;0,  0;0,  0> +
        ( 0.0003556,-0.0000000)|   3, 2, 0;0,  0;0,  0> +
        (-0.0003547, 0.0000007)|   2, 3, 2;0,  0;0,  0> +
        ( 0.0003407,-0.0000032)|   2, 3, 0;0,  0;0,  0> +
        (-0.0003200, 0.0000211)|   1, 3, 0;0,  0;0,  0> +
        (-0.0003109,-0.0000001)|   2, 2, 2;0,  0;0,  0> +
        ( 0.0000028,-0.0002721)|   2, 3, 3;0,  0;0,  0> +
        ( 0.0002522,-0.0000230)|   1, 3, 2;0,  0;0,  0> +
        (-0.0000231, 0.0002212)|   1, 2, 3;0,  0;0,  0> +
        (-0.0000246, 0.0002197)|   0, 1, 3;0,  0;0,  0> +
        (-0.0000165, 0.0002140)|   2, 0, 3;0,  0;0,  0> +
        ( 0.0001587,-0.0000037)|   2, 1, 2;0,  0;0,  0> +
        ( 0.0000132, 0.0001102)|   2, 2, 1;0,  0;0,  0> +
        ( 0.0000000,-0.0001044)|   0, 3, 3;0,  0;0,  0> +
        ( 0.0000439, 0.0000658)|   0, 3, 0;0,  0;0,  0> +
        (-0.0000001,-0.0000656)|   1, 3, 3;0,  0;0,  0> +
        ( 0.0000465,-0.0000000)|   4, 1, 0;1,  0;0,  0> +
        (-0.0000465, 0.0000000)|   4, 1, 0;0,  0;1,  0> +
        ( 0.0000001, 0.0000465)|   4, 0, 1;1,  0;0,  0> +
        (-0.0000001,-0.0000465)|   4, 0, 1;0,  0;1,  0> +
        (-0.0000403, 0.0000037)|   6, 0, 0;0,  0;0,  0> +
        ( 0.0000003, 0.0000198)|   2, 1, 1;0,  0;0,  0> +
        ( 0.0000003,-0.0000147)|   2, 1, 3;0,  0;0,  0> +
        ( 0.0000009,-0.0000137)|   1, 3, 1;0,  0;0,  0> +
        (-0.0000002, 0.0000112)|   2, 3, 1;0,  0;0,  0> +
        ( 0.0000040,-0.0000001)|   2, 1, 0;0,  0;0,  0> +
        (-0.0000033, 0.0000001)|   5, 0, 0;0,  0;0,  0> +
        (-0.0000000, 0.0000032)|   3, 3, 3;0,  0;0,  0> +
        (-0.0000001,-0.0000022)|   2, 0, 1;0,  0;0,  0> +
        (-0.0000019,-0.0000003)|   5, 1, 0;0,  0;0,  0> +
        ( 0.0000011,-0.0000000)|   1, 0, 2;0,  0;0,  0> +
        (-0.0000011, 0.0000000)|   1, 2, 0;0,  0;0,  0> +
        (-0.0000008,-0.0000007)|   3, 0, 1;1,  0;0,  0> +
        ( 0.0000008, 0.0000007)|   3, 0, 1;0,  0;1,  0> +
         ...
 |19> = (-0.9963692, 0.0815063)|   9, 0, 0;0,  0;0,  0> +
        ( 0.0175970,-0.0002982)|   6, 1, 0;0,  0;0,  0> +
        (-0.0002615,-0.0147197)|   6, 0, 1;0,  0;0,  0> +
        ( 0.0000983, 0.0051049)|   3, 1, 1;0,  0;0,  0> +
        (-0.0037135,-0.0000171)|   5, 2, 0;0,  0;0,  0> +
        (-0.0000201, 0.0026593)|   4, 1, 1;0,  0;0,  0> +
        (-0.0003834, 0.0024297)|   5, 0, 1;0,  0;0,  0> +
        (-0.0018826, 0.0003551)|   1, 1, 2;0,  0;0,  0> +
        ( 0.0015965, 0.0004905)|   5, 1, 0;0,  0;0,  0> +
        ( 0.0000024, 0.0016601)|   2, 0, 3;0,  0;0,  0> +
        ( 0.0015143, 0.0004214)|   1, 3, 0;0,  0;0,  0> +
        ( 0.0000676,-0.0013312)|   0, 3, 1;0,  0;0,  0> +
        (-0.0004659, 0.0011853)|   0, 1, 3;0,  0;0,  0> +
        ( 0.0010002,-0.0000107)|   5, 3, 2;0,  0;0,  0> +
        ( 0.0000108, 0.0009005)|   5, 2, 3;0,  0;0,  0> +
        ( 0.0008888, 0.0000264)|   5, 0, 2;0,  0;0,  0> +
        (-0.0008381, 0.0000063)|   4, 3, 2;0,  0;0,  0> +
        ( 0.0007866,-0.0000815)|   2, 3, 0;0,  0;0,  0> +
        (-0.0000039, 0.0007808)|   3, 2, 3;0,  0;0,  0> +
        (-0.0000113, 0.0007630)|   3, 1, 3;0,  0;0,  0> +
        (-0.0007092,-0.0000113)|   4, 3, 0;0,  0;0,  0> +
        (-0.0006765, 0.0000970)|   2, 1, 2;0,  0;0,  0> +
        ( 0.0006606, 0.0001486)|   1, 2, 1;0,  0;0,  0> +
        ( 0.0006644, 0.0000088)|   2, 3, 2;0,  0;0,  0> +
        (-0.0000009, 0.0006575)|   3, 0, 3;0,  0;0,  0> +
        ( 0.0000039,-0.0006487)|   4, 0, 3;0,  0;0,  0> +
        (-0.0000437,-0.0006054)|   2, 2, 1;0,  0;0,  0> +
        (-0.0000093,-0.0005765)|   1, 1, 3;0,  0;0,  0> +
        ( 0.0002424,-0.0005128)|   1, 0, 3;0,  0;0,  0> +
        (-0.0000003,-0.0005071)|   2, 3, 3;0,  0;0,  0> +
        (-0.0004872,-0.0000029)|   0, 3, 2;0,  0;0,  0> +
        (-0.0000027,-0.0004829)|   1, 2, 3;0,  0;0,  0> +
        ( 0.0004729, 0.0000009)|   3, 3, 0;0,  0;0,  0> +
        (-0.0000001, 0.0004659)|   4, 3, 3;0,  0;0,  0> +
        ( 0.0000000, 0.0004559)|   3, 3, 3;0,  0;0,  0> +
        ( 0.0000051,-0.0004443)|   3, 3, 1;0,  0;0,  0> +
        (-0.0004133, 0.0001402)|   7, 3, 3;0,  0;0,  0> +
        (-0.0000071,-0.0004147)|   4, 2, 1;0,  0;0,  0> +
        (-0.0004058, 0.0000186)|   4, 1, 2;0,  0;0,  0> +
        ( 0.0000086, 0.0003828)|   2, 2, 3;0,  0;0,  0> +
        ( 0.0003249,-0.0001581)|   8, 3, 3;0,  0;0,  0> +
        ( 0.0000033,-0.0003611)|   2, 3, 1;0,  0;0,  0> +
        (-0.0000007, 0.0003172)|   2, 1, 3;0,  0;0,  0> +
        ( 0.0000062,-0.0002645)|   4, 2, 3;0,  0;0,  0> +
        ( 0.0002035, 0.0000059)|   6, 2, 2;0,  0;0,  0> +
        ( 0.0001162,-0.0001542)|   1, 3, 1;0,  0;0,  0> +
        (-0.0000000,-0.0001758)|   1, 3, 3;0,  0;0,  0> +
        ( 0.0001744,-0.0000037)|   3, 3, 2;0,  0;0,  0> +
        (-0.0000029, 0.0001716)|   0, 2, 3;0,  0;0,  0> +
        (-0.0000515,-0.0001408)|   5, 3, 3;0,  0;0,  0> +
        ( 0.0001475,-0.0000169)|   6, 3, 3;0,  0;0,  0> +
        (-0.0001451, 0.0000000)|   2, 2, 2;0,  0;0,  0> +
        ( 0.0000121, 0.0001382)|   3, 2, 1;0,  0;0,  0> +
        ( 0.0000228, 0.0001223)|   4, 1, 3;0,  0;0,  0> +
        ( 0.0001103, 0.0000026)|   3, 1, 2;0,  0;0,  0> +
        (-0.0000656, 0.0000054)|   9, 0, 0;0,  0;1,  0> +
        ( 0.0000656,-0.0000054)|   9, 0, 0;1,  0;0,  0> +
        (-0.0000081,-0.0000608)|   4, 3, 1;0,  0;0,  0> +
        (-0.0000000, 0.0000557)|   0, 3, 3;0,  0;0,  0> +
        (-0.0000495, 0.0000001)|   5, 2, 2;0,  0;0,  0> +
        ( 0.0000370,-0.0000026)|   1, 3, 2;0,  0;0,  0> +
        ( 0.0000261, 0.0000003)|   4, 2, 2;0,  0;0,  0> +
        ( 0.0000211, 0.0000000)|   3, 2, 2;0,  0;0,  0> +
        ( 0.0000159,-0.0000002)|   6, 3, 2;0,  0;0,  0> +
        ( 0.0000002, 0.0000151)|   6, 2, 3;0,  0;0,  0> +
        (-0.0000088,-0.0000008)|   8, 0, 0;0,  0;0,  0> +
        (-0.0000077, 0.0000013)|   4, 2, 0;0,  0;0,  0> +
        ( 0.0000073,-0.0000015)|   4, 0, 2;0,  0;0,  0> +
        (-0.0000004, 0.0000070)|   0, 2, 1;0,  0;0,  0> +
        (-0.0000068, 0.0000019)|   9, 3, 3;0,  0;0,  0> +
        ( 0.0000003, 0.0000059)|   1, 1, 1;0,  0;0,  0> +
        ( 0.0000002, 0.0000051)|   2, 1, 1;0,  0;0,  0> +
        (-0.0000040,-0.0000028)|   4, 1, 0;0,  0;0,  0> +
        (-0.0000028, 0.0000038)|   4, 0, 1;0,  0;0,  0> +
        (-0.0000045,-0.0000002)|   7, 0, 0;0,  0;0,  0> +
        (-0.0000044, 0.0000000)|   0, 3, 0;0,  0;0,  0> +
        (-0.0000034,-0.0000000)|   0, 1, 2;0,  0;0,  0> +
        (-0.0000032,-0.0000001)|  10, 0, 0;0,  0;0,  0> +
        ( 0.0000002, 0.0000023)|   0, 0, 3;0,  0;0,  0> +
        (-0.0000012, 0.0000000)|   6, 1, 0;1,  0;0,  0> +
        ( 0.0000012,-0.0000000)|   6, 1, 0;0,  0;1,  0> +
         ...
 |20> = (-0.9994838,-0.0274391)|  10, 0, 0;0,  0;0,  0> +
        (-0.0085164, 0.0000135)|   5, 2, 0;0,  0;0,  0> +
        (-0.0071309,-0.0003271)|   6, 2, 0;0,  0;0,  0> +
        (-0.0000311, 0.0063139)|   4, 1, 1;0,  0;0,  0> +
        ( 0.0049075,-0.0000390)|   5, 0, 2;0,  0;0,  0> +
        ( 0.0047942, 0.0003666)|   2, 3, 0;0,  0;0,  0> +
        ( 0.0033123, 0.0000202)|   4, 1, 2;0,  0;0,  0> +
        (-0.0030360,-0.0001983)|   2, 1, 2;0,  0;0,  0> +
        ( 0.0023805, 0.0018015)|   4, 3, 1;0,  0;0,  0> +
        (-0.0000319,-0.0027524)|   3, 2, 1;0,  0;0,  0> +
        ( 0.0005674,-0.0024964)|   2, 0, 3;0,  0;0,  0> +
        (-0.0024877,-0.0000693)|   6, 0, 2;0,  0;0,  0> +
        (-0.0000000, 0.0018015)|   4, 0, 3;0,  0;0,  0> +
        (-0.0010539, 0.0013194)|   1, 3, 1;0,  0;0,  0> +
        ( 0.0014186,-0.0000192)|   7, 2, 2;0,  0;0,  0> +
        ( 0.0008361, 0.0009066)|   1, 3, 0;0,  0;0,  0> +
        ( 0.0000408,-0.0012226)|   2, 3, 1;0,  0;0,  0> +
        ( 0.0000076,-0.0011736)|   4, 2, 1;0,  0;0,  0> +
        ( 0.0007954,-0.0008403)|   1, 2, 1;0,  0;0,  0> +
        (-0.0005405,-0.0009310)|   2, 2, 1;0,  0;0,  0> +
        (-0.0000012, 0.0010037)|   7, 2, 3;0,  0;0,  0> +
        ( 0.0005390,-0.0006196)|   1, 0, 3;0,  0;0,  0> +
        ( 0.0005830,-0.0005547)|   4, 1, 3;0,  0;0,  0> +
        ( 0.0000030,-0.0007934)|   1, 1, 3;0,  0;0,  0> +
        ( 0.0007483,-0.0000916)|   7, 1, 0;0,  0;0,  0> +
        ( 0.0006833,-0.0002750)|   3, 1, 2;0,  0;0,  0> +
        (-0.0007301,-0.0000113)|   6, 2, 2;0,  0;0,  0> +
        ( 0.0006835, 0.0002540)|   3, 3, 0;0,  0;0,  0> +
        (-0.0006265, 0.0000029)|   1, 3, 2;0,  0;0,  0> +
        (-0.0006203,-0.0000504)|   5, 3, 2;0,  0;0,  0> +
        ( 0.0006112,-0.0000699)|   6, 3, 3;0,  0;0,  0> +
        ( 0.0000181,-0.0006060)|   2, 2, 3;0,  0;0,  0> +
        (-0.0001896, 0.0005510)|   0, 1, 3;0,  0;0,  0> +
        ( 0.0005335,-0.0000036)|   7, 3, 2;0,  0;0,  0> +
        ( 0.0004620, 0.0001593)|   1, 1, 2;0,  0;0,  0> +
        (-0.0004664,-0.0000017)|   6, 3, 2;0,  0;0,  0> +
        (-0.0004384, 0.0001492)|   7, 3, 3;0,  0;0,  0> +
        ( 0.0000000,-0.0004606)|   3, 3, 3;0,  0;0,  0> +
        (-0.0000002, 0.0004286)|   4, 3, 3;0,  0;0,  0> +
        (-0.0000012, 0.0004126)|   6, 2, 3;0,  0;0,  0> +
        (-0.0000541, 0.0003793)|   5, 2, 3;0,  0;0,  0> +
        ( 0.0001109,-0.0003629)|   3, 0, 3;0,  0;0,  0> +
        (-0.0003765,-0.0000121)|   4, 3, 0;0,  0;0,  0> +
        (-0.0000027, 0.0003122)|   3, 2, 3;0,  0;0,  0> +
        ( 0.0000356,-0.0003013)|   2, 1, 3;0,  0;0,  0> +
        ( 0.0000053, 0.0002999)|   4, 2, 3;0,  0;0,  0> +
        (-0.0000228,-0.0002599)|   7, 0, 1;0,  0;0,  0> +
        ( 0.0002208, 0.0000000)|   3, 2, 2;0,  0;0,  0> +
        (-0.0001962, 0.0000056)|   4, 3, 2;0,  0;0,  0> +
        (-0.0001816, 0.0000453)|  10, 3, 3;0,  0;0,  0> +
        (-0.0001817,-0.0000002)|   4, 2, 2;0,  0;0,  0> +
        (-0.0001676, 0.0000484)|  11, 3, 3;0,  0;0,  0> +
        (-0.0001662, 0.0000488)|   9, 3, 3;0,  0;0,  0> +
        (-0.0001665,-0.0000029)|   3, 3, 2;0,  0;0,  0> +
        ( 0.0000034, 0.0001408)|   3, 1, 1;0,  0;0,  0> +
        (-0.0000395,-0.0001082)|   5, 3, 3;0,  0;0,  0> +
        (-0.0000958, 0.0000004)|   5, 2, 2;0,  0;0,  0> +
        (-0.0000918,-0.0000032)|   8, 2, 2;0,  0;0,  0> +
        ( 0.0000276,-0.0000762)|   0, 3, 1;0,  0;0,  0> +
        ( 0.0000030,-0.0000727)|   1, 2, 3;0,  0;0,  0> +
        ( 0.0000020,-0.0000681)|   3, 1, 3;0,  0;0,  0> +
        (-0.0000658,-0.0000018)|  10, 0, 0;0,  0;1,  0> +
        ( 0.0000658, 0.0000018)|  10, 0, 0;1,  0;0,  0> +
        (-0.0000633, 0.0000176)|   2, 3, 2;0,  0;0,  0> +
        (-0.0000638,-0.0000005)|   0, 3, 2;0,  0;0,  0> +
        ( 0.0000600,-0.0000055)|   9, 0, 0;0,  0;0,  0> +
        (-0.0000004,-0.0000576)|   6, 0, 1;0,  0;0,  0> +
        ( 0.0000393,-0.0000186)|   8, 3, 3;0,  0;0,  0> +
        (-0.0000000,-0.0000341)|   0, 3, 3;0,  0;0,  0> +
        (-0.0000005, 0.0000323)|   0, 2, 3;0,  0;0,  0> +
        (-0.0000309,-0.0000004)|   6, 1, 0;0,  0;0,  0> +
        (-0.0000000, 0.0000212)|   1, 3, 3;0,  0;0,  0> +
        ( 0.0000025,-0.0000176)|   3, 3, 1;0,  0;0,  0> +
        ( 0.0000001,-0.0000151)|   2, 3, 3;0,  0;0,  0> +
        ( 0.0000003,-0.0000110)|   5, 0, 1;0,  0;0,  0> +
        (-0.0000039, 0.0000063)|   8, 2, 3;0,  0;0,  0> +
        ( 0.0000058, 0.0000041)|   8, 3, 2;0,  0;0,  0> +
        (-0.0000068, 0.0000003)|   5, 3, 0;0,  0;0,  0> +
        (-0.0000031, 0.0000054)|   4, 0, 1;0,  0;0,  0> +
        (-0.0000042,-0.0000033)|   4, 1, 0;0,  0;0,  0> +
        ( 0.0000039,-0.0000014)|  12, 3, 3;0,  0;0,  0> +
        (-0.0000002, 0.0000040)|   2, 1, 1;0,  0;0,  0> +
        ( 0.0000032,-0.0000004)|   5, 1, 0;0,  0;0,  0> +
        ( 0.0000000, 0.0000029)|   5, 0, 3;0,  0;0,  0> +
        (-0.0000028,-0.0000001)|   8, 0, 0;0,  0;0,  0> +
        (-0.0000026, 0.0000000)|   7, 0, 0;0,  0;0,  0> +
        (-0.0000025,-0.0000002)|   5, 1, 2;0,  0;0,  0> +
        ( 0.0000022,-0.0000008)|   4, 0, 2;0,  0;0,  0> +
        (-0.0000008,-0.0000020)|   0, 2, 1;0,  0;0,  0> +
        ( 0.0000001, 0.0000019)|   5, 2, 1;0,  0;0,  0> +
        (-0.0000000,-0.0000013)|   5, 1, 1;0,  0;0,  0> +
        ( 0.0000010,-0.0000004)|   0, 1, 2;0,  0;0,  0> +
        ( 0.0000009,-0.0000004)|   0, 3, 0;0,  0;0,  0> +
         ...
 |21> = (-0.0009385,-0.9999077)|   0, 1, 1;0,  0;0,  0> +
        ( 0.0079273,-0.0000084)|   0, 0, 2;0,  0;0,  0> +
        (-0.0079273, 0.0000084)|   0, 2, 0;0,  0;0,  0> +
        (-0.0042775,-0.0000011)|   3, 2, 0;0,  0;0,  0> +
        (-0.0038370,-0.0000045)|   3, 0, 2;0,  0;0,  0> +
        ( 0.0034366,-0.0000026)|   2, 2, 2;0,  0;0,  0> +
        (-0.0024579,-0.0000403)|   0, 1, 2;0,  0;0,  0> +
        (-0.0015639, 0.0000013)|   5, 0, 0;0,  0;0,  0> +
        ( 0.0011708, 0.0000681)|   0, 3, 0;0,  0;0,  0> +
        ( 0.0000437,-0.0008574)|   0, 2, 1;0,  0;0,  0> +
        (-0.0001898, 0.0007565)|   2, 0, 2;0,  0;0,  0> +
        ( 0.0001854,-0.0007565)|   2, 2, 0;0,  0;0,  0> +
        (-0.0006788,-0.0000170)|   2, 1, 0;0,  0;0,  0> +
        (-0.0003864, 0.0000000)|   1, 2, 2;0,  0;0,  0> +
        (-0.0000139,-0.0003418)|   2, 0, 1;0,  0;0,  0> +
        (-0.0003247,-0.0000020)|   6, 0, 0;0,  0;0,  0> +
        (-0.0001371, 0.0000000)|   0, 2, 2;0,  0;0,  0> +
        ( 0.0000190, 0.0000635)|   0, 0, 3;0,  0;0,  0> +
        (-0.0000001,-0.0000658)|   0, 1, 1;0,  0;1,  0> +
        ( 0.0000001, 0.0000658)|   0, 1, 1;1,  0;0,  0> +
        ( 0.0000445,-0.0000022)|   1, 2, 0;0,  0;0,  0> +
        (-0.0000437, 0.0000022)|   1, 0, 2;0,  0;0,  0> +
        ( 0.0000013, 0.0000295)|   1, 0, 1;0,  0;0,  0> +
        (-0.0000282, 0.0000013)|   1, 1, 0;0,  0;0,  0> +
        (-0.0000000, 0.0000190)|   0, 3, 3;0,  0;0,  0> +
        (-0.0000000, 0.0000085)|   0, 3, 1;0,  0;0,  0> +
        ( 0.0000000, 0.0000079)|   3, 0, 1;0,  0;0,  0> +
        ( 0.0000079, 0.0000000)|   3, 1, 0;0,  0;0,  0> +
        (-0.0000076,-0.0000002)|   1, 3, 0;0,  0;0,  0> +
        (-0.0000002,-0.0000070)|   1, 0, 3;0,  0;0,  0> +
        ( 0.0000004, 0.0000057)|   0, 2, 3;0,  0;0,  0> +
        ( 0.0000053,-0.0000003)|   0, 3, 2;0,  0;0,  0> +
        (-0.0000043,-0.0000000)|   1, 1, 2;0,  0;0,  0> +
        (-0.0000001,-0.0000039)|   1, 2, 1;0,  0;0,  0> +
        ( 0.0000021,-0.0000000)|   4, 0, 0;0,  0;0,  0> +
        ( 0.0000017,-0.0000000)|   4, 2, 0;0,  0;0,  0> +
        ( 0.0000015, 0.0000000)|   4, 0, 2;0,  0;0,  0> +
         ...
 |22> = ( 0.7071061,-0.0000000)|   0, 0, 2;0,  0;0,  0> +
        ( 0.7071061, 0.0000000)|   0, 2, 0;0,  0;0,  0> +
        ( 0.0016116,-0.0000000)|   2, 0, 0;0,  0;0,  0> +
        ( 0.0000465, 0.0000000)|   0, 0, 2;0,  0;1,  0> +
        ( 0.0000465,-0.0000000)|   0, 2, 0;0,  0;1,  0> +
        (-0.0000465, 0.0000000)|   0, 2, 0;1,  0;0,  0> +
        (-0.0000465, 0.0000000)|   0, 0, 2;1,  0;0,  0> +
        ( 0.0000000,-0.0000200)|   0, 0, 1;0,  0;0,  0> +
        (-0.0000200, 0.0000000)|   0, 1, 0;0,  0;0,  0> +
         ...
 |23> = (-0.8216814,-0.0332847)|   5, 1, 0;0,  0;0,  0> +
        ( 0.0546659, 0.5662357)|   5, 0, 1;0,  0;0,  0> +
        (-0.0067481,-0.0006656)|   8, 0, 0;0,  0;0,  0> +
        (-0.0035345, 0.0005557)|   1, 1, 2;0,  0;0,  0> +
        ( 0.0034160, 0.0000228)|   2, 3, 0;0,  0;0,  0> +
        ( 0.0031170,-0.0002464)|   2, 1, 2;0,  0;0,  0> +
        ( 0.0000502,-0.0028318)|   2, 0, 3;0,  0;0,  0> +
        (-0.0002897,-0.0023368)|   2, 2, 1;0,  0;0,  0> +
        ( 0.0011982,-0.0019335)|   1, 2, 1;0,  0;0,  0> +
        ( 0.0017716, 0.0010888)|   1, 3, 0;0,  0;0,  0> +
        ( 0.0018835, 0.0000127)|   5, 2, 0;0,  0;0,  0> +
        ( 0.0000068, 0.0017800)|   1, 2, 3;0,  0;0,  0> +
        ( 0.0013033, 0.0000067)|   5, 0, 2;0,  0;0,  0> +
        (-0.0000003,-0.0010198)|   2, 3, 3;0,  0;0,  0> +
        ( 0.0000443,-0.0009591)|   2, 2, 3;0,  0;0,  0> +
        ( 0.0008944,-0.0000109)|   3, 3, 0;0,  0;0,  0> +
        (-0.0000014, 0.0008318)|   3, 0, 3;0,  0;0,  0> +
        ( 0.0007156,-0.0001407)|   1, 0, 3;0,  0;0,  0> +
        ( 0.0000011,-0.0006841)|   0, 2, 3;0,  0;0,  0> +
        ( 0.0004236,-0.0005368)|   1, 3, 1;0,  0;0,  0> +
        ( 0.0000123, 0.0006678)|   0, 3, 1;0,  0;0,  0> +
        ( 0.0005745,-0.0000093)|   3, 1, 2;0,  0;0,  0> +
        ( 0.0005508,-0.0000000)|   2, 2, 2;0,  0;0,  0> +
        (-0.0000031, 0.0005347)|   3, 2, 1;0,  0;0,  0> +
        ( 0.0005025, 0.0000069)|   1, 3, 2;0,  0;0,  0> +
        (-0.0000014, 0.0004503)|   2, 3, 1;0,  0;0,  0> +
        ( 0.0004458, 0.0000000)|   3, 2, 2;0,  0;0,  0> +
        (-0.0004322, 0.0000010)|   0, 3, 2;0,  0;0,  0> +
        ( 0.0000046,-0.0004301)|   2, 1, 3;0,  0;0,  0> +
        ( 0.0004028, 0.0000432)|   2, 3, 2;0,  0;0,  0> +
        (-0.0000081,-0.0004023)|   4, 2, 3;0,  0;0,  0> +
        (-0.0003807,-0.0000057)|   4, 3, 2;0,  0;0,  0> +
        (-0.0000096,-0.0003641)|   1, 1, 3;0,  0;0,  0> +
        (-0.0000840, 0.0003457)|   0, 1, 3;0,  0;0,  0> +
        ( 0.0000001,-0.0001982)|   4, 3, 3;0,  0;0,  0> +
        (-0.0000000, 0.0001963)|   3, 3, 3;0,  0;0,  0> +
        (-0.0000000, 0.0001871)|   0, 3, 3;0,  0;0,  0> +
        (-0.0001780,-0.0000012)|   5, 2, 2;0,  0;0,  0> +
        ( 0.0000022, 0.0001608)|   3, 1, 1;0,  0;0,  0> +
        (-0.0001047, 0.0000107)|   6, 3, 3;0,  0;0,  0> +
        (-0.0001003, 0.0000019)|   4, 0, 2;0,  0;0,  0> +
        ( 0.0000967,-0.0000026)|   3, 3, 2;0,  0;0,  0> +
        (-0.0000028, 0.0000880)|   3, 2, 3;0,  0;0,  0> +
        (-0.0000875,-0.0000003)|   4, 2, 2;0,  0;0,  0> +
        ( 0.0000871,-0.0000018)|   4, 2, 0;0,  0;0,  0> +
        (-0.0000004,-0.0000591)|   2, 1, 1;0,  0;0,  0> +
        (-0.0000541,-0.0000022)|   5, 1, 0;0,  0;1,  0> +
        ( 0.0000541, 0.0000022)|   5, 1, 0;1,  0;0,  0> +
        ( 0.0000021, 0.0000526)|   0, 2, 1;0,  0;0,  0> +
        ( 0.0000001, 0.0000506)|   6, 0, 1;0,  0;0,  0> +
        ( 0.0000036, 0.0000373)|   5, 0, 1;0,  0;1,  0> +
        (-0.0000036,-0.0000373)|   5, 0, 1;1,  0;0,  0> +
        ( 0.0000004,-0.0000348)|   3, 1, 3;0,  0;0,  0> +
        (-0.0000345, 0.0000009)|   6, 1, 0;0,  0;0,  0> +
        ( 0.0000291,-0.0000024)|   9, 0, 0;0,  0;0,  0> +
        (-0.0000268, 0.0000021)|   0, 1, 2;0,  0;0,  0> +
        (-0.0000005, 0.0000234)|   3, 3, 1;0,  0;0,  0> +
        (-0.0000221, 0.0000021)|   0, 3, 0;0,  0;0,  0> +
        ( 0.0000055, 0.0000202)|   5, 3, 3;0,  0;0,  0> +
        ( 0.0000115, 0.0000051)|   4, 1, 0;0,  0;0,  0> +
        (-0.0000104,-0.0000002)|   3, 2, 0;0,  0;0,  0> +
        ( 0.0000095, 0.0000002)|   3, 0, 2;0,  0;0,  0> +
        (-0.0000000,-0.0000095)|   1, 3, 3;0,  0;0,  0> +
        ( 0.0000021, 0.0000072)|   0, 0, 3;0,  0;0,  0> +
        ( 0.0000052,-0.0000040)|   4, 0, 1;0,  0;0,  0> +
        (-0.0000056,-0.0000001)|   4, 1, 2;0,  0;0,  0> +
        (-0.0000048, 0.0000003)|   4, 3, 0;0,  0;0,  0> +
        ( 0.0000001, 0.0000040)|   1, 1, 1;0,  0;0,  0> +
        ( 0.0000003,-0.0000033)|   4, 0, 3;0,  0;0,  0> +
        ( 0.0000000,-0.0000029)|   4, 1, 1;0,  0;0,  0> +
        ( 0.0000000, 0.0000025)|   2, 2, 0;0,  0;0,  0> +
        (-0.0000000,-0.0000025)|   2, 0, 2;0,  0;0,  0> +
        (-0.0000000, 0.0000019)|   0, 1, 1;0,  0;0,  0> +
        ( 0.0000001,-0.0000017)|   4, 2, 1;0,  0;0,  0> +
        ( 0.0000001, 0.0000012)|   2, 0, 1;0,  0;0,  0> +
        (-0.0000007, 0.0000007)|   3, 1, 0;0,  0;0,  0> +
         ...
 |24> = (-0.7070454, 0.0000000)|   0, 2, 0;0,  0;0,  0> +
        ( 0.7070451,-0.0000000)|   0, 0, 2;0,  0;0,  0> +
        (-0.0000013, 0.0112095)|   0, 1, 1;0,  0;0,  0> +
        ( 0.0050666,-0.0000004)|   1, 1, 0;0,  0;0,  0> +
        (-0.0000004, 0.0030793)|   1, 0, 1;0,  0;0,  0> +
        ( 0.0018281,-0.0000019)|   2, 2, 0;0,  0;0,  0> +
        ( 0.0018277, 0.0000019)|   2, 0, 2;0,  0;0,  0> +
        ( 0.0015956,-0.0000006)|   2, 1, 0;0,  0;0,  0> +
        (-0.0000009, 0.0015867)|   2, 0, 1;0,  0;0,  0> +
        ( 0.0012118,-0.0000000)|   4, 0, 0;0,  0;0,  0> +
        ( 0.0006471, 0.0000000)|   1, 2, 0;0,  0;0,  0> +
        (-0.0005560,-0.0000000)|   1, 0, 2;0,  0;0,  0> +
        ( 0.0005437, 0.0000000)|   0, 2, 2;0,  0;0,  0> +
        (-0.0001399, 0.0000000)|   5, 0, 0;0,  0;0,  0> +
        ( 0.0000685,-0.0000003)|   0, 3, 0;0,  0;0,  0> +
        (-0.0000001, 0.0000524)|   0, 0, 3;0,  0;0,  0> +
        (-0.0000001, 0.0000472)|   0, 2, 1;0,  0;0,  0> +
        (-0.0000465,-0.0000000)|   0, 0, 2;1,  0;0,  0> +
        ( 0.0000465, 0.0000000)|   0, 0, 2;0,  0;1,  0> +
        (-0.0000465, 0.0000000)|   0, 2, 0;0,  0;1,  0> +
        ( 0.0000465, 0.0000000)|   0, 2, 0;1,  0;0,  0> +
        ( 0.0000369, 0.0000001)|   0, 1, 2;0,  0;0,  0> +
        ( 0.0000306, 0.0000000)|   0, 1, 0;0,  0;0,  0> +
        ( 0.0000000,-0.0000304)|   0, 0, 1;0,  0;0,  0> +
        (-0.0000127,-0.0000000)|   3, 0, 0;0,  0;0,  0> +
        (-0.0000055,-0.0000000)|   1, 2, 2;0,  0;0,  0> +
        ( 0.0000050,-0.0000000)|   2, 2, 2;0,  0;0,  0> +
        (-0.0000043,-0.0000000)|   3, 0, 2;0,  0;0,  0> +
        (-0.0000040,-0.0000000)|   3, 2, 0;0,  0;0,  0> +
        ( 0.0000000, 0.0000013)|   2, 1, 1;0,  0;0,  0> +
         ...
