p1776
# Parameters of the model
#  mass:		    261.00 u
#  charge:	      1.00 e
#  dipole:	      4.74 D
#  B:		    503.65 MHz
#  omega_rho:	      1.40 MHz
#  omega_z:	      0.16 MHz

# Basis truncation:	|30,4,4;2,2>
# omega_1:	      0.28 MHz
# omega_3/5:	      1.39 MHz
# Basis size:		38880

# Active terms of the Hamiltionian:
# 	Nomal modes:	1
# 	T_rot:      	1
# 	V_qd^{(0)}: 	1
# 	V_qd^{(1)}: 	1
# 	V_dd^{(0)}: 	1

# Results of the diagonalisation

# 100 smallest eigenvalues
 5.518517017 6.523516655 7.501602173 8.556608200 9.472552299 10.509891510 10.537336349 10.581136703 11.550347328 11.574083328 11.586999893 12.561291695 12.594015121 12.639562607 13.469526291 13.473456383 13.573020935 14.488552094 14.494033813 14.694719315 15.541285515 15.551664352 15.553841591 15.581119537 15.605671883 15.723675728 16.350271225 16.474168777 16.544286728 16.552204132 16.616447449 16.653587341 17.350978851 17.514160156 17.546638489 17.609914780 17.664413452 17.673572540 18.446376801 18.473974228 18.480400085 18.542762756 18.564418793 18.606363297 19.421018600 19.464181900 19.528366089 19.593704224 19.674570084 19.822933197 20.397579193 20.432817459 20.521209717 20.543462753 20.580455780 20.587341309 20.635581970 20.659276962 20.684553146 20.945978165 21.411703110 21.488430023 21.529882431 21.538692474 21.572683334 21.581928253 21.629760742 21.702566147 21.726121902 21.738201141 22.342708588 22.364986420 22.456504822 22.507848740 22.531221390 22.539640427 22.550476074 22.560911179 22.719158173 22.727993011 23.239486694 23.367359161 23.393856049 23.487070084 23.583732605 23.622875214 23.629259109 23.736986160 23.761482239 23.793291092 24.321722031 24.559198380 24.586372375 24.599983215 24.651369095 24.691860199 24.699424744 24.699583054 24.712259293 24.782859802

# Ground state and the lowest excitations:
 | 0> = ( 1.0000000, 0.0000000)|   0, 0, 0;0,  0;0,  0> +
        ( 0.0000658, 0.0000000)|   0, 0, 0;0,  0;1,  0> +
        (-0.0000658, 0.0000000)|   0, 0, 0;1,  0;0,  0> +
         ...
 | 1> = (-0.9999981, 0.0000000)|   1, 0, 0;0,  0;0,  0> +
        (-0.0000658,-0.0000000)|   1, 0, 0;0,  0;1,  0> +
        ( 0.0000658,-0.0000000)|   1, 0, 0;1,  0;0,  0> +
        (-0.0000060,-0.0000000)|   2, 0, 0;0,  0;0,  0> +
        (-0.0000021,-0.0000000)|   4, 0, 0;0,  0;0,  0> +
        (-0.0000012, 0.0000000)|   3, 0, 0;0,  0;0,  0> +
        (-0.0000011,-0.0000003)|   4, 1, 0;0,  0;0,  0> +
         ...
 | 2> = (-1.0000004,-0.0000000)|   2, 0, 0;0,  0;0,  0> +
        ( 0.0001948, 0.0000000)|   0, 0, 2;0,  0;0,  0> +
        ( 0.0001947,-0.0000000)|   0, 2, 0;0,  0;0,  0> +
        (-0.0000658, 0.0000000)|   2, 0, 0;0,  0;1,  0> +
        ( 0.0000658, 0.0000000)|   2, 0, 0;1,  0;0,  0> +
        ( 0.0000000, 0.0000385)|   0, 0, 1;0,  0;0,  0> +
        ( 0.0000382, 0.0000000)|   0, 1, 0;0,  0;0,  0> +
        ( 0.0000053,-0.0000000)|   1, 0, 0;0,  0;0,  0> +
        ( 0.0000011, 0.0000000)|   6, 0, 0;0,  0;0,  0> +
        (-0.0000000, 0.0000011)|   1, 0, 1;0,  0;0,  0> +
         ...
 | 3> = (-0.9999883,-0.0000000)|   3, 0, 0;0,  0;0,  0> +
        ( 0.0030899, 0.0000000)|   0, 1, 0;0,  0;0,  0> +
        ( 0.0000000,-0.0030592)|   0, 0, 1;0,  0;0,  0> +
        (-0.0008030, 0.0000000)|   1, 0, 2;0,  0;0,  0> +
        (-0.0008025,-0.0000000)|   1, 2, 0;0,  0;0,  0> +
        (-0.0002015,-0.0000000)|   0, 0, 2;0,  0;0,  0> +
        ( 0.0002015, 0.0000000)|   0, 2, 0;0,  0;0,  0> +
        (-0.0000869, 0.0000000)|   4, 0, 0;0,  0;0,  0> +
        ( 0.0000658, 0.0000000)|   3, 0, 0;1,  0;0,  0> +
        (-0.0000658, 0.0000000)|   3, 0, 0;0,  0;1,  0> +
        ( 0.0000511,-0.0000000)|   1, 1, 0;0,  0;0,  0> +
        (-0.0000000, 0.0000494)|   1, 0, 1;0,  0;0,  0> +
        ( 0.0000256,-0.0000001)|   2, 1, 0;0,  0;0,  0> +
        (-0.0000001, 0.0000225)|   2, 0, 1;0,  0;0,  0> +
        (-0.0000000,-0.0000037)|   0, 1, 1;0,  0;0,  0> +
        ( 0.0000027, 0.0000000)|   2, 0, 2;0,  0;0,  0> +
        ( 0.0000027,-0.0000000)|   2, 2, 0;0,  0;0,  0> +
        ( 0.0000021,-0.0000000)|   0, 2, 2;0,  0;0,  0> +
        ( 0.0000015, 0.0000000)|   7, 0, 0;0,  0;0,  0> +
        ( 0.0000006,-0.0000010)|   4, 0, 1;0,  0;0,  0> +
        ( 0.0000011,-0.0000000)|   1, 0, 0;0,  0;0,  0> +
        ( 0.0000007,-0.0000008)|   3, 1, 0;0,  0;0,  0> +
         ...
 | 4> = (-0.9996409,-0.0000000)|   4, 0, 0;0,  0;0,  0> +
        (-0.0000002, 0.0190320)|   1, 0, 1;0,  0;0,  0> +
        ( 0.0188335,-0.0000002)|   1, 1, 0;0,  0;0,  0> +
        (-0.0011638,-0.0000000)|   0, 2, 0;0,  0;0,  0> +
        ( 0.0011638, 0.0000000)|   0, 0, 2;0,  0;0,  0> +
        (-0.0007677,-0.0000010)|   2, 2, 0;0,  0;0,  0> +
        (-0.0007675, 0.0000009)|   2, 0, 2;0,  0;0,  0> +
        ( 0.0005188,-0.0000014)|   2, 1, 0;0,  0;0,  0> +
        (-0.0005014,-0.0000000)|   0, 2, 2;0,  0;0,  0> +
        (-0.0000016, 0.0004815)|   2, 0, 1;0,  0;0,  0> +
        ( 0.0000004, 0.0004005)|   0, 1, 1;0,  0;0,  0> +
        ( 0.0000899, 0.0000000)|   3, 0, 0;0,  0;0,  0> +
        ( 0.0000658, 0.0000000)|   4, 0, 0;1,  0;0,  0> +
        (-0.0000658, 0.0000000)|   4, 0, 0;0,  0;1,  0> +
        (-0.0000200,-0.0000000)|   0, 3, 0;0,  0;0,  0> +
        ( 0.0000000,-0.0000194)|   0, 0, 3;0,  0;0,  0> +
        (-0.0000000,-0.0000118)|   0, 2, 1;0,  0;0,  0> +
        (-0.0000114, 0.0000000)|   0, 1, 2;0,  0;0,  0> +
        (-0.0000110,-0.0000000)|   0, 1, 0;0,  0;0,  0> +
        (-0.0000000, 0.0000109)|   0, 0, 1;0,  0;0,  0> +
        (-0.0000092,-0.0000000)|   1, 0, 2;0,  0;0,  0> +
        ( 0.0000085, 0.0000000)|   1, 2, 0;0,  0;0,  0> +
        ( 0.0000037,-0.0000000)|   3, 2, 0;0,  0;0,  0> +
        ( 0.0000036,-0.0000000)|   3, 0, 2;0,  0;0,  0> +
        ( 0.0000021,-0.0000000)|   1, 0, 0;0,  0;0,  0> +
        ( 0.0000000,-0.0000013)|   1, 0, 1;1,  0;0,  0> +
        (-0.0000000, 0.0000013)|   1, 0, 1;0,  0;1,  0> +
        (-0.0000012, 0.0000000)|   1, 1, 0;1,  0;0,  0> +
        ( 0.0000012,-0.0000000)|   1, 1, 0;0,  0;1,  0> +
         ...
 | 5> = ( 0.9998449,-0.0002052)|   5, 0, 0;0,  0;0,  0> +
        (-0.0000006, 0.0081583)|   3, 0, 1;0,  0;0,  0> +
        ( 0.0081261,-0.0000069)|   3, 1, 0;0,  0;0,  0> +
        (-0.0079198, 0.0005207)|   2, 1, 0;0,  0;0,  0> +
        ( 0.0005155, 0.0078316)|   2, 0, 1;0,  0;0,  0> +
        (-0.0047929, 0.0000113)|   3, 2, 0;0,  0;0,  0> +
        (-0.0045817,-0.0000012)|   3, 0, 2;0,  0;0,  0> +
        (-0.0001058,-0.0015571)|   0, 0, 3;0,  0;0,  0> +
        ( 0.0012705,-0.0000888)|   0, 3, 0;0,  0;0,  0> +
        ( 0.0000015, 0.0008519)|   0, 3, 3;0,  0;0,  0> +
        (-0.0007971, 0.0000002)|   2, 2, 2;0,  0;0,  0> +
        (-0.0000318, 0.0007434)|   0, 2, 1;0,  0;0,  0> +
        (-0.0005703,-0.0000000)|   1, 2, 2;0,  0;0,  0> +
        (-0.0000381, 0.0004156)|   2, 0, 2;0,  0;0,  0> +
        ( 0.0000381,-0.0004156)|   2, 2, 0;0,  0;0,  0> +
        (-0.0000131,-0.0003650)|   1, 1, 1;0,  0;0,  0> +
        (-0.0001924, 0.0000007)|   0, 3, 2;0,  0;0,  0> +
        ( 0.0000025,-0.0001849)|   0, 2, 3;0,  0;0,  0> +
        ( 0.0000002, 0.0001479)|   0, 3, 1;0,  0;0,  0> +
        ( 0.0000012, 0.0000947)|   1, 0, 3;0,  0;0,  0> +
        (-0.0000681,-0.0000611)|   0, 1, 2;0,  0;0,  0> +
        ( 0.0000875, 0.0000016)|   1, 3, 0;0,  0;0,  0> +
        ( 0.0000658,-0.0000000)|   5, 0, 0;0,  0;1,  0> +
        (-0.0000658, 0.0000000)|   5, 0, 0;1,  0;0,  0> +
        (-0.0000013, 0.0000540)|   1, 2, 1;0,  0;0,  0> +
        ( 0.0000538, 0.0000005)|   1, 1, 2;0,  0;0,  0> +
        ( 0.0000003,-0.0000314)|   4, 0, 1;0,  0;0,  0> +
        (-0.0000304, 0.0000003)|   4, 1, 0;0,  0;0,  0> +
        ( 0.0000016,-0.0000247)|   0, 1, 1;0,  0;0,  0> +
        ( 0.0000002, 0.0000157)|   0, 1, 3;0,  0;0,  0> +
        ( 0.0000118,-0.0000006)|   1, 1, 0;0,  0;0,  0> +
        (-0.0000006,-0.0000117)|   1, 0, 1;0,  0;0,  0> +
        ( 0.0000083, 0.0000000)|   3, 2, 2;0,  0;0,  0> +
        ( 0.0000027,-0.0000001)|   4, 0, 2;0,  0;0,  0> +
        (-0.0000022,-0.0000000)|   6, 0, 0;0,  0;0,  0> +
        (-0.0000016,-0.0000002)|   8, 0, 0;0,  0;0,  0> +
        ( 0.0000014, 0.0000000)|   7, 0, 0;0,  0;0,  0> +
        (-0.0000013, 0.0000000)|   0, 2, 2;0,  0;0,  0> +
        (-0.0000012,-0.0000003)|   5, 1, 0;0,  0;0,  0> +
        (-0.0000012,-0.0000000)|   6, 1, 0;0,  0;0,  0> +
        ( 0.0000002,-0.0000010)|   5, 0, 1;0,  0;0,  0> +
        ( 0.0000000,-0.0000011)|   6, 0, 1;0,  0;0,  0> +
         ...
 | 6> = ( 0.7442448,-0.0000000)|   0, 1, 0;0,  0;0,  0> +
        ( 0.0000000,-0.6678919)|   0, 0, 1;0,  0;0,  0> +
        ( 0.0043424,-0.0000000)|   3, 0, 0;0,  0;0,  0> +
        ( 0.0002621, 0.0000000)|   1, 2, 0;0,  0;0,  0> +
        ( 0.0002598,-0.0000000)|   1, 0, 2;0,  0;0,  0> +
        ( 0.0000490, 0.0000000)|   0, 1, 0;0,  0;1,  0> +
        (-0.0000490, 0.0000000)|   0, 1, 0;1,  0;0,  0> +
        (-0.0000000,-0.0000439)|   0, 0, 1;0,  0;1,  0> +
        (-0.0000000, 0.0000439)|   0, 0, 1;1,  0;0,  0> +
        ( 0.0000205,-0.0000000)|   0, 2, 0;0,  0;0,  0> +
        (-0.0000204, 0.0000000)|   0, 0, 2;0,  0;0,  0> +
        (-0.0000155,-0.0000000)|   4, 0, 0;0,  0;0,  0> +
        (-0.0000115,-0.0000000)|   1, 1, 0;0,  0;0,  0> +
        (-0.0000000,-0.0000066)|   1, 0, 1;0,  0;0,  0> +
        ( 0.0000042, 0.0000000)|   0, 2, 2;0,  0;0,  0> +
        ( 0.0000033,-0.0000005)|   3, 1, 0;0,  0;0,  0> +
        ( 0.0000029, 0.0000000)|   2, 2, 0;0,  0;0,  0> +
        ( 0.0000029,-0.0000000)|   2, 0, 2;0,  0;0,  0> +
        ( 0.0000028,-0.0000000)|   2, 0, 0;0,  0;0,  0> +
        (-0.0000005, 0.0000022)|   3, 0, 1;0,  0;0,  0> +
        ( 0.0000019,-0.0000001)|   2, 1, 0;0,  0;0,  0> +
        (-0.0000001,-0.0000013)|   2, 0, 1;0,  0;0,  0> +
        ( 0.0000000,-0.0000012)|   6, 0, 1;0,  0;0,  0> +
         ...
 | 7> = ( 0.0000000,-0.7442510)|   0, 0, 1;0,  0;0,  0> +
        (-0.6678991,-0.0000000)|   0, 1, 0;0,  0;0,  0> +
        ( 0.0002130,-0.0000000)|   3, 0, 0;0,  0;0,  0> +
        (-0.0000542, 0.0000000)|   2, 0, 0;0,  0;0,  0> +
        (-0.0000000,-0.0000490)|   0, 0, 1;0,  0;1,  0> +
        (-0.0000000, 0.0000490)|   0, 0, 1;1,  0;0,  0> +
        ( 0.0000439, 0.0000000)|   0, 1, 0;1,  0;0,  0> +
        (-0.0000439, 0.0000000)|   0, 1, 0;0,  0;1,  0> +
        ( 0.0000127,-0.0000000)|   1, 2, 0;0,  0;0,  0> +
        ( 0.0000126, 0.0000000)|   1, 0, 2;0,  0;0,  0> +
        (-0.0000003,-0.0000040)|   2, 0, 1;0,  0;0,  0> +
        ( 0.0000031,-0.0000003)|   2, 1, 0;0,  0;0,  0> +
        (-0.0000026,-0.0000000)|   0, 0, 2;0,  0;0,  0> +
        ( 0.0000002,-0.0000017)|   4, 0, 1;0,  0;0,  0> +
        ( 0.0000015, 0.0000000)|   7, 0, 0;0,  0;0,  0> +
        (-0.0000010, 0.0000002)|   4, 1, 0;0,  0;0,  0> +
         ...
 | 8> = (-0.7236055,-0.0000218)|   1, 1, 0;0,  0;0,  0> +
        (-0.0000216,-0.6892983)|   1, 0, 1;0,  0;0,  0> +
        (-0.0267544,-0.0000000)|   4, 0, 0;0,  0;0,  0> +
        (-0.0160457, 0.0000558)|   2, 1, 0;0,  0;0,  0> +
        ( 0.0000575,-0.0145384)|   2, 0, 1;0,  0;0,  0> +
        (-0.0058469,-0.0000000)|   0, 2, 0;0,  0;0,  0> +
        ( 0.0058467, 0.0000000)|   0, 0, 2;0,  0;0,  0> +
        (-0.0024926, 0.0000514)|   2, 0, 2;0,  0;0,  0> +
        (-0.0024902,-0.0000514)|   2, 2, 0;0,  0;0,  0> +
        ( 0.0003148,-0.0000014)|   1, 0, 2;0,  0;0,  0> +
        (-0.0003052, 0.0000014)|   1, 2, 0;0,  0;0,  0> +
        ( 0.0000001, 0.0001683)|   0, 1, 1;0,  0;0,  0> +
        ( 0.0000771,-0.0000000)|   0, 2, 2;0,  0;0,  0> +
        (-0.0000720, 0.0000000)|   3, 0, 0;0,  0;0,  0> +
        ( 0.0000613, 0.0000002)|   1, 2, 2;0,  0;0,  0> +
        (-0.0000497,-0.0000004)|   0, 3, 0;0,  0;0,  0> +
        (-0.0000476,-0.0000000)|   1, 1, 0;0,  0;1,  0> +
        ( 0.0000476, 0.0000000)|   1, 1, 0;1,  0;0,  0> +
        (-0.0000002,-0.0000475)|   0, 0, 3;0,  0;0,  0> +
        (-0.0000000,-0.0000454)|   1, 0, 1;0,  0;1,  0> +
        ( 0.0000000, 0.0000454)|   1, 0, 1;1,  0;0,  0> +
        ( 0.0000000,-0.0000317)|   0, 2, 1;0,  0;0,  0> +
        (-0.0000274,-0.0000005)|   0, 1, 2;0,  0;0,  0> +
        (-0.0000128, 0.0000001)|   5, 0, 0;0,  0;0,  0> +
        (-0.0000000, 0.0000086)|   0, 0, 1;0,  0;0,  0> +
        (-0.0000078,-0.0000000)|   0, 1, 0;0,  0;0,  0> +
        ( 0.0000064, 0.0000002)|   3, 0, 2;0,  0;0,  0> +
        ( 0.0000058, 0.0000001)|   3, 2, 0;0,  0;0,  0> +
        (-0.0000030, 0.0000000)|   2, 2, 2;0,  0;0,  0> +
        ( 0.0000007,-0.0000018)|   4, 0, 1;0,  0;0,  0> +
        (-0.0000018,-0.0000000)|   4, 0, 0;0,  0;1,  0> +
        ( 0.0000018, 0.0000000)|   4, 0, 0;1,  0;0,  0> +
        (-0.0000016,-0.0000000)|   7, 0, 0;0,  0;0,  0> +
        ( 0.0000013,-0.0000004)|   3, 1, 0;0,  0;0,  0> +
        (-0.0000013,-0.0000001)|   5, 1, 0;0,  0;0,  0> +
        (-0.0000013, 0.0000000)|   6, 1, 0;0,  0;0,  0> +
        (-0.0000008, 0.0000009)|   7, 0, 1;0,  0;0,  0> +
        ( 0.0000010,-0.0000000)|   2, 1, 0;1,  0;0,  0> +
        (-0.0000010, 0.0000000)|   2, 1, 0;0,  0;1,  0> +
         ...
 | 9> = (-0.9995962,-0.0060624)|   6, 0, 0;0,  0;0,  0> +
        ( 0.0098719,-0.0122658)|   3, 1, 0;0,  0;0,  0> +
        (-0.0122088,-0.0097978)|   3, 0, 1;0,  0;0,  0> +
        ( 0.0151421, 0.0002139)|   7, 0, 0;0,  0;0,  0> +
        ( 0.0001403, 0.0038022)|   1, 1, 1;0,  0;0,  0> +
        ( 0.0001382, 0.0020796)|   0, 2, 1;0,  0;0,  0> +
        (-0.0018636,-0.0003118)|   4, 1, 0;0,  0;0,  0> +
        (-0.0018299, 0.0001536)|   0, 3, 0;0,  0;0,  0> +
        (-0.0000101,-0.0016842)|   2, 0, 3;0,  0;0,  0> +
        (-0.0016398, 0.0000062)|   2, 3, 0;0,  0;0,  0> +
        ( 0.0016201,-0.0001253)|   1, 1, 2;0,  0;0,  0> +
        (-0.0016027, 0.0000734)|   4, 0, 2;0,  0;0,  0> +
        ( 0.0001593, 0.0012798)|   0, 0, 3;0,  0;0,  0> +
        (-0.0011281, 0.0001479)|   0, 1, 2;0,  0;0,  0> +
        (-0.0010525,-0.0000001)|   2, 2, 2;0,  0;0,  0> +
        (-0.0003258,-0.0009083)|   4, 0, 1;0,  0;0,  0> +
        (-0.0000016,-0.0009555)|   2, 2, 1;0,  0;0,  0> +
        ( 0.0009462,-0.0000647)|   4, 2, 0;0,  0;0,  0> +
        (-0.0002014,-0.0008952)|   1, 0, 3;0,  0;0,  0> +
        (-0.0008798,-0.0000052)|   2, 1, 2;0,  0;0,  0> +
        ( 0.0001018, 0.0007703)|   1, 2, 1;0,  0;0,  0> +
        (-0.0000068,-0.0007517)|   2, 1, 1;0,  0;0,  0> +
        ( 0.0007135, 0.0000184)|   5, 1, 0;0,  0;0,  0> +
        ( 0.0005976,-0.0000010)|   5, 2, 0;0,  0;0,  0> +
        (-0.0000405,-0.0005780)|   5, 0, 1;0,  0;0,  0> +
        (-0.0005529, 0.0000041)|   5, 0, 2;0,  0;0,  0> +
        ( 0.0000000,-0.0004123)|   0, 3, 3;0,  0;0,  0> +
        ( 0.0003910,-0.0000022)|   1, 3, 2;0,  0;0,  0> +
        ( 0.0000010, 0.0003692)|   1, 2, 3;0,  0;0,  0> +
        (-0.0000017, 0.0003136)|   0, 2, 3;0,  0;0,  0> +
        ( 0.0000008,-0.0002452)|   1, 3, 3;0,  0;0,  0> +
        ( 0.0002117,-0.0000001)|   3, 0, 2;0,  0;0,  0> +
        (-0.0002022, 0.0000002)|   3, 2, 0;0,  0;0,  0> +
        (-0.0000740, 0.0000001)|   3, 2, 2;0,  0;0,  0> +
        ( 0.0000028,-0.0000718)|   0, 3, 1;0,  0;0,  0> +
        (-0.0000078,-0.0000664)|   1, 3, 0;0,  0;0,  0> +
        ( 0.0000658, 0.0000004)|   6, 0, 0;1,  0;0,  0> +
        (-0.0000658,-0.0000004)|   6, 0, 0;0,  0;1,  0> +
        (-0.0000196, 0.0000539)|   0, 1, 3;0,  0;0,  0> +
        ( 0.0000005, 0.0000534)|   1, 1, 3;0,  0;0,  0> +
        (-0.0000484,-0.0000019)|   0, 3, 2;0,  0;0,  0> +
        (-0.0000004, 0.0000312)|   2, 3, 1;0,  0;0,  0> +
        (-0.0000002, 0.0000293)|   4, 1, 1;0,  0;0,  0> +
        ( 0.0000281, 0.0000003)|   4, 2, 2;0,  0;0,  0> +
        ( 0.0000001,-0.0000261)|   2, 1, 3;0,  0;0,  0> +
        ( 0.0000194, 0.0000001)|   1, 2, 2;0,  0;0,  0> +
        ( 0.0000000, 0.0000170)|   3, 3, 3;0,  0;0,  0> +
        ( 0.0000000, 0.0000153)|   3, 0, 3;0,  0;0,  0> +
        (-0.0000123,-0.0000002)|   2, 3, 2;0,  0;0,  0> +
        ( 0.0000113, 0.0000011)|   8, 0, 0;0,  0;0,  0> +
        (-0.0000105, 0.0000002)|   6, 1, 0;0,  0;0,  0> +
        ( 0.0000087,-0.0000000)|   3, 3, 0;0,  0;0,  0> +
        ( 0.0000002, 0.0000078)|   6, 0, 1;0,  0;0,  0> +
        (-0.0000002, 0.0000062)|   2, 2, 0;0,  0;0,  0> +
        ( 0.0000002,-0.0000062)|   2, 0, 2;0,  0;0,  0> +
        (-0.0000061,-0.0000002)|  10, 0, 0;0,  0;0,  0> +
        ( 0.0000000, 0.0000053)|   3, 2, 1;0,  0;0,  0> +
        ( 0.0000000, 0.0000052)|   3, 1, 1;0,  0;0,  0> +
        ( 0.0000045,-0.0000001)|   3, 1, 2;0,  0;0,  0> +
        ( 0.0000038,-0.0000003)|   9, 0, 0;0,  0;0,  0> +
        (-0.0000001,-0.0000032)|   0, 1, 1;0,  0;0,  0> +
        (-0.0000013, 0.0000026)|   1, 3, 1;0,  0;0,  0> +
        ( 0.0000000,-0.0000022)|   4, 3, 3;0,  0;0,  0> +
        ( 0.0000003, 0.0000015)|   2, 0, 1;0,  0;0,  0> +
        ( 0.0000014,-0.0000002)|   6, 3, 3;0,  0;0,  0> +
        (-0.0000014, 0.0000002)|   2, 1, 0;0,  0;0,  0> +
        ( 0.0000013, 0.0000001)|   5, 0, 0;0,  0;0,  0> +
        ( 0.0000005,-0.0000012)|   2, 3, 3;0,  0;0,  0> +
        (-0.0000007, 0.0000011)|   0, 2, 0;0,  0;1,  0> +
        (-0.0000012,-0.0000000)|   2, 2, 0;0,  0;1,  0> +
        ( 0.0000011, 0.0000000)|   7, 0, 0;0,  0;1,  0> +
        (-0.0000011,-0.0000000)|   7, 0, 0;1,  0;0,  0> +
        ( 0.0000006,-0.0000008)|   3, 1, 0;0,  0;1,  0> +
        (-0.0000006, 0.0000008)|   3, 1, 0;1,  0;0,  0> +
        ( 0.0000008, 0.0000006)|   3, 0, 1;1,  0;0,  0> +
        (-0.0000008,-0.0000006)|   3, 0, 1;0,  0;1,  0> +
        ( 0.0000010,-0.0000000)|   7, 1, 0;0,  0;0,  0> +
         ...
 |10> = (-0.0007969, 0.7241518)|   1, 0, 1;0,  0;0,  0> +
        (-0.6893467,-0.0008036)|   1, 1, 0;0,  0;0,  0> +
        (-0.0005455,-0.0185539)|   2, 0, 1;0,  0;0,  0> +
        (-0.0059073,-0.0004444)|   2, 1, 0;0,  0;0,  0> +
        (-0.0025854, 0.0000475)|   1, 2, 0;0,  0;0,  0> +
        ( 0.0025851,-0.0000475)|   1, 0, 2;0,  0;0,  0> +
        (-0.0000034,-0.0018784)|   0, 1, 1;0,  0;0,  0> +
        ( 0.0018223, 0.0000085)|   1, 2, 2;0,  0;0,  0> +
        ( 0.0000937,-0.0015640)|   2, 2, 0;0,  0;0,  0> +
        ( 0.0000662, 0.0015642)|   2, 0, 2;0,  0;0,  0> +
        ( 0.0007863,-0.0000002)|   4, 0, 0;0,  0;0,  0> +
        ( 0.0005302,-0.0000076)|   0, 3, 0;0,  0;0,  0> +
        ( 0.0000074, 0.0005014)|   0, 0, 3;0,  0;0,  0> +
        ( 0.0002884,-0.0000013)|   0, 2, 0;0,  0;0,  0> +
        (-0.0002884, 0.0000013)|   0, 0, 2;0,  0;0,  0> +
        ( 0.0000031, 0.0002513)|   0, 2, 1;0,  0;0,  0> +
        ( 0.0001700,-0.0000044)|   0, 1, 2;0,  0;0,  0> +
        (-0.0001659,-0.0000000)|   0, 2, 2;0,  0;0,  0> +
        ( 0.0001580,-0.0000024)|   3, 0, 2;0,  0;0,  0> +
        ( 0.0001548,-0.0000025)|   3, 2, 0;0,  0;0,  0> +
        ( 0.0001164,-0.0000004)|   5, 0, 0;0,  0;0,  0> +
        (-0.0000001, 0.0000476)|   1, 0, 1;0,  0;1,  0> +
        ( 0.0000001,-0.0000476)|   1, 0, 1;1,  0;0,  0> +
        ( 0.0000470,-0.0000005)|   2, 2, 2;0,  0;0,  0> +
        (-0.0000454,-0.0000001)|   1, 1, 0;0,  0;1,  0> +
        ( 0.0000454, 0.0000001)|   1, 1, 0;1,  0;0,  0> +
        ( 0.0000278,-0.0000015)|   3, 1, 0;0,  0;0,  0> +
        (-0.0000015, 0.0000254)|   3, 0, 1;0,  0;0,  0> +
        (-0.0000000,-0.0000054)|   0, 2, 3;0,  0;0,  0> +
        (-0.0000049, 0.0000000)|   0, 3, 2;0,  0;0,  0> +
        (-0.0000028,-0.0000000)|   0, 1, 0;0,  0;0,  0> +
        ( 0.0000001,-0.0000023)|   5, 0, 1;0,  0;0,  0> +
        (-0.0000000, 0.0000019)|   0, 0, 1;0,  0;0,  0> +
        (-0.0000000,-0.0000017)|   6, 0, 1;0,  0;0,  0> +
        (-0.0000015,-0.0000001)|   8, 0, 0;0,  0;0,  0> +
        (-0.0000015,-0.0000001)|   1, 3, 0;0,  0;0,  0> +
        (-0.0000015,-0.0000000)|   7, 0, 0;0,  0;0,  0> +
        (-0.0000000,-0.0000014)|   1, 0, 3;0,  0;0,  0> +
        ( 0.0000014,-0.0000000)|   6, 1, 0;0,  0;0,  0> +
        (-0.0000000,-0.0000012)|   2, 0, 1;0,  0;1,  0> +
        ( 0.0000000, 0.0000012)|   2, 0, 1;1,  0;0,  0> +
        ( 0.0000004,-0.0000012)|   4, 0, 1;0,  0;0,  0> +
         ...
 |11> = ( 0.7691104,-0.0047247)|   2, 1, 0;0,  0;0,  0> +
        (-0.0049248, 0.6384890)|   2, 0, 1;0,  0;0,  0> +
        (-0.0269887,-0.0000636)|   1, 1, 0;0,  0;0,  0> +
        (-0.0000632,-0.0030456)|   1, 0, 1;0,  0;0,  0> +
        (-0.0022154,-0.0000004)|   1, 0, 2;0,  0;0,  0> +
        ( 0.0022139, 0.0000004)|   1, 2, 0;0,  0;0,  0> +
        ( 0.0010968,-0.0000050)|   5, 0, 0;0,  0;0,  0> +
        ( 0.0006914,-0.0002149)|   2, 0, 2;0,  0;0,  0> +
        (-0.0006752, 0.0000212)|   0, 1, 2;0,  0;0,  0> +
        (-0.0006543, 0.0000083)|   0, 3, 0;0,  0;0,  0> +
        ( 0.0006135, 0.0002149)|   2, 2, 0;0,  0;0,  0> +
        ( 0.0000204,-0.0005877)|   0, 0, 3;0,  0;0,  0> +
        ( 0.0000008,-0.0004470)|   0, 2, 1;0,  0;0,  0> +
        (-0.0000055, 0.0004261)|   0, 1, 1;0,  0;0,  0> +
        (-0.0003371, 0.0000003)|   1, 2, 2;0,  0;0,  0> +
        ( 0.0003193,-0.0000001)|   0, 0, 2;0,  0;0,  0> +
        (-0.0003192, 0.0000001)|   0, 2, 0;0,  0;0,  0> +
        ( 0.0001908,-0.0000025)|   2, 2, 2;0,  0;0,  0> +
        ( 0.0001400,-0.0000000)|   4, 0, 0;0,  0;0,  0> +
        (-0.0000832,-0.0000000)|   0, 2, 2;0,  0;0,  0> +
        (-0.0000008,-0.0000579)|   0, 2, 3;0,  0;0,  0> +
        (-0.0000546, 0.0000006)|   0, 3, 2;0,  0;0,  0> +
        (-0.0000506, 0.0000003)|   2, 1, 0;1,  0;0,  0> +
        ( 0.0000506,-0.0000003)|   2, 1, 0;0,  0;1,  0> +
        ( 0.0000455,-0.0000106)|   3, 2, 0;0,  0;0,  0> +
        ( 0.0000003,-0.0000420)|   2, 0, 1;1,  0;0,  0> +
        (-0.0000003, 0.0000420)|   2, 0, 1;0,  0;1,  0> +
        (-0.0000000,-0.0000348)|   0, 3, 3;0,  0;0,  0> +
        ( 0.0000325,-0.0000000)|   3, 0, 0;0,  0;0,  0> +
        ( 0.0000149,-0.0000136)|   3, 0, 2;0,  0;0,  0> +
        ( 0.0000037, 0.0000101)|   3, 0, 1;0,  0;0,  0> +
        (-0.0000000,-0.0000064)|   1, 0, 3;0,  0;0,  0> +
        ( 0.0000044, 0.0000037)|   3, 1, 0;0,  0;0,  0> +
        (-0.0000057,-0.0000000)|   1, 3, 0;0,  0;0,  0> +
        ( 0.0000000,-0.0000038)|   0, 3, 1;0,  0;0,  0> +
        (-0.0000037,-0.0000000)|   1, 1, 2;0,  0;0,  0> +
        ( 0.0000000,-0.0000034)|   1, 2, 1;0,  0;0,  0> +
        ( 0.0000018, 0.0000000)|   1, 1, 0;1,  0;0,  0> +
        (-0.0000018,-0.0000000)|   1, 1, 0;0,  0;1,  0> +
        ( 0.0000018,-0.0000000)|   4, 2, 0;0,  0;0,  0> +
        ( 0.0000016, 0.0000000)|   4, 0, 2;0,  0;0,  0> +
         ...
 |12> = (-0.0489660,-0.7676368)|   2, 0, 1;0,  0;0,  0> +
        ( 0.6368845,-0.0494766)|   2, 1, 0;0,  0;0,  0> +
        ( 0.0111225,-0.0000507)|   5, 0, 0;0,  0;0,  0> +
        ( 0.0079436, 0.0000691)|   1, 1, 0;0,  0;0,  0> +
        ( 0.0000687,-0.0069817)|   1, 0, 1;0,  0;0,  0> +
        (-0.0000426,-0.0036209)|   0, 1, 1;0,  0;0,  0> +
        (-0.0026875,-0.0000487)|   0, 3, 0;0,  0;0,  0> +
        ( 0.0020731, 0.0000668)|   0, 1, 2;0,  0;0,  0> +
        ( 0.0000705,-0.0015852)|   2, 0, 2;0,  0;0,  0> +
        ( 0.0000094, 0.0015852)|   2, 2, 0;0,  0;0,  0> +
        ( 0.0010478,-0.0000332)|   3, 2, 0;0,  0;0,  0> +
        ( 0.0008625,-0.0000443)|   3, 0, 2;0,  0;0,  0> +
        (-0.0000087,-0.0005952)|   0, 2, 3;0,  0;0,  0> +
        (-0.0005605, 0.0000063)|   0, 3, 2;0,  0;0,  0> +
        (-0.0005315,-0.0000000)|   0, 2, 2;0,  0;0,  0> +
        (-0.0000004,-0.0003570)|   0, 3, 3;0,  0;0,  0> +
        ( 0.0002837,-0.0000001)|   1, 2, 2;0,  0;0,  0> +
        ( 0.0002599,-0.0000158)|   2, 2, 2;0,  0;0,  0> +
        (-0.0000538,-0.0000993)|   0, 2, 1;0,  0;0,  0> +
        ( 0.0000004,-0.0000620)|   1, 0, 3;0,  0;0,  0> +
        (-0.0000553, 0.0000001)|   1, 3, 0;0,  0;0,  0> +
        (-0.0000032,-0.0000505)|   2, 0, 1;0,  0;1,  0> +
        ( 0.0000032, 0.0000505)|   2, 0, 1;1,  0;0,  0> +
        ( 0.0000419,-0.0000033)|   2, 1, 0;0,  0;1,  0> +
        (-0.0000419, 0.0000033)|   2, 1, 0;1,  0;0,  0> +
        ( 0.0000002,-0.0000409)|   0, 3, 1;0,  0;0,  0> +
        (-0.0000362,-0.0000004)|   1, 1, 2;0,  0;0,  0> +
        ( 0.0000007,-0.0000351)|   1, 2, 1;0,  0;0,  0> +
        (-0.0000234, 0.0000000)|   4, 0, 0;0,  0;0,  0> +
        ( 0.0000211,-0.0000058)|   0, 0, 3;0,  0;0,  0> +
        ( 0.0000165,-0.0000000)|   4, 0, 2;0,  0;0,  0> +
        ( 0.0000163, 0.0000000)|   4, 2, 0;0,  0;0,  0> +
        ( 0.0000162,-0.0000016)|   3, 1, 0;0,  0;0,  0> +
        ( 0.0000161,-0.0000003)|   0, 0, 2;0,  0;0,  0> +
        (-0.0000161, 0.0000003)|   0, 2, 0;0,  0;0,  0> +
        (-0.0000015, 0.0000138)|   3, 0, 1;0,  0;0,  0> +
        ( 0.0000000, 0.0000049)|   0, 0, 1;0,  0;0,  0> +
        ( 0.0000047, 0.0000006)|   4, 1, 0;0,  0;0,  0> +
        ( 0.0000043, 0.0000002)|   1, 2, 0;0,  0;0,  0> +
        (-0.0000042,-0.0000002)|   1, 0, 2;0,  0;0,  0> +
        ( 0.0000000,-0.0000034)|   0, 1, 3;0,  0;0,  0> +
        ( 0.0000006, 0.0000028)|   4, 0, 1;0,  0;0,  0> +
        (-0.0000000,-0.0000024)|   6, 0, 1;0,  0;0,  0> +
        ( 0.0000013,-0.0000000)|   0, 1, 0;0,  0;0,  0> +
        ( 0.0000011,-0.0000000)|   6, 1, 0;0,  0;0,  0> +
         ...
 |13> = (-0.9993417,-0.0140781)|   7, 0, 0;0,  0;0,  0> +
        (-0.0168907,-0.0107113)|   4, 1, 0;0,  0;0,  0> +
        (-0.0107128, 0.0167313)|   4, 0, 1;0,  0;0,  0> +
        (-0.0150847,-0.0000910)|   6, 0, 0;0,  0;0,  0> +
        ( 0.0044350,-0.0001598)|   4, 2, 0;0,  0;0,  0> +
        (-0.0000896,-0.0035706)|   2, 0, 3;0,  0;0,  0> +
        ( 0.0000337, 0.0035551)|   2, 1, 1;0,  0;0,  0> +
        (-0.0026148, 0.0001631)|   4, 0, 2;0,  0;0,  0> +
        (-0.0025716, 0.0000091)|   2, 3, 0;0,  0;0,  0> +
        (-0.0024698,-0.0000000)|   2, 2, 2;0,  0;0,  0> +
        (-0.0002116,-0.0021487)|   1, 0, 3;0,  0;0,  0> +
        (-0.0000207, 0.0020129)|   2, 1, 3;0,  0;0,  0> +
        ( 0.0000030,-0.0018486)|   2, 3, 1;0,  0;0,  0> +
        ( 0.0017204,-0.0001797)|   1, 1, 2;0,  0;0,  0> +
        (-0.0004177, 0.0013655)|   0, 1, 3;0,  0;0,  0> +
        (-0.0012490,-0.0001967)|   1, 3, 0;0,  0;0,  0> +
        (-0.0001543, 0.0012185)|   1, 2, 1;0,  0;0,  0> +
        (-0.0000025,-0.0011782)|   3, 3, 3;0,  0;0,  0> +
        (-0.0000081, 0.0010725)|   0, 2, 3;0,  0;0,  0> +
        ( 0.0009841,-0.0001101)|   2, 1, 2;0,  0;0,  0> +
        ( 0.0009308,-0.0000000)|   3, 2, 2;0,  0;0,  0> +
        ( 0.0000586,-0.0009191)|   2, 2, 1;0,  0;0,  0> +
        ( 0.0000603, 0.0008922)|   0, 3, 1;0,  0;0,  0> +
        (-0.0007396,-0.0000081)|   0, 3, 2;0,  0;0,  0> +
        (-0.0000071,-0.0004836)|   1, 1, 3;0,  0;0,  0> +
        ( 0.0000015, 0.0004746)|   1, 2, 3;0,  0;0,  0> +
        (-0.0000124,-0.0004337)|   1, 1, 1;0,  0;0,  0> +
        (-0.0003938,-0.0000193)|   5, 1, 0;0,  0;0,  0> +
        (-0.0003796, 0.0000296)|   0, 3, 0;0,  0;0,  0> +
        ( 0.0000243, 0.0003654)|   0, 2, 1;0,  0;0,  0> +
        (-0.0003650, 0.0000026)|   5, 0, 2;0,  0;0,  0> +
        ( 0.0000061,-0.0002943)|   2, 2, 3;0,  0;0,  0> +
        ( 0.0000319, 0.0002864)|   0, 0, 3;0,  0;0,  0> +
        (-0.0001945,-0.0001575)|   3, 0, 1;0,  0;0,  0> +
        ( 0.0001520,-0.0001953)|   3, 1, 0;0,  0;0,  0> +
        ( 0.0000284, 0.0002441)|   5, 0, 1;0,  0;0,  0> +
        ( 0.0002336, 0.0000076)|   2, 3, 2;0,  0;0,  0> +
        (-0.0002041, 0.0000282)|   0, 1, 2;0,  0;0,  0> +
        (-0.0001664,-0.0000001)|   4, 2, 2;0,  0;0,  0> +
        ( 0.0001558,-0.0000003)|   5, 2, 0;0,  0;0,  0> +
        ( 0.0000000, 0.0001270)|   0, 3, 3;0,  0;0,  0> +
        ( 0.0001178, 0.0000015)|   1, 3, 2;0,  0;0,  0> +
        (-0.0000658,-0.0000009)|   7, 0, 0;0,  0;1,  0> +
        ( 0.0000658, 0.0000009)|   7, 0, 0;1,  0;0,  0> +
        ( 0.0000001, 0.0000517)|   1, 3, 3;0,  0;0,  0> +
        ( 0.0000001, 0.0000283)|   4, 3, 3;0,  0;0,  0> +
        ( 0.0000278,-0.0000000)|   3, 0, 2;0,  0;0,  0> +
        (-0.0000202, 0.0000177)|   1, 3, 1;0,  0;0,  0> +
        (-0.0000221, 0.0000000)|   1, 2, 2;0,  0;0,  0> +
        ( 0.0000005, 0.0000221)|   2, 3, 3;0,  0;0,  0> +
        (-0.0000218,-0.0000002)|   3, 3, 0;0,  0;0,  0> +
        ( 0.0000001,-0.0000215)|   3, 0, 3;0,  0;0,  0> +
        (-0.0000187,-0.0000019)|   8, 0, 0;0,  0;0,  0> +
        (-0.0000000,-0.0000147)|   3, 2, 1;0,  0;0,  0> +
        (-0.0000001, 0.0000145)|   4, 1, 1;0,  0;0,  0> +
        (-0.0000120,-0.0000002)|   3, 1, 2;0,  0;0,  0> +
        (-0.0000102, 0.0000000)|   3, 2, 0;0,  0;0,  0> +
        (-0.0000087, 0.0000002)|   6, 1, 0;0,  0;0,  0> +
        ( 0.0000001, 0.0000082)|   6, 0, 1;0,  0;0,  0> +
        ( 0.0000001, 0.0000074)|   3, 1, 1;0,  0;0,  0> +
        (-0.0000000,-0.0000056)|   0, 1, 1;0,  0;0,  0> +
        (-0.0000052, 0.0000000)|   3, 3, 2;0,  0;0,  0> +
        (-0.0000000,-0.0000048)|   3, 2, 3;0,  0;0,  0> +
        ( 0.0000041,-0.0000003)|   9, 0, 0;0,  0;0,  0> +
        (-0.0000035,-0.0000001)|  10, 0, 0;0,  0;0,  0> +
        ( 0.0000020, 0.0000000)|   1, 1, 0;0,  0;0,  0> +
        (-0.0000017,-0.0000000)|   3, 0, 0;0,  0;0,  0> +
        ( 0.0000000, 0.0000016)|   2, 2, 0;0,  0;0,  0> +
        (-0.0000000,-0.0000016)|   2, 0, 2;0,  0;0,  0> +
        ( 0.0000011, 0.0000007)|   4, 1, 0;1,  0;0,  0> +
        (-0.0000011,-0.0000007)|   4, 1, 0;0,  0;1,  0> +
        ( 0.0000007,-0.0000011)|   4, 0, 1;1,  0;0,  0> +
        (-0.0000007, 0.0000011)|   4, 0, 1;0,  0;1,  0> +
        (-0.0000011, 0.0000000)|   0, 1, 0;0,  0;0,  0> +
         ...
 |14> = ( 0.4541557,-0.5558833)|   3, 1, 0;0,  0;0,  0> +
        (-0.5532873,-0.4215535)|   3, 0, 1;0,  0;0,  0> +
        ( 0.0222574,-0.0000579)|   6, 0, 0;0,  0;0,  0> +
        (-0.0122631, 0.0002673)|   4, 1, 0;0,  0;0,  0> +
        (-0.0002362,-0.0122010)|   4, 0, 1;0,  0;0,  0> +
        ( 0.0003693, 0.0071671)|   1, 1, 1;0,  0;0,  0> +
        ( 0.0044407, 0.0000046)|   3, 0, 2;0,  0;0,  0> +
        (-0.0040778,-0.0000043)|   3, 2, 0;0,  0;0,  0> +
        (-0.0022742,-0.0000050)|   0, 1, 2;0,  0;0,  0> +
        ( 0.0017731, 0.0000141)|   4, 2, 2;0,  0;0,  0> +
        (-0.0004754, 0.0014343)|   0, 1, 3;0,  0;0,  0> +
        (-0.0000014, 0.0011121)|   1, 1, 3;0,  0;0,  0> +
        (-0.0010997, 0.0000042)|   3, 2, 2;0,  0;0,  0> +
        (-0.0000351,-0.0010530)|   1, 2, 1;0,  0;0,  0> +
        ( 0.0000450, 0.0008850)|   1, 0, 3;0,  0;0,  0> +
        ( 0.0000450, 0.0008061)|   0, 0, 3;0,  0;0,  0> +
        ( 0.0007204, 0.0000676)|   0, 3, 0;0,  0;0,  0> +
        ( 0.0006346,-0.0000686)|   4, 2, 0;0,  0;0,  0> +
        ( 0.0006185, 0.0000574)|   4, 0, 2;0,  0;0,  0> +
        ( 0.0005359,-0.0000001)|   2, 2, 2;0,  0;0,  0> +
        ( 0.0000341,-0.0004509)|   0, 2, 1;0,  0;0,  0> +
        ( 0.0004503,-0.0000303)|   1, 3, 2;0,  0;0,  0> +
        (-0.0004187,-0.0000658)|   1, 1, 2;0,  0;0,  0> +
        ( 0.0000081,-0.0004234)|   1, 3, 3;0,  0;0,  0> +
        (-0.0000143, 0.0003558)|   1, 2, 3;0,  0;0,  0> +
        (-0.0002969, 0.0000803)|   1, 3, 0;0,  0;0,  0> +
        (-0.0002637,-0.0000015)|   2, 3, 2;0,  0;0,  0> +
        ( 0.0000000,-0.0002518)|   2, 2, 3;0,  0;0,  0> +
        (-0.0002517,-0.0000002)|   5, 0, 0;0,  0;0,  0> +
        (-0.0002073,-0.0000001)|   1, 2, 2;0,  0;0,  0> +
        ( 0.0002025,-0.0000251)|   2, 3, 0;0,  0;0,  0> +
        (-0.0000253, 0.0001806)|   2, 0, 3;0,  0;0,  0> +
        (-0.0000016, 0.0001554)|   2, 2, 1;0,  0;0,  0> +
        (-0.0000081, 0.0001306)|   0, 2, 3;0,  0;0,  0> +
        (-0.0001182,-0.0000080)|   0, 3, 2;0,  0;0,  0> +
        (-0.0000000,-0.0001053)|   0, 3, 3;0,  0;0,  0> +
        ( 0.0000159, 0.0000940)|   2, 3, 3;0,  0;0,  0> +
        ( 0.0000860, 0.0000014)|   2, 1, 2;0,  0;0,  0> +
        ( 0.0000671,-0.0000097)|   0, 3, 1;0,  0;0,  0> +
        ( 0.0000299,-0.0000366)|   3, 1, 0;0,  0;1,  0> +
        (-0.0000299, 0.0000366)|   3, 1, 0;1,  0;0,  0> +
        (-0.0000364,-0.0000277)|   3, 0, 1;0,  0;1,  0> +
        ( 0.0000364, 0.0000277)|   3, 0, 1;1,  0;0,  0> +
        (-0.0000003,-0.0000344)|   2, 1, 1;0,  0;0,  0> +
        ( 0.0000002, 0.0000229)|   2, 0, 2;0,  0;0,  0> +
        (-0.0000002,-0.0000229)|   2, 2, 0;0,  0;0,  0> +
        (-0.0000002, 0.0000134)|   1, 3, 1;0,  0;0,  0> +
        ( 0.0000117, 0.0000003)|   7, 0, 0;0,  0;0,  0> +
        ( 0.0000000, 0.0000086)|   0, 1, 1;0,  0;0,  0> +
        ( 0.0000085,-0.0000005)|   2, 1, 0;0,  0;0,  0> +
        ( 0.0000046, 0.0000008)|   5, 1, 0;0,  0;0,  0> +
        ( 0.0000024, 0.0000000)|   1, 1, 0;0,  0;0,  0> +
        (-0.0000007, 0.0000019)|   5, 0, 1;0,  0;0,  0> +
        ( 0.0000017,-0.0000002)|   8, 1, 0;0,  0;0,  0> +
        (-0.0000001, 0.0000017)|   2, 3, 1;0,  0;0,  0> +
        (-0.0000004,-0.0000015)|   2, 0, 1;0,  0;0,  0> +
        ( 0.0000000, 0.0000015)|   0, 0, 1;0,  0;0,  0> +
        ( 0.0000015,-0.0000000)|   6, 0, 0;0,  0;1,  0> +
        (-0.0000015, 0.0000000)|   6, 0, 0;1,  0;0,  0> +
        ( 0.0000014,-0.0000000)|   3, 0, 0;0,  0;0,  0> +
        ( 0.0000000,-0.0000014)|   1, 0, 1;0,  0;0,  0> +
         ...
 |15> = ( 0.0122332, 0.7179743)|   3, 0, 1;0,  0;0,  0> +
        ( 0.6957453, 0.0117483)|   3, 1, 0;0,  0;0,  0> +
        (-0.0114819, 0.0000023)|   5, 0, 0;0,  0;0,  0> +
        ( 0.0029179,-0.0000045)|   3, 2, 0;0,  0;0,  0> +
        ( 0.0026774,-0.0000000)|   3, 0, 2;0,  0;0,  0> +
        ( 0.0000164, 0.0019411)|   2, 2, 0;0,  0;0,  0> +
        (-0.0000164,-0.0019411)|   2, 0, 2;0,  0;0,  0> +
        (-0.0015769, 0.0000833)|   0, 3, 0;0,  0;0,  0> +
        ( 0.0015220,-0.0000021)|   4, 0, 2;0,  0;0,  0> +
        ( 0.0014088, 0.0000027)|   4, 2, 0;0,  0;0,  0> +
        (-0.0012385, 0.0000594)|   0, 1, 2;0,  0;0,  0> +
        ( 0.0009062, 0.0000038)|   3, 2, 2;0,  0;0,  0> +
        ( 0.0007360, 0.0000009)|   1, 3, 0;0,  0;0,  0> +
        ( 0.0000019, 0.0007011)|   1, 0, 3;0,  0;0,  0> +
        (-0.0000017, 0.0006009)|   0, 3, 1;0,  0;0,  0> +
        (-0.0005633,-0.0000007)|   0, 3, 2;0,  0;0,  0> +
        (-0.0005229,-0.0000000)|   2, 2, 2;0,  0;0,  0> +
        ( 0.0000927, 0.0004924)|   0, 0, 3;0,  0;0,  0> +
        (-0.0004569, 0.0000015)|   6, 0, 0;0,  0;0,  0> +
        ( 0.0004157, 0.0000019)|   1, 1, 2;0,  0;0,  0> +
        (-0.0000024, 0.0004126)|   1, 2, 1;0,  0;0,  0> +
        ( 0.0004037, 0.0000000)|   1, 2, 2;0,  0;0,  0> +
        (-0.0000007,-0.0003394)|   0, 2, 3;0,  0;0,  0> +
        ( 0.0002646,-0.0000048)|   4, 1, 0;0,  0;0,  0> +
        ( 0.0000060, 0.0002607)|   4, 0, 1;0,  0;0,  0> +
        (-0.0000090,-0.0001845)|   1, 1, 1;0,  0;0,  0> +
        (-0.0000000, 0.0001681)|   0, 3, 3;0,  0;0,  0> +
        (-0.0000042,-0.0000704)|   2, 0, 1;0,  0;0,  0> +
        ( 0.0000591,-0.0000041)|   2, 1, 0;0,  0;0,  0> +
        (-0.0000009,-0.0000585)|   0, 1, 1;0,  0;0,  0> +
        ( 0.0000102, 0.0000565)|   0, 1, 3;0,  0;0,  0> +
        ( 0.0000433, 0.0000298)|   0, 2, 1;0,  0;0,  0> +
        (-0.0000008,-0.0000472)|   3, 0, 1;1,  0;0,  0> +
        ( 0.0000008, 0.0000472)|   3, 0, 1;0,  0;1,  0> +
        (-0.0000458,-0.0000008)|   3, 1, 0;1,  0;0,  0> +
        ( 0.0000458, 0.0000008)|   3, 1, 0;0,  0;1,  0> +
        ( 0.0000417, 0.0000005)|   2, 3, 0;0,  0;0,  0> +
        (-0.0000385,-0.0000003)|   4, 2, 2;0,  0;0,  0> +
        ( 0.0000006, 0.0000349)|   2, 0, 3;0,  0;0,  0> +
        ( 0.0000000,-0.0000247)|   1, 1, 3;0,  0;0,  0> +
        ( 0.0000228, 0.0000001)|   1, 1, 0;0,  0;0,  0> +
        ( 0.0000226,-0.0000001)|   2, 1, 2;0,  0;0,  0> +
        ( 0.0000001,-0.0000225)|   1, 0, 1;0,  0;0,  0> +
        (-0.0000199, 0.0000000)|   0, 2, 2;0,  0;0,  0> +
        ( 0.0000000, 0.0000197)|   2, 2, 1;0,  0;0,  0> +
        (-0.0000114, 0.0000007)|   1, 3, 2;0,  0;0,  0> +
        (-0.0000002, 0.0000097)|   1, 3, 3;0,  0;0,  0> +
        ( 0.0000003,-0.0000090)|   1, 2, 3;0,  0;0,  0> +
        (-0.0000000, 0.0000056)|   2, 2, 3;0,  0;0,  0> +
        ( 0.0000056, 0.0000000)|   2, 3, 2;0,  0;0,  0> +
        (-0.0000000,-0.0000035)|   6, 0, 1;0,  0;0,  0> +
        ( 0.0000033,-0.0000001)|   6, 1, 0;0,  0;0,  0> +
        (-0.0000003,-0.0000020)|   2, 3, 3;0,  0;0,  0> +
        (-0.0000019,-0.0000001)|  10, 0, 0;0,  0;0,  0> +
        (-0.0000018,-0.0000000)|   0, 1, 0;0,  0;0,  0> +
        ( 0.0000016, 0.0000004)|   5, 1, 0;0,  0;0,  0> +
        (-0.0000000, 0.0000014)|   0, 0, 1;0,  0;0,  0> +
        (-0.0000012, 0.0000001)|   7, 1, 0;0,  0;0,  0> +
        (-0.0000003, 0.0000010)|   5, 0, 1;0,  0;0,  0> +
         ...
 |16> = (-0.9950551,-0.0979938)|   8, 0, 0;0,  0;0,  0> +
        ( 0.0005531,-0.0126632)|   5, 0, 1;0,  0;0,  0> +
        (-0.0000407,-0.0045853)|   2, 1, 1;0,  0;0,  0> +
        ( 0.0037576,-0.0010729)|   5, 1, 0;0,  0;0,  0> +
        ( 0.0015567,-0.0033779)|   1, 2, 1;0,  0;0,  0> +
        ( 0.0010893,-0.0031529)|   0, 1, 3;0,  0;0,  0> +
        ( 0.0011543, 0.0020876)|   1, 3, 0;0,  0;0,  0> +
        ( 0.0000383, 0.0020215)|   3, 1, 1;0,  0;0,  0> +
        (-0.0000572, 0.0018010)|   2, 3, 1;0,  0;0,  0> +
        (-0.0000581, 0.0014973)|   2, 1, 3;0,  0;0,  0> +
        ( 0.0013300, 0.0001098)|   1, 0, 3;0,  0;0,  0> +
        ( 0.0000411, 0.0013306)|   2, 2, 1;0,  0;0,  0> +
        ( 0.0000394, 0.0013298)|   3, 0, 3;0,  0;0,  0> +
        ( 0.0013259,-0.0000071)|   5, 0, 2;0,  0;0,  0> +
        (-0.0012754, 0.0000623)|   2, 3, 0;0,  0;0,  0> +
        ( 0.0012472, 0.0002411)|   1, 1, 2;0,  0;0,  0> +
        ( 0.0000241,-0.0012121)|   6, 0, 1;0,  0;0,  0> +
        (-0.0012121,-0.0000105)|   6, 1, 0;0,  0;0,  0> +
        (-0.0010953,-0.0000089)|   2, 1, 2;0,  0;0,  0> +
        (-0.0000064, 0.0010632)|   0, 2, 3;0,  0;0,  0> +
        (-0.0000051, 0.0010421)|   4, 1, 1;0,  0;0,  0> +
        (-0.0010245, 0.0000000)|   4, 2, 2;0,  0;0,  0> +
        ( 0.0009634,-0.0000000)|   3, 2, 2;0,  0;0,  0> +
        ( 0.0008264,-0.0001027)|   6, 2, 0;0,  0;0,  0> +
        (-0.0000008,-0.0008303)|   5, 1, 1;0,  0;0,  0> +
        (-0.0008229, 0.0000352)|   4, 0, 2;0,  0;0,  0> +
        ( 0.0008122,-0.0000348)|   4, 2, 0;0,  0;0,  0> +
        (-0.0001575, 0.0004528)|   0, 3, 1;0,  0;0,  0> +
        ( 0.0000337,-0.0004650)|   2, 0, 3;0,  0;0,  0> +
        ( 0.0004423, 0.0000412)|   3, 3, 0;0,  0;0,  0> +
        (-0.0000003,-0.0004256)|   2, 3, 3;0,  0;0,  0> +
        (-0.0001075, 0.0004039)|   6, 0, 2;0,  0;0,  0> +
        (-0.0004018, 0.0000024)|   1, 3, 2;0,  0;0,  0> +
        (-0.0000001, 0.0003733)|   3, 3, 3;0,  0;0,  0> +
        (-0.0003557,-0.0000063)|   0, 3, 2;0,  0;0,  0> +
        ( 0.0001018, 0.0003341)|   5, 3, 3;0,  0;0,  0> +
        ( 0.0003390,-0.0000798)|   3, 1, 2;0,  0;0,  0> +
        (-0.0000214, 0.0002835)|   3, 2, 1;0,  0;0,  0> +
        (-0.0000009,-0.0002757)|   4, 0, 3;0,  0;0,  0> +
        ( 0.0000002, 0.0002689)|   4, 3, 3;0,  0;0,  0> +
        (-0.0000170, 0.0002516)|   3, 2, 3;0,  0;0,  0> +
        ( 0.0002423,-0.0000169)|   3, 3, 2;0,  0;0,  0> +
        ( 0.0002294, 0.0000046)|   5, 2, 0;0,  0;0,  0> +
        ( 0.0002179, 0.0000027)|   2, 3, 2;0,  0;0,  0> +
        (-0.0000970, 0.0001553)|   1, 3, 1;0,  0;0,  0> +
        (-0.0001601,-0.0000012)|   4, 3, 0;0,  0;0,  0> +
        ( 0.0001296, 0.0000009)|   4, 1, 2;0,  0;0,  0> +
        ( 0.0000032, 0.0001176)|   2, 2, 3;0,  0;0,  0> +
        ( 0.0000020,-0.0001109)|   1, 1, 3;0,  0;0,  0> +
        (-0.0001074, 0.0000017)|   7, 0, 2;0,  0;0,  0> +
        (-0.0000043,-0.0000728)|   0, 2, 1;0,  0;0,  0> +
        (-0.0000000, 0.0000725)|   1, 3, 3;0,  0;0,  0> +
        ( 0.0000655, 0.0000064)|   8, 0, 0;1,  0;0,  0> +
        (-0.0000655,-0.0000064)|   8, 0, 0;0,  0;1,  0> +
        ( 0.0000023, 0.0000561)|   1, 2, 3;0,  0;0,  0> +
        (-0.0000001,-0.0000502)|   4, 2, 1;0,  0;0,  0> +
        ( 0.0000441,-0.0000035)|   9, 0, 0;0,  0;0,  0> +
        ( 0.0000417,-0.0000020)|   7, 1, 0;0,  0;0,  0> +
        ( 0.0000374,-0.0000037)|   6, 3, 3;0,  0;0,  0> +
        ( 0.0000364,-0.0000038)|   0, 1, 2;0,  0;0,  0> +
        ( 0.0000343,-0.0000037)|   0, 3, 0;0,  0;0,  0> +
        (-0.0000229,-0.0000152)|   4, 1, 0;0,  0;0,  0> +
        (-0.0000271, 0.0000017)|   7, 2, 0;0,  0;0,  0> +
        (-0.0000144, 0.0000225)|   4, 0, 1;0,  0;0,  0> +
        ( 0.0000260, 0.0000010)|   8, 0, 2;0,  0;0,  0> +
        (-0.0000219,-0.0000098)|   4, 3, 2;0,  0;0,  0> +
        (-0.0000000,-0.0000174)|   0, 3, 3;0,  0;0,  0> +
        ( 0.0000169, 0.0000000)|   8, 2, 0;0,  0;0,  0> +
        ( 0.0000149, 0.0000004)|  10, 0, 0;0,  0;0,  0> +
        ( 0.0000093,-0.0000111)|   4, 2, 3;0,  0;0,  0> +
        (-0.0000033,-0.0000133)|   0, 0, 3;0,  0;0,  0> +
        ( 0.0000110,-0.0000005)|   5, 2, 2;0,  0;0,  0> +
        (-0.0000004,-0.0000099)|   8, 0, 1;0,  0;0,  0> +
        (-0.0000078,-0.0000031)|   7, 0, 1;0,  0;0,  0> +
        ( 0.0000007, 0.0000065)|   4, 1, 3;0,  0;0,  0> +
        (-0.0000055,-0.0000000)|   6, 2, 2;0,  0;0,  0> +
        ( 0.0000050, 0.0000002)|   6, 0, 0;0,  0;0,  0> +
        (-0.0000030,-0.0000029)|   3, 0, 1;0,  0;0,  0> +
        ( 0.0000021,-0.0000031)|   3, 1, 0;0,  0;0,  0> +
        ( 0.0000036, 0.0000000)|   5, 3, 2;0,  0;0,  0> +
        ( 0.0000035, 0.0000002)|  11, 0, 0;0,  0;0,  0> +
        (-0.0000027, 0.0000000)|   7, 2, 2;0,  0;0,  0> +
        (-0.0000026,-0.0000007)|   8, 1, 0;0,  0;0,  0> +
        (-0.0000023, 0.0000003)|   5, 3, 0;0,  0;0,  0> +
        ( 0.0000001, 0.0000023)|   5, 2, 3;0,  0;0,  0> +
        (-0.0000023,-0.0000003)|  12, 0, 0;0,  0;0,  0> +
        (-0.0000001, 0.0000018)|   1, 1, 1;0,  0;0,  0> +
        (-0.0000014, 0.0000000)|   5, 0, 0;0,  0;0,  0> +
        ( 0.0000000,-0.0000014)|   6, 2, 3;0,  0;0,  0> +
        ( 0.0000010,-0.0000007)|   4, 3, 1;0,  0;0,  0> +
        (-0.0000001,-0.0000011)|   3, 3, 1;0,  0;0,  0> +
        (-0.0000000,-0.0000011)|   5, 1, 3;0,  0;0,  0> +
        (-0.0000011,-0.0000000)|   6, 3, 2;0,  0;0,  0> +
        (-0.0000000,-0.0000011)|   6, 1, 1;0,  0;0,  0> +
         ...
 |17> = ( 0.9965152,-0.0815177)|   9, 0, 0;0,  0;0,  0> +
        ( 0.0113836,-0.0001411)|   6, 1, 0;0,  0;0,  0> +
        (-0.0001677,-0.0088117)|   3, 1, 1;0,  0;0,  0> +
        ( 0.0042672,-0.0000625)|   5, 0, 2;0,  0;0,  0> +
        ( 0.0000150, 0.0038374)|   6, 1, 1;0,  0;0,  0> +
        (-0.0033884,-0.0000418)|   7, 1, 0;0,  0;0,  0> +
        (-0.0000739,-0.0029176)|   6, 0, 1;0,  0;0,  0> +
        ( 0.0002620,-0.0025409)|   2, 2, 1;0,  0;0,  0> +
        (-0.0004384, 0.0023892)|   2, 0, 3;0,  0;0,  0> +
        ( 0.0022516, 0.0000213)|   5, 2, 0;0,  0;0,  0> +
        (-0.0020466, 0.0000360)|   7, 0, 2;0,  0;0,  0> +
        (-0.0017362,-0.0004421)|   2, 3, 0;0,  0;0,  0> +
        ( 0.0000018, 0.0017126)|   5, 1, 1;0,  0;0,  0> +
        ( 0.0000489,-0.0015675)|   2, 1, 3;0,  0;0,  0> +
        ( 0.0014132, 0.0002693)|   2, 1, 2;0,  0;0,  0> +
        ( 0.0012092,-0.0006355)|   7, 0, 1;0,  0;0,  0> +
        (-0.0013449, 0.0000124)|   5, 3, 2;0,  0;0,  0> +
        ( 0.0013315, 0.0000398)|   6, 2, 0;0,  0;0,  0> +
        (-0.0000016,-0.0012777)|   3, 0, 3;0,  0;0,  0> +
        ( 0.0000617,-0.0012639)|   9, 0, 1;0,  0;0,  0> +
        (-0.0000123,-0.0012314)|   5, 2, 3;0,  0;0,  0> +
        (-0.0002024, 0.0012064)|   5, 0, 1;0,  0;0,  0> +
        (-0.0000068, 0.0010988)|   4, 2, 1;0,  0;0,  0> +
        (-0.0006822, 0.0008600)|   1, 3, 1;0,  0;0,  0> +
        (-0.0010810,-0.0000051)|   1, 1, 2;0,  0;0,  0> +
        ( 0.0009931, 0.0000363)|   8, 2, 0;0,  0;0,  0> +
        (-0.0004413, 0.0008328)|   1, 2, 1;0,  0;0,  0> +
        (-0.0008804, 0.0001335)|   3, 1, 2;0,  0;0,  0> +
        ( 0.0008251, 0.0002530)|   5, 1, 0;0,  0;0,  0> +
        ( 0.0000338,-0.0007346)|  10, 0, 1;0,  0;0,  0> +
        (-0.0001587,-0.0006331)|   1, 3, 0;0,  0;0,  0> +
        ( 0.0005561, 0.0000031)|  10, 1, 0;0,  0;0,  0> +
        (-0.0000279, 0.0005550)|   5, 0, 3;0,  0;0,  0> +
        ( 0.0005336,-0.0000365)|   9, 1, 0;0,  0;0,  0> +
        (-0.0003821, 0.0003019)|   1, 0, 3;0,  0;0,  0> +
        (-0.0004279,-0.0000097)|   6, 2, 2;0,  0;0,  0> +
        ( 0.0004234,-0.0000020)|   5, 2, 2;0,  0;0,  0> +
        ( 0.0003958, 0.0000909)|   6, 0, 2;0,  0;0,  0> +
        (-0.0000090, 0.0003944)|   4, 0, 3;0,  0;0,  0> +
        (-0.0003856, 0.0000772)|   5, 3, 0;0,  0;0,  0> +
        (-0.0000001, 0.0003774)|   2, 3, 3;0,  0;0,  0> +
        (-0.0003625,-0.0000027)|   9, 0, 2;0,  0;0,  0> +
        ( 0.0003499,-0.0000925)|   5, 1, 2;0,  0;0,  0> +
        (-0.0000132, 0.0003579)|   2, 2, 3;0,  0;0,  0> +
        (-0.0000022, 0.0003472)|   3, 1, 3;0,  0;0,  0> +
        ( 0.0000053, 0.0003410)|   4, 1, 1;0,  0;0,  0> +
        (-0.0003395, 0.0000026)|   9, 2, 0;0,  0;0,  0> +
        (-0.0003204,-0.0000358)|   8, 0, 2;0,  0;0,  0> +
        ( 0.0002673,-0.0000006)|   4, 3, 0;0,  0;0,  0> +
        (-0.0000000, 0.0002572)|   3, 3, 3;0,  0;0,  0> +
        ( 0.0000079,-0.0002236)|   3, 3, 1;0,  0;0,  0> +
        (-0.0002210,-0.0000019)|   7, 2, 0;0,  0;0,  0> +
        ( 0.0000417,-0.0002156)|   2, 3, 1;0,  0;0,  0> +
        ( 0.0000056, 0.0002176)|   4, 1, 3;0,  0;0,  0> +
        ( 0.0001915,-0.0000023)|   4, 3, 2;0,  0;0,  0> +
        (-0.0001859, 0.0000001)|   4, 2, 2;0,  0;0,  0> +
        (-0.0001804, 0.0000154)|   6, 3, 0;0,  0;0,  0> +
        ( 0.0001795,-0.0000204)|   6, 3, 3;0,  0;0,  0> +
        ( 0.0001788,-0.0000182)|   4, 1, 2;0,  0;0,  0> +
        ( 0.0001771, 0.0000049)|  10, 0, 0;0,  0;0,  0> +
        ( 0.0000976, 0.0001272)|   3, 2, 1;0,  0;0,  0> +
        ( 0.0000108,-0.0001240)|   7, 1, 1;0,  0;0,  0> +
        ( 0.0000000, 0.0001166)|   1, 3, 3;0,  0;0,  0> +
        (-0.0000002,-0.0001161)|   8, 0, 1;0,  0;0,  0> +
        ( 0.0000076,-0.0001102)|   1, 1, 3;0,  0;0,  0> +
        (-0.0000037, 0.0001026)|   5, 2, 1;0,  0;0,  0> +
        (-0.0000818, 0.0000393)|   8, 3, 3;0,  0;0,  0> +
        ( 0.0000824, 0.0000001)|   3, 3, 2;0,  0;0,  0> +
        ( 0.0000797,-0.0000005)|   1, 3, 2;0,  0;0,  0> +
        ( 0.0000000,-0.0000792)|   0, 3, 3;0,  0;0,  0> +
        (-0.0000737,-0.0000026)|   8, 1, 0;0,  0;0,  0> +
        (-0.0000656, 0.0000054)|   9, 0, 0;1,  0;0,  0> +
        ( 0.0000656,-0.0000054)|   9, 0, 0;0,  0;1,  0> +
        ( 0.0000227,-0.0000591)|  13, 0, 0;0,  0;0,  0> +
        (-0.0000523,-0.0000164)|   3, 3, 0;0,  0;0,  0> +
        ( 0.0000436,-0.0000148)|   7, 3, 3;0,  0;0,  0> +
        (-0.0000437,-0.0000128)|   2, 3, 2;0,  0;0,  0> +
        (-0.0000021,-0.0000318)|   4, 2, 3;0,  0;0,  0> +
        ( 0.0000187,-0.0000206)|   4, 3, 1;0,  0;0,  0> +
        (-0.0000003,-0.0000274)|   6, 2, 3;0,  0;0,  0> +
        (-0.0000105, 0.0000222)|   6, 0, 3;0,  0;0,  0> +
        (-0.0000022, 0.0000228)|   6, 2, 1;0,  0;0,  0> +
        (-0.0000209, 0.0000003)|   6, 3, 2;0,  0;0,  0> +
        (-0.0000057,-0.0000153)|   5, 3, 3;0,  0;0,  0> +
        (-0.0000005,-0.0000158)|   1, 2, 3;0,  0;0,  0> +
        ( 0.0000004, 0.0000147)|   3, 2, 3;0,  0;0,  0> +
        (-0.0000143,-0.0000009)|  11, 0, 0;0,  0;0,  0> +
        ( 0.0000088,-0.0000082)|   6, 1, 2;0,  0;0,  0> +
        ( 0.0000115, 0.0000017)|  12, 0, 0;0,  0;0,  0> +
        ( 0.0000108, 0.0000001)|  10, 2, 2;0,  0;0,  0> +
        (-0.0000024,-0.0000101)|   8, 1, 1;0,  0;0,  0> +
        ( 0.0000094, 0.0000001)|   9, 2, 2;0,  0;0,  0> +
        ( 0.0000026,-0.0000068)|   0, 1, 3;0,  0;0,  0> +
        (-0.0000069, 0.0000019)|   7, 1, 2;0,  0;0,  0> +
        ( 0.0000063,-0.0000003)|   7, 3, 0;0,  0;0,  0> +
        (-0.0000057,-0.0000008)|   8, 0, 0;0,  0;0,  0> +
        ( 0.0000056, 0.0000000)|   7, 2, 2;0,  0;0,  0> +
        (-0.0000049,-0.0000002)|  11, 1, 0;0,  0;0,  0> +
        ( 0.0000000, 0.0000039)|   4, 3, 3;0,  0;0,  0> +
        ( 0.0000004, 0.0000037)|   5, 3, 1;0,  0;0,  0> +
        (-0.0000000, 0.0000035)|   8, 3, 1;0,  0;0,  0> +
        ( 0.0000027,-0.0000023)|   7, 0, 3;0,  0;0,  0> +
        ( 0.0000034, 0.0000001)|   7, 3, 1;0,  0;0,  0> +
        (-0.0000033,-0.0000001)|   8, 2, 2;0,  0;0,  0> +
        (-0.0000025, 0.0000023)|  12, 2, 3;0,  0;0,  0> +
        ( 0.0000001, 0.0000032)|   6, 3, 1;0,  0;0,  0> +
        ( 0.0000024, 0.0000021)|  12, 3, 2;0,  0;0,  0> +
        ( 0.0000029,-0.0000010)|   9, 3, 3;0,  0;0,  0> +
        ( 0.0000001,-0.0000030)|  11, 0, 1;0,  0;0,  0> +
        (-0.0000000, 0.0000030)|   7, 2, 3;0,  0;0,  0> +
        ( 0.0000015,-0.0000026)|   7, 2, 1;0,  0;0,  0> +
        ( 0.0000022, 0.0000017)|  14, 0, 0;0,  0;0,  0> +
        ( 0.0000006, 0.0000022)|   8, 2, 3;0,  0;0,  0> +
        (-0.0000022,-0.0000001)|   7, 0, 0;0,  0;0,  0> +
        ( 0.0000015, 0.0000016)|  12, 2, 2;0,  0;0,  0> +
        (-0.0000021,-0.0000000)|  11, 2, 2;0,  0;0,  0> +
        (-0.0000020,-0.0000002)|   4, 2, 0;0,  0;0,  0> +
        ( 0.0000019,-0.0000005)|  10, 3, 3;0,  0;0,  0> +
        (-0.0000016,-0.0000010)|  10, 3, 2;0,  0;0,  0> +
        (-0.0000019, 0.0000001)|  11, 3, 2;0,  0;0,  0> +
        (-0.0000018, 0.0000005)|  15, 3, 3;0,  0;0,  0> +
        (-0.0000000,-0.0000018)|   8, 1, 3;0,  0;0,  0> +
        (-0.0000011, 0.0000013)|  15, 0, 0;0,  0;0,  0> +
        (-0.0000012, 0.0000011)|   8, 3, 2;0,  0;0,  0> +
        (-0.0000001, 0.0000015)|   6, 1, 3;0,  0;0,  0> +
        (-0.0000000, 0.0000015)|   2, 1, 1;0,  0;0,  0> +
        ( 0.0000014,-0.0000001)|   6, 0, 0;0,  0;0,  0> +
        ( 0.0000014, 0.0000003)|   4, 0, 2;0,  0;0,  0> +
        (-0.0000005, 0.0000012)|   0, 3, 1;0,  0;0,  0> +
        (-0.0000012, 0.0000002)|  18, 3, 3;0,  0;0,  0> +
        ( 0.0000009,-0.0000008)|   3, 1, 0;0,  0;0,  0> +
        (-0.0000009,-0.0000007)|   3, 0, 1;0,  0;0,  0> +
        (-0.0000010,-0.0000002)|  14, 2, 2;0,  0;0,  0> +
         ...
 |18> = (-0.7076152, 0.0004607)|   4, 1, 0;0,  0;0,  0> +
        (-0.0012602,-0.7063577)|   4, 0, 1;0,  0;0,  0> +
        (-0.0078220, 0.0095139)|   3, 1, 0;0,  0;0,  0> +
        ( 0.0094697, 0.0077714)|   3, 0, 1;0,  0;0,  0> +
        ( 0.0023679,-0.0000064)|   3, 0, 2;0,  0;0,  0> +
        (-0.0023614, 0.0000057)|   3, 2, 0;0,  0;0,  0> +
        ( 0.0000520, 0.0020714)|   0, 2, 1;0,  0;0,  0> +
        (-0.0018169, 0.0000303)|   0, 3, 0;0,  0;0,  0> +
        ( 0.0015841, 0.0000127)|   6, 0, 0;0,  0;0,  0> +
        ( 0.0015424, 0.0000439)|   4, 0, 2;0,  0;0,  0> +
        ( 0.0015294,-0.0000430)|   4, 2, 0;0,  0;0,  0> +
        ( 0.0000623, 0.0015014)|   1, 0, 3;0,  0;0,  0> +
        ( 0.0012538, 0.0000965)|   0, 1, 2;0,  0;0,  0> +
        (-0.0010748, 0.0000001)|   1, 2, 2;0,  0;0,  0> +
        ( 0.0000614, 0.0010282)|   1, 1, 1;0,  0;0,  0> +
        (-0.0000344,-0.0008878)|   1, 1, 3;0,  0;0,  0> +
        ( 0.0000036,-0.0006787)|   0, 2, 3;0,  0;0,  0> +
        ( 0.0005396,-0.0000035)|   1, 3, 0;0,  0;0,  0> +
        (-0.0004583,-0.0000000)|   3, 2, 2;0,  0;0,  0> +
        (-0.0000231,-0.0004434)|   1, 2, 3;0,  0;0,  0> +
        (-0.0004073,-0.0000230)|   1, 3, 2;0,  0;0,  0> +
        (-0.0000095,-0.0003373)|   2, 2, 3;0,  0;0,  0> +
        (-0.0000001, 0.0003318)|   1, 3, 3;0,  0;0,  0> +
        ( 0.0003054, 0.0000010)|   4, 2, 2;0,  0;0,  0> +
        (-0.0002809, 0.0000007)|   2, 3, 2;0,  0;0,  0> +
        ( 0.0002577,-0.0000034)|   2, 3, 0;0,  0;0,  0> +
        ( 0.0001011,-0.0002038)|   0, 1, 3;0,  0;0,  0> +
        (-0.0000147, 0.0001378)|   0, 3, 1;0,  0;0,  0> +
        (-0.0000169, 0.0001254)|   2, 0, 3;0,  0;0,  0> +
        ( 0.0000029, 0.0001221)|   2, 3, 3;0,  0;0,  0> +
        ( 0.0001217,-0.0000044)|   2, 1, 2;0,  0;0,  0> +
        ( 0.0001098, 0.0000021)|   7, 0, 0;0,  0;0,  0> +
        ( 0.0000561,-0.0000843)|   0, 0, 3;0,  0;0,  0> +
        ( 0.0000935, 0.0000035)|   0, 3, 2;0,  0;0,  0> +
        (-0.0000691,-0.0000614)|   1, 2, 1;0,  0;0,  0> +
        ( 0.0000752, 0.0000445)|   1, 1, 2;0,  0;0,  0> +
        ( 0.0000134, 0.0000653)|   2, 2, 1;0,  0;0,  0> +
        (-0.0000466, 0.0000000)|   4, 1, 0;0,  0;1,  0> +
        ( 0.0000466,-0.0000000)|   4, 1, 0;1,  0;0,  0> +
        ( 0.0000001, 0.0000465)|   4, 0, 1;1,  0;0,  0> +
        (-0.0000001,-0.0000465)|   4, 0, 1;0,  0;1,  0> +
        (-0.0000437, 0.0000000)|   5, 0, 0;0,  0;0,  0> +
        ( 0.0000381,-0.0000001)|   2, 2, 2;0,  0;0,  0> +
        (-0.0000000,-0.0000303)|   0, 3, 3;0,  0;0,  0> +
        ( 0.0000014,-0.0000164)|   1, 3, 1;0,  0;0,  0> +
        (-0.0000007,-0.0000066)|   2, 0, 2;0,  0;0,  0> +
        ( 0.0000007, 0.0000066)|   2, 2, 0;0,  0;0,  0> +
        (-0.0000001,-0.0000061)|   0, 1, 1;0,  0;0,  0> +
        (-0.0000001,-0.0000046)|   5, 0, 1;0,  0;0,  0> +
        ( 0.0000002,-0.0000045)|   2, 1, 3;0,  0;0,  0> +
        ( 0.0000043,-0.0000001)|   5, 1, 0;0,  0;0,  0> +
        ( 0.0000000, 0.0000025)|   6, 0, 1;0,  0;0,  0> +
        (-0.0000002, 0.0000022)|   2, 3, 1;0,  0;0,  0> +
        ( 0.0000001, 0.0000019)|   2, 0, 1;0,  0;0,  0> +
        (-0.0000000, 0.0000019)|   1, 0, 1;0,  0;0,  0> +
        (-0.0000017, 0.0000000)|   6, 1, 0;0,  0;0,  0> +
        (-0.0000001, 0.0000015)|   9, 0, 1;0,  0;0,  0> +
        (-0.0000011,-0.0000000)|  10, 0, 0;0,  0;0,  0> +
        (-0.0000000, 0.0000011)|   0, 0, 1;0,  0;0,  0> +
         ...
 |19> = ( 0.3890702,-0.5907251)|   4, 0, 1;0,  0;0,  0> +
        ( 0.5892245, 0.3890466)|   4, 1, 0;0,  0;0,  0> +
        (-0.0281067,-0.0008369)|   7, 0, 0;0,  0;0,  0> +
        ( 0.0001759, 0.0168874)|   2, 1, 1;0,  0;0,  0> +
        (-0.0048688, 0.0000341)|   4, 0, 2;0,  0;0,  0> +
        ( 0.0001266, 0.0029732)|   0, 2, 1;0,  0;0,  0> +
        (-0.0021097,-0.0000318)|   4, 2, 0;0,  0;0,  0> +
        ( 0.0000563, 0.0016881)|   2, 0, 3;0,  0;0,  0> +
        (-0.0014020, 0.0001022)|   0, 1, 2;0,  0;0,  0> +
        ( 0.0012668,-0.0000030)|   2, 3, 0;0,  0;0,  0> +
        ( 0.0000080,-0.0012650)|   1, 1, 3;0,  0;0,  0> +
        (-0.0012388,-0.0000082)|   6, 0, 0;0,  0;0,  0> +
        ( 0.0000249,-0.0011598)|   2, 2, 3;0,  0;0,  0> +
        ( 0.0000949, 0.0011041)|   1, 0, 3;0,  0;0,  0> +
        (-0.0000816,-0.0008053)|   1, 2, 1;0,  0;0,  0> +
        (-0.0007097, 0.0000977)|   0, 3, 0;0,  0;0,  0> +
        (-0.0006706, 0.0001158)|   2, 1, 2;0,  0;0,  0> +
        (-0.0000015, 0.0005373)|   2, 2, 1;0,  0;0,  0> +
        ( 0.0000021, 0.0004494)|   2, 3, 3;0,  0;0,  0> +
        (-0.0000026, 0.0004315)|   4, 3, 3;0,  0;0,  0> +
        ( 0.0004193, 0.0000185)|   1, 1, 2;0,  0;0,  0> +
        ( 0.0004055,-0.0000001)|   2, 2, 2;0,  0;0,  0> +
        ( 0.0000000,-0.0002482)|   0, 3, 3;0,  0;0,  0> +
        (-0.0002379,-0.0000207)|   2, 3, 2;0,  0;0,  0> +
        ( 0.0000837,-0.0001993)|   0, 0, 3;0,  0;0,  0> +
        ( 0.0002102, 0.0000058)|   1, 3, 2;0,  0;0,  0> +
        ( 0.0000091, 0.0002074)|   0, 3, 1;0,  0;0,  0> +
        (-0.0001863, 0.0000374)|   1, 3, 0;0,  0;0,  0> +
        (-0.0000628, 0.0001492)|   0, 1, 3;0,  0;0,  0> +
        ( 0.0000113, 0.0001511)|   3, 3, 3;0,  0;0,  0> +
        (-0.0001453,-0.0000010)|   0, 3, 2;0,  0;0,  0> +
        ( 0.0000024,-0.0001344)|   2, 1, 3;0,  0;0,  0> +
        (-0.0001049, 0.0000821)|   1, 1, 1;0,  0;0,  0> +
        (-0.0001121,-0.0000110)|   8, 0, 0;0,  0;0,  0> +
        ( 0.0001092,-0.0000000)|   3, 2, 2;0,  0;0,  0> +
        ( 0.0000239, 0.0000809)|   2, 3, 1;0,  0;0,  0> +
        (-0.0000754,-0.0000040)|   5, 1, 0;0,  0;0,  0> +
        (-0.0000009, 0.0000755)|   0, 2, 3;0,  0;0,  0> +
        (-0.0000717,-0.0000071)|   4, 2, 2;0,  0;0,  0> +
        ( 0.0000608, 0.0000000)|   1, 2, 2;0,  0;0,  0> +
        (-0.0000590, 0.0000000)|   3, 0, 2;0,  0;0,  0> +
        ( 0.0000061,-0.0000535)|   1, 2, 3;0,  0;0,  0> +
        ( 0.0000522, 0.0000003)|   3, 2, 0;0,  0;0,  0> +
        ( 0.0000000,-0.0000482)|   1, 3, 3;0,  0;0,  0> +
        (-0.0000256, 0.0000389)|   4, 0, 1;1,  0;0,  0> +
        ( 0.0000256,-0.0000389)|   4, 0, 1;0,  0;1,  0> +
        (-0.0000388,-0.0000256)|   4, 1, 0;1,  0;0,  0> +
        ( 0.0000388, 0.0000256)|   4, 1, 0;0,  0;1,  0> +
        ( 0.0000054, 0.0000452)|   5, 0, 1;0,  0;0,  0> +
        ( 0.0000446,-0.0000054)|   3, 3, 0;0,  0;0,  0> +
        ( 0.0000424,-0.0000020)|   3, 1, 0;0,  0;0,  0> +
        ( 0.0000130,-0.0000356)|   1, 3, 1;0,  0;0,  0> +
        (-0.0000020,-0.0000349)|   3, 0, 1;0,  0;0,  0> +
        ( 0.0000069, 0.0000331)|   3, 0, 3;0,  0;0,  0> +
        ( 0.0000215,-0.0000033)|   3, 1, 2;0,  0;0,  0> +
        (-0.0000212,-0.0000004)|   3, 3, 2;0,  0;0,  0> +
        ( 0.0000022, 0.0000195)|   3, 2, 1;0,  0;0,  0> +
        ( 0.0000002,-0.0000195)|   3, 2, 3;0,  0;0,  0> +
        (-0.0000129, 0.0000001)|   5, 0, 2;0,  0;0,  0> +
        (-0.0000000,-0.0000083)|   6, 0, 1;0,  0;0,  0> +
        ( 0.0000002, 0.0000050)|   2, 0, 2;0,  0;0,  0> +
        (-0.0000002,-0.0000050)|   2, 2, 0;0,  0;0,  0> +
        ( 0.0000049,-0.0000002)|   6, 1, 0;0,  0;0,  0> +
        ( 0.0000044, 0.0000000)|   5, 2, 0;0,  0;0,  0> +
        ( 0.0000014,-0.0000019)|   7, 0, 1;0,  0;0,  0> +
        (-0.0000019, 0.0000001)|   5, 0, 0;0,  0;0,  0> +
        (-0.0000018,-0.0000001)|   7, 0, 0;0,  0;1,  0> +
        ( 0.0000018, 0.0000001)|   7, 0, 0;1,  0;0,  0> +
        ( 0.0000015,-0.0000000)|   1, 1, 0;0,  0;0,  0> +
        ( 0.0000011, 0.0000000)|  10, 0, 0;0,  0;0,  0> +
        (-0.0000000,-0.0000011)|   2, 1, 1;1,  0;0,  0> +
        ( 0.0000000, 0.0000011)|   2, 1, 1;0,  0;1,  0> +
        (-0.0000000, 0.0000010)|   8, 0, 1;0,  0;0,  0> +
        ( 0.0000010,-0.0000000)|   8, 1, 0;0,  0;0,  0> +
         ...
 |20> = ( 0.8235040, 0.0338530)|   5, 1, 0;0,  0;0,  0> +
        (-0.0551121,-0.5634302)|   5, 0, 1;0,  0;0,  0> +
        ( 0.0101128, 0.0009972)|   8, 0, 0;0,  0;0,  0> +
        (-0.0051398,-0.0014934)|   1, 3, 0;0,  0;0,  0> +
        ( 0.0042821,-0.0010543)|   1, 1, 2;0,  0;0,  0> +
        (-0.0000020, 0.0037767)|   0, 3, 1;0,  0;0,  0> +
        (-0.0022078,-0.0011459)|   1, 2, 1;0,  0;0,  0> +
        (-0.0000017,-0.0023674)|   2, 0, 3;0,  0;0,  0> +
        (-0.0021776, 0.0000405)|   2, 3, 0;0,  0;0,  0> +
        (-0.0008191, 0.0020095)|   1, 0, 3;0,  0;0,  0> +
        (-0.0000251, 0.0012517)|   2, 1, 3;0,  0;0,  0> +
        ( 0.0000410,-0.0011953)|   2, 2, 1;0,  0;0,  0> +
        ( 0.0009578,-0.0000074)|   1, 3, 2;0,  0;0,  0> +
        ( 0.0009265, 0.0000046)|   6, 0, 0;0,  0;0,  0> +
        (-0.0008771,-0.0000000)|   3, 2, 2;0,  0;0,  0> +
        (-0.0008734,-0.0000489)|   2, 3, 2;0,  0;0,  0> +
        (-0.0000040,-0.0008301)|   1, 1, 3;0,  0;0,  0> +
        (-0.0004411, 0.0005435)|   1, 3, 1;0,  0;0,  0> +
        ( 0.0000361, 0.0006869)|   0, 2, 1;0,  0;0,  0> +
        (-0.0000499, 0.0006739)|   2, 2, 3;0,  0;0,  0> +
        (-0.0006721,-0.0000187)|   2, 1, 2;0,  0;0,  0> +
        (-0.0006457,-0.0000137)|   5, 2, 0;0,  0;0,  0> +
        (-0.0000130,-0.0006004)|   2, 3, 1;0,  0;0,  0> +
        ( 0.0000049,-0.0006004)|   3, 0, 3;0,  0;0,  0> +
        ( 0.0000081, 0.0005686)|   4, 2, 3;0,  0;0,  0> +
        ( 0.0005548, 0.0000056)|   4, 3, 2;0,  0;0,  0> +
        ( 0.0000094, 0.0005185)|   0, 1, 3;0,  0;0,  0> +
        (-0.0004751, 0.0000149)|   3, 3, 0;0,  0;0,  0> +
        (-0.0004615,-0.0000022)|   0, 3, 2;0,  0;0,  0> +
        (-0.0004461,-0.0000059)|   7, 0, 0;0,  0;0,  0> +
        ( 0.0004383,-0.0000219)|   4, 2, 0;0,  0;0,  0> +
        ( 0.0004259,-0.0000474)|   6, 3, 3;0,  0;0,  0> +
        (-0.0004236, 0.0000234)|   4, 0, 2;0,  0;0,  0> +
        (-0.0000070,-0.0003560)|   1, 2, 3;0,  0;0,  0> +
        (-0.0003414, 0.0000325)|   0, 1, 2;0,  0;0,  0> +
        ( 0.0000001,-0.0003358)|   1, 3, 3;0,  0;0,  0> +
        (-0.0003143, 0.0000099)|   3, 1, 2;0,  0;0,  0> +
        (-0.0003045, 0.0000324)|   0, 3, 0;0,  0;0,  0> +
        ( 0.0000078,-0.0002967)|   3, 2, 1;0,  0;0,  0> +
        ( 0.0002643,-0.0000171)|   5, 0, 2;0,  0;0,  0> +
        ( 0.0000024, 0.0002273)|   3, 2, 3;0,  0;0,  0> +
        (-0.0000001,-0.0001881)|   4, 3, 3;0,  0;0,  0> +
        (-0.0001568,-0.0000000)|   2, 2, 2;0,  0;0,  0> +
        ( 0.0001469, 0.0000023)|   3, 3, 2;0,  0;0,  0> +
        ( 0.0000303, 0.0001047)|   0, 0, 3;0,  0;0,  0> +
        (-0.0000004,-0.0001078)|   6, 0, 1;0,  0;0,  0> +
        (-0.0000011,-0.0001072)|   3, 1, 1;0,  0;0,  0> +
        ( 0.0000000, 0.0001015)|   0, 3, 3;0,  0;0,  0> +
        ( 0.0000363, 0.0000940)|   5, 3, 3;0,  0;0,  0> +
        (-0.0000830, 0.0000000)|   4, 2, 2;0,  0;0,  0> +
        ( 0.0000792,-0.0000020)|   6, 1, 0;0,  0;0,  0> +
        ( 0.0000501, 0.0000293)|   4, 1, 0;0,  0;0,  0> +
        ( 0.0000542, 0.0000022)|   5, 1, 0;0,  0;1,  0> +
        (-0.0000542,-0.0000022)|   5, 1, 0;1,  0;0,  0> +
        ( 0.0000490, 0.0000018)|   5, 2, 2;0,  0;0,  0> +
        ( 0.0000289,-0.0000361)|   4, 0, 1;0,  0;0,  0> +
        ( 0.0000036, 0.0000371)|   5, 0, 1;1,  0;0,  0> +
        (-0.0000036,-0.0000371)|   5, 0, 1;0,  0;1,  0> +
        ( 0.0000008, 0.0000357)|   2, 3, 3;0,  0;0,  0> +
        (-0.0000003, 0.0000290)|   3, 1, 3;0,  0;0,  0> +
        (-0.0000022, 0.0000258)|   0, 2, 3;0,  0;0,  0> +
        ( 0.0000001, 0.0000232)|   3, 3, 3;0,  0;0,  0> +
        (-0.0000006,-0.0000228)|   2, 1, 1;0,  0;0,  0> +
        ( 0.0000005,-0.0000205)|   3, 3, 1;0,  0;0,  0> +
        (-0.0000200, 0.0000017)|   9, 0, 0;0,  0;0,  0> +
        (-0.0000137, 0.0000145)|   3, 1, 0;0,  0;0,  0> +
        ( 0.0000143, 0.0000098)|   3, 0, 1;0,  0;0,  0> +
        (-0.0000003,-0.0000170)|   4, 0, 3;0,  0;0,  0> +
        (-0.0000156,-0.0000002)|   4, 3, 0;0,  0;0,  0> +
        (-0.0000001,-0.0000100)|   4, 2, 1;0,  0;0,  0> +
        ( 0.0000000, 0.0000093)|   4, 1, 1;0,  0;0,  0> +
        ( 0.0000063, 0.0000002)|  10, 0, 0;0,  0;0,  0> +
        (-0.0000060, 0.0000001)|   4, 1, 2;0,  0;0,  0> +
        ( 0.0000033,-0.0000002)|   7, 1, 0;0,  0;0,  0> +
        ( 0.0000029, 0.0000002)|   3, 2, 0;0,  0;0,  0> +
        ( 0.0000000,-0.0000023)|   1, 0, 1;0,  0;0,  0> +
        ( 0.0000002, 0.0000022)|   1, 1, 1;0,  0;0,  0> +
        (-0.0000000,-0.0000021)|   5, 1, 1;0,  0;0,  0> +
        (-0.0000020,-0.0000001)|   3, 0, 2;0,  0;0,  0> +
        ( 0.0000019, 0.0000001)|   6, 2, 0;0,  0;0,  0> +
        ( 0.0000001,-0.0000016)|   9, 0, 1;0,  0;0,  0> +
        (-0.0000014,-0.0000001)|  11, 0, 0;0,  0;0,  0> +
        (-0.0000013, 0.0000001)|   8, 1, 0;0,  0;0,  0> +
        (-0.0000000, 0.0000010)|   0, 0, 1;0,  0;0,  0> +
        ( 0.0000000,-0.0000010)|   2, 0, 2;0,  0;0,  0> +
        (-0.0000000, 0.0000010)|   2, 2, 0;0,  0;0,  0> +
        ( 0.0000009,-0.0000004)|   7, 3, 3;0,  0;0,  0> +
         ...
 |21> = ( 0.7071068,-0.0000000)|   0, 0, 2;0,  0;0,  0> +
        ( 0.7071068, 0.0000000)|   0, 2, 0;0,  0;0,  0> +
        ( 0.0002754, 0.0000000)|   2, 0, 0;0,  0;0,  0> +
        ( 0.0000465,-0.0000000)|   0, 0, 2;0,  0;1,  0> +
        (-0.0000465, 0.0000000)|   0, 0, 2;1,  0;0,  0> +
        ( 0.0000465,-0.0000000)|   0, 2, 0;0,  0;1,  0> +
        (-0.0000465,-0.0000000)|   0, 2, 0;1,  0;0,  0> +
        ( 0.0000000,-0.0000015)|   0, 0, 1;0,  0;0,  0> +
        (-0.0000014, 0.0000000)|   0, 1, 0;0,  0;0,  0> +
         ...
 |22> = ( 0.0009382, 0.9998081)|   0, 1, 1;0,  0;0,  0> +
        ( 0.0096602,-0.0000026)|   3, 2, 0;0,  0;0,  0> +
        ( 0.0090285, 0.0000011)|   3, 0, 2;0,  0;0,  0> +
        ( 0.0088746,-0.0000084)|   0, 2, 0;0,  0;0,  0> +
        (-0.0088746, 0.0000084)|   0, 0, 2;0,  0;0,  0> +
        (-0.0001491,-0.0030668)|   2, 0, 1;0,  0;0,  0> +
        ( 0.0027646, 0.0000410)|   0, 1, 2;0,  0;0,  0> +
        ( 0.0026629, 0.0000023)|   1, 2, 0;0,  0;0,  0> +
        (-0.0026552,-0.0000023)|   1, 0, 2;0,  0;0,  0> +
        (-0.0021139, 0.0000026)|   2, 2, 2;0,  0;0,  0> +
        ( 0.0019469,-0.0001479)|   2, 1, 0;0,  0;0,  0> +
        (-0.0014809,-0.0000795)|   0, 3, 0;0,  0;0,  0> +
        (-0.0000027, 0.0013805)|   1, 0, 1;0,  0;0,  0> +
        (-0.0012188,-0.0000027)|   1, 1, 0;0,  0;0,  0> +
        (-0.0009150, 0.0007959)|   2, 2, 0;0,  0;0,  0> +
        (-0.0005430,-0.0007959)|   2, 0, 2;0,  0;0,  0> +
        (-0.0000494, 0.0009267)|   0, 2, 1;0,  0;0,  0> +
        ( 0.0004686, 0.0000000)|   1, 2, 2;0,  0;0,  0> +
        (-0.0000267,-0.0003944)|   0, 0, 3;0,  0;0,  0> +
        ( 0.0003841, 0.0000000)|   4, 0, 0;0,  0;0,  0> +
        ( 0.0001520,-0.0000011)|   5, 0, 0;0,  0;0,  0> +
        (-0.0001192,-0.0000000)|   0, 2, 2;0,  0;0,  0> +
        ( 0.0000001, 0.0000658)|   0, 1, 1;0,  0;1,  0> +
        (-0.0000001,-0.0000658)|   0, 1, 1;1,  0;0,  0> +
        ( 0.0000000,-0.0000171)|   0, 3, 3;0,  0;0,  0> +
        (-0.0000004,-0.0000087)|   0, 2, 3;0,  0;0,  0> +
        (-0.0000081, 0.0000003)|   0, 3, 2;0,  0;0,  0> +
        ( 0.0000061,-0.0000000)|   1, 3, 0;0,  0;0,  0> +
        ( 0.0000000,-0.0000057)|   0, 3, 1;0,  0;0,  0> +
        ( 0.0000000, 0.0000056)|   1, 0, 3;0,  0;0,  0> +
        ( 0.0000035,-0.0000000)|   1, 1, 2;0,  0;0,  0> +
        ( 0.0000032,-0.0000000)|   3, 1, 0;0,  0;0,  0> +
        (-0.0000000, 0.0000032)|   3, 0, 1;0,  0;0,  0> +
        (-0.0000032,-0.0000000)|   4, 0, 2;0,  0;0,  0> +
        (-0.0000000, 0.0000031)|   1, 2, 1;0,  0;0,  0> +
        (-0.0000029, 0.0000000)|   4, 2, 0;0,  0;0,  0> +
        ( 0.0000000, 0.0000025)|   2, 1, 1;0,  0;0,  0> +
        (-0.0000000,-0.0000012)|   1, 1, 1;0,  0;0,  0> +
         ...
 |23> = ( 0.7069735, 0.0000000)|   0, 0, 2;0,  0;0,  0> +
        (-0.7069733,-0.0000000)|   0, 2, 0;0,  0;0,  0> +
        (-0.0000001, 0.0125322)|   0, 1, 1;0,  0;0,  0> +
        (-0.0083885,-0.0000003)|   2, 0, 2;0,  0;0,  0> +
        (-0.0083883, 0.0000004)|   2, 2, 0;0,  0;0,  0> +
        (-0.0000015, 0.0060147)|   1, 0, 1;0,  0;0,  0> +
        ( 0.0056945,-0.0000015)|   1, 1, 0;0,  0;0,  0> +
        ( 0.0018858,-0.0000000)|   4, 0, 0;0,  0;0,  0> +
        ( 0.0018578, 0.0000001)|   1, 2, 0;0,  0;0,  0> +
        ( 0.0004207,-0.0000001)|   1, 0, 2;0,  0;0,  0> +
        (-0.0002864, 0.0000000)|   3, 0, 0;0,  0;0,  0> +
        (-0.0002173,-0.0000000)|   0, 2, 2;0,  0;0,  0> +
        (-0.0002003, 0.0000003)|   2, 1, 0;0,  0;0,  0> +
        ( 0.0000004,-0.0001924)|   2, 0, 1;0,  0;0,  0> +
        ( 0.0000577,-0.0000004)|   0, 3, 0;0,  0;0,  0> +
        (-0.0000465, 0.0000000)|   0, 2, 0;0,  0;1,  0> +
        ( 0.0000465, 0.0000000)|   0, 2, 0;1,  0;0,  0> +
        (-0.0000465,-0.0000000)|   0, 0, 2;1,  0;0,  0> +
        ( 0.0000465, 0.0000000)|   0, 0, 2;0,  0;1,  0> +
        (-0.0000002, 0.0000431)|   0, 2, 1;0,  0;0,  0> +
        (-0.0000002, 0.0000426)|   0, 0, 3;0,  0;0,  0> +
        ( 0.0000355, 0.0000001)|   0, 1, 2;0,  0;0,  0> +
        (-0.0000000,-0.0000214)|   0, 0, 1;0,  0;0,  0> +
        ( 0.0000212,-0.0000000)|   0, 1, 0;0,  0;0,  0> +
        ( 0.0000001, 0.0000025)|   1, 1, 1;0,  0;0,  0> +
        ( 0.0000000, 0.0000015)|   2, 1, 1;0,  0;0,  0> +
        (-0.0000011, 0.0000000)|   3, 2, 0;0,  0;0,  0> +
        (-0.0000011, 0.0000000)|   3, 0, 2;0,  0;0,  0> +
         ...
 |24> = (-0.9994253,-0.0274377)|  10, 0, 0;0,  0;0,  0> +
        (-0.0000466, 0.0091750)|   4, 1, 1;0,  0;0,  0> +
        ( 0.0081455,-0.0000581)|   5, 0, 2;0,  0;0,  0> +
        (-0.0050439,-0.0003566)|   3, 3, 0;0,  0;0,  0> +
        (-0.0050248, 0.0000091)|   5, 2, 0;0,  0;0,  0> +
        ( 0.0044994, 0.0000279)|   4, 1, 2;0,  0;0,  0> +
        ( 0.0001119,-0.0044608)|   2, 2, 1;0,  0;0,  0> +
        ( 0.0042994, 0.0005200)|   7, 1, 0;0,  0;0,  0> +
        (-0.0028438, 0.0028119)|   7, 0, 1;0,  0;0,  0> +
        (-0.0001901, 0.0038527)|   3, 0, 3;0,  0;0,  0> +
        (-0.0001195, 0.0038262)|   8, 0, 1;0,  0;0,  0> +
        ( 0.0035669,-0.0000747)|   8, 1, 0;0,  0;0,  0> +
        (-0.0022800, 0.0022347)|   6, 0, 2;0,  0;0,  0> +
        (-0.0025567,-0.0001570)|   8, 0, 2;0,  0;0,  0> +
        ( 0.0000021, 0.0025450)|   5, 1, 1;0,  0;0,  0> +
        (-0.0006453, 0.0024303)|   3, 2, 1;0,  0;0,  0> +
        ( 0.0024734,-0.0003632)|   3, 1, 2;0,  0;0,  0> +
        ( 0.0022441,-0.0002269)|   7, 2, 0;0,  0;0,  0> +
        (-0.0000076, 0.0021136)|   4, 0, 3;0,  0;0,  0> +
        ( 0.0020907,-0.0000101)|   7, 0, 2;0,  0;0,  0> +
        (-0.0004003, 0.0020496)|   2, 0, 3;0,  0;0,  0> +
        ( 0.0015594, 0.0010378)|   4, 3, 1;0,  0;0,  0> +
        ( 0.0015536, 0.0002631)|   2, 1, 2;0,  0;0,  0> +
        (-0.0000475, 0.0014616)|   3, 3, 1;0,  0;0,  0> +
        ( 0.0004886,-0.0012012)|  10, 0, 1;0,  0;0,  0> +
        ( 0.0000028,-0.0012373)|   3, 1, 3;0,  0;0,  0> +
        ( 0.0007619,-0.0009607)|   1, 3, 1;0,  0;0,  0> +
        ( 0.0011661, 0.0000854)|   8, 2, 0;0,  0;0,  0> +
        (-0.0000447,-0.0009032)|   5, 0, 3;0,  0;0,  0> +
        ( 0.0000076, 0.0008536)|   1, 2, 3;0,  0;0,  0> +
        (-0.0001715,-0.0007898)|   6, 2, 0;0,  0;0,  0> +
        (-0.0000991,-0.0007691)|   5, 2, 1;0,  0;0,  0> +
        (-0.0000100, 0.0007037)|   2, 2, 3;0,  0;0,  0> +
        ( 0.0006984, 0.0000348)|   9, 2, 0;0,  0;0,  0> +
        (-0.0000013, 0.0006889)|   7, 2, 3;0,  0;0,  0> +
        ( 0.0006537,-0.0000119)|   7, 2, 2;0,  0;0,  0> +
        (-0.0006431,-0.0000323)|   4, 3, 0;0,  0;0,  0> +
        (-0.0002328,-0.0005739)|  10, 1, 0;0,  0;0,  0> +
        (-0.0003652,-0.0004882)|   2, 3, 0;0,  0;0,  0> +
        ( 0.0000118,-0.0006036)|   2, 1, 3;0,  0;0,  0> +
        (-0.0005481, 0.0000077)|   1, 3, 2;0,  0;0,  0> +
        ( 0.0005389,-0.0000617)|   6, 3, 3;0,  0;0,  0> +
        ( 0.0000454,-0.0005214)|   7, 1, 1;0,  0;0,  0> +
        ( 0.0000613, 0.0004834)|   6, 2, 1;0,  0;0,  0> +
        (-0.0000343,-0.0004598)|   6, 0, 3;0,  0;0,  0> +
        ( 0.0004214, 0.0001565)|   4, 1, 3;0,  0;0,  0> +
        (-0.0000002, 0.0004110)|   6, 2, 3;0,  0;0,  0> +
        ( 0.0004063,-0.0000098)|   2, 3, 2;0,  0;0,  0> +
        (-0.0004001,-0.0000408)|   9, 0, 2;0,  0;0,  0> +
        (-0.0000077,-0.0003943)|   4, 2, 1;0,  0;0,  0> +
        (-0.0000016,-0.0003836)|   4, 2, 3;0,  0;0,  0> +
        ( 0.0003647,-0.0001130)|   5, 1, 2;0,  0;0,  0> +
        ( 0.0003694,-0.0000011)|   7, 3, 2;0,  0;0,  0> +
        ( 0.0003193, 0.0000851)|   5, 3, 0;0,  0;0,  0> +
        ( 0.0000154,-0.0003241)|   9, 0, 1;0,  0;0,  0> +
        (-0.0000011, 0.0003078)|   5, 2, 3;0,  0;0,  0> +
        ( 0.0002936,-0.0000016)|   5, 2, 2;0,  0;0,  0> +
        (-0.0002777, 0.0000694)|  10, 3, 3;0,  0;0,  0> +
        ( 0.0000629, 0.0002623)|   8, 1, 1;0,  0;0,  0> +
        (-0.0002642,-0.0000004)|   6, 3, 2;0,  0;0,  0> +
        ( 0.0002610,-0.0000036)|   5, 3, 2;0,  0;0,  0> +
        ( 0.0000068, 0.0002491)|   2, 3, 1;0,  0;0,  0> +
        (-0.0002248,-0.0000017)|   4, 3, 2;0,  0;0,  0> +
        (-0.0000011, 0.0002086)|   3, 2, 3;0,  0;0,  0> +
        (-0.0001944, 0.0000539)|  11, 3, 3;0,  0;0,  0> +
        (-0.0000000,-0.0001898)|   1, 3, 3;0,  0;0,  0> +
        (-0.0000971, 0.0001360)|   1, 2, 1;0,  0;0,  0> +
        ( 0.0001635, 0.0000108)|  11, 0, 0;0,  0;0,  0> +
        ( 0.0001580,-0.0000133)|   9, 0, 0;0,  0;0,  0> +
        (-0.0001529,-0.0000022)|   6, 2, 2;0,  0;0,  0> +
        (-0.0000001,-0.0001478)|   2, 3, 3;0,  0;0,  0> +
        (-0.0000777,-0.0001219)|   1, 3, 0;0,  0;0,  0> +
        (-0.0001155,-0.0000115)|   1, 1, 2;0,  0;0,  0> +
        (-0.0000002,-0.0001154)|   6, 1, 1;0,  0;0,  0> +
        ( 0.0000972,-0.0000465)|   8, 3, 3;0,  0;0,  0> +
        ( 0.0000034, 0.0001004)|   3, 1, 1;0,  0;0,  0> +
        (-0.0000725, 0.0000660)|   1, 0, 3;0,  0;0,  0> +
        ( 0.0000001, 0.0000979)|   4, 3, 3;0,  0;0,  0> +
        ( 0.0000910,-0.0000008)|   3, 3, 2;0,  0;0,  0> +
        (-0.0000001,-0.0000854)|   3, 3, 3;0,  0;0,  0> +
        (-0.0000721, 0.0000290)|   6, 1, 2;0,  0;0,  0> +
        (-0.0000705,-0.0000026)|   8, 2, 2;0,  0;0,  0> +
        (-0.0000694,-0.0000004)|   4, 2, 2;0,  0;0,  0> +
        (-0.0000650, 0.0000219)|   7, 3, 3;0,  0;0,  0> +
        ( 0.0000668,-0.0000043)|   9, 1, 0;0,  0;0,  0> +
        (-0.0000658,-0.0000018)|  10, 0, 0;0,  0;1,  0> +
        ( 0.0000658, 0.0000018)|  10, 0, 0;1,  0;0,  0> +
        (-0.0000565, 0.0000166)|   9, 3, 3;0,  0;0,  0> +
        ( 0.0000562, 0.0000000)|   6, 1, 0;0,  0;0,  0> +
        (-0.0000474, 0.0000186)|   6, 3, 0;0,  0;0,  0> +
        ( 0.0000163,-0.0000416)|  13, 0, 0;0,  0;0,  0> +
        ( 0.0000152, 0.0000414)|   5, 3, 3;0,  0;0,  0> +
        (-0.0000016, 0.0000376)|   6, 0, 1;0,  0;0,  0> +
        (-0.0000244,-0.0000035)|  12, 0, 0;0,  0;0,  0> +
        (-0.0000089, 0.0000192)|   1, 1, 3;0,  0;0,  0> +
        ( 0.0000167, 0.0000128)|  14, 0, 0;0,  0;0,  0> +
        ( 0.0000150, 0.0000039)|   8, 3, 2;0,  0;0,  0> +
        ( 0.0000128,-0.0000076)|   7, 1, 2;0,  0;0,  0> +
        (-0.0000103, 0.0000104)|   7, 0, 3;0,  0;0,  0> +
        ( 0.0000000,-0.0000129)|   5, 1, 3;0,  0;0,  0> +
        (-0.0000122,-0.0000019)|   7, 3, 0;0,  0;0,  0> +
        ( 0.0000005,-0.0000116)|   6, 1, 3;0,  0;0,  0> +
        ( 0.0000113, 0.0000023)|   5, 1, 0;0,  0;0,  0> +
        (-0.0000092, 0.0000053)|   8, 2, 3;0,  0;0,  0> +
        (-0.0000082, 0.0000055)|   7, 2, 1;0,  0;0,  0> +
        (-0.0000019, 0.0000091)|   5, 0, 1;0,  0;0,  0> +
        (-0.0000085,-0.0000001)|   9, 2, 2;0,  0;0,  0> +
        (-0.0000002,-0.0000047)|  11, 0, 1;0,  0;0,  0> +
        ( 0.0000001, 0.0000045)|   6, 3, 1;0,  0;0,  0> +
        ( 0.0000002, 0.0000034)|   8, 0, 3;0,  0;0,  0> +
        ( 0.0000030, 0.0000005)|   9, 2, 3;0,  0;0,  0> +
        ( 0.0000002,-0.0000031)|   9, 1, 3;0,  0;0,  0> +
        (-0.0000030,-0.0000003)|  11, 1, 0;0,  0;0,  0> +
        ( 0.0000000,-0.0000027)|   0, 3, 3;0,  0;0,  0> +
        (-0.0000027, 0.0000003)|   9, 3, 2;0,  0;0,  0> +
        ( 0.0000024,-0.0000008)|  14, 3, 3;0,  0;0,  0> +
        (-0.0000024,-0.0000001)|   7, 0, 0;0,  0;0,  0> +
        (-0.0000022, 0.0000005)|  17, 3, 3;0,  0;0,  0> +
        ( 0.0000008,-0.0000020)|   0, 1, 3;0,  0;0,  0> +
        (-0.0000021, 0.0000004)|   8, 0, 0;0,  0;0,  0> +
        (-0.0000003,-0.0000021)|   2, 1, 1;0,  0;0,  0> +
        ( 0.0000020, 0.0000004)|  14, 2, 2;0,  0;0,  0> +
        (-0.0000020, 0.0000003)|  11, 3, 2;0,  0;0,  0> +
        (-0.0000020, 0.0000001)|  10, 2, 2;0,  0;0,  0> +
        (-0.0000003,-0.0000019)|  11, 2, 3;0,  0;0,  0> +
        ( 0.0000017, 0.0000010)|   4, 1, 0;0,  0;0,  0> +
        ( 0.0000019, 0.0000000)|   7, 3, 1;0,  0;0,  0> +
        ( 0.0000000, 0.0000017)|   8, 3, 1;0,  0;0,  0> +
        ( 0.0000012,-0.0000011)|   4, 0, 1;0,  0;0,  0> +
        ( 0.0000015, 0.0000000)|  10, 3, 0;0,  0;0,  0> +
        ( 0.0000014,-0.0000005)|  12, 3, 3;0,  0;0,  0> +
        (-0.0000001, 0.0000014)|  12, 0, 1;0,  0;0,  0> +
        (-0.0000001,-0.0000014)|   3, 0, 1;0,  0;0,  0> +
        (-0.0000000, 0.0000014)|  10, 0, 3;0,  0;0,  0> +
        ( 0.0000011, 0.0000005)|  10, 3, 2;0,  0;0,  0> +
        (-0.0000002,-0.0000012)|   5, 3, 1;0,  0;0,  0> +
        (-0.0000012, 0.0000003)|  16, 3, 3;0,  0;0,  0> +
        (-0.0000012, 0.0000002)|  13, 3, 3;0,  0;0,  0> +
        ( 0.0000006,-0.0000011)|   9, 3, 0;0,  0;0,  0> +
        (-0.0000012,-0.0000000)|  10, 3, 1;0,  0;0,  0> +
        ( 0.0000001, 0.0000011)|  15, 2, 2;0,  0;0,  0> +
        (-0.0000000, 0.0000011)|   7, 1, 3;0,  0;0,  0> +
        (-0.0000000,-0.0000011)|   8, 1, 3;0,  0;0,  0> +
         ...
