p1813
# Parameters of the model
#  mass:		    261.00 u
#  charge:	      1.00 e
#  dipole:	      4.74 D
#  B:		    503.65 MHz
#  omega_rho:	      1.40 MHz
#  omega_z:	      0.16 MHz

# Basis truncation:	|28,4,4;2,2>
# omega_1:	      0.28 MHz
# omega_3/5:	      1.39 MHz
# Basis size:		36288

# Active terms of the Hamiltionian:
# 	Nomal modes:	1
# 	T_rot:      	1
# 	V_qd^{(0)}: 	1
# 	V_qd^{(1)}: 	1
# 	V_dd^{(0)}: 	1

# Results of the diagonalisation

# 100 smallest eigenvalues
 5.518517017 6.524312496 7.519209385 8.555106163 9.579749107 10.452034950 10.494111061 10.576721191 11.507814407 11.510918617 11.585869789 12.526995659 12.551562309 12.730078697 13.602361679 13.605894089 13.628153801 14.649195671 14.717186928 14.734524727 15.392092705 15.473062515 15.524297714 15.574200630 15.613864899 15.621822357 16.455152512 16.558992386 16.577293396 16.582817078 16.594968796 16.631811142 17.442480087 17.555318832 17.566568375 17.571113586 17.578985214 17.655931473 18.478343964 18.496530533 18.565605164 18.570312500 18.571418762 18.581029892 19.472564697 19.509977341 19.564432144 19.578523636 19.644599915 19.692800522 20.330562592 20.458385468 20.476398468 20.552213669 20.565042496 20.607503891 20.616233826 20.636934280 20.638843536 20.682046890 21.401006699 21.467243195 21.572576523 21.601343155 21.606298447 21.644264221 21.647565842 21.663930893 21.734994888 22.038063049 22.374063492 22.485410690 22.497831345 22.545511246 22.576213837 22.584339142 22.588773727 22.618045807 22.657075882 22.770771027 23.340003967 23.457551956 23.502456665 23.531839371 23.561189651 23.633750916 23.643920898 23.649101257 23.724393845 23.822624207 24.443311691 24.479808807 24.501003265 24.619646072 24.624126434 24.650733948 24.729040146 24.738822937 24.747877121 24.799165726

# Ground state and the lowest excitations:
 | 0> = ( 1.0000000, 0.0000000)|   0, 0, 0;0,  0;0,  0> +
        ( 0.0000658, 0.0000000)|   0, 0, 0;0,  0;1,  0> +
        (-0.0000658, 0.0000000)|   0, 0, 0;1,  0;0,  0> +
         ...
 | 1> = (-0.9999996, 0.0000000)|   1, 0, 0;0,  0;0,  0> +
        (-0.0000658, 0.0000000)|   1, 0, 0;0,  0;1,  0> +
        ( 0.0000658, 0.0000000)|   1, 0, 0;1,  0;0,  0> +
        ( 0.0000026, 0.0000000)|   2, 0, 0;0,  0;0,  0> +
        (-0.0000023, 0.0000000)|   3, 0, 0;0,  0;0,  0> +
         ...
 | 2> = (-0.9999990,-0.0000000)|   2, 0, 0;0,  0;0,  0> +
        ( 0.0000658,-0.0000000)|   2, 0, 0;1,  0;0,  0> +
        (-0.0000658,-0.0000000)|   2, 0, 0;0,  0;1,  0> +
        (-0.0000000, 0.0000377)|   0, 0, 1;0,  0;0,  0> +
        ( 0.0000373,-0.0000000)|   0, 1, 0;0,  0;0,  0> +
        ( 0.0000174, 0.0000000)|   0, 2, 0;0,  0;0,  0> +
        ( 0.0000174,-0.0000000)|   0, 0, 2;0,  0;0,  0> +
        ( 0.0000084, 0.0000000)|   3, 0, 0;0,  0;0,  0> +
        (-0.0000028, 0.0000000)|   1, 0, 0;0,  0;0,  0> +
        (-0.0000014,-0.0000000)|   6, 0, 0;0,  0;0,  0> +
        (-0.0000011, 0.0000000)|   5, 0, 0;0,  0;0,  0> +
         ...
 | 3> = ( 0.9998777, 0.0000000)|   3, 0, 0;0,  0;0,  0> +
        (-0.0103910,-0.0000000)|   0, 1, 0;0,  0;0,  0> +
        (-0.0000000, 0.0103611)|   0, 0, 1;0,  0;0,  0> +
        ( 0.0033340, 0.0000000)|   1, 0, 2;0,  0;0,  0> +
        ( 0.0033328,-0.0000000)|   1, 2, 0;0,  0;0,  0> +
        ( 0.0000000,-0.0010675)|   1, 0, 1;0,  0;0,  0> +
        (-0.0010418, 0.0000000)|   1, 1, 0;0,  0;0,  0> +
        (-0.0000658, 0.0000000)|   3, 0, 0;1,  0;0,  0> +
        ( 0.0000658, 0.0000000)|   3, 0, 0;0,  0;1,  0> +
        (-0.0000552, 0.0000000)|   4, 0, 0;0,  0;0,  0> +
        (-0.0000139, 0.0000000)|   0, 2, 0;0,  0;0,  0> +
        ( 0.0000139,-0.0000000)|   0, 0, 2;0,  0;0,  0> +
        ( 0.0000082, 0.0000000)|   2, 0, 0;0,  0;0,  0> +
        (-0.0000026,-0.0000000)|   1, 0, 0;0,  0;0,  0> +
        (-0.0000020, 0.0000000)|   5, 0, 0;0,  0;0,  0> +
        ( 0.0000000, 0.0000019)|   2, 0, 1;0,  0;0,  0> +
        ( 0.0000018, 0.0000002)|   8, 0, 0;0,  0;0,  0> +
        ( 0.0000017, 0.0000000)|   2, 1, 0;0,  0;0,  0> +
        ( 0.0000014, 0.0000000)|   7, 0, 0;0,  0;0,  0> +
         ...
 | 4> = (-0.9999093,-0.0000000)|   4, 0, 0;0,  0;0,  0> +
        (-0.0000008, 0.0096188)|   1, 0, 1;0,  0;0,  0> +
        ( 0.0078882,-0.0000008)|   1, 1, 0;0,  0;0,  0> +
        (-0.0000010,-0.0028856)|   2, 0, 1;0,  0;0,  0> +
        (-0.0028186,-0.0000019)|   2, 1, 0;0,  0;0,  0> +
        (-0.0018501, 0.0000000)|   0, 0, 2;0,  0;0,  0> +
        ( 0.0018501,-0.0000000)|   0, 2, 0;0,  0;0,  0> +
        (-0.0011020, 0.0000002)|   2, 0, 2;0,  0;0,  0> +
        (-0.0011016,-0.0000002)|   2, 2, 0;0,  0;0,  0> +
        ( 0.0002292, 0.0000001)|   1, 2, 0;0,  0;0,  0> +
        ( 0.0002107,-0.0000001)|   1, 0, 2;0,  0;0,  0> +
        ( 0.0000658, 0.0000000)|   4, 0, 0;1,  0;0,  0> +
        (-0.0000658, 0.0000000)|   4, 0, 0;0,  0;1,  0> +
        (-0.0000384, 0.0000000)|   3, 0, 0;0,  0;0,  0> +
        ( 0.0000000,-0.0000322)|   0, 1, 1;0,  0;0,  0> +
        (-0.0000232,-0.0000000)|   0, 2, 2;0,  0;0,  0> +
        (-0.0000120,-0.0000001)|   0, 3, 0;0,  0;0,  0> +
        (-0.0000114,-0.0000000)|   0, 1, 0;0,  0;0,  0> +
        ( 0.0000000, 0.0000114)|   0, 0, 1;0,  0;0,  0> +
        (-0.0000001,-0.0000108)|   0, 0, 3;0,  0;0,  0> +
        (-0.0000000,-0.0000070)|   0, 2, 1;0,  0;0,  0> +
        (-0.0000057,-0.0000001)|   0, 1, 2;0,  0;0,  0> +
        (-0.0000019,-0.0000000)|   6, 0, 0;0,  0;0,  0> +
        (-0.0000014,-0.0000000)|   7, 0, 0;0,  0;0,  0> +
        ( 0.0000014, 0.0000001)|   8, 0, 0;0,  0;0,  0> +
         ...
 | 5> = ( 0.9996960,-0.0002045)|   5, 0, 0;0,  0;0,  0> +
        (-0.0158672, 0.0010780)|   2, 1, 0;0,  0;0,  0> +
        ( 0.0010675, 0.0157121)|   2, 0, 1;0,  0;0,  0> +
        (-0.0000003,-0.0047099)|   3, 0, 1;0,  0;0,  0> +
        (-0.0046908, 0.0000033)|   3, 1, 0;0,  0;0,  0> +
        ( 0.0000060, 0.0042295)|   0, 1, 1;0,  0;0,  0> +
        ( 0.0030389,-0.0000058)|   3, 0, 2;0,  0;0,  0> +
        ( 0.0026926, 0.0000071)|   3, 2, 0;0,  0;0,  0> +
        ( 0.0025083, 0.0000000)|   1, 2, 0;0,  0;0,  0> +
        (-0.0025083,-0.0000000)|   1, 0, 2;0,  0;0,  0> +
        (-0.0001456,-0.0019307)|   0, 0, 3;0,  0;0,  0> +
        (-0.0000509, 0.0016116)|   0, 2, 1;0,  0;0,  0> +
        ( 0.0014889,-0.0001363)|   0, 3, 0;0,  0;0,  0> +
        ( 0.0013766,-0.0000668)|   0, 1, 2;0,  0;0,  0> +
        ( 0.0000015, 0.0010420)|   0, 3, 3;0,  0;0,  0> +
        ( 0.0001012,-0.0008266)|   2, 2, 0;0,  0;0,  0> +
        ( 0.0000285, 0.0008266)|   2, 0, 2;0,  0;0,  0> +
        (-0.0006895, 0.0000000)|   0, 2, 2;0,  0;0,  0> +
        (-0.0003540, 0.0000004)|   2, 2, 2;0,  0;0,  0> +
        ( 0.0000003, 0.0001733)|   0, 3, 1;0,  0;0,  0> +
        ( 0.0000026, 0.0001215)|   0, 2, 3;0,  0;0,  0> +
        ( 0.0001137, 0.0000007)|   0, 3, 2;0,  0;0,  0> +
        ( 0.0001001,-0.0000000)|   1, 2, 2;0,  0;0,  0> +
        ( 0.0000011, 0.0000888)|   1, 0, 3;0,  0;0,  0> +
        ( 0.0000812, 0.0000015)|   1, 3, 0;0,  0;0,  0> +
        (-0.0000658, 0.0000000)|   5, 0, 0;1,  0;0,  0> +
        ( 0.0000658,-0.0000000)|   5, 0, 0;0,  0;1,  0> +
        (-0.0000013, 0.0000509)|   1, 2, 1;0,  0;0,  0> +
        ( 0.0000503, 0.0000005)|   1, 1, 2;0,  0;0,  0> +
        (-0.0000372, 0.0000001)|   0, 0, 2;0,  0;0,  0> +
        ( 0.0000372,-0.0000001)|   0, 2, 0;0,  0;0,  0> +
        (-0.0000329,-0.0000000)|   4, 2, 0;0,  0;0,  0> +
        (-0.0000326,-0.0000001)|   4, 0, 2;0,  0;0,  0> +
        (-0.0000014,-0.0000268)|   1, 0, 1;0,  0;0,  0> +
        ( 0.0000260,-0.0000014)|   1, 1, 0;0,  0;0,  0> +
        ( 0.0000000, 0.0000199)|   0, 1, 3;0,  0;0,  0> +
        (-0.0000105,-0.0000001)|   6, 0, 0;0,  0;0,  0> +
        (-0.0000050,-0.0000000)|   3, 2, 2;0,  0;0,  0> +
        ( 0.0000023,-0.0000000)|   3, 0, 0;0,  0;0,  0> +
        (-0.0000014,-0.0000000)|   2, 0, 0;0,  0;0,  0> +
        (-0.0000011,-0.0000000)|   4, 0, 0;0,  0;0,  0> +
        (-0.0000010, 0.0000001)|   2, 1, 0;0,  0;1,  0> +
        ( 0.0000010,-0.0000001)|   2, 1, 0;1,  0;0,  0> +
        ( 0.0000001, 0.0000010)|   2, 0, 1;0,  0;1,  0> +
        (-0.0000001,-0.0000010)|   2, 0, 1;1,  0;0,  0> +
         ...
 | 6> = (-0.7269506, 0.0000000)|   0, 1, 0;0,  0;0,  0> +
        (-0.0000000, 0.6865335)|   0, 0, 1;0,  0;0,  0> +
        (-0.0146670,-0.0000000)|   3, 0, 0;0,  0;0,  0> +
        (-0.0001735, 0.0000000)|   1, 2, 0;0,  0;0,  0> +
        (-0.0001712,-0.0000000)|   1, 0, 2;0,  0;0,  0> +
        (-0.0000000, 0.0001357)|   1, 0, 1;0,  0;0,  0> +
        ( 0.0001264,-0.0000000)|   1, 1, 0;0,  0;0,  0> +
        ( 0.0000478,-0.0000000)|   0, 1, 0;1,  0;0,  0> +
        (-0.0000478,-0.0000000)|   0, 1, 0;0,  0;1,  0> +
        (-0.0000000, 0.0000452)|   0, 0, 1;0,  0;1,  0> +
        (-0.0000000,-0.0000452)|   0, 0, 1;1,  0;0,  0> +
        ( 0.0000296, 0.0000000)|   0, 0, 2;0,  0;0,  0> +
        (-0.0000288,-0.0000000)|   0, 2, 0;0,  0;0,  0> +
        ( 0.0000189,-0.0000000)|   4, 0, 0;0,  0;0,  0> +
        (-0.0000031,-0.0000000)|   6, 0, 0;0,  0;0,  0> +
        (-0.0000023, 0.0000000)|   0, 2, 2;0,  0;0,  0> +
        (-0.0000012,-0.0000000)|   2, 0, 0;0,  0;0,  0> +
        ( 0.0000010,-0.0000000)|   3, 1, 0;0,  0;0,  0> +
         ...
 | 7> = (-0.0000000,-0.7270244)|   0, 0, 1;0,  0;0,  0> +
        (-0.6866108, 0.0000000)|   0, 1, 0;0,  0;0,  0> +
        ( 0.0003981, 0.0000000)|   3, 0, 0;0,  0;0,  0> +
        (-0.0000530, 0.0000000)|   2, 0, 0;0,  0;0,  0> +
        ( 0.0000000,-0.0000478)|   0, 0, 1;0,  0;1,  0> +
        (-0.0000000, 0.0000478)|   0, 0, 1;1,  0;0,  0> +
        ( 0.0000452, 0.0000000)|   0, 1, 0;1,  0;0,  0> +
        (-0.0000452, 0.0000000)|   0, 1, 0;0,  0;1,  0> +
        ( 0.0000133, 0.0000000)|   0, 2, 0;0,  0;0,  0> +
        ( 0.0000118,-0.0000000)|   0, 0, 2;0,  0;0,  0> +
        ( 0.0000000,-0.0000056)|   1, 0, 1;0,  0;0,  0> +
        ( 0.0000051, 0.0000000)|   1, 0, 2;0,  0;0,  0> +
        ( 0.0000050,-0.0000000)|   1, 2, 0;0,  0;0,  0> +
        (-0.0000014, 0.0000005)|   3, 1, 0;0,  0;0,  0> +
        (-0.0000013, 0.0000000)|   1, 1, 0;0,  0;0,  0> +
        (-0.0000006, 0.0000011)|   4, 0, 1;0,  0;0,  0> +
        ( 0.0000011, 0.0000001)|   5, 1, 0;0,  0;0,  0> +
         ...
 | 8> = (-0.7187334,-0.0008066)|   1, 1, 0;0,  0;0,  0> +
        (-0.0007999, 0.6950567)|   1, 0, 1;0,  0;0,  0> +
        (-0.0000691, 0.0130354)|   2, 0, 1;0,  0;0,  0> +
        ( 0.0116606, 0.0000456)|   2, 1, 0;0,  0;0,  0> +
        (-0.0014079,-0.0000475)|   1, 0, 2;0,  0;0,  0> +
        ( 0.0013571, 0.0000475)|   1, 2, 0;0,  0;0,  0> +
        ( 0.0009453,-0.0000002)|   4, 0, 0;0,  0;0,  0> +
        ( 0.0009108, 0.0000084)|   1, 2, 2;0,  0;0,  0> +
        (-0.0007138,-0.0000324)|   2, 0, 2;0,  0;0,  0> +
        (-0.0006616, 0.0000326)|   2, 2, 0;0,  0;0,  0> +
        ( 0.0000072,-0.0006009)|   0, 0, 3;0,  0;0,  0> +
        ( 0.0005651, 0.0000013)|   0, 0, 2;0,  0;0,  0> +
        (-0.0005651,-0.0000013)|   0, 2, 0;0,  0;0,  0> +
        (-0.0005307,-0.0000073)|   0, 3, 0;0,  0;0,  0> +
        (-0.0005216,-0.0000000)|   0, 2, 2;0,  0;0,  0> +
        (-0.0004960,-0.0000046)|   0, 1, 2;0,  0;0,  0> +
        ( 0.0000036,-0.0003757)|   0, 2, 1;0,  0;0,  0> +
        (-0.0000021,-0.0001682)|   0, 1, 1;0,  0;0,  0> +
        ( 0.0000556,-0.0000003)|   2, 2, 2;0,  0;0,  0> +
        (-0.0000473,-0.0000001)|   1, 1, 0;0,  0;1,  0> +
        ( 0.0000473, 0.0000001)|   1, 1, 0;1,  0;0,  0> +
        ( 0.0000001,-0.0000457)|   1, 0, 1;1,  0;0,  0> +
        (-0.0000001, 0.0000457)|   1, 0, 1;0,  0;1,  0> +
        ( 0.0000120,-0.0000000)|   5, 0, 0;0,  0;0,  0> +
        (-0.0000066, 0.0000000)|   3, 0, 0;0,  0;0,  0> +
        (-0.0000035,-0.0000030)|   3, 0, 2;0,  0;0,  0> +
        (-0.0000000,-0.0000039)|   0, 0, 1;0,  0;0,  0> +
        ( 0.0000035, 0.0000001)|   7, 0, 0;0,  0;0,  0> +
        ( 0.0000007,-0.0000023)|   3, 2, 0;0,  0;0,  0> +
        ( 0.0000012, 0.0000002)|   5, 1, 0;0,  0;0,  0> +
         ...
 | 9> = (-0.9999775,-0.0060609)|   6, 0, 0;0,  0;0,  0> +
        (-0.0000859,-0.0012395)|   0, 0, 3;0,  0;0,  0> +
        ( 0.0000100, 0.0011553)|   2, 0, 2;0,  0;0,  0> +
        (-0.0000091,-0.0011552)|   2, 2, 0;0,  0;0,  0> +
        ( 0.0009648,-0.0000705)|   0, 3, 0;0,  0;0,  0> +
        (-0.0002342,-0.0008113)|   3, 0, 1;0,  0;0,  0> +
        (-0.0000389,-0.0005380)|   0, 2, 1;0,  0;0,  0> +
        ( 0.0004766,-0.0000000)|   3, 2, 2;0,  0;0,  0> +
        ( 0.0000006,-0.0004618)|   1, 3, 3;0,  0;0,  0> +
        (-0.0004454,-0.0000007)|   0, 3, 2;0,  0;0,  0> +
        (-0.0004139,-0.0000000)|   1, 2, 2;0,  0;0,  0> +
        ( 0.0003809,-0.0000127)|   4, 2, 0;0,  0;0,  0> +
        ( 0.0003128, 0.0000006)|   3, 0, 2;0,  0;0,  0> +
        (-0.0000007,-0.0002980)|   0, 2, 3;0,  0;0,  0> +
        ( 0.0002324,-0.0001566)|   1, 3, 0;0,  0;0,  0> +
        (-0.0002020, 0.0001521)|   1, 0, 3;0,  0;0,  0> +
        (-0.0000915,-0.0002351)|   3, 1, 0;0,  0;0,  0> +
        (-0.0002228, 0.0000040)|   2, 3, 0;0,  0;0,  0> +
        ( 0.0002124,-0.0000002)|   3, 2, 0;0,  0;0,  0> +
        (-0.0001988, 0.0000030)|   2, 1, 2;0,  0;0,  0> +
        (-0.0000001, 0.0001849)|   4, 0, 1;0,  0;0,  0> +
        ( 0.0001829,-0.0000003)|   4, 1, 0;0,  0;0,  0> +
        ( 0.0001632,-0.0000654)|   0, 1, 2;0,  0;0,  0> +
        (-0.0000066,-0.0001729)|   2, 0, 3;0,  0;0,  0> +
        ( 0.0001641,-0.0000471)|   1, 1, 2;0,  0;0,  0> +
        (-0.0001656, 0.0000000)|   0, 2, 2;0,  0;0,  0> +
        ( 0.0000283, 0.0001558)|   1, 2, 1;0,  0;0,  0> +
        (-0.0000037,-0.0001522)|   2, 2, 1;0,  0;0,  0> +
        ( 0.0001418,-0.0000015)|   1, 3, 2;0,  0;0,  0> +
        ( 0.0000015, 0.0001312)|   1, 2, 3;0,  0;0,  0> +
        (-0.0001178, 0.0000000)|   2, 2, 2;0,  0;0,  0> +
        ( 0.0000009,-0.0000787)|   0, 3, 1;0,  0;0,  0> +
        (-0.0000658,-0.0000004)|   6, 0, 0;0,  0;1,  0> +
        ( 0.0000658, 0.0000004)|   6, 0, 0;1,  0;0,  0> +
        ( 0.0000000, 0.0000521)|   0, 3, 3;0,  0;0,  0> +
        ( 0.0000357, 0.0000208)|   4, 0, 2;0,  0;0,  0> +
        (-0.0000209, 0.0000000)|   5, 0, 0;0,  0;0,  0> +
        (-0.0000155, 0.0000000)|   1, 0, 2;0,  0;0,  0> +
        ( 0.0000155,-0.0000000)|   1, 2, 0;0,  0;0,  0> +
        (-0.0000066, 0.0000137)|   0, 1, 3;0,  0;0,  0> +
        ( 0.0000012, 0.0000114)|   1, 1, 1;0,  0;0,  0> +
        ( 0.0000003,-0.0000097)|   1, 1, 3;0,  0;0,  0> +
        ( 0.0000067,-0.0000007)|   2, 1, 0;0,  0;0,  0> +
        (-0.0000006,-0.0000062)|   2, 0, 1;0,  0;0,  0> +
        ( 0.0000005,-0.0000044)|   0, 1, 1;0,  0;0,  0> +
        ( 0.0000000,-0.0000037)|   2, 3, 3;0,  0;0,  0> +
        ( 0.0000020, 0.0000000)|   0, 1, 0;0,  0;0,  0> +
        ( 0.0000000,-0.0000019)|   0, 0, 1;0,  0;0,  0> +
        ( 0.0000018, 0.0000002)|   8, 0, 0;0,  0;0,  0> +
        ( 0.0000017, 0.0000001)|   4, 2, 2;0,  0;0,  0> +
        (-0.0000015, 0.0000000)|   2, 3, 2;0,  0;0,  0> +
        ( 0.0000014, 0.0000000)|   4, 0, 0;0,  0;0,  0> +
        ( 0.0000013,-0.0000001)|   9, 0, 0;0,  0;0,  0> +
        (-0.0000007, 0.0000010)|   0, 2, 0;0,  0;1,  0> +
        (-0.0000012,-0.0000001)|   2, 2, 0;0,  0;1,  0> +
        (-0.0000011,-0.0000000)|   7, 0, 0;0,  0;0,  0> +
        (-0.0000010, 0.0000001)|   0, 0, 1;1,  0;0,  0> +
         ...
 |10> = (-0.0000100, 0.7187804)|   1, 0, 1;0,  0;0,  0> +
        ( 0.6951170,-0.0000101)|   1, 1, 0;0,  0;0,  0> +
        ( 0.0124049,-0.0000000)|   4, 0, 0;0,  0;0,  0> +
        ( 0.0017504,-0.0000000)|   0, 2, 0;0,  0;0,  0> +
        (-0.0017503, 0.0000000)|   0, 0, 2;0,  0;0,  0> +
        ( 0.0014871, 0.0000000)|   3, 0, 0;0,  0;0,  0> +
        ( 0.0012601, 0.0000006)|   1, 2, 0;0,  0;0,  0> +
        ( 0.0010339,-0.0000006)|   1, 0, 2;0,  0;0,  0> +
        (-0.0001487,-0.0000000)|   0, 2, 2;0,  0;0,  0> +
        ( 0.0001160,-0.0000000)|   0, 1, 0;0,  0;0,  0> +
        (-0.0000000,-0.0001150)|   0, 0, 1;0,  0;0,  0> +
        ( 0.0000846, 0.0000006)|   2, 2, 0;0,  0;0,  0> +
        ( 0.0000840,-0.0000007)|   2, 0, 2;0,  0;0,  0> +
        (-0.0000000, 0.0000473)|   1, 0, 1;0,  0;1,  0> +
        ( 0.0000000,-0.0000473)|   1, 0, 1;1,  0;0,  0> +
        ( 0.0000457,-0.0000000)|   1, 1, 0;0,  0;1,  0> +
        (-0.0000457, 0.0000000)|   1, 1, 0;1,  0;0,  0> +
        ( 0.0000429,-0.0000001)|   0, 3, 0;0,  0;0,  0> +
        (-0.0000012, 0.0000401)|   2, 0, 1;0,  0;0,  0> +
        ( 0.0000001, 0.0000397)|   0, 0, 3;0,  0;0,  0> +
        ( 0.0000299, 0.0000003)|   2, 1, 0;0,  0;0,  0> +
        ( 0.0000000, 0.0000281)|   0, 2, 1;0,  0;0,  0> +
        ( 0.0000264,-0.0000000)|   0, 1, 2;0,  0;0,  0> +
        (-0.0000000,-0.0000244)|   0, 1, 1;0,  0;0,  0> +
        ( 0.0000105, 0.0000001)|   1, 2, 2;0,  0;0,  0> +
        ( 0.0000032,-0.0000005)|   3, 1, 0;0,  0;0,  0> +
        (-0.0000004, 0.0000025)|   3, 0, 1;0,  0;0,  0> +
        (-0.0000014,-0.0000001)|   8, 0, 0;0,  0;0,  0> +
        (-0.0000012,-0.0000002)|   5, 1, 0;0,  0;0,  0> +
        (-0.0000011,-0.0000004)|   4, 1, 0;0,  0;0,  0> +
         ...
 |11> = (-0.7308618, 0.0496645)|   2, 1, 0;0,  0;0,  0> +
        ( 0.0491849, 0.6785323)|   2, 0, 1;0,  0;0,  0> +
        (-0.0223755, 0.0000532)|   5, 0, 0;0,  0;0,  0> +
        ( 0.0000355,-0.0044922)|   0, 1, 1;0,  0;0,  0> +
        (-0.0001002,-0.0031354)|   0, 0, 3;0,  0;0,  0> +
        ( 0.0001493,-0.0019300)|   2, 2, 0;0,  0;0,  0> +
        ( 0.0000817, 0.0019300)|   2, 0, 2;0,  0;0,  0> +
        ( 0.0017673,-0.0000006)|   1, 2, 0;0,  0;0,  0> +
        (-0.0017660, 0.0000006)|   1, 0, 2;0,  0;0,  0> +
        (-0.0014464, 0.0000000)|   0, 2, 2;0,  0;0,  0> +
        ( 0.0000086, 0.0009498)|   0, 2, 3;0,  0;0,  0> +
        (-0.0009477, 0.0000160)|   2, 2, 2;0,  0;0,  0> +
        ( 0.0009147,-0.0000063)|   0, 3, 2;0,  0;0,  0> +
        ( 0.0008257, 0.0000001)|   1, 2, 2;0,  0;0,  0> +
        ( 0.0000145, 0.0005163)|   0, 2, 1;0,  0;0,  0> +
        ( 0.0005122,-0.0000509)|   0, 3, 0;0,  0;0,  0> +
        ( 0.0000004, 0.0004442)|   0, 3, 3;0,  0;0,  0> +
        (-0.0003294,-0.0000702)|   0, 1, 2;0,  0;0,  0> +
        (-0.0002798, 0.0000336)|   3, 2, 0;0,  0;0,  0> +
        (-0.0000027,-0.0002765)|   3, 0, 1;0,  0;0,  0> +
        (-0.0002712,-0.0000024)|   3, 1, 0;0,  0;0,  0> +
        (-0.0000532,-0.0002349)|   1, 0, 1;0,  0;0,  0> +
        ( 0.0002315,-0.0000535)|   1, 1, 0;0,  0;0,  0> +
        (-0.0001032, 0.0000003)|   0, 0, 2;0,  0;0,  0> +
        ( 0.0001032,-0.0000003)|   0, 2, 0;0,  0;0,  0> +
        ( 0.0001021,-0.0000000)|   4, 0, 0;0,  0;0,  0> +
        (-0.0000004, 0.0000986)|   1, 0, 3;0,  0;0,  0> +
        ( 0.0000836, 0.0000447)|   3, 0, 2;0,  0;0,  0> +
        ( 0.0000920,-0.0000001)|   1, 3, 0;0,  0;0,  0> +
        ( 0.0000576, 0.0000004)|   1, 1, 2;0,  0;0,  0> +
        (-0.0000007, 0.0000564)|   1, 2, 1;0,  0;0,  0> +
        (-0.0000481, 0.0000033)|   2, 1, 0;0,  0;1,  0> +
        ( 0.0000481,-0.0000033)|   2, 1, 0;1,  0;0,  0> +
        ( 0.0000032, 0.0000446)|   2, 0, 1;0,  0;1,  0> +
        (-0.0000032,-0.0000446)|   2, 0, 1;1,  0;0,  0> +
        (-0.0000001, 0.0000347)|   0, 3, 1;0,  0;0,  0> +
        (-0.0000277, 0.0000001)|   4, 0, 2;0,  0;0,  0> +
        (-0.0000275,-0.0000000)|   4, 2, 0;0,  0;0,  0> +
        ( 0.0000031, 0.0000004)|   5, 1, 0;0,  0;0,  0> +
        (-0.0000001, 0.0000027)|   0, 1, 3;0,  0;0,  0> +
        ( 0.0000015,-0.0000000)|   5, 0, 0;1,  0;0,  0> +
        (-0.0000015, 0.0000000)|   5, 0, 0;0,  0;1,  0> +
         ...
 |12> = (-0.0014562,-0.7325835)|   2, 0, 1;0,  0;0,  0> +
        (-0.6803744,-0.0017168)|   2, 1, 0;0,  0;0,  0> +
        (-0.0125873, 0.0000430)|   1, 1, 0;0,  0;0,  0> +
        ( 0.0000428, 0.0121435)|   1, 0, 1;0,  0;0,  0> +
        ( 0.0056753,-0.0000001)|   0, 2, 0;0,  0;0,  0> +
        (-0.0056752, 0.0000001)|   0, 0, 2;0,  0;0,  0> +
        ( 0.0040641, 0.0000000)|   4, 0, 0;0,  0;0,  0> +
        ( 0.0029573,-0.0000313)|   2, 2, 0;0,  0;0,  0> +
        ( 0.0028873, 0.0000313)|   2, 0, 2;0,  0;0,  0> +
        ( 0.0000018, 0.0011228)|   0, 1, 1;0,  0;0,  0> +
        ( 0.0010154, 0.0000014)|   1, 2, 0;0,  0;0,  0> +
        (-0.0009575,-0.0000014)|   1, 0, 2;0,  0;0,  0> +
        ( 0.0007079,-0.0000017)|   5, 0, 0;0,  0;0,  0> +
        ( 0.0004663,-0.0000125)|   0, 1, 2;0,  0;0,  0> +
        (-0.0003089,-0.0000113)|   0, 3, 0;0,  0;0,  0> +
        (-0.0003089, 0.0000000)|   0, 2, 2;0,  0;0,  0> +
        (-0.0001781,-0.0000000)|   1, 2, 2;0,  0;0,  0> +
        (-0.0001723, 0.0000004)|   2, 2, 2;0,  0;0,  0> +
        ( 0.0000001, 0.0000482)|   2, 0, 1;1,  0;0,  0> +
        (-0.0000001,-0.0000482)|   2, 0, 1;0,  0;1,  0> +
        (-0.0000448,-0.0000001)|   2, 1, 0;0,  0;1,  0> +
        ( 0.0000448, 0.0000001)|   2, 1, 0;1,  0;0,  0> +
        (-0.0000003,-0.0000312)|   0, 2, 3;0,  0;0,  0> +
        (-0.0000300, 0.0000002)|   0, 3, 2;0,  0;0,  0> +
        ( 0.0000260, 0.0000062)|   3, 2, 0;0,  0;0,  0> +
        ( 0.0000254, 0.0000077)|   3, 0, 2;0,  0;0,  0> +
        (-0.0000062, 0.0000139)|   0, 2, 1;0,  0;0,  0> +
        (-0.0000146, 0.0000010)|   0, 0, 3;0,  0;0,  0> +
        (-0.0000000,-0.0000145)|   0, 3, 3;0,  0;0,  0> +
        ( 0.0000093,-0.0000006)|   3, 1, 0;0,  0;0,  0> +
        (-0.0000006, 0.0000082)|   3, 0, 1;0,  0;0,  0> +
        (-0.0000000,-0.0000030)|   1, 0, 3;0,  0;0,  0> +
        (-0.0000028,-0.0000000)|   1, 3, 0;0,  0;0,  0> +
        ( 0.0000025, 0.0000000)|   3, 0, 0;0,  0;0,  0> +
        (-0.0000018,-0.0000000)|   1, 1, 2;0,  0;0,  0> +
        (-0.0000000,-0.0000017)|   1, 2, 1;0,  0;0,  0> +
        ( 0.0000000,-0.0000013)|   0, 3, 1;0,  0;0,  0> +
         ...
 |13> = ( 0.9996445, 0.0140891)|   7, 0, 0;0,  0;0,  0> +
        ( 0.0196925, 0.0048223)|   4, 1, 0;0,  0;0,  0> +
        ( 0.0048522, 0.0038864)|   4, 0, 1;0,  0;0,  0> +
        (-0.0001984,-0.0054561)|   1, 1, 1;0,  0;0,  0> +
        (-0.0000144,-0.0016745)|   2, 0, 2;0,  0;0,  0> +
        ( 0.0000144, 0.0016745)|   2, 2, 0;0,  0;0,  0> +
        ( 0.0000172,-0.0016719)|   2, 1, 3;0,  0;0,  0> +
        ( 0.0000682, 0.0016309)|   2, 0, 3;0,  0;0,  0> +
        (-0.0000656,-0.0015795)|   0, 0, 3;0,  0;0,  0> +
        (-0.0000029, 0.0015718)|   2, 3, 1;0,  0;0,  0> +
        ( 0.0000024, 0.0014978)|   3, 3, 3;0,  0;0,  0> +
        (-0.0000982,-0.0014681)|   1, 0, 3;0,  0;0,  0> +
        (-0.0013560, 0.0000809)|   2, 1, 2;0,  0;0,  0> +
        ( 0.0013169,-0.0000339)|   0, 3, 0;0,  0;0,  0> +
        ( 0.0000190, 0.0013138)|   0, 2, 1;0,  0;0,  0> +
        ( 0.0000146, 0.0012262)|   1, 1, 3;0,  0;0,  0> +
        (-0.0011894, 0.0000000)|   3, 2, 2;0,  0;0,  0> +
        ( 0.0001563, 0.0010249)|   1, 2, 1;0,  0;0,  0> +
        (-0.0009272,-0.0000356)|   0, 1, 2;0,  0;0,  0> +
        ( 0.0008539,-0.0000062)|   2, 3, 0;0,  0;0,  0> +
        (-0.0008147,-0.0000001)|   1, 2, 2;0,  0;0,  0> +
        ( 0.0007985,-0.0000002)|   3, 2, 0;0,  0;0,  0> +
        (-0.0000095,-0.0007578)|   2, 1, 1;0,  0;0,  0> +
        (-0.0003405, 0.0004398)|   3, 1, 0;0,  0;0,  0> +
        ( 0.0004378, 0.0003403)|   3, 0, 1;0,  0;0,  0> +
        (-0.0005352, 0.0000001)|   2, 2, 2;0,  0;0,  0> +
        ( 0.0000086,-0.0005343)|   0, 3, 1;0,  0;0,  0> +
        (-0.0005098,-0.0000023)|   0, 3, 2;0,  0;0,  0> +
        (-0.0004466, 0.0000068)|   4, 0, 2;0,  0;0,  0> +
        (-0.0000009, 0.0004413)|   2, 2, 3;0,  0;0,  0> +
        ( 0.0004346,-0.0000001)|   1, 3, 2;0,  0;0,  0> +
        ( 0.0004137,-0.0000008)|   3, 0, 2;0,  0;0,  0> +
        ( 0.0003789,-0.0000001)|   4, 2, 2;0,  0;0,  0> +
        ( 0.0000000,-0.0003712)|   0, 3, 3;0,  0;0,  0> +
        (-0.0000002, 0.0002600)|   1, 2, 3;0,  0;0,  0> +
        ( 0.0002259,-0.0000517)|   1, 3, 0;0,  0;0,  0> +
        (-0.0000000,-0.0002214)|   1, 3, 3;0,  0;0,  0> +
        ( 0.0001900, 0.0000796)|   1, 1, 2;0,  0;0,  0> +
        (-0.0000592, 0.0000929)|   0, 1, 3;0,  0;0,  0> +
        (-0.0000000, 0.0001025)|   2, 3, 3;0,  0;0,  0> +
        (-0.0000915,-0.0000070)|   4, 2, 0;0,  0;0,  0> +
        ( 0.0000822,-0.0000014)|   2, 3, 2;0,  0;0,  0> +
        (-0.0000439, 0.0000531)|   2, 2, 1;0,  0;0,  0> +
        (-0.0000658,-0.0000009)|   7, 0, 0;1,  0;0,  0> +
        ( 0.0000658, 0.0000009)|   7, 0, 0;0,  0;1,  0> +
        (-0.0000025, 0.0000407)|   0, 2, 3;0,  0;0,  0> +
        (-0.0000000,-0.0000332)|   4, 3, 3;0,  0;0,  0> +
        (-0.0000002, 0.0000237)|   3, 0, 3;0,  0;0,  0> +
        ( 0.0000202, 0.0000002)|   3, 3, 0;0,  0;0,  0> +
        (-0.0000000, 0.0000141)|   3, 2, 1;0,  0;0,  0> +
        ( 0.0000139,-0.0000004)|   1, 3, 1;0,  0;0,  0> +
        ( 0.0000109, 0.0000002)|   3, 1, 2;0,  0;0,  0> +
        (-0.0000006,-0.0000107)|   0, 1, 1;0,  0;0,  0> +
        (-0.0000059,-0.0000002)|   5, 0, 0;0,  0;0,  0> +
        ( 0.0000042, 0.0000000)|   3, 3, 2;0,  0;0,  0> +
        (-0.0000041,-0.0000004)|   8, 0, 0;0,  0;0,  0> +
        ( 0.0000000, 0.0000034)|   3, 2, 3;0,  0;0,  0> +
        ( 0.0000019, 0.0000001)|   1, 1, 0;0,  0;0,  0> +
        ( 0.0000001,-0.0000018)|   1, 0, 1;0,  0;0,  0> +
        (-0.0000013,-0.0000003)|   4, 1, 0;1,  0;0,  0> +
        ( 0.0000013, 0.0000003)|   4, 1, 0;0,  0;1,  0> +
        ( 0.0000012, 0.0000005)|   6, 0, 0;0,  0;0,  0> +
        (-0.0000011, 0.0000000)|   3, 0, 0;0,  0;0,  0> +
         ...
 |14> = (-0.4496100, 0.5558553)|   3, 1, 0;0,  0;0,  0> +
        ( 0.5532623, 0.4261159)|   3, 0, 1;0,  0;0,  0> +
        ( 0.0002307,-0.0238208)|   4, 0, 1;0,  0;0,  0> +
        (-0.0236452,-0.0001848)|   4, 1, 0;0,  0;0,  0> +
        (-0.0003152,-0.0057008)|   1, 1, 1;0,  0;0,  0> +
        ( 0.0033822,-0.0000207)|   3, 0, 2;0,  0;0,  0> +
        (-0.0019898, 0.0000211)|   3, 2, 0;0,  0;0,  0> +
        (-0.0001041,-0.0019048)|   0, 0, 3;0,  0;0,  0> +
        ( 0.0018093,-0.0000600)|   0, 3, 0;0,  0;0,  0> +
        (-0.0016333,-0.0001018)|   0, 1, 2;0,  0;0,  0> +
        ( 0.0005352,-0.0015403)|   0, 1, 3;0,  0;0,  0> +
        (-0.0014342,-0.0000140)|   4, 2, 2;0,  0;0,  0> +
        ( 0.0000063,-0.0013019)|   1, 0, 3;0,  0;0,  0> +
        (-0.0000013,-0.0012424)|   1, 1, 3;0,  0;0,  0> +
        ( 0.0011225, 0.0000099)|   0, 3, 2;0,  0;0,  0> +
        (-0.0000061,-0.0009855)|   2, 2, 0;0,  0;0,  0> +
        ( 0.0000061, 0.0009855)|   2, 0, 2;0,  0;0,  0> +
        (-0.0000258,-0.0009248)|   0, 2, 1;0,  0;0,  0> +
        (-0.0006959,-0.0000343)|   4, 0, 2;0,  0;0,  0> +
        (-0.0006845,-0.0000041)|   3, 2, 2;0,  0;0,  0> +
        (-0.0006251,-0.0000422)|   1, 3, 0;0,  0;0,  0> +
        (-0.0005690, 0.0001892)|   6, 0, 0;0,  0;0,  0> +
        (-0.0000762, 0.0004676)|   0, 3, 1;0,  0;0,  0> +
        ( 0.0000097, 0.0004662)|   0, 2, 3;0,  0;0,  0> +
        ( 0.0003734,-0.0000001)|   1, 2, 2;0,  0;0,  0> +
        (-0.0003433, 0.0000251)|   2, 3, 0;0,  0;0,  0> +
        (-0.0003319, 0.0000673)|   1, 1, 2;0,  0;0,  0> +
        ( 0.0000243,-0.0003277)|   2, 0, 3;0,  0;0,  0> +
        ( 0.0002946, 0.0000015)|   2, 3, 2;0,  0;0,  0> +
        (-0.0000005, 0.0002785)|   2, 2, 3;0,  0;0,  0> +
        (-0.0002592,-0.0000038)|   7, 0, 0;0,  0;0,  0> +
        ( 0.0000023,-0.0002411)|   2, 2, 1;0,  0;0,  0> +
        ( 0.0002124, 0.0000464)|   4, 2, 0;0,  0;0,  0> +
        (-0.0002054, 0.0000292)|   1, 3, 2;0,  0;0,  0> +
        (-0.0001659,-0.0000015)|   2, 1, 2;0,  0;0,  0> +
        (-0.0000000,-0.0001317)|   0, 3, 3;0,  0;0,  0> +
        (-0.0001123, 0.0000002)|   5, 0, 0;0,  0;0,  0> +
        ( 0.0000131,-0.0001113)|   1, 2, 3;0,  0;0,  0> +
        ( 0.0000151, 0.0000992)|   1, 2, 1;0,  0;0,  0> +
        (-0.0000157, 0.0000863)|   2, 3, 3;0,  0;0,  0> +
        (-0.0000081, 0.0000576)|   1, 3, 3;0,  0;0,  0> +
        (-0.0000296, 0.0000366)|   3, 1, 0;0,  0;1,  0> +
        ( 0.0000296,-0.0000366)|   3, 1, 0;1,  0;0,  0> +
        ( 0.0000364, 0.0000280)|   3, 0, 1;0,  0;1,  0> +
        (-0.0000364,-0.0000280)|   3, 0, 1;1,  0;0,  0> +
        ( 0.0000369, 0.0000000)|   2, 2, 2;0,  0;0,  0> +
        ( 0.0000005,-0.0000157)|   1, 3, 1;0,  0;0,  0> +
        ( 0.0000149,-0.0000000)|   0, 2, 2;0,  0;0,  0> +
        (-0.0000010,-0.0000133)|   2, 0, 1;0,  0;0,  0> +
        ( 0.0000106,-0.0000011)|   2, 1, 0;0,  0;0,  0> +
        ( 0.0000005,-0.0000087)|   0, 1, 1;0,  0;0,  0> +
        ( 0.0000001, 0.0000030)|   2, 1, 1;0,  0;0,  0> +
        ( 0.0000029, 0.0000006)|   5, 1, 0;0,  0;0,  0> +
        ( 0.0000001,-0.0000017)|   2, 3, 1;0,  0;0,  0> +
        (-0.0000005, 0.0000015)|   5, 0, 1;0,  0;0,  0> +
        (-0.0000000,-0.0000016)|   4, 0, 1;0,  0;1,  0> +
        ( 0.0000000, 0.0000016)|   4, 0, 1;1,  0;0,  0> +
        ( 0.0000016,-0.0000001)|   9, 0, 0;0,  0;0,  0> +
        ( 0.0000015, 0.0000000)|   4, 1, 0;1,  0;0,  0> +
        (-0.0000015,-0.0000000)|   4, 1, 0;0,  0;1,  0> +
        ( 0.0000014,-0.0000000)|   1, 1, 0;0,  0;0,  0> +
         ...
 |15> = (-0.0086707,-0.7152803)|   3, 0, 1;0,  0;0,  0> +
        (-0.6986886,-0.0081690)|   3, 1, 0;0,  0;0,  0> +
        (-0.0066419, 0.0000013)|   5, 0, 0;0,  0;0,  0> +
        ( 0.0018560,-0.0000487)|   0, 1, 2;0,  0;0,  0> +
        ( 0.0018453,-0.0000851)|   0, 3, 0;0,  0;0,  0> +
        (-0.0014548, 0.0000056)|   3, 2, 0;0,  0;0,  0> +
        (-0.0013091, 0.0000014)|   4, 0, 2;0,  0;0,  0> +
        ( 0.0000011, 0.0012371)|   0, 3, 1;0,  0;0,  0> +
        (-0.0012093,-0.0000017)|   4, 2, 0;0,  0;0,  0> +
        ( 0.0011483,-0.0000055)|   3, 0, 2;0,  0;0,  0> +
        (-0.0000000, 0.0011019)|   0, 3, 3;0,  0;0,  0> +
        (-0.0010706,-0.0000019)|   1, 3, 0;0,  0;0,  0> +
        (-0.0000027,-0.0010452)|   1, 0, 3;0,  0;0,  0> +
        ( 0.0006502, 0.0000010)|   6, 0, 0;0,  0;0,  0> +
        (-0.0006055,-0.0000014)|   1, 1, 2;0,  0;0,  0> +
        ( 0.0000027,-0.0005977)|   1, 2, 1;0,  0;0,  0> +
        (-0.0000393, 0.0005888)|   0, 2, 1;0,  0;0,  0> +
        (-0.0004739,-0.0000025)|   0, 3, 2;0,  0;0,  0> +
        (-0.0004638,-0.0000038)|   3, 2, 2;0,  0;0,  0> +
        ( 0.0003823,-0.0000266)|   2, 1, 0;0,  0;0,  0> +
        (-0.0000264,-0.0003791)|   2, 0, 1;0,  0;0,  0> +
        (-0.0000053, 0.0003642)|   4, 0, 1;0,  0;0,  0> +
        (-0.0000002,-0.0003607)|   0, 1, 1;0,  0;0,  0> +
        ( 0.0003560, 0.0000010)|   4, 1, 0;0,  0;0,  0> +
        (-0.0000039,-0.0003199)|   2, 2, 0;0,  0;0,  0> +
        ( 0.0000008, 0.0003199)|   2, 0, 2;0,  0;0,  0> +
        (-0.0002492,-0.0000000)|   1, 2, 2;0,  0;0,  0> +
        ( 0.0002076, 0.0000000)|   2, 2, 2;0,  0;0,  0> +
        (-0.0000078, 0.0002023)|   0, 1, 3;0,  0;0,  0> +
        (-0.0000906,-0.0000700)|   0, 0, 3;0,  0;0,  0> +
        (-0.0001099,-0.0000000)|   0, 2, 2;0,  0;0,  0> +
        ( 0.0000056, 0.0001096)|   1, 1, 1;0,  0;0,  0> +
        (-0.0000789, 0.0000000)|   1, 2, 0;0,  0;0,  0> +
        ( 0.0000789,-0.0000000)|   1, 0, 2;0,  0;0,  0> +
        ( 0.0000006, 0.0000471)|   3, 0, 1;1,  0;0,  0> +
        (-0.0000006,-0.0000471)|   3, 0, 1;0,  0;1,  0> +
        ( 0.0000460, 0.0000005)|   3, 1, 0;1,  0;0,  0> +
        (-0.0000460,-0.0000005)|   3, 1, 0;0,  0;1,  0> +
        (-0.0000227,-0.0000003)|   2, 3, 0;0,  0;0,  0> +
        ( 0.0000219, 0.0000002)|   4, 2, 2;0,  0;0,  0> +
        ( 0.0000000, 0.0000191)|   1, 1, 3;0,  0;0,  0> +
        (-0.0000004,-0.0000159)|   2, 0, 3;0,  0;0,  0> +
        (-0.0000026, 0.0000127)|   0, 2, 3;0,  0;0,  0> +
        (-0.0000114, 0.0000001)|   2, 1, 2;0,  0;0,  0> +
        (-0.0000001,-0.0000090)|   2, 2, 1;0,  0;0,  0> +
        (-0.0000046,-0.0000000)|   2, 3, 2;0,  0;0,  0> +
        ( 0.0000000,-0.0000043)|   2, 2, 3;0,  0;0,  0> +
        ( 0.0000041, 0.0000001)|   7, 0, 0;0,  0;0,  0> +
        (-0.0000037,-0.0000000)|   5, 1, 0;0,  0;0,  0> +
        ( 0.0000000, 0.0000035)|   1, 0, 1;0,  0;0,  0> +
        ( 0.0000002, 0.0000033)|   5, 0, 1;0,  0;0,  0> +
        ( 0.0000001,-0.0000032)|   1, 3, 3;0,  0;0,  0> +
        (-0.0000031, 0.0000000)|   0, 2, 0;0,  0;0,  0> +
        ( 0.0000031,-0.0000000)|   0, 0, 2;0,  0;0,  0> +
        ( 0.0000028,-0.0000004)|   1, 3, 2;0,  0;0,  0> +
        ( 0.0000000, 0.0000015)|   0, 0, 1;0,  0;0,  0> +
        (-0.0000002, 0.0000015)|   1, 2, 3;0,  0;0,  0> +
        ( 0.0000014,-0.0000001)|   9, 0, 0;0,  0;0,  0> +
        ( 0.0000002,-0.0000013)|   2, 3, 3;0,  0;0,  0> +
         ...
 |16> = (-0.9949957,-0.0979876)|   8, 0, 0;0,  0;0,  0> +
        (-0.0001633,-0.0185417)|   2, 1, 1;0,  0;0,  0> +
        ( 0.0030087,-0.0000973)|   4, 2, 0;0,  0;0,  0> +
        (-0.0000660, 0.0023760)|   2, 3, 1;0,  0;0,  0> +
        (-0.0015909,-0.0000053)|   1, 1, 2;0,  0;0,  0> +
        (-0.0013822, 0.0001002)|   4, 0, 2;0,  0;0,  0> +
        (-0.0000628, 0.0011812)|   2, 1, 3;0,  0;0,  0> +
        (-0.0000405,-0.0011505)|   0, 3, 1;0,  0;0,  0> +
        (-0.0001674, 0.0011212)|   1, 0, 3;0,  0;0,  0> +
        ( 0.0002798,-0.0009925)|   0, 1, 3;0,  0;0,  0> +
        (-0.0008428,-0.0005483)|   4, 1, 0;0,  0;0,  0> +
        (-0.0005489, 0.0008223)|   4, 0, 1;0,  0;0,  0> +
        ( 0.0000434,-0.0008836)|   3, 0, 3;0,  0;0,  0> +
        (-0.0003999,-0.0007543)|   1, 2, 1;0,  0;0,  0> +
        (-0.0007104,-0.0003957)|   1, 3, 0;0,  0;0,  0> +
        (-0.0007792, 0.0000604)|   3, 3, 0;0,  0;0,  0> +
        (-0.0007802, 0.0000000)|   4, 2, 2;0,  0;0,  0> +
        ( 0.0000445, 0.0007292)|   0, 2, 1;0,  0;0,  0> +
        (-0.0000007,-0.0006948)|   1, 2, 3;0,  0;0,  0> +
        (-0.0000046, 0.0006922)|   0, 2, 3;0,  0;0,  0> +
        (-0.0004081, 0.0005478)|   1, 3, 1;0,  0;0,  0> +
        ( 0.0006545, 0.0000000)|   1, 2, 2;0,  0;0,  0> +
        ( 0.0006191, 0.0000255)|   5, 1, 0;0,  0;0,  0> +
        (-0.0005981, 0.0000497)|   0, 3, 0;0,  0;0,  0> +
        (-0.0005743,-0.0000008)|   1, 3, 2;0,  0;0,  0> +
        (-0.0005459,-0.0000416)|   3, 1, 2;0,  0;0,  0> +
        ( 0.0004479,-0.0000115)|   2, 1, 2;0,  0;0,  0> +
        (-0.0000441,-0.0004286)|   5, 0, 1;0,  0;0,  0> +
        ( 0.0000193,-0.0004246)|   3, 2, 1;0,  0;0,  0> +
        ( 0.0004002,-0.0000299)|   2, 3, 0;0,  0;0,  0> +
        ( 0.0000518, 0.0003978)|   0, 0, 3;0,  0;0,  0> +
        (-0.0003827, 0.0000482)|   0, 1, 2;0,  0;0,  0> +
        (-0.0003815,-0.0000047)|   0, 3, 2;0,  0;0,  0> +
        (-0.0003612,-0.0000000)|   2, 2, 2;0,  0;0,  0> +
        (-0.0000114, 0.0002058)|   2, 2, 1;0,  0;0,  0> +
        ( 0.0000000, 0.0002061)|   3, 3, 3;0,  0;0,  0> +
        ( 0.0000001, 0.0001900)|   1, 3, 3;0,  0;0,  0> +
        ( 0.0000031,-0.0001807)|   1, 1, 3;0,  0;0,  0> +
        (-0.0001590, 0.0000039)|   5, 2, 0;0,  0;0,  0> +
        (-0.0000001, 0.0001357)|   4, 3, 3;0,  0;0,  0> +
        ( 0.0001332,-0.0000102)|   4, 3, 2;0,  0;0,  0> +
        (-0.0000324, 0.0001243)|   2, 0, 3;0,  0;0,  0> +
        ( 0.0000093, 0.0001270)|   4, 2, 3;0,  0;0,  0> +
        ( 0.0001142, 0.0000054)|   2, 3, 2;0,  0;0,  0> +
        (-0.0001118, 0.0000032)|   5, 0, 2;0,  0;0,  0> +
        ( 0.0000002,-0.0000983)|   2, 3, 3;0,  0;0,  0> +
        ( 0.0000981,-0.0000000)|   3, 2, 2;0,  0;0,  0> +
        ( 0.0000000, 0.0000959)|   0, 3, 3;0,  0;0,  0> +
        ( 0.0000076, 0.0000777)|   5, 3, 3;0,  0;0,  0> +
        ( 0.0000053,-0.0000660)|   2, 2, 3;0,  0;0,  0> +
        (-0.0000655,-0.0000064)|   8, 0, 0;0,  0;1,  0> +
        ( 0.0000655, 0.0000064)|   8, 0, 0;1,  0;0,  0> +
        ( 0.0000546,-0.0000168)|   3, 3, 2;0,  0;0,  0> +
        (-0.0000015,-0.0000453)|   1, 1, 1;0,  0;0,  0> +
        ( 0.0000282, 0.0000000)|   3, 2, 0;0,  0;0,  0> +
        (-0.0000266, 0.0000000)|   3, 0, 2;0,  0;0,  0> +
        (-0.0000168, 0.0000190)|   3, 2, 3;0,  0;0,  0> +
        ( 0.0000146,-0.0000007)|   5, 2, 2;0,  0;0,  0> +
        ( 0.0000060,-0.0000000)|   6, 3, 3;0,  0;0,  0> +
        (-0.0000000, 0.0000046)|   3, 1, 3;0,  0;0,  0> +
        (-0.0000013,-0.0000036)|   3, 0, 1;0,  0;0,  0> +
        (-0.0000001,-0.0000037)|   3, 1, 1;0,  0;0,  0> +
        (-0.0000035,-0.0000004)|   6, 0, 0;0,  0;0,  0> +
        (-0.0000000,-0.0000029)|   3, 3, 1;0,  0;0,  0> +
        ( 0.0000023, 0.0000006)|   7, 0, 0;0,  0;0,  0> +
        (-0.0000020,-0.0000013)|   3, 1, 0;0,  0;0,  0> +
        (-0.0000000,-0.0000022)|   0, 1, 1;0,  0;0,  0> +
        (-0.0000000, 0.0000020)|   4, 0, 3;0,  0;0,  0> +
        ( 0.0000017, 0.0000001)|   4, 3, 0;0,  0;0,  0> +
        ( 0.0000017, 0.0000000)|   5, 0, 0;0,  0;0,  0> +
        (-0.0000016, 0.0000002)|   9, 0, 0;0,  0;0,  0> +
        (-0.0000001, 0.0000012)|   4, 2, 1;0,  0;0,  0> +
        (-0.0000000,-0.0000012)|   2, 1, 1;0,  0;1,  0> +
        ( 0.0000000, 0.0000012)|   2, 1, 1;1,  0;0,  0> +
        ( 0.0000011, 0.0000000)|   4, 1, 2;0,  0;0,  0> +
        (-0.0000000,-0.0000011)|   1, 0, 1;0,  0;0,  0> +
        (-0.0000001,-0.0000010)|   2, 2, 0;0,  0;0,  0> +
        ( 0.0000001, 0.0000010)|   2, 0, 2;0,  0;0,  0> +
         ...
 |17> = ( 0.9963987,-0.0815071)|   9, 0, 0;0,  0;0,  0> +
        (-0.0024692, 0.0149363)|   5, 0, 1;0,  0;0,  0> +
        ( 0.0104249, 0.0031177)|   5, 1, 0;0,  0;0,  0> +
        ( 0.0000156,-0.0099243)|   6, 0, 1;0,  0;0,  0> +
        ( 0.0079252,-0.0002244)|   6, 1, 0;0,  0;0,  0> +
        ( 0.0000644,-0.0023581)|   2, 2, 1;0,  0;0,  0> +
        ( 0.0000259,-0.0021837)|   3, 0, 3;0,  0;0,  0> +
        ( 0.0000180,-0.0020974)|   4, 1, 1;0,  0;0,  0> +
        (-0.0001915, 0.0020254)|   1, 2, 1;0,  0;0,  0> +
        (-0.0016499,-0.0001599)|   2, 3, 0;0,  0;0,  0> +
        (-0.0016034,-0.0000233)|   5, 0, 2;0,  0;0,  0> +
        (-0.0001634,-0.0013465)|   2, 0, 3;0,  0;0,  0> +
        (-0.0000262,-0.0013501)|   3, 1, 1;0,  0;0,  0> +
        (-0.0012837, 0.0000122)|   5, 3, 2;0,  0;0,  0> +
        (-0.0000118,-0.0011753)|   5, 2, 3;0,  0;0,  0> +
        ( 0.0011629, 0.0000207)|   5, 2, 0;0,  0;0,  0> +
        (-0.0000136,-0.0010915)|   1, 1, 3;0,  0;0,  0> +
        (-0.0004255,-0.0009923)|   1, 0, 3;0,  0;0,  0> +
        (-0.0009963, 0.0001051)|   1, 1, 2;0,  0;0,  0> +
        (-0.0000087, 0.0008490)|   2, 1, 3;0,  0;0,  0> +
        ( 0.0002672,-0.0007794)|   0, 1, 3;0,  0;0,  0> +
        ( 0.0003916,-0.0005941)|   1, 3, 0;0,  0;0,  0> +
        ( 0.0000014,-0.0006988)|   2, 3, 1;0,  0;0,  0> +
        ( 0.0000092,-0.0006152)|   3, 1, 3;0,  0;0,  0> +
        ( 0.0005416,-0.0000000)|   3, 2, 2;0,  0;0,  0> +
        (-0.0000043, 0.0005320)|   0, 2, 3;0,  0;0,  0> +
        (-0.0000028,-0.0005301)|   1, 2, 3;0,  0;0,  0> +
        (-0.0000000,-0.0004343)|   3, 3, 3;0,  0;0,  0> +
        (-0.0004269,-0.0000042)|   0, 3, 2;0,  0;0,  0> +
        ( 0.0000043, 0.0003765)|   4, 2, 3;0,  0;0,  0> +
        (-0.0000040, 0.0003744)|   3, 3, 1;0,  0;0,  0> +
        ( 0.0003143, 0.0000015)|   3, 3, 2;0,  0;0,  0> +
        ( 0.0001031, 0.0002820)|   5, 3, 3;0,  0;0,  0> +
        (-0.0002880,-0.0000074)|   6, 2, 2;0,  0;0,  0> +
        (-0.0000001, 0.0002571)|   4, 3, 3;0,  0;0,  0> +
        ( 0.0000000, 0.0002360)|   2, 3, 3;0,  0;0,  0> +
        ( 0.0002247, 0.0000002)|   4, 2, 2;0,  0;0,  0> +
        (-0.0002006, 0.0000526)|   3, 3, 0;0,  0;0,  0> +
        ( 0.0001961, 0.0000574)|   2, 1, 2;0,  0;0,  0> +
        ( 0.0001142,-0.0001577)|   1, 3, 1;0,  0;0,  0> +
        (-0.0000285,-0.0001804)|   4, 1, 3;0,  0;0,  0> +
        ( 0.0001713,-0.0000195)|   6, 3, 3;0,  0;0,  0> +
        ( 0.0001638,-0.0000009)|   5, 2, 2;0,  0;0,  0> +
        ( 0.0000000,-0.0001359)|   0, 3, 3;0,  0;0,  0> +
        ( 0.0000363,-0.0001172)|   3, 2, 1;0,  0;0,  0> +
        ( 0.0001180, 0.0000018)|   3, 1, 2;0,  0;0,  0> +
        ( 0.0000990,-0.0000038)|   4, 0, 2;0,  0;0,  0> +
        (-0.0000921, 0.0000315)|   7, 3, 3;0,  0;0,  0> +
        (-0.0000933, 0.0000035)|   4, 2, 0;0,  0;0,  0> +
        (-0.0000000, 0.0000851)|   1, 3, 3;0,  0;0,  0> +
        ( 0.0000051, 0.0000741)|   4, 3, 1;0,  0;0,  0> +
        ( 0.0000656,-0.0000054)|   9, 0, 0;0,  0;1,  0> +
        (-0.0000656, 0.0000054)|   9, 0, 0;1,  0;0,  0> +
        ( 0.0000619, 0.0000124)|   4, 3, 0;0,  0;0,  0> +
        (-0.0000388, 0.0000482)|   0, 3, 1;0,  0;0,  0> +
        ( 0.0000014, 0.0000525)|   3, 2, 3;0,  0;0,  0> +
        ( 0.0000064, 0.0000392)|   4, 2, 1;0,  0;0,  0> +
        (-0.0000010, 0.0000380)|   2, 2, 3;0,  0;0,  0> +
        ( 0.0000203,-0.0000180)|   4, 1, 2;0,  0;0,  0> +
        (-0.0000250,-0.0000027)|   1, 3, 2;0,  0;0,  0> +
        (-0.0000199, 0.0000091)|   8, 3, 3;0,  0;0,  0> +
        (-0.0000207, 0.0000002)|   6, 3, 2;0,  0;0,  0> +
        (-0.0000002,-0.0000198)|   6, 2, 3;0,  0;0,  0> +
        (-0.0000059, 0.0000159)|   4, 0, 3;0,  0;0,  0> +
        (-0.0000010,-0.0000134)|   0, 2, 1;0,  0;0,  0> +
        ( 0.0000133,-0.0000008)|   2, 3, 2;0,  0;0,  0> +
        (-0.0000133,-0.0000003)|  10, 0, 0;0,  0;0,  0> +
        ( 0.0000067,-0.0000008)|   0, 1, 2;0,  0;0,  0> +
        ( 0.0000061,-0.0000009)|   0, 3, 0;0,  0;0,  0> +
        ( 0.0000059, 0.0000001)|   7, 0, 0;0,  0;0,  0> +
        ( 0.0000034, 0.0000041)|   4, 3, 2;0,  0;0,  0> +
        ( 0.0000050,-0.0000015)|   9, 3, 3;0,  0;0,  0> +
        ( 0.0000036,-0.0000036)|   3, 1, 0;0,  0;0,  0> +
        ( 0.0000001, 0.0000043)|   1, 1, 1;0,  0;0,  0> +
        (-0.0000036,-0.0000019)|   3, 0, 1;0,  0;0,  0> +
        ( 0.0000026, 0.0000003)|   6, 0, 0;0,  0;0,  0> +
        (-0.0000007,-0.0000022)|   0, 0, 3;0,  0;0,  0> +
        (-0.0000022,-0.0000001)|   4, 1, 0;0,  0;0,  0> +
        (-0.0000003,-0.0000018)|   4, 0, 1;0,  0;0,  0> +
        (-0.0000017,-0.0000001)|  11, 0, 0;0,  0;0,  0> +
         ...
 |18> = (-0.7235127,-0.0104972)|   4, 1, 0;0,  0;0,  0> +
        (-0.0122406,-0.6890015)|   4, 0, 1;0,  0;0,  0> +
        ( 0.0145195,-0.0187872)|   3, 1, 0;0,  0;0,  0> +
        (-0.0186996,-0.0144758)|   3, 0, 1;0,  0;0,  0> +
        ( 0.0170500, 0.0002534)|   7, 0, 0;0,  0;0,  0> +
        (-0.0067531, 0.0000161)|   3, 0, 2;0,  0;0,  0> +
        ( 0.0060812,-0.0000160)|   3, 2, 0;0,  0;0,  0> +
        (-0.0037089, 0.0000718)|   4, 2, 0;0,  0;0,  0> +
        (-0.0000610,-0.0026114)|   1, 1, 1;0,  0;0,  0> +
        ( 0.0000429,-0.0018789)|   0, 3, 1;0,  0;0,  0> +
        ( 0.0017896,-0.0000370)|   0, 1, 2;0,  0;0,  0> +
        ( 0.0017423,-0.0000061)|   2, 3, 0;0,  0;0,  0> +
        ( 0.0017379,-0.0000760)|   4, 0, 2;0,  0;0,  0> +
        (-0.0000840,-0.0017165)|   0, 2, 1;0,  0;0,  0> +
        (-0.0000168, 0.0016142)|   2, 0, 3;0,  0;0,  0> +
        (-0.0015207,-0.0000103)|   0, 3, 2;0,  0;0,  0> +
        (-0.0000422,-0.0013972)|   1, 1, 3;0,  0;0,  0> +
        (-0.0000253, 0.0012251)|   1, 2, 1;0,  0;0,  0> +
        ( 0.0009634,-0.0000058)|   2, 1, 2;0,  0;0,  0> +
        ( 0.0000124, 0.0009243)|   2, 2, 1;0,  0;0,  0> +
        ( 0.0008361,-0.0001076)|   1, 3, 0;0,  0;0,  0> +
        ( 0.0008278, 0.0000440)|   1, 1, 2;0,  0;0,  0> +
        (-0.0007645, 0.0000000)|   1, 2, 2;0,  0;0,  0> +
        (-0.0000102, 0.0007637)|   0, 2, 3;0,  0;0,  0> +
        ( 0.0000000, 0.0007448)|   0, 3, 3;0,  0;0,  0> +
        (-0.0002937, 0.0006743)|   0, 1, 3;0,  0;0,  0> +
        (-0.0006506, 0.0000018)|   4, 2, 2;0,  0;0,  0> +
        (-0.0000678, 0.0005456)|   1, 0, 3;0,  0;0,  0> +
        ( 0.0005359, 0.0000001)|   3, 2, 2;0,  0;0,  0> +
        (-0.0004915, 0.0000001)|   2, 2, 2;0,  0;0,  0> +
        (-0.0000086,-0.0004476)|   2, 2, 3;0,  0;0,  0> +
        (-0.0003878,-0.0000611)|   0, 3, 0;0,  0;0,  0> +
        (-0.0003789, 0.0000028)|   2, 3, 2;0,  0;0,  0> +
        (-0.0000338, 0.0003495)|   0, 0, 3;0,  0;0,  0> +
        (-0.0002412,-0.0000079)|   6, 0, 0;0,  0;0,  0> +
        ( 0.0000034,-0.0002039)|   2, 3, 3;0,  0;0,  0> +
        ( 0.0000029, 0.0001237)|   2, 0, 2;0,  0;0,  0> +
        (-0.0000029,-0.0001237)|   2, 2, 0;0,  0;0,  0> +
        ( 0.0000003, 0.0001215)|   2, 1, 1;0,  0;0,  0> +
        ( 0.0000002, 0.0001011)|   1, 3, 3;0,  0;0,  0> +
        (-0.0000242,-0.0000803)|   1, 2, 3;0,  0;0,  0> +
        (-0.0000605,-0.0000249)|   1, 3, 2;0,  0;0,  0> +
        ( 0.0000476, 0.0000007)|   4, 1, 0;1,  0;0,  0> +
        (-0.0000476,-0.0000007)|   4, 1, 0;0,  0;1,  0> +
        (-0.0000008,-0.0000453)|   4, 0, 1;0,  0;1,  0> +
        ( 0.0000008, 0.0000453)|   4, 0, 1;1,  0;0,  0> +
        ( 0.0000412, 0.0000041)|   8, 0, 0;0,  0;0,  0> +
        ( 0.0000005,-0.0000326)|   2, 1, 3;0,  0;0,  0> +
        (-0.0000009, 0.0000298)|   2, 3, 1;0,  0;0,  0> +
        ( 0.0000041,-0.0000261)|   1, 3, 1;0,  0;0,  0> +
        (-0.0000003, 0.0000174)|   3, 3, 3;0,  0;0,  0> +
        ( 0.0000001,-0.0000125)|   4, 3, 3;0,  0;0,  0> +
        (-0.0000063,-0.0000005)|   5, 1, 0;0,  0;0,  0> +
        ( 0.0000003, 0.0000051)|   2, 0, 1;0,  0;0,  0> +
        (-0.0000000, 0.0000046)|   6, 0, 1;0,  0;0,  0> +
        ( 0.0000045, 0.0000001)|   5, 0, 0;0,  0;0,  0> +
        (-0.0000036, 0.0000004)|   2, 1, 0;0,  0;0,  0> +
        ( 0.0000006, 0.0000025)|   5, 0, 1;0,  0;0,  0> +
        ( 0.0000001,-0.0000023)|   0, 1, 1;0,  0;0,  0> +
        (-0.0000010, 0.0000012)|   3, 1, 0;1,  0;0,  0> +
        ( 0.0000010,-0.0000012)|   3, 1, 0;0,  0;1,  0> +
        ( 0.0000012, 0.0000009)|   3, 0, 1;1,  0;0,  0> +
        (-0.0000012,-0.0000009)|   3, 0, 1;0,  0;1,  0> +
        ( 0.0000005,-0.0000011)|  13, 0, 0;0,  0;0,  0> +
        ( 0.0000011, 0.0000000)|   7, 0, 0;0,  0;1,  0> +
        (-0.0000011,-0.0000000)|   7, 0, 0;1,  0;0,  0> +
         ...
 |19> = (-0.3889352, 0.6106408)|   4, 0, 1;0,  0;0,  0> +
        (-0.5689827,-0.3889613)|   4, 1, 0;0,  0;0,  0> +
        (-0.0007655,-0.0242285)|   1, 1, 1;0,  0;0,  0> +
        ( 0.0124610, 0.0006163)|   7, 0, 0;0,  0;0,  0> +
        ( 0.0000176, 0.0050639)|   2, 1, 1;0,  0;0,  0> +
        (-0.0047156, 0.0002073)|   4, 0, 2;0,  0;0,  0> +
        ( 0.0030971,-0.0002052)|   4, 2, 0;0,  0;0,  0> +
        ( 0.0000412, 0.0015122)|   0, 2, 1;0,  0;0,  0> +
        ( 0.0013807,-0.0000000)|   2, 2, 2;0,  0;0,  0> +
        ( 0.0013312, 0.0001311)|   8, 0, 0;0,  0;0,  0> +
        (-0.0001272,-0.0012136)|   1, 2, 1;0,  0;0,  0> +
        ( 0.0010848, 0.0000000)|   1, 2, 2;0,  0;0,  0> +
        (-0.0010735,-0.0001167)|   1, 1, 2;0,  0;0,  0> +
        (-0.0000117,-0.0010186)|   0, 3, 1;0,  0;0,  0> +
        (-0.0000342,-0.0009653)|   1, 1, 3;0,  0;0,  0> +
        ( 0.0008856,-0.0000000)|   3, 2, 2;0,  0;0,  0> +
        (-0.0008660, 0.0000277)|   1, 3, 0;0,  0;0,  0> +
        (-0.0000080,-0.0008188)|   0, 0, 3;0,  0;0,  0> +
        ( 0.0007370,-0.0000085)|   1, 3, 2;0,  0;0,  0> +
        ( 0.0000297,-0.0007031)|   2, 2, 3;0,  0;0,  0> +
        ( 0.0005240, 0.0004446)|   3, 0, 1;0,  0;0,  0> +
        (-0.0004375, 0.0005265)|   3, 1, 0;0,  0;0,  0> +
        (-0.0006776, 0.0000074)|   4, 2, 2;0,  0;0,  0> +
        (-0.0005786, 0.0000155)|   0, 1, 2;0,  0;0,  0> +
        ( 0.0000000,-0.0004778)|   0, 3, 3;0,  0;0,  0> +
        (-0.0000088, 0.0004359)|   1, 2, 3;0,  0;0,  0> +
        ( 0.0000026,-0.0004069)|   4, 3, 3;0,  0;0,  0> +
        ( 0.0000823,-0.0003251)|   0, 1, 3;0,  0;0,  0> +
        ( 0.0002989,-0.0000696)|   2, 1, 2;0,  0;0,  0> +
        (-0.0000113,-0.0002933)|   3, 3, 3;0,  0;0,  0> +
        ( 0.0002784, 0.0000069)|   0, 3, 0;0,  0;0,  0> +
        ( 0.0002669,-0.0000003)|   3, 2, 0;0,  0;0,  0> +
        (-0.0002638, 0.0000006)|   3, 0, 2;0,  0;0,  0> +
        (-0.0000187,-0.0002579)|   2, 0, 3;0,  0;0,  0> +
        ( 0.0000003,-0.0001473)|   0, 2, 3;0,  0;0,  0> +
        (-0.0001341, 0.0000010)|   2, 3, 0;0,  0;0,  0> +
        (-0.0001097, 0.0000002)|   0, 3, 2;0,  0;0,  0> +
        (-0.0000254,-0.0000977)|   2, 2, 1;0,  0;0,  0> +
        (-0.0000019, 0.0000933)|   2, 1, 3;0,  0;0,  0> +
        ( 0.0000343, 0.0000833)|   1, 0, 3;0,  0;0,  0> +
        ( 0.0000445, 0.0000743)|   2, 3, 2;0,  0;0,  0> +
        ( 0.0000001,-0.0000551)|   1, 3, 3;0,  0;0,  0> +
        (-0.0000256, 0.0000402)|   4, 0, 1;0,  0;1,  0> +
        ( 0.0000256,-0.0000402)|   4, 0, 1;1,  0;0,  0> +
        ( 0.0000374, 0.0000256)|   4, 1, 0;1,  0;0,  0> +
        (-0.0000374,-0.0000256)|   4, 1, 0;0,  0;1,  0> +
        (-0.0000240,-0.0000350)|   2, 3, 1;0,  0;0,  0> +
        ( 0.0000139,-0.0000263)|   1, 3, 1;0,  0;0,  0> +
        (-0.0000069, 0.0000074)|   3, 0, 3;0,  0;0,  0> +
        ( 0.0000091, 0.0000006)|   6, 0, 0;0,  0;0,  0> +
        ( 0.0000083, 0.0000006)|   5, 1, 0;0,  0;0,  0> +
        (-0.0000040, 0.0000053)|   3, 3, 0;0,  0;0,  0> +
        (-0.0000017, 0.0000056)|   2, 3, 3;0,  0;0,  0> +
        ( 0.0000047, 0.0000004)|   3, 3, 2;0,  0;0,  0> +
        (-0.0000005,-0.0000046)|   5, 0, 1;0,  0;0,  0> +
        (-0.0000022, 0.0000040)|   3, 2, 1;0,  0;0,  0> +
        (-0.0000000, 0.0000041)|   0, 1, 1;0,  0;0,  0> +
        ( 0.0000019, 0.0000033)|   3, 1, 2;0,  0;0,  0> +
        (-0.0000002, 0.0000033)|   3, 2, 3;0,  0;0,  0> +
        (-0.0000000,-0.0000023)|   6, 0, 1;0,  0;0,  0> +
        (-0.0000022, 0.0000000)|   5, 0, 0;0,  0;0,  0> +
        (-0.0000000,-0.0000020)|   1, 0, 1;0,  0;0,  0> +
        (-0.0000001,-0.0000019)|   2, 0, 1;0,  0;0,  0> +
        (-0.0000018,-0.0000001)|  10, 0, 0;0,  0;0,  0> +
        (-0.0000001,-0.0000016)|   1, 1, 1;0,  0;1,  0> +
        ( 0.0000001, 0.0000016)|   1, 1, 1;1,  0;0,  0> +
        ( 0.0000015,-0.0000001)|   2, 1, 0;0,  0;0,  0> +
        ( 0.0000012,-0.0000000)|   6, 1, 0;0,  0;0,  0> +
        (-0.0000011,-0.0000001)|  11, 0, 0;0,  0;0,  0> +
         ...
 |20> = ( 0.8334721, 0.0369449)|   5, 1, 0;0,  0;0,  0> +
        (-0.0575435,-0.5482068)|   5, 0, 1;0,  0;0,  0> +
        (-0.0044471,-0.0000013)|   2, 3, 0;0,  0;0,  0> +
        ( 0.0000374, 0.0041914)|   2, 1, 1;0,  0;0,  0> +
        (-0.0032956, 0.0001482)|   4, 0, 2;0,  0;0,  0> +
        ( 0.0032610,-0.0001448)|   4, 2, 0;0,  0;0,  0> +
        (-0.0031893, 0.0004233)|   1, 1, 2;0,  0;0,  0> +
        ( 0.0004409, 0.0030770)|   2, 2, 1;0,  0;0,  0> +
        ( 0.0000521,-0.0025295)|   0, 3, 1;0,  0;0,  0> +
        ( 0.0019359, 0.0006012)|   1, 3, 0;0,  0;0,  0> +
        ( 0.0016661, 0.0000132)|   2, 1, 2;0,  0;0,  0> +
        ( 0.0004515, 0.0015373)|   1, 0, 3;0,  0;0,  0> +
        (-0.0016008,-0.0000129)|   5, 2, 0;0,  0;0,  0> +
        ( 0.0006800,-0.0014079)|   1, 2, 1;0,  0;0,  0> +
        ( 0.0015480, 0.0000063)|   3, 3, 0;0,  0;0,  0> +
        ( 0.0000098, 0.0015418)|   3, 0, 3;0,  0;0,  0> +
        (-0.0009403, 0.0011695)|   1, 3, 1;0,  0;0,  0> +
        (-0.0014414, 0.0000001)|   3, 2, 2;0,  0;0,  0> +
        (-0.0011143,-0.0000076)|   5, 0, 2;0,  0;0,  0> +
        (-0.0000019,-0.0011004)|   1, 1, 3;0,  0;0,  0> +
        ( 0.0010004, 0.0000000)|   2, 2, 2;0,  0;0,  0> +
        ( 0.0000096, 0.0008814)|   3, 2, 1;0,  0;0,  0> +
        ( 0.0008413, 0.0000055)|   3, 1, 2;0,  0;0,  0> +
        (-0.0008047,-0.0000035)|   0, 3, 2;0,  0;0,  0> +
        (-0.0003577, 0.0006919)|   0, 1, 3;0,  0;0,  0> +
        (-0.0007515, 0.0000616)|   9, 0, 0;0,  0;0,  0> +
        ( 0.0006936, 0.0000693)|   8, 0, 0;0,  0;0,  0> +
        (-0.0002512, 0.0004733)|   2, 0, 3;0,  0;0,  0> +
        ( 0.0000022, 0.0004694)|   3, 2, 3;0,  0;0,  0> +
        ( 0.0004100, 0.0000020)|   3, 3, 2;0,  0;0,  0> +
        (-0.0000034,-0.0004070)|   1, 2, 3;0,  0;0,  0> +
        (-0.0004066, 0.0000006)|   4, 2, 2;0,  0;0,  0> +
        ( 0.0001289, 0.0003474)|   5, 3, 3;0,  0;0,  0> +
        ( 0.0000002,-0.0003165)|   4, 3, 3;0,  0;0,  0> +
        (-0.0000002, 0.0002798)|   2, 3, 3;0,  0;0,  0> +
        (-0.0000000, 0.0002411)|   3, 3, 3;0,  0;0,  0> +
        ( 0.0002408, 0.0000050)|   4, 3, 2;0,  0;0,  0> +
        ( 0.0002161,-0.0000034)|   1, 3, 2;0,  0;0,  0> +
        (-0.0000039, 0.0002138)|   2, 1, 3;0,  0;0,  0> +
        ( 0.0000076, 0.0001958)|   4, 2, 3;0,  0;0,  0> +
        (-0.0000008, 0.0001923)|   2, 2, 3;0,  0;0,  0> +
        ( 0.0001838,-0.0000005)|   2, 3, 2;0,  0;0,  0> +
        ( 0.0000001,-0.0001501)|   1, 3, 3;0,  0;0,  0> +
        (-0.0000019,-0.0001462)|   2, 3, 1;0,  0;0,  0> +
        (-0.0000015,-0.0001449)|   3, 1, 1;0,  0;0,  0> +
        ( 0.0001424, 0.0000012)|   5, 2, 2;0,  0;0,  0> +
        (-0.0000000,-0.0000671)|   0, 3, 3;0,  0;0,  0> +
        ( 0.0000002,-0.0000609)|   6, 0, 1;0,  0;0,  0> +
        ( 0.0000243,-0.0000546)|   4, 0, 1;0,  0;0,  0> +
        (-0.0000548,-0.0000024)|   5, 1, 0;1,  0;0,  0> +
        ( 0.0000548, 0.0000024)|   5, 1, 0;0,  0;1,  0> +
        (-0.0000027,-0.0000542)|   0, 2, 1;0,  0;0,  0> +
        ( 0.0000462,-0.0000013)|   6, 1, 0;0,  0;0,  0> +
        (-0.0000038,-0.0000361)|   5, 0, 1;0,  0;1,  0> +
        ( 0.0000038, 0.0000361)|   5, 0, 1;1,  0;0,  0> +
        ( 0.0000216, 0.0000251)|   4, 1, 0;0,  0;0,  0> +
        (-0.0000005, 0.0000318)|   3, 1, 3;0,  0;0,  0> +
        ( 0.0000253,-0.0000025)|   0, 1, 2;0,  0;0,  0> +
        ( 0.0000248,-0.0000024)|   0, 3, 0;0,  0;0,  0> +
        ( 0.0000007,-0.0000215)|   3, 3, 1;0,  0;0,  0> +
        (-0.0000006,-0.0000131)|   4, 0, 3;0,  0;0,  0> +
        (-0.0000103,-0.0000000)|   4, 3, 0;0,  0;0,  0> +
        ( 0.0000087,-0.0000002)|   7, 0, 0;0,  0;0,  0> +
        ( 0.0000080,-0.0000029)|   7, 3, 3;0,  0;0,  0> +
        (-0.0000023,-0.0000081)|   0, 0, 3;0,  0;0,  0> +
        (-0.0000000,-0.0000071)|   4, 2, 1;0,  0;0,  0> +
        (-0.0000035,-0.0000057)|   0, 2, 3;0,  0;0,  0> +
        ( 0.0000062, 0.0000006)|   6, 3, 3;0,  0;0,  0> +
        (-0.0000016,-0.0000060)|   3, 0, 1;0,  0;0,  0> +
        ( 0.0000000, 0.0000056)|   4, 1, 1;0,  0;0,  0> +
        (-0.0000048, 0.0000001)|   3, 0, 2;0,  0;0,  0> +
        (-0.0000033,-0.0000017)|   3, 1, 0;0,  0;0,  0> +
        ( 0.0000000, 0.0000035)|   0, 1, 1;0,  0;0,  0> +
        (-0.0000027, 0.0000001)|   4, 1, 2;0,  0;0,  0> +
        ( 0.0000001,-0.0000017)|   1, 1, 1;0,  0;0,  0> +
        (-0.0000016, 0.0000007)|   8, 3, 3;0,  0;0,  0> +
        ( 0.0000016, 0.0000001)|  11, 0, 0;0,  0;0,  0> +
        ( 0.0000015,-0.0000000)|   5, 3, 2;0,  0;0,  0> +
        ( 0.0000000, 0.0000015)|   2, 0, 2;0,  0;0,  0> +
        (-0.0000000,-0.0000015)|   2, 2, 0;0,  0;0,  0> +
        ( 0.0000000, 0.0000014)|   5, 2, 3;0,  0;0,  0> +
        ( 0.0000012,-0.0000001)|   6, 0, 0;0,  0;0,  0> +
        ( 0.0000011, 0.0000000)|   1, 1, 0;0,  0;0,  0> +
        ( 0.0000010,-0.0000001)|   3, 2, 0;0,  0;0,  0> +
         ...
 |21> = ( 0.1299060,-0.8240058)|   5, 0, 1;0,  0;0,  0> +
        (-0.5256529,-0.1656345)|   5, 1, 0;0,  0;0,  0> +
        ( 0.0186052,-0.0015284)|   9, 0, 0;0,  0;0,  0> +
        (-0.0000338, 0.0024934)|   2, 1, 3;0,  0;0,  0> +
        (-0.0006990, 0.0020430)|   0, 1, 3;0,  0;0,  0> +
        (-0.0000070, 0.0020181)|   6, 0, 1;0,  0;0,  0> +
        (-0.0018310, 0.0000001)|   3, 2, 2;0,  0;0,  0> +
        ( 0.0000251, 0.0017905)|   4, 2, 3;0,  0;0,  0> +
        (-0.0001267,-0.0017427)|   2, 2, 1;0,  0;0,  0> +
        (-0.0016648, 0.0000513)|   6, 1, 0;0,  0;0,  0> +
        (-0.0003139,-0.0016003)|   1, 2, 1;0,  0;0,  0> +
        (-0.0000078,-0.0016037)|   2, 3, 1;0,  0;0,  0> +
        ( 0.0000918, 0.0015449)|   1, 0, 3;0,  0;0,  0> +
        (-0.0000359, 0.0012520)|   3, 0, 3;0,  0;0,  0> +
        ( 0.0000017, 0.0011637)|   3, 1, 1;0,  0;0,  0> +
        ( 0.0000404,-0.0010780)|   2, 0, 3;0,  0;0,  0> +
        (-0.0010411, 0.0000294)|   4, 3, 2;0,  0;0,  0> +
        ( 0.0000019, 0.0009524)|   1, 2, 3;0,  0;0,  0> +
        ( 0.0009339, 0.0000051)|   0, 3, 2;0,  0;0,  0> +
        (-0.0008591, 0.0000206)|   1, 3, 0;0,  0;0,  0> +
        (-0.0008200, 0.0000069)|   2, 1, 2;0,  0;0,  0> +
        (-0.0007348,-0.0000002)|   4, 2, 2;0,  0;0,  0> +
        (-0.0000376, 0.0006719)|   2, 2, 3;0,  0;0,  0> +
        ( 0.0005974, 0.0000018)|   1, 3, 2;0,  0;0,  0> +
        ( 0.0005787,-0.0000348)|   2, 3, 0;0,  0;0,  0> +
        ( 0.0004900,-0.0001956)|   1, 1, 2;0,  0;0,  0> +
        (-0.0005231,-0.0000038)|   3, 1, 2;0,  0;0,  0> +
        (-0.0003216, 0.0004058)|   1, 3, 1;0,  0;0,  0> +
        (-0.0004900,-0.0000369)|   2, 3, 2;0,  0;0,  0> +
        ( 0.0000125, 0.0004532)|   4, 0, 3;0,  0;0,  0> +
        ( 0.0004412, 0.0000028)|   5, 2, 0;0,  0;0,  0> +
        (-0.0003933,-0.0000690)|   3, 3, 0;0,  0;0,  0> +
        (-0.0000561,-0.0003886)|   3, 2, 1;0,  0;0,  0> +
        ( 0.0003829,-0.0000111)|   4, 3, 0;0,  0;0,  0> +
        ( 0.0003598, 0.0000089)|   3, 3, 2;0,  0;0,  0> +
        ( 0.0003571, 0.0000000)|   2, 2, 2;0,  0;0,  0> +
        (-0.0003143, 0.0001144)|   7, 3, 3;0,  0;0,  0> +
        (-0.0001053,-0.0002851)|   5, 3, 3;0,  0;0,  0> +
        (-0.0002645, 0.0000124)|   4, 0, 2;0,  0;0,  0> +
        ( 0.0002621,-0.0000117)|   4, 2, 0;0,  0;0,  0> +
        ( 0.0000001,-0.0002366)|   2, 3, 3;0,  0;0,  0> +
        (-0.0000020, 0.0002316)|   4, 2, 1;0,  0;0,  0> +
        ( 0.0000051,-0.0002217)|   0, 2, 3;0,  0;0,  0> +
        (-0.0002100, 0.0000222)|   6, 3, 3;0,  0;0,  0> +
        ( 0.0000017, 0.0002097)|   2, 1, 1;0,  0;0,  0> +
        ( 0.0002040,-0.0000005)|   4, 1, 2;0,  0;0,  0> +
        ( 0.0000000,-0.0001846)|   1, 3, 3;0,  0;0,  0> +
        ( 0.0001013,-0.0001486)|   0, 3, 1;0,  0;0,  0> +
        ( 0.0000008,-0.0001589)|   1, 1, 3;0,  0;0,  0> +
        ( 0.0000086,-0.0001307)|   3, 1, 3;0,  0;0,  0> +
        ( 0.0001278,-0.0000133)|   5, 0, 2;0,  0;0,  0> +
        (-0.0000016,-0.0001141)|   4, 1, 1;0,  0;0,  0> +
        (-0.0001085, 0.0000103)|   5, 2, 2;0,  0;0,  0> +
        (-0.0000088, 0.0000742)|   3, 3, 1;0,  0;0,  0> +
        ( 0.0000000, 0.0000728)|   3, 3, 3;0,  0;0,  0> +
        ( 0.0000638,-0.0000269)|   8, 3, 3;0,  0;0,  0> +
        ( 0.0000085,-0.0000542)|   5, 0, 1;0,  0;1,  0> +
        (-0.0000085, 0.0000542)|   5, 0, 1;1,  0;0,  0> +
        (-0.0000000, 0.0000501)|   0, 3, 3;0,  0;0,  0> +
        (-0.0000439, 0.0000004)|   5, 3, 2;0,  0;0,  0> +
        (-0.0000004,-0.0000406)|   5, 2, 3;0,  0;0,  0> +
        ( 0.0000346, 0.0000109)|   5, 1, 0;1,  0;0,  0> +
        (-0.0000346,-0.0000109)|   5, 1, 0;0,  0;1,  0> +
        ( 0.0000026, 0.0000276)|   4, 1, 3;0,  0;0,  0> +
        (-0.0000162,-0.0000001)|   6, 2, 2;0,  0;0,  0> +
        ( 0.0000128, 0.0000042)|   8, 0, 0;0,  0;0,  0> +
        ( 0.0000089, 0.0000096)|   3, 2, 3;0,  0;0,  0> +
        ( 0.0000097, 0.0000002)|   7, 0, 0;0,  0;0,  0> +
        ( 0.0000003,-0.0000096)|   0, 2, 1;0,  0;0,  0> +
        (-0.0000000, 0.0000095)|   4, 3, 3;0,  0;0,  0> +
        ( 0.0000018,-0.0000063)|   4, 0, 1;0,  0;0,  0> +
        ( 0.0000053,-0.0000000)|   0, 3, 0;0,  0;0,  0> +
        ( 0.0000016,-0.0000048)|   4, 3, 1;0,  0;0,  0> +
        (-0.0000001,-0.0000047)|   1, 1, 1;0,  0;0,  0> +
        ( 0.0000043,-0.0000001)|   0, 1, 2;0,  0;0,  0> +
        (-0.0000025,-0.0000004)|  12, 0, 0;0,  0;0,  0> +
        ( 0.0000018, 0.0000015)|   3, 0, 1;0,  0;0,  0> +
        (-0.0000014, 0.0000019)|   4, 1, 0;0,  0;0,  0> +
        (-0.0000003,-0.0000023)|   0, 0, 3;0,  0;0,  0> +
        (-0.0000013, 0.0000018)|   3, 1, 0;0,  0;0,  0> +
        (-0.0000016, 0.0000001)|   2, 1, 0;0,  0;0,  0> +
        (-0.0000014,-0.0000000)|   1, 1, 0;0,  0;0,  0> +
        (-0.0000013, 0.0000000)|   3, 0, 2;0,  0;0,  0> +
        ( 0.0000000, 0.0000013)|   0, 1, 1;0,  0;0,  0> +
        (-0.0000012, 0.0000001)|   9, 0, 0;1,  0;0,  0> +
        ( 0.0000012,-0.0000001)|   9, 0, 0;0,  0;1,  0> +
        ( 0.0000001, 0.0000012)|   2, 0, 1;0,  0;0,  0> +
        (-0.0000010,-0.0000004)|   6, 0, 0;0,  0;0,  0> +
         ...
 |22> = (-0.9993804,-0.0274362)|  10, 0, 0;0,  0;0,  0> +
        ( 0.0151635,-0.0019206)|   7, 1, 0;0,  0;0,  0> +
        (-0.0076010, 0.0000096)|   5, 2, 0;0,  0;0,  0> +
        ( 0.0003269,-0.0060677)|   7, 0, 1;0,  0;0,  0> +
        (-0.0050329,-0.0002209)|   6, 2, 0;0,  0;0,  0> +
        ( 0.0043141, 0.0000303)|   4, 1, 2;0,  0;0,  0> +
        ( 0.0035882, 0.0004207)|   3, 3, 0;0,  0;0,  0> +
        ( 0.0035774,-0.0004133)|   3, 1, 2;0,  0;0,  0> +
        (-0.0000180, 0.0035646)|   4, 1, 1;0,  0;0,  0> +
        (-0.0017364, 0.0022855)|   1, 2, 1;0,  0;0,  0> +
        (-0.0014403,-0.0021445)|   1, 3, 0;0,  0;0,  0> +
        ( 0.0025699, 0.0000159)|   6, 1, 0;0,  0;0,  0> +
        ( 0.0020724, 0.0013860)|   4, 3, 1;0,  0;0,  0> +
        (-0.0023547,-0.0000169)|   4, 3, 0;0,  0;0,  0> +
        ( 0.0000088,-0.0021627)|   4, 2, 1;0,  0;0,  0> +
        (-0.0000498, 0.0021107)|   6, 0, 1;0,  0;0,  0> +
        (-0.0020821,-0.0002467)|   1, 1, 2;0,  0;0,  0> +
        (-0.0012849, 0.0013262)|   1, 0, 3;0,  0;0,  0> +
        (-0.0017437,-0.0000464)|   6, 0, 2;0,  0;0,  0> +
        (-0.0000051,-0.0016272)|   3, 2, 1;0,  0;0,  0> +
        ( 0.0000216,-0.0016254)|   2, 2, 1;0,  0;0,  0> +
        ( 0.0000531,-0.0015959)|   3, 3, 1;0,  0;0,  0> +
        ( 0.0001929,-0.0015251)|   3, 0, 3;0,  0;0,  0> +
        (-0.0000021, 0.0013145)|   3, 1, 3;0,  0;0,  0> +
        ( 0.0000101, 0.0010985)|   1, 1, 3;0,  0;0,  0> +
        (-0.0000011, 0.0010911)|   7, 2, 3;0,  0;0,  0> +
        (-0.0009915, 0.0000098)|   4, 3, 2;0,  0;0,  0> +
        ( 0.0009498,-0.0001085)|   6, 3, 3;0,  0;0,  0> +
        (-0.0000093,-0.0009389)|   4, 0, 3;0,  0;0,  0> +
        (-0.0000061,-0.0009214)|   1, 2, 3;0,  0;0,  0> +
        (-0.0002511, 0.0007253)|   0, 1, 3;0,  0;0,  0> +
        ( 0.0007421,-0.0000130)|   7, 2, 2;0,  0;0,  0> +
        (-0.0000005, 0.0007046)|   4, 3, 3;0,  0;0,  0> +
        (-0.0001277, 0.0006759)|   2, 0, 3;0,  0;0,  0> +
        ( 0.0005715,-0.0001681)|   9, 3, 3;0,  0;0,  0> +
        ( 0.0005599, 0.0001987)|   4, 1, 3;0,  0;0,  0> +
        ( 0.0005806,-0.0000042)|   7, 3, 2;0,  0;0,  0> +
        (-0.0005458,-0.0000020)|   6, 3, 2;0,  0;0,  0> +
        ( 0.0000108, 0.0005408)|   3, 1, 1;0,  0;0,  0> +
        ( 0.0001721, 0.0004714)|   5, 3, 3;0,  0;0,  0> +
        ( 0.0004885,-0.0000001)|   3, 2, 2;0,  0;0,  0> +
        ( 0.0004765, 0.0000001)|   4, 2, 2;0,  0;0,  0> +
        (-0.0004532,-0.0000019)|   3, 3, 2;0,  0;0,  0> +
        (-0.0004426,-0.0000237)|   2, 3, 2;0,  0;0,  0> +
        ( 0.0004313, 0.0000895)|   2, 1, 2;0,  0;0,  0> +
        ( 0.0000001,-0.0004272)|   1, 3, 3;0,  0;0,  0> +
        (-0.0000015, 0.0003807)|   6, 2, 3;0,  0;0,  0> +
        ( 0.0003633, 0.0000057)|   6, 2, 2;0,  0;0,  0> +
        ( 0.0000219,-0.0003368)|   5, 2, 3;0,  0;0,  0> +
        ( 0.0003151,-0.0000055)|   5, 0, 2;0,  0;0,  0> +
        (-0.0000245, 0.0003093)|   2, 2, 3;0,  0;0,  0> +
        ( 0.0002941, 0.0000022)|   0, 3, 2;0,  0;0,  0> +
        ( 0.0001805,-0.0002162)|   1, 3, 1;0,  0;0,  0> +
        ( 0.0002559,-0.0000063)|   1, 3, 2;0,  0;0,  0> +
        (-0.0002057, 0.0000700)|   7, 3, 3;0,  0;0,  0> +
        ( 0.0001930,-0.0000010)|   5, 2, 2;0,  0;0,  0> +
        ( 0.0000022,-0.0001837)|   0, 2, 3;0,  0;0,  0> +
        ( 0.0000044,-0.0001757)|   2, 3, 1;0,  0;0,  0> +
        ( 0.0000108,-0.0001642)|   2, 3, 0;0,  0;0,  0> +
        (-0.0001560, 0.0000388)|  10, 3, 3;0,  0;0,  0> +
        (-0.0000021,-0.0001497)|   3, 2, 3;0,  0;0,  0> +
        ( 0.0000000, 0.0001373)|   0, 3, 3;0,  0;0,  0> +
        ( 0.0000360,-0.0001052)|   0, 3, 1;0,  0;0,  0> +
        ( 0.0000100,-0.0001040)|   4, 2, 3;0,  0;0,  0> +
        ( 0.0000001,-0.0000893)|   3, 3, 3;0,  0;0,  0> +
        ( 0.0000020,-0.0000866)|   8, 0, 1;0,  0;0,  0> +
        (-0.0000824,-0.0000028)|   8, 2, 2;0,  0;0,  0> +
        (-0.0000742, 0.0000007)|   8, 1, 0;0,  0;0,  0> +
        (-0.0000658,-0.0000018)|  10, 0, 0;0,  0;1,  0> +
        ( 0.0000658, 0.0000018)|  10, 0, 0;1,  0;0,  0> +
        ( 0.0000003, 0.0000625)|   2, 3, 3;0,  0;0,  0> +
        ( 0.0000489, 0.0000225)|   5, 3, 2;0,  0;0,  0> +
        (-0.0000336, 0.0000205)|  11, 3, 3;0,  0;0,  0> +
        ( 0.0000016, 0.0000392)|   2, 1, 3;0,  0;0,  0> +
        ( 0.0000321,-0.0000153)|   8, 3, 3;0,  0;0,  0> +
        ( 0.0000306, 0.0000020)|  11, 0, 0;0,  0;0,  0> +
        (-0.0000127,-0.0000015)|   5, 1, 0;0,  0;0,  0> +
        (-0.0000123, 0.0000005)|   5, 3, 0;0,  0;0,  0> +
        ( 0.0000001,-0.0000090)|   5, 1, 1;0,  0;0,  0> +
        (-0.0000039, 0.0000063)|   8, 2, 3;0,  0;0,  0> +
        ( 0.0000059, 0.0000041)|   8, 3, 2;0,  0;0,  0> +
        (-0.0000060, 0.0000000)|   9, 0, 0;0,  0;0,  0> +
        ( 0.0000000, 0.0000052)|   5, 0, 3;0,  0;0,  0> +
        ( 0.0000004, 0.0000048)|   2, 1, 1;0,  0;0,  0> +
        (-0.0000043,-0.0000004)|   5, 1, 2;0,  0;0,  0> +
        ( 0.0000001, 0.0000032)|   5, 2, 1;0,  0;0,  0> +
        (-0.0000020, 0.0000018)|   3, 1, 0;0,  0;0,  0> +
        ( 0.0000025, 0.0000005)|   8, 0, 0;0,  0;0,  0> +
        (-0.0000015, 0.0000020)|   4, 0, 2;0,  0;0,  0> +
        (-0.0000001,-0.0000024)|   1, 1, 1;0,  0;0,  0> +
        ( 0.0000015, 0.0000014)|   0, 2, 1;0,  0;0,  0> +
        ( 0.0000016,-0.0000008)|   5, 0, 1;0,  0;0,  0> +
        ( 0.0000016, 0.0000006)|   3, 0, 1;0,  0;0,  0> +
        (-0.0000006,-0.0000012)|   4, 2, 0;0,  0;0,  0> +
        (-0.0000007, 0.0000008)|   0, 1, 2;0,  0;0,  0> +
        ( 0.0000010,-0.0000001)|   7, 1, 0;0,  0;1,  0> +
        (-0.0000010, 0.0000001)|   7, 1, 0;1,  0;0,  0> +
        ( 0.0000008,-0.0000006)|   6, 0, 0;0,  0;0,  0> +
         ...
 |23> = (-0.7071065,-0.0000000)|   0, 2, 0;0,  0;0,  0> +
        (-0.7071064, 0.0000000)|   0, 0, 2;0,  0;0,  0> +
        ( 0.0000465, 0.0000000)|   0, 0, 2;1,  0;0,  0> +
        (-0.0000465,-0.0000000)|   0, 0, 2;0,  0;1,  0> +
        (-0.0000465, 0.0000000)|   0, 2, 0;0,  0;1,  0> +
        ( 0.0000465,-0.0000000)|   0, 2, 0;1,  0;0,  0> +
        (-0.0000249,-0.0000000)|   2, 0, 0;0,  0;0,  0> +
        (-0.0000127,-0.0000000)|   0, 1, 0;0,  0;0,  0> +
        (-0.0000000,-0.0000125)|   0, 0, 1;0,  0;0,  0> +
         ...
 |24> = (-0.0009386,-0.9998959)|   0, 1, 1;0,  0;0,  0> +
        (-0.0083114, 0.0000014)|   3, 2, 0;0,  0;0,  0> +
        (-0.0076932,-0.0000026)|   3, 0, 2;0,  0;0,  0> +
        ( 0.0043828,-0.0000002)|   5, 0, 0;0,  0;0,  0> +
        (-0.0002436,-0.0037975)|   2, 0, 1;0,  0;0,  0> +
        ( 0.0034580,-0.0000027)|   2, 2, 2;0,  0;0,  0> +
        ( 0.0024523,-0.0002490)|   2, 1, 0;0,  0;0,  0> +
        (-0.0023244, 0.0005909)|   2, 0, 2;0,  0;0,  0> +
        ( 0.0020616, 0.0000084)|   0, 2, 0;0,  0;0,  0> +
        (-0.0020616,-0.0000084)|   0, 0, 2;0,  0;0,  0> +
        (-0.0019483,-0.0005909)|   2, 2, 0;0,  0;0,  0> +
        (-0.0019080, 0.0000000)|   0, 2, 2;0,  0;0,  0> +
        (-0.0018238,-0.0000351)|   0, 1, 2;0,  0;0,  0> +
        ( 0.0011625, 0.0000536)|   0, 3, 0;0,  0;0,  0> +
        (-0.0008733,-0.0000022)|   1, 2, 0;0,  0;0,  0> +
        ( 0.0008713, 0.0000022)|   1, 0, 2;0,  0;0,  0> +
        (-0.0008637, 0.0000000)|   1, 2, 2;0,  0;0,  0> +
        ( 0.0000372,-0.0005512)|   0, 2, 1;0,  0;0,  0> +
        ( 0.0000001, 0.0002391)|   3, 0, 1;0,  0;0,  0> +
        ( 0.0002380,-0.0000001)|   3, 1, 0;0,  0;0,  0> +
        ( 0.0000018,-0.0001248)|   1, 0, 1;0,  0;0,  0> +
        ( 0.0000114, 0.0001115)|   0, 0, 3;0,  0;0,  0> +
        ( 0.0000832, 0.0000018)|   1, 1, 0;0,  0;0,  0> +
        (-0.0000001,-0.0000658)|   0, 1, 1;0,  0;1,  0> +
        ( 0.0000001, 0.0000658)|   0, 1, 1;1,  0;0,  0> +
        ( 0.0000482,-0.0000000)|   4, 0, 0;0,  0;0,  0> +
        (-0.0000000, 0.0000238)|   0, 3, 3;0,  0;0,  0> +
        ( 0.0000169,-0.0000002)|   0, 3, 2;0,  0;0,  0> +
        ( 0.0000003, 0.0000169)|   0, 2, 3;0,  0;0,  0> +
        (-0.0000000, 0.0000066)|   0, 3, 1;0,  0;0,  0> +
        ( 0.0000002, 0.0000055)|   1, 1, 1;0,  0;0,  0> +
        (-0.0000046,-0.0000001)|   1, 3, 0;0,  0;0,  0> +
        (-0.0000001,-0.0000040)|   1, 0, 3;0,  0;0,  0> +
        ( 0.0000033, 0.0000000)|   4, 0, 2;0,  0;0,  0> +
        ( 0.0000032,-0.0000000)|   4, 2, 0;0,  0;0,  0> +
        (-0.0000027, 0.0000000)|   1, 1, 2;0,  0;0,  0> +
        ( 0.0000026, 0.0000000)|   6, 0, 0;0,  0;0,  0> +
        (-0.0000001,-0.0000020)|   1, 2, 1;0,  0;0,  0> +
        (-0.0000009, 0.0000014)|   7, 0, 1;0,  0;0,  0> +
        ( 0.0000000, 0.0000017)|   2, 1, 1;0,  0;0,  0> +
        ( 0.0000008,-0.0000010)|  15, 0, 0;0,  0;0,  0> +
         ...
