p2036
# Parameters of the model
#  mass:		    261.00 u
#  charge:	      1.00 e
#  dipole:	      4.74 D
#  B:		    503.65 MHz
#  omega_rho:	      1.40 MHz
#  omega_z:	      0.16 MHz

# Basis truncation:	|22,5,5;2,2>
# omega_1:	      0.28 MHz
# omega_3/5:	      1.39 MHz
# Basis size:		44550

# Active terms of the Hamiltionian:
# 	Nomal modes:	1
# 	T_rot:      	1
# 	V_qd^{(0)}: 	1
# 	V_qd^{(1)}: 	1
# 	V_dd^{(0)}: 	1

# Results of the diagonalisation

# 100 smallest eigenvalues
 5.518517017 6.513432026 7.509064674 8.552404404 9.561809540 10.567314148 10.587529182 10.616053581 11.524254799 11.564579010 11.618523598 12.430029869 12.573427200 12.669284821 13.515873909 13.535934448 13.608698845 14.260519028 14.562618256 14.624071121 15.509181976 15.538048744 15.562459946 15.568379402 15.664587021 15.668644905 16.451318741 16.558153152 16.581363678 16.592807770 16.673721313 16.679502487 17.474828720 17.506559372 17.541746140 17.676025391 17.794061661 17.803653717 18.343093872 18.411520004 18.503963470 18.595935822 18.661273956 18.671035767 19.501033783 19.547185898 19.617332458 19.629894257 19.726530075 19.919025421 20.229667664 20.406906128 20.494083405 20.582504272 20.631181717 20.631469727 20.641183853 20.673105240 20.676698685 20.715833664 21.310836792 21.339286804 21.409282684 21.551099777 21.593822479 21.597888947 21.666278839 21.669340134 21.691122055 21.872280121 22.239843369 22.406536102 22.519365311 22.532712936 22.575452805 22.581098557 22.591674805 22.640134811 22.695543289 22.712795258 23.309034348 23.408472061 23.456073761 23.568826675 23.589683533 23.610321045 23.749637604 23.759712219 23.879091263 23.915388107 24.332622528 24.393093109 24.427505493 24.460121155 24.614202499 24.669713974 24.718425751 24.718658447 24.727443695 24.840486526

# Ground state and the lowest excitations:
 | 0> = ( 1.0000000, 0.0000000)|   0, 0, 0;0,  0;0,  0> +
        ( 0.0000658, 0.0000000)|   0, 0, 0;0,  0;1,  0> +
        (-0.0000658,-0.0000000)|   0, 0, 0;1,  0;0,  0> +
         ...
 | 1> = ( 0.9999973, 0.0000000)|   1, 0, 0;0,  0;0,  0> +
        ( 0.0000658, 0.0000000)|   1, 0, 0;0,  0;1,  0> +
        (-0.0000658, 0.0000000)|   1, 0, 0;1,  0;0,  0> +
        ( 0.0000030, 0.0000000)|   3, 0, 0;0,  0;0,  0> +
        (-0.0000012, 0.0000000)|   4, 0, 0;0,  0;0,  0> +
         ...
 | 2> = (-0.9999987, 0.0000000)|   2, 0, 0;0,  0;0,  0> +
        ( 0.0008736,-0.0000000)|   0, 0, 2;0,  0;0,  0> +
        ( 0.0008736, 0.0000000)|   0, 2, 0;0,  0;0,  0> +
        ( 0.0000658, 0.0000000)|   2, 0, 0;1,  0;0,  0> +
        (-0.0000658,-0.0000000)|   2, 0, 0;0,  0;1,  0> +
        ( 0.0000048,-0.0000000)|   0, 1, 0;0,  0;0,  0> +
        (-0.0000000, 0.0000034)|   0, 0, 1;0,  0;0,  0> +
        ( 0.0000023,-0.0000000)|   1, 1, 0;0,  0;0,  0> +
        ( 0.0000011,-0.0000000)|   4, 0, 0;0,  0;0,  0> +
         ...
 | 3> = (-0.9999995, 0.0000000)|   3, 0, 0;0,  0;0,  0> +
        ( 0.0006227,-0.0000000)|   0, 1, 0;0,  0;0,  0> +
        ( 0.0006225,-0.0000000)|   1, 0, 2;0,  0;0,  0> +
        ( 0.0006213, 0.0000000)|   1, 2, 0;0,  0;0,  0> +
        (-0.0000000, 0.0001926)|   0, 0, 1;0,  0;0,  0> +
        (-0.0000658, 0.0000000)|   3, 0, 0;0,  0;1,  0> +
        ( 0.0000658, 0.0000000)|   3, 0, 0;1,  0;0,  0> +
        ( 0.0000055,-0.0000000)|   4, 0, 0;0,  0;0,  0> +
        ( 0.0000034, 0.0000000)|   1, 0, 0;0,  0;0,  0> +
        ( 0.0000025, 0.0000000)|   0, 4, 0;0,  0;0,  0> +
        ( 0.0000025,-0.0000000)|   0, 0, 4;0,  0;0,  0> +
        ( 0.0000022,-0.0000000)|   0, 2, 2;0,  0;0,  0> +
        (-0.0000000, 0.0000016)|   6, 0, 1;0,  0;0,  0> +
        ( 0.0000010, 0.0000001)|   6, 1, 0;0,  0;0,  0> +
         ...
 | 4> = (-0.9999945,-0.0000000)|   4, 0, 0;0,  0;0,  0> +
        (-0.0000008, 0.0016441)|   2, 0, 1;0,  0;0,  0> +
        ( 0.0016148,-0.0000013)|   2, 1, 0;0,  0;0,  0> +
        ( 0.0012572,-0.0000001)|   1, 1, 0;0,  0;0,  0> +
        ( 0.0009872,-0.0000001)|   2, 0, 2;0,  0;0,  0> +
        ( 0.0009872, 0.0000001)|   2, 2, 0;0,  0;0,  0> +
        (-0.0000001, 0.0005483)|   1, 0, 1;0,  0;0,  0> +
        ( 0.0001847, 0.0000000)|   0, 0, 4;0,  0;0,  0> +
        ( 0.0001808,-0.0000000)|   0, 2, 2;0,  0;0,  0> +
        ( 0.0001569,-0.0000000)|   0, 4, 0;0,  0;0,  0> +
        (-0.0001130,-0.0000000)|   0, 1, 0;0,  0;0,  0> +
        (-0.0000000, 0.0001130)|   0, 0, 1;0,  0;0,  0> +
        ( 0.0000786, 0.0000000)|   0, 2, 0;0,  0;0,  0> +
        (-0.0000786,-0.0000000)|   0, 0, 2;0,  0;0,  0> +
        (-0.0000658,-0.0000000)|   4, 0, 0;0,  0;1,  0> +
        ( 0.0000658, 0.0000000)|   4, 0, 0;1,  0;0,  0> +
        ( 0.0000176,-0.0000000)|   1, 0, 2;0,  0;0,  0> +
        (-0.0000061, 0.0000000)|   3, 0, 0;0,  0;0,  0> +
        (-0.0000022, 0.0000000)|   1, 0, 4;0,  0;0,  0> +
        (-0.0000021,-0.0000000)|   5, 0, 0;0,  0;0,  0> +
        (-0.0000020,-0.0000000)|   1, 4, 0;0,  0;0,  0> +
        (-0.0000020,-0.0000000)|   0, 2, 4;0,  0;0,  0> +
        (-0.0000019,-0.0000000)|   1, 2, 2;0,  0;0,  0> +
        (-0.0000018, 0.0000000)|   1, 2, 0;0,  0;0,  0> +
        (-0.0000018,-0.0000000)|   0, 4, 2;0,  0;0,  0> +
        ( 0.0000014, 0.0000000)|   0, 0, 0;1, -1;0,  0> +
        (-0.0000012, 0.0000000)|   2, 0, 0;0,  0;0,  0> +
        ( 0.0000000, 0.0000012)|   0, 0, 3;0,  0;0,  0> +
        (-0.0000010, 0.0000000)|   7, 0, 0;0,  0;0,  0> +
         ...
 | 5> = (-0.9999305,-0.0006426)|   5, 0, 0;0,  0;0,  0> +
        (-0.0000620, 0.0091508)|   0, 1, 1;0,  0;0,  0> +
        (-0.0048198, 0.0000021)|   3, 1, 0;0,  0;0,  0> +
        (-0.0000007,-0.0045961)|   3, 0, 1;0,  0;0,  0> +
        (-0.0006496,-0.0010872)|   2, 0, 2;0,  0;0,  0> +
        ( 0.0006494, 0.0010872)|   2, 2, 0;0,  0;0,  0> +
        (-0.0009916, 0.0000110)|   3, 0, 2;0,  0;0,  0> +
        (-0.0000466, 0.0009682)|   2, 0, 1;0,  0;0,  0> +
        (-0.0009654,-0.0000463)|   2, 1, 0;0,  0;0,  0> +
        (-0.0009390,-0.0000129)|   3, 2, 0;0,  0;0,  0> +
        ( 0.0001326,-0.0007372)|   0, 2, 1;0,  0;0,  0> +
        ( 0.0007191,-0.0001211)|   0, 3, 0;0,  0;0,  0> +
        (-0.0007073,-0.0000002)|   0, 0, 4;0,  0;0,  0> +
        ( 0.0007053, 0.0000314)|   0, 1, 2;0,  0;0,  0> +
        (-0.0001797, 0.0004791)|   0, 0, 3;0,  0;0,  0> +
        (-0.0004906,-0.0000022)|   1, 2, 2;0,  0;0,  0> +
        ( 0.0004679, 0.0000002)|   0, 4, 0;0,  0;0,  0> +
        ( 0.0003574,-0.0000085)|   0, 4, 4;0,  0;0,  0> +
        (-0.0000008, 0.0002810)|   0, 2, 3;0,  0;0,  0> +
        ( 0.0002574,-0.0000017)|   1, 4, 0;0,  0;0,  0> +
        ( 0.0002467,-0.0000000)|   0, 3, 2;0,  0;0,  0> +
        ( 0.0002233, 0.0000023)|   1, 2, 4;0,  0;0,  0> +
        ( 0.0001925, 0.0000010)|   0, 1, 4;0,  0;0,  0> +
        (-0.0000003, 0.0001920)|   0, 4, 1;0,  0;0,  0> +
        ( 0.0001799, 0.0000025)|   1, 4, 2;0,  0;0,  0> +
        (-0.0001509, 0.0000094)|   2, 0, 4;0,  0;0,  0> +
        (-0.0001482, 0.0000036)|   1, 0, 4;0,  0;0,  0> +
        (-0.0001147, 0.0000009)|   2, 2, 2;0,  0;0,  0> +
        (-0.0001136,-0.0000095)|   2, 4, 0;0,  0;0,  0> +
        (-0.0000791, 0.0000026)|   0, 4, 2;0,  0;0,  0> +
        (-0.0000002,-0.0000718)|   1, 0, 3;0,  0;0,  0> +
        (-0.0000713, 0.0000003)|   1, 3, 0;0,  0;0,  0> +
        (-0.0000658,-0.0000000)|   5, 0, 0;0,  0;1,  0> +
        ( 0.0000658, 0.0000000)|   5, 0, 0;1,  0;0,  0> +
        ( 0.0000609, 0.0000000)|   0, 2, 2;0,  0;0,  0> +
        (-0.0000001,-0.0000386)|   1, 2, 1;0,  0;0,  0> +
        (-0.0000363, 0.0000002)|   1, 1, 2;0,  0;0,  0> +
        ( 0.0000345, 0.0000002)|   0, 0, 2;0,  0;0,  0> +
        (-0.0000345,-0.0000002)|   0, 2, 0;0,  0;0,  0> +
        ( 0.0000201,-0.0000001)|   4, 0, 2;0,  0;0,  0> +
        ( 0.0000198,-0.0000002)|   4, 2, 0;0,  0;0,  0> +
        (-0.0000189,-0.0000004)|   6, 0, 0;0,  0;0,  0> +
        ( 0.0000052,-0.0000000)|   1, 0, 2;0,  0;0,  0> +
        (-0.0000052, 0.0000000)|   1, 2, 0;0,  0;0,  0> +
        ( 0.0000030,-0.0000000)|   2, 2, 4;0,  0;0,  0> +
        ( 0.0000029,-0.0000000)|   2, 4, 2;0,  0;0,  0> +
        (-0.0000028, 0.0000000)|   7, 0, 0;0,  0;0,  0> +
        ( 0.0000001,-0.0000026)|   0, 2, 4;0,  0;0,  0> +
        (-0.0000022,-0.0000000)|   9, 0, 0;0,  0;0,  0> +
        ( 0.0000019, 0.0000000)|   4, 0, 0;0,  0;0,  0> +
        ( 0.0000002, 0.0000011)|   7, 0, 1;0,  0;0,  0> +
         ...
 | 6> = (-0.7203486,-0.0000000)|   0, 1, 0;0,  0;0,  0> +
        (-0.0000000, 0.6936111)|   0, 0, 1;0,  0;0,  0> +
        (-0.0003148, 0.0000000)|   3, 0, 0;0,  0;0,  0> +
        (-0.0000001, 0.0002504)|   2, 0, 1;0,  0;0,  0> +
        ( 0.0002461,-0.0000002)|   2, 1, 0;0,  0;0,  0> +
        ( 0.0001604,-0.0000000)|   4, 0, 0;0,  0;0,  0> +
        (-0.0000927,-0.0000000)|   1, 0, 2;0,  0;0,  0> +
        (-0.0000793, 0.0000000)|   1, 2, 0;0,  0;0,  0> +
        ( 0.0000474,-0.0000000)|   0, 1, 0;1,  0;0,  0> +
        (-0.0000474, 0.0000000)|   0, 1, 0;0,  0;1,  0> +
        (-0.0000000,-0.0000456)|   0, 0, 1;1,  0;0,  0> +
        (-0.0000000, 0.0000456)|   0, 0, 1;0,  0;1,  0> +
        (-0.0000335, 0.0000000)|   0, 4, 0;0,  0;0,  0> +
        (-0.0000334,-0.0000000)|   0, 0, 4;0,  0;0,  0> +
        (-0.0000298,-0.0000000)|   0, 2, 2;0,  0;0,  0> +
        (-0.0000000,-0.0000238)|   1, 0, 1;0,  0;0,  0> +
        (-0.0000223,-0.0000000)|   1, 1, 0;0,  0;0,  0> +
        (-0.0000024,-0.0000000)|   2, 2, 0;0,  0;0,  0> +
        (-0.0000023, 0.0000000)|   2, 0, 2;0,  0;0,  0> +
        (-0.0000001, 0.0000019)|   5, 0, 1;0,  0;0,  0> +
        (-0.0000002,-0.0000013)|   4, 0, 1;0,  0;0,  0> +
        ( 0.0000012,-0.0000000)|   8, 0, 0;0,  0;0,  0> +
         ...
 | 7> = (-0.0000000,-0.7203513)|   0, 0, 1;0,  0;0,  0> +
        (-0.6936120,-0.0000000)|   0, 1, 0;0,  0;0,  0> +
        (-0.0005707, 0.0000000)|   3, 0, 0;0,  0;0,  0> +
        (-0.0000000,-0.0000474)|   0, 0, 1;0,  0;1,  0> +
        ( 0.0000000, 0.0000474)|   0, 0, 1;1,  0;0,  0> +
        (-0.0000456,-0.0000000)|   0, 1, 0;0,  0;1,  0> +
        ( 0.0000456,-0.0000000)|   0, 1, 0;1,  0;0,  0> +
        ( 0.0000140,-0.0000000)|   0, 0, 2;0,  0;0,  0> +
        ( 0.0000138, 0.0000000)|   0, 2, 0;0,  0;0,  0> +
        (-0.0000061,-0.0000000)|   2, 0, 0;0,  0;0,  0> +
        (-0.0000053,-0.0000000)|   2, 1, 0;0,  0;0,  0> +
        (-0.0000000,-0.0000046)|   2, 0, 1;0,  0;0,  0> +
        ( 0.0000044,-0.0000000)|   1, 1, 0;0,  0;0,  0> +
        (-0.0000030,-0.0000000)|   4, 0, 0;0,  0;0,  0> +
        ( 0.0000014,-0.0000000)|   3, 1, 0;0,  0;0,  0> +
        (-0.0000014, 0.0000000)|   1, 2, 0;0,  0;0,  0> +
        (-0.0000011,-0.0000000)|   1, 0, 2;0,  0;0,  0> +
        ( 0.0000011,-0.0000001)|  11, 0, 0;0,  0;0,  0> +
        (-0.0000000,-0.0000010)|   1, 0, 1;0,  0;0,  0> +
         ...
 | 8> = (-0.0000237,-0.7659095)|   1, 0, 1;0,  0;0,  0> +
        (-0.6428546,-0.0000237)|   1, 1, 0;0,  0;0,  0> +
        ( 0.0000126,-0.0068946)|   2, 0, 1;0,  0;0,  0> +
        (-0.0064514, 0.0000119)|   2, 1, 0;0,  0;0,  0> +
        ( 0.0037475,-0.0000001)|   0, 0, 2;0,  0;0,  0> +
        (-0.0037474, 0.0000001)|   0, 2, 0;0,  0;0,  0> +
        (-0.0012508,-0.0000000)|   4, 0, 0;0,  0;0,  0> +
        (-0.0011274,-0.0000003)|   0, 4, 0;0,  0;0,  0> +
        (-0.0009524, 0.0000003)|   0, 0, 4;0,  0;0,  0> +
        (-0.0003933,-0.0000000)|   0, 2, 2;0,  0;0,  0> +
        ( 0.0002507,-0.0000002)|   2, 2, 0;0,  0;0,  0> +
        ( 0.0002483, 0.0000002)|   2, 0, 2;0,  0;0,  0> +
        ( 0.0001186,-0.0000041)|   1, 0, 2;0,  0;0,  0> +
        ( 0.0000001, 0.0000858)|   0, 0, 3;0,  0;0,  0> +
        ( 0.0000789, 0.0000018)|   0, 3, 0;0,  0;0,  0> +
        (-0.0000787, 0.0000041)|   1, 2, 0;0,  0;0,  0> +
        ( 0.0000000, 0.0000504)|   1, 0, 1;1,  0;0,  0> +
        (-0.0000000,-0.0000504)|   1, 0, 1;0,  0;1,  0> +
        (-0.0000015, 0.0000474)|   0, 2, 1;0,  0;0,  0> +
        ( 0.0000473, 0.0000005)|   0, 1, 2;0,  0;0,  0> +
        ( 0.0000423, 0.0000000)|   1, 1, 0;1,  0;0,  0> +
        (-0.0000423,-0.0000000)|   1, 1, 0;0,  0;1,  0> +
        ( 0.0000001,-0.0000391)|   0, 1, 1;0,  0;0,  0> +
        (-0.0000000,-0.0000223)|   0, 0, 1;0,  0;0,  0> +
        ( 0.0000189,-0.0000000)|   0, 1, 0;0,  0;0,  0> +
        ( 0.0000110,-0.0000001)|   1, 0, 4;0,  0;0,  0> +
        ( 0.0000110,-0.0000001)|   1, 4, 0;0,  0;0,  0> +
        ( 0.0000097,-0.0000000)|   1, 2, 2;0,  0;0,  0> +
        ( 0.0000032, 0.0000000)|   0, 2, 4;0,  0;0,  0> +
        ( 0.0000029,-0.0000000)|   8, 0, 0;0,  0;0,  0> +
        ( 0.0000028, 0.0000000)|   0, 4, 2;0,  0;0,  0> +
        (-0.0000011,-0.0000000)|   9, 1, 0;0,  0;0,  0> +
        (-0.0000010,-0.0000002)|   7, 1, 0;0,  0;0,  0> +
         ...
 | 9> = ( 0.7659144,-0.0002744)|   1, 1, 0;0,  0;0,  0> +
        (-0.0002742,-0.6429132)|   1, 0, 1;0,  0;0,  0> +
        ( 0.0049515, 0.0000837)|   2, 1, 0;0,  0;0,  0> +
        (-0.0015037, 0.0000465)|   1, 2, 0;0,  0;0,  0> +
        ( 0.0015001,-0.0000465)|   1, 0, 2;0,  0;0,  0> +
        (-0.0011402,-0.0000000)|   0, 2, 2;0,  0;0,  0> +
        ( 0.0000032, 0.0009955)|   0, 0, 3;0,  0;0,  0> +
        ( 0.0009516,-0.0000035)|   2, 2, 0;0,  0;0,  0> +
        ( 0.0009400, 0.0000230)|   0, 3, 0;0,  0;0,  0> +
        ( 0.0001169, 0.0009269)|   2, 0, 1;0,  0;0,  0> +
        ( 0.0009311, 0.0000032)|   2, 0, 2;0,  0;0,  0> +
        ( 0.0008554, 0.0000025)|   0, 0, 4;0,  0;0,  0> +
        ( 0.0006212,-0.0000001)|   4, 0, 0;0,  0;0,  0> +
        ( 0.0005878, 0.0000061)|   0, 1, 2;0,  0;0,  0> +
        (-0.0000178, 0.0005788)|   0, 2, 1;0,  0;0,  0> +
        (-0.0005241,-0.0000013)|   0, 0, 2;0,  0;0,  0> +
        ( 0.0005241, 0.0000013)|   0, 2, 0;0,  0;0,  0> +
        (-0.0004772,-0.0000025)|   0, 4, 0;0,  0;0,  0> +
        (-0.0000641, 0.0000006)|   0, 4, 2;0,  0;0,  0> +
        (-0.0000568,-0.0000003)|   0, 2, 4;0,  0;0,  0> +
        ( 0.0000504,-0.0000000)|   1, 1, 0;0,  0;1,  0> +
        (-0.0000504, 0.0000000)|   1, 1, 0;1,  0;0,  0> +
        (-0.0000000,-0.0000423)|   1, 0, 1;0,  0;1,  0> +
        ( 0.0000000, 0.0000423)|   1, 0, 1;1,  0;0,  0> +
        ( 0.0000009,-0.0000225)|   0, 1, 1;0,  0;0,  0> +
        ( 0.0000192,-0.0000014)|   1, 4, 0;0,  0;0,  0> +
        ( 0.0000122,-0.0000004)|   1, 2, 2;0,  0;0,  0> +
        ( 0.0000121, 0.0000002)|   1, 0, 4;0,  0;0,  0> +
        (-0.0000038,-0.0000000)|   5, 0, 0;0,  0;0,  0> +
        (-0.0000000, 0.0000030)|   0, 0, 1;0,  0;0,  0> +
        ( 0.0000027, 0.0000000)|   2, 4, 0;0,  0;0,  0> +
        ( 0.0000027, 0.0000000)|   2, 0, 4;0,  0;0,  0> +
        ( 0.0000026,-0.0000000)|   0, 1, 0;0,  0;0,  0> +
        ( 0.0000024,-0.0000000)|   2, 2, 2;0,  0;0,  0> +
        ( 0.0000022, 0.0000000)|   2, 0, 0;0,  0;0,  0> +
         ...
 |10> = (-0.9993249,-0.0198734)|   6, 0, 0;0,  0;0,  0> +
        ( 0.0214956,-0.0003064)|   3, 1, 0;0,  0;0,  0> +
        (-0.0003131,-0.0209738)|   3, 0, 1;0,  0;0,  0> +
        (-0.0041126,-0.0002379)|   1, 0, 4;0,  0;0,  0> +
        (-0.0002813, 0.0026528)|   0, 2, 1;0,  0;0,  0> +
        ( 0.0025374, 0.0000852)|   1, 4, 0;0,  0;0,  0> +
        (-0.0020192,-0.0000226)|   4, 0, 2;0,  0;0,  0> +
        (-0.0018908,-0.0000108)|   4, 2, 0;0,  0;0,  0> +
        ( 0.0014537, 0.0001872)|   1, 2, 2;0,  0;0,  0> +
        ( 0.0013331, 0.0000014)|   3, 2, 0;0,  0;0,  0> +
        (-0.0010633, 0.0001093)|   0, 3, 0;0,  0;0,  0> +
        (-0.0009217,-0.0000041)|   1, 3, 0;0,  0;0,  0> +
        (-0.0000007,-0.0008167)|   1, 0, 3;0,  0;0,  0> +
        ( 0.0000134, 0.0007944)|   0, 2, 3;0,  0;0,  0> +
        ( 0.0007759, 0.0000041)|   0, 1, 4;0,  0;0,  0> +
        (-0.0007417, 0.0000404)|   0, 2, 4;0,  0;0,  0> +
        (-0.0000037,-0.0005573)|   1, 2, 1;0,  0;0,  0> +
        (-0.0005266, 0.0000168)|   1, 1, 2;0,  0;0,  0> +
        ( 0.0005170, 0.0000000)|   0, 0, 4;0,  0;0,  0> +
        ( 0.0005055,-0.0000404)|   0, 4, 2;0,  0;0,  0> +
        (-0.0005033,-0.0000017)|   3, 0, 2;0,  0;0,  0> +
        (-0.0005005,-0.0000090)|   1, 2, 4;0,  0;0,  0> +
        ( 0.0002743,-0.0004088)|   0, 0, 3;0,  0;0,  0> +
        (-0.0000243,-0.0004833)|   0, 4, 1;0,  0;0,  0> +
        ( 0.0000048,-0.0004170)|   0, 4, 3;0,  0;0,  0> +
        (-0.0004167,-0.0000038)|   0, 3, 4;0,  0;0,  0> +
        (-0.0004146, 0.0000007)|   2, 4, 0;0,  0;0,  0> +
        (-0.0003404,-0.0000025)|   2, 2, 2;0,  0;0,  0> +
        (-0.0002853,-0.0000000)|   0, 2, 2;0,  0;0,  0> +
        (-0.0002852,-0.0000000)|   0, 4, 0;0,  0;0,  0> +
        (-0.0002696, 0.0000039)|   0, 1, 2;0,  0;0,  0> +
        (-0.0002658,-0.0000010)|   3, 4, 0;0,  0;0,  0> +
        ( 0.0002352, 0.0000026)|   2, 4, 2;0,  0;0,  0> +
        ( 0.0002216,-0.0000019)|   2, 2, 4;0,  0;0,  0> +
        ( 0.0002207, 0.0000087)|   1, 4, 2;0,  0;0,  0> +
        (-0.0002058,-0.0000017)|   3, 2, 2;0,  0;0,  0> +
        (-0.0002009, 0.0000015)|   3, 0, 4;0,  0;0,  0> +
        (-0.0000067, 0.0001964)|   1, 1, 1;0,  0;0,  0> +
        (-0.0000924, 0.0000000)|   0, 4, 4;0,  0;0,  0> +
        ( 0.0000734,-0.0000029)|   4, 1, 0;0,  0;0,  0> +
        ( 0.0000658, 0.0000013)|   6, 0, 0;1,  0;0,  0> +
        (-0.0000658,-0.0000013)|   6, 0, 0;0,  0;1,  0> +
        (-0.0000032, 0.0000625)|   4, 0, 1;0,  0;0,  0> +
        (-0.0000386, 0.0000001)|   7, 0, 0;0,  0;0,  0> +
        ( 0.0000232,-0.0000072)|   0, 3, 2;0,  0;0,  0> +
        (-0.0000015, 0.0000187)|   2, 0, 3;0,  0;0,  0> +
        (-0.0000079,-0.0000127)|   2, 0, 2;0,  0;0,  0> +
        ( 0.0000078, 0.0000127)|   2, 2, 0;0,  0;0,  0> +
        (-0.0000002,-0.0000096)|   0, 1, 1;0,  0;0,  0> +
        (-0.0000089,-0.0000000)|   2, 4, 4;0,  0;0,  0> +
        ( 0.0000086, 0.0000001)|   5, 0, 0;0,  0;0,  0> +
        ( 0.0000067, 0.0000004)|   2, 1, 2;0,  0;0,  0> +
        (-0.0000029, 0.0000047)|   2, 3, 0;0,  0;0,  0> +
        (-0.0000047, 0.0000001)|   1, 4, 4;0,  0;0,  0> +
        (-0.0000045,-0.0000003)|   2, 1, 0;0,  0;0,  0> +
        (-0.0000017, 0.0000036)|   2, 2, 1;0,  0;0,  0> +
        (-0.0000002, 0.0000033)|   2, 0, 1;0,  0;0,  0> +
        ( 0.0000033,-0.0000000)|   0, 0, 3;0,  0;1,  0> +
        ( 0.0000030, 0.0000011)|   2, 0, 4;0,  0;0,  0> +
        ( 0.0000001,-0.0000032)|   0, 3, 1;0,  0;0,  0> +
        ( 0.0000027,-0.0000000)|   1, 3, 2;0,  0;0,  0> +
        (-0.0000000, 0.0000024)|   1, 2, 3;0,  0;0,  0> +
        ( 0.0000001,-0.0000024)|   0, 3, 3;0,  0;0,  0> +
        ( 0.0000023, 0.0000000)|  10, 0, 0;0,  0;0,  0> +
        ( 0.0000017,-0.0000000)|   1, 1, 4;0,  0;0,  0> +
        (-0.0000014, 0.0000000)|   3, 1, 0;1,  0;0,  0> +
        ( 0.0000014,-0.0000000)|   3, 1, 0;0,  0;1,  0> +
        ( 0.0000014,-0.0000000)|   4, 4, 0;0,  0;0,  0> +
        ( 0.0000000, 0.0000014)|   3, 0, 1;1,  0;0,  0> +
        (-0.0000000,-0.0000014)|   3, 0, 1;0,  0;1,  0> +
        ( 0.0000011, 0.0000000)|   9, 0, 0;0,  0;0,  0> +
        ( 0.0000000, 0.0000010)|   1, 4, 1;0,  0;0,  0> +
         ...
 |11> = (-0.9999672, 0.0018691)|   7, 0, 0;0,  0;0,  0> +
        (-0.0042085, 0.0000760)|   4, 0, 2;0,  0;0,  0> +
        ( 0.0005892, 0.0036022)|   4, 0, 1;0,  0;0,  0> +
        (-0.0024485, 0.0003458)|   2, 4, 0;0,  0;0,  0> +
        ( 0.0019366, 0.0000290)|   1, 4, 0;0,  0;0,  0> +
        ( 0.0018867,-0.0000022)|   3, 0, 2;0,  0;0,  0> +
        (-0.0018309, 0.0000022)|   3, 2, 0;0,  0;0,  0> +
        ( 0.0007141,-0.0016033)|   2, 1, 1;0,  0;0,  0> +
        (-0.0002520, 0.0016204)|   0, 2, 1;0,  0;0,  0> +
        (-0.0014108, 0.0005750)|   4, 1, 0;0,  0;0,  0> +
        ( 0.0012971, 0.0000850)|   2, 0, 4;0,  0;0,  0> +
        (-0.0012737,-0.0000878)|   4, 2, 0;0,  0;0,  0> +
        (-0.0011389,-0.0000705)|   1, 0, 4;0,  0;0,  0> +
        ( 0.0009082, 0.0000255)|   0, 3, 2;0,  0;0,  0> +
        ( 0.0000147, 0.0008497)|   0, 3, 1;0,  0;0,  0> +
        (-0.0000031,-0.0008390)|   0, 2, 3;0,  0;0,  0> +
        (-0.0008247, 0.0000114)|   1, 3, 0;0,  0;0,  0> +
        ( 0.0006664,-0.0000026)|   3, 4, 0;0,  0;0,  0> +
        ( 0.0006189, 0.0000145)|   3, 2, 2;0,  0;0,  0> +
        ( 0.0005928,-0.0000084)|   3, 0, 4;0,  0;0,  0> +
        ( 0.0005757, 0.0000070)|   2, 4, 2;0,  0;0,  0> +
        (-0.0001191,-0.0005248)|   2, 2, 2;0,  0;0,  0> +
        (-0.0000265,-0.0005128)|   1, 0, 3;0,  0;0,  0> +
        ( 0.0000288, 0.0005042)|   1, 2, 1;0,  0;0,  0> +
        (-0.0000661,-0.0004667)|   0, 0, 3;0,  0;0,  0> +
        (-0.0002966,-0.0003306)|   0, 3, 0;0,  0;0,  0> +
        (-0.0004119,-0.0000100)|   0, 1, 4;0,  0;0,  0> +
        (-0.0002996, 0.0002042)|   0, 1, 2;0,  0;0,  0> +
        (-0.0000031,-0.0003471)|   1, 2, 3;0,  0;0,  0> +
        (-0.0003367,-0.0000016)|   2, 3, 0;0,  0;0,  0> +
        ( 0.0003079, 0.0000511)|   1, 2, 2;0,  0;0,  0> +
        (-0.0002994, 0.0000010)|   1, 1, 4;0,  0;0,  0> +
        (-0.0002875,-0.0000068)|   2, 2, 4;0,  0;0,  0> +
        (-0.0002700, 0.0000088)|   1, 3, 2;0,  0;0,  0> +
        ( 0.0000104,-0.0002598)|   0, 3, 3;0,  0;0,  0> +
        (-0.0002441,-0.0000027)|   3, 4, 2;0,  0;0,  0> +
        (-0.0000159, 0.0002407)|   0, 4, 3;0,  0;0,  0> +
        ( 0.0000018,-0.0002365)|   2, 0, 3;0,  0;0,  0> +
        (-0.0002332,-0.0000312)|   1, 1, 2;0,  0;0,  0> +
        (-0.0002263,-0.0000013)|   4, 4, 4;0,  0;0,  0> +
        (-0.0002211,-0.0000024)|   3, 2, 4;0,  0;0,  0> +
        (-0.0000078,-0.0002171)|   2, 2, 1;0,  0;0,  0> +
        (-0.0001978, 0.0000036)|   2, 1, 2;0,  0;0,  0> +
        ( 0.0001952, 0.0000001)|   0, 4, 4;0,  0;0,  0> +
        ( 0.0000355, 0.0001849)|   0, 1, 3;0,  0;0,  0> +
        (-0.0001872, 0.0000115)|   0, 4, 2;0,  0;0,  0> +
        ( 0.0001703,-0.0000008)|   8, 0, 0;0,  0;0,  0> +
        ( 0.0001694,-0.0000115)|   0, 2, 4;0,  0;0,  0> +
        (-0.0001612,-0.0000018)|   1, 2, 4;0,  0;0,  0> +
        ( 0.0000017,-0.0001569)|   1, 4, 1;0,  0;0,  0> +
        (-0.0001545,-0.0000159)|   0, 3, 4;0,  0;0,  0> +
        ( 0.0000313, 0.0000943)|   0, 4, 1;0,  0;0,  0> +
        (-0.0000978, 0.0000000)|   0, 4, 0;0,  0;0,  0> +
        ( 0.0000973,-0.0000000)|   0, 0, 4;0,  0;0,  0> +
        ( 0.0000029,-0.0000945)|   1, 1, 1;0,  0;0,  0> +
        (-0.0000774, 0.0000005)|   1, 3, 4;0,  0;0,  0> +
        (-0.0000658, 0.0000001)|   7, 0, 0;0,  0;1,  0> +
        ( 0.0000658,-0.0000001)|   7, 0, 0;1,  0;0,  0> +
        (-0.0000006,-0.0000654)|   1, 4, 3;0,  0;0,  0> +
        ( 0.0000603, 0.0000015)|   6, 0, 0;0,  0;0,  0> +
        ( 0.0000565, 0.0000024)|   4, 0, 4;0,  0;0,  0> +
        ( 0.0000444, 0.0000027)|   4, 4, 0;0,  0;0,  0> +
        ( 0.0000383, 0.0000025)|   4, 2, 2;0,  0;0,  0> +
        (-0.0000364,-0.0000000)|   1, 4, 4;0,  0;0,  0> +
        ( 0.0000002, 0.0000222)|   3, 0, 1;0,  0;0,  0> +
        ( 0.0000194, 0.0000017)|   1, 4, 2;0,  0;0,  0> +
        ( 0.0000167, 0.0000000)|   2, 4, 4;0,  0;0,  0> +
        (-0.0000099, 0.0000003)|   3, 1, 0;0,  0;0,  0> +
        (-0.0000088, 0.0000009)|   5, 1, 0;0,  0;0,  0> +
        ( 0.0000084,-0.0000000)|   4, 2, 4;0,  0;0,  0> +
        ( 0.0000081,-0.0000000)|   4, 4, 2;0,  0;0,  0> +
        ( 0.0000001,-0.0000064)|   0, 1, 1;0,  0;0,  0> +
        ( 0.0000035, 0.0000051)|   2, 2, 0;0,  0;0,  0> +
        (-0.0000035,-0.0000051)|   2, 0, 2;0,  0;0,  0> +
        (-0.0000051,-0.0000000)|   2, 3, 2;0,  0;0,  0> +
        ( 0.0000000,-0.0000046)|   2, 2, 3;0,  0;0,  0> +
        (-0.0000043, 0.0000005)|   3, 4, 4;0,  0;0,  0> +
        (-0.0000003,-0.0000043)|   5, 0, 1;0,  0;0,  0> +
        (-0.0000040,-0.0000000)|   2, 1, 4;0,  0;0,  0> +
        ( 0.0000000,-0.0000036)|   2, 4, 1;0,  0;0,  0> +
        (-0.0000001, 0.0000030)|   2, 0, 1;0,  0;0,  0> +
        (-0.0000017,-0.0000001)|   2, 1, 0;0,  0;0,  0> +
        ( 0.0000014,-0.0000000)|   5, 0, 0;0,  0;0,  0> +
        (-0.0000013,-0.0000000)|  10, 0, 0;0,  0;0,  0> +
        ( 0.0000002, 0.0000011)|   7, 0, 1;0,  0;0,  0> +
        (-0.0000007,-0.0000008)|   8, 1, 0;0,  0;0,  0> +
        ( 0.0000000,-0.0000011)|   2, 4, 3;0,  0;0,  0> +
        (-0.0000000,-0.0000010)|   6, 0, 1;0,  0;0,  0> +
         ...
 |12> = (-0.0003303, 0.7132235)|   2, 0, 1;0,  0;0,  0> +
        ( 0.7008536,-0.0005357)|   2, 1, 0;0,  0;0,  0> +
        (-0.0092361,-0.0000150)|   1, 1, 0;0,  0;0,  0> +
        (-0.0000149,-0.0045745)|   1, 0, 1;0,  0;0,  0> +
        ( 0.0022897,-0.0000000)|   4, 0, 0;0,  0;0,  0> +
        (-0.0009688, 0.0000069)|   1, 0, 4;0,  0;0,  0> +
        (-0.0009140,-0.0000008)|   1, 4, 0;0,  0;0,  0> +
        (-0.0008205, 0.0000025)|   0, 4, 2;0,  0;0,  0> +
        (-0.0008170,-0.0000014)|   1, 2, 2;0,  0;0,  0> +
        ( 0.0008047,-0.0000003)|   1, 0, 2;0,  0;0,  0> +
        (-0.0007916,-0.0000052)|   0, 2, 4;0,  0;0,  0> +
        ( 0.0005570, 0.0000003)|   1, 2, 0;0,  0;0,  0> +
        ( 0.0003393,-0.0000010)|   0, 0, 4;0,  0;0,  0> +
        (-0.0000000,-0.0002489)|   0, 0, 1;0,  0;0,  0> +
        ( 0.0002483,-0.0000000)|   0, 1, 0;0,  0;0,  0> +
        (-0.0001739,-0.0000009)|   2, 2, 0;0,  0;0,  0> +
        (-0.0001509,-0.0000000)|   0, 2, 2;0,  0;0,  0> +
        ( 0.0001183, 0.0000000)|   0, 0, 2;0,  0;0,  0> +
        (-0.0001183,-0.0000000)|   0, 2, 0;0,  0;0,  0> +
        (-0.0001135, 0.0000008)|   2, 0, 2;0,  0;0,  0> +
        ( 0.0000609, 0.0000010)|   0, 4, 0;0,  0;0,  0> +
        (-0.0000012, 0.0000578)|   0, 1, 1;0,  0;0,  0> +
        (-0.0000000, 0.0000469)|   2, 0, 1;0,  0;1,  0> +
        ( 0.0000000,-0.0000469)|   2, 0, 1;1,  0;0,  0> +
        (-0.0000461, 0.0000000)|   2, 1, 0;1,  0;0,  0> +
        ( 0.0000461,-0.0000000)|   2, 1, 0;0,  0;1,  0> +
        ( 0.0000018,-0.0000412)|   0, 2, 1;0,  0;0,  0> +
        (-0.0000275, 0.0000113)|   0, 3, 0;0,  0;0,  0> +
        ( 0.0000146,-0.0000227)|   0, 0, 3;0,  0;0,  0> +
        ( 0.0000187, 0.0000003)|   3, 2, 0;0,  0;0,  0> +
        ( 0.0000146, 0.0000001)|   5, 0, 0;0,  0;0,  0> +
        ( 0.0000130, 0.0000006)|   3, 0, 2;0,  0;0,  0> +
        (-0.0000069, 0.0000090)|   0, 1, 2;0,  0;0,  0> +
        (-0.0000000,-0.0000066)|   3, 0, 1;0,  0;0,  0> +
        (-0.0000002,-0.0000064)|   4, 0, 1;0,  0;0,  0> +
        (-0.0000054, 0.0000001)|   2, 4, 0;0,  0;0,  0> +
        (-0.0000053,-0.0000000)|   2, 0, 4;0,  0;0,  0> +
        (-0.0000052,-0.0000002)|   4, 1, 0;0,  0;0,  0> +
        (-0.0000049, 0.0000001)|   2, 2, 2;0,  0;0,  0> +
        (-0.0000023,-0.0000000)|   0, 4, 4;0,  0;0,  0> +
        (-0.0000018,-0.0000000)|   3, 1, 0;0,  0;0,  0> +
        (-0.0000000, 0.0000014)|   0, 2, 3;0,  0;0,  0> +
        ( 0.0000014, 0.0000000)|   0, 3, 2;0,  0;0,  0> +
        (-0.0000000, 0.0000011)|   0, 4, 1;0,  0;0,  0> +
        ( 0.0000011, 0.0000000)|   1, 2, 4;0,  0;0,  0> +
        ( 0.0000000, 0.0000010)|  10, 0, 1;0,  0;0,  0> +
         ...
 |13> = (-0.7122059,-0.0381258)|   2, 1, 0;0,  0;0,  0> +
        (-0.0383236, 0.6998204)|   2, 0, 1;0,  0;0,  0> +
        (-0.0000551, 0.0073352)|   0, 1, 1;0,  0;0,  0> +
        ( 0.0001953,-0.0031456)|   0, 2, 1;0,  0;0,  0> +
        (-0.0002611,-0.0024581)|   0, 0, 3;0,  0;0,  0> +
        ( 0.0020664, 0.0000077)|   1, 1, 0;0,  0;0,  0> +
        ( 0.0000076,-0.0020401)|   1, 0, 1;0,  0;0,  0> +
        (-0.0019548,-0.0001957)|   0, 3, 0;0,  0;0,  0> +
        ( 0.0014348, 0.0000095)|   5, 0, 0;0,  0;0,  0> +
        ( 0.0012796,-0.0000007)|   0, 4, 0;0,  0;0,  0> +
        (-0.0009583, 0.0000003)|   1, 4, 0;0,  0;0,  0> +
        ( 0.0009013, 0.0000263)|   1, 2, 2;0,  0;0,  0> +
        (-0.0008978,-0.0000019)|   2, 0, 4;0,  0;0,  0> +
        ( 0.0008943, 0.0000007)|   1, 2, 0;0,  0;0,  0> +
        (-0.0008941,-0.0000007)|   1, 0, 2;0,  0;0,  0> +
        (-0.0008938, 0.0000070)|   2, 4, 0;0,  0;0,  0> +
        (-0.0007715, 0.0000043)|   2, 2, 2;0,  0;0,  0> +
        (-0.0007345, 0.0000000)|   0, 2, 2;0,  0;0,  0> +
        (-0.0004975, 0.0000825)|   0, 1, 2;0,  0;0,  0> +
        (-0.0002802, 0.0000144)|   0, 4, 2;0,  0;0,  0> +
        ( 0.0002631, 0.0000007)|   0, 0, 4;0,  0;0,  0> +
        (-0.0002095,-0.0001447)|   2, 2, 0;0,  0;0,  0> +
        (-0.0002458,-0.0000048)|   0, 4, 4;0,  0;0,  0> +
        ( 0.0002269,-0.0000137)|   0, 2, 4;0,  0;0,  0> +
        ( 0.0001587, 0.0001447)|   2, 0, 2;0,  0;0,  0> +
        (-0.0001681, 0.0000145)|   3, 2, 0;0,  0;0,  0> +
        (-0.0001616,-0.0000294)|   1, 0, 4;0,  0;0,  0> +
        (-0.0000021, 0.0001503)|   0, 2, 3;0,  0;0,  0> +
        ( 0.0001496, 0.0000021)|   0, 3, 2;0,  0;0,  0> +
        (-0.0000014, 0.0001166)|   0, 4, 1;0,  0;0,  0> +
        ( 0.0001081, 0.0000016)|   1, 2, 4;0,  0;0,  0> +
        ( 0.0001072, 0.0000016)|   0, 1, 4;0,  0;0,  0> +
        ( 0.0001007, 0.0000016)|   1, 4, 2;0,  0;0,  0> +
        (-0.0000762, 0.0000002)|   0, 0, 2;0,  0;0,  0> +
        ( 0.0000761,-0.0000002)|   0, 2, 0;0,  0;0,  0> +
        ( 0.0000548,-0.0000003)|   3, 1, 0;0,  0;0,  0> +
        ( 0.0000469, 0.0000025)|   2, 1, 0;1,  0;0,  0> +
        (-0.0000469,-0.0000025)|   2, 1, 0;0,  0;1,  0> +
        (-0.0000025, 0.0000460)|   2, 0, 1;0,  0;1,  0> +
        ( 0.0000025,-0.0000460)|   2, 0, 1;1,  0;0,  0> +
        (-0.0000000, 0.0000263)|   3, 0, 1;0,  0;0,  0> +
        (-0.0000098, 0.0000084)|   3, 0, 2;0,  0;0,  0> +
        (-0.0000003, 0.0000081)|   1, 0, 3;0,  0;0,  0> +
        ( 0.0000072, 0.0000003)|   1, 3, 0;0,  0;0,  0> +
        (-0.0000002, 0.0000049)|   1, 2, 1;0,  0;0,  0> +
        ( 0.0000046, 0.0000003)|   1, 1, 2;0,  0;0,  0> +
        (-0.0000031,-0.0000001)|   4, 2, 0;0,  0;0,  0> +
        (-0.0000031,-0.0000001)|   4, 0, 2;0,  0;0,  0> +
        (-0.0000005,-0.0000023)|   4, 0, 1;0,  0;0,  0> +
        ( 0.0000021, 0.0000000)|   4, 0, 0;0,  0;0,  0> +
        ( 0.0000017,-0.0000005)|   4, 1, 0;0,  0;0,  0> +
         ...
 |14> = (-0.9999498, 0.0046895)|   8, 0, 0;0,  0;0,  0> +
        ( 0.0041603,-0.0004405)|   5, 1, 0;0,  0;0,  0> +
        ( 0.0000768, 0.0035846)|   1, 2, 1;0,  0;0,  0> +
        ( 0.0000597, 0.0028962)|   2, 2, 1;0,  0;0,  0> +
        ( 0.0023059, 0.0000374)|   2, 1, 2;0,  0;0,  0> +
        ( 0.0001476, 0.0021023)|   5, 0, 1;0,  0;0,  0> +
        (-0.0019596, 0.0000894)|   4, 0, 2;0,  0;0,  0> +
        (-0.0019004, 0.0003810)|   2, 4, 0;0,  0;0,  0> +
        (-0.0002058,-0.0017576)|   2, 0, 3;0,  0;0,  0> +
        ( 0.0015859,-0.0000895)|   4, 2, 0;0,  0;0,  0> +
        (-0.0005618, 0.0012717)|   2, 1, 1;0,  0;0,  0> +
        ( 0.0000525,-0.0013740)|   0, 3, 1;0,  0;0,  0> +
        (-0.0003276,-0.0013144)|   4, 0, 1;0,  0;0,  0> +
        ( 0.0012979,-0.0003202)|   4, 1, 0;0,  0;0,  0> +
        (-0.0010708, 0.0001638)|   1, 3, 0;0,  0;0,  0> +
        (-0.0009487,-0.0000122)|   2, 4, 2;0,  0;0,  0> +
        (-0.0009255,-0.0000367)|   1, 2, 2;0,  0;0,  0> +
        (-0.0008785, 0.0000864)|   2, 0, 4;0,  0;0,  0> +
        ( 0.0007663, 0.0000055)|   0, 3, 2;0,  0;0,  0> +
        ( 0.0000244,-0.0006000)|   0, 3, 3;0,  0;0,  0> +
        ( 0.0005914, 0.0000124)|   2, 2, 4;0,  0;0,  0> +
        ( 0.0000772,-0.0005687)|   2, 2, 2;0,  0;0,  0> +
        ( 0.0005451,-0.0001190)|   0, 1, 2;0,  0;0,  0> +
        ( 0.0004654, 0.0000006)|   4, 4, 4;0,  0;0,  0> +
        ( 0.0001830,-0.0004204)|   0, 0, 3;0,  0;0,  0> +
        (-0.0004189,-0.0000015)|   3, 2, 4;0,  0;0,  0> +
        (-0.0004017,-0.0000069)|   1, 4, 2;0,  0;0,  0> +
        (-0.0003966,-0.0000000)|   0, 4, 4;0,  0;0,  0> +
        (-0.0000060,-0.0003918)|   0, 4, 1;0,  0;0,  0> +
        (-0.0003870, 0.0000002)|   3, 2, 2;0,  0;0,  0> +
        (-0.0003792, 0.0000000)|   3, 4, 2;0,  0;0,  0> +
        ( 0.0003592, 0.0000007)|   4, 2, 4;0,  0;0,  0> +
        ( 0.0003083,-0.0001791)|   1, 1, 2;0,  0;0,  0> +
        ( 0.0003487, 0.0000375)|   1, 0, 4;0,  0;0,  0> +
        ( 0.0003136, 0.0000032)|   4, 0, 4;0,  0;0,  0> +
        (-0.0002878, 0.0000156)|   0, 4, 2;0,  0;0,  0> +
        ( 0.0000013,-0.0002807)|   1, 4, 3;0,  0;0,  0> +
        ( 0.0000066, 0.0002788)|   1, 2, 3;0,  0;0,  0> +
        (-0.0002785,-0.0000002)|   3, 4, 4;0,  0;0,  0> +
        (-0.0002717, 0.0000007)|   1, 3, 4;0,  0;0,  0> +
        ( 0.0002702,-0.0000007)|   4, 4, 0;0,  0;0,  0> +
        ( 0.0002655, 0.0000013)|   4, 2, 2;0,  0;0,  0> +
        ( 0.0002652, 0.0000003)|   4, 4, 2;0,  0;0,  0> +
        ( 0.0002383, 0.0000069)|   1, 2, 4;0,  0;0,  0> +
        (-0.0000619, 0.0002268)|   0, 2, 1;0,  0;0,  0> +
        (-0.0000273, 0.0002162)|   0, 3, 0;0,  0;0,  0> +
        ( 0.0002073, 0.0000145)|   0, 3, 4;0,  0;0,  0> +
        ( 0.0002013,-0.0000075)|   1, 4, 0;0,  0;0,  0> +
        (-0.0000247,-0.0001928)|   2, 3, 0;0,  0;0,  0> +
        ( 0.0001932,-0.0000156)|   0, 2, 4;0,  0;0,  0> +
        (-0.0001691, 0.0000004)|   7, 0, 0;0,  0;0,  0> +
        ( 0.0000145,-0.0001564)|   0, 4, 3;0,  0;0,  0> +
        ( 0.0001466,-0.0000005)|   1, 1, 4;0,  0;0,  0> +
        (-0.0001205,-0.0000005)|   5, 4, 4;0,  0;0,  0> +
        ( 0.0000130,-0.0001003)|   0, 2, 3;0,  0;0,  0> +
        ( 0.0000985, 0.0000000)|   2, 4, 4;0,  0;0,  0> +
        ( 0.0000970, 0.0000102)|   1, 3, 2;0,  0;0,  0> +
        (-0.0000783,-0.0000165)|   3, 0, 4;0,  0;0,  0> +
        ( 0.0000796,-0.0000011)|   2, 3, 2;0,  0;0,  0> +
        ( 0.0000658,-0.0000003)|   8, 0, 0;1,  0;0,  0> +
        (-0.0000658, 0.0000003)|   8, 0, 0;0,  0;1,  0> +
        (-0.0000613, 0.0000007)|   0, 1, 3;0,  0;0,  0> +
        ( 0.0000024, 0.0000583)|   1, 4, 1;0,  0;0,  0> +
        (-0.0000570, 0.0000000)|   1, 4, 4;0,  0;0,  0> +
        ( 0.0000472, 0.0000045)|   0, 1, 4;0,  0;0,  0> +
        (-0.0000026, 0.0000469)|   2, 4, 1;0,  0;0,  0> +
        (-0.0000016, 0.0000457)|   1, 1, 1;0,  0;0,  0> +
        (-0.0000433, 0.0000009)|   2, 1, 4;0,  0;0,  0> +
        (-0.0000407, 0.0000138)|   3, 4, 0;0,  0;0,  0> +
        ( 0.0000381,-0.0000001)|   3, 3, 0;0,  0;0,  0> +
        ( 0.0000000, 0.0000354)|   3, 0, 3;0,  0;0,  0> +
        ( 0.0000171,-0.0000230)|   1, 0, 3;0,  0;0,  0> +
        ( 0.0000203, 0.0000000)|   3, 1, 2;0,  0;0,  0> +
        (-0.0000000, 0.0000203)|   3, 2, 1;0,  0;0,  0> +
        ( 0.0000003,-0.0000142)|   2, 2, 3;0,  0;0,  0> +
        (-0.0000135, 0.0000008)|   2, 3, 4;0,  0;0,  0> +
        ( 0.0000001,-0.0000134)|   3, 1, 1;0,  0;0,  0> +
        (-0.0000061, 0.0000000)|   0, 4, 0;0,  0;0,  0> +
        ( 0.0000060,-0.0000001)|   3, 0, 2;0,  0;0,  0> +
        (-0.0000059, 0.0000002)|   3, 1, 0;0,  0;0,  0> +
        ( 0.0000059,-0.0000000)|   0, 0, 4;0,  0;0,  0> +
        (-0.0000049,-0.0000002)|   3, 2, 0;0,  0;0,  0> +
        (-0.0000001,-0.0000038)|   0, 1, 1;0,  0;0,  0> +
        (-0.0000015,-0.0000023)|   2, 2, 0;0,  0;0,  0> +
        ( 0.0000015, 0.0000023)|   2, 0, 2;0,  0;0,  0> +
        (-0.0000022, 0.0000002)|   6, 4, 4;0,  0;0,  0> +
        ( 0.0000000,-0.0000021)|   1, 0, 1;0,  0;0,  0> +
        ( 0.0000005,-0.0000018)|   2, 4, 3;0,  0;0,  0> +
        ( 0.0000001,-0.0000018)|   2, 0, 1;0,  0;0,  0> +
        ( 0.0000000, 0.0000016)|   0, 0, 1;0,  0;0,  0> +
        (-0.0000000, 0.0000015)|   6, 0, 1;0,  0;0,  0> +
        (-0.0000015,-0.0000002)|   6, 0, 0;0,  0;0,  0> +
        (-0.0000013,-0.0000000)|   9, 0, 0;0,  0;0,  0> +
        ( 0.0000012, 0.0000001)|   2, 1, 0;0,  0;0,  0> +
        (-0.0000012,-0.0000002)|   7, 1, 0;0,  0;0,  0> +
        (-0.0000012, 0.0000000)|   1, 1, 0;0,  0;0,  0> +
         ...
 |15> = (-0.0004894,-0.7165717)|   3, 0, 1;0,  0;0,  0> +
        (-0.6974465, 0.0000097)|   3, 1, 0;0,  0;0,  0> +
        ( 0.0066921, 0.0000039)|   5, 0, 0;0,  0;0,  0> +
        (-0.0000268, 0.0040181)|   0, 1, 1;0,  0;0,  0> +
        (-0.0038974,-0.0000109)|   3, 2, 0;0,  0;0,  0> +
        ( 0.0024820, 0.0000124)|   3, 0, 2;0,  0;0,  0> +
        (-0.0012041,-0.0000011)|   1, 4, 0;0,  0;0,  0> +
        ( 0.0011486, 0.0000299)|   1, 2, 2;0,  0;0,  0> +
        ( 0.0000003,-0.0010533)|   1, 0, 3;0,  0;0,  0> +
        (-0.0007436,-0.0000217)|   2, 0, 4;0,  0;0,  0> +
        ( 0.0007384,-0.0000052)|   2, 4, 0;0,  0;0,  0> +
        (-0.0006933, 0.0000219)|   0, 2, 4;0,  0;0,  0> +
        ( 0.0005860,-0.0000011)|   2, 2, 4;0,  0;0,  0> +
        ( 0.0005547,-0.0000032)|   2, 4, 2;0,  0;0,  0> +
        ( 0.0002841, 0.0004761)|   2, 0, 2;0,  0;0,  0> +
        (-0.0002841,-0.0004761)|   2, 2, 0;0,  0;0,  0> +
        (-0.0000018,-0.0005355)|   1, 2, 1;0,  0;0,  0> +
        (-0.0005061, 0.0000130)|   4, 2, 0;0,  0;0,  0> +
        ( 0.0000858,-0.0004664)|   0, 2, 1;0,  0;0,  0> +
        ( 0.0004535, 0.0000000)|   0, 2, 2;0,  0;0,  0> +
        (-0.0004204, 0.0000121)|   1, 1, 2;0,  0;0,  0> +
        (-0.0003871, 0.0000196)|   1, 3, 0;0,  0;0,  0> +
        ( 0.0003809, 0.0000323)|   2, 2, 2;0,  0;0,  0> +
        (-0.0003645, 0.0000002)|   1, 4, 2;0,  0;0,  0> +
        (-0.0003541, 0.0000204)|   4, 0, 2;0,  0;0,  0> +
        (-0.0001014, 0.0003133)|   0, 0, 3;0,  0;0,  0> +
        ( 0.0002678,-0.0000596)|   0, 3, 0;0,  0;0,  0> +
        (-0.0002675,-0.0000000)|   0, 0, 4;0,  0;0,  0> +
        (-0.0001189, 0.0000003)|   0, 3, 2;0,  0;0,  0> +
        ( 0.0001132,-0.0000000)|   0, 4, 4;0,  0;0,  0> +
        (-0.0000001,-0.0000975)|   0, 2, 3;0,  0;0,  0> +
        ( 0.0000733, 0.0000135)|   0, 1, 2;0,  0;0,  0> +
        (-0.0000695,-0.0000010)|   0, 1, 4;0,  0;0,  0> +
        (-0.0000021,-0.0000634)|   0, 4, 1;0,  0;0,  0> +
        (-0.0000556,-0.0000235)|   1, 0, 4;0,  0;0,  0> +
        ( 0.0000483, 0.0000000)|   0, 4, 0;0,  0;0,  0> +
        (-0.0000000,-0.0000471)|   3, 0, 1;0,  0;1,  0> +
        ( 0.0000000, 0.0000471)|   3, 0, 1;1,  0;0,  0> +
        (-0.0000459, 0.0000000)|   3, 1, 0;0,  0;1,  0> +
        ( 0.0000459,-0.0000000)|   3, 1, 0;1,  0;0,  0> +
        (-0.0000390,-0.0000008)|   1, 2, 4;0,  0;0,  0> +
        ( 0.0000012,-0.0000375)|   1, 1, 1;0,  0;0,  0> +
        ( 0.0000314, 0.0000011)|   6, 0, 0;0,  0;0,  0> +
        (-0.0000159,-0.0000219)|   0, 4, 2;0,  0;0,  0> +
        (-0.0000163,-0.0000007)|   2, 1, 0;0,  0;0,  0> +
        ( 0.0000153, 0.0000001)|   0, 0, 2;0,  0;0,  0> +
        (-0.0000153,-0.0000001)|   0, 2, 0;0,  0;0,  0> +
        (-0.0000112, 0.0000001)|   4, 1, 0;0,  0;0,  0> +
        ( 0.0000001,-0.0000106)|   4, 0, 1;0,  0;0,  0> +
        (-0.0000094,-0.0000001)|   3, 0, 4;0,  0;0,  0> +
        (-0.0000085, 0.0000001)|   3, 4, 0;0,  0;0,  0> +
        ( 0.0000000,-0.0000082)|   0, 4, 3;0,  0;0,  0> +
        (-0.0000082, 0.0000001)|   3, 2, 2;0,  0;0,  0> +
        (-0.0000078, 0.0000000)|   0, 3, 4;0,  0;0,  0> +
        (-0.0000007, 0.0000063)|   2, 0, 1;0,  0;0,  0> +
        (-0.0000038,-0.0000000)|   2, 3, 0;0,  0;0,  0> +
        ( 0.0000000,-0.0000037)|   2, 0, 3;0,  0;0,  0> +
        (-0.0000030,-0.0000000)|   1, 2, 0;0,  0;0,  0> +
        ( 0.0000030, 0.0000000)|   1, 0, 2;0,  0;0,  0> +
        ( 0.0000000,-0.0000028)|   2, 2, 1;0,  0;0,  0> +
        (-0.0000023,-0.0000000)|   2, 1, 2;0,  0;0,  0> +
        ( 0.0000015,-0.0000002)|   1, 4, 4;0,  0;0,  0> +
        (-0.0000014,-0.0000000)|   2, 4, 4;0,  0;0,  0> +
        ( 0.0000000,-0.0000014)|   6, 0, 1;0,  0;0,  0> +
         ...
 |16> = (-0.7161723, 0.0095132)|   3, 1, 0;0,  0;0,  0> +
        ( 0.0097261, 0.6970688)|   3, 0, 1;0,  0;0,  0> +
        (-0.0300368,-0.0006266)|   6, 0, 0;0,  0;0,  0> +
        (-0.0005638, 0.0046959)|   0, 0, 3;0,  0;0,  0> +
        (-0.0045176, 0.0001341)|   0, 1, 2;0,  0;0,  0> +
        (-0.0001106, 0.0037371)|   1, 1, 1;0,  0;0,  0> +
        (-0.0028069,-0.0000030)|   3, 2, 0;0,  0;0,  0> +
        (-0.0021395,-0.0001321)|   1, 0, 4;0,  0;0,  0> +
        ( 0.0020951, 0.0000173)|   4, 2, 0;0,  0;0,  0> +
        ( 0.0020490, 0.0000196)|   4, 0, 2;0,  0;0,  0> +
        ( 0.0006599,-0.0018836)|   0, 2, 1;0,  0;0,  0> +
        ( 0.0018073, 0.0000178)|   1, 3, 0;0,  0;0,  0> +
        ( 0.0009152, 0.0015333)|   2, 0, 2;0,  0;0,  0> +
        (-0.0009151,-0.0015332)|   2, 2, 0;0,  0;0,  0> +
        (-0.0000127, 0.0016204)|   1, 0, 3;0,  0;0,  0> +
        ( 0.0000237, 0.0013419)|   1, 2, 1;0,  0;0,  0> +
        ( 0.0012842, 0.0001102)|   1, 2, 2;0,  0;0,  0> +
        ( 0.0011271, 0.0000223)|   1, 4, 2;0,  0;0,  0> +
        ( 0.0009508,-0.0000427)|   1, 1, 2;0,  0;0,  0> +
        ( 0.0007120, 0.0000422)|   1, 4, 0;0,  0;0,  0> +
        ( 0.0005286,-0.0002598)|   0, 3, 0;0,  0;0,  0> +
        ( 0.0000034,-0.0005840)|   0, 4, 1;0,  0;0,  0> +
        (-0.0005627,-0.0000033)|   2, 0, 4;0,  0;0,  0> +
        ( 0.0000018, 0.0005333)|   0, 4, 3;0,  0;0,  0> +
        ( 0.0005201,-0.0000037)|   0, 3, 4;0,  0;0,  0> +
        (-0.0004226, 0.0000040)|   0, 3, 2;0,  0;0,  0> +
        ( 0.0003949, 0.0000006)|   2, 3, 0;0,  0;0,  0> +
        (-0.0000011, 0.0003727)|   2, 0, 3;0,  0;0,  0> +
        ( 0.0002973,-0.0000009)|   4, 1, 0;0,  0;0,  0> +
        (-0.0000007, 0.0002920)|   4, 0, 1;0,  0;0,  0> +
        (-0.0002895, 0.0000001)|   0, 0, 4;0,  0;0,  0> +
        (-0.0000008, 0.0002743)|   0, 1, 1;0,  0;0,  0> +
        ( 0.0002706,-0.0000019)|   2, 4, 0;0,  0;0,  0> +
        ( 0.0002502,-0.0000003)|   5, 0, 0;0,  0;0,  0> +
        (-0.0000007, 0.0002296)|   2, 2, 1;0,  0;0,  0> +
        ( 0.0002233,-0.0000001)|   0, 4, 0;0,  0;0,  0> +
        ( 0.0002218, 0.0000004)|   2, 1, 2;0,  0;0,  0> +
        (-0.0002049,-0.0000001)|   0, 4, 4;0,  0;0,  0> +
        ( 0.0001910, 0.0000017)|   0, 1, 4;0,  0;0,  0> +
        (-0.0001773,-0.0000215)|   1, 2, 4;0,  0;0,  0> +
        (-0.0001466,-0.0000001)|   1, 4, 4;0,  0;0,  0> +
        ( 0.0001453, 0.0000000)|   0, 2, 2;0,  0;0,  0> +
        (-0.0001294, 0.0000010)|   2, 4, 2;0,  0;0,  0> +
        ( 0.0001172, 0.0000003)|   2, 4, 4;0,  0;0,  0> +
        ( 0.0000941,-0.0000061)|   0, 4, 2;0,  0;0,  0> +
        (-0.0000883, 0.0000060)|   0, 2, 4;0,  0;0,  0> +
        ( 0.0000026, 0.0000705)|   0, 2, 3;0,  0;0,  0> +
        ( 0.0000650, 0.0000059)|   2, 2, 2;0,  0;0,  0> +
        (-0.0000545,-0.0000057)|   3, 2, 2;0,  0;0,  0> +
        ( 0.0000471,-0.0000006)|   3, 1, 0;1,  0;0,  0> +
        (-0.0000471, 0.0000006)|   3, 1, 0;0,  0;1,  0> +
        ( 0.0000006, 0.0000459)|   3, 0, 1;0,  0;1,  0> +
        (-0.0000006,-0.0000459)|   3, 0, 1;1,  0;0,  0> +
        (-0.0000380, 0.0000085)|   3, 0, 2;0,  0;0,  0> +
        (-0.0000379,-0.0000031)|   3, 4, 0;0,  0;0,  0> +
        (-0.0000012, 0.0000235)|   0, 3, 3;0,  0;0,  0> +
        (-0.0000214, 0.0000003)|   2, 2, 4;0,  0;0,  0> +
        (-0.0000003, 0.0000142)|   2, 0, 1;0,  0;0,  0> +
        (-0.0000120,-0.0000006)|   2, 1, 0;0,  0;0,  0> +
        ( 0.0000107,-0.0000000)|   7, 0, 0;0,  0;0,  0> +
        ( 0.0000002,-0.0000046)|   0, 3, 1;0,  0;0,  0> +
        ( 0.0000001,-0.0000040)|   5, 0, 1;0,  0;0,  0> +
        (-0.0000027,-0.0000008)|   3, 0, 4;0,  0;0,  0> +
        (-0.0000021,-0.0000002)|   6, 1, 0;0,  0;0,  0> +
        ( 0.0000020,-0.0000003)|   0, 0, 3;1,  0;0,  0> +
        ( 0.0000020, 0.0000000)|   6, 0, 0;1,  0;0,  0> +
        (-0.0000020,-0.0000000)|   6, 0, 0;0,  0;1,  0> +
        ( 0.0000017, 0.0000001)|   1, 0, 2;0,  0;0,  0> +
        (-0.0000017,-0.0000001)|   1, 2, 0;0,  0;0,  0> +
        (-0.0000015, 0.0000001)|  11, 0, 0;0,  0;0,  0> +
        (-0.0000012, 0.0000003)|   5, 1, 0;0,  0;0,  0> +
        ( 0.0000011, 0.0000000)|   0, 0, 2;0,  0;0,  0> +
        (-0.0000011,-0.0000000)|   0, 2, 0;0,  0;0,  0> +
        (-0.0000010,-0.0000000)|   1, 1, 0;0,  0;0,  0> +
        (-0.0000001,-0.0000010)|   0, 1, 3;0,  0;0,  0> +
         ...
 |17> = ( 0.1718663, 0.6930389)|   4, 0, 1;0,  0;0,  0> +
        (-0.6794944, 0.1681850)|   4, 1, 0;0,  0;0,  0> +
        (-0.0037140, 0.0080600)|   2, 1, 1;0,  0;0,  0> +
        (-0.0058673, 0.0000649)|   4, 0, 2;0,  0;0,  0> +
        ( 0.0036545,-0.0000640)|   7, 0, 0;0,  0;0,  0> +
        ( 0.0004332,-0.0021463)|   0, 2, 1;0,  0;0,  0> +
        (-0.0018753, 0.0000088)|   8, 0, 0;0,  0;0,  0> +
        ( 0.0018744, 0.0000179)|   3, 2, 2;0,  0;0,  0> +
        (-0.0000585,-0.0018285)|   1, 0, 3;0,  0;0,  0> +
        ( 0.0001365, 0.0014722)|   0, 3, 0;0,  0;0,  0> +
        ( 0.0007227, 0.0012896)|   0, 0, 3;0,  0;0,  0> +
        (-0.0010301,-0.0000787)|   1, 3, 0;0,  0;0,  0> +
        ( 0.0010202, 0.0000062)|   4, 4, 0;0,  0;0,  0> +
        ( 0.0010044,-0.0000035)|   4, 4, 4;0,  0;0,  0> +
        ( 0.0010034, 0.0000061)|   4, 0, 4;0,  0;0,  0> +
        ( 0.0009916,-0.0000842)|   2, 3, 0;0,  0;0,  0> +
        ( 0.0000891, 0.0009598)|   2, 2, 1;0,  0;0,  0> +
        (-0.0009308,-0.0000604)|   3, 4, 0;0,  0;0,  0> +
        (-0.0003284,-0.0008581)|   0, 1, 2;0,  0;0,  0> +
        (-0.0000064, 0.0008878)|   1, 1, 1;0,  0;0,  0> +
        ( 0.0008450, 0.0000038)|   0, 3, 2;0,  0;0,  0> +
        ( 0.0008029,-0.0000204)|   2, 1, 2;0,  0;0,  0> +
        ( 0.0007954, 0.0000336)|   1, 0, 4;0,  0;0,  0> +
        ( 0.0007937, 0.0000029)|   4, 2, 2;0,  0;0,  0> +
        (-0.0000475, 0.0007657)|   2, 0, 3;0,  0;0,  0> +
        (-0.0000221,-0.0007197)|   0, 3, 1;0,  0;0,  0> +
        (-0.0000664,-0.0005492)|   1, 2, 1;0,  0;0,  0> +
        (-0.0005205,-0.0000001)|   0, 4, 0;0,  0;0,  0> +
        (-0.0000024,-0.0005180)|   0, 4, 1;0,  0;0,  0> +
        ( 0.0004997, 0.0000001)|   0, 0, 4;0,  0;0,  0> +
        (-0.0004695, 0.0000546)|   3, 0, 4;0,  0;0,  0> +
        ( 0.0000203, 0.0004718)|   1, 2, 3;0,  0;0,  0> +
        ( 0.0004546,-0.0000085)|   1, 3, 2;0,  0;0,  0> +
        ( 0.0004433,-0.0000049)|   0, 1, 4;0,  0;0,  0> +
        (-0.0004403, 0.0000016)|   3, 0, 2;0,  0;0,  0> +
        ( 0.0004362,-0.0000015)|   3, 2, 0;0,  0;0,  0> +
        (-0.0000084,-0.0004155)|   0, 3, 3;0,  0;0,  0> +
        (-0.0003873,-0.0000745)|   4, 2, 0;0,  0;0,  0> +
        (-0.0003819,-0.0000090)|   1, 3, 4;0,  0;0,  0> +
        ( 0.0000097,-0.0003686)|   1, 4, 3;0,  0;0,  0> +
        (-0.0003417,-0.0000114)|   2, 0, 4;0,  0;0,  0> +
        ( 0.0003170, 0.0000003)|   1, 2, 4;0,  0;0,  0> +
        ( 0.0003081, 0.0000002)|   1, 4, 2;0,  0;0,  0> +
        ( 0.0002997, 0.0000017)|   3, 4, 2;0,  0;0,  0> +
        (-0.0002892,-0.0000300)|   1, 2, 2;0,  0;0,  0> +
        ( 0.0000127, 0.0002603)|   1, 4, 1;0,  0;0,  0> +
        ( 0.0002397,-0.0000441)|   2, 4, 0;0,  0;0,  0> +
        (-0.0002175, 0.0000041)|   0, 3, 4;0,  0;0,  0> +
        ( 0.0002170,-0.0000012)|   1, 1, 4;0,  0;0,  0> +
        (-0.0001987, 0.0000005)|   4, 4, 2;0,  0;0,  0> +
        (-0.0001924, 0.0000005)|   4, 2, 4;0,  0;0,  0> +
        (-0.0000318,-0.0001778)|   0, 1, 3;0,  0;0,  0> +
        ( 0.0000019,-0.0001794)|   0, 2, 3;0,  0;0,  0> +
        (-0.0001777, 0.0000014)|   2, 4, 2;0,  0;0,  0> +
        (-0.0001721, 0.0000001)|   2, 4, 4;0,  0;0,  0> +
        ( 0.0001716, 0.0000026)|   3, 2, 4;0,  0;0,  0> +
        (-0.0000002, 0.0001615)|   2, 2, 3;0,  0;0,  0> +
        ( 0.0001556, 0.0000002)|   2, 3, 2;0,  0;0,  0> +
        ( 0.0001521, 0.0000001)|   1, 4, 4;0,  0;0,  0> +
        ( 0.0001162,-0.0000090)|   1, 4, 0;0,  0;0,  0> +
        ( 0.0001136, 0.0000003)|   2, 1, 4;0,  0;0,  0> +
        (-0.0001115, 0.0000072)|   0, 4, 2;0,  0;0,  0> +
        ( 0.0001110,-0.0000072)|   0, 2, 4;0,  0;0,  0> +
        (-0.0000003, 0.0001110)|   2, 4, 1;0,  0;0,  0> +
        ( 0.0000984, 0.0000000)|   0, 4, 4;0,  0;0,  0> +
        (-0.0000833,-0.0000014)|   2, 2, 4;0,  0;0,  0> +
        (-0.0000448, 0.0000676)|   2, 2, 2;0,  0;0,  0> +
        ( 0.0000000, 0.0000584)|   2, 4, 3;0,  0;0,  0> +
        ( 0.0000545, 0.0000001)|   2, 3, 4;0,  0;0,  0> +
        ( 0.0000113, 0.0000456)|   4, 0, 1;0,  0;1,  0> +
        (-0.0000113,-0.0000456)|   4, 0, 1;1,  0;0,  0> +
        ( 0.0000447,-0.0000111)|   4, 1, 0;1,  0;0,  0> +
        (-0.0000447, 0.0000111)|   4, 1, 0;0,  0;1,  0> +
        (-0.0000212,-0.0000366)|   1, 1, 2;0,  0;0,  0> +
        ( 0.0000039,-0.0000353)|   0, 4, 3;0,  0;0,  0> +
        ( 0.0000260, 0.0000000)|   0, 2, 2;0,  0;0,  0> +
        (-0.0000083, 0.0000080)|   3, 4, 4;0,  0;0,  0> +
        (-0.0000042,-0.0000064)|   2, 2, 0;0,  0;0,  0> +
        ( 0.0000041, 0.0000064)|   2, 0, 2;0,  0;0,  0> +
        (-0.0000008, 0.0000067)|   3, 0, 1;0,  0;0,  0> +
        ( 0.0000060,-0.0000005)|   5, 1, 0;0,  0;0,  0> +
        (-0.0000002,-0.0000040)|   6, 0, 0;0,  0;0,  0> +
        (-0.0000002,-0.0000031)|   8, 0, 1;0,  0;0,  0> +
        (-0.0000021,-0.0000007)|   3, 1, 0;0,  0;0,  0> +
        (-0.0000001, 0.0000021)|   0, 1, 1;0,  0;0,  0> +
        ( 0.0000018,-0.0000000)|   5, 0, 0;0,  0;0,  0> +
        ( 0.0000015, 0.0000001)|   6, 1, 0;0,  0;0,  0> +
        (-0.0000014, 0.0000000)|   0, 1, 0;0,  0;0,  0> +
        (-0.0000000, 0.0000013)|   2, 0, 1;0,  0;0,  0> +
        ( 0.0000000, 0.0000012)|   1, 0, 1;0,  0;0,  0> +
        (-0.0000011, 0.0000000)|   9, 1, 0;0,  0;0,  0> +
         ...
 |18> = (-0.7140722, 0.0001494)|   4, 1, 0;0,  0;0,  0> +
        (-0.0004542,-0.7000148)|   4, 0, 1;0,  0;0,  0> +
        ( 0.0002150,-0.0069580)|   1, 1, 1;0,  0;0,  0> +
        ( 0.0033911,-0.0000858)|   4, 2, 0;0,  0;0,  0> +
        (-0.0026346, 0.0000017)|   3, 2, 0;0,  0;0,  0> +
        (-0.0017088,-0.0000008)|   3, 0, 2;0,  0;0,  0> +
        (-0.0015179, 0.0000023)|   7, 0, 0;0,  0;0,  0> +
        (-0.0012100, 0.0000234)|   1, 3, 0;0,  0;0,  0> +
        ( 0.0010015, 0.0005350)|   0, 1, 2;0,  0;0,  0> +
        ( 0.0011339, 0.0000071)|   2, 3, 0;0,  0;0,  0> +
        ( 0.0006019,-0.0009424)|   0, 3, 0;0,  0;0,  0> +
        (-0.0000096, 0.0011126)|   2, 0, 3;0,  0;0,  0> +
        (-0.0000458,-0.0010720)|   1, 0, 3;0,  0;0,  0> +
        (-0.0002153, 0.0009654)|   0, 2, 1;0,  0;0,  0> +
        ( 0.0007665, 0.0000034)|   2, 2, 4;0,  0;0,  0> +
        ( 0.0007539, 0.0000284)|   1, 2, 2;0,  0;0,  0> +
        ( 0.0007344, 0.0000909)|   4, 0, 2;0,  0;0,  0> +
        (-0.0005067,-0.0005139)|   0, 0, 3;0,  0;0,  0> +
        ( 0.0006845, 0.0000001)|   0, 4, 0;0,  0;0,  0> +
        (-0.0006775, 0.0000094)|   3, 0, 4;0,  0;0,  0> +
        ( 0.0006524, 0.0000050)|   2, 1, 2;0,  0;0,  0> +
        (-0.0000028, 0.0006413)|   2, 2, 1;0,  0;0,  0> +
        (-0.0006276, 0.0000022)|   3, 4, 0;0,  0;0,  0> +
        (-0.0006224,-0.0000000)|   0, 2, 2;0,  0;0,  0> +
        (-0.0005664, 0.0000036)|   1, 4, 0;0,  0;0,  0> +
        ( 0.0005582, 0.0000183)|   2, 0, 4;0,  0;0,  0> +
        ( 0.0005279, 0.0000090)|   1, 4, 2;0,  0;0,  0> +
        ( 0.0000204,-0.0005054)|   0, 3, 3;0,  0;0,  0> +
        ( 0.0004798,-0.0001134)|   2, 2, 2;0,  0;0,  0> +
        (-0.0004598,-0.0000130)|   3, 2, 2;0,  0;0,  0> +
        ( 0.0004317,-0.0000027)|   0, 3, 2;0,  0;0,  0> +
        (-0.0000418, 0.0004026)|   0, 4, 3;0,  0;0,  0> +
        ( 0.0000791, 0.0003380)|   1, 2, 1;0,  0;0,  0> +
        ( 0.0000008, 0.0003469)|   0, 4, 1;0,  0;0,  0> +
        (-0.0003373,-0.0000269)|   1, 0, 4;0,  0;0,  0> +
        ( 0.0000042, 0.0003177)|   3, 0, 1;0,  0;0,  0> +
        (-0.0003116,-0.0000088)|   1, 2, 4;0,  0;0,  0> +
        (-0.0002932, 0.0000040)|   3, 1, 0;0,  0;0,  0> +
        ( 0.0002897,-0.0000032)|   2, 4, 2;0,  0;0,  0> +
        ( 0.0002278, 0.0000747)|   2, 4, 0;0,  0;0,  0> +
        (-0.0002313,-0.0000341)|   1, 1, 2;0,  0;0,  0> +
        (-0.0002247, 0.0000087)|   0, 4, 2;0,  0;0,  0> +
        (-0.0002029,-0.0000419)|   0, 3, 4;0,  0;0,  0> +
        (-0.0001852,-0.0000001)|   0, 0, 4;0,  0;0,  0> +
        (-0.0000023, 0.0001830)|   0, 2, 3;0,  0;0,  0> +
        (-0.0001577,-0.0000001)|   0, 4, 4;0,  0;0,  0> +
        (-0.0000674,-0.0001102)|   2, 2, 0;0,  0;0,  0> +
        ( 0.0000673, 0.0001103)|   2, 0, 2;0,  0;0,  0> +
        ( 0.0001279, 0.0000014)|   0, 1, 4;0,  0;0,  0> +
        (-0.0001160,-0.0000013)|   6, 0, 0;0,  0;0,  0> +
        ( 0.0000593,-0.0000000)|   2, 4, 4;0,  0;0,  0> +
        ( 0.0000031,-0.0000552)|   0, 3, 1;0,  0;0,  0> +
        (-0.0000470, 0.0000000)|   4, 1, 0;0,  0;1,  0> +
        ( 0.0000470,-0.0000000)|   4, 1, 0;1,  0;0,  0> +
        (-0.0000000,-0.0000461)|   4, 0, 1;0,  0;1,  0> +
        ( 0.0000000, 0.0000461)|   4, 0, 1;1,  0;0,  0> +
        ( 0.0000450,-0.0000087)|   0, 2, 4;0,  0;0,  0> +
        ( 0.0000002,-0.0000261)|   1, 4, 1;0,  0;0,  0> +
        (-0.0000246,-0.0000000)|   1, 4, 4;0,  0;0,  0> +
        (-0.0000233, 0.0000008)|   1, 3, 2;0,  0;0,  0> +
        (-0.0000197, 0.0000002)|   3, 2, 4;0,  0;0,  0> +
        (-0.0000175,-0.0000004)|   1, 1, 4;0,  0;0,  0> +
        ( 0.0000001, 0.0000174)|   0, 1, 1;0,  0;0,  0> +
        (-0.0000160, 0.0000001)|   3, 4, 2;0,  0;0,  0> +
        (-0.0000017,-0.0000124)|   0, 1, 3;0,  0;0,  0> +
        ( 0.0000092,-0.0000007)|   3, 4, 4;0,  0;0,  0> +
        (-0.0000010,-0.0000084)|   1, 2, 3;0,  0;0,  0> +
        ( 0.0000068,-0.0000000)|   4, 0, 4;0,  0;0,  0> +
        (-0.0000065, 0.0000001)|   2, 1, 0;0,  0;0,  0> +
        ( 0.0000062,-0.0000001)|   4, 4, 0;0,  0;0,  0> +
        ( 0.0000000,-0.0000060)|   2, 0, 1;0,  0;0,  0> +
        ( 0.0000053, 0.0000001)|   4, 2, 2;0,  0;0,  0> +
        ( 0.0000041, 0.0000000)|   5, 0, 0;0,  0;0,  0> +
        (-0.0000022, 0.0000034)|   2, 1, 1;0,  0;0,  0> +
        (-0.0000000,-0.0000024)|   5, 0, 1;0,  0;0,  0> +
        (-0.0000023, 0.0000003)|   5, 1, 0;0,  0;0,  0> +
        (-0.0000000, 0.0000019)|   1, 4, 3;0,  0;0,  0> +
        ( 0.0000000, 0.0000018)|   6, 0, 1;0,  0;0,  0> +
        ( 0.0000018, 0.0000000)|   1, 3, 4;0,  0;0,  0> +
        (-0.0000015, 0.0000000)|   4, 4, 4;0,  0;0,  0> +
        (-0.0000013,-0.0000000)|   1, 1, 0;0,  0;0,  0> +
         ...
 |19> = ( 0.9987371, 0.0118067)|   9, 0, 0;0,  0;0,  0> +
        (-0.0024467, 0.0292146)|   5, 0, 1;0,  0;0,  0> +
        (-0.0007570, 0.0279409)|   6, 0, 1;0,  0;0,  0> +
        ( 0.0218154, 0.0024307)|   6, 1, 0;0,  0;0,  0> +
        (-0.0150407,-0.0007632)|   5, 1, 0;0,  0;0,  0> +
        ( 0.0023469,-0.0001305)|   5, 2, 0;0,  0;0,  0> +
        ( 0.0001277, 0.0017692)|   1, 2, 1;0,  0;0,  0> +
        ( 0.0000282,-0.0017024)|   3, 0, 3;0,  0;0,  0> +
        ( 0.0016178,-0.0000914)|   5, 0, 2;0,  0;0,  0> +
        ( 0.0015797,-0.0001403)|   2, 3, 0;0,  0;0,  0> +
        (-0.0014101, 0.0000299)|   3, 3, 0;0,  0;0,  0> +
        (-0.0009371,-0.0000019)|   3, 1, 2;0,  0;0,  0> +
        (-0.0001645,-0.0009023)|   1, 0, 3;0,  0;0,  0> +
        ( 0.0009088,-0.0000264)|   1, 1, 2;0,  0;0,  0> +
        (-0.0000992, 0.0008440)|   0, 3, 0;0,  0;0,  0> +
        (-0.0000089,-0.0008290)|   3, 2, 1;0,  0;0,  0> +
        (-0.0000207, 0.0007801)|   2, 3, 3;0,  0;0,  0> +
        ( 0.0007744,-0.0000663)|   4, 2, 2;0,  0;0,  0> +
        ( 0.0006663,-0.0000438)|   2, 4, 0;0,  0;0,  0> +
        ( 0.0006674, 0.0000017)|   0, 3, 2;0,  0;0,  0> +
        (-0.0006304,-0.0000768)|   1, 3, 0;0,  0;0,  0> +
        (-0.0006104,-0.0000378)|   3, 2, 2;0,  0;0,  0> +
        ( 0.0000046, 0.0005921)|   0, 2, 3;0,  0;0,  0> +
        (-0.0000236, 0.0005818)|   0, 3, 3;0,  0;0,  0> +
        ( 0.0000753,-0.0005551)|   2, 2, 1;0,  0;0,  0> +
        (-0.0005533, 0.0000170)|   4, 0, 4;0,  0;0,  0> +
        (-0.0005530,-0.0000000)|   1, 4, 4;0,  0;0,  0> +
        ( 0.0005299, 0.0001370)|   0, 0, 3;0,  0;0,  0> +
        (-0.0000333, 0.0005274)|   0, 3, 1;0,  0;0,  0> +
        ( 0.0004547,-0.0002262)|   3, 4, 0;0,  0;0,  0> +
        ( 0.0001281,-0.0004773)|   0, 1, 2;0,  0;0,  0> +
        ( 0.0004917, 0.0000036)|   1, 2, 4;0,  0;0,  0> +
        ( 0.0003806, 0.0002574)|   3, 0, 4;0,  0;0,  0> +
        (-0.0004571,-0.0000239)|   1, 2, 2;0,  0;0,  0> +
        ( 0.0004411, 0.0000036)|   2, 2, 4;0,  0;0,  0> +
        ( 0.0000035, 0.0004192)|   1, 4, 1;0,  0;0,  0> +
        (-0.0001467,-0.0003668)|   2, 0, 3;0,  0;0,  0> +
        ( 0.0003777, 0.0000263)|   1, 0, 4;0,  0;0,  0> +
        ( 0.0003761, 0.0000000)|   0, 4, 4;0,  0;0,  0> +
        (-0.0003504,-0.0000308)|   1, 3, 2;0,  0;0,  0> +
        (-0.0000038, 0.0003500)|   0, 4, 1;0,  0;0,  0> +
        (-0.0003197, 0.0001386)|   1, 1, 4;0,  0;0,  0> +
        ( 0.0003463, 0.0000025)|   2, 1, 4;0,  0;0,  0> +
        (-0.0000770, 0.0003254)|   2, 4, 3;0,  0;0,  0> +
        ( 0.0003186, 0.0000604)|   2, 1, 2;0,  0;0,  0> +
        ( 0.0003212, 0.0000397)|   4, 4, 0;0,  0;0,  0> +
        ( 0.0003085, 0.0000026)|   1, 3, 4;0,  0;0,  0> +
        ( 0.0003023,-0.0000115)|   0, 4, 2;0,  0;0,  0> +
        (-0.0002871,-0.0000000)|   2, 4, 4;0,  0;0,  0> +
        (-0.0000142, 0.0002815)|   4, 4, 3;0,  0;0,  0> +
        ( 0.0002760, 0.0000164)|   4, 3, 4;0,  0;0,  0> +
        ( 0.0000427,-0.0002732)|   0, 1, 3;0,  0;0,  0> +
        ( 0.0000652,-0.0002527)|   1, 2, 3;0,  0;0,  0> +
        (-0.0000028, 0.0002598)|   3, 1, 1;0,  0;0,  0> +
        (-0.0002589,-0.0000004)|   5, 4, 4;0,  0;0,  0> +
        ( 0.0000022, 0.0002584)|   1, 4, 3;0,  0;0,  0> +
        (-0.0002483,-0.0000110)|   2, 0, 4;0,  0;0,  0> +
        ( 0.0002371, 0.0000667)|   2, 2, 2;0,  0;0,  0> +
        (-0.0000073, 0.0002430)|   1, 3, 3;0,  0;0,  0> +
        (-0.0002326, 0.0000041)|   2, 3, 2;0,  0;0,  0> +
        ( 0.0002165, 0.0000003)|   4, 4, 4;0,  0;0,  0> +
        ( 0.0002129, 0.0000067)|   0, 3, 4;0,  0;0,  0> +
        ( 0.0000633,-0.0001939)|   0, 2, 1;0,  0;0,  0> +
        ( 0.0001997,-0.0000008)|   4, 2, 4;0,  0;0,  0> +
        ( 0.0001819,-0.0000767)|   2, 3, 4;0,  0;0,  0> +
        (-0.0001876,-0.0000002)|   3, 2, 4;0,  0;0,  0> +
        ( 0.0001859,-0.0000029)|   1, 4, 2;0,  0;0,  0> +
        ( 0.0001698,-0.0000005)|   3, 3, 2;0,  0;0,  0> +
        (-0.0001659, 0.0000150)|   6, 4, 4;0,  0;0,  0> +
        ( 0.0000006, 0.0001398)|   3, 2, 3;0,  0;0,  0> +
        ( 0.0000240,-0.0001329)|   9, 4, 4;0,  0;0,  0> +
        (-0.0001157, 0.0000520)|   3, 3, 4;0,  0;0,  0> +
        ( 0.0000085, 0.0001263)|   2, 2, 3;0,  0;0,  0> +
        ( 0.0001213,-0.0000007)|   3, 1, 4;0,  0;0,  0> +
        ( 0.0000309,-0.0001143)|   8, 4, 4;0,  0;0,  0> +
        ( 0.0000002, 0.0001107)|   3, 4, 1;0,  0;0,  0> +
        ( 0.0001030, 0.0000239)|   7, 4, 4;0,  0;0,  0> +
        (-0.0001042,-0.0000005)|   3, 4, 2;0,  0;0,  0> +
        (-0.0000804, 0.0000006)|   0, 1, 4;0,  0;0,  0> +
        ( 0.0000770, 0.0000011)|   4, 4, 2;0,  0;0,  0> +
        (-0.0000657,-0.0000008)|   9, 0, 0;1,  0;0,  0> +
        ( 0.0000657, 0.0000008)|   9, 0, 0;0,  0;1,  0> +
        (-0.0000600,-0.0000000)|   3, 4, 4;0,  0;0,  0> +
        ( 0.0000523,-0.0000243)|   3, 4, 3;0,  0;0,  0> +
        (-0.0000545, 0.0000115)|   0, 2, 4;0,  0;0,  0> +
        ( 0.0000066, 0.0000496)|   0, 4, 3;0,  0;0,  0> +
        (-0.0000044,-0.0000377)|   2, 4, 1;0,  0;0,  0> +
        ( 0.0000362, 0.0000011)|   4, 2, 0;0,  0;0,  0> +
        (-0.0000353, 0.0000024)|   4, 0, 2;0,  0;0,  0> +
        (-0.0000199,-0.0000289)|   1, 1, 3;0,  0;0,  0> +
        ( 0.0000218,-0.0000033)|   2, 4, 2;0,  0;0,  0> +
        (-0.0000009, 0.0000208)|   1, 1, 1;0,  0;0,  0> +
        ( 0.0000142,-0.0000002)|   5, 4, 2;0,  0;0,  0> +
        (-0.0000132,-0.0000049)|   1, 3, 1;0,  0;0,  0> +
        ( 0.0000001, 0.0000119)|   4, 0, 3;0,  0;0,  0> +
        ( 0.0000116,-0.0000001)|   4, 3, 0;0,  0;0,  0> +
        (-0.0000042,-0.0000068)|   1, 4, 0;0,  0;0,  0> +
        ( 0.0000070,-0.0000001)|   4, 1, 2;0,  0;0,  0> +
        ( 0.0000000, 0.0000070)|   4, 2, 1;0,  0;0,  0> +
        ( 0.0000064,-0.0000003)|   5, 2, 4;0,  0;0,  0> +
        ( 0.0000044,-0.0000003)|   8, 0, 0;0,  0;0,  0> +
        ( 0.0000001,-0.0000044)|   4, 1, 1;0,  0;0,  0> +
        ( 0.0000037,-0.0000007)|   4, 1, 0;0,  0;0,  0> +
        (-0.0000013, 0.0000027)|   2, 3, 1;0,  0;0,  0> +
        (-0.0000025,-0.0000007)|   6, 0, 0;0,  0;0,  0> +
        (-0.0000022, 0.0000002)|  11, 0, 0;0,  0;0,  0> +
        (-0.0000008, 0.0000018)|   2, 1, 1;0,  0;0,  0> +
        (-0.0000002, 0.0000019)|   5, 0, 1;0,  0;1,  0> +
        ( 0.0000002,-0.0000019)|   5, 0, 1;1,  0;0,  0> +
        (-0.0000017, 0.0000008)|   3, 0, 2;0,  0;0,  0> +
        (-0.0000009,-0.0000017)|   4, 0, 1;0,  0;0,  0> +
        ( 0.0000015,-0.0000011)|   3, 2, 0;0,  0;0,  0> +
        (-0.0000000, 0.0000018)|   6, 0, 1;0,  0;1,  0> +
        ( 0.0000000,-0.0000018)|   6, 0, 1;1,  0;0,  0> +
        ( 0.0000015, 0.0000000)|  10, 0, 0;0,  0;0,  0> +
        ( 0.0000002, 0.0000014)|   7, 0, 1;0,  0;0,  0> +
        ( 0.0000014, 0.0000002)|   6, 1, 0;0,  0;1,  0> +
        (-0.0000014,-0.0000002)|   6, 1, 0;1,  0;0,  0> +
        ( 0.0000000, 0.0000014)|  10, 4, 4;0,  0;0,  0> +
        (-0.0000013, 0.0000001)|   7, 0, 0;0,  0;0,  0> +
        (-0.0000001, 0.0000012)|   2, 0, 1;0,  0;0,  0> +
         ...
 |20> = (-0.8863851, 0.0900417)|   5, 1, 0;0,  0;0,  0> +
        (-0.0316230,-0.4524602)|   5, 0, 1;0,  0;0,  0> +
        (-0.0070000, 0.0158316)|   2, 1, 1;0,  0;0,  0> +
        (-0.0072052, 0.0003048)|   4, 2, 0;0,  0;0,  0> +
        ( 0.0052096,-0.0003153)|   4, 0, 2;0,  0;0,  0> +
        (-0.0046782, 0.0000058)|   8, 0, 0;0,  0;0,  0> +
        (-0.0003495, 0.0040884)|   0, 1, 3;0,  0;0,  0> +
        ( 0.0004481,-0.0036765)|   0, 3, 0;0,  0;0,  0> +
        ( 0.0003540, 0.0036114)|   1, 2, 1;0,  0;0,  0> +
        ( 0.0028728, 0.0002803)|   1, 1, 2;0,  0;0,  0> +
        (-0.0023220,-0.0004645)|   0, 0, 3;0,  0;0,  0> +
        (-0.0007293, 0.0020761)|   0, 1, 2;0,  0;0,  0> +
        ( 0.0000410, 0.0016384)|   2, 0, 3;0,  0;0,  0> +
        ( 0.0014835,-0.0006142)|   1, 3, 0;0,  0;0,  0> +
        ( 0.0015531,-0.0000283)|   2, 0, 4;0,  0;0,  0> +
        (-0.0000895,-0.0013723)|   2, 2, 1;0,  0;0,  0> +
        ( 0.0000885,-0.0013663)|   1, 4, 3;0,  0;0,  0> +
        ( 0.0002468,-0.0013228)|   0, 3, 1;0,  0;0,  0> +
        (-0.0000028, 0.0013363)|   3, 1, 1;0,  0;0,  0> +
        (-0.0013316,-0.0000240)|   1, 4, 0;0,  0;0,  0> +
        ( 0.0013114, 0.0000363)|   2, 3, 0;0,  0;0,  0> +
        (-0.0012582,-0.0000917)|   2, 1, 2;0,  0;0,  0> +
        ( 0.0011923, 0.0000643)|   1, 0, 4;0,  0;0,  0> +
        ( 0.0011203, 0.0000091)|   2, 2, 4;0,  0;0,  0> +
        (-0.0000024, 0.0008953)|   2, 2, 3;0,  0;0,  0> +
        (-0.0008821,-0.0000116)|   3, 2, 2;0,  0;0,  0> +
        ( 0.0008590, 0.0000062)|   2, 3, 2;0,  0;0,  0> +
        (-0.0002549, 0.0007598)|   0, 2, 1;0,  0;0,  0> +
        (-0.0007636, 0.0002150)|   2, 2, 2;0,  0;0,  0> +
        ( 0.0007721, 0.0000888)|   1, 3, 4;0,  0;0,  0> +
        (-0.0007368,-0.0000032)|   4, 4, 0;0,  0;0,  0> +
        (-0.0006691, 0.0002899)|   1, 0, 3;0,  0;0,  0> +
        ( 0.0006971,-0.0000063)|   2, 1, 4;0,  0;0,  0> +
        (-0.0006953,-0.0000077)|   4, 0, 4;0,  0;0,  0> +
        (-0.0006778, 0.0000072)|   4, 2, 2;0,  0;0,  0> +
        ( 0.0006766,-0.0000355)|   1, 3, 2;0,  0;0,  0> +
        ( 0.0006765,-0.0000000)|   2, 4, 4;0,  0;0,  0> +
        (-0.0006448,-0.0001481)|   2, 4, 0;0,  0;0,  0> +
        (-0.0000268, 0.0006546)|   0, 3, 3;0,  0;0,  0> +
        ( 0.0000005, 0.0006122)|   2, 4, 1;0,  0;0,  0> +
        (-0.0000355,-0.0004981)|   1, 2, 3;0,  0;0,  0> +
        (-0.0004108,-0.0000038)|   1, 4, 2;0,  0;0,  0> +
        (-0.0000087, 0.0004005)|   1, 4, 1;0,  0;0,  0> +
        (-0.0003627,-0.0000239)|   0, 3, 4;0,  0;0,  0> +
        (-0.0000106,-0.0003613)|   0, 4, 1;0,  0;0,  0> +
        (-0.0003334,-0.0000002)|   1, 4, 4;0,  0;0,  0> +
        ( 0.0003117,-0.0000758)|   3, 4, 0;0,  0;0,  0> +
        ( 0.0002985, 0.0000044)|   0, 3, 2;0,  0;0,  0> +
        ( 0.0002388, 0.0000854)|   3, 0, 4;0,  0;0,  0> +
        (-0.0000236, 0.0002269)|   0, 4, 3;0,  0;0,  0> +
        (-0.0002258, 0.0000032)|   0, 1, 4;0,  0;0,  0> +
        (-0.0001767,-0.0000495)|   1, 2, 2;0,  0;0,  0> +
        ( 0.0000142, 0.0001773)|   0, 2, 3;0,  0;0,  0> +
        (-0.0001249,-0.0000015)|   9, 0, 0;0,  0;0,  0> +
        ( 0.0000162, 0.0001207)|   2, 4, 3;0,  0;0,  0> +
        (-0.0001113, 0.0000137)|   6, 4, 4;0,  0;0,  0> +
        ( 0.0001109,-0.0000002)|   3, 3, 0;0,  0;0,  0> +
        ( 0.0001057, 0.0000011)|   3, 2, 4;0,  0;0,  0> +
        ( 0.0001021,-0.0000057)|   1, 1, 4;0,  0;0,  0> +
        (-0.0000999, 0.0000033)|   1, 2, 4;0,  0;0,  0> +
        ( 0.0000982,-0.0000001)|   4, 4, 4;0,  0;0,  0> +
        ( 0.0000008, 0.0000918)|   3, 0, 3;0,  0;0,  0> +
        (-0.0000204,-0.0000838)|   4, 0, 1;0,  0;0,  0> +
        (-0.0000844,-0.0000000)|   5, 4, 4;0,  0;0,  0> +
        ( 0.0000821,-0.0000026)|   0, 4, 2;0,  0;0,  0> +
        ( 0.0000790,-0.0000024)|   4, 4, 2;0,  0;0,  0> +
        ( 0.0000732,-0.0000001)|   3, 4, 4;0,  0;0,  0> +
        ( 0.0000683,-0.0000204)|   4, 1, 0;0,  0;0,  0> +
        ( 0.0000583,-0.0000059)|   5, 1, 0;1,  0;0,  0> +
        (-0.0000583, 0.0000059)|   5, 1, 0;0,  0;1,  0> +
        ( 0.0000009,-0.0000585)|   1, 3, 3;0,  0;0,  0> +
        ( 0.0000003, 0.0000552)|   3, 2, 1;0,  0;0,  0> +
        ( 0.0000541,-0.0000001)|   3, 4, 2;0,  0;0,  0> +
        (-0.0000536,-0.0000000)|   0, 4, 4;0,  0;0,  0> +
        ( 0.0000472, 0.0000000)|   3, 1, 2;0,  0;0,  0> +
        ( 0.0000355, 0.0000024)|   4, 2, 4;0,  0;0,  0> +
        (-0.0000331, 0.0000001)|   7, 0, 0;0,  0;0,  0> +
        ( 0.0000021, 0.0000298)|   5, 0, 1;1,  0;0,  0> +
        (-0.0000021,-0.0000298)|   5, 0, 1;0,  0;1,  0> +
        ( 0.0000226, 0.0000164)|   2, 3, 4;0,  0;0,  0> +
        ( 0.0000011, 0.0000275)|   1, 1, 1;0,  0;0,  0> +
        ( 0.0000250,-0.0000088)|   2, 4, 2;0,  0;0,  0> +
        ( 0.0000160, 0.0000038)|   7, 4, 4;0,  0;0,  0> +
        ( 0.0000120,-0.0000008)|   5, 2, 0;0,  0;0,  0> +
        ( 0.0000101,-0.0000005)|   5, 0, 2;0,  0;0,  0> +
        ( 0.0000095, 0.0000003)|   0, 0, 4;0,  0;0,  0> +
        (-0.0000094,-0.0000003)|   0, 4, 0;0,  0;0,  0> +
        (-0.0000082, 0.0000027)|   6, 0, 0;0,  0;0,  0> +
        ( 0.0000003,-0.0000068)|   3, 0, 1;0,  0;0,  0> +
        ( 0.0000043, 0.0000026)|   0, 2, 4;0,  0;0,  0> +
        (-0.0000001,-0.0000049)|   3, 4, 3;0,  0;0,  0> +
        (-0.0000038, 0.0000002)|   3, 3, 4;0,  0;0,  0> +
        (-0.0000000,-0.0000035)|   6, 0, 1;0,  0;0,  0> +
        (-0.0000006, 0.0000031)|   3, 2, 0;0,  0;0,  0> +
        ( 0.0000031,-0.0000005)|   3, 1, 0;0,  0;0,  0> +
        (-0.0000015,-0.0000021)|   2, 0, 2;0,  0;0,  0> +
        ( 0.0000014, 0.0000022)|   2, 2, 0;0,  0;0,  0> +
        ( 0.0000005, 0.0000024)|   0, 1, 1;0,  0;0,  0> +
        (-0.0000010,-0.0000019)|   3, 0, 2;0,  0;0,  0> +
        (-0.0000021,-0.0000005)|   7, 1, 0;0,  0;0,  0> +
        ( 0.0000014,-0.0000000)|   3, 4, 4;1,  0;0,  0> +
        (-0.0000014, 0.0000000)|   3, 4, 4;0,  0;1,  0> +
        ( 0.0000012,-0.0000001)|   6, 1, 0;0,  0;0,  0> +
        ( 0.0000005,-0.0000010)|   2, 1, 1;1,  0;0,  0> +
        (-0.0000005, 0.0000010)|   2, 1, 1;0,  0;1,  0> +
        (-0.0000010,-0.0000000)|   5, 0, 0;0,  0;0,  0> +
         ...
 |21> = ( 0.7071064, 0.0000000)|   0, 0, 2;0,  0;0,  0> +
        ( 0.7071064,-0.0000000)|   0, 2, 0;0,  0;0,  0> +
        ( 0.0012354, 0.0000000)|   2, 0, 0;0,  0;0,  0> +
        (-0.0000465, 0.0000000)|   0, 2, 0;1,  0;0,  0> +
        ( 0.0000465, 0.0000000)|   0, 0, 2;0,  0;1,  0> +
        (-0.0000465, 0.0000000)|   0, 0, 2;1,  0;0,  0> +
        ( 0.0000465, 0.0000000)|   0, 2, 0;0,  0;1,  0> +
        ( 0.0000140,-0.0000000)|   0, 1, 0;0,  0;0,  0> +
        (-0.0000000, 0.0000140)|   0, 0, 1;0,  0;0,  0> +
         ...
 |22> = (-0.0067722, 0.9998688)|   0, 1, 1;0,  0;0,  0> +
        ( 0.0091002, 0.0000060)|   5, 0, 0;0,  0;0,  0> +
        ( 0.0051899, 0.0002767)|   2, 1, 0;0,  0;0,  0> +
        ( 0.0002772,-0.0051799)|   2, 0, 1;0,  0;0,  0> +
        (-0.0034226,-0.0000255)|   0, 2, 0;0,  0;0,  0> +
        ( 0.0034226, 0.0000255)|   0, 0, 2;0,  0;0,  0> +
        ( 0.0030395,-0.0000027)|   3, 1, 0;0,  0;0,  0> +
        ( 0.0027514, 0.0000514)|   3, 2, 0;0,  0;0,  0> +
        (-0.0000006, 0.0027252)|   3, 0, 1;0,  0;0,  0> +
        ( 0.0013210, 0.0020107)|   2, 0, 2;0,  0;0,  0> +
        (-0.0013060,-0.0020107)|   2, 2, 0;0,  0;0,  0> +
        ( 0.0023805,-0.0000071)|   3, 0, 2;0,  0;0,  0> +
        (-0.0002673, 0.0021373)|   0, 2, 1;0,  0;0,  0> +
        ( 0.0015516, 0.0000361)|   1, 4, 0;0,  0;0,  0> +
        (-0.0011517,-0.0000053)|   2, 0, 4;0,  0;0,  0> +
        (-0.0010390,-0.0001503)|   0, 1, 2;0,  0;0,  0> +
        (-0.0010425,-0.0000166)|   2, 4, 0;0,  0;0,  0> +
        (-0.0009837,-0.0000117)|   2, 2, 2;0,  0;0,  0> +
        ( 0.0007859, 0.0000078)|   1, 0, 4;0,  0;0,  0> +
        (-0.0006166, 0.0004045)|   0, 3, 0;0,  0;0,  0> +
        ( 0.0006635,-0.0000000)|   0, 2, 2;0,  0;0,  0> +
        ( 0.0004724, 0.0002275)|   0, 0, 3;0,  0;0,  0> +
        (-0.0004455, 0.0000002)|   0, 0, 4;0,  0;0,  0> +
        (-0.0004250, 0.0000064)|   0, 4, 2;0,  0;0,  0> +
        (-0.0003480,-0.0000528)|   1, 2, 2;0,  0;0,  0> +
        ( 0.0002766, 0.0000048)|   0, 4, 4;0,  0;0,  0> +
        ( 0.0000021,-0.0001751)|   0, 2, 3;0,  0;0,  0> +
        (-0.0001742,-0.0000023)|   0, 3, 2;0,  0;0,  0> +
        ( 0.0000014,-0.0001352)|   0, 4, 1;0,  0;0,  0> +
        (-0.0001254,-0.0000017)|   0, 1, 4;0,  0;0,  0> +
        (-0.0001228,-0.0000065)|   0, 2, 4;0,  0;0,  0> +
        (-0.0001112,-0.0000016)|   1, 2, 4;0,  0;0,  0> +
        (-0.0001025,-0.0000016)|   1, 4, 2;0,  0;0,  0> +
        (-0.0000871,-0.0000002)|   0, 4, 0;0,  0;0,  0> +
        (-0.0000004, 0.0000658)|   0, 1, 1;0,  0;1,  0> +
        ( 0.0000004,-0.0000658)|   0, 1, 1;1,  0;0,  0> +
        ( 0.0000166, 0.0000008)|   1, 0, 2;0,  0;0,  0> +
        (-0.0000166,-0.0000008)|   1, 2, 0;0,  0;0,  0> +
        (-0.0000139,-0.0000005)|   1, 3, 0;0,  0;0,  0> +
        ( 0.0000124, 0.0000002)|   4, 2, 0;0,  0;0,  0> +
        (-0.0000004,-0.0000122)|   1, 0, 1;0,  0;0,  0> +
        ( 0.0000120, 0.0000001)|   4, 0, 2;0,  0;0,  0> +
        ( 0.0000004,-0.0000117)|   1, 0, 3;0,  0;0,  0> +
        (-0.0000082,-0.0000004)|   1, 1, 2;0,  0;0,  0> +
        ( 0.0000080, 0.0000002)|   6, 0, 0;0,  0;0,  0> +
        ( 0.0000003,-0.0000074)|   1, 2, 1;0,  0;0,  0> +
        (-0.0000013, 0.0000029)|   2, 1, 1;0,  0;0,  0> +
        (-0.0000026,-0.0000005)|   1, 1, 0;0,  0;0,  0> +
        (-0.0000025, 0.0000000)|   2, 2, 4;0,  0;0,  0> +
        (-0.0000024, 0.0000000)|   2, 4, 2;0,  0;0,  0> +
        ( 0.0000023,-0.0000000)|   4, 1, 0;0,  0;0,  0> +
        (-0.0000000, 0.0000023)|   4, 0, 1;0,  0;0,  0> +
        (-0.0000013,-0.0000003)|   7, 1, 0;0,  0;0,  0> +
         ...
 |23> = (-0.7069984,-0.0000000)|   0, 2, 0;0,  0;0,  0> +
        ( 0.7069982, 0.0000000)|   0, 0, 2;0,  0;0,  0> +
        (-0.0111308, 0.0000000)|   2, 0, 2;0,  0;0,  0> +
        (-0.0111300,-0.0000000)|   2, 2, 0;0,  0;0,  0> +
        (-0.0000032,-0.0048389)|   0, 1, 1;0,  0;0,  0> +
        ( 0.0039922,-0.0000012)|   1, 1, 0;0,  0;0,  0> +
        (-0.0000012, 0.0035612)|   1, 0, 1;0,  0;0,  0> +
        (-0.0017746, 0.0000000)|   1, 0, 2;0,  0;0,  0> +
        ( 0.0017610,-0.0000000)|   1, 2, 0;0,  0;0,  0> +
        (-0.0001799,-0.0000052)|   2, 1, 0;0,  0;0,  0> +
        (-0.0001269,-0.0000000)|   4, 0, 0;0,  0;0,  0> +
        (-0.0001045,-0.0000000)|   0, 2, 2;0,  0;0,  0> +
        ( 0.0000625,-0.0000002)|   0, 0, 4;0,  0;0,  0> +
        (-0.0000465,-0.0000000)|   0, 0, 2;1,  0;0,  0> +
        ( 0.0000465, 0.0000000)|   0, 0, 2;0,  0;1,  0> +
        ( 0.0000465, 0.0000000)|   0, 2, 0;1,  0;0,  0> +
        (-0.0000465, 0.0000000)|   0, 2, 0;0,  0;1,  0> +
        ( 0.0000008,-0.0000349)|   0, 0, 3;0,  0;0,  0> +
        (-0.0000293, 0.0000005)|   0, 3, 0;0,  0;0,  0> +
        (-0.0000167,-0.0000003)|   0, 1, 2;0,  0;0,  0> +
        (-0.0000002,-0.0000163)|   0, 2, 1;0,  0;0,  0> +
        (-0.0000052, 0.0000138)|   2, 0, 1;0,  0;0,  0> +
        ( 0.0000046, 0.0000000)|   5, 0, 0;0,  0;0,  0> +
        (-0.0000001, 0.0000045)|   1, 1, 1;0,  0;0,  0> +
        ( 0.0000000,-0.0000036)|   3, 1, 1;0,  0;0,  0> +
        ( 0.0000026, 0.0000002)|   0, 4, 0;0,  0;0,  0> +
        ( 0.0000016,-0.0000000)|   3, 1, 0;0,  0;0,  0> +
        (-0.0000000, 0.0000014)|   3, 0, 1;0,  0;0,  0> +
        ( 0.0000013,-0.0000000)|   1, 4, 0;0,  0;0,  0> +
        ( 0.0000011,-0.0000000)|   1, 0, 4;0,  0;0,  0> +
        ( 0.0000010,-0.0000000)|   3, 0, 2;0,  0;0,  0> +
         ...
 |24> = (-0.0740646, 0.8874741)|   5, 0, 1;0,  0;0,  0> +
        (-0.4527541,-0.0234763)|   5, 1, 0;0,  0;0,  0> +
        (-0.0329105,-0.0003890)|   9, 0, 0;0,  0;0,  0> +
        (-0.0000965, 0.0104067)|   3, 1, 1;0,  0;0,  0> +
        (-0.0054906,-0.0001825)|   1, 1, 2;0,  0;0,  0> +
        (-0.0008663,-0.0046654)|   2, 0, 3;0,  0;0,  0> +
        ( 0.0043677,-0.0006949)|   2, 3, 0;0,  0;0,  0> +
        ( 0.0007104, 0.0038707)|   1, 0, 3;0,  0;0,  0> +
        (-0.0031938, 0.0002445)|   5, 2, 0;0,  0;0,  0> +
        (-0.0002392, 0.0031231)|   2, 2, 1;0,  0;0,  0> +
        (-0.0028439,-0.0005246)|   2, 1, 2;0,  0;0,  0> +
        (-0.0025594, 0.0000984)|   5, 0, 2;0,  0;0,  0> +
        (-0.0000192, 0.0024676)|   3, 0, 3;0,  0;0,  0> +
        ( 0.0023980, 0.0000105)|   3, 3, 0;0,  0;0,  0> +
        (-0.0000563, 0.0021829)|   0, 3, 1;0,  0;0,  0> +
        (-0.0003306, 0.0018347)|   1, 2, 1;0,  0;0,  0> +
        (-0.0017062, 0.0006178)|   1, 3, 0;0,  0;0,  0> +
        (-0.0016744, 0.0000129)|   3, 2, 2;0,  0;0,  0> +
        (-0.0015928,-0.0000962)|   1, 0, 4;0,  0;0,  0> +
        ( 0.0000203, 0.0015421)|   3, 2, 1;0,  0;0,  0> +
        ( 0.0014998,-0.0000018)|   3, 1, 2;0,  0;0,  0> +
        (-0.0013029,-0.0003111)|   7, 4, 4;0,  0;0,  0> +
        ( 0.0000034, 0.0013351)|   0, 2, 3;0,  0;0,  0> +
        ( 0.0011005, 0.0000829)|   1, 2, 2;0,  0;0,  0> +
        ( 0.0000290,-0.0010220)|   6, 0, 1;0,  0;0,  0> +
        (-0.0009778,-0.0001263)|   3, 0, 4;0,  0;0,  0> +
        (-0.0000110, 0.0009743)|   0, 4, 1;0,  0;0,  0> +
        (-0.0005317, 0.0006904)|   2, 4, 3;0,  0;0,  0> +
        ( 0.0008585,-0.0000235)|   2, 3, 2;0,  0;0,  0> +
        (-0.0008021, 0.0000081)|   4, 2, 4;0,  0;0,  0> +
        (-0.0007841,-0.0000880)|   6, 1, 0;0,  0;0,  0> +
        (-0.0007368, 0.0001124)|   3, 4, 0;0,  0;0,  0> +
        (-0.0006582, 0.0002624)|   2, 4, 0;0,  0;0,  0> +
        ( 0.0006959, 0.0000285)|   1, 4, 0;0,  0;0,  0> +
        (-0.0000284, 0.0006901)|   0, 3, 3;0,  0;0,  0> +
        ( 0.0006473, 0.0000142)|   0, 3, 4;0,  0;0,  0> +
        (-0.0006443,-0.0000196)|   1, 3, 4;0,  0;0,  0> +
        (-0.0000159, 0.0006305)|   1, 3, 3;0,  0;0,  0> +
        ( 0.0004878,-0.0003883)|   2, 2, 2;0,  0;0,  0> +
        (-0.0006109, 0.0000564)|   2, 0, 4;0,  0;0,  0> +
        (-0.0002957,-0.0005320)|   2, 3, 4;0,  0;0,  0> +
        (-0.0006052, 0.0000170)|   2, 1, 4;0,  0;0,  0> +
        ( 0.0005689,-0.0000471)|   1, 3, 2;0,  0;0,  0> +
        ( 0.0000557, 0.0005343)|   0, 1, 3;0,  0;0,  0> +
        (-0.0005120,-0.0000050)|   2, 2, 4;0,  0;0,  0> +
        (-0.0000103, 0.0004554)|   1, 4, 1;0,  0;0,  0> +
        (-0.0000385,-0.0004326)|   1, 2, 3;0,  0;0,  0> +
        ( 0.0004183,-0.0000001)|   3, 4, 2;0,  0;0,  0> +
        (-0.0000442, 0.0004142)|   0, 3, 0;0,  0;0,  0> +
        ( 0.0004161,-0.0000106)|   0, 3, 2;0,  0;0,  0> +
        ( 0.0000155, 0.0004120)|   2, 4, 1;0,  0;0,  0> +
        (-0.0003495, 0.0000168)|   4, 2, 0;0,  0;0,  0> +
        ( 0.0003490,-0.0000124)|   0, 2, 4;0,  0;0,  0> +
        ( 0.0003420,-0.0000169)|   4, 0, 2;0,  0;0,  0> +
        (-0.0003316, 0.0000017)|   4, 2, 2;0,  0;0,  0> +
        ( 0.0003292, 0.0000092)|   0, 1, 4;0,  0;0,  0> +
        ( 0.0000136, 0.0003088)|   0, 4, 3;0,  0;0,  0> +
        (-0.0000229, 0.0002953)|   2, 2, 3;0,  0;0,  0> +
        (-0.0002741, 0.0000015)|   4, 4, 0;0,  0;0,  0> +
        ( 0.0002617, 0.0000731)|   0, 0, 3;0,  0;0,  0> +
        ( 0.0002666, 0.0000006)|   3, 2, 4;0,  0;0,  0> +
        (-0.0002568,-0.0000025)|   1, 2, 4;0,  0;0,  0> +
        ( 0.0000488,-0.0002324)|   0, 1, 2;0,  0;0,  0> +
        (-0.0000188,-0.0001849)|   1, 4, 3;0,  0;0,  0> +
        (-0.0001592, 0.0000133)|   6, 4, 4;0,  0;0,  0> +
        ( 0.0000021, 0.0001229)|   3, 4, 3;0,  0;0,  0> +
        ( 0.0000299,-0.0000987)|   0, 2, 1;0,  0;0,  0> +
        (-0.0001012,-0.0000002)|   4, 4, 4;0,  0;0,  0> +
        ( 0.0000872,-0.0000097)|   3, 3, 4;0,  0;0,  0> +
        ( 0.0000849, 0.0000047)|   2, 4, 2;0,  0;0,  0> +
        (-0.0000727,-0.0000002)|   3, 4, 4;0,  0;0,  0> +
        ( 0.0000625,-0.0000000)|   1, 4, 4;0,  0;0,  0> +
        (-0.0000049, 0.0000584)|   5, 0, 1;0,  0;1,  0> +
        ( 0.0000049,-0.0000584)|   5, 0, 1;1,  0;0,  0> +
        (-0.0000570,-0.0000047)|   4, 0, 4;0,  0;0,  0> +
        (-0.0000571,-0.0000000)|   0, 4, 4;0,  0;0,  0> +
        ( 0.0000494,-0.0000089)|   4, 4, 2;0,  0;0,  0> +
        (-0.0000322, 0.0000124)|   0, 4, 2;0,  0;0,  0> +
        ( 0.0000338, 0.0000011)|   1, 1, 4;0,  0;0,  0> +
        ( 0.0000302,-0.0000000)|   2, 4, 4;0,  0;0,  0> +
        (-0.0000298,-0.0000015)|   5, 1, 0;0,  0;1,  0> +
        ( 0.0000298, 0.0000015)|   5, 1, 0;1,  0;0,  0> +
        (-0.0000297, 0.0000000)|   5, 4, 4;0,  0;0,  0> +
        (-0.0000212, 0.0000024)|   1, 4, 2;0,  0;0,  0> +
        (-0.0000077, 0.0000185)|   2, 1, 1;0,  0;0,  0> +
        ( 0.0000006,-0.0000195)|   2, 3, 3;0,  0;0,  0> +
        ( 0.0000005,-0.0000126)|   4, 4, 3;0,  0;0,  0> +
        (-0.0000125,-0.0000006)|   4, 3, 4;0,  0;0,  0> +
        (-0.0000001,-0.0000116)|   1, 1, 1;0,  0;0,  0> +
        (-0.0000042,-0.0000104)|   8, 0, 0;0,  0;0,  0> +
        ( 0.0000110,-0.0000001)|   6, 0, 0;0,  0;0,  0> +
        (-0.0000092, 0.0000024)|   4, 1, 0;0,  0;0,  0> +
        ( 0.0000024, 0.0000090)|   4, 0, 1;0,  0;0,  0> +
        (-0.0000093, 0.0000001)|   3, 3, 2;0,  0;0,  0> +
        (-0.0000001,-0.0000086)|   3, 2, 3;0,  0;0,  0> +
        (-0.0000068, 0.0000000)|   3, 1, 4;0,  0;0,  0> +
        (-0.0000000,-0.0000061)|   3, 4, 1;0,  0;0,  0> +
        (-0.0000003, 0.0000060)|   8, 4, 4;0,  0;0,  0> +
        ( 0.0000044,-0.0000004)|   3, 0, 2;0,  0;0,  0> +
        (-0.0000006, 0.0000036)|   9, 4, 4;0,  0;0,  0> +
        ( 0.0000036, 0.0000001)|   7, 0, 0;0,  0;0,  0> +
        (-0.0000004,-0.0000034)|   3, 0, 1;0,  0;0,  0> +
        (-0.0000005,-0.0000032)|   7, 0, 1;0,  0;0,  0> +
        ( 0.0000014, 0.0000023)|   2, 2, 0;0,  0;0,  0> +
        (-0.0000014,-0.0000023)|   2, 0, 2;0,  0;0,  0> +
        (-0.0000001, 0.0000025)|   4, 1, 1;0,  0;0,  0> +
        ( 0.0000025, 0.0000000)|  10, 0, 0;0,  0;0,  0> +
        (-0.0000022,-0.0000000)|   9, 0, 0;0,  0;1,  0> +
        ( 0.0000022, 0.0000000)|   9, 0, 0;1,  0;0,  0> +
        (-0.0000021, 0.0000003)|   3, 2, 0;0,  0;0,  0> +
        ( 0.0000001,-0.0000019)|   2, 0, 1;0,  0;0,  0> +
        ( 0.0000012, 0.0000014)|   8, 1, 0;0,  0;0,  0> +
        (-0.0000017,-0.0000003)|   9, 0, 1;0,  0;0,  0> +
        ( 0.0000011,-0.0000001)|  11, 0, 0;0,  0;0,  0> +
        ( 0.0000000,-0.0000011)|   1, 0, 1;0,  0;0,  0> +
        ( 0.0000006, 0.0000008)|   1, 1, 3;0,  0;0,  0> +
        ( 0.0000010, 0.0000001)|   2, 1, 0;0,  0;0,  0> +
         ...
