p2037
# Parameters of the model
#  mass:		    261.00 u
#  charge:	      1.00 e
#  dipole:	      4.74 D
#  B:		    503.65 MHz
#  omega_rho:	      1.40 MHz
#  omega_z:	      0.16 MHz

# Basis truncation:	|22,4,4;2,2>
# omega_1:	      0.28 MHz
# omega_3/5:	      1.39 MHz
# Basis size:		28512

# Active terms of the Hamiltionian:
# 	Nomal modes:	1
# 	T_rot:      	1
# 	V_qd^{(0)}: 	1
# 	V_qd^{(1)}: 	1
# 	V_dd^{(0)}: 	1

# Results of the diagonalisation

# 100 smallest eigenvalues
 5.518517017 6.532824039 7.528138638 8.539412498 9.514799118 10.541921616 10.573412895 10.583687782 11.581849098 11.586993217 11.666671753 12.525822639 12.597553253 12.630475998 13.566472054 13.601105690 13.677421570 14.626720428 14.642453194 14.671639442 15.413470268 15.477216721 15.514684677 15.560515404 15.601904869 15.773230553 16.472234726 16.521339417 16.554155350 16.588443756 16.594331741 16.605087280 17.438829422 17.531005859 17.613895416 17.631683350 17.638731003 17.704730988 18.504755020 18.510118484 18.638771057 18.678409576 18.680736542 18.703268051 19.442337036 19.590589523 19.603479385 19.625419617 19.634576797 19.694070816 20.357965469 20.534145355 20.547237396 20.572055817 20.595132828 20.610309601 20.612146378 20.621736526 20.640550613 20.720367432 21.437961578 21.479776382 21.512758255 21.536632538 21.598087311 21.600835800 21.666311264 21.689935684 21.723623276 21.885231018 22.278373718 22.422428131 22.428686142 22.501464844 22.574773788 22.584547043 22.592502594 22.617441177 22.725528717 22.797517776 23.492031097 23.521656036 23.612310410 23.614913940 23.618160248 23.672149658 23.680562973 23.686901093 23.712287903 24.092592239 24.479932785 24.523023605 24.561323166 24.593185425 24.636003494 24.641511917 24.716583252 24.742940903 24.764860153 24.949075699

# Ground state and the lowest excitations:
 | 0> = ( 1.0000000, 0.0000000)|   0, 0, 0;0,  0;0,  0> +
        ( 0.0000658, 0.0000000)|   0, 0, 0;0,  0;1,  0> +
        (-0.0000658, 0.0000000)|   0, 0, 0;1,  0;0,  0> +
         ...
 | 1> = (-0.9999995,-0.0000000)|   1, 0, 0;0,  0;0,  0> +
        (-0.0000658, 0.0000000)|   1, 0, 0;0,  0;1,  0> +
        ( 0.0000658,-0.0000000)|   1, 0, 0;1,  0;0,  0> +
        (-0.0000049, 0.0000000)|   2, 0, 0;0,  0;0,  0> +
         ...
 | 2> = (-0.9999990, 0.0000000)|   2, 0, 0;0,  0;0,  0> +
        (-0.0002754, 0.0000000)|   0, 0, 2;0,  0;0,  0> +
        (-0.0002754,-0.0000000)|   0, 2, 0;0,  0;0,  0> +
        ( 0.0000658, 0.0000000)|   2, 0, 0;1,  0;0,  0> +
        (-0.0000658, 0.0000000)|   2, 0, 0;0,  0;1,  0> +
        ( 0.0000050, 0.0000000)|   1, 0, 0;0,  0;0,  0> +
        (-0.0000013, 0.0000000)|   0, 1, 0;0,  0;0,  0> +
         ...
 | 3> = ( 0.9999972,-0.0000000)|   3, 0, 0;0,  0;0,  0> +
        (-0.0020024, 0.0000000)|   0, 1, 0;0,  0;0,  0> +
        ( 0.0000000,-0.0008301)|   0, 0, 1;0,  0;0,  0> +
        ( 0.0002520, 0.0000000)|   1, 0, 2;0,  0;0,  0> +
        ( 0.0002515,-0.0000000)|   1, 2, 0;0,  0;0,  0> +
        ( 0.0000658,-0.0000000)|   3, 0, 0;0,  0;1,  0> +
        (-0.0000658, 0.0000000)|   3, 0, 0;1,  0;0,  0> +
        (-0.0000358, 0.0000000)|   0, 2, 0;0,  0;0,  0> +
        (-0.0000180,-0.0000000)|   0, 0, 2;0,  0;0,  0> +
        (-0.0000024, 0.0000000)|   4, 0, 0;0,  0;0,  0> +
        (-0.0000019, 0.0000000)|   0, 2, 2;0,  0;0,  0> +
         ...
 | 4> = ( 0.9999637, 0.0000000)|   4, 0, 0;0,  0;0,  0> +
        (-0.0059390, 0.0000001)|   1, 1, 0;0,  0;0,  0> +
        ( 0.0000001,-0.0059138)|   1, 0, 1;0,  0;0,  0> +
        (-0.0013548, 0.0000000)|   1, 0, 2;0,  0;0,  0> +
        (-0.0013137,-0.0000000)|   1, 2, 0;0,  0;0,  0> +
        (-0.0004988,-0.0000000)|   2, 2, 0;0,  0;0,  0> +
        (-0.0004988, 0.0000000)|   2, 0, 2;0,  0;0,  0> +
        ( 0.0003917, 0.0000000)|   0, 2, 0;0,  0;0,  0> +
        (-0.0003917,-0.0000000)|   0, 0, 2;0,  0;0,  0> +
        (-0.0002209, 0.0000000)|   0, 2, 2;0,  0;0,  0> +
        (-0.0000658, 0.0000000)|   4, 0, 0;1,  0;0,  0> +
        ( 0.0000658,-0.0000000)|   4, 0, 0;0,  0;1,  0> +
        ( 0.0000314, 0.0000000)|   0, 1, 0;0,  0;0,  0> +
        ( 0.0000000,-0.0000276)|   0, 0, 1;0,  0;0,  0> +
        ( 0.0000169,-0.0000000)|   0, 3, 0;0,  0;0,  0> +
        (-0.0000000, 0.0000165)|   0, 0, 3;0,  0;0,  0> +
        ( 0.0000107, 0.0000000)|   0, 1, 2;0,  0;0,  0> +
        (-0.0000000, 0.0000105)|   0, 2, 1;0,  0;0,  0> +
        ( 0.0000031,-0.0000000)|   3, 0, 0;0,  0;0,  0> +
        ( 0.0000000,-0.0000029)|   0, 1, 1;0,  0;0,  0> +
        ( 0.0000021,-0.0000000)|   2, 1, 0;0,  0;0,  0> +
        (-0.0000000, 0.0000020)|   2, 0, 1;0,  0;0,  0> +
         ...
 | 5> = (-0.9998561, 0.0002066)|   5, 0, 0;0,  0;0,  0> +
        (-0.0114220, 0.0008315)|   2, 1, 0;0,  0;0,  0> +
        ( 0.0008235, 0.0111966)|   2, 0, 1;0,  0;0,  0> +
        ( 0.0000044, 0.0044918)|   0, 1, 1;0,  0;0,  0> +
        (-0.0014024, 0.0000134)|   0, 1, 2;0,  0;0,  0> +
        (-0.0001119,-0.0012154)|   2, 2, 0;0,  0;0,  0> +
        (-0.0000065, 0.0012154)|   2, 0, 2;0,  0;0,  0> +
        (-0.0009677,-0.0000000)|   1, 2, 0;0,  0;0,  0> +
        ( 0.0009675, 0.0000000)|   1, 0, 2;0,  0;0,  0> +
        (-0.0000015,-0.0009336)|   0, 3, 3;0,  0;0,  0> +
        ( 0.0000393,-0.0006604)|   0, 2, 1;0,  0;0,  0> +
        ( 0.0005984, 0.0000002)|   2, 2, 2;0,  0;0,  0> +
        (-0.0005787,-0.0000000)|   1, 2, 2;0,  0;0,  0> +
        ( 0.0000583, 0.0005599)|   0, 0, 3;0,  0;0,  0> +
        (-0.0004921,-0.0000065)|   3, 2, 0;0,  0;0,  0> +
        (-0.0004017, 0.0000065)|   3, 0, 2;0,  0;0,  0> +
        (-0.0000003,-0.0001656)|   0, 3, 1;0,  0;0,  0> +
        ( 0.0001490,-0.0000009)|   0, 3, 2;0,  0;0,  0> +
        (-0.0000023, 0.0001449)|   0, 2, 3;0,  0;0,  0> +
        ( 0.0000463, 0.0000733)|   0, 3, 0;0,  0;0,  0> +
        ( 0.0000680,-0.0000000)|   0, 2, 2;0,  0;0,  0> +
        (-0.0000658, 0.0000000)|   5, 0, 0;0,  0;1,  0> +
        ( 0.0000658,-0.0000000)|   5, 0, 0;1,  0;0,  0> +
        (-0.0000590,-0.0000004)|   6, 0, 0;0,  0;0,  0> +
        (-0.0000468, 0.0000000)|   0, 0, 2;0,  0;0,  0> +
        ( 0.0000468,-0.0000000)|   0, 2, 0;0,  0;0,  0> +
        (-0.0000000,-0.0000188)|   0, 1, 3;0,  0;0,  0> +
        (-0.0000013,-0.0000139)|   1, 0, 3;0,  0;0,  0> +
        ( 0.0000135,-0.0000009)|   1, 1, 0;0,  0;0,  0> +
        (-0.0000009,-0.0000130)|   1, 0, 1;0,  0;0,  0> +
        ( 0.0000012,-0.0000071)|   1, 2, 1;0,  0;0,  0> +
        (-0.0000070,-0.0000004)|   1, 1, 2;0,  0;0,  0> +
        (-0.0000064,-0.0000015)|   1, 3, 0;0,  0;0,  0> +
        ( 0.0000001,-0.0000043)|   3, 0, 1;0,  0;0,  0> +
        (-0.0000041, 0.0000001)|   3, 1, 0;0,  0;0,  0> +
        (-0.0000029, 0.0000001)|   4, 0, 2;0,  0;0,  0> +
        (-0.0000019, 0.0000000)|   4, 2, 0;0,  0;0,  0> +
        ( 0.0000018,-0.0000000)|   3, 2, 2;0,  0;0,  0> +
         ...
 | 6> = (-0.8575717, 0.0000000)|   0, 1, 0;0,  0;0,  0> +
        ( 0.0000000, 0.5143599)|   0, 0, 1;0,  0;0,  0> +
        ( 0.0014468,-0.0000000)|   1, 0, 2;0,  0;0,  0> +
        ( 0.0014444, 0.0000000)|   1, 2, 0;0,  0;0,  0> +
        (-0.0012909,-0.0000000)|   3, 0, 0;0,  0;0,  0> +
        (-0.0000564, 0.0000000)|   0, 1, 0;0,  0;1,  0> +
        ( 0.0000564, 0.0000000)|   0, 1, 0;1,  0;0,  0> +
        ( 0.0000452,-0.0000000)|   4, 0, 0;0,  0;0,  0> +
        ( 0.0000000,-0.0000338)|   0, 0, 1;1,  0;0,  0> +
        (-0.0000000, 0.0000338)|   0, 0, 1;0,  0;1,  0> +
        (-0.0000325,-0.0000000)|   0, 2, 0;0,  0;0,  0> +
        ( 0.0000255,-0.0000000)|   0, 0, 2;0,  0;0,  0> +
        ( 0.0000087,-0.0000000)|   1, 1, 0;0,  0;0,  0> +
        (-0.0000000, 0.0000086)|   1, 0, 1;0,  0;0,  0> +
        (-0.0000052, 0.0000000)|   0, 2, 2;0,  0;0,  0> +
        (-0.0000013, 0.0000000)|   2, 0, 2;0,  0;0,  0> +
        (-0.0000013,-0.0000000)|   2, 2, 0;0,  0;0,  0> +
        ( 0.0000001, 0.0000011)|   2, 0, 1;0,  0;0,  0> +
         ...
 | 7> = ( 0.0000000, 0.8575730)|   0, 0, 1;0,  0;0,  0> +
        ( 0.5143588, 0.0000000)|   0, 1, 0;0,  0;0,  0> +
        ( 0.0017419,-0.0000000)|   3, 0, 0;0,  0;0,  0> +
        ( 0.0003642,-0.0000000)|   1, 0, 2;0,  0;0,  0> +
        ( 0.0003638, 0.0000000)|   1, 2, 0;0,  0;0,  0> +
        ( 0.0000000,-0.0000564)|   0, 0, 1;1,  0;0,  0> +
        (-0.0000000, 0.0000564)|   0, 0, 1;0,  0;1,  0> +
        (-0.0000338,-0.0000000)|   0, 1, 0;1,  0;0,  0> +
        ( 0.0000338, 0.0000000)|   0, 1, 0;0,  0;1,  0> +
        ( 0.0000212, 0.0000000)|   0, 0, 2;0,  0;0,  0> +
        ( 0.0000085,-0.0000000)|   4, 0, 0;0,  0;0,  0> +
        ( 0.0000067,-0.0000000)|   0, 2, 0;0,  0;0,  0> +
        (-0.0000000, 0.0000041)|   1, 0, 1;0,  0;0,  0> +
        ( 0.0000036,-0.0000000)|   1, 1, 0;0,  0;0,  0> +
        (-0.0000015,-0.0000000)|   2, 0, 0;0,  0;0,  0> +
        (-0.0000012,-0.0000000)|   0, 2, 2;0,  0;0,  0> +
         ...
 | 8> = ( 0.9999746, 0.0060608)|   6, 0, 0;0,  0;0,  0> +
        ( 0.0001244, 0.0022031)|   0, 0, 3;0,  0;0,  0> +
        ( 0.0000014, 0.0014627)|   0, 1, 1;0,  0;0,  0> +
        ( 0.0009686,-0.0000017)|   3, 2, 0;0,  0;0,  0> +
        (-0.0009435, 0.0001047)|   0, 3, 0;0,  0;0,  0> +
        ( 0.0009021, 0.0000050)|   0, 3, 2;0,  0;0,  0> +
        (-0.0001103, 0.0008692)|   3, 0, 1;0,  0;0,  0> +
        ( 0.0000587, 0.0008605)|   0, 2, 1;0,  0;0,  0> +
        ( 0.0006935,-0.0001114)|   3, 1, 0;0,  0;0,  0> +
        ( 0.0005485,-0.0000041)|   2, 3, 0;0,  0;0,  0> +
        (-0.0005363, 0.0000126)|   4, 2, 0;0,  0;0,  0> +
        (-0.0000021, 0.0005196)|   0, 3, 1;0,  0;0,  0> +
        ( 0.0000066, 0.0004994)|   2, 0, 3;0,  0;0,  0> +
        (-0.0004290, 0.0000000)|   1, 2, 0;0,  0;0,  0> +
        ( 0.0004289,-0.0000000)|   1, 0, 2;0,  0;0,  0> +
        (-0.0003901, 0.0000014)|   3, 0, 2;0,  0;0,  0> +
        ( 0.0003875,-0.0000030)|   2, 1, 2;0,  0;0,  0> +
        ( 0.0000037, 0.0003412)|   2, 2, 1;0,  0;0,  0> +
        (-0.0000131,-0.0003086)|   2, 2, 0;0,  0;0,  0> +
        (-0.0000067, 0.0003086)|   2, 0, 2;0,  0;0,  0> +
        (-0.0002836, 0.0000015)|   1, 3, 2;0,  0;0,  0> +
        (-0.0002250, 0.0001597)|   1, 3, 0;0,  0;0,  0> +
        (-0.0000015,-0.0002735)|   1, 2, 3;0,  0;0,  0> +
        ( 0.0002523,-0.0000000)|   3, 2, 2;0,  0;0,  0> +
        ( 0.0000052,-0.0002380)|   0, 2, 3;0,  0;0,  0> +
        ( 0.0002058,-0.0001042)|   1, 0, 3;0,  0;0,  0> +
        (-0.0002179,-0.0000000)|   0, 2, 2;0,  0;0,  0> +
        (-0.0001954,-0.0000207)|   4, 0, 2;0,  0;0,  0> +
        (-0.0000298,-0.0001878)|   1, 2, 1;0,  0;0,  0> +
        (-0.0000006,-0.0001884)|   1, 3, 3;0,  0;0,  0> +
        (-0.0001783, 0.0000469)|   1, 1, 2;0,  0;0,  0> +
        (-0.0001134, 0.0000925)|   0, 1, 2;0,  0;0,  0> +
        (-0.0000000,-0.0001010)|   0, 3, 3;0,  0;0,  0> +
        ( 0.0000849, 0.0000001)|   1, 2, 2;0,  0;0,  0> +
        ( 0.0000658, 0.0000004)|   6, 0, 0;0,  0;1,  0> +
        (-0.0000658,-0.0000004)|   6, 0, 0;1,  0;0,  0> +
        (-0.0000027,-0.0000548)|   1, 1, 1;0,  0;0,  0> +
        (-0.0000513, 0.0000001)|   5, 0, 0;0,  0;0,  0> +
        ( 0.0000401,-0.0000026)|   2, 1, 0;0,  0;0,  0> +
        (-0.0000025,-0.0000350)|   2, 0, 1;0,  0;0,  0> +
        ( 0.0000152, 0.0000248)|   0, 1, 3;0,  0;0,  0> +
        ( 0.0000142,-0.0000001)|   4, 2, 2;0,  0;0,  0> +
        (-0.0000005,-0.0000127)|   1, 1, 3;0,  0;0,  0> +
        (-0.0000118,-0.0000001)|   2, 2, 2;0,  0;0,  0> +
        ( 0.0000113,-0.0000000)|   0, 2, 0;0,  0;0,  0> +
        (-0.0000113, 0.0000000)|   0, 0, 2;0,  0;0,  0> +
        (-0.0000003,-0.0000072)|   4, 0, 1;0,  0;0,  0> +
        (-0.0000067,-0.0000003)|   4, 1, 0;0,  0;0,  0> +
        ( 0.0000000, 0.0000066)|   2, 3, 3;0,  0;0,  0> +
        ( 0.0000019,-0.0000000)|   2, 3, 2;0,  0;0,  0> +
        ( 0.0000006,-0.0000010)|   0, 2, 0;0,  0;1,  0> +
        ( 0.0000011,-0.0000000)|   2, 2, 0;0,  0;1,  0> +
        ( 0.0000000, 0.0000011)|   2, 2, 3;0,  0;0,  0> +
         ...
 | 9> = (-0.7151667,-0.0008065)|   1, 1, 0;0,  0;0,  0> +
        (-0.0007998, 0.6986744)|   1, 0, 1;0,  0;0,  0> +
        (-0.0000759, 0.0139850)|   2, 0, 1;0,  0;0,  0> +
        ( 0.0127921, 0.0000391)|   2, 1, 0;0,  0;0,  0> +
        (-0.0036169, 0.0000013)|   0, 0, 2;0,  0;0,  0> +
        ( 0.0036168,-0.0000013)|   0, 2, 0;0,  0;0,  0> +
        (-0.0014236, 0.0000475)|   1, 2, 0;0,  0;0,  0> +
        ( 0.0012984,-0.0000475)|   1, 0, 2;0,  0;0,  0> +
        (-0.0009452,-0.0000330)|   2, 0, 2;0,  0;0,  0> +
        (-0.0008932, 0.0000332)|   2, 2, 0;0,  0;0,  0> +
        ( 0.0007029, 0.0000084)|   1, 2, 2;0,  0;0,  0> +
        (-0.0004503,-0.0000054)|   0, 1, 2;0,  0;0,  0> +
        (-0.0003435,-0.0000000)|   0, 2, 2;0,  0;0,  0> +
        ( 0.0000087,-0.0003308)|   0, 0, 3;0,  0;0,  0> +
        ( 0.0000048,-0.0002720)|   0, 2, 1;0,  0;0,  0> +
        (-0.0002536,-0.0000048)|   0, 3, 0;0,  0;0,  0> +
        (-0.0001191,-0.0000002)|   4, 0, 0;0,  0;0,  0> +
        ( 0.0000566,-0.0000003)|   2, 2, 2;0,  0;0,  0> +
        (-0.0000471,-0.0000001)|   1, 1, 0;0,  0;1,  0> +
        ( 0.0000471, 0.0000001)|   1, 1, 0;1,  0;0,  0> +
        (-0.0000019,-0.0000460)|   0, 1, 1;0,  0;0,  0> +
        (-0.0000001, 0.0000460)|   1, 0, 1;0,  0;1,  0> +
        ( 0.0000001,-0.0000460)|   1, 0, 1;1,  0;0,  0> +
        ( 0.0000243,-0.0000023)|   3, 2, 0;0,  0;0,  0> +
        ( 0.0000196,-0.0000030)|   3, 0, 2;0,  0;0,  0> +
        (-0.0000053,-0.0000000)|   5, 0, 0;0,  0;0,  0> +
        (-0.0000011,-0.0000000)|   0, 1, 0;0,  0;0,  0> +
         ...
 |10> = ( 0.0000060,-0.7152697)|   1, 0, 1;0,  0;0,  0> +
        (-0.6987947, 0.0000060)|   1, 1, 0;0,  0;0,  0> +
        (-0.0083801, 0.0000000)|   4, 0, 0;0,  0;0,  0> +
        (-0.0012097, 0.0000000)|   0, 2, 0;0,  0;0,  0> +
        ( 0.0012095,-0.0000000)|   0, 0, 2;0,  0;0,  0> +
        ( 0.0009539, 0.0000000)|   0, 2, 2;0,  0;0,  0> +
        (-0.0003998,-0.0000005)|   2, 2, 0;0,  0;0,  0> +
        (-0.0003995, 0.0000005)|   2, 0, 2;0,  0;0,  0> +
        ( 0.0000006,-0.0002671)|   2, 0, 1;0,  0;0,  0> +
        (-0.0002656,-0.0000004)|   1, 2, 0;0,  0;0,  0> +
        (-0.0002533,-0.0000004)|   2, 1, 0;0,  0;0,  0> +
        (-0.0000849, 0.0000000)|   0, 3, 0;0,  0;0,  0> +
        (-0.0000001,-0.0000817)|   0, 0, 3;0,  0;0,  0> +
        (-0.0000000,-0.0000518)|   0, 2, 1;0,  0;0,  0> +
        (-0.0000505, 0.0000004)|   1, 0, 2;0,  0;0,  0> +
        (-0.0000503, 0.0000000)|   0, 1, 2;0,  0;0,  0> +
        ( 0.0000000,-0.0000471)|   1, 0, 1;0,  0;1,  0> +
        (-0.0000000, 0.0000471)|   1, 0, 1;1,  0;0,  0> +
        (-0.0000460, 0.0000000)|   1, 1, 0;0,  0;1,  0> +
        ( 0.0000460,-0.0000000)|   1, 1, 0;1,  0;0,  0> +
        ( 0.0000000, 0.0000121)|   0, 1, 1;0,  0;0,  0> +
        ( 0.0000000, 0.0000118)|   0, 0, 1;0,  0;0,  0> +
        (-0.0000078, 0.0000000)|   0, 1, 0;0,  0;0,  0> +
        (-0.0000033,-0.0000001)|   1, 2, 2;0,  0;0,  0> +
         ...
 |11> = (-0.9998582,-0.0140975)|   7, 0, 0;0,  0;0,  0> +
        (-0.0000975, 0.0052004)|   4, 0, 1;0,  0;0,  0> +
        ( 0.0037572,-0.0001069)|   4, 1, 0;0,  0;0,  0> +
        ( 0.0025872,-0.0001042)|   2, 1, 2;0,  0;0,  0> +
        (-0.0000229, 0.0022489)|   2, 1, 3;0,  0;0,  0> +
        ( 0.0000042,-0.0020486)|   2, 3, 1;0,  0;0,  0> +
        ( 0.0011619,-0.0014620)|   3, 1, 0;0,  0;0,  0> +
        (-0.0014551,-0.0011449)|   3, 0, 1;0,  0;0,  0> +
        ( 0.0016543, 0.0000097)|   0, 1, 2;0,  0;0,  0> +
        (-0.0000220, 0.0016260)|   1, 0, 3;0,  0;0,  0> +
        (-0.0014261, 0.0000451)|   4, 0, 2;0,  0;0,  0> +
        ( 0.0013828,-0.0000023)|   3, 0, 2;0,  0;0,  0> +
        ( 0.0011544,-0.0000869)|   1, 1, 2;0,  0;0,  0> +
        (-0.0003398, 0.0010687)|   0, 1, 3;0,  0;0,  0> +
        (-0.0000392,-0.0010964)|   1, 1, 1;0,  0;0,  0> +
        (-0.0000085,-0.0010460)|   2, 2, 0;0,  0;0,  0> +
        ( 0.0000085, 0.0010460)|   2, 0, 2;0,  0;0,  0> +
        ( 0.0010269,-0.0000479)|   1, 3, 0;0,  0;0,  0> +
        (-0.0000058,-0.0010147)|   2, 1, 1;0,  0;0,  0> +
        (-0.0009227,-0.0000291)|   0, 3, 0;0,  0;0,  0> +
        ( 0.0007931, 0.0000046)|   2, 3, 2;0,  0;0,  0> +
        (-0.0000022,-0.0007898)|   3, 3, 3;0,  0;0,  0> +
        ( 0.0000581, 0.0007538)|   2, 2, 1;0,  0;0,  0> +
        (-0.0001310, 0.0007406)|   1, 2, 1;0,  0;0,  0> +
        (-0.0007057, 0.0000001)|   1, 2, 2;0,  0;0,  0> +
        (-0.0000000,-0.0006686)|   0, 3, 3;0,  0;0,  0> +
        (-0.0006638, 0.0000017)|   3, 2, 0;0,  0;0,  0> +
        (-0.0006345, 0.0000000)|   3, 2, 2;0,  0;0,  0> +
        (-0.0000874,-0.0006071)|   2, 0, 3;0,  0;0,  0> +
        ( 0.0005762,-0.0000000)|   2, 2, 2;0,  0;0,  0> +
        ( 0.0005411,-0.0000443)|   4, 2, 0;0,  0;0,  0> +
        ( 0.0000000,-0.0005352)|   1, 3, 3;0,  0;0,  0> +
        ( 0.0000002, 0.0005042)|   2, 3, 3;0,  0;0,  0> +
        (-0.0000376,-0.0004834)|   0, 2, 1;0,  0;0,  0> +
        ( 0.0000491, 0.0004521)|   0, 3, 1;0,  0;0,  0> +
        ( 0.0003565, 0.0000017)|   0, 3, 2;0,  0;0,  0> +
        ( 0.0003304, 0.0000073)|   2, 3, 0;0,  0;0,  0> +
        ( 0.0000045, 0.0003043)|   2, 2, 3;0,  0;0,  0> +
        (-0.0000035,-0.0002798)|   1, 1, 3;0,  0;0,  0> +
        (-0.0000022,-0.0002572)|   1, 2, 3;0,  0;0,  0> +
        (-0.0000017, 0.0002449)|   0, 0, 3;0,  0;0,  0> +
        ( 0.0001735,-0.0000024)|   1, 3, 2;0,  0;0,  0> +
        (-0.0000658,-0.0000009)|   7, 0, 0;0,  0;1,  0> +
        ( 0.0000658, 0.0000009)|   7, 0, 0;1,  0;0,  0> +
        (-0.0000000, 0.0000422)|   4, 3, 3;0,  0;0,  0> +
        ( 0.0000017,-0.0000394)|   0, 2, 3;0,  0;0,  0> +
        ( 0.0000370, 0.0000000)|   4, 2, 2;0,  0;0,  0> +
        (-0.0000233, 0.0000242)|   1, 3, 1;0,  0;0,  0> +
        ( 0.0000003,-0.0000306)|   3, 0, 3;0,  0;0,  0> +
        (-0.0000270,-0.0000003)|   3, 3, 0;0,  0;0,  0> +
        ( 0.0000001,-0.0000181)|   3, 2, 1;0,  0;0,  0> +
        (-0.0000148,-0.0000002)|   3, 1, 2;0,  0;0,  0> +
        ( 0.0000004,-0.0000135)|   0, 1, 1;0,  0;0,  0> +
        (-0.0000054,-0.0000000)|   3, 3, 2;0,  0;0,  0> +
        (-0.0000000,-0.0000049)|   3, 2, 3;0,  0;0,  0> +
        ( 0.0000018, 0.0000001)|   5, 0, 0;0,  0;0,  0> +
        ( 0.0000018,-0.0000002)|   2, 1, 0;0,  0;0,  0> +
        (-0.0000016,-0.0000006)|   6, 0, 0;0,  0;0,  0> +
         ...
 |12> = (-0.7309420, 0.0018439)|   2, 1, 0;0,  0;0,  0> +
        ( 0.0020693,-0.6820937)|   2, 0, 1;0,  0;0,  0> +
        ( 0.0000381, 0.0134190)|   1, 0, 1;0,  0;0,  0> +
        (-0.0132279, 0.0000383)|   1, 1, 0;0,  0;0,  0> +
        ( 0.0055703,-0.0000001)|   0, 2, 0;0,  0;0,  0> +
        (-0.0055702, 0.0000001)|   0, 0, 2;0,  0;0,  0> +
        ( 0.0046958,-0.0000014)|   1, 0, 2;0,  0;0,  0> +
        (-0.0046946, 0.0000014)|   1, 2, 0;0,  0;0,  0> +
        ( 0.0007889,-0.0000139)|   0, 1, 2;0,  0;0,  0> +
        ( 0.0007221, 0.0000018)|   5, 0, 0;0,  0;0,  0> +
        (-0.0005833, 0.0000000)|   0, 2, 2;0,  0;0,  0> +
        (-0.0004497, 0.0000947)|   2, 0, 2;0,  0;0,  0> +
        (-0.0003732,-0.0000947)|   2, 2, 0;0,  0;0,  0> +
        (-0.0002916,-0.0000199)|   0, 3, 0;0,  0;0,  0> +
        ( 0.0002034, 0.0000000)|   1, 2, 2;0,  0;0,  0> +
        (-0.0001983, 0.0000015)|   2, 2, 2;0,  0;0,  0> +
        (-0.0000081, 0.0001963)|   0, 2, 1;0,  0;0,  0> +
        ( 0.0000034,-0.0001832)|   0, 1, 1;0,  0;0,  0> +
        (-0.0000229,-0.0001260)|   0, 0, 3;0,  0;0,  0> +
        (-0.0000481, 0.0000001)|   2, 1, 0;0,  0;1,  0> +
        ( 0.0000481,-0.0000001)|   2, 1, 0;1,  0;0,  0> +
        (-0.0000001, 0.0000449)|   2, 0, 1;1,  0;0,  0> +
        ( 0.0000001,-0.0000449)|   2, 0, 1;0,  0;1,  0> +
        ( 0.0000425, 0.0000108)|   3, 0, 2;0,  0;0,  0> +
        ( 0.0000307, 0.0000085)|   3, 2, 0;0,  0;0,  0> +
        ( 0.0000000, 0.0000165)|   0, 3, 3;0,  0;0,  0> +
        ( 0.0000003, 0.0000160)|   0, 2, 3;0,  0;0,  0> +
        ( 0.0000146,-0.0000002)|   0, 3, 2;0,  0;0,  0> +
        (-0.0000000, 0.0000022)|   0, 3, 1;0,  0;0,  0> +
        ( 0.0000000, 0.0000016)|   1, 0, 3;0,  0;0,  0> +
        ( 0.0000014, 0.0000000)|   1, 3, 0;0,  0;0,  0> +
        ( 0.0000013, 0.0000000)|   6, 0, 0;0,  0;0,  0> +
        ( 0.0000010, 0.0000000)|   1, 1, 2;0,  0;0,  0> +
         ...
 |13> = (-0.0491683,-0.7293539)|   2, 0, 1;0,  0;0,  0> +
        ( 0.6803482,-0.0496655)|   2, 1, 0;0,  0;0,  0> +
        (-0.0160386,-0.0000451)|   5, 0, 0;0,  0;0,  0> +
        (-0.0000422,-0.0035922)|   0, 1, 1;0,  0;0,  0> +
        ( 0.0020608, 0.0000007)|   1, 2, 0;0,  0;0,  0> +
        (-0.0020607,-0.0000007)|   1, 0, 2;0,  0;0,  0> +
        (-0.0014578,-0.0000319)|   3, 2, 0;0,  0;0,  0> +
        (-0.0014548,-0.0000423)|   3, 0, 2;0,  0;0,  0> +
        ( 0.0000559, 0.0010635)|   1, 0, 1;0,  0;0,  0> +
        (-0.0010572, 0.0000562)|   1, 1, 0;0,  0;0,  0> +
        ( 0.0000286, 0.0010357)|   0, 0, 3;0,  0;0,  0> +
        ( 0.0008123,-0.0000001)|   1, 2, 2;0,  0;0,  0> +
        ( 0.0007474,-0.0000000)|   0, 2, 2;0,  0;0,  0> +
        (-0.0000004,-0.0004203)|   0, 3, 3;0,  0;0,  0> +
        (-0.0000087,-0.0004127)|   0, 2, 3;0,  0;0,  0> +
        (-0.0003780, 0.0000063)|   0, 3, 2;0,  0;0,  0> +
        (-0.0003739,-0.0000044)|   0, 3, 0;0,  0;0,  0> +
        (-0.0000261,-0.0002540)|   0, 2, 1;0,  0;0,  0> +
        ( 0.0002466, 0.0000003)|   0, 2, 0;0,  0;0,  0> +
        (-0.0002466,-0.0000003)|   0, 0, 2;0,  0;0,  0> +
        (-0.0001101, 0.0000299)|   2, 2, 0;0,  0;0,  0> +
        (-0.0000915,-0.0000160)|   2, 2, 2;0,  0;0,  0> +
        ( 0.0000001,-0.0000588)|   0, 3, 1;0,  0;0,  0> +
        (-0.0000431, 0.0000306)|   0, 1, 2;0,  0;0,  0> +
        (-0.0000482,-0.0000003)|   6, 0, 0;0,  0;0,  0> +
        ( 0.0000032, 0.0000480)|   2, 0, 1;1,  0;0,  0> +
        (-0.0000032,-0.0000480)|   2, 0, 1;0,  0;1,  0> +
        (-0.0000448, 0.0000033)|   2, 1, 0;1,  0;0,  0> +
        ( 0.0000448,-0.0000033)|   2, 1, 0;0,  0;1,  0> +
        (-0.0000151,-0.0000298)|   2, 0, 2;0,  0;0,  0> +
        ( 0.0000003,-0.0000307)|   1, 0, 3;0,  0;0,  0> +
        (-0.0000237, 0.0000000)|   1, 3, 0;0,  0;0,  0> +
        (-0.0000184,-0.0000004)|   1, 1, 2;0,  0;0,  0> +
        ( 0.0000007,-0.0000168)|   1, 2, 1;0,  0;0,  0> +
        ( 0.0000070,-0.0000000)|   4, 0, 2;0,  0;0,  0> +
        ( 0.0000070, 0.0000000)|   4, 2, 0;0,  0;0,  0> +
        (-0.0000003,-0.0000068)|   3, 0, 1;0,  0;0,  0> +
        (-0.0000063,-0.0000004)|   3, 1, 0;0,  0;0,  0> +
        ( 0.0000001,-0.0000060)|   0, 1, 3;0,  0;0,  0> +
        (-0.0000011,-0.0000000)|   5, 0, 0;0,  0;1,  0> +
        ( 0.0000011, 0.0000000)|   5, 0, 0;1,  0;0,  0> +
         ...
 |14> = (-0.9951012,-0.0979982)|   8, 0, 0;0,  0;0,  0> +
        (-0.0067446,-0.0044271)|   4, 1, 0;0,  0;0,  0> +
        (-0.0044273, 0.0066827)|   4, 0, 1;0,  0;0,  0> +
        (-0.0000831, 0.0025196)|   2, 3, 1;0,  0;0,  0> +
        ( 0.0023231,-0.0000125)|   4, 0, 2;0,  0;0,  0> +
        ( 0.0018186, 0.0000124)|   4, 2, 0;0,  0;0,  0> +
        (-0.0000814, 0.0017575)|   2, 1, 3;0,  0;0,  0> +
        (-0.0000944,-0.0016260)|   0, 2, 1;0,  0;0,  0> +
        ( 0.0012848, 0.0005744)|   1, 3, 0;0,  0;0,  0> +
        ( 0.0000499, 0.0013490)|   1, 1, 1;0,  0;0,  0> +
        (-0.0013196, 0.0000001)|   4, 2, 2;0,  0;0,  0> +
        ( 0.0012310,-0.0001031)|   0, 3, 0;0,  0;0,  0> +
        ( 0.0000105, 0.0012242)|   2, 1, 1;0,  0;0,  0> +
        (-0.0003447, 0.0009977)|   0, 1, 3;0,  0;0,  0> +
        ( 0.0000432,-0.0009860)|   3, 0, 3;0,  0;0,  0> +
        (-0.0009495, 0.0000001)|   2, 2, 2;0,  0;0,  0> +
        (-0.0009394,-0.0000400)|   2, 3, 0;0,  0;0,  0> +
        (-0.0008998, 0.0000605)|   3, 3, 0;0,  0;0,  0> +
        (-0.0008874, 0.0000408)|   2, 1, 2;0,  0;0,  0> +
        ( 0.0008259,-0.0001010)|   0, 1, 2;0,  0;0,  0> +
        (-0.0001070,-0.0007684)|   0, 0, 3;0,  0;0,  0> +
        ( 0.0007569,-0.0000034)|   1, 3, 2;0,  0;0,  0> +
        (-0.0000002, 0.0007076)|   2, 3, 3;0,  0;0,  0> +
        ( 0.0006572,-0.0000168)|   3, 3, 2;0,  0;0,  0> +
        (-0.0000169, 0.0006344)|   3, 2, 3;0,  0;0,  0> +
        (-0.0006162,-0.0000419)|   3, 1, 2;0,  0;0,  0> +
        (-0.0003579, 0.0004874)|   1, 3, 1;0,  0;0,  0> +
        ( 0.0005994, 0.0000248)|   5, 1, 0;0,  0;0,  0> +
        ( 0.0005724, 0.0001413)|   1, 2, 1;0,  0;0,  0> +
        ( 0.0005601, 0.0001602)|   1, 1, 2;0,  0;0,  0> +
        (-0.0005763, 0.0000000)|   3, 2, 2;0,  0;0,  0> +
        (-0.0000039, 0.0005178)|   0, 2, 3;0,  0;0,  0> +
        (-0.0000000, 0.0004996)|   1, 3, 3;0,  0;0,  0> +
        ( 0.0000191,-0.0004924)|   3, 2, 1;0,  0;0,  0> +
        ( 0.0000052,-0.0004211)|   2, 2, 3;0,  0;0,  0> +
        (-0.0000428,-0.0004140)|   5, 0, 1;0,  0;0,  0> +
        (-0.0000000, 0.0003977)|   4, 3, 3;0,  0;0,  0> +
        ( 0.0003364, 0.0000412)|   1, 0, 3;0,  0;0,  0> +
        (-0.0003333,-0.0000037)|   0, 3, 2;0,  0;0,  0> +
        (-0.0002596, 0.0000057)|   2, 3, 2;0,  0;0,  0> +
        (-0.0000002,-0.0002102)|   3, 3, 3;0,  0;0,  0> +
        (-0.0000035, 0.0001822)|   1, 2, 3;0,  0;0,  0> +
        ( 0.0000412, 0.0001691)|   5, 3, 3;0,  0;0,  0> +
        ( 0.0000499,-0.0001486)|   0, 3, 1;0,  0;0,  0> +
        (-0.0000275,-0.0001494)|   2, 0, 3;0,  0;0,  0> +
        (-0.0000000,-0.0001310)|   0, 3, 3;0,  0;0,  0> +
        (-0.0000659,-0.0000001)|   1, 2, 2;0,  0;0,  0> +
        ( 0.0000655, 0.0000064)|   8, 0, 0;1,  0;0,  0> +
        (-0.0000655,-0.0000064)|   8, 0, 0;0,  0;1,  0> +
        ( 0.0000519,-0.0000101)|   4, 3, 2;0,  0;0,  0> +
        ( 0.0000092, 0.0000462)|   4, 2, 3;0,  0;0,  0> +
        ( 0.0000211, 0.0000276)|   2, 2, 1;0,  0;0,  0> +
        (-0.0000299, 0.0000003)|   3, 0, 2;0,  0;0,  0> +
        ( 0.0000268,-0.0000003)|   3, 2, 0;0,  0;0,  0> +
        ( 0.0000031,-0.0000128)|   1, 1, 3;0,  0;0,  0> +
        (-0.0000106, 0.0000026)|   5, 0, 2;0,  0;0,  0> +
        ( 0.0000107,-0.0000007)|   5, 2, 2;0,  0;0,  0> +
        ( 0.0000081, 0.0000003)|   6, 0, 0;0,  0;0,  0> +
        ( 0.0000047, 0.0000049)|   7, 0, 0;0,  0;0,  0> +
        (-0.0000035, 0.0000040)|   5, 2, 0;0,  0;0,  0> +
        (-0.0000000, 0.0000045)|   3, 1, 3;0,  0;0,  0> +
        ( 0.0000040, 0.0000002)|   6, 3, 3;0,  0;0,  0> +
        (-0.0000000, 0.0000036)|   4, 0, 3;0,  0;0,  0> +
        ( 0.0000033, 0.0000001)|   4, 3, 0;0,  0;0,  0> +
        (-0.0000027,-0.0000017)|   3, 0, 1;0,  0;0,  0> +
        ( 0.0000015,-0.0000028)|   3, 1, 0;0,  0;0,  0> +
        (-0.0000000,-0.0000028)|   3, 3, 1;0,  0;0,  0> +
        ( 0.0000001,-0.0000028)|   0, 1, 1;0,  0;0,  0> +
        (-0.0000001, 0.0000021)|   4, 2, 1;0,  0;0,  0> +
        (-0.0000000,-0.0000021)|   3, 1, 1;0,  0;0,  0> +
        ( 0.0000019, 0.0000000)|   4, 1, 2;0,  0;0,  0> +
        (-0.0000012,-0.0000001)|   5, 0, 0;0,  0;0,  0> +
        (-0.0000011,-0.0000000)|  10, 0, 0;0,  0;0,  0> +
         ...
 |15> = (-0.0000531,-0.7085364)|   3, 0, 1;0,  0;0,  0> +
        (-0.7055858, 0.0004888)|   3, 1, 0;0,  0;0,  0> +
        (-0.0000559,-0.0064490)|   2, 2, 0;0,  0;0,  0> +
        ( 0.0000553, 0.0064490)|   2, 0, 2;0,  0;0,  0> +
        (-0.0034111, 0.0000090)|   3, 0, 2;0,  0;0,  0> +
        ( 0.0029661,-0.0000050)|   3, 2, 0;0,  0;0,  0> +
        ( 0.0001318, 0.0023915)|   0, 0, 3;0,  0;0,  0> +
        ( 0.0000390,-0.0023127)|   0, 2, 1;0,  0;0,  0> +
        (-0.0016443, 0.0000461)|   0, 1, 2;0,  0;0,  0> +
        ( 0.0000004,-0.0014800)|   0, 3, 1;0,  0;0,  0> +
        ( 0.0010940, 0.0000066)|   6, 0, 0;0,  0;0,  0> +
        (-0.0010316, 0.0001276)|   0, 3, 0;0,  0;0,  0> +
        (-0.0000010, 0.0006849)|   1, 0, 3;0,  0;0,  0> +
        ( 0.0006759,-0.0000003)|   1, 3, 0;0,  0;0,  0> +
        (-0.0005539,-0.0000003)|   2, 2, 2;0,  0;0,  0> +
        (-0.0004936,-0.0000013)|   0, 3, 2;0,  0;0,  0> +
        (-0.0004353, 0.0000005)|   4, 0, 2;0,  0;0,  0> +
        ( 0.0000028, 0.0004175)|   1, 2, 1;0,  0;0,  0> +
        ( 0.0003992,-0.0000007)|   1, 1, 2;0,  0;0,  0> +
        (-0.0003762, 0.0000001)|   1, 2, 2;0,  0;0,  0> +
        (-0.0003451,-0.0000039)|   3, 2, 2;0,  0;0,  0> +
        (-0.0003205,-0.0000007)|   4, 2, 0;0,  0;0,  0> +
        (-0.0000006,-0.0002900)|   0, 2, 3;0,  0;0,  0> +
        ( 0.0000007,-0.0002170)|   0, 1, 3;0,  0;0,  0> +
        (-0.0000000, 0.0002038)|   0, 3, 3;0,  0;0,  0> +
        ( 0.0000000, 0.0000466)|   3, 0, 1;1,  0;0,  0> +
        (-0.0000000,-0.0000466)|   3, 0, 1;0,  0;1,  0> +
        (-0.0000464, 0.0000000)|   3, 1, 0;0,  0;1,  0> +
        ( 0.0000464,-0.0000000)|   3, 1, 0;1,  0;0,  0> +
        ( 0.0000025,-0.0000424)|   0, 1, 1;0,  0;0,  0> +
        ( 0.0000287,-0.0000000)|   0, 2, 2;0,  0;0,  0> +
        (-0.0000287, 0.0000001)|   2, 3, 0;0,  0;0,  0> +
        ( 0.0000266, 0.0000006)|   5, 0, 0;0,  0;0,  0> +
        (-0.0000001,-0.0000216)|   2, 0, 3;0,  0;0,  0> +
        (-0.0000143, 0.0000000)|   2, 1, 2;0,  0;0,  0> +
        ( 0.0000004, 0.0000132)|   1, 1, 1;0,  0;0,  0> +
        (-0.0000000,-0.0000131)|   2, 2, 1;0,  0;0,  0> +
        (-0.0000100,-0.0000001)|   2, 1, 0;0,  0;0,  0> +
        ( 0.0000007, 0.0000088)|   2, 0, 1;0,  0;0,  0> +
        ( 0.0000068, 0.0000001)|   4, 1, 0;0,  0;0,  0> +
        ( 0.0000003, 0.0000060)|   4, 0, 1;0,  0;0,  0> +
        ( 0.0000022, 0.0000000)|   1, 0, 2;0,  0;0,  0> +
        (-0.0000022,-0.0000000)|   1, 2, 0;0,  0;0,  0> +
        ( 0.0000000, 0.0000012)|   1, 3, 3;0,  0;0,  0> +
        ( 0.0000011, 0.0000001)|   5, 1, 0;0,  0;0,  0> +
         ...
 |16> = (-0.4388672, 0.5561626)|   3, 1, 0;0,  0;0,  0> +
        ( 0.5535767, 0.4373719)|   3, 0, 1;0,  0;0,  0> +
        ( 0.0118276,-0.0002467)|   4, 1, 0;0,  0;0,  0> +
        ( 0.0002556, 0.0117101)|   4, 0, 1;0,  0;0,  0> +
        ( 0.0001533, 0.0030778)|   0, 0, 3;0,  0;0,  0> +
        ( 0.0009113,-0.0028894)|   0, 1, 3;0,  0;0,  0> +
        (-0.0025323,-0.0000359)|   7, 0, 0;0,  0;0,  0> +
        (-0.0000102,-0.0021652)|   1, 1, 3;0,  0;0,  0> +
        (-0.0021314, 0.0000540)|   0, 1, 2;0,  0;0,  0> +
        ( 0.0020598, 0.0000522)|   4, 2, 0;0,  0;0,  0> +
        ( 0.0000575,-0.0018120)|   0, 2, 1;0,  0;0,  0> +
        ( 0.0000137, 0.0015514)|   2, 2, 0;0,  0;0,  0> +
        (-0.0000145,-0.0015513)|   2, 0, 2;0,  0;0,  0> +
        (-0.0000589, 0.0014527)|   1, 1, 1;0,  0;0,  0> +
        (-0.0013782,-0.0000141)|   4, 2, 2;0,  0;0,  0> +
        (-0.0013683, 0.0000169)|   3, 2, 0;0,  0;0,  0> +
        ( 0.0012734,-0.0000398)|   4, 0, 2;0,  0;0,  0> +
        (-0.0001305,-0.0011726)|   0, 3, 1;0,  0;0,  0> +
        ( 0.0000328, 0.0011757)|   1, 2, 1;0,  0;0,  0> +
        (-0.0009103, 0.0000019)|   0, 3, 2;0,  0;0,  0> +
        ( 0.0005902,-0.0000721)|   1, 3, 0;0,  0;0,  0> +
        ( 0.0005637, 0.0000660)|   1, 1, 2;0,  0;0,  0> +
        (-0.0000354,-0.0005365)|   1, 0, 3;0,  0;0,  0> +
        ( 0.0005345,-0.0000000)|   2, 2, 2;0,  0;0,  0> +
        ( 0.0005181,-0.0000000)|   1, 2, 2;0,  0;0,  0> +
        (-0.0004404, 0.0001553)|   0, 3, 0;0,  0;0,  0> +
        (-0.0000159,-0.0003732)|   2, 3, 3;0,  0;0,  0> +
        ( 0.0003492,-0.0000041)|   3, 2, 2;0,  0;0,  0> +
        (-0.0002520, 0.0000303)|   1, 3, 2;0,  0;0,  0> +
        ( 0.0002397, 0.0000015)|   2, 3, 2;0,  0;0,  0> +
        (-0.0000000, 0.0002268)|   2, 2, 3;0,  0;0,  0> +
        ( 0.0000019, 0.0002237)|   0, 2, 3;0,  0;0,  0> +
        ( 0.0000460, 0.0001932)|   6, 0, 0;0,  0;0,  0> +
        ( 0.0000142,-0.0001710)|   1, 2, 3;0,  0;0,  0> +
        (-0.0000000,-0.0001486)|   0, 3, 3;0,  0;0,  0> +
        ( 0.0001213,-0.0000165)|   3, 0, 2;0,  0;0,  0> +
        (-0.0000081, 0.0001066)|   1, 3, 3;0,  0;0,  0> +
        (-0.0000289, 0.0000366)|   3, 1, 0;0,  0;1,  0> +
        ( 0.0000289,-0.0000366)|   3, 1, 0;1,  0;0,  0> +
        (-0.0000364,-0.0000288)|   3, 0, 1;1,  0;0,  0> +
        ( 0.0000364, 0.0000288)|   3, 0, 1;0,  0;1,  0> +
        ( 0.0000018,-0.0000450)|   2, 2, 1;0,  0;0,  0> +
        (-0.0000006, 0.0000314)|   0, 1, 1;0,  0;0,  0> +
        ( 0.0000037,-0.0000311)|   1, 3, 1;0,  0;0,  0> +
        (-0.0000146, 0.0000251)|   2, 3, 0;0,  0;0,  0> +
        ( 0.0000265,-0.0000015)|   2, 1, 2;0,  0;0,  0> +
        ( 0.0000253, 0.0000055)|   2, 0, 3;0,  0;0,  0> +
        (-0.0000060, 0.0000005)|   2, 1, 0;0,  0;0,  0> +
        ( 0.0000001,-0.0000055)|   2, 3, 1;0,  0;0,  0> +
        (-0.0000001, 0.0000044)|   2, 1, 3;0,  0;0,  0> +
        ( 0.0000033, 0.0000001)|   5, 0, 0;0,  0;0,  0> +
        ( 0.0000004, 0.0000026)|   2, 0, 1;0,  0;0,  0> +
        ( 0.0000000,-0.0000023)|   3, 3, 3;0,  0;0,  0> +
        (-0.0000011,-0.0000002)|   5, 1, 0;0,  0;0,  0> +
         ...
 |17> = (-0.7093942,-0.0007814)|   4, 1, 0;0,  0;0,  0> +
        (-0.0025016,-0.7043659)|   4, 0, 1;0,  0;0,  0> +
        (-0.0075375, 0.0091168)|   3, 1, 0;0,  0;0,  0> +
        ( 0.0090743, 0.0074265)|   3, 0, 1;0,  0;0,  0> +
        (-0.0003579,-0.0106247)|   1, 1, 1;0,  0;0,  0> +
        ( 0.0078035,-0.0000194)|   3, 0, 2;0,  0;0,  0> +
        (-0.0073669, 0.0000181)|   3, 2, 0;0,  0;0,  0> +
        (-0.0064247, 0.0000570)|   4, 2, 0;0,  0;0,  0> +
        (-0.0063423,-0.0000875)|   7, 0, 0;0,  0;0,  0> +
        (-0.0026412, 0.0000512)|   0, 3, 0;0,  0;0,  0> +
        ( 0.0000693, 0.0024653)|   0, 2, 1;0,  0;0,  0> +
        (-0.0017673,-0.0000602)|   4, 0, 2;0,  0;0,  0> +
        ( 0.0017043, 0.0001356)|   0, 1, 2;0,  0;0,  0> +
        (-0.0000438,-0.0016611)|   1, 1, 3;0,  0;0,  0> +
        (-0.0000770,-0.0016001)|   1, 0, 3;0,  0;0,  0> +
        ( 0.0012418,-0.0000001)|   3, 2, 2;0,  0;0,  0> +
        (-0.0011832,-0.0001173)|   1, 3, 0;0,  0;0,  0> +
        ( 0.0010211,-0.0000045)|   2, 3, 0;0,  0;0,  0> +
        ( 0.0000272, 0.0010098)|   0, 3, 1;0,  0;0,  0> +
        (-0.0009897,-0.0000001)|   2, 2, 2;0,  0;0,  0> +
        (-0.0000169, 0.0008741)|   2, 0, 3;0,  0;0,  0> +
        (-0.0001917, 0.0007878)|   0, 1, 3;0,  0;0,  0> +
        (-0.0000002,-0.0007813)|   1, 3, 3;0,  0;0,  0> +
        ( 0.0006258, 0.0000002)|   1, 2, 2;0,  0;0,  0> +
        ( 0.0005828,-0.0000063)|   2, 1, 2;0,  0;0,  0> +
        (-0.0000000,-0.0005223)|   0, 3, 3;0,  0;0,  0> +
        ( 0.0000142, 0.0005141)|   2, 2, 1;0,  0;0,  0> +
        ( 0.0000028,-0.0004659)|   2, 3, 3;0,  0;0,  0> +
        (-0.0002666, 0.0000504)|   1, 1, 2;0,  0;0,  0> +
        ( 0.0000001, 0.0002653)|   2, 0, 2;0,  0;0,  0> +
        (-0.0000001,-0.0002653)|   2, 2, 0;0,  0;0,  0> +
        ( 0.0000897, 0.0002308)|   0, 0, 3;0,  0;0,  0> +
        ( 0.0002416, 0.0000011)|   4, 2, 2;0,  0;0,  0> +
        (-0.0002346,-0.0000227)|   1, 3, 2;0,  0;0,  0> +
        (-0.0000229,-0.0001998)|   1, 2, 3;0,  0;0,  0> +
        (-0.0000206, 0.0001869)|   1, 2, 1;0,  0;0,  0> +
        (-0.0000093,-0.0001632)|   2, 2, 3;0,  0;0,  0> +
        ( 0.0000006,-0.0001136)|   0, 2, 3;0,  0;0,  0> +
        (-0.0000968, 0.0000011)|   2, 3, 2;0,  0;0,  0> +
        ( 0.0000513, 0.0000050)|   8, 0, 0;0,  0;0,  0> +
        (-0.0000467,-0.0000001)|   4, 1, 0;0,  0;1,  0> +
        ( 0.0000467, 0.0000001)|   4, 1, 0;1,  0;0,  0> +
        (-0.0000002,-0.0000463)|   4, 0, 1;0,  0;1,  0> +
        ( 0.0000002, 0.0000463)|   4, 0, 1;1,  0;0,  0> +
        ( 0.0000041,-0.0000295)|   1, 3, 1;0,  0;0,  0> +
        (-0.0000001,-0.0000205)|   0, 1, 1;0,  0;0,  0> +
        (-0.0000001,-0.0000163)|   2, 1, 1;0,  0;0,  0> +
        (-0.0000116, 0.0000032)|   6, 0, 0;0,  0;0,  0> +
        (-0.0000002,-0.0000063)|   2, 3, 1;0,  0;0,  0> +
        (-0.0000001,-0.0000043)|   3, 3, 3;0,  0;0,  0> +
        ( 0.0000001, 0.0000042)|   2, 1, 3;0,  0;0,  0> +
        (-0.0000036, 0.0000000)|   5, 0, 0;0,  0;0,  0> +
        ( 0.0000035, 0.0000005)|   0, 3, 2;0,  0;0,  0> +
        ( 0.0000001, 0.0000026)|   2, 0, 1;0,  0;0,  0> +
        ( 0.0000019, 0.0000001)|   2, 1, 0;0,  0;0,  0> +
        ( 0.0000000,-0.0000017)|   4, 3, 3;0,  0;0,  0> +
        (-0.0000015,-0.0000003)|   5, 1, 0;0,  0;0,  0> +
         ...
 |18> = ( 0.9966486,-0.0815286)|   9, 0, 0;0,  0;0,  0> +
        ( 0.0004693,-0.0029246)|   5, 0, 1;0,  0;0,  0> +
        ( 0.0028084,-0.0001490)|   1, 1, 2;0,  0;0,  0> +
        (-0.0019766,-0.0005981)|   5, 1, 0;0,  0;0,  0> +
        (-0.0000148, 0.0019465)|   3, 0, 3;0,  0;0,  0> +
        (-0.0001968, 0.0018010)|   2, 0, 3;0,  0;0,  0> +
        (-0.0014277, 0.0000245)|   5, 2, 0;0,  0;0,  0> +
        ( 0.0001543,-0.0014082)|   1, 0, 3;0,  0;0,  0> +
        (-0.0012865, 0.0000123)|   5, 3, 2;0,  0;0,  0> +
        ( 0.0012800,-0.0000144)|   4, 3, 2;0,  0;0,  0> +
        (-0.0000118,-0.0011780)|   5, 2, 3;0,  0;0,  0> +
        (-0.0009618,-0.0001534)|   2, 3, 0;0,  0;0,  0> +
        (-0.0000222,-0.0008701)|   0, 3, 1;0,  0;0,  0> +
        (-0.0008488, 0.0000063)|   1, 3, 2;0,  0;0,  0> +
        ( 0.0007239, 0.0001206)|   2, 1, 2;0,  0;0,  0> +
        (-0.0006886, 0.0000312)|   4, 0, 2;0,  0;0,  0> +
        ( 0.0006696,-0.0000312)|   4, 2, 0;0,  0;0,  0> +
        ( 0.0001543,-0.0005824)|   0, 1, 3;0,  0;0,  0> +
        ( 0.0000004,-0.0005863)|   4, 3, 3;0,  0;0,  0> +
        (-0.0005685,-0.0000100)|   2, 3, 2;0,  0;0,  0> +
        ( 0.0000780, 0.0005615)|   6, 0, 1;0,  0;0,  0> +
        ( 0.0001875, 0.0005122)|   5, 3, 3;0,  0;0,  0> +
        (-0.0005347,-0.0000112)|   6, 2, 2;0,  0;0,  0> +
        ( 0.0005227,-0.0000439)|   3, 3, 0;0,  0;0,  0> +
        ( 0.0002275, 0.0004630)|   1, 2, 1;0,  0;0,  0> +
        (-0.0003477, 0.0003710)|   1, 3, 0;0,  0;0,  0> +
        (-0.0004972, 0.0000021)|   5, 2, 2;0,  0;0,  0> +
        ( 0.0001978, 0.0004502)|   2, 2, 1;0,  0;0,  0> +
        ( 0.0004882, 0.0000112)|   4, 3, 0;0,  0;0,  0> +
        ( 0.0000000,-0.0004449)|   0, 3, 3;0,  0;0,  0> +
        ( 0.0004438,-0.0000003)|   4, 2, 2;0,  0;0,  0> +
        (-0.0004131, 0.0001410)|   7, 3, 3;0,  0;0,  0> +
        ( 0.0000093,-0.0004354)|   4, 1, 1;0,  0;0,  0> +
        (-0.0000044, 0.0004321)|   4, 0, 3;0,  0;0,  0> +
        (-0.0000030, 0.0004283)|   3, 1, 3;0,  0;0,  0> +
        (-0.0000438, 0.0004111)|   3, 2, 1;0,  0;0,  0> +
        (-0.0000078,-0.0003742)|   3, 1, 1;0,  0;0,  0> +
        (-0.0003029, 0.0001464)|   8, 3, 3;0,  0;0,  0> +
        ( 0.0000062, 0.0003106)|   1, 2, 3;0,  0;0,  0> +
        (-0.0003003,-0.0000014)|   3, 3, 2;0,  0;0,  0> +
        ( 0.0000097,-0.0002980)|   3, 3, 1;0,  0;0,  0> +
        ( 0.0000145, 0.0002967)|   4, 1, 3;0,  0;0,  0> +
        ( 0.0002851,-0.0000075)|   3, 1, 2;0,  0;0,  0> +
        ( 0.0000068, 0.0002827)|   4, 2, 1;0,  0;0,  0> +
        (-0.0002743,-0.0000335)|   5, 0, 2;0,  0;0,  0> +
        ( 0.0002704,-0.0000184)|   4, 1, 2;0,  0;0,  0> +
        (-0.0000101,-0.0002489)|   2, 2, 3;0,  0;0,  0> +
        ( 0.0000023, 0.0002141)|   1, 1, 3;0,  0;0,  0> +
        ( 0.0001904,-0.0000000)|   3, 2, 2;0,  0;0,  0> +
        (-0.0001788,-0.0000010)|   0, 3, 2;0,  0;0,  0> +
        ( 0.0001744,-0.0000199)|   6, 3, 3;0,  0;0,  0> +
        ( 0.0000000, 0.0001562)|   2, 3, 3;0,  0;0,  0> +
        (-0.0000045, 0.0001355)|   2, 1, 3;0,  0;0,  0> +
        ( 0.0001295,-0.0000000)|   2, 2, 2;0,  0;0,  0> +
        (-0.0001238,-0.0000191)|   6, 1, 0;0,  0;0,  0> +
        ( 0.0000519,-0.0000630)|   1, 3, 1;0,  0;0,  0> +
        (-0.0000000, 0.0000801)|   1, 3, 3;0,  0;0,  0> +
        (-0.0000001, 0.0000724)|   3, 3, 3;0,  0;0,  0> +
        ( 0.0000656,-0.0000054)|   9, 0, 0;0,  0;1,  0> +
        (-0.0000656, 0.0000054)|   9, 0, 0;1,  0;0,  0> +
        (-0.0000010, 0.0000469)|   0, 2, 3;0,  0;0,  0> +
        (-0.0000013,-0.0000462)|   3, 2, 3;0,  0;0,  0> +
        ( 0.0000289,-0.0000343)|   4, 3, 1;0,  0;0,  0> +
        (-0.0000041, 0.0000378)|   2, 3, 1;0,  0;0,  0> +
        (-0.0000142,-0.0000210)|   4, 2, 3;0,  0;0,  0> +
        (-0.0000195, 0.0000002)|   6, 3, 2;0,  0;0,  0> +
        (-0.0000002,-0.0000185)|   6, 2, 3;0,  0;0,  0> +
        ( 0.0000002, 0.0000175)|   0, 2, 1;0,  0;0,  0> +
        (-0.0000005,-0.0000160)|   2, 1, 1;0,  0;0,  0> +
        (-0.0000100, 0.0000006)|   0, 3, 0;0,  0;0,  0> +
        ( 0.0000095,-0.0000028)|   9, 3, 3;0,  0;0,  0> +
        (-0.0000091, 0.0000006)|   0, 1, 2;0,  0;0,  0> +
        ( 0.0000008, 0.0000051)|   0, 0, 3;0,  0;0,  0> +
        ( 0.0000002, 0.0000047)|   1, 1, 1;0,  0;0,  0> +
        ( 0.0000030,-0.0000027)|   3, 1, 0;0,  0;0,  0> +
        (-0.0000029,-0.0000005)|   8, 0, 0;0,  0;0,  0> +
        (-0.0000027,-0.0000009)|   3, 0, 1;0,  0;0,  0> +
        (-0.0000024,-0.0000009)|   4, 1, 0;0,  0;0,  0> +
        ( 0.0000016,-0.0000001)|   7, 0, 0;0,  0;0,  0> +
        ( 0.0000010, 0.0000000)|   5, 0, 0;0,  0;0,  0> +
         ...
 |19> = ( 0.3892441,-0.5932677)|   4, 0, 1;0,  0;0,  0> +
        ( 0.5872447, 0.3892254)|   4, 1, 0;0,  0;0,  0> +
        (-0.0113096,-0.0011138)|   8, 0, 0;0,  0;0,  0> +
        ( 0.0034155,-0.0001083)|   4, 0, 2;0,  0;0,  0> +
        (-0.0000219, 0.0023893)|   1, 1, 1;0,  0;0,  0> +
        ( 0.0001142, 0.0023353)|   0, 2, 1;0,  0;0,  0> +
        (-0.0018081, 0.0001205)|   2, 1, 2;0,  0;0,  0> +
        (-0.0001220,-0.0016585)|   1, 0, 3;0,  0;0,  0> +
        ( 0.0001185, 0.0014218)|   1, 2, 1;0,  0;0,  0> +
        (-0.0000437, 0.0012106)|   2, 2, 3;0,  0;0,  0> +
        (-0.0011727, 0.0001065)|   0, 1, 2;0,  0;0,  0> +
        ( 0.0011262, 0.0000936)|   1, 1, 2;0,  0;0,  0> +
        (-0.0009645,-0.0004545)|   7, 0, 0;0,  0;0,  0> +
        (-0.0010443, 0.0001068)|   0, 3, 0;0,  0;0,  0> +
        ( 0.0000041,-0.0010408)|   1, 2, 3;0,  0;0,  0> +
        (-0.0009017,-0.0000078)|   0, 3, 2;0,  0;0,  0> +
        (-0.0003108, 0.0007850)|   0, 1, 3;0,  0;0,  0> +
        (-0.0000077, 0.0008332)|   0, 2, 3;0,  0;0,  0> +
        ( 0.0006529,-0.0000001)|   2, 2, 2;0,  0;0,  0> +
        (-0.0000001,-0.0005734)|   1, 3, 3;0,  0;0,  0> +
        ( 0.0000318, 0.0005467)|   2, 1, 1;0,  0;0,  0> +
        (-0.0000041,-0.0004955)|   2, 2, 1;0,  0;0,  0> +
        (-0.0000026, 0.0004942)|   4, 3, 3;0,  0;0,  0> +
        (-0.0004857,-0.0000055)|   2, 3, 0;0,  0;0,  0> +
        ( 0.0000449,-0.0004431)|   0, 3, 1;0,  0;0,  0> +
        ( 0.0004370,-0.0000012)|   3, 0, 2;0,  0;0,  0> +
        (-0.0004304, 0.0000014)|   3, 2, 0;0,  0;0,  0> +
        ( 0.0000000,-0.0004164)|   0, 3, 3;0,  0;0,  0> +
        ( 0.0001025, 0.0003716)|   0, 0, 3;0,  0;0,  0> +
        (-0.0003813, 0.0000038)|   1, 3, 2;0,  0;0,  0> +
        (-0.0003282,-0.0000072)|   4, 2, 2;0,  0;0,  0> +
        ( 0.0000019, 0.0003230)|   2, 3, 3;0,  0;0,  0> +
        ( 0.0001592, 0.0000000)|   1, 2, 2;0,  0;0,  0> +
        (-0.0000009, 0.0001249)|   2, 1, 3;0,  0;0,  0> +
        (-0.0001236,-0.0000000)|   3, 2, 2;0,  0;0,  0> +
        (-0.0000542,-0.0001049)|   1, 3, 0;0,  0;0,  0> +
        (-0.0000102, 0.0001086)|   4, 2, 0;0,  0;0,  0> +
        ( 0.0000234,-0.0000982)|   2, 3, 1;0,  0;0,  0> +
        ( 0.0000287,-0.0000879)|   2, 3, 2;0,  0;0,  0> +
        ( 0.0000609,-0.0000151)|   2, 0, 3;0,  0;0,  0> +
        ( 0.0000113, 0.0000608)|   3, 3, 3;0,  0;0,  0> +
        ( 0.0000234, 0.0000527)|   1, 1, 3;0,  0;0,  0> +
        (-0.0000256, 0.0000390)|   4, 0, 1;1,  0;0,  0> +
        ( 0.0000256,-0.0000390)|   4, 0, 1;0,  0;1,  0> +
        ( 0.0000386, 0.0000256)|   4, 1, 0;0,  0;1,  0> +
        (-0.0000386,-0.0000256)|   4, 1, 0;1,  0;0,  0> +
        ( 0.0000085,-0.0000328)|   3, 0, 1;0,  0;0,  0> +
        ( 0.0000254, 0.0000086)|   3, 1, 0;0,  0;0,  0> +
        ( 0.0000165,-0.0000047)|   3, 3, 0;0,  0;0,  0> +
        (-0.0000107, 0.0000113)|   1, 3, 1;0,  0;0,  0> +
        ( 0.0000073, 0.0000041)|   3, 0, 3;0,  0;0,  0> +
        ( 0.0000001, 0.0000079)|   3, 2, 3;0,  0;0,  0> +
        ( 0.0000067,-0.0000006)|   3, 3, 2;0,  0;0,  0> +
        ( 0.0000065, 0.0000001)|   5, 1, 0;0,  0;0,  0> +
        ( 0.0000042,-0.0000038)|   3, 1, 2;0,  0;0,  0> +
        (-0.0000006,-0.0000048)|   5, 0, 1;0,  0;0,  0> +
        ( 0.0000024, 0.0000036)|   3, 2, 1;0,  0;0,  0> +
        (-0.0000001, 0.0000024)|   0, 1, 1;0,  0;0,  0> +
        ( 0.0000005, 0.0000019)|   5, 3, 3;0,  0;0,  0> +
        (-0.0000010, 0.0000001)|   2, 1, 0;0,  0;0,  0> +
         ...
 |20> = ( 0.9995614, 0.0274414)|  10, 0, 0;0,  0;0,  0> +
        ( 0.0045706,-0.0000334)|   5, 0, 2;0,  0;0,  0> +
        ( 0.0000205,-0.0039126)|   4, 1, 1;0,  0;0,  0> +
        (-0.0035136, 0.0000068)|   5, 2, 0;0,  0;0,  0> +
        (-0.0026494,-0.0018770)|   4, 3, 1;0,  0;0,  0> +
        (-0.0032039, 0.0003058)|   3, 1, 2;0,  0;0,  0> +
        (-0.0028987, 0.0000859)|   2, 1, 2;0,  0;0,  0> +
        ( 0.0027408, 0.0001049)|   6, 2, 0;0,  0;0,  0> +
        (-0.0017608,-0.0000132)|   4, 1, 2;0,  0;0,  0> +
        ( 0.0017448, 0.0000089)|   1, 1, 2;0,  0;0,  0> +
        ( 0.0016536, 0.0000167)|   2, 3, 0;0,  0;0,  0> +
        (-0.0002176,-0.0016199)|   2, 2, 1;0,  0;0,  0> +
        ( 0.0006919,-0.0012181)|   1, 2, 1;0,  0;0,  0> +
        ( 0.0002606,-0.0013632)|   3, 2, 1;0,  0;0,  0> +
        ( 0.0000545,-0.0013858)|   3, 3, 1;0,  0;0,  0> +
        (-0.0013692,-0.0000142)|   3, 3, 2;0,  0;0,  0> +
        (-0.0000159,-0.0012171)|   4, 2, 3;0,  0;0,  0> +
        ( 0.0011338, 0.0000058)|   4, 3, 0;0,  0;0,  0> +
        ( 0.0002507, 0.0009839)|   1, 3, 0;0,  0;0,  0> +
        ( 0.0000724,-0.0010010)|   5, 2, 3;0,  0;0,  0> +
        (-0.0000030, 0.0010006)|   4, 2, 1;0,  0;0,  0> +
        (-0.0000141, 0.0009906)|   3, 2, 3;0,  0;0,  0> +
        ( 0.0009302, 0.0000202)|   6, 0, 2;0,  0;0,  0> +
        (-0.0009268, 0.0000147)|   7, 2, 2;0,  0;0,  0> +
        (-0.0000000, 0.0008965)|   3, 0, 3;0,  0;0,  0> +
        ( 0.0008679, 0.0000009)|   6, 3, 2;0,  0;0,  0> +
        (-0.0008431, 0.0000963)|   6, 3, 3;0,  0;0,  0> +
        ( 0.0005907,-0.0005534)|   1, 0, 3;0,  0;0,  0> +
        ( 0.0000387,-0.0007871)|   2, 3, 1;0,  0;0,  0> +
        (-0.0007866, 0.0000035)|   5, 2, 2;0,  0;0,  0> +
        ( 0.0000391,-0.0007815)|   2, 1, 3;0,  0;0,  0> +
        ( 0.0004305,-0.0005527)|   1, 3, 1;0,  0;0,  0> +
        (-0.0006867, 0.0001329)|   4, 1, 3;0,  0;0,  0> +
        (-0.0000139,-0.0006793)|   1, 1, 3;0,  0;0,  0> +
        (-0.0006593, 0.0000820)|   7, 1, 0;0,  0;0,  0> +
        ( 0.0000016,-0.0006229)|   7, 2, 3;0,  0;0,  0> +
        ( 0.0006187,-0.0000234)|   3, 3, 0;0,  0;0,  0> +
        ( 0.0000095, 0.0006159)|   3, 1, 3;0,  0;0,  0> +
        ( 0.0000114, 0.0005663)|   3, 1, 1;0,  0;0,  0> +
        (-0.0000099, 0.0004913)|   6, 0, 1;0,  0;0,  0> +
        ( 0.0004698, 0.0000046)|   6, 1, 0;0,  0;0,  0> +
        (-0.0004655,-0.0000146)|   2, 3, 2;0,  0;0,  0> +
        (-0.0001545, 0.0004190)|   0, 1, 3;0,  0;0,  0> +
        ( 0.0004229, 0.0000066)|   6, 2, 2;0,  0;0,  0> +
        ( 0.0001941, 0.0003481)|   2, 0, 3;0,  0;0,  0> +
        ( 0.0003424, 0.0000717)|   5, 3, 2;0,  0;0,  0> +
        ( 0.0000009,-0.0003363)|   0, 2, 3;0,  0;0,  0> +
        ( 0.0003312, 0.0000000)|   3, 2, 2;0,  0;0,  0> +
        (-0.0003284, 0.0000010)|   7, 3, 2;0,  0;0,  0> +
        (-0.0000000,-0.0003194)|   0, 3, 3;0,  0;0,  0> +
        ( 0.0003119,-0.0000008)|   1, 3, 2;0,  0;0,  0> +
        ( 0.0000002,-0.0003000)|   4, 3, 3;0,  0;0,  0> +
        ( 0.0000226,-0.0002694)|   0, 3, 1;0,  0;0,  0> +
        (-0.0000006, 0.0002549)|   6, 2, 3;0,  0;0,  0> +
        ( 0.0000201, 0.0002317)|   7, 0, 1;0,  0;0,  0> +
        ( 0.0002248,-0.0000160)|   4, 3, 2;0,  0;0,  0> +
        ( 0.0001652,-0.0000479)|  11, 3, 3;0,  0;0,  0> +
        ( 0.0001585,-0.0000541)|   7, 3, 3;0,  0;0,  0> +
        (-0.0000008, 0.0001668)|   1, 2, 3;0,  0;0,  0> +
        (-0.0000000,-0.0001503)|   2, 3, 3;0,  0;0,  0> +
        (-0.0001385, 0.0000346)|  10, 3, 3;0,  0;0,  0> +
        (-0.0001427, 0.0000000)|   4, 2, 2;0,  0;0,  0> +
        (-0.0001402, 0.0000008)|   0, 3, 2;0,  0;0,  0> +
        ( 0.0000031, 0.0001380)|   4, 0, 3;0,  0;0,  0> +
        (-0.0000000,-0.0001296)|   1, 3, 3;0,  0;0,  0> +
        ( 0.0001074,-0.0000316)|   9, 3, 3;0,  0;0,  0> +
        (-0.0000299,-0.0000824)|   5, 3, 3;0,  0;0,  0> +
        ( 0.0000663, 0.0000025)|   8, 2, 2;0,  0;0,  0> +
        (-0.0000658,-0.0000018)|  10, 0, 0;1,  0;0,  0> +
        ( 0.0000658, 0.0000018)|  10, 0, 0;0,  0;1,  0> +
        ( 0.0000532,-0.0000256)|   8, 3, 3;0,  0;0,  0> +
        (-0.0000000,-0.0000539)|   3, 3, 3;0,  0;0,  0> +
        (-0.0000149, 0.0000057)|   2, 2, 3;0,  0;0,  0> +
        (-0.0000003, 0.0000150)|   2, 1, 1;0,  0;0,  0> +
        ( 0.0000116, 0.0000028)|   5, 1, 0;0,  0;0,  0> +
        (-0.0000107, 0.0000006)|   9, 0, 0;0,  0;0,  0> +
        (-0.0000023, 0.0000096)|   5, 0, 1;0,  0;0,  0> +
        (-0.0000079,-0.0000002)|   7, 0, 0;0,  0;0,  0> +
        (-0.0000009,-0.0000051)|   0, 2, 1;0,  0;0,  0> +
        (-0.0000021, 0.0000046)|   4, 0, 1;0,  0;0,  0> +
        ( 0.0000024,-0.0000037)|   8, 2, 3;0,  0;0,  0> +
        (-0.0000035,-0.0000025)|   8, 3, 2;0,  0;0,  0> +
        (-0.0000030,-0.0000026)|   4, 1, 0;0,  0;0,  0> +
        (-0.0000034, 0.0000012)|  12, 3, 3;0,  0;0,  0> +
        ( 0.0000032,-0.0000001)|   5, 3, 0;0,  0;0,  0> +
        ( 0.0000001, 0.0000026)|   1, 1, 1;0,  0;0,  0> +
        ( 0.0000025,-0.0000005)|   0, 1, 2;0,  0;0,  0> +
        ( 0.0000019,-0.0000005)|   0, 3, 0;0,  0;0,  0> +
        ( 0.0000016, 0.0000000)|   2, 2, 2;0,  0;0,  0> +
        (-0.0000000,-0.0000013)|   5, 0, 3;0,  0;0,  0> +
        ( 0.0000010, 0.0000001)|   5, 1, 2;0,  0;0,  0> +
         ...
 |21> = ( 0.8326141, 0.0366705)|   5, 1, 0;0,  0;0,  0> +
        (-0.0573287,-0.5495848)|   5, 0, 1;0,  0;0,  0> +
        (-0.0000679, 0.0043699)|   2, 0, 3;0,  0;0,  0> +
        ( 0.0002456, 0.0034300)|   2, 2, 1;0,  0;0,  0> +
        ( 0.0033766,-0.0001434)|   4, 0, 2;0,  0;0,  0> +
        (-0.0029349, 0.0001410)|   4, 2, 0;0,  0;0,  0> +
        ( 0.0012236,-0.0015723)|   1, 3, 1;0,  0;0,  0> +
        (-0.0000362,-0.0018854)|   1, 1, 3;0,  0;0,  0> +
        (-0.0000156,-0.0017818)|   2, 1, 1;0,  0;0,  0> +
        (-0.0012865,-0.0007832)|   1, 3, 0;0,  0;0,  0> +
        (-0.0013741,-0.0000133)|   5, 2, 0;0,  0;0,  0> +
        ( 0.0004376,-0.0012056)|   0, 1, 3;0,  0;0,  0> +
        (-0.0004342, 0.0010662)|   1, 0, 3;0,  0;0,  0> +
        (-0.0009690,-0.0000086)|   5, 0, 2;0,  0;0,  0> +
        ( 0.0000029,-0.0008904)|   3, 2, 3;0,  0;0,  0> +
        ( 0.0008495, 0.0000050)|   4, 3, 2;0,  0;0,  0> +
        (-0.0008425, 0.0000201)|   1, 2, 1;0,  0;0,  0> +
        ( 0.0000077, 0.0008198)|   4, 2, 3;0,  0;0,  0> +
        (-0.0008128, 0.0000030)|   3, 3, 2;0,  0;0,  0> +
        (-0.0007539, 0.0000002)|   4, 2, 2;0,  0;0,  0> +
        (-0.0000000,-0.0007328)|   3, 3, 3;0,  0;0,  0> +
        ( 0.0007201, 0.0000720)|   8, 0, 0;0,  0;0,  0> +
        (-0.0000002,-0.0007070)|   2, 3, 3;0,  0;0,  0> +
        (-0.0000635, 0.0005736)|   0, 3, 1;0,  0;0,  0> +
        (-0.0005687,-0.0000065)|   2, 3, 2;0,  0;0,  0> +
        (-0.0000092,-0.0005475)|   3, 1, 1;0,  0;0,  0> +
        (-0.0005435, 0.0000000)|   3, 2, 2;0,  0;0,  0> +
        ( 0.0004403, 0.0000023)|   0, 3, 2;0,  0;0,  0> +
        (-0.0004032, 0.0000474)|   6, 3, 3;0,  0;0,  0> +
        ( 0.0000051,-0.0003855)|   2, 1, 3;0,  0;0,  0> +
        ( 0.0000192, 0.0003835)|   0, 2, 1;0,  0;0,  0> +
        (-0.0000063,-0.0003581)|   2, 2, 3;0,  0;0,  0> +
        ( 0.0000060,-0.0003483)|   3, 0, 3;0,  0;0,  0> +
        ( 0.0000000,-0.0003146)|   0, 3, 3;0,  0;0,  0> +
        ( 0.0002409, 0.0001339)|   2, 1, 2;0,  0;0,  0> +
        (-0.0002474, 0.0000135)|   3, 3, 0;0,  0;0,  0> +
        (-0.0000285,-0.0002408)|   1, 1, 2;0,  0;0,  0> +
        ( 0.0000011, 0.0002019)|   1, 2, 3;0,  0;0,  0> +
        (-0.0001895, 0.0000171)|   0, 1, 2;0,  0;0,  0> +
        (-0.0001861, 0.0000085)|   3, 1, 2;0,  0;0,  0> +
        ( 0.0000085,-0.0001610)|   3, 2, 1;0,  0;0,  0> +
        (-0.0001561, 0.0000170)|   0, 3, 0;0,  0;0,  0> +
        ( 0.0001523, 0.0000012)|   5, 2, 2;0,  0;0,  0> +
        (-0.0000001, 0.0001455)|   4, 3, 3;0,  0;0,  0> +
        ( 0.0000020, 0.0001280)|   2, 3, 1;0,  0;0,  0> +
        ( 0.0000835,-0.0000022)|   2, 3, 0;0,  0;0,  0> +
        ( 0.0000808,-0.0000065)|   9, 0, 0;0,  0;0,  0> +
        (-0.0000785, 0.0000011)|   1, 3, 2;0,  0;0,  0> +
        ( 0.0000023,-0.0000678)|   0, 2, 3;0,  0;0,  0> +
        (-0.0000008, 0.0000592)|   3, 1, 3;0,  0;0,  0> +
        ( 0.0000548, 0.0000024)|   5, 1, 0;0,  0;1,  0> +
        (-0.0000548,-0.0000024)|   5, 1, 0;1,  0;0,  0> +
        ( 0.0000158, 0.0000439)|   0, 0, 3;0,  0;0,  0> +
        (-0.0000458,-0.0000000)|   2, 2, 2;0,  0;0,  0> +
        (-0.0000006,-0.0000440)|   4, 0, 3;0,  0;0,  0> +
        (-0.0000414, 0.0000000)|   4, 3, 0;0,  0;0,  0> +
        ( 0.0000003,-0.0000380)|   6, 0, 1;0,  0;0,  0> +
        ( 0.0000010,-0.0000379)|   3, 3, 1;0,  0;0,  0> +
        ( 0.0000038, 0.0000362)|   5, 0, 1;1,  0;0,  0> +
        (-0.0000038,-0.0000362)|   5, 0, 1;0,  0;1,  0> +
        (-0.0000000, 0.0000326)|   1, 3, 3;0,  0;0,  0> +
        ( 0.0000323,-0.0000009)|   6, 1, 0;0,  0;0,  0> +
        (-0.0000000,-0.0000252)|   4, 2, 1;0,  0;0,  0> +
        (-0.0000207, 0.0000001)|   4, 1, 2;0,  0;0,  0> +
        (-0.0000022, 0.0000182)|   4, 0, 1;0,  0;0,  0> +
        (-0.0000006,-0.0000144)|   1, 1, 1;0,  0;0,  0> +
        ( 0.0000124,-0.0000023)|   4, 1, 0;0,  0;0,  0> +
        ( 0.0000055, 0.0000100)|   5, 3, 3;0,  0;0,  0> +
        (-0.0000055,-0.0000006)|   6, 0, 0;0,  0;0,  0> +
        (-0.0000052, 0.0000000)|   7, 0, 0;0,  0;0,  0> +
        (-0.0000045, 0.0000014)|   7, 3, 3;0,  0;0,  0> +
        ( 0.0000000, 0.0000045)|   4, 1, 1;0,  0;0,  0> +
        (-0.0000023,-0.0000026)|   3, 0, 1;0,  0;0,  0> +
        ( 0.0000019,-0.0000022)|   3, 1, 0;0,  0;0,  0> +
        (-0.0000015, 0.0000000)|   1, 2, 2;0,  0;0,  0> +
        ( 0.0000014,-0.0000001)|   3, 0, 2;0,  0;0,  0> +
        (-0.0000013, 0.0000005)|   8, 3, 3;0,  0;0,  0> +
        (-0.0000001,-0.0000010)|   4, 1, 3;0,  0;0,  0> +
         ...
 |22> = (-0.1299997, 0.8230792)|   5, 0, 1;0,  0;0,  0> +
        ( 0.5270307, 0.1656936)|   5, 1, 0;0,  0;0,  0> +
        (-0.0003363,-0.0187629)|   3, 1, 1;0,  0;0,  0> +
        ( 0.0036020,-0.0002883)|   9, 0, 0;0,  0;0,  0> +
        (-0.0027983, 0.0000043)|   1, 1, 2;0,  0;0,  0> +
        ( 0.0000745,-0.0027583)|   3, 0, 3;0,  0;0,  0> +
        (-0.0003967,-0.0022667)|   1, 2, 1;0,  0;0,  0> +
        ( 0.0000197, 0.0022206)|   2, 1, 1;0,  0;0,  0> +
        ( 0.0017991, 0.0001430)|   3, 3, 0;0,  0;0,  0> +
        ( 0.0017103,-0.0000242)|   4, 3, 2;0,  0;0,  0> +
        (-0.0000147,-0.0016497)|   4, 0, 3;0,  0;0,  0> +
        (-0.0015887, 0.0000134)|   4, 3, 0;0,  0;0,  0> +
        ( 0.0015676, 0.0000087)|   3, 1, 2;0,  0;0,  0> +
        (-0.0014125,-0.0002795)|   1, 3, 0;0,  0;0,  0> +
        (-0.0000233, 0.0013140)|   3, 1, 3;0,  0;0,  0> +
        (-0.0000462, 0.0012708)|   1, 0, 3;0,  0;0,  0> +
        (-0.0000053,-0.0011678)|   0, 3, 1;0,  0;0,  0> +
        ( 0.0001255, 0.0011350)|   3, 2, 1;0,  0;0,  0> +
        (-0.0010771, 0.0001249)|   6, 3, 3;0,  0;0,  0> +
        (-0.0010696,-0.0000028)|   5, 2, 0;0,  0;0,  0> +
        (-0.0000066,-0.0010299)|   1, 1, 3;0,  0;0,  0> +
        (-0.0009945, 0.0000112)|   2, 1, 2;0,  0;0,  0> +
        ( 0.0000135,-0.0009877)|   6, 0, 1;0,  0;0,  0> +
        ( 0.0009688,-0.0000321)|   6, 1, 0;0,  0;0,  0> +
        ( 0.0000000, 0.0009332)|   2, 3, 3;0,  0;0,  0> +
        ( 0.0000017,-0.0009295)|   4, 2, 1;0,  0;0,  0> +
        (-0.0009013, 0.0000006)|   4, 1, 2;0,  0;0,  0> +
        ( 0.0000219,-0.0007822)|   3, 3, 1;0,  0;0,  0> +
        ( 0.0000384, 0.0007547)|   0, 2, 1;0,  0;0,  0> +
        (-0.0000031,-0.0007037)|   1, 2, 3;0,  0;0,  0> +
        (-0.0004393, 0.0005394)|   1, 3, 1;0,  0;0,  0> +
        (-0.0006633,-0.0000000)|   2, 2, 2;0,  0;0,  0> +
        ( 0.0000139,-0.0006533)|   2, 3, 1;0,  0;0,  0> +
        (-0.0000198,-0.0006510)|   4, 2, 3;0,  0;0,  0> +
        (-0.0006020, 0.0000172)|   5, 0, 2;0,  0;0,  0> +
        (-0.0005053, 0.0000219)|   4, 0, 2;0,  0;0,  0> +
        (-0.0000009, 0.0004838)|   0, 2, 3;0,  0;0,  0> +
        ( 0.0004516,-0.0000206)|   4, 2, 0;0,  0;0,  0> +
        (-0.0003752, 0.0000353)|   0, 1, 2;0,  0;0,  0> +
        ( 0.0000001, 0.0003485)|   3, 3, 3;0,  0;0,  0> +
        (-0.0003413, 0.0000352)|   0, 3, 0;0,  0;0,  0> +
        (-0.0000000,-0.0003005)|   4, 3, 3;0,  0;0,  0> +
        ( 0.0000370,-0.0002763)|   0, 1, 3;0,  0;0,  0> +
        ( 0.0002629, 0.0000562)|   2, 3, 0;0,  0;0,  0> +
        ( 0.0002526,-0.0000009)|   0, 3, 2;0,  0;0,  0> +
        (-0.0002326, 0.0000003)|   4, 2, 2;0,  0;0,  0> +
        (-0.0000087, 0.0002018)|   3, 2, 3;0,  0;0,  0> +
        (-0.0001834, 0.0000551)|   7, 3, 3;0,  0;0,  0> +
        (-0.0000582,-0.0001775)|   2, 2, 1;0,  0;0,  0> +
        ( 0.0000084, 0.0001808)|   2, 1, 3;0,  0;0,  0> +
        (-0.0001516,-0.0000016)|   2, 3, 2;0,  0;0,  0> +
        (-0.0001356,-0.0000089)|   3, 3, 2;0,  0;0,  0> +
        ( 0.0000335, 0.0001220)|   0, 0, 3;0,  0;0,  0> +
        ( 0.0000001,-0.0001226)|   1, 3, 3;0,  0;0,  0> +
        (-0.0001193, 0.0000000)|   3, 2, 2;0,  0;0,  0> +
        (-0.0001153,-0.0000033)|   1, 3, 2;0,  0;0,  0> +
        ( 0.0000933, 0.0000585)|   2, 0, 3;0,  0;0,  0> +
        ( 0.0000017, 0.0001093)|   4, 1, 1;0,  0;0,  0> +
        ( 0.0001056,-0.0000102)|   5, 2, 2;0,  0;0,  0> +
        ( 0.0000000,-0.0001024)|   0, 3, 3;0,  0;0,  0> +
        (-0.0000017,-0.0000966)|   2, 2, 3;0,  0;0,  0> +
        (-0.0000559, 0.0000232)|   8, 3, 3;0,  0;0,  0> +
        (-0.0000194,-0.0000557)|   5, 3, 3;0,  0;0,  0> +
        ( 0.0000086,-0.0000542)|   5, 0, 1;1,  0;0,  0> +
        (-0.0000086, 0.0000542)|   5, 0, 1;0,  0;1,  0> +
        (-0.0000037,-0.0000376)|   4, 1, 3;0,  0;0,  0> +
        (-0.0000347,-0.0000109)|   5, 1, 0;1,  0;0,  0> +
        ( 0.0000347, 0.0000109)|   5, 1, 0;0,  0;1,  0> +
        ( 0.0000204,-0.0000001)|   3, 0, 2;0,  0;0,  0> +
        (-0.0000198, 0.0000002)|   3, 2, 0;0,  0;0,  0> +
        (-0.0000178,-0.0000046)|   8, 0, 0;0,  0;0,  0> +
        ( 0.0000148,-0.0000002)|   5, 3, 2;0,  0;0,  0> +
        ( 0.0000002, 0.0000141)|   5, 2, 3;0,  0;0,  0> +
        ( 0.0000121, 0.0000000)|   6, 2, 2;0,  0;0,  0> +
        (-0.0000018, 0.0000078)|   4, 3, 1;0,  0;0,  0> +
        (-0.0000073,-0.0000000)|   7, 0, 0;0,  0;0,  0> +
        (-0.0000003,-0.0000072)|   1, 1, 1;0,  0;0,  0> +
        ( 0.0000010,-0.0000025)|   4, 0, 1;0,  0;0,  0> +
        (-0.0000000,-0.0000025)|   0, 1, 1;0,  0;0,  0> +
        ( 0.0000018, 0.0000015)|   4, 1, 0;0,  0;0,  0> +
        (-0.0000013, 0.0000014)|   3, 1, 0;0,  0;0,  0> +
        (-0.0000017,-0.0000007)|   6, 0, 0;0,  0;0,  0> +
        ( 0.0000014, 0.0000005)|   3, 0, 1;0,  0;0,  0> +
        (-0.0000000,-0.0000012)|   3, 1, 1;0,  0;1,  0> +
        ( 0.0000000, 0.0000012)|   3, 1, 1;1,  0;0,  0> +
         ...
 |23> = ( 0.7071072, 0.0000000)|   0, 0, 2;0,  0;0,  0> +
        ( 0.7071071,-0.0000000)|   0, 2, 0;0,  0;0,  0> +
        (-0.0003894, 0.0000000)|   2, 0, 0;0,  0;0,  0> +
        (-0.0000465, 0.0000000)|   0, 0, 2;1,  0;0,  0> +
        ( 0.0000465, 0.0000000)|   0, 2, 0;0,  0;1,  0> +
        (-0.0000465,-0.0000000)|   0, 2, 0;1,  0;0,  0> +
        ( 0.0000465,-0.0000000)|   0, 0, 2;0,  0;1,  0> +
        ( 0.0000379, 0.0000000)|   3, 0, 0;0,  0;0,  0> +
        (-0.0000146,-0.0000000)|   0, 1, 0;0,  0;0,  0> +
        (-0.0000000,-0.0000143)|   0, 0, 1;0,  0;0,  0> +
         ...
 |24> = (-0.7070124,-0.0000000)|   0, 2, 0;0,  0;0,  0> +
        ( 0.7070122, 0.0000000)|   0, 0, 2;0,  0;0,  0> +
        ( 0.0000005, 0.0131559)|   0, 1, 1;0,  0;0,  0> +
        (-0.0000033,-0.0055934)|   2, 0, 1;0,  0;0,  0> +
        (-0.0054318,-0.0000047)|   2, 1, 0;0,  0;0,  0> +
        (-0.0000052, 0.0049039)|   1, 0, 1;0,  0;0,  0> +
        (-0.0025739,-0.0000052)|   1, 1, 0;0,  0;0,  0> +
        ( 0.0012857,-0.0000000)|   0, 2, 2;0,  0;0,  0> +
        ( 0.0012743,-0.0000014)|   2, 2, 0;0,  0;0,  0> +
        ( 0.0012736, 0.0000014)|   2, 0, 2;0,  0;0,  0> +
        ( 0.0006063, 0.0000003)|   1, 2, 0;0,  0;0,  0> +
        ( 0.0005693,-0.0000000)|   4, 0, 0;0,  0;0,  0> +
        (-0.0005496,-0.0000003)|   1, 0, 2;0,  0;0,  0> +
        ( 0.0001853,-0.0000006)|   0, 3, 0;0,  0;0,  0> +
        (-0.0000004, 0.0001727)|   0, 0, 3;0,  0;0,  0> +
        (-0.0000003, 0.0001210)|   0, 2, 1;0,  0;0,  0> +
        ( 0.0001184, 0.0000000)|   0, 1, 2;0,  0;0,  0> +
        ( 0.0000465, 0.0000000)|   0, 2, 0;1,  0;0,  0> +
        (-0.0000465, 0.0000000)|   0, 2, 0;0,  0;1,  0> +
        (-0.0000465,-0.0000000)|   0, 0, 2;1,  0;0,  0> +
        ( 0.0000465,-0.0000000)|   0, 0, 2;0,  0;1,  0> +
        ( 0.0000300,-0.0000000)|   0, 1, 0;0,  0;0,  0> +
        (-0.0000000,-0.0000299)|   0, 0, 1;0,  0;0,  0> +
        (-0.0000126, 0.0000000)|   3, 0, 0;0,  0;0,  0> +
        (-0.0000091,-0.0000000)|   5, 0, 0;0,  0;0,  0> +
        ( 0.0000070, 0.0000000)|   3, 2, 0;0,  0;0,  0> +
        ( 0.0000069, 0.0000001)|   3, 0, 2;0,  0;0,  0> +
        (-0.0000035, 0.0000000)|   2, 2, 2;0,  0;0,  0> +
        (-0.0000027,-0.0000000)|   6, 0, 0;0,  0;0,  0> +
         ...
