# Parameters of the model
#  mass:		    261.00 u
#  charge:	      1.00 e
#  dipole:	      4.74 D
#  B:		    503.65 MHz
#  omega_rho:	      1.40 MHz
#  omega_z:	      0.16 MHz

# Basis truncation:	|36,5,5;1,1>
# omega_1:	      0.27 MHz
# omega_3/5:	      1.39 MHz
# Basis size:		14400

# Active terms of the Hamiltionian:
# 	Nomal modes:	1
# 	T_rot:      	1
# 	V_qd^{(0)}: 	1
# 	V_qd^{(1)}: 	1
# 	V_dd^{(0)}: 	1

# Results of the diagonalisation

# 100 smallest eigenvalues
 5.582884789 6.588204384 7.576645374 8.590862274 9.577400208 10.564636230 10.662426949 10.672145844 11.590573311 11.660925865 11.663264275 12.612709045 12.661029816 12.684762001 13.530898094 13.633436203 13.640250206 14.564791679 14.673074722 14.676103592 15.532660484 15.606623650 15.723320961 15.725468636 15.737360001 15.759509087 16.590747833 16.602830887 16.629886627 16.747606277 16.766981125 16.804502487 17.495288849 17.655418396 17.687227249 17.755348206 17.767789841 17.786819458 18.614660263 18.639078140 18.647432327 18.705118179 18.707765579 18.753648758 19.498636246 19.601551056 19.700342178 19.755397797 19.761894226 19.769599915 20.483545303 20.657361984 20.686067581 20.775568008 20.780300140 20.788301468 20.798116684 20.819305420 20.826847076 20.835540771 21.571033478 21.630826950 21.678701401 21.679906845 21.766426086 21.771781921 21.782732010 21.817377090 21.841220856 21.863199234 22.549402237 22.651203156 22.694362640 22.710672379 22.712497711 22.712505341 22.805448532 22.832223892 22.834466934 22.862609863 23.629470825 23.661642075 23.688041687 23.705909729 23.758794785 23.764236450 23.806537628 23.839017868 23.844930649 23.947435379 24.625988007 24.682634354 24.685819626 24.763103485 24.776632309 24.819612503 24.826810837 24.836921692 24.852890015 24.875303268

# Ground state and the lowest excitations:
 | 0> = (-1.000000, 0.000000)|   0, 0, 0;0,  0;0,  0> +
         ...
 | 1> = ( 1.000000, 0.000000)|   1, 0, 0;0,  0;0,  0> +
         ...
 | 2> = (-1.000000, 0.000000)|   2, 0, 0;0,  0;0,  0> +
        ( 0.000417, 0.000000)|   0, 0, 2;0,  0;0,  0> +
        ( 0.000417,-0.000000)|   0, 2, 0;0,  0;0,  0> +
         ...
 | 3> = ( 1.000000,-0.000002)|   3, 0, 0;0,  0;0,  0> +
         ...
 | 4> = ( 0.999999, 0.000063)|   4, 0, 0;0,  0;0,  0> +
        ( 0.000001,-0.001244)|   1, 0, 1;0,  0;0,  0> +
        (-0.001055,-0.000001)|   1, 1, 0;0,  0;0,  0> +
         ...
 | 5> = ( 0.999997, 0.001546)|   5, 0, 0;0,  0;0,  0> +
        (-0.001186,-0.000004)|   6, 0, 0;0,  0;0,  0> +
        (-0.000056, 0.000847)|   0, 1, 1;0,  0;0,  0> +
        ( 0.000040,-0.000330)|   0, 0, 3;0,  0;0,  0> +
        ( 0.000318, 0.000016)|   1, 4, 0;0,  0;0,  0> +
        (-0.000306, 0.000089)|   2, 0, 2;0,  0;0,  0> +
        ( 0.000306,-0.000089)|   2, 2, 0;0,  0;0,  0> +
         ...
 | 6> = ( 0.714298, 0.000038)|   0, 1, 0;0,  0;0,  0> +
        ( 0.000038, 0.699841)|   0, 0, 1;0,  0;0,  0> +
         ...
 | 7> = ( 0.003641,-0.714289)|   0, 0, 1;0,  0;0,  0> +
        ( 0.699832, 0.003642)|   0, 1, 0;0,  0;0,  0> +
        (-0.000350,-0.000014)|   1, 2, 0;0,  0;0,  0> +
        (-0.000349,-0.000017)|   1, 0, 2;0,  0;0,  0> +
         ...
 | 8> = (-0.999990,-0.003753)|   6, 0, 0;0,  0;0,  0> +
        (-0.001185,-0.000002)|   5, 0, 0;0,  0;0,  0> +
        ( 0.000957,-0.000091)|   2, 1, 0;0,  0;0,  0> +
        (-0.000091,-0.000955)|   2, 0, 1;0,  0;0,  0> +
        ( 0.000775,-0.000111)|   0, 1, 2;0,  0;0,  0> +
        (-0.000661,-0.000016)|   3, 2, 0;0,  0;0,  0> +
         ...
 | 9> = (-0.857436,-0.000252)|   1, 1, 0;0,  0;0,  0> +
        (-0.000328,-0.514570)|   1, 0, 1;0,  0;0,  0> +
        (-0.000024, 0.002754)|   2, 0, 1;0,  0;0,  0> +
        ( 0.002688, 0.000008)|   2, 1, 0;0,  0;0,  0> +
        (-0.001545, 0.000002)|   4, 0, 0;0,  0;0,  0> +
        (-0.001234, 0.000052)|   0, 0, 2;0,  0;0,  0> +
        ( 0.001234,-0.000052)|   0, 2, 0;0,  0;0,  0> +
        ( 0.001119,-0.000043)|   2, 2, 0;0,  0;0,  0> +
        ( 0.000773, 0.000047)|   2, 0, 2;0,  0;0,  0> +
         ...
 |10> = ( 0.001099,-0.857372)|   1, 0, 1;0,  0;0,  0> +
        ( 0.514464, 0.001139)|   1, 1, 0;0,  0;0,  0> +
        ( 0.000095,-0.011012)|   2, 0, 1;0,  0;0,  0> +
        (-0.010751,-0.000032)|   2, 1, 0;0,  0;0,  0> +
        ( 0.000878,-0.000184)|   2, 0, 2;0,  0;0,  0> +
        ( 0.000042,-0.000640)|   0, 1, 1;0,  0;0,  0> +
        (-0.000508, 0.000186)|   2, 2, 0;0,  0;0,  0> +
        (-0.000524, 0.000000)|   4, 0, 0;0,  0;0,  0> +
        ( 0.000419,-0.000294)|   1, 2, 0;0,  0;0,  0> +
        (-0.000417, 0.000294)|   1, 0, 2;0,  0;0,  0> +
        (-0.000331,-0.000001)|   0, 2, 2;0,  0;0,  0> +
         ...
 |11> = ( 0.999939,-0.000861)|   7, 0, 0;0,  0;0,  0> +
        (-0.004311,-0.005318)|   3, 1, 0;0,  0;0,  0> +
        (-0.005302, 0.004300)|   3, 0, 1;0,  0;0,  0> +
        (-0.000101, 0.003504)|   4, 0, 1;0,  0;0,  0> +
        ( 0.000834, 0.002761)|   1, 1, 1;0,  0;0,  0> +
        ( 0.002312,-0.000099)|   4, 1, 0;0,  0;0,  0> +
        ( 0.000433,-0.000100)|   0, 3, 0;0,  0;0,  0> +
        (-0.000003,-0.000419)|   2, 0, 3;0,  0;0,  0> +
        (-0.000412,-0.000018)|   3, 0, 2;0,  0;0,  0> +
        (-0.000402,-0.000008)|   2, 3, 0;0,  0;0,  0> +
        (-0.000045, 0.000397)|   2, 1, 1;0,  0;0,  0> +
        ( 0.000390, 0.000023)|   4, 2, 0;0,  0;0,  0> +
        (-0.000185,-0.000306)|   0, 2, 1;0,  0;0,  0> +
        ( 0.000338, 0.000018)|   3, 2, 0;0,  0;0,  0> +
         ...
 |12> = (-0.718625, 0.001183)|   2, 1, 0;0,  0;0,  0> +
        ( 0.001231,-0.695211)|   2, 0, 1;0,  0;0,  0> +
        (-0.011217, 0.000046)|   1, 1, 0;0,  0;0,  0> +
        ( 0.000046, 0.011214)|   1, 0, 1;0,  0;0,  0> +
        ( 0.000114,-0.001742)|   0, 1, 1;0,  0;0,  0> +
        (-0.001087, 0.000266)|   2, 2, 0;0,  0;0,  0> +
        ( 0.001079,-0.000266)|   2, 0, 2;0,  0;0,  0> +
        (-0.000402, 0.000202)|   1, 0, 2;0,  0;0,  0> +
        ( 0.000402,-0.000202)|   1, 2, 0;0,  0;0,  0> +
        (-0.000070, 0.000331)|   0, 0, 3;0,  0;0,  0> +
        (-0.000326,-0.000001)|   0, 2, 2;0,  0;0,  0> +
         ...
 |13> = (-0.067114,-0.715568)|   2, 0, 1;0,  0;0,  0> +
        ( 0.692040,-0.067293)|   2, 1, 0;0,  0;0,  0> +
        (-0.001635, 0.000000)|   3, 2, 0;0,  0;0,  0> +
        (-0.001436, 0.000032)|   3, 0, 2;0,  0;0,  0> +
        ( 0.001360, 0.000005)|   6, 0, 0;0,  0;0,  0> +
        ( 0.000872, 0.000011)|   0, 1, 2;0,  0;0,  0> +
        ( 0.000795, 0.000105)|   0, 3, 0;0,  0;0,  0> +
        ( 0.000168,-0.000773)|   0, 0, 3;0,  0;0,  0> +
        (-0.000610, 0.000179)|   2, 2, 0;0,  0;0,  0> +
        ( 0.000609,-0.000179)|   2, 0, 2;0,  0;0,  0> +
        ( 0.000009, 0.000349)|   0, 1, 1;0,  0;0,  0> +
        (-0.000318, 0.000044)|   1, 1, 0;0,  0;0,  0> +
        ( 0.000044, 0.000318)|   1, 0, 1;0,  0;0,  0> +
         ...
 |14> = ( 0.999993, 0.000806)|   8, 0, 0;0,  0;0,  0> +
        ( 0.000203,-0.002306)|   5, 0, 1;0,  0;0,  0> +
        ( 0.000149,-0.001479)|   4, 0, 1;0,  0;0,  0> +
        ( 0.001469, 0.000149)|   4, 1, 0;0,  0;0,  0> +
        ( 0.001461,-0.000124)|   5, 1, 0;0,  0;0,  0> +
        ( 0.000106, 0.001135)|   1, 2, 1;0,  0;0,  0> +
        ( 0.000843, 0.000185)|   4, 0, 2;0,  0;0,  0> +
        ( 0.000642,-0.000124)|   0, 1, 2;0,  0;0,  0> +
        ( 0.000030, 0.000628)|   1, 0, 3;0,  0;0,  0> +
        (-0.000189,-0.000543)|   0, 2, 1;0,  0;0,  0> +
        ( 0.000508,-0.000100)|   0, 1, 3;0,  0;0,  0> +
        (-0.000475,-0.000184)|   4, 2, 0;0,  0;0,  0> +
        ( 0.000424, 0.000014)|   1, 1, 2;0,  0;0,  0> +
        ( 0.000312, 0.000082)|   1, 3, 0;0,  0;0,  0> +
         ...
 |15> = (-0.005267, 0.712242)|   3, 0, 1;0,  0;0,  0> +
        ( 0.701895,-0.004877)|   3, 1, 0;0,  0;0,  0> +
        ( 0.001342, 0.000055)|   3, 0, 2;0,  0;0,  0> +
        (-0.000890,-0.000055)|   3, 2, 0;0,  0;0,  0> +
        (-0.000602, 0.000065)|   0, 3, 0;0,  0;0,  0> +
        (-0.000055, 0.000599)|   0, 0, 3;0,  0;0,  0> +
        ( 0.000545,-0.000008)|   2, 0, 4;0,  0;0,  0> +
        ( 0.000327,-0.000130)|   0, 1, 2;0,  0;0,  0> +
         ...
 |16> = ( 0.452487, 0.549966)|   3, 1, 0;0,  0;0,  0> +
        ( 0.548314,-0.438089)|   3, 0, 1;0,  0;0,  0> +
        ( 0.009718,-0.000008)|   7, 0, 0;0,  0;0,  0> +
        ( 0.000042,-0.007908)|   4, 0, 1;0,  0;0,  0> +
        (-0.007780,-0.000072)|   4, 1, 0;0,  0;0,  0> +
        (-0.000555,-0.001750)|   1, 1, 1;0,  0;0,  0> +
        (-0.000734, 0.000117)|   0, 1, 2;0,  0;0,  0> +
        ( 0.000520,-0.000251)|   1, 0, 4;0,  0;0,  0> +
        ( 0.000495, 0.000034)|   4, 0, 2;0,  0;0,  0> +
        ( 0.000466, 0.000010)|   4, 2, 0;0,  0;0,  0> +
        (-0.000001, 0.000464)|   0, 4, 1;0,  0;0,  0> +
        (-0.000426, 0.000020)|   3, 2, 0;0,  0;0,  0> +
        (-0.000415, 0.000046)|   1, 4, 0;0,  0;0,  0> +
        (-0.000332, 0.000250)|   1, 2, 2;0,  0;0,  0> +
        ( 0.000407,-0.000060)|   0, 3, 0;0,  0;0,  0> +
        (-0.000319,-0.000019)|   3, 0, 2;0,  0;0,  0> +
         ...
 |17> = (-0.999783,-0.004303)|   9, 0, 0;0,  0;0,  0> +
        ( 0.016669, 0.003286)|   5, 1, 0;0,  0;0,  0> +
        (-0.003838, 0.009794)|   5, 0, 1;0,  0;0,  0> +
        (-0.000100,-0.002979)|   6, 0, 1;0,  0;0,  0> +
        ( 0.002003,-0.000149)|   6, 1, 0;0,  0;0,  0> +
        (-0.001091,-0.000750)|   3, 1, 1;0,  0;0,  0> +
        ( 0.000017, 0.000731)|   1, 2, 1;0,  0;0,  0> +
        ( 0.000638,-0.000125)|   0, 1, 3;0,  0;0,  0> +
        ( 0.000058, 0.000475)|   2, 0, 3;0,  0;0,  0> +
        ( 0.000166, 0.000445)|   0, 2, 1;0,  0;0,  0> +
        ( 0.000464,-0.000058)|   5, 0, 2;0,  0;0,  0> +
        (-0.000052, 0.000458)|   2, 1, 1;0,  0;0,  0> +
        ( 0.000437, 0.000097)|   1, 3, 0;0,  0;0,  0> +
        ( 0.000434,-0.000021)|   5, 2, 0;0,  0;0,  0> +
        (-0.000375,-0.000084)|   3, 2, 2;0,  0;0,  0> +
        ( 0.000349,-0.000035)|   2, 0, 4;0,  0;0,  0> +
        (-0.000256,-0.000236)|   0, 3, 1;0,  0;0,  0> +
        (-0.000330,-0.000001)|   1, 4, 0;0,  0;0,  0> +
         ...
 |18> = (-0.017234, 0.853230)|   4, 0, 1;0,  0;0,  0> +
        ( 0.520854,-0.016526)|   4, 1, 0;0,  0;0,  0> +
        ( 0.004868, 0.005934)|   3, 1, 0;0,  0;0,  0> +
        ( 0.005916,-0.004861)|   3, 0, 1;0,  0;0,  0> +
        (-0.004094, 0.000016)|   7, 0, 0;0,  0;0,  0> +
        ( 0.000333, 0.000969)|   1, 1, 1;0,  0;0,  0> +
        ( 0.000977, 0.000017)|   2, 3, 0;0,  0;0,  0> +
        ( 0.000878, 0.000096)|   4, 2, 0;0,  0;0,  0> +
        ( 0.000700, 0.000030)|   3, 0, 2;0,  0;0,  0> +
        (-0.000595, 0.000104)|   0, 1, 2;0,  0;0,  0> +
        ( 0.000601,-0.000002)|   2, 1, 2;0,  0;0,  0> +
        (-0.000585,-0.000030)|   3, 2, 0;0,  0;0,  0> +
        ( 0.000502, 0.000000)|   8, 0, 0;0,  0;0,  0> +
        (-0.000024, 0.000489)|   2, 0, 3;0,  0;0,  0> +
        (-0.000002, 0.000438)|   2, 2, 1;0,  0;0,  0> +
        ( 0.000326,-0.000077)|   0, 3, 0;0,  0;0,  0> +
        (-0.000330, 0.000002)|   3, 0, 4;0,  0;0,  0> +
         ...
 |19> = ( 0.850622, 0.069274)|   4, 1, 0;0,  0;0,  0> +
        ( 0.069197,-0.516548)|   4, 0, 1;0,  0;0,  0> +
        (-0.001165,-0.003632)|   1, 1, 1;0,  0;0,  0> +
        (-0.002218,-0.000417)|   4, 2, 0;0,  0;0,  0> +
        (-0.002035,-0.000002)|   8, 0, 0;0,  0;0,  0> +
        ( 0.001153, 0.001371)|   3, 1, 0;0,  0;0,  0> +
        ( 0.001367,-0.001152)|   3, 0, 1;0,  0;0,  0> +
        ( 0.000854, 0.000417)|   4, 0, 2;0,  0;0,  0> +
        (-0.000352, 0.000032)|   0, 3, 0;0,  0;0,  0> +
        (-0.000325, 0.000059)|   0, 1, 3;0,  0;0,  0> +
         ...
 |20> = (-0.998963,-0.044848)|  10, 0, 0;0,  0;0,  0> +
        ( 0.005252, 0.003345)|   6, 1, 0;0,  0;0,  0> +
        (-0.002398, 0.003444)|   6, 0, 1;0,  0;0,  0> +
        (-0.000022, 0.001081)|   1, 2, 1;0,  0;0,  0> +
        ( 0.000967,-0.000193)|   0, 1, 3;0,  0;0,  0> +
        ( 0.000109,-0.000871)|   1, 0, 3;0,  0;0,  0> +
        (-0.000789,-0.000365)|   3, 1, 1;0,  0;0,  0> +
        ( 0.000825,-0.000092)|   2, 1, 2;0,  0;0,  0> +
        (-0.000824, 0.000020)|   5, 2, 0;0,  0;0,  0> +
        (-0.000678, 0.000054)|   5, 0, 2;0,  0;0,  0> +
        ( 0.000537, 0.000236)|   1, 3, 0;0,  0;0,  0> +
        (-0.000500,-0.000242)|   1, 1, 2;0,  0;0,  0> +
        (-0.000121,-0.000446)|   3, 0, 3;0,  0;0,  0> +
        ( 0.000262, 0.000379)|   0, 4, 1;0,  0;0,  0> +
        (-0.000076,-0.000438)|   2, 0, 3;0,  0;0,  0> +
        ( 0.000013,-0.000441)|   2, 2, 1;0,  0;0,  0> +
        (-0.000438, 0.000032)|   1, 1, 3;0,  0;0,  0> +
        (-0.000322,-0.000258)|   3, 3, 0;0,  0;0,  0> +
        ( 0.000278, 0.000249)|   0, 3, 1;0,  0;0,  0> +
        (-0.000362,-0.000008)|   0, 2, 3;0,  0;0,  0> +
        (-0.000001, 0.000347)|   4, 0, 3;0,  0;0,  0> +
        ( 0.000336, 0.000036)|   3, 4, 0;0,  0;0,  0> +
        ( 0.000331,-0.000016)|   2, 3, 0;0,  0;0,  0> +
         ...
 |21> = ( 0.076282,-0.847018)|   5, 0, 1;0,  0;0,  0> +
        ( 0.523952,-0.046908)|   5, 1, 0;0,  0;0,  0> +
        (-0.002740,-0.000002)|   8, 0, 0;0,  0;0,  0> +
        (-0.000595,-0.001510)|   0, 2, 1;0,  0;0,  0> +
        (-0.000034,-0.001484)|   2, 2, 1;0,  0;0,  0> +
        (-0.001023, 0.000075)|   2, 1, 2;0,  0;0,  0> +
        (-0.000745, 0.000036)|   2, 3, 0;0,  0;0,  0> +
        (-0.000614, 0.000122)|   0, 1, 3;0,  0;0,  0> +
        ( 0.000472, 0.000071)|   1, 4, 0;0,  0;0,  0> +
        (-0.000036,-0.000473)|   1, 2, 1;0,  0;0,  0> +
        ( 0.000452,-0.000103)|   0, 1, 2;0,  0;0,  0> +
        ( 0.000099,-0.000450)|   2, 0, 3;0,  0;0,  0> +
        (-0.000358, 0.000006)|   1, 2, 2;0,  0;0,  0> +
        ( 0.000352, 0.000020)|   2, 4, 0;0,  0;0,  0> +
        ( 0.000270,-0.000220)|   0, 3, 0;0,  0;0,  0> +
        ( 0.000065, 0.000340)|   0, 0, 3;0,  0;0,  0> +
         ...
 |22> = (-0.834120,-0.164981)|   5, 1, 0;0,  0;0,  0> +
        ( 0.192334,-0.489515)|   5, 0, 1;0,  0;0,  0> +
        (-0.019981,-0.000100)|   9, 0, 0;0,  0;0,  0> +
        ( 0.001133,-0.000027)|   5, 2, 0;0,  0;0,  0> +
        (-0.000126,-0.001076)|   1, 2, 1;0,  0;0,  0> +
        ( 0.001017,-0.000112)|   5, 0, 2;0,  0;0,  0> +
        (-0.000840,-0.000328)|   1, 1, 2;0,  0;0,  0> +
        (-0.000145,-0.000700)|   1, 0, 3;0,  0;0,  0> +
        ( 0.000606,-0.000119)|   0, 1, 3;0,  0;0,  0> +
        ( 0.000491,-0.000187)|   2, 2, 2;0,  0;0,  0> +
        (-0.000013,-0.000497)|   2, 2, 1;0,  0;0,  0> +
        (-0.000449,-0.000027)|   1, 3, 0;0,  0;0,  0> +
        (-0.000402,-0.000012)|   1, 4, 0;0,  0;0,  0> +
        (-0.000044, 0.000387)|   2, 1, 1;0,  0;0,  0> +
        ( 0.000359,-0.000098)|   1, 0, 4;0,  0;0,  0> +
        ( 0.000343,-0.000004)|   2, 3, 0;0,  0;0,  0> +
         ...
 |23> = ( 0.707107,-0.000000)|   0, 0, 2;0,  0;0,  0> +
        ( 0.707107, 0.000000)|   0, 2, 0;0,  0;0,  0> +
        ( 0.000589,-0.000000)|   2, 0, 0;0,  0;0,  0> +
         ...
 |24> = ( 0.706422,-0.030927)|   0, 2, 0;0,  0;0,  0> +
        (-0.706422, 0.030927)|   0, 0, 2;0,  0;0,  0> +
        (-0.000002, 0.003207)|   0, 1, 1;0,  0;0,  0> +
        (-0.002164, 0.000009)|   2, 0, 2;0,  0;0,  0> +
        (-0.002117, 0.000003)|   2, 2, 0;0,  0;0,  0> +
        ( 0.001272,-0.000002)|   1, 1, 0;0,  0;0,  0> +
        ( 0.000002, 0.001269)|   1, 0, 1;0,  0;0,  0> +
        (-0.000398,-0.000047)|   1, 0, 2;0,  0;0,  0> +
        (-0.000362, 0.000003)|   4, 0, 0;0,  0;0,  0> +
        (-0.000334,-0.000017)|   1, 2, 0;0,  0;0,  0> +
         ...
