# Parameters of the model
#  mass:		    261.00 u
#  charge:	      1.00 e
#  dipole:	      4.74 D
#  B:		    503.65 MHz
#  omega_rho:	      1.40 MHz
#  omega_z:	      0.13 MHz

# Basis truncation:	|36,5,5;1,1>
# omega_1:	      0.23 MHz
# omega_3/5:	      1.39 MHz
# Basis size:		14400

# Active terms of the Hamiltionian:
# 	Nomal modes:	1
# 	T_rot:      	1
# 	V_qd^{(0)}: 	1
# 	V_qd^{(1)}: 	1
# 	V_dd^{(0)}: 	1

# Results of the diagonalisation

# 100 smallest eigenvalues
 6.504176140 7.513679504 8.496757507 9.507438660 10.518693924 11.522998810 12.494874001 12.500032425 12.511182785 13.499790192 13.521314621 13.546083450 14.509722710 14.523199081 14.535264015 15.501794815 15.517690659 15.547614098 16.484312057 16.498527527 16.503805161 17.433086395 17.494043350 17.513601303 18.452960968 18.505022049 18.506057739 18.508335114 18.529603958 18.530879974 19.478082657 19.499217987 19.503341675 19.513343811 19.542222977 19.561378479 20.411729813 20.497772217 20.512516022 20.516222000 20.541542053 20.574193954 21.497377396 21.504631042 21.512670517 21.531152725 21.537250519 21.563222885 22.484449387 22.487424850 22.502639771 22.538022995 22.557826996 22.568302155 23.491922379 23.499256134 23.502347946 23.515621185 23.522109985 23.550193787 24.432153702 24.497720718 24.499261856 24.499288559 24.506666183 24.511957169 24.522905350 24.541973114 24.558475494 24.560537338 25.448244095 25.480129242 25.488416672 25.489486694 25.497982025 25.500881195 25.510629654 25.556568146 25.576263428 25.584337234 26.451574326 26.465551376 26.478244781 26.484020233 26.486907959 26.492242813 26.519191742 26.529951096 26.535440445 26.588966370 27.440292358 27.446037292 27.464750290 27.471189499 27.502199173 27.509510040 27.517324448 27.535278320 27.553413391 27.579301834

# Ground state and the lowest excitations:
 | 0> = ( 1.000000, 0.000000)|   0, 0, 0;0,  0;0,  0> +
         ...
 | 1> = (-1.000000,-0.000000)|   1, 0, 0;0,  0;0,  0> +
         ...
 | 2> = ( 1.000000,-0.000000)|   2, 0, 0;0,  0;0,  0> +
         ...
 | 3> = ( 1.000000,-0.000004)|   3, 0, 0;0,  0;0,  0> +
        ( 0.000019,-0.000905)|   0, 0, 1;0,  0;0,  0> +
        (-0.000821, 0.000019)|   0, 1, 0;0,  0;0,  0> +
         ...
 | 4> = ( 1.000000,-0.000005)|   4, 0, 0;0,  0;0,  0> +
        ( 0.000968,-0.000001)|   1, 1, 0;0,  0;0,  0> +
        (-0.000000, 0.000929)|   1, 0, 1;0,  0;0,  0> +
         ...
 | 5> = (-1.000000, 0.000124)|   5, 0, 0;0,  0;0,  0> +
        (-0.000003, 0.000522)|   1, 0, 1;0,  0;0,  0> +
        (-0.000521,-0.000003)|   1, 1, 0;0,  0;0,  0> +
        (-0.000014, 0.000427)|   0, 1, 1;0,  0;0,  0> +
        (-0.000367, 0.000142)|   0, 1, 2;0,  0;0,  0> +
        ( 0.000372,-0.000020)|   2, 0, 2;0,  0;0,  0> +
        (-0.000081,-0.000317)|   2, 0, 1;0,  0;0,  0> +
         ...
 | 6> = (-0.999994, 0.001559)|   6, 0, 0;0,  0;0,  0> +
        (-0.001092,-0.001701)|   2, 1, 0;0,  0;0,  0> +
        (-0.001699, 0.001093)|   2, 0, 1;0,  0;0,  0> +
        ( 0.000443, 0.000001)|   4, 0, 2;0,  0;0,  0> +
        (-0.000347,-0.000104)|   0, 3, 0;0,  0;0,  0> +
        ( 0.000331,-0.000003)|   4, 2, 0;0,  0;0,  0> +
         ...
 | 7> = ( 0.734112,-0.000489)|   0, 1, 0;0,  0;0,  0> +
        (-0.000489,-0.679027)|   0, 0, 1;0,  0;0,  0> +
        ( 0.000477,-0.000004)|   0, 0, 2;0,  0;0,  0> +
        (-0.000476, 0.000004)|   0, 2, 0;0,  0;0,  0> +
        (-0.000445,-0.000002)|   1, 2, 0;0,  0;0,  0> +
        (-0.000444,-0.000005)|   1, 0, 2;0,  0;0,  0> +
         ...
 | 8> = ( 0.000019, 0.734112)|   0, 0, 1;0,  0;0,  0> +
        ( 0.679028, 0.000019)|   0, 1, 0;0,  0;0,  0> +
        ( 0.001222,-0.000001)|   3, 0, 0;0,  0;0,  0> +
         ...
 | 9> = ( 0.000045,-0.722008)|   1, 0, 1;0,  0;0,  0> +
        (-0.691884, 0.000142)|   1, 1, 0;0,  0;0,  0> +
        ( 0.001340, 0.000000)|   4, 0, 0;0,  0;0,  0> +
        (-0.000752, 0.000000)|   2, 2, 0;0,  0;0,  0> +
        (-0.000723,-0.000001)|   2, 0, 2;0,  0;0,  0> +
         ...
 |10> = ( 0.721990, 0.003578)|   1, 1, 0;0,  0;0,  0> +
        ( 0.003614,-0.691866)|   1, 0, 1;0,  0;0,  0> +
        (-0.000012,-0.003679)|   2, 0, 1;0,  0;0,  0> +
        (-0.002891, 0.000051)|   2, 1, 0;0,  0;0,  0> +
        (-0.000559, 0.000959)|   1, 2, 0;0,  0;0,  0> +
        ( 0.000559,-0.000959)|   1, 0, 2;0,  0;0,  0> +
        (-0.000003,-0.000973)|   0, 1, 1;0,  0;0,  0> +
        (-0.000737, 0.000001)|   5, 0, 0;0,  0;0,  0> +
        ( 0.000320, 0.000013)|   0, 3, 0;0,  0;0,  0> +
         ...
 |11> = ( 0.999053,-0.042947)|   7, 0, 0;0,  0;0,  0> +
        ( 0.000003, 0.004422)|   3, 0, 1;0,  0;0,  0> +
        ( 0.004057,-0.000002)|   3, 1, 0;0,  0;0,  0> +
        ( 0.000001,-0.001781)|   4, 0, 1;0,  0;0,  0> +
        (-0.001745, 0.000001)|   4, 1, 0;0,  0;0,  0> +
        ( 0.001413, 0.000211)|   1, 1, 1;0,  0;0,  0> +
        ( 0.000677, 0.000269)|   4, 2, 0;0,  0;0,  0> +
        (-0.000577,-0.000268)|   4, 0, 2;0,  0;0,  0> +
        (-0.000634, 0.000006)|   2, 3, 0;0,  0;0,  0> +
        (-0.000000,-0.000606)|   2, 0, 3;0,  0;0,  0> +
        (-0.000455,-0.000298)|   0, 3, 0;0,  0;0,  0> +
        ( 0.000359,-0.000072)|   3, 2, 0;0,  0;0,  0> +
        (-0.000001,-0.000364)|   2, 2, 1;0,  0;0,  0> +
        (-0.000351,-0.000005)|   2, 1, 2;0,  0;0,  0> +
        (-0.000152, 0.000314)|   0, 0, 3;0,  0;0,  0> +
        ( 0.000309, 0.000072)|   3, 0, 2;0,  0;0,  0> +
         ...
 |12> = (-0.387569,-0.595194)|   2, 1, 0;0,  0;0,  0> +
        (-0.594531, 0.376902)|   2, 0, 1;0,  0;0,  0> +
        ( 0.002857,-0.000004)|   6, 0, 0;0,  0;0,  0> +
        ( 0.001193, 0.000049)|   3, 0, 2;0,  0;0,  0> +
        ( 0.001075,-0.000039)|   3, 2, 0;0,  0;0,  0> +
        (-0.000586,-0.000017)|   2, 2, 0;0,  0;0,  0> +
        ( 0.000519, 0.000017)|   2, 0, 2;0,  0;0,  0> +
        ( 0.000480, 0.000031)|   1, 2, 2;0,  0;0,  0> +
        (-0.000396, 0.000058)|   1, 4, 0;0,  0;0,  0> +
        ( 0.000321,-0.000202)|   1, 0, 1;0,  0;0,  0> +
        ( 0.000202, 0.000320)|   1, 1, 0;0,  0;0,  0> +
        ( 0.000334, 0.000008)|   0, 3, 0;0,  0;0,  0> +
        (-0.000320,-0.000008)|   0, 4, 4;0,  0;0,  0> +
         ...
 |13> = (-0.004281, 0.710239)|   2, 0, 1;0,  0;0,  0> +
        ( 0.703917,-0.004334)|   2, 1, 0;0,  0;0,  0> +
        ( 0.000050,-0.003289)|   1, 0, 1;0,  0;0,  0> +
        ( 0.003287, 0.000050)|   1, 1, 0;0,  0;0,  0> +
        (-0.000016, 0.001598)|   0, 1, 1;0,  0;0,  0> +
        (-0.000507, 0.000045)|   2, 2, 0;0,  0;0,  0> +
        (-0.000434, 0.000000)|   5, 0, 0;0,  0;0,  0> +
         ...
 |14> = ( 0.999666, 0.025680)|   8, 0, 0;0,  0;0,  0> +
        ( 0.001978, 0.000278)|   1, 1, 1;0,  0;0,  0> +
        (-0.000570,-0.000945)|   2, 1, 1;0,  0;0,  0> +
        ( 0.000020,-0.000959)|   5, 0, 1;0,  0;0,  0> +
        (-0.000595, 0.000005)|   5, 1, 0;0,  0;0,  0> +
        ( 0.000191,-0.000523)|   3, 2, 0;0,  0;0,  0> +
        (-0.000166, 0.000523)|   3, 0, 2;0,  0;0,  0> +
        (-0.000487, 0.000001)|   4, 1, 0;0,  0;0,  0> +
        (-0.000415,-0.000159)|   4, 2, 0;0,  0;0,  0> +
        ( 0.000001,-0.000350)|   4, 0, 1;0,  0;0,  0> +
        (-0.000161,-0.000307)|   0, 2, 1;0,  0;0,  0> +
        ( 0.000298, 0.000159)|   4, 0, 2;0,  0;0,  0> +
         ...
 |15> = (-0.716680, 0.000448)|   3, 1, 0;0,  0;0,  0> +
        (-0.000353,-0.697373)|   3, 0, 1;0,  0;0,  0> +
        ( 0.005985,-0.000257)|   7, 0, 0;0,  0;0,  0> +
        (-0.000466,-0.001328)|   0, 2, 1;0,  0;0,  0> +
        (-0.000835,-0.000511)|   0, 3, 0;0,  0;0,  0> +
        ( 0.000748, 0.000157)|   0, 1, 2;0,  0;0,  0> +
        (-0.000151, 0.000653)|   0, 0, 3;0,  0;0,  0> +
        (-0.000553, 0.000032)|   2, 0, 2;0,  0;0,  0> +
        ( 0.000553,-0.000032)|   2, 2, 0;0,  0;0,  0> +
        (-0.000428, 0.000009)|   4, 2, 0;0,  0;0,  0> +
        (-0.000378,-0.000007)|   4, 0, 2;0,  0;0,  0> +
        (-0.000372,-0.000024)|   0, 0, 4;0,  0;0,  0> +
         ...
 |16> = (-0.995020, 0.099607)|   9, 0, 0;0,  0;0,  0> +
        (-0.000128,-0.002128)|   6, 0, 1;0,  0;0,  0> +
        ( 0.000019,-0.002128)|   5, 0, 1;0,  0;0,  0> +
        (-0.001147,-0.000035)|   6, 1, 0;0,  0;0,  0> +
        ( 0.000445, 0.000739)|   2, 1, 1;0,  0;0,  0> +
        (-0.000673,-0.000132)|   4, 0, 2;0,  0;0,  0> +
        (-0.000669, 0.000016)|   5, 1, 0;0,  0;0,  0> +
        (-0.000170, 0.000500)|   3, 0, 2;0,  0;0,  0> +
        ( 0.000171,-0.000500)|   3, 2, 0;0,  0;0,  0> +
        ( 0.000248, 0.000346)|   0, 1, 3;0,  0;0,  0> +
        (-0.000006, 0.000379)|   1, 2, 1;0,  0;0,  0> +
        (-0.000011,-0.000370)|   0, 0, 3;0,  0;0,  0> +
        ( 0.000214, 0.000278)|   0, 2, 1;0,  0;0,  0> +
        (-0.000349, 0.000001)|   3, 3, 0;0,  0;0,  0> +
        ( 0.000087, 0.000322)|   0, 3, 1;0,  0;0,  0> +
        (-0.000001,-0.000329)|   3, 0, 3;0,  0;0,  0> +
         ...
 |17> = ( 0.002487, 0.716668)|   3, 0, 1;0,  0;0,  0> +
        (-0.697364, 0.002503)|   3, 1, 0;0,  0;0,  0> +
        ( 0.005064, 0.000002)|   4, 1, 0;0,  0;0,  0> +
        (-0.000004, 0.005023)|   4, 0, 1;0,  0;0,  0> +
        ( 0.001005,-0.001065)|   3, 0, 2;0,  0;0,  0> +
        ( 0.000333, 0.001064)|   3, 2, 0;0,  0;0,  0> +
        ( 0.000003, 0.000536)|   1, 0, 3;0,  0;0,  0> +
        ( 0.000473,-0.000003)|   1, 3, 0;0,  0;0,  0> +
        ( 0.000347, 0.000002)|   1, 1, 2;0,  0;0,  0> +
        (-0.000322, 0.000014)|   7, 0, 0;0,  0;0,  0> +
         ...
 |18> = (-0.999875,-0.015027)|  10, 0, 0;0,  0;0,  0> +
        (-0.003424,-0.000163)|   6, 1, 0;0,  0;0,  0> +
        (-0.000201,-0.002817)|   6, 0, 1;0,  0;0,  0> +
        (-0.001280,-0.000012)|   5, 2, 0;0,  0;0,  0> +
        (-0.000093,-0.001246)|   3, 1, 1;0,  0;0,  0> +
        ( 0.000943,-0.000360)|   1, 1, 2;0,  0;0,  0> +
        ( 0.000648,-0.000004)|   2, 1, 2;0,  0;0,  0> +
        (-0.000228,-0.000582)|   1, 0, 3;0,  0;0,  0> +
        (-0.000574, 0.000027)|   2, 3, 0;0,  0;0,  0> +
        ( 0.000549,-0.000003)|   7, 1, 0;0,  0;0,  0> +
        ( 0.000277, 0.000460)|   2, 1, 1;0,  0;0,  0> +
        ( 0.000028,-0.000412)|   2, 0, 3;0,  0;0,  0> +
        (-0.000023,-0.000409)|   1, 1, 3;0,  0;0,  0> +
        (-0.000079,-0.000376)|   0, 3, 1;0,  0;0,  0> +
        (-0.000009,-0.000334)|   2, 2, 3;0,  0;0,  0> +
        ( 0.000318,-0.000010)|   3, 3, 0;0,  0;0,  0> +
         ...
 |19> = ( 0.000315, 0.754140)|   4, 0, 1;0,  0;0,  0> +
        ( 0.656665, 0.000427)|   4, 1, 0;0,  0;0,  0> +
        (-0.000021,-0.005039)|   3, 0, 1;0,  0;0,  0> +
        ( 0.005019,-0.000021)|   3, 1, 0;0,  0;0,  0> +
        ( 0.002490,-0.000107)|   7, 0, 0;0,  0;0,  0> +
        (-0.001704,-0.000236)|   1, 1, 1;0,  0;0,  0> +
        ( 0.000366,-0.000760)|   3, 2, 0;0,  0;0,  0> +
        (-0.000141, 0.000761)|   3, 0, 2;0,  0;0,  0> +
        ( 0.000586, 0.000015)|   8, 0, 0;0,  0;0,  0> +
        ( 0.000433,-0.000316)|   0, 1, 2;0,  0;0,  0> +
        ( 0.000506,-0.000002)|   1, 3, 0;0,  0;0,  0> +
        ( 0.000030,-0.000472)|   0, 0, 3;0,  0;0,  0> +
        ( 0.000309, 0.000333)|   0, 3, 0;0,  0;0,  0> +
        (-0.000000, 0.000393)|   1, 0, 3;0,  0;0,  0> +
        (-0.000377, 0.000005)|   2, 3, 0;0,  0;0,  0> +
        (-0.000004,-0.000377)|   2, 0, 3;0,  0;0,  0> +
        ( 0.000362,-0.000057)|   1, 4, 0;0,  0;0,  0> +
         ...
 |20> = (-0.754115, 0.007497)|   4, 1, 0;0,  0;0,  0> +
        ( 0.007230, 0.656648)|   4, 0, 1;0,  0;0,  0> +
        ( 0.003133, 0.000454)|   1, 1, 1;0,  0;0,  0> +
        (-0.001901,-0.000277)|   4, 2, 0;0,  0;0,  0> +
        (-0.000668, 0.000277)|   4, 0, 2;0,  0;0,  0> +
        (-0.000198, 0.000555)|   3, 0, 2;0,  0;0,  0> +
        ( 0.000181,-0.000554)|   3, 2, 0;0,  0;0,  0> +
        (-0.000000, 0.000507)|   1, 2, 1;0,  0;0,  0> +
        ( 0.000044, 0.000452)|   0, 2, 1;0,  0;0,  0> +
        ( 0.000433, 0.000041)|   1, 2, 2;0,  0;0,  0> +
        (-0.000409, 0.000095)|   0, 1, 2;0,  0;0,  0> +
        ( 0.000001, 0.000370)|   3, 0, 1;0,  0;0,  0> +
        (-0.000368, 0.000002)|   3, 1, 0;0,  0;0,  0> +
        ( 0.000009, 0.000327)|   1, 0, 3;0,  0;0,  0> +
         ...
 |21> = ( 0.990475,-0.137604)|  11, 0, 0;0,  0;0,  0> +
        ( 0.000444,-0.002963)|   7, 0, 1;0,  0;0,  0> +
        (-0.000172,-0.002292)|   3, 1, 1;0,  0;0,  0> +
        ( 0.000114,-0.001301)|   3, 2, 1;0,  0;0,  0> +
        (-0.001136, 0.000221)|   7, 1, 0;0,  0;0,  0> +
        ( 0.001071,-0.000338)|   1, 1, 2;0,  0;0,  0> +
        ( 0.000735,-0.000001)|   2, 1, 2;0,  0;0,  0> +
        ( 0.000006,-0.000699)|   4, 2, 1;0,  0;0,  0> +
        ( 0.000668,-0.000027)|   3, 3, 0;0,  0;0,  0> +
        (-0.000008, 0.000495)|   4, 1, 1;0,  0;0,  0> +
        ( 0.000429, 0.000018)|   3, 4, 0;0,  0;0,  0> +
        ( 0.000406, 0.000004)|   5, 2, 0;0,  0;0,  0> +
        (-0.000395, 0.000024)|   6, 2, 0;0,  0;0,  0> +
        (-0.000061,-0.000390)|   1, 2, 1;0,  0;0,  0> +
        ( 0.000361, 0.000082)|   4, 0, 4;0,  0;0,  0> +
        ( 0.000002, 0.000358)|   4, 0, 3;0,  0;0,  0> +
         ...
 |22> = (-0.015182, 0.746724)|   5, 0, 1;0,  0;0,  0> +
        (-0.664639,-0.011860)|   5, 1, 0;0,  0;0,  0> +
        ( 0.000903, 0.015006)|   6, 0, 1;0,  0;0,  0> +
        ( 0.007486, 0.000217)|   6, 1, 0;0,  0;0,  0> +
        (-0.001180, 0.000118)|   9, 0, 0;0,  0;0,  0> +
        (-0.000020, 0.000967)|   2, 2, 1;0,  0;0,  0> +
        ( 0.000742,-0.000007)|   5, 2, 0;0,  0;0,  0> +
        (-0.000557, 0.000030)|   2, 1, 2;0,  0;0,  0> +
        (-0.000082, 0.000539)|   0, 4, 1;0,  0;0,  0> +
        ( 0.000544, 0.000006)|   5, 0, 2;0,  0;0,  0> +
        ( 0.000476,-0.000228)|   0, 1, 2;0,  0;0,  0> +
        (-0.000283,-0.000421)|   0, 1, 3;0,  0;0,  0> +
        ( 0.000007,-0.000503)|   2, 0, 3;0,  0;0,  0> +
        (-0.000414,-0.000075)|   0, 3, 2;0,  0;0,  0> +
        ( 0.000079,-0.000384)|   0, 2, 1;0,  0;0,  0> +
        (-0.000201,-0.000334)|   2, 1, 1;0,  0;0,  0> +
        (-0.000006,-0.000331)|   1, 2, 3;0,  0;0,  0> +
        ( 0.000320,-0.000003)|   8, 0, 0;0,  0;0,  0> +
         ...
 |23> = (-0.746964, 0.001163)|   5, 1, 0;0,  0;0,  0> +
        ( 0.000618,-0.664850)|   5, 0, 1;0,  0;0,  0> +
        ( 0.001899,-0.000190)|   9, 0, 0;0,  0;0,  0> +
        (-0.000775,-0.001285)|   2, 1, 1;0,  0;0,  0> +
        ( 0.001485,-0.000008)|   5, 0, 2;0,  0;0,  0> +
        ( 0.001283, 0.000008)|   5, 2, 0;0,  0;0,  0> +
        ( 0.000377,-0.001107)|   3, 0, 2;0,  0;0,  0> +
        (-0.000379, 0.001106)|   3, 2, 0;0,  0;0,  0> +
        ( 0.000068, 0.001138)|   6, 0, 1;0,  0;0,  0> +
        ( 0.001075, 0.000167)|   4, 0, 2;0,  0;0,  0> +
        (-0.001084,-0.000018)|   8, 0, 0;0,  0;0,  0> +
        (-0.000046,-0.000869)|   1, 0, 3;0,  0;0,  0> +
        ( 0.000568, 0.000016)|   6, 1, 0;0,  0;0,  0> +
        ( 0.000447,-0.000048)|   1, 4, 0;0,  0;0,  0> +
        (-0.000004, 0.000381)|   2, 2, 1;0,  0;0,  0> +
        ( 0.000319,-0.000168)|   4, 2, 0;0,  0;0,  0> +
        (-0.000322, 0.000002)|   3, 2, 2;0,  0;0,  0> +
         ...
 |24> = (-0.053850,-0.898004)|   6, 0, 1;0,  0;0,  0> +
        (-0.436153,-0.012303)|   6, 1, 0;0,  0;0,  0> +
        (-0.012116,-0.000198)|   5, 1, 0;0,  0;0,  0> +
        (-0.000254, 0.011700)|   5, 0, 1;0,  0;0,  0> +
        ( 0.004035, 0.000061)|  10, 0, 0;0,  0;0,  0> +
        ( 0.002390,-0.000240)|   9, 0, 0;0,  0;0,  0> +
        ( 0.000618, 0.001026)|   2, 1, 1;0,  0;0,  0> +
        ( 0.000979, 0.000013)|   5, 2, 0;0,  0;0,  0> +
        (-0.000840,-0.000012)|   5, 0, 2;0,  0;0,  0> +
        ( 0.000050, 0.000806)|   3, 1, 1;0,  0;0,  0> +
        ( 0.000000, 0.000434)|   2, 0, 3;0,  0;0,  0> +
        ( 0.000388, 0.000000)|   1, 3, 0;0,  0;0,  0> +
        ( 0.000007,-0.000326)|   2, 2, 1;0,  0;0,  0> +
        ( 0.000008,-0.000321)|   1, 2, 1;0,  0;0,  0> +
         ...
