# Parameters of the model
#  mass:		    261.00 u
#  charge:	      1.00 e
#  dipole:	      4.74 D
#  B:		    503.65 MHz
#  omega_rho:	      1.40 MHz
#  omega_z:	      0.12 MHz

# Basis truncation:	|36,5,5;1,1>
# omega_1:	      0.21 MHz
# omega_3/5:	      1.39 MHz
# Basis size:		14400

# Active terms of the Hamiltionian:
# 	Nomal modes:	1
# 	T_rot:      	1
# 	V_qd^{(0)}: 	1
# 	V_qd^{(1)}: 	1
# 	V_dd^{(0)}: 	1

# Results of the diagonalisation

# 100 smallest eigenvalues
 7.210841656 8.207859039 9.203374863 10.213367462 11.231639862 12.223546028 13.210857391 13.902300835 13.957362175 14.188358307 14.919961929 14.946083069 15.185994148 15.927406311 15.936987877 16.216983795 16.910062790 16.969470978 17.159934998 17.939720154 17.973546982 18.208965302 18.868679047 18.899261475 19.188028336 19.936594009 19.958953857 20.318744659 20.626096725 20.633363724 20.635766983 20.868642807 20.878858566 21.095518112 21.602205276 21.626945496 21.666465759 21.912675858 22.085163116 22.167448044 22.634805679 22.659450531 22.750911713 22.843332291 23.026597977 23.236978531 23.615964890 23.647733688 23.662673950 23.910116196 23.916536331 24.224363327 24.623462677 24.627799988 24.638376236 24.953174591 25.065666199 25.240844727 25.618144989 25.642086029 25.659877777 25.803779602 25.985900879 26.246715546 26.613071442 26.646881104 26.752199173 26.969877243 26.991573334 27.248210907 27.340610504 27.350057602 27.395219803 27.402339935 27.617582321 27.698122025 27.744663239 27.877471924 28.020650864 28.333604813 28.333810806 28.336551666 28.352657318 28.358976364 28.509820938 28.602998734 28.646043777 28.994256973 28.997076035 29.200180054 29.288080215 29.344335556 29.353374481 29.370773315 29.615118027 29.635423660 29.654645920 29.899179459 29.935539246 30.235431671

# Ground state and the lowest excitations:
 | 0> = ( 1.000000, 0.000000)|   0, 0, 0;0,  0;0,  0> +
         ...
 | 1> = (-1.000000,-0.000000)|   1, 0, 0;0,  0;0,  0> +
         ...
 | 2> = ( 1.000000, 0.000000)|   2, 0, 0;0,  0;0,  0> +
         ...
 | 3> = (-0.999999,-0.000001)|   3, 0, 0;0,  0;0,  0> +
        (-0.000372, 0.000002)|   1, 2, 0;0,  0;0,  0> +
        (-0.000372, 0.000002)|   1, 0, 2;0,  0;0,  0> +
         ...
 | 4> = (-0.999998,-0.000330)|   4, 0, 0;0,  0;0,  0> +
        (-0.000011,-0.001007)|   0, 0, 1;0,  0;0,  0> +
        ( 0.001006,-0.000011)|   0, 1, 0;0,  0;0,  0> +
         ...
 | 5> = (-0.999998,-0.000723)|   5, 0, 0;0,  0;0,  0> +
        ( 0.000752, 0.000046)|   1, 1, 0;0,  0;0,  0> +
        ( 0.000046,-0.000752)|   1, 0, 1;0,  0;0,  0> +
        ( 0.000416,-0.000290)|   2, 1, 0;0,  0;0,  0> +
        ( 0.000367,-0.000226)|   1, 2, 0;0,  0;0,  0> +
        (-0.000367, 0.000226)|   1, 0, 2;0,  0;0,  0> +
        ( 0.000364,-0.000080)|   3, 2, 0;0,  0;0,  0> +
        ( 0.000360, 0.000081)|   3, 0, 2;0,  0;0,  0> +
         ...
 | 6> = ( 0.999990, 0.002091)|   6, 0, 0;0,  0;0,  0> +
        ( 0.000002, 0.002125)|   3, 0, 1;0,  0;0,  0> +
        ( 0.002074, 0.000000)|   3, 1, 0;0,  0;0,  0> +
        (-0.000002,-0.001560)|   4, 0, 1;0,  0;0,  0> +
        (-0.001068,-0.000010)|   4, 0, 2;0,  0;0,  0> +
        ( 0.000216, 0.000650)|   3, 1, 1;0,  0;0,  0> +
        (-0.000565,-0.000001)|   4, 1, 0;0,  0;0,  0> +
        (-0.000000,-0.000494)|   5, 0, 1;0,  0;0,  0> +
        ( 0.000366, 0.000290)|   8, 1, 0;0,  0;0,  0> +
        (-0.000457, 0.000015)|   0, 1, 2;0,  0;0,  0> +
        (-0.000407, 0.000000)|   5, 1, 0;0,  0;0,  0> +
        (-0.000022,-0.000393)|   6, 0, 1;0,  0;0,  0> +
         ...
 | 7> = (-0.000003,-0.707110)|   0, 0, 1;0,  0;0,  0> +
        (-0.707101,-0.000003)|   0, 1, 0;0,  0;0,  0> +
         ...
 | 8> = (-0.706917, 0.016618)|   0, 1, 0;0,  0;0,  0> +
        ( 0.016622, 0.706907)|   0, 0, 1;0,  0;0,  0> +
        (-0.001423, 0.000018)|   4, 0, 0;0,  0;0,  0> +
         ...
 | 9> = ( 0.998938, 0.045944)|   7, 0, 0;0,  0;0,  0> +
        (-0.000002,-0.001340)|   4, 0, 1;0,  0;0,  0> +
        ( 0.001092,-0.000001)|   5, 1, 0;0,  0;0,  0> +
        (-0.001081, 0.000075)|   6, 1, 0;0,  0;0,  0> +
        ( 0.001058,-0.000001)|   2, 3, 0;0,  0;0,  0> +
        ( 0.000002, 0.000881)|   2, 0, 3;0,  0;0,  0> +
        ( 0.000796, 0.000002)|   2, 2, 2;0,  0;0,  0> +
        (-0.000791,-0.000016)|   4, 0, 2;0,  0;0,  0> +
        ( 0.000787, 0.000016)|   4, 2, 0;0,  0;0,  0> +
        (-0.000000, 0.000617)|   2, 2, 1;0,  0;0,  0> +
        ( 0.000514,-0.000001)|   2, 1, 2;0,  0;0,  0> +
        ( 0.000005,-0.000511)|   9, 1, 0;0,  0;0,  0> +
        (-0.000153,-0.000459)|   3, 1, 1;0,  0;0,  0> +
        ( 0.000453, 0.000005)|   7, 1, 0;0,  0;0,  0> +
        (-0.000424, 0.000026)|   2, 4, 0;0,  0;0,  0> +
        ( 0.000341, 0.000200)|   5, 2, 0;0,  0;0,  0> +
        ( 0.000000, 0.000361)|   5, 0, 1;0,  0;0,  0> +
        ( 0.000046, 0.000342)|   6, 0, 1;0,  0;0,  0> +
        (-0.000335, 0.000034)|   1, 2, 2;0,  0;0,  0> +
        (-0.000333,-0.000001)|   4, 1, 0;0,  0;0,  0> +
         ...
 |10> = ( 0.000202, 0.714727)|   1, 0, 1;0,  0;0,  0> +
        ( 0.699398,-0.001028)|   1, 1, 0;0,  0;0,  0> +
        (-0.002096, 0.000286)|   0, 2, 0;0,  0;0,  0> +
        ( 0.002096,-0.000286)|   0, 0, 2;0,  0;0,  0> +
        ( 0.000439, 0.000669)|   2, 2, 0;0,  0;0,  0> +
        ( 0.000416,-0.000668)|   2, 0, 2;0,  0;0,  0> +
         ...
 |11> = ( 0.713970, 0.032453)|   1, 1, 0;0,  0;0,  0> +
        ( 0.032586,-0.698620)|   1, 0, 1;0,  0;0,  0> +
        (-0.000176,-0.005344)|   2, 0, 1;0,  0;0,  0> +
        (-0.005213, 0.000034)|   2, 1, 0;0,  0;0,  0> +
        ( 0.001064,-0.000016)|   5, 0, 0;0,  0;0,  0> +
        ( 0.000877,-0.000516)|   1, 2, 0;0,  0;0,  0> +
        (-0.000877, 0.000516)|   1, 0, 2;0,  0;0,  0> +
        (-0.000496, 0.000026)|   3, 2, 0;0,  0;0,  0> +
        (-0.000496,-0.000025)|   3, 0, 2;0,  0;0,  0> +
        ( 0.000025,-0.000369)|   2, 0, 2;0,  0;0,  0> +
        ( 0.000003, 0.000369)|   2, 2, 0;0,  0;0,  0> +
        (-0.000364, 0.000063)|   0, 2, 2;0,  0;0,  0> +
         ...
 |12> = (-0.998753,-0.049809)|   8, 0, 0;0,  0;0,  0> +
        (-0.001425, 0.000105)|   6, 1, 0;0,  0;0,  0> +
        ( 0.000024, 0.001134)|  13, 0, 0;0,  0;0,  0> +
        (-0.000001,-0.001072)|   5, 0, 1;0,  0;0,  0> +
        (-0.000057,-0.000999)|   2, 1, 1;0,  0;0,  0> +
        ( 0.000005, 0.000880)|   2, 0, 3;0,  0;0,  0> +
        ( 0.000677,-0.000076)|   6, 2, 0;0,  0;0,  0> +
        (-0.000670,-0.000001)|   1, 3, 0;0,  0;0,  0> +
        ( 0.000068, 0.000625)|   6, 0, 1;0,  0;0,  0> +
        ( 0.000615,-0.000010)|   0, 1, 3;0,  0;0,  0> +
        ( 0.000570,-0.000186)|   1, 1, 2;0,  0;0,  0> +
        ( 0.000585, 0.000001)|   7, 1, 0;0,  0;0,  0> +
        (-0.000484,-0.000315)|   5, 0, 2;0,  0;0,  0> +
        (-0.000566, 0.000008)|   2, 3, 0;0,  0;0,  0> +
        (-0.000527, 0.000001)|   5, 1, 0;0,  0;0,  0> +
        (-0.000374, 0.000312)|   5, 2, 0;0,  0;0,  0> +
        ( 0.000014,-0.000455)|   9, 1, 0;0,  0;0,  0> +
        ( 0.000142, 0.000386)|   8, 1, 0;0,  0;0,  0> +
        (-0.000134, 0.000360)|   1, 2, 1;0,  0;0,  0> +
        ( 0.000010, 0.000373)|   7, 0, 1;0,  0;0,  0> +
        ( 0.000333,-0.000062)|   8, 0, 1;0,  0;0,  0> +
         ...
 |13> = (-0.002315, 0.751724)|   2, 0, 1;0,  0;0,  0> +
        ( 0.659420,-0.002916)|   2, 1, 0;0,  0;0,  0> +
        ( 0.005267, 0.000349)|   1, 1, 0;0,  0;0,  0> +
        ( 0.000350,-0.005252)|   1, 0, 1;0,  0;0,  0> +
        (-0.001115, 0.000227)|   3, 0, 2;0,  0;0,  0> +
        (-0.001106,-0.000228)|   3, 2, 0;0,  0;0,  0> +
        ( 0.000017,-0.000465)|   0, 1, 1;0,  0;0,  0> +
        ( 0.000399,-0.000073)|   0, 3, 0;0,  0;0,  0> +
        ( 0.000001, 0.000372)|   2, 2, 0;0,  0;0,  0> +
        ( 0.000000,-0.000372)|   2, 0, 2;0,  0;0,  0> +
         ...
 |14> = (-0.750734,-0.039039)|   2, 1, 0;0,  0;0,  0> +
        (-0.039183, 0.658282)|   2, 0, 1;0,  0;0,  0> +
        ( 0.000132,-0.000651)|   0, 0, 3;0,  0;0,  0> +
        (-0.000288,-0.000433)|   5, 0, 0;0,  0;0,  0> +
        (-0.000172,-0.000488)|   3, 2, 0;0,  0;0,  0> +
        ( 0.000191,-0.000481)|   0, 1, 1;0,  0;0,  0> +
        ( 0.000505,-0.000000)|   3, 1, 0;0,  0;0,  0> +
        ( 0.000000, 0.000498)|   3, 0, 1;0,  0;0,  0> +
        (-0.000040, 0.000445)|   3, 0, 2;0,  0;0,  0> +
        ( 0.000348, 0.000139)|   0, 3, 0;0,  0;0,  0> +
        (-0.000089, 0.000358)|   1, 1, 1;0,  0;0,  0> +
        ( 0.000019, 0.000355)|   2, 1, 1;0,  0;0,  0> +
        (-0.000339,-0.000005)|   4, 0, 2;0,  0;0,  0> +
         ...
 |15> = (-0.999971,-0.003765)|   9, 0, 0;0,  0;0,  0> +
        (-0.000011,-0.004934)|  11, 0, 0;0,  0;0,  0> +
        (-0.001384, 0.000071)|   6, 1, 0;0,  0;0,  0> +
        (-0.001277,-0.000001)|  10, 0, 0;0,  0;0,  0> +
        (-0.001251,-0.000005)|   7, 1, 0;0,  0;0,  0> +
        ( 0.000685,-0.000979)|   9, 0, 1;0,  0;0,  0> +
        (-0.001128, 0.000018)|   0, 1, 3;0,  0;0,  0> +
        ( 0.001095,-0.000006)|   3, 3, 0;0,  0;0,  0> +
        ( 0.000001, 0.001074)|   3, 0, 3;0,  0;0,  0> +
        (-0.000021,-0.000996)|  13, 0, 0;0,  0;0,  0> +
        ( 0.000048,-0.000895)|   9, 1, 0;0,  0;0,  0> +
        ( 0.000111, 0.000773)|   2, 2, 1;0,  0;0,  0> +
        (-0.000628,-0.000345)|   8, 1, 0;0,  0;0,  0> +
        (-0.000684,-0.000091)|   2, 1, 2;0,  0;0,  0> +
        ( 0.000001, 0.000636)|   3, 2, 1;0,  0;0,  0> +
        ( 0.000098,-0.000628)|  15, 0, 0;0,  0;0,  0> +
        ( 0.000626, 0.000002)|   3, 1, 2;0,  0;0,  0> +
        (-0.000178,-0.000580)|  12, 0, 0;0,  0;0,  0> +
        (-0.000092, 0.000595)|   6, 1, 1;0,  0;0,  0> +
        (-0.000041,-0.000573)|   8, 0, 1;0,  0;0,  0> +
        ( 0.000142, 0.000457)|   5, 2, 0;0,  0;0,  0> +
        (-0.000142,-0.000457)|   5, 0, 2;0,  0;0,  0> +
        ( 0.000391, 0.000230)|  10, 1, 0;0,  0;0,  0> +
        (-0.000446, 0.000061)|   6, 2, 0;0,  0;0,  0> +
        (-0.000177, 0.000380)|  17, 0, 0;0,  0;0,  0> +
        ( 0.000408, 0.000004)|   3, 2, 2;0,  0;0,  0> +
        ( 0.000026,-0.000394)|   6, 0, 1;0,  0;0,  0> +
        (-0.000016,-0.000393)|   7, 0, 1;0,  0;0,  0> +
        (-0.000000, 0.000323)|   4, 1, 1;0,  0;0,  0> +
         ...
 |16> = ( 0.020852, 0.710714)|   3, 0, 1;0,  0;0,  0> +
        (-0.702848, 0.020570)|   3, 1, 0;0,  0;0,  0> +
        (-0.000038, 0.004420)|   4, 0, 1;0,  0;0,  0> +
        ( 0.000050, 0.002159)|   6, 0, 1;0,  0;0,  0> +
        ( 0.001793, 0.000008)|   7, 1, 0;0,  0;0,  0> +
        ( 0.001112,-0.000001)|   6, 1, 0;0,  0;0,  0> +
        ( 0.001040, 0.000047)|   4, 1, 0;0,  0;0,  0> +
        ( 0.000041,-0.000976)|   3, 2, 0;0,  0;0,  0> +
        (-0.000040, 0.000974)|   3, 0, 2;0,  0;0,  0> +
        (-0.000196, 0.000789)|   1, 1, 1;0,  0;0,  0> +
        (-0.000502,-0.000428)|   8, 1, 0;0,  0;0,  0> +
        (-0.000159,-0.000534)|   0, 2, 1;0,  0;0,  0> +
        ( 0.000163, 0.000492)|   3, 1, 1;0,  0;0,  0> +
        ( 0.000021, 0.000437)|   7, 0, 1;0,  0;0,  0> +
        ( 0.000418, 0.000003)|   4, 0, 2;0,  0;0,  0> +
        (-0.000193,-0.000363)|   8, 0, 1;0,  0;0,  0> +
        (-0.000397,-0.000018)|   7, 0, 0;0,  0;0,  0> +
        (-0.000017,-0.000317)|   2, 1, 1;0,  0;0,  0> +
         ...
 |17> = (-0.711021, 0.000226)|   3, 1, 0;0,  0;0,  0> +
        (-0.000275,-0.703158)|   3, 0, 1;0,  0;0,  0> +
        ( 0.002970, 0.000006)|   6, 0, 0;0,  0;0,  0> +
        (-0.000980, 0.000812)|   8, 0, 1;0,  0;0,  0> +
        ( 0.000000, 0.001135)|   4, 0, 1;0,  0;0,  0> +
        ( 0.001125,-0.000000)|   4, 1, 0;0,  0;0,  0> +
        ( 0.000270,-0.001084)|   1, 1, 1;0,  0;0,  0> +
        ( 0.000055, 0.001011)|   2, 1, 1;0,  0;0,  0> +
        (-0.000973,-0.000010)|   4, 0, 2;0,  0;0,  0> +
        ( 0.000246,-0.000813)|   8, 1, 0;0,  0;0,  0> +
        ( 0.000023,-0.000524)|   3, 2, 0;0,  0;0,  0> +
        (-0.000013, 0.000523)|   3, 0, 2;0,  0;0,  0> +
        (-0.000028, 0.000502)|   2, 0, 1;0,  0;0,  0> +
        (-0.000500,-0.000028)|   2, 1, 0;0,  0;0,  0> +
         ...
 |18> = (-0.999950,-0.000974)|  10, 0, 0;0,  0;0,  0> +
        (-0.000019,-0.008940)|  11, 0, 0;0,  0;0,  0> +
        (-0.000603,-0.001964)|  12, 0, 0;0,  0;0,  0> +
        ( 0.001303,-0.000243)|   6, 2, 0;0,  0;0,  0> +
        ( 0.001320, 0.000005)|   9, 0, 0;0,  0;0,  0> +
        ( 0.001185,-0.000513)|  14, 0, 0;0,  0;0,  0> +
        ( 0.001277,-0.000097)|   6, 1, 0;0,  0;0,  0> +
        ( 0.000019, 0.001093)|   7, 0, 1;0,  0;0,  0> +
        (-0.000069,-0.000920)|   6, 0, 1;0,  0;0,  0> +
        (-0.000653, 0.000251)|   6, 0, 2;0,  0;0,  0> +
        ( 0.000182, 0.000672)|   3, 1, 1;0,  0;0,  0> +
        (-0.000059,-0.000683)|   5, 1, 1;0,  0;0,  0> +
        ( 0.000563, 0.000022)|   7, 0, 2;0,  0;0,  0> +
        ( 0.000086,-0.000556)|   6, 1, 1;0,  0;0,  0> +
        (-0.000453,-0.000308)|   8, 1, 0;0,  0;0,  0> +
        ( 0.000287,-0.000452)|  12, 0, 1;0,  0;0,  0> +
        (-0.000463,-0.000253)|  10, 1, 0;0,  0;0,  0> +
        (-0.000509,-0.000069)|   7, 2, 0;0,  0;0,  0> +
        ( 0.000487,-0.000136)|   2, 1, 2;0,  0;0,  0> +
        ( 0.000491,-0.000006)|   7, 1, 0;0,  0;0,  0> +
        (-0.000000,-0.000407)|   4, 1, 1;0,  0;0,  0> +
        (-0.000178, 0.000353)|  10, 0, 1;0,  0;0,  0> +
        (-0.000093,-0.000376)|   8, 0, 1;0,  0;0,  0> +
        ( 0.000013, 0.000372)|   3, 0, 3;0,  0;0,  0> +
        ( 0.000366, 0.000015)|   3, 3, 0;0,  0;0,  0> +
        ( 0.000154,-0.000330)|  17, 0, 0;0,  0;0,  0> +
        (-0.000007,-0.000341)|  13, 0, 0;0,  0;0,  0> +
        (-0.000215,-0.000250)|   0, 3, 1;0,  0;0,  0> +
         ...
 |19> = ( 0.001857, 0.728043)|   4, 0, 1;0,  0;0,  0> +
        (-0.685513, 0.001962)|   4, 1, 0;0,  0;0,  0> +
        ( 0.001802,-0.000053)|   3, 1, 0;0,  0;0,  0> +
        (-0.000053,-0.001742)|   3, 0, 1;0,  0;0,  0> +
        (-0.000183, 0.001170)|  15, 0, 0;0,  0;0,  0> +
        ( 0.001140, 0.000005)|   7, 1, 0;0,  0;0,  0> +
        (-0.000028,-0.001135)|   1, 0, 3;0,  0;0,  0> +
        ( 0.000585,-0.000886)|   9, 0, 1;0,  0;0,  0> +
        ( 0.001047,-0.000001)|   5, 1, 0;0,  0;0,  0> +
        (-0.000010, 0.000899)|   1, 2, 1;0,  0;0,  0> +
        ( 0.000749, 0.000002)|   6, 0, 0;0,  0;0,  0> +
        ( 0.000745, 0.000034)|   7, 0, 0;0,  0;0,  0> +
        ( 0.000612,-0.000000)|   5, 0, 2;0,  0;0,  0> +
        ( 0.000612, 0.000002)|   5, 2, 0;0,  0;0,  0> +
        (-0.000032,-0.000593)|   2, 1, 1;0,  0;0,  0> +
        ( 0.000000, 0.000510)|   5, 0, 1;0,  0;0,  0> +
        ( 0.000475,-0.000037)|   1, 3, 0;0,  0;0,  0> +
        ( 0.000144, 0.000434)|   3, 1, 1;0,  0;0,  0> +
        ( 0.000107, 0.000368)|   0, 2, 1;0,  0;0,  0> +
        ( 0.000014, 0.000364)|   7, 0, 1;0,  0;0,  0> +
        ( 0.000006, 0.000360)|   2, 0, 3;0,  0;0,  0> +
        ( 0.000342,-0.000002)|   2, 3, 0;0,  0;0,  0> +
         ...
 |20> = (-0.728050, 0.000450)|   4, 1, 0;0,  0;0,  0> +
        (-0.000209,-0.685504)|   4, 0, 1;0,  0;0,  0> +
        (-0.003797, 0.000122)|   3, 1, 0;0,  0;0,  0> +
        ( 0.000122, 0.001566)|   3, 0, 1;0,  0;0,  0> +
        (-0.001476,-0.000003)|   6, 0, 0;0,  0;0,  0> +
        ( 0.000336,-0.001343)|   1, 1, 1;0,  0;0,  0> +
        (-0.001161,-0.000053)|   7, 0, 0;0,  0;0,  0> +
        ( 0.000063, 0.001160)|   2, 1, 1;0,  0;0,  0> +
        (-0.000480,-0.000953)|   8, 1, 0;0,  0;0,  0> +
        (-0.000756,-0.000011)|   8, 0, 1;0,  0;0,  0> +
        (-0.000004,-0.000618)|   1, 0, 3;0,  0;0,  0> +
        (-0.000507,-0.000003)|   1, 3, 0;0,  0;0,  0> +
        (-0.000013, 0.000320)|   3, 2, 0;0,  0;0,  0> +
        ( 0.000013,-0.000319)|   3, 0, 2;0,  0;0,  0> +
         ...
 |21> = (-0.002175,-0.999898)|  11, 0, 0;0,  0;0,  0> +
        ( 0.008967, 0.000008)|  10, 0, 0;0,  0;0,  0> +
        (-0.002206,-0.007189)|  12, 0, 0;0,  0;0,  0> +
        ( 0.004930, 0.000019)|   9, 0, 0;0,  0;0,  0> +
        ( 0.002823,-0.000681)|   6, 2, 0;0,  0;0,  0> +
        (-0.002806, 0.000682)|   6, 0, 2;0,  0;0,  0> +
        (-0.000043,-0.002050)|  13, 0, 0;0,  0;0,  0> +
        ( 0.000136, 0.001577)|   5, 1, 1;0,  0;0,  0> +
        (-0.000161, 0.001388)|   3, 0, 3;0,  0;0,  0> +
        (-0.000186, 0.001198)|   6, 1, 1;0,  0;0,  0> +
        ( 0.000622,-0.000990)|  10, 0, 1;0,  0;0,  0> +
        ( 0.000535, 0.000913)|   8, 1, 0;0,  0;0,  0> +
        ( 0.000688, 0.000705)|  16, 0, 0;0,  0;0,  0> +
        (-0.000353,-0.000876)|   2, 2, 1;0,  0;0,  0> +
        (-0.000001, 0.000923)|   3, 2, 1;0,  0;0,  0> +
        ( 0.000901, 0.000043)|   3, 1, 2;0,  0;0,  0> +
        (-0.000628,-0.000437)|  10, 1, 0;0,  0;0,  0> +
        ( 0.000718,-0.000192)|   3, 3, 0;0,  0;0,  0> +
        ( 0.000403,-0.000590)|   9, 0, 1;0,  0;0,  0> +
        (-0.000009,-0.000713)|   4, 1, 1;0,  0;0,  0> +
        (-0.000648, 0.000281)|  14, 0, 0;0,  0;0,  0> +
        ( 0.000685, 0.000107)|   8, 0, 1;0,  0;0,  0> +
        ( 0.000510,-0.000332)|   2, 3, 0;0,  0;0,  0> +
        (-0.000525, 0.000007)|   0, 1, 3;0,  0;0,  0> +
        (-0.000322,-0.000377)|   0, 3, 1;0,  0;0,  0> +
        ( 0.000001, 0.000469)|   7, 0, 1;0,  0;0,  0> +
        ( 0.000410, 0.000005)|   5, 2, 2;0,  0;0,  0> +
        ( 0.000171,-0.000366)|  17, 0, 0;0,  0;0,  0> +
        (-0.000329, 0.000004)|   2, 1, 4;0,  0;0,  0> +
        ( 0.000325,-0.000002)|   5, 0, 4;0,  0;0,  0> +
         ...
 |22> = (-0.779917, 0.000503)|   5, 1, 0;0,  0;0,  0> +
        (-0.000523,-0.625588)|   5, 0, 1;0,  0;0,  0> +
        (-0.000253,-0.014949)|   6, 0, 1;0,  0;0,  0> +
        (-0.010815, 0.000195)|   6, 1, 0;0,  0;0,  0> +
        ( 0.000170, 0.003212)|   2, 1, 1;0,  0;0,  0> +
        ( 0.000811,-0.001690)|   8, 0, 1;0,  0;0,  0> +
        (-0.000543,-0.001633)|   3, 1, 1;0,  0;0,  0> +
        ( 0.000758,-0.001140)|   9, 0, 1;0,  0;0,  0> +
        (-0.001274, 0.000152)|   8, 1, 0;0,  0;0,  0> +
        ( 0.001085, 0.000054)|   8, 0, 0;0,  0;0,  0> +
        ( 0.001071, 0.000049)|   7, 0, 0;0,  0;0,  0> +
        (-0.000010,-0.000895)|   1, 0, 3;0,  0;0,  0> +
        ( 0.000002, 0.000805)|   4, 0, 1;0,  0;0,  0> +
        (-0.000802, 0.000002)|   4, 1, 0;0,  0;0,  0> +
        ( 0.000640,-0.000010)|   0, 1, 3;0,  0;0,  0> +
        (-0.000628,-0.000001)|   6, 0, 0;0,  0;0,  0> +
        ( 0.000009, 0.000588)|   7, 0, 1;0,  0;0,  0> +
        ( 0.000474,-0.000028)|   1, 3, 0;0,  0;0,  0> +
        (-0.000360, 0.000156)|  14, 0, 0;0,  0;0,  0> +
        ( 0.000041, 0.000373)|   1, 2, 1;0,  0;0,  0> +
        (-0.000365,-0.000011)|   4, 0, 4;0,  0;0,  0> +
        (-0.000363, 0.000001)|   4, 4, 0;0,  0;0,  0> +
        ( 0.000355,-0.000020)|   1, 2, 2;0,  0;0,  0> +
         ...
 |23> = ( 0.001079, 0.780077)|   5, 0, 1;0,  0;0,  0> +
        (-0.625497, 0.000746)|   5, 1, 0;0,  0;0,  0> +
        (-0.000642,-0.014004)|   6, 0, 1;0,  0;0,  0> +
        ( 0.003156,-0.000616)|   6, 1, 0;0,  0;0,  0> +
        (-0.002553,-0.000033)|   7, 1, 0;0,  0;0,  0> +
        (-0.002234, 0.000968)|  14, 0, 0;0,  0;0,  0> +
        ( 0.000007, 0.001924)|   7, 0, 1;0,  0;0,  0> +
        (-0.000264, 0.001689)|  15, 0, 0;0,  0;0,  0> +
        ( 0.001061,-0.000017)|   1, 3, 0;0,  0;0,  0> +
        (-0.000041, 0.000981)|   9, 1, 0;0,  0;0,  0> +
        (-0.000510, 0.000712)|   9, 0, 1;0,  0;0,  0> +
        (-0.000045,-0.000868)|   2, 1, 1;0,  0;0,  0> +
        ( 0.000016,-0.000820)|   1, 0, 3;0,  0;0,  0> +
        (-0.000590, 0.000463)|   8, 0, 1;0,  0;0,  0> +
        (-0.000004,-0.000526)|   2, 0, 3;0,  0;0,  0> +
        (-0.000523,-0.000025)|   8, 0, 0;0,  0;0,  0> +
        ( 0.000121,-0.000502)|   8, 1, 0;0,  0;0,  0> +
        ( 0.000150, 0.000451)|   3, 1, 1;0,  0;0,  0> +
        (-0.000429, 0.000203)|   1, 1, 2;0,  0;0,  0> +
        (-0.000411, 0.000007)|   0, 1, 3;0,  0;0,  0> +
        ( 0.000411, 0.000019)|   7, 0, 0;0,  0;0,  0> +
        ( 0.000000,-0.000405)|   4, 1, 1;0,  0;0,  0> +
        ( 0.000375,-0.000043)|   2, 4, 0;0,  0;0,  0> +
        ( 0.000352,-0.000008)|   2, 3, 0;0,  0;0,  0> +
         ...
 |24> = (-0.293317,-0.955950)|  12, 0, 0;0,  0;0,  0> +
        ( 0.000016, 0.007535)|  11, 0, 0;0,  0;0,  0> +
        (-0.003258,-0.001981)|  10, 1, 0;0,  0;0,  0> +
        (-0.002620, 0.002609)|   8, 0, 1;0,  0;0,  0> +
        ( 0.000059, 0.002826)|  13, 0, 0;0,  0;0,  0> +
        (-0.000371, 0.002371)|  15, 0, 0;0,  0;0,  0> +
        ( 0.000973,-0.001927)|   8, 1, 0;0,  0;0,  0> +
        (-0.000063, 0.002015)|   9, 1, 0;0,  0;0,  0> +
        ( 0.001990, 0.000002)|  10, 0, 0;0,  0;0,  0> +
        ( 0.000278,-0.001787)|   6, 1, 1;0,  0;0,  0> +
        ( 0.001351,-0.000585)|  14, 0, 0;0,  0;0,  0> +
        (-0.000636, 0.000849)|   9, 0, 1;0,  0;0,  0> +
        (-0.000447,-0.000865)|   2, 2, 1;0,  0;0,  0> +
        ( 0.000596,-0.000660)|  10, 0, 1;0,  0;0,  0> +
        ( 0.000604,-0.000418)|   2, 3, 0;0,  0;0,  0> +
        ( 0.000617,-0.000013)|   4, 3, 0;0,  0;0,  0> +
        ( 0.000050, 0.000576)|   5, 1, 1;0,  0;0,  0> +
        (-0.000249, 0.000521)|   3, 0, 3;0,  0;0,  0> +
        ( 0.000556, 0.000002)|   9, 0, 0;0,  0;0,  0> +
        ( 0.000525,-0.000076)|   1, 3, 2;0,  0;0,  0> +
        ( 0.000474,-0.000061)|   5, 4, 0;0,  0;0,  0> +
        (-0.000235, 0.000379)|   2, 1, 2;0,  0;0,  0> +
        ( 0.000213,-0.000356)|  11, 1, 0;0,  0;0,  0> +
        ( 0.000141,-0.000352)|  11, 0, 1;0,  0;0,  0> +
        (-0.000354, 0.000102)|   3, 0, 4;0,  0;0,  0> +
        (-0.000359,-0.000071)|   0, 4, 1;0,  0;0,  0> +
        (-0.000360, 0.000006)|   0, 1, 3;0,  0;0,  0> +
        ( 0.000074, 0.000342)|   3, 2, 1;0,  0;0,  0> +
         ...
