# Parameters of the model
#  mass:		    261.00 u
#  charge:	      1.00 e
#  dipole:	      4.74 D
#  B:		    503.65 MHz
#  omega_rho:	      1.40 MHz
#  omega_z:	      0.12 MHz

# Basis truncation:	|36,5,5;1,1>
# omega_1:	      0.21 MHz
# omega_3/5:	      1.39 MHz
# Basis size:		14400

# Active terms of the Hamiltionian:
# 	Nomal modes:	1
# 	T_rot:      	1
# 	V_qd^{(0)}: 	1
# 	V_qd^{(1)}: 	1
# 	V_dd^{(0)}: 	1

# Results of the diagonalisation

# 100 smallest eigenvalues
 7.100000858 8.088908195 9.094024658 10.084788322 11.081208229 12.154719353 13.121175766 13.682439804 13.685094833 14.075605392 14.695614815 14.698793411 15.140865326 15.699946404 15.715559959 16.082921982 16.683395386 16.703565598 17.171127319 17.735906601 17.745159149 18.134330750 18.711292267 18.724126816 19.068128586 19.694499969 19.710084915 20.110263824 20.308937073 20.316034317 20.321458817 20.686668396 20.708467484 21.036859512 21.277700424 21.303337097 21.323806763 21.755311966 21.781276703 22.108697891 22.278120041 22.288278580 22.299989700 22.655925751 22.681112289 23.126348495 23.214570999 23.296712875 23.342479706 23.679271698 23.724943161 24.133674622 24.302206039 24.315473557 24.352298737 24.691516876 24.751131058 24.987558365 25.210384369 25.284442902 25.332956314 25.653753281 25.671157837 26.170364380 26.307897568 26.315549850 26.325763702 26.700338364 26.709587097 26.873556137 26.884649277 26.923871994 26.929290771 26.980682373 27.240997314 27.302078247 27.323451996 27.636732101 27.793409348 27.885679245 27.894889832 27.935918808 27.939870834 27.973735809 28.272769928 28.381727219 28.397626877 28.766029358 28.778329849 28.904361725 28.909786224 28.911449432 28.914451599 29.010501862 29.292907715 29.337072372 29.348758698 29.762655258 29.799631119 29.896278381

# Ground state and the lowest excitations:
 | 0> = ( 1.000000, 0.000000)|   0, 0, 0;0,  0;0,  0> +
         ...
 | 1> = (-1.000000, 0.000000)|   1, 0, 0;0,  0;0,  0> +
         ...
 | 2> = ( 1.000000,-0.000000)|   2, 0, 0;0,  0;0,  0> +
         ...
 | 3> = ( 1.000000,-0.000009)|   3, 0, 0;0,  0;0,  0> +
        ( 0.000797, 0.000030)|   0, 1, 0;0,  0;0,  0> +
        ( 0.000541,-0.000001)|   1, 0, 2;0,  0;0,  0> +
        ( 0.000541,-0.000001)|   1, 2, 0;0,  0;0,  0> +
        ( 0.000030, 0.000401)|   0, 0, 1;0,  0;0,  0> +
         ...
 | 4> = (-1.000000, 0.000055)|   4, 0, 0;0,  0;0,  0> +
        ( 0.000648, 0.000027)|   2, 2, 0;0,  0;0,  0> +
        ( 0.000336, 0.000000)|   1, 1, 0;0,  0;0,  0> +
         ...
 | 5> = (-0.999989,-0.000030)|   5, 0, 0;0,  0;0,  0> +
        ( 0.000061, 0.003895)|   2, 0, 1;0,  0;0,  0> +
        ( 0.001950, 0.000062)|   2, 1, 0;0,  0;0,  0> +
        ( 0.000689, 0.000001)|   1, 1, 0;0,  0;0,  0> +
        ( 0.000001,-0.000684)|   1, 0, 1;0,  0;0,  0> +
        ( 0.000387, 0.000025)|   0, 2, 1;0,  0;0,  0> +
         ...
 | 6> = (-0.999997, 0.000938)|   6, 0, 0;0,  0;0,  0> +
        ( 0.001543,-0.000007)|   3, 1, 0;0,  0;0,  0> +
        (-0.000003, 0.001066)|   3, 0, 1;0,  0;0,  0> +
        (-0.000582, 0.000000)|   4, 1, 0;0,  0;0,  0> +
        ( 0.000579, 0.000034)|   7, 1, 0;0,  0;0,  0> +
        ( 0.000000,-0.000563)|   4, 0, 1;0,  0;0,  0> +
        (-0.000047, 0.000490)|   7, 0, 1;0,  0;0,  0> +
        ( 0.000359,-0.000000)|   3, 2, 0;0,  0;0,  0> +
         ...
 | 7> = ( 0.875286,-0.000407)|   0, 1, 0;0,  0;0,  0> +
        (-0.000408,-0.483605)|   0, 0, 1;0,  0;0,  0> +
        (-0.000678,-0.000002)|   1, 0, 2;0,  0;0,  0> +
        (-0.000648,-0.000001)|   1, 2, 0;0,  0;0,  0> +
        (-0.000502, 0.000041)|   3, 0, 0;0,  0;0,  0> +
         ...
 | 8> = (-0.000117,-0.875287)|   0, 0, 1;0,  0;0,  0> +
        (-0.483605,-0.000117)|   0, 1, 0;0,  0;0,  0> +
        ( 0.000736, 0.000012)|   3, 0, 0;0,  0;0,  0> +
         ...
 | 9> = (-0.999977,-0.005982)|   7, 0, 0;0,  0;0,  0> +
        ( 0.000088, 0.002279)|   4, 0, 1;0,  0;0,  0> +
        ( 0.000021,-0.001806)|   5, 0, 1;0,  0;0,  0> +
        (-0.001017, 0.000088)|   4, 1, 0;0,  0;0,  0> +
        ( 0.000039, 0.000851)|   6, 0, 1;0,  0;0,  0> +
        ( 0.000480,-0.000022)|   6, 1, 0;0,  0;0,  0> +
        (-0.000066,-0.000446)|   1, 1, 1;0,  0;0,  0> +
        ( 0.000321, 0.000022)|   5, 1, 0;0,  0;0,  0> +
         ...
 |10> = (-0.000272, 0.939479)|   1, 0, 1;0,  0;0,  0> +
        ( 0.342604, 0.000046)|   1, 1, 0;0,  0;0,  0> +
        ( 0.000024, 0.000716)|   2, 0, 1;0,  0;0,  0> +
        (-0.000528,-0.000027)|   1, 0, 2;0,  0;0,  0> +
        ( 0.000527, 0.000027)|   1, 2, 0;0,  0;0,  0> +
        ( 0.000414, 0.000035)|   2, 1, 0;0,  0;0,  0> +
        (-0.000403, 0.000000)|   5, 0, 0;0,  0;0,  0> +
        ( 0.000387,-0.000000)|   4, 0, 0;0,  0;0,  0> +
         ...
 |11> = (-0.939478,-0.000214)|   1, 1, 0;0,  0;0,  0> +
        (-0.000131, 0.342601)|   1, 0, 1;0,  0;0,  0> +
        ( 0.000052, 0.001578)|   2, 0, 1;0,  0;0,  0> +
        ( 0.000926, 0.000076)|   2, 1, 0;0,  0;0,  0> +
        (-0.000874, 0.000001)|   5, 0, 0;0,  0;0,  0> +
        (-0.000506,-0.000001)|   0, 3, 0;0,  0;0,  0> +
        ( 0.000011,-0.000498)|   0, 0, 3;0,  0;0,  0> +
        ( 0.000494, 0.000004)|   3, 0, 2;0,  0;0,  0> +
        ( 0.000419, 0.000014)|   1, 2, 0;0,  0;0,  0> +
        (-0.000419,-0.000014)|   1, 0, 2;0,  0;0,  0> +
         ...
 |12> = (-0.999989,-0.002554)|   8, 0, 0;0,  0;0,  0> +
        (-0.000058,-0.002031)|   6, 0, 1;0,  0;0,  0> +
        ( 0.001858, 0.000027)|   5, 1, 0;0,  0;0,  0> +
        (-0.000259,-0.000869)|   8, 0, 1;0,  0;0,  0> +
        (-0.000702,-0.000523)|   9, 1, 0;0,  0;0,  0> +
        ( 0.000029,-0.000823)|   5, 0, 1;0,  0;0,  0> +
        ( 0.000020,-0.000711)|   1, 0, 3;0,  0;0,  0> +
        ( 0.000017, 0.000684)|   1, 2, 1;0,  0;0,  0> +
        (-0.000005, 0.000682)|   2, 1, 1;0,  0;0,  0> +
        (-0.000665, 0.000001)|   5, 0, 2;0,  0;0,  0> +
        ( 0.000641, 0.000026)|   7, 1, 0;0,  0;0,  0> +
        (-0.000033, 0.000613)|   3, 1, 1;0,  0;0,  0> +
        (-0.000101, 0.000506)|   9, 0, 1;0,  0;0,  0> +
        ( 0.000345,-0.000246)|   8, 1, 0;0,  0;0,  0> +
        (-0.000390,-0.000076)|   0, 1, 3;0,  0;0,  0> +
        (-0.000361, 0.000004)|   2, 3, 0;0,  0;0,  0> +
        ( 0.000359,-0.000005)|   3, 4, 0;0,  0;0,  0> +
        ( 0.000341, 0.000005)|   3, 0, 4;0,  0;0,  0> +
        ( 0.000322, 0.000020)|   1, 3, 0;0,  0;0,  0> +
         ...
 |13> = (-0.747613, 0.042172)|   2, 1, 0;0,  0;0,  0> +
        ( 0.041831, 0.661470)|   2, 0, 1;0,  0;0,  0> +
        ( 0.001125, 0.000005)|   5, 0, 0;0,  0;0,  0> +
        (-0.000793, 0.000515)|   0, 1, 1;0,  0;0,  0> +
        ( 0.000839, 0.000004)|   4, 2, 0;0,  0;0,  0> +
        (-0.000542,-0.000009)|   3, 0, 2;0,  0;0,  0> +
        ( 0.000078, 0.000526)|   1, 1, 1;0,  0;0,  0> +
        (-0.000338, 0.000025)|   3, 2, 0;0,  0;0,  0> +
         ...
 |14> = ( 0.002355, 0.748785)|   2, 0, 1;0,  0;0,  0> +
        ( 0.662784, 0.002426)|   2, 1, 0;0,  0;0,  0> +
        ( 0.004211, 0.000000)|   5, 0, 0;0,  0;0,  0> +
        ( 0.001406,-0.000010)|   1, 1, 0;0,  0;0,  0> +
        (-0.000009,-0.001375)|   1, 0, 1;0,  0;0,  0> +
        (-0.001180,-0.000007)|   3, 2, 0;0,  0;0,  0> +
        (-0.000549,-0.000034)|   2, 0, 2;0,  0;0,  0> +
        ( 0.000547, 0.000034)|   2, 2, 0;0,  0;0,  0> +
        (-0.000346, 0.000004)|   0, 3, 0;0,  0;0,  0> +
        ( 0.000001,-0.000341)|   0, 0, 3;0,  0;0,  0> +
        ( 0.000047, 0.000316)|   1, 1, 1;0,  0;0,  0> +
         ...
 |15> = (-0.999988, 0.002994)|   9, 0, 0;0,  0;0,  0> +
        ( 0.002243, 0.000944)|  15, 0, 0;0,  0;0,  0> +
        (-0.000098, 0.001443)|   7, 0, 1;0,  0;0,  0> +
        ( 0.000009,-0.001425)|   5, 0, 1;0,  0;0,  0> +
        ( 0.001419, 0.000008)|   5, 1, 0;0,  0;0,  0> +
        ( 0.001156,-0.000050)|   5, 0, 2;0,  0;0,  0> +
        (-0.001137, 0.000051)|   5, 2, 0;0,  0;0,  0> +
        (-0.000013,-0.000967)|   6, 0, 1;0,  0;0,  0> +
        (-0.000004,-0.000587)|  14, 0, 0;0,  0;0,  0> +
        (-0.000504,-0.000169)|   0, 3, 1;0,  0;0,  0> +
        ( 0.000354, 0.000326)|   9, 1, 0;0,  0;0,  0> +
        ( 0.000031, 0.000426)|   2, 2, 1;0,  0;0,  0> +
        ( 0.000374, 0.000056)|   7, 1, 0;0,  0;0,  0> +
        ( 0.000370,-0.000013)|   8, 1, 0;0,  0;0,  0> +
        (-0.000004,-0.000360)|   1, 2, 1;0,  0;0,  0> +
        ( 0.000001,-0.000351)|   4, 1, 1;0,  0;0,  0> +
        ( 0.000335,-0.000005)|   1, 1, 2;0,  0;0,  0> +
        (-0.000004, 0.000320)|   8, 0, 1;0,  0;0,  0> +
         ...
 |16> = ( 0.016746, 0.775696)|   3, 0, 1;0,  0;0,  0> +
        (-0.630569, 0.016854)|   3, 1, 0;0,  0;0,  0> +
        (-0.000005,-0.007422)|   4, 0, 1;0,  0;0,  0> +
        (-0.007178,-0.000004)|   4, 1, 0;0,  0;0,  0> +
        ( 0.001317, 0.000071)|   7, 1, 0;0,  0;0,  0> +
        ( 0.000005, 0.000899)|  14, 0, 0;0,  0;0,  0> +
        (-0.000092, 0.000872)|   7, 0, 1;0,  0;0,  0> +
        (-0.000772, 0.000000)|   5, 2, 0;0,  0;0,  0> +
        (-0.000752,-0.000001)|   5, 0, 2;0,  0;0,  0> +
        (-0.000105,-0.000708)|   1, 1, 1;0,  0;0,  0> +
        (-0.000678,-0.000137)|   0, 3, 0;0,  0;0,  0> +
        ( 0.000615,-0.000304)|   0, 1, 2;0,  0;0,  0> +
        (-0.000580,-0.000004)|   4, 2, 0;0,  0;0,  0> +
        (-0.000554,-0.000022)|   2, 0, 4;0,  0;0,  0> +
        (-0.000159, 0.000531)|   0, 0, 3;0,  0;0,  0> +
        ( 0.000026,-0.000496)|   3, 1, 1;0,  0;0,  0> +
        ( 0.000475, 0.000000)|   6, 1, 0;0,  0;0,  0> +
        (-0.000266,-0.000359)|   0, 2, 1;0,  0;0,  0> +
        (-0.000440,-0.000002)|   4, 0, 2;0,  0;0,  0> +
        ( 0.000374,-0.000127)|   8, 1, 0;0,  0;0,  0> +
        ( 0.000281,-0.000173)|   0, 1, 1;0,  0;0,  0> +
         ...
 |17> = (-0.775902, 0.001625)|   3, 1, 0;0,  0;0,  0> +
        ( 0.001919,-0.630833)|   3, 0, 1;0,  0;0,  0> +
        (-0.001868,-0.000001)|   6, 0, 0;0,  0;0,  0> +
        (-0.000377, 0.001544)|   0, 1, 2;0,  0;0,  0> +
        (-0.001501, 0.000006)|   4, 2, 0;0,  0;0,  0> +
        (-0.001227, 0.000814)|   0, 1, 1;0,  0;0,  0> +
        ( 0.000845, 0.001048)|   0, 2, 1;0,  0;0,  0> +
        ( 0.000017,-0.001333)|   2, 1, 1;0,  0;0,  0> +
        (-0.001086, 0.000295)|   0, 3, 0;0,  0;0,  0> +
        ( 0.000699, 0.000700)|   0, 0, 3;0,  0;0,  0> +
        (-0.000001,-0.000948)|   4, 0, 1;0,  0;0,  0> +
        (-0.000920,-0.000000)|   4, 1, 0;0,  0;0,  0> +
        ( 0.000026,-0.000486)|   3, 1, 1;0,  0;0,  0> +
        (-0.000408, 0.000007)|   4, 0, 2;0,  0;0,  0> +
         ...
 |18> = ( 0.999979,-0.003396)|  10, 0, 0;0,  0;0,  0> +
        ( 0.002200,-0.000229)|  11, 0, 0;0,  0;0,  0> +
        (-0.001998,-0.000117)|   7, 1, 0;0,  0;0,  0> +
        ( 0.001870,-0.000547)|  13, 0, 0;0,  0;0,  0> +
        (-0.000011,-0.001886)|  14, 0, 0;0,  0;0,  0> +
        ( 0.000315, 0.001796)|   8, 0, 1;0,  0;0,  0> +
        ( 0.000159,-0.001656)|   7, 0, 1;0,  0;0,  0> +
        ( 0.000069,-0.001250)|   3, 1, 1;0,  0;0,  0> +
        (-0.001229, 0.000001)|   6, 2, 0;0,  0;0,  0> +
        (-0.000673,-0.000005)|   6, 0, 2;0,  0;0,  0> +
        ( 0.000658, 0.000022)|   1, 3, 0;0,  0;0,  0> +
        ( 0.000590, 0.000005)|   3, 3, 0;0,  0;0,  0> +
        ( 0.000002, 0.000565)|   3, 0, 3;0,  0;0,  0> +
        (-0.000515,-0.000217)|  15, 0, 0;0,  0;0,  0> +
        ( 0.000032,-0.000554)|   1, 0, 3;0,  0;0,  0> +
        (-0.000045,-0.000535)|   2, 2, 1;0,  0;0,  0> +
        (-0.000013,-0.000485)|   1, 2, 1;0,  0;0,  0> +
        ( 0.000386, 0.000279)|   8, 1, 0;0,  0;0,  0> +
        ( 0.000360, 0.000260)|   9, 1, 0;0,  0;0,  0> +
        ( 0.000019, 0.000427)|   2, 0, 3;0,  0;0,  0> +
        (-0.000050,-0.000349)|   6, 0, 1;0,  0;0,  0> +
        ( 0.000321,-0.000000)|   3, 1, 2;0,  0;0,  0> +
         ...
 |19> = ( 0.717343,-0.000445)|   4, 1, 0;0,  0;0,  0> +
        (-0.000523, 0.696637)|   4, 0, 1;0,  0;0,  0> +
        (-0.007532, 0.000175)|   3, 1, 0;0,  0;0,  0> +
        ( 0.000174, 0.007174)|   3, 0, 1;0,  0;0,  0> +
        (-0.000951, 0.000001)|   1, 3, 0;0,  0;0,  0> +
        (-0.000003,-0.000913)|   1, 0, 3;0,  0;0,  0> +
        ( 0.000857, 0.000005)|   7, 0, 0;0,  0;0,  0> +
        (-0.000813, 0.000001)|   6, 0, 0;0,  0;0,  0> +
        ( 0.000654, 0.000100)|   0, 3, 0;0,  0;0,  0> +
        (-0.000543,-0.000005)|   4, 2, 0;0,  0;0,  0> +
        (-0.000500, 0.000149)|   0, 1, 2;0,  0;0,  0> +
        ( 0.000090,-0.000502)|   0, 0, 3;0,  0;0,  0> +
        ( 0.000001,-0.000497)|   1, 2, 1;0,  0;0,  0> +
        (-0.000443,-0.000004)|   1, 1, 2;0,  0;0,  0> +
        ( 0.000436, 0.000005)|   4, 0, 2;0,  0;0,  0> +
        (-0.000223, 0.000335)|   9, 0, 1;0,  0;0,  0> +
        ( 0.000021,-0.000399)|   3, 1, 1;0,  0;0,  0> +
        (-0.000030, 0.000349)|   7, 0, 1;0,  0;0,  0> +
         ...
 |20> = ( 0.037241, 0.716369)|   4, 0, 1;0,  0;0,  0> +
        (-0.695644, 0.037120)|   4, 1, 0;0,  0;0,  0> +
        ( 0.006067, 0.000010)|   6, 1, 0;0,  0;0,  0> +
        (-0.005584, 0.000006)|   5, 1, 0;0,  0;0,  0> +
        (-0.000006,-0.005457)|   5, 0, 1;0,  0;0,  0> +
        ( 0.000300, 0.003032)|   6, 0, 1;0,  0;0,  0> +
        ( 0.001842, 0.001543)|   9, 1, 0;0,  0;0,  0> +
        ( 0.002361, 0.000015)|   7, 0, 0;0,  0;0,  0> +
        ( 0.001651,-0.000045)|   1, 1, 2;0,  0;0,  0> +
        (-0.001253,-0.000067)|   7, 1, 0;0,  0;0,  0> +
        ( 0.000014,-0.001057)|   2, 1, 1;0,  0;0,  0> +
        ( 0.000836, 0.000160)|   0, 1, 3;0,  0;0,  0> +
        ( 0.000086,-0.000808)|   7, 0, 1;0,  0;0,  0> +
        (-0.000749, 0.000160)|   8, 1, 0;0,  0;0,  0> +
        (-0.000093,-0.000735)|   9, 0, 1;0,  0;0,  0> +
        ( 0.000016, 0.000647)|   1, 2, 1;0,  0;0,  0> +
        (-0.000624,-0.000011)|   4, 2, 0;0,  0;0,  0> +
        ( 0.000621, 0.000010)|   4, 0, 2;0,  0;0,  0> +
        (-0.000597, 0.000030)|   1, 3, 0;0,  0;0,  0> +
        (-0.000003,-0.000451)|  14, 0, 0;0,  0;0,  0> +
        (-0.000449, 0.000003)|   5, 0, 2;0,  0;0,  0> +
        (-0.000426,-0.000063)|   0, 3, 0;0,  0;0,  0> +
        ( 0.000022,-0.000418)|   3, 1, 1;0,  0;0,  0> +
        ( 0.000004,-0.000369)|   2, 0, 3;0,  0;0,  0> +
        (-0.000178, 0.000323)|   1, 4, 0;0,  0;0,  0> +
        ( 0.000328,-0.000105)|   0, 1, 2;0,  0;0,  0> +
        (-0.000005,-0.000341)|   1, 0, 3;0,  0;0,  0> +
        (-0.000058, 0.000327)|   0, 0, 3;0,  0;0,  0> +
         ...
 |21> = ( 0.994584,-0.103635)|  11, 0, 0;0,  0;0,  0> +
        ( 0.000155,-0.004651)|   7, 0, 1;0,  0;0,  0> +
        ( 0.004130, 0.000001)|   7, 1, 0;0,  0;0,  0> +
        (-0.000014, 0.002678)|   4, 1, 1;0,  0;0,  0> +
        (-0.002209, 0.000007)|  10, 0, 0;0,  0;0,  0> +
        (-0.002099, 0.000614)|  13, 0, 0;0,  0;0,  0> +
        (-0.001136, 0.000184)|   8, 1, 0;0,  0;0,  0> +
        (-0.000005,-0.000795)|  14, 0, 0;0,  0;0,  0> +
        (-0.000789,-0.000010)|   6, 2, 0;0,  0;0,  0> +
        (-0.000048,-0.000767)|   2, 2, 1;0,  0;0,  0> +
        ( 0.000537, 0.000226)|  15, 0, 0;0,  0;0,  0> +
        ( 0.000522, 0.000010)|   6, 0, 2;0,  0;0,  0> +
        ( 0.000504, 0.000030)|   3, 3, 0;0,  0;0,  0> +
        ( 0.000306, 0.000396)|   9, 1, 0;0,  0;0,  0> +
        ( 0.000016,-0.000488)|   1, 0, 3;0,  0;0,  0> +
        (-0.000462,-0.000073)|   4, 0, 4;0,  0;0,  0> +
        (-0.000303, 0.000352)|   9, 0, 1;0,  0;0,  0> +
        ( 0.000422,-0.000087)|   2, 1, 2;0,  0;0,  0> +
        ( 0.000079,-0.000414)|   3, 2, 1;0,  0;0,  0> +
        (-0.000327, 0.000265)|   1, 1, 3;0,  0;0,  0> +
        ( 0.000009, 0.000396)|   1, 2, 1;0,  0;0,  0> +
        ( 0.000330, 0.000015)|   1, 3, 0;0,  0;0,  0> +
         ...
 |22> = (-0.000158, 0.741988)|   5, 0, 1;0,  0;0,  0> +
        ( 0.670306,-0.001611)|   5, 1, 0;0,  0;0,  0> +
        ( 0.006338,-0.000013)|   6, 1, 0;0,  0;0,  0> +
        (-0.005483, 0.000288)|   4, 1, 0;0,  0;0,  0> +
        ( 0.000289, 0.005463)|   4, 0, 1;0,  0;0,  0> +
        ( 0.000329, 0.003797)|   6, 0, 1;0,  0;0,  0> +
        ( 0.002565, 0.000096)|   7, 1, 0;0,  0;0,  0> +
        (-0.000011,-0.001885)|  14, 0, 0;0,  0;0,  0> +
        (-0.000556, 0.001428)|   9, 0, 1;0,  0;0,  0> +
        ( 0.000077,-0.001440)|   3, 1, 1;0,  0;0,  0> +
        (-0.001058,-0.000592)|   9, 1, 0;0,  0;0,  0> +
        (-0.001100,-0.000007)|   7, 0, 0;0,  0;0,  0> +
        (-0.000157,-0.001029)|   8, 0, 1;0,  0;0,  0> +
        (-0.000976, 0.000002)|   5, 2, 0;0,  0;0,  0> +
        (-0.000014,-0.000881)|   1, 2, 1;0,  0;0,  0> +
        ( 0.000010,-0.000862)|   2, 1, 1;0,  0;0,  0> +
        (-0.000021, 0.000736)|   1, 0, 3;0,  0;0,  0> +
        ( 0.000627, 0.000002)|   8, 0, 0;0,  0;0,  0> +
        (-0.000556,-0.000018)|   1, 3, 0;0,  0;0,  0> +
        ( 0.000393,-0.000022)|   1, 1, 2;0,  0;0,  0> +
        (-0.000386,-0.000000)|   5, 0, 2;0,  0;0,  0> +
        ( 0.000371,-0.000033)|   1, 4, 0;0,  0;0,  0> +
        (-0.000339,-0.000135)|   8, 1, 0;0,  0;0,  0> +
        ( 0.000357, 0.000015)|   1, 0, 4;0,  0;0,  0> +
        (-0.000095, 0.000308)|   7, 0, 1;0,  0;0,  0> +
         ...
 |23> = ( 0.741849, 0.014089)|   5, 1, 0;0,  0;0,  0> +
        ( 0.014480,-0.670165)|   5, 0, 1;0,  0;0,  0> +
        ( 0.000066,-0.006670)|   6, 0, 1;0,  0;0,  0> +
        ( 0.006160, 0.000373)|   6, 1, 0;0,  0;0,  0> +
        ( 0.000252,-0.003513)|   7, 0, 1;0,  0;0,  0> +
        (-0.000323,-0.002903)|   8, 0, 1;0,  0;0,  0> +
        ( 0.000055, 0.002298)|   1, 2, 1;0,  0;0,  0> +
        ( 0.000063,-0.002118)|   1, 0, 3;0,  0;0,  0> +
        ( 0.002011, 0.000022)|   9, 0, 0;0,  0;0,  0> +
        ( 0.001947, 0.000004)|   8, 0, 0;0,  0;0,  0> +
        (-0.001551,-0.000258)|   8, 1, 0;0,  0;0,  0> +
        ( 0.001447, 0.000009)|   7, 0, 0;0,  0;0,  0> +
        (-0.001376,-0.000152)|   7, 1, 0;0,  0;0,  0> +
        (-0.001095, 0.000028)|   5, 2, 0;0,  0;0,  0> +
        ( 0.001064, 0.000066)|   1, 3, 0;0,  0;0,  0> +
        (-0.000006,-0.001054)|  14, 0, 0;0,  0;0,  0> +
        ( 0.000893,-0.000027)|   5, 0, 2;0,  0;0,  0> +
        (-0.000048, 0.000885)|   3, 1, 1;0,  0;0,  0> +
        (-0.000583, 0.000054)|   1, 1, 2;0,  0;0,  0> +
        ( 0.000253,-0.000272)|   2, 2, 2;0,  0;0,  0> +
        (-0.000326, 0.000017)|   4, 1, 0;0,  0;0,  0> +
        ( 0.000017, 0.000323)|   4, 0, 1;0,  0;0,  0> +
        ( 0.000319,-0.000006)|   1, 1, 4;0,  0;0,  0> +
         ...
 |24> = (-0.997100, 0.073928)|  12, 0, 0;0,  0;0,  0> +
        (-0.016397, 0.004797)|  13, 0, 0;0,  0;0,  0> +
        ( 0.002830, 0.002623)|   9, 1, 0;0,  0;0,  0> +
        (-0.002751, 0.000595)|   8, 1, 0;0,  0;0,  0> +
        (-0.001122,-0.000472)|  15, 0, 0;0,  0;0,  0> +
        (-0.000111, 0.001204)|   4, 0, 3;0,  0;0,  0> +
        ( 0.000793,-0.000621)|   2, 1, 2;0,  0;0,  0> +
        ( 0.000976,-0.000023)|   6, 2, 0;0,  0;0,  0> +
        ( 0.000938, 0.000007)|   7, 1, 0;0,  0;0,  0> +
        (-0.000850, 0.000355)|   2, 3, 0;0,  0;0,  0> +
        (-0.000741, 0.000022)|   6, 0, 2;0,  0;0,  0> +
        (-0.000664,-0.000271)|   9, 0, 1;0,  0;0,  0> +
        ( 0.000011,-0.000693)|   7, 0, 1;0,  0;0,  0> +
        ( 0.000670,-0.000053)|   4, 1, 2;0,  0;0,  0> +
        (-0.000516, 0.000430)|   1, 1, 3;0,  0;0,  0> +
        (-0.000583,-0.000213)|   0, 3, 1;0,  0;0,  0> +
        ( 0.000576, 0.000109)|   8, 0, 1;0,  0;0,  0> +
        ( 0.000117,-0.000493)|   3, 2, 1;0,  0;0,  0> +
        (-0.000003,-0.000494)|  14, 0, 0;0,  0;0,  0> +
        (-0.000463,-0.000096)|   0, 1, 3;0,  0;0,  0> +
        ( 0.000368, 0.000012)|   1, 3, 0;0,  0;0,  0> +
        (-0.000236, 0.000256)|   1, 2, 2;0,  0;0,  0> +
        ( 0.000022, 0.000324)|   2, 2, 1;0,  0;0,  0> +
         ...
