# Parameters of the model
#  mass:		    261.00 u
#  charge:	      1.00 e
#  dipole:	      4.74 D
#  B:		    503.65 MHz
#  omega_rho:	      1.40 MHz
#  omega_z:	      0.13 MHz

# Basis truncation:	|36,5,5;1,1>
# omega_1:	      0.23 MHz
# omega_3/5:	      1.39 MHz
# Basis size:		14400

# Active terms of the Hamiltionian:
# 	Nomal modes:	1
# 	T_rot:      	1
# 	V_qd^{(0)}: 	1
# 	V_qd^{(1)}: 	1
# 	V_dd^{(0)}: 	1

# Results of the diagonalisation

# 100 smallest eigenvalues
 6.595989227 7.604786873 8.590692520 9.584446907 10.591468811 11.575442314 12.525474548 12.678628922 12.700103760 13.599978447 13.700842857 13.710851669 14.589153290 14.709918976 14.728719711 15.577274323 15.698007584 15.704495430 16.588775635 16.676877975 16.689958572 17.575405121 17.694530487 17.719495773 18.600713730 18.706790924 18.709091187 18.784446716 18.794763565 18.795145035 19.582523346 19.599735260 19.677534103 19.771608353 19.781105042 19.788856506 20.619062424 20.624671936 20.713685989 20.780126572 20.787128448 20.798171997 21.429513931 21.614072800 21.724601746 21.791124344 21.801134109 21.840379715 22.653196335 22.683786392 22.751939774 22.777336121 22.789058685 22.835515976 23.631885529 23.648258209 23.779993057 23.800970078 23.814388275 23.826995850 24.623699188 24.683757782 24.686910629 24.693357468 24.772291183 24.827503204 24.893365860 24.897724152 24.898761749 24.903928757 25.556234360 25.594877243 25.771097183 25.787633896 25.834331512 25.864841461 25.866004944 25.891183853 25.898099899 25.922637939 26.607124329 26.663471222 26.682180405 26.732948303 26.760213852 26.881477356 26.889245987 26.890382767 26.896072388 26.898843765 27.500074387 27.612533569 27.644746780 27.725519180 27.737590790 27.767093658 27.874959946 27.891445160 27.907907486 27.911346436

# Ground state and the lowest excitations:
 | 0> = ( 1.000000, 0.000000)|   0, 0, 0;0,  0;0,  0> +
         ...
 | 1> = (-1.000000,-0.000000)|   1, 0, 0;0,  0;0,  0> +
         ...
 | 2> = (-1.000000,-0.000000)|   2, 0, 0;0,  0;0,  0> +
        (-0.000440, 0.000000)|   0, 0, 2;0,  0;0,  0> +
        (-0.000440,-0.000000)|   0, 2, 0;0,  0;0,  0> +
         ...
 | 3> = ( 1.000000, 0.000002)|   3, 0, 0;0,  0;0,  0> +
        (-0.000009, 0.000806)|   0, 0, 1;0,  0;0,  0> +
        ( 0.000633,-0.000009)|   0, 1, 0;0,  0;0,  0> +
         ...
 | 4> = ( 0.999999, 0.000024)|   4, 0, 0;0,  0;0,  0> +
        ( 0.000002,-0.000465)|   1, 0, 1;0,  0;0,  0> +
        (-0.000420,-0.000005)|   1, 1, 0;0,  0;0,  0> +
        ( 0.000417,-0.000013)|   0, 2, 0;0,  0;0,  0> +
        (-0.000417, 0.000013)|   0, 0, 2;0,  0;0,  0> +
         ...
 | 5> = (-0.999999,-0.000056)|   5, 0, 0;0,  0;0,  0> +
        (-0.000703,-0.000066)|   2, 1, 0;0,  0;0,  0> +
        ( 0.000079, 0.000329)|   2, 2, 0;0,  0;0,  0> +
        (-0.000078,-0.000329)|   2, 0, 2;0,  0;0,  0> +
         ...
 | 6> = ( 0.999958, 0.009322)|   6, 0, 0;0,  0;0,  0> +
        ( 0.000004,-0.000808)|   3, 0, 1;0,  0;0,  0> +
        (-0.000722, 0.000001)|   3, 1, 0;0,  0;0,  0> +
        ( 0.000422, 0.000019)|   1, 2, 2;0,  0;0,  0> +
        (-0.000381, 0.000015)|   4, 2, 0;0,  0;0,  0> +
         ...
 | 7> = (-0.716534,-0.000502)|   0, 1, 0;0,  0;0,  0> +
        (-0.000503, 0.697552)|   0, 0, 1;0,  0;0,  0> +
        (-0.000433,-0.000003)|   1, 2, 0;0,  0;0,  0> +
        (-0.000433,-0.000003)|   1, 0, 2;0,  0;0,  0> +
         ...
 | 8> = (-0.000007, 0.716534)|   0, 0, 1;0,  0;0,  0> +
        ( 0.697552,-0.000007)|   0, 1, 0;0,  0;0,  0> +
        (-0.001019, 0.000000)|   3, 0, 0;0,  0;0,  0> +
         ...
 | 9> = (-0.999892,-0.014279)|   7, 0, 0;0,  0;0,  0> +
        (-0.002261,-0.000050)|   3, 1, 0;0,  0;0,  0> +
        (-0.001511,-0.000013)|   4, 1, 0;0,  0;0,  0> +
        ( 0.000273,-0.001107)|   1, 1, 1;0,  0;0,  0> +
        ( 0.000556,-0.000316)|   0, 1, 2;0,  0;0,  0> +
        ( 0.000589, 0.000012)|   1, 3, 0;0,  0;0,  0> +
        ( 0.000501, 0.000043)|   4, 2, 0;0,  0;0,  0> +
        (-0.000014, 0.000416)|   4, 0, 1;0,  0;0,  0> +
        (-0.000235,-0.000313)|   0, 0, 3;0,  0;0,  0> +
        ( 0.000375,-0.000002)|   0, 0, 4;0,  0;0,  0> +
        (-0.000327, 0.000028)|   1, 1, 2;0,  0;0,  0> +
         ...
 |10> = ( 0.000786, 0.800505)|   1, 0, 1;0,  0;0,  0> +
        (-0.599317, 0.000800)|   1, 1, 0;0,  0;0,  0> +
        ( 0.002057, 0.000011)|   2, 1, 0;0,  0;0,  0> +
        (-0.000031, 0.001997)|   2, 0, 1;0,  0;0,  0> +
        (-0.000067,-0.001149)|   0, 1, 1;0,  0;0,  0> +
        (-0.000082,-0.000398)|   1, 0, 2;0,  0;0,  0> +
        ( 0.000081, 0.000398)|   1, 2, 0;0,  0;0,  0> +
         ...
 |11> = (-0.800507, 0.000170)|   1, 1, 0;0,  0;0,  0> +
        ( 0.000084,-0.599320)|   1, 0, 1;0,  0;0,  0> +
        ( 0.000863, 0.000005)|   2, 2, 0;0,  0;0,  0> +
        ( 0.000859,-0.000002)|   2, 0, 2;0,  0;0,  0> +
        ( 0.000621,-0.000026)|   0, 0, 2;0,  0;0,  0> +
        (-0.000621, 0.000026)|   0, 2, 0;0,  0;0,  0> +
        (-0.000614, 0.000005)|   4, 0, 0;0,  0;0,  0> +
         ...
 |12> = ( 0.999994,-0.001366)|   8, 0, 0;0,  0;0,  0> +
        ( 0.001722,-0.000003)|   5, 1, 0;0,  0;0,  0> +
        ( 0.000006, 0.001615)|   5, 0, 1;0,  0;0,  0> +
        (-0.000283, 0.001137)|   2, 1, 1;0,  0;0,  0> +
        ( 0.000186,-0.000728)|   1, 1, 1;0,  0;0,  0> +
        ( 0.000001, 0.000600)|   4, 0, 1;0,  0;0,  0> +
        (-0.000529, 0.000002)|   4, 1, 0;0,  0;0,  0> +
        ( 0.000001,-0.000418)|   2, 0, 3;0,  0;0,  0> +
        ( 0.000303,-0.000156)|   0, 1, 2;0,  0;0,  0> +
         ...
 |13> = (-0.000859,-0.716549)|   2, 0, 1;0,  0;0,  0> +
        (-0.697525,-0.000711)|   2, 1, 0;0,  0;0,  0> +
        (-0.002055, 0.000024)|   1, 1, 0;0,  0;0,  0> +
        ( 0.000024, 0.002045)|   1, 0, 1;0,  0;0,  0> +
        ( 0.000082, 0.001406)|   0, 1, 1;0,  0;0,  0> +
        ( 0.000142, 0.001136)|   1, 0, 2;0,  0;0,  0> +
        (-0.000142,-0.001136)|   1, 2, 0;0,  0;0,  0> +
        (-0.000684,-0.000017)|   0, 3, 0;0,  0;0,  0> +
        (-0.000028,-0.000640)|   0, 0, 3;0,  0;0,  0> +
        ( 0.000604, 0.000001)|   5, 0, 0;0,  0;0,  0> +
        ( 0.000013,-0.000395)|   0, 2, 1;0,  0;0,  0> +
        (-0.000354,-0.000006)|   0, 1, 2;0,  0;0,  0> +
         ...
 |14> = ( 0.713676,-0.064147)|   2, 1, 0;0,  0;0,  0> +
        (-0.063985,-0.694591)|   2, 0, 1;0,  0;0,  0> +
        (-0.000161,-0.000646)|   2, 2, 0;0,  0;0,  0> +
        ( 0.000160, 0.000646)|   2, 0, 2;0,  0;0,  0> +
        (-0.000437, 0.000004)|   3, 0, 2;0,  0;0,  0> +
        (-0.000383, 0.000128)|   5, 0, 0;0,  0;0,  0> +
         ...
 |15> = ( 0.999990, 0.002416)|   9, 0, 0;0,  0;0,  0> +
        ( 0.000024, 0.002354)|   5, 0, 1;0,  0;0,  0> +
        (-0.002187, 0.000019)|   5, 1, 0;0,  0;0,  0> +
        ( 0.001394, 0.000066)|   5, 0, 2;0,  0;0,  0> +
        (-0.000002, 0.000710)|   6, 0, 1;0,  0;0,  0> +
        (-0.000172, 0.000672)|   2, 1, 1;0,  0;0,  0> +
        (-0.000083, 0.000512)|   1, 0, 3;0,  0;0,  0> +
        ( 0.000482,-0.000008)|   2, 3, 0;0,  0;0,  0> +
        (-0.000473,-0.000065)|   5, 2, 0;0,  0;0,  0> +
        (-0.000006,-0.000399)|   0, 2, 3;0,  0;0,  0> +
        (-0.000352, 0.000061)|   6, 1, 0;0,  0;0,  0> +
         ...
 |16> = (-0.748633,-0.033372)|   3, 1, 0;0,  0;0,  0> +
        (-0.033457, 0.661259)|   3, 0, 1;0,  0;0,  0> +
        ( 0.004871,-0.000026)|   4, 1, 0;0,  0;0,  0> +
        ( 0.000022, 0.004070)|   4, 0, 1;0,  0;0,  0> +
        ( 0.000497,-0.001948)|   1, 1, 1;0,  0;0,  0> +
        ( 0.001615, 0.000023)|   7, 0, 0;0,  0;0,  0> +
        (-0.001536,-0.000026)|   3, 2, 0;0,  0;0,  0> +
        (-0.000075, 0.000504)|   0, 2, 1;0,  0;0,  0> +
        ( 0.000410, 0.000060)|   1, 4, 0;0,  0;0,  0> +
        ( 0.000359, 0.000025)|   3, 0, 2;0,  0;0,  0> +
        (-0.000325,-0.000004)|   2, 3, 0;0,  0;0,  0> +
         ...
 |17> = ( 0.001771,-0.749391)|   3, 0, 1;0,  0;0,  0> +
        (-0.662116, 0.002411)|   3, 1, 0;0,  0;0,  0> +
        ( 0.001585, 0.000023)|   7, 0, 0;0,  0;0,  0> +
        (-0.001084,-0.000008)|   6, 0, 0;0,  0;0,  0> +
        ( 0.000044,-0.000809)|   0, 0, 3;0,  0;0,  0> +
        (-0.000734, 0.000046)|   0, 1, 2;0,  0;0,  0> +
        (-0.000042, 0.000390)|   0, 2, 1;0,  0;0,  0> +
        ( 0.000372, 0.000006)|   3, 2, 0;0,  0;0,  0> +
         ...
 |18> = ( 0.999989,-0.003056)|  10, 0, 0;0,  0;0,  0> +
        ( 0.002021,-0.000107)|   6, 1, 0;0,  0;0,  0> +
        (-0.000168, 0.001369)|   3, 1, 1;0,  0;0,  0> +
        ( 0.000100,-0.000920)|   3, 0, 3;0,  0;0,  0> +
        ( 0.000872,-0.000012)|   2, 1, 2;0,  0;0,  0> +
        (-0.000007,-0.000640)|   2, 2, 1;0,  0;0,  0> +
        (-0.000576, 0.000013)|   7, 1, 0;0,  0;0,  0> +
        (-0.000483,-0.000005)|   4, 3, 0;0,  0;0,  0> +
        ( 0.000051,-0.000475)|   0, 3, 1;0,  0;0,  0> +
        ( 0.000005,-0.000460)|   4, 0, 3;0,  0;0,  0> +
        ( 0.000379, 0.000012)|   5, 0, 2;0,  0;0,  0> +
        ( 0.000013,-0.000354)|   7, 0, 1;0,  0;0,  0> +
        (-0.000036, 0.000337)|   3, 2, 1;0,  0;0,  0> +
        ( 0.000072,-0.000311)|   1, 0, 3;0,  0;0,  0> +
         ...
 |19> = (-0.782270, 0.000520)|   4, 1, 0;0,  0;0,  0> +
        ( 0.000031,-0.622900)|   4, 0, 1;0,  0;0,  0> +
        (-0.000236, 0.004491)|   3, 0, 1;0,  0;0,  0> +
        (-0.004480,-0.000235)|   3, 1, 0;0,  0;0,  0> +
        ( 0.000420,-0.001680)|   1, 1, 1;0,  0;0,  0> +
        (-0.001211,-0.000040)|   3, 2, 0;0,  0;0,  0> +
        ( 0.001130, 0.000040)|   3, 0, 2;0,  0;0,  0> +
        ( 0.000934, 0.000011)|   7, 0, 0;0,  0;0,  0> +
        (-0.000614,-0.000032)|   4, 0, 2;0,  0;0,  0> +
        ( 0.000566, 0.000002)|   2, 3, 0;0,  0;0,  0> +
        (-0.000465, 0.000032)|   4, 2, 0;0,  0;0,  0> +
        ( 0.000000, 0.000421)|   2, 0, 3;0,  0;0,  0> +
        (-0.000398,-0.000000)|   1, 3, 0;0,  0;0,  0> +
        (-0.000347,-0.000053)|   1, 0, 4;0,  0;0,  0> +
        (-0.000002, 0.000329)|   2, 2, 1;0,  0;0,  0> +
         ...
 |20> = ( 0.001826, 0.782280)|   4, 0, 1;0,  0;0,  0> +
        (-0.622911, 0.001899)|   4, 1, 0;0,  0;0,  0> +
        ( 0.002394, 0.000261)|   4, 2, 0;0,  0;0,  0> +
        ( 0.001339,-0.000262)|   4, 0, 2;0,  0;0,  0> +
        ( 0.001270,-0.000004)|   7, 0, 0;0,  0;0,  0> +
        ( 0.000897, 0.000030)|   3, 2, 0;0,  0;0,  0> +
        (-0.000885,-0.000030)|   3, 0, 2;0,  0;0,  0> +
        ( 0.000699,-0.000512)|   0, 1, 2;0,  0;0,  0> +
        (-0.000356,-0.000765)|   0, 0, 3;0,  0;0,  0> +
        (-0.000798, 0.000001)|   8, 0, 0;0,  0;0,  0> +
        ( 0.000390, 0.000031)|   0, 3, 0;0,  0;0,  0> +
        ( 0.000316, 0.000021)|   1, 0, 4;0,  0;0,  0> +
         ...
 |21> = (-0.999989,-0.003550)|  11, 0, 0;0,  0;0,  0> +
        ( 0.000165, 0.001433)|   4, 1, 1;0,  0;0,  0> +
        (-0.001017, 0.000058)|   7, 1, 0;0,  0;0,  0> +
        ( 0.000009, 0.000999)|   2, 2, 1;0,  0;0,  0> +
        (-0.000911,-0.000052)|   5, 2, 0;0,  0;0,  0> +
        (-0.000110, 0.000897)|   3, 1, 1;0,  0;0,  0> +
        ( 0.000717, 0.000052)|   5, 0, 2;0,  0;0,  0> +
        (-0.000514, 0.000075)|   2, 0, 4;0,  0;0,  0> +
        ( 0.000001,-0.000442)|   2, 0, 3;0,  0;0,  0> +
        ( 0.000367,-0.000001)|   6, 2, 0;0,  0;0,  0> +
        ( 0.000037,-0.000346)|   0, 3, 1;0,  0;0,  0> +
        (-0.000339,-0.000008)|   0, 3, 2;0,  0;0,  0> +
        (-0.000333, 0.000004)|   2, 1, 2;0,  0;0,  0> +
         ...
 |22> = (-0.730201, 0.005903)|   5, 1, 0;0,  0;0,  0> +
        ( 0.007371, 0.683155)|   5, 0, 1;0,  0;0,  0> +
        (-0.003206,-0.000007)|   9, 0, 0;0,  0;0,  0> +
        (-0.001613,-0.000051)|   1, 3, 0;0,  0;0,  0> +
        (-0.000375, 0.001466)|   2, 1, 1;0,  0;0,  0> +
        (-0.000824,-0.000008)|   5, 2, 0;0,  0;0,  0> +
        (-0.000557, 0.000004)|   5, 0, 2;0,  0;0,  0> +
        ( 0.000413,-0.000211)|   1, 1, 2;0,  0;0,  0> +
        ( 0.000371,-0.000001)|   2, 2, 2;0,  0;0,  0> +
        ( 0.000004,-0.000371)|   2, 2, 1;0,  0;0,  0> +
        (-0.000370, 0.000007)|   3, 0, 4;0,  0;0,  0> +
        ( 0.000332, 0.000013)|   2, 3, 0;0,  0;0,  0> +
        (-0.000144, 0.000285)|   1, 0, 3;0,  0;0,  0> +
         ...
 |23> = (-0.002546,-0.730224)|   5, 0, 1;0,  0;0,  0> +
        (-0.683196, 0.000534)|   5, 1, 0;0,  0;0,  0> +
        ( 0.002356,-0.000002)|   8, 0, 0;0,  0;0,  0> +
        (-0.000996,-0.000075)|   1, 3, 0;0,  0;0,  0> +
        ( 0.000078,-0.000948)|   0, 2, 1;0,  0;0,  0> +
        ( 0.000453, 0.000813)|   0, 0, 3;0,  0;0,  0> +
        (-0.000688, 0.000568)|   0, 1, 2;0,  0;0,  0> +
        (-0.000506,-0.000235)|   4, 0, 2;0,  0;0,  0> +
        ( 0.000509, 0.000008)|   5, 0, 2;0,  0;0,  0> +
        ( 0.000491, 0.000030)|   1, 0, 4;0,  0;0,  0> +
        (-0.000110, 0.000434)|   2, 1, 1;0,  0;0,  0> +
        ( 0.000283, 0.000234)|   4, 2, 0;0,  0;0,  0> +
        (-0.000011,-0.000365)|   0, 1, 3;0,  0;0,  0> +
        (-0.000339,-0.000125)|   1, 1, 2;0,  0;0,  0> +
        ( 0.000348,-0.000021)|   2, 4, 0;0,  0;0,  0> +
        ( 0.000340,-0.000003)|   5, 2, 0;0,  0;0,  0> +
        (-0.000316,-0.000024)|   1, 2, 2;0,  0;0,  0> +
         ...
 |24> = (-0.862673,-0.505625)|  12, 0, 0;0,  0;0,  0> +
        (-0.003030, 0.008546)|  13, 0, 0;0,  0;0,  0> +
        ( 0.005521,-0.000788)|   8, 1, 0;0,  0;0,  0> +
        ( 0.000538, 0.004519)|   8, 0, 1;0,  0;0,  0> +
        (-0.000133, 0.001033)|   3, 0, 3;0,  0;0,  0> +
        ( 0.000031,-0.000543)|   3, 2, 1;0,  0;0,  0> +
        (-0.000467, 0.000108)|   3, 1, 2;0,  0;0,  0> +
        (-0.000461, 0.000023)|   4, 3, 0;0,  0;0,  0> +
        (-0.000155,-0.000427)|   1, 3, 1;0,  0;0,  0> +
        (-0.000048, 0.000451)|   0, 3, 1;0,  0;0,  0> +
        (-0.000421, 0.000014)|   2, 1, 4;0,  0;0,  0> +
        ( 0.000033,-0.000384)|   4, 0, 3;0,  0;0,  0> +
        ( 0.000381,-0.000004)|   5, 4, 0;0,  0;0,  0> +
        (-0.000253,-0.000274)|   1, 1, 3;0,  0;0,  0> +
        ( 0.000347,-0.000001)|   5, 0, 4;0,  0;0,  0> +
        (-0.000009, 0.000336)|   7, 0, 1;0,  0;0,  0> +
         ...
