# Parameters of the model
#  mass:		    261.00 u
#  charge:	      1.00 e
#  dipole:	      4.74 D
#  B:		    503.65 MHz
#  omega_rho:	      1.40 MHz
#  omega_z:	      0.14 MHz

# Basis truncation:	|36,5,5;1,1>
# omega_1:	      0.24 MHz
# omega_3/5:	      1.39 MHz
# Basis size:		14400

# Active terms of the Hamiltionian:
# 	Nomal modes:	1
# 	T_rot:      	1
# 	V_qd^{(0)}: 	1
# 	V_qd^{(1)}: 	1
# 	V_dd^{(0)}: 	1

# Results of the diagonalisation

# 100 smallest eigenvalues
 6.415051460 7.411144257 8.419013023 9.422913551 10.395538330 11.408754349 12.326055527 12.340390205 12.400856018 13.318226814 13.329580307 13.437391281 14.318783760 14.346968651 14.409293175 15.314604759 15.340491295 15.419178963 16.341184616 16.346817017 16.476181030 17.310010910 17.367813110 17.389879227 18.222633362 18.232252121 18.235395432 18.291927338 18.323556900 18.354896545 19.227993011 19.252845764 19.254409790 19.356090546 19.415575027 19.430593491 20.224048615 20.242536545 20.245985031 20.313486099 20.330064774 20.468423843 21.217556000 21.269081116 21.280298233 21.285531998 21.392480850 21.411191940 22.244426727 22.252981186 22.254425049 22.341548920 22.356712341 22.380052567 23.209730148 23.232824326 23.255937576 23.314983368 23.359891891 23.363265991 24.157169342 24.173131943 24.185052872 24.196166992 24.231044769 24.255958557 24.280555725 24.328708649 24.331846237 24.405178070 25.163618088 25.166118622 25.169775009 25.205516815 25.212526321 25.246753693 25.280792236 25.283100128 25.400720596 25.453130722 26.113288879 26.160755157 26.175020218 26.177665710 26.234420776 26.243881226 26.301784515 26.353191376 26.365049362 26.431934357 27.126430511 27.151746750 27.198574066 27.219535828 27.249792099 27.264667511 27.290346146 27.293579102 27.329219818 27.415443420

# Ground state and the lowest excitations:
 | 0> = (-1.000000, 0.000000)|   0, 0, 0;0,  0;0,  0> +
         ...
 | 1> = (-1.000000, 0.000000)|   1, 0, 0;0,  0;0,  0> +
         ...
 | 2> = (-1.000000,-0.000000)|   2, 0, 0;0,  0;0,  0> +
         ...
 | 3> = ( 1.000000, 0.000003)|   3, 0, 0;0,  0;0,  0> +
        (-0.000004, 0.000536)|   0, 0, 1;0,  0;0,  0> +
        (-0.000430,-0.000004)|   0, 1, 0;0,  0;0,  0> +
         ...
 | 4> = (-1.000000,-0.000147)|   4, 0, 0;0,  0;0,  0> +
        ( 0.000504, 0.000000)|   0, 2, 0;0,  0;0,  0> +
        (-0.000504,-0.000000)|   0, 0, 2;0,  0;0,  0> +
        ( 0.000393, 0.000000)|   2, 2, 0;0,  0;0,  0> +
        ( 0.000356, 0.000000)|   2, 0, 2;0,  0;0,  0> +
         ...
 | 5> = ( 0.999996,-0.000443)|   5, 0, 0;0,  0;0,  0> +
        ( 0.000407, 0.001750)|   1, 1, 0;0,  0;0,  0> +
        ( 0.001742,-0.000405)|   1, 0, 1;0,  0;0,  0> +
        ( 0.000450, 0.000002)|   2, 0, 2;0,  0;0,  0> +
        (-0.000447,-0.000002)|   2, 2, 0;0,  0;0,  0> +
        ( 0.000036,-0.000433)|   1, 1, 1;0,  0;0,  0> +
         ...
 | 6> = (-0.763810,-0.000098)|   0, 1, 0;0,  0;0,  0> +
        (-0.000098, 0.645442)|   0, 0, 1;0,  0;0,  0> +
        (-0.000675, 0.000005)|   3, 0, 0;0,  0;0,  0> +
        (-0.000477,-0.000000)|   1, 2, 0;0,  0;0,  0> +
        (-0.000471, 0.000000)|   1, 0, 2;0,  0;0,  0> +
         ...
 | 7> = (-0.000008, 0.763810)|   0, 0, 1;0,  0;0,  0> +
        ( 0.645442,-0.000008)|   0, 1, 0;0,  0;0,  0> +
         ...
 | 8> = ( 0.998509, 0.054567)|   6, 0, 0;0,  0;0,  0> +
        (-0.000002, 0.000829)|   3, 0, 1;0,  0;0,  0> +
        (-0.000644,-0.000171)|   0, 2, 1;0,  0;0,  0> +
        ( 0.000098,-0.000616)|   0, 3, 0;0,  0;0,  0> +
        (-0.000050, 0.000605)|   1, 1, 1;0,  0;0,  0> +
        ( 0.000464,-0.000002)|   3, 1, 0;0,  0;0,  0> +
        (-0.000433,-0.000000)|   4, 1, 0;0,  0;0,  0> +
        ( 0.000000,-0.000416)|   4, 0, 1;0,  0;0,  0> +
        (-0.000394,-0.000084)|   4, 2, 0;0,  0;0,  0> +
        ( 0.000387, 0.000002)|   7, 1, 0;0,  0;0,  0> +
         ...
 | 9> = (-0.000229,-0.708580)|   1, 0, 1;0,  0;0,  0> +
        (-0.705630,-0.000263)|   1, 1, 0;0,  0;0,  0> +
        (-0.001091, 0.000001)|   2, 0, 2;0,  0;0,  0> +
        (-0.001080,-0.000000)|   2, 2, 0;0,  0;0,  0> +
        (-0.000420,-0.000050)|   1, 2, 0;0,  0;0,  0> +
        ( 0.000412, 0.000050)|   1, 0, 2;0,  0;0,  0> +
         ...
 |10> = (-0.126475,-0.697199)|   1, 1, 0;0,  0;0,  0> +
        (-0.694208, 0.126432)|   1, 0, 1;0,  0;0,  0> +
        ( 0.002532, 0.000122)|   5, 0, 0;0,  0;0,  0> +
        ( 0.000637, 0.000002)|   3, 2, 0;0,  0;0,  0> +
        (-0.000017, 0.000601)|   0, 1, 1;0,  0;0,  0> +
        ( 0.000585,-0.000007)|   3, 0, 2;0,  0;0,  0> +
        ( 0.000410, 0.000257)|   2, 1, 0;0,  0;0,  0> +
        (-0.000425,-0.000013)|   2, 2, 0;0,  0;0,  0> +
        ( 0.000422,-0.000010)|   2, 0, 2;0,  0;0,  0> +
        ( 0.000263,-0.000204)|   2, 0, 1;0,  0;0,  0> +
         ...
 |11> = ( 0.999893,-0.014449)|   7, 0, 0;0,  0;0,  0> +
        (-0.000107, 0.001295)|   1, 1, 1;0,  0;0,  0> +
        (-0.001265,-0.000000)|   7, 1, 0;0,  0;0,  0> +
        (-0.000634,-0.000001)|   3, 1, 0;0,  0;0,  0> +
        (-0.000001, 0.000633)|   3, 0, 1;0,  0;0,  0> +
        ( 0.000383, 0.000278)|   0, 1, 2;0,  0;0,  0> +
        ( 0.000006,-0.000462)|   6, 0, 1;0,  0;0,  0> +
        ( 0.000452,-0.000007)|   4, 1, 0;0,  0;0,  0> +
        (-0.000419, 0.000020)|   6, 1, 0;0,  0;0,  0> +
        (-0.000002, 0.000408)|   1, 0, 3;0,  0;0,  0> +
        (-0.000396,-0.000005)|   2, 3, 0;0,  0;0,  0> +
        ( 0.000373,-0.000002)|   1, 3, 0;0,  0;0,  0> +
        (-0.000001,-0.000352)|   2, 0, 3;0,  0;0,  0> +
        (-0.000007, 0.000349)|   4, 0, 1;0,  0;0,  0> +
         ...
 |12> = (-0.332687, 0.635262)|   2, 0, 1;0,  0;0,  0> +
        (-0.612434,-0.332682)|   2, 1, 0;0,  0;0,  0> +
        ( 0.000008,-0.002814)|   0, 1, 1;0,  0;0,  0> +
        (-0.000143,-0.000648)|   2, 1, 1;0,  0;0,  0> +
        ( 0.000572, 0.000131)|   3, 0, 2;0,  0;0,  0> +
        (-0.000154,-0.000372)|   1, 1, 0;0,  0;0,  0> +
        (-0.000370, 0.000154)|   1, 0, 1;0,  0;0,  0> +
        (-0.000342, 0.000007)|   0, 0, 4;0,  0;0,  0> +
         ...
 |13> = ( 0.717086, 0.005243)|   2, 1, 0;0,  0;0,  0> +
        ( 0.005490, 0.696941)|   2, 0, 1;0,  0;0,  0> +
        ( 0.000626, 0.000066)|   1, 2, 0;0,  0;0,  0> +
        (-0.000626,-0.000066)|   1, 0, 2;0,  0;0,  0> +
        (-0.000051, 0.000612)|   1, 1, 1;0,  0;0,  0> +
        (-0.000423,-0.000000)|   3, 0, 2;0,  0;0,  0> +
        (-0.000423, 0.000001)|   3, 2, 0;0,  0;0,  0> +
         ...
 |14> = (-0.999987, 0.001097)|   8, 0, 0;0,  0;0,  0> +
        ( 0.000146, 0.004022)|   5, 0, 1;0,  0;0,  0> +
        (-0.000553,-0.001769)|   3, 1, 1;0,  0;0,  0> +
        (-0.000238,-0.001070)|   2, 1, 1;0,  0;0,  0> +
        ( 0.000052,-0.001011)|   6, 0, 1;0,  0;0,  0> +
        ( 0.000751,-0.000000)|   5, 0, 2;0,  0;0,  0> +
        (-0.000744, 0.000004)|   4, 1, 0;0,  0;0,  0> +
        ( 0.000004, 0.000738)|   4, 0, 1;0,  0;0,  0> +
        ( 0.000734,-0.000001)|   5, 2, 0;0,  0;0,  0> +
        (-0.000530, 0.000165)|   5, 1, 0;0,  0;0,  0> +
        ( 0.000552, 0.000015)|   6, 1, 0;0,  0;0,  0> +
        ( 0.000006, 0.000345)|   7, 0, 1;0,  0;0,  0> +
         ...
 |15> = (-0.717043,-0.001602)|   3, 1, 0;0,  0;0,  0> +
        (-0.001333, 0.697023)|   3, 0, 1;0,  0;0,  0> +
        (-0.000895, 0.000013)|   7, 0, 0;0,  0;0,  0> +
        (-0.000829,-0.000001)|   1, 3, 0;0,  0;0,  0> +
        ( 0.000001,-0.000771)|   1, 0, 3;0,  0;0,  0> +
        (-0.000492,-0.000005)|   1, 1, 2;0,  0;0,  0> +
        ( 0.000000,-0.000466)|   1, 2, 1;0,  0;0,  0> +
        ( 0.000421, 0.000111)|   3, 2, 0;0,  0;0,  0> +
        (-0.000420,-0.000111)|   3, 0, 2;0,  0;0,  0> +
        ( 0.000398,-0.000006)|   0, 2, 1;0,  0;0,  0> +
         ...
 |16> = ( 0.000101, 0.717044)|   3, 0, 1;0,  0;0,  0> +
        ( 0.697023, 0.000126)|   3, 1, 0;0,  0;0,  0> +
        (-0.000094, 0.001141)|   1, 1, 1;0,  0;0,  0> +
        (-0.000203,-0.000920)|   2, 1, 1;0,  0;0,  0> +
        (-0.000917,-0.000050)|   6, 0, 0;0,  0;0,  0> +
        ( 0.000907,-0.000003)|   4, 0, 2;0,  0;0,  0> +
        ( 0.000887,-0.000000)|   4, 2, 0;0,  0;0,  0> +
        ( 0.000001, 0.000558)|   1, 0, 3;0,  0;0,  0> +
        ( 0.000541, 0.000002)|   1, 3, 0;0,  0;0,  0> +
        (-0.000001, 0.000342)|   1, 2, 1;0,  0;0,  0> +
        ( 0.000320, 0.000000)|   1, 1, 2;0,  0;0,  0> +
         ...
 |17> = ( 0.999917, 0.011879)|   9, 0, 0;0,  0;0,  0> +
        ( 0.003512,-0.000049)|   6, 1, 0;0,  0;0,  0> +
        (-0.001770,-0.000044)|   5, 0, 2;0,  0;0,  0> +
        (-0.001477,-0.000057)|   8, 1, 0;0,  0;0,  0> +
        ( 0.000173,-0.001349)|   8, 0, 1;0,  0;0,  0> +
        ( 0.001151, 0.000046)|   5, 2, 0;0,  0;0,  0> +
        (-0.001038, 0.000074)|   5, 1, 0;0,  0;0,  0> +
        ( 0.000071, 0.001030)|   5, 0, 1;0,  0;0,  0> +
        ( 0.000123,-0.000876)|   6, 0, 1;0,  0;0,  0> +
        ( 0.000016, 0.000855)|   7, 0, 1;0,  0;0,  0> +
        ( 0.000465, 0.000131)|   1, 3, 0;0,  0;0,  0> +
        (-0.000446, 0.000005)|   7, 1, 0;0,  0;0,  0> +
        ( 0.000064,-0.000358)|   1, 0, 3;0,  0;0,  0> +
        (-0.000011,-0.000361)|   2, 0, 3;0,  0;0,  0> +
        ( 0.000316, 0.000049)|   4, 2, 2;0,  0;0,  0> +
        (-0.000319,-0.000012)|   2, 2, 2;0,  0;0,  0> +
         ...
 |18> = ( 0.758490,-0.000054)|   4, 1, 0;0,  0;0,  0> +
        (-0.000241, 0.651673)|   4, 0, 1;0,  0;0,  0> +
        (-0.000711,-0.003233)|   2, 1, 1;0,  0;0,  0> +
        ( 0.000069,-0.000958)|   1, 1, 1;0,  0;0,  0> +
        ( 0.000001, 0.000803)|   1, 0, 3;0,  0;0,  0> +
        ( 0.000780, 0.000004)|   1, 3, 0;0,  0;0,  0> +
        ( 0.000599, 0.000033)|   6, 0, 0;0,  0;0,  0> +
        ( 0.000504, 0.000286)|   0, 1, 2;0,  0;0,  0> +
        (-0.000571, 0.000008)|   7, 0, 0;0,  0;0,  0> +
        (-0.000002, 0.000500)|   1, 2, 1;0,  0;0,  0> +
        ( 0.000340,-0.000293)|   0, 2, 1;0,  0;0,  0> +
        ( 0.000414, 0.000023)|   1, 4, 0;0,  0;0,  0> +
        ( 0.000390,-0.000001)|   1, 1, 2;0,  0;0,  0> +
        (-0.000010, 0.000383)|   3, 0, 1;0,  0;0,  0> +
        ( 0.000001, 0.000349)|   2, 0, 3;0,  0;0,  0> +
        (-0.000334,-0.000020)|   2, 2, 2;0,  0;0,  0> +
         ...
 |19> = (-0.003885,-0.758483)|   4, 0, 1;0,  0;0,  0> +
        ( 0.651663,-0.003625)|   4, 1, 0;0,  0;0,  0> +
        ( 0.000008,-0.001750)|   5, 0, 1;0,  0;0,  0> +
        (-0.001727,-0.000005)|   5, 1, 0;0,  0;0,  0> +
        (-0.001052, 0.000001)|   8, 0, 0;0,  0;0,  0> +
        ( 0.000896, 0.000379)|   4, 0, 2;0,  0;0,  0> +
        (-0.000883,-0.000380)|   4, 2, 0;0,  0;0,  0> +
        ( 0.000833, 0.000003)|   2, 3, 0;0,  0;0,  0> +
        ( 0.000816,-0.000034)|   6, 1, 0;0,  0;0,  0> +
        (-0.000004, 0.000816)|   2, 0, 3;0,  0;0,  0> +
        (-0.000005, 0.000690)|   6, 0, 1;0,  0;0,  0> +
        ( 0.000485,-0.000002)|   2, 1, 2;0,  0;0,  0> +
        ( 0.000002, 0.000479)|   2, 2, 1;0,  0;0,  0> +
        (-0.000361,-0.000001)|   7, 1, 0;0,  0;0,  0> +
         ...
 |20> = ( 0.999957, 0.002422)|  10, 0, 0;0,  0;0,  0> +
        ( 0.000355,-0.005952)|   6, 0, 1;0,  0;0,  0> +
        ( 0.005172, 0.000053)|   6, 1, 0;0,  0;0,  0> +
        ( 0.002662, 0.000009)|   7, 1, 0;0,  0;0,  0> +
        (-0.001664,-0.000418)|   8, 1, 0;0,  0;0,  0> +
        ( 0.000004, 0.001291)|   7, 0, 1;0,  0;0,  0> +
        (-0.000790, 0.000094)|   3, 3, 0;0,  0;0,  0> +
        ( 0.000165,-0.000680)|   1, 2, 1;0,  0;0,  0> +
        (-0.000676,-0.000003)|   5, 2, 0;0,  0;0,  0> +
        (-0.000324,-0.000502)|   8, 0, 1;0,  0;0,  0> +
        ( 0.000501, 0.000039)|   2, 4, 0;0,  0;0,  0> +
        ( 0.000444, 0.000144)|   2, 1, 2;0,  0;0,  0> +
        (-0.000456,-0.000013)|   3, 2, 2;0,  0;0,  0> +
        (-0.000455, 0.000005)|   5, 0, 2;0,  0;0,  0> +
        (-0.000418,-0.000039)|   2, 2, 2;0,  0;0,  0> +
        (-0.000419,-0.000002)|   2, 3, 0;0,  0;0,  0> +
        ( 0.000403, 0.000091)|   0, 1, 3;0,  0;0,  0> +
        ( 0.000401, 0.000068)|   3, 1, 2;0,  0;0,  0> +
        (-0.000376,-0.000021)|   1, 1, 3;0,  0;0,  0> +
        (-0.000201,-0.000316)|   1, 3, 1;0,  0;0,  0> +
        (-0.000185, 0.000321)|  13, 0, 0;0,  0;0,  0> +
        (-0.000057, 0.000347)|   1, 0, 3;0,  0;0,  0> +
        (-0.000329,-0.000010)|   4, 2, 2;0,  0;0,  0> +
         ...
 |21> = (-0.712745, 0.049577)|   5, 1, 0;0,  0;0,  0> +
        ( 0.047916, 0.697929)|   5, 0, 1;0,  0;0,  0> +
        (-0.000430, 0.009532)|   6, 0, 1;0,  0;0,  0> +
        ( 0.003183,-0.000003)|   8, 0, 0;0,  0;0,  0> +
        (-0.003060,-0.000186)|   6, 1, 0;0,  0;0,  0> +
        (-0.000025,-0.002631)|   7, 0, 1;0,  0;0,  0> +
        (-0.002617,-0.000017)|   7, 1, 0;0,  0;0,  0> +
        ( 0.000680, 0.002172)|   3, 1, 1;0,  0;0,  0> +
        (-0.001445,-0.000019)|   9, 0, 0;0,  0;0,  0> +
        (-0.000016,-0.001028)|   2, 0, 3;0,  0;0,  0> +
        (-0.000562,-0.000022)|   5, 2, 0;0,  0;0,  0> +
        ( 0.000004,-0.000529)|   2, 2, 1;0,  0;0,  0> +
        (-0.000454,-0.000184)|   0, 3, 1;0,  0;0,  0> +
        ( 0.000427,-0.000045)|   0, 3, 2;0,  0;0,  0> +
        ( 0.000072,-0.000382)|   1, 0, 3;0,  0;0,  0> +
        ( 0.000348, 0.000019)|   5, 0, 2;0,  0;0,  0> +
        ( 0.000330, 0.000006)|   1, 2, 2;0,  0;0,  0> +
         ...
 |22> = ( 0.002908,-0.714320)|   5, 0, 1;0,  0;0,  0> +
        (-0.699548,-0.002210)|   5, 1, 0;0,  0;0,  0> +
        (-0.014085, 0.000586)|   6, 1, 0;0,  0;0,  0> +
        ( 0.000088,-0.012113)|   6, 0, 1;0,  0;0,  0> +
        (-0.002495, 0.000003)|   8, 0, 0;0,  0;0,  0> +
        (-0.001738, 0.000009)|   4, 1, 0;0,  0;0,  0> +
        ( 0.000010, 0.001727)|   4, 0, 1;0,  0;0,  0> +
        ( 0.001284, 0.000001)|   7, 1, 0;0,  0;0,  0> +
        ( 0.001137,-0.000002)|   5, 0, 2;0,  0;0,  0> +
        ( 0.001070,-0.000004)|   5, 2, 0;0,  0;0,  0> +
        ( 0.000004, 0.000933)|   2, 2, 1;0,  0;0,  0> +
        ( 0.000869, 0.000003)|   2, 3, 0;0,  0;0,  0> +
        ( 0.000860, 0.000007)|   2, 1, 2;0,  0;0,  0> +
        (-0.000755,-0.000161)|   1, 3, 0;0,  0;0,  0> +
        ( 0.000610,-0.000011)|   1, 4, 0;0,  0;0,  0> +
        ( 0.000002, 0.000569)|   2, 0, 3;0,  0;0,  0> +
        ( 0.000491, 0.000055)|   1, 1, 2;0,  0;0,  0> +
        (-0.000112, 0.000367)|   1, 0, 3;0,  0;0,  0> +
        (-0.000027,-0.000356)|   1, 2, 1;0,  0;0,  0> +
        ( 0.000077, 0.000347)|   2, 1, 1;0,  0;0,  0> +
        ( 0.000000,-0.000318)|   2, 2, 3;0,  0;0,  0> +
         ...
 |23> = ( 0.064815,-0.997890)|  11, 0, 0;0,  0;0,  0> +
        (-0.001262, 0.001907)|   8, 0, 1;0,  0;0,  0> +
        (-0.000830,-0.000961)|   8, 1, 0;0,  0;0,  0> +
        ( 0.000618,-0.001073)|  13, 0, 0;0,  0;0,  0> +
        ( 0.000080, 0.001122)|   4, 1, 1;0,  0;0,  0> +
        (-0.000871,-0.000028)|   5, 0, 2;0,  0;0,  0> +
        ( 0.000870, 0.000029)|   5, 2, 0;0,  0;0,  0> +
        ( 0.000754, 0.000223)|   0, 1, 3;0,  0;0,  0> +
        (-0.000121, 0.000681)|   2, 2, 1;0,  0;0,  0> +
        (-0.000557,-0.000280)|   0, 3, 1;0,  0;0,  0> +
        (-0.000622, 0.000045)|   2, 3, 0;0,  0;0,  0> +
        (-0.000006,-0.000573)|   7, 0, 1;0,  0;0,  0> +
        ( 0.000487, 0.000003)|   7, 1, 0;0,  0;0,  0> +
        ( 0.000018, 0.000415)|   2, 0, 3;0,  0;0,  0> +
        ( 0.000404, 0.000043)|   6, 2, 0;0,  0;0,  0> +
        (-0.000313,-0.000169)|   2, 1, 2;0,  0;0,  0> +
        ( 0.000353, 0.000010)|   2, 0, 4;0,  0;0,  0> +
        ( 0.000341, 0.000021)|   6, 0, 2;0,  0;0,  0> +
         ...
 |24> = ( 0.707105, 0.000490)|   0, 2, 0;0,  0;0,  0> +
        (-0.707103,-0.000490)|   0, 0, 2;0,  0;0,  0> +
        ( 0.002318, 0.000093)|   1, 2, 0;0,  0;0,  0> +
        ( 0.001381,-0.000006)|   1, 0, 2;0,  0;0,  0> +
        ( 0.000713, 0.000000)|   4, 0, 0;0,  0;0,  0> +
         ...
