# Parameters of the model
#  mass:		    261.00 u
#  charge:	      1.00 e
#  dipole:	      4.74 D
#  B:		    503.65 MHz
#  omega_rho:	      1.40 MHz
#  omega_z:	      0.12 MHz

# Basis truncation:	|36,5,5;1,1>
# omega_1:	      0.21 MHz
# omega_3/5:	      1.39 MHz
# Basis size:		14400

# Active terms of the Hamiltionian:
# 	Nomal modes:	1
# 	T_rot:      	1
# 	V_qd^{(0)}: 	1
# 	V_qd^{(1)}: 	1
# 	V_dd^{(0)}: 	1

# Results of the diagonalisation

# 100 smallest eigenvalues
 6.992722988 7.999160290 8.988797188 10.018258095 10.992323875 11.992036819 13.013335228 13.484191895 13.504167557 14.044797897 14.447125435 14.465631485 14.940083504 15.507506371 15.518736839 16.010354996 16.490196228 16.502979279 17.049434662 17.456632614 17.500883102 17.938272476 18.431966782 18.476284027 18.995588303 19.477508545 19.559236526 19.959197998 19.964239120 19.970552444 19.987310410 20.399417877 20.463602066 20.963685989 20.971197128 20.994459152 21.013917923 21.404163361 21.479688644 21.973970413 21.989940643 21.995277405 22.006605148 22.515928268 22.530227661 22.940055847 22.965366364 22.976289749 22.980287552 23.497150421 23.520446777 23.892143250 23.932012558 23.936948776 24.010032654 24.429899216 24.447427750 24.937322617 24.942756653 25.005672455 25.020177841 25.468296051 25.526739120 25.912422180 25.958623886 25.969924927 26.020326614 26.475784302 26.484262466 26.501426697 26.523397446 26.532140732 26.613119125 26.918518066 26.992938995 26.996477127 27.002264023 27.435371399 27.464550018 27.465230942 27.481704712 27.484773636 27.493324280 27.941045761 27.966979980 28.029253006 28.131006241 28.437374115 28.456769943 28.487695694 28.503477097 28.531991959 28.584487915 28.925256729 28.981967926 29.027063370 29.075115204 29.470746994 29.486957550 29.489828110

# Ground state and the lowest excitations:
 | 0> = ( 1.000000, 0.000000)|   0, 0, 0;0,  0;0,  0> +
         ...
 | 1> = ( 1.000000,-0.000000)|   1, 0, 0;0,  0;0,  0> +
         ...
 | 2> = ( 1.000000, 0.000000)|   2, 0, 0;0,  0;0,  0> +
         ...
 | 3> = (-1.000000, 0.000002)|   3, 0, 0;0,  0;0,  0> +
        ( 0.000002, 0.000727)|   0, 0, 1;0,  0;0,  0> +
        ( 0.000603, 0.000002)|   0, 1, 0;0,  0;0,  0> +
         ...
 | 4> = (-1.000000,-0.000002)|   4, 0, 0;0,  0;0,  0> +
        (-0.000443, 0.000019)|   1, 0, 2;0,  0;0,  0> +
        (-0.000394, 0.000000)|   0, 2, 0;0,  0;0,  0> +
        ( 0.000394,-0.000000)|   0, 0, 2;0,  0;0,  0> +
         ...
 | 5> = (-0.999997,-0.000982)|   5, 0, 0;0,  0;0,  0> +
        ( 0.001093,-0.000019)|   2, 1, 0;0,  0;0,  0> +
        (-0.000024, 0.000976)|   2, 0, 1;0,  0;0,  0> +
        (-0.000305, 0.000340)|   0, 0, 3;0,  0;0,  0> +
         ...
 | 6> = (-0.999989,-0.000924)|   6, 0, 0;0,  0;0,  0> +
        ( 0.002626, 0.001920)|   2, 0, 1;0,  0;0,  0> +
        (-0.001917, 0.002623)|   2, 1, 0;0,  0;0,  0> +
        ( 0.000577,-0.000437)|   0, 2, 1;0,  0;0,  0> +
        ( 0.000397,-0.000390)|   0, 1, 1;0,  0;0,  0> +
        ( 0.000130, 0.000526)|   0, 3, 0;0,  0;0,  0> +
        (-0.000064,-0.000366)|   0, 1, 2;0,  0;0,  0> +
        (-0.000008, 0.000369)|   3, 0, 1;0,  0;0,  0> +
        ( 0.000336, 0.000009)|   3, 1, 0;0,  0;0,  0> +
         ...
 | 7> = (-0.000021,-0.733204)|   0, 0, 1;0,  0;0,  0> +
        (-0.680008,-0.000021)|   0, 1, 0;0,  0;0,  0> +
        (-0.000943,-0.000000)|   3, 0, 0;0,  0;0,  0> +
         ...
 | 8> = ( 0.733204,-0.000545)|   0, 1, 0;0,  0;0,  0> +
        (-0.000545,-0.680008)|   0, 0, 1;0,  0;0,  0> +
         ...
 | 9> = ( 0.994288, 0.106688)|   7, 0, 0;0,  0;0,  0> +
        ( 0.000037,-0.002162)|   3, 0, 1;0,  0;0,  0> +
        ( 0.001476, 0.000005)|   4, 1, 0;0,  0;0,  0> +
        (-0.000002, 0.001186)|   4, 0, 1;0,  0;0,  0> +
        ( 0.000482, 0.000066)|   4, 0, 2;0,  0;0,  0> +
        ( 0.000023, 0.000430)|   1, 1, 1;0,  0;0,  0> +
         ...
 |10> = (-0.000291,-0.745537)|   1, 0, 1;0,  0;0,  0> +
        (-0.666465, 0.000129)|   1, 1, 0;0,  0;0,  0> +
        ( 0.000399,-0.000000)|   4, 0, 0;0,  0;0,  0> +
         ...
 |11> = (-0.745532, 0.001256)|   1, 1, 0;0,  0;0,  0> +
        ( 0.001254, 0.666460)|   1, 0, 1;0,  0;0,  0> +
        ( 0.002214, 0.000049)|   2, 1, 0;0,  0;0,  0> +
        ( 0.000038, 0.002035)|   2, 0, 1;0,  0;0,  0> +
        (-0.000983, 0.000003)|   2, 2, 0;0,  0;0,  0> +
        ( 0.000411, 0.000001)|   5, 0, 0;0,  0;0,  0> +
         ...
 |12> = ( 0.999964,-0.007425)|   8, 0, 0;0,  0;0,  0> +
        (-0.002672,-0.000082)|   3, 1, 0;0,  0;0,  0> +
        (-0.000081, 0.002628)|   3, 0, 1;0,  0;0,  0> +
        ( 0.000705, 0.000166)|   4, 2, 0;0,  0;0,  0> +
        ( 0.000013,-0.000655)|   0, 1, 2;0,  0;0,  0> +
        (-0.000012,-0.000598)|   1, 1, 1;0,  0;0,  0> +
        ( 0.000585, 0.000007)|   3, 0, 2;0,  0;0,  0> +
        ( 0.000560, 0.000000)|   5, 1, 0;0,  0;0,  0> +
        (-0.000000, 0.000559)|   5, 0, 1;0,  0;0,  0> +
        (-0.000001,-0.000495)|   4, 0, 1;0,  0;0,  0> +
        (-0.000449,-0.000165)|   4, 0, 2;0,  0;0,  0> +
        ( 0.000392,-0.000004)|   3, 2, 0;0,  0;0,  0> +
        ( 0.000385,-0.000016)|   2, 1, 2;0,  0;0,  0> +
        ( 0.000023, 0.000381)|   2, 2, 1;0,  0;0,  0> +
        ( 0.000346,-0.000020)|   1, 1, 2;0,  0;0,  0> +
        ( 0.000338,-0.000001)|   4, 1, 0;0,  0;0,  0> +
        (-0.000322, 0.000024)|   2, 0, 4;0,  0;0,  0> +
         ...
 |13> = (-0.716941, 0.012406)|   2, 1, 0;0,  0;0,  0> +
        ( 0.013756,-0.696869)|   2, 0, 1;0,  0;0,  0> +
        (-0.002872, 0.000008)|   2, 2, 0;0,  0;0,  0> +
        ( 0.002170,-0.000008)|   2, 0, 2;0,  0;0,  0> +
        (-0.002136, 0.000009)|   1, 1, 0;0,  0;0,  0> +
        ( 0.000010, 0.002113)|   1, 0, 1;0,  0;0,  0> +
        (-0.001463, 0.000001)|   5, 0, 0;0,  0;0,  0> +
        (-0.000222, 0.000346)|   0, 0, 3;0,  0;0,  0> +
        ( 0.000283,-0.000164)|   0, 3, 0;0,  0;0,  0> +
        ( 0.000322, 0.000001)|   0, 2, 2;0,  0;0,  0> +
         ...
 |14> = ( 0.570945, 0.433796)|   2, 0, 1;0,  0;0,  0> +
        (-0.400828, 0.570219)|   2, 1, 0;0,  0;0,  0> +
        ( 0.004596, 0.000005)|   6, 0, 0;0,  0;0,  0> +
        ( 0.001905, 0.000033)|   3, 2, 0;0,  0;0,  0> +
        ( 0.001578, 0.000017)|   3, 0, 2;0,  0;0,  0> +
        (-0.001133, 0.000889)|   0, 1, 1;0,  0;0,  0> +
        (-0.000019,-0.000536)|   0, 0, 3;0,  0;0,  0> +
        (-0.000475,-0.000062)|   0, 3, 0;0,  0;0,  0> +
        (-0.000123,-0.000304)|   0, 2, 1;0,  0;0,  0> +
         ...
 |15> = (-0.999983, 0.004148)|   9, 0, 0;0,  0;0,  0> +
        (-0.002682,-0.000012)|   5, 1, 0;0,  0;0,  0> +
        (-0.000013, 0.001997)|   5, 0, 1;0,  0;0,  0> +
        ( 0.001072,-0.000052)|   5, 0, 2;0,  0;0,  0> +
        ( 0.000962,-0.000026)|   1, 1, 2;0,  0;0,  0> +
        (-0.000481, 0.000057)|   5, 2, 0;0,  0;0,  0> +
        (-0.000064, 0.000435)|   2, 1, 1;0,  0;0,  0> +
        ( 0.000002,-0.000411)|   2, 0, 3;0,  0;0,  0> +
        (-0.000408, 0.000002)|   2, 3, 0;0,  0;0,  0> +
        (-0.000009,-0.000341)|   2, 2, 1;0,  0;0,  0> +
         ...
 |16> = ( 0.021697,-0.757458)|   3, 0, 1;0,  0;0,  0> +
        ( 0.652134, 0.021794)|   3, 1, 0;0,  0;0,  0> +
        ( 0.003738,-0.000028)|   8, 0, 0;0,  0;0,  0> +
        (-0.000005, 0.002698)|   4, 0, 1;0,  0;0,  0> +
        ( 0.002614, 0.000005)|   4, 1, 0;0,  0;0,  0> +
        (-0.001733,-0.000186)|   7, 0, 0;0,  0;0,  0> +
        ( 0.000014, 0.000740)|   1, 1, 1;0,  0;0,  0> +
        (-0.000061, 0.000563)|   0, 1, 2;0,  0;0,  0> +
        (-0.000513,-0.000025)|   3, 2, 0;0,  0;0,  0> +
        ( 0.000001, 0.000390)|   1, 0, 3;0,  0;0,  0> +
        (-0.000356,-0.000001)|   0, 0, 4;0,  0;0,  0> +
         ...
 |17> = ( 0.757775, 0.002598)|   3, 1, 0;0,  0;0,  0> +
        ( 0.000876, 0.652507)|   3, 0, 1;0,  0;0,  0> +
        ( 0.001290, 0.000138)|   7, 0, 0;0,  0;0,  0> +
        ( 0.000782,-0.000672)|   0, 1, 1;0,  0;0,  0> +
        ( 0.000496,-0.000011)|   6, 0, 0;0,  0;0,  0> +
        ( 0.000335, 0.000007)|   4, 0, 2;0,  0;0,  0> +
         ...
 |18> = ( 0.999944,-0.000802)|  10, 0, 0;0,  0;0,  0> +
        ( 0.000221, 0.007282)|   6, 0, 1;0,  0;0,  0> +
        ( 0.007167, 0.000583)|   6, 1, 0;0,  0;0,  0> +
        ( 0.001163, 0.000996)|   3, 1, 1;0,  0;0,  0> +
        (-0.000169, 0.001150)|   2, 1, 1;0,  0;0,  0> +
        (-0.000008, 0.001109)|   5, 0, 1;0,  0;0,  0> +
        (-0.001108,-0.000008)|   5, 1, 0;0,  0;0,  0> +
        (-0.000756, 0.000020)|   5, 2, 0;0,  0;0,  0> +
        ( 0.000756, 0.000017)|   1, 3, 0;0,  0;0,  0> +
        ( 0.000430, 0.000267)|   0, 1, 3;0,  0;0,  0> +
        (-0.000499, 0.000021)|   2, 3, 0;0,  0;0,  0> +
        ( 0.000007,-0.000479)|   1, 2, 1;0,  0;0,  0> +
        (-0.000027, 0.000425)|   0, 1, 2;0,  0;0,  0> +
        (-0.000015,-0.000352)|   1, 0, 3;0,  0;0,  0> +
         ...
 |19> = ( 0.000887,-0.719153)|   4, 0, 1;0,  0;0,  0> +
        (-0.694837,-0.001123)|   4, 1, 0;0,  0;0,  0> +
        ( 0.002672, 0.000081)|   3, 1, 0;0,  0;0,  0> +
        ( 0.000080,-0.002660)|   3, 0, 1;0,  0;0,  0> +
        ( 0.001862, 0.000198)|   7, 0, 0;0,  0;0,  0> +
        ( 0.000819, 0.000039)|   3, 2, 0;0,  0;0,  0> +
        (-0.000652,-0.000038)|   3, 0, 2;0,  0;0,  0> +
        ( 0.000012, 0.000563)|   1, 1, 1;0,  0;0,  0> +
        (-0.000193,-0.000433)|   0, 3, 0;0,  0;0,  0> +
        (-0.000378, 0.000243)|   0, 2, 1;0,  0;0,  0> +
        ( 0.000368, 0.000041)|   1, 2, 2;0,  0;0,  0> +
        (-0.000346,-0.000014)|   4, 2, 0;0,  0;0,  0> +
         ...
 |20> = ( 0.719157,-0.001029)|   4, 1, 0;0,  0;0,  0> +
        (-0.001261,-0.694838)|   4, 0, 1;0,  0;0,  0> +
        (-0.001358,-0.000307)|   4, 2, 0;0,  0;0,  0> +
        (-0.001254,-0.000066)|   3, 0, 2;0,  0;0,  0> +
        ( 0.001248, 0.000065)|   3, 2, 0;0,  0;0,  0> +
        ( 0.000840, 0.000305)|   4, 0, 2;0,  0;0,  0> +
        ( 0.000011, 0.000871)|   1, 1, 1;0,  0;0,  0> +
        (-0.000698,-0.000439)|   0, 1, 3;0,  0;0,  0> +
        (-0.000036,-0.000805)|   0, 1, 2;0,  0;0,  0> +
        ( 0.000615,-0.000461)|   0, 2, 1;0,  0;0,  0> +
        ( 0.000221, 0.000651)|   0, 3, 0;0,  0;0,  0> +
        ( 0.000009, 0.000634)|   2, 0, 3;0,  0;0,  0> +
        ( 0.000616, 0.000000)|   2, 3, 0;0,  0;0,  0> +
        (-0.000585, 0.000004)|   8, 0, 0;0,  0;0,  0> +
        (-0.000002, 0.000376)|   2, 2, 1;0,  0;0,  0> +
        ( 0.000371, 0.000004)|   2, 1, 2;0,  0;0,  0> +
        ( 0.000366,-0.000002)|   1, 3, 0;0,  0;0,  0> +
         ...
 |21> = ( 0.796494, 0.604605)|  11, 0, 0;0,  0;0,  0> +
        (-0.000991,-0.005512)|   7, 0, 1;0,  0;0,  0> +
        ( 0.002660, 0.000338)|   6, 1, 0;0,  0;0,  0> +
        ( 0.000156, 0.001747)|   6, 0, 1;0,  0;0,  0> +
        ( 0.001187,-0.000894)|   7, 1, 0;0,  0;0,  0> +
        (-0.001139,-0.000559)|   4, 1, 1;0,  0;0,  0> +
        ( 0.000070, 0.001106)|   1, 0, 3;0,  0;0,  0> +
        (-0.000780, 0.000007)|   1, 3, 0;0,  0;0,  0> +
        (-0.000569,-0.000507)|   3, 1, 1;0,  0;0,  0> +
        (-0.000662, 0.000029)|   2, 3, 0;0,  0;0,  0> +
        (-0.000618, 0.000004)|   3, 3, 0;0,  0;0,  0> +
        (-0.000477, 0.000003)|   5, 0, 2;0,  0;0,  0> +
        ( 0.000341,-0.000178)|   2, 1, 2;0,  0;0,  0> +
        ( 0.000333, 0.000160)|   1, 1, 3;0,  0;0,  0> +
        ( 0.000354,-0.000010)|   6, 2, 0;0,  0;0,  0> +
        ( 0.000289, 0.000130)|   2, 2, 2;0,  0;0,  0> +
         ...
 |22> = (-0.000555, 0.708136)|   5, 0, 1;0,  0;0,  0> +
        ( 0.706071, 0.000264)|   5, 1, 0;0,  0;0,  0> +
        (-0.000036,-0.001402)|   1, 0, 3;0,  0;0,  0> +
        ( 0.001037, 0.000036)|   4, 2, 0;0,  0;0,  0> +
        (-0.000076, 0.000918)|   0, 1, 2;0,  0;0,  0> +
        ( 0.000804,-0.000218)|   0, 2, 1;0,  0;0,  0> +
        ( 0.000121,-0.000823)|   2, 1, 1;0,  0;0,  0> +
        ( 0.000816,-0.000028)|   4, 0, 2;0,  0;0,  0> +
        (-0.000799,-0.000007)|   5, 0, 2;0,  0;0,  0> +
        (-0.000791, 0.000006)|   8, 0, 0;0,  0;0,  0> +
        (-0.000022, 0.000626)|   2, 0, 3;0,  0;0,  0> +
        (-0.000481, 0.000002)|   9, 0, 0;0,  0;0,  0> +
        ( 0.000460,-0.000032)|   2, 3, 0;0,  0;0,  0> +
        ( 0.000447, 0.000018)|   1, 3, 0;0,  0;0,  0> +
        (-0.000373,-0.000194)|   2, 2, 2;0,  0;0,  0> +
        (-0.000389,-0.000048)|   1, 2, 2;0,  0;0,  0> +
         ...
 |23> = (-0.708115,-0.004813)|   5, 1, 0;0,  0;0,  0> +
        (-0.005088, 0.706050)|   5, 0, 1;0,  0;0,  0> +
        ( 0.003308,-0.000008)|   9, 0, 0;0,  0;0,  0> +
        (-0.001568, 0.000001)|  10, 0, 0;0,  0;0,  0> +
        (-0.001386,-0.000005)|   5, 2, 0;0,  0;0,  0> +
        ( 0.000035, 0.001105)|   1, 0, 3;0,  0;0,  0> +
        (-0.001069,-0.000016)|   5, 0, 2;0,  0;0,  0> +
        ( 0.000018, 0.000731)|   1, 2, 1;0,  0;0,  0> +
        (-0.000000,-0.000524)|   2, 0, 3;0,  0;0,  0> +
        ( 0.000064,-0.000438)|   2, 1, 1;0,  0;0,  0> +
        ( 0.000375,-0.000008)|   2, 0, 4;0,  0;0,  0> +
        (-0.000363, 0.000017)|   2, 3, 0;0,  0;0,  0> +
         ...
 |24> = (-0.827773,-0.561017)|  12, 0, 0;0,  0;0,  0> +
        ( 0.004397,-0.001037)|   7, 1, 0;0,  0;0,  0> +
        (-0.003446,-0.000146)|   8, 1, 0;0,  0;0,  0> +
        (-0.000838,-0.003202)|   7, 0, 1;0,  0;0,  0> +
        (-0.000153,-0.001947)|   8, 0, 1;0,  0;0,  0> +
        ( 0.001370, 0.000005)|   3, 1, 2;0,  0;0,  0> +
        ( 0.000666, 0.000594)|   3, 1, 1;0,  0;0,  0> +
        ( 0.000877,-0.000055)|   5, 0, 2;0,  0;0,  0> +
        (-0.000866, 0.000054)|   5, 2, 0;0,  0;0,  0> +
        (-0.000652, 0.000051)|   6, 0, 2;0,  0;0,  0> +
        (-0.000520, 0.000338)|   2, 1, 2;0,  0;0,  0> +
        (-0.000360,-0.000226)|   0, 1, 3;0,  0;0,  0> +
        (-0.000024,-0.000411)|   3, 0, 3;0,  0;0,  0> +
        (-0.000365,-0.000166)|   1, 1, 3;0,  0;0,  0> +
        ( 0.000281, 0.000236)|   2, 2, 1;0,  0;0,  0> +
        (-0.000348,-0.000002)|   3, 4, 0;0,  0;0,  0> +
        ( 0.000030, 0.000343)|   1, 0, 3;0,  0;0,  0> +
        ( 0.000329, 0.000018)|   3, 3, 0;0,  0;0,  0> +
        ( 0.000080,-0.000314)|   3, 2, 1;0,  0;0,  0> +
         ...
