# Parameters of the model
#  mass:		    261.00 u
#  charge:	      1.00 e
#  dipole:	      4.74 D
#  B:		    503.65 MHz
#  omega_rho:	      1.40 MHz
#  omega_z:	      0.13 MHz

# Basis truncation:	|36,5,5;1,1>
# omega_1:	      0.22 MHz
# omega_3/5:	      1.39 MHz
# Basis size:		14400

# Active terms of the Hamiltionian:
# 	Nomal modes:	1
# 	T_rot:      	1
# 	V_qd^{(0)}: 	1
# 	V_qd^{(1)}: 	1
# 	V_dd^{(0)}: 	1

# Results of the diagonalisation

# 100 smallest eigenvalues
 6.788183212 7.787785530 8.785222054 9.791803360 10.798161507 11.768155098 12.820741653 13.056098938 13.076360703 13.807981491 14.062579155 14.094416618 14.820418358 15.078286171 15.093981743 15.746909142 16.074645996 16.098581314 16.799753189 17.039144516 17.104091644 17.796258926 18.075235367 18.092498779 18.733013153 19.039751053 19.079191208 19.359691620 19.366744995 19.392883301 19.774465561 20.010622025 20.124992371 20.351762772 20.355215073 20.357645035 20.884738922 21.107599258 21.136955261 21.323251724 21.349691391 21.367853165 21.822275162 21.988676071 22.054386139 22.280475616 22.375473022 22.379737854 22.763364792 22.991340637 23.141195297 23.378486633 23.384977341 23.390865326 23.829210281 24.102947235 24.174785614 24.327497482 24.414957047 24.447450638 24.745826721 25.064250946 25.095256805 25.356777191 25.363338470 25.430707932 25.647916794 25.667095184 25.670410156 25.687477112 25.900243759 25.946527481 26.098268509 26.321819305 26.365318298 26.427877426 26.608329773 26.653301239 26.666303635 26.676099777 26.791595459 27.074075699 27.135305405 27.361797333 27.370777130 27.376018524 27.621259689 27.630907059 27.645853043 27.656255722 27.876993179 28.035514832 28.081727982 28.271366119 28.331741333 28.364021301 28.601720810 28.655776978 28.662120819 28.683423996

# Ground state and the lowest excitations:
 | 0> = ( 1.000000, 0.000000)|   0, 0, 0;0,  0;0,  0> +
         ...
 | 1> = ( 1.000000, 0.000000)|   1, 0, 0;0,  0;0,  0> +
         ...
 | 2> = (-1.000000,-0.000000)|   2, 0, 0;0,  0;0,  0> +
        (-0.000397,-0.000000)|   0, 0, 2;0,  0;0,  0> +
        (-0.000397, 0.000000)|   0, 2, 0;0,  0;0,  0> +
         ...
 | 3> = (-0.999999, 0.000052)|   3, 0, 0;0,  0;0,  0> +
        ( 0.000059, 0.000969)|   0, 0, 1;0,  0;0,  0> +
        (-0.000632, 0.000059)|   0, 1, 0;0,  0;0,  0> +
         ...
 | 4> = (-1.000000, 0.000170)|   4, 0, 0;0,  0;0,  0> +
         ...
 | 5> = (-1.000000, 0.000155)|   5, 0, 0;0,  0;0,  0> +
        ( 0.000009, 0.000460)|   0, 0, 3;0,  0;0,  0> +
        ( 0.000349,-0.000272)|   2, 0, 1;0,  0;0,  0> +
        ( 0.000265, 0.000351)|   2, 1, 0;0,  0;0,  0> +
        (-0.000307,-0.000163)|   0, 4, 0;0,  0;0,  0> +
        ( 0.000053,-0.000333)|   1, 0, 1;0,  0;0,  0> +
        ( 0.000332, 0.000053)|   1, 1, 0;0,  0;0,  0> +
         ...
 | 6> = ( 0.999994,-0.002950)|   6, 0, 0;0,  0;0,  0> +
        ( 0.001163,-0.000001)|   3, 1, 0;0,  0;0,  0> +
        (-0.000012, 0.001053)|   3, 0, 1;0,  0;0,  0> +
        ( 0.000254, 0.000599)|   1, 0, 2;0,  0;0,  0> +
        (-0.000254,-0.000599)|   1, 2, 0;0,  0;0,  0> +
        ( 0.000014, 0.000550)|   0, 0, 3;0,  0;0,  0> +
        (-0.000072,-0.000374)|   0, 1, 1;0,  0;0,  0> +
         ...
 | 7> = ( 0.000018, 0.745432)|   0, 0, 1;0,  0;0,  0> +
        (-0.666581, 0.000018)|   0, 1, 0;0,  0;0,  0> +
        ( 0.001144, 0.000084)|   3, 0, 0;0,  0;0,  0> +
         ...
 | 8> = ( 0.745433,-0.000001)|   0, 1, 0;0,  0;0,  0> +
        (-0.000001, 0.666581)|   0, 0, 1;0,  0;0,  0> +
         ...
 | 9> = ( 0.999998,-0.001181)|   7, 0, 0;0,  0;0,  0> +
        ( 0.000012,-0.001106)|   3, 0, 1;0,  0;0,  0> +
        ( 0.000775, 0.000013)|   3, 1, 0;0,  0;0,  0> +
        ( 0.000362, 0.000000)|   3, 2, 0;0,  0;0,  0> +
        ( 0.000001,-0.000317)|   0, 0, 3;0,  0;0,  0> +
         ...
 |10> = ( 0.715976, 0.001272)|   1, 1, 0;0,  0;0,  0> +
        ( 0.001146, 0.698122)|   1, 0, 1;0,  0;0,  0> +
        (-0.000766, 0.000007)|   2, 2, 0;0,  0;0,  0> +
        (-0.000713,-0.000010)|   2, 0, 2;0,  0;0,  0> +
        (-0.000333,-0.000252)|   0, 2, 0;0,  0;0,  0> +
        ( 0.000333, 0.000252)|   0, 0, 2;0,  0;0,  0> +
         ...
 |11> = ( 0.115240,-0.706637)|   1, 0, 1;0,  0;0,  0> +
        ( 0.688627, 0.114720)|   1, 1, 0;0,  0;0,  0> +
        ( 0.000109, 0.002791)|   2, 0, 1;0,  0;0,  0> +
        ( 0.002474, 0.000296)|   2, 1, 0;0,  0;0,  0> +
        (-0.000333,-0.000800)|   1, 0, 2;0,  0;0,  0> +
        ( 0.000333, 0.000800)|   1, 2, 0;0,  0;0,  0> +
        ( 0.000476, 0.000003)|   5, 0, 0;0,  0;0,  0> +
        ( 0.000440,-0.000094)|   2, 2, 0;0,  0;0,  0> +
        (-0.000412, 0.000095)|   2, 0, 2;0,  0;0,  0> +
         ...
 |12> = (-0.999966,-0.007898)|   8, 0, 0;0,  0;0,  0> +
        ( 0.000081,-0.001659)|   4, 0, 1;0,  0;0,  0> +
        (-0.001083, 0.000081)|   4, 1, 0;0,  0;0,  0> +
        (-0.000095, 0.000438)|   0, 2, 1;0,  0;0,  0> +
        ( 0.000015,-0.000440)|   1, 0, 3;0,  0;0,  0> +
        ( 0.000379, 0.000207)|   1, 0, 4;0,  0;0,  0> +
        ( 0.000383, 0.000011)|   2, 1, 2;0,  0;0,  0> +
        (-0.000328, 0.000032)|   0, 1, 3;0,  0;0,  0> +
        ( 0.000318, 0.000002)|   3, 0, 2;0,  0;0,  0> +
         ...
 |13> = ( 0.418457,-0.600460)|   2, 0, 1;0,  0;0,  0> +
        ( 0.538042, 0.418147)|   2, 1, 0;0,  0;0,  0> +
        ( 0.000356, 0.001513)|   0, 1, 1;0,  0;0,  0> +
        (-0.000973,-0.000050)|   3, 2, 0;0,  0;0,  0> +
        (-0.000902,-0.000052)|   3, 0, 2;0,  0;0,  0> +
        ( 0.000599,-0.000174)|   5, 0, 0;0,  0;0,  0> +
        ( 0.000361,-0.000001)|   6, 0, 0;0,  0;0,  0> +
         ...
 |14> = (-0.731658,-0.018207)|   2, 1, 0;0,  0;0,  0> +
        (-0.018493,-0.681167)|   2, 0, 1;0,  0;0,  0> +
        ( 0.000324,-0.002622)|   1, 0, 1;0,  0;0,  0> +
        ( 0.002601, 0.000323)|   1, 1, 0;0,  0;0,  0> +
        (-0.001068, 0.000198)|   2, 0, 2;0,  0;0,  0> +
        ( 0.000626,-0.000198)|   2, 2, 0;0,  0;0,  0> +
        (-0.000371,-0.000179)|   0, 2, 2;0,  0;0,  0> +
        (-0.000126,-0.000389)|   1, 2, 0;0,  0;0,  0> +
        ( 0.000126, 0.000389)|   1, 0, 2;0,  0;0,  0> +
         ...
 |15> = (-0.999986,-0.004841)|   9, 0, 0;0,  0;0,  0> +
        ( 0.001004, 0.000419)|   1, 1, 1;0,  0;0,  0> +
        (-0.000167,-0.000615)|   6, 0, 1;0,  0;0,  0> +
        (-0.000118, 0.000562)|   2, 1, 1;0,  0;0,  0> +
        (-0.000564,-0.000017)|   4, 2, 0;0,  0;0,  0> +
        (-0.000558, 0.000042)|   0, 1, 2;0,  0;0,  0> +
        ( 0.000011,-0.000494)|   5, 0, 1;0,  0;0,  0> +
        ( 0.000409, 0.000011)|   5, 1, 0;0,  0;0,  0> +
        (-0.000405,-0.000028)|   6, 1, 0;0,  0;0,  0> +
        ( 0.000366,-0.000139)|   0, 3, 0;0,  0;0,  0> +
        ( 0.000363,-0.000015)|   5, 2, 0;0,  0;0,  0> +
        (-0.000347,-0.000002)|   3, 0, 2;0,  0;0,  0> +
        ( 0.000346, 0.000002)|   3, 2, 0;0,  0;0,  0> +
         ...
 |16> = (-0.000218, 0.742012)|   3, 0, 1;0,  0;0,  0> +
        ( 0.670384,-0.000693)|   3, 1, 0;0,  0;0,  0> +
        (-0.001562, 0.000013)|   6, 0, 0;0,  0;0,  0> +
        (-0.000167,-0.000792)|   0, 1, 1;0,  0;0,  0> +
        ( 0.000603, 0.000008)|   3, 0, 2;0,  0;0,  0> +
        ( 0.000565,-0.000007)|   3, 2, 0;0,  0;0,  0> +
        (-0.000004,-0.000329)|   0, 2, 1;0,  0;0,  0> +
        ( 0.000326, 0.000001)|   1, 3, 0;0,  0;0,  0> +
         ...
 |17> = ( 0.741946, 0.009316)|   3, 1, 0;0,  0;0,  0> +
        ( 0.009307,-0.670308)|   3, 0, 1;0,  0;0,  0> +
        (-0.000019, 0.003547)|   4, 0, 1;0,  0;0,  0> +
        ( 0.003463, 0.000015)|   4, 1, 0;0,  0;0,  0> +
        (-0.001318, 0.000002)|   7, 0, 0;0,  0;0,  0> +
        ( 0.000254, 0.001034)|   0, 1, 1;0,  0;0,  0> +
        (-0.000757,-0.000023)|   3, 2, 0;0,  0;0,  0> +
         ...
 |18> = (-0.999978,-0.004201)|  10, 0, 0;0,  0;0,  0> +
        (-0.004189, 0.000307)|   6, 1, 0;0,  0;0,  0> +
        ( 0.001522, 0.000187)|   1, 1, 2;0,  0;0,  0> +
        (-0.000919,-0.000000)|   1, 3, 0;0,  0;0,  0> +
        (-0.000170, 0.000811)|   2, 1, 1;0,  0;0,  0> +
        (-0.000658, 0.000003)|   5, 2, 0;0,  0;0,  0> +
        ( 0.000242,-0.000558)|   6, 0, 1;0,  0;0,  0> +
        ( 0.000546, 0.000030)|   0, 1, 2;0,  0;0,  0> +
        (-0.000545,-0.000002)|   5, 0, 2;0,  0;0,  0> +
        (-0.000514,-0.000003)|   2, 3, 0;0,  0;0,  0> +
        (-0.000026, 0.000469)|   1, 2, 1;0,  0;0,  0> +
        ( 0.000005,-0.000467)|   2, 0, 3;0,  0;0,  0> +
        ( 0.000434, 0.000030)|   4, 0, 2;0,  0;0,  0> +
        (-0.000434,-0.000029)|   4, 2, 0;0,  0;0,  0> +
        ( 0.000136,-0.000379)|   0, 2, 1;0,  0;0,  0> +
        (-0.000380,-0.000079)|   0, 3, 1;0,  0;0,  0> +
         ...
 |19> = ( 0.680653, 0.192398)|   4, 1, 0;0,  0;0,  0> +
        ( 0.191835,-0.680359)|   4, 0, 1;0,  0;0,  0> +
        (-0.000947,-0.000396)|   1, 1, 1;0,  0;0,  0> +
        ( 0.000627, 0.000004)|   3, 2, 0;0,  0;0,  0> +
        (-0.000619,-0.000004)|   3, 0, 2;0,  0;0,  0> +
        ( 0.000580, 0.000038)|   4, 0, 2;0,  0;0,  0> +
        (-0.000564,-0.000037)|   4, 2, 0;0,  0;0,  0> +
        ( 0.000435, 0.000009)|   2, 4, 0;0,  0;0,  0> +
        ( 0.000423, 0.000002)|   8, 0, 0;0,  0;0,  0> +
        ( 0.000002,-0.000380)|   1, 2, 1;0,  0;0,  0> +
         ...
 |20> = (-0.000169,-0.707313)|   4, 0, 1;0,  0;0,  0> +
        (-0.706877,-0.000293)|   4, 1, 0;0,  0;0,  0> +
        ( 0.003514, 0.000029)|   3, 1, 0;0,  0;0,  0> +
        ( 0.000029,-0.003503)|   3, 0, 1;0,  0;0,  0> +
        ( 0.001940, 0.000015)|   8, 0, 0;0,  0;0,  0> +
        ( 0.000216,-0.001111)|   0, 2, 1;0,  0;0,  0> +
        ( 0.000785, 0.000298)|   1, 1, 1;0,  0;0,  0> +
        ( 0.000752, 0.000004)|   3, 0, 2;0,  0;0,  0> +
        (-0.000668,-0.000005)|   3, 2, 0;0,  0;0,  0> +
        ( 0.000562, 0.000151)|   0, 1, 2;0,  0;0,  0> +
        ( 0.000382,-0.000002)|   7, 0, 0;0,  0;0,  0> +
         ...
 |21> = ( 0.148054, 0.988958)|  11, 0, 0;0,  0;0,  0> +
        (-0.004646,-0.000340)|   8, 0, 1;0,  0;0,  0> +
        (-0.001132, 0.002183)|   3, 1, 1;0,  0;0,  0> +
        (-0.001418, 0.001039)|   8, 1, 0;0,  0;0,  0> +
        (-0.001473,-0.000087)|   7, 1, 0;0,  0;0,  0> +
        (-0.001027,-0.000015)|   2, 1, 2;0,  0;0,  0> +
        (-0.000868, 0.000007)|   3, 3, 0;0,  0;0,  0> +
        (-0.000787, 0.000014)|   6, 0, 2;0,  0;0,  0> +
        ( 0.000772,-0.000035)|   5, 0, 2;0,  0;0,  0> +
        (-0.000764, 0.000035)|   5, 2, 0;0,  0;0,  0> +
        (-0.000753,-0.000003)|   6, 2, 0;0,  0;0,  0> +
        ( 0.000665, 0.000106)|   1, 1, 2;0,  0;0,  0> +
        ( 0.000093,-0.000418)|   1, 0, 3;0,  0;0,  0> +
        ( 0.000005,-0.000395)|   3, 0, 3;0,  0;0,  0> +
        ( 0.000385, 0.000011)|   2, 2, 2;0,  0;0,  0> +
        (-0.000004,-0.000333)|   3, 2, 1;0,  0;0,  0> +
        (-0.000327, 0.000010)|   2, 0, 4;0,  0;0,  0> +
         ...
 |22> = ( 0.720439, 0.015447)|   5, 1, 0;0,  0;0,  0> +
        ( 0.015511,-0.693171)|   5, 0, 1;0,  0;0,  0> +
        ( 0.000215,-0.001026)|   2, 1, 1;0,  0;0,  0> +
        (-0.000017,-0.000724)|   1, 2, 1;0,  0;0,  0> +
        ( 0.000066,-0.000697)|   1, 0, 3;0,  0;0,  0> +
        ( 0.000636, 0.000001)|   9, 0, 0;0,  0;0,  0> +
        ( 0.000398,-0.000021)|   5, 0, 2;0,  0;0,  0> +
        ( 0.000394, 0.000008)|   2, 1, 2;0,  0;0,  0> +
        (-0.000392, 0.000022)|   5, 2, 0;0,  0;0,  0> +
         ...
 |23> = (-0.000296,-0.720603)|   5, 0, 1;0,  0;0,  0> +
        (-0.693342, 0.000933)|   5, 1, 0;0,  0;0,  0> +
        ( 0.001318, 0.000014)|   5, 0, 2;0,  0;0,  0> +
        ( 0.001084, 0.000013)|   5, 2, 0;0,  0;0,  0> +
        (-0.000069, 0.000988)|   1, 0, 3;0,  0;0,  0> +
        ( 0.000903, 0.000047)|   4, 0, 2;0,  0;0,  0> +
        ( 0.000150,-0.000631)|   0, 2, 1;0,  0;0,  0> +
        ( 0.000586,-0.000039)|   1, 3, 0;0,  0;0,  0> +
        ( 0.000492, 0.000109)|   0, 1, 2;0,  0;0,  0> +
        (-0.000479,-0.000047)|   4, 2, 0;0,  0;0,  0> +
        (-0.000330,-0.000034)|   0, 1, 4;0,  0;0,  0> +
        (-0.000322, 0.000003)|   2, 0, 4;0,  0;0,  0> +
         ...
 |24> = ( 0.658645,-0.752428)|  12, 0, 0;0,  0;0,  0> +
        ( 0.003259, 0.001097)|   8, 0, 1;0,  0;0,  0> +
        (-0.003285,-0.000753)|   8, 1, 0;0,  0;0,  0> +
        (-0.000107, 0.001976)|   7, 0, 1;0,  0;0,  0> +
        ( 0.001663,-0.000218)|   6, 0, 2;0,  0;0,  0> +
        ( 0.001104, 0.000190)|   6, 2, 0;0,  0;0,  0> +
        ( 0.001037, 0.000108)|   1, 1, 2;0,  0;0,  0> +
        (-0.000947,-0.000193)|   0, 3, 1;0,  0;0,  0> +
        (-0.000951,-0.000017)|   1, 3, 0;0,  0;0,  0> +
        ( 0.000109,-0.000922)|   4, 1, 1;0,  0;0,  0> +
        ( 0.000238,-0.000575)|   1, 1, 3;0,  0;0,  0> +
        (-0.000006, 0.000596)|   3, 0, 3;0,  0;0,  0> +
        (-0.000011, 0.000470)|   1, 2, 1;0,  0;0,  0> +
        ( 0.000195, 0.000385)|   2, 0, 3;0,  0;0,  0> +
        (-0.000424, 0.000017)|   2, 1, 2;0,  0;0,  0> +
        ( 0.000069, 0.000403)|   1, 4, 1;0,  0;0,  0> +
        (-0.000406, 0.000002)|   3, 1, 2;0,  0;0,  0> +
        (-0.000399,-0.000047)|   7, 1, 0;0,  0;0,  0> +
        (-0.000359,-0.000033)|   5, 2, 2;0,  0;0,  0> +
        (-0.000277, 0.000206)|   2, 3, 0;0,  0;0,  0> +
        ( 0.000326, 0.000000)|   2, 1, 4;0,  0;0,  0> +
         ...
