p1813
# Parameters of the model
#  mass:		    261.00 u
#  charge:	      1.00 e
#  dipole:	      4.74 D
#  B:		    503.65 MHz
#  omega_rho:	      1.40 MHz
#  omega_z:	      0.16 MHz

# Basis truncation:	|34,7,7;1,1>
# omega_1:	      0.28 MHz
# omega_3/5:	      1.39 MHz
# Basis size:		26656

# Active terms of the Hamiltionian:
# 	Nomal modes:	1
# 	T_rot:      	1
# 	V_qd^{(0)}: 	1
# 	V_qd^{(1)}: 	1
# 	V_dd^{(0)}: 	1

# Results of the diagonalisation

# 100 smallest eigenvalues
 5.518517017 6.520568371 7.520550251 8.522912025 9.530158997 10.522710800 10.527184486 10.545334816 11.535837173 11.543538094 11.564669609 12.517133713 12.523106575 12.555284500 13.477346420 13.513155937 13.556735992 14.490055084 14.510688782 14.561218262 15.505566597 15.521241188 15.535789490 15.551208496 15.553479195 15.560802460 16.475557327 16.515008926 16.536342621 16.543651581 16.545900345 16.591814041 17.503759384 17.544198990 17.547920227 17.560298920 17.560567856 17.596153259 18.449707031 18.519948959 18.553527832 18.560218811 18.564855576 18.566083908 19.519638062 19.564136505 19.569580078 19.575864792 19.582427979 19.633012772 20.517982483 20.528141022 20.534767151 20.547620773 20.565719604 20.569158554 20.575914383 20.586425781 20.607213974 20.644409180 21.536685944 21.541833878 21.548732758 21.556451797 21.558582306 21.565549850 21.579076767 21.580595016 21.622428894 21.631475449 22.495599747 22.534542084 22.545204163 22.553140640 22.553297043 22.561750412 22.574096680 22.606700897 22.608291626 22.625600815 23.464004517 23.471906662 23.495948792 23.533348083 23.534885406 23.549179077 23.571594238 23.575040817 23.576696396 23.626588821 24.525075912 24.533168793 24.551847458 24.554004669 24.562994003 24.588384628 24.596345901 24.612958908 24.624404907 24.630594254

# Ground state and the lowest excitations:
 | 0> = ( 1.000000, 0.000000)|   0, 0, 0;0,  0;0,  0> +
         ...
 | 1> = (-1.000000, 0.000000)|   1, 0, 0;0,  0;0,  0> +
         ...
 | 2> = ( 1.000000,-0.000000)|   2, 0, 0;0,  0;0,  0> +
         ...
 | 3> = ( 0.999999,-0.000002)|   3, 0, 0;0,  0;0,  0> +
        (-0.000550, 0.000001)|   1, 0, 2;0,  0;0,  0> +
        (-0.000549, 0.000001)|   1, 2, 0;0,  0;0,  0> +
         ...
 | 4> = ( 0.999998, 0.000034)|   4, 0, 0;0,  0;0,  0> +
        ( 0.000715, 0.000002)|   1, 1, 0;0,  0;0,  0> +
        ( 0.000008, 0.000603)|   1, 0, 1;0,  0;0,  0> +
        (-0.000453,-0.000017)|   2, 2, 0;0,  0;0,  0> +
        (-0.000453,-0.000019)|   2, 0, 2;0,  0;0,  0> +
         ...
 | 5> = ( 0.807234, 0.590211)|   5, 0, 0;0,  0;0,  0> +
        ( 0.003121, 0.000758)|   2, 0, 1;0,  0;0,  0> +
        (-0.000757, 0.003121)|   2, 1, 0;0,  0;0,  0> +
        ( 0.001352,-0.000232)|   3, 1, 0;0,  0;0,  0> +
        (-0.000230,-0.000600)|   3, 0, 1;0,  0;0,  0> +
        (-0.000342, 0.000016)|   0, 0, 4;0,  0;0,  0> +
         ...
 | 6> = (-0.000013,-0.714230)|   0, 0, 1;0,  0;0,  0> +
        (-0.699911,-0.000013)|   0, 1, 0;0,  0;0,  0> +
         ...
 | 7> = ( 0.714229,-0.001301)|   0, 1, 0;0,  0;0,  0> +
        (-0.001300,-0.699910)|   0, 0, 1;0,  0;0,  0> +
         ...
 | 8> = (-0.731807,-0.004223)|   1, 1, 0;0,  0;0,  0> +
        (-0.004484,-0.681481)|   1, 0, 1;0,  0;0,  0> +
        ( 0.000268, 0.001018)|   0, 0, 2;0,  0;0,  0> +
        (-0.000268,-0.001018)|   0, 2, 0;0,  0;0,  0> +
        ( 0.000935, 0.000004)|   4, 0, 0;0,  0;0,  0> +
        ( 0.000732, 0.000006)|   0, 2, 2;0,  0;0,  0> +
         ...
 | 9> = ( 0.999961,-0.007244)|   6, 0, 0;0,  0;0,  0> +
        ( 0.003036,-0.000170)|   7, 0, 0;0,  0;0,  0> +
        ( 0.000516, 0.002002)|   3, 0, 1;0,  0;0,  0> +
        (-0.001978, 0.000519)|   3, 1, 0;0,  0;0,  0> +
        ( 0.001157,-0.000167)|   4, 1, 0;0,  0;0,  0> +
        (-0.000025,-0.000905)|   0, 2, 1;0,  0;0,  0> +
        ( 0.000805, 0.000001)|   3, 0, 2;0,  0;0,  0> +
        (-0.000164, 0.000752)|   4, 0, 1;0,  0;0,  0> +
        (-0.000769,-0.000022)|   0, 1, 2;0,  0;0,  0> +
        ( 0.000678, 0.000018)|   0, 3, 0;0,  0;0,  0> +
        ( 0.000666,-0.000000)|   3, 2, 0;0,  0;0,  0> +
        (-0.000572,-0.000006)|   4, 0, 2;0,  0;0,  0> +
        (-0.000512,-0.000005)|   4, 2, 0;0,  0;0,  0> +
        ( 0.000410,-0.000006)|   8, 0, 0;0,  0;0,  0> +
        ( 0.000020, 0.000317)|   0, 0, 3;0,  0;0,  0> +
         ...
 |10> = ( 0.120774,-0.721766)|   1, 0, 1;0,  0;0,  0> +
        ( 0.670690, 0.120761)|   1, 1, 0;0,  0;0,  0> +
        (-0.005394,-0.000096)|   2, 1, 0;0,  0;0,  0> +
        (-0.000173,-0.005290)|   2, 0, 1;0,  0;0,  0> +
         ...
 |11> = ( 0.690695, 0.168643)|   2, 0, 1;0,  0;0,  0> +
        (-0.132765, 0.690539)|   2, 1, 0;0,  0;0,  0> +
        (-0.003726,-0.002594)|   5, 0, 0;0,  0;0,  0> +
        (-0.001350,-0.001182)|   1, 0, 2;0,  0;0,  0> +
        ( 0.001350, 0.001182)|   1, 2, 0;0,  0;0,  0> +
        (-0.000001,-0.000967)|   3, 0, 1;0,  0;0,  0> +
        (-0.000963, 0.000001)|   3, 1, 0;0,  0;0,  0> +
        ( 0.000467,-0.000008)|   3, 2, 0;0,  0;0,  0> +
        ( 0.000369, 0.000000)|   3, 0, 2;0,  0;0,  0> +
        ( 0.000326,-0.000001)|   1, 0, 4;0,  0;0,  0> +
         ...
 |12> = (-0.710744, 0.018111)|   2, 1, 0;0,  0;0,  0> +
        ( 0.016918,-0.702973)|   2, 0, 1;0,  0;0,  0> +
        (-0.000944, 0.005324)|   1, 0, 1;0,  0;0,  0> +
        (-0.005184,-0.000944)|   1, 1, 0;0,  0;0,  0> +
        ( 0.000072, 0.000566)|   0, 2, 0;0,  0;0,  0> +
        (-0.000072,-0.000566)|   0, 0, 2;0,  0;0,  0> +
        ( 0.000336,-0.000114)|   2, 2, 0;0,  0;0,  0> +
        ( 0.000295, 0.000114)|   2, 0, 2;0,  0;0,  0> +
         ...
 |13> = ( 0.998405,-0.055941)|   7, 0, 0;0,  0;0,  0> +
        ( 0.002885, 0.003542)|   4, 0, 1;0,  0;0,  0> +
        (-0.003365, 0.002878)|   4, 1, 0;0,  0;0,  0> +
        (-0.003038, 0.000022)|   6, 0, 0;0,  0;0,  0> +
        (-0.000165,-0.002136)|   1, 1, 1;0,  0;0,  0> +
        ( 0.001631,-0.000067)|   4, 0, 2;0,  0;0,  0> +
        (-0.000962, 0.000066)|   4, 2, 0;0,  0;0,  0> +
        ( 0.000036,-0.000528)|   0, 2, 1;0,  0;0,  0> +
        ( 0.000406, 0.000026)|   0, 1, 2;0,  0;0,  0> +
        (-0.000382,-0.000026)|   2, 0, 4;0,  0;0,  0> +
         ...
 |14> = (-0.999883, 0.015117)|   8, 0, 0;0,  0;0,  0> +
        (-0.000989, 0.001715)|   2, 1, 1;0,  0;0,  0> +
        ( 0.000656, 0.000013)|   3, 0, 2;0,  0;0,  0> +
        (-0.000588, 0.000020)|   4, 2, 0;0,  0;0,  0> +
        (-0.000556, 0.000013)|   0, 3, 0;0,  0;0,  0> +
        (-0.000048, 0.000497)|   1, 2, 1;0,  0;0,  0> +
        ( 0.000467, 0.000018)|   0, 1, 2;0,  0;0,  0> +
        ( 0.000077, 0.000419)|   1, 0, 3;0,  0;0,  0> +
        ( 0.000409,-0.000003)|   6, 0, 0;0,  0;0,  0> +
         ...
 |15> = (-0.688297, 0.163289)|   3, 1, 0;0,  0;0,  0> +
        ( 0.162254, 0.687926)|   3, 0, 1;0,  0;0,  0> +
        (-0.002908,-0.000043)|   6, 0, 0;0,  0;0,  0> +
        ( 0.001145, 0.000837)|   5, 0, 0;0,  0;0,  0> +
        ( 0.001319,-0.000077)|   4, 1, 0;0,  0;0,  0> +
        ( 0.000040, 0.001197)|   4, 0, 1;0,  0;0,  0> +
        (-0.001136, 0.000006)|   3, 0, 2;0,  0;0,  0> +
        (-0.000056,-0.000669)|   0, 0, 3;0,  0;0,  0> +
        ( 0.000401, 0.000353)|   1, 0, 2;0,  0;0,  0> +
        (-0.000401,-0.000353)|   1, 2, 0;0,  0;0,  0> +
        (-0.000467,-0.000007)|   3, 2, 0;0,  0;0,  0> +
        (-0.000364,-0.000009)|   1, 2, 2;0,  0;0,  0> +
        ( 0.000331, 0.000003)|   0, 3, 2;0,  0;0,  0> +
        (-0.000316, 0.000019)|   0, 5, 0;0,  0;0,  0> +
         ...
 |16> = ( 0.000718,-0.707399)|   3, 0, 1;0,  0;0,  0> +
        (-0.706802, 0.000204)|   3, 1, 0;0,  0;0,  0> +
        ( 0.001733, 0.001526)|   1, 2, 0;0,  0;0,  0> +
        (-0.001733,-0.001526)|   1, 0, 2;0,  0;0,  0> +
        (-0.001084,-0.000016)|   3, 2, 0;0,  0;0,  0> +
        (-0.000947,-0.000209)|   2, 0, 1;0,  0;0,  0> +
        ( 0.000207,-0.000947)|   2, 1, 0;0,  0;0,  0> +
        ( 0.000024, 0.000539)|   0, 0, 3;0,  0;0,  0> +
        ( 0.000433, 0.000317)|   5, 0, 0;0,  0;0,  0> +
        (-0.000210,-0.000426)|   0, 1, 1;0,  0;0,  0> +
        ( 0.000397, 0.000020)|   0, 1, 2;0,  0;0,  0> +
        (-0.000359,-0.000006)|   2, 0, 4;0,  0;0,  0> +
        ( 0.000328, 0.000005)|   2, 2, 2;0,  0;0,  0> +
        ( 0.000326, 0.000010)|   1, 0, 4;0,  0;0,  0> +
         ...
 |17> = (-0.999204, 0.038297)|   9, 0, 0;0,  0;0,  0> +
        ( 0.000148, 0.010570)|   5, 1, 0;0,  0;0,  0> +
        ( 0.000034,-0.002515)|   3, 1, 1;0,  0;0,  0> +
        (-0.000834, 0.001449)|   2, 1, 1;0,  0;0,  0> +
        ( 0.000124, 0.001593)|   1, 1, 1;0,  0;0,  0> +
        ( 0.000820, 0.000149)|   1, 1, 2;0,  0;0,  0> +
        ( 0.000053, 0.000605)|   0, 0, 3;0,  0;0,  0> +
        (-0.000507,-0.000001)|   0, 1, 2;0,  0;0,  0> +
        (-0.000036, 0.000490)|   2, 2, 1;0,  0;0,  0> +
        ( 0.000445, 0.000021)|   6, 1, 0;0,  0;0,  0> +
        (-0.000036,-0.000444)|   0, 2, 1;0,  0;0,  0> +
        (-0.000045, 0.000419)|   2, 0, 3;0,  0;0,  0> +
        ( 0.000008, 0.000414)|   3, 0, 3;0,  0;0,  0> +
        ( 0.000407,-0.000005)|   4, 0, 2;0,  0;0,  0> +
        ( 0.000407,-0.000002)|   3, 3, 0;0,  0;0,  0> +
         ...
 |18> = (-0.449938,-0.548588)|   4, 0, 1;0,  0;0,  0> +
        ( 0.543234,-0.448843)|   4, 1, 0;0,  0;0,  0> +
        ( 0.006351,-0.000314)|   7, 0, 0;0,  0;0,  0> +
        (-0.000270,-0.001810)|   1, 1, 1;0,  0;0,  0> +
        ( 0.000853,-0.000008)|   4, 2, 0;0,  0;0,  0> +
        (-0.000699, 0.000010)|   0, 3, 0;0,  0;0,  0> +
        (-0.000616, 0.000009)|   4, 0, 2;0,  0;0,  0> +
        (-0.000045, 0.000583)|   0, 2, 1;0,  0;0,  0> +
        ( 0.000030, 0.000580)|   0, 0, 3;0,  0;0,  0> +
        ( 0.000415, 0.000009)|   3, 2, 0;0,  0;0,  0> +
        (-0.000383, 0.000003)|   6, 0, 0;0,  0;0,  0> +
        (-0.000349, 0.000005)|   8, 0, 0;0,  0;0,  0> +
         ...
 |19> = (-0.709508, 0.002576)|   4, 1, 0;0,  0;0,  0> +
        (-0.000010,-0.704683)|   4, 0, 1;0,  0;0,  0> +
        ( 0.001347,-0.000010)|   6, 0, 0;0,  0;0,  0> +
        (-0.001285,-0.000028)|   3, 0, 2;0,  0;0,  0> +
        (-0.001240, 0.000237)|   3, 1, 0;0,  0;0,  0> +
        ( 0.000235, 0.001239)|   3, 0, 1;0,  0;0,  0> +
        ( 0.001097,-0.000020)|   4, 2, 0;0,  0;0,  0> +
        ( 0.000617, 0.000543)|   1, 2, 0;0,  0;0,  0> +
        (-0.000617,-0.000543)|   1, 0, 2;0,  0;0,  0> +
        ( 0.000688, 0.000028)|   3, 2, 0;0,  0;0,  0> +
        (-0.000049,-0.000651)|   0, 0, 3;0,  0;0,  0> +
        ( 0.000569, 0.000007)|   0, 1, 2;0,  0;0,  0> +
        (-0.000434, 0.000002)|   3, 2, 2;0,  0;0,  0> +
        (-0.000415, 0.000002)|   3, 0, 4;0,  0;0,  0> +
        ( 0.000404, 0.000021)|   4, 0, 2;0,  0;0,  0> +
        ( 0.000400,-0.000027)|   0, 3, 0;0,  0;0,  0> +
        (-0.000383, 0.000002)|   3, 4, 0;0,  0;0,  0> +
        ( 0.000005,-0.000348)|   2, 0, 3;0,  0;0,  0> +
         ...
 |20> = ( 0.999016, 0.041827)|  10, 0, 0;0,  0;0,  0> +
        (-0.013756,-0.000570)|   6, 1, 0;0,  0;0,  0> +
        ( 0.000016, 0.003397)|   3, 1, 1;0,  0;0,  0> +
        (-0.000615,-0.002802)|   4, 1, 1;0,  0;0,  0> +
        ( 0.000071,-0.001417)|   6, 0, 1;0,  0;0,  0> +
        ( 0.000205,-0.001272)|   2, 0, 3;0,  0;0,  0> +
        ( 0.000654,-0.000594)|   5, 0, 2;0,  0;0,  0> +
        ( 0.000681, 0.000398)|   5, 2, 0;0,  0;0,  0> +
        ( 0.000107,-0.000624)|   1, 2, 1;0,  0;0,  0> +
        ( 0.000630, 0.000051)|   2, 1, 2;0,  0;0,  0> +
        ( 0.000476,-0.000006)|   4, 3, 0;0,  0;0,  0> +
        ( 0.000004, 0.000467)|   4, 0, 3;0,  0;0,  0> +
        ( 0.000451,-0.000086)|   1, 3, 0;0,  0;0,  0> +
        (-0.000017,-0.000404)|   0, 3, 1;0,  0;0,  0> +
        ( 0.000382,-0.000069)|   0, 5, 0;0,  0;0,  0> +
        (-0.000337, 0.000024)|   1, 0, 6;0,  0;0,  0> +
        ( 0.000334, 0.000008)|   4, 1, 2;0,  0;0,  0> +
        (-0.000095,-0.000317)|   0, 4, 1;0,  0;0,  0> +
        ( 0.000326, 0.000008)|   3, 3, 0;0,  0;0,  0> +
         ...
 |21> = (-0.014642,-0.999630)|   5, 1, 0;0,  0;0,  0> +
        ( 0.000982,-0.020093)|   5, 0, 1;0,  0;0,  0> +
        (-0.010558, 0.000412)|   9, 0, 0;0,  0;0,  0> +
        ( 0.001203, 0.000048)|   1, 1, 2;0,  0;0,  0> +
        ( 0.000506,-0.000879)|   2, 1, 1;0,  0;0,  0> +
        ( 0.001005,-0.000018)|   1, 3, 0;0,  0;0,  0> +
        (-0.000958,-0.000050)|   0, 1, 2;0,  0;0,  0> +
        ( 0.000003,-0.000907)|   3, 1, 1;0,  0;0,  0> +
        (-0.000075, 0.000860)|   0, 2, 1;0,  0;0,  0> +
        (-0.000043, 0.000781)|   1, 0, 3;0,  0;0,  0> +
        ( 0.000022, 0.000638)|   0, 0, 3;0,  0;0,  0> +
        ( 0.000589, 0.000040)|   2, 3, 0;0,  0;0,  0> +
        (-0.000581, 0.000008)|   0, 3, 0;0,  0;0,  0> +
        ( 0.000006,-0.000542)|   3, 0, 3;0,  0;0,  0> +
        (-0.000487, 0.000005)|   3, 3, 0;0,  0;0,  0> +
        ( 0.000041, 0.000475)|   2, 0, 3;0,  0;0,  0> +
        ( 0.000375, 0.000056)|   5, 0, 2;0,  0;0,  0> +
        ( 0.000013, 0.000368)|   0, 3, 1;0,  0;0,  0> +
         ...
 |22> = ( 0.442142, 0.896789)|   0, 1, 1;0,  0;0,  0> +
        (-0.006779,-0.009398)|   0, 2, 0;0,  0;0,  0> +
        ( 0.006779, 0.009398)|   0, 0, 2;0,  0;0,  0> +
        (-0.000463, 0.001915)|   2, 0, 2;0,  0;0,  0> +
        ( 0.000450,-0.001918)|   2, 2, 0;0,  0;0,  0> +
        (-0.001064, 0.000066)|   3, 2, 0;0,  0;0,  0> +
        (-0.000902, 0.000065)|   3, 0, 2;0,  0;0,  0> +
        (-0.000474,-0.000447)|   1, 2, 0;0,  0;0,  0> +
        ( 0.000470, 0.000448)|   1, 0, 2;0,  0;0,  0> +
        ( 0.000068, 0.000539)|   0, 0, 3;0,  0;0,  0> +
        ( 0.000530, 0.000053)|   0, 3, 0;0,  0;0,  0> +
        ( 0.000525,-0.000032)|   0, 0, 4;0,  0;0,  0> +
        (-0.000337, 0.000000)|   3, 1, 0;0,  0;0,  0> +
        ( 0.000001,-0.000336)|   3, 0, 1;0,  0;0,  0> +
         ...
 |23> = (-0.016639, 0.999656)|   5, 0, 1;0,  0;0,  0> +
        (-0.000942,-0.020095)|   5, 1, 0;0,  0;0,  0> +
        (-0.000581, 0.001011)|   2, 1, 1;0,  0;0,  0> +
        (-0.001035, 0.000041)|   4, 0, 2;0,  0;0,  0> +
        (-0.000135, 0.000943)|   1, 2, 1;0,  0;0,  0> +
        ( 0.000528,-0.000040)|   4, 2, 0;0,  0;0,  0> +
        ( 0.000427,-0.000028)|   1, 1, 2;0,  0;0,  0> +
        ( 0.000414,-0.000025)|   0, 0, 4;0,  0;0,  0> +
        (-0.000414, 0.000025)|   0, 4, 0;0,  0;0,  0> +
        ( 0.000158,-0.000373)|   0, 1, 3;0,  0;0,  0> +
        ( 0.000369, 0.000006)|   1, 4, 0;0,  0;0,  0> +
        (-0.000357, 0.000001)|   3, 4, 0;0,  0;0,  0> +
        ( 0.000016, 0.000341)|   0, 2, 1;0,  0;0,  0> +
        (-0.000031,-0.000325)|   0, 0, 3;0,  0;0,  0> +
         ...
 |24> = ( 0.707107,-0.000000)|   0, 2, 0;0,  0;0,  0> +
        ( 0.707107, 0.000000)|   0, 0, 2;0,  0;0,  0> +
         ...
