p1563
# Parameters of the model
#  mass:		    261.00 u
#  charge:	      1.00 e
#  dipole:	      4.74 D
#  B:		    503.65 MHz
#  omega_rho:	      1.40 MHz
#  omega_z:	      0.16 MHz

# Basis truncation:	|34,8,8;1,1>
# omega_1:	      0.28 MHz
# omega_3/5:	      1.39 MHz
# Basis size:		34816

# Active terms of the Hamiltionian:
# 	Nomal modes:	1
# 	T_rot:      	1
# 	V_qd^{(0)}: 	1
# 	V_qd^{(1)}: 	1
# 	V_dd^{(0)}: 	1

# Results of the diagonalisation

# 100 smallest eigenvalues
 5.518517017 6.524995804 7.527142525 8.509706497 9.509593964 10.521341324 10.528036118 10.547149658 11.525687218 11.533433914 11.555555344 12.517091751 12.520178795 12.535392761 13.505652428 13.535085678 13.535975456 14.519062996 14.524123192 14.530196190 15.529994965 15.541091919 15.555224419 15.557064056 15.558251381 15.584074020 16.526884079 16.531745911 16.545280457 16.556879044 16.557224274 16.590303421 17.515928268 17.524169922 17.530347824 17.544557571 17.557188034 17.564012527 18.544021606 18.547168732 18.547887802 18.562040329 18.569179535 18.601945877 19.483451843 19.497165680 19.558452606 19.563877106 19.570167542 19.577154160 20.413072586 20.502277374 20.546863556 20.578083038 20.579170227 20.579216003 20.579719543 20.590990067 20.594095230 20.595796585 21.504125595 21.534513474 21.548223495 21.564043045 21.571241379 21.572599411 21.573816299 21.578102112 21.584129333 21.587604523 22.502082825 22.515039444 22.522825241 22.556653976 22.563058853 22.568355560 22.572013855 22.578662872 22.597463608 22.623167038 23.430820465 23.446794510 23.520273209 23.530900955 23.535699844 23.541992188 23.551212311 23.554685593 23.590990067 23.603647232 24.525285721 24.530029297 24.531536102 24.544281006 24.555227280 24.564262390 24.584722519 24.585691452 24.597402573 24.605377197

# Ground state and the lowest excitations:
 | 0> = ( 1.000000, 0.000000)|   0, 0, 0;0,  0;0,  0> +
         ...
 | 1> = (-1.000000, 0.000000)|   1, 0, 0;0,  0;0,  0> +
         ...
 | 2> = ( 1.000000,-0.000000)|   2, 0, 0;0,  0;0,  0> +
         ...
 | 3> = (-1.000000, 0.000002)|   3, 0, 0;0,  0;0,  0> +
         ...
 | 4> = ( 0.999999, 0.000034)|   4, 0, 0;0,  0;0,  0> +
        ( 0.000008,-0.000544)|   1, 0, 1;0,  0;0,  0> +
        (-0.000435, 0.000002)|   1, 1, 0;0,  0;0,  0> +
         ...
 | 5> = (-0.807130,-0.590327)|   5, 0, 0;0,  0;0,  0> +
        ( 0.004999, 0.001029)|   2, 0, 1;0,  0;0,  0> +
        (-0.001027, 0.004998)|   2, 1, 0;0,  0;0,  0> +
        (-0.000702,-0.000612)|   1, 0, 2;0,  0;0,  0> +
        ( 0.000702, 0.000612)|   1, 2, 0;0,  0;0,  0> +
         ...
 | 6> = (-0.000012,-0.713912)|   0, 0, 1;0,  0;0,  0> +
        (-0.700235,-0.000012)|   0, 1, 0;0,  0;0,  0> +
         ...
 | 7> = ( 0.713910,-0.001301)|   0, 1, 0;0,  0;0,  0> +
        (-0.001300,-0.700233)|   0, 0, 1;0,  0;0,  0> +
         ...
 | 8> = ( 0.999963,-0.007589)|   6, 0, 0;0,  0;0,  0> +
        (-0.003052, 0.000053)|   3, 1, 0;0,  0;0,  0> +
        ( 0.000050,-0.002743)|   3, 0, 1;0,  0;0,  0> +
        (-0.001027,-0.000005)|   4, 0, 2;0,  0;0,  0> +
        (-0.000911, 0.000007)|   4, 2, 0;0,  0;0,  0> +
        ( 0.000626, 0.000008)|   3, 2, 0;0,  0;0,  0> +
        ( 0.000344, 0.000015)|   0, 5, 0;0,  0;0,  0> +
         ...
 | 9> = (-0.738713,-0.005473)|   1, 1, 0;0,  0;0,  0> +
        (-0.005734,-0.673974)|   1, 0, 1;0,  0;0,  0> +
        (-0.000688, 0.000004)|   4, 0, 0;0,  0;0,  0> +
        ( 0.000435, 0.000000)|   2, 1, 0;0,  0;0,  0> +
        ( 0.000004, 0.000428)|   2, 0, 1;0,  0;0,  0> +
         ...
 |10> = ( 0.120713,-0.728740)|   1, 0, 1;0,  0;0,  0> +
        ( 0.663032, 0.120703)|   1, 1, 0;0,  0;0,  0> +
        (-0.009676,-0.000004)|   2, 1, 0;0,  0;0,  0> +
        (-0.000089,-0.009533)|   2, 0, 1;0,  0;0,  0> +
        (-0.000635, 0.000004)|   0, 2, 2;0,  0;0,  0> +
        (-0.000061,-0.000381)|   0, 0, 2;0,  0;0,  0> +
        ( 0.000061, 0.000381)|   0, 2, 0;0,  0;0,  0> +
        ( 0.000079, 0.000338)|   0, 0, 3;0,  0;0,  0> +
        ( 0.000325, 0.000024)|   0, 3, 0;0,  0;0,  0> +
         ...
 |11> = ( 0.999972,-0.006927)|   7, 0, 0;0,  0;0,  0> +
        ( 0.000070, 0.001594)|   1, 1, 1;0,  0;0,  0> +
        (-0.001323,-0.000040)|   4, 0, 2;0,  0;0,  0> +
        (-0.000044, 0.001142)|   0, 2, 1;0,  0;0,  0> +
        (-0.000890,-0.000077)|   0, 1, 2;0,  0;0,  0> +
        ( 0.000014,-0.000713)|   4, 0, 1;0,  0;0,  0> +
        (-0.000675,-0.000088)|   2, 4, 0;0,  0;0,  0> +
        (-0.000638,-0.000005)|   0, 3, 0;0,  0;0,  0> +
        (-0.000549, 0.000016)|   4, 1, 0;0,  0;0,  0> +
        (-0.000544,-0.000002)|   1, 3, 0;0,  0;0,  0> +
        (-0.000003,-0.000498)|   1, 0, 3;0,  0;0,  0> +
        (-0.000023, 0.000492)|   0, 0, 3;0,  0;0,  0> +
        (-0.000387,-0.000016)|   1, 2, 6;0,  0;0,  0> +
        ( 0.000353, 0.000039)|   4, 2, 0;0,  0;0,  0> +
         ...
 |12> = (-0.007336,-0.708420)|   2, 0, 1;0,  0;0,  0> +
        (-0.705594,-0.006138)|   2, 1, 0;0,  0;0,  0> +
        (-0.001678, 0.009481)|   1, 0, 1;0,  0;0,  0> +
        (-0.009452,-0.001677)|   1, 1, 0;0,  0;0,  0> +
        (-0.000187,-0.000352)|   0, 1, 1;0,  0;0,  0> +
         ...
 |13> = (-0.158239, 0.690602)|   2, 1, 0;0,  0;0,  0> +
        ( 0.690716, 0.144474)|   2, 0, 1;0,  0;0,  0> +
        ( 0.005770, 0.004335)|   5, 0, 0;0,  0;0,  0> +
        (-0.001713,-0.003405)|   0, 1, 1;0,  0;0,  0> +
        ( 0.000212,-0.000821)|   2, 0, 2;0,  0;0,  0> +
        (-0.000212, 0.000821)|   2, 2, 0;0,  0;0,  0> +
        (-0.000378, 0.000022)|   0, 0, 4;0,  0;0,  0> +
        ( 0.000267, 0.000238)|   1, 2, 0;0,  0;0,  0> +
        ( 0.000018, 0.000357)|   0, 0, 3;0,  0;0,  0> +
        (-0.000266,-0.000238)|   1, 0, 2;0,  0;0,  0> +
         ...
 |14> = ( 0.999907,-0.013275)|   8, 0, 0;0,  0;0,  0> +
        (-0.000928, 0.001893)|   2, 1, 1;0,  0;0,  0> +
        ( 0.000021,-0.001182)|   1, 2, 1;0,  0;0,  0> +
        (-0.000745, 0.000005)|   2, 3, 0;0,  0;0,  0> +
        ( 0.000581, 0.000038)|   1, 3, 0;0,  0;0,  0> +
        ( 0.000491, 0.000040)|   0, 1, 2;0,  0;0,  0> +
        ( 0.000435, 0.000002)|   3, 0, 4;0,  0;0,  0> +
        ( 0.000026,-0.000426)|   0, 2, 1;0,  0;0,  0> +
        ( 0.000003, 0.000375)|   2, 2, 1;0,  0;0,  0> +
        ( 0.000371, 0.000019)|   4, 0, 2;0,  0;0,  0> +
        (-0.000105, 0.000353)|   0, 0, 5;0,  0;0,  0> +
        (-0.000367,-0.000019)|   4, 2, 0;0,  0;0,  0> +
        (-0.000367,-0.000000)|   4, 4, 0;0,  0;0,  0> +
        ( 0.000340,-0.000006)|   3, 4, 0;0,  0;0,  0> +
        (-0.000334,-0.000002)|   4, 0, 4;0,  0;0,  0> +
        ( 0.000006,-0.000333)|   0, 0, 3;0,  0;0,  0> +
         ...
 |15> = (-0.996592,-0.005171)|   3, 1, 0;0,  0;0,  0> +
        (-0.006034, 0.082037)|   3, 0, 1;0,  0;0,  0> +
        (-0.002816,-0.000035)|   6, 0, 0;0,  0;0,  0> +
        (-0.000692,-0.000009)|   3, 2, 0;0,  0;0,  0> +
        ( 0.000561, 0.000009)|   3, 0, 2;0,  0;0,  0> +
        (-0.000399,-0.000011)|   1, 4, 0;0,  0;0,  0> +
        (-0.000355,-0.000015)|   0, 1, 2;0,  0;0,  0> +
        ( 0.000340, 0.000004)|   1, 2, 2;0,  0;0,  0> +
        ( 0.000323,-0.000020)|   0, 0, 4;0,  0;0,  0> +
        (-0.000323, 0.000020)|   0, 4, 0;0,  0;0,  0> +
         ...
 |16> = (-0.004979, 0.996593)|   3, 0, 1;0,  0;0,  0> +
        ( 0.082086,-0.005198)|   3, 1, 0;0,  0;0,  0> +
        ( 0.002985,-0.000070)|   6, 0, 0;0,  0;0,  0> +
        ( 0.000692, 0.000019)|   3, 0, 2;0,  0;0,  0> +
        (-0.000534,-0.000019)|   3, 2, 0;0,  0;0,  0> +
        ( 0.000382, 0.000004)|   1, 2, 2;0,  0;0,  0> +
        ( 0.000372,-0.000000)|   1, 3, 0;0,  0;0,  0> +
        ( 0.000002, 0.000367)|   1, 0, 3;0,  0;0,  0> +
        ( 0.000028, 0.000348)|   0, 0, 3;0,  0;0,  0> +
        (-0.000320, 0.000018)|   0, 3, 0;0,  0;0,  0> +
         ...
 |17> = ( 0.999839, 0.003608)|   9, 0, 0;0,  0;0,  0> +
        ( 0.014836, 0.004999)|   5, 1, 0;0,  0;0,  0> +
        (-0.001662, 0.007202)|   5, 0, 1;0,  0;0,  0> +
        ( 0.000125,-0.001862)|   3, 1, 1;0,  0;0,  0> +
        ( 0.000013, 0.001388)|   2, 0, 3;0,  0;0,  0> +
        (-0.000017,-0.000757)|   2, 2, 1;0,  0;0,  0> +
        (-0.000032, 0.000689)|   1, 2, 1;0,  0;0,  0> +
        (-0.000669, 0.000012)|   5, 2, 0;0,  0;0,  0> +
        (-0.000605,-0.000247)|   5, 0, 2;0,  0;0,  0> +
        (-0.000647, 0.000018)|   2, 3, 0;0,  0;0,  0> +
        (-0.000586,-0.000057)|   1, 1, 2;0,  0;0,  0> +
        ( 0.000075,-0.000582)|   1, 0, 3;0,  0;0,  0> +
        ( 0.000525, 0.000090)|   1, 3, 0;0,  0;0,  0> +
        (-0.000525,-0.000026)|   2, 1, 2;0,  0;0,  0> +
        ( 0.000366, 0.000003)|   1, 5, 0;0,  0;0,  0> +
        ( 0.000002, 0.000353)|   0, 0, 5;0,  0;0,  0> +
        (-0.000102,-0.000311)|   0, 3, 1;0,  0;0,  0> +
        (-0.000322,-0.000011)|   0, 5, 0;0,  0;0,  0> +
         ...
 |18> = (-0.763217, 0.001958)|   4, 1, 0;0,  0;0,  0> +
        (-0.000635,-0.646137)|   4, 0, 1;0,  0;0,  0> +
        (-0.000880, 0.000004)|   7, 0, 0;0,  0;0,  0> +
        (-0.000332, 0.000002)|   3, 4, 0;0,  0;0,  0> +
         ...
 |19> = ( 0.006511, 0.763188)|   4, 0, 1;0,  0;0,  0> +
        (-0.646102, 0.006535)|   4, 1, 0;0,  0;0,  0> +
        (-0.000132,-0.002851)|   1, 1, 1;0,  0;0,  0> +
        (-0.000860,-0.000049)|   1, 3, 0;0,  0;0,  0> +
        ( 0.000821, 0.000035)|   4, 0, 2;0,  0;0,  0> +
        (-0.000698,-0.000035)|   4, 2, 0;0,  0;0,  0> +
        (-0.000026, 0.000650)|   1, 2, 1;0,  0;0,  0> +
        ( 0.000017,-0.000522)|   0, 0, 5;0,  0;0,  0> +
         ...
 |20> = (-0.442139,-0.896772)|   0, 1, 1;0,  0;0,  0> +
        (-0.006855,-0.010001)|   0, 0, 2;0,  0;0,  0> +
        ( 0.006855, 0.010001)|   0, 2, 0;0,  0;0,  0> +
        ( 0.000907,-0.002617)|   2, 1, 0;0,  0;0,  0> +
        (-0.002635,-0.000289)|   2, 0, 1;0,  0;0,  0> +
        ( 0.000687,-0.000056)|   0, 3, 0;0,  0;0,  0> +
        (-0.000475,-0.000438)|   1, 0, 2;0,  0;0,  0> +
        ( 0.000475, 0.000437)|   1, 2, 0;0,  0;0,  0> +
        (-0.000074, 0.000593)|   0, 0, 3;0,  0;0,  0> +
        ( 0.000029, 0.000439)|   0, 2, 1;0,  0;0,  0> +
        ( 0.000324, 0.000001)|   0, 1, 2;0,  0;0,  0> +
         ...
 |21> = ( 0.859672, 0.289432)|   5, 1, 0;0,  0;0,  0> +
        (-0.096221, 0.409427)|   5, 0, 1;0,  0;0,  0> +
        (-0.017309,-0.000071)|   9, 0, 0;0,  0;0,  0> +
        (-0.000633, 0.000720)|   1, 0, 3;0,  0;0,  0> +
        (-0.000062, 0.000672)|   3, 1, 1;0,  0;0,  0> +
        ( 0.000191,-0.000617)|   1, 1, 2;0,  0;0,  0> +
        (-0.000522,-0.000305)|   1, 3, 0;0,  0;0,  0> +
        (-0.000526,-0.000193)|   0, 3, 2;0,  0;0,  0> +
        (-0.000489,-0.000234)|   0, 1, 3;0,  0;0,  0> +
        (-0.000047,-0.000539)|   1, 2, 1;0,  0;0,  0> +
        ( 0.000006, 0.000532)|   3, 0, 3;0,  0;0,  0> +
        ( 0.000459,-0.000005)|   3, 3, 0;0,  0;0,  0> +
        ( 0.000361, 0.000143)|   0, 5, 0;0,  0;0,  0> +
        (-0.000184,-0.000328)|   0, 3, 1;0,  0;0,  0> +
        ( 0.000025, 0.000370)|   2, 2, 1;0,  0;0,  0> +
        ( 0.000330,-0.000001)|   3, 2, 2;0,  0;0,  0> +
        ( 0.000018,-0.000320)|   0, 4, 1;0,  0;0,  0> +
         ...
 |22> = (-0.005568,-0.907202)|   5, 0, 1;0,  0;0,  0> +
        ( 0.419026, 0.036884)|   5, 1, 0;0,  0;0,  0> +
        (-0.000990, 0.002007)|   2, 1, 1;0,  0;0,  0> +
        (-0.000040, 0.001426)|   1, 2, 1;0,  0;0,  0> +
        ( 0.000213,-0.000827)|   1, 0, 3;0,  0;0,  0> +
        ( 0.000779,-0.000000)|   3, 2, 2;0,  0;0,  0> +
        (-0.000561, 0.000007)|   2, 3, 0;0,  0;0,  0> +
        (-0.000533, 0.000096)|   1, 1, 2;0,  0;0,  0> +
        ( 0.000012, 0.000457)|   2, 0, 3;0,  0;0,  0> +
        ( 0.000412, 0.000011)|   3, 4, 0;0,  0;0,  0> +
        ( 0.000312, 0.000135)|   1, 3, 0;0,  0;0,  0> +
        (-0.000011, 0.000336)|   2, 2, 1;0,  0;0,  0> +
        (-0.000325,-0.000048)|   2, 4, 0;0,  0;0,  0> +
         ...
 |23> = ( 0.440426,-0.897782)|  10, 0, 0;0,  0;0,  0> +
        ( 0.001357, 0.000053)|   2, 1, 2;0,  0;0,  0> +
        ( 0.001099, 0.000724)|   1, 1, 3;0,  0;0,  0> +
        (-0.000068,-0.001064)|   4, 1, 1;0,  0;0,  0> +
        ( 0.000003, 0.001049)|   3, 0, 3;0,  0;0,  0> +
        (-0.000002,-0.000989)|   2, 2, 1;0,  0;0,  0> +
        (-0.000824, 0.000123)|   5, 0, 2;0,  0;0,  0> +
        ( 0.000639, 0.000463)|   0, 1, 3;0,  0;0,  0> +
        ( 0.000591,-0.000459)|   5, 2, 0;0,  0;0,  0> +
        ( 0.000658, 0.000005)|   3, 1, 2;0,  0;0,  0> +
        ( 0.000346,-0.000520)|   3, 4, 0;0,  0;0,  0> +
        (-0.000374, 0.000409)|   3, 0, 4;0,  0;0,  0> +
        (-0.000433,-0.000006)|   4, 2, 2;0,  0;0,  0> +
        (-0.000406, 0.000041)|   4, 4, 0;0,  0;0,  0> +
         ...
 |24> = ( 0.707106,-0.000000)|   0, 2, 0;0,  0;0,  0> +
        ( 0.707106, 0.000000)|   0, 0, 2;0,  0;0,  0> +
         ...
